-62.2365 7.19993 4.85213 5.43182 0.68736 11.6743 8.02413 9.49725 8.27871 0.0253426 5.01881
-74.0017 3.94124 1.86569 6.32807 1.08171 11.1228 5.24133 11.5117 7.79645 0.0208155 3.50075
-72.6604 7.26213 0.258399 9.92779 1.02365 15.9147 5.27276 21.6849 7.01555 0.0139057 6.63274
-17.9782 2.01481 1.71256 7.68956 0.692332 9.18142 5.63693 1.18978 23.1912 0.0197322 6.27613
-54.5899 6.06859 2.55947 9.00569 1.4373 13.1636 1.00627 9.74033 12.4476 0.0288653 5.78509
-31.8283 2.21404 2.53417 0.0305688 2.88829 0.265529 7.11796 6.57413 3.13636 0.0392112 6.00546
-53.0055 0.559025 13.6229 3.03223 0.839114 2.45083 4.74208 34.7998 8.48929 0.0182638 6.82763
-62.9253 6.15312 5.67471 4.33842 1.74627 5.31926 3.7136 16.475 26.0287 0.169502 7.33391
-73.8985 3.45919 3.11 4.55382 0.36175 4.45627 22.0333 19.0948 24.9668 0.143326 8.76783
-67.7242 0.239351 14.908 5.40733 3.55462 6.29247 23.3823 18.5169 2.88303 0.0466237 9.49597
-49.2584 0.849452 6.07097 6.24681 4.68829 4.02524 1.80314 4.13271 2.44938 0.0797189 4.87366
-55.3429 0.903681 0.952289 3.73786 4.69286 5.10075 22.7889 30.4751 10.0045 0.02877 7.10328
-61.2558 1.20178 0.339807 2.08206 1.06459 16.4838 13.4897 10.2866 6.88823 0.0176795 5.41805
-65.6439 4.2793 6.85181 14.0055 7.47817 5.59783 9.25894 12.6571 13.4976 0.0280314 7.37927
-70.0176 1.18673 17.4777 13.8927 0.987838 6.81551 2.36835 16.3148 48.2578 0.00811377 11.1023
-9.08539 1.35798 4.60029 2.16231 1.43849 9.08393 5.55897 0.934532 12.8165 0.0185238 5.21389
-69.6429 8.38258 4.86783 4.94509 1.52833 8.54379 3.90767 26.6169 5.41831 0.0147814 4.81687
-20.528 5.4823 1.54908 9.09915 2.89257 3.39351 14.7771 22.2977 16.858 0.00158347 6.58563
-59.1134 1.806 4.46528 2.82562 5.79714 11.5586 20.6221 1.11959 17.4722 0.00158347 5.1132
-74.4767 2.62572 2.11265 10.9362 4.99696 6.8548 6.74843 12.5756 17.7878 0.0109287 4.02557
-74.4161 1.6622 1.25775 12.5076 1.29589 6.75783 11.2094 8.99138 20.1916 0.0376016 5.50063
-74.7565 6.10029 4.56657 13.7712 0.911385 4.76054 3.90609 9.7252 32.0559 0.11137 7.97105
-74.4301 2.32649 2.9867 3.45078 14.3007 3.43881 5.45161 9.6659 11.7862 0.0344918 4.21561
-73.4758 1.8164 4.45034 2.12028 14.2592 6.60581 4.82839 15.7317 6.89906 0.0108895 3.98014
-62.0377 1.08102 3.29589 1.74446 13.0843 3.07111 10.5094 13.6057 6.32249 0.0116406 4.0614
-62.0448 1.28293 1.55964 11.4809 2.90435 4.28226 4.78706 8.15402 7.78115 0.0684461 4.59901
-49.4811 10.1363 0.983779 7.66804 9.7813 2.63786 11.2485 9.49648 2.69999 0.0362291 7.01365
-59.5891 13.6828 0.506977 8.88154 7.03491 5.21963 9.67207 3.94669 4.62783 0.0763084 7.93988
-19.306 1.39674 3.91116 0.642048 5.01795 8.42452 0.508144 12.5048 13.0376 0.0371269 5.91932
-64.0277 0.285823 9.47839 4.35601 3.60976 11.0829 0.317841 16.6737 16.6231 0.0656438 7.48451
-45.2528 3.2392 0.884399 0.292306 4.62203 7.71356 33.1666 5.70578 79.9005 0.00163269 12.3884
-62.3536 3.41508 6.46898 2.20791 5.77764 6.01326 10.6548 15.1304 7.59013 0.106117 5.72506
-52.7531 4.99929 0.152144 6.89248 6.42507 1.06734 12.865 32.8933 22.79 0.0990141 9.85708
-53.4748 4.76624 1.3044 0.909174 4.14896 3.77276 0.406292 15.9274 21.0864 0.0420416 5.50435
-33.8052 16.9657 0.571152 4.31128 4.93208 0.735301 4.72345 9.01081 9.13657 0.137294 9.0457
-70.1578 9.91656 1.42079 3.42386 2.3105 2.56225 19.7356 18.5343 4.98839 0.00972481 4.7809
-71.4585 13.1951 1.74562 3.38893 1.16948 3.71362 17.0827 18.1904 32.8329 0.0750124 8.65943
-74.0009 5.60719 8.7903 2.08445 3.29501 4.80193 11.9781 17.4692 15.7936 0.0686637 5.88659
-67.8294 1.73429 16.9328 3.33321 2.58293 10.6602 13.3169 67.7935 20.1797 0.0319251 13.8283
-49.1019 9.33539 1.5656 2.3381 2.40868 14.9179 13.5602 9.25318 14.7307 0.0331573 6.95113
-45.6989 2.37472 2.63949 9.67399 3.8263 9.96214 15.4276 19.1982 11.949 0.0551934 7.76528
-63.7166 6.99333 2.1494 7.31826 8.68471 0.70318 0.17252 15.7219 21.6664 0.000340693 4.99742
-61.0851 7.47899 0.849548 1.50938 6.40233 2.42015 34.5303 9.2866 29.1917 0.0162935 8.59549
-59.2705 6.26391 7.70543 2.14138 2.76615 16.6745 9.99775 19.9246 40.8926 0.00271213 8.32302
-58.7664 5.26929 0.504012 0.757373 12.7756 10.9102 18.0865 4.9778 10.9368 0.00832865 6.51121
-67.3892 12.0652 4.27481 3.38868 12.4174 6.23544 2.51082 24.8322 14.4961 0.00643394 6.90166
-39.8131 2.56906 5.81727 1.11643 1.171 2.79779 4.56487 58.5719 20.3772 0.0291868 8.82383
-31.6436 3.97388 5.87489 10.4423 1.48155 4.04961 8.59217 16.215 20.3597 0.00812172 6.39132
-38.1971 4.72446 8.22429 5.49099 6.55863 2.99437 18.0138 2.16016 19.9665 0.0065982 6.88594
-53.2144 3.83511 1.48736 23.608 5.08395 2.20258 0.66118 20.6166 9.34031 0.0052853 8.14265
-46.8276 3.76176 5.93423 14.7468 5.15231 3.76524 8.42096 11.0943 6.24172 0.0800594 7.96648
-63.3494 3.54566 14.5242 7.18345 12.0799 3.6908 8.396 19.1041 5.99007 0.0881636 10.1151
-61.1424 5.40921 2.65205 9.14681 2.50065 1.76009 0.757624 36.8062 11.0553 0.215775 9.30714
-65.2797 5.16894 5.3646 13.72 0.741779 5.70948 9.10069 8.95045 22.4488 0.123464 8.3112
-64.9138 9.61873 3.31206 0.952745 5.9955 6.27458 12.804 1.99105 11.6018 0.040993 5.292
-65.0158 9.91123 0.23997 1.98805 4.24244 9.28377 3.73143 46.9463 16.5836 0.022237 8.28614
-63.6206 8.49183 2.60067 0.0473952 11.5033 6.5834 2.92779 2.67442 17.9161 0.00528019 5.57925
-71.333 0.949123 5.21315 4.09723 5.11669 7.54438 2.86443 2.12047 26.3919 0.00404216 3.38279
-71.2007 3.68799 5.6654 5.43406 7.20168 13.5037 0.855749 10.0432 15.9808 0.00197259 4.12111
-74.0289 3.44638 10.204 3.01125 5.83345 7.60917 3.52862 1.85678 1.89956 0.196959 6.48182
-60.1456 1.83431 7.49554 8.7269 1.16508 11.5173 1.83467 16.6039 6.89886 0.115204 7.16355
-74.7481 6.61453 13.717 0.413619 1.59292 8.82308 8.37394 3.54315 6.10917 0.00843706 4.86702
-71.6869 1.20467 14.0467 5.53316 0.674798 7.48112 6.6423 1.90378 4.04157 0.00910107 4.45431
-62.5673 2.86884 1.64908 3.51503 2.40278 2.14852 0.85428 10.6554 6.63074 0.00772649 2.41773
-52.2972 0.94578 5.11834 7.36839 5.87071 4.38036 0.889652 15.5773 9.3818 0.00568349 3.78048
-35.2575 9.86542 0.798684 4.16569 11.4155 7.15816 5.36593 4.82388 7.92079 0.000974204 5.32749
-26.8144 8.79084 3.74535 0.395878 7.26153 1.31909 14.2123 20.2764 4.91623 0.00176149 6.21169
-50.7184 4.81113 2.99993 1.19958 0.357399 6.37566 7.87453 32.0437 15.3584 0.00482079 5.23343
-60.1247 3.16266 5.85685 1.02511 2.38011 8.80528 13.3046 32.208 14.1555 0.0114627 5.89059
-50.3426 3.81707 1.57959 0.246291 0.860759 7.5399 2.7634 1.80658 45.3538 0.000878996 5.5534
-51.4242 4.25239 4.63675 2.79466 8.37186 0.901837 1.7775 0.738363 11.249 0.0100094 3.83217
-47.6108 3.76576 10.2178 0.734668 5.71517 3.71502 11.525 15.1098 61.559 0.0295336 10.139
-55.4327 4.56452 5.49943 11.104 5.73447 0.405003 25.8159 6.23116 18.9347 0.0149806 8.44852
-68.7471 1.55683 15.8652 6.03038 7.33558 3.29392 17.7049 1.63605 9.80384 0.00830941 6.91136
-64.3248 7.04652 17.7728 1.1683 6.63726 9.57101 3.72774 12.2164 4.6505 0.010327 7.58569
-73.299 2.00004 4.24491 0.138043 5.86152 3.03541 11.8476 9.43004 9.32444 0.0460352 4.70999
-46.4297 6.46688 6.98754 3.56965 1.06925 0.257134 9.42569 39.5771 3.49588 0.00217318 6.45875
-54.238 3.07996 1.45409 3.97464 9.93744 2.17855 2.43071 8.08084 4.13722 0.0216344 3.33727
-16.9591 0.646503 3.65363 3.11161 0.301727 0.776127 6.07066 6.47137 1.79656 0.00138159 3.58008
-44.929 0.500577 5.09423 7.4277 12.6038 4.89373 6.51913 23.6565 1.87106 0.00852766 6.5664
-68.051 9.86425 3.3628 5.6924 4.26535 4.40795 14.3472 2.09785 2.01791 0.00775415 4.18953
-67.0453 2.50993 3.94774 10.7204 2.85182 4.49428 23.0297 16.4781 11.4052 0.136953 8.60497
-29.4899 0.297527 2.18828 9.3444 5.045 7.70855 8.92297 26.4653 25.9992 0.08866 9.96905
-39.174 5.98164 1.89687 2.26756 1.85862 11.8394 1.81586 6.76072 17.7701 0.0168388 4.57914
-21.727 8.0602 1.43954 3.1148 1.85862 7.32462 1.08227 9.24165 18.4821 0.0410465 6.12176
-74.7407 1.311 7.39701 2.55142 0.792855 3.0579 3.30233 13.4293 18.5929 0.00607737 3.21085
-36.418 1.4881 5.67677 6.33161 11.2741 16.4527 3.65064 0.164534 14.1338 0.0154776 9.01681
-66.6866 1.87767 4.92673 4.23441 9.5063 12.1205 12.4059 6.26135 15.5833 2.25673e-06 3.33635
-59.466 0.997837 1.34551 3.30271 0.776245 11.8674 10.7373 5.24264 28.5708 2.25673e-06 3.30494
-24.7682 2.79726 1.317 2.59914 6.72139 8.48326 2.8699 20.9085 20.688 2.25673e-06 3.7126
-50.6315 1.49571 2.67016 6.01095 6.22535 17.6833 1.25415 5.61908 20.6486 0.0263044 6.31181
-73.017 12.6502 8.93193 0.472596 11.5178 12.4464 2.43607 5.13625 14.4971 0.00718963 7.84105
-71.1696 0.280474 9.51381 3.06846 2.4533 3.68498 8.82583 19.9527 11.8689 0.00718963 4.17264
-74.4112 0.0775252 3.6043 5.47198 2.08225 1.50837 1.57607 25.8805 13.2094 0.0416787 6.15537
-59.5602 1.91735 3.75349 16.9059 5.59641 3.29448 1.57607 23.6724 12.7894 0.0273909 6.98006
-69.1915 3.34132 2.38583 10.3588 3.53092 5.00552 1.71603 5.20681 9.07717 0.0077552 2.66427
-66.2498 2.11491 6.20358 7.27668 5.31049 5.88114 2.64105 1.02203 1.48814 0.0520744 4.61087
-50.9845 6.83174 7.17002 15.1312 5.12131 15.5675 1.06034 3.5811 6.68531 0.0231876 10.079
-57.5649 4.6541 0.77434 2.01578 6.51148 10.7922 1.88318 6.77619 18.0625 0.0221249 4.40624
-66.9035 8.19797 3.16733 4.45881 4.04829 15.2681 6.18229 6.24376 20.949 0.119756 7.41494
-32.8371 0.52933 6.57206 2.84469 2.07246 9.1405 17.5656 2.0305 4.33409 0.178394 8.52626
10.3159 3.89987 6.46203 1.01858 0.471933 7.69859 4.288 2.36407 15.4246 0.116503 8.73513
-57.4517 7.07107 0.55185 0.566872 19.5157 6.56131 8.60256 5.46461 18.4745 0.0378922 8.09492
-12.4882 1.48044 7.17106 11.2335 5.47344 6.42838 6.52237 6.02946 3.85103 0.00132173 6.37372
-39.4736 6.68247 5.90236 3.61481 4.80918 12.0895 13.8651 7.93515 2.24308 0.106908 8.52712
-24.0312 6.41608 2.79012 7.5624 7.90057 6.01261 16.6108 7.31339 9.9928 0.046303 8.55753
-66.7652 7.59858 4.3493 5.36265 1.68982 4.77956 1.13594 4.40415 18.8126 0.00307283 3.01212
-67.336 10.28 3.1239 7.69506 6.73977 0.921018 1.8224 26.3152 4.16997 0.00256944 4.92795
-63.0782 0.813544 4.38596 1.38634 0.632288 17.9597 9.63899 8.43392 6.55752 0.009039 4.5859
-67.0665 4.43113 4.304 1.57753 9.23545 3.20326 10.8014 9.04955 7.06947 0.0136844 3.30596
-64.531 4.97611 1.86519 6.32482 11.1183 3.69026 1.78607 2.30464 16.7937 0.00345696 3.49935
-62.2303 4.87984 2.09889 14.8713 8.14142 5.7682 5.4758 3.16345 18.4669 0.00149071 5.12594
-40.2947 0.215199 6.73102 10.4475 7.5331 3.74321 6.0404 12.5805 24.697 0.00495916 6.76232
-49.9845 10.6031 3.02965 1.01567 4.0505 1.60063 10.5289 7.06709 9.49222 0.0542768 5.28257
-68.9336 10.2219 2.23317 4.92629 7.48064 1.32549 16.35 34.5788 7.82665 0.130017 9.51463
-42.8503 10.8752 0.16037 2.24141 5.63337 0.157701 11.3527 3.76383 4.6254 0.0398046 6.92423
-71.0958 1.89434 5.61235 5.85913 8.74752 4.80077 3.26354 13.7695 3.50442 0.14396 5.77832
-58.8027 5.95832 3.38451 10.9061 4.15473 3.18851 0.919675 21.8235 12.5154 0.0939535 7.05327
-68.1873 3.92164 4.6194 2.58105 3.75102 7.56638 17.1856 13.8418 8.82669 0.0330066 4.71118
-71.9965 5.92344 0.874405 1.70853 6.28754 5.84057 13.7134 4.18059 20.252 0.035459 4.80708
-63.7463 1.77583 2.46349 2.57685 4.05066 4.42842 5.71196 1.91665 1.90761 0.0427343 3.22648
-41.818 2.31305 10.0386 2.95117 8.64738 3.60876 14.672 6.18473 3.98373 0.047047 6.66182
-27.6256 0.861474 5.61317 2.8275 0.43112 9.953 9.28512 3.45848 5.71877 0.023176 5.0727
-62.5555 1.33123 1.21012 6.84873 6.44998 2.36539 6.03878 7.48079 6.11035 0.037428 3.5382
-73.7883 6.24638 4.26692 4.62867 0.502589 3.90803 12.0448 4.07742 9.95538 0.0362083 3.99137
-57.8965 6.73615 6.57514 0.302146 8.8242 1.94149 6.87575 3.99334 11.7607 0.021781 4.82955
-65.1855 6.01623 6.35922 5.78951 7.60715 3.06245 3.47594 14.2443 14.6936 0.00819588 4.0465
-1.05297 1.60047 4.51703 4.88621 1.34063 4.56743 7.23258 8.98042 20.94 0.072122 7.05248
-41.4872 5.07304 7.66243 4.94315 2.1444 2.94982 1.8529 21.0956 5.41087 0.040038 5.48475
-53.0806 3.34843 0.488628 8.7824 3.18241 2.74192 5.24341 21.4729 2.63747 0.0449815 5.1855
-21.3772 0.375512 3.80803 7.3267 0.984007 9.15632 16.638 6.70961 7.76319 0.0106889 6.24062
-46.4755 8.08185 3.21706 0.85977 6.44294 5.13287 7.80501 1.08603 4.94216 0.0110431 4.10072
-43.519 7.76282 2.31275 1.65484 9.43617 6.93548 6.65279 8.36826 5.05859 0.029345 5.07419
-61.8899 2.46977 2.4672 1.9273 10.5811 8.23356 3.95927 8.99027 41.699 0.0263336 6.31948
-61.6114 3.18764 9.03925 4.21872 10.2066 6.60748 3.34783 3.61965 56.6845 0.00486668 7.74886
-38.8324 2.90612 0.978911 3.69482 7.31671 3.64111 3.56391 2.43029 36.3297 0.0691998 6.58433
-45.6358 6.90697 4.58176 2.62269 4.52319 5.90519 24.2655 26.4561 15.6835 0.129472 10.6222
-60.2758 4.23362 13.0655 4.31327 6.14483 2.4816 2.18249 6.0634 9.4963 0.134873 6.80099
-52.473 9.59708 6.93661 2.82427 6.36647 2.4816 2.18249 2.11467 5.02355 0.0890643 5.92302
-42.4577 0.597103 4.20853 1.14483 6.3125 17.9234 9.20536 9.50294 16.17 0.15554 9.15205
-40.7392 3.67404 5.77198 6.27477 7.40689 6.71204 2.86029 8.06588 10.5614 0.378038 9.70283
-70.0862 3.16942 1.04586 9.1393 7.6617 1.91079 6.3872 4.44032 2.62094 0.286144 7.09666
-69.4042 5.60672 1.32407 0.657553 7.66963 10.161 8.98502 6.70555 10.1075 0.165192 6.54151
-52.3244 4.0655 2.15064 1.57587 8.5641 7.77526 14.206 1.69622 7.21049 0.388137 9.59848
-41.9193 2.63801 0.442454 3.94244 1.73351 8.13822 4.46665 1.06162 4.06686 0.00195812 2.71886
-73.9968 2.15543 6.77744 4.50957 24.3303 4.21955 4.39499 3.52498 2.90429 0.0302309 7.151
-57.6622 0.501605 0.711941 5.20364 7.26009 0.195725 28.2426 5.74787 4.4419 0.0672137 8.06109
-57.8013 6.56427 0.450212 1.58097 4.27804 1.76869 15.2584 18.4686 7.26215 0.0335719 5.27325
-62.4653 15.1114 1.16494 1.84052 23.5475 1.71815 14.2916 11.5891 12.2558 0.20387 13.833
-66.662 15.823 1.99027 1.52123 9.27899 7.96468 3.685 8.53048 7.55305 0.254977 8.81998
-38.6184 6.475 4.25311 1.7388 7.18169 3.81946 1.09135 35.0087 4.73807 0.0634634 7.38554
-26.4955 1.52844 4.17079 7.4776 5.21177 9.43918 12.9738 17.955 6.09293 0.0301147 7.18395
-0.592603 0.206359 3.97768 2.50625 5.07523 7.1898 20.0729 3.73988 24.6298 0.0724896 9.8867
-55.1919 4.38422 1.95936 1.57707 4.94835 2.87789 11.6129 7.61756 19.5384 0.0851296 5.24413
-60.5514 0.560058 8.95483 3.63481 5.55457 12.0735 4.6295 25.2602 24.2514 0.0677376 8.33233
-10.9947 2.19533 7.63652 0.593005 6.98922 7.70299 13.6938 19.3557 32.2166 0.0711667 11.0423
-26.7629 0.858181 1.66987 10.4396 9.94756 5.32092 7.07394 20.278 10.233 0.0079791 6.64733
-49.8399 0.605322 5.56214 0.784814 7.33941 7.91592 0.295743 19.0864 19.7599 0.00274279 5.29831
-67.5799 1.77665 3.68893 11.5396 2.83552 15.0938 1.8587 15.3008 21.6475 0.00203976 5.25544
-38.6776 2.89016 2.84686 1.565 5.4908 14.9008 2.62565 2.98419 3.07553 0.00400464 3.64947
-61.3977 0.903655 10.2565 0.806886 6.32999 7.94555 0.761114 16.752 24.4189 0.0119724 5.97011
-50.2614 3.46953 1.03676 2.28773 4.17249 9.52951 1.67667 20.5962 20.4637 0.0124497 4.70526
-66.8077 2.09476 7.26332 2.40787 3.817 4.88137 1.70044 56.7482 7.50894 0.0663244 8.194
-73.9736 10.5986 1.18682 2.73446 9.07575 8.13695 2.1905 27.0837 11.9931 0.0865994 7.33037
-73.9736 12.0086 4.54289 4.76401 6.99708 2.27621 0.436697 25.4097 2.72099 0.0409988 6.63964
-65.8045 8.59032 3.58225 1.7136 11.601 7.6719 9.60832 3.70965 9.7791 0.0455105 5.82406
-69.5245 1.25055 6.13042 1.08775 5.4811 6.14597 0.633644 18.9092 15.7879 0.0401564 5.13517
-74.3669 1.25055 6.76539 1.35732 0.608439 4.82777 2.35429 16.2295 19.3666 0.0512749 5.17636
-59.1873 2.51397 0.961956 19.2412 6.54164 1.10489 2.6292 3.76385 34.3586 0.0694915 8.95473
-46.4676 1.96644 2.61938 6.88964 5.80768 9.40262 1.76991 6.62547 23.4192 0.0492491 5.73651
-31.6147 8.56324 2.26267 0.547058 0.348385 5.75735 5.01744 23.9525 34.8973 0.0819252 9.34581
-61.0469 1.43228 2.1177 2.44329 4.8795 6.89792 1.14239 12.3119 28.6373 0.0913715 6.08689
-42.4401 2.87383 5.45944 2.75103 21.8368 3.82566 11.3386 41.1874 7.34071 0.160241 14.2197
-45.9055 1.06401 2.49974 9.9269 16.2276 6.54937 7.20399 19.1596 12.4728 0.0206364 8.15103
-29.7375 4.77863 1.82901 1.27804 0.427633 7.76893 6.1716 21.5342 3.21602 0.00582267 4.45509
-62.2283 1.092 11.8193 5.40491 3.78805 2.62078 3.13851 28.1397 7.36066 0.0799802 6.84419
-63.3777 20.2345 3.658 2.88126 3.63583 3.26584 2.1902 12.3613 0.269207 0.109664 8.74265
-59.6482 15.8687 6.8802 3.35787 3.71058 3.7874 2.12369 13.0347 8.39671 0.0438878 6.85272
-55.5889 10.0058 6.32501 16.3715 7.60131 4.88729 4.82271 12.0216 17.0276 0.00326355 9.21186
-55.5901 8.07811 13.0203 1.40248 9.21061 5.36963 5.50492 5.00935 33.9284 0.0109691 8.29711
-72.5899 2.16591 4.80084 3.46322 2.61863 16.9885 8.00347 7.58635 33.8546 0.00118982 4.70655
-72.609 4.77563 2.72566 4.29319 2.39766 4.95895 21.348 33.7369 15.4015 0.150808 9.17726
-62.5255 1.39513 8.45613 0.349993 2.30743 1.9673 29.5548 24.3237 8.40214 0.0344896 8.10063
-67.8022 1.03086 8.48839 2.39522 6.33902 1.39452 30.3211 10.9456 10.6926 0.0129249 6.44703
-71.9576 10.0328 3.33691 3.92799 9.9525 1.83329 7.12266 22.7868 4.59769 0.0102283 4.87277
-72.0969 4.57655 3.07701 11.0558 5.05381 0.481167 0.0600686 13.362 15.4151 0.0398371 6.6828
-63.1026 3.31983 0.889502 4.00812 2.61264 3.95631 18.241 6.69264 12.383 0.0233198 4.06786
-36.2518 2.36531 3.28212 2.58236 14.0971 2.05793 4.38685 12.423 15.0958 0.00308693 4.34418
-67.3408 2.26704 4.02004 5.98374 6.10946 8.34429 10.5614 16.056 9.21496 0.00308693 3.3482
-52.7859 2.39315 8.07989 1.97922 8.60868 7.74993 21.0527 29.0768 4.45585 0.00287107 7.21839
-27.6454 0.660141 3.74953 7.28933 1.39709 7.88372 4.35496 22.0474 10.3187 0.00233311 4.56248
-24.729 0.875731 5.38762 3.9425 2.49434 0.199966 15.1685 21.1109 28.3845 0.0022444 6.83621
-42.7171 0.231306 1.6777 2.47565 8.68854 1.9724 29.0816 4.84597 0.201861 0.0151151 7.74056
-36.1189 1.69453 4.37127 4.6145 4.84326 0.738317 20.1984 1.69281 15.7859 0.304501 10.1221
-64.4074 0.605023 2.70023 5.91735 16.6101 2.89144 15.5633 12.2285 11.5595 0.332931 11.5479
-42.6874 3.66476 3.64205 2.34331 1.56267 14.2679 13.8606 0.880532 8.86966 0.197688 8.41973
-46.6796 2.11484 3.05322 3.80899 1.7634 9.20858 1.99669 6.42753 4.39956 0.0666595 4.18277
-17.3401 2.87365 5.86789 1.47769 2.69635 13.6599 18.9891 6.08389 23.5002 0.0324117 8.86972
-28.6793 3.37625 0.0805883 0.514062 2.3668 4.30638 8.51271 12.2951 2.73683 0.00114058 3.90171
-69.5315 5.01127 3.65811 12.3196 3.87033 1.65117 14.787 11.235 6.30801 0.184707 7.75125
-70.3847 1.30795 6.98664 4.63674 4.49047 10.0985 5.94377 16.8381 23.5634 0.155797 7.61747
-59.9292 14.3108 8.5417 2.87136 5.74803 6.6408 3.40241 12.5175 3.7923 0.314739 10.0289
-69.3065 8.25056 7.23931 2.63064 5.1841 5.26632 15.1754 4.52829 7.11877 0.187002 7.25285
-70.1323 6.20059 4.33631 1.02736 0.998638 7.87798 15.0805 20.0753 12.776 0.0010991 3.90153
-59.7023 3.62844 3.13047 1.46324 0.977368 2.09991 14.9683 18.3156 11.6238 0.0717911 5.55735
-70.8999 6.07298 1.67498 6.84265 6.60031 5.40413 10.4191 29.8067 3.82181 0.0212789 5.47843
-51.4908 5.45107 11.4189 3.56393 7.00165 6.38616 14.2913 29.8454 9.9568 0.0788312 10.1936
-56.0303 3.89212 8.33512 3.13183 10.8669 7.20163 4.00182 17.2332 9.60045 0.11457 7.56021
-73.2998 6.15566 8.93409 3.58791 8.38529 2.50501 23.5701 11.635 26.2895 0.0893854 9.38628
-59.6012 3.46018 12.9719 1.36898 2.85108 8.54764 14.4899 5.05065 19.8969 0.015838 6.23416
-59.2527 12.6524 1.97293 0.685914 2.29933 5.67692 15.1611 11.9452 1.61514 0.00694801 5.0772
-64.3661 3.41023 3.0878 2.93863 3.10807 0.581745 5.26259 8.60242 20.8712 0.00157101 2.46842
-68.2288 6.38566 4.64876 1.58672 2.72619 5.50877 10.2807 9.08332 5.93749 0.00901572 2.67653
-34.5293 9.43361 0.500372 8.12018 6.86234 5.03588 17.6584 2.3629 7.38863 0.0177543 7.84951
-71.6301 0.796872 0.377658 6.26195 4.3977 5.57096 22.7719 3.91493 24.4507 0.000349562 4.66435
-58.9196 6.35262 5.59225 7.10437 4.45126 6.75817 7.2037 24.9876 13.7218 0.0420944 6.59432
-64.8063 1.25959 15.8459 8.95089 2.18678 3.12594 5.9796 22.124 24.2255 0.0916486 9.46117
-68.1053 3.08432 4.04033 17.6654 0.707714 0.593361 12.1517 17.9755 8.53189 0.0236741 6.87973
-74.6449 1.08694 1.34497 5.78763 18.2161 0.381536 2.25998 11.184 23.0442 0.0156463 6.16174
-73.2376 6.72181 2.87607 0.40615 6.6533 1.60109 26.3259 10.1204 15.5687 0.0111072 5.82319
-41.4304 3.56081 3.1266 1.02345 5.25258 15.2186 9.34168 8.76536 52.5444 0.0151473 8.54577
-66.647 8.67194 2.3451 5.14033 4.86178 4.03606 0.552699 8.54106 60.198 0.0122723 7.65689
-30.67 4.7596 1.37758 14.6645 4.75336 5.02875 11.2422 12.7838 59.2098 0.00330325 10.6501
-28.7956 1.4879 0.715064 16.1347 5.29258 1.26456 15.0907 15.6911 39.2428 0.00476682 9.60781
-54.3323 0.909947 3.37374 9.55555 7.02932 4.87951 9.84595 15.8499 4.08735 0.00478716 4.17289
-55.4615 4.38945 3.2588 5.9007 2.57981 5.27977 38.0499 4.23573 10.2891 0.07188 9.03812
-61.4317 9.99494 6.92399 1.75313 0.876427 2.81448 10.5337 24.2315 25.1935 0.00907595 6.37798
-57.3098 6.37133 0.84571 4.12982 4.52971 1.75863 10.2165 23.5856 28.7382 0.00907595 5.59925
-45.4693 1.88443 2.41624 5.06673 10.7234 13.995 4.03762 58.3593 19.7306 0.0227371 11.0911
-58.3396 7.82239 10.96 2.89355 11.4863 3.30636 1.20786 5.00585 22.9559 0.0223261 7.35635
-65.8459 7.72245 10.3507 1.77619 8.0279 5.01146 1.41372 2.82923 2.23221 0.0528717 5.77664
-49.8168 7.26248 10.2536 4.41312 18.5534 5.32477 13.1571 8.24405 4.14691 0.340558 15.0508
-69.2127 1.40779 12.0514 0.538697 14.4508 0.607599 9.7075 15.1777 4.14691 0.129548 8.80168
-63.3237 7.95936 3.17058 5.04528 1.05025 5.5374 12.3093 1.14555 18.0764 0.105638 6.41429
-41.8338 3.66935 2.57473 6.31363 1.47336 6.0825 8.35166 25.2943 5.38404 0.0822048 6.30955
-46.8962 5.9436 0.434826 7.44277 2.35626 7.40773 1.40814 8.00519 1.46778 0.0232106 4.66098
-64.026 0.60611 4.91344 9.29972 11.7783 7.01778 1.14758 11.6745 6.12348 0.00389943 4.67284
-59.1617 1.88833 10.5048 7.47024 9.17589 1.19028 12.8346 14.4527 9.56401 0.00277466 5.61571
-35.6887 0.744467 7.4477 9.23503 3.67415 3.34972 4.3122 5.55562 14.1103 0.0238428 5.29325
-72.9894 14.5865 0.487784 6.86662 2.27341 3.28089 0.734223 12.0667 3.68939 0.221443 7.86071
-2.56729 0.817894 6.04961 4.15466 2.45264 6.98001 5.64205 6.41096 13.0434 0.0675526 6.71704
-41.4632 1.38623 7.24957 3.9267 2.01354 8.93759 3.68648 5.23557 19.7671 0.0210174 4.65034
-47.8637 2.09923 14.8545 3.39528 0.976046 2.37471 5.05526 11.7193 4.5949 0.0151644 5.01338
-49.2557 2.09935 7.16078 4.84177 4.49021 4.32293 13.8112 22.6214 41.8173 0.0102396 7.61158
-68.4016 3.5118 3.46277 11.8479 6.88406 2.33054 18.6744 2.29342 19.4988 0.000976269 4.96715
-69.0444 1.43952 6.27422 8.24696 6.5553 4.5615 8.90748 15.0503 8.74381 0.00791612 3.81541
-66.5912 5.35031 3.29544 2.70848 2.76165 9.11725 7.56892 5.90491 54.2175 0.0353137 7.08742
-66.2226 2.72003 0.999404 2.38825 6.30935 18.5458 7.76538 15.4343 13.3859 0.00443099 4.75921
-48.7271 0.633183 3.54608 3.14731 1.60955 0.152699 9.76431 1.66699 3.93725 0.110081 6.12357
-43.2747 7.61141 0.0606457 2.83726 2.77112 2.6657 8.84231 3.95599 13.0467 0.063684 6.01103
-66.3527 5.04161 1.25733 5.02542 14.3685 3.52385 11.8316 1.47094 36.7986 0.0391133 7.74151
-68.8963 2.16073 0.138211 2.10996 5.59137 4.36407 21.4156 11.0224 25.2748 0.0667027 7.46783
-73.6386 25.1541 0.22041 2.03857 0.685799 0.372587 19.1524 7.64681 45.7245 0.110821 13.9559
-71.2995 2.3287 0.509064 3.57082 4.41436 1.07966 33.1958 18.6344 13.1382 0.0503478 7.94303
-67.4822 3.15645 5.48952 8.90558 0.590656 2.35375 32.7945 20.0754 12.1447 0.0566232 9.20456
-52.4599 4.24463 5.27634 1.78083 1.21319 5.56716 10.8706 16.156 13.2081 0.158944 6.72572
-72.1619 14.9047 0.626719 2.30255 3.05082 8.72997 6.87809 4.00365 9.90782 0.0205868 4.88152
-66.0756 6.61286 0.626719 1.28034 4.91312 7.31631 8.14587 7.41564 9.1003 0.0205868 3.56526
-57.7392 5.19201 5.52871 3.61993 5.44849 10.2028 13.8066 13.7256 14.5832 0.022456 5.83522
-35.7725 3.87351 3.82043 4.33865 2.59533 1.32406 10.5842 12.5528 5.76291 0.106008 5.66184
-51.2368 6.90737 3.67865 0.35274 0.737085 1.32406 5.68673 1.97392 19.5229 0.258279 8.04444
-66.1831 10.0663 0.293361 4.17654 1.50663 13.6164 8.05236 15.8825 1.21007 0.113647 7.83528
-62.6077 8.75577 5.95154 2.8875 2.52794 12.8516 1.95754 10.3624 9.07102 0.0418256 5.42051
-66.8742 0.847104 7.30378 1.99278 2.1133 17.6217 8.03663 9.02928 4.48831 0.253473 8.44472
-57.756 3.40683 6.1441 2.63976 2.45186 22.2668 12.1975 2.02483 35.5579 0.0118951 8.33559
-57.4258 1.18453 7.90823 1.35236 2.46354 5.6705 13.9213 13.1709 14.3856 0.00664424 4.03281
-48.1049 4.30905 6.67966 2.7693 3.29691 1.33728 6.1513 23.6348 2.5642 0.0635846 5.55438
-42.7544 7.30148 5.67695 6.03145 3.64107 3.25313 16.0557 18.9379 5.35364 0.15356 8.87175
-28.971 11.3951 7.81724 3.59037 3.40731 0.748076 12.9415 16.1502 5.1392 0.0505675 8.86715
-74.7459 10.011 0.43659 10.318 2.0586 1.81976 14.5419 17.5068 9.90855 0.036304 6.45649
-73.9018 7.03235 1.02315 3.41185 3.37679 3.05038 8.95762 20.6537 8.74522 0.0718938 4.91957
-27.181 3.10406 3.17148 4.88977 4.08331 4.29966 7.99043 24.8404 10.3478 0.00540914 4.52371
-44.7755 5.87167 2.39581 8.44548 8.27297 6.48581 3.42369 18.1827 24.9353 0.00920101 6.45135
-4.53053 9.67283 3.76448 4.12431 0.598318 10.3971 5.00269 22.5827 16.721 0.0297084 9.55743
2.00454 2.4561 1.32075 2.69556 2.75013 3.44275 4.59668 11.07 1.0999 0.0144094 4.42692
9.55424 2.90334 1.32075 2.36484 1.02563 0.756153 5.02685 19.2214 16.5852 0.00312461 5.19471
-36.8705 1.46094 6.98368 7.04416 6.29572 15.9062 0.971482 0.791166 11.7544 0.00228464 6.49018
-64.2579 5.65329 0.475665 4.69342 5.18474 4.54082 11.3874 10.3038 30.2526 0.00379008 4.51478
-49.9191 11.672 1.77368 3.4667 4.78382 10.2296 22.0405 10.3038 9.09354 0.00310548 7.02343
-55.7122 3.95312 7.45087 1.70586 9.94366 0.297732 12.0798 4.01651 0.569947 0.0201022 5.77435
13.0334 1.63888 3.67054 4.53529 0.832387 8.44218 8.31816 3.51639 20.2007 0.0299306 7.29403
-33.5364 3.34218 4.06112 3.8098 7.07865 2.41449 12.5315 12.1027 11.6757 0.0169912 4.80629
-73.8798 12.1069 1.96409 7.50003 2.23631 1.58 6.16589 1.74252 10.8578 0.125959 5.98863
-72.8138 6.63903 6.26667 0.655787 1.82916 1.78426 9.93541 5.2767 19.1391 0.0236622 4.17072
-41.7697 0.62474 0.755364 2.30233 16.4534 1.8678 3.28078 3.67953 7.49743 0.0373509 5.52085
-59.0515 3.4174 12.8334 2.67841 8.50806 3.81471 4.38469 2.04141 14.4168 0.0926454 6.80598
-54.1858 0.916507 11.986 5.28038 0.570433 6.36358 7.15584 35.6942 22.2642 0.0422026 8.8947
-28.0219 2.09136 7.42689 3.17669 0.393786 8.9844 5.70963 19.2055 33.0013 0.0979166 9.25006
-53.6588 3.8828 19.3343 8.56916 3.09883 2.06841 5.05625 2.68515 14.9611 0.0652716 9.37065
-72.3866 0.84629 5.20871 8.95668 3.83554 1.43815 4.45452 8.19987 21.4987 0.0230033 4.20838
-40.5573 0.330415 12.2612 6.81656 8.79781 13.1832 10.651 2.0674 11.622 0.0263821 10.0018
-45.2146 8.0448 1.52462 2.39759 11.3242 2.64154 2.24619 9.89179 23.854 0.123731 7.5839
-56.2224 4.95972 1.85064 3.55941 2.96331 2.56475 0.996217 32.1815 13.6977 0.0820125 6.38348
-61.5013 7.83205 1.89654 4.41341 1.81404 14.0985 19.5728 18.7999 1.79249 0.0232447 7.28325
-65.9603 13.7933 5.95162 8.37681 3.27697 1.03975 1.74558 15.9051 0.0737703 0.000813659 6.64834
-64.0457 6.00026 7.61473 0.0642942 1.29687 0.830278 13.6693 13.7477 4.3279 0.158969 8.05724
-50.3531 12.9081 1.45194 0.536805 14.0851 2.37267 2.67624 27.875 1.63142 0.0494318 8.96309
-65.1422 3.19318 10.5038 5.573 5.28366 6.39983 2.61723 10.8669 2.34653 0.0605741 5.34255
-64.8769 6.96831 2.45833 1.44518 6.3853 9.93182 14.2833 9.42051 16.6201 0.0378697 5.698
-60.7175 8.39788 4.27845 5.282 1.99718 5.06767 15.6177 8.04574 11.7814 0.0382978 5.36246
-59.6517 1.04027 2.34246 4.39514 3.70757 15.9456 4.01974 15.8548 8.94024 0.00703265 3.98059
-40.0822 6.99495 0.634239 3.41477 7.93744 7.37541 3.01646 9.61227 15.6962 0.0652121 6.1721
-61.2563 5.77753 7.54261 5.01214 0.51421 11.5773 3.51632 12.8285 47.5107 0.0692272 9.2341
-69.5527 4.34887 10.679 5.69638 3.37372 9.85645 3.96468 59.3388 37.7574 0.0214232 11.5753
-73.075 2.93453 5.40158 5.97396 4.15701 28.0649 26.18 9.47797 30.0117 0.12382 14.9834
-69.4919 12.2014 3.20349 3.35272 2.07611 22.6994 8.69624 11.9525 3.51156 0.118728 9.42898
-71.7351 6.42402 3.98853 4.36412 1.71708 10.3129 30.2469 20.7992 13.1076 0.081283 9.53771
-60.4404 3.94041 4.53586 4.02485 3.26984 4.11518 26.5545 4.93656 18.881 0.0176286 5.70045
-39.9315 0.773015 1.78071 3.09809 0.136419 13.6822 1.65961 18.1517 13.48 5.8211e-05 4.26818
-45.3395 1.9618 0.649372 7.95614 20.0872 11.9716 17.5769 4.40319 17.5268 0.00817968 10.6576
-33.4231 2.72501 1.51078 4.85715 10.0047 6.96826 6.79526 17.0551 9.85431 0.0847863 6.90028
-51.6833 9.50652 1.45434 0.364003 10.5548 4.73528 20.854 6.64987 11.3426 0.0420072 7.83758
-72.5162 3.6051 10.3651 3.94086 7.48235 3.64897 5.08763 12.2963 16.8342 0.0132724 4.26273
-67.2186 5.96934 7.01095 9.41019 4.39945 0.947272 4.77069 0.860617 25.5952 0.00327758 4.9406
-70.3135 10.9139 6.44094 0.854271 6.0708 10.655 3.11571 11.5073 20.9483 0.00776246 5.58335
-59.6703 4.22987 3.23505 1.158 7.1706 5.25651 6.8698 9.65216 13.7434 0.00393026 2.6529
-68.8995 7.19645 3.95127 4.56788 4.21487 4.41013 8.28 16.0634 12.1932 8.15443e-05 2.10065
-54.103 0.952401 1.98349 1.73338 2.24006 8.56714 11.9274 7.68058 7.15769 3.71256e-05 1.68164
-52.1662 12.7088 0.689827 8.43656 12.4222 13.7903 2.35944 7.21343 28.403 0.003334 10.2234
-51.2824 1.87987 0.377633 1.4856 1.69926 1.41993 2.35944 12.1885 25.3619 0.00125738 3.77353
13.9691 2.5269 2.53967 0.55484 8.7938 2.02633 1.89388 2.90156 9.77697 0.00171656 4.84071
33.3879 1.0516 2.72018 1.68477 8.71665 5.23083 3.25321 11.4263 6.5772 0.00146797 6.04692
-25.0465 5.91453 3.04263 6.85726 5.71309 3.77411 3.18924 7.70474 7.43016 0.0359643 5.28512
-47.7538 4.00685 3.32535 0.0607893 7.49275 1.96996 16.4854 10.5486 9.97576 0.039817 6.37994
-67.2907 4.00685 3.9924 2.96651 2.9018 1.5983 2.27648 15.8289 15.4984 0.0250172 3.54418
-48.283 2.58783 2.00291 2.78439 4.51898 2.44026 9.85989 12.7017 40.832 0.0108224 5.35249
-66.8385 1.43345 0.799087 6.0375 1.58566 1.83026 11.2285 0.739942 26.3998 0.0128027 4.80046
-68.6305 1.68822 6.68207 6.78834 6.74042 18.2557 17.4157 8.16075 14.8282 0.0114576 7.66409
-20.0319 4.00178 7.71236 4.34854 4.77373 7.12664 9.15083 26.884 27.3244 0.0125703 8.66328
-7.54941 0.663988 3.01672 4.35151 1.30256 3.35627 13.3745 15.5003 13.1015 0.0137355 5.5539
-68.6678 8.34974 0.0400696 9.94149 3.80689 0.459617 16.4497 8.2818 49.3898 0.0425393 10.7383
-72.9037 6.41996 0.674422 8.29252 5.87302 8.20928 10.9439 7.13127 10.0091 0.0365955 5.05965
-46.5141 5.68019 2.50191 1.54151 4.88327 8.97059 12.5282 5.7636 40.526 0.109669 8.54456
-37.6979 0.451261 2.71683 20.4876 2.38859 26.188 13.0032 24.4972 45.1167 0.00673258 17.7589
-74.9532 1.88531 2.53133 18.9289 2.07981 5.36229 13.074 13.9384 40.0366 0.0119802 8.13157
-70.5453 2.56314 2.33975 12.6047 2.08549 5.99025 24.7748 16.275 16.954 0.0271692 7.42939
-70.5453 0.171783 2.42561 11.9935 2.02789 3.53236 25.767 24.3399 14.5599 0.120473 10.3251
-64.6694 6.06193 6.23108 2.34406 5.29071 2.3768 6.91167 26.4741 12.8203 0.0885965 6.25747
-74.2003 14.3876 5.57999 2.40225 17.3451 1.55237 7.75768 6.03252 20.9184 3.3248e-05 6.62925
-59.1063 12.0561 5.65752 10.4766 10.8881 5.52753 2.99152 16.9439 12.2941 3.3248e-05 7.36107
-58.8369 8.11798 3.82186 13.5397 3.51286 5.52753 0.858164 4.20392 13.0124 0.0386112 6.50997
-56.4537 9.11368 8.11957 0.399477 9.0005 15.3933 10.9349 6.47578 22.9431 0.0266094 9.72179
-39.2114 11.1482 6.20153 4.47977 4.049 4.27609 0.632573 9.84892 21.5994 0.00623907 6.38529
-55.262 8.43462 8.9453 4.23757 6.38484 14.346 2.9715 8.62126 24.0218 0.126358 10.0855
-64.2724 3.36181 10.3072 8.16325 6.286 6.36138 10.5302 10.0583 50.9411 0.00440441 8.34867
-61.7424 3.00692 4.49602 10.9373 2.77885 9.44036 2.49253 10.1802 11.4873 0.0435437 5.16976
-56.7736 2.72883 3.48442 1.43908 8.3979 2.94107 2.60869 16.5049 41.3569 0.00892342 5.55237
-67.2618 2.49545 9.9296 3.32665 1.97826 5.55768 3.76355 23.0654 8.50262 0.0119713 3.96788
-45.3549 8.17378 5.16229 2.4068 6.44892 4.41298 3.54739 6.79838 38.2549 0.00751496 5.91405
-38.858 8.87212 3.15175 3.26601 2.43082 5.28588 12.1551 12.8632 31.2494 0.038582 7.25855
-56.7671 7.08655 1.48188 5.93234 3.53374 3.54614 25.2442 8.90771 9.10353 0.0189322 5.81736
-54.1683 8.01171 0.984845 6.23542 5.01937 2.47526 6.45308 13.5557 15.7907 0.158529 6.92555
-74.0154 1.16125 1.90021 19.0774 8.55347 7.97481 7.26953 25.6908 11.332 0.143693 10.7029
-69.1582 1.76851 10.1514 6.29767 13.2268 2.4285 3.7035 21.1877 25.8075 0.0561984 8.31167
-38.295 0.317398 7.66767 0.818321 7.53446 3.26824 7.09057 19.801 15.6768 0.0648032 7.13837
-66.6683 3.76894 3.29593 4.98453 2.83188 3.47136 8.84756 11.3514 18.6991 0.0033418 2.56068
-69.7936 11.628 4.68081 8.82214 9.08661 0.896155 16.704 4.88677 3.63263 0.011144 7.02249
-69.3398 3.2433 3.36192 8.02394 3.78263 1.08362 0.887358 6.74742 3.21216 0.0170343 3.07933
-43.8952 3.63483 1.92165 8.67818 0.7455 10.2708 8.02771 50.8258 1.90091 0.0374402 9.30436
-48.5734 3.97098 3.45854 1.13384 0.518302 9.47873 4.7137 26.2394 15.0509 0.0911519 6.96402
-17.0798 9.04159 4.06681 1.57758 7.10101 4.57564 0.550847 6.50341 16.6457 0.0671663 7.71784
-68.5241 7.77107 3.53735 2.26554 6.83159 2.34612 7.93001 15.23 8.47806 0.0135007 3.47568
-40.5769 2.33003 1.226 4.60304 0.456228 5.27279 7.23622 17.934 36.0776 0.0392952 6.88084
-51.7136 5.14591 5.59367 3.42134 2.04514 2.25147 18.2257 21.0088 15.1545 0.00708379 5.1885
-74.2347 6.43412 1.73842 4.88516 1.43425 7.61331 6.83972 3.60345 20.8739 0.00878107 3.25006
-72.8579 3.12334 2.52248 3.81502 5.46952 3.39776 5.39082 6.63546 44.3816 0.00822454 4.53979
-61.7428 2.7998 10.2153 2.37177 0.0759826 10.3285 9.71495 15.9007 26.952 0.016319 7.3157
-70.1832 2.92527 6.15955 0.869752 1.49973 6.21981 11.9982 22.7849 10.1371 0.255161 8.2032
-35.8921 2.54681 7.84187 9.59776 6.89617 3.17963 10.009 12.7817 55.5753 0.110123 12.4148
-72.406 4.33085 7.61836 2.63853 3.63479 2.1083 0.784006 12.7946 4.56513 0.0696364 4.38176
-67.9373 26.1239 4.69546 2.01893 9.13055 1.92602 19.0235 2.1435 15.1569 0.0127179 12.2549
-69.6945 1.24991 7.30175 7.28237 2.08102 7.91862 3.07593 18.9788 29.0861 0.00510738 4.92676
-69.6751 6.14449 0.971851 1.43784 23.0498 6.99706 10.7748 10.0142 29.6308 0.0302733 9.26444
-69.8679 1.40953 2.65662 3.10092 16.2919 2.41499 17.8826 12.1387 8.25987 0.0142167 5.46179
-61.2354 1.10163 3.3786 4.33581 1.99457 2.89979 21.7673 8.8575 3.82218 0.0066033 3.59652
-34.8315 0.596471 3.81151 3.45153 1.50328 18.9574 2.81134 3.48358 30.8991 0.000443197 5.54204
-53.5894 4.4313 4.36109 2.00262 7.17116 3.15943 16.4498 4.31914 12.0985 0.0161172 4.26816
-51.8058 13.4709 4.09351 3.04145 5.4311 5.06075 7.08566 2.3686 17.9034 0.00793087 5.56489
-43.1888 6.26747 4.06874 5.64853 2.39704 5.84039 1.30267 6.06 3.58984 0.0863359 5.1796
-68.8215 1.85721 5.3223 8.98888 2.90339 8.34042 7.10544 6.77712 4.90972 0.0968162 5.13396
-66.9019 8.25025 0.695713 2.00879 7.42379 26.2775 6.148 4.60386 5.06148 0.0953372 9.04704
-33.7986 6.98742 6.97049 8.77377 3.60592 2.44388 5.08287 12.2503 5.08598 0.00626595 5.42137
-51.0705 1.59092 7.69986 0.677846 9.00126 10.4405 19.0744 7.91076 14.8756 0.00757177 6.65535
-59.8599 2.00653 6.53109 2.20853 11.1297 14.3828 8.56278 7.79616 7.895 0.0366318 6.33888
-65.9193 1.30322 9.73351 5.53801 5.44457 6.46779 3.45911 25.3328 10.9555 0.00883085 4.82328
-72.2499 2.36613 8.14615 3.29145 1.49119 3.66899 1.51342 20.3523 22.0163 0.0182556 4.54645
-71.2111 3.93833 14.4386 0.784204 8.05693 6.78947 5.33604 0.452847 6.36791 0.12162 7.73075
-55.888 3.98434 7.19573 1.07393 3.24094 2.76124 14.5307 24.657 9.48462 0.0330553 5.67787
-68.559 11.7479 10.0939 1.16821 0.750045 0.523308 16.0122 4.87211 2.34795 0.025147 6.64362
-65.6559 0.787645 4.83165 0.202404 3.0052 7.03805 10.8495 2.89646 2.35488 0.0192134 4.0918
-74.4806 3.09723 4.70542 10.2606 4.656 14.2559 4.88369 19.1067 2.35488 0.0302542 5.99225
-74.8835 0.679198 2.99367 5.83905 9.58871 22.7454 5.21278 35.9428 7.87547 0.0355261 9.39422
-50.0934 6.36388 1.27546 8.76066 9.79796 3.6326 10.7574 30.9973 6.17723 0.119175 9.5405
-70.4596 14.8086 0.886617 11.6642 7.18924 0.209176 9.74982 18.4152 10.5467 0.0982889 10.1732
-58.8349 9.57824 0.886617 10.399 7.18924 10.3705 6.02822 15.1219 23.0393 0.275966 11.999
-67.6323 1.5967 18.4096 4.05956 6.57669 11.9714 2.02926 16.8488 14.968 0.290718 12.5245
-61.9365 2.16216 4.21205 3.73647 2.60586 23.859 5.70253 6.736 20.3682 0.268787 10.2976
-66.7343 6.75798 7.13839 1.75504 9.74782 1.28265 3.72989 2.81743 11.9907 0.220675 7.04333
-56.104 7.24531 12.3071 0.663449 11.8113 4.50529 1.76855 16.6799 9.25765 0.135225 9.5348
-60.1134 5.0774 10.5944 4.76712 4.26288 1.34944 3.11846 15.2967 16.3494 0.00254316 4.09951
-73.8422 6.21941 1.22455 19.6814 9.91536 2.67967 4.37824 15.5685 35.1839 0.0888985 10.9596
-72.8177 10.9753 0.840477 0.225386 9.3435 4.72781 1.57513 15.8447 4.09655 0.0905135 6.64809
-73.2026 12.7391 5.34964 9.49372 1.8243 6.74902 1.50025 4.53765 1.69025 0.00835084 5.15846
-71.8431 5.63826 7.5103 4.58713 2.46552 6.40854 7.37549 57.0377 15.393 0.162505 11.1322
-72.6193 3.54228 11.921 9.69984 0.0543761 16.6506 0.296486 5.68007 37.8356 0.0250576 11.0724
-62.1141 2.87369 10.7085 13.9465 2.90645 3.79238 2.46446 16.3853 12.9376 0.106129 8.39028
-60.9901 4.48616 0.80413 4.79827 6.19223 3.34533 5.0644 18.7496 19.0685 0.0664559 5.46107
-58.7235 1.89078 4.94794 5.60858 14.0795 0.56087 9.16178 12.6002 0.82583 0.0179879 5.82678
-43.4922 1.47501 5.75592 6.74673 1.36258 2.35738 15.4229 30.0565 0.310675 0.0182868 7.14111
-34.3013 7.6233 1.82428 2.9193 11.2133 4.80026 22.6864 7.02311 12.1708 0.0173844 7.95929
-56.5498 16.0755 2.26659 5.26811 3.27663 9.7294 2.90563 7.16601 2.46184 0.111086 7.78292
-62.1315 1.81025 4.10226 5.56103 3.64897 3.0827 4.02258 12.4388 2.08704 0.194364 5.64981
-63.4852 2.94703 2.94417 3.26245 6.60028 11.6691 15.3468 11.8712 5.95623 0.0354725 5.26437
-70.6726 11.236 6.26943 0.936477 4.69072 1.16273 21.4128 8.20989 6.47565 0.0196776 5.95329
-60.9655 6.43723 2.57435 5.11341 7.22406 17.1915 5.61614 23.3902 2.84069 0.0334037 7.30882
-29.0924 0.490702 2.92942 3.09273 5.38945 11.6361 10.2694 37.1439 7.77915 0.0540267 8.64547
-59.4026 2.16906 3.34597 1.29678 3.90623 7.59981 13.5671 13.5249 33.4131 0.00981136 5.25735
-63.6863 6.53707 1.46921 8.17065 4.56335 10.5567 13.5486 6.22249 20.3026 0.033739 6.39165
-67.9055 5.02516 2.31648 16.8867 1.78015 11.7268 13.5269 6.58694 17.0631 0.0353956 8.10035
-43.5301 6.3328 2.24653 11.1017 3.04254 6.34016 14.4627 13.7865 21.7914 0.0529288 8.29825
-49.8009 5.84016 5.87017 2.03501 0.844633 9.66262 14.7486 0.954437 1.93397 0.0164907 5.39182
-68.6683 2.47857 4.62304 2.01774 5.92506 7.50797 14.1019 10.2172 18.33 0.235627 7.82265
-73.6492 1.50453 3.99195 2.61472 0.658124 3.748 45.973 2.23815 1.30102 0.223003 11.5176
-65.4069 21.9648 1.33007 2.23053 0.976561 5.66017 1.76108 4.60097 12.1396 0.148618 8.26952
-66.8642 6.38357 2.89043 4.89117 0.406713 3.58606 5.71375 12.1043 7.77202 0.0909342 4.8425
-46.1398 4.62591 5.45128 5.36776 9.15067 7.79668 2.58309 17.0369 5.47527 0.00154231 4.35692
-63.495 2.98998 6.09707 2.34034 3.37075 11.9834 8.41778 7.0537 15.8285 0.0428343 4.78572
-70.4527 3.97009 4.66529 9.88792 2.3386 4.89931 4.18064 7.25588 52.2272 0.0403323 7.27421
-52.611 5.25585 9.41221 2.5157 3.73226 5.21226 4.32339 43.264 28.8703 0.00642745 7.79577
-49.4113 5.2151 7.42681 1.89571 1.94997 5.2996 3.47131 5.01127 21.4592 0.00235485 3.2502
-30.7292 6.02553 3.34203 6.31189 0.695363 0.830659 3.22257 3.39814 15.7071 0.169559 7.17732
-60.2707 2.47913 0.943781 3.65496 5.67151 6.55209 3.93028 19.0806 14.5316 0.050283 4.74591
-71.2397 1.43735 3.36164 1.20967 3.37216 9.82286 25.1841 9.4655 16.0827 0.00697754 5.10903
-65.0808 1.69499 2.3386 2.57219 4.76047 13.8096 9.99596 4.71046 1.53161 0.20199 6.86604
-70.4821 5.59707 7.74962 3.46621 2.40845 14.6218 5.03325 6.40368 6.93093 0.0107153 3.99772
-70.758 1.92896 10.081 5.14455 2.75954 1.86289 9.91015 16.4315 6.99243 0.148631 6.39494
-70.8441 1.24206 9.24421 6.73481 2.45597 1.1658 10.8448 12.0835 6.98956 0.514225 10.5681
-71.6706 1.24206 3.79011 6.95796 2.12535 5.86675 13.4895 22.5687 28.9291 0.234593 9.66044
-72.4553 4.68743 4.34577 5.70698 0.0199362 1.10189 17.8045 39.1074 25.0491 0.21429 13.0513
-70.3101 19.2882 0.204392 3.5304 5.07755 3.67499 11.2047 12.9104 6.59257 0.00895249 6.70079
-65.6008 6.81997 1.55879 3.24826 4.82889 4.4865 1.61357 20.8913 23.0359 0.0176485 4.66885
-70.1208 5.00404 1.48431 7.33094 3.06566 1.26936 8.81442 24.9217 23.3231 0.00901726 4.88519
-65.7515 3.98921 3.37854 1.32198 4.22174 2.91365 1.48688 15.2176 11.703 0.00454273 2.46615
-71.1488 1.872 14.2279 3.15304 4.0211 2.3178 8.56292 10.8382 19.5147 0.0179042 4.99227
-69.3535 0.0752069 5.17107 3.0266 3.16286 6.07611 3.5184 5.97558 15.6932 0.063081 5.14398
-63.5161 0.360693 2.4821 1.55482 2.86321 6.29894 4.69169 5.08883 33.7096 0.116363 6.75251
-47.3524 3.38671 5.44922 1.34225 2.05809 23.0779 3.96817 4.58413 18.8678 0.0389643 7.14402
-60.5038 2.22862 0.709354 6.47813 5.39672 22.1097 6.08051 10.0721 27.8472 0.00188304 6.43297
-52.384 9.177 0.823322 3.92154 8.54575 12.4311 1.06707 26.5404 8.01614 0.0505818 8.11362
-67.4058 10.2576 0.594508 3.00479 15.806 6.20388 3.34054 1.37039 9.84457 0.0104276 5.71803
-68.9707 13.1073 0.716538 2.27798 10.6025 10.8772 4.08407 10.0526 3.05992 0.19958 8.66402
-32.8977 5.42044 0.350292 2.29659 13.7132 12.5581 7.07613 11.1 3.13122 0.207613 10.5992
-48.2766 2.25702 1.33603 3.1747 3.24084 10.6606 1.01359 30.6198 10.8156 0.13829 7.67011
-56.1745 9.23694 3.56673 1.58275 4.15104 17.9611 18.5689 18.5421 15.028 0.00122969 7.72446
-63.7839 2.17267 3.80052 10.7977 12.0911 9.69597 14.7502 10.8744 12.4416 0.00935321 7.19008
-72.4504 2.85316 3.09925 10.0145 9.53931 9.4409 17.1752 28.1074 10.9425 0.000174441 6.28489
34.2628 3.13996 6.72293 0.802307 1.73757 9.22628 12.5878 6.3832 59.5121 0.0173631 13.2204
-39.9361 2.42261 6.46037 5.5996 3.04521 7.41523 10.9803 35.1951 34.9208 0.0204237 8.947
-62.808 0.836397 3.82992 1.21258 9.60251 4.58806 1.15815 28.1669 21.385 0.0014412 4.70297
-74.8371 6.126 6.85244 10.6782 1.06266 2.99822 4.32417 14.721 3.67646 0.0014412 3.21108
-73.4552 1.89772 1.90606 12.9237 9.55584 5.81948 10.5864 15.5888 10.2419 0.0014412 4.48761
-51.9265 3.57288 2.98309 7.61593 6.66991 5.9487 5.50792 9.74683 14.401 0.0145618 4.06976
-70.4177 0.957044 1.38287 4.17564 14.8782 17.1754 12.5752 1.82209 3.86929 0.00334324 6.16997
-52.0939 1.25694 2.96732 3.46077 12.9505 23.7439 11.2901 5.0501 19.2376 0.0013742 8.24676
-42.8157 0.80912 8.20216 5.2983 6.09809 3.62481 41.7687 19.503 10.2699 0.0102577 10.9833
-70.4434 0.795649 7.45496 10.3446 1.10764 3.62481 40.3835 4.66179 9.35416 0.0116296 8.70183
-56.6102 0.783188 8.30458 2.13641 3.56992 8.16566 14.385 12.0009 20.3081 0.0133725 5.36263
-56.6097 1.90868 1.96225 5.88001 4.74597 9.91608 9.71326 7.02557 20.3036 0.00476181 3.75863
-54.4143 2.12706 2.81947 2.44214 2.30857 1.7439 0.709092 6.13782 13.1359 0.0390494 3.79371
-68.7202 2.59148 9.46985 2.01671 2.32161 7.14305 2.6604 14.7448 11.4592 0.0323526 4.12969
-60.4279 2.91765 12.4921 0.682535 3.70696 7.85527 11.5371 11.3626 3.07362 0.109016 7.14603
-59.1853 4.55739 4.24549 7.99163 4.55238 6.34835 12.0091 28.9345 3.22587 0.244207 9.85746
-15.1983 1.87405 9.88492 5.20347 8.61831 5.65249 7.3543 16.4615 24.0963 0.14597 11.5817
-59.8785 6.52729 9.8358 3.20247 1.85786 7.92706 11.6154 23.6318 36.6828 0.0221385 8.50256
-73.712 2.79264 5.75743 11.8198 9.75367 9.86826 4.48334 8.91202 53.3978 0.0138819 9.0875
-61.6706 3.08719 3.6069 6.76039 6.84345 3.35448 5.84997 8.21279 3.6056 0.00355928 2.23312
-19.9723 3.48492 3.42853 7.74464 14.8218 1.86096 13.2201 3.22199 4.51205 0.00172766 6.99475
4.50355 4.03013 6.4345 2.67939 2.23627 6.10163 5.635 3.02366 23.9136 0.000128083 5.15925
-34.1434 3.08415 7.01977 2.96955 2.48705 6.02533 5.76544 4.8507 27.9971 0.000927348 3.8661
-52.1446 3.0511 3.7329 3.08492 13.1878 6.36449 4.99225 14.1363 14.0642 0.00681468 4.50453
-35.5947 4.97671 11.7972 3.82341 2.7408 3.03867 5.52911 20.5356 5.73843 0.00113951 4.95968
-72.8439 3.82156 13.031 1.18203 4.52054 1.43438 9.23558 16.8751 1.4964 0.0525661 5.78735
-34.6601 1.70963 6.74888 4.48266 12.9483 2.58267 7.50661 8.23719 4.67199 0.0130007 5.42408
-50.6223 5.8914 4.95163 3.33768 12.8641 7.31889 7.35849 7.56405 25.2795 0.011287 6.47724
-36.8706 3.40088 3.06195 5.10996 5.83408 12.0604 12.9015 8.71601 8.03524 0.0101553 5.35428
-53.863 11.6469 2.71715 6.3268 0.65496 15.1806 26.3245 4.84635 9.19343 0.00621705 9.42619
-51.7445 15.2322 3.13422 2.43089 3.77317 9.88294 8.61488 15.8845 9.92867 0.031356 7.4525
-12.7708 1.10694 2.93855 0.561592 2.95352 7.33187 5.77077 8.58689 9.52077 0.0555326 5.3128
-52.8908 4.53951 2.90484 11.966 4.56498 2.40517 2.32202 8.4878 8.59413 0.143866 6.42544
-44.064 8.97984 2.53636 3.61327 2.49796 6.4191 8.39885 12.4046 7.83682 0.00350282 3.64591
-56.1485 4.8078 0.460021 4.52188 13.0293 6.90086 9.1632 6.46072 21.4703 0.0030163 5.12919
-54.6896 1.29156 2.45965 3.87213 3.70412 6.30202 8.75314 9.9418 6.66441 0.00111982 1.79693
-39.6466 0.360791 3.89866 2.27013 6.77572 7.87074 12.1107 2.30559 1.01667 0.000105689 3.35521
-17.5422 6.60983 0.260414 2.72661 3.71568 0.396202 0.948914 21.2237 1.08153 0.000173338 5.01075
4.09685 12.0398 2.22893 2.72661 1.49631 0.963253 0.948914 3.4954 1.53354 0.00011629 5.66265
0.472697 4.44708 2.96702 0.884094 2.32023 1.58378 20.8314 16.3367 5.22623 0.000102595 5.24042
-58.8878 7.10966 4.02271 2.50903 0.814743 5.18985 19.2835 9.65437 6.30199 0.0027945 3.78832
-51.2652 9.28765 2.54147 4.16026 2.66467 5.93012 15.45 6.17185 3.37387 0.0010683 3.58538
10.1234 7.0192 2.63327 5.02331 0.0778013 19.4711 0.813232 17.4727 1.67484 0.0111942 11.2863
-47.0435 9.28761 7.73794 3.79589 3.28459 1.57325 0.559472 4.82474 13.5318 0.00212407 4.37124
-42.0648 7.47734 3.65273 5.43588 1.20483 9.6882 0.840655 2.91241 13.2263 0.0123849 4.87253
-38.0281 0.673068 5.12178 10.9859 0.984087 6.692 12.1271 4.7907 11.6685 0.011545 5.58938
-38.2456 1.9767 8.00781 2.5478 17.0738 3.72326 8.40158 10.3112 6.79767 0.0127911 6.76035
-49.9015 6.28737 1.77416 4.93832 0.410818 9.56449 6.37759 10.9597 17.245 0.00997161 4.55892
-52.4754 3.15835 0.775319 2.85151 8.27258 3.53286 8.02421 3.69547 10.8157 0.0183963 3.41623
-69.072 11.0321 5.57747 7.59286 2.37659 6.04786 10.2904 60.3518 12.0426 0.00771366 9.84079
-55.2905 2.94197 5.59758 4.91434 13.7819 3.82758 4.53651 3.37766 11.2837 0.0069847 4.2231
-58.6738 10.498 4.08471 0.502166 5.60219 7.62121 3.14468 6.87379 17.3507 0.0326528 5.42953
-35.0212 3.03819 5.50629 1.44927 3.24626 5.40036 7.31213 1.95625 24.2821 0.00601875 4.05918
-62.7712 11.2019 3.38461 1.85448 4.59667 3.14907 9.86711 7.85096 36.9012 0.00111183 4.92654
-70.2663 15.8856 6.55903 5.2627 0.370341 2.94848 10.6848 2.48921 6.4953 0.0352938 6.79866
-29.2612 6.40821 5.53317 1.40096 1.2339 2.46664 14 2.97464 16.7673 0.0506009 6.19798
-62.5539 5.84209 5.72359 3.85951 1.48987 5.41692 21.4755 6.94798 30.1181 0.0126109 6.20033
-46.0781 4.65669 2.54402 13.3987 6.77098 10.3534 9.76547 7.85349 16.0264 0.00846724 7.22211
-65.8895 2.68371 8.12758 18.0496 2.89508 7.09147 8.44156 10.8617 59.8228 0.00508572 10.674
-68.7659 1.62764 8.58179 7.38997 5.45796 11.9968 5.15707 33.544 16.8407 0.0563404 8.48386
-43.923 0.321659 9.27124 4.50967 9.79444 14.4884 3.98404 10.0772 1.15222 0.0434698 8.47378
-67.4079 4.39966 0.358879 5.94412 13.9959 9.25685 3.16898 1.02327 9.13444 0.233523 8.74556
-26.7081 2.64807 4.42659 4.01729 4.98629 11.5672 3.16898 2.43306 9.8563 0.0248532 5.05729
-55.9278 1.32725 4.89163 0.647227 0.287809 10.873 5.81524 3.26385 10.7448 0.0188976 4.3682
-72.3427 3.07316 4.0797 5.49874 0.171054 5.10565 9.43976 3.41246 12.8 0.0461748 4.50586
-69.0206 6.21485 7.00106 17.7767 1.65007 5.78943 9.50214 7.2489 41.4584 0.124605 11.653
-65.8738 8.09622 8.27203 2.45352 5.46196 7.34219 6.4597 7.91699 21.0848 0.00594049 4.62858
-67.5099 2.1803 2.34431 14.304 3.32065 5.88557 5.50013 5.63413 12.4361 0.0671772 5.32136
-72.2923 2.63077 4.70196 18.6142 1.07417 15.8123 1.71944 23.3905 23.4452 0.0551033 10.398
-74.2996 4.29793 2.66891 5.32532 1.38209 12.7312 0.59497 19.5182 10.3953 0.036764 5.12341
-57.487 3.60586 4.39616 10.7464 14.692 6.12999 5.30025 18.5628 3.59136 0.107221 9.27392
-65.7567 4.49708 6.07304 1.37849 4.67457 12.6358 1.9537 2.83353 9.97656 0.104852 5.52367
-57.6414 5.04965 5.36587 1.62802 4.16542 12.7715 8.81294 54.1328 13.563 0.0267321 9.16995
-55.8286 16.2727 4.64746 3.2237 8.99154 7.27777 7.91903 9.75561 23.7398 0.000178851 7.39327
-74.5248 5.34796 3.46388 6.58528 2.37733 13.4599 1.28473 8.24229 11.6089 0.00212538 3.00873
-67.4464 13.9642 7.3323 1.45065 10.2132 0.937515 18.4926 20.3601 16.6146 0.0121737 9.23531
-56.7658 2.87104 6.43837 3.41859 15.478 10.0306 13.6445 8.47721 8.19575 0.00836347 6.79281
-33.0145 4.7663 6.2705 3.50917 13.2539 1.19517 8.9956 6.13986 12.6552 0.0328374 6.94717
-69.3879 6.37885 1.21304 6.58786 0.216363 1.65187 11.7664 9.86164 20.7428 0.0002779 3.55818
-68.9407 0.684561 10.1214 6.14592 6.28975 3.0311 14.7213 20.9437 48.128 0.0298201 9.40796
-72.9181 0.67515 7.70393 0.430551 0.881747 2.70635 25.9656 22.5129 5.58171 0.0298201 7.10083
-63.7375 2.03597 0.631333 8.85728 4.44543 2.86394 19.8494 6.25829 6.81886 0.0509818 5.4853
-73.6043 2.97813 3.19419 6.16779 4.77467 7.42859 2.50011 31.1827 16.7194 0.00664765 4.41058
-57.8051 12.7962 1.78055 14.0638 2.17391 4.48013 1.64105 8.62375 19.0624 0.0209489 7.45623
-39.6421 7.12537 5.32011 1.42361 2.36235 11.2043 0.892668 21.3229 25.4796 0.0169697 7.01125
-7.42656 0.95043 6.21157 5.35072 4.1647 0.825701 4.178 29.1178 17.1222 0.0121185 7.08403
-15.6555 0.18507 8.87161 0.308938 5.24574 4.53158 5.12918 18.3146 15.1548 0.0211411 7.29047
-14.7655 2.5599 8.62067 2.68515 5.24574 6.48444 4.65082 21.2138 19.2857 0.00627387 6.54725
-68.4059 2.28813 3.39483 5.78146 9.67882 5.3477 8.17313 8.63499 9.44802 0.0372708 4.12351
-64.6896 4.19479 3.25375 9.43165 7.91717 6.52399 8.21406 19.3326 8.9642 0.032504 5.69794
-66.9182 3.66718 6.04241 8.30567 19.1546 5.92309 8.9722 7.08321 5.96503 0.119918 9.54886
-63.7894 16.3911 5.49033 6.02268 0.0781398 1.64226 2.65892 8.40117 25.9828 0.181012 10.2661
-69.8519 5.3006 4.19423 9.21178 0.709874 5.19262 2.00407 26.988 7.83764 0.00154576 3.83227
-69.7239 3.07721 3.99292 5.98169 8.62061 7.6169 9.69678 22.89 4.61265 0.00529398 4.24522
-65.8171 1.60437 6.83595 1.72139 10.6656 4.35387 7.20892 25.0828 19.0538 0.0323981 6.08126
-59.7904 4.98352 3.55203 3.2923 2.95259 6.93188 5.74223 29.6297 26.1686 0.0115209 5.40156
-27.0669 5.49785 4.42174 4.83526 5.55265 3.98646 10.7762 1.29038 14.9444 0.0300402 6.00215
-7.08762 0.301845 2.13846 3.69059 2.91536 7.3079 10.7586 5.50182 21.3485 0.0818929 7.43958
-29.9028 1.05417 2.34552 1.18139 4.02809 3.07399 4.27903 7.76877 2.59711 0.0582746 4.17497
-45.0421 2.29563 7.20516 3.45957 3.57856 1.16887 6.38773 0.59418 8.96441 0.0709736 5.16314
-54.6707 12.9663 2.20747 3.55303 3.61447 3.59722 6.12523 1.44791 4.08907 0.252529 7.32378
-52.6712 8.58049 0.962856 0.88236 6.0516 4.23475 4.5501 4.77547 7.67639 0.0138079 3.45158
-68.6966 5.33895 4.24605 2.39215 3.01231 4.32728 2.66178 5.01505 4.58043 0.0276536 2.56143
-67.7299 3.87045 7.39899 4.21362 7.39688 8.60852 13.1262 4.40814 6.55745 0.00843261 4.198
-73.5724 11.1731 1.56853 3.69282 6.98582 9.53177 2.4429 25.0894 24.9319 0.0377004 7.23595
-45.1189 0.303994 9.64676 1.22219 1.36343 6.65117 3.36635 11.1505 26.2306 0.00292611 4.9154
-48.0095 0.938605 2.21392 3.3454 5.67027 1.2519 10.6628 5.9002 10.4111 0.0230029 3.62405
-58.3583 6.59511 0.414328 3.6046 4.23015 1.14459 9.11746 4.3359 15.6617 0.012877 3.78365
-69.7293 5.90119 5.1897 2.68167 12.3075 4.49063 5.69314 11.8654 48.2821 0.00119795 6.16437
-63.906 11.3692 5.03206 7.61553 10.8018 5.57479 6.45496 3.82713 28.836 0.153378 10.294
-16.0525 0.729473 10.1701 4.94818 2.75348 2.15804 15.2649 15.5096 0.632746 0.0816511 9.21375
-37.9465 0.203562 5.5361 7.35838 5.54667 5.22575 6.25182 15.092 5.34181 0.0439423 6.05454
-32.0379 2.78091 10.6798 5.32191 3.57119 6.32149 4.49662 12.6475 27.8388 0.0431134 7.76385
-43.2042 0.251624 11.3367 13.1324 2.5166 5.03077 5.72042 19.1239 15.833 0.0326181 9.00068
-22.0926 1.17596 5.37004 9.25141 3.36268 5.04772 8.67558 1.41765 9.98304 0.0219777 5.80473
-54.2981 7.28719 10.1423 0.32015 1.42125 3.69532 13.7882 9.36547 9.5889 0.0212949 5.84721
-71.1561 7.51154 12.2934 2.16538 0.843683 14.6822 12.0123 1.88808 8.8836 0.0188033 6.97145
-53.0443 9.59596 3.42068 11.1353 2.76247 7.75867 1.5021 3.76665 18.0949 0.137698 8.31333
-35.1388 6.22729 1.2983 4.56807 1.52584 6.37142 2.56278 15.8224 32.4985 0.248567 9.56678
-42.1279 1.15941 4.1434 0.931158 7.93207 3.21826 3.55955 8.87647 12.448 0.0437304 4.40089
-8.11017 1.11045 0.474155 9.9302 4.14732 1.23837 12.798 10.3484 4.87852 0.0392965 7.0113
-55.6234 4.12325 9.71507 9.52248 5.35427 2.98426 5.14547 2.93223 19.2976 0.0887608 7.29923
-50.952 4.27095 4.81495 5.60752 4.20248 9.54514 13.6358 27.186 22.6938 0.0152332 7.30656
-64.8588 0.527372 0.477394 18.936 2.61446 7.90357 4.68445 10.8636 22.3238 0.0341819 7.53767
-66.1323 3.01683 5.70938 11.6966 2.05901 13.0451 4.21422 10.9308 22.1239 0.0168548 6.1219
-69.9727 1.38603 4.7961 0.280532 1.04733 10.2364 10.6894 1.58091 21.7232 0.000783375 3.87228
-48.0542 2.44656 0.496091 0.794645 6.49303 8.13363 6.51896 13.215 9.62103 0.00409438 3.45863
-71.7 2.42066 5.01255 0.556329 11.3316 5.46877 15.8852 7.50724 0.587921 0.00957758 4.87209
-73.2647 3.45985 6.40795 7.13152 5.31067 0.239588 3.45785 34.0608 1.96029 0.0138848 5.70265
-73.1691 5.12055 5.99082 2.59221 1.26644 6.6235 2.735 8.79941 3.0186 0.00901863 2.36401
-73.4967 6.93319 5.24417 5.4928 1.01963 22.765 3.55634 15.7454 11.0162 0.037324 7.31165
-66.9655 6.83128 5.02634 8.4797 0.403763 14.0662 3.72663 15.3723 6.75591 0.083332 7.26845
-63.2691 3.03311 8.33034 1.58302 0.888807 4.5879 0.0449647 4.60064 7.13687 0.0129594 4.52312
-38.737 3.05296 9.35512 7.28148 2.84477 3.88827 1.96126 12.5093 8.24504 0.0673526 6.19541
-43.394 0.566735 5.85305 7.28452 10.3895 1.56165 4.75139 11.207 8.55925 0.0143982 5.06552
-51.615 0.889736 2.1332 0.203302 3.50697 12.5984 3.50083 10.4294 9.73676 0.0194024 4.57254
-65.6947 10.7031 1.57948 5.10982 4.79888 7.26282 10.3791 5.07938 21.9427 0.00416917 4.59707
-66.6759 6.31551 3.01188 2.34013 11.2746 6.27636 6.9167 1.05461 45.7023 0.0296678 7.4324
-41.9009 9.13033 4.27437 1.4192 15.648 0.722641 3.87442 2.85881 45.9799 0.013892 9.34804
-29.2936 8.17889 4.84246 3.02425 13.9973 4.9832 8.37932 35.7911 4.90117 0.00309899 9.08422
-71.1273 2.15074 3.05628 4.49441 2.61598 1.81122 11.9954 1.64354 4.66326 0.00025449 1.29573
-64.4483 3.25608 3.5973 7.25589 10.7019 9.04959 7.00938 30.3917 22.7654 0.0779719 8.97768
-73.2011 4.7616 4.06813 8.96239 7.08595 16.7585 7.55423 13.2947 10.7488 0.0578257 7.48408
-73.6942 3.12381 0.545168 5.26964 2.08553 14.6956 14.8474 2.46 37.5743 0.0974169 8.61361
-73.9736 2.97892 1.12805 5.90351 4.7377 4.32876 17.6599 7.40787 37.1399 0.0879406 7.33333
-73.9091 1.45035 0.70219 7.24613 4.3179 1.98922 10.4967 11.3774 26.2099 0.0441003 5.37619
-73.8586 4.56502 0.117099 6.93568 2.11476 8.9103 16.9808 13.6687 7.87492 0.0116258 5.23042
-66.4224 7.16789 5.03955 2.30128 7.78396 6.5222 5.07702 4.73966 3.31744 0.0230827 3.66075
-68.3732 4.30867 6.17006 4.87053 4.44932 6.98707 6.28364 19.8402 8.1056 0.00686636 3.43985
-25.5619 2.30364 0.69979 6.41023 4.81126 6.35063 11.0869 21.5915 2.40531 0.114999 7.86626
-62.3115 0.807271 2.82613 5.65739 6.69036 1.66843 3.26261 15.7431 5.63283 0.0144964 3.26817
-60.8213 2.90684 7.82655 3.22771 6.55903 2.61046 11.4813 25.5901 50.0729 0.0120927 8.14922
-44.0761 2.91754 0.697553 4.64779 0.516368 0.141162 6.13971 25.2097 12.1355 0.0416843 6.66961
-62.6481 2.42896 8.97875 6.31462 3.38426 6.97219 6.50156 17.5649 4.27518 0.0355182 4.98512
-67.3102 0.706354 8.97875 4.25977 4.10733 8.02191 17.7677 15.0573 15.4943 0.048415 6.83339
-40.9153 2.09486 12.2015 2.00562 4.46675 11.2244 5.3913 8.38864 4.41279 0.0941114 7.37526
-30.1143 1.33982 3.33063 1.20055 4.98515 10.8738 13.0369 4.72125 34.8155 0.0600966 7.90334
-62.9782 3.26087 3.62931 8.66005 4.07095 11.7715 13.7116 5.51279 17.7743 0.00536792 4.94149
-66.4097 5.62738 10.4175 6.91893 5.92265 1.12254 0.287983 21.6099 16.6655 0.00259709 5.93862
-68.2289 3.23371 0.617241 2.77355 19.4398 9.98794 5.31751 16.3731 19.2649 0.00916832 6.71701
-58.8418 0.88376 3.94938 4.67975 3.9238 4.56547 4.51512 13.072 6.67687 0.0305917 3.35286
-53.2096 13.0664 6.2055 1.66643 4.97845 6.6377 5.73153 7.3043 8.49029 0.016117 5.56295
-55.6418 6.18021 6.33437 11.0778 10.7604 5.82557 2.00644 2.77418 26.2053 0.029485 8.36528
-60.1911 1.6662 3.43335 6.19153 2.49419 19.1812 1.87682 25.5617 11.2947 0.242219 10.1637
-13.6004 2.84301 12.1647 2.8441 2.3261 8.19694 7.27459 15.465 7.2867 0.16622 10.0754
-65.9639 8.83838 11.9843 0.925537 6.66431 7.6809 6.24632 4.13497 22.2109 0.151303 8.9598
-68.1272 3.22035 0.643995 6.25521 3.26763 2.23111 1.07891 0.642946 12.8643 0.225327 6.86718
-65.9257 2.60933 10.9958 7.20175 10.4316 5.0224 0.726364 1.82881 19.7358 0.194991 9.31087
-69.1917 8.99589 6.23368 4.70741 9.467 5.3568 5.60251 6.62853 27.9435 0.0560117 7.02835
-71.8271 3.6692 2.02802 8.06277 9.29275 4.27469 3.31073 6.20805 7.93155 0.054865 4.1744
-73.779 5.48251 4.91951 4.04627 0.643341 6.88088 21.4664 9.41185 5.50586 0.0462574 5.53439
-57.9058 2.95681 1.5141 0.238861 7.44729 19.7205 13.0548 10.9753 17.5252 0.0106252 7.07997
-68.8746 2.52777 3.60984 8.2196 1.22638 9.52725 5.17866 5.1325 1.70585 0.0109976 3.09962
-72.9006 8.65936 2.07914 1.31555 1.11185 4.13012 9.41971 2.99168 11.0311 0.0331977 3.73112
-55.0191 5.76869 5.30764 8.895 3.08033 9.94875 7.37089 9.56831 29.7665 0.00250043 5.76232
-53.0749 5.3518 0.72259 10.3984 5.98585 8.74077 18.6696 50.3472 33.0882 0.0730007 14.2677
-61.4717 8.27208 1.03799 1.93332 4.36659 3.87393 1.85978 1.6321 3.34029 0.0683937 4.33316
-70.9904 2.44522 7.37598 6.47253 1.41229 6.35165 3.93691 18.6059 5.43688 0.0145803 3.5807
-34.4608 3.54712 3.16379 10.7811 4.5406 0.361006 4.85694 25.5473 3.98751 0.0808132 7.79655
-54.5185 3.21575 1.92173 3.98266 6.93819 1.96907 2.44503 11.6941 4.5603 0.0508757 3.80221
-54.0472 1.22758 3.78197 5.64388 2.68837 8.88714 3.84933 16.1373 10.2654 0.0519761 4.70075
-73.5157 0.16465 4.58547 6.57892 4.61414 10.04 7.06118 9.64463 18.9677 0.00752697 4.40953
-68.1958 0.825675 4.80489 4.8396 8.50217 8.70979 21.4856 38.5548 8.42158 0.000463044 6.9673
-46.9764 2.74863 6.23906 2.87681 7.86562 6.76781 3.41812 21.5453 21.0666 0.000384174 4.16484
-34.7515 1.78755 4.89588 2.16238 18.5263 0.755153 1.67306 4.49574 21.6721 4.27735e-05 5.16767
-71.5082 5.6289 4.78128 5.23 1.24637 9.06257 1.09665 2.89698 8.85106 0.00131872 2.25823
-62.5109 6.74879 3.46136 5.1648 2.56434 7.30957 9.9545 10.2984 15.3437 0.000250426 2.60938
-33.5931 3.60979 4.09126 5.81883 0.384959 7.4399 8.41254 1.39789 29.6966 8.96188e-05 4.58815
-10.2338 5.19297 5.02864 5.58238 9.95292 7.4154 10.2368 7.72629 66.7374 0.000678751 11.6258
-74.2576 5.3236 2.2171 3.87524 2.74772 1.2974 30.4329 6.54675 24.4308 0.000376391 4.80294
-44.6956 4.84674 2.75471 7.82123 0.484162 2.46922 5.08719 3.56918 22.5362 0.000631147 3.36935
-64.5058 8.46944 0.723086 2.60098 2.27489 2.4429 4.9243 1.7716 20.1983 0.0062503 3.34876
-68.4364 2.91531 5.80634 2.70214 0.555788 2.23421 28.8321 17.3164 7.14987 0.000236935 4.45918
-72.7609 4.07769 4.30897 1.86279 4.47194 3.73909 25.2838 8.37598 24.3032 0.0254008 5.84324
-74.5146 0.11675 6.2241 2.70737 2.98103 11.2862 16.4395 7.13682 32.3834 0.00175146 5.82981
-62.9713 1.67789 0.677323 5.76518 17.5829 0.422588 11.5825 12.4961 66.5555 0.0110352 10.7623
-26.5143 6.0837 2.95209 3.25223 11.8918 0.635096 13.3226 6.54402 24.1529 0.0476452 8.36182
-29.5507 5.46892 1.61748 1.23794 11.7926 4.60198 6.34857 15.0588 15.1097 0.0066353 5.30112
-72.4185 1.93016 2.48986 3.29444 6.05088 4.28174 12.1411 16.6203 4.38738 0.0239068 3.55455
-70.7135 5.24836 1.4776 13.4162 4.38469 8.56799 2.81613 8.40594 55.2958 0.0111423 8.0204
-66.3756 13.5264 0.423765 8.91442 5.0255 0.263961 1.65124 5.49188 2.18499 0.000215544 4.58392
1.10777 4.22633 6.17114 5.25221 3.6699 8.50452 2.22225 6.1974 8.25809 0.00450001 5.90425
2.19305 1.35211 2.23753 0.13406 1.62105 7.11537 6.41756 13.0905 2.52731 0.0393131 6.32025
-60.6476 1.08475 9.82187 1.31184 0.155481 13.4807 9.57329 8.11181 4.69444 0.150775 8.05773
-70.5832 6.91217 15.1205 1.88855 0.713687 12.9265 17.0086 21.2261 12.3687 0.188099 12.3825
-24.546 0.97964 1.92282 1.03601 0.886266 31.9612 5.94261 22.1329 5.89156 0.0425464 10.5348
-26.2383 5.39834 0.583073 4.38261 3.07179 18.4767 4.07056 41.3126 21.8774 0.0771753 11.7145
-32.575 9.52095 6.90319 3.19707 6.16171 13.6121 3.17501 31.0109 4.79688 0.0309392 10.0088
-70.2404 3.18078 1.64527 0.371552 9.76573 16.0751 1.78524 1.45884 3.16562 0.0309392 5.43068
-66.9644 3.82586 7.85264 0.371552 0.564775 23.2774 7.27299 11.4552 1.35019 0.0605602 8.20555
-29.055 4.5615 1.13327 3.45824 6.58367 11.2174 18.1535 19.6858 6.47049 0.0134931 7.27873
-65.3227 0.485568 7.31389 1.06845 15.8684 6.19309 3.0836 16.1578 3.43813 0.0844563 7.19994
-73.9641 1.67836 1.46612 4.41417 8.13473 9.12487 5.80856 7.08033 15.4597 0.0283225 3.8863
-54.4946 4.44525 0.279367 3.88565 3.99702 0.704283 12.6692 8.77713 1.60665 0.0702674 5.52977
-60.3946 7.37747 1.67089 3.41204 4.27582 22.7242 17.0169 26.8996 6.42336 0.0408588 10.1286
-74.1453 1.64385 1.43884 2.60402 1.42008 16.0916 11.2003 30.3843 14.4275 0.0259482 6.51769
-42.1238 2.54365 0.172739 4.70356 7.3552 2.86963 14.6304 27.0904 9.39822 0.0009097 5.21222
-10.6393 1.47438 2.38094 3.10573 6.83071 2.7154 11.955 26.5802 17.4539 0.00367271 5.97486
-62.9164 1.39137 3.44802 2.2635 2.60646 2.08608 12.7631 12.0276 11.1469 0.0109067 3.05031
-72.5181 9.98108 10.7991 0.291561 8.12831 4.59455 7.81171 1.33094 8.65461 0.023413 6.34921
-61.0019 14.8036 5.22214 0.437865 8.47442 15.6277 10.5178 20.3308 0.908212 0.0144384 10.4262
-46.0654 8.49819 0.82261 0.833335 1.3504 2.5346 10.1533 62.7722 3.92135 0.00586545 8.38063
-18.6189 12.5209 2.55212 1.13195 11.7753 3.91831 11.1736 23.5331 8.57291 0.00605758 9.32864
-23.452 5.96699 1.40979 2.61802 0.891231 1.67959 16.9611 9.06699 2.62169 0.0396993 5.72588
-36.673 3.026 4.35459 1.27317 1.69281 7.34534 27.2221 5.01059 7.60116 0.0311865 6.51863
-57.375 6.18461 8.41103 9.95296 0.579374 13.2653 12.037 7.07416 7.12962 0.0200531 7.76414
-40.6873 1.64831 5.33313 2.53063 2.45706 25.3187 1.05764 8.16038 4.59209 0.00205157 5.71268
-74.0328 1.64831 5.5544 6.21654 2.24918 17.8965 9.14335 5.2842 1.01953 0.00401035 4.28786
-62.5915 2.9744 1.18041 3.54977 0.980891 19.5373 8.85702 15.1548 23.5836 0.000878343 5.08045
-74.3358 2.61943 3.62981 13.5103 0.980891 11.0591 9.22045 2.5047 37.9879 0.00603069 6.53445
-63.6476 1.15632 4.19745 7.40291 7.04419 10.0474 6.27787 7.19864 3.6691 0.0116561 3.75428
-53.8954 2.47633 5.86463 5.86297 3.89109 7.06629 2.66928 3.79311 4.72202 0.00419413 2.4652
-58.6974 4.16664 1.79229 0.816276 4.33987 5.42246 0.455403 44.1649 14.075 0.0122097 6.44506
-69.2914 5.81128 0.838726 0.172253 6.75868 4.07815 8.98123 13.6204 16.6505 0.0156791 4.71941
-51.2595 4.55119 0.983561 5.21779 1.66015 0.149024 10.5279 11.1763 1.4476 0.0454812 5.44678
-58.5526 7.01952 0.193023 5.62302 0.525548 5.02996 10.0012 26.8223 7.01366 0.175986 8.66943
-58.4367 11.0141 5.31486 7.46984 1.31255 18.0824 3.76961 15.9471 2.79813 0.129051 10.0424
-58.5065 5.3426 3.20534 4.47757 3.79683 15.3947 9.02443 14.9682 2.85443 0.0234464 5.41882
-73.4658 11.8374 8.03966 2.60553 2.22461 11.6613 17.9512 2.09706 14.8906 0.0810037 8.69062
-45.2477 6.1867 8.35218 3.59732 1.93035 3.83088 18.2643 0.855862 26.8997 0.00208605 6.27513
-65.2076 5.27387 5.84911 5.0408 0.382066 3.50186 10.7134 3.20631 65.4249 0.0294381 8.77128
-71.0049 4.28539 3.55588 3.24722 2.82993 5.79858 16.4307 1.19612 27.1622 0.0343996 5.36701
-51.5915 1.99759 0.165036 9.28372 15.3592 5.16447 11.6515 13.0844 18.9003 0.0263913 8.43432
-74.4041 5.604 4.56105 4.68749 5.67043 10.6546 1.04824 14.9794 22.6147 0.0320273 5.45271
-60.8935 0.839214 8.04324 1.61741 2.14083 11.6809 4.08903 6.6832 5.70298 0.0949799 5.31467
-68.7219 11.8846 4.35088 2.59206 2.01484 21.3242 2.86952 3.52757 1.75797 0.0724667 7.7123
-71.4148 9.14188 7.00842 5.70312 1.4869 7.42996 5.24481 36.5113 5.83523 0.0175854 6.4833
-72.3523 14.9698 3.15057 2.41544 4.30781 9.04844 4.35046 2.53139 26.8465 0.034976 6.51447
-46.8986 1.85042 4.18301 4.45852 3.6757 11.1544 11.0864 3.17799 6.83648 0.00282454 3.28116
-53.1368 2.79492 3.48225 8.2847 1.40094 6.056 8.50892 16.4752 10.2841 0.0260033 4.52611
-40.725 0.572716 2.08287 2.32282 8.94389 2.33029 4.38982 7.11648 13.7662 0.0024045 2.88706
-30.5511 3.55256 1.89772 3.0405 1.55974 0.776424 3.68084 24.6636 10.5332 0.00201089 3.64698
-50.7916 3.89068 1.24427 3.07564 2.37514 2.03724 9.76658 11.825 12.7777 0.0013127 2.26918
-35.4677 5.01687 8.81949 5.0321 3.24033 10.4301 9.49071 12.6225 11.767 0.00427347 6.0887
-46.2493 2.77686 9.21949 4.57696 1.36519 9.51779 2.84037 1.06902 19.3113 0.0194056 5.46713
-66.4586 2.36296 5.92334 3.8584 0.677297 2.96002 9.18247 6.19121 14.9993 0.00898828 2.94725
-40.1757 4.52005 2.3557 4.75079 11.1694 5.59725 0.0940045 7.8424 11.2655 0.0012182 4.78793
-43.6266 2.73745 4.30084 4.52396 7.87318 3.0961 7.91286 7.37713 9.47012 0.033522 4.22577
-44.2812 2.64763 5.16726 2.76474 5.68991 8.17452 9.51769 3.08824 10.4787 0.02195 4.18712
-51.7849 2.21516 5.04407 1.3765 1.80925 9.25641 21.2071 0.335969 0.584503 0.0186689 6.36738
-57.308 4.86664 10.056 2.6781 1.90388 0.310189 10.5788 8.24214 11.6204 0.0258502 5.09821
-28.1403 4.79931 3.43321 6.7475 1.99818 13.3407 6.78267 26.5455 10.2771 0.00426146 6.59833
-69.4526 0.174036 14.5834 2.66959 2.05762 10.9959 16.2672 25.697 41.5479 0.00337732 9.94506
-73.2603 1.58153 5.37437 8.49027 6.48884 8.12407 6.74952 31.5419 14.9505 0.0297922 6.46376
-72.2988 3.75212 1.90786 7.68293 9.4374 11.8946 4.47995 0.718989 4.66249 0.0200308 4.82698
-54.4609 2.59015 3.38698 5.08539 4.26942 8.99231 5.57287 6.72858 9.65943 0.0144052 3.10045
-67.1141 4.91708 4.45813 11.4511 1.49699 8.09372 5.01075 5.29441 21.3718 0.221064 8.11935
-40.8311 8.94814 1.93844 7.37153 1.76077 10.136 3.49496 7.9503 15.4061 0.0771273 6.94613
-67.3198 3.15234 3.73413 6.41204 4.90021 1.52696 11.9491 20.8839 4.98384 0.456516 10.2554
-58.6865 3.82073 1.51327 1.1559 9.80142 6.53679 21.4038 6.83725 11.9581 0.174338 8.30024
-46.8958 3.18575 5.63506 4.17293 10.7668 1.66526 18.9231 14.9718 11.8919 0.0722062 7.94211
-58.1173 1.18895 10.1088 1.73442 12.7914 9.9597 16.0832 15.1955 9.88158 0.0912751 9.76088
-60.8216 0.611187 10.9097 3.71183 2.32842 1.69709 14.2351 42.6267 33.592 0.107878 11.4415
-13.155 5.93572 0.799034 10.4363 0.122495 3.43937 9.8371 37.9087 21.6062 0.0195298 10.667
-24.3638 0.569499 4.91544 0.474619 2.76806 1.34705 2.17362 4.52715 5.68341 0.320531 8.10736
5.87308 4.26113 6.20652 1.65439 2.19541 5.93361 3.12581 4.53235 20.9771 0.0533972 7.22483
-53.4066 1.50638 6.36106 5.9234 2.63045 3.00242 2.61407 0.275671 16.4102 0.0408443 5.05234
-63.8593 8.008 9.98771 4.62257 2.63045 1.06504 10.4383 0.488955 8.8876 0.0135983 5.32508
-21.8447 0.643097 15.1527 0.507309 1.71466 3.32415 8.78751 15.7607 8.75012 0.00506614 6.64459
-12.5929 0.392928 16.1674 1.3344 7.66576 2.43185 5.79806 3.67311 3.12181 0.00877313 7.81551
-31.2847 1.65102 5.81982 6.9395 9.77893 4.60393 5.79806 0.705399 26.2131 0.00815227 6.61819
-72.8042 2.66249 2.72753 6.66655 10.8746 0.684319 5.92724 4.16089 19.7253 0.015131 4.13946
-26.6557 0.486807 3.39286 6.05484 10.736 5.9672 13.2795 4.21134 3.25484 0.0440549 7.07019
-72.6116 6.66338 4.11032 15.9952 8.95774 3.80476 3.06192 5.05747 10.1117 0.0259141 6.40392
-34.8191 2.91356 2.46407 6.01545 0.833983 8.32718 6.69846 4.63563 14.5916 0.019703 4.3225
-71.4272 4.09527 0.137641 15.7085 4.42795 5.97102 3.82776 7.0993 7.67802 0.000422667 3.81525
-73.3303 4.08771 0.787411 6.97942 9.68264 1.6202 3.82776 7.27352 18.1287 0.00582501 3.36271
-70.2559 6.1314 1.44208 6.62802 14.6911 5.84754 11.9525 7.39189 30.4477 0.00859094 6.82837
-53.8094 5.40382 1.44482 4.89505 10.9302 12.8381 13.8722 1.41105 0.344601 0.0283708 7.87884
0.459269 4.30202 2.42464 5.4668 1.6237 0.936153 1.96247 4.71738 4.72622 0.0218611 4.9519
-41.1372 6.10675 3.80306 4.71454 2.55434 4.10516 1.67143 16.3377 8.51735 0.00853157 3.64408
-6.56337 1.42623 1.31873 20.3824 4.51453 3.39154 2.94833 23.3177 2.21261 0.0668356 11.2936
-49.397 8.22827 2.07169 3.08001 3.79288 1.67724 11.5055 44.0713 32.0903 0.0016227 7.57347
-29.6559 1.00625 0.911072 9.5794 0.118221 10.8734 7.52134 8.65045 22.2244 0.0400911 7.83572
-37.3714 11.4117 0.399525 4.85627 10.3698 12.1698 0.265308 10.9902 41.6533 0.00556296 10.8737
-63.0327 4.49941 2.38396 1.53685 13.2163 20.1405 18.611 15.0205 16.5155 5.05597e-06 7.72528
-47.5771 2.33312 3.01524 2.63324 15.3767 13.4039 1.48976 6.68535 7.22706 0.0190584 6.10805
-45.6173 1.59378 4.7119 1.55269 6.30106 9.27516 20.6351 3.75754 17.0796 0.115267 8.0597
-51.4425 1.81649 8.69981 5.67939 1.00479 16.9969 7.37844 14.6809 26.19 0.0821441 9.2363
-54.6957 0.433133 14.2578 7.58633 0.777714 18.9609 8.59142 17.4548 28.7966 0.00690365 10.6877
-55.9715 2.64973 11.8945 0.786306 6.41475 1.03367 18.8676 13.2921 19.6017 0.0987938 8.821
-63.5525 1.12048 3.31934 7.10646 3.14692 11.9692 20.7613 8.26757 84.3429 0.043602 12.8607
-64.2482 4.14514 3.83935 0.561685 6.67071 14.6714 39.8682 1.56843 22.7155 0.0193159 11.1797
-63.8965 5.30483 2.89773 6.43268 1.50222 9.44963 11.7463 20.1109 3.6905 0.0976693 6.50472
-56.239 3.10398 7.88302 5.37057 1.21216 12.7313 16.1369 13.8178 22.9047 0.158355 10.0294
-32.9936 3.47289 1.75267 8.07608 2.97772 5.31342 6.12872 15.9095 12.2029 0.201425 7.74996
-60.1346 3.50166 1.12595 3.04409 0.562407 0.671862 11.0918 6.11729 15.7362 0.504786 10.4672
-42.126 8.60529 0.431772 4.11989 0.715391 2.25974 14.1793 7.65605 4.22504 0.607708 12.3277
-36.5885 6.95587 0.871394 6.43898 3.6428 9.49817 15.943 1.43291 4.30729 0.0795646 7.65683
-44.0829 3.18934 4.78286 2.22634 3.62739 6.57887 16.2818 9.42605 19.1133 0.0209617 5.15496
-17.1341 2.34976 1.01135 7.68728 5.33211 1.61558 20.5294 5.33033 9.00719 0.0529944 7.31697
-18.3227 1.58349 2.56298 4.15423 4.25353 1.16071 10.6433 5.95903 17.7576 0.111344 6.52962
-69.6966 4.7572 4.01131 1.63826 6.91107 1.07858 4.79816 15.2074 1.1469 0.0203626 3.59863
-61.7025 4.31999 2.09786 2.1818 1.44383 4.18574 11.3349 4.14652 6.07622 0.045723 3.50548
-39.097 7.08696 3.36215 1.75025 0.853192 3.77396 10.2343 7.25743 11.479 0.0609622 5.12953
-64.1684 16.6979 6.82835 5.19846 0.403271 3.9399 1.26341 9.45119 24.1079 0.0232726 7.93076
-48.1815 6.6478 1.89165 8.7485 3.39742 12.7482 13.0625 15.5917 14.3222 0.0169868 7.21373
-50.5757 7.37584 3.87002 2.99155 3.01822 4.02674 11.3402 12.1155 4.03662 0.193414 6.68827
-68.1969 21.8104 4.83276 0.778897 10.5408 4.28177 16.011 14.3433 6.41037 0.096569 11.8507
-64.7006 5.13274 2.88074 5.64431 3.39105 0.847346 6.25318 5.69456 3.34409 0.153593 5.07178
-47.2582 1.25147 1.49739 1.81031 5.06763 10.0858 28.4563 5.75264 14.2009 0.0631424 7.87905
-51.2834 4.5389 1.48508 4.25521 3.27625 3.71624 16.9578 10.9234 3.89615 0.0450761 4.73004
-69.2282 8.21984 5.4613 2.79979 10.1704 7.73115 9.81284 16.287 6.84091 0.116628 7.49494
-65.6504 12.9968 5.54735 5.78341 4.62998 1.86454 19.3806 6.47158 1.49383 0.179837 9.25395
-52.9331 4.50033 6.72781 0.929611 2.72119 1.86454 11.8471 21.9677 19.3699 0.122673 7.44342
-53.4167 4.29981 2.24895 6.29609 1.59038 1.39063 10.1592 1.2215 23.6237 0.301823 8.56327
-69.3135 9.92624 5.33397 5.89631 8.93148 6.62708 4.99086 4.54224 30.8949 0.385161 11.6658
-67.9177 0.931906 9.71681 5.96535 7.13283 11.1062 4.34365 9.22055 49.9381 0.281766 12.8929
-31.6579 0.785507 11.5474 2.67661 14.3878 4.35099 10.8845 16.6392 17.2933 0.0102544 8.96955
-42.2255 6.02859 1.61107 1.96829 20.3873 3.55018 6.72427 11.4217 34.0555 0.0035937 7.98844
-44.0698 7.36436 0.625057 2.046 19.4504 5.51452 13.1281 11.2383 41.6771 0.0035937 9.97764
-44.7891 0.510664 3.92936 0.528651 7.00448 8.19353 4.74038 14.1463 32.9065 0.0285659 6.62807
-45.2562 8.85512 9.75625 0.35413 1.99833 8.60307 7.56255 3.88076 1.47677 0.037234 6.85848
-44.3088 5.66067 3.22329 0.098199 2.80026 5.30143 4.15092 29.3172 5.44752 0.0945806 7.26129
-16.2885 3.91608 0.896 0.293904 11.8101 3.58778 6.07219 3.57282 39.3373 0.00524043 7.26462
-28.1867 3.40713 5.20381 0.133817 9.49072 13.4712 0.361836 5.08261 49.7776 0.00277681 9.69048
23.3076 0.552567 1.6163 0.127201 8.26557 11.8471 5.89486 17.0781 44.7798 0.00133342 10.7206
-20.7384 2.37731 1.85217 0.642296 6.21185 15.4529 8.73475 25.9104 6.26495 0.00133342 6.17685
-10.6515 2.13559 7.35848 0.916362 8.15341 0.85075 26.1163 17.0037 20.4271 0.0640288 11.2792
-24.9798 4.11512 4.37852 2.74725 0.168677 1.95991 8.26123 2.18869 1.26459 0.158697 7.16141
-49.5726 4.6236 0.307444 0.571803 4.60456 3.17624 21.6338 4.68277 4.47174 8.26015e-05 3.45046
-69.736 1.86134 2.59454 5.14449 5.4609 8.05573 2.6295 4.72795 19.2736 0.147331 5.62681
-60.8442 3.79762 9.35935 4.21588 4.31862 5.61314 4.43144 4.32539 21.5565 0.0639314 5.47456
-69.7604 4.78359 3.16496 4.2274 4.13535 1.45602 2.37937 4.78883 13.9121 0.402342 7.59304
-63.4823 3.24939 3.44374 2.76519 9.58809 4.15128 19.2389 11.7858 4.90082 0.0656419 5.88665
-60.7056 0.97455 4.34065 0.942787 6.48983 17.6031 18.3709 0.800129 33.5942 0.0368273 9.27133
-48.5916 2.88496 8.31262 3.88591 6.85787 5.051 8.73355 2.34077 7.43758 0.0977869 5.99687
-48.8588 4.27027 2.03669 9.92924 8.32581 0.337411 2.01034 24.1809 0.783757 0.142279 8.86682
-73.8957 9.27079 1.48135 1.41591 28.8283 0.696548 2.28336 6.95207 29.4704 0.206699 12.6653
11.2461 4.87546 1.19998 2.37802 24.3252 5.58179 7.96134 29.5583 7.63449 0.0836683 15.7052
-56.6194 3.99848 8.87197 0.895025 0.38094 5.59952 4.74545 50.5993 19.6381 0.0156707 8.292
-38.266 11.194 5.37969 2.85436 1.86015 4.57873 1.70032 28.5838 34.102 0.00895432 8.11179
-73.7379 16.3664 5.6119 1.99566 1.50298 13.2026 13.3904 13.675 33.429 0.00770506 9.07646
-73.7379 14.8571 4.76597 2.42538 5.30419 15.6735 11.9744 10.0443 41.7202 0.00132384 9.12392
-71.2311 0.705393 10.533 2.93533 6.72753 9.11897 1.34778 15.6969 39.2692 0.0361925 7.67469
-58.9194 2.03674 15.8 0.688688 4.04841 3.64808 1.32253 29.5721 14.9417 0.445452 13.3612
-37.0319 9.97838 2.257 7.33351 13.6646 2.08987 6.2591 2.31454 9.04479 0.0543301 8.42404
-36.8449 5.29403 3.4162 12.8053 14.696 7.41785 7.61837 3.54958 8.66456 0.0855906 11.0001
-3.79427 1.9808 0.308779 5.84788 4.45815 8.24245 4.44463 17.7373 8.64988 0.0519062 7.11584
-50.8042 1.25758 5.895 2.55082 10.3229 6.00904 10.7311 4.38523 20.4232 0.0422136 5.91723
-32.542 2.14537 1.97419 5.08274 1.60397 5.31476 17.205 2.14537 11.7171 0.00401916 3.93842
-65.2799 2.15614 2.27044 16.3295 1.83366 10.4201 5.40108 3.05877 8.1807 0.0539699 6.09296
-73.7095 3.42445 2.98163 9.72005 0.665113 16.707 0.315115 10.8886 24.9869 0.0374898 7.32831
-65.3006 5.54989 4.45852 3.98087 0.243007 16.1357 11.7967 31.1363 9.77213 0.00932525 7.19504
-54.6926 2.78511 1.85823 7.81531 1.10452 6.03107 0.893069 5.2803 9.90706 0.00805869 3.03701
-41.8319 3.87204 1.72852 2.59621 15.2386 4.95923 3.64288 7.78874 9.91206 0.00790914 4.4511
-53.6487 0.171737 2.56203 5.98941 1.5397 2.23778 10.7268 28.7675 7.61637 0.0201189 5.63756
-61.281 1.21834 2.24797 2.63033 0.730972 5.3797 4.9092 4.87814 9.16253 0.0228522 3.01816
-43.5608 8.4649 2.41856 1.72508 1.29166 7.64185 14.8646 2.56828 5.81907 0.504493 10.8255
-68.1081 5.93555 2.06152 8.84991 4.33401 4.01264 4.27893 16.8429 3.63178 0.227689 6.87867
-63.8404 5.07509 5.8608 1.81219 2.51648 7.05618 6.288 17.1617 5.80558 0.153733 5.8778
-60.8695 12.6828 8.498 1.5844 3.68957 11.7922 1.8735 2.83109 9.82124 0.189125 8.70617
-27.8254 3.85017 0.246012 6.83665 1.34957 5.10473 1.30222 5.059 11.6329 0.138056 6.77267
-43.6506 4.73188 2.71408 1.60209 3.55886 2.56761 4.99496 3.95268 38.9284 0.0677272 6.20552
-58.7531 0.556164 3.77936 3.1217 6.56899 9.8347 3.37428 5.0311 17.4783 0.163498 6.53099
-49.2366 1.91302 1.2047 2.74721 2.65524 14.0975 5.80617 1.68296 4.47487 0.272519 7.49931
-48.447 4.18066 1.40756 1.53393 2.38598 25.7775 10.199 3.07284 6.34112 0.256059 10.396
-70.9065 2.09113 4.94485 2.24506 1.49694 9.38819 1.9721 3.95268 2.67033 0.342532 7.02705
-44.3643 1.1158 1.39166 4.04431 4.81112 12.8773 2.85472 16.7499 5.19896 0.486865 11.2045
-64.358 5.1231 18.8706 3.2827 3.88997 6.70567 7.10627 7.04869 2.79693 0.384417 10.9806
-63.85 1.13376 9.98412 0.541816 9.79482 21.5977 10.8828 11.9045 3.28303 0.153363 11.368
-62.1506 0.513342 12.2596 4.29946 17.4334 7.41089 9.43092 7.29267 9.25954 0.127137 10.6274
-62.586 3.73197 9.33359 0.521373 5.23744 5.04363 3.32673 7.07813 13.8553 0.0889575 5.41839
-72.1036 1.07513 4.04522 11.3078 3.43369 10.8639 3.42778 11.6183 9.24031 0.209464 7.48429
-73.4116 3.61083 1.66929 7.59052 2.49496 2.21288 5.54335 9.07225 11.7439 0.231864 5.993
-63.0318 0.906367 6.81226 1.63584 4.34697 9.7792 20.5717 32.0099 3.1724 0.0095515 6.83692
-48.0668 1.83975 7.50183 5.62523 2.61664 1.98566 6.53213 4.29838 9.43861 0.00555536 2.84453
-64.7551 0.837378 0.873087 6.32719 0.861264 3.18218 4.17866 6.24169 9.23126 0.0498428 4.06813
-58.239 3.63637 0.411822 2.40112 8.07843 7.34181 8.24383 6.306 22.9028 0.0119256 4.44201
-71.5486 0.507404 0.467903 1.22962 2.42773 16.8078 14.8976 29.3556 60.0928 0.0106262 11.1037
-18.2213 2.856 2.51793 3.18232 10.5607 7.62692 7.23789 14.0286 13.5965 0.00284017 5.27068
-37.2395 3.48873 5.47598 13.0208 0.259831 1.63345 13.6434 3.40799 10.8377 0.00192728 5.82705
-18.6671 0.899633 8.10303 1.20002 2.25798 0.77926 21.2193 6.20959 2.23748 0.00192728 5.39108
-47.5957 3.30577 4.40334 3.84009 9.20601 2.65616 6.13445 15.5735 10.309 0.0653519 5.36748
-39.2884 2.33589 10.1606 10.577 4.9068 11.8954 4.51328 10.0007 68.9163 0.0332897 13.3883
-71.0406 1.9011 2.56139 8.99951 14.1728 9.98636 15.6555 9.78804 19.7163 0.103539 9.57865
-58.4118 1.88763 6.6754 3.92146 11.822 8.15649 7.43599 10.782 10.4358 0.0928759 6.8092
-69.3599 1.77885 9.15952 2.13173 14.3114 9.73321 2.03777 11.4411 17.8986 0.127862 8.35687
-47.8225 1.13301 0.876641 4.7554 2.89038 4.94142 4.25451 91.7304 7.48364 0.0135102 10.7073
-73.0979 11.5778 2.76345 0.562401 6.45897 12.7515 13.3602 15.26 21.5285 0.0160461 7.29574
-68.7538 1.24934 9.53507 2.74214 2.20307 5.72654 4.80521 15.8468 1.01139 0.148695 6.20709
-46.9695 3.44716 0.721057 9.31798 1.45372 0.331036 12.2964 18.8827 2.56961 0.23727 9.09021
-51.9061 3.79688 3.49757 1.65934 3.06571 8.68466 36.2253 2.88213 9.21523 0.0100687 7.10924
-52.8344 7.20292 1.11702 1.29658 4.12654 9.41882 15.2311 14.6734 3.39347 0.057922 6.17012
-64.3351 2.73613 7.38876 2.1269 3.87853 9.97499 2.92031 13.3532 4.18029 0.0118139 3.28937
-71.6828 8.24048 5.54887 0.601306 12.3032 6.81695 2.24779 16.8869 14.124 0.04478 6.50564
-57.3296 5.81893 8.21473 2.25356 9.7082 4.84143 7.6065 20.8498 15.9188 0.0935846 7.83393
-60.7434 5.68378 0.441693 6.73662 13.6548 4.44442 8.32792 27.3056 18.3945 0.0451271 8.31684
-61.5678 1.86566 6.1984 1.35188 7.65637 10.1298 0.720058 14.6919 25.971 0.097865 7.37713
-60.7484 11.3366 0.634756 4.28442 5.07381 4.24498 5.14269 21.3842 6.87015 0.139005 7.10924
-47.2336 7.70661 2.54835 2.32898 2.83023 1.59967 17.6288 4.40307 2.59284 0.00411804 3.65998
-71.486 4.78146 2.35545 1.68618 1.51528 1.5983 22.2552 43.8365 15.8143 0.0492794 8.47737
-50.706 3.96773 2.14552 4.90172 18.5454 3.45488 10.1948 13.9764 29.5688 0.0708752 9.43207
-61.8184 5.50238 6.72266 11.3217 1.57466 8.89381 0.430326 32.7818 5.04668 0.175135 10.4278
-55.7633 1.02533 3.51034 5.70781 1.58601 9.19974 6.64227 41.4908 19.8935 0.0326017 7.40987
-37.4089 2.12059 4.22177 3.69723 1.2217 2.12812 1.80553 16.992 5.46249 0.0384456 4.23255
-21.2213 3.68678 4.98371 7.57322 7.76356 3.05945 5.47262 17.328 6.11973 0.0179527 6.19345
-61.1076 3.16899 4.76151 15.1784 14.9225 1.25543 2.77993 52.8995 14.9868 0.0293822 12.2776
-40.5149 3.16899 4.7019 13.3961 15.003 2.88517 5.79 9.1733 9.94815 0.0262728 8.66659
-57.4832 10.6396 9.03088 1.04532 4.79504 13.2801 8.22263 12.7302 16.4959 0.0541319 8.74017
-26.3223 10.1799 2.87794 2.61573 1.0841 7.32513 1.98265 11.634 5.43981 0.0910977 6.69532
-58.5658 1.46647 4.82887 2.27153 0.0748595 8.94231 8.21377 10.6656 12.1387 0.207999 7.81573
-63.6391 10.2684 1.61833 11.5773 0.508927 6.50321 2.74003 6.53819 5.67886 0.380893 9.4093
-70.4746 12.4373 1.76319 1.05021 1.35676 1.56268 7.06085 23.395 24.4051 0.245718 9.2724
-68.1912 10.1728 1.95102 2.69789 1.72593 11.3498 6.20635 28.9296 37.478 0.215493 11.1677
-30.6225 12.8243 1.57779 0.895238 3.39283 8.32152 4.39625 40.2029 22.4057 0.179544 12.3419
-39.7325 18.4297 2.2696 0.430396 5.45084 5.52062 1.14884 33.4743 2.66266 0.249598 12.5469
-70.8822 4.8703 4.00994 2.05917 6.63747 1.78737 2.97957 14.6829 4.51046 0.150253 5.17987
-54.3992 1.97402 16.1795 2.11846 3.18124 3.65017 6.59063 4.04164 13.2831 0.0919833 6.76924
-53.6236 7.13383 3.4188 0.840911 2.20555 11.5396 1.45089 14.8246 30.3618 0.24264 9.51124
-60.7563 9.95416 8.33132 1.90935 5.76851 9.09661 3.76905 11.9082 4.84714 0.220978 8.34003
-72.4165 13.3685 8.55239 0.942551 2.36503 6.69127 0.0982786 5.12131 11.1578 0.14498 8.21501
-74.3131 10.848 3.76604 3.4462 7.23811 3.97971 13.677 13.9153 7.12752 0.101743 6.56452
-59.0783 8.33928 4.83832 0.722539 3.38189 5.40052 12.0515 15.082 5.13769 0.0190294 4.58835
-67.4711 6.02667 5.69665 8.35535 1.74774 2.78423 14.6799 16.0983 18.6585 0.0364082 6.11746
-73.0991 5.58187 3.92743 7.5412 6.26996 6.38192 5.42159 15.2532 3.53849 0.073968 5.11192
-36.4109 7.52299 2.36028 10.1093 5.32924 5.30771 11.2381 3.37889 1.64041 0.00062998 5.11963
-36.4552 10.5322 5.0531 0.38718 5.28777 3.4057 10.0314 14.4722 9.14711 0.0863202 7.67212
-18.6788 6.15029 8.09507 6.40717 1.51366 2.39844 0.515412 25.9331 1.53572 0.0165435 7.81576
-25.7358 0.571755 7.27867 4.79755 2.43333 1.5273 10.5019 1.22103 18.7178 0.00475237 4.94176
-25.7358 0.571755 5.32953 5.89179 3.60133 3.13474 16.3548 7.69643 5.79232 0.00684558 4.7829
-56.117 3.59265 1.27991 10.8913 12.9133 7.56283 13.8128 2.68178 2.89053 0.033033 7.53028
-62.859 1.27372 7.09667 1.50415 9.52457 8.83568 0.366913 14.2577 27.2944 0.0220715 6.478
-59.2335 1.43755 15.3963 3.38251 1.43971 6.76048 7.05144 26.793 30.0214 0.0299602 8.49077
-71.7707 2.64123 10.2363 2.88744 6.91901 6.50784 8.785 19.2125 5.93652 0.0224656 4.85858
-66.417 4.10459 2.54655 2.14964 1.8844 17.0558 8.52767 8.81504 1.42729 0.0211073 4.47318
-73.2227 3.23602 2.34007 3.24784 2.52348 16.3943 11.739 4.44038 8.7749 0.00515947 3.4163
-59.0524 9.98255 2.99997 3.68361 1.12832 2.12286 2.40169 2.04847 7.46102 0.00153714 2.43591
-73.7045 15.7735 0.797777 3.73514 1.12832 2.93377 1.02015 1.31373 6.39012 0.0458275 5.41713
-68.8376 3.26772 4.61227 3.11654 6.66833 8.10532 7.86993 18.9988 1.51523 0.0100628 3.73162
-43.1722 2.49548 11.2947 2.50797 5.60674 1.0645 9.22191 3.81589 24.0858 0.00328195 5.03553
-62.6751 2.4267 7.56394 5.47535 4.6381 1.88296 13.1521 13.2169 15.2382 0.00154047 3.4588
-70.4867 3.71408 12.7543 4.44717 9.50627 1.90266 8.15148 15.3374 2.66345 0.00160665 4.55324
-73.7667 1.57086 6.03368 1.05423 7.16601 6.43276 14.1872 1.25419 55.6115 0.00333768 6.95457
-58.1826 10.9499 3.98665 1.41743 7.41484 0.680793 18.4906 4.59316 20.2202 0.000647776 5.40493
-44.2891 2.448 2.69125 11.79 4.28642 6.15187 8.68598 7.86529 7.43713 0.00214403 3.80214
-74.6586 12.1143 0.482258 5.4518 0.345821 9.57575 5.14236 21.2345 13.4815 0.00228993 5.2375
-43.2065 0.996615 3.55016 11.1074 2.63248 1.94138 2.10658 34.1067 1.89389 0.0199815 6.30295
-20.5217 0.939433 0.599291 4.7031 4.91902 6.80906 3.44739 35.1302 14.1108 0.00107757 5.51027
-50.7996 0.751456 12.9292 2.74529 2.17447 3.00662 7.39628 2.89245 13.2822 0.00804896 4.21482
-53.6473 0.261553 8.87413 2.1068 14.6986 15.2519 10.1172 1.57431 12.4048 0.0226943 9.09538
-58.9771 2.52103 5.85918 1.84238 1.00328 5.31582 12.7698 15.3923 31.407 0.00450944 4.84518
-57.4096 1.49033 2.80476 2.27079 11.584 5.40897 20.302 1.89685 20.0091 0.00154163 4.97014
-73.8143 3.85676 1.37424 16.3049 9.33854 6.77126 13.3719 4.0706 9.84563 0.000866052 5.45267
-72.4714 4.97922 4.15109 1.85852 10.785 13.4373 2.77117 5.3098 11.4361 0.0069405 4.01836
-66.5423 6.80634 4.19329 3.03654 9.36995 7.94003 4.57123 3.05152 3.46874 0.0189023 3.86918
-70.6131 9.37508 10.3064 0.475897 4.86287 5.44985 3.06347 22.7459 6.04973 0.0300402 6.14301
-60.0306 5.43867 7.29513 4.22377 19.3349 1.07227 3.87175 6.66256 79.4299 0.0268865 12.9729
-71.6 10.2418 6.71279 5.94202 10.4244 3.02404 7.92555 7.05644 23.1125 0.00773052 6.14424
-46.6526 3.84516 10.7974 5.14759 4.52825 4.1563 4.0072 9.44251 20.9817 0.222964 8.73944
-74.4123 14.7963 2.48929 3.26396 3.64373 3.41562 10.0697 11.444 37.7876 0.447171 13.0376
-15.1602 12.4614 3.84335 4.46525 10.1318 0.884138 13.4794 12.7333 5.90189 0.323313 13.7666
-58.4302 0.417438 0.490601 5.58547 13.2209 12.4323 4.30654 3.54948 32.0653 0.0964418 9.19026
-46.6647 1.42742 1.78001 10.7012 0.878557 6.96751 10.2213 7.87685 15.4088 0.0475251 5.78096
-65.4772 2.2765 7.81728 11.4847 2.70811 5.68069 7.76998 8.05004 22.5123 0.00847514 5.03507
-68.6799 1.80258 15.5707 3.63181 4.3962 8.35739 21.2249 5.73477 25.189 0.0127052 8.18632
-69.823 7.13159 1.96939 3.25741 8.08519 10.9194 16.7369 23.5819 6.25713 0.0279293 6.85036
-66.6874 0.616592 0.200053 0.61301 9.14626 1.80504 23.2627 5.97281 18.7122 0.00742025 6.24985
-31.801 6.51564 0.129719 1.23456 5.4608 1.2518 27.4963 4.55546 30.1247 0.0448918 9.68766
-32.7944 4.5118 0.4521 2.73625 5.74004 4.07698 5.81958 10.6781 5.15253 0.111163 5.64069
-20.5379 4.10171 0.43659 4.03902 2.76799 3.37912 10.5588 22.8943 15.4821 0.0960126 7.56141
-27.0901 4.11156 0.786484 7.16885 23.0852 3.05836 16.7447 6.95809 41.8718 0.0224629 13.643
-50.4735 3.0715 3.63412 7.20739 3.18857 5.89884 10.6613 0.914221 21.5832 0.080394 6.30388
-67.427 7.06512 5.03794 1.89919 5.10117 4.23053 5.32697 12.2376 11.6506 0.148243 5.5753
-64.0096 3.04101 8.41702 6.78617 0.215918 2.59247 11.3787 18.2947 24.4546 0.0182197 6.36105
-49.3046 5.60706 2.54086 1.77321 2.57372 2.86402 22.8872 13.3598 6.83627 0.0430556 5.68919
-33.0566 8.04351 1.6884 4.29786 10.6605 9.05739 6.27032 8.54878 25.4349 0.0201304 7.70247
-68.4346 9.74841 1.16459 15.1331 2.38564 4.31566 3.43098 6.34811 10.3951 0.0511531 6.2187
-56.9495 9.44673 0.967714 3.84762 2.09003 4.31524 10.5719 3.59677 12.756 0.0489147 4.81059
-73.3457 13.9853 0.854787 0.980731 2.64774 2.68895 10.4116 16.2668 5.58063 0.0240821 4.93666
-73.3457 0.476083 1.11496 12.1541 3.56092 5.09399 4.60713 11.3522 1.77613 0.035849 4.59761
-63.0657 3.9203 1.92276 2.64297 2.81064 2.17749 3.58447 12.979 15.0706 0.0418036 3.67263
-70.5563 3.94356 1.52745 3.10824 12.6822 1.6385 22.0766 10.5229 2.74832 0.00572041 4.83207
-62.165 0.251248 4.84052 1.68301 9.41453 0.856067 10.9058 8.99078 3.53568 0.00572041 3.78753
-72.0912 6.39861 5.54776 3.36119 8.02929 1.71762 10.4935 47.4428 20.5004 0.14304 10.47
-58.0622 1.50378 9.87889 3.59835 15.126 1.7435 2.61615 5.39249 16.6967 0.0374627 6.44956
-66.8807 0.712171 3.3388 5.16267 2.62729 2.64075 6.24166 10.4149 13.6749 0.0184234 3.13122
-63.0095 2.9995 4.98998 1.66246 10.9716 17.0236 5.95016 3.4225 24.8542 0.0257101 6.92636
-59.9095 2.5129 2.34083 4.47654 8.63918 4.81837 2.38198 16.0914 22.394 0.0202518 4.50541
-67.2042 8.87283 6.76445 6.9453 7.95018 2.69739 12.0217 2.66285 27.929 0.0120939 6.738
-35.8357 4.80399 0.540788 3.63136 10.6806 2.38301 11.1589 9.35179 14.4718 0.0561407 6.44629
-52.2905 2.3223 4.90825 1.98568 9.0546 2.96837 9.80381 4.93261 8.56448 0.00212554 2.55755
-66.012 4.11107 3.59367 1.15573 6.5434 5.34448 5.01567 18.3101 21.4892 0.00191709 3.22829
-33.773 4.69124 5.58199 5.05539 3.0647 10.2177 6.55757 6.60245 9.24919 0.00644067 4.40502
-63.9166 2.74227 9.53785 3.01992 3.10594 10.5788 3.49769 9.37978 11.3892 0.0248632 4.26984
-53.2425 4.91633 3.9221 8.86852 11.2224 7.44908 0.670663 12.4136 8.45186 0.00513901 5.58192
-40.3552 2.0063 5.33341 1.14353 1.57612 9.55821 11.1766 58.0269 0.732281 0.0023634 8.23758
-25.4556 4.40655 3.07519 3.34557 9.09497 12.163 1.35686 26.9931 3.54237 0.0372354 7.96858
-71.1712 2.26392 4.08096 6.24102 5.42133 2.55068 3.9275 15.1417 5.60426 0.0460579 3.64227
-58.6418 5.4642 18.137 12.093 0.848379 2.78925 3.35808 8.36647 14.2681 0.153977 11.252
-65.521 5.34339 3.71304 9.23339 3.41362 3.27594 3.31247 17.1726 32.1273 0.165989 8.1079
-73.3829 4.37324 4.04648 8.84209 4.27696 8.16951 2.65737 4.41401 10.3638 0.143054 5.57369
-33.2303 6.72071 6.10106 5.05142 1.13778 2.03004 14.6551 19.9046 13.2642 0.0759247 7.97983
-16.4169 1.0751 0.590884 7.10659 1.50156 0.676593 26.101 2.07948 9.86254 0.00631188 6.65267
-55.7026 0.961736 1.07209 7.45504 1.16388 8.75528 45.1989 10.0197 17.8106 9.72608e-05 8.70828
-66.2693 0.791891 4.20435 3.22297 2.77976 14.0446 37.9926 11.8133 25.5309 9.72608e-05 8.22461
-71.5827 10.6947 4.25408 3.27179 24.3683 0.513072 1.38075 3.0787 29.2158 0.032681 10.2832
-64.0595 4.53549 1.70764 3.42643 8.86606 1.52277 12.7085 7.85092 19.2401 0.0668855 5.46598
-71.8549 1.08138 0.843786 4.63935 10.577 3.67654 9.13777 8.49758 17.5283 0.00473127 3.45945
-44.8772 4.01187 5.80504 3.65651 12.435 2.74537 1.06615 1.05678 4.74126 0.0856707 6.48799
-3.88597 8.64254 3.31771 0.628188 4.40945 2.50647 5.11531 7.55459 26.8277 0.0152958 6.91911
-29.3587 8.50122 2.45867 1.60415 3.74976 2.99588 2.1519 30.5485 36.7845 0.0208375 8.02212
-69.6789 3.77627 1.937 2.07343 4.03835 2.58882 11.7859 16.5248 50.1415 0.101515 8.29823
-73.5059 10.5622 1.99022 3.80682 8.39696 2.78888 17.6175 4.37859 23.7575 0.114744 7.81762
-71.2192 2.42723 3.28912 5.50937 5.67722 10.6497 9.1324 3.03438 8.23496 0.0484684 4.27218
-66.5085 3.24768 13.8341 14.1791 3.73325 6.14612 7.19486 11.2964 2.39307 0.0846849 9.32398
-53.5406 6.8428 9.9915 8.70846 2.16322 5.57829 4.84608 1.75002 4.11147 0.00221114 4.75596
-51.4275 3.56635 5.01739 17.4926 26.5915 4.25363 7.304 4.56696 7.05538 0.00148254 13.2119
-66.2013 2.62466 15.1285 15.8336 7.26159 5.77781 8.27774 5.67372 15.4365 0.0385242 10.5996
-70.2085 1.85209 2.01759 15.8184 3.39124 3.21545 3.02927 4.39606 6.62456 0.126669 5.83602
-72.6437 5.52641 1.84153 11.5546 1.66526 4.18494 2.77477 2.27891 11.2257 0.446009 8.81141
-34.9634 1.77403 12.4826 8.7329 3.1221 3.2717 13.0842 9.47656 5.46243 0.149119 9.64924
-69.0315 8.79586 0.142622 7.24607 13.1831 2.2166 4.37739 20.3611 7.47921 0.214836 9.68836
-66.0357 3.4786 1.74934 3.34901 0.589 2.68101 15.1049 8.58429 19.9889 0.0452509 4.98441
-65.1174 0.965829 15.6156 0.334535 4.06016 3.54303 6.25698 13.2487 12.423 0.0222702 5.67418
-36.525 1.43073 14.0561 0.609477 4.41542 0.394124 15.0632 8.20081 29.2993 0.00352349 7.6289
-65.8798 1.71532 2.74589 1.85579 4.45422 1.74998 0.532544 9.57963 3.62705 0.0558674 4.04212
-39.1616 7.05876 0.620845 8.31384 3.4222 10.4682 1.50023 16.9792 12.8766 0.0012179 5.17299
-56.883 7.696 3.84147 3.1191 3.4645 3.05024 7.47707 30.5635 2.61276 0.0012179 3.80436
-71.5271 4.15067 2.01277 11.226 1.44125 8.02949 2.5869 1.74311 6.61383 0.0012179 2.48549
-73.3938 3.99517 2.78031 16.1997 1.44125 6.26064 6.38204 13.1948 13.3601 0.0062855 4.59755
-49.3992 0.721016 9.62777 1.56749 0.789069 0.713936 16.1924 21.3841 1.55528 0.00677602 5.77899
-65.8957 0.837175 8.60736 2.66584 3.32496 4.75817 23.1466 0.653944 3.21581 0.0257307 5.75633
-63.6214 9.91514 10.1673 1.35613 1.65378 1.45789 16.9891 0.610546 3.21581 0.0630301 7.29491
