-73.0371 10.8252 14.1737 6.15478 20.7749 20.4129 15.832 25.8446 12.9488 64.6269 0.0384937 12.3513
-66.457 5.82683 8.41014 12.2043 7.52441 11.1647 12.3024 62.7013 31.5931 5.32183 0.0771946 10.8383
-68.9255 17.282 10.0983 3.2548 7.57053 15.0045 10.5298 15.2349 20.3719 7.15854 0.0413585 7.71686
-69.2202 10.2819 7.30866 6.75727 5.3178 33.7572 33.1646 11.4362 35.3043 0.459161 0.0124556 8.83757
2.23592 0.966443 31.8812 11.6729 5.7434 7.37245 24.5468 5.24384 6.75592 29.5591 0.00941145 10.6417
37.0472 8.28567 11.3999 7.45656 5.46852 7.99117 28.972 25.6654 2.75174 16.4317 0.0075929 7.37753
27.7999 7.78256 5.41333 12.8282 12.9223 16.0368 44.5415 1.06984 2.75174 3.48858 0.00389145 8.10848
7.28507 4.14654 2.58688 8.40752 9.95276 16.6685 27.8736 7.66575 10.2955 37.8956 0.00333407 6.88379
6.92647 1.81632 11.075 17.8276 11.7368 12.4524 37.6387 25.1905 6.72621 29.0939 0.00111399 8.80126
-71.9668 5.87695 17.57 22.0003 12.5898 14.8272 43.3408 10.9995 13.7774 36.6844 0.00042189 9.82713
-53.5485 10.5348 14.6156 1.21414 14.1872 27.2053 33.4427 28.4359 10.4305 16.8149 0.0098401 8.76362
9.79026 15.856 6.97655 3.75503 3.05356 10.9892 24.9471 37.3897 7.52844 2.48335 0.0206552 7.85365
16.7749 8.49256 10.8893 2.70197 8.41689 10.9479 24.1813 1.9566 6.46024 8.86359 0.0119332 6.02671
-63.5811 4.366 11.2804 16.2287 3.44536 8.96958 13.0143 24.4952 5.2353 12.9418 0.00253717 6.00231
-69.1863 0.0988614 9.39933 1.60421 12.979 14.2431 3.57394 19.6174 9.60161 17.7657 0.00118516 9.77314
17.7346 7.04847 14.4494 3.4206 8.28797 5.71865 10.4035 14.224 18.4315 2.73729 0.013944 6.96528
-66.9012 8.6475 1.19722 36.7351 12.1285 19.3751 28.8763 0.490135 13.5373 1.83173 0.00400085 9.40944
-6.2874 15.1926 7.85506 6.05212 18.4225 1.78834 42.9555 15.6994 13.6825 2.47037 0.0173507 8.65814
-37.2215 21.6739 8.15788 6.74488 1.87058 15.8499 19.878 21.8338 5.68839 12.9535 0.0176275 7.4314
15.6159 8.00796 5.64546 13.6103 9.79128 14.4316 18.1003 19.2032 5.80434 10.9196 0.0239202 6.57102
-16.0312 9.45389 21.5868 2.02969 19.1177 7.77077 17.8166 24.2736 11.4847 4.07419 0.0872097 9.79102
-38.4491 9.2174 16.3112 5.6482 13.1249 9.364 14.279 33.4502 4.13451 5.31374 0.123548 8.5731
58.8576 14.5712 1.26304 3.69155 14.3628 11.2217 22.7635 9.99735 22.9421 0.159359 0.110817 11.5399
18.1007 1.51547 4.91935 9.19545 7.44631 29.1907 52.6997 9.70389 28.9925 6.9714 0.216393 13.8807
-16.9165 4.01991 4.148 10.1886 6.77187 18.8025 44.3621 8.70335 13.8739 2.09149 0.111055 8.25292
33.2066 6.31663 7.57966 10.9792 13.4611 16.2834 32.9967 5.72873 8.73375 2.21988 0.061159 8.68085
-2.60667 6.02 14.5343 11.6582 7.17613 13.0761 33.5742 10.5333 4.29287 11.995 0.0265689 7.21214
-27.9714 3.59391 7.30801 26.8174 3.499 26.0575 27.1873 9.49417 28.7115 29.2288 0.0333813 10.9426
-8.98476 6.88305 3.44172 27.7077 4.70749 30.9982 14.4229 10.3392 7.52979 13.9194 0.0708383 9.6847
-41.8837 12.8643 11.5325 28.989 7.90632 5.37878 10.7745 36.6001 30.3102 14.3448 0.0605607 12.2364
-59.4995 20.7794 10.6932 4.83922 5.31461 45.9173 2.20741 18.3695 1.72127 15.9845 0.0386738 9.91638
-19.3 18.5817 8.81306 2.70996 2.54052 39.9302 22.0235 0.170674 31.8474 8.99505 0.194039 14.0292
70.1461 12.6266 8.41123 3.48619 8.71559 3.95014 8.05135 1.44628 39.0323 13.6986 0.039648 11.4848
-20.0991 10.3922 10.2883 12.3998 2.76218 5.77205 25.2918 49.1908 19.4905 15.0132 0.0548022 10.0234
-10.0814 2.67677 17.8667 8.83815 4.1781 7.55266 12.3557 12.0836 25.993 8.3562 0.0280449 7.91855
-60.9096 7.25676 17.9993 2.5114 21.1185 7.6449 32.3432 7.72731 7.22217 4.33746 0.00856669 6.00385
-57.9445 1.37362 15.698 11.8932 1.98665 13.534 58.2839 12.9039 8.06383 12.7697 0.0443661 8.8527
-66.6164 0.690983 3.06119 13.2295 2.66498 25.5058 59.4027 13.1404 6.36671 7.20567 0.0420761 9.27738
-4.97445 2.57394 17.191 9.19997 15.568 15.7707 33.0559 3.99614 17.5499 16.32 0.0248875 8.84296
-64.3221 8.10919 12.7622 3.40652 11.2162 19.86 13.6829 48.4253 29.7099 5.98103 0.0181082 8.80275
-73.9651 17.6873 22.0331 9.3808 8.11678 13.878 6.73467 12.6468 26.829 10.9443 0.054311 9.81128
-51.1848 0.837108 3.1208 30.5051 18.7035 1.69301 31.6508 50.5301 5.80001 6.1873 0.0468836 11.1765
9.65892 8.06707 19.9315 20.42 6.60418 1.58755 21.0977 22.0541 34.4192 16.05 0.0473238 13.2729
-37.2243 17.9033 8.12159 4.71417 23.8071 11.8029 10.2605 41.413 13.7832 14.0972 0.122509 10.8654
-65.3601 13.5702 12.9821 3.46368 11.5312 24.2672 20.131 23.4638 4.14898 14.3741 0.201826 9.78855
-57.8173 2.90441 4.14019 3.88611 5.38727 23.5602 44.8334 13.6346 9.73452 18.4814 0.170381 9.89103
-18.5384 1.89434 4.1478 8.52173 16.5308 48.4769 0.235079 22.9665 13.8987 34.8425 0.184636 14.3312
-51.5955 5.9769 9.43593 19.5255 11.7469 13.5444 34.7214 16.6665 21.8949 37.0104 0.0584469 10.7473
12.7584 9.92719 13.2897 13.4601 0.844053 33.5922 14.4357 1.01058 12.6579 2.32405 0.114801 11.745
2.77609 5.82187 3.18699 4.83484 8.85545 17.3639 21.3511 4.74003 5.49576 2.60575 0.0791969 6.69102
2.8874 2.03755 3.18699 9.26655 29.4168 10.4689 17.9813 8.04688 17.0011 9.95214 0.161407 9.44576
-60.1351 20.5053 14.9401 6.18472 12.6507 8.69271 22.0474 8.73924 12.8494 3.09524 0.00305017 6.4126
-74.69 32.2153 11.4129 5.32381 8.75122 13.4906 20.7474 9.32756 12.253 4.10938 0.00425157 7.73018
-53.9132 26.2301 5.11664 5.61693 16.4562 20.2626 15.4715 6.92294 22.3673 22.9137 0.0151911 9.29966
-12.3467 1.5476 13.6146 6.34506 16.092 1.29999 23.378 14.5959 13.0323 62.903 0.0225161 11.5454
-71.8006 8.72932 19.1584 8.05432 11.9195 1.29999 16.8123 14.3633 18.5395 23.4289 0.0848874 9.92329
-37.998 2.83054 11.5809 11.2873 5.12976 8.48794 13.2256 6.37686 2.40581 17.1081 0.236832 10.0188
-47.7898 14.8821 1.17703 28.4808 2.98241 11.0268 3.57335 10.7546 15.844 24.355 0.592321 15.2541
-29.9357 17.4181 3.66103 6.30051 18.0139 15.329 2.55315 19.5465 19.3025 7.62731 0.135548 9.58698
-30.6315 11.6792 5.25497 23.0016 13.5142 13.5125 28.6183 24.1707 17.9464 6.72772 0.0436434 9.69765
-31.2519 6.69188 4.94983 15.6965 14.9123 21.8542 22.2144 16.0516 13.9846 16.5508 0.176577 9.88504
-31.116 12.7008 3.28791 10.4067 33.5459 5.18617 7.22916 38.2206 7.29835 32.6509 0.00682762 9.65818
-25.6404 1.03617 4.94247 12.7064 14.7516 19.1029 21.1326 14.619 7.8011 1.43945 0.00194813 5.1128
-7.60738 4.36096 4.08516 6.25585 23.7394 18.9312 11.6076 8.60509 6.7725 43.1173 0.00597086 7.7377
78.0473 8.63062 3.00526 6.9646 3.50831 11.0493 33.0825 2.59594 41.1025 6.76177 0.00884639 9.28807
-52.3534 16.906 4.15411 23.418 8.80799 0.653058 23.2244 15.7275 22.3764 1.63849 0.0578003 9.90049
-63.7663 16.0074 5.74038 18.1372 9.47263 20.6333 10.6974 46.3954 12.5977 2.75474 0.103874 10.1026
-53.4881 4.25215 3.29943 15.4516 33.9972 23.2035 11.4318 27.278 5.04845 6.70973 0.139162 10.6279
-62.515 2.69109 2.05733 1.90521 29.5752 27.048 28.0017 24.3863 32.0069 19.4197 0.128671 12.3626
-47.5815 11.5934 2.90174 6.96155 29.6418 12.6478 1.31317 2.17452 11.7578 28.7929 0.00437199 8.3118
-64.7238 3.32627 6.72206 12.9353 18.6125 23.8644 10.5695 20.4925 29.3454 31.7008 0.0934488 10.7341
-21.8986 2.04727 12.3238 12.4403 2.78969 25.1784 0.348003 47.629 28.2443 13.743 0.0546809 11.5975
-42.7043 4.88444 20.7518 16.5972 5.97461 36.4624 8.08979 40.7011 24.166 17.5662 0.0106814 11.573
-52.3442 0.0978347 24.9717 18.7399 6.25495 1.94776 22.4451 29.468 26.1765 8.87522 0.00757991 10.4566
-54.2769 14.7864 16.1436 13.9664 8.83798 13.4024 11.2874 47.1279 32.1741 28.96 0.0168536 11.9006
41.5096 5.28809 1.00667 3.41618 6.96376 8.30267 7.43608 42.1123 1.53813 3.71776 0.0312133 8.19793
23.3487 1.48773 6.65089 13.9936 2.29898 2.41476 50.7977 39.6821 4.26167 8.46116 0.0117187 8.76543
-18.7692 13.1663 7.36436 3.54392 7.60211 1.71411 35.4314 4.45446 4.7082 7.08036 0.0374265 7.09175
-13.349 9.81471 7.7683 1.70186 14.5969 7.32318 18.1423 6.99088 16.5772 16.5067 0.238728 9.97946
-41.494 10.9897 4.03975 10.1336 17.6305 1.58617 31.1042 39.879 20.7573 0.645726 0.165828 11.3428
-32.2691 3.44423 16.8547 17.7792 5.02306 30.3853 3.26788 35.1995 9.07192 4.88438 0.109907 10.4134
-38.6142 3.94778 1.20155 6.62287 8.10329 25.1054 3.80444 23.7656 16.222 6.53044 0.1044 9.20697
56.5352 2.54978 1.04981 17.0735 8.90603 9.19987 5.7247 23.8106 25.9971 19.6346 0.0198178 9.18375
-8.1146 5.80021 4.03237 16.4906 5.63513 40.1703 1.60856 5.12441 92.6831 5.65163 0.0139282 14.2542
-74.506 5.24966 18.876 17.3893 5.20103 26.8716 11.6858 24.9215 76.3943 17.6612 0.0146621 13.3154
-40.5645 11.5185 9.65296 14.4381 8.83794 26.2491 2.36282 24.6444 3.49393 11.9904 0.0139552 7.23527
-70.6661 16.0003 8.54138 5.26503 7.51793 33.48 35.5071 24.3913 9.70322 17.5472 0.0010086 7.43865
-38.9624 0.372968 15.6976 6.45828 20.0631 7.34541 49.3118 1.82543 8.05779 8.59606 0.000930387 6.88374
-74.7464 4.10258 24.8351 10.4119 20.7615 3.38487 52.8643 1.82543 13.3879 9.93686 0.00112808 8.47002
-61.7627 5.17725 17.2855 12.5271 24.4408 6.42498 24.799 41.4306 19.2252 2.30382 0.000315272 7.90531
-67.6112 2.07651 7.45 25.4442 28.7353 9.59618 32.1753 2.15829 4.68373 31.1063 0.00556653 9.44865
-55.8285 10.2134 2.51323 7.55082 9.59807 15.6888 37.4417 2.40538 9.18326 23.6197 0.222221 10.1853
-31.1644 5.0296 19.216 0.0846567 17.203 12.9812 40.152 26.9591 4.23 4.0713 0.168833 12.1819
-3.67845 7.70733 4.11109 0.325763 15.9334 18.2961 6.02499 5.75981 4.61056 9.78366 0.2457 10.2232
-43.4105 5.7607 4.75435 4.43635 20.6667 30.769 33.4006 2.99516 22.3115 13.6892 0.0231615 8.32806
11.2776 2.44951 3.40187 2.33911 10.0302 4.0814 43.8874 25.3424 39.4169 28.522 0.0301505 11.0451
-40.2447 20.8224 5.2644 9.18922 3.7345 15.3634 6.0329 7.79189 33.0621 24.6179 0.00623524 9.09412
-48.4215 15.7448 12.1835 8.23586 7.26263 11.1158 4.48685 36.0076 28.8215 32.8916 0.00906137 10.2073
-2.92247 5.76022 11.8955 7.59439 6.28962 15.1806 18.5961 32.2868 10.9481 5.13765 0.0133001 6.29195
-39.8119 3.10891 0.828546 3.74969 28.2723 30.2226 16.5668 3.29072 1.94324 6.64914 0.000798206 5.95302
4.8589 2.98461 7.41918 6.21061 8.40612 43.2177 5.67032 8.53617 8.79424 4.79558 0.000798206 5.19718
-73.5944 12.8391 11.6588 6.47927 6.955 7.64952 48.2704 5.49146 13.8993 4.66473 0.00404963 5.88739
-70.7966 16.7314 10.5908 2.82554 15.837 3.15875 9.31356 23.58 13.0218 3.51982 0.00481807 6.80522
-12.9359 10.0942 26.2172 10.7907 2.50401 4.45448 14.8828 2.66292 13.4218 0.557038 0.00791838 9.17756
-72.1878 13.5895 17.6621 16.2687 17.6272 11.7048 21.0498 7.97326 23.9441 16.9963 0.20518 12.2889
-70.8008 16.7623 19.6717 13.3904 6.41401 14.8074 20.3546 8.71852 19.7812 25.0832 0.393901 13.6689
-45.5233 9.67969 15.5438 2.83739 39.3441 14.2449 13.0748 5.21576 26.4808 11.0031 0.0330502 10.5436
9.62028 13.4278 10.0449 3.79154 2.45237 3.6015 37.26 7.1209 24.8545 2.99379 0.000989012 6.92914
-48.0841 10.9325 5.10572 4.25304 19.4654 19.7252 13.4435 29.9577 16.7614 12.5886 0.0337898 7.55716
-6.79231 6.125 9.7705 4.32187 4.16141 33.481 2.52639 25.7518 18.1728 9.91605 0.045525 8.21965
-31.8493 3.51751 5.0927 4.34138 4.0347 21.1166 57.156 2.84562 37.1503 7.95703 0.0132734 9.03288
-60.7378 3.02537 24.3891 9.58158 9.4449 13.6773 20.2488 16.135 16.129 27.145 0.0854438 9.72334
-47.3351 0.729036 23.0817 23.9275 2.48685 8.35283 20.8482 70.5132 15.1284 18.831 0.113782 15.0362
-32.7528 0.759859 2.23307 21.4533 12.123 11.5731 3.6623 24.7785 17.3899 6.31115 0.00537786 7.36559
-74.4999 1.25568 10.8856 1.607 19.1705 42.2033 4.61169 20.2121 33.7166 19.9996 0.284938 13.8155
-57.0407 3.77264 6.08799 3.1498 17.242 25.4214 22.2872 7.97674 0.323661 14.4533 0.168053 9.54385
-47.4945 20.5778 3.57801 1.42368 14.3326 14.7831 27.0158 10.6452 32.3893 24.1949 0.0426305 10.0697
-31.4215 3.64895 2.87475 14.3211 3.56001 4.16481 19.5386 14.5059 36.7304 18.7348 0.139539 11.4425
93.0865 2.38139 1.38477 3.7481 3.31684 10.116 44.7753 20.749 8.94813 11.8881 0.162512 10.5387
-3.23239 9.09885 5.17676 12.2186 9.90943 9.92404 42.7163 2.5956 18.8548 14.6162 0.0149796 7.5038
-33.9268 13.5558 12.1133 15.2273 11.8275 9.7221 37.9219 3.57715 28.2546 17.7144 0.0392116 10.5017
-0.0838749 4.06714 1.83906 30.0286 11.2163 8.31405 25.7641 15.951 19.874 34.0473 0.010297 9.98765
-17.0335 20.5472 3.0475 4.64957 15.0886 9.70043 9.25932 8.83342 13.9608 34.7691 0.010297 8.63152
-29.1484 17.1897 3.19137 11.5968 15.0886 6.08065 20.8996 0.506599 16.3194 17.6144 0.010297 8.01493
-33.3829 3.42915 2.66778 16.5889 14.0178 18.358 38.215 5.24649 4.35466 13.0102 0.0163323 6.57966
-33.6048 5.33001 13.7078 5.56914 17.2694 36.7807 20.9519 5.73109 1.00146 1.09193 0.0337487 8.71511
8.30815 6.05703 9.70245 13.7463 7.30978 12.8632 17.6861 23.2013 8.52454 27.7442 0.0706645 8.92964
26.5192 0.995946 13.0952 3.61388 14.5991 28.6624 11.3279 0.4302 18.596 4.7475 0.0257229 8.83641
20.5185 6.49333 11.3342 3.98724 0.759251 23.198 21.7697 5.17752 6.66597 8.45372 0.00173031 5.60413
-12.1066 5.54621 9.65174 0.62837 18.6216 23.2935 29.4102 6.44292 15.0946 41.9097 0.00173031 8.78375
-14.6167 19.5086 9.95877 5.45347 12.4119 11.1526 14.7746 30.4345 14.7501 24.1224 0.104884 10.86
-60.6852 3.13374 23.2766 5.92693 8.97709 43.9022 1.45461 19.0126 17.7308 28.9641 0.013302 10.3007
-55.098 3.13374 21.2582 5.44333 10.3666 38.5933 1.45461 34.9962 27.2816 52.1122 0.013302 13.2861
-39.9511 2.75399 19.8576 4.57466 19.4632 35.4726 9.84121 14.5377 6.09902 31.6113 0.013302 9.41907
-3.40683 9.00252 20.8666 0.472039 13.7812 8.97887 8.34067 11.5481 34.9654 8.29476 0.110427 11.4189
-69.568 11.6199 19.15 22.4979 2.86899 10.2288 14.2047 4.98998 4.23628 14.5522 0.0209298 7.9573
-73.9996 6.45006 27.5228 13.4141 9.57369 7.2566 12.6803 2.15016 35.5064 31.4285 0.131794 12.9892
-43.2306 11.9392 1.42334 11.6491 11.6035 17.6147 27.8149 8.34164 13.1198 17.7708 0.0700795 7.96642
-61.4293 6.44315 9.90841 14.5107 9.5218 0.700726 5.43552 11.2097 13.6845 13.2858 0.000285373 7.09525
-21.3024 10.3714 9.80026 11.1133 17.9205 9.59835 7.08371 1.7245 6.88728 14.3478 0.00100463 5.76833
-21.9133 4.56433 6.29316 6.72528 34.8375 11.581 25.2934 3.95712 10.0888 14.8341 0.00100463 6.17545
9.02852 8.89532 7.2132 11.1152 15.4716 5.06922 4.12852 31.7048 11.7293 6.62547 0.047687 8.08398
-19.7322 6.33933 3.1805 6.27566 31.0752 3.08405 41.9804 18.1532 3.87366 3.85116 0.0230384 7.63983
3.96545 2.52735 1.0848 8.3033 10.8301 11.7944 30.5643 35.0542 0.630619 6.94375 0.0108349 7.12695
-47.2496 8.57692 7.99282 9.60382 10.9512 34.5527 22.114 22.7676 1.08481 7.5235 0.000460942 5.83043
-34.954 4.39253 4.87338 17.2075 3.50828 11.1053 26.0749 27.0564 2.44864 13.7754 0.0143991 6.54549
14.1558 11.2962 6.84777 22.1648 6.0774 0.80935 28.7006 2.4871 1.87808 9.01808 0.0625463 9.84581
26.0742 3.96982 12.0055 1.35379 5.23657 18.0748 24.9305 3.2138 0.43201 18.484 0.0282533 7.99118
-9.21961 3.15995 7.63849 10.3297 19.1641 20.1664 3.83647 19.8985 0.957953 13.9003 0.0305483 7.40974
19.5983 5.62377 7.86125 11.0203 7.21316 8.33555 11.0113 5.53566 5.56661 1.69592 0.0252863 6.16555
24.1736 3.24455 3.36808 11.9903 19.7734 8.77408 21.7875 11.7492 7.75111 8.46877 0.0257705 6.3583
79.6491 5.73137 1.85079 1.47932 15.393 12.3621 25.5127 2.49009 12.9928 12.3584 0.0234523 7.78224
-1.8823 7.74693 8.21313 2.40405 8.69325 22.85 26.223 20.0095 11.7727 2.1576 0.0240718 6.64337
26.539 1.79577 3.80636 17.8905 4.33892 9.50827 5.23751 13.1545 24.8128 2.31879 0.0258479 8.00548
-51.0132 1.68673 5.45398 24.027 3.52563 6.68789 17.898 21.5446 13.2414 10.5967 0.00542239 6.76244
-62.4158 22.9506 3.27708 5.97235 4.40148 31.787 8.77883 18.4415 9.58869 9.981 0.00628677 6.57657
-52.6008 5.80886 29.6973 11.0467 5.07043 36.7438 7.99754 7.61861 17.2415 5.69761 0.00611121 9.13284
-48.4716 7.05752 15.618 5.21702 21.8357 30.9276 26.0222 9.82217 3.92058 5.69761 0.0146353 7.95389
-63.3834 4.30556 23.9046 11.7983 12.6489 14.185 22.3866 23.0137 0.979703 8.4628 0.0365417 8.24128
-54.6982 3.72645 14.7082 6.29268 3.66623 29.4294 45.4861 9.32731 5.65821 46.5225 0.00399104 9.31246
74.9657 0.80162 7.86052 1.13994 13.7047 0.366143 24.2911 15.5043 15.0347 7.22371 0.0124874 8.41983
-35.4712 17.6875 7.70175 5.2386 5.00402 5.33563 35.8054 17.4413 6.39749 29.7983 0.00362736 7.33451
-64.8992 5.8308 7.05996 4.40747 7.05772 22.5762 42.3777 41.1063 6.39749 29.6402 0.0144409 9.24328
-72.5883 16.3932 2.06016 4.26616 6.51663 43.6225 9.18816 39.7461 2.99151 22.4423 0.00286667 8.2165
-10.3072 12.7777 9.58439 7.3613 5.15263 22.9169 26.1628 37.4241 16.6491 50.8378 0.00133562 10.8139
79.8058 0.929889 15.8779 1.44655 3.51222 1.0877 24.8161 27.7998 2.18757 32.5006 0.0548619 11.8897
-67.4678 2.4675 13.2874 5.96403 10.3312 47.6496 31.3007 9.92344 13.3543 68.501 0.0292926 13.7799
-50.6559 0.620284 11.3156 12.4334 15.7973 23.4148 19.3863 21.5833 10.2208 16.8772 0.120513 9.45885
-67.8907 0.706955 7.11302 6.1942 25.2064 22.1022 9.12988 25.5135 3.38602 2.97939 0.0225482 7.26434
-38.2472 8.89918 4.51334 14.2472 2.53768 26.8171 8.81035 10.2143 7.11112 1.12861 0.00353598 5.43649
-13.7836 13.6833 1.54815 3.75503 19.9309 7.01409 27.031 27.0352 6.22305 30.1288 0.00127521 7.32934
-62.7957 16.3388 6.22634 17.4412 4.90313 21.2822 9.97925 2.3741 2.00304 44.9871 0.0393808 10.1575
-54.3434 19.7845 11.8261 27.7935 11.9878 4.62537 3.66736 9.77537 12.7565 45.5789 0.00223627 11.9682
-62.1156 9.2941 7.46395 6.94597 9.97398 48.587 9.25054 20.7554 15.3436 4.77355 0.0982127 9.18731
10.2243 14.4862 6.99546 4.90725 3.58988 27.106 5.7006 2.55912 27.1621 6.80933 0.224835 11.082
14.3898 7.98674 12.9343 12.2549 4.83524 9.17625 47.4748 6.647 41.8575 8.83388 0.266335 14.547
-18.5596 5.36945 1.27259 14.4239 3.18399 12.7838 32.6827 0.949479 20.6344 7.67595 0.025209 7.76779
-65.5741 18.1877 4.24 12.4641 11.2196 31.7721 16.2344 10.2473 13.3333 9.67948 0.043777 7.93592
-56.6625 17.5182 9.60685 3.59375 25.7573 19.5697 10.8637 3.86082 7.33323 14.7129 0.0114312 7.3064
-65.8802 16.6546 2.03305 6.11129 26.3936 15.6443 5.49487 8.51086 3.63969 1.19026 0.0193318 6.94013
-36.6503 22.6262 1.41464 2.63952 35.5871 6.29971 24.4779 15.9347 17.1219 10.2799 0.00459057 9.15439
-12.4131 10.3807 4.55051 5.96629 11.0047 17.8229 19.3319 13.7148 12.5195 6.10316 0.00983706 5.29298
99.8779 6.8571 4.70709 1.14643 2.6898 14.1685 38.2463 8.36298 19.2908 9.25529 0.00581826 8.21696
-58.2884 10.4165 4.55609 7.2637 0.857279 14.5579 65.7375 10.8996 6.43721 6.03493 0.0120715 7.67173
-58.2884 12.8112 11.6948 12.2896 15.6384 28.6587 11.4184 25.6593 4.20304 19.7681 0.0120715 8.27714
-72.6824 5.9963 12.6381 8.39269 22.253 45.0195 13.9088 11.2196 4.06079 16.3409 0.0122974 8.63934
-65.5951 9.50287 7.52195 6.60912 3.76085 29.4319 8.33279 0.427795 2.51625 16.3141 0.137985 9.93096
-16.2041 8.16529 6.50677 9.51634 4.7222 6.7226 51.2867 5.2701 8.16672 42.7204 0.0326339 9.3799
-9.28548 5.3426 11.0037 10.104 9.04815 8.38407 3.73504 41.4271 4.45296 22.608 0.0140301 7.94699
4.04363 4.5204 18.7257 27.4094 11.0501 13.3852 12.306 7.26429 10.6798 23.7794 0.00864705 11.1824
-40.2784 0.958555 9.33088 28.4538 1.84085 0.268663 20.6498 26.2095 35.7144 10.491 0.0761822 12.4461
-3.43135 1.46935 19.9918 1.30757 13.6334 15.581 2.76617 26.0466 17.2217 7.61779 0.150478 10.4803
-43.7304 8.91133 9.58643 9.05713 6.81232 17.2495 22.3552 7.29038 58.2972 4.72449 0.0853239 10.6149
-68.6898 0.858574 7.17586 19.8872 1.23883 13.1642 28.0053 3.29117 13.5964 6.40904 0.0287914 8.09006
-27.9475 12.918 7.73987 19.1446 6.15832 2.69245 47.0757 11.8097 10.5472 9.30907 0.0434026 8.74382
-38.0003 3.44991 2.92935 11.1762 13.9345 14.8706 67.5953 7.53682 2.11668 15.328 0.0302218 9.01644
16.4966 1.13546 18.0685 10.0714 1.88637 11.7459 14.1583 1.75341 4.31668 6.98432 0.0441255 8.03051
-60.6935 4.05792 23.0505 10.7123 14.1339 7.46442 13.3709 15.4645 4.09086 6.50642 0.0563974 7.42863
-52.367 8.9908 9.63334 9.31264 5.29369 6.2639 43.9995 23.9023 3.7699 1.90778 0.0628365 7.68075
-15.344 7.24105 3.02133 10.5619 6.68458 15.5544 13.0747 24.8635 3.06388 8.77664 0.00147008 4.79597
-55.2386 7.51563 7.74132 4.9539 8.74283 16.8214 30.2731 17.9797 7.37284 9.72866 0.0025782 4.88617
-14.704 4.59014 5.91419 6.56547 10.7399 50.5707 2.4917 8.40175 17.1764 34.3117 0.00528753 9.02283
0.313188 21.1403 2.3512 17.7534 7.59648 21.8503 16.3555 9.54374 21.9201 2.5649 0.02084 10.1045
-46.177 8.05762 2.04386 15.6256 20.6725 26.132 15.8954 10.783 19.2964 1.83833 4.77988e-05 5.65573
18.1062 9.43215 0.642841 8.87453 4.63286 9.76158 15.9009 53.5622 53.7081 3.88552 0.0343276 12.1884
-7.47832 15.5834 7.66595 8.91761 2.03099 16.6436 14.6796 25.7417 47.15 8.81292 0.0399845 10.607
56.9345 11.4159 3.31816 13.7551 3.79857 2.6208 16.5503 38.7831 8.62935 18.1331 0.104168 10.8347
-73.3913 11.9407 4.8078 3.82879 1.12245 3.49584 55.2875 32.2769 5.61476 36.6822 0.00600698 10.5566
-33.101 17.559 3.35375 3.33065 5.60414 5.78412 58.0649 29.3538 4.03946 51.5214 0.0617583 12.7975
-46.8728 6.09318 8.89682 4.16294 1.82173 37.0772 26.295 19.1645 1.87421 20.4579 0.0685121 8.80151
-45.8827 6.22925 19.889 6.37073 1.93439 19.0575 20.1324 4.79366 5.34653 10.566 0.0814385 7.80782
-55.9012 5.36092 0.959883 10.5982 7.6777 28.3667 46.2165 9.71355 15.7148 14.4639 0.131903 10.0384
-44.3887 3.52594 2.97703 6.87765 7.46083 28.2927 33.6645 6.43223 4.28397 21.108 0.0178088 6.83334
-54.2913 7.90403 15.0198 12.7612 4.88512 19.0402 39.0348 6.88531 5.35282 10.6937 0.027316 7.05505
-46.5061 14.8749 2.24745 27.6809 3.2198 10.3293 22.1564 30.7294 12.2654 6.08084 0.027316 8.53936
-11.0086 6.37114 5.32237 15.1495 3.58631 30.0529 6.23385 40.0096 26.8273 5.56919 0.0667531 9.73994
-11.9951 14.5566 7.67214 24.9582 0.4171 8.08648 3.01543 54.4932 17.5197 10.3396 0.205775 14.1998
-49.3916 5.28252 12.7428 19.2509 1.05441 16.6825 34.1572 58.9031 12.3005 3.90462 0.0592988 11.3685
-55.0769 5.01466 7.17693 13.1011 20.2453 11.9058 5.51594 35.1317 23.887 13.3247 0.0328863 8.47215
-18.7626 17.2187 3.75804 4.68556 8.87377 18.838 29.5767 30.6702 23.3795 12.4515 0.0307972 8.98859
-23.3533 10.4816 2.09928 1.37104 8.57 11.0786 33.661 29.1775 51.1914 10.0896 0.0973975 11.841
-67.7311 4.62839 1.86095 17.6985 3.18181 5.19398 18.3482 14.4624 5.8741 20.7395 0.0140525 8.52598
-49.8254 8.9877 13.1849 12.9382 24.3414 2.7194 34.3927 23.2368 7.25751 13.5957 0.041409 9.19684
-18.3968 2.7086 12.7317 1.77096 8.44946 11.6132 9.82287 19.1525 24.2035 2.29419 0.0133181 7.5212
-31.6166 10.7725 13.6852 4.72713 4.41553 32.2406 6.54799 22.981 11.4449 10.9787 0.01864 7.1672
-65.9315 6.44526 9.41516 30.9808 5.52083 18.2893 19.3788 17.1507 11.0816 10.4869 0.000226721 5.96698
-71.1868 7.74243 2.60686 11.961 15.5849 28.2376 16.7339 12.0545 7.45358 18.1881 0.000454759 5.13236
-13.4467 8.40247 0.901722 10.2552 26.0175 7.39709 27.3506 29.9137 3.20384 15.4077 0.00173959 6.96773
-72.8929 8.97939 5.42602 7.88463 11.2007 34.4778 34.4844 1.10172 5.50443 9.42493 0.00202587 6.02727
-34.9187 26.4444 1.99258 12.0754 2.9936 3.33687 44.2574 9.91073 7.19128 13.2342 0.00270563 7.89853
-68.8085 13.691 2.93869 8.12902 14.4702 8.49169 45.7003 9.13414 9.51452 2.90221 0.00278785 5.49335
-74.6458 28.7018 5.0296 4.21391 13.9304 23.5929 0.105077 22.4535 4.48685 7.68559 0.00293647 8.67244
-20.3386 4.88572 8.16278 17.8081 3.59887 15.0968 50.2395 7.44607 7.61858 12.0127 0.00203302 6.39218
-45.3027 5.81832 1.7657 5.2734 2.56315 65.8331 12.7524 23.2764 16.7285 13.2863 0.013673 9.52798
-38.813 1.93424 15.8039 1.13703 8.3237 16.692 7.58409 35.5801 4.61773 7.6513 0.00125982 6.42346
-34.9662 3.2039 19.4605 2.26294 12.8186 19.0466 4.87526 25.577 0.770176 1.70181 0.00125982 6.35705
-39.6055 3.22885 18.6836 2.546 8.24746 3.53241 51.8646 3.04839 11.0247 8.41751 0.0148878 7.22533
5.29683 3.63662 18.8374 2.78628 9.98391 12.6106 8.788 19.9258 16.5844 16.4235 0.0871164 9.01218
-57.8081 19.0653 14.3781 3.10729 2.11561 6.94182 16.4864 34.0226 4.52836 13.5335 0.123555 9.9553
-61.8723 21.8831 7.97049 12.869 9.52709 37.7387 7.79046 2.45773 8.24953 31.3077 0.0662834 11.4021
2.14319 21.145 2.18196 20.6342 0.989535 22.4325 29.5956 19.4219 11.2828 32.4007 0.0127341 12.8489
-62.3755 9.51547 9.5464 4.40469 12.0671 25.0584 16.8101 18.1721 12.6663 28.4968 0.00494602 6.75688
-44.2102 2.03306 12.1908 27.7184 4.46651 12.4742 6.74056 35.3966 8.60424 3.92012 0.0231771 7.99448
4.74147 1.4048 17.9887 13.1586 2.76341 19.1714 30.5098 33.1599 2.91139 4.07824 0.0180673 8.91621
21.054 1.67316 3.6492 15.4233 1.56323 21.9332 18.0556 31.8988 15.5091 3.21096 0.00129923 6.40453
70.3915 4.64488 5.06712 11.9318 1.72516 9.74577 11.1079 3.85468 4.3212 21.2355 0.077236 8.93265
-6.02706 6.02253 15.2875 0.0474319 32.4652 5.12166 36.9786 13.9049 10.1856 0.850579 0.0736435 12.4391
-12.2509 2.77753 5.74313 18.8091 17.0817 11.6152 19.9871 33.9028 17.099 0.577011 0.0067182 7.80937
-51.5406 3.24021 6.5914 9.79099 14.6372 34.4805 8.36436 17.6593 11.0029 4.10949 0.108005 7.98128
-38.8242 2.74516 8.99054 25.2033 11.6109 23.9372 8.84428 9.44204 4.87554 4.39635 0.298852 11.136
21.9852 0.831407 10.0981 9.26845 19.8131 16.7497 3.36753 0.311236 6.31059 14.683 0.0954422 10.1535
84.5232 0.372623 5.70918 12.0558 13.0044 5.79328 11.5916 34.2324 4.51949 13.1685 0.0209538 8.85159
-57.0761 12.6696 5.53178 13.6378 37.3127 9.7276 9.07166 1.55882 42.0552 4.33653 0.0186374 10.7013
9.36633 4.40751 6.60978 16.1582 0.468463 12.7035 45.5972 10.8077 0.671165 12.2068 0.0104704 7.95916
-46.9115 5.30239 9.1057 24.6529 13.0562 1.37186 31.5926 16.7566 3.67003 29.7906 0.00256168 7.90464
-6.50047 21.4324 1.85981 17.5434 3.95406 13.1985 9.9723 7.19855 15.1432 11.5544 0.0227475 8.56732
-46.2425 3.8195 19.8566 13.353 1.3508 7.30893 39.0855 3.70475 22.7355 6.65923 0.0276916 8.33632
-67.7383 12.1627 16.283 16.678 3.08504 59.4274 6.17382 14.623 13.2731 4.19776 0.0266814 11.9934
-17.2037 2.79655 12.8099 3.9827 3.90405 50.8031 2.66999 18.5489 13.7709 21.1052 0.00409688 8.085
-73.881 19.4893 12.4362 6.28421 7.0567 38.273 9.9326 6.72177 38.6667 5.60229 0.0460188 10.2474
-27.057 8.13916 10.8853 4.58709 38.1603 19.5486 8.87053 31.7472 0.373709 20.6193 0.000582697 9.78154
-74.5978 7.64599 13.8739 11.0283 7.3063 24.1455 11.9941 26.547 3.55569 1.52226 0.0410534 7.0434
-34.6466 2.99574 2.1646 17.1941 3.74572 22.5799 29.1226 17.6955 23.9481 5.54044 0.0384164 7.8942
-66.4404 15.8943 10.8971 19.7506 14.9721 16.958 22.6562 9.26256 6.96355 7.05413 0.403478 13.0052
-71.0434 0.569881 13.6501 14.0292 34.7453 16.6112 20.5158 25.1513 75.5663 1.92476 0.0577835 15.9745
53.0832 0.569881 5.6852 13.1422 5.64117 27.3548 34.8771 16.2726 67.7897 1.5252 0.0399927 14.5385
-8.15388 10.8905 11.1878 4.55815 4.18321 19.3032 38.5537 30.8742 35.5659 1.5252 0.0273764 10.4169
-28.2844 13.7068 10.6835 14.877 8.43116 10.8408 23.4744 27.0371 44.2004 8.61639 0.0889291 11.5919
-25.1443 6.8626 7.99597 7.26913 9.04949 17.3322 15.9527 3.24688 11.9918 0.536584 0.0611369 7.27222
10.0026 11.3916 4.43888 6.5838 15.9195 20.9067 32.6461 29.1287 23.648 2.65385 0.165897 12.3382
82.1396 5.08106 1.66425 9.46069 2.9507 5.57587 35.6926 4.10684 14.6032 3.28718 0.147124 9.61212
65.146 1.7049 2.93572 11.4817 3.12432 6.46267 38.869 11.3936 12.7457 2.47425 0.0223481 7.15062
-27.2726 6.65528 4.5516 10.9606 6.03746 13.9214 29.4451 0.787786 1.27712 6.46569 0.0213655 6.45809
34.6556 9.04458 16.3754 4.90823 2.37677 5.52451 8.3827 0.466164 2.53596 26.2453 0.0283616 10.2184
-69.9618 3.97133 17.8365 2.35307 1.9908 7.2852 15.1198 15.1911 20.6268 6.10881 0.0116067 8.74593
40.1976 2.85388 3.44134 22.8648 26.8023 13.2399 11.8094 19.7804 31.2646 29.1265 0.0116886 12.9515
-65.1242 11.2842 11.6506 19.9842 14.1483 6.10035 11.6388 13.3606 14.9402 0.668147 0.0261092 7.73951
-71.3419 14.4125 8.45931 23.5526 2.4253 17.7736 14.6401 32.9219 8.82845 0.597173 0.0393632 8.91225
-62.8653 8.97706 3.35067 20.421 6.89814 14.5448 24.5882 33.9211 22.0147 3.41683 0.00681779 7.17168
-25.4218 22.2705 6.57561 7.51377 9.53879 14.5347 12.1599 3.91804 8.835 8.21659 0.114173 8.7344
-66.7528 11.8106 9.5589 25.5652 12.1107 18.4438 36.3962 39.2903 4.63247 1.20977 0.0547335 12.2877
-63.4308 7.5782 8.47597 8.11009 31.2305 9.28139 2.94225 34.0158 24.0518 23.5131 0.0435923 10.1156
-14.7015 7.87926 8.25768 12.1832 20.9774 13.8132 16.9166 23.1637 0.853143 8.02538 0.0287784 7.69
16.8128 2.26234 14.0957 10.1523 18.5666 17.7621 3.25993 27.0463 33.0502 2.86877 0.0130838 9.58114
-50.3541 2.20244 10.8939 10.7755 11.9953 8.29575 5.28923 8.10831 57.7991 21.7143 0.00277483 10.6945
-42.5057 2.04877 7.99585 24.3388 7.87761 5.51176 13.0144 17.8665 8.48978 15.2289 0.0054118 6.35626
-57.4819 16.0275 9.50184 14.3609 0.129508 19.0092 27.7585 50.7641 14.8502 15.1782 0.0206013 11.1971
-70.2807 10.2833 26.8763 12.0792 14.8559 7.44238 18.2974 17.3829 15.1062 1.09145 0.0188676 8.86445
-35.2803 7.08095 16.8949 7.15721 10.6672 20.3916 11.6379 6.72343 18.8448 0.268329 0.043958 8.23895
-51.5748 13.3964 2.89636 4.31243 8.81467 21.9552 27.0087 23.7184 33.9925 7.12153 0.0591984 9.07893
-50.7501 2.00137 5.99211 5.87725 10.0314 27.6147 1.95651 40.8941 25.625 4.24545 0.0524537 9.7508
41.7482 6.84974 8.62448 3.99319 8.95002 29.4367 5.48265 30.4637 4.10362 20.3875 0.120084 10.3136
38.9328 2.1606 2.43091 9.15356 13.9175 14.9281 3.00497 16.7237 0.292558 10.3744 0.012083 7.13038
22.4373 2.98342 8.35264 9.93754 23.6396 26.6089 16.2646 18.9208 15.137 20.8285 0.026598 10.1642
-5.39894 4.43954 8.892 9.21631 39.8226 22.6131 4.38709 13.1211 10.823 5.5279 0.0471204 10.5769
-45.8274 7.23344 0.473727 13.7806 19.351 26.5333 4.76535 38.8238 13.2377 2.46136 0.00974382 8.07009
-65.1786 8.66696 16.0495 14.8587 19.5055 12.3414 5.18902 1.1624 25.7765 2.88589 0.0532931 9.42778
-43.8124 19.0791 8.08411 8.20216 6.92448 22.677 15.9905 49.1841 58.9696 15.5283 0.00785213 12.6632
-62.6833 18.8103 9.43949 9.81166 14.0818 5.42618 23.6032 5.64306 2.44695 22.3223 0.0183975 7.42398
-69.3676 7.66603 7.07936 7.59693 11.4472 7.79125 52.2922 4.48092 14.6368 17.193 0.014485 7.07409
-70.653 8.05631 10.4102 9.31525 25.7163 11.1021 12.1452 15.9388 26.875 2.63695 0.0915543 8.79249
-12.6627 9.85952 0.35312 2.68664 5.27377 22.6931 34.5514 10.0416 42.1797 2.72514 0.0860405 10.7937
-58.3706 3.37477 7.77838 7.08904 49.1456 20.2564 0.745818 6.48805 10.0271 5.13078 0.0737363 10.642
-32.1664 3.73826 12.3476 5.56829 0.615276 23.826 26.0647 6.32175 3.01209 47.1633 0.0312144 9.95193
5.05731 1.99144 10.2975 1.828 10.2362 19.0751 21.72 3.55444 28.1124 31.7768 0.176072 11.4281
-0.621201 1.00848 9.43926 8.97413 13.9842 20.6746 21.0174 10.6907 6.60102 11.465 0.023502 6.36493
-0.947837 7.89539 11.5008 10.806 11.0088 11.2828 8.29964 33.0138 22.456 3.17341 0.0162688 7.73478
-55.2553 10.6305 1.9501 9.33113 5.40254 31.5978 9.34448 57.8268 12.98 14.9478 0.0118756 8.78044
-57.8518 2.71454 4.59157 23.278 8.08 39.6472 15.2388 35.4345 11.7088 14.7748 0.0530991 10.0733
-13.5284 2.0758 4.4534 9.82225 6.5483 19.7302 19.5099 22.4334 7.15587 37.2969 0.000610507 6.63853
-7.40577 4.44759 0.470057 4.14953 36.2842 19.9155 18.376 11.7061 1.76736 21.3118 0.00338782 7.9228
-63.8727 3.35049 18.1496 2.5123 12.5226 6.77909 33.2816 1.99292 7.15951 13.3938 0.00271835 6.05225
-49.2102 41.8327 2.05275 12.3008 29.2202 6.46846 17.2379 30.717 6.71526 11.6569 0.0161056 16.4199
-71.3612 1.32574 8.23798 12.4538 33.332 5.86891 35.5158 8.04858 6.46953 27.9669 0.0894979 10.1468
-71.373 1.72393 5.00628 21.5913 24.9802 7.78969 22.6108 5.99963 4.0945 17.8838 0.0247127 7.43142
-40.8009 0.758511 8.30554 25.8861 18.0978 2.1331 11.5134 14.1758 3.68567 5.56536 0.245261 10.8752
-20.4139 13.2565 0.501361 1.58827 10.4314 17.3789 38.875 24.1011 11.8178 4.63004 0.00182267 6.76112
-9.1656 13.7677 4.87605 3.41761 27.7949 13.4532 18.5866 15.3257 12.0646 9.23198 0.0198742 7.56473
-52.8584 6.80319 3.7997 2.96979 19.8935 8.9512 7.24464 77.8417 23.9954 6.35928 0.0230685 10.7669
-45.797 0.392639 18.2462 12.4958 13.3139 9.78984 9.78014 22.3744 28.6554 8.13911 0.0721182 9.77662
-52.5213 23.6855 10.5642 6.31557 12.2591 2.22166 31.4754 13.8454 18.9835 39.9784 0.0910136 12.1642
-60.0922 9.57384 6.02618 15.3772 32.6444 11.9374 44.9062 3.65082 24.2838 2.83503 0.0532092 11.5792
-35.5847 2.42784 5.86778 6.36881 19.8824 9.1248 81.5167 3.53826 36.6251 1.85203 0.087881 13.5372
-4.40935 10.3153 3.24803 3.7588 3.33778 28.1452 60.5212 31.7082 27.8858 9.82422 0.00146581 10.7157
-50.4763 10.0261 13.2572 9.94488 23.4699 14.4503 9.73039 34.6648 2.73209 38.5535 0.172269 12.6044
-57.4133 11.6323 5.48742 1.1967 23.4607 8.47526 44.2748 15.0672 1.75351 6.66462 0.187931 9.97171
-13.706 13.6979 9.98949 6.88852 9.48416 7.6034 28.9507 43.2408 1.6664 5.69186 0.00157962 7.02487
0.941572 2.2339 14.1902 4.46436 11.2376 17.0095 4.70492 19.9653 25.0734 9.21766 0.0122717 7.29467
67.869 3.67034 1.31866 8.84133 3.9387 14.4822 11.5892 25.6 8.4458 7.79185 0.225343 9.69035
43.6312 11.0082 3.74963 9.71035 4.16411 13.7483 37.8734 9.66654 8.90329 2.05077 0.0403342 8.01755
-39.2255 10.3465 8.82842 10.1516 11.6273 14.6891 19.2321 9.59402 14.1421 7.34186 0.00382211 5.00572
-37.9277 10.9024 15.4164 16.2651 8.37423 20.4087 20.1466 6.97725 6.81856 1.05034 0.0113389 7.39306
-59.5399 10.5813 9.8023 6.67136 6.67235 21.1716 10.0904 12.4604 11.0773 11.9881 0.00595375 5.48962
-20.7234 3.77891 4.10817 12.6791 8.14728 34.3645 14.8657 22.2732 4.31218 21.7436 0.0139378 6.99281
-59.072 10.4995 2.82039 7.69976 11.5066 45.4514 5.28564 4.75065 28.0755 14.2168 0.00866507 7.99295
-33.5254 20.1189 4.03526 2.35448 8.00821 14.9039 15.6415 6.93988 23.8209 19.5007 0.00235426 7.14764
-18.2879 2.30037 13.0321 14.0048 2.41436 16.009 30.3725 2.53106 16.1521 35.0079 0.0121474 8.63853
-23.7806 3.76359 6.61573 13.4889 17.0648 27.0559 6.364 4.69567 0.952995 5.74334 0.0166234 6.42873
-57.3659 2.52647 4.39273 28.9016 8.19385 33.8941 9.40723 14.4854 9.47153 8.68422 0.0015339 6.3412
-66.4708 14.7158 2.49964 3.74854 11.0801 16.2764 47.3352 11.5016 14.4135 10.2732 0.0200637 7.21399
-18.8268 20.7535 2.33434 4.71992 5.19623 3.81808 18.4546 9.17698 7.26674 15.6283 0.132622 9.4503
-1.13935 5.03005 3.02443 3.27468 15.3176 4.48011 39.3315 25.4001 6.19904 3.15419 0.0242715 6.70898
-3.90338 1.90341 14.0294 4.34844 8.90674 12.3392 32.5141 3.02198 12.3005 16.9578 0.00584325 6.1944
11.5556 3.1085 14.2893 3.87679 3.65282 14.9283 6.61436 19.7544 2.41604 20.3327 0.0039538 6.56671
41.9388 2.27909 18.8755 4.82934 1.21819 35.2986 0.253941 2.44184 0.660164 11.7689 0.000662598 9.39668
19.6612 1.42915 13.2657 1.49277 6.42423 21.2848 4.51475 8.78173 26.5749 2.57981 0.00646627 7.45324
-18.3067 2.12148 12.9502 2.02712 8.05788 9.87599 20.4463 21.2111 22.9922 9.5819 0.00639991 6.88561
19.7565 4.81139 4.34081 11.2573 14.8988 17.1541 28.8496 26.1198 18.4317 6.02156 0.0196503 7.79177
76.7395 3.81674 4.63726 14.838 15.2295 8.2391 16.755 4.94646 20.2275 9.10668 0.0214069 8.53596
54.8218 0.644298 18.0715 7.00026 7.86833 13.2687 16.6737 19.2398 32.8313 15.4465 0.0952557 11.9044
48.0585 3.58113 4.88921 6.84465 5.97857 13.2061 50.3549 20.5246 1.46108 10.76 0.106219 9.75187
19.6222 9.47675 9.58628 4.90656 6.65424 17.2709 9.92316 12.9839 17.8814 0.461919 0.0877909 8.68172
-30.1377 11.2889 19.0335 9.06983 2.36322 8.79913 30.0827 14.5518 35.5305 7.49567 0.0638558 10.1561
-9.94429 5.71067 3.358 6.8157 16.7833 26.7506 42.2879 17.8516 10.2574 1.5992 0.00819207 7.6468
-30.3474 4.37454 14.5866 4.57532 2.80531 27.3508 21.73 30.594 20.0748 16.0497 0.0260378 8.31691
-70.5831 4.54034 17.5696 8.89033 20.0218 23.3012 1.28313 11.8676 19.7102 2.22797 0.0178169 7.86041
-65.9615 4.61981 14.7164 17.4444 23.3839 20.4037 4.52089 7.56128 20.2202 3.93923 0.0040583 7.22756
-66.48 10.3315 0.313333 27.1621 20.2023 0.629669 1.46974 38.9753 11.5082 18.1389 0.0373857 11.8622
-31.2013 8.79621 11.4908 4.82633 3.78387 20.2875 14.3372 14.9157 8.57475 10.1699 0.0900089 7.37723
5.80499 6.91212 11.0638 0.4062 9.63402 35.5068 0.925673 34.3049 5.49733 15.5914 0.288238 13.2515
-15.7691 13.3616 4.54716 0.766933 3.88046 37.6472 43.683 27.5843 7.39136 41.6133 0.166432 15.122
-35.3324 17.5726 5.43605 4.41973 13.5155 28.9094 22.0577 2.39163 22.9746 27.7819 0.156143 11.712
-11.7549 15.4892 4.31544 1.37521 14.8782 3.80509 23.6394 26.4592 58.301 32.6301 0.056384 13.6911
-1.86445 9.07218 14.8841 1.98547 17.5644 21.9723 23.5013 9.59391 3.52463 113.496 0.183591 19.7244
18.4578 8.42278 9.63502 0.840828 12.0922 24.7339 34.608 7.87792 3.86369 4.58967 0.0194888 7.71336
-65.1992 14.7073 13.121 18.3648 14.0785 2.03639 8.94849 15.4293 15.3402 5.93579 0.0132706 7.67272
-39.4265 5.38441 12.5009 20.4102 7.25737 3.31244 8.86191 12.6393 42.15 19.1822 0.0235258 10.1195
-61.4082 15.8197 1.46089 17.5236 2.97554 26.2091 23.8844 5.78625 35.9683 4.59077 0.0468581 9.51593
-36.6885 9.94785 10.4576 8.22497 26.0027 3.44041 21.8045 0.317308 16.6505 5.22815 0.0263837 8.36758
-68.2791 9.2416 7.73391 5.13529 22.5258 7.19038 37.4211 23.6425 3.1998 49.5273 0.00176123 8.78197
-30.6527 4.1642 3.4401 1.99213 16.472 2.03111 63.961 28.4977 2.18651 60.9195 0.021158 13.1516
-73.426 10.7498 12.0297 5.87436 8.95435 18.3822 40.9956 20.899 11.1488 18.0252 0.0278894 7.72381
-53.2614 32.3243 4.48536 8.60065 10.0598 13.3148 19.2567 40.0817 10.2253 14.6766 0.0570574 11.1608
50.4538 0.808513 8.78188 11.4503 6.11067 14.3278 23.7904 3.58775 0.424985 15.1946 0.000624022 6.41285
-31.7235 4.68519 9.23709 5.85522 6.12879 31.5544 20.9965 31.0787 7.77683 14.9436 0.000173073 5.36421
19.7374 4.55433 1.61134 10.8802 14.4207 24.639 15.8669 73.3524 10.4063 14.867 0.0042389 10.3095
2.56171 5.74158 3.08471 5.22228 7.69461 56.9005 11.1678 1.02692 8.30163 14.6165 0.00324693 7.83373
0.60006 4.1962 2.55353 7.6882 31.7694 19.6177 23.8867 15.8506 32.4163 15.0706 0.00102467 8.58221
-37.8806 3.77365 3.05293 9.18191 15.0997 21.0523 47.2336 38.3587 32.9223 12.0549 0.0149944 10.4823
11.0078 8.08365 6.07819 4.80152 14.4504 1.25175 26.7163 16.2413 23.1158 1.00023 0.000493648 6.3538
-61.3021 16.5634 7.06186 22.9362 7.27097 10.6033 13.9369 8.25622 3.20397 1.28617 0.0927689 8.50323
-72.7047 9.9006 10.5998 8.37677 8.71884 29.2227 9.02621 22.6816 6.83641 1.95424 0.0280608 6.50117
-46.0445 13.6855 7.48107 8.1935 9.68884 19.9189 27.759 42.9163 4.8839 4.10682 0.0321222 8.06481
-15.2577 5.42488 11.3537 3.45555 9.12916 35.2587 7.78828 86.9371 15.6168 15.0474 0.0264238 12.5639
-9.73561 3.4556 11.2416 3.44328 13.6857 11.6292 29.4675 9.76903 37.0292 11.633 0.020586 8.0043
-63.8418 7.76825 15.915 1.38155 7.77835 21.1882 50.2662 44.9501 8.84749 22.2663 0.0320414 11.2019
50.0573 2.56258 7.52251 10.1173 11.1337 0.612565 38.2848 15.774 7.49789 1.6677 0.0215861 7.92126
-46.9352 5.93478 1.23238 2.86829 15.4437 31.3015 41.0334 18.3584 11.6991 4.69452 0.0149102 7.66488
3.62373 4.5521 14.7675 9.42697 11.482 12.6633 5.34938 22.3071 18.9607 12.4145 0.0497374 8.29424
-53.8279 13.6335 5.59376 6.18294 15.9097 17.068 12.966 19.4901 4.72111 19.1839 0.091772 7.97121
-4.85667 11.2946 9.79523 8.94756 6.39643 7.76737 16.6469 0.981361 21.191 1.119 1.30505e-05 5.8169
-9.28138 1.14773 11.5281 9.63931 11.0074 20.1114 25.855 1.5168 15.7389 35.3345 1.30505e-05 6.9383
-0.103266 1.28118 16.1292 20.0997 20.8167 5.02224 9.7116 33.9387 1.84608 9.36792 0.0154974 9.65066
17.7392 7.35969 11.0836 27.7007 20.6036 11.0592 24.8859 10.2258 4.22923 4.94037 0.0154974 12.454
-44.4698 10.1029 13.735 4.28672 17.3848 6.33441 15.6695 16.9384 20.7642 18.8924 0.00584792 6.96284
11.7563 1.06307 3.47166 16.5178 13.1704 5.82737 15.2807 24.174 12.3494 33.0254 0.0334322 9.00498
-32.9826 16.7396 4.37758 8.10205 9.10855 10.4163 13.052 23.3569 10.3654 2.92415 0.243923 9.46484
15.0284 6.94296 5.14087 6.73947 8.50708 36.3686 6.84641 11.1497 18.0105 28.445 0.0421327 8.9703
-11.4272 3.24755 10.8014 2.25537 35.4869 11.1677 1.72692 8.76609 4.07691 6.35697 0.112273 9.29257
39.7713 2.1762 9.35872 2.44337 22.3081 23.5775 8.87664 19.0419 12.2816 7.0955 0.0384088 8.26234
-61.0178 1.09686 10.9112 7.28081 23.3848 13.1713 16.6751 15.7509 4.01342 11.2207 0.108623 8.08521
-60.5894 20.5667 9.94563 3.83206 3.79137 10.8268 42.7961 8.14299 13.2614 9.30617 0.115155 8.99652
-3.24942 0.362606 12.3177 14.3622 7.26583 9.74811 33.6014 0.744182 29.6168 28.2196 0.00722103 9.91504
-27.2796 7.06514 9.49561 7.95493 6.35612 8.92906 13.9445 18.0291 2.3669 3.90668 0.0303992 6.21915
-70.9674 14.3652 9.25128 6.76796 34.2982 5.46953 21.853 12.3784 9.03023 20.1393 0.12526 10.0242
-54.2713 11.2885 4.99875 4.11766 28.6816 3.75871 35.9787 4.01876 11.0164 4.74751 0.401586 11.931
-72.1979 12.8505 0.7974 2.42647 26.0723 5.6277 26.6393 23.4898 7.51513 1.68211 0.0464348 8.32777
5.70897 9.78104 11.9189 7.32281 8.38389 1.79908 36.85 5.06001 5.06152 10.6404 0.0873009 8.40754
-7.91046 0.445083 14.0031 2.28707 11.2135 3.79917 36.5961 59.7733 22.1074 3.76582 0.116625 12.4472
-10.7812 8.34787 11.4591 1.03482 0.756018 10.0484 36.5889 24.9789 14.407 12.7146 0.153124 10.3713
-32.3177 11.7736 3.44298 1.519 10.1039 14.7215 47.5608 19.5874 5.21674 5.92877 0.0846702 8.29224
-72.9765 1.91345 17.3552 11.9152 11.6139 2.6144 41.7512 11.0142 6.44972 4.25135 0.0403607 7.35755
16.163 3.61852 8.78512 21.2308 6.59482 4.55995 8.45674 2.00917 1.91336 5.76502 0.0415647 7.87809
-21.7631 1.71603 8.02646 8.8878 36.0006 13.0888 12.0968 11.0258 0.929896 3.51565 0.0116602 7.1237
-41.5189 24.5121 1.56097 11.6851 5.74315 12.4568 9.22378 7.40941 26.3992 18.366 0.0174088 9.0024
-6.05396 5.14512 3.91982 16.1393 2.00908 33.2412 15.0935 26.9445 5.03831 13.0565 0.00294185 6.41997
-26.1291 4.69064 1.30039 10.7269 2.00908 32.2213 10.6009 22.1533 5.03831 41.4396 0.00294599 8.33648
-15.3704 4.76507 1.30039 20.1706 1.43281 3.77574 31.9573 15.4397 3.39925 12.5856 0.0280468 7.6412
-4.40074 4.78604 10.0998 6.18396 12.8739 25.1461 10.0859 27.0688 4.19862 24.7357 0.0123811 7.17928
61.4999 4.76328 1.79509 1.74535 16.4944 1.39247 19.7885 32.781 11.0087 22.1223 0.0132082 8.58006
57.5875 5.21107 1.4949 3.00868 14.7689 10.1399 49.9098 72.4584 12.3707 56.2363 0.0106711 16.7596
-47.8028 5.37962 5.07661 4.52433 16.461 11.979 32.044 1.86698 24.7506 30.3693 0.0421204 9.30563
-51.007 5.25144 8.63671 4.50168 35.798 19.8673 28.0506 2.71744 5.24038 6.09789 0.0102367 7.23727
-52.6303 2.63768 7.68596 1.95189 27.475 7.74146 52.2339 6.58644 18.764 36.0564 0.176958 12.6533
-24.7443 5.21264 12.267 11.269 5.71358 7.06249 12.8901 22.2675 7.25755 17.7586 0.169231 9.05077
-20.5969 6.19343 12.5978 3.06164 10.0528 15.4889 45.9512 11.4234 1.03548 27.4249 0.00160192 7.17951
-59.4819 3.76011 0.209593 1.96753 12.0191 28.2577 62.7138 8.38939 11.9946 18.388 0.0162499 10.4037
-67.6567 10.0403 10.6409 12.0264 3.59251 36.8571 12.7491 18.6626 14.4111 8.20426 0.0131326 6.74432
-70.1818 1.07806 12.601 5.93802 11.3975 15.7384 42.5371 11.8242 4.52719 16.3989 0.0148432 6.93335
-61.1103 2.49173 4.19501 7.96369 30.0168 29.2572 39.9802 28.6097 1.03629 13.437 0.000820041 9.11358
40.4514 4.26298 19.9289 2.90971 7.9827 22.9276 9.7961 9.02835 8.40579 44.7864 0.00648084 10.0743
-62.5552 11.1375 20.6329 3.04817 1.6395 27.4797 21.5739 32.6332 15.9086 6.0871 0.0611153 9.48132
20.4044 6.96575 21.7361 6.68128 9.94367 2.10042 54.5496 22.8952 2.73089 16.7572 0.0968 13.6738
-23.0477 7.09253 17.0136 9.41967 10.8253 10.8473 21.2589 4.70834 0.922319 32.6446 0.157586 10.792
-0.452912 5.57609 11.7962 13.0147 4.21125 6.36683 3.99442 71.6815 10.658 13.2874 0.336366 13.529
-29.5244 10.2894 12.5765 15.2022 16.9936 1.6413 2.73849 4.0776 11.8205 9.57412 0.135131 10.2243
-58.8512 9.48929 9.20203 10.5702 16.3735 27.5524 45.3093 4.07333 1.1275 9.35889 0.0375361 9.31919
-28.5558 19.602 11.9931 3.5812 10.3818 21.3835 22.7932 25.4068 78.8315 38.1216 0.152965 18.5974
-28.5545 4.26647 5.85896 7.46058 27.8302 17.7127 29.4645 10.5175 10.4326 8.22735 0.246677 10.5653
-23.4047 2.88455 1.96215 12.2854 22.5729 9.20006 1.44739 59.5077 30.9256 1.77227 0.263607 13.7245
3.47776 6.16302 3.29756 3.98808 18.4583 18.3949 9.86652 8.32803 25.2651 5.30187 0.0412107 7.28708
-43.0432 3.40638 3.30012 10.5534 30.9807 39.1766 1.73678 13.9699 8.76325 19.3664 0.0430793 10.0011
-59.5671 4.36301 10.9889 5.45235 18.9854 25.304 40.7405 11.6905 2.71722 4.91254 0.0224358 7.22694
34.9808 5.92802 7.24422 4.38852 24.3743 10.0448 17.6114 10.1521 1.87677 8.5638 0.0387893 7.37831
17.2088 9.7468 23.8413 8.46312 3.19189 10.672 49.97 23.3917 37.5215 54.5896 0.0236299 18.4588
-14.534 8.10491 19.3508 10.2714 3.76504 5.9526 13.8851 43.4718 17.68 22.8702 0.0400327 10.3
-53.0644 2.77942 3.69105 23.3848 12.7213 19.8797 18.9182 35.369 15.839 1.85713 0.0354975 8.40532
-50.4535 6.90707 23.1836 3.10226 1.27096 29.0894 19.4379 28.4803 2.87474 3.57037 0.199444 10.8377
-67.4385 6.89938 24.1201 3.10226 2.00827 33.5626 19.0914 35.8923 6.38446 4.22487 0.0929128 9.98667
-58.5329 6.47923 15.3636 3.69239 4.91719 45.8292 22.7124 6.16975 3.50911 10.8752 0.100281 9.04086
-74.3737 3.90007 20.7413 25.3636 2.88576 3.88557 5.25975 17.7611 60.3905 3.47093 0.126546 13.872
-42.6251 9.78381 20.2944 3.44603 2.25684 3.88557 3.54564 12.1007 20.0247 20.091 0.0145709 9.78665
-51.3789 3.16466 7.21781 16.7493 8.21588 15.4941 5.9608 6.71069 17.846 1.27336 0.0209672 7.129
-64.0117 7.66381 7.21781 31.3096 2.28417 9.91664 3.49847 4.62042 34.5532 9.46214 0.176775 11.9143
-30.5394 15.1623 0.944848 8.58739 27.5374 13.2552 20.3346 13.1995 21.9947 14.6772 0.165328 11.0915
-20.2877 21.0008 6.13033 4.91171 1.45791 5.98604 12.7596 1.531 33.6857 13.8002 0.09136 11.5403
-11.4587 10.2536 11.3439 19.2065 6.80081 11.5132 25.6332 10.7098 40.7936 3.96652 0.0339109 10.1704
-1.58498 7.81583 6.31105 1.3793 16.2958 11.7524 16.6032 29.912 3.73841 5.58684 0.0561546 7.25521
7.08998 17.6632 5.87766 1.3793 11.2572 29.342 11.4785 24.1056 50.3186 4.15728 0.102815 13.0229
4.47342 9.47818 17.3536 11.4448 2.63608 20.8943 8.47696 33.7664 21.5744 19.5099 0.0710988 11.4304
-49.0517 10.1368 5.73528 5.69263 9.42718 22.8981 23.9879 42.1837 10.4598 4.19071 0.014848 6.9644
-51.8927 10.8232 12.223 8.09996 3.73168 35.2344 17.2838 27.5114 19.865 0.914269 0.00333419 7.46876
-52.081 10.822 13.3379 14.3197 8.61032 6.34592 9.55561 38.3402 1.58934 32.535 0.00699969 8.65498
-53.2056 0.849903 1.42332 25.4914 9.98513 17.8423 20.7319 7.44282 2.5462 34.9912 0.00273484 7.95688
-56.0777 8.97438 2.59822 9.13301 17.6214 18.8565 33.3827 7.39108 31.9594 10.8926 0.0145063 7.66938
-8.5694 8.62754 12.6961 1.19015 5.56965 26.2539 25.9033 5.49837 14.13 22.129 0.0124272 7.57992
-58.5886 1.61773 2.81068 2.81288 24.3736 29.909 21.9195 4.78864 6.37574 0.323439 0.00507926 7.04402
1.47426 8.11994 3.82184 1.07912 41.4145 12.8272 28.9113 8.22417 8.69996 1.66687 0.17 12.1607
-16.7658 4.99774 7.09071 17.8085 31.8349 2.38478 25.7166 9.70322 3.5162 2.91084 0.0307973 8.63237
-39.9631 17.1805 2.12202 7.11343 23.8856 23.7211 10.063 12.5451 19.1759 5.65947 0.00791164 7.32194
-67.4224 6.78115 3.00067 3.10393 39.5993 21.5591 36.0686 7.77278 4.65959 11.1003 0.00279548 7.52882
-21.071 4.91577 1.52965 16.5689 1.6474 29.1608 16.4403 13.2996 16.0995 6.8932 0.0903848 8.32937
-20.873 8.62651 2.03639 10.9526 1.76991 35.1621 21.2586 17.0703 18.8689 3.48414 0.142797 9.51533
-10.4079 10.8067 6.89766 11.0329 11.4713 5.47979 10.8334 8.67264 26.6953 17.4869 0.142889 9.81314
-32.0146 21.4071 10.5452 19.0751 16.7997 6.0835 14.3057 7.21308 17.9921 27.6158 0.15775 13.5322
-26.9729 1.76599 14.5908 12.1779 19.4239 12.6256 17.1526 10.6185 18.781 3.42887 0.0806411 8.3975
76.2918 2.5707 3.1514 8.58282 18.3127 3.82307 12.4363 18.3621 9.91511 13.4902 0.0989288 8.96944
-65.0286 12.4634 2.92242 17.101 15.4066 4.3335 14.6192 14.0671 17.9093 34.3983 0.19284 11.3926
-71.4307 0.312636 12.6043 30.9391 20.6655 6.71009 3.07196 19.4909 15.4742 16.1925 0.0729957 11.1854
-69.6199 11.1522 22.2921 12.2886 18.0859 7.67036 19.0001 10.9081 17.5319 27.8083 0.0929975 10.9975
-27.3084 2.78145 5.37037 7.28734 36.2899 6.18157 2.12796 11.1817 8.37526 5.13927 0.0184814 7.06773
-22.0078 1.83045 7.0459 6.37405 3.54968 1.19195 62.9468 11.6675 7.12349 5.82706 0.000583824 6.41723
-40.7671 1.20469 15.1281 6.97436 17.5244 3.75835 45.5441 12.6699 8.47759 2.96816 0.000583824 5.67319
0.362826 1.98615 24.643 11.4899 16.3723 7.07342 23.0741 25.2458 32.6851 10.3345 0.000583824 9.94553
-25.4617 10.4763 15.242 6.04496 2.17967 26.732 18.1336 18.0272 12.666 4.85141 0.000583824 5.6672
-60.369 5.66703 11.8367 37.4592 0.214677 6.00251 58.9293 10.3386 5.42567 4.85141 0.0427178 12.4002
-30.9529 8.90443 15.2063 1.18873 24.3296 6.10627 10.0443 18.725 2.70703 17.1428 0.0425148 8.26389
-58.7554 6.45643 35.0305 1.7212 13.1257 15.273 8.95539 22.688 3.40635 3.48539 0.137624 10.8406
-46.0199 1.50717 13.0932 4.98964 27.2592 0.474101 9.52381 22.081 15.1114 9.04688 0.0893169 9.79804
-54.5413 22.1824 6.48287 1.37109 21.8342 2.36836 17.4799 10.2438 27.6098 5.47706 0.00248861 7.77514
-39.2644 6.03583 6.23197 17.0951 24.1908 0.993174 31.4813 29.6167 28.1549 17.92 0.000274522 8.58879
-39.2644 12.3958 13.6418 17.3938 2.76319 13.3816 22.5342 76.856 45.1407 14.5081 0.0122059 14.5638
-50.8408 6.73656 19.3868 21.2619 2.23849 20.3915 5.8799 41.3936 42.2512 4.34775 0.0471722 12.2666
-62.3077 1.73371 18.4726 20.9196 2.23849 15.1319 17.2335 20.6134 23.3637 16.7986 0.0375564 9.20295
-70.5363 2.06372 14.2323 18.0119 6.67754 26.4024 12.5139 40.5842 25.7348 12.8977 0.0121299 8.87732
-69.4123 2.91342 14.1475 20.3425 8.10286 44.3936 17.6067 46.2624 21.7928 6.66699 0.00252836 10.9867
-64.8181 5.44376 11.2573 31.869 2.9651 16.2669 38.0909 8.44863 12.6579 34.2354 0.0108506 10.0717
118.742 0.834665 12.4875 15.4914 4.46145 5.03671 16.6775 17.7517 3.75221 31.5116 0.00115606 10.8214
1.77022 4.02182 2.62351 5.49314 11.7731 1.78235 35.7459 19.9391 21.4036 4.62559 0.00115606 6.17299
-39.2524 1.77748 5.53596 6.56678 9.90329 21.7512 15.8076 32.5055 8.03461 13.7487 0.00809155 6.41856
-56.9122 17.991 11.5131 8.04005 7.44404 12.269 12.0401 2.52947 16.632 11.1042 0.00677734 6.64048
-8.13197 4.94767 13.2102 4.35716 5.34465 21.922 18.9631 28.9422 12.9792 5.00207 0.00272985 5.68571
10.5571 14.7322 3.18089 13.8796 5.33823 9.43137 3.61832 2.36859 10.9393 20.0198 0.00487159 7.61231
-42.4867 5.00245 4.44439 19.1088 4.7278 20.583 8.27266 4.97529 3.19952 24.3346 0.00283146 6.20032
8.97263 19.6551 12.7355 1.5676 4.425 7.5986 16.6317 23.1788 31.3269 2.29388 0.0927418 11.2747
-71.0156 7.80811 17.1727 10.3993 4.19536 1.36251 19.5526 32.7663 13.3447 10.0266 0.0960088 9.57586
-51.7992 26.5205 10.962 13.7613 2.89446 7.28489 1.64491 34.6052 10.0568 27.2795 0.0839768 12.3505
-69.5135 7.94704 13.2312 7.44384 12.5532 14.8121 12.127 32.627 11.6488 10.8536 0.132939 8.60744
-55.1793 6.15549 10.4239 11.5466 9.43287 7.1622 27.399 8.69967 60.8158 8.20041 0.477369 14.5735
-73.589 13.0862 13.6184 22.1379 18.1419 6.87463 17.5416 0.325607 24.2634 8.72838 0.0675343 10.9314
-50.9892 6.45863 7.62478 24.6916 13.3829 14.8896 16.3591 18.2515 7.2413 8.84914 0.0122675 6.44765
-19.9073 1.12418 4.77807 36.1997 2.54472 3.40118 16.1075 43.2226 20.0453 9.15028 0.0649724 11.14
-9.09752 3.98886 7.46979 8.43403 33.2039 18.6488 12.6221 7.41476 20.9662 13.5892 0.00018285 6.76456
-48.6973 10.5977 12.0237 3.74121 20.5998 2.92213 24.0456 49.9403 5.60588 11.3338 0.0297388 8.68685
-61.6269 3.55416 6.12235 9.24627 9.27613 19.3669 14.1907 22.4143 7.86134 6.74419 0.00220761 5.14905
-14.3514 9.50048 3.93967 16.174 10.5756 19.3904 16.3533 53.2334 8.07199 0.856727 0.00220761 7.9457
-1.91023 2.38531 4.09755 14.9826 4.66861 56.2452 8.31248 36.8758 14.1759 8.19833 0.000775187 9.16022
-6.45956 1.61701 19.5662 7.50755 18.8496 25.097 12.38 8.108 28.994 6.82365 0.0058176 8.69037
54.0042 2.66039 2.70925 16.0899 1.16022 15.2973 13.383 23.0873 37.516 6.50647 0.110345 10.8568
2.35424 1.87191 4.97323 0.919957 1.16022 31.6102 35.6267 24.9306 12.0101 6.50714 0.0195147 8.21849
-67.8553 9.4614 11.0291 1.83765 13.0207 15.7657 44.0048 20.6561 10.7826 20.8001 0.0401552 8.45786
-72.2912 16.5039 9.49326 2.4327 1.93932 8.05061 41.5612 30.7581 5.3277 28.4881 0.224086 12.0065
-56.9351 5.31722 5.92087 7.29057 11.7491 3.15792 37.8596 32.8477 11.7902 5.74278 0.0189783 7.27017
17.0068 5.06082 0.376156 5.5366 9.33338 7.91281 1.78337 55.3046 0.529502 4.5705 0.540147 15.3058
-7.58644 10.3071 4.85701 16.3614 2.36785 19.1788 4.15791 6.68268 66.1304 0.176252 0.299385 15.4767
-35.0518 9.83132 4.75924 12.9708 4.9588 16.6542 11.437 28.7329 2.84644 3.39965 0.331048 10.2438
-56.772 6.9924 5.46827 8.88955 0.708481 37.464 9.52572 31.3169 5.7258 19.4774 0.0704984 9.23344
45.206 11.8613 0.512364 12.6615 2.45465 0.227991 12.198 20.255 4.56017 24.5235 0.0118445 10.1114
-16.9259 12.0613 5.17817 12.3049 3.10188 10.2786 13.1031 72.382 43.1798 22.4315 0.00326336 11.9721
-49.0362 10.893 8.68539 8.19624 5.32526 11.9252 22.7779 17.8008 12.6601 1.54941 0.00188226 5.1486
-58.3714 7.85905 7.52029 8.10898 14.7437 29.5102 32.3613 7.41507 21.2417 0.489077 0.0192788 7.94345
-27.7406 13.1975 5.32601 5.40008 8.55224 40.6627 16.9866 12.216 8.2468 11.6318 0.0353971 7.63097
-51.2011 13.7115 5.60008 2.77278 24.4907 21.372 21.2347 23.1915 38.4155 4.99826 0.0382119 9.83301
-74.6457 7.80151 4.912 2.31879 19.0091 26.4072 35.0892 18.9945 4.32857 16.5534 0.199086 10.2519
-53.1658 9.50259 7.25294 6.68669 2.48742 9.38572 53.7612 1.32161 24.6157 7.12889 0.122723 9.90475
-22.2056 46.7639 7.56224 4.6236 6.03025 10.583 17.4845 16.9795 50.6445 14.5683 0.544147 19.8988
-26.9263 19.2118 0.324637 7.37638 7.45135 24.1009 11.5303 17.9251 59.9898 8.97324 0.107367 13.0039
-74.1389 14.1854 5.5916 5.19047 28.7054 9.2678 29.4643 1.38724 19.335 4.30011 0.114269 9.31844
5.01292 20.6231 6.00441 8.47375 0.725785 26.5483 18.1123 41.0721 19.7711 8.39591 0.108764 12.7295
-32.6505 25.9157 11.1198 6.09222 1.56327 7.03533 6.80769 31.4015 13.5459 3.80355 0.0319952 9.612
-12.427 3.93648 2.18474 19.0886 3.3388 22.0615 3.98224 38.6639 20.2931 26.9219 0.114135 11.1512
56.9458 3.93648 3.63318 10.0624 8.72952 7.2154 10.2659 41.9933 23.799 11.5964 0.0724029 9.54685
89.831 5.24746 1.31939 3.57023 3.16169 25.9704 8.1388 50.6219 9.40886 26.4397 0.000224822 8.76824
23.801 6.50018 7.25848 17.3023 2.79185 10.4481 5.00256 12.5873 27.5791 4.93338 0.0184521 8.02084
-37.3753 8.09455 7.9532 20.3965 7.79056 11.3184 3.96699 5.32426 17.9116 1.64438 0.0697012 8.37541
-72.058 6.77385 7.866 30.1667 2.02663 13.0498 9.77406 21.2082 28.3473 12.9734 0.0216072 8.87858
-37.7012 6.03836 12.1599 28.56 3.54962 19.2372 26.701 9.20461 8.96611 16.6109 0.0038737 7.82023
-49.9226 3.1487 6.19581 35.1244 5.62741 10.2936 10.3145 35.0602 11.4004 13.7469 0.0038737 7.62852
-55.6527 1.60273 5.70124 17.3541 17.2564 5.12577 10.5252 60.7606 12.4146 3.84162 0.032889 9.22122
41.9577 8.09302 0.838608 6.46471 7.63956 16.8683 20.413 32.2341 22.4045 17.0284 0.0534898 9.36304
0.564913 4.91847 3.73428 3.28396 31.6117 31.5179 7.18688 4.26707 2.72422 14.0488 0.00620768 7.39763
-37.3555 5.45537 0.595558 1.35412 43.713 18.3723 13.5649 25.4313 10.6365 24.3091 0.0112758 9.69868
-31.4878 3.51665 11.0793 11.4537 13.4298 24.7142 21.3733 21.037 1.06642 17.7416 0.00219328 6.37868
-34.715 11.5474 1.72634 14.1252 3.75852 23.3594 44.2646 6.85463 14.5053 6.4432 0.0160969 7.37716
11.7659 7.60951 7.07044 6.18665 11.3689 10.4194 32.1829 18.2446 41.1933 7.04207 0.0623205 9.52469
-16.4037 10.5405 9.41686 2.15396 12.424 19.0798 25.4431 18.7156 8.16591 1.11565 0.129599 8.67012
73.7903 6.32326 4.89457 9.61085 9.33724 31.0655 23.6028 3.79999 7.92071 6.7062 0.00255053 8.0711
32.6409 0.989029 4.98628 6.31643 22.0761 17.7607 34.2888 8.31753 16.0416 7.00099 0.0787424 9.29509
25.6426 8.50528 0.845866 9.93146 12.1875 7.48006 18.0641 9.57179 39.527 20.0041 0.277111 12.4461
2.46146 12.7677 7.17897 3.54188 12.983 15.4989 23.1159 2.89338 9.72439 32.454 0.105228 9.81152
15.6588 2.36921 16.028 2.86503 21.8402 4.48765 4.09623 2.89338 13.8212 1.61538 0.100038 9.62788
-55.7659 6.83136 9.98798 27.4149 26.7898 2.80375 6.67039 26.0462 24.472 6.27224 0.0120559 9.79503
14.8837 5.8577 4.07753 6.08685 33.5661 8.82018 8.3916 4.8213 25.6327 4.23264 0.0120559 7.70277
56.3156 0.967427 0.253209 8.05764 11.0687 15.4326 12.4244 5.05495 20.6769 11.8759 0.00644577 7.39418
-10.9568 3.98043 0.716384 4.70073 15.9766 27.0706 27.8262 27.0246 9.95554 16.9023 0.0494226 8.64249
148.891 1.8816 1.83065 0.09312 3.83555 1.34271 19.8597 12.8611 10.486 15.3382 0.0482986 11.1998
-19.1612 1.78848 5.56667 17.3596 2.67146 10.1971 40.6333 5.35581 7.99567 21.3277 0.00205325 6.18659
-61.9165 19.5565 1.89887 9.33565 3.85878 24.6484 67.7068 4.40563 13.5416 1.63534 0.0121468 10.1327
-41.4362 17.9138 8.29484 9.75671 15.4604 12.9058 9.22773 10.0828 10.0195 4.44015 0.0488157 7.32809
-63.5215 25.883 6.18556 8.57449 25.8405 3.21252 39.7642 9.56008 9.96127 5.62564 0.0680623 10.6138
13.078 3.99813 6.0572 2.07468 14.0011 4.1837 49.9646 18.9791 13.106 7.1095 0.117276 9.03234
7.0624 3.40118 11.951 10.4847 7.51782 6.41175 18.8043 8.54268 12.6515 7.3697 0.00862427 5.58338
-71.7913 4.27129 9.43824 10.309 36.7912 28.2396 7.63954 18.6287 16.7082 13.2792 0.100895 10.8533
-73.3457 8.99299 9.24186 8.40927 12.1528 11.739 26.5885 40.0247 35.0428 11.2416 0.0952357 10.3529
-48.788 7.13112 5.24852 22.6194 17.7514 5.89972 6.74071 35.5148 39.5232 13.9896 0.0260119 10.2496
5.70779 1.10399 18.7342 0.912957 4.3067 37.1247 14.0544 25.6595 1.83423 30.743 0.0813207 11.663
-72.678 8.68402 11.4705 6.2183 7.06767 35.5695 28.6642 16.2531 2.71207 19.4237 0.029924 7.73677
-60.2437 5.97872 3.07563 32.1777 9.54304 27.028 25.8596 1.98452 11.51 12.948 0.00603464 8.0994
-72.9849 21.6587 3.93248 7.52347 12.9663 8.11474 45.8866 57.6916 5.18687 18.4087 0.0352468 11.4379
-47.5338 4.92598 11.8895 23.2193 17.7025 19.2075 18.009 12.7846 25.2107 12.8043 0.0534501 10.0788
-73.4801 5.66713 15.7011 28.8758 4.68801 5.45209 32.655 20.8639 7.26456 28.0554 0.0166211 9.19181
-45.1285 2.29071 12.1669 15.9393 11.5958 26.2601 5.52633 7.4524 10.4607 4.82231 0.0139299 6.17978
-52.2626 2.14681 11.3668 0.912852 50.0726 21.0666 10.0711 10.6953 7.96165 14.2778 0.0704565 11.0892
-40.9213 17.7471 3.75097 4.34668 12.683 15.2174 39.5869 3.3574 16.2043 6.59552 0.0122788 6.86931
-9.67876 7.13045 6.74796 20.9916 0.83174 8.84763 11.2757 4.3612 9.53358 15.5652 0.000937059 6.24964
-13.5365 6.90529 6.74796 33.1703 3.24057 23.3838 11.2757 19.9973 6.99229 16.3258 0.000937059 8.16954
-57.6856 8.32581 16.8418 12.5635 22.2127 17.4724 25.6137 32.2682 6.56149 19.6833 0.108967 11.9726
-7.08924 8.38476 6.73129 3.76102 12.3713 0.818175 20.9533 16.1155 24.7642 10.9854 0.0197623 8.01613
44.8679 1.00264 2.67691 12.9747 10.2887 8.00819 12.9903 19.071 47.8459 8.43887 0.0489986 10.1819
57.06 5.54268 4.06313 8.1117 9.79541 16.4813 8.60987 7.19509 18.763 23.8535 0.00246589 6.74242
-29.8651 11.1125 4.17355 10.6941 3.61402 25.4023 53.1153 11.4658 30.4156 47.0194 0.0110999 12.2363
-60.1036 3.8684 4.40885 23.4787 2.67823 24.179 34.1081 7.33943 8.06742 31.7936 0.00992679 8.03015
-35.3637 5.71288 0.489174 27.0979 6.1224 26.2026 3.32048 48.9075 14.6943 16.5192 0.00165033 9.13288
7.84815 8.10783 2.80144 28.847 3.13038 40.2647 9.2132 10.7069 9.60545 19.72 0.000342686 9.49121
-20.9922 4.15034 13.1006 11.3244 5.7047 5.92584 24.058 7.43577 10.1498 27.2352 0.0266053 7.50326
-25.6069 12.8044 4.72977 14.2272 18.5497 4.95268 28.5718 8.38936 5.66133 17.4456 0.0118964 6.87841
-9.74674 8.3451 7.80188 3.64802 5.46329 1.87137 15.8466 20.7994 12.8735 24.0104 0.000544666 7.0486
40.1672 5.96126 0.825429 19.3566 0.940337 23.9802 11.6745 6.25535 7.13452 13.1525 0.0565316 8.81347
60.2965 6.1338 3.29752 4.53156 11.4295 7.73597 5.68756 26.6988 10.9487 10.1714 0.018719 6.96118
50.6583 1.88152 0.92141 9.32202 8.46753 22.264 2.24749 27.9581 3.74964 10.6359 0.034023 7.859
0.110926 14.7483 1.63087 6.39983 6.98297 7.23895 11.5287 67.8965 16.4945 5.11251 0.0373569 9.98873
0.876031 8.05419 12.7969 5.48572 5.80342 13.3395 18.4468 12.555 25.5209 32.5812 0.192343 11.2789
-11.3902 14.1864 6.02363 3.17622 24.2505 12.9999 48.2434 17.9138 1.83899 2.77311 0.199256 12.9036
-60.603 8.36585 3.82476 1.36914 4.70565 13.0931 42.7527 10.5739 21.7917 14.5437 0.0280804 8.67705
6.04761 13.7853 15.7586 0.665372 30.4957 13.316 14.9363 13.0598 7.79793 20.8036 0.0416379 12.1286
-17.3406 5.50484 2.15305 0.343152 33.2039 12.2977 19.5043 23.6551 17.5895 14.6258 0.129911 10.6075
-68.6275 23.0422 5.66114 36.4498 14.6073 3.39168 14.1419 7.5526 15.6378 1.70633 0.0743751 12.7659
-65.6127 6.20575 0.870696 37.8489 3.09546 2.02156 48.7281 12.736 5.9599 10.6042 0.0156502 9.0336
1.09686 5.0909 4.67965 6.79256 6.70806 13.69 36.8065 7.90211 24.1456 4.93733 0.105254 8.12197
-46.3874 2.43446 2.6654 2.17365 23.1854 12.6633 41.4686 18.3494 11.9485 2.42533 0.134293 9.27026
16.407 3.95915 8.7323 25.3552 12.8558 8.93046 7.63961 11.4293 12.4445 6.79561 0.0526571 8.80054
-73.0639 4.57481 9.41855 15.7054 13.6964 25.2164 32.902 8.86636 10.5479 3.58757 0.0291661 6.98302
-58.9239 14.8039 1.86586 6.48892 12.1867 4.59814 5.57929 27.409 13.5759 2.37949 0.24716 11.1662
-72.6639 1.49912 4.53533 6.11455 12.3643 23.6412 38.9271 24.1379 28.6875 4.7246 0.26608 11.8256
-63.2392 1.36231 21.6913 11.6429 8.59595 9.01273 48.1278 28.1385 33.5557 11.5912 0.142771 12.7393
-49.3442 4.52009 10.5526 5.46153 12.5866 20.4264 31.4324 14.4057 28.4236 3.90932 0.00459009 6.42121
-37.4274 7.32517 12.3452 14.8687 19.1487 16.3734 21.0998 43.0659 25.674 6.35833 0.0195277 10.1999
-46.9214 17.2327 17.4892 5.47564 14.2909 9.11353 18.8239 4.52083 1.56153 12.7601 0.0708458 8.82014
52.3137 5.40009 4.55543 4.14351 11.9219 14.5325 23.3 12.9309 17.2719 2.82698 0.186718 9.2758
-73.0749 8.14072 33.5818 6.73756 3.90097 13.9596 7.44772 50.8441 10.9774 1.00255 0.292529 13.5859
-57.5627 10.3078 10.7841 21.8493 9.95118 20.2194 3.25955 1.66611 14.7146 19.5726 0.125729 10.4531
-13.3597 6.24349 11.9506 5.68313 16.5927 25.5645 8.79371 17.385 9.896 3.88547 0.0902375 8.00621
-62.7275 15.5987 11.075 17.8084 6.32763 11.3562 4.36297 38.3193 0.902021 5.83589 0.115891 9.91592
-8.97102 7.60696 10.1089 10.0512 10.8048 13.6592 7.04563 32.5626 6.311 10.3833 0.0270257 6.88022
-61.3207 10.1364 20.2901 11.0529 10.8063 5.02308 23.2344 39.8428 3.18018 4.18097 0.0269086 8.21307
-46.1125 5.67927 7.68652 19.1956 2.72793 11.058 29.7551 3.53042 3.39185 14.0293 0.0534098 7.29387
-34.7393 8.56438 19.3539 9.559 3.24566 5.95075 31.5786 13.924 16.5667 4.14761 0.00787555 6.73898
-14.0259 2.44889 6.03755 9.21459 3.31905 7.36637 55.4069 22.0463 54.8834 12.9897 0.0751388 12.2406
-19.7631 7.6234 13.2288 11.8219 16.4097 14.5327 26.0733 10.0997 2.26881 44.4271 0.119329 11.8304
-46.0403 17.0858 9.17689 7.96827 12.2345 10.8692 21.3083 9.23574 10.457 5.06918 0.175383 8.63555
-58.2392 1.75904 4.9488 37.5448 18.8336 17.4481 3.55013 15.441 10.5221 20.7003 0.0293433 10.0951
-5.10338 8.16838 10.724 18.9129 12.2118 6.54569 7.39204 36.2039 16.3148 18.9213 0.00993711 8.76253
-19.7895 8.71153 0.983633 1.20039 7.9031 26.9531 9.13853 37.5968 10.5328 7.34682 0.0181332 7.75876
-20.2306 9.63989 14.8068 9.30557 4.03248 32.0716 16.5196 10.4876 4.0062 5.34155 0.0204288 7.10643
-44.0815 13.6636 1.33687 26.3718 6.39119 18.0859 13.4174 27.5484 6.55218 4.82418 0.00108976 6.49449
-61.8417 14.6719 4.04263 15.7648 8.79438 25.4072 20.7444 27.1167 3.18876 6.33079 0.00424006 6.23801
-66.8949 11.8516 9.42248 14.6744 10.1525 29.5844 18.588 39.0072 8.95858 9.92842 0.00183053 7.25178
-64.0039 3.15382 0.406027 19.9853 14.2029 16.417 3.74059 54.8705 43.876 20.0647 0.00812069 12.3127
-53.0533 21.187 3.30479 7.15512 8.15933 15.2463 11.1594 78.2746 6.68092 26.1795 0.0234396 11.362
-41.4097 7.74595 3.30479 37.2047 12.9263 16.8624 6.8567 48.9491 11.8877 68.8246 0.0379708 16.6069
4.43418 5.03756 8.64165 36.2722 12.6038 4.09219 3.93377 65.8425 4.39226 22.8624 0.0178802 14.179
-28.7178 10.2805 4.11644 14.6955 3.4132 4.09219 6.28913 60.6404 5.68469 19.0767 0.0900898 10.7145
24.4705 5.633 10.7648 20.0484 12.4405 6.83912 14.6881 33.3407 10.4485 20.5116 0.000123862 7.94078
-15.4635 3.6648 5.84813 15.9413 36.3667 6.17569 5.24557 20.0962 29.6899 22.495 0.000123862 8.79491
-6.35503 8.46447 8.89751 0.172838 26.4894 17.757 8.98263 21.8464 31.6669 6.23492 0.0117653 9.38477
-17.8071 8.00619 8.11817 2.13391 23.915 15.7522 1.66841 40.1136 21.703 9.16434 0.00279902 7.89456
-37.4538 7.80029 3.0179 6.81258 9.2583 4.26561 30.4029 32.0374 21.4472 6.49578 0.0128245 7.43405
113.682 1.7238 1.22254 8.25589 9.66578 3.49356 5.55387 46.9859 42.2944 37.5701 0.00879666 13.5115
14.8967 1.45984 7.80826 13.0405 2.15352 12.5771 23.6629 38.7622 14.5257 16.5626 0.0100408 7.79625
-10.999 14.4946 17.3605 27.4739 2.86173 13.0857 14.2822 1.6972 9.33126 37.0179 0.000347725 12.2429
-62.0155 3.52167 2.96955 12.6724 5.56009 12.3366 33.0528 26.1081 9.8307 19.423 0.00955914 7.28364
-51.4168 7.94825 8.39924 7.30777 11.2913 16.5918 27.7993 16.1555 6.60096 1.47573 0.0112762 5.40662
-15.6754 5.6607 1.38224 7.49734 8.78191 13.281 24.1563 13.0518 8.62721 4.09546 0.00487382 5.05134
70.4247 4.55511 1.18132 12.3011 3.87847 5.15428 11.889 23.9341 22.4737 25.6339 0.00204564 8.23304
-1.27838 17.1326 3.15008 6.9562 14.7921 0.600856 52.6789 1.96986 22.8872 23.7224 0.00204564 10.0569
7.11548 20.7678 3.15008 1.44227 5.82082 9.40584 30.8798 27.1026 10.2292 22.3521 0.00204564 8.01036
7.15726 15.6256 1.73073 11.9014 6.92901 12.2303 20.8315 39.4626 23.6311 8.20064 0.0701752 10.1238
24.3325 7.25586 4.57765 2.62008 9.56011 31.9403 26.4933 46.5503 32.941 18.0712 0.0722958 12.8868
-36.3885 16.2437 3.09747 5.35228 8.53247 14.0894 28.3408 26.0097 0.798773 22.2205 0.0694314 8.94419
27.3238 11.8787 5.46015 9.65849 6.1933 23.4881 4.89373 10.6368 15.0969 4.89839 0.0150218 6.9724
-6.50527 0.199913 17.3807 7.48379 10.4437 24.5845 21.3814 39.4637 1.76464 20.1728 0.018482 10.1452
-38.9066 1.46472 9.75355 16.0689 5.94881 24.6208 24.9528 10.2372 23.4547 6.78407 0.00967361 6.73377
-64.0186 5.71154 25.5496 15.158 5.16332 17.4981 4.71552 29.1254 13.6246 7.2714 0.00597903 7.63938
-57.7635 4.6514 23.432 5.16243 7.89744 11.5139 25.3669 20.83 1.70093 0.521966 1.45708e-05 5.36715
-48.8337 16.9875 8.83863 23.9596 11.6623 15.1353 8.10458 38.2781 3.60278 6.13692 0.0844977 10.8436
-46.1619 12.1914 4.5466 3.4697 11.9263 33.1714 24.7593 31.8041 13.2729 7.8912 0.0925465 9.25752
-48.7718 22.0803 7.111 12.6811 10.7278 20.5588 11.8141 55.1975 29.1107 6.78259 0.0167758 11.4534
-67.5381 8.78124 12.5392 11.9515 18.4529 19.3464 37.943 2.99794 27.829 7.48822 0.0179944 8.76232
-52.5167 6.54098 13.7087 9.94047 13.6071 19.662 32.5353 36.2445 13.9769 10.5499 0.0172056 8.31334
-38.1329 1.6198 14.5583 3.90187 8.93367 31.1587 7.81346 17.0148 13.0085 2.35323 0.0515942 7.4732
-46.9093 1.62451 2.39555 15.5554 12.5658 7.67744 18.7293 16.7901 10.601 8.79281 0.00648183 6.16954
-73.7448 7.20069 3.47748 26.5568 17.17 4.24001 22.1136 35.3876 9.49826 6.16791 0.00512085 7.02515
-51.6809 6.34012 5.18185 28.4507 7.10192 7.15243 27.294 30.2956 14.6046 16.1546 0.153784 10.4445
-41.0686 12.6904 9.01735 11.1501 15.754 14.5698 7.99502 52.7591 13.896 32.0235 0.234703 13.3391
-30.4818 3.8643 3.82007 5.56914 16.6506 7.9397 13.0186 36.8695 7.85464 14.8515 0.0675534 8.19094
9.6123 7.00124 10.0723 4.12672 22.3454 17.8745 12.1288 4.76939 9.56812 59.9718 0.0490022 11.6703
-58.438 10.9649 16.2625 2.50825 3.10067 19.2186 47.4483 4.11626 6.50173 5.68115 0.0107516 6.8033
-4.10376 3.88917 11.0119 3.56321 50.9621 1.00759 2.90181 6.71651 4.44355 4.80363 0.0493588 10.6508
-25.263 1.21929 13.3872 4.52889 14.0515 19.7452 9.23279 0.122089 2.45015 24.9533 0.0766587 10.1909
-21.8637 0.52229 42.604 5.10383 5.92194 13.0138 26.0038 15.0257 6.7381 18.5766 0.0675463 13.1901
-47.2863 6.21024 19.8096 9.01529 10.0471 14.5108 33.9424 39.9963 6.64012 13.7996 0.0801144 10.1683
-52.2817 14.4463 9.0403 4.11361 8.62813 9.71912 37.2486 7.15427 3.4232 13.3985 0.0136967 6.06344
-34.5774 4.2151 12.4193 13.9396 7.68827 11.0875 40.036 11.8681 40.1894 15.7488 0.0263726 9.34944
-35.2076 8.54837 11.491 3.8529 8.6311 4.36373 3.38755 21.6196 26.8744 6.40848 0.10888 10.2682
14.4154 10.0826 20.4769 1.36933 13.2841 4.89129 15.1145 34.7197 5.07172 11.871 0.00561178 8.56796
74.1066 1.52481 7.40976 5.72193 3.01186 2.11786 12.175 17.1524 7.05625 29.8257 0.00456485 8.1268
-6.55847 25.4236 6.57084 4.74857 2.25006 28.0472 8.2548 13.2484 12.2808 3.76956 0.0331457 9.15145
-46.1138 23.6177 9.54992 5.718 2.58244 7.48707 3.86235 24.697 33.5102 5.78688 0.0291389 10.2548
-57.4442 7.73579 7.3327 38.4548 1.38765 18.0043 3.99525 6.02642 13.5085 9.0227 0.00645374 8.21051
-52.6045 6.81869 9.05099 5.36271 11.6912 3.85995 21.3721 12.3299 36.9033 2.75494 0.0113756 8.07875
-13.769 12.967 6.06916 21.6532 9.67381 15.0323 5.0412 13.495 30.4824 10.0653 0.00617286 8.46845
49.2948 4.07026 10.0779 21.2493 7.63271 23.1548 23.7686 0.625173 41.0874 24.4683 0.0151789 14.0997
-2.58468 10.2575 9.76085 11.8417 5.40092 4.76808 28.0196 6.03955 31.3157 13.5333 0.0973643 9.6746
-60.7571 4.20004 8.63126 10.4482 8.40669 15.846 22.3328 6.00678 22.2933 21.9374 0.0066819 6.87036
-4.31043 7.79781 1.65016 18.4994 0.483074 15.9696 5.44174 2.34975 3.16942 8.83396 0.00526737 7.14874
-40.3976 14.152 17.4789 1.78216 8.60475 14.0306 35.9891 5.55589 5.67763 11.0439 0.00184543 6.26002
-29.2842 17.6587 15.7406 15.0671 4.33291 26.0882 29.8 4.85857 17.4022 21.1629 0.0720847 13.0342
16.9588 10.83 3.83309 13.5272 20.2199 6.62678 29.27 3.26254 12.176 18.7336 0.0706666 9.76361
-51.6212 9.75796 4.12353 14.2086 16.6539 27.7168 34.0529 24.9574 12.0424 1.19228 0.180859 11.8751
-33.5477 11.7997 0.721573 15.2762 13.5855 4.17237 26.5873 40.6199 30.3539 5.85619 0.269366 12.8289
-18.2599 8.10465 1.49161 8.65808 9.05696 3.08764 27.9482 35.1504 33.2221 5.07545 0.0558447 9.68275
-15.5046 1.09959 18.5612 1.99553 12.076 31.5116 5.10786 26.214 21.1517 1.70731 0.507516 15.5134
-69.9872 10.5529 12.3569 5.49919 26.8345 3.21761 8.41274 32.2969 8.46848 17.2848 0.119249 9.6554
-14.2902 13.1788 4.26519 2.5955 20.5113 8.78776 22.3431 39.0415 4.07818 15.0483 0.240345 11.0263
-14.3106 3.71971 17.6805 29.8692 8.81126 8.10333 19.4672 130.431 1.54865 9.34106 0.0187645 21.338
-56.1181 10.5659 7.19496 18.2887 5.18836 14.341 17.2052 12.5586 32.7196 20.1726 0.0370275 8.85206
-53.6356 7.92273 3.69617 23.7027 13.7571 14.6125 28.7033 20.7923 15.2055 19.0089 0.026546 8.37483
-58.4751 2.85791 1.92398 28.5322 12.5897 4.69456 15.4351 55.5975 12.6947 19.2461 0.0172176 9.77198
-46.624 0.702116 0.475924 15.3406 13.1069 9.99259 42.4951 8.1943 2.10057 16.0227 0.070756 9.21888
3.46782 0.672489 2.08727 6.96055 27.8787 8.75345 34.7948 9.03667 17.5505 16.0833 0.127889 10.1287
-36.198 13.584 8.84703 3.34763 14.7293 0.978492 35.7049 28.8762 53.2126 10.9092 0.0070038 10.8131
-32.7791 12.9933 13.0538 18.1958 23.416 1.37242 4.12617 57.0221 40.3371 4.2254 0.0135725 13.8212
-19.6059 1.7211 7.26089 6.70958 0.855843 15.2582 46.3341 15.6904 15.6503 14.7376 0.145188 9.91655
-47.5507 16.4355 7.7691 12.318 24.281 15.0565 26.406 17.7825 9.80958 10.1646 0.0526134 9.67809
-55.3829 10.0832 13.8998 6.13397 14.2536 36.6201 2.80267 11.3515 1.25217 11.451 0.02499 7.76474
-41.0251 1.50728 5.39288 9.42483 21.6228 3.51756 35.0388 23.0151 15.9132 6.20773 0.00974437 6.81127
-68.9756 11.7255 3.87664 1.7734 31.6048 18.9683 9.28179 25.1346 12.8705 8.5686 0.0161454 7.32206
-21.0468 5.22018 7.32379 1.16944 30.1822 22.6396 19.0729 28.0339 36.9114 13.5621 0.0240853 10.5251
-62.2692 8.84469 6.13823 6.75551 2.43922 11.3852 31.9825 3.98266 2.99221 27.2374 0.0200234 7.96654
-64.4605 3.4029 27.2607 2.64554 38.7484 12.5939 18.0608 5.1308 21.0212 7.54492 0.0193193 10.5504
-66.4298 13.6028 35.0296 7.59707 0.234396 10.3417 28.9928 41.6139 7.37249 5.42368 0.115728 14.0868
-61.3921 1.39966 28.508 19.3906 16.2237 9.98199 5.77938 37.6956 59.376 9.21775 0.0886964 15.6985
6.21919 1.95001 9.9426 11.0561 3.81235 15.2077 27.7276 1.80797 10.2362 12.7816 0.0328808 6.96406
13.441 2.69596 1.09357 19.635 6.01286 2.775 19.1292 7.74789 7.02437 3.33808 0.00281268 5.82345
16.868 0.992185 15.6634 4.75224 21.5184 2.69739 21.3669 18.4007 2.47915 42.4245 0.0293029 10.4445
-64.1038 4.99151 8.4223 7.77944 28.8555 7.76317 18.5542 22.1728 1.22231 70.2116 0.0124117 11.4372
-58.5091 3.56949 9.94065 5.47522 25.7095 10.2541 18.311 46.566 11.734 52.2954 0.0113636 10.8826
-11.6255 6.47933 5.93448 3.12228 11.2678 20.396 45.6582 18.8106 11.2469 7.85876 0.0141776 6.89297
-65.1795 21.3838 1.31506 2.84075 16.7709 3.36545 12.3951 20.3059 22.8841 13.8074 0.0673295 10.0141
-26.8926 11.3468 6.43639 5.88063 22.0747 9.27791 33.7155 0.581477 24.2888 17.1181 0.113201 10.5451
-41.1844 10.9779 5.36397 27.4938 3.4092 19.6514 14.1776 33.0322 19.0763 15.4431 0.042618 9.829
-38.0615 12.9542 9.94724 0.450396 14.958 7.06167 63.0692 0.841579 9.26216 46.4717 0.0492254 13.0232
-57.3174 4.81092 9.38305 8.21079 13.2164 3.79264 60.6657 11.7664 13.7595 1.24618 0.0505993 8.40229
-41.6712 1.06312 22.6367 17.6402 6.15944 7.82187 17.3428 13.3787 11.6433 8.13515 0.0637593 8.48789
-65.2885 28.7394 4.27724 1.56625 11.4916 19.1416 31.6033 28.837 2.99234 20.6321 0.045249 10.282
-55.2145 39.5993 0.462272 15.5057 15.6289 9.70726 5.23657 7.95566 11.7089 8.26888 0.0227401 12.0163
-62.8696 7.49663 2.88725 30.4082 5.22423 15.2253 22.5287 30.3937 7.88111 12.6805 0.0192972 7.74091
-72.2723 7.08721 16.1278 6.37815 9.28515 18.9113 7.42035 48.5332 37.5548 13.835 0.00512639 9.31112
-24.3519 8.22168 9.94881 30.0722 1.12707 6.30278 5.94952 1.90726 1.57771 28.3955 0.000190038 8.49244
-37.8195 8.14406 4.24833 21.5634 2.63865 17.6487 11.452 21.8667 6.58896 15.3386 0.00110809 5.60431
-9.17533 19.658 3.94527 6.38298 2.99576 6.00938 45.9348 23.6711 19.1592 27.468 0.0142205 9.89868
-25.3703 9.71555 3.9839 2.3972 6.7345 12.2924 19.5141 72.6617 20.2274 16.2516 0.0792562 11.4265
15.6728 10.8893 3.44227 3.25062 0.965598 10.4551 23.2419 26.5995 8.40925 4.16336 0.032377 7.46023
-20.7142 25.13 4.22889 4.30763 0.965598 18.0322 10.483 12.5773 12.4497 10.2862 0.0183231 8.08362
-7.19101 4.13959 8.67862 7.59849 33.478 8.11264 15.9517 13.1592 9.68018 9.37255 0.106157 8.89203
-55.3706 17.0922 4.5832 12.7747 20.5389 7.2915 11.8145 5.22172 12.9892 15.3703 0.0364612 7.67624
31.8138 11.4776 1.25946 10.1865 1.57946 2.63911 50.2984 33.1488 19.9912 4.07837 0.00712122 9.38544
-2.75754 5.05522 1.91637 1.07489 1.51618 60.7322 11.1453 18.4685 57.0543 9.15927 0.000799388 11.3642
-24.7851 5.76215 3.56536 2.52071 9.66914 19.5484 18.4887 19.6692 34.9686 8.12307 0.0264066 8.14349
23.8842 3.22979 10.4075 9.51421 1.06731 36.2634 21.5468 5.3755 22.8001 1.15118 0.193856 11.8517
63.9813 8.53037 12.8615 6.40155 17.2985 6.50753 12.8012 14.8656 36.7783 9.29912 0.0129681 10.6047
-62.9787 7.32092 0.047541 9.88528 20.6928 20.6157 17.2139 50.3049 8.09915 24.0558 0.0975871 12.2084
-38.4197 4.23729 2.17083 1.17104 2.2563 11.9712 27.4312 61.26 1.74287 14.9051 0.0568573 11.6232
-46.4611 12.2779 4.57284 5.60186 19.643 21.1624 32.2305 38.2694 13.2351 14.3103 0.0826503 10.2623
-31.511 8.05258 1.76729 0.830745 14.7365 42.8191 21.5384 19.1382 41.7704 24.5016 0.0549641 12.3773
4.90214 6.65212 15.5056 5.42036 22.2241 12.9912 16.0245 18.0916 31.2345 10.893 0.0448114 10.0845
4.74638 4.73087 6.71367 10.926 15.7502 14.1516 21.9892 13.6342 0.55427 4.94768 0.000962898 5.10969
-59.4473 6.22325 21.9801 4.2794 22.6121 27.1455 46.7782 15.6793 16.2889 11.2957 0.13974 14.8499
-68.8553 5.71977 18.7711 2.94162 20.5374 9.41839 6.65298 3.31235 20.4941 42.0917 0.0343271 10.6122
-52.9367 8.8276 16.7652 16.1339 4.27422 21.1035 5.93818 3.38178 16.0591 10.9607 0.0715938 8.64481
36.1955 9.10802 11.2594 11.3014 0.343938 10.1575 23.4417 23.9603 27.1955 26.5088 0.179415 13.4225
-1.80308 6.20804 12.712 8.12837 3.20352 13.733 31.7185 9.46085 3.62273 8.0018 0.0636763 7.08409
59.2569 8.2856 1.38907 12.3441 2.81565 24.6384 8.84719 4.46651 15.4698 11.7917 0.000190419 6.19903
-9.85538 8.36954 7.54014 16.2024 2.58243 16.9754 14.449 4.15427 18.9237 32.2646 0.0287813 8.84115
-66.1109 5.20728 2.36589 22.8417 10.9906 20.0542 6.44143 6.85847 35.3368 28.9924 0.00226334 8.83688
4.29174 3.62763 9.08206 25.768 3.83867 8.91602 4.93167 27.7004 14.6166 31.3795 0.00158028 8.60522
-26.2294 4.82661 5.63026 7.17614 15.0781 16.3022 6.42727 49.2133 8.53042 19.3572 0.00101192 6.63751
151.323 1.3368 3.8898 7.17614 0.626736 11.9799 1.79507 26.1053 8.96553 48.5328 0.000715499 11.8976
27.9699 20.7689 6.49202 14.5705 13.6446 6.98428 12.0775 2.34539 26.9018 15.6878 0.00595093 11.1256
-44.5921 8.44426 7.35942 15.1791 18.1835 14.8618 10.9481 22.986 8.26343 15.0819 0.00832009 6.25196
-45.8418 2.53529 3.44517 4.19224 13.6135 8.59209 41.0178 30.0771 15.1979 7.71461 0.00115824 6.44628
-41.237 1.35767 21.0932 5.64574 12.8953 9.36931 18.9898 33.5966 12.239 7.24304 0.0592642 8.34188
-4.75994 4.09585 5.21408 17.5124 17.5353 5.75598 20.0716 36.3668 32.7083 8.07551 0.0411928 9.66121
15.001 1.39787 13.9274 32.4641 4.18785 9.5446 21.671 24.1601 21.1576 6.63818 0.0484366 12.0767
9.87996 2.61795 17.9676 3.51337 7.55615 3.95322 46.6812 48.5568 13.0608 2.72791 0.268271 14.111
-47.3682 0.984697 18.064 2.13933 25.7763 18.2497 20.9421 9.56562 16.9777 11.1619 0.112458 9.69841
-28.824 1.72218 6.51013 0.938038 8.74148 34.8711 27.0348 15.6034 2.97107 14.3117 0.10071 8.85498
-23.7632 6.71159 4.09532 0.694036 7.09399 45.0605 16.1053 14.0178 14.9037 27.4527 0.0883762 10.1534
28.1469 10.6935 4.08884 8.11404 4.98102 21.6412 23.0717 10.6544 31.8813 26.9102 0.132893 11.2988
-14.2431 2.75041 8.28081 1.75617 42.3073 7.38451 21.1463 4.31556 26.6532 12.1142 0.081804 10.5389
-10.9803 3.02836 18.9322 20.4851 4.67415 37.6777 6.62455 23.8934 8.43202 3.50302 0.0917475 12.2246
-26.8565 5.27876 12.0859 3.07206 6.86881 29.192 13.3907 0.778224 0.947081 42.6352 0.195397 12.3007
-16.0479 14.1004 12.6309 10.7766 3.50671 6.95467 4.46245 13.674 15.9055 5.15894 0.361972 11.6225
-34.9428 14.7056 13.9793 6.57195 2.4034 9.32595 28.6754 28.6882 21.4225 1.85839 0.33795 12.1616
-32.1894 14.7701 14.8893 5.98936 11.4437 25.3433 9.32748 19.4289 5.25672 4.60382 0.200249 10.1753
-46.4048 15.2316 8.18705 10.3936 13.5255 5.37009 24.2227 16.2827 5.95162 4.94182 0.147028 8.31756
-13.4684 15.0632 8.56374 7.96895 23.3098 17.4567 16.2001 18.6187 11.1452 29.0069 0.0284279 10.255
-42.6789 14.9652 1.39361 5.02324 24.1309 10.1108 23.973 8.49198 18.6462 15.2165 0.026672 7.67816
-52.8233 10.2823 3.05705 4.36321 35.3291 15.7742 30.2206 15.2103 16.9803 13.3741 0.014714 8.2277
-54.5268 17.3797 0.466032 26.3146 24.6367 13.2471 29.127 16.8249 12.2427 8.67411 0.0145344 11.3811
-9.50301 9.78557 3.63851 16.7194 4.83937 30.8253 1.02491 26.2457 18.0383 6.90721 0.00891365 7.97008
15.7796 4.26583 8.53353 1.87462 21.6834 14.8059 1.84502 44.6056 2.99164 3.72175 0.00595909 7.47891
-0.78884 12.5505 0.708068 9.06181 11.378 14.2648 2.93996 36.322 14.8418 4.03228 0.0286468 8.29882
46.2866 15.7698 1.68824 0.561659 7.53631 14.4776 13.8234 31.757 9.74518 5.22309 0.0591064 9.2325
-53.5663 2.46839 17.1088 0.937467 11.5047 17.3565 8.13959 4.98041 24.1233 8.98484 0.072274 9.26914
-56.7977 20.2144 4.98673 10.3094 24.5168 15.169 17.5839 4.51308 8.06247 5.02576 0.453787 12.9181
-37.3426 9.26296 5.97269 6.74578 17.2615 36.8682 3.21975 11.3325 8.74856 13.2388 0.0738128 8.24482
-67.8524 4.15358 16.724 17.2566 20.6416 13.2179 10.9121 59.5075 5.42021 12.8092 0.00109083 8.58205
-61.2578 6.07135 3.19402 2.23447 28.5561 38.7903 25.0588 8.33721 18.8511 1.42412 0.0378544 9.40448
-4.90131 14.8145 6.15715 11.2775 11.7477 24.0694 2.8866 33.1508 13.9555 37.1392 0.0281901 11.0685
-31.1251 2.292 4.51784 7.2153 22.5302 24.7014 4.55185 34.4494 17.8895 14.0235 0.0541224 8.80096
-17.616 2.88563 8.66238 18.9115 21.3261 34.3904 11.7151 13.1286 11.2774 42.4681 0.00928535 11.5517
15.9436 5.47357 9.85491 19.4158 3.5097 13.9968 6.7139 15.4046 14.2499 0.99466 0.0249908 7.77998
-67.4755 7.4979 2.96112 21.689 16.001 14.4441 73.8697 16.2331 24.1664 7.62195 0.00867474 11.9966
-41.5684 16.7817 6.53571 5.72331 6.08139 6.2874 6.27634 5.83192 6.58732 6.5801 0.0538957 7.94624
-54.5235 0.371516 24.4607 3.91776 4.79156 19.6877 40.0474 33.9978 19.1882 3.80859 0.0967199 11.4115
-54.1486 1.49783 18.487 3.34397 2.45088 29.6266 16.1511 33.6686 45.0254 5.3097 0.121965 12.0566
21.8842 3.4106 10.6975 6.65928 16.0758 16.2621 18.9226 1.7303 48.887 6.91143 0.0051171 8.91961
-64.4136 8.71251 17.401 12.452 4.41602 11.7306 24.222 21.9871 13.878 14.5513 0.107472 8.79777
-47.5654 11.2551 4.73787 7.79823 14.7734 9.58948 20.0543 21.2135 5.40588 8.63612 0.00472641 5.05078
-5.89156 1.76623 1.1529 11.9293 12.1443 23.3684 29.3741 10.0549 7.43313 14.3443 0.0155728 6.5457
59.0643 4.21431 0.135896 15.2145 13.2138 18.6998 23.3662 5.3363 9.41595 9.08712 0.0253671 8.81949
32.8079 9.59066 2.85557 13.5375 5.41887 11.3689 30.2548 1.81808 26.0217 5.95139 0.0218859 8.10655
-65.735 4.69246 16.1104 0.432537 11.0782 0.810984 41.7517 6.94238 10.5047 16.787 0.014962 8.76673
-34.6403 4.30524 19.6865 19.1444 6.55234 1.4915 22.4774 6.34031 38.6415 15.557 0.0158621 10.0321
61.999 3.82396 3.9467 18.2244 17.202 1.83627 8.34021 6.39697 33.1287 15.6507 0.0334899 10.5604
31.3586 5.68552 5.68477 10.1693 26.5898 2.45928 4.5779 33.6351 23.0145 6.60785 0.0106306 8.822
-2.82081 13.2139 0.8193 12.3383 8.49675 2.35898 36.8831 1.6184 15.7129 4.55789 0.00945655 7.39349
7.93494 11.0902 1.15803 11.5031 15.5668 27.2438 14.6293 2.86558 31.1444 37.7632 0.00435027 10.4835
82.0036 5.0476 11.4716 7.51874 2.023 14.692 12.3564 39.0616 11.2262 12.0447 0.00233539 8.28799
-53.3651 14.3714 8.98718 26.0283 8.92532 13.3679 38.4317 17.8916 16.702 24.1559 0.00188819 10.0117
-39.5797 10.2672 12.3429 21.1585 12.2544 22.5961 17.8636 5.28121 47.5168 16.9835 0.00949971 11.2968
-65.8826 8.01484 9.43797 10.2783 18.6416 14.8628 29.5544 26.6642 25.8251 10.1734 0.0298768 8.26243
-35.5168 4.67287 6.69453 9.47734 26.1701 3.31365 29.3576 16.838 25.1941 7.64936 0.020328 7.55002
-39.581 15.7274 8.26629 8.43321 15.3113 14.385 28.9129 10.2411 10.9589 20.0631 0.0136592 7.31698
-49.9187 29.7347 3.96055 9.22576 18.1737 0.956922 20.1813 18.0224 11.8248 8.01646 0.068463 10.2784
-58.3761 16.2993 17.432 9.67912 21.7393 2.55098 27.2032 1.53642 30.9793 22.6475 0.123209 13.0834
-34.6582 8.23631 3.01621 7.43426 13.8134 24.0532 17.6221 14.7773 27.7332 13.8288 0.00929861 6.85155
-67.6744 6.72772 1.88343 15.0461 30.3096 19.5889 18.7072 9.60983 21.1252 33.2313 0.00929861 9.15798
-69.4823 27.3954 2.58308 8.44149 16.8005 30.0797 49.0615 3.61424 1.44069 23.5983 0.0531151 14.0522
-58.4602 5.09026 1.00258 14.7088 16.8047 17.3974 21.27 31.0346 10.5343 8.90938 0.237112 10.2384
-37.0583 2.4313 9.1299 11.506 2.04887 8.6656 20.4971 29.39 30.5048 16.3889 0.10268 10.4253
-32.6203 4.5642 6.99997 3.7269 3.37353 8.66268 53.6582 6.90519 9.06751 3.61766 0.0961517 8.07217
-39.872 18.3042 7.16094 7.0287 5.01003 13.8382 43.5334 6.7149 13.0746 9.5916 0.00960337 6.81711
30.7298 2.18444 5.06241 4.19961 15.0399 8.97219 31.9953 8.96095 15.8967 52.076 0.0186057 9.67922
33.3767 2.31428 1.75876 13.9178 2.61106 2.15293 12.9395 1.26922 46.5332 29.703 0.218274 14.7514
-24.9797 10.0564 3.81253 19.6359 6.54581 3.19126 19.4232 18.7728 48.8256 19.8372 0.284353 13.402
-39.4313 13.7465 16.8755 19.61 6.9173 6.65313 10.7636 49.4872 26.6144 39.4928 0.301296 16.9713
-51.1201 26.9417 0.934829 16.4343 7.27631 6.02007 39.7164 16.6687 54.3537 32.6597 0.106712 15.8972
-68.3048 28.3817 10.0411 8.47757 7.38363 1.27075 21.0674 27.7637 36.2824 8.64499 0.0421206 11.3399
-37.4914 2.24966 14.5458 12.1834 9.70414 10.6997 8.10041 47.1782 9.79249 7.4001 0.0727536 8.64828
-59.1517 4.84831 7.19128 18.6646 20.0135 10.8789 9.84445 27.3832 14.1593 12.1367 0.0447811 7.7617
-62.4753 5.03454 3.67334 7.46634 36.7995 3.42221 23.2879 25.9025 11.9844 23.8022 0.00926241 8.04738
11.8744 3.48429 3.3151 10.8363 4.71011 26.9626 15.2996 22.3292 5.58836 9.57672 0.0110826 5.73023
-17.1738 2.68776 9.01831 5.67412 4.66064 41.868 22.6541 26.2375 13.8265 7.5199 0.0716128 8.91796
-42.6363 13.268 3.56751 12.7123 4.35888 40.9019 23.9158 24.6121 76.4473 14.1769 0.0232096 14.4167
-41.729 8.42612 1.05191 23.2342 12.2281 1.22981 60.668 59.1028 56.203 0.76498 0.00132119 16.1713
-52.0728 20.9476 3.80902 9.96271 10.0087 19.8257 18.2999 26.3282 30.7806 4.33977 0.119984 10.3685
4.05915 5.33971 10.9099 5.63089 17.4712 2.67204 4.09269 11.1613 10.2142 5.37413 0.217424 9.72362
-38.2991 8.50668 7.95499 0.853349 4.35889 43.1232 15.1009 6.83874 11.9039 5.05055 0.337643 11.2152
-56.0474 6.82815 14.6476 4.04114 4.18276 22.8936 54.7035 13.1657 11.014 5.60512 0.0186041 7.7014
-55.7289 8.02557 5.34105 11.1845 15.5093 10.8252 24.5332 11.3989 17.8997 7.16061 0.130292 7.98672
75.5434 6.97815 3.99479 6.20254 10.9356 3.19176 25.3908 7.3367 7.22407 7.32007 0.0817455 8.03194
-52.1855 2.98168 7.50404 0.288197 8.4995 61.5888 22.8008 5.84888 12.8866 9.76533 0.00668959 9.04485
-35.4436 8.97604 7.11108 2.58325 17.8512 53.6731 20.6128 9.1188 26.6996 12.3015 0.00353598 10.0947
-61.9851 27.1119 2.71494 5.71434 16.1661 15.8731 10.1785 17.3488 31.649 12.4577 0.0151366 9.05651
-53.7857 16.6386 6.40522 4.82107 17.4559 9.78367 5.35405 61.2135 6.52744 15.3594 0.00740935 8.47537
-57.2568 8.03346 1.55087 4.79693 35.7988 5.05099 14.3814 41.2989 15.4448 34.5972 0.0115697 10.0515
-30.7844 18.0929 0.745942 2.68262 27.1644 5.12798 41.7449 18.378 11.2189 98.7274 0.00377393 15.8738
-59.0205 2.49463 3.78751 1.49429 38.1742 3.86682 40.7785 24.2946 1.09646 30.5375 0.00755427 9.74725
-41.7265 4.07743 4.03105 23.2094 33.1025 9.77647 3.89902 15.5084 25.9465 12.3355 0.0399334 10.0591
-25.0467 2.21405 13.0099 13.5244 7.15797 28.7274 10.3295 21.1809 6.17328 17.8435 0.043561 7.80307
-24.4461 2.8145 5.60919 16.8054 45.398 11.5296 4.01577 2.64137 16.3161 8.65595 0.156108 12.6532
-52.9375 6.68248 4.80725 7.49723 20.1939 4.55682 6.56305 73.7968 2.02927 11.1601 0.278438 12.4094
-47.4275 11.1111 5.23279 4.01042 23.084 6.50179 21.0912 36.7588 6.09849 8.90902 0.326815 10.9444
-5.53648 8.60644 13.0267 18.924 23.0082 15.6842 29.5584 38.8519 1.13124 7.39744 0.236775 18.3662
7.90274 1.84576 14.2711 13.6433 9.5238 2.60103 26.4419 69.0893 8.27063 5.65191 0.0389452 11.0156
-28.9651 4.80873 10.5303 6.33692 5.28019 33.3774 8.8257 25.7785 15.0154 3.1924 0.0964505 8.19124
-66.2569 3.82847 22.3259 29.1422 6.56629 10.948 25.9142 28.7262 3.36337 2.40282 0.138834 12.1202
-16.7553 1.07144 15.1293 19.4989 3.09819 3.13109 20.6981 4.02382 2.28483 36.5226 0.211395 12.4049
-34.9462 1.50497 20.9289 9.55029 8.41819 31.4747 25.5327 8.52376 7.37567 36.1372 0.0193509 9.8468
79.7686 11.177 10.0869 16.2286 11.9447 8.21256 20.0948 22.4923 4.11221 8.21739 0.0161123 11.9233
-20.3421 2.3002 11.6788 2.99424 18.5578 37.0387 34.2801 9.1675 11.1734 3.55721 0.180649 11.8683
-63.8312 4.45231 16.5297 13.5839 5.08822 40.2215 7.21417 1.62379 25.0394 8.94201 0.591147 15.7946
-43.8313 9.60937 15.0868 11.0271 7.48332 20.2834 27.6702 23.0965 4.41326 9.89301 0.290906 11.2141
-59.0096 35.1955 2.32599 3.3045 1.05735 7.10339 8.49414 33.1683 50.1408 9.05046 0.371031 15.9853
21.9191 9.20415 4.74392 4.45858 17.037 2.19406 49.0607 38.6292 2.52262 9.57752 0.0426933 10.1005
-26.1621 2.27094 3.93536 4.44215 9.11101 3.69058 28.1517 65.5004 15.4521 29.7159 0.190672 13.1843
-29.4493 5.82657 12.721 27.9368 11.6721 3.22687 16.4803 15.797 37.5854 5.28196 0.219611 13.0266
-57.2532 23.1164 7.03586 12.7121 3.9522 12.9069 29.652 8.93874 7.09457 3.85867 0.0848069 8.33973
-58.3517 5.6925 10.117 38.9391 24.8108 8.47977 13.5002 25.0148 2.89361 1.41863 0.0767117 13.2731
-58.6147 11.9188 6.29972 1.96094 20.2815 5.14343 36.8631 3.57319 0.74283 9.63956 0.11655 8.8714
-47.2784 11.2085 5.29766 11.4575 8.16054 7.03005 34.6641 12.9949 10.2279 0.610103 0.211902 9.34978
-52.7735 12.4817 6.40522 4.77643 3.32717 3.57231 24.8403 17.2597 12.3674 2.41217 0.266061 10.5925
-38.9752 11.883 3.00452 22.8717 24.6634 1.58063 21.4251 20.0843 2.42173 6.92386 0.199717 11.4338
-39.6865 4.11694 15.6634 3.35115 18.4701 20.8247 34.6073 1.17493 3.83548 5.38241 0.193813 10.2295
-48.5611 4.27063 36.0458 5.5355 5.6432 8.01788 33.497 2.91126 7.02614 21.2429 0.0411159 10.1086
-24.3184 3.61556 18.4818 14.36 3.03155 22.3877 45.2886 2.44731 11.4538 11.3329 0.0339924 9.60199
-64.7766 3.62518 13.9873 21.2944 4.2403 44.6357 28.0986 1.58881 0.836756 25.1537 0.0176154 11.1408
53.4372 7.21439 3.3301 3.69102 4.54673 6.18318 44.9284 21.6104 44.503 17.0074 0.00482765 9.71747
-5.72024 1.39075 4.6256 7.5064 6.70801 23.0097 22.5057 17.7883 6.1989 30.0023 0.0593699 8.28963
39.5761 6.14538 6.63357 11.1344 2.94118 21.1172 16.7231 26.8737 4.29392 8.79654 0.0285442 7.26989
34.0501 2.97113 4.2935 10.443 3.36491 23.9766 5.13767 22.0195 9.18676 10.655 0.0220661 6.65382
-32.3285 9.93271 9.105 9.50734 9.23713 22.4476 30.1322 1.05544 30.8029 9.2273 0.0108948 7.96577
-54.815 8.61901 1.93273 9.27284 33.8393 25.9496 26.2255 15.6366 3.3544 21.7629 0.000986846 8.09792
2.00351 0.614339 9.69487 12.0734 11.2819 2.4335 37.6233 10.2625 0.599014 18.2302 0.0157911 7.88285
-14.4556 1.0514 6.64178 4.25707 1.88604 48.9747 25.1399 10.3699 6.30473 17.3266 0.00851138 7.65159
19.2634 4.96476 4.4596 14.0674 1.35153 20.8212 27.7317 6.23301 20.6765 20.3012 0.0110453 7.606
-45.9003 5.57109 1.31888 20.9937 7.83724 4.67981 9.46075 40.4506 2.22629 12.7258 0.0134296 8.02126
-60.7022 2.4753 0.768051 44.4236 17.1141 16.753 1.95706 6.65673 82.5481 62.6081 0.00276671 19.682
-58.2784 7.40685 11.8973 26.6105 18.3234 2.3284 1.36087 11.5683 76.8338 41.1915 0.0142524 16.5001
0.855136 2.00493 2.4773 10.9811 7.08413 30.2618 1.09378 15.0965 20.6628 11.0894 0.000523179 6.40788
37.8136 4.88055 4.01785 6.03819 9.73144 30.506 2.84278 10.9091 7.61631 17.294 0.0862551 8.34972
-28.0533 7.12126 3.77764 16.5723 15.6846 14.2595 21.0377 38.5911 6.00135 3.31349 0.0211927 7.27072
-26.3912 2.63042 6.86879 20.8207 5.80637 10.3809 18.7839 1.77556 9.92532 23.3242 0.00399912 6.58123
-21.589 2.38357 17.8019 13.2351 6.31884 14.5753 9.30567 11.639 15.7959 17.6909 0.125678 9.27629
-21.7135 0.567224 2.11058 9.0075 20.1523 0.166547 34.377 31.8863 10.3005 24.2888 0.0536969 11.1497
-5.7069 7.83145 11.0182 5.21506 21.9637 11.8976 12.5936 15.4811 9.14808 3.2556 0.00183349 5.28851
-63.4954 18.8976 5.13423 5.30499 15.1755 16.4316 8.88891 12.2996 15.4109 8.62188 0.00115826 5.39108
-64.6238 24.8243 1.11121 4.34849 9.48695 42.9812 13.2522 9.68303 7.10061 9.16202 0.00386974 7.43703
-49.1786 12.1537 4.81097 4.65056 29.8609 29.0325 17.6346 4.38151 21.1677 7.56273 0.114457 10.2888
-55.3851 3.56666 8.86849 8.89622 19.4208 19.9664 15.8671 34.6765 6.15938 22.4619 0.000482332 6.09646
39.8524 1.7517 14.4172 3.32815 8.81022 33.0231 9.26048 31.318 6.04613 5.65822 0.0245544 8.57622
-71.2505 0.724345 8.09827 13.622 12.489 24.6541 17.2076 14.1285 1.19738 5.85614 0.00368109 5.84688
-48.808 17.327 8.68524 5.40862 32.7417 6.94279 17.6588 23.6018 1.9257 5.24485 0.0402669 8.91527
-7.67726 9.56313 14.7327 3.44919 15.5406 10.322 6.21352 57.6493 7.72704 7.08535 0.103026 10.3672
-17.9914 7.90237 20.2546 4.49742 4.56011 8.89657 17.7551 22.84 24.18 31.4679 0.0272358 9.79611
11.7181 7.29537 12.1799 3.83747 20.555 12.7904 5.54005 58.2537 11.8456 14.5446 0.0272572 10.0786
49.6369 12.4835 10.225 7.24666 15.6593 5.78567 14.0399 39.9658 2.80031 2.64893 0.0353889 10.2766
111.714 8.09302 6.8297 2.83787 8.88846 12.3359 29.1974 22.9003 36.8007 12.7052 0.079618 13.3454
-12.3998 13.0929 19.1751 1.59825 15.049 8.35305 16.4829 27.4927 6.83774 3.98064 0.016738 8.18109
-23.5642 3.88984 4.4171 0.0245974 51.512 10.0916 12.9119 26.1923 18.6079 13.182 0.113621 13.692
39.6045 1.67704 2.6456 5.44274 20.0716 10.1699 5.82769 13.7756 6.51301 17.8185 0.0256842 7.03772
69.3068 0.874685 2.68378 1.52632 13.8235 9.02671 45.7856 0.827948 8.60418 1.46874 0.0106805 7.86381
58.5106 1.96396 11.843 10.4228 25.2045 9.11254 30.3131 1.50077 13.8435 1.46874 0.00399084 9.97885
-34.7859 6.43687 2.68626 16.7903 31.3208 5.96464 17.5282 2.21608 6.27504 3.24055 0.0685652 8.2465
-36.164 8.06322 6.45465 23.1746 20.7355 32.6654 9.08874 1.85898 23.2025 12.9731 0.0759002 12.1455
-47.0378 14.1696 12.3122 2.60584 5.28213 10.8874 7.23466 12.1171 37.3423 20.1587 0.00877296 9.31015
-58.596 13.0947 9.45921 19.5528 4.24957 16.5845 2.32863 17.7125 10.9044 0.786643 0.00915452 7.27525
-56.5341 3.67815 5.14556 13.7013 7.00589 39.6404 1.92291 19.7618 6.95885 9.80124 0.00196187 5.9434
6.41565 3.6696 16.1988 7.72003 22.0557 14.833 14.9269 19.4759 16.2894 6.13124 0.0711599 9.47858
-9.06502 1.69652 9.63317 4.32123 17.269 26.0093 8.22637 3.4243 3.60291 61.7798 0.202435 13.3646
-54.1792 2.5656 2.17318 21.6593 8.62905 29.4666 26.5974 1.08972 26.1844 40.0478 0.0324422 11.2364
-71.3869 8.24569 13.1337 0.870912 19.1394 21.1675 29.319 18.6617 4.30688 8.97663 0.000393335 5.51074
8.7306 5.10973 4.04224 0.507444 23.3321 31.233 36.5121 10.2646 23.463 4.16078 0.00472946 9.25241
-41.7888 1.82703 5.73867 3.54565 13.4746 43.5766 5.63806 8.03425 19.0647 16.4569 0.0203776 7.84586
-66.7481 10.5207 1.0887 17.9007 20.5015 15.4631 21.1179 7.4111 8.27423 23.2393 0.00598071 6.92478
41.7779 4.35371 5.3513 1.38633 6.76082 40.5192 14.3715 11.756 9.8834 8.84331 0.0382699 7.72437
37.6375 2.24669 4.63956 17.543 3.31095 43.7452 1.32962 16.1665 22.8551 15.4685 0.030333 10.7393
-48.1594 17.3907 8.3831 3.90915 21.0609 4.51634 9.73319 9.2455 21.6678 18.3579 0.0171348 8.08663
12.9971 10.3875 8.49559 7.56696 12.1531 9.81579 7.51623 58.5322 8.79475 12.6748 0.000354342 7.35274
-55.3385 2.18041 28.8022 3.57473 8.41805 26.11 14.1866 13.2472 11.5175 1.26965 0.0160483 7.59962
-70.6241 19.0449 19.6949 6.93541 17.1365 8.44779 30.8786 12.4483 6.74815 9.59846 0.0187888 8.52663
-59.6646 20.0397 9.49442 2.87401 23.5001 12.7838 24.3001 11.0075 10.4411 20.7453 0.0886573 9.63123
-26.619 4.44325 10.862 7.61365 22.6337 8.18961 21.6388 10.8623 16.236 0.801891 0.0819776 8.09399
-36.7286 8.55473 2.34295 7.47162 13.7591 17.4931 6.15505 9.2898 1.48339 9.17229 0.439167 11.6147
-41.2358 18.1091 3.625 2.30813 10.8365 30.2276 3.01294 33.1357 9.90753 16.8741 0.127677 10.1479
-70.5849 6.44186 8.35875 12.7039 16.2109 7.40343 23.0553 27.5538 7.47188 5.14781 0.12493 8.01818
-65.1055 5.50619 15.7895 11.1285 20.8904 5.18431 36.2022 6.2855 7.18616 2.58735 0.10218 8.3702
-8.61861 5.54218 4.6284 9.42914 20.4271 3.32123 40.3778 57.1223 5.69626 5.7544 0.0937091 11.1174
-46.3628 8.70537 9.95786 19.0135 8.30204 1.12625 18.4179 3.22014 14.8081 10.6706 0.0306166 7.84718
-38.8625 6.40248 8.33843 5.00993 15.6649 24.499 21.1053 9.79002 24.8863 42.5441 0.0631858 10.3562
-68.2864 9.49051 9.61428 14.0837 23.4634 26.6152 6.65756 41.1305 20.2721 7.11521 0.04586 10.2457
-45.3756 22.31 4.33776 15.4381 10.7516 15.3176 9.28421 29.5407 56.1653 22.0053 0.0887421 13.9361
-58.4102 17.4004 3.66283 13.421 5.05225 32.2251 15.0853 11.3345 8.69725 12.9875 0.0472689 7.66766
-11.7914 1.53309 1.39754 32.006 7.47776 11.5163 3.11343 28.3125 3.59666 61.5562 0.00748015 11.985
-61.626 4.41135 8.56624 41.8509 3.32336 0.770608 13.3207 29.5459 2.82549 43.8476 0.00330405 11.3426
63.2167 2.1041 0.459776 8.19438 9.53705 0.242606 16.8713 49.5703 16.9357 9.16764 0.00286803 9.44804
-67.8995 4.44493 8.48293 12.903 15.2503 1.51203 47.008 10.1103 32.8344 8.30065 0.00497692 7.87737
-13.9845 4.7434 3.78418 13.858 13.6339 7.99824 34.6313 4.38267 4.54568 9.82646 0.0105479 5.48143
-48.5818 5.26645 3.34622 5.62511 23.49 26.1013 30.7878 4.98387 27.0847 4.91247 0.0336319 8.17531
-45.417 13.5735 2.70418 4.52002 6.27255 20.8584 26.6679 22.7913 23.5427 4.94546 0.0448259 7.89747
-40.3601 12.0123 0.918083 10.301 5.76635 22.3962 43.2659 7.92837 14.3807 6.33414 0.0343536 7.63989
-49.6397 8.08155 15.1514 2.89809 4.49755 45.7894 24.1262 39.1027 5.70519 31.3601 0.0220463 11.3119
-64.5081 22.9503 0.931866 6.38501 5.22232 4.00864 56.1084 4.99366 8.08049 26.3162 0.0162896 9.15426
-64.5081 4.70008 22.4324 10.5071 24.0268 19.3639 27.6076 12.3443 17.7906 8.08017 0.0603665 10.5002
-40.7376 23.7719 1.8573 8.62911 3.81951 25.4409 13.2646 9.11021 7.71363 4.32779 0.0316316 7.36172
-69.4243 20.1742 11.4503 16.3477 15.3598 9.24301 13.3219 14.3907 27.3532 6.64308 0.0730861 9.98719
130.729 8.61471 0.324596 3.59665 4.56634 17.8966 11.28 28.6546 18.9087 23.5672 0.107417 13.0897
9.68742 23.3013 17.207 1.25032 7.11829 9.71638 13.5348 21.7467 0.608951 4.10689 0.297468 13.6844
-51.9137 6.65676 20.8429 16.1899 3.16721 1.14691 10.5062 24.2634 1.8304 17.3346 0.105823 10.4196
-72.1228 3.61382 24.7861 3.90547 9.10642 37.023 24.9592 30.2391 4.98217 20.9528 0.0737031 11.0358
-65.6225 13.684 9.73833 2.28826 9.67379 7.8134 23.0911 23.8033 10.9131 1.42034 0.0539235 7.76003
-74.3143 2.21858 13.2006 1.8929 17.7124 30.9969 19.5123 19.1344 8.70721 6.76076 0.00613722 6.2761
-40.3268 14.7092 5.99056 7.13725 14.5753 18.4986 20.6833 42.2957 4.9159 1.36577 0.000744199 6.46373
-21.5616 8.77263 1.82178 1.45887 11.2381 20.1674 58.9179 8.76978 26.834 12.1024 0.0443819 9.99475
-30.7034 2.40067 19.4759 0.853463 10.9267 21.9698 39.1099 10.6635 19.1226 27.3314 0.0993791 11.2599
-68.1778 23.8236 13.964 2.97397 5.30041 2.19981 40.3681 25.3823 8.46344 25.8368 0.0221722 9.90161
-53.9415 4.80742 17.3397 11.8107 7.25151 3.38989 29.6244 27.0553 4.16203 28.7393 0.00191293 7.19457
-55.8797 7.93479 8.46829 11.3739 4.47982 2.66034 58.1177 13.9912 42.1538 13.7159 0.0103961 9.65669
-38.59 5.00926 10.3274 21.475 3.30798 12.5273 54.3407 6.36958 11.1997 1.47579 0.0011348 7.01535
-26.2752 2.24349 12.5037 34.0819 5.30296 5.05841 18.2657 8.71878 1.05026 5.14622 0.0011348 7.04167
-62.1513 9.34866 15.1316 10.7664 8.41781 10.4231 23.7252 11.0178 3.04206 18.8453 0.0234726 6.62131
-72.7396 2.70916 3.62701 29.3658 14.6887 3.4009 11.2032 16.1957 15.9496 30.0746 0.060775 10.1492
-40.2469 6.01538 4.21183 25.8143 8.80937 6.31087 21.0105 5.28148 16.0663 14.2457 0.0795796 8.31568
-72.1947 17.6215 5.14389 21.0663 8.89024 8.89116 16.7825 3.87196 31.5426 27.1807 0.0196081 9.60862
-57.9034 10.1682 6.78453 20.5608 5.50964 8.31069 15.6267 15.2091 4.1922 29.657 0.0753531 8.81404
-74.0286 11.8823 6.54645 16.3692 14.8388 21.7896 35.8298 11.819 2.80567 23.84 0.110716 10.145
-35.3055 0.550117 0.916305 14.6494 7.02322 5.77289 33.7267 20.1179 9.03665 25.415 0.0483619 9.70118
-64.3104 8.4855 3.93382 8.78227 4.68271 20.8809 33.6133 28.2987 0.761628 4.41512 0.172742 9.46575
-31.7249 5.15375 5.03674 12.8181 1.9883 33.9095 8.18762 40.0915 13.1645 4.15753 0.0474209 8.30496
-62.2731 0.468361 5.1404 22.893 6.02666 7.86678 27.3488 12.8857 31.2375 16.7079 0.00389863 8.49307
-38.7438 5.9133 4.6052 8.85288 11.901 38.3644 11.8638 30.3371 36.0306 17.1091 0.00242858 8.51296
3.56059 2.59498 7.98919 2.3954 0.984827 41.8166 14.8285 34.836 35.7698 11.429 0.00242858 9.27816
-19.0394 2.37942 2.46435 4.15031 17.7867 20.9122 2.17035 51.1175 23.0393 0.379101 0.0217764 10.0407
20.9358 11.0715 6.56311 9.28701 8.82862 18.0269 39.9686 28.3551 3.34815 1.4304 0.00495403 8.46797
16.0112 7.18869 14.7854 11.255 7.68561 10.2256 1.00029 21.6184 1.79924 0.948462 0.0193918 8.41172
-43.2654 12.9717 4.03 3.75893 23.8764 1.54121 8.99091 47.4771 2.68832 13.7746 0.0150603 8.50189
37.4465 4.84824 3.62666 9.4294 16.5481 12.6471 16.9517 26.9001 15.5783 11.3826 0.00749842 6.67361
-37.476 10.2009 2.89598 10.6113 3.09396 12.5027 15.241 36.5945 16.0963 7.14897 0.0164715 7.32388
