18.9361 16.4345 7.15019 15.9699 15.9415 12.1452 6.89262 5.2502 20.7781 23.8444 0.0764128 7.29174
39.9184 5.24828 1.09029 1.14186 15.3114 22.001 4.50309 19.1408 20.2183 24.6944 0.0310289 6.79415
-7.78328 15.9679 9.75133 24.1744 13.6023 12.7298 7.25735 5.00573 27.3346 19.8542 0.00655902 6.49097
-8.75335 5.08567 2.85752 21.9015 14.6361 11.8219 22.454 37.445 12.4726 37.7572 0.221292 13.3949
117.094 5.82931 2.71756 16.8954 17.2391 17.7076 20.0082 40.2143 2.45036 22.4695 0.184983 14.1589
-53.2914 3.54703 13.0714 8.1872 12.7462 28.6566 29.407 10.5592 10.3821 12.2864 0.0702001 7.991
-31.0077 12.8141 3.97086 15.5204 6.13957 28.8479 3.09233 20.6349 16.6954 16.5541 0.0230099 6.26766
3.15514 8.20739 13.4638 16.077 8.56604 16.8791 24.1223 20.3895 8.93376 10.5565 0.122173 8.4798
-41.3694 18.3142 16.8204 18.9558 15.9266 3.0039 10.9417 2.95075 17.402 3.37332 0.100696 7.10203
-29.5335 6.48348 20.0635 4.90878 12.6335 2.50884 2.17589 3.39805 30.4265 0.590264 0.0395634 5.56879
-37.8144 26.5541 1.57518 2.23705 10.9006 7.79238 21.713 7.47346 7.96244 12.6064 0.0437565 5.42388
19.8073 17.7771 4.49002 3.27637 10.3448 11.389 0.867833 9.34786 4.84596 4.75228 0.0513576 3.83105
126.517 6.14994 11.8506 12.5756 4.73125 1.39061 12.2109 12.4023 9.95753 6.8337 0.0423233 4.75657
26.2689 6.63982 2.21318 11.407 2.8844 7.59852 3.37964 19.544 7.69018 8.83505 0.0883429 4.16528
-70.2676 11.2329 2.80685 13.8206 15.4156 2.05248 6.58262 26.1191 13.1626 5.48438 0.0823199 5.87944
86.5906 2.6753 29.0896 15.0985 12.859 6.83187 0.604362 3.81851 11.0183 9.31463 0.0357851 7.05562
-57.5366 1.43378 21.2291 23.1546 4.42023 6.90843 5.66583 0.839181 11.7015 10.4136 0.0474656 5.38337
96.8127 0.169295 2.04213 15.2818 25.1354 5.52828 21.3785 8.3602 5.39782 33.9408 0.0522252 9.42887
72.3254 14.5401 0.156964 7.66383 12.7967 16.6286 6.63335 8.3602 5.89316 14.9674 0.00897794 4.66508
40.2571 17.0416 9.16948 6.57562 4.18061 4.90179 11.1797 12.258 5.44892 14.6652 0.345872 7.38814
25.5487 15.0396 17.4819 15.5915 8.41602 15.9519 4.43842 0.869056 13.719 9.79418 0.0187108 5.58274
-66.6305 14.8308 6.2194 11.0227 5.72656 10.0016 8.31615 9.33193 12.3304 8.6198 0.0374321 3.37469
36.3388 0.618449 4.25938 3.59369 6.68998 24.5009 5.70902 7.67338 6.4573 7.64298 0.084078 4.65659
19.7247 6.66124 2.13543 18.0903 10.3664 8.74845 8.73533 9.91915 2.036 10.4681 0.00251607 2.13658
69.3303 8.1642 1.97354 19.2622 14.7298 3.17615 1.94723 13.7339 22.8299 33.4456 0.00695737 6.18067
40.419 5.81447 7.85222 2.33299 15.6991 4.57085 11.0137 5.29694 6.78286 17.6859 0.0540747 3.74773
56.8175 7.56083 2.75806 5.48766 18.6836 4.95569 6.36636 3.26131 12.8624 10.0485 0.222315 5.75078
-2.21034 1.03868 1.95386 20.2098 13.9681 10.3185 18.5652 7.52792 14.9791 11.7655 0.0528835 5.85796
12.3106 18.412 2.30457 1.50506 5.48509 9.32883 19.3926 46.9145 29.4397 5.74011 0.0134342 8.47576
45.4574 11.8507 3.3579 11.1516 3.73289 4.861 17.0157 7.46768 27.1149 16.342 0.00992419 4.18202
-10.3288 14.9873 3.35256 20.6207 5.56771 7.85603 11.1693 3.08331 50.0578 15.612 0.000200592 5.4257
2.8596 8.53666 9.98019 5.89149 2.69755 10.2424 27.6847 1.68246 31.2337 44.0098 0.00699318 7.56698
-67.8228 1.71218 2.2179 21.4193 2.97436 12.7789 1.623 12.0517 47.8869 5.94427 0.0184509 7.15486
35.7523 3.14084 1.46969 15.4224 7.28261 5.25014 8.26849 4.85451 22.7005 25.0353 0.0293034 4.72325
73.0378 21.5943 7.23344 13.7427 0.705684 17.6054 24.123 3.50779 14.0746 27.9503 0.013697 8.75022
97.0611 7.55689 7.02793 6.47159 8.60707 3.45818 5.37562 10.5105 10.6211 42.2142 0.135214 6.95225
128.04 3.31662 4.28879 4.39445 13.1851 4.40219 14.0377 23.7158 11.2923 1.90946 0.00308992 3.56055
5.70201 0.0384695 11.4976 6.49759 14.7789 4.15972 9.81357 16.2036 8.76661 7.66345 0.00410259 4.04276
-42.4368 21.3577 5.14271 10.7124 10.6299 3.27464 0.414038 10.1122 5.7624 16.3486 0.0016723 3.0549
-71.2782 23.2735 13.3056 1.84402 9.74512 4.09983 17.4782 2.62696 13.7111 3.5371 0.0187661 4.25451
-17.5508 23.0825 4.40749 13.0457 27.0602 4.28108 4.9544 7.92011 2.98459 6.79108 0.012502 4.63263
23.3186 36.185 3.9768 1.87431 5.61773 3.25063 5.98431 26.295 5.40353 18.394 0.110793 8.05726
-29.4986 34.9036 0.771051 17.1878 7.60273 3.92395 0.317631 1.29734 2.60492 1.57009 0.00853767 5.92061
-22.8425 22.1622 6.1962 6.15331 9.10579 37.4637 18.4262 1.54614 4.4227 25.2292 0.00396474 7.25638
-70.0188 23.054 6.94764 25.1209 3.76287 6.58898 4.16308 9.55532 3.70645 10.0972 0.010813 3.83982
-19.8191 9.62227 5.11539 1.88478 6.60063 6.74049 9.63779 24.8799 8.94835 18.3351 0.00902195 3.48203
-6.90947 17.7456 1.86512 2.18167 9.72979 4.322 4.39788 10.4495 6.40591 3.12643 0.0064235 2.05166
-44.4855 9.80369 5.71287 5.97685 8.54223 26.3441 6.82457 14.2687 8.4625 18.9848 0.0435258 5.00727
-61.6453 22.0473 1.12724 1.99834 5.7221 14.1577 10.3779 9.49591 18.1126 1.71719 0.0340006 4.95308
11.1569 17.957 5.6277 3.02163 13.7214 6.08463 7.93402 11.648 18.2111 3.63186 0.108179 5.21486
1.53304 10.5874 5.6277 0.674569 21.4913 21.7624 1.80923 14.0422 13.0399 33.9538 0.0970991 8.59824
65.4103 11.9528 7.24472 7.09239 1.34169 8.66859 5.66436 5.59788 22.9967 1.64657 0.0282021 3.75452
71.976 13.0713 10.8975 9.03054 6.44497 3.46654 10.1131 26.642 3.78551 8.21694 0.123355 6.34001
108.282 2.40925 3.80518 12.9926 1.49884 1.3567 5.83661 53.5046 12.6304 12.0006 0.0464244 8.01874
25.2735 2.77442 9.82496 11.986 1.47596 2.38338 7.59786 27.4901 15.7684 44.9797 0.0229566 7.18559
-46.9301 17.6851 12.4857 18.1991 1.95494 9.82343 1.5198 59.1383 4.41646 34.775 0.0150486 10.4008
-35.7981 5.46753 6.69102 25.0803 22.7552 9.15039 12.2813 20.7966 12.632 22.9059 0.0519649 7.92245
52.568 9.78494 8.35647 0.807371 36.6385 2.66309 21.5104 27.7501 24.9292 6.40991 0.0798604 11.1543
-6.62028 14.5556 5.87697 25.9873 50.1802 2.27028 4.20782 0.690867 15.4315 9.15469 0.063389 11.1929
25.0718 5.59507 20.2401 21.2135 6.23379 8.42099 6.41393 0.975757 1.56183 3.65644 0.0598947 5.45253
-17.8576 2.83678 7.29299 0.893532 15.877 19.2232 4.51653 9.34255 1.50138 7.42017 0.113342 5.44608
-16.8437 0.481804 0.633556 16.2724 15.161 17.0538 9.3194 27.4291 11.2227 14.0229 0.00845212 6.34272
-34.0335 1.75461 16.0297 9.35771 14.8872 4.28762 6.13804 12.4042 23.1633 4.20223 0.0478102 4.81154
3.5148 8.05268 10.1139 9.54849 28.748 1.72363 38.4856 9.34016 2.03754 3.29912 0.05608 8.4371
118.65 8.16348 6.01482 4.51598 20.3868 4.42749 2.22247 9.38983 9.12425 0.892317 0.0213889 4.00929
153.447 5.28348 10.767 11.8195 9.71045 3.44147 0.590429 11.4306 4.96224 3.47535 0.0303241 4.64311
55.1276 2.82232 10.6206 8.00165 12.1282 2.32378 1.63521 14.8084 1.93689 32.1602 0.0303241 5.02551
123.015 13.9564 2.57612 3.03142 5.67076 0.791367 8.07443 10.6941 27.5011 6.82905 0.00464197 3.91968
-2.69105 15.1187 4.76259 2.31572 5.08846 16.4576 14.6282 11.1192 16.7364 30.4586 0.0247578 5.59105
49.9576 9.126 6.21477 9.86106 22.4179 24.7152 14.0579 4.40588 4.89529 11.0687 0.0093811 5.5101
26.8234 15.3527 8.53584 4.61515 1.50867 15.2447 16.5798 32.5624 5.32848 24.1799 0.0570805 7.72188
13.1088 26.0457 7.22647 10.3793 0.977166 25.3714 2.98992 35.0948 1.08507 25.3411 0.0343258 9.92089
106.369 23.6848 7.37867 29.9716 0.829872 3.25851 2.98992 10.5861 7.88239 23.4665 0.0245381 9.07315
-43.128 12.4495 20.1444 26.2062 4.77127 5.31205 4.21839 3.79109 7.45564 6.64779 0.06926 5.37302
-21.6788 16.1498 12.8192 15.7635 6.28297 3.99164 0.958745 23.7821 7.6188 11.4272 0.0614336 5.70037
-21.0407 7.21378 22.6995 5.1861 4.03141 12.4835 11.2648 13.9668 24.5251 10.5553 0.0207345 4.89912
92.6821 10.9418 4.16 9.26934 34.9438 34.3014 4.25842 5.66222 4.57431 3.93112 0.00124301 8.04732
64.1672 10.9092 2.4599 7.85104 1.78929 8.28128 0.978622 15.8966 11.7034 3.50996 0.00475517 2.46757
68.5579 7.14075 7.38476 4.13756 0.985445 10.1019 3.87076 8.92481 9.26369 8.89264 0.00339257 1.47897
-69.9493 8.44075 12.0481 8.13684 3.28152 17.7399 11.8313 20.5906 20.375 7.29692 0.00676604 4.15533
-16.9742 1.56507 8.14151 31.827 18.8295 2.1418 7.354 13.9808 42.9702 11.5909 0.161051 10.729
-70.2441 1.49133 15.5512 26.5024 11.2909 1.8165 8.35403 2.0614 8.45446 30.8686 0.0457119 6.74449
-12.419 2.61758 25.0178 7.05955 0.199934 7.16665 2.15381 5.09064 14.2198 15.179 0.0679876 5.91566
41.196 9.61869 23.1023 19.731 1.59714 4.04292 12.207 6.35811 3.05268 52.0031 0.219694 11.4762
-27.9848 30.1195 26.2605 13.3834 3.01184 3.06278 6.0388 7.30943 2.43986 5.83599 0.165861 8.27067
-13.3287 8.88477 2.19063 20.0863 6.86015 6.49043 9.39533 13.4097 2.25832 3.33021 0.299099 6.83986
74.3174 4.29101 3.93254 19.0668 14.4932 26.9784 3.97411 11.3511 10.6723 8.17996 0.138563 7.89615
-57.6642 5.10067 4.70855 15.4404 9.63598 31.2732 3.97411 6.82782 1.92069 0.819039 0.11178 6.44308
15.9728 0.800144 2.76036 11.0812 16.9819 12.5932 40.5244 4.93693 6.58606 4.49163 0.398158 11.2374
37.8802 2.29978 11.5074 11.2108 24.2412 5.92203 17.3719 15.1062 34.6888 10.7411 0.150268 9.6971
83.8852 2.16652 16.7407 6.93204 16.5 5.03166 7.48431 12.0564 7.70293 3.89297 0.304554 7.65171
15.3584 2.18496 9.80905 2.86042 22.9163 5.20723 3.61289 2.63815 58.8481 15.4032 0.117894 9.30047
-34.0322 0.558411 27.6841 2.02901 12.699 2.34455 3.51741 5.16072 1.76157 10.0958 0.00159475 3.29574
164.192 5.68921 8.17103 0.629571 11.235 14.6828 31.194 3.03126 2.47452 12.6604 0.00586142 6.66274
9.58473 3.61893 11.0453 15.9155 3.59127 33.0951 17.8817 34.0863 5.59028 15.2605 0.0325626 9.13355
-65.9978 8.2383 19.8939 36.9695 1.54947 1.90812 22.3968 5.77125 6.05324 6.20046 0.0623771 7.68323
-65.9978 10.5854 5.41131 0.733715 0.4986 14.9926 30.3895 2.91459 14.8748 5.63041 0.111412 7.53626
-45.349 11.3635 8.25438 7.82539 4.49095 21.3348 31.9583 8.33154 8.84771 7.84688 0.103689 6.82263
-59.5932 11.2434 19.3077 6.90306 4.14198 1.72784 15.8387 38.4013 11.312 10.3901 0.147143 8.29592
-69.7806 11.167 16.6637 7.40022 19.5413 2.52411 3.72588 28.8211 2.1418 13.2646 0.12628 7.19087
71.9133 10.7211 1.37564 15.2462 5.5909 2.0806 10.6034 3.94839 11.6363 15.9456 0.0647174 4.62932
-21.3511 6.79111 0.340341 16.9304 11.722 3.69272 12.6944 8.90597 0.611085 22.8076 0.0371234 5.71209
24.264 12.5714 0.0731039 9.61591 19.8736 11.6513 10.3937 60.3761 3.77679 20.5604 0.00924257 10.8954
-28.992 5.5988 2.80503 12.0715 35.5945 6.55766 3.46626 5.02565 21.2974 15.516 0.00597748 4.87151
14.9875 2.08127 5.27193 6.37092 12.8684 16.7551 10.9584 12.0286 25.77 8.11328 0.00142429 3.17231
17.8375 5.68111 11.6559 12.2327 17.6313 10.0826 6.56733 6.68487 23.7328 2.30405 0.00328783 3.38832
-64.9866 5.13693 12.7725 0.779722 22.0303 5.44044 13.0821 1.35943 19.3328 0.958408 0.0121958 4.90937
-15.071 5.60145 14.1998 23.1508 1.31024 12.4138 16.5733 25.5244 38.8247 30.8402 0.00951533 9.61323
67.938 2.86031 5.72968 7.12002 2.1294 2.31489 6.61808 1.42922 19.9177 34.5959 0.176895 7.2543
-22.9945 7.11955 3.16785 21.3924 2.07099 5.98308 10.8272 11.4121 16.4779 41.0658 0.0685528 7.1792
7.58998 9.25025 4.70745 9.84229 1.84594 8.25997 5.85599 36.2311 5.6039 9.58052 0.226974 7.26727
-7.65449 6.58519 6.25355 18.6653 1.27006 5.36037 4.41855 11.2672 8.59608 1.9831 0.0359486 3.32898
-56.3818 19.7734 11.2368 15.4797 4.50826 10.701 30.1296 3.86046 10.1978 9.21803 0.0819937 6.86965
-68.7012 17.3096 12.2772 4.77681 27.3037 10.3763 2.14799 6.10683 7.61798 11.1487 0.0897435 5.87454
7.47854 10.3003 15.4955 16.2545 14.4609 4.61163 1.61014 11.3652 2.68776 15.5558 0.0723458 5.56486
-41.0849 15.3449 16.0402 5.41521 20.5182 9.08526 22.0087 29.2377 21.653 11.9739 0.150456 10.5419
66.4451 1.16002 28.0322 7.46912 1.41979 12.0448 16.9604 5.1102 16.7536 6.95293 0.11575 7.71862
58.2804 6.96363 29.3194 3.10331 8.37127 15.0805 9.32151 4.9748 7.44873 3.04841 0.0571373 5.94208
130.669 6.80596 5.32448 6.05232 9.59217 2.95844 5.42528 6.61165 2.14995 5.50173 0.00483098 1.58776
3.31819 20.7 8.67855 17.1684 4.29626 4.84865 17.8084 24.1025 9.01097 7.30109 0.0123241 5.4854
32.6988 29.5905 4.48274 14.7394 0.216256 25.1744 12.6758 0.852991 16.0818 2.11474 0.00512801 8.07417
32.2477 24.3872 36.0398 11.3393 4.4367 1.54543 14.5828 16.1595 5.17082 4.81209 0.00270891 8.66711
97.4421 5.55011 1.65029 4.27513 7.76908 21.0778 19.0962 23.2124 17.1293 6.9869 0.00270891 5.04025
-13.3763 17.8035 0.972422 9.27761 11.0147 12.7239 13.4686 14.4159 7.5371 7.86598 0.137066 6.15293
24.121 11.2895 6.89991 16.6072 8.63493 5.25766 8.04707 1.29197 15.6202 10.1634 0.0928711 4.90063
-69.9807 13.2717 0.712798 7.48932 3.81116 2.71125 9.65933 7.89532 13.8415 15.5368 0.208639 6.91628
7.19373 26.7054 1.27584 2.27366 2.90153 2.40607 17.2991 3.67496 26.9366 18.1142 0.341553 10.0819
45.0344 16.7881 0.496835 6.38418 19.9475 3.37548 19.0111 15.7982 11.7529 9.46873 0.105556 7.4361
-56.8427 23.7426 6.05262 2.43313 6.49459 0.308815 16.4284 7.85253 5.96811 6.25317 0.115555 5.95479
-46.9137 8.90271 11.5621 10.2588 9.92169 2.97131 13.7299 7.57081 13.5079 0.908693 0.135628 5.37284
-18.6385 13.7929 10.9276 9.42507 2.30874 12.5373 16.4337 2.89835 26.2663 13.9214 0.0330551 5.257
-47.5038 0.249528 3.89158 13.784 5.0797 2.94546 45.0654 4.32512 8.76821 8.9016 0.0936535 7.92219
-27.2911 7.47723 10.6629 0.593838 14.0437 3.68493 2.89295 9.02952 8.30603 15.5048 0.0906068 4.87799
77.7155 2.6424 1.9563 4.15524 12.8983 24.7054 15.6433 21.2053 8.58917 15.7576 0.101905 7.58268
-65.0173 8.57402 3.2642 8.36168 14.8731 22.9519 10.1579 4.04363 15.3187 29.8355 0.335246 9.71183
-63.1463 15.3745 4.16428 2.38016 24.1257 3.97835 8.93997 7.27897 5.64961 1.63262 0.197123 6.32345
-46.2366 8.57886 10.8513 16.5864 1.60211 10.0217 6.41497 11.0154 26.5048 10.7356 0.193909 7.06988
-48.1947 12.7952 3.90835 16.8516 1.91284 29.9483 14.7319 6.74763 61.5151 13.3306 0.521737 16.5047
-59.1151 28.0221 8.91484 17.1264 2.52995 7.50819 20.6115 2.67714 42.784 26.1638 0.587807 16.2343
10.9571 10.4609 12.5655 22.6426 2.17671 1.15294 11.7418 8.71106 4.03531 18.6051 0.114417 6.41073
0.451774 4.22778 11.4806 3.18445 3.40708 6.48681 15.5655 21.0539 7.92481 18.4833 0.00811058 3.3638
-45.5544 20.415 10.059 7.4608 3.56344 4.72633 13.5672 15.3848 6.4998 16.1612 0.00326356 2.97211
-0.220665 5.83362 10.9986 11.7555 2.78924 8.76004 19.49 0.715159 3.02185 7.50943 0.135526 5.4325
-6.17721 1.26543 12.6132 10.9693 1.33155 14.6419 10.702 28.4769 38.9171 38.6697 0.062191 10.5488
45.9383 11.5531 13.4382 19.7987 5.13582 7.37633 2.55666 54.1789 17.4515 8.06698 0.0815222 10.4299
-25.1474 3.28324 10.8994 18.4851 2.9684 12.4512 3.93731 20.4992 21.3559 25.4784 0.0604031 6.7182
-73.3121 11.2304 13.6077 19.008 3.68962 5.7857 10.6688 36.6631 0.631347 6.29899 0.194673 8.7166
31.9761 13.003 15.1363 6.02443 9.9746 3.37066 1.62464 25.8551 25.6475 13.1717 0.135092 7.84867
-31.2654 3.60498 13.5078 26.9806 0.947826 2.10349 1.65742 22.7423 1.99155 7.68163 0.0682641 6.2893
93.6686 9.38612 7.24302 1.23205 4.52583 1.84487 18.1946 7.77039 4.11626 6.9064 0.00757378 2.54239
97.7646 9.34205 2.77035 8.70545 17.1762 7.87733 18.944 7.28922 48.3074 5.8541 0.0326074 7.93028
51.591 2.94643 3.96083 22.9258 7.18227 21.4286 3.65066 7.77933 6.63604 19.2713 0.0163686 4.66549
-50.4241 5.15302 21.4324 14.6346 34.6166 6.15427 3.49563 4.88783 25.0787 3.81743 0.0167474 6.71106
-29.724 4.44972 8.28555 9.33894 21.3103 6.59982 4.41909 20.5302 36.7632 14.0483 0.0601516 7.07191
-30.2277 28.1075 9.14028 5.34591 13.7493 12.4447 1.44685 20.421 6.03282 16.4388 0.00823309 5.26099
-54.4516 21.3942 11.3045 7.67317 11.6358 4.49689 8.60485 29.4832 4.26081 43.8814 0.00675533 6.95201
-29.2455 16.9278 12.364 16.6093 11.3229 14.1059 12.6882 23.1245 2.32017 52.3166 0.00584182 8.8034
-32.5476 10.3437 4.94127 18.4239 22.9816 6.63086 4.8729 12.4768 10.875 29.0422 0.0330814 6.00103
-32.7326 10.2143 1.43413 14.8058 17.3231 7.45787 8.71333 13.9028 18.7558 0.47938 0.0454895 5.62697
-33.7766 9.70449 2.46415 38.2796 9.33349 48.38 7.38212 6.19245 20.3595 5.12381 0.0232114 10.8609
-31.1499 8.64044 12.942 35.7871 2.50973 3.47836 32.4088 12.6362 13.3427 6.26515 0.100525 9.41641
-34.5156 7.49069 10.727 35.1326 7.33321 3.41587 19.8205 18.1215 16.7588 10.7854 0.0357209 7.37848
-34.4033 14.9056 6.04116 8.95329 5.79524 3.34991 51.9699 41.4978 2.40008 33.6803 0.055535 12.6277
-35.1439 14.341 7.73093 8.95329 0.510405 3.2273 54.6547 19.6682 5.68041 22.0627 0.129286 11.0726
-35.319 0.303003 3.36002 3.24718 16.6258 23.7205 18.7898 17.5692 7.49786 4.78379 0.0105559 5.63227
-46.5502 14.3117 10.4331 6.39808 2.97665 7.51288 8.49732 9.80083 13.9751 33.2868 0.0180796 4.54361
-28.1983 0.752932 12.3079 14.2556 8.12884 14.2437 13.9596 28.1549 20.0065 13.7576 0.112779 8.26886
-52.2799 9.00705 12.2214 14.5757 4.04675 15.2487 5.17832 7.8268 39.6037 8.59071 0.121286 7.18505
-63.4498 12.7519 7.86497 17.1537 2.69715 39.5501 1.26226 29.5482 32.5825 8.55741 0.0729991 10.7365
-69.2518 8.8467 21.7502 9.58479 1.62685 14.2534 13.2142 8.80813 6.80798 1.67 0.0415429 4.59992
-58.4933 11.4688 16.5689 21.5238 1.90734 16.4096 13.7859 11.027 13.1739 49.7215 0.0985879 10.0953
-49.2189 11.5088 6.2379 12.5611 1.96067 6.94147 9.3425 19.1945 7.02525 26.769 0.0612989 5.41996
-67.172 7.87005 21.4127 5.62923 4.28093 11.4189 20.8898 3.30548 5.08699 14.2744 0.0557026 4.93746
60.2203 18.2091 5.50258 4.33571 11.5372 25.3512 28.0922 17.3139 5.21923 15.6471 0.0647869 9.52706
-12.8698 31.1067 0.811462 3.43195 3.28245 4.87172 25.8871 13.9873 9.01955 4.75806 0.00252619 4.74748
131.502 12.5274 3.42534 2.32424 6.08867 6.14325 25.8349 7.09398 4.05066 0.88883 0.0231459 4.91254
-19.7715 2.20332 5.41705 3.95017 3.10834 8.38771 5.68196 26.9764 15.1442 1.21814 0.00061698 2.73455
-64.1013 1.8147 13.208 11.9609 17.6538 3.38035 3.72051 12.926 21.7474 13.2372 0.0366998 5.16281
-19.5383 26.6337 39.1208 0.721169 5.85005 23.4677 6.9643 6.03996 12.6088 10.6807 0.0110377 9.58578
-65.3405 19.5845 13.193 12.9974 10.4987 28.3212 1.1006 6.80764 6.44579 11.0575 0.0091378 5.17039
-30.0741 13.0085 5.82591 12.0971 20.6642 38.3673 10.3032 36.5983 3.31231 8.00056 0.00736824 9.34973
-52.995 24.641 1.36613 5.2188 16.413 48.172 1.39076 3.57886 21.7215 8.87511 0.00123214 7.70543
23.0324 4.69778 12.5099 3.98059 13.2545 1.44629 5.32003 13.2953 19.6075 54.0281 0.0171009 6.98386
-67.8152 19.6576 15.8757 4.49909 7.43018 10.0351 5.34878 0.0356293 19.529 17.764 0.0242637 6.45136
-51.1647 2.48237 9.72454 29.5969 2.69251 19.3821 1.70326 24.1475 27.5825 14.4417 0.00110811 6.37033
-50.8571 23.6952 5.25215 8.33204 12.2302 10.9916 4.37565 5.05548 6.89281 22.1359 0.000193397 2.45072
-49.8923 23.7774 8.53656 2.12859 13.0422 3.13694 4.37565 9.03289 2.26014 5.54307 0.0202432 3.32114
-48.0411 22.0215 11.8134 1.57877 27.6762 10.7591 12.0467 7.24066 23.1476 8.93732 0.00888256 6.09049
-11.4847 9.82293 3.78928 18.8911 2.88508 10.2522 22.8222 8.66495 13.8593 6.60772 0.0531712 5.0516
-33.9051 2.97832 16.7398 9.737 4.56798 11.2629 34.3584 0.0789826 14.5221 7.62542 0.0845156 8.07689
-70.2931 9.10162 6.43466 10.007 1.01854 8.11355 15.8138 11.2273 11.3387 2.06352 0.118073 5.37278
149.283 0.0788955 13.6329 14.2424 5.87227 8.72732 4.11879 9.6569 1.25672 1.83135 0.0457329 6.53402
82.681 4.71296 7.14805 10.8426 8.42293 2.25834 17.2822 7.65265 2.70212 2.26995 0.00381491 2.1786
21.8982 15.0762 3.71149 12.5509 9.84135 38.9517 9.35433 14.3748 45.7628 2.78938 0.0266937 10.2218
-9.30085 16.0447 10.4271 25.397 18.8554 19.4838 21.8573 3.44061 2.07788 9.23603 0.0384019 9.07955
125.38 2.76361 3.08646 7.39431 3.27901 14.7047 28.063 5.30189 21.8253 24.1921 0.0131084 6.273
107.703 1.13645 2.84979 16.8464 17.5221 3.20329 11.622 3.28904 11.8771 41.5703 0.0217113 6.93725
115.359 0.0839564 6.14838 18.1814 11.7822 6.36659 11.1436 3.30982 3.67798 31.6908 0.0274818 6.96391
10.177 10.8445 19.0808 1.55242 22.5503 22.6185 13.089 3.10159 8.47506 2.04533 0.000205445 4.81545
10.177 11.1904 11.007 7.92015 12.0289 4.67113 19.8231 12.4954 1.00459 11.8734 0.005247 3.48929
13.2098 5.01903 7.53167 4.23286 7.40593 35.6991 2.44255 1.26185 2.67025 1.71984 0.005247 3.68756
-35.6293 6.32407 2.99044 9.07091 3.56313 25.0133 0.263018 41.8834 15.7311 13.127 0.000381913 6.1183
-24.4717 1.58409 7.35591 15.0965 7.4321 23.3012 0.800933 21.918 11.6275 6.39389 0.000381913 3.63122
-41.4843 26.0749 10.2892 22.9241 2.41741 29.5049 19.4971 6.66248 11.5528 8.38547 0.000381913 7.1964
17.2803 10.5746 18.8449 27.9621 8.66348 6.81983 4.93456 6.81726 14.2928 9.43946 0.224648 8.63675
-1.76474 9.79698 14.4122 14.3119 10.3882 8.73054 10.9896 8.8509 12.8651 15.5551 0.00181201 2.98599
-63.0865 17.4505 3.97144 26.9033 2.26143 21.7733 21.6843 22.8608 12.2697 9.43231 0.00110999 6.69713
-56.2645 12.9546 15.4681 12.0671 2.4137 13.9897 10.6246 34.544 9.4934 7.44427 4.12799e-05 3.8599
-43.8559 15.3941 17.1556 11.5749 7.00502 12.2893 2.45473 7.53283 11.2697 12.5983 0.00670566 3.21635
-37.7157 20.1394 7.39482 0.722031 12.7512 0.969738 3.68356 2.48931 12.0213 11.2904 0.057246 5.00951
-57.9383 17.6011 7.59599 10.9306 5.7209 17.5981 3.09801 17.0852 6.61009 9.67998 0.0705863 4.92469
-48.1291 8.55922 34.6961 30.1616 0.695324 13.3323 13.3094 5.75391 33.5464 8.59576 0.100167 11.7635
-28.2327 21.4793 15.1139 4.13394 11.1065 17.4327 11.9578 18.809 39.5203 7.97628 0.0244532 8.1228
-28.2638 35.0633 7.35311 6.72382 2.87648 8.43921 2.4223 15.8952 15.0936 17.2362 0.00166718 4.54513
-10.6838 4.71055 11.1104 5.26238 17.0248 20.4211 3.7514 12.7158 3.71573 1.76735 0.00721944 3.17395
-47.9039 9.39544 9.73094 3.39562 23.1011 4.81894 21.0961 9.946 10.6611 5.27718 0.128719 6.13969
52.2889 30.561 1.68364 4.58012 13.9424 7.78178 11.9432 13.3798 11.9961 0.217958 0.111788 8.53129
-1.99809 20.3171 5.53903 2.59259 7.96079 7.49849 18.2784 9.80185 22.0193 4.61281 0.0243929 4.49468
53.074 13.6202 1.21097 2.62347 21.9619 16.871 22.3001 29.5933 15.3114 5.53495 0.0515949 9.26194
-54.075 12.7272 18.5636 2.6732 21.7251 6.85218 29.7071 24.9052 11.9061 46.3889 0.0693506 11.761
-54.6454 2.56182 14.574 11.2362 16.8126 1.42438 17.1907 8.56566 35.1621 16.6555 0.210435 9.33767
48.6801 1.32027 1.38387 8.47265 3.22004 9.96121 7.62725 19.4194 3.53232 12.9582 0.0748262 4.55077
46.1406 18.472 0.541604 13.4515 4.18783 19.1979 16.4345 1.93723 5.50153 14.7269 0.0209392 5.75706
12.8695 0.342315 2.7945 5.32225 5.09965 3.07214 6.48202 6.1551 4.01901 25.6713 0.156256 6.17736
-22.0005 5.44716 15.3206 10.4685 0.845687 13.6659 16.9568 4.50335 5.62442 13.0034 0.0601301 4.78186
-72.0819 11.1357 16.2803 6.16229 6.81655 7.80129 20.0771 22.7532 27.729 14.5444 0.0440706 6.87349
152.903 3.7911 12.7032 6.53808 8.86019 6.01591 1.19105 19.4126 6.28578 14.3745 0.0462249 5.38607
55.4212 15.0092 0.452552 4.17139 1.04067 13.1078 7.02075 27.5141 1.12238 6.3617 0.0481256 5.98176
59.8409 15.4074 16.4716 12.8858 15.6059 5.47495 3.05143 52.5083 1.73433 6.4 0.031311 10.0844
2.75931 7.48467 21.5089 2.28793 20.6076 6.46792 16.2653 19.797 1.72784 9.26253 0.153732 7.98102
-50.9283 4.65148 20.2228 0.882443 20.4661 15.8335 13.1313 11.0092 9.43697 13.7877 0.0715718 6.5426
-11.3886 10.6936 5.24633 11.0166 5.15085 17.5559 2.33801 8.75474 13.1027 8.05342 0.0237276 3.1206
23.8228 10.4219 7.75468 7.0623 10.4911 11.1515 0.249943 5.42134 5.3404 26.1735 0.000101213 2.59121
27.3422 17.4032 0.969957 13.4305 7.53745 13.405 6.81178 19.421 5.2083 45.3712 0.0833378 8.59512
98.5673 1.87803 0.653443 6.38389 12.1506 2.10875 21.3211 2.67763 7.95161 34.8431 0.0700705 6.91306
9.33959 6.78629 15.0032 6.88661 3.9217 0.865591 25.7329 2.21078 1.38988 27.1753 0.155013 7.65238
19.4465 6.12354 15.5058 6.80128 12.2157 7.52032 16.2652 10.0956 8.55497 23.8326 0.0597341 5.36851
69.2169 10.1977 1.58072 3.09581 9.83689 6.67793 8.24576 27.3659 11.6949 3.34932 0.124776 5.84026
175.69 4.32582 8.71295 1.39769 9.25545 12.0324 10.2536 24.3719 28.5652 31.0961 0.0760848 9.97573
-59.163 1.38258 21.8873 4.83443 0.725282 33.1537 2.34053 21.4387 24.3904 16.2582 0.09202 9.5352
-0.135428 4.18536 33.5587 4.81819 27.2902 25.603 4.11493 7.39951 2.70857 4.8931 0.0525079 9.02261
72.9668 1.22064 16.9217 13.7065 2.48823 12.3168 4.74943 4.92338 5.26099 6.40839 0.1749 5.9396
111.827 2.61276 3.92944 9.29508 11.6891 12.1622 1.17899 7.3648 36.3118 8.31218 0.0340576 5.56609
35.9213 17.1513 4.08697 5.22 16.3565 0.201138 5.51844 54.5631 43.525 7.85496 0.00942861 10.841
106.292 2.14285 2.28612 0.656658 4.36945 4.01886 3.46747 2.41293 10.266 41.7775 0.00161009 4.06149
-50.3615 5.79116 19.2998 16.6098 13.7309 2.86061 22.6093 14.2066 5.73437 33.0293 0.0292076 7.24005
8.56724 9.87116 20.0261 12.79 2.53666 11.829 10.7549 3.33648 12.7631 3.32668 0.00579635 3.29482
33.4177 21.0678 16.8653 9.78941 4.99808 4.08328 12.0671 8.73216 23.1108 23.9836 0.00493656 5.84108
9.57313 8.41262 8.91686 0.873304 36.1922 2.97415 3.71944 3.83368 2.074 31.6432 0.0633749 7.31277
-36.3636 6.10352 24.1502 6.11338 3.03912 4.98426 9.30609 8.44231 11.9312 9.37745 0.0774639 4.40389
136.732 2.87447 2.30532 13.827 15.6837 4.99991 16.1968 37.6926 42.7591 26.6016 0.0145875 11.3102
132.023 15.4897 12.367 9.54991 2.019 5.1149 7.9688 15.8591 4.2263 61.1059 0.014715 9.11
-42.3234 4.70113 8.85244 28.985 7.3291 9.01903 8.15379 8.64435 13.1635 61.6236 0.0186192 8.25556
-69.2863 17.4175 21.0512 13.1404 8.37621 21.9337 12.0467 24.8509 19.4138 22.3352 0.00322155 7.8083
-68.0858 4.59164 8.42809 11.1427 10.0436 7.88206 0.593223 1.15889 9.50307 6.42598 0.00145268 2.32535
-60.6953 0.947704 2.14493 6.98937 17.4796 4.62639 25.4625 7.97905 8.2839 7.6856 0.0301148 4.92317
-62.6952 11.5759 10.7335 2.97259 4.53122 7.75406 32.6305 43.0011 6.78633 3.65983 0.0834566 8.61792
-44.4893 5.40248 6.06673 14.0239 5.26392 18.6916 18.4867 44.1219 16.5936 11.3623 0.0939345 9.16493
35.9963 8.87444 4.01074 11.6561 5.67075 14.3141 4.53362 36.7843 20.6157 11.819 0.107667 7.56954
-65.7208 8.35939 5.71472 5.19481 2.11084 6.2276 31.4945 13.5987 21.2866 28.2992 0.0227059 6.61837
-22.8754 13.3314 4.3015 6.90598 3.22856 8.65985 48.7551 7.24498 8.79066 39.927 0.0250604 8.4957
7.48164 7.31428 6.71064 2.09587 8.10662 8.3659 49.5843 5.65457 2.84303 14.7001 0.110948 7.8895
33.7 19.1446 6.03418 1.65255 9.54826 11.2079 4.91677 20.6899 25.2077 4.91911 0.00857202 4.63461
-42.5499 7.53425 7.7875 6.44232 19.875 5.86303 4.43855 24.4947 22.0263 8.50394 0.0437402 5.31291
-31.4324 10.7718 7.47968 4.23734 22.8068 11.0323 14.1511 13.5502 6.32325 3.28397 0.199465 6.66811
72.5982 2.72272 2.43197 8.74512 7.95218 28.791 6.11451 4.90222 15.9416 0.637335 0.0617987 5.68371
66.6464 3.95547 5.69606 21.6937 9.4593 0.299537 2.56517 4.90222 28.5768 22.4683 0.0637356 7.19655
119.214 4.90682 4.333 17.7871 4.72164 10.8362 6.04248 17.9882 5.7037 13.7259 0.147223 6.47453
-73.2578 5.079 4.78415 8.65545 4.56279 39.9569 6.01293 10.3571 3.98559 12.6504 0.0553739 5.81504
-36.6867 3.97817 13.2481 25.7994 33.8685 23.1549 2.84668 16.1339 11.3912 7.46691 0.0069076 8.40167
-1.03301 33.8206 5.75147 9.2385 6.81588 26.9862 13.4643 36.97 8.55351 1.65406 0.0414048 10.9503
136.101 5.30343 12.0952 10.6983 14.5633 28.7225 6.00017 17.4474 3.47196 9.02566 0.0573791 8.69679
-21.6641 10.7006 11.9182 1.51372 14.6188 39.5199 8.08054 17.5249 6.85006 3.45052 0.0666908 7.71298
-17.1198 33.0243 1.51545 8.97885 6.05016 0.634427 13.0955 5.46765 2.82804 22.2607 0.0940199 7.16225
-52.193 20.1026 10.6084 13.2538 9.83279 4.99106 10.6932 25.4249 16.1443 39.1861 0.000103376 5.83593
-66.5861 11.2104 16.0366 5.34633 1.70405 16.4652 11.8669 21.6774 11.6924 25.7317 0.0529105 6.58998
-32.3812 22.4434 9.3258 21.2274 10.5591 4.55701 3.12008 20.8459 14.3163 18.5723 0.0578211 7.10254
-67.0059 37.2429 1.10018 9.33066 1.94115 26.1609 9.54753 15.0061 22.2035 14.9409 0.241108 11.1736
-38.6804 16.2848 5.67026 7.506 23.1193 7.68821 5.41356 35.0008 16.1326 6.1171 0.315631 10.0825
-62.7669 27.6819 6.67811 2.51113 23.2601 8.98528 11.9017 30.5012 10.4922 7.26173 0.259765 10.2053
-49.2182 21.0063 0.771756 21.125 30.1482 17.653 15.7951 14.6759 14.9999 7.68519 0.310912 13.0596
-13.6908 18.0703 3.59684 0.718707 2.45011 38.4137 15.2011 4.64251 0.82252 9.26175 0.194851 9.11909
-46.5343 12.6778 5.33221 4.65652 4.14556 11.4589 11.7129 38.5833 2.56616 26.1341 0.15723 8.43036
-10.8098 42.8508 1.44499 6.06589 0.638152 7.22939 7.65285 1.21698 27.5705 15.4722 0.0446402 8.36819
-1.07133 10.8632 17.5675 7.18516 8.79218 32.5431 10.6502 7.72847 33.0859 25.9229 0.0254046 8.87763
-65.6123 1.32854 26.3265 6.50027 1.27355 6.08256 34.5496 18.9033 8.52625 9.71916 0.315724 10.623
107.449 1.32854 15.8404 8.69133 4.39048 0.508156 2.95825 21.8783 18.6705 23.3535 0.216392 9.27903
-13.5274 5.79902 2.67546 32.5417 16.2649 6.06234 4.50796 22.8465 6.78454 6.39184 0.106302 7.14414
-44.9635 16.3496 5.68262 9.97059 16.3189 6.4423 16.9331 22.9532 15.1225 3.01116 0.191995 7.82009
-21.4226 27.2394 4.563 2.24368 29.4328 7.29881 26.7267 16.9472 17.7729 12.2347 0.0778961 10.1491
-34.6201 13.5819 3.03548 11.762 1.86164 5.67939 31.4559 32.4516 0.00351573 3.58487 0.104557 10.9934
4.85875 2.69135 17.5129 28.4564 4.38247 7.98564 0.379979 15.7802 0.903705 9.27632 0.138566 8.01516
1.25008 14.7402 8.91322 3.84119 17.9869 13.5142 14.4349 6.39743 16.4998 18.1803 0.163277 7.36743
-50.0498 23.9426 10.209 3.34285 4.12226 8.94724 16.6639 14.076 2.49434 3.48166 0.0806201 5.25752
-37.7277 6.18771 15.9818 8.43875 12.0402 34.4591 3.44918 12.3836 6.54851 3.41589 0.0174799 5.11449
41.4851 8.2952 10.6638 8.96433 12.339 51.9627 1.77213 12.1767 24.4523 4.58471 0.0174799 9.35538
0.117956 4.87561 3.58341 17.7713 16.8797 18.6926 10.608 33.6992 7.82481 2.85476 0.0387798 7.06393
-4.30665 2.38626 3.1263 29.1781 2.47182 7.4322 6.32371 11.698 14.4816 2.63195 0.0695054 5.13257
-7.32389 14.8525 26.9779 7.23033 2.8575 1.65423 6.399 4.97268 25.2269 2.96861 0.104662 6.69562
-63.0263 8.5062 15.4266 11.6133 16.1833 7.53166 18.8484 16.4549 7.13374 3.18455 0.0825053 5.86795
-18.7962 4.01881 16.578 12.5102 5.13818 2.17001 41.2147 17.4622 15.1611 0.815306 0.0103447 6.86867
3.68691 9.10169 27.9891 3.53697 15.453 6.61931 2.81261 1.18283 1.0102 11.2044 0.01255 4.61588
5.78914 8.91794 24.2677 5.51926 6.50382 7.57709 13.5391 9.48959 11.7444 20.645 0.0186585 4.63778
70.8143 8.428 19.5318 6.52945 1.56744 5.02142 7.81361 5.36735 9.95326 17.6026 0.120436 5.59938
-7.63495 26.788 15.7194 10.0591 10.4938 8.85094 7.3592 7.27242 6.93093 18.4673 0.0179926 5.41675
-28.0137 18.6086 12.6706 13.0809 18.433 12.8896 13.1095 4.11944 10.0936 10.069 0.0276314 5.51429
-72.4183 5.18687 15.7903 5.58289 8.83034 3.82303 2.11434 16.0473 11.5077 7.87867 0.0155844 3.16517
74.6785 2.34226 2.72808 27.9144 6.88905 2.67022 22.4893 10.159 3.581 6.38037 0.0127258 4.87697
16.5199 2.04469 0.737385 11.4342 4.80005 3.67682 9.17904 10.2995 6.57653 5.71799 0.0318102 3.02653
152.776 0.870797 6.07114 1.97686 9.02464 5.49877 29.0152 1.3529 3.93829 19.8913 0.0109212 5.3793
-44.0162 5.32592 5.65014 8.51577 26.2722 10.9372 34.1209 1.54936 2.09513 20.311 0.0142562 6.68007
-33.5921 15.9029 3.17581 0.504827 21.9745 3.94201 23.5713 4.74491 0.81194 24.0505 0.0525387 7.22911
-60.6967 28.3274 12.3478 5.77529 8.47704 23.9118 20.0128 16.6313 4.41625 5.22646 0.0839059 8.16864
-44.2172 10.133 3.56002 7.55809 5.63838 34.3944 38.8778 2.32881 16.8598 22.9938 0.00259268 7.83107
-3.44652 2.34742 4.1482 8.01511 3.87097 14.9499 20.4474 15.3349 12.3232 6.08806 0.0300896 4.1144
35.0059 4.47768 8.25917 7.03193 21.7323 7.68229 25.4178 17.5908 2.23592 33.6313 0.00634106 6.63235
30.4656 8.25954 3.46484 8.93053 6.64247 10.6192 7.45705 22.3113 9.90263 12.94 0.00395105 2.52411
-13.2187 9.62594 24.009 7.06604 6.30462 6.3096 0.311175 4.25541 18.8106 12.273 0.0119844 4.38422
-68.8344 3.20933 23.0637 8.91987 4.14135 13.5479 6.78588 3.17493 47.6569 12.9128 0.0108869 6.27062
2.37568 4.71965 6.67671 1.47377 27.9858 7.06069 9.34943 4.02602 19.7038 1.99352 0.0315615 4.63571
-36.7787 4.60399 1.26508 22.9157 13.4196 7.51845 15.139 1.8479 7.76186 3.66829 0.0463034 4.70994
-57.5326 9.48214 24.1633 13.5652 17.0072 12.5546 7.05595 25.0637 6.34939 13.0192 0.00474169 5.62185
-28.2447 19.5415 3.90086 5.05008 3.74116 39.1013 6.35763 7.27636 9.76918 13.0405 0.0350456 5.90326
-67.3801 1.80588 6.99287 36.3812 16.9656 5.56865 7.09467 11.2363 5.07056 13.2415 0.00519813 4.75126
15.2947 5.04872 4.46657 20.27 45.9387 7.27226 6.26247 7.04806 9.99123 14.0892 0.0149265 7.3147
34.102 14.0584 6.31834 6.57989 31.007 10.5725 4.04694 2.16891 10.4137 17.4913 0.00784511 4.89983
-43.4934 31.9373 5.01769 8.19104 2.40003 5.93046 5.82691 1.35339 16.172 16.5443 0.027775 4.99623
42.6562 15.0947 15.8029 21.2759 16.7677 15.0135 5.72799 5.01577 9.68673 15.242 0.0555871 8.08722
-43.2716 7.48583 13.0293 13.3582 25.6426 11.4511 8.93008 3.53806 7.03241 28.5775 0.059427 6.61002
-49.4184 8.37956 13.7836 11.5193 31.8721 11.849 8.95648 8.72937 11.9725 16.7948 0.00116141 4.64331
25.4548 13.1611 18.0054 12.1179 7.14544 4.73719 5.71721 3.80685 6.15108 8.18212 0.00657462 2.62855
108.662 4.72539 14.6839 1.83779 2.18251 7.45474 6.30803 12.3995 41.8363 7.13956 0.0324379 5.99993
-40.1846 12.4704 20.2178 4.29308 4.67262 20.3257 24.1658 9.91174 7.39607 12.5418 0.019738 5.57548
-32.5068 14.7822 10.3907 0.874236 7.71145 23.5227 2.3751 10.4129 5.26388 0.746291 0.0081408 3.92259
-64.9422 8.9447 5.41991 7.19011 15.5956 23.5656 4.90458 3.58122 0.93162 4.23216 0.0383578 4.33124
-47.0467 3.49273 4.9101 3.50496 25.0253 1.13854 12.8067 10.4856 30.1757 13.1532 0.14922 7.87041
5.51841 9.17468 13.0729 3.61277 13.4942 5.98252 20.9876 5.17692 17.373 1.01503 0.0940905 5.78318
-21.4459 16.7506 14.7054 11.4715 49.8582 10.2266 21.2931 22.5337 14.8436 35.6691 0.0156085 14.7923
109.257 9.1154 5.3767 6.91872 1.19855 23.6969 34.5436 23.9607 28.8899 5.34849 0.0231422 10.3597
19.2796 11.2782 35.6233 1.06805 12.7087 32.8396 17.007 3.68692 3.44338 30.2763 0.0231422 11.7328
6.9136 20.0019 9.75287 13.1368 0.535463 15.3531 22.4797 9.73686 2.23154 22.976 0.134017 8.88813
13.8286 25.6952 10.7624 1.61059 10.6345 11.2405 6.66197 37.8895 4.79872 26.7468 0.0249828 8.37433
-13.859 18.4895 3.64924 8.61166 4.85079 3.05387 14.2455 21.7287 4.00501 17.4093 0.00954332 3.81994
-2.694 15.6356 7.00726 5.45408 3.74787 0.88393 6.7857 11.3185 3.29157 10.2893 0.0860626 4.13838
-26.3044 13.8307 13.5301 20.4057 1.08493 5.87262 8.47096 9.44788 3.29157 15.5186 0.108403 5.85736
-3.6407 1.28346 25.5127 0.852501 14.3636 4.69536 16.9915 9.16862 19.6019 31.6366 0.00239354 6.2105
83.2117 7.07404 19.2237 0.114432 13.9514 3.32998 9.63066 1.3567 13.7987 4.54219 0.0368521 5.87448
145.037 7.08809 7.4317 4.85706 6.61081 6.09264 12.3369 5.26433 27.5468 20.4776 0.0536021 5.89912
-48.2686 13.5809 6.16667 5.78698 19.6354 8.80372 12.8538 1.93282 37.1682 3.21133 0.0717482 6.64496
6.88959 23.7662 4.60065 0.715125 5.88117 27.0893 7.43922 2.80973 4.02256 20.0793 0.00456586 4.88776
68.0714 5.29007 2.25347 4.5525 5.66743 38.2622 12.2639 2.99196 4.02256 10.2502 0.00456586 4.18977
-29.0838 30.1706 0.253508 26.6456 17.911 20.0496 13.8987 6.23584 37.3719 14.1942 0.157755 14.3986
-21.6036 11.2846 5.19269 11.823 4.77722 20.1192 11.7725 2.12263 17.8831 10.9877 0.225891 7.00253
25.0558 12.5007 5.93786 4.36149 6.23966 6.97505 28.3006 25.5789 11.4817 14.9251 0.520637 11.9294
12.932 0.677427 6.70052 5.61411 2.20848 19.4087 4.83418 6.68871 10.5524 9.04169 0.236154 6.26705
-32.8598 16.921 14.3868 8.95141 2.45927 37.9161 4.83418 7.96079 3.88481 10.6261 0.231482 8.75887
-33.1277 4.92573 8.01854 7.9379 9.51343 18.4204 6.96659 9.83567 2.23955 26.2612 0.0274292 4.27563
-38.3666 10.7303 19.9818 12.1751 12.0147 9.07176 6.08999 2.6652 0.692587 5.89012 0.0214077 3.9376
-68.6063 29.347 11.6656 3.90442 2.87152 14.641 13.9018 10.2952 4.72681 7.95876 0.0214077 4.57635
-45.6625 15.8992 7.56886 4.82087 15.3142 17.0008 4.0548 4.66635 10.9879 6.42446 0.0423702 3.90442
86.2633 8.44172 9.14689 16.2884 3.4626 8.72259 34.3439 12.7914 7.22136 9.65149 0.21466 9.54108
78.1678 17.1309 0.576555 7.73566 17.3905 2.2765 14.4342 0.598261 15.3493 5.89471 0.107823 7.22095
139.139 5.91449 8.6868 7.01915 4.10987 4.07835 25.1193 0.959618 3.68614 9.45638 0.0143881 4.25092
138.746 9.54195 1.15989 14.0657 3.43769 3.87875 18.6654 8.5235 5.69321 40.2109 0.147799 8.91511
86.9045 13.5294 6.28314 7.62221 10.3255 1.36267 5.67787 11.438 21.856 24.5751 0.0985574 6.66733
27.0151 3.4849 10.469 2.65463 8.47971 0.790988 2.57003 16.4694 11.943 30.5617 0.0963657 6.25396
53.7274 5.50537 8.93424 10.0563 0.842388 2.78685 15.4893 10.1487 4.15132 12.3722 0.0301367 3.45707
-73.0939 3.62837 16.1847 15.4678 4.16031 1.33796 7.97348 9.30532 3.01048 22.0705 0.0573473 5.08438
-64.8101 8.14364 30.8399 15.6495 0.838725 9.82931 21.6715 3.45015 18.6853 2.53309 0.0171915 6.50091
44.283 13.6345 7.32637 12.9937 8.5115 23.9049 20.3566 11.4198 6.27731 16.2549 0.0661181 7.59114
130.949 5.33536 8.17953 13.4015 12.5948 3.54344 0.722647 1.68211 3.17103 27.9992 0.0576318 6.20056
-15.5703 4.85068 7.53469 12.9387 11.1065 10.2117 4.09488 9.6492 15.7588 4.71495 0.0924303 4.23557
37.2605 1.85807 14.7543 14.959 13.4427 25.4175 2.99468 0.981959 2.88429 2.71139 0.0347032 5.80031
134.375 14.936 12.8506 17.3633 13.2576 0.993437 2.22704 24.1387 1.31676 0.379916 0.0200301 9.01733
104.781 17.4877 20.8982 4.41405 12.3758 5.87471 0.661479 1.93715 24.6717 6.83693 0.0271817 7.41447
35.7111 12.5562 10.2894 4.18636 10.4583 1.88568 1.08681 6.49664 28.539 15.9494 0.016264 4.48838
11.6216 18.637 8.10894 3.86746 6.66099 5.70828 8.01198 6.04851 19.7584 24.9934 0.01204 3.98287
-70.9598 0.354606 20.9157 15.7577 18.0929 12.6723 36.344 16.1655 24.2589 6.26851 0.0275031 10.2292
-21.4922 3.66168 20.8122 28.4352 2.29326 13.854 14.7706 12.3843 27.3439 9.18689 0.0059386 6.7932
-70.257 20.1356 0.888612 9.73904 3.94903 8.64467 19.4546 5.49731 23.7953 7.39106 0.0215679 5.0128
-11.9455 1.49627 16.5479 10.6248 1.80985 18.2233 10.3639 10.8657 19.01 10.2157 0.00881974 4.1438
-25.7828 6.35943 6.35612 19.8433 13.6161 29.83 6.73463 5.46226 10.1604 24.6611 0.0377167 6.66582
-55.4976 22.8786 10.9928 1.89243 5.01134 10.9046 10.9352 17.8942 12.4725 2.34498 0.0990015 5.87253
28.7234 4.66036 0.900855 13.0503 1.87818 6.04045 21.548 4.19437 5.17351 23.5567 0.0122514 4.03412
-11.9177 17.5978 6.32017 4.66943 22.2734 5.94149 9.4208 10.1762 4.47683 7.43463 0.0177475 3.5008
43.9911 20.106 3.52144 0.664008 11.2027 11.4143 5.45496 10.1309 12.6298 11.4223 0.00370371 3.34279
-38.4935 16.764 3.00191 17.6781 7.6227 9.38786 5.78285 10.4378 18.283 9.50484 0.196817 6.56091
163.712 5.64165 4.23991 24.5997 3.95505 5.99869 0.813435 7.00972 11.3942 0.834885 0.0279908 5.82669
37.0267 7.92643 2.82454 28.1178 29.4991 4.3135 9.84511 6.79979 23.2249 32.8449 0.134825 11.2724
-31.9344 15.8738 2.89247 24.2759 23.1747 15.6162 21.0354 14.3246 8.83212 26.6924 0.259923 12.5589
31.0706 19.7821 2.89247 34.596 24.1697 9.61783 22.6931 8.97855 12.1883 2.35071 0.313889 14.6863
189.509 20.1046 7.55105 1.19007 21.9721 6.90366 13.3152 13.74 14.2817 2.68845 0.0179785 9.49981
31.3033 16.705 7.71331 28.2577 6.26306 2.96163 14.8358 3.04076 19.5139 1.78594 0.00155228 5.01392
66.5251 2.94842 7.1691 25.4822 5.75796 4.34384 4.81847 5.45191 18.5891 18.1316 0.00155228 3.30712
-72.4967 13.7791 6.4934 21.0584 8.08403 23.1407 16.4691 26.8841 17.1861 20.0919 0.135267 10.1708
-14.6573 19.5427 6.58928 2.11147 6.58835 20.2869 27.2583 27.3353 36.8595 12.0601 0.066907 10.6023
21.7095 10.3246 6.61121 1.55834 0.264489 36.3581 8.12744 5.05458 21.5893 10.0635 0.077019 7.54863
-71.6684 9.02962 6.61286 13.0736 6.7632 11.4383 6.6874 4.4476 4.05534 16.9376 0.0200615 2.99687
-66.5617 9.27325 16.3051 3.85963 8.52193 12.2699 2.5614 19.5877 11.4327 0.604438 0.153988 6.49808
51.1962 5.30384 19.7525 0.545096 6.96247 6.40774 8.59372 20.7269 21.9572 30.6551 0.183365 9.37416
-33.8623 14.6227 28.611 8.13812 3.80526 15.2574 2.90535 1.58815 19.2934 11.755 0.0127846 5.31089
58.5935 11.4207 11.3919 5.90606 2.82824 12.6777 7.72617 18.2932 9.09208 8.89078 0.0539623 4.4291
-59.1969 13.3782 11.6003 2.94199 3.14948 43.6507 5.14804 16.092 16.3953 4.2171 0.273128 9.95037
57.2092 2.18266 5.40232 9.23868 5.98983 19.6923 31.3245 10.0799 0.876436 7.85475 0.20909 8.51707
65.1873 6.5439 5.20836 0.495117 7.8126 5.39879 12.316 30.2264 5.49122 18.1737 0.00574695 4.23051
70.8763 3.96191 4.57029 24.7494 15.7118 14.9562 0.688464 16.4659 6.22012 8.10854 0.0122117 5.55587
8.14834 32.1919 6.79852 2.19505 9.38679 1.51229 6.55763 18.5773 13.6437 10.7757 0.0154543 5.33972
121.373 6.37008 1.7307 1.66878 12.2983 2.20072 36.8649 21.1698 8.89709 15.7622 0.0856869 8.64826
93.1355 2.89217 2.59417 17.7048 20.9878 11.5289 3.85506 20.3246 18.6558 14.3791 0.0244496 6.62521
12.7539 10.6798 9.55213 15.6258 8.28548 3.65569 7.80465 3.0854 25.083 15.0516 0.000108197 2.42029
76.1736 2.63278 8.10802 2.20888 7.88441 4.22312 9.20798 18.7551 18.6523 7.88302 0.0222784 3.4703
117.504 8.0865 13.4712 11.0671 1.89714 5.57077 25.9055 9.25766 15.8056 11.2544 0.00748744 5.48219
-59.9686 15.6341 10.778 10.4508 3.359 8.21417 1.45188 2.16424 20.5316 5.16573 0.00750811 3.11732
-67.9622 18.8883 11.132 7.96506 24.3785 6.87487 5.61842 10.3838 6.11377 2.24058 0.0187815 4.11351
-26.3275 2.92107 15.7323 4.712 7.03613 11.5085 3.11242 8.35741 22.3439 5.0715 0.0453293 4.01621
55.6425 2.92762 13.302 2.40508 12.3507 19.7585 11.1377 22.8496 29.4224 14.1571 0.00407509 6.11649
51.1045 7.63512 3.4122 0.641299 6.92992 3.49223 24.156 23.9951 9.42856 11.1768 0.029614 5.17271
62.8706 1.18773 6.96107 12.0771 16.4309 10.4958 2.72448 11.1669 32.1416 32.0571 0.0159342 6.7532
39.8875 7.56722 3.92694 3.01901 5.93217 58.7699 13.4908 64.5797 39.4394 8.77141 0.0093257 16.9906
20.3608 25.9683 2.98754 20.8893 4.84278 8.79541 1.92582 19.4507 31.5048 11.291 0.00666283 6.93034
81.2893 1.3699 4.22639 6.01077 7.05984 4.22828 5.77679 17.7985 10.3442 6.41552 0.00666469 1.94276
-21.7481 6.39182 11.8874 10.1639 8.18938 1.90758 18.0829 27.0782 14.0253 15.5979 0.00118274 3.92907
-68.3998 11.0484 16.0119 12.4033 13.2856 4.26655 6.67759 2.52222 24.5052 10.9295 0.0145514 4.13235
171.37 9.33522 9.10284 19.8712 10.1805 14.3706 16.4969 0.539202 5.47387 1.59647 0.0174422 8.44584
-69.3458 18.6237 3.47521 0.147366 23.5002 7.11609 19.0429 4.68465 12.0467 10.3193 0.0799092 7.15133
-69.7773 16.2946 6.59733 4.75616 15.0452 6.97806 14.856 17.467 18.9049 8.63056 0.18531 7.11078
-29.2025 31.9903 6.04345 5.55602 16.5718 3.34947 38.3809 8.57256 7.76084 2.75187 0.177456 10.0154
-25.5027 14.234 3.36703 4.13654 7.3318 10.1099 54.0362 18.971 23.0917 2.7065 0.0804748 10.1485
-32.9307 8.91925 1.34771 25.9215 6.42466 8.62366 22.5544 13.1613 16.2327 11.1596 0.0589885 6.56589
-1.40887 9.08299 13.4734 21.0408 5.73511 3.35069 5.24362 14.6749 21.6532 13.1883 0.150618 6.90621
34.5149 12.919 10.0234 19.6691 3.41056 2.25573 6.39376 2.12042 4.65107 36.1941 3.28198e-05 3.47405
33.4576 4.88426 31.6735 15.4842 8.22959 12.7268 10.3563 7.28158 17.9127 33.3352 3.28198e-05 6.61442
-7.22077 14.0811 3.10629 22.5156 4.70334 3.20553 8.861 4.80309 6.47608 6.55803 0.0153118 2.87105
-10.2372 2.83066 3.53885 11.9771 3.08327 12.0778 4.36964 7.41201 34.0347 27.3449 0.0370506 6.00906
-6.8562 16.6239 12.7107 11.3249 4.47892 7.58001 6.83145 32.4433 19.3996 36.5298 0.011727 7.44323
-45.2306 24.8273 24.0006 3.6265 2.32361 6.59872 10.6164 28.2533 31.1531 19.5261 0.00884307 8.22677
-51.895 6.52901 12.2042 4.52487 26.5158 16.3119 9.45069 18.6886 5.05329 6.02279 0.0356617 5.33765
-40.2978 5.59931 3.60786 23.1803 0.752391 21.4415 9.60385 23.5921 4.41656 6.11388 9.57775e-06 3.44925
4.81904 30.2859 3.94485 13.2863 0.503717 18.0074 9.69661 8.00447 12.4003 7.49198 0.0359 6.49584
37.2623 14.1676 2.04695 10.4033 13.6436 20.5261 5.86032 12.9336 12.954 5.78307 0.107568 6.24255
20.7357 20.0626 38.3698 17.225 13.4761 8.62967 2.46646 1.64172 5.61243 1.26166 0.0872806 11.1743
-19.1119 0.214156 11.9128 2.33277 27.8625 10.2447 13.1322 15.5337 1.02855 6.9857 0.0457591 6.66984
42.5625 4.40474 19.403 4.31858 25.7414 3.23343 15.622 7.6381 1.35887 7.17434 0.0450687 5.86717
99.8791 3.40159 27.5818 1.51801 33.8148 1.64238 2.26969 4.12263 7.10846 19.684 0.0158633 8.17678
158.913 9.62372 1.74942 1.78138 14.1716 12.1261 41.9893 11.7464 13.2697 33.7263 0.086964 12.4202
-36.5329 9.37605 7.26957 4.39237 4.95164 13.4446 3.65779 20.0023 8.60298 20.1204 0.125497 5.62615
-32.6754 9.21575 3.74639 16.0148 1.79795 3.41571 27.2457 0.954763 26.0569 3.48582 0.043086 6.06631
-58.1563 13.9326 16.7911 16.1662 2.00897 8.95468 14.2912 7.30477 9.20874 11.4268 0.112553 5.80832
51.1935 14.4201 1.72258 8.81355 0.185012 12.7324 11.8067 13.3485 5.81579 4.15953 0.0938881 5.7968
-13.844 8.4658 11.7951 9.84727 3.45224 25.893 9.48562 21.8293 5.94865 1.44038 0.0503227 5.69015
2.80093 18.7491 8.81966 13.6292 0.460417 39.8575 1.63966 4.87431 24.9492 30.0659 0.070858 10.8327
-61.491 12.1153 3.85872 6.7771 8.6864 1.32488 10.5726 9.68202 26.5557 37.9354 0.173519 8.74835
79.3295 8.10592 2.53204 32.289 9.91649 9.72969 15.7096 8.76183 20.645 2.27096 0.0936402 8.64352
-47.03 0.8846 11.5739 15.9952 12.6761 7.42759 20.2099 8.17235 32.7777 11.5049 0.0543736 7.06308
51.2671 0.531872 1.9398 8.46398 19.8699 5.92727 15.1448 8.07889 29.7029 5.21232 0.105059 7.03669
128.988 2.52205 2.75993 1.76855 21.4679 23.0559 12.5428 8.7222 31.6904 6.13503 0.0225679 7.48301
120.776 7.17207 5.8748 9.5345 17.8723 21.3025 20.579 22.0425 30.1898 8.01632 0.00248516 8.8491
-37.0534 3.20277 25.6419 13.6199 18.213 4.84416 19.5595 16.667 8.56651 26.1801 0.00407526 6.49961
65.8489 14.2325 4.54311 34.6926 10.1365 4.28803 17.9944 20.2824 57.1527 23.2331 0.00407526 12.7095
-38.6194 34.9352 4.19266 8.43885 12.9984 15.0187 13.7187 3.49714 65.4154 2.34886 0.00570567 9.87636
-23.9683 27.1579 1.63076 5.3624 14.9353 7.89383 3.83329 9.1053 45.592 11.6888 0.144536 9.04155
17.2178 1.333 3.49065 6.7148 27.9419 15.3678 9.5154 4.41458 25.5368 14.7412 0.0074159 5.20045
8.76274 4.1773 4.3235 10.6922 21.0317 1.96926 0.819394 9.18677 26.2961 18.0562 0.0991382 6.71738
3.25858 1.40393 2.49144 4.1398 10.0594 19.4419 35.9867 7.4329 13.893 0.64175 0.0337836 6.75724
115.577 1.40393 1.99242 15.8546 9.95408 1.9007 17.0977 6.44215 13.052 14.8022 0.142754 6.75008
32.7216 1.14793 1.93883 2.44151 3.90699 5.23965 14.9361 6.13709 0.913686 3.51654 0.021753 3.11166
32.6066 15.7025 6.82762 7.76832 5.04209 17.8106 16.186 34.8151 3.87598 29.6458 0.0643509 8.88519
-17.1416 7.41864 12.6743 6.37837 18.9999 20.8062 12.1015 26.4803 57.7154 6.24196 0.054834 10.9949
188.847 3.38943 10.1654 23.0735 8.99712 15.3535 5.21014 8.26769 10.6857 17.5671 0.0052933 7.20685
-64.6271 24.6979 17.2818 5.22076 6.63155 6.65498 4.60382 6.88951 24.0289 5.11293 0.00237153 3.45289
-30.6196 18.857 10.111 7.60733 3.24816 2.50796 3.41251 8.10391 24.3767 4.19149 0.0147292 3.48954
-30.0069 10.2598 12.8108 6.54305 15.2068 8.76466 4.20908 20.14 0.272533 7.20767 0.0440693 5.01166
-44.8286 5.22085 1.51605 1.42138 15.0803 13.4483 15.5822 20.0273 7.56956 8.39368 0.0344301 4.96538
-48.6857 9.71785 10.1952 15.6749 11.5517 9.14714 2.69206 24.9364 1.84694 33.0639 0.0564359 6.89179
-65.4706 1.41187 26.1568 16.9095 19.6806 7.10024 17.1931 6.73927 6.06725 64.4057 0.16598 12.768
-16.1611 4.47364 24.2289 12.8903 12.6188 8.66696 10.8091 11.651 13.8075 6.04574 0.049741 5.34264
33.1395 15.3518 30.9752 12.2693 13.257 4.99826 3.72647 5.0502 18.1415 4.75862 0.0280691 7.1529
55.788 11.6882 0.139039 10.4528 7.75152 9.3155 33.7218 14.4689 4.48112 41.4721 0.000297839 7.56908
-54.0372 17.8429 1.36007 3.45673 13.8335 13.1831 10.9251 8.18662 24.1154 17.7466 0.0258945 5.40369
10.2363 11.3305 0.46612 4.44103 16.4368 13.6811 12.3503 4.13102 8.05444 4.64084 0.0136452 3.44621
-3.59733 0.504199 0.830315 6.87694 8.23726 3.07322 49.3065 6.59746 31.1604 4.7935 0.105908 9.87516
-51.6082 10.54 16.5104 6.01579 7.81416 29.3799 2.47898 25.5683 28.6338 6.86764 0.045207 7.79511
30.9386 7.42625 13.984 9.78885 10.4761 38.2673 3.48599 4.51392 21.3141 16.2493 0.0106823 6.76974
43.165 8.71857 20.9931 2.33833 2.42059 13.0599 7.49425 7.72892 3.50224 14.2694 0.257461 7.00309
178.882 10.7889 20.2933 2.65478 10.9029 43.471 17.879 13.405 3.50224 24.8807 0.118761 17.1068
99.3644 9.51308 3.67322 4.106 2.9007 23.7563 7.77242 14.9211 3.50224 13.6567 0.036639 4.72303
153.218 3.12672 14.3665 11.2545 2.95268 22.338 1.82337 31.439 4.12556 12.0633 0.0839062 9.24657
38.6563 22.4241 2.96945 22.3259 0.275733 23.4378 10.2488 14.5224 15.233 6.70816 0.0304698 8.52
54.3324 1.63092 6.49564 2.3963 28.2723 19.8191 0.588573 35.9034 6.68664 7.30729 0.0104807 7.34285
171.764 2.15731 7.97453 4.55031 14.4976 19.2569 6.61061 14.9831 17.1373 7.28472 0.0228153 6.15879
98.8055 1.48793 25.3347 4.86015 10.9432 15.1758 11.6056 11.2385 5.69023 0.764323 0.06021 7.22637
60.7093 12.3489 12.6898 11.674 7.8006 33.6243 12.1933 1.87317 1.10834 4.94896 0.0683221 8.07868
-24.2277 11.3373 8.96486 7.5427 18.4117 26.0486 7.08223 7.63225 10.6938 10.4798 0.0136331 4.47483
-8.25661 14.953 19.8923 18.6557 4.96532 0.220729 0.464933 9.05714 13.8249 7.00727 0.206766 8.7454
-55.6841 18.0938 14.3929 8.22207 1.18076 13.8015 0.464933 26.6524 6.1524 8.75653 0.0950927 6.98848
-0.0145277 17.4807 13.418 6.43534 20.6728 1.78655 7.81911 20.2745 5.6851 0.733665 0.140068 7.45415
-19.8882 10.0791 20.5855 1.49719 8.66375 2.05596 13.8343 5.00662 3.12483 12.8461 0.109347 5.28253
68.3263 15.0505 2.31152 7.45742 12.6706 4.5183 17.7426 4.2221 12.9639 13.3807 0.224648 7.09007
47.3134 4.18889 6.38401 5.48941 1.75834 11.3319 12.1801 6.87845 22.0867 9.61492 0.0106789 2.81762
-2.30686 0.0874956 18.7091 19.9812 1.32241 15.0447 18.3143 14.1612 2.94616 11.0294 0.036955 7.54631
134.046 7.71746 9.73083 3.27384 3.73801 12.6621 14.4995 7.3165 36.1084 19.3641 0.0203298 6.51623
32.1065 11.3718 13.1473 9.86178 30.7264 18.7113 9.20142 15.5784 10.4378 17.2816 0.0963105 9.70068
-11.0191 19.7092 10.69 4.97942 28.2553 0.833755 8.41774 4.83465 9.55056 68.483 0.139356 12.0412
58.453 10.5892 7.15796 19.195 1.72555 9.89287 4.25587 37.1361 19.8425 16.0313 0.15036 9.43331
108.004 0.93137 11.3076 7.35341 10.0509 5.6048 10.3675 24.2686 19.5891 15.8274 0.0607175 6.61013
-23.7354 13.6817 49.3628 11.1714 6.03382 8.84934 0.24741 11.9814 24.7501 18.2164 0.157633 12.9114
-67.3705 9.45587 22.983 11.5719 2.79401 13.5293 6.62924 0.712205 2.38952 3.5918 0.0913703 5.43834
108.215 9.11325 5.0688 8.85083 2.79401 5.62814 16.1071 24.3762 8.97233 12.2917 0.214371 7.51163
176.801 5.03519 5.28033 14.5751 18.012 6.91471 2.36462 12.8565 13.9567 16.7636 0.48583 12.5118
-73.7313 9.97915 8.98932 13.7427 12.2439 2.06156 15.4728 2.82598 6.01812 12.9905 0.04161 4.08191
-12.8892 2.11918 3.247 11.8517 18.765 6.44803 12.2559 12.2608 7.21828 8.16889 0.083998 4.6633
104.774 1.86273 5.06352 15.8226 10.8443 39.0551 9.55439 3.30326 12.2641 25.4867 0.0442926 9.09657
47.7281 5.68041 3.48461 14.2584 6.1043 3.83856 13.7969 18.8 4.48204 27.7288 0.00695754 3.88574
74.8451 0.999103 13.9114 3.92699 29.3641 4.66447 1.97179 0.459958 20.1807 17.4069 0.0303837 6.89257
56.6782 5.26578 7.70261 3.80637 24.0094 12.9302 11.1037 1.80028 3.66468 10.5095 0.0307236 4.30786
9.14037 9.43292 11.1477 17.2907 15.2078 5.90282 4.94945 9.60156 3.46374 8.10942 0.0408009 3.95424
43.0087 11.3414 4.45774 19.5975 9.68295 10.965 7.73568 13.2964 29.571 9.39422 0.0320701 5.88906
-67.7614 8.63138 4.72379 6.74119 11.0259 9.82173 2.05302 5.49909 34.4562 10.1912 0.0122976 4.27879
-28.5035 10.0482 10.9792 23.546 12.6524 7.20636 8.88757 7.06281 27.9409 13.1227 0.0571883 6.378
106.153 0.827707 8.99458 11.0702 0.117704 2.79137 8.76376 13.269 31.7213 20.1626 0.060536 7.84549
211.893 8.70409 3.90549 2.3352 6.00985 7.95701 20.9556 7.80607 17.2322 33.3351 0.000799109 6.41306
97.6914 18.1957 6.39478 9.28081 0.407506 9.18746 10.1303 24.7579 3.0743 3.7151 0.000488359 4.35198
19.8982 29.9619 16.1842 10.2063 5.4577 7.63307 5.42717 4.77641 29.7776 36.1011 0.00293835 7.95041
-43.9466 26.0366 1.77347 6.51481 3.32288 40.8977 2.64991 19.991 10.7848 14.8748 0.00757965 7.0793
-51.1122 23.9292 3.42504 14.3237 38.9793 8.13159 4.81897 3.21419 23.0284 16.3729 0.00544128 7.40332
65.4016 6.1122 16.6104 23.8535 9.38275 8.23993 12.9617 4.26438 20.0873 15.378 0.00680969 5.95419
-15.4834 15.499 30.7199 9.21295 14.1576 15.1406 25.0013 10.6035 0.897594 53.1065 0.005226 11.8858
44.501 6.13317 7.27853 17.7904 2.99039 19.136 14.3874 16.5419 34.9416 32.3973 0.118383 10.4128
-47.1054 11.0783 14.6427 24.8702 11.387 34.182 23.5038 8.64164 16.1083 15.0268 0.159872 12.478
-18.0699 15.1838 9.34022 1.74561 11.1354 11.004 24.7074 5.73508 7.26336 1.88616 0.105264 5.82462
86.0573 2.38997 5.23235 11.4463 7.72108 14.7536 24.2911 4.58615 13.864 8.21632 0.00833562 4.07693
32.3828 2.08367 5.71185 25.9916 6.13437 8.1507 16.1617 14.0869 15.5903 3.46905 0.0532479 5.66033
1.68047 2.94743 7.4894 15.7533 17.5899 5.56482 18.1581 15.8398 11.1758 21.6675 0.0595448 6.30113
-13.7716 7.34737 14.7499 1.77468 10.238 10.0565 0.662491 5.62197 11.153 26.5085 0.0136811 4.21802
4.1004 17.1563 7.71367 13.69 6.70502 5.99508 6.23286 4.55632 12.2108 5.10263 0.0424043 3.42799
-0.0715332 18.6354 1.99035 4.61205 6.57015 9.18559 10.832 9.9492 15.7927 20.3081 0.0162775 3.92195
3.8874 18.9504 13.8507 9.84102 14.7278 8.52558 4.71574 19.8877 20.0214 29.4548 0.166323 9.52374
16.1007 27.1914 7.72376 21.2233 10.4196 2.50849 5.9341 17.8621 16.7195 27.3308 0.150174 10.0865
29.5194 10.6548 19.9028 6.14303 8.31539 23.7174 7.92717 0.143587 30.8115 20.2114 0.0336227 8.71494
13.3398 6.75575 4.83548 6.00597 6.58465 16.0074 13.0882 5.76965 5.4326 23.1372 0.00342985 2.45647
127.81 1.6078 3.64334 5.26042 3.56412 9.25383 10.9576 21.2417 15.4398 10.0106 0.00342985 3.07317
-63.1171 3.43464 22.4116 9.91466 18.3051 22.7032 16.9255 6.64885 10.4944 8.27338 0.00530638 5.27129
-51.533 14.2122 6.70654 12.6387 49.3057 22.1279 13.909 3.62295 10.185 10.8031 0.00679568 9.05153
17.03 1.28064 16.5988 10.8867 19.2463 13.4513 2.37059 15.8207 6.91745 7.61808 0.000534742 3.26785
-73.3512 7.41344 14.0359 16.0204 1.74154 10.5829 5.50245 5.93112 6.41213 3.85251 0.0273549 3.18069
84.6304 7.00843 1.82223 2.77286 4.74396 6.00184 10.4501 3.90601 22.3891 3.34262 0.0190493 2.87742
35.7264 7.2741 13.5594 1.98784 1.07473 22.7722 16.5258 2.22586 20.2084 5.81502 0.00607779 4.45433
34.3719 10.0937 15.4874 1.13202 10.9916 14.6672 30.0112 9.19616 6.2186 1.6434 0.00293229 5.11399
30.8024 7.7744 28.7365 7.25047 3.64528 12.9054 39.8283 1.39221 1.85681 15.4314 0.041461 9.31217
139.274 6.40508 2.02944 10.6602 5.53233 3.80722 19.9679 3.09026 10.6634 11.3086 0.0293754 4.1969
77.6164 2.82031 8.61052 3.68601 5.06525 7.36719 27.4289 5.37382 29.3936 2.08292 0.0213709 5.08909
-60.9805 10.5306 3.39629 6.07474 10.097 20.5415 2.51723 7.302 14.0338 3.93636 0.0259188 3.58889
96.6589 2.28459 5.0212 5.07799 1.79931 23.4156 17.2823 4.12706 6.02216 6.88887 0.089742 5.27391
-47.8999 8.51653 3.22827 13.4906 8.85252 8.58769 19.2582 7.10464 11.1282 1.73021 0.0276659 3.67282
130.539 5.72265 1.50037 13.741 10.1316 0.690784 10.4675 1.16037 1.59253 13.0647 0.0224255 4.51838
39.0371 2.60343 15.6693 22.1531 8.0538 9.6193 15.0398 7.67531 6.76524 3.49848 0.0207304 4.62932
196.304 5.26358 12.4131 2.71175 0.942381 2.21578 15.0398 8.42149 7.91641 12.9041 0.0386915 5.6073
18.1722 10.3724 0.955122 21.8581 23.6853 13.3473 2.7109 3.95267 10.828 16.3565 0.0260271 6.06622
222.461 4.85522 0.801989 25.2821 28.21 7.06364 8.40573 9.88865 29.3513 15.5173 0.0312495 13.0927
37.44 11.6831 1.03922 4.72395 32.3796 10.9223 4.72311 0.826836 22.7168 49.0529 0.109073 10.9333
-9.18845 7.76878 0.681383 2.34771 22.2581 10.8574 3.7042 8.19857 3.3491 40.9661 0.0647693 7.02849
-70.0133 24.7901 8.99804 13.1781 1.31123 52.9714 3.04049 20.9964 0.879188 19.2727 0.0198584 10.634
-11.6312 1.17892 3.92351 11.8436 35.9127 8.28251 10.2879 10.8407 14.6331 32.1987 0.00876913 6.80353
-47.766 7.87272 6.31186 28.2474 6.73951 6.26801 15.0883 21.2236 1.4394 1.36369 0.00234717 4.23192
23.694 13.1801 27.2915 0.924294 29.4046 11.5555 11.3075 21.0622 20.6459 1.36369 0.00234717 9.24624
80.3841 5.111 18.3201 1.54256 41.3212 8.06743 19.9945 5.92257 22.6359 4.07452 0.0181545 9.7568
11.3314 8.70255 12.8186 5.66341 7.06297 4.87077 14.9606 1.85418 14.1795 18.6112 0.0710458 4.66298
-42.8367 13.9649 19.4086 1.22511 13.7432 8.0507 17.5721 26.4133 2.65412 2.55153 0.0290287 6.17916
-47.3577 21.2758 7.5984 0.263787 5.81626 7.75769 50.4746 22.0539 19.8988 4.69 0.0593201 10.593
-56.1462 18.43 4.56899 7.05625 7.19967 6.76374 31.8876 10.2888 8.34341 4.70448 0.243316 7.61456
-1.69384 18.7265 6.87217 13.1874 20.6159 4.92471 19.713 12.0228 49.9485 11.8113 0.216587 12.1792
-59.3045 10.4734 4.14563 10.1963 9.2927 31.5705 37.7865 6.85447 7.09898 9.14768 0.256017 10.5744
15.1298 10.5552 1.22627 9.86998 27.0198 4.78657 12.2096 13.8158 4.85024 21.436 0.0915955 6.79228
98.4117 13.1732 3.38254 9.04897 5.57918 11.5609 0.456172 27.3507 3.27221 7.26012 0.117085 6.83093
127.698 13.4114 3.23729 3.55178 11.3631 9.9802 4.73689 19.6267 2.10701 6.30265 0.169599 6.61301
115.788 6.64291 3.00065 6.08192 4.73032 7.78555 3.2316 11.9774 0.264739 6.30265 0.252752 6.36531
168.1 9.15003 3.01794 2.91477 5.75926 4.92856 6.37801 4.33545 11.6972 2.25913 0.242546 6.08358
155.021 6.78841 3.28617 2.78711 17.6562 19.5066 2.19211 14.8691 10.4282 3.7531 0.106718 7.06485
-54.6358 35.0669 8.80943 3.34657 12.8843 24.8085 0.622855 12.4346 34.588 12.3313 0.0420816 9.61857
-62.7783 22.5355 6.6854 1.56121 32.5017 13.5095 1.47794 9.50967 24.2092 2.85395 0.0245928 6.96052
-56.6939 15.1306 5.80434 30.6666 21.993 6.12697 13.2643 11.6601 29.2874 4.85492 0.120863 9.6129
0.274845 8.91071 4.82704 20.6714 33.8624 5.20824 11.9072 34.1393 24.4454 5.37731 0.0020271 8.48431
-9.7667 18.1071 6.86424 14.9133 3.42646 7.19926 2.5981 9.23608 17.3341 3.48693 0.0537443 4.28382
65.6894 3.86799 7.94816 10.4607 21.895 14.638 14.5548 11.7811 14.8365 9.64091 0.031463 5.82528
-2.89417 12.5055 1.88362 2.4059 7.19789 2.87602 7.89128 13.9091 6.60169 21.1268 0.0480272 4.14377
-12.3081 2.49996 30.7305 11.468 4.82744 7.56655 14.6753 8.11436 3.78298 30.7824 0.0432457 6.67111
-23.4289 7.24003 14.2728 11.6436 3.26268 15.0259 15.0211 8.03543 2.88632 80.7871 0.0335307 9.85994
14.9282 4.43879 8.11437 6.36401 8.14506 2.35577 5.8655 12.8518 0.458918 27.5574 0.00346092 3.18179
36.7243 2.78598 24.0015 20.8815 8.92551 3.10433 4.37048 17.1817 5.63838 29.0585 0.00346092 5.78421
100.087 5.78266 17.4418 9.75223 9.0947 1.9468 9.61101 21.4037 1.22448 23.9643 0.0112043 5.78851
7.40487 6.89832 31.712 3.62644 25.4847 8.89699 15.3602 9.89706 1.73415 27.0104 0.00196873 7.37302
-38.9407 6.28808 36.806 10.8083 5.33314 12.3481 18.5904 6.01479 17.1051 15.2885 0.0236208 6.97792
-16.5139 4.41865 39.7933 15.7097 5.12008 4.44846 13.3296 7.12141 3.38451 11.0966 0.0932498 7.5238
-56.394 3.94582 45.023 2.51691 2.32697 8.11654 6.35127 8.59856 7.96796 10.4223 0.109914 6.89301
-37.5194 6.1826 16.5803 32.9989 15.0433 21.6462 10.9356 4.17123 4.25746 1.84994 0.116823 9.09247
24.8214 5.35116 1.5417 23.9363 5.84313 16.1343 8.27804 3.5026 16.2452 17.1342 0.308145 8.60501
56.4364 0.941625 8.22928 7.41268 4.40049 6.18266 10.9613 1.55047 17.2998 15.1532 0.107766 5.05209
22.9231 7.73333 16.2412 9.21546 2.0594 16.5424 10.2157 9.41125 29.0574 10.8289 0.00203063 4.06879
-64.0457 9.88088 12.0652 13.2582 21.5345 5.81988 9.04821 3.40531 26.7853 6.03093 0.00318314 3.87357
79.8964 6.47438 5.57517 2.51557 2.24451 26.1562 14.7549 15.6455 21.6689 11.7281 0.00318314 4.74273
155.896 12.7262 12.6053 2.51557 4.99722 4.07948 2.719 9.24273 22.992 16.4171 0.00318314 4.56515
-49.6828 3.85578 8.25441 7.2061 7.08724 5.64915 4.94515 8.4458 20.0694 5.57383 0.0508969 3.60472
3.95725 9.53245 6.95003 11.2355 3.01092 16.2807 9.37887 18.4485 20.5853 6.39708 0.251952 7.49413
52.3913 11.2009 2.04398 4.90311 0.742778 15.9774 26.7805 22.874 14.6236 13.8951 0.0334496 6.9867
71.5177 11.387 4.06771 7.7834 9.13149 7.56711 17.3273 21.357 14.0719 2.64287 0.0334496 4.95111
-31.3147 13.0068 7.72132 43.3038 25.3008 1.66851 15.7838 17.1014 24.9539 3.30961 0.0926358 12.5298
-42.1545 13.9361 21.7964 0.538489 9.38154 1.75703 12.0185 48.5747 4.64652 36.5918 0.00396574 9.03731
127.467 10.5735 17.7544 18.1582 2.83072 8.42894 3.72952 25.7267 5.82732 13.6138 0.0997179 9.05008
65.6396 5.11523 3.48773 10.3152 3.12626 3.17719 16.2774 18.3261 11.5613 10.1584 0.262787 6.80554
63.3233 7.87088 4.63881 1.7153 8.15776 13.4087 25.6309 5.58773 4.03767 8.89895 0.188146 6.39552
179.8 4.33937 1.77201 5.57768 2.81427 19.6306 9.94948 7.60212 19.7261 8.29284 0.183956 7.57993
-10.2745 13.2104 3.8624 5.06842 10.9138 32.7937 2.41535 6.97632 6.55944 5.09602 0.0747961 5.33238
37.0805 18.8522 7.94554 14.6047 8.65944 36.9265 3.06306 7.20406 19.071 17.6197 0.049813 9.05203
8.12847 7.52628 7.67633 24.6196 4.35459 22.2296 1.14826 14.7225 41.808 74.5952 0.00338806 12.3446
30.3383 14.8003 18.8696 25.4832 13.5453 7.41004 13.6227 11.8737 8.96574 68.1243 0.00350528 11.6879
-60.7144 16.636 12.9913 21.616 23.6866 7.9262 16.0078 26.4327 2.64213 40.6324 0.0113526 10.1219
-21.0153 13.6238 11.3429 16.104 14.7236 3.05713 17.9242 25.2446 11.8066 13.9315 0.0522129 7.08255
209.594 11.3425 5.20399 2.29664 16.4585 4.43495 20.6615 15.6447 17.776 20.209 0.0554395 9.81538
-49.1841 4.03439 3.43218 8.43522 12.1357 4.57062 2.97269 14.0538 20.74 23.1347 0.0586153 5.47436
33.8314 8.18297 2.29494 13.3765 18.0269 5.74237 12.0769 12.6851 27.6033 21.1165 0.0677554 6.90202
192.29 4.51838 5.31452 16.3487 34.7623 13.4401 1.94449 1.12767 13.2252 15.4618 0.0201556 10.267
70.2791 0.600814 7.44752 2.01842 12.5099 17.5075 10.8458 8.22499 33.8694 8.12923 0.00083958 4.30237
15.5325 6.57826 6.82985 5.90597 5.55144 8.5529 9.64656 4.43495 2.89952 4.13749 0.0337783 2.07044
168.907 6.12158 4.70452 2.14779 13.4929 12.5514 12.2023 9.02605 9.83301 12.7913 0.00202424 3.64353
106.374 6.12158 19.7218 4.50706 15.9098 14.8049 10.5441 1.43148 28.3357 0.767009 0.00202424 6.40968
23.1661 12.4964 13.1662 0.652647 6.58399 10.4441 14.5162 2.66486 14.9117 10.1634 0.00202424 2.93459
75.2266 16.1026 5.97622 1.48793 8.30081 17.4089 10.3777 2.36058 13.4169 17.19 0.000506034 3.29641
37.5906 2.67321 5.6301 13.4382 1.81586 11.106 7.7218 4.70211 17.0419 8.02762 0.000506034 1.42113
-44.4749 2.31383 16.7376 17.3577 29.7178 8.9934 6.66921 1.41579 21.7002 8.18467 0.0392107 6.81566
-15.6603 14.1341 5.7643 13.6704 25.105 13.5453 6.48619 25.2038 10.2178 9.60892 0.0113988 5.88046
60.049 2.67932 3.91955 5.20146 22.3761 4.16415 3.53685 9.83126 35.6645 8.37827 0.0113988 4.53949
84.9543 8.59841 3.91929 3.55166 6.91513 23.6912 34.2441 18.5716 27.8579 4.89511 0.0530923 9.52209
81.2226 2.64608 1.33285 3.67628 10.654 18.2901 14.5878 1.6877 24.2506 3.54248 0.000950751 3.35963
41.6627 4.96449 10.8183 23.3453 17.2482 7.79768 14.0764 7.27551 20.1022 6.82452 0.000230704 4.22623
132.432 3.59726 5.13355 14.5594 15.8697 0.621646 14.6142 7.51628 23.4442 23.0138 0.065185 7.88827
-49.9498 4.4863 9.87818 13.1997 5.97059 9.19739 5.04255 29.8859 18.1274 13.4709 0.212267 7.6835
-18.9686 13.5438 11.4865 10.5958 5.43845 6.62239 2.10073 14.9429 5.46725 6.50712 0.0752545 3.96024
21.2375 13.6358 9.27424 4.2654 7.6394 11.4764 24.0466 16.1279 21.7004 14.0952 0.00161523 4.60545
-34.9015 21.9898 4.85545 4.7179 12.2349 0.595662 6.2902 38.1638 31.0815 10.0514 0.00797268 7.10167
-67.0138 31.6245 3.5487 6.0617 13.8089 6.47771 0.54932 1.96285 2.02593 3.27205 0.00699282 4.01974
-19.2033 5.04746 4.4012 3.60978 19.8381 5.80103 1.70434 23.0352 11.0676 23.8919 0.00149437 3.71902
-40.6727 15.8152 20.9681 3.53343 6.06579 3.09234 5.60556 8.15816 10.2754 19.3032 0.00121234 2.64794
-34.1542 17.8704 17.6066 4.06937 21.4172 4.78728 9.7408 9.61202 8.17295 14.3385 0.0185953 4.74368
80.4202 5.85437 21.8569 18.9896 4.25155 4.13646 8.4362 6.13883 14.0795 3.09834 0.00385507 4.14108
2.06581 10.2547 8.13223 4.11925 1.68993 22.8674 6.30797 12.3877 20.7669 17.4652 0.00385507 3.84458
-17.1867 0.582092 17.3823 2.06158 33.5196 1.08644 14.0174 14.9281 14.8512 20.5718 0.00850314 7.0794
85.4243 3.40527 16.938 12.3809 11.7586 7.91894 4.58709 27.7546 2.38952 30.965 0.0600961 8.0445
34.8889 2.74565 1.55557 11.0544 17.5784 6.25753 24.4014 12.2412 9.63826 30.6863 0.0664265 7.20731
-24.2816 2.75706 8.52095 31.0553 22.7333 1.4651 13.1995 8.71099 5.4835 37.4911 0.189214 10.5669
-73.7148 12.3006 6.78671 16.1484 3.25738 2.3597 10.61 32.6645 8.70919 11.3386 0.298283 8.6813
-21.5486 10.6375 16.7488 12.5846 1.58629 12.6864 6.40432 14.6444 9.26162 8.4856 0.0149812 3.57323
102.245 0.679151 10.9259 12.5125 8.34966 1.9803 27.6332 7.33716 10.1777 8.30593 0.0271575 5.55971
1.53309 24.3185 14.6106 8.27998 26.5575 3.39843 14.6734 2.82063 8.78311 38.3414 0.0172431 8.83501
-31.6762 9.03114 23.1413 3.22803 32.369 2.85952 35.9521 5.23132 5.83081 7.74046 0.0989623 9.81304
-61.9559 23.2256 12.9421 14.5771 15.8474 8.86436 1.70051 29.1119 12.5556 2.9314 0.00165508 5.49138
-61.8893 6.72974 17.3367 1.03484 27.1993 5.43402 17.526 23.8413 32.9923 11.212 0.00765111 7.64312
-66.8931 16.8828 17.5804 1.6798 9.49163 4.6699 23.4545 1.17356 17.4402 15.5763 0.00441506 4.80514
-35.3026 9.68896 18.2261 1.93711 3.93987 5.57511 19.075 24.4682 56.8078 26.484 0.0694703 10.9519
-37.8417 1.73479 19.8602 12.743 2.50076 2.73511 25.3184 2.07846 18.207 8.51124 0.0925623 6.53819
-49.1947 1.73911 1.96409 5.1765 12.2638 3.7699 4.51756 17.687 5.4617 14.4502 0.00214063 2.79417
-25.9745 15.6797 5.20895 11.6123 6.7136 11.1656 3.48842 4.85979 8.56554 28.5127 0.0110257 3.57123
-58.552 19.1829 4.09372 5.95799 3.93752 2.67807 18.2894 5.02236 9.00348 25.9236 0.131087 6.36601
31.0174 8.64855 23.8263 5.61044 9.28382 5.62595 3.08998 0.649199 15.1775 12.2217 0.0632968 5.39904
-17.3741 4.86088 11.6488 4.76501 19.6361 2.05872 10.0213 31.599 30.432 12.2831 0.0239339 6.76473
6.12161 2.67577 16.9662 4.44074 7.91637 6.69584 28.2611 6.1659 14.0687 2.35453 0.0382767 4.83803
-28.8931 18.1817 22.0569 1.22717 0.938425 19.5468 14.6539 1.42491 21.3247 13.0778 0.03771 7.3254
149.604 3.9317 10.0196 12.2375 12.2724 12.9648 0.606818 9.76644 27.1252 16.0597 0.0295392 7.17003
50.6235 22.3479 12.1683 1.78962 13.0679 7.59182 4.98136 17.8605 21.6945 11.0179 0.000128914 4.38189
-36.967 18.7775 10.2115 8.20256 0.871938 24.49 9.00528 10.6444 26.5431 3.07125 0.0110941 5.52414
15.655 17.58 9.53577 9.05777 10.1503 12.1508 2.24007 21.904 29.4392 12.7358 0.00180271 5.0705
-0.268983 7.13589 9.89905 9.083 12.5788 8.72218 3.15892 21.1452 10.6868 10.6678 0.00167403 2.3183
-3.89758 1.42212 7.19705 5.20111 8.02681 11.8952 0.715729 18.0449 8.50566 3.4948 0.00167403 2.28441
100.113 4.25193 23.5919 1.25869 17.7979 18.0927 8.54823 6.24099 3.65087 7.46113 0.0191207 6.20163
-40.5198 11.3318 18.6153 7.8273 34.1609 15.5239 3.76551 1.48881 8.68885 20.5254 0.00105727 5.72956
34.8646 1.49708 3.6441 31.8197 5.48581 10.1579 3.11863 21.6246 12.0462 3.77003 0.00157428 4.13058
8.62076 2.48986 22.384 22.9771 13.9818 9.53806 1.90654 4.76721 5.13016 20.8725 0.00165538 4.72032
54.3743 17.55 16.5051 5.26792 26.2415 7.92557 11.3389 11.1255 6.65192 5.64495 0.0355022 7.05541
25.3208 10.7568 7.88205 9.86697 8.55419 26.2587 1.78967 6.57921 20.0198 6.94979 0.0172557 4.52041
-5.8393 8.96309 5.17003 7.93511 15.4365 3.15638 5.2513 18.079 20.6034 5.58736 0.00961904 3.17075
-50.3239 7.23046 7.36031 33.2424 2.8578 9.14158 25.7316 0.681074 42.5921 7.13434 0.067475 9.73987
-1.21479 2.62845 16.2929 29.9889 13.2026 12.3908 4.77184 17.2435 3.7572 25.5001 0.164818 9.63865
18.303 20.0193 0.68147 14.7951 10.7796 9.65488 6.29728 10.3861 49.0241 4.28808 0.0723379 8.56744
11.07 12.6739 17.7528 36.9643 11.2672 1.10105 2.74989 13.9606 28.1872 10.8783 0.166169 11.5965
16.1495 11.1517 7.16932 16.1236 7.92419 11.8424 20.7762 11.7333 58.3892 2.4466 0.0901865 10.1382
-10.38 41.4868 2.17079 16.5347 24.1244 1.15528 4.27791 13.9336 10.8605 19.7404 0.0248347 9.73954
-13.484 14.7505 2.41118 17.5605 21.7754 18.6163 11.3793 14.3566 53.0814 3.8744 0.091708 11.2367
6.74782 7.06756 21.2212 3.84711 6.16023 28.9468 13.2132 21.2393 24.4732 5.29605 0.0860386 8.79358
34.4204 6.95408 14.6265 7.57079 5.75221 25.0222 18.3382 7.5408 22.4537 15.1042 0.0586222 7.15415
15.6379 8.0014 17.2593 13.8656 3.14015 22.5296 10.575 13.8001 27.0159 6.88519 0.180474 8.91092
-31.9379 8.14119 2.55972 4.61992 12.478 7.89031 9.56627 5.36263 9.58527 19.8142 0.115066 4.8658
-16.7648 9.69695 11.0321 8.47744 9.52458 3.01051 9.68955 13.4292 13.433 3.77173 0.0074098 2.28571
-68.405 11.1253 20.596 1.5909 4.15393 5.67793 5.0133 9.99296 3.31413 8.50572 0.150229 5.29986
-6.10233 16.8333 19.7879 1.73038 22.3716 4.8322 2.30125 7.26652 10.7946 23.9339 0.518898 11.683
6.78143 11.8204 3.81976 8.84426 23.2505 3.77668 7.58404 3.66972 22.0929 15.2473 0.319697 8.38848
-0.784453 20.3901 3.81976 4.81234 8.38452 2.50952 19.5806 5.84643 8.53708 11.2401 0.212768 6.35989
85.36 5.90283 9.10137 2.48518 4.19311 5.33404 15.9357 8.1082 4.09709 13.5099 0.0398322 3.2688
16.9332 11.4536 10.9368 1.98545 19.9108 5.88682 6.67435 23.5891 5.41429 14.909 0.0190306 4.61849
-32.1836 30.3589 23.5612 7.61961 8.9553 8.16627 5.49742 4.04346 13.4496 12.186 0.000453403 4.68129
3.21069 22.9056 8.10831 9.12629 8.4323 36.1129 7.49147 5.39155 6.1961 8.63639 0.000453403 4.88844
-71.8766 22.2247 2.88085 12.1639 8.21345 14.3166 14.8846 5.57026 10.7648 0.897672 0.027236 4.66786
-6.31112 7.78347 8.80173 10.9555 9.97266 5.51721 14.703 12.5198 16.431 3.77008 0.0632528 4.26217
-9.05884 45.9661 7.24614 18.3736 12.5817 13.294 4.7345 2.77058 11.1983 30.6234 0.00530543 9.97664
10.4407 5.16409 11.9142 2.48717 0.674967 2.82053 5.96918 4.77674 22.9032 7.76041 0.0321375 3.87742
-66.1517 9.32529 22.4903 3.35501 1.57425 11.9071 15.1579 12.5471 8.27186 30.4575 0.0017007 4.51501
-20.2185 6.95381 9.03701 10.5348 1.43898 15.8001 34.0142 7.42038 5.74841 26.5899 0.18127 8.74153
-69.4181 8.12735 30.1986 5.1527 9.55207 11.5816 64.2453 11.6653 20.1031 22.8296 0.0020179 11.8561
-60.2276 7.36731 8.58482 2.73916 3.14862 10.8538 42.9123 24.454 19.0351 1.65645 0.00314818 6.49643
31.4705 3.16714 5.94407 17.9156 4.62675 9.01491 10.3269 38.179 22.3387 14.3845 0.0461956 7.25904
143.789 10.0749 8.54712 12.8715 6.0311 17.1279 10.5748 16.6335 8.60803 12.8965 0.000263352 4.70171
37.3822 15.5545 1.35137 11.0853 3.84601 9.02634 20.8379 3.70021 5.07031 12.3143 0.000263352 2.32897
69.5014 2.76151 8.55461 24.4205 16.8248 1.49645 2.00007 3.82994 34.1087 10.5872 0.011583 6.19885
2.78412 0.438652 10.7135 0.566752 22.3491 14.9715 11.1407 8.38709 44.4705 18.2742 0.00253637 7.46422
-67.4014 7.45048 4.80228 3.18477 20.7603 46.5109 1.83379 28.8848 7.71738 11.6715 0.170581 10.9528
-8.31835 8.68055 6.38444 14.7489 1.42366 12.2135 1.27615 37.4412 7.82155 0.822245 0.164961 8.04361
14.0901 7.29648 4.66248 2.62135 16.3741 2.89914 28.9229 39.7446 17.8763 6.53493 0.230916 10.7273
-12.362 10.9249 4.78906 3.34025 19.6502 9.82653 2.5214 25.9375 52.235 12.4381 0.0538647 8.79547
22.581 10.3542 7.28699 23.4513 29.8466 17.1784 1.17217 0.835987 5.62592 15.8397 0.257027 11.1506
-38.6765 6.31231 7.64277 4.92678 16.3802 12.7078 20.1554 24.9581 17.7315 27.8678 0.253095 10.2476
-41.0999 2.04194 0.607531 35.372 9.39817 27.5908 9.19822 5.64811 12.4965 7.9783 0.0376612 7.46653
-68.5791 14.2117 13.0921 8.08691 6.33221 15.3749 39.3566 12.1731 17.8702 23.2204 0.0868701 9.35511
-21.1876 4.21518 30.4073 0.179388 6.46615 20.2869 4.45998 12.6164 32.1624 16.2027 0.03587 8.43604
17.2208 10.8067 5.05456 6.91317 1.41608 6.8802 13.3843 13.4721 26.3499 19.596 0.0429213 5.26863
14.6271 8.48848 18.8921 15.8859 3.42108 20.8804 8.93774 13.2166 3.00896 8.85006 0.127313 7.01859
117.639 3.14465 14.4306 5.60861 21.8504 19.5226 8.75451 13.3497 2.54078 6.27496 0.230625 9.59466
-64.2325 17.1233 14.4182 12.6942 2.97369 28.6994 10.7854 11.6427 9.15549 1.73316 0.0105105 5.21566
20.3017 41.1962 9.48557 4.65719 4.85059 7.61397 4.34048 16.3814 1.53846 13.8786 0.00869003 6.44066
-2.48342 22.5535 4.07791 12.1672 21.203 24.3866 13.6223 41.9863 25.4817 12.295 0.00899466 11.7811
50.6774 6.61642 1.06164 25.2116 7.33261 15.5941 23.9951 21.3062 49.038 1.24243 0.0800178 12.2379
-64.0144 17.7152 7.75702 16.2263 5.43671 21.1613 3.56494 1.11954 46.2127 2.16515 0.107203 8.8714
-60.6717 18.9502 21.1764 5.74054 17.308 1.53795 6.23509 22.2804 33.7235 2.16515 0.107856 9.01769
117.402 10.3224 10.5732 7.83608 9.35239 7.30449 1.18832 13.8626 15.6441 19.0887 0.1005 6.58606
47.9447 24.3428 15.2986 4.70391 2.47431 5.85187 37.9027 4.77287 35.9414 7.20663 0.0463906 10.327
-58.8932 1.56275 15.8228 4.3444 12.7912 9.77701 0.170311 4.64551 20.766 26.4206 0.0217675 6.3354
63.1214 15.435 9.73802 5.55717 8.41267 5.63508 1.46471 6.46406 0.997475 6.90253 0.00249141 2.14335
-54.7919 10.4159 22.619 0.281497 7.53276 4.35978 1.54235 9.39103 6.2186 38.8123 0.000231038 4.77974
84.2951 4.87491 7.21982 0.637078 5.50649 5.47436 10.6499 22.0502 1.54268 54.6603 0.000231038 5.69047
54.1056 2.90877 19.6985 16.5584 28.2633 4.38223 5.54232 1.14117 23.9594 26.0838 0.00279522 7.58606
-38.2295 17.7092 2.9969 27.6424 16.8403 4.36886 6.55564 14.3501 10.0561 27.636 0.0631169 7.61338
-55.3424 4.2536 35.011 1.50787 9.03024 10.2519 6.69704 22.2443 16.4202 24.2777 0.00810988 6.44428
1.37355 5.49598 10.6046 6.36656 9.79499 14.6459 1.05914 22.2437 22.3815 7.3685 0.03413 5.02199
13.9981 5.27949 2.13269 8.27218 5.43146 14.2691 7.62188 4.04212 1.08769 8.51705 0.0326286 2.86387
77.3121 6.43123 6.33582 5.33667 11.1199 33.3054 8.52317 5.45983 18.412 1.58726 0.196651 8.34621
184.465 7.48819 1.58641 7.06154 14.6029 10.5257 13.5224 3.65245 23.4878 5.35816 0.0284716 6.2586
44.4195 4.11846 26.252 7.0367 21.0923 15.248 14.6271 11.271 27.4489 4.44583 0.00985816 7.8416
2.80832 4.95812 7.32848 4.42413 10.2229 12.4056 31.4427 10.694 27.9524 16.2849 0.0486464 6.93235
87.2312 3.27921 4.31203 2.60004 33.6461 5.1913 12.7806 9.58712 41.0355 18.3192 0.0392747 8.60373
158.097 4.43289 2.26727 3.32101 38.3634 6.24619 7.65323 8.5649 72.713 19.7251 0.0785445 14.1839
111.997 15.3969 8.77876 20.0276 19.6259 6.7963 12.5165 4.70434 56.0795 8.9755 0.0259326 11.5994
112.626 14.0197 8.86078 2.00141 12.7686 8.98923 6.1056 20.0614 5.27257 10.8175 0.0638258 5.78734
15.1022 19.6047 6.7723 15.2315 3.70891 1.28695 23.0296 13.4375 21.8536 8.71098 0.110557 7.6961
0.388381 27.7144 5.2639 6.08379 10.0267 25.1723 21.0152 68.087 28.4973 9.60548 0.00423423 14.8811
-38.2516 29.5459 31.6408 3.92776 0.761827 16.7718 38.3539 12.3143 13.4387 32.5838 0.0024005 12.8591
-59.6723 6.31142 22.2848 4.97156 3.62593 15.3862 0.967064 22.8701 17.7582 21.8859 0.25765 9.3805
66.854 12.109 0.125992 14.5796 4.23899 14.64 8.00434 25.6924 2.7574 23.2603 0.149868 9.11452
32.3078 9.25028 21.8842 3.56251 4.92948 3.56395 11.359 7.2678 5.38645 18.1415 0.0377717 4.17407
22.5399 6.07881 15.3751 2.58063 3.20056 11.0473 12.9762 2.57694 8.49942 4.92905 0.0454063 3.34044
74.8489 6.59564 11.8659 8.93984 26.7998 12.1835 25.6638 6.44734 5.79207 8.7577 0.0057003 6.47879
-28.5281 3.97533 1.57517 8.44067 2.41438 4.68334 21.9942 6.50613 14.2286 31.7603 0.180879 7.75889
-8.82329 32.4063 1.02644 9.0973 2.74156 1.52184 6.8653 19.7875 5.13422 11.9401 0.125265 7.07223
27.5367 12.2272 11.5055 0.668814 19.7766 6.29434 0.161976 9.9935 50.4343 9.2904 0.0801677 9.62852
1.22124 18.9338 13.7736 21.948 5.24788 3.8163 6.25454 14.0931 23.0827 13.5415 0.0783671 7.30496
-67.4058 9.29109 3.577 16.8585 9.88158 12.8443 3.83961 8.0311 4.03595 34.6323 0.0184538 4.83112
-42.3008 8.72981 5.87611 11.1087 12.8684 21.4631 8.142 17.4908 44.8561 29.9797 0.0142469 8.30499
38.1469 12.6495 20.1405 6.6175 5.74935 6.78703 8.36497 16.3084 25.5079 14.4205 0.0206719 5.57745
26.9033 3.37622 17.8039 23.5869 9.73769 0.44706 7.39877 16.4796 7.95877 8.1188 0.00173061 4.2857
35.0979 11.9812 3.20961 15.0149 34.0207 2.86675 4.64686 12.5908 3.47312 13.7831 0.00695382 5.26793
-67.0517 5.92895 19.9005 12.3327 16.6066 6.3889 9.48522 7.73808 41.4118 12.6488 0.0128185 6.12727
-59.8601 6.6163 13.9897 0.805783 38.9125 13.0431 2.69547 8.04371 12.031 4.81197 0.00197105 4.74309
0.665657 19.0667 24.6839 5.86649 26.8592 13.2933 22.4425 4.37972 5.8622 4.2399 0.0121737 8.70981
-25.548 41.1202 7.92683 2.67751 23.0693 10.7765 12.7824 9.77115 13.2122 7.85754 0.00394442 7.31336
-67.1671 26.5209 3.80299 26.449 4.42102 6.02134 14.9139 1.67466 7.51615 1.55172 0.0059397 4.69502
-64.9766 26.5209 29.8553 21.8733 9.25191 5.64041 1.45662 2.04195 40.6157 2.25474 0.0072926 9.51311
-63.125 35.7799 4.79011 1.37411 10.3158 19.8201 12.2754 12.4129 29.6779 5.91085 0.01749 7.37095
25.8563 11.5364 4.51005 3.05614 58.5467 12.5162 0.386276 1.85871 1.99284 12.9518 0.0541486 10.154
-49.6817 13.6509 7.6081 6.66247 20.845 1.70452 0.545952 7.18255 10.9361 9.0222 0.0467682 4.63805
-6.82581 1.1351 27.1209 1.81291 15.0333 2.25366 3.27933 5.5743 7.95344 9.62235 0.00479725 3.36996
98.4827 10.716 11.5305 16.4532 2.66574 0.384127 14.3731 1.11008 1.27159 16.3283 0.00448173 5.10548
88.5684 3.67751 7.12123 20.3788 1.24706 8.47753 10.8119 1.6559 10.856 11.2451 0.0210239 4.0144
28.9074 14.7899 2.86002 11.4879 13.7214 10.5807 17.8347 3.89342 41.3793 10.9458 0.0250108 6.89125
-38.0758 13.7244 10.9174 9.41234 2.81569 13.5672 2.79016 2.04587 5.09742 3.33133 0.0367478 3.21835
-5.36588 17.3132 3.96738 27.1713 3.30424 5.53335 3.70193 2.9708 8.19234 4.01828 0.101456 5.31352
5.01221 9.15656 8.49169 1.53262 1.75177 9.01793 2.14704 29.4406 7.53898 28.6853 0.00418797 4.5642
-21.498 6.23087 5.80078 21.9562 8.56771 5.15942 3.87527 1.97756 14.0357 8.01476 0.00490411 2.34927
-8.07085 9.91289 12.818 0.220754 12.5277 5.93272 2.82944 16.5624 2.87971 8.50534 0.00662426 3.34488
8.62347 15.674 1.54368 13.8244 5.87953 25.0382 20.7242 5.48621 12.9253 18.3913 0.0782532 7.57152
13.1112 9.61561 6.07036 13.7524 16.194 26.882 6.89928 8.21273 13.5101 21.673 0.0870502 7.40308
-17.6338 3.30355 12.182 8.78028 3.0161 16.9954 8.58224 15.4959 3.30796 23.2257 0.138286 6.18898
-27.767 19.4744 5.26779 3.59148 8.70014 8.1875 5.22492 27.8887 0.784204 5.63087 0.270073 7.74324
9.71809 21.4667 4.48016 11.2951 4.08649 5.98422 19.5818 11.236 26.125 3.52821 0.0243527 5.4154
-65.7035 26.1494 5.3225 20.4338 2.97198 0.314034 4.40158 9.63534 9.87024 15.3305 0.0213116 5.35245
25.3231 11.9514 6.19709 17.1517 6.86685 4.33704 4.27945 10.4883 5.55127 13.3892 0.0375492 3.41823
-36.8486 12.197 5.56023 11.3149 8.23791 4.05944 2.99241 15.7239 0.397264 15.2326 0.00203271 2.74844
-28.7308 4.36403 9.46813 4.47026 1.87856 35.5365 11.4463 4.38268 9.29685 17.7664 0.106459 6.63347
126.187 1.15317 10.5675 10.1429 6.14118 6.6984 8.63994 5.7107 12.5584 9.78473 0.0104394 2.92357
-51.6909 8.07841 2.91422 33.0764 4.50589 3.81122 13.9171 10.224 12.9329 2.75467 0.0389559 5.0764
14.3986 10.7579 8.61248 9.60347 2.42512 3.73289 4.91975 18.7369 27.4918 4.06892 0.0733552 5.1803
43.955 7.11703 11.2989 14.3292 2.68808 17.0256 5.74816 4.91866 1.75087 4.41666 0.121556 5.04572
4.84221 4.58621 4.81079 5.79663 11.789 16.9897 8.73676 2.8825 4.00436 24.4842 0.0365979 4.02695
-70.9525 2.3841 18.2577 1.11976 4.3265 30.951 8.61391 0.795669 10.7996 10.6529 0.0550162 6.3593
-47.9554 8.73957 22.1822 21.1281 1.87716 8.65654 8.74497 4.58087 14.0275 4.32608 0.129419 6.27543
42.774 17.2713 7.65164 30.2918 20.022 14.9032 25.4786 2.24963 21.0192 16.3922 0.012927 11.6294
3.44039 31.4358 6.18036 14.1145 11.5749 5.26174 6.6942 17.2216 18.0102 44.953 0.0245501 9.28051
-28.2035 4.30893 3.0049 10.7068 21.5581 6.49295 16.6468 16.0827 12.4211 11.5532 0.0121305 4.17135
-34.7345 6.4746 2.07519 7.35374 13.4331 29.1439 13.2384 30.4809 19.1778 7.35142 0.0392426 7.55665
29.3125 9.92298 17.8237 3.41647 8.00529 3.29443 10.3945 15.9841 3.86321 8.20738 0.034098 3.72054
-10.3995 1.40953 13.9739 2.51408 19.943 4.89488 10.3757 15.8471 28.4369 18.0554 0.0078381 5.32761
13.0073 13.8384 24.9778 3.99092 15.1536 4.92432 2.5654 14.4177 57.923 17.2646 0.00687642 8.87759
84.6443 4.4952 4.99182 1.23918 11.5344 20.8605 8.6818 7.04481 1.57361 26.574 0.0250793 4.98692
-46.0294 6.28038 16.473 1.93792 6.02099 16.6085 4.82137 0.804793 3.27047 4.3388 0.182539 5.85784
-25.5223 2.6223 2.43943 1.3998 10.3697 13.4488 12.898 38.2234 2.59001 3.63997 0.138735 7.55954
-41.7025 2.99766 5.76834 5.84045 11.3481 27.4091 3.78148 6.70863 8.70751 6.54168 0.393368 8.03413
-71.9435 6.21154 7.39651 25.7222 9.84182 18.3291 12.4493 3.95536 5.74809 17.6781 0.124368 6.75321
159.296 1.63933 0.645708 14.5795 3.31818 4.22107 17.9663 4.01277 16.345 23.3421 0.120185 7.70695
165.071 17.6378 4.3122 2.91122 20.0875 6.58401 6.98596 3.48723 15.4519 19.335 0.109497 8.43057
-7.52023 8.90197 3.33696 14.5615 10.136 3.82043 24.8087 6.00373 36.8359 14.8789 0.00210055 5.06349
58.6148 2.434 3.25079 3.87617 4.43472 12.1711 26.8383 9.18465 18.9036 9.62194 0.00128822 3.10712
90.6448 10.5991 6.7118 6.83146 9.29946 8.60713 9.89407 7.84224 20.3093 8.06194 0.00579684 2.89107
152.707 7.52435 7.6236 14.6938 30.9684 6.95229 5.19718 6.46843 9.365 13.3255 0.0166867 7.38795
151.035 8.64802 8.03061 7.50783 10.0322 12.5304 1.74157 11.4704 8.38554 8.77018 0.00295355 3.33135
133.609 21.043 10.2739 8.58138 15.4253 15.1961 26.8207 10.0084 2.97285 0.517429 0.0111426 10.4485
135.566 10.2353 10.5759 8.68255 6.59527 9.50512 24.5552 5.6276 16.9249 0.758518 0.0744016 7.70058
104.603 31.1354 10.6162 3.77252 6.73616 6.45186 20.3952 3.36212 1.75364 14.0387 0.238716 10.2286
-40.3746 6.31704 11.4532 5.03951 1.29056 8.12287 18.6845 15.9784 14.0185 13.2733 0.0565243 4.98394
-0.640951 9.04564 11.4678 15.3443 3.35214 0.39197 41.3457 16.685 6.25171 15.5171 0.0466029 8.16085
8.98685 12.5986 10.0164 10.1718 3.58495 28.7924 0.430662 36.1839 40.6992 19.633 0.0228621 10.7801
3.37834 9.66198 3.78674 5.90075 2.0792 5.30162 8.27708 3.13374 23.0456 18.3225 0.178756 6.05228
-18.389 7.83092 4.17135 6.78117 10.2104 5.17265 14.5265 3.48501 10.3634 6.78646 0.191462 4.95298
-19.0637 8.02809 11.7082 8.80921 16.2035 0.625236 7.03228 3.12805 4.68605 2.15992 0.0103707 2.73638
-3.7883 8.02809 40.44 0.901929 10.6606 2.8935 1.43594 8.56398 5.08484 19.1333 0.0248166 6.52955
2.6474 14.7588 17.6836 9.63137 7.47005 13.5628 17.5185 8.20747 2.09522 15.9621 0.0288336 5.45451
152.55 10.0636 4.06552 11.4552 18.2061 11.1908 1.8904 30.8881 21.7195 25.2103 0.125041 11.4834
-38.4351 22.3485 8.45645 16.7466 9.82123 1.21599 3.30047 2.23494 34.6483 39.2931 0.012526 7.89216
14.2561 10.7823 3.01152 13.2649 14.4532 26.1809 2.38358 0.677785 24.8014 33.4086 0.00147975 6.65291
-28.8736 10.4824 21.3086 8.26713 27.4152 9.97633 6.68947 14.4239 14.2486 30.3662 0.0126742 7.27171
-62.0594 19.2134 13.3164 8.89208 27.8078 4.11561 27.5955 12.0262 7.68454 30.3864 0.0126742 8.32822
-49.8695 34.0769 21.4211 6.2015 27.8078 3.33495 21.3482 18.0999 22.5377 16.0618 0.0126742 11.6379
-71.7787 39.4126 14.7995 11.6555 19.0587 9.43693 28.7092 19.3734 9.67711 14.1812 0.0682749 12.2259
-57.7765 4.50549 29.3843 3.53186 16.7786 6.8715 30.6111 30.8019 34.063 22.0029 0.0905663 12.7311
-72.4154 0.815799 15.905 22.987 5.35095 4.95585 8.77966 26.41 4.98755 3.70191 0.0546932 6.0077
50.701 0.815799 26.3288 2.25564 2.87719 8.12123 2.81256 7.20946 13.2513 3.52753 0.0150784 3.85582
79.6753 12.5215 12.7579 3.50525 9.61682 9.63535 20.329 4.56328 7.727 1.67917 0.0935873 5.91685
53.7894 10.1558 9.27972 5.11056 1.44339 5.74552 0.570814 23.1976 7.14021 8.29497 0.0759099 4.97625
11.257 0.951113 28.0682 4.3089 10.0335 4.04128 18.1307 22.0514 0.503211 41.9017 0.00451711 8.12
-53.9058 12.4667 5.79921 23.2372 16.5371 2.30161 42.225 10.2758 6.80936 10.0726 0.0145355 7.49211
-39.7854 2.00316 10.5366 14.3397 10.6815 5.25185 29.2244 2.61495 5.74266 19.575 0.00205422 3.91894
-5.20249 12.2032 12.0026 2.52684 0.685887 27.5298 7.01666 1.86992 8.50899 45.2618 0.0206948 7.27736
-26.8419 9.29182 3.97923 1.71681 2.32208 45.0313 4.46836 13.5838 1.38865 45.0224 0.00443956 7.81687
10.7053 4.14887 3.97923 4.75753 4.80433 45.0313 6.59031 14.0839 22.2392 4.31136 0.000781853 4.89336
-31.319 11.1586 23.5042 10.4508 10.2459 7.36501 5.15889 50.1728 5.49927 10.2685 0.000141627 5.91871
-60.2077 5.97356 15.1549 10.3635 9.38937 6.56453 18.2158 45.7995 14.2839 21.593 0.0185527 7.80274
19.3311 11.5262 15.0807 2.43775 1.9033 10.7216 17.8908 42.8941 19.2606 48.57 7.44731e-05 8.90101
127.157 9.43246 5.19304 1.25595 1.71244 17.117 17.1452 12.9013 8.88569 9.05042 0.000356786 3.24377
96.8672 8.76683 4.09485 0.938485 1.25908 6.86886 14.4011 23.7747 5.60962 36.7823 0.00734132 5.68666
14.8002 4.51308 8.79787 10.79 0.397557 21.7218 7.39496 0.819934 11.1702 7.2486 0.00771886 3.65082
21.0555 2.49782 9.00155 11.7468 2.56707 7.23565 12.503 5.3169 12.621 16.7672 0.00277662 2.10678
-17.6309 6.28842 38.4876 13.167 7.183 2.32881 5.93423 2.32238 30.6293 14.1514 0.00046633 5.70094
6.12752 5.93311 30.6911 12.2876 11.459 3.13487 2.58319 6.94669 17.6625 20.0346 0.00206588 4.75634
-63.0476 4.19884 11.2239 3.62459 8.36362 46.0522 16.1943 12.3621 23.2373 20.0008 0.0199107 8.38003
-71.7558 3.02207 23.3209 5.79979 23.2005 0.711234 5.23656 7.84058 1.82082 10.8376 0.00697024 4.14996
31.3383 3.07535 2.20459 1.29202 22.5723 13.4978 4.21853 12.0935 13.6824 1.09722 0.0221444 4.36112
-4.39797 1.54967 0.681763 10.0714 8.35508 14.3031 17.5811 5.45422 7.79363 14.8369 0.0807219 5.36185
-24.1966 2.45928 10.143 47.9771 10.6092 9.56303 5.35513 11.4885 7.4354 22.8704 0.014516 7.52374
-59.1646 1.08325 17.2842 12.4332 15.224 3.8076 15.0026 14.1833 12.3932 16.424 0.0617686 6.04124
40.4972 1.4906 4.20057 9.48412 34.3615 18.1991 9.33057 22.4219 27.6353 18.8561 0.0145011 8.92172
-32.3842 8.73575 1.18197 6.69871 1.87504 4.91525 18.0416 1.89681 35.2773 17.4694 0.0731125 6.95866
-26.7589 14.5604 7.05606 3.87252 17.718 12.0247 6.92281 9.73238 35.8285 7.37425 0.0145356 4.99107
-31.3154 3.26655 8.92644 8.85479 1.78893 3.26514 2.90412 12.0222 7.41596 13.2523 0.000362609 1.39674
-17.4687 3.36446 6.71271 15.7927 10.2494 1.54195 42.0655 6.25566 1.97003 4.03904 0.00812357 5.14786
12.4084 18.2106 6.71271 16.4201 14.358 1.54195 23.9099 5.51393 8.44853 5.68117 0.00812357 4.87756
-51.4481 25.5639 30.5882 19.845 21.7775 2.50642 4.05833 6.65878 4.3901 7.67488 0.00812357 8.19648
40.68 4.42587 21.5125 9.72594 3.46155 1.05144 1.58548 16.1295 11.0651 3.40168 0.240618 7.15834
-69.7458 5.01842 12.4633 9.42522 16.9805 3.11575 33.2658 17.1819 6.45375 5.72862 0.0557818 6.39044
-71.2215 12.6644 17.1234 8.34341 26.821 2.20605 16.3609 7.80173 6.87134 35.3005 0.12052 8.78936
-48.4807 42.043 14.772 13.1593 9.83793 4.80529 31.819 3.03351 16.9838 27.8084 0.0330482 11.7482
-9.419 18.5702 7.83946 14.4077 1.55006 2.78587 4.44967 2.10039 10.3404 26.057 0.0586296 5.3583
78.9924 0.853478 17.5668 2.42714 14.1614 2.71954 15.2556 2.60532 19.6982 19.0917 0.0230614 5.63194
-61.9232 18.9749 24.0769 10.1918 6.00999 2.17981 20.7639 8.39552 23.6465 15.095 0.00324482 5.64146
-68.9189 5.20062 9.14523 2.27401 7.86438 17.2722 23.161 3.44416 8.60083 15.3035 0.16576 6.68857
46.002 17.723 8.88944 4.57126 3.06057 7.56932 16.0241 4.09965 23.7072 21.6126 0.134205 7.09468
86.0369 20.7113 2.26818 4.90692 15.2803 3.24982 12.8217 24.4127 4.50069 13.0081 0.0168056 5.87328
131.247 5.58741 11.8476 8.25986 9.06046 4.30645 4.56268 5.13342 23.845 13.206 0.0305838 4.57647
14.6122 14.6082 0.977334 2.5178 2.03143 7.12127 7.27343 3.60248 4.24487 1.30531 0.0991906 4.41999
71.858 4.27971 16.3335 12.7282 9.34437 9.97465 6.65485 31.0272 23.5869 15.2175 0.0228218 7.17201
-61.8588 0.583228 12.6668 7.71081 8.51343 1.33151 9.24973 1.51692 22.7501 37.1518 0.204432 9.55946
105.275 3.39078 26.2946 1.2299 2.48967 1.33151 7.62782 16.5057 11.4109 15.6134 0.32978 9.6403
7.29922 6.95567 9.92525 18.2768 1.85987 8.91938 7.57217 14.8145 6.80995 6.80402 0.332487 7.19072
136.264 12.8401 20.2074 8.06305 16.1717 6.28626 20.19 21.0799 31.4314 26.1391 0.173343 15.1668
-24.0051 4.71071 1.50786 21.5851 16.0725 6.28626 7.46216 23.7048 39.2069 39.4981 0.0293651 9.65957
-27.5022 10.1576 2.19578 20.8023 15.4881 9.84766 2.56528 2.05791 3.27566 3.28451 0.0518134 4.35587
-72.0808 3.7775 9.57611 1.68411 3.23292 11.7201 10.7986 27.681 4.86411 0.444862 0.0133851 4.81472
-62.7236 4.53436 10.2991 30.1884 6.72195 3.5116 14.2814 23.7668 5.08635 14.4079 0.0543266 6.39929
-35.3966 1.15327 6.59036 5.25663 23.9317 5.87156 15.3009 22.813 12.3275 51.6686 0.217656 11.4525
-36.0788 3.21482 13.9167 5.18431 35.1844 17.0165 32.6595 19.6068 6.71938 41.5784 0.091763 13.2778
-36.5379 15.7812 20.9734 6.4358 13.6009 24.1582 6.49119 25.0976 0.486785 62.1935 0.0622732 12.837
23.1719 2.60001 22.0291 0.362995 2.44475 25.4009 14.7821 11.7031 0.472584 10.6332 0.0063815 5.99366
-71.8534 5.96031 23.8675 2.2965 6.78408 6.79335 28.0266 9.39074 4.85552 21.1249 0.0220066 5.47484
27.9181 4.88039 28.9896 6.384 34.1418 8.52017 14.038 0.06423 5.59483 14.2913 0.0114782 9.34254
-66.3995 4.32546 12.8708 1.25864 19.4419 3.43523 38.109 16.5821 10.0097 22.1174 0.0517997 8.22128
70.7476 2.8283 12.8788 27.1721 2.73161 9.61928 6.99657 10.3699 1.94653 8.93563 0.037513 5.27442
-38.0097 5.50117 17.193 12.4109 3.46225 2.03778 8.28363 13.3372 2.98086 16.6963 0.022766 3.62245
67.2948 3.61817 0.656564 30.0732 27.2941 15.4251 15.5476 2.04887 15.2457 10.1482 0.0154942 8.96902
82.6983 13.1014 6.26263 11.9895 13.6123 15.3566 9.9862 16.1613 1.64223 9.99058 0.00133106 4.26256
-22.0554 4.0054 0.840277 10.2147 20.2678 10.7409 8.0768 17.4063 0.427722 18.8405 0.000427622 3.93654
68.0829 12.76 10.419 18.5215 10.2284 10.5463 9.1948 21.6782 3.14461 3.09778 0.0221221 5.87805
-71.8344 1.89977 26.201 2.25945 9.45661 22.4402 26.6611 16.8273 20.0526 12.9258 0.027886 8.23476
-30.4964 4.89225 20.8221 37.6254 7.96677 18.7676 15.2587 2.2627 19.5886 8.93746 0.0236779 8.88708
-40.1299 19.6739 0.292536 4.69031 8.60771 7.26326 2.37707 30.6558 11.1321 6.47847 0.00876611 4.84132
55.7857 10.9975 2.62705 10.1545 17.0291 2.67071 5.12332 16.9365 0.748094 6.74412 0.00117107 2.67036
91.4683 16.291 3.25193 10.0669 2.01942 23.4396 9.40407 21.0924 0.556142 14.6288 0.00285185 5.93812
89.9671 13.4778 17.5874 18.799 1.43605 0.767959 11.83 22.3134 13.343 3.15704 0.00287312 6.59376
12.8846 7.00311 10.2152 16.5682 0.497191 14.8917 2.47797 24.1021 19.0317 7.80881 0.211146 8.38079
178.545 4.34809 7.85816 2.89573 7.75874 16.9206 4.19584 0.781104 25.1957 12.9631 0.213573 8.69078
104.017 23.824 14.046 9.30858 12.0652 7.3493 4.35699 4.66936 7.7836 3.61648 0.188575 8.32377
-68.6899 2.76817 8.13115 7.70368 8.96643 9.85107 3.84617 22.9615 6.83911 4.18903 0.0674968 4.48021
61.9552 3.03446 9.40657 13.6946 9.8794 2.26175 0.846381 43.33 18.0154 8.46172 0.0609942 7.65998
153.198 10.5567 5.81254 0.746491 7.09297 3.5188 17.3943 12.3279 1.99876 6.2958 0.0678803 5.55016
131.674 6.45837 17.2563 5.80875 17.5812 9.17653 2.52548 7.51201 13.7116 1.05837 0.113147 7.34035
15.0113 13.0349 7.6497 2.42322 19.2966 9.46823 10.4991 6.05939 11.0681 8.03024 0.127519 5.30097
-51.9918 5.1963 16.4261 0.859435 36.0944 32.9727 11.5373 8.03163 10.3108 8.97043 0.157026 10.7319
-15.5491 14.8646 2.71707 1.93634 20.7707 16.6148 28.9373 3.77122 0.177679 6.25242 0.0416298 7.42284
10.1008 30.4503 8.71614 0.144826 26.3586 8.49784 11.6196 1.0841 30.4606 11.6894 0.0504872 10.3892
-52.9932 28.3669 12.5182 5.39577 18.2536 5.91574 7.06337 3.49647 3.86542 10.1351 0.0271214 4.65107
-73.9122 23.4083 15.0281 0.626018 11.9105 8.08088 1.47723 8.5787 31.5512 4.51593 0.00216998 4.92363
24.9429 20.8092 3.23761 9.67393 4.05989 2.40155 17.7876 11.5736 17.9 9.00922 0.0149989 4.27582
37.5345 0.286889 9.63686 6.88594 6.21645 2.01885 12.4371 7.40914 13.1243 19.7907 0.0331464 4.43853
32.3814 8.32706 12.2401 0.965271 12.2628 0.812693 14.1765 23.2625 33.3644 12.8076 0.00539559 6.08329
45.1022 4.21141 4.98653 3.67871 14.1174 6.42847 10.8723 9.12119 19.0106 14.447 0.0380834 3.77352
38.902 2.6475 17.6897 2.20881 10.4546 27.8208 11.7828 3.44194 16.0531 15.3105 0.0552797 6.62273
24.9123 8.54763 20.0736 7.24571 10.9656 15.1286 4.64534 9.97967 12.6375 9.06078 0.03946 4.68139
-39.7596 23.5938 17.4597 2.18527 11.558 6.45542 11.7971 3.28785 6.17955 27.9771 8.16869e-05 3.71215
-12.204 4.33789 15.8931 13.9653 3.53962 5.2766 36.326 12.4827 5.29865 7.25431 0.00710437 4.77387
-54.3671 3.15369 19.1162 6.89225 15.8018 17.3356 11.4762 6.02346 18.5442 2.23102 0.00729322 4.12543
20.2455 10.4849 4.10533 35.7749 3.02382 0.825863 13.7322 0.716223 18.6794 0.440472 0.0434929 7.72586
-56.2577 4.33591 4.08306 7.44701 26.5922 11.1431 25.4606 9.36905 17.5151 2.50193 0.045327 6.33706
-29.4895 7.43457 7.86263 7.34727 25.6526 0.752848 13.5792 10.3545 11.0333 3.11594 0.132159 6.18955
-24.254 5.57931 13.3 10.7765 7.95983 4.26193 2.93759 2.25378 1.15464 16.0877 0.020125 3.07621
2.32753 11.8824 11.4164 4.15986 10.9129 33.7546 2.47586 13.7698 6.39777 7.82685 0.00417591 4.35065
17.7092 1.11134 8.69587 8.28488 11.0991 11.5558 13.6409 7.17465 4.28771 20.6434 0.00395135 2.83321
43.6287 9.19611 9.92196 7.48553 12.4721 11.862 4.98869 18.4689 14.7697 18.9531 0.0122965 4.23177
42.5064 5.98837 16.8328 1.87881 5.25431 6.78451 8.66621 19.2626 10.8315 18.1452 0.108547 5.68763
-6.98377 6.70258 23.1291 5.86275 11.0792 2.53984 4.28596 38.4789 41.7004 15.9917 0.138913 10.8718
4.44153 18.425 0.50039 21.7494 2.10811 4.82927 28.2932 23.152 12.4592 28.2102 0.14177 11.0539
-30.393 25.6542 17.3498 2.64765 7.31106 2.68187 28.314 59.4097 21.7969 11.6668 0.00476828 11.7656
-26.8664 14.5608 12.608 13.3884 4.90875 5.19691 3.54336 4.66534 18.8596 5.01368 0.0396876 3.73434
4.38142 7.14986 23.6172 7.12156 5.2951 1.63163 3.79885 7.29515 16.4166 6.87245 0.0830407 4.75365
-3.92012 24.5709 7.8927 7.37704 1.14006 11.4148 12.394 13.7629 4.0108 7.4243 0.0267089 4.45641
-22.6409 13.3833 17.5253 3.97256 13.0453 3.74306 4.97748 15.8131 17.9447 5.00237 0.0661563 5.00494
36.4866 8.68002 19.6813 4.3668 7.09194 3.74661 13.713 30.759 18.3782 4.22727 0.067937 6.83094
42.5085 15.8428 8.64584 7.92151 8.88123 2.70342 4.88555 13.3784 1.11359 12.373 0.107369 5.07541
66.5925 5.43146 4.41554 7.80757 5.01491 9.50148 13.597 10.466 8.02904 12.4119 0.0813807 3.85375
108.433 1.41806 7.31885 23.3663 2.24363 12.7372 15.4541 10.5272 10.3965 3.80569 0.0833576 6.69104
-15.6412 4.6063 14.9638 20.1904 4.52725 8.85543 15.1379 11.8797 26.3793 2.72384 0.068013 6.2764
-29.4543 6.27903 8.7727 10.1046 5.5154 12.9335 7.43291 7.66446 1.86219 40.0634 0.103305 6.34796
-26.8031 24.2404 11.123 10.6533 5.36245 12.2324 13.9429 7.87243 13.5853 3.68821 0.0717761 5.61887
166.795 1.50293 0.883776 9.27388 4.39374 12.1261 4.18712 7.37683 33.5798 13.6014 0.0250602 5.75056
151.739 1.69828 2.23414 4.71032 16.8211 12.312 2.22215 12.982 11.1838 10.1747 0.022156 4.37321
-11.7547 5.33269 20.1649 38.8895 27.6561 14.0077 6.16534 11.6519 2.8933 35.4698 0.0874345 13.6748
-37.8006 5.96494 16.4289 7.35181 4.96675 2.31435 16.4823 4.60693 9.13769 6.95912 0.0105467 2.45062
-4.70265 4.34167 19.238 9.02882 1.02163 4.98662 15.8286 3.27427 2.41185 20.8083 0.0978704 5.65968
1.74403 15.4109 7.91362 6.48753 2.07207 1.42389 9.58337 6.84685 11.4901 0.885328 0.369477 7.56052
85.0355 10.5331 1.49188 13.5941 2.73306 10.1422 8.77249 33.1828 14.5438 14.7564 0.517431 12.4225
-3.36999 6.66962 16.9237 13.4185 6.23518 2.17685 30.6858 30.105 2.46063 4.58976 0.282645 10.382
-42.514 16.8277 12.2885 23.0206 8.8211 9.6865 9.44666 8.31162 4.47055 1.19709 0.381436 8.90066
3.48063 17.3876 12.8859 3.99121 15.2665 7.57636 16.2843 3.4666 4.71544 5.63634 0.102646 5.41373
-9.79724 17.8566 8.65912 2.16061 6.22707 5.1106 10.6255 3.4666 4.46913 26.4758 0.0813396 5.02932
-57.0422 11.2854 9.41343 29.6982 16.9372 10.3741 20.7906 7.66012 4.63255 103.432 0.233674 17.7612
-42.847 5.78113 22.7094 12.8502 14.7827 17.1461 13.5414 16.5547 4.52001 67.3607 0.0783602 11.7646
-9.33956 2.45289 24.0208 2.77576 9.25673 12.5916 4.74845 1.03242 5.78721 35.5778 0.04116 6.13921
-9.03851 13.0508 14.5664 8.28541 8.11158 3.33824 6.11753 7.74231 14.8387 16.9662 0.0488608 4.14875
31.9075 4.3177 34.3465 20.7033 1.33748 2.47486 41.1136 19.459 11.1121 15.2062 0.00138099 10.7793
-12.0725 15.4906 23.4117 22.0845 10.3819 7.96543 2.18172 7.28018 34.1126 18.1386 0.0141082 8.02712
4.88999 12.3202 19.4147 9.82584 3.13251 6.46917 15.0988 7.56922 8.48646 17.5338 0.0468118 4.88746
45.6244 8.22944 22.5843 2.63253 12.7453 12.3035 29.8879 3.8487 42.0019 3.00403 0.0103295 8.77999
6.78762 17.5001 10.3178 2.08719 0.795146 5.5621 28.1159 22.3706 37.9545 2.20226 0.00659967 7.54343
-32.6348 4.57395 10.4476 19.6548 2.77241 1.24298 4.40961 15.9154 6.25414 6.34462 0.00919955 2.88288
-55.7201 16.6379 27.7271 13.7876 1.97413 7.23232 7.55573 39.6553 2.35486 5.16323 0.0107748 7.10076
89.4447 13.9095 14.2791 12.4371 19.5707 7.3993 20.4519 5.86533 1.9877 6.35272 0.0863272 8.48603
1.37652 7.57665 0.341736 10.4571 7.67821 6.92182 4.61107 19.2715 1.91022 4.69847 0.0529076 4.3001
-51.3248 13.0035 5.43479 24.1247 4.42267 7.4317 29.9912 12.5365 8.03112 39.6838 0.04871 8.58085
-70.3247 10.7025 7.13094 21.9725 2.63111 2.61673 10.3481 45.2523 1.38206 33.5483 0.0393056 8.93968
-69.1221 3.18944 5.29213 14.2784 2.78986 11.4009 9.73005 29.6306 11.3331 18.3498 0.0320256 5.62259
-46.6702 2.28972 4.65116 28.9204 3.93595 7.16424 4.98731 13.846 8.8491 38.3606 0.00767348 5.50855
-62.6316 2.42755 3.16771 0.54816 23.6435 0.328479 7.66822 16.6237 0.966865 14.9227 0.00220257 5.3334
4.15121 5.57912 11.7347 24.4927 7.70121 11.2725 11.6614 17.303 4.65031 20.4142 0.000680051 4.05738
63.7233 5.17286 9.98077 4.88835 20.9482 7.90399 0.881796 7.30924 0.832553 46.723 0.000680051 5.3882
88.972 6.48344 9.98077 6.14767 22.1105 7.03205 3.82339 9.66115 2.47791 35.9485 0.000680051 4.34875
107.903 4.02249 14.9671 6.13603 5.90014 9.59704 41.6641 9.86468 18.1557 6.06313 0.0185809 7.6438
-10.226 1.41497 17.9216 26.6047 18.4668 10.532 19.0416 9.8314 15.1372 4.72894 0.0377279 7.90089
-0.573305 13.9154 8.56828 5.28534 3.77423 1.86385 5.48243 24.9305 39.5967 56.594 0.046744 10.3148
30.1074 10.9268 27.704 5.00714 2.22237 16.5549 1.34915 6.21929 26.1016 4.7638 0.028164 6.24691
-30.099 2.64423 17.1075 16.4116 6.84299 20.3409 3.13522 6.79677 10.967 25.0449 0.0094647 4.70151
-68.9026 2.76659 15.3893 13.8224 7.12178 22.5332 5.76127 1.36881 3.24909 21.7059 0.0741237 6.01703
8.71669 18.6483 42.8014 7.21752 2.57798 6.18586 1.42459 6.127 6.30439 31.7485 0.0904553 10.239
19.2071 4.65386 24.3261 12.6337 7.39735 4.60209 10.4054 5.96042 1.61774 5.8051 0.0485938 4.42979
42.5434 3.55158 20.8114 1.4615 16.0829 11.2779 16.5473 14.5637 1.76482 42.8833 0.00463123 7.19821
-58.4397 12.28 11.5003 15.4851 14.1162 0.936633 26.5636 22.6556 1.44449 45.3017 0.00110539 8.07154
74.3729 2.97406 11.7305 20.3638 15.733 11.4478 5.90849 24.3351 4.07561 46.4324 0.0424052 9.65638
143.163 1.38917 11.8583 17.5724 9.16517 8.52305 3.91602 15.5561 2.5754 68.9627 0.0496557 10.9422
52.3893 32.2761 12.9394 2.43498 13.3509 10.6831 6.98199 0.225067 25.136 29.5538 0.377829 13.9028
67.6997 11.933 3.2744 7.94628 5.63624 2.52935 10.6485 19.968 30.7999 16.1982 0.323295 9.3751
