-38.2915 2.46253 3.92298 15.5702 12.331 0.0428842 4.63876
-37.7208 1.53162 3.89007 24.1685 34.2978 0.0444983 7.67684
-34.0892 2.7884 6.81353 25.7132 6.81046 0.0491701 7.599
-33.3656 1.33453 5.21937 25.107 12.581 0.0196854 6.01438
-39.2014 4.64538 1.3375 32.5016 18.2203 0.00327962 5.75607
-34.4682 4.82264 5.4802 6.00197 10.3631 0.0208552 4.82156
-32.7421 3.17968 3.57293 3.03141 6.49571 0.0104825 3.55444
-33.9441 3.30047 2.15719 13.0585 6.78847 0.0199477 4.01658
-35.3616 1.68976 1.12695 3.62121 5.61122 0.00610891 3.38125
-38.5988 4.21537 1.83845 2.73734 2.61058 0.0127569 2.96861
-35.9365 5.55239 1.91834 17.8927 7.57237 0.00306013 4.15893
-35.0402 3.88108 5.88 6.80595 16.7169 0.0370777 4.99432
-37.0404 1.91145 11.1926 7.41508 16.3374 0.0411454 6.114
-34.787 2.14987 6.57316 6.42875 9.15354 0.0694024 4.81136
-38.0716 1.45674 8.26659 6.56562 3.93801 0.0321493 4.21923
-42.5528 3.32086 2.71745 3.98078 4.33802 0.0617866 4.88471
-33.9415 4.21433 1.76174 17.9605 5.70633 0.0754683 6.15666
-38.5511 4.09903 8.2181 13.3766 41.3165 0.0285479 7.90863
-43.9183 3.42947 6.67667 12.1081 9.58143 0.0580482 5.9849
-35.6305 0.897803 13.6387 12.7219 1.57012 0.114058 9.51223
-30.3312 1.03421 3.24784 15.507 0.604723 0.0943193 7.49918
-43.9725 7.30032 0.58551 5.987 39.8593 0.00965904 6.7404
-37.103 1.95401 12.181 17.3789 1.27873 0.0398868 7.97201
-34.906 1.16446 9.28549 8.32598 22.3139 0.00345538 4.55231
-40.626 2.68512 2.93395 11.4029 0.899255 0.159672 6.38702
-43.9668 2.61666 2.37879 15.0025 15.7647 0.216024 8.61881
-33.1035 1.462 0.51038 5.29592 29.5964 0.0557054 7.11366
-36.7719 3.80194 2.70083 12.4943 6.50285 0.167474 5.9934
-39.0532 3.48107 3.49691 11.9524 3.07674 0.11077 5.10413
-38.0416 3.28388 4.03739 7.77976 2.08846 0.0739458 4.33039
-30.6051 5.59333 10.3984 16.2972 4.91649 0.0081812 12.1359
-29.9878 3.86045 4.21836 10.0113 4.19839 0.00672706 5.61258
-40.669 6.43666 2.42783 11.8398 4.67698 0.000541469 2.70405
-32.8724 2.01817 3.69478 8.65908 7.26333 0.00783524 3.29078
-38.2159 6.05936 4.30425 2.93032 27.4074 0.00156505 4.26268
-39.5725 2.73023 4.10613 3.9724 7.67052 0.0316294 3.55114
-38.3653 1.75396 10.3685 5.24367 4.53399 0.0261253 4.57683
-44.3705 7.04185 1.41761 1.47675 15.6689 0.0335425 5.47508
-42.537 7.65681 2.35241 5.56112 2.38364 0.0719385 5.53133
-40.4515 3.83035 2.60794 5.6906 1.19699 0.0334465 3.87147
-36.5101 4.55418 4.34286 2.50641 28.8143 0.0212684 5.01547
-40.4866 5.01351 3.21977 4.89236 6.75676 0.0375575 3.65728
-38.3909 6.83355 3.11298 4.63668 6.14415 0.0409397 4.85263
-38.8008 2.28387 1.59138 4.2471 12.0362 0.0218056 4.03731
-37.9264 5.66584 3.21811 2.45692 13.3695 0.0129681 3.71737
-42.6377 4.11796 7.58856 3.08272 2.19635 0.0657199 5.22881
-35.3635 1.98362 9.09311 7.58815 9.3509 0.164033 7.12214
-38.5079 1.66464 1.46317 37.955 1.53549 0.0858483 8.68419
-43.2868 3.4585 4.58079 27.3387 5.18529 0.00732062 5.63045
-44.3732 3.714 6.7114 0.867917 42.339 0.0179824 7.52335
-36.7139 2.74 5.34066 1.77365 68.8228 0.03986 8.84791
-43.8701 1.74982 14.1792 3.9013 10.9591 0.0493668 8.24772
-30.8939 1.15379 7.70698 15.5675 6.15872 0.042898 6.70828
-39.6426 0.848608 7.13387 3.9902 2.46557 0.16315 6.3773
-35.2606 3.87262 1.60558 2.20667 5.16999 0.237571 6.59046
-38.4669 2.55235 10.3372 8.77657 11.5654 0.0175671 4.90612
-44.0946 5.66294 2.63939 14.6706 5.38611 0.148967 6.88373
-39.263 4.48766 1.11592 14.7253 2.77531 0.00327054 2.97034
-36.9839 5.1327 5.62713 5.43551 1.509 0.0762694 5.45358
-44.444 5.06944 1.5053 11.397 7.83119 0.0436146 5.20331
-42.1041 5.33246 5.01899 7.68406 2.74043 0.094611 5.34237
-39.6571 2.63954 8.89318 7.89652 11.2201 0.0212791 4.40227
-45.3923 6.01258 5.23063 8.22844 14.9562 0.00344101 4.39772
-29.6327 0.739399 2.1755 8.9443 18.4684 0.000911614 4.80188
-32.5987 3.80446 1.85833 5.14864 1.80993 0.00348094 3.55435
-43.0085 2.40725 2.03926 16.2257 6.61153 0.0196683 5.35145
-43.9076 6.47097 0.602318 2.40272 15.8291 0.0163391 4.95201
-39.8921 3.83011 3.76515 3.24748 10.7397 0.0266515 3.43157
-41.7515 5.78666 1.93907 12.0029 11.9518 0.00142906 2.94868
-35.2042 1.34515 3.82693 19.3801 6.35947 0.012405 4.17792
-36.3936 2.46524 6.18522 5.4877 7.07228 0.192076 6.00889
-39.9132 1.89847 6.80029 10.7768 9.11584 0.00344062 3.26129
-42.0487 2.01168 10.9377 20.6833 25.7317 0.0036679 7.68825
-30.8059 2.82061 0.567124 21.453 22.1049 0.0036679 6.45368
-32.9116 2.90013 0.984683 0.549062 13.8647 0.173941 7.59619
-42.3684 6.76878 0.375521 2.83093 24.2061 0.321145 9.59699
-45.83 4.07302 1.85326 9.5717 14.1992 0.285683 9.27679
-36.7264 1.51576 2.65375 4.15627 10.3654 0.305348 7.22883
-36.6645 0.186184 9.55007 1.38849 1.81783 0.0206348 5.49525
-37.0863 0.467111 10.9132 16.6202 8.08183 0.0206348 6.49163
-32.8889 1.15302 5.25491 12.3658 0.0524749 0.0213333 6.11761
-30.1615 3.07125 3.90798 15.9183 1.90006 0.0256118 6.45236
-35.7749 1.32488 7.17369 1.20423 8.72003 0.0256423 4.09973
-34.6074 1.40831 7.73006 9.60738 4.89799 0.0493159 4.88632
-34.6542 1.2689 2.23163 2.79268 20.6411 0.0903938 6.1076
-35.5649 2.19968 2.3893 3.3475 27.0028 0.0545039 5.50653
-42.0482 5.16806 4.30753 2.43807 41.4421 0.00980836 5.68712
-39.0349 3.2484 0.205558 24.6603 11.5838 0.142938 8.0271
-42.9636 6.28442 2.50875 6.5728 40.3843 0.0614705 7.30576
-47.3049 7.6075 6.65024 0.100693 19.5134 0.141396 10.3467
-33.6884 2.15905 3.98622 3.25733 4.43204 0.0260809 3.6643
-42.2844 3.20099 1.24432 6.58395 6.48546 0.0348372 4.73931
-35.9842 3.29205 0.755978 4.76946 1.6641 0.0244667 3.99404
-39.8224 0.447392 9.55862 4.51173 12.854 0.0707126 6.41892
-33.5111 3.07235 2.78704 2.15039 15.3307 0.0904697 5.59991
-34.9595 0.201553 1.33006 2.18641 20.6459 0.161301 8.54354
-36.4664 5.46004 4.15527 0.495422 13.3457 0.250075 7.95175
-40.4955 4.58699 6.71471 1.74687 7.0488 0.00196163 2.69251
-37.1065 1.76622 5.78139 8.74637 2.58402 0.028224 3.75044
-41.1864 4.21193 2.57769 17.7252 42.2451 0.0161251 6.6463
-41.4541 3.10979 4.76797 12.687 5.29408 0.00163341 2.77349
-46.4307 6.36432 5.41954 7.85901 17.7569 0.00163341 4.82705
-35.6695 5.71405 3.67407 11.312 34.6919 0.00826561 6.34124
-42.6434 4.10043 5.88304 7.37165 12.6256 0.00407393 3.31985
-42.6569 4.57317 7.55878 7.83165 43.9589 0.0474756 8.06189
-47.3814 4.9647 9.82794 1.95938 16.6626 0.0548113 8.21273
-39.2528 7.27227 2.90417 1.43616 14.3104 0.0703111 6.00477
-36.6656 4.92498 4.55818 2.28098 29.9888 0.0483851 6.01527
-29.3075 3.20285 0.254683 10.9072 19.3039 0.00941085 7.07861
-32.7104 3.34997 7.06186 3.43487 31.478 0.00105146 5.14497
-35.3132 3.90218 6.71498 4.03861 50.7559 0.0198648 7.41381
-35.2489 3.57936 2.55712 1.6375 21.3797 0.219911 7.33403
-38.4878 5.83919 2.52795 5.02093 26.4301 0.203827 7.77324
-39.9487 3.8146 1.89062 16.0155 42.407 0.0155239 6.32945
-37.8036 0.0780575 4.91032 9.50407 32.1545 0.048411 8.02877
-35.4472 2.08228 4.12347 6.30831 2.85831 0.0343388 3.64858
-38.2501 3.72018 11.8145 9.15935 17.4743 0.0259911 7.07276
-40.5146 2.96946 4.25309 6.80601 40.5666 0.00712165 5.2367
-46.1817 3.91345 4.21336 9.42666 2.43174 0.0155622 5.32397
-45.2979 7.53503 4.76576 11.5596 8.67188 0.00424526 5.02489
-41.8158 7.99817 1.00277 7.06999 17.7377 0.00153457 4.37182
-41.5879 2.71576 5.09417 8.18815 35.9511 0.00407754 5.06626
-35.7163 0.919208 8.17263 8.2771 26.7323 0.00245401 4.47264
-32.3876 4.22647 2.47176 14.5276 23.2381 0.00223297 5.2282
-45.1911 8.61418 4.947 2.62924 12.5213 0.00191122 5.28904
-48.4227 8.75963 2.10765 11.2503 2.17869 0.0044671 6.09462
-42.4836 8.75963 0.797551 17.0385 2.17869 0.00252655 5.6732
-40.7389 5.23113 1.29512 26.3945 13.0587 0.0888562 7.33817
-40.8079 6.19177 1.26983 25.5137 8.28868 0.00670296 5.08265
-38.2403 2.71304 5.06375 16.8772 11.8146 0.0187932 4.19366
-32.7564 4.61862 3.69828 30.743 21.6458 0.001962 7.84875
-30.3635 2.09636 4.15974 6.2949 7.26279 0.00491093 3.98198
-31.8816 1.52927 3.12585 9.31713 24.0422 0.0114098 4.96884
-31.1123 0.876706 3.62258 9.03735 5.91058 0.210176 7.54675
-38.7427 2.75079 5.78497 7.29976 15.844 0.0758735 4.95804
-36.147 2.47975 2.36519 5.29904 19.1419 0.0134705 3.67875
-34.0401 2.52672 6.64736 0.0902169 0.363996 0.00833449 5.45629
-37.7209 5.22364 0.600223 4.5157 14.5822 0.0053461 3.50103
-35.5875 3.99587 2.57849 15.8406 29.3988 0.0412052 6.23684
-34.9397 3.83997 5.21656 7.01016 23.7216 0.00208316 3.76122
-42.3883 4.70093 2.03414 10.7794 23.2546 0.262171 8.68121
-37.9739 4.207 2.35277 5.24853 7.26944 0.152438 5.23319
-38.9423 4.38283 1.84428 7.16463 3.06247 0.0058774 2.51062
-39.6535 5.65914 3.53375 3.04575 10.3317 0.0075447 3.04473
-33.5256 2.52461 3.64222 2.17057 12.1249 0.0908532 5.30945
-34.8664 5.78881 3.55723 3.22373 19.1875 0.0154769 5.29696
-40.5797 2.27133 2.38261 10.9755 2.31105 0.0218313 4.21452
-32.8993 0.757387 4.21266 12.4777 15.7546 0.031386 5.25054
-39.8538 1.36143 5.5 11.8969 18.8637 0.0468276 5.63806
-42.4402 5.92396 1.85854 16.0428 23.757 3.28229e-06 3.37712
-39.6265 4.27718 2.94531 16.7134 14.2345 0.0186498 4.20299
-38.008 3.95146 2.89761 13.1091 17.6719 0.0333924 4.4623
-34.8383 7.25305 3.77036 3.35541 15.4054 0.33129 10.6784
-34.4741 1.71424 2.14246 10.4727 17.8767 0.0298708 4.69508
-34.5843 2.1726 3.72442 3.94552 51.4199 0.0164831 6.62516
-37.878 3.55391 7.81475 5.69005 3.55374 2.11828e-05 1.79669
-36.7927 3.18811 8.51396 5.86594 0.859344 2.11828e-05 2.49562
-40.6285 2.04944 10.2055 9.00519 4.67641 2.11828e-05 3.0005
-38.345 2.80263 6.58857 4.28552 38.6917 0.00676812 4.95572
-41.2214 3.16809 5.37815 1.15663 18.3135 0.00330736 3.51147
-37.8122 5.55878 4.93965 10.9412 24.1907 0.00780463 4.97646
-38.2275 5.5145 7.09713 12.3721 34.2451 0.00159471 6.10802
-41.7906 2.47002 5.84344 32.2041 16.6452 0.00811013 7.07187
-37.3978 1.92426 9.30707 15.6871 30.1667 0.0177278 6.70393
-39.2983 5.4098 0.185676 9.11812 1.06524 0.0133873 4.50505
-39.707 3.53264 5.49178 27.3451 22.844 0.00821317 6.21697
-38.918 7.14151 0.859165 21.353 6.16351 0.0346769 6.45243
-43.2465 1.2804 12.3179 26.9037 5.6727 0.0103747 9.49776
-32.014 1.02063 8.8325 1.38168 8.078 0.105012 6.70689
-42.1068 2.64698 6.67702 0.112983 3.18444 0.225787 8.11684
-32.4289 0.560133 6.47493 21.8894 26.9714 0.0312086 7.82149
-36.8959 1.7875 6.78193 9.48806 5.73524 0.00569116 2.93871
-38.4337 2.47416 6.10198 15.1644 8.18055 0.0224217 4.16767
-38.4597 1.57932 6.22595 8.56995 27.7055 0.00972908 4.65058
-37.6189 3.94239 6.31088 14.1562 10.7839 0.00503855 3.68687
-38.6306 4.81965 3.44543 3.70325 4.69034 0.0652466 4.11254
-40.677 1.65826 4.49769 4.38014 41.5372 0.0188245 6.57249
-34.5111 2.81099 7.0653 3.98108 10.8623 0.0393053 4.53344
-38.7341 3.31549 3.94755 13.4265 13.9464 0.00308877 2.89902
-33.5276 1.94132 3.60545 31.5507 13.5177 0.04444 7.50316
-40.5482 4.04275 1.34572 7.45037 17.1151 0.0814624 5.30613
-35.54 3.31663 4.38393 12.3636 3.45965 0.0858849 5.16525
-37.2131 2.53051 3.78531 12.5807 3.23691 0.141718 5.57106
-35.5799 4.63342 3.83742 1.76116 0.0743997 0.0422548 5.92954
-37.5626 4.15258 0.871471 19.6717 11.5112 0.0554819 5.48241
-36.4801 4.35332 3.00323 3.08519 35.8416 0.055676 6.19018
-43.0301 4.70574 7.87476 1.17148 3.87329 0.0560237 5.43365
-34.9246 1.16764 2.20372 0.855881 1.73608 0.42008 9.53135
-39.8696 4.32327 4.00494 2.42522 31.7373 0.00807612 4.33984
-43.4936 4.42702 4.69811 8.0724 30.2452 0.0014289 4.38637
-29.8835 1.90849 3.64839 2.08069 7.11739 0.00298068 4.06375
-34.3806 1.00365 8.74181 21.8173 11.6055 0.00298068 5.41844
-46.7952 0.74107 8.75787 14.4824 10.9178 0.07632 10.3616
-41.2579 0.434787 7.2964 13.2085 9.0499 0.0669878 6.98238
-38.8082 1.51151 2.43522 5.0029 57.5676 0.10041 9.31757
-46.4709 1.32216 1.24154 4.71989 22.7706 0.0575216 10.929
-43.2413 1.36804 4.4825 4.73001 25.4523 0.0534926 7.41636
-46.7895 7.26134 4.05657 5.54263 63.7882 0.000227465 8.3044
-36.1159 2.58153 3.63738 3.20328 4.87526 0.329146 7.0802
-33.3892 1.83426 8.08908 11.4389 6.29831 0.086779 6.38211
-37.3431 2.74604 5.04517 13.0768 10.64 0.0256778 3.92899
-38.0127 4.63921 7.80553 2.87911 14.2738 0.00120371 3.34712
-38.8444 1.76912 1.71639 2.77446 44.6832 0.0386919 7.46955
-32.864 1.90331 7.31912 2.81815 4.07564 0.00187127 3.02108
-36.6458 1.77093 9.24494 1.89326 6.26223 0.00796926 3.50675
-44.5355 3.44749 10.581 4.29966 16.7562 0.00724239 5.80629
-34.1116 3.66647 6.68228 9.1171 0.562707 0.0100211 4.77853
-35.8216 1.65412 4.92215 25.1972 5.31195 0.0100211 4.77594
-37.536 1.68836 7.07503 17.5062 8.40146 0.031248 5.04754
-38.2613 1.07077 4.18303 6.59409 11.7876 0.0884292 5.37188
-38.0689 1.11841 4.04153 9.1741 24.0863 0.0755511 6.11346
-39.1411 2.65338 1.97512 7.20938 34.0981 0.0474898 6.04904
-37.9204 2.75753 6.28575 20.3538 25.0229 0.0390958 6.60487
-30.5988 3.06937 0.243297 19.9578 7.02457 0.00665403 6.18031
-45.4207 0.573019 4.53808 15.3805 11.7738 0.00739112 8.36259
-36.5251 6.35048 3.97983 4.05574 13.1457 0.0576451 5.81603
-38.3003 5.91103 3.09701 3.13444 12.3189 0.223118 6.73824
-35.6858 1.7979 4.728 17.8305 10.3637 0.0175023 4.28005
-34.5269 1.62214 4.03622 16.9844 9.2039 0.0201521 4.32334
-44.6817 4.83093 9.05574 8.05555 6.39408 0.0416991 6.24035
-39.4171 5.74043 8.71457 3.71747 13.4919 0.0177689 5.54338
-39.814 5.47142 0.860523 3.7879 23.5476 0.072067 5.73821
-36.6967 4.19682 3.93529 5.02295 3.01032 0.197806 5.9195
-41.2795 6.01025 5.82327 0.756153 16.9612 0.0395418 5.55558
-32.1493 2.18872 3.85196 10.6665 5.33915 0.107764 5.96736
-30.7831 1.82907 8.05081 11.295 6.07871 0.000937341 4.42196
-39.1364 1.68074 4.75349 0.0621589 5.50605 0.0664071 6.26468
-43.9437 5.72431 2.51793 4.23239 29.1666 0.0667015 6.48258
-32.531 0.780823 2.69765 11.3562 7.0404 0.106301 6.09162
-45.6419 4.68212 0.703036 9.63585 5.24865 0.0110505 5.10129
-34.9247 1.90072 2.39232 10.3644 5.38114 0.0202414 3.60219
-42.1909 7.26245 0.505065 10.8449 15.7564 0.0155539 5.15458
-38.5991 5.58113 4.70502 4.79652 1.76283 0.110964 5.51051
-42.3888 5.92716 1.7891 5.8757 0.549628 0.0523757 5.0675
-44.6987 5.15338 4.41694 4.40923 5.24339 0.0393716 4.69578
-38.6224 4.11563 6.22647 1.69491 0.530452 0.0794087 5.3567
-43.7495 5.08683 6.45076 2.37893 13.2564 0.506225 11.2716
-45.3675 4.0322 11.955 11.6645 14.488 0.14568 10.689
-38.3009 4.11851 2.81312 4.73795 13.736 0.345655 7.75949
-37.2149 2.77671 12.8263 5.6085 9.93419 0.221846 9.84393
-36.4948 0.793234 9.26967 5.71061 4.36119 0.15648 6.43399
-44.5742 4.77736 7.02245 3.77574 3.80962 0.199608 7.20718
-40.0785 3.10751 4.88082 31.214 11.2814 0.00661574 5.73277
-41.9288 4.60122 2.07674 5.6239 2.27367 0.0592913 4.47123
-37.3691 0.917813 4.1462 21.9144 8.94522 0.195229 8.01296
-34.3623 0.0340121 2.3603 25.8246 0.282756 0.0012119 7.18086
-33.917 0.0884416 0.370784 14.942 23.7464 0.0766651 9.0639
-34.6109 2.09337 4.88055 12.4934 36.0235 0.0375883 6.43491
-44.8236 5.6303 4.37627 10.8711 30.7927 0.00525054 5.56746
-41.8485 7.59714 2.354 9.06339 23.4973 0.00994757 5.32486
-38.3006 5.40778 3.44581 14.321 22.5982 0.0102367 4.76661
-41.9035 4.15181 1.6287 5.37211 7.83947 0.0132199 3.40667
-41.2978 5.00406 1.30304 5.67743 18.4576 0.000455705 2.68288
-31.6263 5.32775 1.18237 10.6252 50.8002 0.0103809 9.26591
-41.0832 2.64892 9.07921 5.86781 34.0271 0.011652 5.91113
-35.6801 4.89919 0.707658 11.5438 5.41174 0.00253317 3.29153
-38.566 3.34326 1.92422 19.7313 24.6351 0.0720814 6.4948
-37.5241 8.06091 2.10306 15.2883 9.22515 0.0197784 6.89863
-47.0942 4.23215 3.59442 1.06086 17.4625 0.0294082 6.97062
-42.2612 7.82562 3.19067 8.11619 41.6905 0.00930164 7.09098
-38.5543 5.33915 0.538827 8.79602 0.687176 0.010382 4.05142
-44.1738 5.60789 5.35749 7.25059 46.7574 0.019053 7.38876
-45.2724 6.29762 2.86845 2.20254 1.09272 0.0145828 4.63973
-42.6859 6.27182 2.67107 2.6587 3.76461 0.0355809 4.21038
-41.3302 6.0459 0.576296 2.53726 0.104565 0.0869402 6.79602
-44.2608 6.3172 8.49191 12.8314 16.2101 0.0870878 8.8702
-45.4321 2.26139 5.36954 3.90642 34.736 0.0129119 7.60617
-34.4828 2.26139 4.12726 55.1095 18.5368 0.0284095 12.3658
-41.8826 1.07811 4.22434 20.3717 20.7406 0.0234346 7.05439
-37.4952 4.18547 6.9631 25.1383 55.7351 8.35646e-05 8.39554
-44.4982 3.43229 5.86293 15.0136 28.4763 0.00209593 5.74127
-45.4073 2.44145 9.49252 16.526 8.21612 0.0126571 7.14163
-38.4873 2.31264 4.28302 8.57572 5.1048 0.0547536 4.06709
-39.996 3.83764 5.14668 4.0042 1.14537 0.0500442 4.20384
-42.8556 5.23228 7.95904 1.38258 2.65093 0.0626637 5.7146
-39.9377 5.00825 8.50758 1.04254 20.5138 0.104583 7.27438
-41.0994 4.97963 6.33436 6.78835 15.7624 0.142218 6.64287
-34.6192 1.88857 5.44101 7.85645 27.6531 0.101294 6.61468
-39.7296 3.46201 1.3183 10.3393 1.15969 0.052643 4.69112
-37.4491 2.47927 2.46347 5.64743 23.564 0.0522347 5.0189
-30.2557 0.479525 6.82147 6.30157 17.6332 0.043463 6.53173
-41.5416 2.27349 3.57729 6.53415 2.10964 0.0270424 4.34215
-44.3823 6.45589 1.55668 6.20941 10.9954 0.0962953 5.9049
-42.0926 6.16828 1.62255 4.07494 16.5752 0.116101 5.92325
-43.2324 0.146262 5.77736 9.15366 1.71069 0.0422484 8.23706
-43.0604 4.01645 1.54212 46.0266 27.3197 0.0222615 10.4161
-40.627 1.72691 9.73656 36.4248 17.0847 0.175934 15.7463
-45.018 6.56048 2.86629 11.1553 4.23182 0.0790646 5.97557
-42.3333 3.57059 3.70961 11.0058 9.5411 0.000336644 2.45489
-39.6787 5.63576 7.62749 13.6743 20.2589 0.0135167 6.24331
-42.4366 4.09473 5.8443 6.50754 17.9872 0.0527858 5.2211
-37.9765 2.3057 5.1207 8.96629 30.6103 0.216429 8.44658
-44.1281 7.11942 1.83851 10.9267 17.4659 0.369502 10.7795
-39.3356 2.23203 9.51453 11.0087 17.0016 0.131955 7.58604
-36.7078 5.0274 0.00372677 15.2303 36.5494 0.0505023 9.82396
-40.1639 2.99547 2.28172 23.4788 63.4327 0.0208569 9.39777
-31.953 1.32162 2.94089 2.91639 33.8777 0.0397533 6.63492
-37.6221 2.10073 2.44156 2.69249 47.5191 0.0462499 7.21911
-38.7777 2.84508 2.43598 6.57279 35.6089 0.0507625 6.00578
-37.1936 4.46249 3.08999 5.82606 9.34721 0.0972434 4.77237
-44.4678 5.92065 4.21985 4.02437 17.9165 0.0399962 5.34057
-47.1266 7.03297 7.62475 6.66043 6.20464 0.0482888 7.30541
-39.9334 4.32689 3.56061 0.64701 0.653284 0.569413 11.0339
-39.687 9.53432 6.64916 1.43697 2.46832 0.609449 11.1352
-39.5721 6.98464 2.58746 0.622844 9.10266 0.223362 7.18593
-44.9962 3.89913 2.86641 19.2315 3.60177 0.0438021 6.27186
-41.7681 2.65581 5.11816 12.93 7.95817 0.0247919 4.42906
-35.6003 2.10046 3.17437 18.4147 3.67496 0.0257879 4.30172
-44.3732 1.30956 12.3685 0.256094 6.99146 0.0346205 8.25271
-35.3688 3.05393 4.38722 6.79164 38.9769 0.0202413 5.61567
-33.1189 3.06391 6.56454 14.4478 10.7673 0.0293559 5.71616
-39.9359 3.33304 3.0395 15.0494 5.76869 0.00198512 2.6111
-37.012 2.31881 3.09242 5.20206 2.2613 0.00215048 2.17707
-42.4684 2.45729 7.00508 24.1033 10.4102 0.00138344 5.24101
-40.8255 8.22608 1.14984 17.622 12.311 0.00222926 5.45779
-41.8022 3.77693 2.36373 13.5073 20.1697 0.0537134 5.5691
-35.6092 3.02367 9.70301 9.00387 11.6149 0.125091 7.66403
-34.6551 7.69926 0.777419 10.9494 1.22483 0.52082 11.5759
-42.8607 6.34082 0.777419 8.533 1.91783 0.241592 7.41114
-48.8997 10.3889 0.673354 11.8435 1.485 0.527816 13.3895
-48.8997 10.3889 0.673354 15.5013 2.72128 0.527816 13.9202
-33.0069 1.76394 2.90784 2.55524 5.57081 0.129155 5.73829
-38.7087 4.59256 3.58125 11.9939 6.09362 0.142418 5.75775
-36.2855 3.40274 5.00381 8.53098 12.8609 0.169124 6.34214
-31.525 1.02836 4.87401 3.83885 3.8458 0.0461858 4.94481
-41.8588 0.717308 1.55406 2.932 5.78485 0.00785623 6.24763
-42.986 3.05232 5.70303 4.32206 16.8928 0.0274931 4.8491
-41.5643 4.43067 10.9 1.48729 14.2592 0.0458355 6.56873
-39.1459 3.25411 7.90873 2.56576 16.725 0.325803 8.85419
-39.8042 2.50589 5.0886 17.2581 16.7727 0.0442402 5.46812
-34.2577 1.94556 3.11937 3.77067 0.447067 0.114854 5.90547
-33.9605 2.88541 0.0859231 14.2242 5.77841 0.0777033 6.59962
-35.2191 4.2261 5.69204 17.4915 0.780195 0.0684645 7.06451
-38.9667 6.08862 4.30794 11.6862 2.1293 0.0117121 4.26193
-30.0593 3.25821 11.7689 1.75349 5.71243 0.0113179 8.36218
-36.6678 3.25747 3.31799 8.23381 7.34048 0.00211646 2.04892
-34.3283 1.94672 3.09245 9.75081 3.63042 0.00948155 3.12877
-34.5417 0.772014 3.09245 1.90429 4.84507 0.00268198 3.27016
-45.3808 6.8861 3.92696 6.14508 4.98531 0.120121 6.45872
-37.1402 2.7423 7.96979 24.4524 7.56646 0.00694052 5.50791
-35.1844 0.301961 8.16011 12.2948 0.259933 0.012949 5.83338
-39.5336 2.02995 10.5399 6.26251 20.7001 0.0970454 7.08803
-33.4811 1.10336 8.35471 7.07118 18.0054 0.0676884 6.18271
-31.6754 1.9121 7.39289 2.46657 11.2583 0.046757 5.56957
-36.6111 2.81093 1.57477 11.7402 7.51992 0.00950493 3.12359
-42.0897 3.64423 5.25265 11.8088 10.1923 0.00163782 2.98676
-36.6434 1.85155 5.02645 4.10359 5.67851 0.162901 5.43961
-39.1612 3.0712 3.1887 3.91836 4.61367 0.180759 5.56226
-31.8105 0.556737 6.28208 3.96552 9.69501 0.0744661 5.82411
-42.5342 1.42168 8.34653 6.01594 9.58683 0.0427721 5.75344
-35.7703 0.552692 2.54335 7.58462 5.44979 0.289733 7.52309
-38.8368 2.93401 3.55624 17.8801 5.92461 0.0691222 5.07502
-42.3261 0.554294 4.83005 12.9002 9.06235 0.118129 7.73533
-39.3843 4.36738 2.41523 7.41418 17.0494 0.049986 4.42401
-37.8448 4.02714 3.53515 4.25714 12.1205 0.0309676 3.55099
-34.6817 3.81678 3.87764 5.92534 9.13516 0.0826891 4.96841
-37.1734 3.81543 2.09 11.2451 2.57426 0.0260841 3.60199
-37.8032 1.88776 5.80734 8.58035 6.27344 0.168442 5.79688
-40.8157 3.72942 7.15049 20.9578 8.98751 0.0797171 7.2045
-43.824 4.32348 7.86882 16.3267 5.01294 0.0212968 5.85953
-45.4241 3.99522 9.297 13.4338 8.79018 0.0761623 7.96276
-39.9743 3.93003 6.62742 4.98893 35.9836 0.0161759 5.41683
-39.5524 4.31806 4.46775 2.57168 6.10548 0.0214509 3.17193
-38.6492 3.06333 10.286 3.9768 12.5442 0.00162597 3.59502
-43.4093 5.26534 5.24055 5.53627 8.18524 0.0259655 4.19202
-43.3844 9.71199 2.61556 10.2164 2.29862 0.0365213 7.36007
-44.8224 7.92918 3.59325 9.62515 4.04098 0.00417694 4.57779
-43.3614 4.61222 2.12562 8.6637 31.0639 0.0153543 5.45181
-43.6246 9.71698 1.53658 13.5915 16.0525 0.00680986 7.00736
-39.8308 4.97625 2.51917 7.92198 1.96348 0.0744041 4.53833
-45.1115 1.5285 4.17452 9.73455 1.90201 0.181319 8.7645
-40.8427 1.09519 5.25042 9.54148 10.3846 0.141624 6.5812
-42.2699 5.35271 0.360886 12.4099 24.4925 0.0273603 5.91182
-39.0799 3.64624 3.76752 5.03653 19.1909 0.0105868 3.3038
-45.823 8.97757 3.28519 1.1659 9.10475 0.14443 7.82622
-38.9766 4.73924 2.08573 4.5458 12.5411 0.0490001 4.1022
-38.0105 3.716 2.1737 2.09997 10.7076 0.00170486 2.22766
-34.8189 1.9489 6.58893 2.24901 11.1146 0.00894878 3.27824
-39.7506 3.56069 3.0903 9.91656 13.4566 0.00894878 3.10411
-36.2242 1.07788 4.11544 8.09252 19.3913 0.00894878 3.97089
-33.8561 2.18334 3.22355 2.53216 12.5402 0.085651 5.15532
-45.3192 2.86807 7.9309 3.69401 10.3188 0.05376 6.42231
-43.145 7.42065 3.23977 3.77994 19.5259 0.00411397 4.38482
-43.2628 3.51283 3.97681 6.51344 6.75881 0.0054015 3.29133
-37.0185 4.85648 1.35841 24.1168 1.79816 0.0112084 4.94758
-32.7558 3.89514 1.71444 14.7233 0.231582 0.0214271 5.95425
-40.2956 2.545 4.42649 13.1744 2.06688 0.0184269 3.91485
-40.7008 1.96098 1.00977 16.3009 5.96962 0.00983397 4.73295
-40.7105 4.95672 7.57029 14.5911 11.8591 0.273788 10.6562
-39.5918 4.68541 7.54413 3.61969 12.1251 0.084049 5.58475
-38.5289 5.76519 7.45161 10.6077 11.0894 0.00287367 4.67296
-41.2404 2.16579 6.91897 14.8248 8.04058 0.000501265 3.32279
-40.7228 5.02326 3.37601 15.2249 2.26523 0.344419 8.77818
-38.3126 3.34738 4.89886 12.2453 1.09654 0.0480783 4.56617
-35.8153 3.23863 7.07154 12.0164 4.38058 0.0265226 4.51208
-41.2915 5.20799 8.5285 10.5657 10.3097 0.0107816 5.0602
-38.6346 0.623467 1.43305 20.3272 7.8245 0.176738 7.85396
-35.8278 3.65649 2.38397 9.91855 26.2569 0.0290439 4.94363
-36.2533 4.42041 4.57042 15.3294 1.59863 0.0573566 5.60054
-34.0825 2.88649 6.33879 29.5282 20.945 0.0109688 7.53186
-42.0778 5.42115 6.23358 3.94019 1.07582 0.00500588 3.5785
-41.0457 1.60202 5.3224 10.1679 31.7558 0.0125132 5.82293
-46.367 1.98464 9.73462 18.9371 32.7864 0.00131734 9.27133
-41.8484 1.98301 7.06305 16.4954 43.6276 0.0174428 7.93714
-41.7337 2.60094 1.6389 26.4347 7.3954 0.189092 8.51067
-35.9523 0.316668 5.28539 18.1688 15.579 0.135511 7.79323
-38.7996 3.57645 2.22752 1.81451 9.88989 0.0283546 3.65659
-37.1438 2.48708 10.1086 6.51077 11.6261 0.113267 6.65113
-42.3675 4.16537 1.24075 3.1024 1.12056 0.194955 7.14549
-36.7164 2.71163 3.52336 3.10285 5.80399 0.101785 4.59978
-40.3099 2.80533 5.41636 8.67347 2.19076 0.0180349 3.53037
-34.4126 3.26405 0.583714 21.4543 19.2487 0.0113354 5.50277
-33.9574 3.74294 3.31097 17.0355 18.8208 0.00630905 4.70168
-35.9859 3.29775 2.16955 6.28011 18.0865 0.0348152 4.23202
-38.1102 7.68967 5.55307 4.03067 11.6539 0.0605769 7.27451
-36.1979 4.35527 5.12083 11.7174 14.1292 0.130938 6.83874
-37.8146 6.7673 3.62269 1.35824 57.851 0.098608 10.3908
-42.4542 6.11593 3.27142 12.9344 16.9242 0.0222258 4.92718
-44.3417 6.18547 2.5349 6.97828 4.22195 0.0222258 4.19683
-35.7953 5.82898 5.30178 5.14146 13.3333 0.00674526 4.62827
-39.5282 1.53836 5.35551 8.58197 10.2556 0.0752629 5.0931
-38.0683 4.60154 6.05381 7.05005 12.3563 0.0110349 3.61643
-36.9764 4.3016 2.50723 8.29521 3.5623 0.0560413 4.10878
-47.685 7.34167 1.71406 4.33528 0.0347185 0.180304 10.0518
-42.3028 6.35233 1.62354 4.10717 0.297684 0.167895 6.92977
-35.9238 2.30967 2.24776 4.9114 18.0465 0.00512204 3.20255
-34.2967 0.910469 7.6713 3.49396 40.384 0.0624672 7.49069
-34.2967 0.910469 5.29975 3.49396 38.8036 0.0566028 6.94879
-36.5637 4.20214 4.60309 11.4586 0.883782 0.000473709 2.71694
-41.6955 4.20214 9.89373 3.18231 5.63742 0.000473709 3.35362
-42.2721 3.4364 8.92576 2.59155 5.3132 0.0509987 5.13024
-35.8096 1.22565 10.9285 2.44013 7.8188 0.00249492 3.7408
-37.2589 1.42854 10.4318 11.9502 7.35879 0.010845 4.77865
-37.2198 2.63555 8.71589 2.72994 18.8891 0.0130331 4.2535
-37.853 4.50168 6.49665 12.4287 4.94358 0.0154014 4.21268
-35.4388 1.85708 4.73028 4.09176 7.7122 0.00204276 2.1972
-36.2777 1.86504 4.82622 4.70032 5.52317 0.0135964 2.92653
-40 2.99198 4.79623 1.5891 12.603 0.0214366 3.71685
-33.9693 1.4021 5.12115 11.9981 42.3314 0.0998145 8.46241
-34.7291 3.95598 3.7468 11.8877 28.899 0.0567863 6.50868
-36.0993 6.19196 1.91466 12.142 6.61776 0.0300355 5.17438
-30.2719 4.05192 1.54859 12.369 11.4461 0.0176808 6.24599
-30.8494 2.48214 3.78355 22.8512 16.4873 0.017099 6.71289
-38.0373 1.95873 6.4494 31.8566 3.7121 0.014684 6.46287
-40.2922 0.285649 4.3016 12.4668 1.20931 0.0524619 6.87992
-43.8663 6.06758 6.73279 2.06938 30.062 0.0713582 7.50263
-43.1827 8.85799 3.74545 6.37907 13.1233 0.050206 6.86964
-46.2675 1.73087 6.13302 7.37377 8.68606 0.249956 9.4759
-41.9547 6.06155 0.290917 4.14147 6.22833 0.162505 6.59236
-40.7279 2.26907 5.97829 3.84239 4.0053 0.0657728 4.61736
-47.7747 7.477 1.31215 23.5877 3.71798 0.0801566 8.80193
-39.0166 4.68618 2.2022 7.84029 4.00397 0.232936 6.22309
-44.0399 9.92532 1.5601 4.19192 5.45644 0.0739469 7.16397
-36.2632 0.529024 0.450333 15.8395 2.33876 0.0484061 6.68204
-42.2713 4.71007 3.00777 12.9389 5.23919 0.0112493 3.5088
-31.8874 0.726308 9.09872 4.78054 13.1578 0.000717088 3.93601
-40.4148 5.2924 8.02522 27.8245 14.4569 0.0159113 8.36245
-41.7397 7.26969 2.04371 6.46021 14.3891 0.0420376 5.14049
-41.8414 7.535 4.45944 6.26709 14.4084 0.0734861 6.38817
-46.8206 8.1434 1.50539 8.67044 13.3753 0.291373 9.69756
-32.17 6.17873 2.33452 12.5005 12.0142 0.227967 10.7092
-43.4044 6.05967 2.20132 18.2612 8.92997 0.128695 7.13144
-43.6781 3.71329 7.08765 27.9775 7.02433 0.00133734 5.99227
-40.8467 3.88535 9.69384 12.778 8.74875 0.0133387 5.29377
-38.0409 3.51751 6.26984 13.3185 6.61555 0.15382 6.61789
-40.4477 3.85931 5.23171 18.318 3.46935 0.0244731 4.61097
-30.144 2.46653 0.84501 4.84697 11.4801 0.12362 7.31525
-35.1472 4.23842 0.772699 6.7225 31.5072 0.0435935 6.19064
-47.8843 6.75686 1.65942 7.79232 24.6684 0.0122475 6.56876
-46.8578 8.24262 2.25774 1.86578 25.7435 0.000690943 5.53949
-41.9201 4.09534 2.33456 1.86578 28.9515 0.000160613 3.50676
-31.2036 4.07672 1.90086 1.80956 20.7899 0.0111829 5.76975
-39.5715 3.72571 3.04867 7.09918 26.5512 0.0273852 4.59429
-39.9441 3.18176 4.17866 22.0505 18.2205 0.0219051 5.36829
-42.075 6.21266 5.09875 2.13471 16.5239 0.0270964 4.84047
-50.1064 7.06032 4.31452 0.728119 20.0148 0.0490818 8.93284
-36.0172 1.57909 7.18559 9.71325 15.107 0.0601263 5.24698
-38.1042 1.79709 9.74753 19.7895 15.5188 0.00961186 5.9916
-36.8793 1.88782 1.29738 16.2337 18.0696 0.00872835 4.43136
-41.6849 4.05627 1.61436 7.84667 22.0194 0.00833328 4.07197
-36.2162 3.91855 1.84032 0.463301 21.2109 0.00153257 3.72104
-38.123 2.01142 5.89217 16.572 0.0893507 0.00222991 4.63563
-42.5018 2.54157 11.1751 12.4543 15.5537 0.00813654 6.19891
-40.3938 0.880523 6.77086 17.1815 60.2908 0.0469088 10.528
-42.6329 2.03434 8.96335 5.04341 17.2314 0.163927 7.61515
-37.3054 0.732374 7.48349 9.29231 30.3831 0.0403027 6.43759
-36.2685 2.61753 7.37597 8.48237 13.1509 0.0221103 4.1426
-32.3056 1.00362 2.0243 9.95167 8.1458 0.0563609 5.36213
-38.8711 3.42966 1.25367 1.789 5.49948 0.0566094 4.49061
-40.9741 3.39201 5.38133 6.1429 15.5523 0.0098704 3.42468
-39.6078 7.46232 3.59767 8.38727 6.90159 0.0277766 5.27361
-40.2073 2.49107 6.34286 8.02971 7.36964 0.0431361 4.24086
-40.0526 4.31495 5.49442 4.56794 5.43685 0.118664 5.04714
-39.8458 6.60174 2.83225 14.4347 23.3837 0.0375029 6.25411
-42.0079 4.2201 1.80918 37.9771 7.34761 0.00493959 6.37286
-39.4665 3.94565 1.35911 5.45468 20.3563 6.26183e-05 2.28074
-39.8865 4.87576 1.8853 14.0562 27.4779 0.00777964 4.54702
-43.5783 6.93839 5.18728 13.9423 55.2761 0.0321984 9.86137
-36.1112 2.52842 1.9686 16.7667 15.636 0.0291038 4.6687
-36.7118 1.3839 2.03486 20.4618 18.9982 0.000438313 3.94788
-38.5627 3.56012 1.44034 21.407 23.9964 0.00464841 4.67522
-35.4798 8.08196 0.693127 17.1852 3.24651 0.0172984 7.93202
-48.0463 3.7856 3.1761 13.7241 30.6451 0.00423281 7.91784
-35.1362 2.11649 8.41039 9.03379 22.5452 0.000185277 3.52594
-38.2685 3.08825 5.55925 10.7282 22.5857 0.0146565 4.2289
-34.9773 4.13607 3.80794 10.8897 23.5786 0.0624558 6.09663
-35.776 2.18731 0.848583 1.42687 37.8507 0.176392 8.67163
-39.1039 2.19988 1.77367 8.05926 13.7199 0.127446 5.88406
-33.1401 2.02128 2.82643 17.1816 7.72238 0.00491891 3.72448
-39.5989 1.34139 7.21188 5.61875 4.89639 0.0506841 4.65016
-41.7133 6.21637 11.0544 2.15475 1.91418 0.131094 8.79906
-41.6143 2.73531 5.27744 2.49526 3.26524 0.162941 5.9931
-38.8803 3.81164 8.39809 0.722273 18.9404 0.117658 6.87271
-41.7724 7.84727 5.503 7.33285 17.7445 0.120346 8.18393
-39.3564 4.24507 0.44653 3.10414 7.73752 0.0120248 3.60698
-40.5445 3.61987 8.39096 3.60637 22.2999 0.00336804 3.99912
-32.7159 1.7339 9.64794 2.41317 13.2552 0.000304358 3.6702
-44.0396 5.27126 1.97267 20.8544 5.40301 0.00417886 4.36683
-41.5122 3.02324 5.26573 19.2903 9.92881 0.00122667 3.65561
-43.3149 2.9351 2.71969 4.72175 3.20281 0.00122667 3.26934
-41.4085 2.78762 7.87091 12.4442 16.0952 0.000898857 3.77881
-37.9569 3.78301 4.98974 3.95254 15.9466 0.0119789 3.23818
-40.7682 4.80327 6.89603 4.77197 16.0271 0.0972491 5.93051
-38.869 6.53686 10.2118 3.28601 7.79652 0.0112489 6.89457
-34.5615 2.64503 6.85764 1.88503 5.33518 0.0382005 4.26716
-40.2181 7.67227 2.57001 7.02077 1.77418 0.0114136 4.62905
-34.5792 0.542232 2.40798 21.9682 10.2453 0.0330941 5.93406
-43.2903 4.88278 3.74305 3.61618 14.9605 0.149263 6.32185
-40.2404 6.27564 3.77369 7.10652 6.25565 0.119377 5.6249
-40.6935 4.56473 2.90251 6.59668 13.2012 0.359317 8.16699
-37.9782 3.59685 4.42285 7.20123 13.3442 0.24324 6.87189
-38.118 5.22671 4.42409 4.61636 8.66186 0.0708637 4.67906
-31.8908 0.980783 2.91492 2.29929 27.0037 0.0161394 5.64868
-32.8813 3.27824 4.60456 6.64224 2.02275 0.0350904 4.65614
-34.743 4.42234 6.45783 8.27967 14.596 0.00813033 4.59762
-36.2223 3.72401 5.86969 4.97863 22.1245 0.00399995 3.55227
-42.197 4.17595 7.17742 4.96045 6.68762 0.0189413 3.90983
-36.631 1.12678 5.70607 4.55476 4.15939 0.0189574 3.50441
-40.4552 0.582881 2.48532 21.5175 37.9512 0.0413263 9.20203
-43.1778 0.486008 6.03336 17.3601 15.5969 0.0795838 8.7131
-33.1182 0.461308 2.32629 15.8306 10.9489 0.0154062 5.14471
-36.8441 1.85216 3.3344 10.3108 14.9582 0.074189 5.01801
-36.1661 1.67056 6.96373 7.81893 40.7773 0.00866106 5.62283
-35.5186 2.11921 4.23916 7.23969 29.6411 0.00595191 4.11167
-38.1022 4.95496 1.97973 2.07653 42.09 0.000618664 4.5959
-30.5204 0.736647 5.16553 18.1555 35.8538 0.000618664 6.46966
-39.1927 7.563 2.42963 20.1918 32.8479 0.00295129 7.2885
-32.3412 2.95753 2.42249 8.00619 17.8201 0.0311035 5.06682
-39.7443 6.5038 3.02814 5.44408 0.0430018 0.193047 8.04954
-46.1381 7.40129 3.46083 1.47536 2.72351 0.00711827 4.7027
-48.1559 8.85046 3.60095 10.2293 9.61608 0.00711827 6.4628
-36.2141 3.29884 2.70756 10.1038 1.9308 0.0259699 3.60561
-36.4111 2.9727 2.37309 12.8774 1.63566 0.051695 4.44886
-38.6365 4.37969 3.4194 8.4803 13.6218 0.014101 3.28202
-41.865 3.85775 6.06609 5.24324 25.1972 0.00568456 4.11287
-35.994 0.993768 6.36175 5.21172 13.0392 0.00319871 3.06535
-32.9666 1.49423 6.5239 3.11593 21.1551 0.00319871 3.87538
-33.9136 2.51483 8.55656 3.91121 8.97675 0.0168645 4.33444
-32.7338 2.53085 11.071 9.95724 11.2244 0.0202103 6.88884
-34.8046 1.40655 12.3108 0.95183 15.7702 0.0382278 6.70259
-44.062 2.66296 5.38317 15.0396 2.28709 0.012165 5.20371
-38.7042 1.38741 12.9254 6.92607 28.506 0.00194906 6.19189
-36.6775 3.45062 1.34861 10.328 10.0918 0.00973598 3.16222
-35.6092 3.51437 1.7353 1.5294 7.3541 0.0263262 3.79815
-34.4572 6.24695 2.05258 21.7637 18.3886 0.0199695 7.63385
-31.8014 2.65437 0.888166 11.3751 12.7911 0.00713885 4.51264
-32.8041 1.57231 2.87961 10.9188 7.79375 0.0398067 4.61981
-37.3353 0.980287 2.40042 6.63935 3.81206 0.00367189 3.33118
-44.7535 2.19935 3.02217 5.09861 6.57515 0.00742085 5.28719
-39.8699 3.19584 6.96107 2.20214 36.0778 0.0974616 7.19797
-34.3519 2.62173 1.94616 3.30039 65.8841 0.0079626 7.78428
-32.317 3.0303 5.21405 7.89146 10.6348 0.0630262 5.66021
-34.0959 0.357151 3.74589 9.72767 23.7469 0.0669685 6.60771
-36.2841 0.489105 6.20963 5.63396 23.5328 0.00618551 4.573
-31.9414 1.80064 3.67783 10.4444 15.7893 0.01133 4.36759
-38.3748 6.46368 1.86593 6.47469 17.0685 0.100057 6.01096
-37.3105 3.11178 1.66666 15.3142 34.7553 0.0594568 6.66703
-34.894 3.45061 2.60729 5.06329 9.42028 0.018138 3.3605
-36.0525 3.07193 1.63781 21.5969 5.27123 0.00135081 3.21513
-45.7172 3.13189 10.9182 16.3102 51.0364 0.00420059 10.5542
-32.025 2.92976 0.956499 27.3355 15.5988 0.0234322 6.993
-41.5212 2.90683 6.34208 9.90877 14.9434 0.0445522 5.05488
-39.2708 4.18037 1.15437 24.1085 5.14247 0.0782304 6.09109
-28.9259 2.85688 1.73772 3.44316 9.37132 0.17858 8.4058
-33.8832 0.437863 4.00688 2.70537 10.8277 0.109578 6.1273
-37.0135 3.44173 5.61718 2.08164 7.82534 0.0595008 4.21831
-33.4591 3.4161 0.170926 16.5416 3.33326 0.0549489 6.31717
-36.9866 4.54378 2.96656 10.0097 4.36411 0.0385761 3.95619
-39.2884 2.80745 5.27207 4.2684 10.1389 0.0256557 3.45094
-37.494 5.17558 3.55274 1.67611 15.0844 0.0964699 5.47007
-41.4138 5.42797 4.35841 14.0378 1.62439 0.109341 6.24902
-37.4647 4.45772 4.4465 4.53725 3.30914 0.0133848 2.99504
-40.3782 2.85731 13.3885 7.20015 2.36511 0.0266363 6.74976
-37.0719 1.93576 11.563 7.59768 2.59852 0.359154 10.0197
-39.0922 7.57655 6.40596 9.82006 5.30687 0.0704667 7.83134
-41.2562 7.19586 2.42575 10.4563 0.287427 0.136348 7.27293
-39.6679 4.52335 2.98119 22.1072 5.7606 0.106202 6.51356
-41.5134 7.80065 4.44405 5.44651 15.417 0.0655205 6.52528
-41.9059 4.86363 6.68129 2.8995 7.7084 0.0643182 4.90862
-41.8782 4.60934 0.414661 3.48632 10.93 0.179153 6.97122
-43.0825 3.76285 4.35382 11.861 18.4102 0.049856 5.6289
-44.9308 4.17509 6.1192 0.70286 8.41236 0.00195081 4.06695
-36.4347 3.86459 2.46828 10.241 12.7836 0.0165493 3.51321
-39.1675 3.30525 3.51934 25.7531 38.8714 0.015284 7.15322
-40.0416 3.57069 5.96355 17.0382 15.7131 0.0173726 4.78615
-41.0953 6.55541 6.59037 3.56002 13.9841 0.00321284 4.24041
-37.8054 3.81892 4.51555 19.4234 52.4587 0.0548907 9.11675
-33.1842 3.69266 3.70236 7.08649 53.0969 0.0428024 8.34545
-35.4018 3.68333 4.35319 15.8239 20.8795 0.0268685 5.35555
-41.6862 3.74648 1.23489 5.81157 8.2822 0.413509 8.60331
-39.4546 5.49555 4.99558 0.41862 26.0905 0.0170607 5.45389
-43.6786 3.98253 7.56865 3.06453 5.23029 0.0127458 4.13791
-43.6348 4.52303 3.64041 15.0123 27.8137 0.0127458 5.63492
-31.5493 1.27429 7.89619 12.4762 19.46 0.087166 7.91507
-38.5971 2.78367 3.90508 12.9347 20.9165 0.0044231 3.53041
-40.3174 3.72583 1.38236 11.6722 11.3455 0.224696 6.87192
-41.0732 8.8569 1.37242 10.2043 0.955857 0.0126835 6.12716
-38.8644 5.64419 4.65008 2.50205 10.5719 0.0661355 4.88607
-45.7335 3.16226 7.19113 4.4403 6.44996 0.0928579 6.82168
-36.6376 2.05023 13.7997 4.0649 14.7893 0.069237 7.87281
-36.1256 3.65021 10.7448 4.61669 24.4961 0.00584681 5.8778
-36.1875 4.76351 0.862773 1.5627 9.12548 0.0287851 4.34058
-38.2667 5.51216 0.15305 16.501 17.4237 0.021003 5.78948
-43.1208 6.58622 4.33456 25.8174 11.6279 0.0716715 8.52794
-41.3618 7.96764 3.17739 13.7765 4.17116 0.0740569 6.83999
-39.8996 4.01776 3.33166 22.729 76.148 0.0188995 10.4054
-46.7909 7.33187 5.33818 17.9006 2.88027 0.120212 9.27522
-37.9659 3.36478 4.62129 14.421 18.4972 0.0451836 5.07095
-39.7276 4.16836 4.28003 24.5689 19.0343 0.0689668 7.26966
-38.8728 3.68652 13.3546 7.13805 41.3647 0.120882 12.5348
-41.9974 3.14563 5.12593 8.53732 26.6723 0.179443 7.82387
-41.0418 2.4369 4.25501 27.8119 18.3973 0.0401403 7.10311
-38.32 2.99902 3.89875 24.1595 24.4184 0.01108 5.50807
-35.3729 0.636735 4.37659 21.1676 34.7851 0.069651 8.33814
-38.8996 2.02364 10.0371 0.518991 26.0553 0.0213439 6.08625
-39.8912 1.39264 0.734087 6.39004 3.71581 0.177902 7.49233
-39.3092 1.77794 1.18172 33.5757 16.2751 0.00181567 6.01152
-33.3177 1.68866 1.67797 5.57295 8.96389 0.0144026 3.83311
-36.9828 2.31869 1.73411 9.38924 19.1797 0.0108114 3.85888
-37.9395 2.51832 3.75947 16.1869 15.4739 0.0709249 5.42383
-37.2886 2.01004 5.77819 15.0662 11.4648 0.0510766 4.99866
-41.0269 4.11507 4.11279 3.65859 19.6683 0.00306183 3.02613
-46.1994 4.40509 3.94144 6.76686 22.4093 0.00365187 5.17026
-45.4273 6.64109 4.05712 10.8246 5.83158 0.0115976 4.68718
-38.9555 5.7084 3.57851 3.19985 23.6161 0.00987345 4.18137
-38.5536 4.92994 2.38168 4.58973 28.306 0.00987519 4.18095
-39.8169 2.65399 8.38586 15.8188 17.3211 0.00552439 4.79711
-38.5503 4.71511 5.3962 6.91309 14.8779 4.0358e-05 2.05298
-41.9301 5.32446 5.11832 2.07346 5.80755 0.0211264 3.73574
-42.5366 5.69623 1.50477 5.05237 5.62414 0.0178201 3.59839
-40.8787 5.49491 4.9006 3.27508 5.62414 0.0118552 3.23458
-38.1359 0.969058 5.26642 2.39042 18.2066 0.0015452 3.5136
-44.1547 7.10106 0.445755 18.4178 14.2266 0.0015452 4.99717
-37.7522 6.97184 1.12531 13.7197 13.3545 0.00525129 4.85374
-41.1249 5.91924 3.28732 1.69812 10.6937 0.00525129 3.12346
-39.6298 3.75087 1.27125 3.24339 10.3809 0.009239 3.14336
-48.9377 6.89448 5.8138 2.39048 4.94032 0.00537423 5.86538
-40.8892 2.94198 5.84315 22.059 33.9407 0.00102236 5.74823
-39.1613 2.54324 5.05573 3.31912 18.2599 0.0157531 3.70149
-36.6239 6.02756 8.19137 2.43232 6.10057 0.0166926 5.94706
-34.8958 6.51308 4.59744 3.03063 1.04107 0.0245485 6.26733
-40.4451 4.80037 3.51176 4.4446 6.25902 0.0247972 3.28296
-30.028 0.0374809 3.27232 3.92068 5.78126 0.0853331 7.80408
-34.733 5.56233 4.18448 5.36345 44.9382 0.0761801 8.9847
-41.2148 6.54843 1.13605 7.05623 30.8368 0.0255747 5.74267
-42.4313 6.36878 1.3637 8.38888 7.26054 0.0226876 4.06123
-31.3943 1.37338 5.13037 2.79733 46.0407 0.0219015 7.3501
-34.2562 2.33047 10.5894 19.6574 52.6218 0.0462987 12.0518
-34.3933 4.24707 0.368794 20.9321 18.1669 0.0293897 6.50386
-37.218 2.50939 1.16992 17.7764 17.7447 0.231329 8.14623
-42.1398 6.58671 2.4284 9.77917 10.0787 0.0728336 5.33521
-43.3994 2.45504 4.95741 6.44833 10.9588 0.0573855 5.59206
-38.5752 3.71348 1.26583 39.4931 7.85987 0.0722261 8.5658
-33.0667 1.32457 0.818197 25.9223 26.8137 0.160816 10.0216
-29.965 0.366985 8.06518 14.2448 9.40345 0.138213 9.39737
-35.2483 0.435387 4.59015 22.1815 4.20638 0.00373388 4.6484
-44.6069 9.1194 3.091 2.86644 21.2262 0.0634273 7.56125
-32.3258 1.65935 3.68963 5.28846 13.4273 0.0933268 5.68006
-33.4987 3.89748 2.63256 6.06132 6.70401 0.0171958 3.81662
-31.2699 3.01939 1.52201 5.21258 5.10195 0.0106934 4.2432
-43.4042 3.7301 6.27601 16.8059 4.87129 0.0064298 4.50102
-42.5444 2.29914 4.69049 28.8794 10.8349 0.00680697 6.15296
-42.3367 2.36343 4.71051 37.7363 32.6201 0.0177961 9.73948
-32.3871 2.71554 0.776337 5.29615 18.2594 0.0278899 5.33218
-40.0208 2.85384 6.31955 9.59922 10.2767 0.0139815 3.55816
-35.6024 2.82023 3.97594 1.58545 27.4068 0.0265927 4.8832
-36.7314 3.10341 6.50148 12.1535 20.9448 0.0529246 5.71779
-32.463 2.01051 9.75936 2.46944 20.9067 0.037361 6.57943
-36.5234 1.3094 3.52296 9.24984 12.6964 0.0246299 4.07165
-33.8188 2.92376 6.09679 4.50993 15.1846 0.093184 5.83901
-35.8936 2.94606 6.03677 5.8802 2.58861 0.017268 3.31108
-37.3512 7.89003 5.4272 4.19748 28.443 0.193188 11.0889
-42.7476 1.36064 4.09373 9.86274 1.31954 0.105976 7.04206
-42.209 4.1547 9.37266 2.17714 4.18232 0.0684194 5.7083
-41.5837 4.07198 2.03749 11.2933 12.4721 0.02012 3.97063
-37.8334 4.8066 3.37758 7.29071 6.81065 0.0684453 4.3748
-39.7343 3.37074 10.4572 7.87399 4.87207 0.000531465 3.48927
-37.6042 1.82604 4.70542 5.96863 19.8767 0.0169572 3.93114
-40.184 3.70802 3.52602 14.7632 22.6056 0.117288 6.70878
-32.472 4.38833 9.94126 2.44761 14.9379 0.0804602 9.17424
-43.0557 5.59484 9.7157 10.815 25.3567 0.0523868 8.59958
-38.0149 5.12085 1.63539 6.85881 29.536 0.100583 6.4799
-39.0649 4.40403 0.610901 3.25277 13.0167 0.00546932 3.27879
-44.3778 6.89428 1.56634 11.4688 25.2526 0.0546415 6.72953
-37.6697 5.75838 2.75363 4.00561 3.39208 0.052508 4.40612
-37.673 3.78653 2.5097 0.198981 8.06032 0.0216831 4.24934
-34.6011 0.306141 2.91539 5.72064 7.08425 0.000359433 3.22115
-38.1871 5.90275 0.254537 4.67512 11.7573 0.00113076 3.39652
-42.5236 6.59438 2.79812 17.8933 0.724933 0.162996 8.10383
-31.7924 5.53967 2.31884 1.37656 20.3795 0.0532974 7.70594
-40.9768 2.681 6.41481 1.34829 9.34082 0.150159 6.00552
-39.2095 2.87689 7.31802 12.127 2.22637 0.33562 8.74294
-39.1557 2.86365 3.76432 1.69217 5.82308 0.287876 6.85622
-36.6452 1.34991 4.52191 4.09912 4.04732 0.0270666 3.6373
-36.7762 0.731661 2.77688 4.40241 1.94031 0.019776 4.42496
-41.1619 8.47794 1.96405 4.38886 48.1099 0.000389176 6.96074
-39.2942 3.15101 0.948121 4.68603 30.3241 0.0150123 5.10468
-42.9391 7.62573 0.813033 7.95064 2.14399 0.0441869 5.37565
-42.4004 9.77562 2.5286 13.301 7.52236 0.0918143 8.6602
-41.0337 1.90764 6.54649 5.81983 28.7833 0.108072 7.0634
-39.1195 3.23665 5.90096 8.76143 7.46576 0.365353 8.3227
-43.3286 2.56505 6.80773 3.27309 15.3016 0.296286 8.47644
-43.0481 2.55378 7.87659 8.67363 7.49765 0.06 5.71189
-43.0737 4.96613 6.47844 6.81915 3.68792 0.164715 6.55089
-41.73 6.99011 2.81301 5.52411 1.95953 0.00131357 3.02398
-43.825 6.99011 3.21264 1.68617 7.08982 0.00131357 3.24073
-42.0468 6.97711 1.09946 8.41404 27.3398 0.0297032 5.87975
-42.2713 5.0003 1.15228 18.3564 27.5441 0.0296168 6.26666
-41.205 6.04267 4.55085 10.863 2.22869 0.0126555 4.05412
-42.7218 4.61661 6.78491 4.83032 10.6878 0.000506282 2.7256
-39.4883 1.16376 11.2435 24.2026 31.8005 0.102502 12.1189
-37.7991 7.25549 5.86257 7.51023 37.0447 0.184621 12.0652
-34.7423 4.03767 5.7711 1.96245 24.3125 0.0527635 6.0067
-39.2501 2.17268 5.92609 3.65626 14.3211 0.00928684 3.30817
-38.3718 5.37093 7.5061 1.72325 22.3669 0.157685 8.08791
-44.7597 1.39211 5.60047 2.45729 21.0849 0.238235 9.58306
-40.1721 2.0433 4.71316 17.8699 22.8837 0.130754 7.65151
-42.0963 5.87398 7.62428 5.16275 21.3948 0.00945873 5.22909
-40.4768 3.32907 6.80662 3.83392 5.56993 0.000379682 1.93898
-40.0519 2.48503 5.42977 1.80167 20.0113 0.0101606 3.92559
-34.7246 1.36289 1.32245 7.91136 14.8914 0.00790898 4.01019
-36.9353 0.536335 2.50803 2.4663 34.846 0.0127889 6.53554
-44.0039 2.82293 13.2823 0.723352 5.04885 0.0249177 7.29789
-41.626 3.95061 2.75012 20.0746 15.2877 0.0117233 4.61533
-43.5231 3.97729 2.73198 23.3726 10.0748 0.125323 7.72742
-38.9936 4.71191 1.27697 25.1637 6.5425 0.0327421 5.40196
-45.5765 3.86717 0.913205 20.792 26.5131 0.0347216 8.2521
-44.5099 2.52566 4.39994 19.084 21.1944 0.0433791 7.57849
-43.7524 2.80254 6.08015 24.9422 7.10419 0.000979431 5.27489
-30.5647 4.17765 1.51827 24.2003 7.87057 0.0013717 6.24938
-37.5789 4.26447 0.725732 11.9999 23.4377 0.0143826 4.64238
-40.922 4.1062 4.58948 5.29326 11.3787 0.00476332 2.65882
-37.9535 1.03391 6.42455 6.3379 4.69304 0.00189491 2.74021
-34.8616 2.90485 1.24095 26.5592 6.3902 0.00410949 4.46648
-32.5037 1.66759 2.03404 10.9455 25.7695 0.016533 5.34382
-34.1411 3.53212 1.16143 4.16193 22.6209 0.0166331 4.6812
-48.1678 5.41013 5.56581 3.1495 11.6115 0.0179046 6.17543
-25.8032 0.207272 2.52664 3.23341 1.92699 0.0209345 8.16624
-36.6642 4.73022 0.831459 8.14174 2.81285 0.0911405 5.1285
-36.0432 4.39604 2.42662 6.41049 7.17312 0.0404086 3.91761
-37.3897 5.49684 2.47787 16.5908 3.72446 0.0463465 5.21493
-37.3295 7.34734 3.32217 23.334 4.63172 0.0698059 8.92881
-37.9062 3.55682 3.49496 5.3139 15.2367 0.064107 4.3914
-35.6494 1.65476 6.20651 3.76483 8.8403 0.0637754 4.43204
-36.2453 3.07143 2.56215 10.4436 27.6847 0.0108283 4.31396
-36.6513 3.20154 2.6743 15.0392 45.1839 0.0173859 6.45227
-33.8565 2.74647 2.89194 18.3554 34.789 0.00820944 5.91386
-39.456 1.14248 7.89574 13.9266 20.2282 0.149049 8.02326
-37.0681 1.26253 8.29537 3.23586 15.2866 0.207126 7.08993
-35.4361 2.20586 6.35594 2.24052 14.7213 0.0731664 5.00327
-32.5769 1.66859 3.16371 8.8454 14.7348 0.0153112 4.19289
-37.6047 6.69226 1.56617 10.8166 14.7749 0.0112458 4.78114
-39.3962 2.96793 0.250856 11.0242 15.1994 0.0417257 5.58986
-37.9321 2.92197 1.26296 29.4972 15.6667 0.029264 6.20202
-35.8672 2.61618 6.78929 2.48793 7.21259 0.00787007 2.92076
-32.6309 3.69169 7.55748 5.01691 0.177888 0.000928968 5.08908
-46.0249 5.01467 6.88744 3.65676 3.69398 0.0153575 4.99998
-48.0275 4.58936 5.63946 11.1878 10.1614 0.0348615 7.10805
-34.8012 4.96537 4.06055 15.5992 3.01198 0.00600743 4.51674
-35.1216 0.624288 8.30941 5.44861 8.71583 0.0641332 5.27084
-44.6023 4.18555 4.33517 8.43048 4.85914 0.0815184 5.6951
-37.8545 2.49468 2.96634 4.58796 25.248 0.0725174 5.44151
-47.372 6.11561 0.716196 5.97647 12.2173 0.065322 7.14074
-38.4215 4.37108 5.08498 9.25595 12.2186 0.199892 6.8827
-39.4177 3.49812 4.65906 6.40908 46.9606 0.161469 8.94533
-45.459 6.62142 3.95458 5.05592 10.7527 0.0736404 5.93549
-42.176 1.99153 3.16306 9.46368 10.0209 0.000629129 3.41047
-42.1204 5.16673 4.43013 13.9133 15.6162 0.00786679 4.14216
-38.3321 0.476759 9.37839 1.62616 3.39648 0.00358687 4.12971
-37.9841 3.36649 2.35896 6.90258 2.69069 0.0110167 2.74862
-41.0104 4.37763 4.00647 8.52217 27.5663 0.0183634 4.68079
-38.7353 7.60373 2.17813 8.12201 3.95553 0.123651 6.55235
-45.6752 8.50485 0.722102 15.2171 1.187 0.0235326 6.71171
-41.3359 7.28701 1.5517 14.1587 7.58361 0.0322034 5.24742
-41.6353 6.16969 1.84231 15.1331 12.6036 0.0322034 4.97216
-43.3565 9.31579 0.870738 17.337 10.9614 0.0365542 7.65366
-36.2585 5.72966 0.817785 8.14658 15.5191 0.000546863 3.37777
-41.3896 3.76655 2.30059 8.93531 25.0173 0.0196365 4.70177
-41.124 1.09345 3.27865 4.88911 16.0323 0.184316 7.53919
-35.261 3.44123 1.67654 2.90153 11.2149 0.150834 5.78103
-32.5759 1.85649 1.99536 29.5228 18.759 0.0121273 6.53817
-28.0826 0.545113 2.40379 29.5228 18.759 0.0121273 8.71201
-41.2247 4.29527 0.534108 7.68629 1.72755 0.00152697 3.03085
-42.0581 5.53122 2.17503 3.68091 8.49387 0.00152697 2.39818
-42.209 1.69042 11.4893 7.14968 6.32133 0.00527798 5.14558
-28.3181 0.376946 7.16169 3.64105 8.46491 0.0653885 7.46391
-35.8805 2.01053 10.3733 12.6458 15.787 0.0355441 6.40238
-36.2947 1.82595 4.73912 8.3545 16.8561 0.053147 4.68195
-33.0805 1.19468 4.12707 22.2355 14.7104 0.00201285 4.53313
-40.2867 1.76575 1.72248 9.55239 13.7941 0.00201285 3.78815
-44.5084 2.58193 1.41998 9.54953 7.26825 0.00201285 4.85362
-44.6209 5.42547 6.56639 2.20052 15.9171 0.000869612 3.83484
-43.8791 5.95124 1.05789 10.2732 16.438 0.000239458 3.29114
-38.4078 1.02406 2.155 8.09704 3.28862 0.000242591 2.90768
-45.5322 7.86378 2.61629 2.30671 14.4061 0.00266773 4.49104
-39.9348 3.98664 2.82993 32.9344 6.05996 0.00566309 5.33842
-42.733 8.32923 2.1967 15.8223 1.56188 0.00153781 5.07109
-42.1439 5.48487 5.7082 1.72775 3.74348 0.00596378 3.31077
-45.6955 9.12578 3.58844 8.48399 14.1664 0.00109135 5.58488
-43.1292 8.59704 0.508239 2.70046 14.1664 0.000157677 4.26679
-44.3729 6.33261 2.22145 0.965945 20.7953 0.00454797 4.59983
-44.768 7.26262 2.54568 11.3055 10.7512 0.00145188 3.92581
-43.4661 5.33883 2.90845 18.8165 12.9567 0.0014201 3.93839
-29.0138 2.30701 4.30172 12.0816 1.50396 0.026326 6.468
-31.5415 2.73047 4.88881 1.42717 8.95873 0.00949656 4.24721
-36.6453 3.18152 2.94784 7.35148 7.81938 0.029092 3.37121
-41.3943 7.18423 2.75306 1.96221 0.769619 0.00783106 4.24424
-43.4836 8.46546 2.26634 8.57312 0.758189 0.0472054 6.39601
-37.8037 6.66238 0.443109 13.9353 1.24589 0.0969488 6.85487
-40.8829 7.24844 6.15682 14.7884 1.63555 0.00263537 5.66501
-35.5376 2.37264 2.65345 12.0404 2.93638 0.000319172 2.00718
-34.2403 3.53873 10.1537 11.8632 3.43067 0.00913041 6.02555
-38.634 1.00065 19.7262 16.5346 15.0154 0.0318945 13.76
-37.0548 1.95757 3.9186 5.93916 14.4543 0.0321339 3.93012
-35.8113 1.90127 6.12104 10.2402 11.5796 0.00203664 2.74779
-38.9401 4.82835 1.70147 26.2372 5.57014 0.00203664 4.04207
-39.5403 4.68096 4.03924 13.5765 7.31477 0.00203664 2.68437
-39.3661 2.70073 6.90761 27.8869 1.65041 0.0107673 6.01645
-37.3795 2.79531 7.19715 12.1639 12.5912 0.023613 4.41186
-39.3607 6.34059 4.99547 19.5185 33.1992 0.0129014 7.56989
-41.309 0.336104 9.72947 20.3544 26.2019 0.0500073 9.67645
-34.936 2.68593 6.76447 5.18723 1.33062 0.15413 6.20993
-38.017 2.15107 4.04452 16.5498 27.8657 0.119956 7.38479
-31.62 0.189008 3.34071 6.42306 66.1543 0.0195837 9.99993
-33.8625 1.31738 2.88802 2.35882 97.0531 0.0780203 12.7224
-44.4701 3.77023 3.2572 21.7106 34.1361 0.102323 9.55061
-42.0274 0.838039 3.9768 19.876 14.7592 0.102647 8.11344
-30.1663 0.985384 6.38122 2.25953 21.92 0.04756 6.70898
-33.4007 4.01291 8.82691 7.42601 0.302944 0.0234131 7.02922
-36.8416 5.27161 3.07745 4.04214 8.08273 0.0255077 3.78854
-41.6856 5.41976 2.4534 12.9998 17.3605 0.0780351 5.77146
-46.1278 5.44521 1.85416 33.8687 15.9404 0.0827741 10.1282
-38.6451 1.76927 3.65237 7.00539 11.7341 0.00338718 2.86606
-41.0758 1.83591 5.87141 3.26254 20.962 0.088278 6.14558
-42.6925 8.6563 4.6017 3.03448 17.651 0.0930867 7.71245
-35.0207 6.11361 2.87923 9.15877 14.6297 0.0407758 6.06731
-39.9799 3.69658 2.34309 15.6451 33.0796 0.0186434 5.57178
-40.2468 1.56138 8.94786 11.769 22.1118 0.0160674 5.69494
-38.2474 3.91182 5.4958 12.2121 35.0411 0.0640435 6.97484
-34.9892 4.02036 9.09529 11.9677 13.6577 0.0266771 6.66201
-35.1483 4.9838 1.98668 4.09434 2.58216 0.104191 5.41849
-33.7814 0.801735 7.8521 27.8437 14.5814 0.0069171 6.78615
-44.8826 4.22107 1.97556 28.3928 19.7649 0.0231236 7.53816
-36.5612 3.11935 2.67005 3.62571 25.3422 0.00144042 3.08364
-38.8279 4.25891 2.77657 18.3355 24.5635 0.0372276 5.70219
-35.7294 4.31327 1.95178 5.38332 9.19953 0.138419 5.49128
-30.1363 4.27621 15.0185 4.37189 1.35638 0.0579722 14.533
-33.9994 1.13778 6.0495 15.774 3.73207 0.00499655 3.79848
-48.2387 6.68148 6.30554 6.50284 32.5765 0.0198474 8.21492
-37.7655 2.22891 6.06365 6.17601 9.13502 0.221497 6.3555
-35.3812 3.03085 6.1451 2.71009 19.5212 0.237452 7.80594
-40.0599 4.92926 8.56613 13.5404 55.427 0.0970366 12.0299
-43.137 5.84813 8.83325 9.51032 11.0506 0.0105429 5.67036
-43.9329 4.57891 0.518074 23.5795 35.4304 0.196953 11.6658
-37.3894 4.76545 0.518074 16.4397 34.6833 0.129959 8.62963
-34.5244 3.73652 3.40807 1.33558 20.4807 0.150919 6.77489
-40.9432 3.14937 5.91253 5.93584 1.8382 0.100441 5.1431
-39.5262 2.88263 5.55405 1.48331 4.76297 0.00243402 2.36635
-39.1948 5.54241 3.68092 8.91933 15.5561 6.81616e-05 2.31025
-33.2491 0.645376 3.19366 2.43163 3.76185 6.81616e-05 2.59103
-43.8128 8.16513 2.76517 6.43408 8.21171 6.81616e-05 3.31333
-40.4459 8.23303 2.29629 13.4809 11.2915 0.0040875 5.32064
-35.38 7.0061 1.93059 7.81599 6.64476 0.000703937 4.34545
-33.2341 5.05948 0.207712 5.5623 1.49229 0.0592894 6.56461
-31.8924 4.59888 3.44953 3.28677 2.37528 0.0480369 5.93489
-36.768 1.35527 8.61821 3.25702 29.077 0.179361 8.17349
-36.4761 1.80055 5.96506 5.14589 17.9043 0.0350651 4.33021
-35.7134 0.776245 8.43344 4.06317 22.8377 0.0104919 4.72205
-33.3179 1.70714 11.7329 11.6241 6.45336 0.0313218 6.97261
-36.9119 1.89863 3.12998 7.91395 6.51023 0.0626079 4.27988
-38.526 3.35139 2.21794 5.94363 6.34925 0.229327 6.07336
-42.3124 1.56152 1.78332 8.27351 4.22523 0.366999 9.01989
-34.9236 0.33515 2.80738 15.0106 12.1407 0.194513 7.68159
-41.5593 4.62781 5.78634 26.1686 10.4592 0.206962 11.125
-38.4552 2.5116 4.25392 18.8567 35.5794 0.210393 10.6073
-36.7761 3.51276 8.07703 5.48575 11.9643 0.00197988 3.10437
-36.0856 3.12937 5.58165 18.0636 7.58251 0.0101152 4.08554
-37.3707 2.48427 1.33922 7.53188 5.53833 0.000191875 1.87907
-39.1537 5.40328 4.1833 1.91086 19.453 0.0012435 3.06863
-41.2887 7.0975 5.2357 6.80009 10.9732 0.0553359 5.87939
-42.3267 5.99695 7.29741 5.71672 14.6776 0.0405319 5.74694
-42.2002 5.61659 1.50956 7.88521 8.02348 0.0871757 5.08729
-40.5388 2.68493 1.94666 8.60875 14.6338 0.0672529 5.22756
-35.0533 0.260779 6.47013 1.72828 8.02195 0.184846 7.00188
-48.2018 3.04898 11.9287 15.1516 12.5992 0.03801 10.5446
-39.2499 3.22695 4.76677 2.93601 7.04907 0.0394555 3.60896
-41.6558 3.22615 3.12321 6.13561 12.3229 0.011365 3.50345
-40.4182 3.1404 5.16366 6.75593 15.0828 0.0966848 5.26479
-34.699 3.18914 7.23702 5.55689 18.9983 0.00860052 4.22484
-37.023 3.4747 1.57573 13.4831 14.2776 0.0453021 4.61918
-41.9745 3.21825 4.25753 13.5492 0.97982 0.0186273 4.44704
-35.9539 2.20888 6.58691 9.79813 19.8267 0.0331617 4.83842
-38.4825 1.61928 8.25607 9.57418 24.7603 0.0349793 5.72198
-34.7322 2.3645 0.929336 0.262034 16.5039 0.0874488 6.8504
-27.0605 1.53204 3.21358 18.8939 15.458 0.0220066 8.1699
-37.272 3.64624 4.68546 9.7342 14.2755 0.0884694 5.21486
-32.2318 1.57195 5.08773 3.64702 18.169 0.0226163 4.69539
-44.3176 7.12025 2.30818 1.70053 16.6189 0.0957563 6.43787
-38.6066 4.74636 3.59891 1.3403 1.59916 0.075429 4.72436
-34.9644 5.6262 4.63323 3.03166 24.4267 0.00173368 4.82355
-30.1057 3.40718 1.33628 8.56444 10.5444 0.00173368 4.60513
-33.9525 2.83279 1.16831 13.2321 30.4628 0.00173368 4.63803
-36.8678 1.61677 1.93102 8.36129 23.0604 0.000690152 3.41916
-30.5131 1.73307 4.34511 6.76055 22.4609 0.000792201 4.23279
-37.431 2.9258 2.98798 1.13146 32.1816 0.000395838 3.63853
-49.206 10.7083 0.358713 2.04001 19.3509 0.00467532 8.44151
-37.9587 2.64822 0.797235 1.19184 11.6696 0.0897566 5.88553
-41.3019 7.11442 1.24678 5.40146 27.6347 0.0043395 4.76223
-38.7789 5.08131 0.909783 2.5783 8.55233 0.035901 4.07917
-40.6836 2.38318 3.33169 19.766 5.18197 0.198289 7.38816
-36.0443 4.28361 1.11481 25.7894 4.8318 0.0127138 5.03405
-35.2209 1.5113 4.31857 10.874 5.37817 0.0102854 3.20992
-33.917 5.79016 0.0898713 6.24896 24.1586 0.0139905 7.03858
-39.8292 5.16845 7.88639 5.07331 4.70941 0.0418463 5.00489
-42.3414 5.45693 5.81993 4.92805 4.6404 0.00266316 2.91387
-37.5551 5.54416 5.26456 8.83231 21.0087 0.00803755 4.6849
-44.4857 5.49459 2.33495 5.35337 9.66595 0.0357751 4.66075
-45.1198 5.32521 7.9079 4.28538 19.9333 0.115224 7.80453
-38.1179 4.36115 3.04492 2.07764 5.01871 0.162759 5.40007
-45.5827 5.12683 10.4184 5.3849 44.513 0.0218327 9.42432
-48.3317 4.0066 6.28618 3.37475 0.393495 0.0476754 8.14217
-36.9801 4.33631 14.2706 4.63762 9.38343 0.0394294 9.0991
-38.235 0.859426 0.910504 26.2805 12.3103 0.0127212 6.36738
-34.4275 3.59359 2.19649 6.62939 3.92985 0.0124054 3.23421
-36.0023 3.54851 4.62017 6.87088 21.0349 0.0121893 3.82861
-37.3955 5.3113 7.61358 2.33536 1.26504 0.01215 4.77437
-31.8196 4.22789 4.18143 4.32076 35.428 0.0122051 6.78851
-34.6683 2.26432 2.82757 9.43472 54.6425 0.0224728 7.30305
-35.102 4.51357 2.71409 7.64908 2.19357 0.00166353 2.70554
-44.9291 3.36436 5.12896 8.89555 16.6053 0.00196502 4.42023
-41.6647 7.32448 1.12429 3.3785 43.5 0.0195269 7.02435
-37.5571 3.24999 5.41605 8.07322 7.76155 0.0691821 4.3952
-38.2091 2.06447 3.66248 14.4456 7.40078 0.0270031 3.99832
-45.3866 3.76821 3.07997 16.4007 4.89016 0.00169874 4.44774
-39.0866 2.84628 5.08664 0.540398 11.3905 0.200206 6.60981
-37.4327 1.51128 5.01283 16.8247 19.123 0.000883952 3.61505
-40.9572 2.68846 4.60326 18.9505 2.64908 0.0638914 5.66139
-44.3483 3.39808 8.37591 12.901 0.771381 0.0294842 6.48391
-40.0984 2.71174 6.51957 20.3853 10.725 0.0665223 6.38066
-36.8454 1.21382 3.8056 20.9103 2.37187 0.148446 6.96465
-38.0081 3.21896 3.20078 10.1134 0.867231 0.230887 6.68574
-38.8728 1.51309 3.57506 9.05156 1.19688 0.499497 9.3858
-46.2506 6.85759 2.72012 18.9609 13.2827 0.0659304 7.5621
-40.2221 2.6295 0.557993 3.74505 6.17426 0.107896 6.19341
-36.4167 0.662987 5.34285 10.4016 32.4924 0.00972214 5.53891
-35.2397 0.919177 0.361757 14.3415 10.1407 0.148003 7.36477
-32.7759 2.06329 1.84449 22.5609 10.0844 0.0817973 6.73854
-40.965 4.85876 3.42343 4.1573 6.16886 0.02734 3.41178
-40.2259 4.62491 3.56182 4.55799 4.61053 0.000165066 1.40455
-48.8683 7.15413 4.47603 5.82573 6.47526 0.000165066 4.63706
-39.4543 3.2872 0.70624 23.6531 15.5683 0.0574127 6.35298
-45.0047 4.67056 1.92104 14.9149 6.60612 0.0238488 5.18151
-45.0793 2.14802 2.57994 2.51115 5.74717 0.0357581 6.82979
-40.6848 2.83461 3.49123 17.2378 12.5609 0.0136013 4.23483
-41.697 4.69206 2.876 16.1082 8.02862 0.00683557 3.507
-27.432 0.369146 1.47444 9.6152 12.9543 0.0202324 7.33807
-36.6512 4.49416 4.5227 3.06777 3.022 0.0555351 4.28449
-38.286 4.29301 5.05751 4.79581 5.31297 0.00478755 2.40891
-37.0865 4.32863 4.57504 5.01229 5.31297 0.00478755 2.48439
-39.3614 4.58298 0.619321 9.56239 2.31894 0.00250528 2.82549
-34.7535 3.31905 6.40176 10.0758 11.7801 0.00780408 3.8336
-38.2526 3.97828 2.28179 11.4654 21.16 0.00589991 3.51222
-39.8334 5.18566 1.86194 16.4618 7.25361 0.0112309 3.70075
-38.3055 5.21752 0.236092 25.3237 23.7317 0.0218023 7.00413
-41.2879 3.56405 0.247253 16.6288 14.2017 0.00922672 5.06319
-40.249 2.68615 2.14956 14.8851 9.88646 0.0160137 4.03335
-36.5392 4.29159 2.67284 12.4609 12.9855 0.20844 7.17571
-37.4612 6.08664 3.64596 6.30368 15.5278 0.123297 6.45053
-37.6434 7.51974 4.54266 2.88731 1.95052 0.0359789 6.25221
-37.8001 3.58968 0.425029 12.5957 1.69203 0.0242142 4.39251
-42.7608 2.77304 1.35863 4.24424 2.73554 0.0397742 5.41318
-43.1717 8.87933 0.139954 22.5081 3.47996 0.137506 9.95088
-44.4566 4.39834 3.84233 17.3387 2.5123 0.0485024 5.91814
-44.6373 6.83682 0.754149 22.4259 42.2492 0.0521466 9.67191
-42.2001 5.31998 6.80996 25.1439 17.2863 0.000485388 5.87782
-40.893 2.45334 3.9503 5.31116 13.7718 0.227552 6.81751
-43.9342 9.42808 6.99548 4.8457 51.9155 0.0754139 12.9615
-35.3291 4.53076 0.824831 1.9491 51.3505 0.0724852 8.57313
-37.2958 5.00304 3.63512 6.98539 16.6538 0.0326885 4.40609
-38.5036 4.67462 2.97711 21.1141 61.1052 0.0115438 8.57287
