7000.66 1.23858 22.3505 18.0832 57.0747 5.34817 28.0707 20.1294 4.31295 0.0147892 21.5337
7057 7.66468 12.2965 43.1944 57.2367 28.5608 18.6325 2.28235 4.54675 0.0027902 16.2725
7051.97 1.59032 7.09987 43.7916 55.8437 39.7966 37.3193 19.8434 7.64798 0.00145644 18.1214
7205.86 1.60454 8.53947 19.4184 55.6498 55.709 1.57097 5.80233 15.5187 0.00170236 15.1327
7017.41 2.10537 21.4589 33.9851 63.6363 12.3139 26.2614 9.13564 19.2001 0.0016249 17.4675
7010.38 8.9296 27.3412 7.88611 84.7031 25.3086 13.945 6.87712 33.5535 0.0223033 17.7082
6963 16.0892 13.7163 1.62257 119.5 28.9217 16.8226 11.5332 3.62891 0.00965032 16.7595
6910.61 14.7377 23.1334 4.11228 118.362 39.9975 6.72822 12.4213 10.5814 0.0509302 18.2184
6881.7 15.7588 8.46046 26.9101 121.861 25.5446 27.2704 0.959246 12.9295 0.117182 20.648
6888.43 35.7668 28.8096 6.66488 74.2115 41.6324 13.6514 14.729 8.07477 0.080244 19.835
7083.44 1.79136 21.5424 5.93665 53.8604 25.1259 23.2569 3.71621 9.65733 0.287435 21.7203
7058.23 8.8965 3.11543 24.5224 78.3112 32.7793 5.8226 4.10248 6.15099 0.108407 17.0726
7030.4 4.89239 7.58722 25.3863 111.428 18.091 6.97106 1.53715 11.8567 0.144582 19.0147
7065.64 5.58236 11.7848 10.963 117.076 32.3097 24.937 6.18732 17.0432 0.000208202 15.3457
7041.29 8.21098 1.9281 28.793 121.471 8.48511 9.05132 5.48675 16.7849 0.000208202 15.3541
6913.5 9.03543 1.9281 30.2325 121.471 22.5627 4.09008 7.3625 10.4983 0.00060995 15.8288
7002.43 36.6648 12.0781 17.8389 65.5811 9.68524 5.63986 3.98456 6.93561 0.00608412 16.4117
7074.05 19.6351 1.40389 27.2762 60.1608 38.3215 8.96073 3.1993 0.935524 0.0353118 17.1496
6950.8 19.0286 6.23027 40.2475 80.1061 27.5622 25.626 10.5834 7.3949 0.0455305 18.4639
7117.49 4.82501 3.39112 20.9937 70.0903 34.4494 22.192 56.1067 21.8924 0.00696632 19.7344
7173.89 4.82501 9.44346 10.569 53.3809 29.0806 16.4769 42.9699 14.8046 0.00144419 17.1462
7102.35 24.3592 6.58463 4.34228 90.9285 22.7677 15.1842 31.2427 18.6548 0.00144419 16.6972
6829.75 12.7304 20.067 44.0821 88.5805 11.9424 3.23718 38.0629 16.3566 0.0100434 20.0288
6976.11 20.9036 30.7661 29.8727 88.0191 18.3596 1.64217 16.6973 18.8858 0.0108393 20.5748
6907.72 23.2044 28.3271 32.4305 77.7566 41.3351 6.30186 1.82499 9.03482 7.02156e-05 16.499
6935.23 24.02 10.6132 19.6269 68.1601 32.8516 5.51218 21.7941 6.69028 0.00423987 17.1895
6654.17 30.243 30.6418 44.5705 63.5754 76.3063 4.06311 18.9386 17.2831 0.00902995 23.0416
6887.18 30.243 49.0829 1.47062 43.1876 45.0431 1.85042 41.2119 6.64613 0.00182834 21.7082
6961.4 26.7206 38.8385 18.8727 54.1422 47.6174 7.73041 0.270708 14.1806 0.0343593 20.6631
7029.96 4.65462 12.8632 11.4889 72.7981 50.9623 18.0349 16.339 10.8879 0.10526 18.7048
7054.27 3.07122 36.7926 6.03436 23.102 112.589 20.5013 25.4809 7.60297 0.0939457 22.6906
7011.1 4.70403 40.9336 2.7608 37.1361 48.5203 11.0119 3.98848 5.32451 0.175722 21.5344
7078.39 3.57631 79.8094 3.35105 42.9019 36.348 5.40413 3.32561 6.5293 0.00679702 23.6969
7062.4 8.79298 32.4709 26.4561 42.2301 47.1556 6.64241 7.11632 17.1338 0.0413152 18.9153
6869.29 9.2788 36.918 25.7989 99.5035 37.5197 7.4067 18.2199 20.8604 0.00296214 17.9502
6813.04 18.6948 61.499 16.7285 71.796 18.379 12.269 44.1031 5.83167 0.0111254 21.6023
6730.13 1.43125 60.7515 17.9367 136.621 29.5031 4.16386 5.64773 8.07877 8.5185e-05 19.1953
6828.34 16.7391 16.306 17.9367 147.159 1.24668 15.7979 5.99872 11.705 0.0593735 20.2433
6725.98 22.1175 16.9376 23.4004 146.117 19.4884 16.0293 12.5305 5.76366 0.0418639 20.9835
6891.9 26.2336 20.8753 19.5261 96.7749 45.3701 14.4615 6.16882 8.82581 0.0680234 18.8487
7277.71 13.1677 15.3326 0.158791 31.3622 85.5325 10.4198 21.8123 1.90559 0.0512447 21.2563
7204.86 4.16386 4.33924 2.96443 73.9326 73.1803 20.4698 25.7667 24.8647 0.117314 20.8446
6970.9 32.552 11.3438 11.7478 65.3727 78.1891 11.3702 6.23006 22.0878 0.136982 20.7292
7040.19 5.98271 19.0533 15.6602 78.6458 43.1259 5.42122 9.80867 3.62863 0.0343624 15.7418
7057.1 12.9733 15.3417 4.9917 80.9665 70.6173 20.8743 14.7501 6.13832 0.128166 19.3788
6994.02 17.6128 17.1007 11.3721 95.3727 6.06584 6.78616 6.21326 6.98655 0.0137191 15.3933
7093.62 30.4733 7.583 6.65368 54.3067 23.1404 7.62288 31.0389 7.20873 0.0394471 18.4557
7156.21 6.53023 10.2242 3.50891 61.88 51.5188 10.2932 17.7558 6.26311 0.00233695 14.5852
7185.35 7.79849 12.4488 3.50891 58.8296 55.7184 9.70395 8.08418 5.06052 0.0163107 14.9511
7006.78 24.1317 9.1811 8.7234 70.01 23.4708 3.18674 10.7482 23.3625 0.00441609 16.7859
6981.04 14.1365 11.5842 12.8117 97.1116 39.7037 3.20737 8.89268 7.70692 0.0295266 15.9743
6993.4 41.2769 1.93488 22.4981 50.4141 31.0123 0.636213 5.1935 24.9793 0.044453 20.3975
7044.02 9.31091 10.8821 15.9544 118.396 26.6058 2.41851 9.6856 4.09474 0.0376291 16.6284
7035.58 29.3687 6.03079 18.2225 58.6218 39.9619 2.7206 3.8767 12.1821 0.0123673 16.1905
6790.87 71.8111 4.23936 23.9601 63.5411 34.9552 4.22665 20.4283 9.97101 0.0556524 22.0945
6839.98 69.2999 27.519 12.1879 51.8536 36.5499 8.99512 9.17495 4.59752 0.00331435 20.2457
6633.76 29.2842 31.6499 42.4701 155.837 36.2888 5.86279 27.2753 40.7388 0.0456725 29.0539
6696.69 37.8921 34.6953 17.7643 117.63 36.9282 5.17865 34.2604 48.2321 0.0120019 24.5666
6696.69 22.9256 69.879 16.0481 100.135 39.1023 2.70856 22.0653 48.2321 0.00207297 23.7705
6918.23 48.9302 32.6144 7.57224 51.915 36.476 27.6558 1.20442 8.32006 0.0104911 20.5241
6929.43 30.4477 13.1322 10.3974 79.1681 28.8734 4.38248 2.3208 10.5268 0.0175321 16.9748
6810.09 56.357 11.846 35.6238 39.4935 33.8794 32.3471 2.67298 7.70588 0.000423584 20.7489
6856.34 55.1308 6.4005 21.2001 86.9098 16.4282 7.75103 2.56872 31.7513 0.00200762 18.8661
6822.52 47.8548 12.8177 16.6148 108.115 8.64131 11.4024 2.5514 54.6053 0.00452656 21.1924
6745.38 19.3616 8.92234 52.8315 101.259 18.3093 9.42437 1.52013 29.7032 0.00784448 20.4316
6958 19.9819 13.2504 2.44151 129.754 28.9477 6.26825 0.689536 4.84427 0.102002 19.1303
7000.8 7.26434 12.5743 13.9739 117.001 40.9541 38.6531 5.10252 31.815 0.163951 22.872
6948.89 9.17634 28.9224 37.2519 59.95 53.1372 42.3432 15.9979 8.16907 0.00116298 19.1804
6841.38 20.6997 53.4571 23.8037 62.9864 54.9684 17.3944 19.7604 5.37503 0.0115715 20.4132
6841.38 19.0064 48.1636 17.1838 41.8626 41.2564 14.4156 48.3172 29.3073 0.0018104 23.9705
6983.49 23.0726 24.1629 7.84502 63.5763 56.8784 10.1026 7.52206 4.68183 0.00168643 15.6297
6948.1 42.9096 21.3385 11.2669 75.9237 35.5582 9.49847 11.6345 29.9041 0.0122478 19.4041
7032.03 24.0123 19.8594 8.49451 95.8388 18.6536 11.6519 33.2469 18.0189 0.0111709 18.4541
7048.41 18.8838 18.3934 2.05903 91.196 31.134 18.1639 12.0486 11.8122 0.0136466 16.3633
6883.65 13.3163 16.2202 0.496707 138.824 20.8998 28.6203 14.4134 30.2715 0.000188905 20.749
6820.62 13.284 35.0852 5.16014 114.79 14.8016 19.8709 17.4273 23.6128 0.000290519 19.3779
6922.01 5.81945 47.007 8.07961 126.199 6.78859 20.6589 9.65664 34.4352 0.00505942 20.2646
6834.8 31.5897 12.0936 7.32063 128.544 27.7575 8.03747 0.599875 47.3395 0.0454481 22.3635
6896.77 44.4511 4.02523 4.32909 131.931 59.4749 5.15435 8.01761 2.94914 0.0501835 21.4553
6959.35 3.67476 26.3705 4.07844 123.527 43.781 39.9024 12.2418 27.1094 0.0500257 21.7568
6960.04 31.3692 12.2169 5.07338 91.7493 16.3291 15.1085 4.31587 5.59291 0.0289222 16.9096
6940.19 7.41777 36.2249 18.6684 52.8306 38.7777 59.6308 16.6409 3.93211 0.000797515 20.8679
6847.43 7.90209 59.8034 15.9233 68.1389 80.5591 3.61457 10.5756 2.78641 0.0180716 19.9439
6892.01 7.07351 16.7399 49.922 66.6255 51.7078 3.92419 17.7266 13.6849 0.099571 20.217
7037.84 8.92476 13.3068 26.7665 78.9257 59.7675 22.2289 3.05661 7.08382 0.0966765 19.1155
7050.45 24.747 10.5498 6.84262 87.3916 8.98032 15.2062 6.51446 17.0654 0.000604968 14.8683
7035.28 38.6076 10.1615 15.4367 37.8211 5.24818 2.96561 4.503 1.68538 0.0537068 20.4714
6867.29 35.9203 12.322 16.3827 76.6938 22.5998 19.6121 10.0401 25.19 0.00594167 19.3123
6792.93 23.3097 10.6992 29.6613 157.75 5.77225 25.9263 31.0275 17.4948 0.0392343 23.6103
7033.18 23.7476 10.3986 6.34027 122.048 9.50383 64.9269 29.2636 22.009 0.0867258 25.0449
6952.08 24.7197 4.59198 35.6137 85.1604 54.8938 4.35498 12.7907 19.1116 0.0865473 20.255
6869.46 18.1266 14.0614 51.2527 66.2011 58.4619 12.6873 40.2422 4.17236 0.0245308 20.8855
7038.9 29.0174 5.42685 46.6662 41.7236 28.8972 4.6081 6.69685 10.9778 0.0360756 19.8184
7117.68 11.7376 17.4064 8.6993 39.3842 34.3679 21.6213 20.2478 16.954 0.029028 18.7399
7178.76 2.20937 4.48666 9.24133 96.4043 33.2211 33.3243 0.581498 31.8239 0.107073 21.0606
7189.09 5.35692 8.36019 6.86888 69.3859 30.2289 10.6864 22.1606 26.5864 0.0511105 17.4174
7097.25 4.48121 4.24767 14.8517 74.7872 31.1047 2.20593 25.315 17.322 0.0173487 16.7835
7092.85 8.41078 10.4598 5.7467 42.634 64.7018 47.681 18.396 11.7481 0.00843184 20.7681
7190.68 8.85284 5.88423 27.8857 24.8478 15.8508 19.0667 7.47049 13.2923 0.025863 18.6632
7132.34 1.21761 28.8157 18.6968 69.381 21.6051 25.3677 7.52327 4.50687 0.0270336 18.3524
7044.71 8.47177 20.2143 15.9903 82.4696 20.9271 0.88683 4.27636 12.793 0.0883114 17.6184
7085.68 34.0797 1.20719 4.43732 75.578 20.2361 1.76443 35.8327 5.98547 0.0585897 19.6216
6997.32 9.84599 14.2625 23.8731 73.493 22.1378 8.68802 35.9971 14.9043 0.00560325 17.4866
7047.14 9.56895 16.8853 23.2257 73.3732 18.6837 6.69968 14.8794 5.3919 0.0164 15.5489
6879.28 2.54781 57.8274 18.6917 95.3508 31.2021 15.4341 6.73809 4.70609 0.000834586 17.642
6892.55 3.25729 73.5908 34.5778 45.5051 13.8333 11.0048 24.8061 19.2694 0.00740542 23.7189
7104.98 2.46977 25.99 16.4631 50.2618 25.097 3.06123 14.7666 16.5102 0.00320582 16.1919
7205.07 2.87756 11.9849 4.32817 48.2389 61.7907 6.66973 5.85797 2.81374 0.00444432 14.5593
7185.37 10.3652 4.0021 6.61645 67.3852 41.1361 9.20946 2.3056 7.71935 0.055323 15.613
6902.04 5.33591 13.3582 60.3011 49.0535 47.3613 9.07674 11.9206 13.494 0.0374396 19.3819
6871.87 0.392296 26.4395 58.9822 90.2243 8.15217 10.2781 5.75436 19.6977 0.0459407 21.2859
6986.3 9.39191 19.3757 14.9507 58.0656 77.4141 10.4356 13.0855 12.1837 0.0524493 18.6531
7090.65 6.27573 12.4934 23.8882 57.7162 6.9432 12.4009 17.7326 12.1441 0.0930129 18.9257
7068.26 33.032 4.12184 5.25568 61.1887 59.9612 3.69828 4.81851 20.0874 0.040623 17.8761
7047.38 24.4275 30.9948 2.30735 55.2807 18.2125 6.39078 15.3893 7.01982 0.00443639 16.9534
7269.49 12.029 8.64189 5.9376 57.7243 29.7331 2.88386 24.0312 28.8556 0.00849242 17.7534
7102.04 3.04164 25.8163 10.6198 101.507 54.0699 25.7365 20.7709 6.34218 0.0017364 18.8036
7153.46 12.4814 10.1164 12.7514 63.6471 42.4976 29.8285 41.5139 10.2835 0.0169522 18.904
7155.83 17.477 4.17498 7.16835 53.2704 31.7042 18.5348 17.671 27.4464 0.0239557 17.9455
7012.36 41.5616 8.57528 16.8739 84.1767 45.0873 13.7556 17.6216 44.0612 0.0834607 24.1065
7034.93 26.829 18.1764 9.32783 79.6922 44.4802 7.03104 17.0443 141.285 0.0525783 29.955
7227.61 6.02495 22.646 10.0634 29.3372 12.3243 15.3715 15.9447 53.3292 0.0969287 23.5554
6960.95 14.7244 18.2387 1.43941 102.116 29.1099 17.9282 5.41552 3.40884 0.0392152 17.7181
6930.8 14.911 18.0842 21.567 103.34 50.2905 35.3898 35.0888 10.1343 0.106234 22.7684
7179.16 5.06794 10.0158 16.1578 51.7192 28.5451 43.2814 28.3801 8.43292 0.155774 21.2802
7199.82 6.51451 3.81634 24.096 49.7476 15.4352 22.8542 10.5147 19.3554 0.0575085 18.4359
7200.49 5.46477 7.87008 17.3685 53.5084 55.9985 34.1425 11.284 13.9658 0.0109864 17.2368
6753.97 31.2994 43.213 1.60796 130.709 25.9557 7.22679 2.7442 5.16438 0.00301986 19.0779
7157.77 16.262 6.73727 0.538905 101.777 24.4868 6.19771 19.3987 23.543 0.0020282 16.57
7055.46 29.9062 13.7931 5.71479 73.0948 19.5996 7.03185 24.3126 15.5095 0.111393 19.6641
7062.32 13.1123 19.8593 13.0748 84.1856 19.2048 3.84889 84.2907 13.1511 0.026239 22.0824
7099.38 11.0141 8.23444 27.3171 47.1797 46.2211 6.74511 15.5103 7.8007 0.00883468 15.7207
7024.45 4.54336 7.85117 28.0945 85.0872 23.101 20.2849 12.8024 18.8423 0.00837523 16.3883
6921.96 18.7326 32.5126 27.9245 55.7601 5.67135 2.41454 13.9516 17.155 0.000107382 17.7319
6940.1 5.31864 9.197 33.3605 84.8596 60.0746 21.8887 3.42436 39.0852 0.000107382 18.4798
7154.83 5.16335 5.26107 33.0823 61.9847 86.5703 12.9157 9.39433 24.8788 0.000107382 18.2962
7127.23 3.06864 29.0166 6.09921 73.1142 65.5309 16.8222 10.9481 11.4322 0.0111 17.4044
7192.14 19.0155 3.63039 0.183298 63.127 27.6686 11.1197 11.0214 22.4423 0.00273794 16.5654
6993.67 14.9203 15.864 1.69198 112.928 12.3309 4.42998 13.3272 2.70061 0.00498434 15.4848
6988.45 26.934 5.10325 7.60693 92.6022 5.75555 2.07733 7.87169 17.1061 0.0649115 18.4908
7128.73 4.5903 2.23171 12.002 86.5245 32.3219 20.2219 17.2274 7.15775 0.0466552 16.494
7130.6 12.1381 0.547232 12.7617 82.7593 72.2597 6.01089 29.1812 4.92249 0.0845153 19.8491
7068.96 26.1783 7.82631 28.0788 72.9611 4.1114 5.21288 11.3197 6.40825 0.0103135 17.2824
6851.21 14.1399 18.6693 23.8839 109.933 17.7931 4.98317 6.05205 11.8437 0.181427 20.1824
7258.83 4.92066 9.78536 21.5844 55.5605 10.7246 20.1934 3.74107 15.1179 0.105148 20.4182
7251.03 9.94501 12.5849 12.9894 51.4853 3.57014 9.15015 9.00783 11.4735 0.045638 18.1616
7223.19 2.7459 6.97403 4.5063 56.2584 22.8648 20.5501 18.1462 8.52242 0.0853171 17.6968
7278.43 11.8054 6.04347 1.08737 48.3811 60.9284 18.6012 14.3729 4.95882 0.00121897 15.8341
7127.6 5.254 8.29854 36.6197 60.7693 85.0075 20.2656 4.20531 15.1002 0.00369845 19.0565
7048.06 2.95285 14.2384 30.5451 35.9224 93.8551 30.3858 8.14043 18.1207 0.00452296 19.4364
7075.59 2.95285 1.53953 46.3647 26.1677 73.9301 14.1123 26.1599 9.71059 0.000728881 18.8601
7093.71 5.20766 4.08044 33.3259 20.1569 90.5318 28.8789 27.9437 13.5626 0.0208437 21.5462
7177.46 2.17023 11.608 17.9667 40.539 75.3887 35.946 32.6305 5.39584 0.000937526 18.5376
7237.48 10.3688 8.10293 4.07135 48.3359 41.3072 36.5436 7.33533 4.76224 0.066725 18.025
7017.88 14.826 20.0365 30.5634 83.1745 3.62299 23.7734 6.22428 1.57912 0.0416172 19.2006
6695.84 62.0346 31.5328 32.9748 72.775 14.8212 8.8777 8.66837 55.3772 0.048523 26.1073
7103.02 0.886049 1.00326 24.6995 82.1747 33.9016 0.592332 8.83087 29.4831 0.106008 20.0937
6897.75 15.5193 9.21467 30.6006 41.8243 55.7761 5.44365 10.6706 5.05755 0.0847212 22.4795
6874.97 1.66456 22.0859 22.3004 61.3429 120.397 16.7797 8.59356 17.4433 0.113621 24.2704
7212.22 2.3027 10.7586 17.2157 58.7545 69.1651 1.88843 12.4684 20.2343 0.00284706 16.6208
7097.19 8.2702 25.6183 2.89549 74.303 77.2422 5.3536 6.58011 6.38199 0.0565982 18.045
7169.99 15.6775 7.76582 1.48768 90.5626 29.3218 15.3896 38.8454 45.9147 0.036856 21.6089
6987.81 13.3029 14.2115 27.6924 84.2433 29.6875 14.8369 15.5681 1.53325 0.0134042 16.3551
7225.5 8.75335 19.9363 0.536818 40.5166 31.7766 33.3613 4.21187 1.71261 0.180269 21.3144
7099.42 19.5983 12.3391 8.7158 72.0092 40.1735 2.69909 17.4659 6.96556 0.126871 18.429
7049.5 5.67544 5.30971 44.9555 51.706 55.7498 14.9602 14.2331 24.1441 0.0249807 18.6405
7167.46 14.2694 14.9662 14.015 47.489 66.2264 6.94619 20.6071 1.68769 0.111941 19.7803
7141.91 14.3689 9.1509 13.618 27.7128 21.5159 7.97927 10.6416 30.5376 0.00323797 18.6287
6949.14 47.3028 11.0628 17.9832 67.5225 27.9621 36.5568 11.8133 43.4151 0.0032755 21.6069
7014.84 5.13221 31.2671 14.1656 81.3061 19.2665 23.1005 53.269 11.2019 0.0210482 20.3589
7006.99 22.5051 4.45805 12.5994 92.3117 19.5041 18.355 58.3118 20.1153 0.0142023 20.5253
6945.22 34.0032 12.2037 10.9295 120.936 7.32011 7.19628 3.86348 11.5196 0.00467568 16.6077
6818.47 30.9667 1.54633 29.3051 109.392 21.7749 3.75682 12.9021 17.7974 0.00219074 18.4026
7069.87 8.23933 4.17609 35.8651 89.3326 45.6062 13.7573 12.4298 2.42446 0.00173725 16.2351
6948.73 12.2183 4.26275 42.0729 82.7244 17.094 28.1057 11.0542 7.07776 0.0371134 18.3556
6962.23 11.9271 15.9961 52.3516 53.7569 23.1601 22.8861 11.1332 13.2222 0.00301285 17.9926
7011.67 12.7587 16.0364 27.7583 52.9217 29.8315 22.3254 4.95374 5.86845 0.0146097 16.9783
7017.72 12.9257 2.70857 55.2948 48.3291 68.2242 30.2154 8.66455 5.983 0.035537 20.4567
6925.83 6.71857 8.53225 49.7795 42.3697 68.392 49.2448 19.5493 3.71061 0.0112984 22.2371
6920.4 10.3089 33.4382 42.043 67.3727 23.1878 42.5067 14.0546 7.71555 0.0176475 20.6825
6961.02 17.3782 4.91428 36.7417 37.3655 48.1025 42.5067 9.29903 19.0875 0.0376218 22.5019
6890.17 20.5385 18.9897 43.4265 32.6583 75.8983 4.64304 5.84005 7.32579 0.149151 21.4069
7102.21 16.0675 15.3538 7.61434 30.9956 15.5602 1.22326 4.39283 3.96458 0.170445 22.0981
7155.39 26.9798 14.1204 4.90377 43.1175 19.659 15.2814 11.4287 19.1822 0.0790881 19.5795
7122.42 34.8423 11.0185 6.27277 24.4849 74.9716 10.6935 43.1954 3.47059 0.224785 23.7511
7064.37 32.0642 13.3375 19.5013 50.2523 16.8883 24.5759 10.4878 58.2986 0.0174304 22.4779
7076.67 36.1038 12.8934 17.1492 53.3302 32.5131 17.1177 22.1883 21.5023 0.00717765 19.5017
7077.95 17.5176 25.7537 4.35997 49.0396 55.2329 15.394 2.71934 24.0331 0.00874228 17.5285
7042.22 16.8608 2.4656 20.1929 101.217 27.6622 4.26687 22.3823 38.9521 0.00910153 18.2523
7123.27 12.5299 6.51302 11.2953 77.6065 39.0415 13.7877 18.6519 1.06231 0.046409 16.629
7063.03 21.7145 1.72482 19.6156 75.6436 18.1886 27.5483 23.3398 10.7962 0.0117855 17.6874
7170.53 4.09554 3.58287 6.98348 93.8354 9.07272 11.688 18.0532 17.6822 0.130978 18.3262
7124.55 26.349 3.43704 14.412 75.1427 7.47855 5.53301 2.69 2.3559 0.0168953 16.2163
7047.13 14.8922 8.85259 16.6282 80.4543 38.2186 3.12626 12.0025 19.9227 0.00438134 15.1634
6934.18 11.7769 47.9973 6.66162 91.0612 19.5335 10.1186 3.04429 31.6435 0.00683132 18.2986
6977.4 22.5059 34.4812 23.8471 21.8186 64.6051 14.5839 21.2044 38.6379 0.015799 22.6573
6992.85 10.6795 18.6275 3.50872 100.699 39.1141 41.3861 41.5534 17.2385 0.0162211 21.1658
7098.6 16.557 11.906 3.12334 83.7371 82.1711 19.5007 30.576 27.7186 0.0109959 20.4856
7312.26 2.00038 4.24961 7.09009 73.6648 50.5196 20.4139 8.6846 4.66536 0.00341438 16.418
7011.79 24.656 4.54786 26.418 79.4224 1.31364 30.2642 19.0413 6.93541 0.00341438 18.2383
7017.05 3.12024 8.17658 23.975 99.6328 23.3129 26.6938 12.5153 4.94831 0.0119141 16.3075
7191.42 11.6637 11.4665 15.4273 64.6524 19.0361 10.0553 8.19207 22.7857 0.0011408 15.3876
7055.12 13.3056 6.60916 29.6127 108.584 25.0752 13.0576 10.2287 14.6822 0.0011408 16.6835
6997.46 5.01917 8.83411 34.6607 108.685 29.4659 19.2588 11.1279 3.19354 0.0011408 15.818
6944.31 6.40517 0.613509 45.8628 61.3256 46.019 18.0966 14.853 15.3096 0.0213983 20.1781
6933.45 14.5668 14.7522 41.5094 31.629 57.713 10.4363 14.7824 6.17233 0.0174651 19.4122
7008.13 2.55923 26.3646 42.6528 18.6661 43.5292 43.013 46.8127 15.2365 0.00705267 24.8352
6934.1 16.3975 9.81724 62.1686 67.9612 29.5994 56.8844 24.2142 24.0974 0.0271791 24.7298
6943.62 19.4256 7.24326 33.6247 69.3233 61.0097 32.8897 20.8107 18.8961 0.0812915 21.3954
6972.52 0.51934 25.274 41.4144 35.549 51.0685 27.0139 18.7045 21.8386 0.0499377 22.5444
7024.75 13.4774 38.9931 43.0527 27.3897 9.4267 19.5473 20.4234 38.5707 0.137314 27.7661
7024.75 17.8047 28.8604 27.6429 14.0341 20.1447 8.91068 29.498 30.1755 0.136806 25.7162
7030.39 12.6527 26.8279 21.6154 47.7775 22.6703 22.3678 34.553 14.1086 0.0455723 20.6193
6930.47 11.4313 52.8811 15.9389 44.811 39.4102 35.8683 18.2733 7.7236 0.020332 21.0273
6706.79 16.8976 48.1742 9.82528 136.454 27.3113 6.77487 11.6565 10.5431 0.136162 22.4446
6936.63 27.5928 22.7176 2.60681 107.457 31.9171 2.20752 40.611 20.3468 0.0957576 22.1286
7020.51 15.567 37.1254 2.66901 65.6748 79.1341 15.8346 65.3088 1.88281 0.0907789 25.1188
6853.33 19.9789 32.6386 11.4559 89.4683 78.7239 17.8981 3.39676 19.0581 0.0807655 21.3637
6855.03 30.4522 37.8311 6.10485 92.9015 76.802 34.2897 0.387296 4.98557 0.10394 24.408
6701.01 68.4546 5.27246 37.4796 87.3983 83.3064 3.97911 25.2631 1.89635 0.0783887 25.8375
6736.91 31.0716 8.50965 32.4489 80.1018 104.113 11.6114 0.870384 3.02891 0.0533231 24.1186
6653.45 48.3239 31.7051 27.898 88.8479 17.0346 8.70411 3.17127 3.86404 0.00648514 19.9751
6624.04 26.2551 22.9534 58.6117 103.65 24.6825 3.53766 25.1493 1.1107 0.00698528 21.5653
6673.27 37.5249 16.488 51.4959 82.0935 37.961 0.5954 6.06989 1.87432 0.00572823 20.3568
6599.13 33.6824 21.6078 50.9358 81.4143 43.8857 10.3265 14.686 11.9378 0.000703245 22.1251
6559.1 36.2964 48.1086 48.2237 89.1912 50.4483 8.38905 15.1701 12.9678 0.120284 25.3387
6687.25 22.4935 33.0955 45.5398 66.3141 30.3835 12.4786 12.2687 12.6103 0.0855646 23.4056
6786.26 9.09828 52.0603 32.7083 73.4373 41.1868 14.2602 12.9262 26.6284 0.0193916 20.8129
6781.61 32.8057 58.744 2.28384 42.5451 59.6105 31.7557 6.45689 5.20723 0.0212474 23.5322
6811.85 45.2378 37.9797 8.06267 50.8717 72.6415 49.704 7.25685 2.83632 0.0285364 23.6505
6799.09 45.9004 33.6371 4.70871 62.3168 121.699 38.0401 9.85303 2.83632 0.0527148 25.9411
6838.39 25.0542 42.9422 26.1852 32.38 65.2084 34.111 10.2153 12.1237 0.0550217 23.1181
6867.05 42.1313 14.2918 9.46381 111.309 37.6139 6.80639 13.7051 72.8482 0.0235192 23.7224
6899.67 9.69619 18.8703 8.19018 118.92 28.8552 28.665 7.46449 25.2179 0.00331433 18.8098
6912.88 15.5348 41.3189 4.41098 100.783 17.5809 9.37684 16.0197 22.6603 0.00331433 17.4982
7029.71 8.54716 32.2689 9.53827 75.4199 15.4775 27.5396 16.0667 0.983298 0.00331433 16.931
7086.99 6.57381 26.7601 13.6797 75.4199 11.7491 1.54339 30.7512 9.47875 0.0026864 16.4919
7057.29 4.45379 18.5707 14.3147 95.5927 29.6455 0.431061 8.78117 6.00352 0.0178274 15.7704
7014.03 9.12102 8.24332 26.9093 62.6966 124.905 7.10295 10.0813 1.0767 0.000924541 18.8881
7061.01 7.89537 12.2151 4.62173 34.1902 144.617 50.8391 17.7077 10.6208 0.0602332 25.7656
7096.56 9.76356 11.0279 15.9129 55.5966 19.6142 26.9232 17.7573 6.77314 0.0902913 18.8292
7135.77 10.4261 10.3666 21.0241 45.4457 36.0808 12.3557 50.3588 7.55895 0.0575919 19.9764
7162.08 22.4442 14.369 11.9949 30.1596 12.3904 38.6823 9.78783 32.8128 0.0116971 21.3881
7178.33 9.3816 2.81724 7.42564 56.9097 6.67639 9.86737 18.2058 7.63428 0.0189877 16.7696
7152.91 8.61023 2.94541 4.46607 62.1505 16.8889 43.3896 13.2988 6.99245 0.0669122 19.5181
7202.12 16.8585 4.45522 8.61668 55.3448 91.6311 4.24213 19.3029 15.7843 0.0176243 18.5411
7112.1 16.6755 14.3111 17.0239 90.8646 4.25747 8.56564 33.5693 28.1516 0.00169004 18.8427
7099.9 36.1984 18.5739 11.6358 36.4994 57.5795 19.7287 12.0991 4.31961 0.0277642 19.9427
6975.13 3.90701 15.2869 18.4876 89.6305 30.0524 3.87037 21.3967 5.22783 0.0203966 16.9033
6992.75 14.645 28.3618 14.5684 85.5119 33.5659 4.29017 10.1548 17.7077 0.01394 16.5746
6950.08 0.71667 11.2295 20.9121 81.2092 9.29826 8.20995 10.0006 11.6376 0.0684778 21.3897
7001.01 19.8516 1.83498 21.106 73.2427 62.0059 1.18823 29.1008 7.42611 0.00832164 17.9847
7078.34 30.4387 14.8507 22.0299 55.9765 66.5041 0.902004 18.0662 13.4242 0.00154265 19.4989
6682.09 34.3321 25.5871 50.2127 108.992 41.0903 12.7116 9.68228 5.71397 0.00495558 20.4946
6811.11 31.8674 19.8889 40.56 79.501 60.341 12.9694 10.3468 3.69214 0.000683861 18.0589
6847.41 21.1381 13.8892 20.5825 116.213 26.3257 12.5732 25.1921 6.28683 0.00238466 17.5285
6579.5 16.3103 17.3523 65.2367 114.169 1.32468 14.2286 11.2099 6.91544 0.0058249 24.0124
7094.03 5.67958 16.6699 25.7289 70.2527 10.7705 13.0591 8.06246 6.31279 0.0060734 15.1987
7068.16 12.0828 14.4359 16.8342 96.0709 9.45655 14.9081 18.8098 24.2846 0.00602433 16.6936
7064.55 1.10057 6.20391 7.73296 72.518 82.9592 23.4356 11.4891 3.43898 0.00832803 18.6705
7089.92 14.9305 6.78519 1.88573 105.227 3.54667 17.8098 3.62224 7.39657 0.000653521 14.5015
7256.78 4.5895 2.17753 1.88573 71.9706 21.7532 12.5071 5.2568 7.39657 0.000653521 13.3306
7212.7 16.4155 10.4932 9.07472 50.1626 44.0677 22.8254 11.8304 16.581 0.109244 19.646
7043.58 25.4152 14.5163 12.5258 72.3458 40.8414 10.5366 8.11863 12.0862 0.00323333 15.3157
6941.92 42.0038 12.7235 18.1366 59.6228 37.4509 3.65354 10.9861 29.1044 0.00758139 18.5096
7002.14 8.58353 8.56157 18.5152 85.9838 40.0225 8.69877 39.4364 3.38964 0.00288727 16.9788
7111.67 19.1205 10.7397 0.330811 103.595 9.16232 10.0985 8.68729 17.4388 0.0641501 18.4567
7154.37 17.9412 3.08912 18.5052 44.4702 63.2626 26.9237 5.759 12.6483 0.121457 19.6286
7208.28 18.2332 5.4467 17.4527 44.4702 15.6181 14.2904 6.33998 4.07284 0.159065 19.7236
7048.04 9.68108 11.4337 34.0962 56.4687 45.8834 7.81818 5.38041 23.618 0.115118 19.2332
6779.59 22.5786 20.3995 32.2509 126.016 15.0638 19.752 20.9233 3.20375 0.0844624 21.2608
6902.42 16.6734 22.484 65.4121 24.6702 50.2848 5.91577 21.7423 4.7023 0.0525089 22.0991
6889.24 14.1941 50.8707 6.58651 63.3662 125.454 1.89843 13.6111 4.40863 0.0821685 23.8578
7038.15 0.511079 38.163 3.99798 66.54 56.4281 9.36749 8.22619 8.34752 0.163379 20.3565
7107.44 4.75901 18.4113 1.46182 70.1052 78.7444 10.2112 7.14177 6.3201 0.0698939 17.7334
6966.28 35.8458 12.2362 0.053048 88.6643 11.2942 10.7117 18.9078 1.67254 0.13001 22.2268
6851.62 27.2747 56.4081 0.053048 59.8665 36.9167 3.33096 72.556 29.2311 0.0139253 27.8988
7101.8 4.16883 5.66074 23.0846 57.1107 78.0505 3.039 6.2413 14.5741 0.0056388 15.8389
6967.36 6.79538 18.6457 5.00439 97.3449 10.3562 17.9328 42.2285 0.818707 0.0215102 20.764
6978.43 28.2911 23.6158 11.3374 82.5853 6.12306 3.47796 26.114 7.20592 0.0296169 18.4137
6867.79 48.3438 36.2736 4.31682 103.192 9.84241 14.4133 19.9604 11.4012 0.00784698 20.9701
6791.44 39.2634 27.1599 31.449 57.6002 36.927 26.2869 4.48786 4.50944 0.021172 20.422
6833.94 25.1977 28.6002 7.39186 118.338 16.4656 34.9971 9.53942 12.4375 0.0346633 20.1186
6838.58 20.2312 40.4922 0.352542 134.699 10.1417 4.92112 6.84433 48.4708 0.0247431 22.7682
7050.25 52.4137 12.6202 13.1839 47.1914 101.965 1.06261 6.54887 17.137 0.00335772 23.7728
7018.84 43.7739 3.80123 5.75107 47.1914 84.6405 3.99322 0.761015 2.11864 0.0304332 19.3742
7104.58 28.0384 1.37598 11.9575 60.511 61.4603 3.17111 10.1341 13.2375 0.0488021 17.8628
6907.68 29.5143 2.0114 16.1841 104.799 24.3157 9.68427 1.06873 6.05189 0.0158891 17.3795
6994.53 14.9772 13.6531 32.8342 82.9427 9.77518 19.985 0.814499 26.4694 0.00730653 17.9774
6941.07 5.22781 20.7107 7.44692 90.7158 46.6492 16.496 7.21873 23.6562 0.0122661 18.9104
7240.67 6.02731 6.81245 8.40405 69.4135 52.256 8.15147 8.40142 1.8284 0.0511916 16.6153
7147.28 19.6233 4.84937 6.82361 69.4135 51.786 11.1912 43.1778 6.5961 0.0234666 18.219
7077.68 39.2459 16.9738 14.4649 81.2588 39.3344 5.37041 29.2787 12.5593 0.0492481 24.3997
6947.94 40.9284 30.3208 0.149352 79.3601 42.6977 1.39051 33.8078 25.3998 0.141804 25.8367
6967.75 20.5315 32.2636 38.8036 77.1874 5.71378 4.39322 20.8698 5.49524 0.0109827 21.1367
6939.04 26.59 19.215 15.0373 110.773 35.0571 5.51582 41.3283 21.8737 0.0493368 21.7333
6965.68 16.1292 14.8538 29.2782 85.8143 11.2719 22.0765 11.1738 20.4119 0.0217143 17.8911
6867.79 16.6149 30.9882 24.4659 87.4235 38.0466 19.6644 32.9794 26.1291 0.0593523 21.8381
6948.91 22.4006 13.2399 32.0482 66.0823 35.6006 40.8686 13.3496 22.6452 0.130659 22.2924
6757.92 46.28 11.6785 29.1922 113.756 12.796 16.6151 9.38096 38.3495 0.0800213 23.1806
6912.28 23.2853 8.30028 49.9812 29.4517 52.8493 14.9439 23.269 34.0077 0.0739679 23.7726
6929.61 5.38151 12.6682 17.4306 113.033 38.6307 31.0092 14.5811 27.5935 0.0563936 20.6113
6971.06 23.9291 18.15 30.1809 69.2094 26.1715 32.6746 11.8123 3.73545 0.0297967 19.021
6772.94 32.6491 49.6174 6.07284 80.5589 79.7824 11.8766 16.1301 1.49782 0.00306266 20.6355
7334.8 9.08107 9.18156 5.03071 70.2316 42.6426 3.73001 42.7493 37.3624 0.00590522 23.1093
7037.67 9.69587 10.5952 31.2601 33.2723 98.9971 6.64309 24.3257 29.6936 0.0128258 20.4577
7015.13 11.7543 9.94892 22.1015 48.0514 35.7445 38.079 4.02911 15.2197 0.0122095 19.6797
7128.39 9.22749 8.05309 35.6216 63.3835 57.5986 19.7149 0.358215 11.7785 0.0052012 18.6193
6852.82 12.336 7.44429 49.8907 97.0171 74.2752 18.9153 1.71182 33.7699 0.0268777 22.1949
6712.71 12.6337 4.11527 72.2476 65.079 46.266 19.717 10.0773 34.5203 0.0335389 25.491
6775.52 12.5044 7.3276 62.2198 103.588 37.0518 14.8909 1.4695 7.65065 0.0804619 20.8309
7080.39 12.9148 28.3974 11.9223 94.2322 6.60475 5.31895 14.1621 3.75972 0.00441971 16.7133
6895.84 14.6672 4.53897 36.8227 71.3996 71.3541 23.9879 3.05451 1.83631 0.383622 24.4088
6882.1 14.0013 8.21752 66.6099 60.5176 71.5754 24.4444 2.58325 1.83176 0.0877206 22.2507
6643.63 14.1043 12.1892 94.095 59.8974 65.999 53.077 5.90397 7.48468 0.0196949 25.5648
6977.95 14.2641 17.6254 16.4232 94.2694 67.2706 34.3919 33.2351 14.7374 0.054705 21.9471
6862.84 11.7722 34.1255 21.3776 81.6175 78.6959 57.7072 23.3796 21.8718 0.142841 26.3997
6902.01 12.8321 22.36 20.0009 66.7435 79.2568 39.3277 45.4769 25.7181 0.133906 25.9121
7028.67 7.68037 14.7401 47.3619 64.0355 27.4172 17.6352 60.1403 13.1275 0.0655996 23.6066
7019.58 17.6911 13.3913 9.24874 119.909 25.8543 13.9966 6.39223 9.01053 0.0120356 16.207
7104.28 7.75243 5.50591 4.55671 85.9894 12.511 12.0275 27.619 0.323548 0.0494112 18.1981
7199.16 7.73526 5.51518 1.92967 91.1343 3.64652 4.22124 8.69277 1.52199 0.0688238 16.6901
7153.15 13.2642 5.2994 7.28293 102.613 17.756 5.25278 8.679 13.3849 0.0262063 15.6877
7157.05 4.90821 8.87536 7.3489 77.4373 17.7412 8.28828 4.85237 12.1738 0.0147891 14.2752
7157.05 8.27416 16.6276 16.2888 80.1276 26.3679 5.99205 20.4382 12.4339 0.0086772 16.5428
7136.95 10.5844 27.1099 12.9501 69.0151 7.25916 13.1037 33.253 11.9912 0.00314753 18.1634
7265.82 10.9376 15.4341 8.59037 44.8136 9.58304 25.5627 6.74226 23.8213 0.0201401 19.0717
7247.07 15.2209 0.299113 8.91022 65.5213 18.1203 27.0739 3.66966 16.8196 0.0202858 18.0034
7358.71 15.4473 0.92081 3.24805 4.11968 79.1567 52.4522 3.70729 18.0511 0.0207919 23.3904
7138.43 11.1788 10.1702 6.74302 52.6984 35.743 53.0628 25.0046 19.1581 0.0278373 20.571
7135.97 6.00589 10.0164 3.47472 77.1008 36.1806 18.2678 23.9206 8.12459 0.0699507 17.3431
7050.75 8.90209 23.8903 18.5061 61.4527 51.021 21.9468 51.2998 7.37627 0.0340068 20.5267
7116.67 17.4959 4.31681 15.1674 50.0758 37.4412 19.0544 4.38283 13.86 0.0123516 16.2462
7162.47 7.48713 2.04436 15.3305 78.7121 30.8479 33.2985 2.98018 11.2652 0.00664998 15.7947
7100.64 2.1729 6.16894 14.1458 76.5707 20.854 26.0893 1.75482 6.54249 0.0425305 17.0551
7069.91 14.7905 4.02798 21.3687 72.8462 25.9442 17.1849 26.8382 5.72307 0.0743553 18.1841
6987.72 10.182 25.6934 5.56304 78.1067 56.1891 13.31 14.8766 12.1312 0.0198106 17.2984
6876.86 48.6272 26.1247 4.91561 70.5178 93.9407 14.9314 54.0786 14.815 0.0275413 25.4981
7102.15 29.4437 22.8703 1.28564 39.8875 73.8441 7.53294 34.6838 15.1816 0.00800606 20.2998
7152.14 6.91222 21.4592 3.03114 26.5698 67.2464 5.8588 9.52102 12.8205 0.0203742 17.736
7134.49 11.2848 8.82875 6.21205 71.7908 32.6897 6.68628 5.57309 12.7767 0.0246976 14.8572
6757.31 34.5929 13.1694 45.0998 96.6889 16.0669 6.91855 5.00154 12.7286 0.00205578 17.7581
6681.68 61.9482 15.6995 45.5544 81.8951 6.27709 9.11615 10.1263 1.06381 0.0139705 21.5228
6830.47 20.2098 19.7814 29.0974 84.0346 25.5085 5.21986 0.988459 16.2649 0.0145543 18.6184
6976.95 35.2177 16.179 0.892405 90.8415 19.915 50.9948 45.5093 23.8713 0.00173594 22.8823
7026.5 40.0685 15.9209 0.892405 74.4382 34.0091 1.5044 40.6082 26.4474 0.00119053 20.1811
6989.66 38.7838 12.3047 23.479 68.5482 33.5721 25.832 36.8412 24.8628 0.00618335 21.5029
6979.6 24.7371 2.23196 36.0304 69.1488 47.0912 37.4834 17.8834 3.19794 0.00199568 18.5439
6979.48 22.0484 15.4254 17.3541 36.2692 73.7413 8.65588 14.8614 3.19794 0.00199568 17.888
6959.98 20.0903 45.6181 9.92397 47.4089 66.1878 3.58099 18.1744 21.0109 0.0144922 19.7831
7032.83 21.9179 4.66875 31.8145 38.67 55.4341 3.00571 5.88666 16.1456 0.0218803 17.8081
7077.34 14.0371 7.10291 31.1769 38.5146 92.2887 3.06553 10.5585 13.1351 0.0498815 18.8172
7022.58 15.7543 4.57991 41.691 36.9668 80.3717 16.1304 23.3814 6.06908 0.136076 21.3058
7042.35 25.7125 10.8734 23.0841 103.679 32.4438 30.7323 21.8263 3.02646 0.047211 22.5729
7043.83 3.38156 16.9007 32.134 118.116 52.0229 21.4247 22.843 12.2027 0.0100185 22.7675
7088.52 11.8384 14.7852 23.666 52.319 64.2891 21.8022 11.6305 3.46725 0.0267473 17.5042
7101.03 8.06913 8.50803 15.3418 73.714 71.5744 12.3746 24.0778 3.46725 0.0204086 16.931
7092.45 14.5959 10.8618 7.16948 79.6233 40.9314 11.3631 3.59186 4.11734 0.0761884 16.3352
7108.13 23.1024 14.1501 2.26074 95.3123 8.85323 3.9632 12.401 3.67672 0.0044778 15.5725
7028.35 7.87545 9.4316 14.325 79.7788 26.6665 13.434 19.1112 30.2382 0.0271373 18.3174
7028.35 21.172 18.2715 12.699 52.845 29.675 9.21357 9.53726 6.2109 2.54515e-05 14.5984
7039.05 21.172 14.6707 13.6123 83.3131 7.79546 8.66083 5.32674 10.0836 2.54515e-05 13.7517
6986.52 20.1653 11.3535 12.5276 120.365 7.79546 13.4921 5.32674 20.7991 0.028542 17.3578
6974.47 0.649611 3.59296 18.3952 117.206 55.3763 12.0993 6.65597 2.83308 0.0237602 18.4339
6966.31 37.8156 5.76702 15.3627 89.2074 47.9278 12.3669 54.4431 18.0575 0.0327726 22.0059
6989.49 16.1754 2.69281 11.9252 83.0712 49.3903 25.0086 48.6563 8.56849 0.0416569 21.5838
6897.44 33.9578 5.65369 9.19053 121.785 38.34 3.01493 2.35877 21.5388 0.0412436 19.113
6698.77 67.8552 3.21471 7.46453 134.761 26.3384 3.01493 2.35877 9.83825 0.0464488 22.147
6698.77 52.472 3.21471 20.5614 127.514 2.55394 4.68701 9.68065 7.11457 0.0241938 21.562
6918.3 31.1124 26.2371 55.795 30.8054 54.7319 15.8077 25.2898 6.36047 0.0210578 23.9213
6983.16 2.09902 56.1841 8.62507 44.1395 35.0608 5.48166 27.4752 11.367 0.00926462 19.7235
6941.05 10.4236 55.1175 6.76002 42.6864 36.6895 3.39392 13.7858 27.6417 0.034937 21.0963
7002.58 8.63236 24.4916 1.50767 98.8434 48.1978 1.56338 20.4134 24.8377 0.0761958 19.8771
6967.3 28.4341 5.24205 15.0951 82.6748 28.4135 5.12998 34.5291 3.36233 0.0127488 17.7319
7191.99 4.43837 4.18492 1.00424 96.9816 27.4723 12.2473 34.8007 8.56766 0.074088 18.4446
7221.99 2.11066 1.50799 1.00424 88.3594 26.2955 8.08125 24.161 7.69624 0.0606827 17.2792
6970.24 11.7665 2.36025 34.6838 105.911 33.6005 7.47214 21.9794 6.54599 0.0391878 17.9681
6946.6 6.32409 17.9693 47.647 56.4037 71.8959 17.2722 3.60229 7.69198 0.011615 18.112
7031.3 2.1169 14.3578 49.2178 53.0339 69.7312 16.1651 46.0687 10.7837 0.00067208 20.2454
6802.31 15.0238 42.4902 50.5845 53.9186 91.1313 34.3215 18.8806 0.626856 0.0192977 24.8141
6777.04 21.292 6.57193 91.6206 42.3591 83.15 34.8518 9.72259 4.54817 0.0134413 23.948
6896.91 1.10746 21.0742 91.6206 24.9329 52.6649 21.3881 14.5177 3.19647 0.0166186 23.6212
6753.53 3.92649 14.3 85.0528 69.9478 13.8437 29.2507 13.7169 29.4261 0.0579161 24.3391
6753.53 28.9535 23.1748 54.1819 103.674 2.11376 7.48732 29.4773 8.73022 0.0747112 23.6257
6890.26 25.806 9.86974 51.7375 71.9906 21.0992 9.98282 5.42694 7.73885 0.100765 20.145
7091.82 8.22725 5.7589 23.4038 63.489 37.2627 8.84278 14.2559 0.083058 0.049004 17.7916
7038.01 13.9461 8.97001 16.5125 70.5893 45.3806 1.51532 21.5522 5.26294 0.04426 17.1084
7105.49 14.0311 5.86763 17.7282 57.1684 22.3194 19.0967 13.6877 12.0845 0.0149157 16.3658
7123.09 2.47563 12.7625 14.8481 70.8671 12.1965 5.36049 33.1184 5.4055 0.0181551 16.7092
7118.68 9.60021 16.931 16.9526 77.7598 31.3745 5.84272 47.7116 11.9154 0.00339535 17.7696
7278.69 0.101707 21.4262 12.4384 43.6005 36.454 0.392437 16.3096 17.7208 0.0367842 21.249
7121.33 4.71139 14.5874 27.4514 81.7968 13.9073 17.3619 25.5498 5.21468 0.0110287 17.3976
7085.78 19.9986 3.53355 24.9764 63.822 13.4913 0.208715 1.97255 16.4402 0.00686251 17.0754
7064.3 8.84876 8.07233 20.0784 70.1735 58.6948 23.8012 10.1764 22.7382 0.00305497 16.5004
7112.5 11.4845 11.362 21.8694 47.5465 32.7845 22.8329 1.30698 37.5926 0.0325989 19.3808
7229.02 3.87706 14.0892 39.8179 18.5948 19.6124 34.7629 0.968557 19.1674 0.0366705 23.2187
7170.61 7.92184 13.5904 27.077 36.9848 8.96429 34.7262 0.665164 1.10105 0.000818207 18.4716
7075.68 2.20486 16.027 21.1354 87.5312 30.6128 7.73127 6.19314 16.5884 0.00608604 15.0708
7213.66 14.453 9.83546 4.86198 68.2973 73.1514 3.22316 2.60839 19.7936 0.0229958 18.266
7089.2 18.6417 15.357 23.3788 62.318 58.922 0.870304 6.07647 0.106687 0.0289076 19.6221
6919.12 17.7746 8.86544 6.71122 21.9796 201.933 5.74579 24.5258 3.54293 0.195392 29.815
6989.9 4.58565 11.9297 25.4836 75.423 43.8706 10.9408 49.5986 11.8901 0.084017 20.8852
6991.72 1.38125 11.9441 33.251 106.219 62.8031 2.32489 30.8377 7.92287 0.00985887 19.4742
6962.31 27.2892 34.0468 7.76676 62.9862 62.0402 6.94542 21.8467 22.6311 0.0101309 19.2653
7041.75 11.2426 45.3134 8.33919 46.9805 39.7744 21.2723 31.7143 36.1804 0.0051312 21.3393
7013.3 2.15776 35.0928 9.20454 92.7583 23.19 19.0285 12.9865 28.8581 0.00620276 17.7092
7101.05 3.3572 32.685 12.628 38.872 88.1941 15.111 13.4664 9.00186 0.0200141 18.5631
7043.59 8.43308 25.1634 24.9892 70.4489 21.6797 20.9989 5.43752 11.8846 0.0118409 16.7087
6878 27.3442 23.784 19.5384 85.2274 37.8317 15.9258 3.9794 13.05 0.0260981 17.9507
6914.37 34.5099 23.7063 3.85702 75.4484 66.5992 12.9401 2.37604 26.0896 0.127526 21.7135
6914.82 36.9329 19.0316 25.0678 85.799 78.2262 15.7148 2.2321 2.89032 0.0803839 23.3393
6944.89 4.53506 10.339 24.8436 138.526 25.9944 20.7126 4.43105 7.96696 0.0920501 19.7634
6961.85 11.6798 7.13516 21.4707 123.955 22.7485 45.0609 16.782 13.631 0.0772564 20.8786
6903.7 18.8154 5.26878 16.353 124.426 6.07568 30.8175 7.34318 10.1922 0.10309 20.0987
6993.68 11.4705 13.414 16.1184 109.223 25.4567 20.9167 13.5921 30.5897 0.113636 20.1907
6917.52 21.4538 4.18297 38.8369 113.216 20.196 10.6799 9.20017 21.6431 0.115125 21.0932
6961.4 26.1858 1.21717 18.8006 113.216 20.3664 5.11601 9.54974 5.0882 0.099835 18.604
6839.47 25.063 3.50298 29.5324 136.792 21.6395 9.80254 5.41226 11.9422 0.149914 21.2515
6896.55 47.3853 3.50298 26.7587 105.317 25.8736 1.95012 18.2859 5.57127 0.0318473 20.2184
6819.51 22.2194 5.42539 44.3269 109.84 24.6561 9.29941 2.96919 1.08125 0.0632376 19.4201
6861.2 4.88769 29.075 62.203 53.9719 77.2696 28.4603 30.8173 9.88509 0.0223046 23.3826
6925.74 5.74689 28.9847 48.9278 56.4069 60.421 23.7952 14.5094 40.4529 0.0223046 22.4517
6786.24 4.8656 52.7326 51.3192 35.9992 71.4707 14.0928 4.68734 31.4876 0.0124949 22.9559
6864.12 10.5857 30.1568 48.8129 54.8575 80.2016 14.1644 5.18084 35.2169 0.00262908 20.734
7013.64 9.08269 31.0785 42.0541 36.6713 51.8803 8.89825 11.2732 33.2986 0.00424283 20.1539
7218.91 8.83181 15.6273 18.909 35.6375 33.1795 2.59622 9.72952 30.0814 0.039514 19.1005
7071.02 16.026 21.4701 15.3114 81.8675 31.5619 7.51956 1.94073 10.9532 0.0543425 17.8153
7094.02 35.3255 15.9472 4.37253 83.8407 17.8752 16.3399 3.17843 5.86752 0.0470552 19.4042
6839.37 38.5262 14.2463 9.23591 110.131 40.6326 12.309 0.877584 5.07015 0.0483449 19.2686
6999.86 17.2739 25.2492 9.81097 81.4835 42.574 20.5021 3.47821 20.479 0.059171 18.5538
6723.12 49.4613 28.7068 13.4265 118.326 42.9575 20.1654 6.76717 26.9355 0.0717009 23.6814
6992.95 25.2928 18.6681 15.9531 93.9104 19.5937 8.77435 11.5521 11.9497 0.0976041 19.0389
6782.32 22.1288 48.8077 19.0697 93.7326 16.0359 8.69137 16.2653 7.81415 0.0568513 20.1128
6782.35 17.8604 18.8299 23.6698 146.049 15.0286 15.0194 38.3236 8.50462 0.0467508 21.9881
6929.3 4.78697 11.7148 17.5575 119.427 32.839 10.9668 32.8247 5.89144 0.00384428 17.7425
6847.79 28.9366 10.4399 15.9228 129.56 19.8974 12.6003 4.14288 0.941265 0.0464657 18.7577
6829.52 14.435 15.3536 27.2425 138.561 15.7503 14.6134 35.9648 1.70294 0.00324764 19.4683
6910.21 17.1172 26.2181 2.70509 112.407 9.33982 10.365 15.4213 12.5811 0.0253398 18.0003
7107.89 15.5802 7.49766 11.3178 53.9521 22.795 5.25175 8.17794 17.529 0.00827311 15.8063
6974.54 14.8289 23.6292 32.83 53.8108 20.7985 4.89552 9.82032 26.7706 0.1715 21.7429
6997.57 42.1942 4.70639 22.3025 44.9297 21.4103 3.19599 9.72836 45.0445 0.00356411 20.2302
6862.32 22.4042 12.1807 43.2713 115.386 7.68141 16.8388 37.1318 8.87062 0.0305533 21.3211
6936.48 49.9901 7.03256 32.0158 42.2055 67.7963 31.8238 32.3757 1.22973 0.0741629 24.5426
6851.62 28.8975 7.34743 34.3247 71.6577 37.2581 19.3293 21.6645 15.5683 0.0685504 21.2377
6928.65 26.1185 8.24174 35.4141 63.4689 58.4451 35.3329 6.22326 26.2663 0.084926 21.8448
6791.1 31.3301 19.7168 34.6819 94.7004 44.0067 23.8071 15.4288 7.3488 0.0781693 21.2679
6644.79 34.7042 28.4576 36.431 80.5114 45.5914 9.20292 36.339 6.08386 0.0351104 24.1594
6469.72 34.7042 36.1893 39.9053 115.964 63.1517 7.72988 24.8053 10.1972 0.0301039 27.5391
6494.97 40.7637 46.5941 20.4569 132.174 68.232 10.0855 32.5025 8.85509 0.031683 27.783
6453.88 38.2114 52.4576 23.4558 132.174 31.4311 11.7186 19.7376 11.5681 0.0159511 26.0039
6650.24 24.7316 59.645 40.9524 79.6408 48.4112 5.43543 19.2287 2.81182 0.049582 23.029
6808 37.0353 42.5547 18.4329 56.046 51.539 5.43543 18.8708 7.01441 0.00386806 19.2511
6832.81 20.2748 37.9701 22.1886 62.8502 32.9282 6.46481 4.73526 9.31209 0.00841475 18.1769
6876.41 27.7147 49.681 6.36381 60.7036 79.6751 7.16045 6.67749 35.2125 0.00243859 20.7898
7120.93 9.51245 21.3818 4.28752 61.2469 63.522 11.9051 13.3698 29.491 0.000506276 16.2951
7071.98 8.65297 29.968 4.41359 94.4379 37.3038 0.735125 5.68847 28.6693 0.0255524 18.6281
7115.71 4.76102 13.7671 6.35607 88.2299 45.9092 3.41774 7.72505 23.0639 0.0267988 16.0702
7188.59 4.45422 13.5151 2.36941 77.3048 52.776 2.2682 0.478908 26.412 0.0178178 17.2285
7150.6 2.04474 13.2769 3.45048 77.994 32.9121 64.7143 15.1334 3.13195 0.0755017 20.5872
7311.84 10.5292 2.59818 4.41051 4.62274 107.712 24.8451 25.5815 16.9701 0.00996995 21.4411
7206.66 10.4163 3.49473 11.4163 30.9152 112.146 44.7731 20.2103 2.44477 0.0181052 21.1363
7038.37 40.4398 2.31 11.2207 45.6555 50.3276 34.7216 2.86834 4.45953 0.0136716 19.108
7013.76 43.5261 4.30986 12.1054 69.6413 47.9657 15.765 2.58347 8.2456 0.0623728 18.9011
7065.43 14.3862 3.35931 13.2545 61.2396 67.8833 18.394 12.8375 9.51933 0.0869506 18.355
7246.32 7.04378 16.6481 6.35074 63.933 6.00501 10.4443 5.47051 2.25102 0.142372 19.5742
7235.12 15.0337 5.18468 4.30914 43.5489 25.4684 5.73049 6.8648 0.374383 0.074235 17.7125
7306.35 14.9613 4.47284 3.69557 47.6199 29.3052 3.93928 3.61219 21.4109 0.0029399 16.0863
7215.81 11.4376 0.571625 17.3718 61.5408 43.6191 16.3706 3.48391 12.565 0.00661322 16.1399
7129.97 2.36676 0.857168 11.8324 128.017 17.6049 2.96355 2.31115 7.31083 0.000902023 14.9319
7062.02 25.855 30.9475 11.0219 52.7284 38.8058 2.29927 12.0776 0.315288 0.00424326 18.3292
7071.36 7.23456 7.03672 8.75014 143.428 9.04739 3.76292 7.49875 17.0258 0.00223419 15.9966
7099.91 10.1712 6.60459 8.75014 80.8099 23.4403 4.44876 0.351974 20.6779 0.00292576 15.1837
7079.67 19.4705 25.6213 2.40678 58.5282 22.3593 6.34461 11.6646 1.49909 0.000350605 15.2268
7078.13 1.98248 19.3183 26.3425 81.066 14.4084 7.06421 5.06672 21.9517 0.00359392 15.8027
7124.69 7.78931 5.26044 17.733 79.2023 3.15824 5.13811 17.7659 3.47103 0.0129457 15.4764
7202.14 1.88917 12.1302 5.40313 82.5683 10.6218 3.21683 33.2855 11.4024 0.032983 17.1903
6900.8 20.7763 31.0897 24.2346 90.5577 7.88314 19.3024 7.40015 22.6483 0.00946196 18.4579
6985.05 20.3134 12.6548 17.786 131.121 14.4897 25.1103 1.44568 1.92776 0.0208392 19.2707
7010.39 6.64607 7.39029 23.0889 89.7479 65.96 38.286 2.99014 6.3476 0.0115207 18.0689
7045.91 6.68025 5.11515 24.3103 105.966 36.4377 6.59597 8.24357 6.98843 0.00100437 14.225
7046.01 1.70604 16.4182 14.4376 122.808 29.1849 6.59597 6.59094 6.98843 0.00100437 15.0076
6994.78 14.5347 21.4883 16.6032 103.262 32.825 11.7992 24.9215 7.53117 0.00547109 16.8582
7028.17 23.9977 9.54201 16.2151 112.735 8.89802 13.8059 17.6134 12.1674 0.0225563 17.9648
7109.26 7.36492 11.0036 10.8396 94.1671 17.3416 10.0419 14.5883 21.0037 0.0123091 15.3437
7177.35 10.6313 16.2924 18.4179 62.4812 19.1875 18.3184 27.3462 2.08802 0.000175778 16.5543
7081.99 2.85649 3.14252 9.33155 99.8687 56.9163 1.23302 2.18373 8.24544 0.188799 19.3169
7068.98 38.0603 4.52516 8.42594 32.7817 69.7447 1.82052 3.21446 22.256 0.0115563 18.7742
6967.44 29.3807 27.0377 9.35326 61.039 64.011 9.20304 5.26469 27.0075 0.0736787 20.1705
7028.7 25.9059 21.7577 2.08149 81.3537 74.9597 12.6053 14.5154 0.832855 0.0334721 19.7083
7160.52 12.2868 7.362 9.29062 73.679 32.2004 22.0085 7.02787 17.3476 0.0344522 16.3755
7126.34 27.7365 12.8084 4.82481 47.8197 34.0421 7.12923 17.7258 1.42114 0.0331785 17.581
7222.48 7.04593 16.9011 6.44113 76.2466 33.562 6.52438 17.2453 9.35523 0.00470842 15.9242
7237.36 4.46917 1.36251 13.7958 85.3162 33.5776 16.8716 17.1903 23.565 0.00470842 16.9209
7237.36 3.83862 1.87584 9.32452 92.3642 32.6461 27.6358 37.4257 3.47366 0.0166905 18.7337
7237.36 3.83862 1.87584 4.68208 82.002 37.8259 27.6358 45.305 24.2478 0.0149123 19.6263
7144.66 4.88315 19.4143 3.49136 75.3833 28.5009 0.463509 15.143 11.7958 0.0429296 16.8995
7171.19 9.0068 19.0906 1.32501 42.3133 65.9838 56.722 12.3382 11.9846 0.0137941 20.2744
7223.41 15.8731 22.9916 7.30421 43.5796 7.94032 16.084 2.71253 13.9372 0.0158957 18.7538
7201.68 9.81644 12.5121 5.71807 54.6079 27.6767 10.5708 5.35681 2.58909 0.00508297 14.2651
7257.74 2.94773 4.74442 7.91634 11.4481 93.3263 13.5772 7.86825 29.6178 0.00621361 19.2016
7180.05 7.3121 3.01599 16.9299 44.5297 40.4024 33.1777 8.41776 11.2942 0.00552924 16.573
7302.29 28.1287 0.942458 5.91175 38.9264 37.5774 31.8971 28.017 7.93 0.00819148 21.5382
7211.85 6.45421 15.2052 38.1779 35.117 46.7827 9.85845 27.5876 11.0979 0.000370796 20.0382
7073.66 8.83799 6.28573 40.681 35.3158 25.0189 20.6663 2.89074 8.20305 0.00218968 17.0424
7164.16 16.8934 0.738064 11.6318 68.724 11.5063 20.4755 8.03426 30.6612 0.00771985 17.3782
7107.6 14.6431 0.613316 5.60397 97.6269 1.10154 19.5529 14.6155 3.78976 0.00818319 16.8687
7098.29 15.3389 37.1346 10.1329 42.3075 77.8655 11.1757 10.4457 17.0512 0.00943252 19.5295
7001.22 4.464 11.9825 27.9461 62.8805 97.7831 26.7199 23.5419 10.1322 0.00470519 19.5974
7011.43 3.15913 11.6744 23.7986 81.6486 32.768 15.3605 38.5185 4.89318 0.00887695 17.732
7032.31 1.61405 33.129 11.2851 61.5648 84.5137 7.11874 25.1507 19.4995 0.0112561 19.2288
7000.7 10.1023 29.6703 36.8433 71.6892 5.93778 22.4587 43.7132 5.54074 0.0479049 22.7338
7004.73 0.787733 17.8816 58.2089 57.4597 3.54374 10.3925 34.8362 8.08246 0.00703836 20.7823
6960.99 39.4313 33.8067 9.00404 78.055 3.54374 4.91577 10.0549 4.11227 0.000546123 18.1062
6725.62 24.7554 55.5707 13.0674 69.2791 48.3852 7.58609 3.97543 10.9872 0.000546123 19.2864
6733.77 31.4136 67.0483 21.4008 86.3061 4.70227 12.2774 13.2628 10.078 0.000546123 20.7095
6567.13 51.5189 55.1261 57.0954 50.5955 9.26734 17.0248 19.3627 6.70214 0.000546123 24.5443
6558.81 34.5516 43.6394 47.716 87.1819 58.2894 14.5197 27.6037 5.3601 0.0757478 25.4066
6903.43 37.4904 26.0884 23.8762 14.0751 105.298 30.1362 4.54739 11.9942 0.0072745 22.7626
6997.79 13.6438 29.5105 23.8929 28.4698 13.9554 25.4354 32.4186 14.2909 0.02663 23.0025
7102.5 1.4025 20.6441 16.8845 81.4554 21.2519 33.8048 11.3881 5.46941 0.0637012 18.5623
7161.81 14.7842 5.30997 3.20938 82.3055 49.6187 21.2486 21.6999 8.6773 0.00562504 16.145
7118.49 10.0362 12.8188 2.97439 81.2971 18.9559 1.76203 26.238 6.91578 0.0247262 16.2381
7094.77 11.8834 25.0389 1.94628 90.8491 17.4573 8.17173 41.0966 17.2483 0.0247262 19.0184
7074.12 11.419 27.8167 3.58072 63.6922 17.4573 8.21695 15.8024 17.1284 0.028536 17.3695
7113.53 12.0111 8.02122 6.6136 90.1598 15.9144 12.5602 4.06751 13.8567 0.0648603 16.1444
7026.57 15.5686 10.3847 14.3464 99.5368 25.313 22.9773 14.874 5.07966 0.0267251 16.5124
7090.98 3.33593 11.6576 15.7926 75.6276 35.6053 26.5247 77.7695 8.42412 0.0548759 22.5671
6951.29 25.1051 4.99732 40.2258 78.8859 43.5648 36.4267 12.1032 15.1766 0.00261685 18.906
6622.24 68.9163 49.7532 29.9376 60.4341 16.0655 3.92311 16.9365 4.36934 0.00268595 22.9912
6531.57 55.5975 41.4494 53.2175 72.6742 24.7601 17.4319 14.3324 15.6295 0.000189895 22.6514
6862.14 44.318 23.1002 20.8789 48.3339 58.6143 29.7593 9.70197 26.7716 0.000189895 20.2142
6862.14 44.318 18.9958 22.5352 40.112 87.0032 18.5677 8.41071 40.2472 0.000189895 21.4936
6903.64 63.3779 27.2762 25.3565 46.244 55.0041 11.4924 2.65604 32.8675 0.000189895 24.7972
6930.57 15.3245 15.1122 15.3961 78.2266 25.1212 15.2837 12.8092 12.8752 0.0160385 18.1796
7002.63 20.5691 11.1551 28.6543 53.2249 85.0756 7.99993 27.0297 15.1263 0.0612994 20.3605
6935.49 25.1315 6.4119 33.2821 42.557 97.1362 43.6977 5.42573 1.19252 0.0831009 22.9681
6856.85 39.3832 13.4431 44.4526 85.2484 6.92623 43.3075 7.52826 33.2672 0.0512754 24.7224
7093.58 13.7994 10.9508 36.2917 37.7418 15.0242 14.4861 2.64914 34.5065 0.0147395 19.5549
6805.77 8.84943 15.4307 39.0408 88.0689 28.7221 8.45085 2.21876 12.1135 0.0380374 20.1114
6990.37 14.2958 8.94229 32.6327 72.7919 26.0429 5.48269 16.1434 31.6068 0.071642 19.3356
6967.91 2.50377 8.11247 42.5354 101.726 5.39508 29.7342 16.3777 21.8824 0.010952 19.0464
7026.56 3.38254 4.13319 26.2515 103.686 25.3344 8.08912 6.99718 27.9974 0.0191503 16.7685
7147.56 14.6361 2.2283 24.354 43.5771 78.5742 5.01232 0.936159 43.0003 0.0761786 21.3005
7045.09 24.0795 4.78011 17.8335 54.0619 75.2121 28.0652 22.2777 6.80712 0.00442592 18.1824
6886.26 11.7161 14.6963 24.4934 122.338 38.3008 4.7377 21.971 1.82182 9.74736e-05 16.3993
6927.01 5.48824 20.2498 13.8787 124.883 50.785 9.81576 6.93142 6.42772 0.00109776 16.2869
7041.91 12.9468 16.3831 6.95107 118.902 78.4593 13.2624 31.6153 16.8252 0.00117827 21.1378
7103.63 11.8115 11.0891 9.32798 75.8469 37.2068 39.5246 34.7132 29.5841 0.013118 19.9409
7219.37 7.94185 3.62299 10.1693 67.2818 44.1235 9.4115 25.7868 6.85927 0.0133037 15.6801
7072.78 11.9929 4.79945 39.5559 34.7213 61.7023 7.82527 1.88455 13.9321 0.0203283 17.641
6960.68 22.0019 33.4757 21.2985 57.4945 36.6854 46.3764 3.83134 13.2337 0.0024359 19.4851
6955.21 66.4853 21.0085 2.00368 41.9493 40.8326 10.3832 22.5206 22.6959 0.00870914 22.4483
6927.5 44.3616 16.1461 19.3509 53.4184 42.2392 41.8129 17.7761 4.92209 0.00372996 20.0846
7045.1 46.1805 11.7764 9.96978 44.1152 80.8158 21.7571 10.6195 10.7349 0.104129 22.1433
7030.14 12.3666 1.13614 4.54375 101.111 47.0717 33.3267 2.30643 11.7982 0.164654 20.5366
7156.57 7.69506 6.35889 12.6722 75.0211 17.973 32.438 6.18753 25.3633 0.061346 18.1637
7199.2 4.21924 4.11474 2.92812 72.8951 69.1851 26.7286 6.51795 9.68739 0.046797 17.3218
7117.39 10.3018 7.4062 16.6316 25.2507 58.4774 24.2064 1.47055 3.76881 0.17463 20.5397
7236.2 6.7265 10.1298 1.34515 31.7756 43.1266 29.9194 9.70393 20.061 0.202517 21.0498
7100.5 31.8351 3.68811 10.7574 28.0331 67.7538 1.47358 18.4662 8.64883 0.139456 20.7169
7082.24 28.9302 14.4709 11.7 24.1938 112.747 16.1147 7.60758 6.7558 0.274174 23.1924
7109.8 16.7986 23.2501 10.0301 54.4283 95.6181 33.2309 17.764 16.459 0.0747415 23.1584
6946.43 7.05542 14.774 24.3826 110.989 17.2227 12.5032 12.7559 10.1894 0.0591346 17.4176
7028.37 7.51593 20.0405 15.2118 98.8121 4.35137 13.2222 2.29765 22.6228 0.130424 19.552
6949.65 17.8666 6.15954 9.91256 105.679 31.1248 0.828992 30.8889 1.61087 0.0803935 19.8712
7166.55 15.2223 4.08007 11.7546 81.9101 3.62693 15.4311 4.93319 16.6313 0.1619 19.7951
7227.02 14.9994 2.68634 10.2009 19.629 28.8602 27.0336 14.5738 64.2622 0.19258 25.96
7257.44 13.7037 4.92446 4.37868 42.4427 30.455 3.43659 12.1751 28.557 0.0892945 18.8483
7214.2 11.5333 4.46279 9.91212 54.6443 63.0662 21.7812 14.9128 2.45869 0.0548216 17.6643
7126.37 12.12 10.8774 10.474 76.362 45.0725 23.1112 17.7761 1.27588 0.0148013 16.4573
7131.8 20.45 8.1275 5.88169 48.1307 57.0299 26.2539 36.5523 24.0358 0.0879005 21.3921
7060.49 18.177 11.5453 9.58044 25.003 133.158 12.2476 51.7172 14.2356 0.368534 27.1054
6987.09 36.9961 18.3182 16.715 14.2305 97.7297 13.4327 10.9538 32.1043 0.29867 25.396
7094.64 46.3272 22.2818 17.7572 11.171 38.684 12.958 9.03403 19.2375 0.0713516 24.3739
7123.44 2.43813 60.6964 4.18015 39.5381 30.3453 8.60298 3.7989 6.68133 0.0648683 21.8694
7073.03 0.995736 14.5841 6.77856 101.046 22.7607 17.8956 0.627145 5.16095 0.186425 19.5572
6823.43 35.0217 2.25237 30.8387 92.8641 57.9512 30.9369 8.15723 26.9251 0.00258134 20.8774
7029.01 28.449 5.75589 27.8342 89.2569 8.88176 12.03 10.355 12.3772 0.033714 18.3887
6976.27 26.7423 10.3551 23.8281 80.9598 42.0859 8.34115 22.669 17.1227 0.126452 20.4608
6986.69 25.7784 9.20345 12.3285 74.7645 7.03013 14.4112 26.2822 13.0352 0.11623 20.8211
6871.07 31.6164 31.9634 14.4218 101.282 60.5808 49.5157 12.4786 5.73468 0.115043 25.5869
6870.05 19.0467 37.7233 21.7386 91.4444 38.8072 5.5958 5.3301 37.8087 0.0549146 21.0175
6767.26 10.3801 38.4024 46.7676 69.6613 38.9937 15.9682 24.1804 34.9444 0.051709 23.4099
6864.03 22.5879 6.56334 52.927 67.0193 32.9611 2.33955 24.4737 37.6962 0.0626614 22.4795
6872.2 14.201 32.9056 42.3323 70.3841 17.664 8.05132 16.5221 24.9707 0.0377394 20.3261
7047.2 5.26942 18.1357 14.0861 74.3818 60.7108 19.1962 8.61385 9.55125 0.0388185 16.9451
7023.61 4.29375 4.53464 34.7365 65.1534 19.5665 2.44688 8.45998 21.5714 0.00890482 17.1332
6964.74 3.75633 10.5758 35.9834 90.5442 20.5795 9.61188 9.08883 24.4985 0.076402 18.6237
6955.59 1.94068 5.78132 51.9438 99.3605 35.7109 0.607101 11.8911 14.4857 0.0138812 18.4587
6988.32 3.84086 5.3951 14.1837 174.61 17.4998 15.0079 5.70627 1.85656 0.011351 20.0445
7042.53 8.45171 9.50924 6.32214 107.062 10.2777 10.2382 14.9472 2.52403 0.00776299 14.9915
7120.79 18.0775 25.9381 6.31602 33.9887 57.363 29.7119 12.6204 19.5127 0.0011091 18.2455
7042.85 2.66491 14.3096 22.7763 82.0142 36.1734 30.5119 13.1712 15.7048 0.00271276 16.4845
7014.74 11.8952 5.40569 26.8384 120.275 7.2588 14.7212 22.4555 0.814003 0.00203184 16.8669
6818.67 35.8512 8.30685 37.6005 85.1476 15.3418 20.4512 5.83794 12.3926 0.000113866 17.2436
6882.21 40.8268 25.0507 22.169 90.3081 15.7772 2.68691 12.9251 28.4677 0.00787427 19.8833
7028.29 23.3404 5.87154 15.9652 102.463 15.0168 6.53142 5.49012 62.6584 0.0122118 19.68
7076.17 22.4617 4.46938 5.88831 57.0738 53.8895 4.88464 2.09771 62.6584 0.163262 23.2365
7024.94 31.4771 10.6134 12.0082 57.6629 31.8403 1.44727 3.1956 37.5414 0.0802382 20.4251
7000.64 39.7979 9.32911 35.6059 70.6129 30.2735 15.5198 33.0159 25.6838 0.0433417 24.4425
6945.21 34.8782 20.8769 13.2166 46.374 63.8169 7.58686 14.9516 25.0813 0.032107 19.9719
6978.4 38.3339 29.6608 40.5411 5.36925 58.3235 8.42458 43.8134 5.50275 0.0481933 26.9284
6897.06 32.1001 2.75432 39.3094 52.0799 38.7891 5.56514 22.9006 6.57295 0.022121 19.6957
6925.17 40.8033 3.76184 19.9511 69.963 35.7638 24.6405 8.80712 5.40638 0.139926 20.8298
6876.61 10.0907 22.4502 29.2403 124.247 22.1387 12.1844 3.06615 36.4645 0.0695004 21.0701
6903.18 4.94659 16.3552 26.2482 78.0717 69.8232 12.9417 12.153 36.567 0.0201694 20.971
7043.78 15.8456 7.75458 17.3532 77.4342 46.3625 9.90474 12.7993 18.4866 0.018889 16.2081
7040.99 31.0167 1.00888 15.373 65.4629 33.9407 5.47464 27.0907 17.5179 0.0352232 18.9093
6998.27 30.7623 5.13114 10.5092 95.1827 43.71 8.31958 7.45038 10.5754 0.141422 19.157
6803.39 58.4569 6.67581 9.4071 123.764 14.2101 5.95249 29.5651 6.72006 0.14982 23.2192
7100.01 10.3113 5.6245 4.03533 44.3271 117.866 8.42306 55.9559 3.53412 0.217713 24.088
6844.08 32.4313 30.9525 19.2111 70.7605 49.6951 16.3989 29.0306 6.73345 0.161833 22.7682
6824.56 21.661 23.768 4.40075 107.338 17.5287 16.687 14.7228 17.1245 0.24244 23.6179
6591.07 60.7328 7.42042 23.4265 120.037 36.9922 18.5538 9.87051 5.1294 0.0932465 25.1708
7040.14 6.33351 11.2415 4.60237 83.8382 41.4151 18.4828 6.39694 15.8371 0.185115 19.226
6926.32 10.9477 32.5688 4.42805 113.01 48.3469 12.5811 13.5452 28.1061 0.162997 22.3143
6910.73 12.8095 52.729 0.779329 72.8534 44.3348 12.7752 20.0641 27.7514 0.0517401 21.771
6854.05 34.77 42.0584 4.97014 100.752 2.90181 47.6186 20.53 47.6829 0.0301612 26.1452
6966.18 25.5472 44.4891 14.8243 54.9983 25.713 68.1654 18.9935 5.02894 0.0291906 24.364
7060.09 19.8452 8.23101 14.5663 53.3587 11.5514 43.3245 17.5045 5.02894 0.0260639 20.0204
7105.84 5.41429 50.4641 6.10357 47.0155 22.4744 25.5594 17.4518 22.3174 0.0164908 20.9171
6936.27 16.431 14.6392 39.2813 125.141 9.5879 6.98458 22.1171 18.6378 0.0160344 20.9233
7012.92 36.5648 4.63421 9.27015 81.123 19.0324 11.6244 6.88304 0.0219716 0.0186371 18.4386
6968.42 34.3038 0.303292 17.3223 93.771 44.6902 5.07509 28.9528 2.97483 0.0423603 19.8975
6966.48 14.0964 4.60964 23.6413 73.2001 58.221 2.0066 5.75542 3.65182 0.281087 20.8918
6886.06 16.0454 22.6862 12.7286 97.4504 22.9268 10.1453 1.00297 35.275 0.0577208 20.383
6930.63 5.28263 22.4574 41.4593 91.2155 32.5385 1.54785 16.0246 28.9448 0.183132 23.443
6903.41 5.32692 25.7835 30.5344 46.3041 106.472 14.0322 20.7319 41.7123 0.163651 25.1573
6838.49 3.60991 58.1542 28.8925 58.4339 26.1999 9.06918 13.2986 40.1615 0.209409 25.6751
6845.08 5.40668 46.8426 34.4569 97.2474 16.7366 6.86633 16.2762 23.0004 0.0562253 21.2219
6997.6 9.12192 4.97903 27.9396 76.1998 84.5596 21.6142 29.7094 7.19952 0.0235976 19.7332
6961.66 13.9747 13.1245 22.1765 67.3758 61.3367 41.9331 15.7232 9.51935 0.200353 21.9877
6891.66 12.2507 5.36153 42.8537 63.0821 28.0778 14.892 13.3961 11.7661 0.0594578 20.6162
7096.26 10.6592 7.6215 20.5844 70.3781 40.3055 11.9569 3.51849 8.4408 0.0152409 14.9499
7212.36 8.85195 9.96008 14.2346 47.6091 66.6435 1.83984 8.04362 8.49582 0.0407631 16.9283
7203.02 2.44993 5.27775 25.6395 39.8721 58.3722 12.7332 14.3944 1.8183 0.0155489 16.6086
7128.58 8.96107 4.99018 31.1709 24.9599 53.5413 12.799 14.8656 1.8183 0.0608325 18.7437
7055.61 6.3449 12.5136 19.0413 44.4696 61.8883 12.799 13.4711 1.8183 0.0682869 18.433
7118.34 10.566 12.9832 11.64 102.01 9.33956 5.18588 5.49307 2.81841 0.00528517 14.5595
7052.52 12.8877 17.0589 4.01029 125.18 13.6022 18.2367 14.8537 18.0444 0.00895266 17.2524
7201.87 15.4723 3.41836 7.60451 64.413 21.8939 18.7585 4.27885 5.1364 0.00466479 14.5588
7157.81 16.6753 10.1489 4.73299 70.9371 15.7638 0.468123 29.3471 2.02655 0.000101983 15.3924
7122.05 36.3385 13.7054 4.06705 74.6053 20.0426 11.9261 22.3017 2.13303 0.0234263 19.4457
7169.38 10.885 8.93396 0.429769 56.7843 14.8297 0.247392 11.0894 6.10171 0.1252 20.0834
7201.33 0.986098 14.6204 8.41626 21.2746 42.5493 0.175255 5.56968 5.29528 0.0766369 20.3256
7099.93 5.14783 29.2478 6.57624 95.6091 15.5761 7.62751 17.2011 5.35012 0.0263633 16.865
7058.99 1.66963 34.8382 11.5063 94.5513 4.67737 1.51566 3.70646 10.8443 0.0282491 17.6536
7058.99 13.1762 33.429 11.5063 66.4514 4.67737 1.51566 3.06976 6.48856 0.00194564 16.1159
7033.15 13.1762 29.8206 24.318 53.8167 2.68553 3.76911 2.93256 16.7418 4.77518e-05 16.6927
6969.52 14.7129 13.1177 22.3376 87.6784 33.4901 11.6001 13.4718 2.98163 4.77518e-05 14.1956
7143.58 9.55707 6.89284 38.5195 60.0011 20.96 6.42832 5.25246 25.1504 0.000238037 16.5482
7164.82 5.2349 21.9809 12.1796 71.5804 33.0215 17.9862 9.08812 9.83595 0.0406761 17.4098
7158.31 9.52172 7.52884 4.00015 65.8716 22.2492 14.846 22.1609 3.68227 0.305842 20.897
7106.35 0.93756 25.3593 6.49693 57.551 55.2443 16.0563 11.5419 4.49073 0.213509 20.1686
7168.15 3.04095 21.8079 0.468953 62.8129 65.9902 9.79589 10.5987 16.0433 0.0883489 19.0522
7241.73 1.10799 30.6827 14.5975 44.199 53.0174 12.3618 11.9326 10.391 0.0269737 20.6928
6978.44 5.03333 11.8272 28.2751 105.93 36.6489 16.4465 16.1743 5.40547 0.150899 19.8866
6856.29 13.6591 21.1441 42.6393 78.6975 47.0162 16.2873 23.7948 34.7569 0.0713127 22.2568
6862.43 40.1947 11.6219 12.4756 80.4417 84.5592 10.7063 4.73664 15.179 0.0473813 20.3811
6997.24 29.3254 6.46851 13.9644 83.0752 90.105 15.8424 1.97198 34.6013 0.0644231 22.164
7108.03 23.9373 14.8374 3.62274 72.449 12.4339 8.15999 17.2185 14.5682 0.0147615 16.5573
6836.86 32.3415 23.8737 31.054 79.0455 48.726 18.2655 12.4275 10.1154 0.0022477 18.142
6854.66 16.7158 3.39703 9.62137 146.726 11.6614 14.5101 12.837 11.3705 0.13692 21.1228
7029.31 23.3419 18.3853 22.0597 35.6976 79.0136 38.848 24.1938 10.2432 0.111714 22.7456
6930.82 21.2487 24.3768 28.9898 41.3439 105.717 60.9534 13.9169 9.95009 0.0965707 25.4772
7259.18 24.8988 0.593068 4.09372 38.485 16.4485 24.1888 9.22086 7.06207 0.0579323 19.6395
7032.51 22.6129 26.2924 13.8635 91.3244 47.4278 2.86213 10.9388 9.05321 0.0141961 19.064
6929.26 5.5243 29.9099 30.9087 63.3387 86.6897 15.3504 48.7961 17.2041 0.00198108 21.496
6978.58 5.28438 11.8539 30.9087 95.169 36.6761 68.6208 55.8518 6.8493 0.00198108 23.2519
7134.54 3.19569 9.31706 9.44214 101.105 42.0036 49.5161 6.30701 10.4815 0.0712788 19.8297
7139.06 0.824112 6.10847 6.70261 89.7339 32.463 9.80068 0.993028 5.55226 0.00129597 14.0603
7057.67 34.4516 4.50834 6.70261 86.6965 15.392 9.80068 10.9951 6.0869 0.0855804 17.9839
7077.25 43.007 3.11639 21.8442 45.5476 42.9466 29.9483 26.0067 11.4658 0.00638737 20.8504
7072.98 4.58222 12.3647 19.4245 43.2751 133.953 17.003 24.7665 4.46788 0.00651649 20.6611
7184.45 18.0562 8.6255 5.71599 42.8789 80.0074 29.091 32.1608 5.73161 0.00651649 18.8835
7155.1 19.4409 5.30888 4.88133 43.4846 27.2308 2.26087 16.9834 14.0659 0.104402 19.1615
7096.04 7.70169 26.6676 6.04241 74.2931 14.9039 73.6336 19.0315 4.77661 0.000263271 19.475
7052.84 10.9523 0.442741 16.971 55.9778 29.5491 3.89649 25.7053 4.19736 0.00770773 19.275
7095 22.4543 4.61829 14.2672 81.2984 38.5758 3.44372 12.5685 1.27248 0.000206523 14.3776
6867.05 18.179 18.4696 26.3815 133.444 37.1554 24.9485 18.3161 2.86974 0.000171222 18.8756
6940.25 7.34196 34.7016 23.0184 95.4701 23.598 4.94086 29.2872 14.4682 0.000171222 16.7487
6970.87 14.9857 1.59377 19.2302 91.9303 3.44927 7.07715 18.9586 12.1228 0.00229533 17.6969
6981.88 15.6816 12.036 7.2128 86.2955 15.3831 14.5886 23.194 14.8426 0.00427065 17.543
6979.83 16.6367 40.2107 9.87825 50.25 5.83481 37.2488 15.3681 7.20446 0.00919668 20.5203
6999.85 10.0456 38.9504 11.3459 57.8947 16.8031 8.4438 4.55481 7.42513 0.0100177 16.638
7201.59 0.43856 3.87102 22.8526 36.6463 21.8679 16.0184 14.3716 23.3229 0.00889452 18.533
7192.96 16.7729 2.33562 23.5301 36.6463 61.3423 8.28772 3.97268 8.54315 0.0233465 17.186
6904.64 10.6515 10.1732 50.3006 100.954 59.3079 18.8049 4.88484 5.5462 0.00479448 18.7597
7070.74 10.87 6.08534 23.9592 77.4242 15.5866 17.3 0.680507 2.95396 0.00870107 15.5439
7091.54 12.1471 18.3588 19.8967 78.3781 27.4632 21.1412 11.2565 4.60723 0.131998 19.9208
7110.11 3.02529 19.4418 4.98185 99.0911 9.46417 6.43322 14.1127 25.5451 0.258527 22.1232
6904.33 18.8214 14.5239 4.36329 75.3078 5.10253 58.0296 7.21179 44.1599 0.0124405 28.7017
7027.19 11.9305 12.4078 22.5592 44.0953 47.4481 24.5901 16.2344 34.0303 0.00273322 19.4514
7237.86 4.54587 4.32318 9.77955 64.1139 65.4105 15.2029 2.23224 18.0824 0.00273322 15.4829
7237.86 22.5442 3.96453 0.828332 46.8725 10.8251 14.7493 20.0499 20.6017 0.0613062 20.0474
7156.51 11.277 4.00439 4.28758 76.9321 59.6536 8.48916 23.9927 0.843838 0.00417597 15.7229
7112.77 8.45612 3.05797 25.7631 105.227 13.5491 15.057 16.0048 5.85179 0.00568566 16.1604
7009.63 28.2018 8.56942 8.62622 90.6252 29.9231 21.5998 1.61054 25.3619 0.0213457 17.8221
6954.98 11.8084 57.8043 20.4113 63.1707 15.0496 18.4072 39.2146 30.1929 0.011331 23.7725
6976.28 15.4926 18.486 34.4591 103.385 47.1789 13.07 29.0964 12.4219 0.000314397 19.8357
6847.67 26.9555 7.87458 34.2161 92.9253 42.2096 31.4785 12.1408 6.87912 0.00248401 18.2908
6833.27 71.5505 5.53403 1.17898 57.0856 72.3525 22.0145 9.25221 7.52099 0.000711761 21.0145
6975.33 27.1792 8.85279 14.0576 78.1323 20.4719 19.9378 49.5542 0.655397 0.000711761 19.0997
7109.42 26.1938 1.0357 14.3627 77.6593 23.8803 5.67635 35.1014 11.5269 0.00625415 17.4604
7034.84 39.8999 1.98972 14.3787 48.71 36.464 0.449125 14.1488 5.01561 0.00217892 17.4316
6998.23 7.68871 6.23434 44.5934 68.6286 15.4709 22.1517 20.537 13.0305 0.00595639 17.5539
6853.43 51.3911 2.49412 40.5271 81.399 11.1254 11.5917 10.7976 15.0487 0.00241234 19.1523
6817.27 12.6319 4.54908 51.6706 121.866 36.6154 12.4191 6.0843 3.7781 0.00241234 17.9121
7178.94 16.8484 16.9038 6.2061 62.9928 29.4527 26.7881 1.63902 34.2378 0.00303715 18.2759
6983.12 9.00688 10.3019 16.9499 119.149 43.9877 8.37562 0.392276 5.35541 0.0450547 17.803
6724.93 39.0701 10.5722 56.8194 59.0824 44.5805 41.436 0.647793 6.64255 0.138287 25.3957
6954.76 0.183652 16.3069 23.4859 95.3172 56.2372 22.1866 6.99691 6.21453 0.0916097 20.1549
6929.95 12.4961 25.6469 21.5006 78.0559 76.5372 9.69657 18.1233 2.30647 0.11785 20.3951
7010.16 14.7269 16.5889 2.09677 79.8652 62.8879 13.2055 18.6048 1.64461 0.208101 20.5929
7055.8 17.9826 14.1615 1.77726 71.9455 82.0864 24.5661 9.9634 12.0908 0.176406 21.0721
7135.9 47.3904 15.7123 1.77726 49.4702 11.3985 25.8864 7.8395 3.87867 0.0983311 23.1272
7112.49 44.6761 1.90689 0.972496 54.7821 10.2783 13.8855 2.39545 5.08923 0.124574 21.2136
7127.76 18.1651 9.30075 9.86151 76.2337 9.21003 13.0659 20.2398 3.4989 0.222963 20.5666
7215.87 10.0464 16.2776 19.0171 57.5226 15.5127 21.3158 12.4337 1.74544 0.0288591 18.8606
7175.86 10.6259 5.08344 11.1517 77.1688 8.21778 3.05555 12.7107 2.93471 0.000371176 13.3538
7008.29 1.58783 28.5331 4.03878 120.188 18.1894 15.1649 6.99263 2.61773 0.0289192 17.0939
7246.16 0.0122922 7.11943 3.19218 92.8136 2.25436 18.0405 0.456291 13.41 0.0162451 19.183
6952.37 31.1656 17.3225 14.4185 76.3412 35.5177 6.79801 9.68531 5.68803 0.0124199 16.1915
6852.9 45.0592 15.649 21.6571 89.2133 34.2809 15.2032 0.928734 13.6649 0.0301513 19.4839
6735.78 25.2557 25.5944 30.3415 109.041 31.2031 27.1847 10.3239 13.3445 0.0760533 21.6722
7114.18 7.83629 12.8327 34.9645 57.4614 15.4071 10.5189 1.60783 19.2147 0.0470998 18.5081
7127.22 1.9942 15.218 34.5873 45.0306 29.2418 10.5189 7.25394 28.271 0.0819666 19.8731
7002.43 17.5951 16.8821 20.6613 90.2555 25.734 1.91786 19.2489 21.5671 0.123143 20.2037
7055.61 0.338829 12.7411 54.8748 44.3282 30.377 7.95425 4.8334 1.91107 0.0517333 19.7376
6950.34 18.0883 4.26273 48.9655 84.8816 12.5745 2.26218 17.048 3.83662 0.00824747 17.2464
6950.34 13.3868 7.42217 43.9646 69.08 3.96854 2.26218 26.9978 4.29105 0.00278374 17.9025
7026.93 12.7092 11.2143 4.75921 66.7806 42.5134 32.2476 21.4884 19.8036 0.00478086 19.5386
7008.44 6.56854 13.5741 1.19643 109.887 37.2995 1.69585 7.18556 21.2012 0.00382251 16.7015
6996.67 11.6991 15.9429 25.9099 95.9696 59.7415 22.7509 2.66904 60.4051 0.0361753 23.1588
6770.73 13.9196 21.5547 49.0843 73.0139 57.7498 29.077 3.374 8.08988 0.0981232 22.0639
6649.15 57.0102 8.48826 56.4198 73.0602 32.6073 26.9288 4.7797 1.25537 0.0411158 23.3266
6896.67 27.1762 10.4943 44.8321 49.212 27.9724 24.9158 0.728166 22.1581 8.68616e-05 19.0087
6968.4 29.4945 10.4943 40.6798 53.4256 33.3038 18.9626 7.6551 1.86159 8.68616e-05 16.7846
7109.7 27.1508 8.42669 17.2848 72.4616 11.4742 13.2219 5.91055 37.2511 0.0463883 19.9853
7202.77 12.7966 5.31648 18.6608 59.8521 5.84198 2.17011 1.77887 61.1248 0.0164811 20.5607
7106.88 5.82193 8.24497 22.576 59.4202 40.0753 3.14895 16.3696 41.0129 0.0270236 18.3465
7119.2 27.4642 6.03207 8.17295 45.4838 36.5092 3.26539 14.6462 50.2552 0.00336817 19.0117
6938.34 2.77183 16.7639 44.1365 111.301 15.0606 13.4503 1.81648 16.4787 0.00315752 17.4346
6905.23 4.71039 27.6381 34.165 87.9307 32.8812 68.2497 7.96307 23.0626 0.101145 24.1995
6952.35 5.2579 24.1501 10.6379 108.375 30.8812 73.6577 12.1607 12.2002 0.124301 23.3229
6970.37 5.30198 4.64574 13.6151 147.597 4.8821 15.9512 9.24482 9.08098 0.0636357 18.3875
7096.33 9.02639 0.501697 20.0562 76.1035 39.9397 20.1163 5.83801 8.33021 0.0362612 16.8168
6980.05 25.7084 25.7336 10.1685 91.3395 36.2626 25.0424 17.3718 29.027 0.021135 20.1533
6739.67 25.9787 24.1558 27.2191 125.087 36.595 26.4382 5.45492 3.55641 0.00462149 19.5909
6828.99 26.4917 15.3387 8.45263 147.7 45.0777 27.7043 0.755319 12.239 0.00178111 20.6595
6898.99 19.4127 9.43783 8.738 96.8622 33.7558 23.1519 14.9152 10.7759 0.0125914 19.4377
6831.2 19.087 0.626243 54.3476 91.1747 22.2332 13.1538 9.4645 5.48325 0.00209522 18.0261
6865.45 37.4835 6.78972 18.5469 108.099 5.67418 8.69177 9.82441 12.9395 0.00209522 16.7905
7033.25 20.8634 5.53374 18.1185 59.1554 78.4899 33.7689 9.25667 0.85236 0.0236157 19.0948
7024.4 21.4818 11.5453 9.58043 53.8694 69.5251 8.2204 5.59907 3.06396 0.00335798 15.9673
7061.48 21.0268 2.21822 9.58043 85.8306 46.3345 4.66936 10.1671 2.88418 0.026906 15.8782
7100.9 7.63979 5.03319 27.8838 80.2127 45.6351 11.1648 9.47214 2.93233 0.000452701 14.3065
7108.98 5.34752 14.8195 6.64171 76.096 34.4555 3.10059 5.35406 3.42981 0.000650692 13.1889
6924.13 42.2535 8.91838 8.19241 74.5129 36.3923 12.2623 23.2275 8.95336 0.0103147 18.1314
6953.09 31.5733 15.1851 3.62461 78.4277 36.5459 45.8109 35.9042 8.09178 0.0407561 22.131
7102.33 3.9784 16.4477 7.84521 41.1945 67.0407 2.14242 50.9871 8.15004 0.00767442 19.9987
7175.89 10.2786 12.2832 7.84521 54.8306 54.9532 4.46625 51.1952 7.76154 0.00767442 17.8515
7165.96 2.65779 15.5904 1.47014 41.4199 85.5755 6.88498 49.2274 3.49845 0.00850327 19.8549
7286.85 3.94575 9.59205 8.20903 17.3534 32.0517 16.6599 45.84 14.0245 0.0173695 20.6142
7091.31 3.46748 13.9395 15.3218 75.519 36.582 14.383 26.0267 16.4335 0.0209664 16.862
7094.65 4.20605 1.18375 34.4071 47.1047 58.7489 8.57281 30.172 30.9995 0.0229759 20.0686
7043.02 1.77739 18.4912 27.1934 55.0356 73.2664 11.5975 26.0068 13.1945 0.0757501 19.7866
7013.05 1.71918 21.6953 27.1344 33.7046 84.5499 11.6862 20.9218 17.8906 0.195168 22.1696
7083.9 5.76582 11.1736 41.122 51.0364 7.91476 51.2374 14.0661 3.93252 0.0168951 20.3314
7149.85 9.76993 4.34161 32.9867 71.8024 16.5635 12.4521 7.36985 3.40743 0.0465348 17.6927
6983.39 23.2951 8.07636 17.0942 85.7289 34.1749 24.135 9.1963 39.3044 0.0754428 20.3908
7091.35 12.6733 5.7859 33.068 48.9581 24.4814 7.24667 10.1257 22.8628 0.165816 20.3187
7029.14 5.77941 2.29651 29.5173 114.474 16.7113 23.4797 8.36504 11.4257 0.0177518 16.9862
7095.58 4.54766 5.53324 24.356 95.6941 18.2519 10.7957 13.3215 17.1504 0.01063 15.4968
7071.42 16.5467 11.1451 27.3544 58.4972 26.0767 50.8158 5.35419 3.51731 0.0785146 20.3344
7143.17 37.2844 4.18512 4.48575 45.5357 33.309 9.45732 16.5151 5.93011 0.0408512 18.2383
7142.98 14.6733 19.1228 18.3066 59.8771 20.5347 9.99567 19.7254 34.5438 0.0159487 19.2675
7006.14 17.6791 15.8823 28.5429 52.5541 46.8712 1.3893 10.6768 21.9748 0.00109945 16.5391
6896.81 30.6105 25.9608 48.5745 28.5351 33.4168 1.72367 10.6768 5.53592 0.0389877 21.3728
7162.75 30.3336 11.4002 8.97694 75.203 45.4238 11.5026 7.469 1.40586 0.0389877 20.6069
7022.64 19.4038 23.2146 22.2583 52.4141 17.8578 5.41568 33.9261 1.91702 0.029645 19.1832
6866.69 12.9346 27.2319 11.1692 146.045 10.9865 2.18521 10.8854 33.1433 0.0891183 21.6485
6929.38 16.8754 14.577 3.47221 154.165 16.7275 8.54519 10.8854 19.4238 0.0800901 20.2558
6948.49 3.29521 8.62894 16.9492 71.9486 52.3591 25.0449 54.7951 31.7728 0.0833391 26.9008
6999.25 4.517 7.94524 29.7224 77.9326 43.9321 19.2247 32.4327 25.4867 0.11153 21.1321
7073.31 10.1891 2.9215 22.6231 42.3545 53.044 22.7961 24.1256 24.3468 0.210797 22.3029
7053.68 22.4293 23.5555 10.8822 43.2648 89.0034 4.7424 4.0844 33.4186 0.058817 20.7018
6872.64 35.7514 39.5423 14.7905 52.5895 80.1271 4.07644 27.3951 3.58222 0.111227 23.0879
6977.4 5.97145 17.9968 14.7905 126.658 52.957 50.7174 27.5751 3.44289 0.0492257 23.2916
6925.59 15.2648 14.9195 16.2512 110.474 76.8899 11.5723 4.49375 11.9561 0.00592854 18.1281
6985.93 5.92514 14.3107 36.2126 112.784 11.5465 16.5683 2.0697 1.82494 0.00478505 16.8405
7099.64 9.64956 9.18018 21.318 76.0018 11.6013 11.6955 1.46667 1.82494 0.00478505 14.6901
7120.09 12.5902 24.0955 16.4226 35.1747 38.1255 4.98922 4.30773 3.79821 0.0442226 17.4174
7097.99 3.89836 63.4278 2.75745 11.1632 26.5897 31.0915 4.20735 9.11983 0.00308046 22.5342
7170.07 18.5215 25.0081 5.24637 6.55731 38.5821 8.07999 2.77372 9.11722 0.00308046 19.0067
7271.84 1.55443 8.66377 6.46739 33.408 103.502 9.49773 15.9245 11.3372 0.0128942 17.8142
7133.08 13.8585 1.79279 3.64165 57.3654 13.1474 6.75755 5.33771 2.01077 0.0228383 17.4725
7191.63 17.0428 23.9523 2.13258 45.3482 43.9074 10.1719 7.33738 3.52803 0.00803513 16.7771
7062.55 18.0241 6.72937 11.5204 66.0761 52.1399 0.464091 30.5696 1.74102 0.00869397 17.4556
7023.97 18.5914 14.2773 19.602 25.256 32.8423 11.2602 34.5742 55.691 0.074121 26.5895
7120.25 21.637 13.7998 16.769 47.967 31.3151 28.0394 44.5789 31.0586 0.07068 23.2103
7064.41 43.7588 3.7027 4.23115 54.0952 45.3046 29.1445 1.59811 25.6751 0.0433642 20.6767
6838.77 39.724 8.15013 9.24441 123.259 49.1389 23.2818 4.05234 29.9201 0.00148773 20.0734
7031.51 15.0687 9.00242 0.183318 118.306 39.0009 21.9447 3.94442 26.4615 0.000749615 17.8556
6948.04 18.5174 8.23891 35.3061 115.088 4.01231 7.412 0.0847846 8.94375 0.00112922 17.673
7086.17 15.333 8.78403 17.6601 47.447 77.7557 0.322978 10.0559 13.6388 0.0406944 18.2083
7130.92 30.5176 1.60817 23.1713 5.11609 106.253 15.3765 21.1777 11.2595 0.034884 22.4873
7007.71 13.2367 10.8434 18.7612 65.4643 65.2135 1.86535 31.3592 19.8794 0.0639434 19.7905
7034.75 12.1212 9.31303 14.6965 96.5872 10.4186 5.51594 27.1663 29.205 0.0437659 18.3938
7172.7 1.33989 6.40495 2.80067 55.9371 43.7174 17.219 3.67725 22.9321 0.199696 20.0457
7133.09 25.4519 9.16053 4.8048 92.4798 25.6365 21.8877 7.08884 16.7214 0.0196216 17.9451
7044.21 24.1306 12.4513 4.95316 77.7776 99.0606 7.01324 10.4501 12.0888 0.0395717 19.4921
7059.58 18.3753 3.22555 3.25521 61.9883 102.188 7.57103 12.0062 21.579 0.143766 20.9449
7066.95 35.365 12.5014 10.5966 70.0197 42.4908 41.023 24.5911 34.8163 0.0916564 24.5088
7046.36 18.0618 15.0761 54.8338 34.0678 4.14208 36.4362 10.7557 3.25095 0.00339604 22.0209
6998.4 23.9075 6.99519 57.6832 34.318 46.2979 47.182 10.6121 10.8935 9.97271e-05 20.9072
7020.54 12.7648 13.914 24.2458 90.862 11.8123 21.8474 5.63252 5.24811 0.00959391 15.7276
6957.15 16.0075 0.143966 18.686 91.5551 71.753 30.747 18.2627 5.17945 0.00698344 20.6526
7023.73 1.14588 19.1943 32.5985 61.5959 34.5973 18.293 0.26538 19.0378 0.00257631 17.7641
6865.1 48.4109 24.1625 4.82379 57.0564 50.5885 10.8583 4.2276 12.5854 0.00308117 18.5623
6899.06 32.4467 42.1495 13.618 57.9689 45.9482 6.4111 5.44783 18.0705 0.00304745 18.3573
7005.98 23.4037 0.970741 29.6679 94.975 0.188692 13.4714 3.99966 20.8926 0.0032398 18.6401
6652.08 28.044 62.4996 21.9427 127.794 10.7629 20.0538 17.8806 16.9991 0.0083419 23.0078
6652.08 39.1613 40.5058 31.6152 134.471 6.8898 17.1023 13.4154 24.2477 0.0184946 23.7842
6821.6 29.4565 22.699 5.99418 112.567 9.06784 40.2823 21.7012 27.3747 0.013583 22.5601
6907.56 17.6484 17.0676 35.7042 73.4192 22.8331 37.8093 22.5463 20.923 0.000823011 19.245
6799.49 19.6095 2.02943 76.0173 86.582 18.7542 34.0282 2.69953 26.5042 0.00197728 21.3945
6938.86 4.30627 15.3277 23.9642 136.16 1.44503 35.3577 19.6207 20.5785 0.00743337 20.2385
7136.32 2.76895 5.58173 16.754 92.6725 15.4103 41.3808 9.73552 20.1706 0.000526645 16.1965
7207.25 1.659 5.65043 4.32725 94.4931 10.7227 17.2903 11.1835 49.37 0.00372896 17.4857
6814.72 72.5235 11.3271 12.3222 73.3039 44.7492 12.0653 3.54988 35.0259 0.0497599 22.8471
6947.4 9.07901 20.5229 11.5367 111.775 23.4299 38.3835 13.8667 2.36925 0.154226 20.6878
6760.59 1.81608 26.1184 40.7921 89.6185 30.3036 10.3008 19.1178 13.5966 0.0934597 23.055
6844.05 20.864 16.6252 24.8061 70.2479 66.889 8.31362 5.5874 15.4009 0.0521158 20.2117
6986.83 16.6381 16.2989 25.3578 62.7857 45.0977 26.0398 3.92739 38.3591 0.130794 21.7092
6948.85 16.5241 15.7089 32.9778 46.3193 79.466 49.7277 4.50287 23.3766 0.0645815 22.8164
6964.4 5.90808 30.59 24.6004 83.7113 24.4652 12.685 25.5767 5.45788 0.027315 17.8546
6841.14 4.14917 51.3206 28.3045 83.4326 53.4107 5.47882 6.92716 28.9431 0.0336049 20.8125
6837.9 20.9217 44.1543 9.25106 84.6776 13.2904 4.26514 12.0522 25.3798 0.0790029 21.0818
6796.97 13.7944 14.7741 52.7088 75.1447 64.127 3.02492 18.7483 8.06979 0.108441 21.3972
6850.92 5.80255 63.7669 3.49058 71.0028 29.1049 6.75666 2.88832 1.91857 0.0818759 20.8383
7047.29 5.90075 36.43 34.6811 68.2935 37.3332 33.0997 6.64735 6.36805 0.0510292 23.128
6790.19 14.6488 38.1246 38.1841 104.783 31.1702 5.4679 11.0032 21.4141 0.0516138 20.9575
6862.87 1.68269 38.0398 8.63604 114.384 30.2423 5.4679 4.00078 0.502113 0.0244459 18.9485
6880.88 1.54759 34.1182 8.19334 131.83 20.6842 12.7033 7.76757 1.59955 0.00335864 17.4939
6951.61 3.8 24.0848 9.81777 123.097 26.3905 20.7274 16.8162 15.391 0.000499139 16.5811
6989.94 1.64093 40.5602 4.05066 91.041 19.1635 58.3453 8.31652 20.6582 0.0732357 22.4401
6995.27 5.84913 14.4904 29.5867 80.6629 77.5759 23.7944 8.11083 27.5437 0.00876154 19.132
6994.93 1.60588 14.8687 39.7219 57.0689 63.1686 6.00872 5.94588 19.3105 0.00586989 17.2343
7110.01 1.60588 8.57721 50.9585 26.5205 34.4206 13.4735 25.1683 5.6684 0.00946317 19.2169
7207.14 7.25329 23.2291 4.36076 32.4669 44.5438 17.2542 5.6094 16.0645 0.00113447 16.1311
7092.22 19.0728 22.8025 6.37589 25.8389 48.9813 32.9757 30.505 1.71371 0.0507669 21.8122
6880.24 6.03774 18.274 11.4986 125.223 19.9337 26.4428 11.2082 15.6285 0.152629 20.9419
7064.45 7.44747 11.9594 2.18132 118.137 21.4607 40.2684 18.822 22.6489 0.00292218 18.1224
7057.91 6.23021 15.1414 11.1805 107.308 28.9142 52.4308 20.432 19.3285 0.0153939 19.6943
7065.41 10.591 5.39343 21.5097 66.2157 19.4542 3.02122 21.8928 14.1904 0.023121 16.9555
7110.79 10.4399 9.95846 18.7864 54.6161 65.3248 19.1371 5.97372 12.4161 0.0162378 16.3078
7152.83 14.6233 18.5317 21.465 52.0222 71.1667 11.9722 13.501 19.2505 0.0604458 21.3947
7066.59 18.3366 14.074 8.26317 70.8525 74.6985 16.481 10.209 2.04625 0.0315495 17.4223
7086.19 17.9383 14.8279 10.5127 10.0369 82.1271 4.00677 37.1198 1.20215 0.0711285 22.9226
7088.78 17.8441 15.7384 21.6887 23.7572 113.401 13.0575 22.9101 3.16073 0.0400951 20.8179
7193.41 17.1135 12.9866 4.2855 58.1373 24.5692 17.1119 9.69571 16.6472 0.0951254 18.5294
6877.66 42.5273 1.51132 3.10473 149.464 9.89171 8.78941 25.8798 80.4135 0.0665134 27.8282
6880.79 41.8954 5.70035 13.59 72.6658 107.636 14.1707 2.61137 36.4696 0.0419696 23.5268
7059.58 8.15773 18.6558 34.7453 47.235 16.841 11.2274 10.5893 2.9074 0.0225675 17.3135
6886.02 12.9965 27.5628 36.2132 72.3448 55.5385 14.9149 9.36824 2.52249 0.00619683 17.4505
6723.02 31.6975 19.6704 44.0333 105.495 46.7295 11.9141 6.03816 2.60874 0.00588167 19.2853
6731.34 36.6296 18.2283 37.5397 102.388 5.31258 21.8466 2.09637 3.24718 0.0335424 20.6614
6857.34 8.92459 18.9261 39.4251 93.164 45.1008 41.4211 9.20121 3.08285 0.00199974 18.7868
6858.12 3.90266 53.8311 10.6962 108.379 43.7621 63.9984 3.38861 9.90367 0.0615979 24.2067
6894.48 9.35893 41.1865 10.6962 71.8009 43.7621 36.6341 10.2045 3.50765 0.0615979 20.6013
6902.77 11.6014 20.8806 13.2729 95.4094 38.6111 15.3524 12.632 4.28183 0.035177 17.9911
7077.99 23.2706 4.52816 25.8053 82.4365 38.7347 2.17282 18.1344 5.68916 0.0101779 17.3874
7121.05 8.18401 12.0326 16.4786 60.3675 33.8149 53.243 42.9316 24.6208 0.0087883 21.4399
7068.23 5.46068 37.4559 4.76018 76.7068 14.4806 23.0364 5.52218 18.7567 0.0111227 17.3207
7046.09 24.2987 24.0232 2.86953 103.167 21.886 15.4725 25.5911 3.74513 0.0113269 18.6407
7092.1 7.32329 12.6411 9.68589 69.8049 35.167 21.4621 28.5045 8.02734 0.0139382 16.8244
6961.79 8.09266 13.5136 11.364 102.944 35.8122 17.8756 19.6196 1.53309 0.0018494 16.5256
7127.92 21.3664 9.88945 9.03579 86.7006 42.3373 32.7578 44.1607 13.6577 0.00139214 19.958
7243.02 7.6832 1.29577 18.4981 56.5959 47.5766 10.5987 19.6523 13.2884 0.00194879 15.9402
6998.58 7.29548 13.2424 16.2274 81.5998 46.3552 12.9521 18.7691 4.27519 3.09075e-05 14.8061
6808.33 50.8167 27.6877 11.5449 82.7004 52.7674 1.48562 25.9468 2.72661 0.0016715 19.5471
6964.29 46.9876 23.8612 21.9601 68.594 6.07714 5.28226 9.71303 11.3262 0.00167986 19.9141
6956.9 11.7938 13.4208 38.7015 64.9923 63.4731 13.383 5.76867 11.6001 0.00127348 16.1768
6996.58 8.35687 7.4486 26.572 105.979 53.5164 0.613806 16.296 3.54093 0.000502026 16.1087
7083.78 14.0514 2.38031 15.0905 105.287 21.5413 2.35549 14.1782 19.7259 7.18534e-05 14.4377
7035.92 11.8632 11.5071 17.411 105.53 10.1488 1.8668 8.83881 10.5672 0.0317097 15.9786
7118.22 14.7824 1.37085 11.547 53.5795 33.3434 14.2101 2.77345 3.5114 0.06288 17.5591
7063.4 11.4027 11.8488 24.6999 72.5253 14.0371 2.89277 16.517 11.0581 0.219683 20.4791
6924.59 9.58822 22.3452 23.4163 82.442 34.1601 28.8437 16.8634 0.678123 0.129838 20.7185
6948.11 14.0769 10.3729 29.3554 121.257 8.99874 43.6309 18.806 7.34212 0.00733729 19.2072
6917.31 15.0706 4.54304 38.1386 99.444 2.23954 20.5299 6.56129 4.99935 0.0222501 18.0153
7096.29 4.93662 2.83366 21.7226 94.2373 6.59277 17.4689 17.1063 7.47365 0.0513869 17.0177
7277 14.4183 6.09647 15.3476 28.8368 3.95357 3.5591 24.8855 16.2986 0.224724 23.4812
7313.55 1.05559 11.8141 6.05133 18.0653 56.3025 17.5185 14.9137 2.02736 0.00711005 17.5378
7097.21 3.21737 13.6725 11.9113 56.454 67.3877 23.2022 16.243 4.46816 0.0166224 17.1657
7233.63 7.7201 3.26515 3.22841 17.9476 71.9597 24.0006 9.47744 29.7481 0.0185854 20.3372
7169.9 7.8657 11.5152 6.75514 30.6929 75.8807 5.53078 27.4534 11.1741 0.00389851 17.1973
7103.37 1.93647 10.3651 40.6447 26.5279 38.5536 9.51087 17.3276 35.5687 0.0841836 21.7786
7054.92 32.7749 8.69657 26.9773 24.4935 34.8347 20.1117 7.31224 32.4113 0.00613032 20.3653
6948.82 12.508 28.1386 23.4919 29.5885 97.838 14.6259 8.00222 39.2888 0.00729016 21.8294
6857.31 5.61963 12.656 70.1611 74.7351 36.4429 4.11856 5.33646 11.7368 0.00459828 17.7127
6944.43 3.30696 26.892 33.5749 58.3465 83.5044 2.91039 12.6406 12.9494 0.0176697 18.7488
6975.87 3.16336 6.60619 53.8018 66.4181 11.8365 6.68865 24.304 32.7238 0.0034402 19.1561
6909.49 6.09116 42.1818 27.6923 83.5596 34.0006 12.2483 16.4624 8.75063 0.0068815 17.6723
6840.53 17.9926 25.2412 45.4671 74.9055 18.3276 19.403 9.80838 36.5683 0.0329358 21.2231
6959.79 23.4854 9.57938 45.4791 74.9808 21.2065 11.6313 31.8451 18.9639 0.0409541 20.9393
7108.95 22.9883 6.85651 30.8189 64.0846 31.7968 25.8495 9.32607 28.5592 0.00707793 19.7941
6829.32 8.21123 32.291 33.6877 87.5376 32.2153 27.2507 1.5798 30.8675 0.0401233 21.2794
6964.28 13.6148 27.3317 36.6208 25.0489 43.5299 27.4966 4.68445 5.64295 0.0387547 20.6366
6806.61 23.5132 23.4928 69.3582 28.8311 67.0138 27.484 15.7702 6.51351 0.0848793 24.1971
6849.76 7.29519 12.1202 86.3513 32.8351 60.3021 40.5218 34.3172 14.5245 0.0350718 25.4413
7071.02 5.87443 4.22002 25.5613 101.338 56.794 30.0738 49.9924 14.1575 0.00325793 20.83
7068.02 3.89565 6.80591 35.0774 49.2752 22.4137 5.95845 50.18 15.78 0.00146122 19.0819
7128.6 3.91301 5.34615 37.3472 56.424 36.1024 0.222886 22.5497 11.1155 0.00146122 16.9285
7126.07 1.99217 11.2028 24.0369 70.4007 32.1228 1.17333 15.9313 9.07339 0.00146122 14.7799
7099.89 7.42295 3.3035 15.1084 104.995 41.8022 12.1375 6.70459 7.86845 0.0169574 15.4587
7151.3 16.2368 2.39954 17.6634 67.7585 42.1447 3.08829 7.06979 18.3186 0.187184 20.1292
7004.92 10.2283 16.2226 13.6883 70.899 91.5685 4.66474 7.34618 7.09874 0.101039 18.7302
7085.88 17.1144 26.1616 4.09133 69.3057 58.0808 9.6618 5.81103 12.7103 0.221681 21.6554
7078.64 11.1222 3.26281 17.0818 88.8342 21.6633 0.89569 20.1027 8.38692 0.0195801 15.9204
7124.32 2.97881 11.3924 18.5768 72.4435 25.2629 6.70596 14.1758 8.38692 0.0079493 14.5108
7209 11.8861 13.3381 14.7965 35.5185 23.8955 5.70089 9.69852 8.52782 0.0124534 16.1495
7219.26 8.71127 16.127 5.25343 33.5879 26.4546 13.2465 1.24317 5.94585 0.00533926 16.0201
7153.88 2.52557 9.11163 34.0213 27.4885 13.5352 32.3472 20.7378 15.8845 0.00467171 20.0495
7133.74 17.4957 0.912677 21.1942 63.9382 32.1992 14.6198 0.564574 4.04152 0.00893698 16.278
7172.79 7.02036 12.5168 4.50123 46.8825 25.6676 10.3878 7.73198 14.2702 0.0428128 16.8711
6969.58 18.749 24.6446 14.9236 121.652 11.4853 12.7669 7.89388 11.8352 0.000471235 16.5538
6949.11 20.2969 28.7323 5.82267 111.452 7.34308 9.52126 7.95431 7.52781 0.000471235 15.2019
6993.49 34.8594 32.9376 1.04265 92.7094 7.34308 5.14047 7.55557 16.3106 0.000471235 18.2165
7004.87 1.57049 30.9815 7.09152 102.209 3.05346 23.5254 41.2375 11.7676 0.00838864 19.6785
6930.22 3.88898 52.0614 4.95078 127.976 21.3813 1.15313 12.2426 30.9115 0.00132973 20.2381
6912.2 22.2214 26.6896 5.66426 83.5043 49.1475 7.79667 30.214 14.1122 0.0312625 19.4133
6975.89 4.57801 60.1973 19.0495 84.4278 24.8939 7.39378 27.1572 20.0185 0.0107464 22.5742
7205.38 1.23188 18.6847 7.37188 98.6348 24.9317 10.0852 31.3727 7.982 0.0607012 20.6473
6970.45 34.7242 4.82145 10.7941 65.8576 65.0729 11.9564 32.799 35.2775 0.0039017 20.4667
6995.69 8.15576 5.84604 6.10223 85.1846 13.7984 14.0091 13.0238 3.12334 0.0205339 19.5057
7012.14 24.2737 8.50391 5.79091 68.6425 42.3303 41.7989 10.4484 43.4373 0.141693 23.4661
6945.89 7.10399 12.5796 11.9023 61.2131 36.374 72.6421 2.66013 8.61877 0.249171 26.1706
6882.12 9.09541 16.3302 47.2969 64.0689 45.0013 25.2825 3.10271 5.6939 0.0796964 19.936
6844.67 30.1842 13.8254 26.6618 80.51 89.592 14.5894 7.15373 1.84083 0.000373168 18.4632
7068.33 22.7454 5.44954 18.6485 58.5059 61.6301 17.442 13.0347 20.4858 0.0010234 16.4141
7104.63 12.8674 19.4684 11.7266 43.1258 72.3433 51.8556 27.8997 1.62998 0.00170522 20.0846
7104.63 8.80686 4.26091 25.1159 90.2709 58.7851 66.3371 12.1255 3.19464 0.00520729 20.8812
6708.67 15.3294 38.8917 36.8295 100.302 83.7312 31.7059 6.76203 17.2438 0.0242464 23.9602
6731.6 17.5616 44.915 18.8867 125.691 73.7105 22.7581 11.6643 41.7939 0.0145345 25.6319
6879.29 20.4207 25.4109 16.6722 69.8989 63.699 0.677038 12.123 1.83559 0.0146639 18.7786
6914.73 12.158 33.843 7.10519 124.825 25.9403 7.38399 21.9854 5.32579 0.000413377 16.5192
6855.76 27.3498 19.5099 5.34324 114.182 33.0265 15.0262 22.1488 2.45589 0.00287084 18.0156
6936.86 0.771075 42.7906 15.4701 73.7719 31.2593 13.9174 4.17493 2.45589 2.9023e-05 16.1541
7254.37 4.73178 17.8044 4.60554 82.1505 4.09174 22.8644 2.93245 4.032 0.0306968 18.3945
7222.01 4.73178 9.51999 15.9504 47.3439 10.0843 35.4588 5.39533 11.2727 0.0132953 17.4029
6828.35 1.4874 55.1647 33.266 95.2207 63.8953 19.6507 10.191 8.25543 0.00115651 20.9371
6645.61 40.977 25.6118 35.2575 94.9804 55.8592 34.5791 13.3333 8.85675 0.261186 26.7994
6758.45 55.9809 6.42709 0.711432 141.445 37.0657 34.3012 10.7014 15.2898 0.194856 26.5669
6745.73 6.71685 6.44386 47.3014 140.446 26.7921 9.17577 19.679 21.4127 0.12965 23.2883
6921.67 26.7672 7.68892 31.9377 122.182 9.48359 10.2842 19.8061 4.57714 0.0542762 20.1108
6942.61 10.2944 32.7386 12.8585 86.6069 9.1489 24.4431 1.35799 13.3718 0.0139377 17.8434
6934.95 6.87735 8.09745 47.3966 104.213 10.5862 18.8351 14.9539 20.6966 0.000726854 17.1476
7027.16 14.8247 11.704 15.2911 118.281 8.5021 1.56926 27.1876 21.1155 0.00865021 17.7001
6831.37 13.4696 27.5369 27.2043 103.041 26.0693 1.47437 2.74725 41.6226 0.00157057 18.9937
6833.97 22.2445 25.5788 15.1047 123.229 37.9015 0.706598 7.94523 16.5905 0.00718618 18.4813
6906.54 8.82876 48.0756 7.09039 104.96 20.5618 1.56914 6.77436 6.55322 0.00882065 16.9309
6797.29 8.82876 33.5517 33.9764 122.565 22.6297 3.83947 21.6841 18.3223 0.00931211 19.4488
6854.53 21.8573 48.7535 15.1361 72.7977 56.1139 30.0759 10.7657 17.2634 0.0235918 21.0052
6936.65 5.28469 60.3322 2.11385 75.6981 12.2902 6.96298 8.75954 30.2906 0.0276362 20.2875
6941.86 5.08745 54.0473 6.8621 103.051 38.4507 16.2335 7.37086 43.7624 0.0692981 23.5292
7056.72 9.42262 1.26162 44.032 81.4247 38.8996 37.4722 19.0076 29.9478 0.00428347 20.7074
7068.55 19.1263 5.01697 34.2172 63.4908 36.9523 7.2422 17.2071 3.06024 0.0130605 16.8461
7090.47 13.4125 2.04483 25.9169 89.2285 30.0474 6.28369 4.09766 9.13538 0.0120283 15.4606
7105.18 9.86864 5.54431 21.1972 93.9715 23.8908 4.54178 5.10336 6.04774 0.0134113 14.7537
6966.72 30.8009 7.54024 15.3587 59.4324 48.9256 3.47204 6.51668 14.1179 0.0159772 17.3649
7171.33 2.17332 15.5902 13.0787 58.2511 59.1139 0.490951 19.1536 18.3841 0.0348768 18.0622
7226.11 12.8383 3.37572 2.90894 25.9094 35.5223 51.744 39.9224 8.95086 0.00719025 22.395
7158.67 4.01091 10.8278 10.5219 51.7504 53.8807 8.31962 30.9523 2.66841 0.0112467 16.4325
7095.7 10.7529 5.21177 1.79244 72.6818 64.3448 17.5307 20.5849 28.5778 0.00145433 17.8677
7127.49 14.2811 2.81687 26.2483 68.3451 8.75649 18.669 8.65368 9.98114 0.0593759 17.7928
7115.23 6.55553 1.66707 11.249 81.7606 65.1012 22.7246 25.9432 7.35265 0.0282292 17.9229
7229.52 11.7582 14.9772 0.901023 114.634 8.09322 11.6542 24.464 3.5914 0.0294946 22.004
7060.03 4.78765 29.8233 2.25193 113.351 10.6431 5.60958 11.7618 2.3405 0.105685 19.1489
6964.06 11.3166 13.804 24.2762 111.705 23.3672 1.98547 4.46747 9.08954 0.0253934 16.2949
6815.34 33.8254 23.626 11.2132 113.232 13.015 3.7082 9.80932 7.01754 0.0418218 18.5331
7112.12 22.8531 17.7957 4.53384 57.3137 24.6653 17.1138 21.0945 11.8463 0.0624473 18.652
7174.28 23.9052 3.1385 11.6729 38.2915 32.1599 13.473 28.4967 10.4478 0.0529447 19.0582
7318.26 1.5643 4.22097 9.79845 50.8667 66.1603 5.01281 29.2208 4.46788 0.0248694 18.1849
6812.76 36.7353 14.0016 26.5684 129.852 11.4966 15.8995 36.599 10.3038 0.0114951 21.0573
7077.87 27.2059 2.94417 12.5944 64.2876 96.4818 8.00686 3.9932 3.01346 0.0159815 18.0619
7079.41 6.98217 5.00434 41.2358 50.2782 102.817 6.81044 36.0053 47.3847 0.00301189 23.0738
7010.64 11.5095 7.20113 34.7302 64.1877 23.7984 20.2159 37.923 51.273 0.000135526 20.5723
6926.45 3.1349 8.79545 66.9117 56.3927 45.8899 28.6689 13.7751 26.5272 0.000135526 19.3344
7017.83 29.1274 2.03375 46.9848 28.8349 72.5605 36.4671 3.26213 31.3234 0.00977986 22.848
7105.76 6.74732 3.97984 39.5801 30.6168 71.8272 28.8023 12.856 16.2886 0.00419279 18.5932
6817.41 2.91546 34.9048 21.0065 155.692 40.7953 15.2299 0.286914 19.7987 0.0254434 23.6551
6675.75 8.33701 73.4386 32.9658 64.0279 11.3695 37.1063 8.84486 0.876072 0.0306982 24.748
6756.5 9.79908 53.3825 30.4776 88.2656 17.1261 34.9023 5.83886 7.87708 0.0236897 20.8891
6912.03 14.6973 38.4883 29.9134 65.9335 18.2006 32.3291 2.40642 4.44234 0.0118728 19.0394
6969.56 0.642855 20.528 8.28787 126.454 39.2927 14.4478 0.0031853 18.3315 0.0125583 21.2531
6891.55 40.2523 17.782 34.7353 65.5276 22.4338 5.35243 11.0524 45.6448 0.00988645 21.2117
6996.29 10.9643 33.6598 21.1163 93.2284 24.6041 15.2513 10.7899 37.9271 0.00902896 19.773
6979.4 13.2057 33.4101 13.3545 84.6449 35.817 21.1496 7.14129 34.0404 0.00184999 17.8813
