6964.96 5.80149 3.48318 2.23475 17.1088 23.1978 12.1709 13.6899 1.63666 10.7247 0.00883766 3.74975
6888.32 6.56603 23.6044 4.64859 17.1721 9.92467 12.5679 1.6321 11.9622 10.5851 0.00125095 2.97086
6654.1 13.207 24.3496 13.6264 17.3817 4.56188 20.458 28.0505 50.7427 9.95594 0.00597947 10.4481
6877.61 21.9798 27.1273 8.8973 17.8959 0.343104 23.7377 24.1375 19.2869 10.6433 0.0968423 10.2745
6793.89 14.6499 15.9364 28.8656 18.0263 5.79225 23.8896 5.66785 6.51303 11.3013 0.252393 9.27456
6692.99 19.128 19.2251 7.39234 31.1337 6.6092 1.49647 2.83087 29.7738 5.70078 0.000110369 5.74012
6841.07 19.4171 27.1898 3.25571 5.72032 2.44261 15.1279 1.9471 17.8992 2.69935 0.0255828 5.27429
6830.09 11.1492 0.119637 29.3114 18.2786 5.76363 6.49313 0.736167 12.6642 7.32608 0.173604 8.82611
7033.75 4.57835 17.5916 12.1326 7.13138 8.25997 23.8658 15.8236 8.8521 5.71411 0.110313 6.11135
6960.57 2.60569 12.247 11.6132 4.65021 10.4478 26.3343 23.5273 3.88257 9.61155 0.0646534 5.70464
7199.95 7.55706 6.90259 9.91662 9.72129 11.6291 6.65096 15.0529 0.220252 13.9016 0.0940119 7.00186
6906.16 14.8349 14.5897 23.9303 2.86486 6.53674 26.5119 5.21798 3.67917 19.0398 0.00930077 5.06319
6916.69 5.56783 15.2831 2.10028 31.2616 21.7193 31.3106 6.05173 3.19581 14.9483 0.031629 7.44903
7061.82 5.79174 4.29183 12.7033 5.80189 2.34681 7.46609 5.44566 4.16534 34.3822 0.0405958 4.45841
7163.94 14.7169 2.07123 11.5142 6.89662 11.5988 4.2049 3.94959 2.83732 19.3199 0.186539 6.96057
7266.29 4.86648 17.7438 0.842197 8.12277 4.98339 7.63228 8.22023 1.01654 33.5302 0.121732 9.29565
6763.64 16.3098 78.4355 0.775464 5.40365 12.9407 13.0947 15.9337 17.7277 22.3831 0.211867 14.6001
6737.05 26.2224 15.5893 36.9928 10.0236 1.33949 6.44047 1.46378 34.629 21.8451 0.0843288 10.6459
6889.93 22.4632 16.0044 18.602 6.07734 39.8473 25.6185 12.1811 31.557 9.27546 0.114199 12.0386
6681.42 37.274 9.51963 14.1296 22.1778 28.3415 21.534 9.57123 13.1883 11.4083 0.0347189 9.16131
6678.08 5.41091 12.3992 18.1443 4.53089 84.1572 22.5094 4.08585 6.02183 6.49386 0.212405 14.2194
6976.05 6.38744 22.0078 16.0262 1.60765 2.30472 12.0758 8.97044 1.20645 3.55337 0.0696931 5.03669
6749.38 43.2696 14.9559 20.2645 9.86272 9.61073 2.6654 8.01527 5.39657 6.72104 0.0414469 6.55428
6868.6 11.2472 9.06235 22.1199 16.5621 6.66887 4.68028 4.27952 25.7119 7.72617 0.0565708 5.47782
6951.03 2.59306 3.13075 33.5452 9.71244 19.4797 3.31739 1.28454 11.0446 17.6765 0.0249748 5.6848
7001.26 9.14016 3.65474 20.8863 1.85755 5.62027 37.5557 13.9225 4.89751 4.26229 0.00647728 4.70114
6935.89 8.73868 12.1058 3.27975 0.695147 21.9891 30.6103 17.1788 2.94001 16.6443 0.0232349 6.32947
6931.99 0.188956 18.9617 16.805 4.57578 33.7284 23.8684 7.95274 4.11785 9.69643 0.000298967 5.67926
6795.79 18.6657 36.7608 21.5852 2.54666 6.43402 33.0026 19.4236 9.79971 22.6029 0.000250994 7.80466
6678.19 4.47078 18.1303 44.031 12.4497 4.43433 31.6559 25.419 4.95358 50.3337 0.124253 14.4142
6745.18 13.1679 21.1047 34.0848 5.39779 14.346 41.93 12.0828 4.7234 29.7937 0.0404518 10.5145
6813.15 15.984 36.8555 1.68093 42.4412 22.1314 5.03668 23.8216 1.84949 33.7914 0.000672282 10.4563
6684.4 18.768 11.8939 5.6734 41.2663 0.694831 6.90815 31.43 3.57462 15.0618 0.0178365 8.74424
6773.68 7.3515 29.6029 14.5904 23.88 2.12956 7.21944 32.3586 0.746423 14.5977 0.0116594 7.4504
7152.11 9.73457 18.5548 0.828857 9.02153 14.0462 3.54391 8.60155 12.8302 12.0011 0.0200097 5.13657
7099.9 10.4083 15.9581 0.806027 7.10657 10.198 0.516131 17.4919 32.0733 43.6581 0.00554211 8.50548
6848.83 1.19063 43.6751 1.27115 20.6128 8.38023 9.76957 20.0791 33.0313 32.7133 0.00554211 9.85123
6806.46 22.6759 23.5155 7.62673 16.0157 1.82923 15.2599 3.12815 20.9602 3.12443 0.0633283 6.73429
6809.37 10.6196 9.39342 6.17451 33.1913 10.5364 7.46004 10.8571 22.3559 3.10514 0.109701 7.05247
6885.58 10.287 8.56602 6.40488 35.6778 21.1574 4.1851 13.2119 17.8587 1.3959 0.0649731 7.02918
6856.97 6.27471 11.5356 11.8955 17.8319 23.2702 8.32523 16.1316 26.775 6.25324 0.0733114 6.85633
6828.19 7.81118 8.23807 7.38015 23.08 24.6902 11.634 11.1159 23.4389 18.9788 0.0192132 6.33206
6931.96 5.49997 7.78063 25.6785 8.29958 4.03852 15.8398 1.15483 8.99184 6.03862 0.0153746 3.54542
6955.73 35.0895 1.07167 12.7081 13.5149 9.79168 15.6753 5.73564 17.5109 8.4977 0.0797072 7.30428
6906.33 6.61958 10.098 14.26 3.62714 5.80489 16.2058 6.53635 24.2821 12.4962 0.00153177 2.90962
6803.76 17.1785 7.01593 0.918301 14.1227 11.2436 12.132 3.11991 21.5097 5.98127 0.0179706 4.95229
6815.3 11.7511 15.701 17.9819 8.69099 10.158 0.789298 8.22372 54.7001 19.6554 0.0391982 8.97652
6646.49 4.37547 35.2266 13.116 27.153 2.11083 2.22716 22.1567 6.9113 26.3587 0.105263 10.8078
7174.64 27.3321 1.46085 6.71492 14.2099 12.5979 2.22716 6.04696 12.1867 23.1407 0.0281475 7.62598
7096.68 5.40527 10.3782 1.21155 13.9892 4.93373 20.5465 3.51283 34.3645 18.2341 0.00458112 5.39303
6723.81 27.6073 31.3575 26.8448 21.3941 7.73978 20.7272 3.5003 2.15203 13.5992 0.0255916 8.82182
6478.36 19.5201 17.7918 47.008 43.0669 5.75436 33.8217 5.80861 0.758203 13.4498 0.00681865 13.4154
6814.33 6.65633 18.7598 44.3829 25.3506 4.55933 2.40015 15.2884 2.39079 8.90959 0.0644166 8.3406
6751.71 7.4229 12.0184 5.59026 21.8729 4.62187 4.1517 8.10022 3.20628 10.3504 0.0136497 4.21
6819.94 18.8469 14.6233 11.5849 15.7691 23.7226 9.62071 11.0384 4.47172 11.5836 0.0417776 5.61416
6842.78 18.1366 21.442 2.58695 27.9021 27.9839 3.85099 7.05627 7.06763 2.14076 0.180193 8.75345
6592.16 20.8233 10.379 8.54731 13.5391 13.2904 4.36394 10.2397 5.24392 1.85153 0.080816 8.27911
6804.34 12.5141 8.56414 8.23163 13.6603 4.63043 4.34948 11.1134 34.7538 16.5616 0.00380342 4.87547
6972.83 18.0465 7.50589 6.58754 15.348 1.52836 26.4795 7.53194 23.1224 12.0216 0.0111165 5.19825
6902.82 22.5477 11.4007 2.99535 12.2886 0.741416 11.4472 56.9243 23.0863 13.2952 0.0116456 8.9217
6914.21 4.76555 2.65331 0.996516 21.7999 5.42811 22.9654 15.0563 16.9409 29.1656 0.0905222 8.02364
6859.92 10.3094 6.45289 1.73875 4.25436 8.75959 20.7806 8.37686 3.25068 21.5573 0.0393196 4.99056
6823.05 10.1477 15.1734 11.3983 20.8363 9.66024 5.08325 3.4499 31.2289 7.35245 0.0454309 5.90561
7095.72 15.2003 22.2316 9.90448 23.4888 11.0776 17.4213 9.91138 29.2419 33.9841 0.0735281 12.0926
6851.7 5.36096 8.73419 14.9279 5.1268 6.32327 31.6905 35.3519 0.535471 8.09379 0.0466077 7.54697
6685.19 41.4776 9.00157 26.6822 7.00956 27.2035 25.674 27.8504 5.48473 11.1081 0.0174215 10.2037
6591.75 18.2633 34.4704 20.3275 47.9629 9.3758 23.6407 2.38488 9.86599 6.06598 0.00717643 10.2179
6606.25 25.983 23.9428 8.85737 7.88949 29.1779 26.6844 31.3222 5.37379 6.66116 0.0305486 10.3057
6751.86 29.1078 7.88568 7.58727 15.6438 14.1845 6.44274 30.7347 11.5365 7.127 0.0108614 5.91094
7091.5 1.6894 4.24941 9.93887 15.5299 11.7888 21.3816 9.48846 24.1949 2.30116 0.00377861 4.32958
6997.44 0.606381 7.65894 0.67658 1.41861 17.8346 7.23966 36.4146 9.394 41.588 0.103738 10.1014
6929.99 18.1725 14.1189 9.35951 20.5934 1.79185 2.42594 4.51344 10.786 24.4046 0.0602177 5.97259
6993.5 12.8598 1.11241 3.31335 2.03442 1.93235 22.6267 13.1761 9.17605 32.4562 0.0354107 6.15279
6944.8 1.05828 14.3448 2.48901 16.7123 7.57336 15.9759 34.3673 11.9585 28.6475 0.0931478 8.61687
6913.73 22.1289 11.0867 5.18321 4.99337 22.0531 3.03961 2.63864 5.13566 71.9572 0.0750173 10.1538
7069.1 1.22238 2.0633 10.2839 5.11553 20.042 17.2951 0.835366 2.72244 66.1144 0.0115592 8.54184
6977.91 10.4315 2.0633 22.6082 2.08044 21.3053 4.39009 27.353 5.87896 11.4665 0.0226566 5.50131
6874.66 7.561 21.8303 16.5023 15.3808 12.1516 3.68916 26.4898 7.53093 37.5347 0.0185038 7.29288
6889.33 10.8064 18.6986 14.5953 7.83091 10.208 4.64468 11.8521 5.16081 24.7721 0.052953 5.14127
6943.67 13.6943 10.2366 22.5894 20.3196 16.3399 6.04248 14.8376 2.5463 16.1296 0.0116472 5.29627
7039.8 10.6296 9.66985 26.0294 4.44587 3.53265 2.01785 12.9549 6.01349 8.73239 0.0333989 4.27622
6981.62 6.8136 14.1441 9.92863 14.342 8.58433 13.2411 12.9765 6.76414 15.8364 0.00790444 3.09716
7061.11 10.0476 17.7246 9.81961 7.53517 7.64617 15.8521 6.39998 10.8743 4.01985 0.0110286 3.28056
7008.57 17.8833 8.35324 21.0661 4.05021 13.0086 17.9202 5.92819 22.8412 8.70045 0.00164608 4.38736
7169.6 9.81054 8.20088 8.80152 6.29187 24.9961 5.39078 3.48973 19.6967 12.6194 0.00680742 4.89674
6979.64 5.59758 21.4435 7.07434 3.75793 3.97343 10.8059 14.514 14.7038 15.4858 0.0286191 4.11055
7052.04 10.9399 12.6666 5.11565 3.00807 10.6255 2.58339 23.4943 3.02904 30.7369 6.68492e-05 3.35582
7015.65 9.52369 14.0728 10.8129 5.41814 6.21576 4.45033 15.0073 1.18734 26.2588 6.68492e-05 2.42493
6852.84 9.52369 14.0728 23.8607 8.94846 6.21576 6.03535 11.3823 1.18734 26.2588 6.68492e-05 3.28894
7051.13 15.2464 11.2021 15.6616 16.3603 14.1348 19.8642 5.75861 5.07709 20.3592 6.68492e-05 4.32156
7142.87 9.15482 4.03483 2.02468 14.7914 15.5862 12.6406 3.76066 8.58154 5.94918 6.68492e-05 1.97348
7177.63 3.51478 10.6206 1.98033 4.54173 9.18436 7.32126 5.93189 5.55097 17.2211 0.0044154 2.49292
7177.63 1.16484 8.73946 7.3284 4.81837 4.86027 6.85765 6.91271 2.90967 12.1374 0.0308201 3.26216
6967.59 1.16484 9.13578 7.3284 4.5028 5.96399 8.03061 2.92151 4.95615 6.10678 0.0081034 1.6996
6833.23 18.0863 12.3529 9.57434 3.47432 15.3898 54.7145 3.0745 15.4753 35.1448 0.0116661 9.26947
6915.12 0.859211 20.4169 12.4866 8.61828 1.48308 19.6409 25.9404 15.9965 7.7673 6.49636e-05 4.16138
7044.48 28.1325 10.5456 18.5916 14.008 0.915819 22.8772 3.01044 11.8386 17.5915 0.175998 10.167
7045.14 27.2543 9.85059 11.383 1.33595 11.7616 24.8946 3.69868 9.56456 12.6141 0.244651 9.14973
6799.67 11.003 16.7586 21.1931 24.2182 26.9051 2.39595 3.69868 23.3237 13.8812 0.134546 9.33285
6915.27 1.68416 11.2735 22.735 6.99141 14.8823 21.271 37.4114 20.9606 16.4583 0.0911406 9.52739
6899.08 16.257 10.5118 35.3057 2.46534 12.0777 12.6379 24.9672 17.3524 10.0623 0.00393526 6.14328
7009.05 1.93222 5.66202 3.28047 2.44505 30.489 3.87657 7.35113 0.509989 4.83313 0.0309606 4.40405
6995.98 6.14003 16.4394 7.19329 3.33557 8.02607 1.76088 9.25046 3.5787 12.7258 0.180194 5.21675
6862.81 7.80012 31.9089 1.60004 17.5776 36.3564 20.3211 11.758 26.0855 2.87273 0.0690876 10.1408
6850.83 4.28793 4.96852 16.4457 5.02122 31.2032 2.69029 29.9428 27.5409 14.205 0.0145631 7.31309
6767.56 18.0192 27.3402 6.89331 13.9592 6.0594 5.387 6.77693 6.61476 22.7766 0.0372572 5.77019
6526.71 13.7758 13.4724 20.4936 5.05304 32.355 45.1644 3.40129 11.6492 14.7404 0.00117651 10.8246
6832.54 30.7195 3.99927 36.6427 3.15479 22.0629 34.0013 14.4111 18.1289 10.9812 0.0527662 10.8203
6766.96 25.646 18.0479 24.0189 4.96738 4.36094 27.7068 6.78061 23.8606 130.504 0.00852273 17.5696
6931.77 23.2787 8.35519 3.10319 3.46796 23.9967 32.9756 37.4925 16.4106 26.655 0.0307698 10.4606
6856.37 18.4265 0.0587827 2.14087 3.46018 15.7043 2.06071 18.8981 28.7208 17.2993 0.015624 7.87465
6856.3 2.71079 27.0917 8.93757 3.15004 11.2033 15.3154 18.2666 15.4258 48.7645 0.215348 11.062
7021.68 7.48968 5.07086 21.1582 9.45896 16.2298 17.9734 26.1901 5.92169 22.0873 0.200984 9.08826
7099.56 11.6969 9.76388 16.634 5.22286 12.6535 44.1595 9.82522 15.2867 9.13096 0.113042 9.49249
6751.6 1.18675 34.7305 8.15968 20.0611 8.28314 15.7435 19.3636 38.862 5.2852 0.161505 11.1563
6816.61 2.03697 48.7328 29.2698 4.38105 12.1237 6.09635 26.2273 29.4118 5.69305 0.0245148 10.0588
6935.11 11.1123 12.8989 35.6445 13.5279 0.939648 11.7806 6.27753 20.4732 7.85117 0.00690747 5.5733
6932.13 8.77616 32.3093 16.3593 3.66659 9.10711 4.15677 4.67533 9.27696 16.3953 0.0206962 4.72029
6868.33 0.857687 19.8092 9.36962 15.2891 14.8529 7.27159 5.85843 17.1546 16.6893 0.104144 6.61558
6938.4 6.24557 8.88922 6.83758 14.474 10.5432 23.1936 15.9486 7.5937 15.2316 0.0199413 4.19076
6864.61 11.1128 17.1358 21.5628 16.4898 4.70014 20.4157 12.3739 10.0227 22.1231 0.185595 8.52413
6844.76 21.3077 1.0883 10.4296 4.37158 7.34296 13.3251 7.19428 2.55555 21.6918 0.0153871 4.54269
6718.93 38.4006 17.1136 4.33763 24.8934 13.5288 1.74863 33.3937 2.85275 0.734377 0.0205974 8.83128
6679.03 71.4193 5.37348 13.4694 2.44276 1.62505 24.5772 6.14001 14.0825 29.9805 0.000484957 9.34296
6680.87 28.3511 7.49632 17.8798 36.8058 3.72585 13.9234 5.53448 32.5337 26.492 0.00925776 9.50703
6848.69 1.7145 5.70519 6.32274 39.8084 27.8689 0.558065 5.59282 47.2978 25.5107 0.0130348 10.6006
7238.67 6.13333 4.23618 3.43633 34.1945 28.7637 0.296974 4.29079 52.471 23.9282 0.00601806 13.4535
6889.32 33.9631 16.127 6.0922 22.8172 9.05618 6.86479 23.6737 13.9253 24.0984 0.0103245 7.55187
6536.2 77.2037 29.3224 7.04625 26.7798 4.97328 29.1523 47.776 22.3137 6.31195 0.0107608 16.914
6711.65 21.4662 23.4271 17.7788 19.1875 9.26606 13.843 16.2149 6.05882 23.7745 0.00664267 6.72054
6735.46 12.4862 19.693 28.6409 17.4358 6.57567 26.093 6.41588 1.07715 14.7318 0.00167861 6.0352
6872.91 7.09337 2.37882 8.08809 5.49088 4.25674 4.68049 8.76627 2.03762 10.8669 0.000487857 1.54495
6928.61 19.7407 6.92809 2.56247 22.58 4.8768 20.5217 12.6583 2.1245 43.6078 0.00154145 6.16044
6847.16 59.2598 6.16242 1.35418 13.5396 12.6136 12.1152 16.106 29.7946 41.6472 0.000935142 10.6467
7314.51 4.40149 1.04748 5.00306 7.54434 6.07485 21.6308 14.8246 43.7341 29.4984 0.007553 10.1116
7033.52 2.76912 2.94676 24.1837 4.38612 4.60651 23.3049 8.98907 18.9294 0.793018 0.00747942 4.55276
7033.52 3.44778 9.7592 21.1086 4.38612 4.60651 15.7505 9.70303 24.9631 0.793018 0.000870616 3.56692
6752.58 13.8605 1.74052 16.4206 3.97101 44.4408 24.0012 7.93735 56.2388 9.90958 0.00398686 10.7584
6873.42 6.19711 6.75853 18.153 13.5239 37.2559 10.0593 3.56707 38.9083 4.14878 0.0118163 7.09646
6866.71 18.1825 4.65194 2.19195 20.2809 10.5611 30.9027 9.61717 13.4361 4.14878 0.113063 7.19103
6900.93 5.00173 17.3067 8.06879 22.6769 5.02429 10.3588 32.2048 11.1591 0.744035 0.04869 6.52402
7063.22 4.22141 9.25213 6.38741 1.95648 13.2537 13.4185 16.1024 14.8638 3.44023 0.0302299 3.76943
6917.29 29.1611 3.6519 19.5302 2.04722 22.914 20.8965 21.9097 22.5174 7.89638 0.00465318 7.35299
6806.51 11.4366 11.4041 5.99246 13.6444 1.19088 13.7815 19.729 4.6869 9.51803 0.00218405 3.4851
6909.5 10.6568 12.8999 12.2284 7.94912 4.05395 31.1202 24.4596 27.4722 4.26904 0.00375969 5.72441
6788.41 36.7959 24.4613 11.1539 3.31907 14.6373 11.7026 5.27908 4.24414 23.2246 0.0094198 6.32186
6860.47 46.9648 20.4327 7.78956 18.2886 25.6386 17.1749 6.06487 4.9454 33.1409 0.00125013 9.64473
6678.74 30.5459 13.2987 20.8225 14.6643 23.8834 29.4802 2.7878 23.7984 18.4412 0.00123203 8.5954
6809.28 2.06081 25.5405 20.8392 26.1607 14.0379 7.40487 5.45382 19.1295 16.076 0.0115717 6.54677
6793.37 5.08844 30.2046 20.7713 9.23513 8.26017 11.835 0.802526 13.3106 20.9671 0.00982501 5.88994
6755.13 5.27351 11.1661 28.4488 6.15456 44.6832 22.3039 13.3146 30.5315 23.0716 0.005603 10.1074
6735.31 5.67887 35.2653 35.5047 10.5951 24.4543 4.20328 14.2551 2.67073 27.396 0.0078173 8.6894
6759.24 7.42496 28.0133 25.2217 18.0512 38.3102 6.11482 14.1024 0.373856 48.1079 0.0195908 11.9838
6894.37 16.6667 28.4644 7.49352 0.23666 11.1558 6.11482 14.2703 1.70204 6.07985 0.00136639 4.14063
6839.04 30.0968 14.0187 6.69025 10.7803 20.9801 5.12458 13.8703 12.8947 5.38082 0.017997 5.1031
6728.41 1.63745 6.60223 6.7646 17.263 35.0912 19.7669 12.8565 19.4884 42.5694 0.00476227 9.78809
7103.46 13.1566 4.56529 17.5961 10.3638 7.19093 19.1534 14.746 14.1444 11.9312 0.00906524 4.93185
7138.53 33.4371 11.6436 0.198747 3.18305 33.6165 1.97887 14.0985 16.7449 1.77436 0.0176578 10.5252
6988.15 29.1523 4.24648 32.6312 9.82791 3.00725 27.4499 12.0345 9.63024 5.06736 0.00565798 7.18562
7132.58 13.7004 29.095 19.3391 12.9691 3.42779 6.17915 1.82322 18.3878 30.6621 0.00565798 8.99769
6672.97 9.2879 39.9813 17.9134 34.626 3.32884 18.7322 6.47 14.3248 12.0726 0.140684 10.8016
6612.52 37.0261 17.1996 26.3649 32.5948 2.12804 24.968 7.24318 2.58668 6.69446 0.0449729 10.2457
6813.94 8.61687 8.65445 24.7413 3.91971 12.2496 12.8684 10.974 2.54274 6.66218 0.0228484 4.19252
7038.55 0.268029 13.6183 7.65661 12.9958 1.80579 25.8103 26.031 3.69731 11.8758 0.00655052 5.63522
6977.5 25.1329 20.88 13.9044 29.8864 15.5196 21.001 2.42644 2.3863 11.422 0.0190818 8.94039
6703.6 5.09259 10.906 9.14958 24.8102 2.54201 12.9881 6.29214 11.2143 2.48418 0.00905102 5.25146
6699.14 7.23648 8.25318 4.32343 31.5982 2.2481 7.32629 5.78 18.8886 11.8451 0.0129592 6.3601
6822.08 1.84685 4.4442 9.43962 18.378 21.5836 19.6648 1.56021 41.9935 20.347 0.0140082 8.2862
6812.31 15.7851 0.280359 24.5799 3.02048 32.8966 29.2591 1.10623 4.12371 5.38747 0.0325337 8.5184
6860.49 15.0281 3.13004 13.0389 16.2473 22.5942 18.317 3.11901 9.16813 29.2692 0.00936858 5.77722
6870.08 8.0926 17.0007 28.1806 23.8646 1.96023 3.48882 3.42376 5.71164 10.2312 0.20227 7.78637
6755.71 9.31331 12.1532 34.496 18.0216 17.3535 1.20686 1.21076 3.61535 3.95312 0.171312 8.6227
7185.17 17.5312 7.40032 12.2868 5.70391 2.34775 0.580184 15.9434 19.2018 26.0507 0.00206905 6.34885
6892.17 18.6494 16.3376 28.412 3.56447 0.985809 3.1273 6.04692 10.6341 33.9599 0.0201701 6.73781
6792.06 8.49308 26.6419 25.1147 18.3317 18.5451 1.41706 4.14708 7.17096 7.39528 0.00468753 5.20384
6909.11 14.2531 12.1351 14.0275 15.927 53.4277 8.25499 4.45875 1.09786 0.890278 0.00235098 7.01435
6884.44 18.6564 43.01 3.14087 15.1176 19.53 3.99948 26.0892 26.5413 4.50372 0.000515965 7.92861
6919.4 1.73144 34.2003 8.8517 10.256 21.6261 18.7149 12.9633 14.6216 5.60539 0.0106382 6.01937
6927.13 10.6122 19.9069 16.3938 5.61885 17.778 6.4593 2.767 13.527 12.0256 0.0553253 5.09299
7002.7 7.91904 9.18966 4.86879 6.42386 21.9901 11.3048 12.135 7.49217 4.98746 0.035692 3.4934
7069.64 18.9335 15.2875 11.4024 4.20673 1.52883 30.5304 20.2304 1.79088 15.7052 0.0346824 7.66715
7070.65 0.359778 9.33242 12.8946 5.06547 6.297 34.8562 36.4426 2.09519 19.9334 0.0275081 8.54311
6770.86 41.2748 27.1242 5.59707 5.81959 21.8995 12.481 25.7939 5.59314 1.38189 0.0137097 8.11425
6778.76 6.16647 24.4153 10.0211 4.84977 8.50126 10.0289 3.12777 45.5078 13.8466 0.0820378 8.3414
6807.43 30.6929 27.3283 1.86933 23.6801 1.53893 8.31746 8.01718 12.2887 11.8761 0.139756 8.70301
6770.57 27.3822 29.9045 14.2788 15.629 2.43264 12.4112 7.57164 9.00658 5.8883 0.00614796 5.28949
6931.44 5.72889 12.9952 5.7735 3.64666 2.05882 2.07997 20.82 3.22087 20.2976 0.00431224 3.19625
6770.6 28.3067 11.3843 39.363 7.44645 12.1214 24.6781 16.7887 10.2522 30.4773 0.000398517 8.19411
6764.15 7.89895 6.13985 17.8234 42.4361 34.185 12.4795 23.0777 21.0351 1.24596 3.77088e-05 8.26043
6693.01 8.92961 30.9958 14.3048 9.97139 10.6331 18.6602 31.9722 28.7362 21.127 0.00734872 9.20102
6874.43 16.381 6.60291 26.3742 4.82665 8.76001 17.763 28.5162 14.4614 10.5011 0.00132691 4.92067
6780.16 6.14131 10.8461 64.0848 1.29336 22.4732 12.0976 29.2131 29.7502 4.94724 0.00130777 10.4853
7018.22 7.76597 11.8777 21.6764 17.6858 9.61861 16.0226 5.25761 54.1581 8.97139 0.0116585 8.11778
6959.36 6.81611 11.306 11.7951 13.7243 4.43216 32.4578 7.54552 21.7158 11.9171 0.0331418 5.71283
6867.74 3.47102 8.6583 22.4171 3.54577 10.6527 23.8678 7.53597 32.0491 34.4184 0.0276914 8.06629
6712.24 6.22108 10.779 24.2336 3.23538 27.9943 18.2167 7.70863 47.8941 38.3401 0.0541819 12.5217
6959.25 7.25575 2.40531 10.4622 26.2257 2.95149 1.20532 29.0761 32.788 9.19873 0.160889 9.17359
6981.82 4.33238 8.66783 16.5459 18.3026 8.71168 1.17857 6.77312 4.57224 4.83601 0.157962 5.40921
7045.41 11.015 20.3596 4.56915 4.36462 1.30918 13.2946 4.68684 35.1363 2.46592 0.0122647 5.16497
7204.03 7.9865 6.96283 3.04327 1.16863 2.83137 12.1968 14.352 12.9024 8.37223 0.00262855 3.12958
7139.1 2.73862 6.72877 1.04987 12.6212 2.83137 6.32277 19.118 13.8067 3.50241 0.00262855 2.79311
7122.71 21.8102 8.689 13.412 11.4047 2.83137 2.63798 16.0368 16.1217 5.34072 0.00262855 4.69845
6859.3 14.3682 9.28973 5.89485 2.656 17.1098 1.22586 5.52803 4.52655 19.8714 0.0548447 5.00506
6694.74 18.964 18.6933 15.086 16.4868 0.998652 15.6648 50.9593 11.0446 7.53739 0.00398251 8.49847
6840.09 32.9477 7.75509 2.31444 55.2245 13.9552 12.292 21.1538 7.88279 1.94268 0.00398251 8.93074
6937.72 13.8616 6.29892 8.81906 1.11324 9.22878 11.951 15.5691 17.5095 9.26436 0.00398251 3.00683
6868.34 42.3027 12.3812 13.3361 6.76307 17.221 14.6813 5.79829 5.06204 7.67778 0.0149559 5.85963
7067.89 2.49236 27.4266 15.2452 1.03154 0.887255 18.7824 24.4819 16.6582 17.1011 0.00557978 7.22213
6774.41 4.09711 29.2205 19.6239 22.8367 7.08382 14.8289 38.5975 23.7934 17.1408 0.00709203 9.15415
6758.81 14.0235 33.2896 47.9246 44.8536 32.2858 25.3598 8.34533 9.65049 20.0009 0.0411124 17.6754
6575.14 21.0004 33.2219 10.5219 43.4209 16.7073 25.9891 0.734464 8.38244 36.849 0.11677 14.8618
6671.81 3.28211 16.5638 14.4746 49.3933 11.9016 34.1074 21.0079 7.96676 6.95227 0.131399 12.164
6679.47 12.0359 12.8097 43.1238 26.3883 12.6845 65.4738 5.55708 20.7917 27.3108 0.0902093 16.2058
6864.83 6.93434 11.493 26.5999 12.2911 10.6849 25.6543 20.8129 18.8292 28.4789 0.129259 9.85911
6790.76 20.3551 12.1729 38.1902 17.1551 0.531608 10.1535 11.6299 21.4002 55.8781 0.127048 13.3416
6762.62 3.28005 10.8376 14.928 3.37014 20.5276 8.3554 7.06727 1.36005 44.6364 0.351668 11.6498
6792.63 6.35804 8.58136 36.3798 3.43937 0.524023 8.38579 9.24639 24.5875 60.3197 0.178256 13.0238
6915.34 11.7516 8.44174 33.9264 23.2953 17.3446 8.47495 11.6986 17.6017 37.429 0.182626 11.5871
6944.72 21.5336 9.05 1.50191 27.1079 17.2182 8.48541 2.60734 20.5286 14.6591 0.0521695 6.97479
6932.32 17.8372 14.4485 2.93345 18.1101 12.8717 8.19919 15.163 26.8 4.17881 0.00663888 4.77452
7015.28 24.3895 4.48219 2.08995 8.42132 19.5852 6.1855 8.32571 15.0468 6.05585 0.0907744 5.66044
7004.6 12.7237 23.6324 9.43349 4.81351 22.0588 48.9197 21.258 19.8773 3.48901 0.00368898 9.51082
6710.5 39.1584 16.034 10.255 16.8486 16.8785 1.00848 25.5076 26.5659 0.228327 0.00368898 9.07393
6639.78 34.1923 42.1747 4.98328 17.4139 19.2515 16.5792 0.72958 2.14869 16.4543 0.000248666 8.09107
6739.48 31.6202 3.65916 2.23663 11.443 2.53056 16.9857 29.3605 27.2982 8.59922 0.054662 8.93788
6956.42 25.8638 3.17356 11.3726 21.1549 13.9353 16.7615 11.4053 5.88318 52.3249 0.087801 10.2053
7038.7 6.86903 12.6075 2.75684 45.5242 8.44974 16.5806 15.7858 30.6916 8.12762 0.00812675 8.23047
6672.01 14.4944 17.3904 39.9517 9.45525 15.4557 5.18364 10.3528 6.93521 3.97598 0.0842671 7.91614
6675.12 8.98406 8.68944 37.4597 4.13645 22.6854 10.7697 12.2697 2.81207 10.2193 0.122632 8.80038
6814.23 9.51446 5.06088 19.0394 8.03038 29.0233 24.1239 1.2909 16.6118 17.1334 0.126811 8.68219
6947.86 13.6411 6.1053 16.6413 12.6444 5.15773 23.1578 6.5987 6.78382 4.53021 0.00236345 2.65717
6876.95 25.5126 14.7754 6.13675 35.1959 4.07908 20.5219 23.4054 17.9587 9.55437 0.0234222 8.33709
6899.49 27.7567 25.9558 18.6546 1.23176 0.263187 28.8621 10.1203 20.0617 8.82571 0.0547381 9.86725
6793.1 23.8256 5.65484 8.76048 18.3134 6.46173 15.756 17.9096 21.6038 9.92621 0.229995 8.89842
6769.43 21.0707 4.59896 24.9828 8.83243 20.0544 3.27988 10.6695 16.4389 16.8785 0.0690245 7.20027
7254.41 6.75231 9.51204 7.28482 11.8327 3.851 8.13268 7.00247 17.0688 2.09934 0.137784 7.08764
6637.35 25.5046 6.95011 7.87865 27.1064 17.6753 7.28424 12.2666 2.45849 1.42123 0.121854 8.99723
6674.51 8.11416 6.28869 12.6454 29.907 6.60645 7.70809 2.87522 12.9615 7.23429 0.103281 7.72833
6864.25 8.39843 23.574 8.43453 8.14825 13.2816 4.16347 3.91689 18.5512 4.47356 0.00459038 3.06563
6870.1 15.612 5.17512 1.9482 1.87723 28.7721 20.9543 6.19796 9.40234 3.54661 0.00228711 3.9594
7031.31 5.76429 5.37599 13.4934 10.4575 31.205 3.97861 32.232 0.748128 1.87651 0.000116042 4.76457
6716.91 10.9349 0.725384 7.86246 37.5155 8.68534 27.6952 18.141 5.14544 7.19098 0.00265956 7.01771
6689.54 43.3758 5.29335 7.12643 23.0781 11.1705 13.0834 26.4168 15.4783 6.1612 0.00521162 7.32095
6903.49 13.857 12.3435 18.4472 25.3367 16.6903 15.4246 9.14383 12.9343 4.76526 0.00662136 5.06944
6618.21 8.30839 27.6114 57.6281 39.0062 4.23655 9.22923 32.4811 23.8648 16.1506 0.0142823 14.2799
6532.54 35.4155 22.3186 27.3863 4.94495 3.94483 6.74614 22.5197 16.9539 8.56564 0.148238 11.8999
6707.56 4.86495 18.7139 19.7144 1.31374 2.9945 13.9968 19.0064 15.8598 63.1739 0.293651 14.6757
6822.43 27.2474 10.2815 5.61753 1.88482 7.78417 43.4961 4.10226 20.8341 16.6859 0.243716 10.7632
7049.66 0.999058 9.56846 5.61753 3.49483 2.67677 23.9016 18.0948 29.358 13.0663 0.152348 7.95526
6822.15 2.27827 4.19391 12.3352 2.87722 4.35736 45.4715 29.7333 2.70022 4.61728 0.157547 9.64358
6966.09 22.6558 7.1104 12.0522 3.21174 4.19696 5.05084 5.58262 8.93183 3.15372 0.042488 3.48199
6889.35 16.9012 2.00514 34.7268 6.60931 4.21718 11.4339 6.06968 5.35226 16.8442 0.00692268 4.36272
7041.11 9.52146 15.1125 8.89698 15.6714 13.0075 18.05 13.9308 9.68494 12.7033 0.00367947 4.07133
6859.72 26.214 8.81626 11.171 2.46931 13.2562 22.6041 9.3122 10.2988 11.37 0.0175444 4.85802
6756.32 14.5966 14.012 14.6386 6.14947 10.4188 54.429 9.05668 8.47268 12.6952 0.0881435 9.08538
6898.01 11.3353 10.8806 11.6619 12.1221 13.4462 4.76405 15.6195 11.3465 13.3938 0.139461 5.75507
7025.67 12.9235 26.219 8.11916 8.28205 21.8094 5.31591 18.4764 6.64362 25.0264 0.0118712 6.48332
6917.8 14.0572 8.54397 8.885 5.23207 12.466 2.60096 41.6978 4.17153 24.7473 0.0238159 6.25919
6978.25 8.53723 12.451 10.1532 3.68448 17.3752 10.8032 6.93881 8.83634 24.9488 0.00588907 3.3442
6857.6 31.5529 8.69286 0.0317981 18.0035 5.80971 3.00604 18.22 10.3738 32.4905 0.0158 8.46851
6946.12 25.0216 9.15606 6.28475 9.87008 3.04358 16.9217 32.3328 5.5026 41.6247 0.0119121 7.65267
6900.89 25.7501 10.0807 18.5034 21.6985 22.9958 13.8874 17.7119 10.3475 13.7892 0.00512944 6.90164
6921.86 51.7981 4.7124 17.6251 23.6156 17.6282 16.558 1.72972 7.38473 15.9312 0.0457921 10.7796
6875.23 13.1136 12.4441 19.0938 27.5293 13.1256 12.6516 2.28832 10.4882 51.8979 0.0152888 8.52627
6910.34 5.83343 12.9878 20.6099 34.0934 2.8104 8.87564 3.03987 10.8076 28.5481 0.0888609 7.89687
6749.64 8.03395 0.469183 21.6186 12.0071 6.56267 14.0116 9.71463 6.23966 22.8465 0.00199489 5.40128
6883.53 9.70944 2.75889 0.879888 1.94049 6.17836 9.44856 42.5514 16.0056 18.5623 0.00297312 6.01352
6868.53 13.9008 28.9706 36.4867 2.02281 7.83004 13.0294 24.2711 25.0662 14.109 0.348715 13.316
6662.46 20.6496 9.86665 33.4981 50.6632 9.71099 16.0823 23.9296 10.4664 11.5494 0.073736 12.1216
7072.49 2.14762 11.6566 16.8512 5.75791 7.81132 2.10741 37.0703 5.69328 4.06836 0.0820363 6.40311
7072.3 5.75145 6.94396 4.06673 16.1289 1.79318 12.2092 14.7919 20.4167 6.91448 0.0200107 3.88486
7080.93 3.59724 5.17238 5.42662 1.73231 7.67679 18.5914 7.17054 6.41023 5.62818 0.0291466 2.77044
7036.85 7.67139 5.44334 1.71199 1.19376 15.1013 6.6753 2.36927 1.64069 2.31003 0.000771294 1.60076
7044.29 25.9855 2.27944 17.2902 2.45962 3.10356 2.67548 1.80203 9.79456 6.47087 0.0088128 3.87866
6777.31 24.1445 2.21311 19.3709 5.99334 5.25695 17.4806 33.0032 27.2518 0.906058 0.00107467 6.91323
7126.74 0.945292 1.3896 25.9618 30.2513 8.64224 14.4927 6.38418 2.3303 18.3968 0.000283916 6.16076
7119.04 4.2673 7.36663 11.3696 18.4176 6.70541 6.23409 5.2463 17.6226 18.1611 0.0314813 4.66172
6977.72 14.5383 8.53401 6.08278 4.48045 3.37351 14.8165 18.6174 21.8522 20.3648 0.0140169 4.60634
6637.44 15.6691 19.3686 5.45745 12.0494 23.6824 16.198 9.03604 13.4935 18.5712 0.00623526 7.0322
7099.4 20.681 11.3752 8.3034 6.55336 20.7087 17.7834 10.5534 1.01792 15.7451 0.013293 6.31817
6964.61 17.5013 9.30391 7.82119 30.9126 12.8997 11.5004 68.3696 1.17743 12.5194 0.0311783 11.5338
6942.23 13.4244 14.4272 6.23092 17.3979 31.2009 9.39279 31.806 8.87974 3.26536 0.122867 8.73621
6958.75 21.3039 23.6863 7.47867 14.6352 12.309 10.7992 0.863562 11.0158 4.70339 0.100729 6.88458
6888.87 8.60936 1.28736 9.5435 19.521 1.97633 11.6834 6.10155 18.431 1.19989 0.218923 7.29134
6975.34 9.32691 11.906 0.335951 14.57 0.90614 13.1784 41.963 12.7314 6.40021 0.031911 7.17876
6934.74 24.7313 15.8333 4.64472 13.2639 15.3196 3.30352 5.01241 43.6725 18.6492 0.00858232 7.03763
6674.83 6.28945 14.6875 7.2379 9.36938 8.58866 13.8092 33.3044 5.32847 31.7846 0.0327703 9.03207
6794.1 13.5731 6.21915 24.1986 22.0668 9.25429 13.0132 44.9706 6.23224 14.6167 0.0141329 7.80389
6989.85 3.82954 6.90696 37.0243 17.5788 9.84312 11.6444 26.6441 47.2408 4.51624 0.0581713 10.8668
6931.83 3.15597 3.32087 12.1143 12.7256 11.8644 19.1925 5.50956 12.5472 6.142 0.173323 5.80823
7150.77 12.1811 17.5376 12.9711 17.0354 16.6919 6.98965 11.4061 11.6587 23.3862 0.0139521 7.59548
6837.73 25.475 5.56632 14.8305 15.8503 3.90176 15.768 9.08518 15.9403 73.7993 0.0424348 10.8613
6783.46 14.3176 8.13195 6.24025 9.50199 10.0211 8.82021 0.914269 36.1953 12.362 0.0588459 7.03995
6843.83 20.4839 10.1757 5.50118 2.28102 39.1939 5.88489 8.22658 33.9509 26.4277 0.0195602 8.3389
6912.14 6.71949 23.304 9.81243 6.49625 16.3631 8.76188 30.0937 34.2585 18.4749 0.0187661 7.58941
6802.55 10.6174 13.1657 9.57044 6.96272 20.2293 5.39739 17.8914 21.3978 11.7835 0.0386845 5.7325
6685.19 18.5999 12.1236 2.33453 20.5959 3.23077 1.46901 3.58072 40.1359 23.675 0.00298621 8.24812
6805.62 32.1186 9.38714 3.1792 1.68154 13.9966 13.1524 1.56419 13.0687 11.7093 0.0338601 5.76634
7009.27 19.2612 5.76874 17.1962 11.2075 7.17441 20.9551 3.01208 19.5919 15.4683 0.0337445 5.92537
6972.96 16.9906 3.58454 26.6804 8.57151 6.65064 6.50978 8.65283 13.5802 37.2888 0.0600781 7.13209
6970.33 0.166013 9.07057 13.9618 17.7035 3.8985 5.31773 9.37662 1.1591 8.04194 0.0200279 4.25397
7117.43 5.97514 1.16937 15.1669 14.7709 1.00061 16.4363 17.1505 17.7101 17.7192 0.00306022 5.12831
6888.75 8.0403 21.8369 15.9049 11.8584 7.14199 30.1489 9.28354 8.28643 0.903126 0.083858 6.81513
6763.55 0.798412 8.32675 16.027 20.0999 7.45458 6.68416 28.258 7.36574 18.5916 0.111135 8.44125
7020.46 10.6245 14.3535 16.1329 11.8247 8.62641 21.1603 17.0695 16.1189 11.777 0.0756291 6.84684
6951.7 3.05473 5.00877 15.8001 6.09999 5.20624 12.9226 1.23076 20.0191 33.5126 0.0197573 5.3521
6878.21 2.79418 8.85382 20.7941 6.14838 28.879 9.17885 15.8692 38.5766 5.43688 0.0413045 7.64234
7036.62 15.6252 17.3148 18.7685 8.45606 39.7754 1.8916 29.3639 28.9446 2.62723 0.0208096 11.0702
6730 10.06 55.596 32.9411 23.3434 34.9315 2.06486 40.814 0.808328 6.06698 0.0275691 15.736
7060.87 0.399197 5.177 13.1585 11.9493 8.35689 30.5232 9.21132 11.6083 5.7884 0.0311658 5.40693
6935.8 2.71508 6.49504 12.3628 3.43883 13.0174 13.804 10.5775 2.92736 10.4809 0.0189399 2.98097
7058.75 17.0487 3.31937 2.02075 10.1212 0.310894 9.00242 16.9565 2.37812 16.2709 0.00131567 3.52357
6931.06 14.6504 50.4188 2.02075 6.87567 6.08865 12.1288 4.13007 35.7023 30.9048 0.0274297 10.2096
6836.71 13.6857 17.361 6.77419 4.99156 3.4298 15.2636 12.0965 18.2759 16.6869 0.00374342 3.84505
6835.96 7.5307 17.7232 21.2024 2.65358 1.60799 0.897567 25.2988 25.5035 20.67 0.00225343 6.3012
6824.85 3.29262 25.4512 8.23166 8.44515 11.752 19.3222 6.20652 14.6809 8.46451 0.0539687 5.46265
6890.7 17.7825 7.07509 21.7526 10.9131 9.96791 1.80261 27.6676 20.3973 11.0741 0.0615838 6.95566
6847.36 5.69727 9.21782 14.8678 7.68694 5.55279 18.8 16.2062 50.6806 2.55667 0.0443168 7.79095
6984.89 12.9984 7.99454 14.8646 12.0263 1.56427 11.236 15.2506 16.4158 11.0813 0.0589593 5.07153
6950.07 11.1068 17.1146 17.9489 35.8923 5.04463 8.91963 15.2475 4.34629 6.69333 0.00774777 5.57035
6903.56 19.058 6.93012 10.052 11.101 20.6023 18.9091 23.3072 14.7077 25.6908 0.0190248 6.88712
6789.51 33.454 0.959826 3.36722 19.5184 4.7462 76.6845 3.8317 22.7972 8.1631 0.00677927 11.4372
6860.14 15.1627 2.21542 2.23169 6.19156 9.75093 29.1247 12.8523 14.9996 17.3608 0.00514018 4.87229
6764.46 12.5012 4.30225 11.298 6.01578 22.2756 3.50416 6.36344 7.10284 21.7589 0.00856476 4.72893
6848.39 8.85395 19.2313 20.8152 12.4578 5.99366 3.47186 30.0646 16.059 20.4251 0.0230882 6.57701
7115.79 3.57393 26.0411 10.1658 13.4817 7.27394 1.75215 24.6019 17.3575 4.78007 0.0336641 6.95784
6840.17 4.95027 5.84952 23.5069 11.6437 9.17797 17.7495 3.0595 25.4122 5.84486 0.0269854 5.29217
6876.52 7.58952 6.3129 16.7023 6.95278 26.996 2.52225 8.54051 3.93185 1.75673 0.00961104 3.50088
7043.95 9.24283 2.52427 15.2745 9.38015 2.28901 1.48286 13.9666 8.336 3.27699 0.00678754 2.50859
6997.18 1.98228 4.09784 11.6416 11.0607 17.4966 1.34193 3.0172 2.04742 0.735293 0.00899836 3.16488
6811.68 9.68606 3.22106 20.9643 5.75354 0.874447 50.5766 5.93285 13.917 30.6357 0.0031563 8.02656
6877.18 21.324 2.34042 13.2605 27.9408 11.2695 22.3337 17.4287 28.0172 19.5672 0.000708921 7.046
6951.65 0.629248 3.94309 10.6623 18.7992 13.2298 23.0268 17.5939 1.15867 7.76047 0.00679138 4.73409
7118.55 6.27241 6.48792 2.2194 12.4989 4.40944 17.8802 7.27615 1.90155 6.98927 0.0176109 3.02716
6866.81 12.1536 2.29104 9.02086 13.595 15.4392 39.4593 14.8519 5.07203 2.63352 0.0176109 5.81425
6861.13 31.919 8.17967 12.8009 13.0612 15.2908 34.8464 20.756 3.05555 22.842 0.0877194 9.94838
6843.85 10.4283 2.27174 51.0603 3.71527 24.4894 21.9332 20.7526 9.63845 30.4123 0.0459708 11.0126
6800.3 10.4632 24.6592 22.8528 3.58606 41.3522 1.24744 6.56754 26.6322 9.28616 0.028712 8.65024
6657.75 31.4232 2.43123 31.2924 7.83619 27.2348 26.3686 20.7271 9.89816 6.92929 0.0403151 10.1568
6762.61 11.0674 2.60294 37.4488 9.13321 15.045 3.56394 0.822372 5.43005 30.116 0.0196317 7.31677
6915.68 2.93639 12.9483 14.3924 23.1656 12.6676 32.009 2.56259 27.3093 1.87133 0.00211338 6.04636
6845.6 12.7022 4.7199 5.8489 12.3761 8.70117 72.357 3.18957 15.1581 7.93336 0.158864 10.795
6793.58 62.602 7.48125 34.0529 32.3034 7.28782 12.4593 17.5315 12.7764 4.12756 0.0341883 13.3696
6676.63 32.123 3.6767 5.40403 12.2663 2.08171 12.2696 22.6859 39.0653 13.389 0.00662635 8.56832
6895.03 25.5346 5.81817 21.7536 11.3963 2.23653 15.8124 15.8788 0.690609 63.8786 0.00689131 9.50632
6969.78 38.1867 2.7171 20.1186 4.96458 8.64061 7.23531 12.3403 21.0965 62.5192 0.00689131 10.309
7027.99 9.34696 2.35139 15.9959 27.486 13.0604 42.9588 12.5109 5.54129 27.9797 0.00316296 8.44752
6955.03 4.72915 7.27039 18.8632 17.9524 11.8776 12.1179 9.45493 4.48706 42.1593 0.00673659 5.47638
7034.04 4.03392 11.2639 4.41417 4.7656 16.1176 26.182 8.86176 21.1887 5.55701 0.0245382 4.68098
6870.34 2.49949 10.1634 7.07231 10.2418 12.6004 32.3725 0.57383 12.7179 9.97427 0.00873016 4.90777
6827.3 6.31522 1.28945 16.2183 23.0519 0.694949 51.8186 4.89883 9.53956 13.6158 0.00426451 7.54159
6722.75 19.272 17.125 15.6745 10.1813 3.74505 12.6238 2.45332 12.0142 10.1058 0.0104535 4.72799
6742.31 5.55459 8.3905 1.12087 21.2352 16.3242 8.25237 12.6959 20.7574 17.432 0.060253 7.75498
6980.56 9.63971 31.117 12.1085 36.0598 2.41779 28.1623 30.4017 10.2884 50.3896 0.0233839 14.3434
6993.74 8.00988 12.0827 15.9946 1.23085 10.1425 5.86499 7.47766 6.81603 38.2702 0.0461133 5.73991
6741.06 16.8018 19.0888 7.20251 9.50312 9.81215 8.99657 9.5584 6.78357 10.0715 0.00152633 3.15491
6987.65 14.6555 13.0389 4.01144 3.01251 10.9499 13.9039 16.957 6.84068 7.01276 0.146132 5.52824
6902.91 14.8172 3.63415 9.9783 7.43053 14.4994 3.94227 5.51268 6.67319 1.82406 0.00729746 2.21922
6952.9 14.8707 2.40104 18.7931 13.7998 15.3661 9.74934 24.7524 2.27962 17.5918 0.00729746 5.05072
6714.5 4.49271 4.9315 43.1987 7.72827 39.3011 3.00262 28.1906 14.3879 23.1018 0.0361118 11.0338
6933.71 29.5218 2.92568 43.9947 7.31607 14.7518 4.1193 10.5595 17.9249 18.6992 0.0410087 9.21963
6812.33 15.1297 19.171 17.1634 15.5452 19.9638 3.12255 12.5384 6.62698 18.6863 0.0585393 6.55979
6801.62 5.05173 9.81573 1.70135 1.46773 3.05105 0.66156 10.4893 0.781135 19.2716 0.588599 12.8435
7230.2 3.29327 8.39843 7.60755 0.765737 11.769 12.1198 16.8884 19.9067 17.4689 0.0547169 7.09514
6625.86 22.2216 11.0841 5.30718 2.61587 2.91885 11.8385 4.49784 21.7994 3.89598 0.000155619 5.74552
6870.86 11.5423 37.9229 3.35478 15.3442 33.2645 9.01913 23.0647 15.3088 5.66482 0.00224714 7.35932
6826.25 19.1369 25.52 14.0465 37.9875 9.10832 20.4487 25.6963 0.99723 6.32242 0.000434984 7.86344
7029.5 20.0034 44.8633 3.14237 10.6483 3.15101 28.322 4.81337 17.3244 7.66234 0.023958 9.64513
7022.45 20.9927 4.64457 3.72159 14.6208 24.1599 17.6136 3.75515 7.89918 18.354 0.00297826 4.72357
6823.03 19.3652 14.1106 4.97108 17.0854 22.6773 1.45972 15.4073 14.8462 26.4829 0.000484985 5.27566
6683.15 26.1685 8.09837 0.432321 12.7441 32.9733 0.700782 30.6473 10.2413 2.73573 0.00385065 8.57098
6616.81 29.9017 14.4052 4.17818 13.6701 30.381 11.2329 35.0568 6.10521 15.0364 0.00374205 8.76986
6610.44 44.7121 15.4297 6.48348 15.669 62.3969 4.17478 20.8917 20.9195 1.70029 0.00796563 12.216
6743.26 8.41332 26.7681 4.72832 6.07365 46.8633 2.71143 0.797555 23.2393 2.30808 0.029939 8.61608
6913.04 23.1637 13.7831 31.9395 9.26368 10.8663 14.851 20.4262 4.20225 6.66841 0.01196 6.42638
6809.14 66.0334 24.1863 15.2762 16.239 4.36801 19.6463 5.79784 8.82129 6.45287 0.0115268 10.4702
6704.51 10.4975 37.9002 8.47507 10.9063 5.61686 14.634 12.2081 37.041 11.5073 0.00961672 7.62606
6872.2 2.09493 25.2348 0.77363 27.6134 6.93714 24.5963 7.71368 16.0899 16.7357 0.00782162 6.55086
6946.28 7.18226 33.0374 5.37095 1.97727 35.7993 18.1857 8.32753 7.84707 14.5266 0.00736363 6.5496
6906.8 19.6503 13.94 13.6167 2.05215 25.8831 16.7006 5.22521 43.0867 17.8902 0.00172635 7.26834
6886.72 12.2565 25.3204 15.6855 7.73731 3.6898 18.8255 26.2032 24.4666 0.458876 0.0240715 7.59081
6772.95 12.7204 8.6432 45.8207 11.3889 14.5391 4.96344 7.84371 36.2006 15.3768 0.00423719 7.61494
6973.98 15.6731 4.85517 34.3551 13.9024 12.2146 1.28061 17.3738 41.4569 32.3246 0.0603615 11.3556
7169.45 8.67488 7.08169 7.85934 2.02084 2.205 3.85472 17.6857 48.5172 4.55062 0.00528653 5.97155
6974.46 8.65108 18.206 3.34862 4.94302 4.3606 55.852 27.7847 7.43371 18.2505 0.00528653 7.9266
6918.91 6.11909 38.4958 2.48863 1.57488 22.0557 28.1333 4.30566 12.6194 11.9338 0.146219 9.29963
6634.16 25.3632 55.671 10.6426 25.9181 2.93931 10.4373 22.7698 16.6819 6.83078 0.00464262 9.71424
6717.32 18.4794 27.177 13.4713 8.59776 3.29656 13.358 47.1973 14.0675 0.633029 0.00106869 7.71964
6921.67 5.81469 5.29617 13.6736 2.83889 14.1937 26.5336 4.02478 3.58506 23.1211 0.00233794 3.66622
7005.4 7.91159 22.0366 9.3005 4.53884 7.32817 3.62451 7.66247 18.7691 9.82142 0.00302801 2.62885
6840.24 14.9579 9.13744 10.5913 32.6699 15.785 4.00729 8.4586 18.165 2.89836 0.026882 5.60572
6894.52 21.0643 4.33712 21.0695 13.7077 20.3398 4.18178 1.42906 8.30758 2.14431 0.194645 7.49271
7074.19 14.989 3.03439 4.35028 12.1171 16.2831 11.0501 14.857 6.17784 37.075 0.0850764 7.29363
7097.99 5.8271 3.56049 5.60509 4.15543 7.37716 0.896569 1.60651 11.9511 45.757 0.0176739 5.46022
7004.45 29.9866 4.82939 6.24354 28.6209 4.4232 34.3363 6.47627 22.5057 22.3963 0.0744634 10.7235
6749.33 13.9746 7.53551 4.87514 31.8164 55.1096 17.7701 8.85738 7.22968 4.60936 0.0105285 8.64346
6901.21 13.5236 9.56791 36.9238 17.6237 25.7912 22.5953 7.85017 0.984689 7.0555 0.000274774 6.65357
6766.43 5.47034 12.5372 12 7.63333 18.5191 8.1773 39.256 3.14606 7.51068 0.000322779 4.73062
6731.02 20.2617 16.4375 19.258 32.806 2.08235 18.3196 15.0479 6.54394 3.50589 0.0051206 6.35599
6919.24 18.3349 2.37404 6.27432 7.87375 6.46848 18.0737 28.4062 12.8074 0.628991 0.083305 6.64494
6991.58 38.4547 13.3579 4.00632 9.77288 5.11209 14.3128 21.9551 8.37823 2.48672 0.0613283 7.46473
7030.47 8.88693 15.6651 1.02995 11.8169 16.4534 14.5536 1.77311 42.3135 6.00649 0.0656696 7.72556
6958.93 14.8021 7.81664 5.17067 2.72087 65.2685 16.4885 5.25802 9.4505 3.29306 0.0297847 8.28625
6888.87 23.9679 6.25216 5.97069 7.2597 23.6174 13.1958 8.84354 17.0537 18.6868 0.0211588 5.3916
6752.19 6.97037 14.532 15.0149 20.435 29.5858 13.0204 14.5285 20.3507 19.7764 0.0854858 9.05162
7237.75 6.99128 8.05828 17.4423 8.19756 6.6144 5.20016 23.3548 10.1812 6.39434 0.0909914 7.47356
6802.95 33.5747 7.62224 31.2396 4.5116 1.90519 14.4277 31.6271 13.3729 17.2185 0.022414 8.53118
6998.5 28.4721 25.489 3.33798 2.76932 1.7448 10.2919 15.7742 3.31722 30.4272 0.00298704 6.37778
7014.18 17.6615 7.66187 22.6993 18.1357 1.83232 6.44299 6.14121 16.5133 40.4017 0.0726296 8.63716
7030.84 4.2385 8.39169 3.96477 0.794671 1.93007 3.44691 11.2562 13.3187 10.9702 0.114472 4.77463
7036.69 3.77005 3.08699 10.3136 2.5884 2.02291 7.69758 18.8479 7.90007 27.8578 0.211975 6.96785
7252.87 8.26395 7.47204 1.34843 11.5601 1.89554 20.9613 15.1498 2.81738 19.9499 0.116027 8.40742
7025.06 3.00527 11.5068 1.87414 10.5846 1.31661 16.8426 13.865 17.9783 10.4354 0.0604028 5.0305
6922.03 1.19189 30.7067 0.549542 18.1137 0.313708 6.33673 12.5648 13.2766 2.202 0.047496 7.07301
6924.09 12.7525 23.6887 10.1414 1.10839 8.65504 7.41258 8.09698 16.9738 6.82892 0.0103187 3.67958
6944 1.00267 14.8474 7.38426 1.04823 16.08 24.4179 14.1384 7.7041 3.86538 0.00301224 3.87545
6935.82 17.8965 7.30288 9.78047 2.58869 37.8814 23.2293 20.301 19.9813 40.9281 0.00507293 9.42206
6690.61 24.6579 9.65775 10.9174 4.4875 66.96 14.7011 6.20258 30.0951 22.0908 0.0224359 11.8891
7048.45 10.1462 2.41648 9.52212 5.74246 13.3902 9.72143 4.42151 42.6832 7.72658 0.0402565 5.66946
6869.17 9.16294 22.6772 15.0187 1.47837 4.79411 12.1203 4.5248 16.324 12.1678 0.0404329 4.92314
6910.16 5.80953 52.6742 17.0971 4.47293 6.43523 3.40384 1.65949 16.7591 5.40623 0.0318802 7.18151
6939.59 7.43288 7.12899 2.73792 14.9516 27.4728 4.34236 21.0151 39.4611 13.1079 0.0144883 6.87261
6968.81 15.3136 6.70233 2.37908 12.223 16.9871 2.37702 19.7088 16.5989 9.91662 0.0134524 4.16088
6933.16 19.9919 4.00407 2.64415 13.169 23.6429 8.93948 1.68091 3.01048 10.3918 0.0397405 4.73096
6975.04 13.897 10.9991 2.38786 18.3109 6.05995 11.2891 14.4257 15.8498 37.5958 0.000574272 4.71648
7163.24 15.6907 9.21186 4.85998 12.529 20.5356 26.2874 7.85103 22.1839 7.58899 0.032328 8.21216
6645.35 30.7575 21.925 28.004 20.6398 6.77169 27.6161 19.3643 25.4563 7.55692 0.041881 11.1019
6788.67 3.30568 11.842 16.0404 11.9607 11.4698 30.6229 5.30992 26.6481 2.62809 0.0724129 7.58597
7126.07 16.9352 5.18579 22.5409 17.6838 9.97582 24.2954 11.8448 15.2145 1.44997 0.0794461 9.51361
6816.61 21.2984 13.4227 28.5365 7.95936 2.27791 26.7361 10.4266 5.76094 3.0508 0.0166602 5.83554
7088.28 20.8217 5.03787 5.17775 13.0842 14.1936 35.359 5.31534 6.47117 28.153 0.0146626 7.50826
7086.81 25.0137 9.80638 6.64351 12.7133 5.78241 29.0475 2.0814 11.5979 17.5987 0.0642408 7.89805
7033.61 10.8137 3.41483 3.23228 16.6728 3.72919 29.0241 10.0096 1.73981 9.15765 0.0490577 5.03687
7093.69 12.2432 22.5445 0.929909 5.48583 10.5395 21.0099 12.2428 34.8777 14.6312 0.064187 8.95593
6638.19 4.14505 36.0207 8.32925 11.0643 7.76648 21.9224 22.4252 7.42522 1.02662 0.0166382 8.06994
6773.16 45.7284 4.33791 17.4766 1.66458 17.9309 10.9315 30.8274 29.4161 36.5293 0.0587678 12.5371
6825.67 11.4539 9.44689 12.3912 15.501 7.37845 31.728 15.8031 12.4284 9.23664 0.0663443 6.526
6816.19 31.7118 18.798 5.90075 9.55347 15.9546 2.95519 7.8786 21.4647 9.42232 0.00776634 5.13862
7033.27 27.0023 7.501 8.781 0.664649 8.61293 5.52169 1.81061 17.5926 39.7475 0.329111 11.0046
6856.59 7.49336 0.458951 0.0197133 39.4012 21.1329 2.57847 17.5165 18.2191 25.6394 0.126862 12.5696
6909.9 6.88786 28.0519 33.8445 25.8998 39.6195 16.5666 18.3557 15.1525 21.0411 0.181798 16.1735
6809.32 7.75697 5.88054 8.40982 14.5463 39.0778 20.5339 23.2578 5.81558 5.84853 0.220691 9.67126
6900.76 14.2441 11.6348 15.7317 10.1709 16.0691 19.7064 9.536 15.1684 14.249 0.13746 7.01497
6938.29 19.8117 7.00953 17.3907 31.3765 46.4169 5.41295 2.27082 16.1719 15.5861 0.191398 12.584
6855.93 13.0204 6.41086 14.7815 6.70483 46.8353 38.2242 14.2909 4.33108 21.9897 0.0544248 10.3028
6895.85 36.9271 15.991 20.155 10.5744 7.60845 26.1741 17.2943 2.57898 14.3112 0.0595785 9.15879
6771.22 19.0435 33.8093 2.83576 12.1524 6.17369 19.8895 10.4521 25.986 18.0142 0.0572057 8.39215
6868.3 18.6635 20.8822 1.44838 19.0956 9.89313 4.83084 17.3483 4.55239 6.1396 0.227997 7.7232
6796.36 12.9912 25.4201 5.09302 8.2063 20.0899 11.0929 9.97106 36.2939 3.72619 0.0050502 5.87288
6954.01 9.15485 26.882 23.6921 27.8308 16.2475 11.5713 6.1863 8.87024 10.104 8.30317e-06 5.51897
6843.61 7.48145 5.69153 11.0351 32.0597 20.8633 0.706787 25.0857 9.99069 3.09579 8.30317e-06 4.44658
6652.65 6.4359 9.05236 6.29779 16.3113 2.00193 11.6251 38.5097 11.0078 9.70074 8.30317e-06 6.45421
6864.23 6.78212 13.2149 12.4327 39.4932 20.3036 17.1553 7.97115 11.5709 4.69656 0.000782164 5.15471
6686.44 21.0966 10.1031 14.1555 20.373 49.2213 12.6703 15.1956 4.63034 33.4811 0.0411642 11.0857
6752.88 6.28483 15.6855 14.0745 34.467 31.0536 27.2812 28.5559 11.757 37.8197 0.0146133 12.0868
6933.25 0.766391 1.45011 6.75162 20.5312 30.9857 2.98762 22.5119 5.49946 42.663 0.124805 10.4231
6837.79 10.1832 10.8582 14.1521 12.2199 30.221 2.25401 33.5808 9.25718 16.5522 0.308212 10.7238
6783.49 10.6197 13.8631 24.044 4.3272 37.9041 4.67439 10.936 29.6143 16.8379 0.0247866 8.22265
7065.37 9.47197 14.2224 17.2811 10.9856 5.54408 1.35623 6.14855 33.4552 16.5227 0.0217876 6.10078
6887.42 5.72824 10.9596 5.8755 24.4233 11.0397 10.2869 12.0948 28.643 9.75515 0.0076303 4.55418
7053.37 8.41098 16.6549 11.976 34.1734 1.49457 17.8566 11.8532 15.3115 6.57131 0.0182179 7.03367
7143.47 2.26425 33.3234 0.895761 5.15636 14.3373 0.539821 3.20857 5.66992 3.84444 0.065911 7.25134
7186.56 4.34339 17.198 3.93092 5.97367 14.2739 17.3961 17.6987 6.55015 2.15913 0.0254396 5.67904
6740.73 1.89848 15.1808 5.50886 7.46898 27.5761 61.4465 15.47 2.14021 1.12145 0.0252221 10.4569
6967.23 4.94567 9.56944 0.862014 27.6085 17.7736 5.97024 30.8726 10.6359 19.4636 0.157323 9.01392
7033.32 4.19646 1.26207 9.77768 29.1712 31.4756 17.5978 35.5564 11.4275 37.835 0.0976327 12.9717
7037.27 10.4687 19.759 13.5291 22.6749 4.65427 14.835 34.5914 21.7906 59.2873 0.0382625 13.0987
6861.83 28.8305 27.4456 21.3754 3.45603 10.6056 14.6075 13.3016 28.1098 19.0274 0.00841898 8.26807
6957.48 19.1062 14.8539 10.2544 2.78383 10.7621 3.49595 2.61453 16.3315 12.339 0.00435774 3.12476
6868.07 11.2967 26.4706 10.8877 16.2536 9.83258 5.70396 6.09055 35.6259 12.3385 0.0108566 5.82723
7061.07 9.67607 43.3432 18.8879 10.5322 18.698 6.00329 5.57996 19.3551 21.1671 0.0179684 10.1842
6839.82 6.00683 2.21824 18.1857 2.42162 19.6881 20.605 5.9488 8.48901 0.942753 0.134855 6.9739
6609.37 31.6158 3.61928 17.1335 8.34799 22.6303 14.2704 9.83482 5.55712 4.77619 0.123598 9.30843
6967.48 10.1676 2.78483 15.4653 15.904 47.2293 17.6817 4.4028 11.4509 27.9755 0.175241 11.0878
6713.33 42.7528 6.05599 22.0698 9.94732 6.53362 8.62264 7.96675 22.5585 5.6069 0.105932 8.38259
6790.43 30.4826 24.5958 11.6383 7.18611 16.1074 22.3199 2.97149 6.9199 12.0588 0.0980741 7.93316
6905.84 11.6092 22.1337 11.3255 5.07297 15.8005 18.5532 16.0788 11.5046 22.231 0.0468351 6.45106
6839.95 2.15936 11.2019 20.0811 13.6521 16.9488 12.9658 13.8108 13.7358 16.7619 0.00922756 4.95061
6892.72 6.71589 7.90331 15.5522 14.0393 4.01382 13.398 9.58105 18.5741 4.13446 0.101518 5.17868
6906.71 8.94829 7.32055 7.99655 6.16604 24.4421 14.4905 4.07291 24.6455 4.41292 0.0130622 4.14033
7005.37 8.59791 13.9329 1.33409 10.9662 12.9882 15.4131 5.65632 3.28777 5.69981 0.000248085 1.58512
6962.6 21.738 12.3521 6.22832 24.2191 3.55795 19.0679 15.7762 10.2413 8.81896 0.0529237 6.36865
6825.82 33.7528 13.8001 5.48089 39.5785 4.55637 0.70329 18.4453 8.00384 12.7134 0.00377129 7.04404
6760.62 20.311 26.0244 3.02431 28.233 8.92106 13.7776 10.4114 12.7972 13.5848 0.0108724 6.18627
6708.94 18.6623 13.0776 21.1629 38.3759 6.65282 10.9335 15.6689 10.455 60.6933 0.00882784 10.9684
6999.8 30.2478 0.335348 11.1395 15.9341 8.5362 3.09012 17.7257 9.01382 2.61571 0.0133551 5.68722
6832.16 26.9871 24.7771 2.37917 20.4582 18.6017 21.9602 24.6224 0.65177 5.32473 0.0625775 9.54308
6883.56 28.0478 9.23601 4.46978 33.7521 17.559 19.9933 30.3192 10.6882 25.4304 0.0039223 9.12783
7086.91 13.7628 10.72 12.5178 33.0155 7.06208 5.03417 30.2959 12.8729 30.7523 0.0039223 8.69075
7006.06 1.82849 10.0548 7.96383 3.82276 0.161327 1.40668 33.515 27.8306 15.8002 0.00548222 6.4733
6844.57 12.9868 7.74635 7.79874 2.14773 1.46103 14.3362 0.987382 25.6481 17.6255 0.0120752 5.3478
6864.93 11.4672 14.0428 16.9029 4.48298 7.13527 12.4274 4.02014 27.4197 9.42266 0.0113486 4.1828
7071.75 16.0625 18.0051 30.5583 5.27009 0.20622 1.09212 5.44153 27.4554 14.0259 0.015927 8.69535
6942.87 22.6496 17.1136 21.0854 5.07555 0.728511 17.8064 16.6479 18.7581 0.566826 0.00169305 6.13143
6979.78 6.72146 4.74447 9.32614 18.7965 19.2751 9.72507 60.7615 8.68059 2.20642 0.0194857 8.13365
6891.4 7.77503 15.2738 41.7704 9.67898 5.51608 26.9907 41.1758 11.8956 59.1241 0.0157915 13.5986
6789.38 28.7185 10.5031 17.5902 7.29042 10.4938 0.547901 7.61019 35.6222 14.0642 0.0262017 7.45801
6872.74 7.96512 25.7496 29.7244 3.88758 12.4474 3.94713 9.94687 5.31355 36.242 0.113446 8.65027
6711.48 15.7339 25.4281 9.35009 30.3072 11.1407 6.62323 9.19721 2.73809 5.63521 0.00823863 5.38421
6791.82 11.801 13.5676 3.88158 42.8076 14.6374 11.6074 7.47312 5.81686 14.4454 0.0152145 6.01044
6986.79 7.11637 23.861 6.5934 20.6754 18.0181 35.0051 5.08071 3.98843 1.52029 0.015679 6.90116
6917.92 12.394 15.5519 29.1075 4.75611 5.26099 10.9745 6.90067 4.07743 7.21246 0.219571 6.8781
6673.98 1.01621 18.4153 2.68075 24.7648 4.46598 19.4738 14.44 25.8036 13.6248 0.0193989 8.98733
6731.22 10.4188 14.3104 26.2251 15.6968 11.5195 5.73705 3.40927 30.7666 26.3217 0.103287 9.32888
6819.08 25.2954 18.31 42.3543 10.5474 5.41797 10.3249 5.91598 17.0541 6.62597 0.0427255 7.8752
6708.52 0.635284 15.7605 11.1525 10.6904 28.8387 2.60805 2.10863 25.1687 27.8459 0.0268495 9.40933
6921.01 9.4688 22.0479 34.3216 1.49446 5.05038 7.79161 9.26261 40.0746 0.996774 0.0305117 8.24155
6715.54 31.1787 27.0189 25.6145 3.22772 3.23005 9.39951 8.09868 10.7551 7.37738 0.0348265 6.91253
6846.59 15.3911 13.0069 30.1961 6.67928 25.0698 21.2216 7.15698 26.967 12.7204 0.33824 11.9754
7060.81 50.9685 4.14609 20.4941 5.79237 23.4156 3.28046 2.68589 27.0281 5.98047 0.48086 15.42
6722.77 26.9678 3.03337 34.6262 11.1607 9.9855 22.1682 8.19054 14.7145 4.35871 0.140799 9.16598
7197.12 11.6413 17.8336 4.33077 6.97831 7.01174 17.5017 2.91797 74.1012 4.41223 0.0120697 10.8272
6786.67 15.7035 18.5346 37.9348 11.7537 12.3803 2.32149 7.19876 4.06731 9.85935 0.00750293 5.35421
6737.02 9.02727 42.6153 39.8094 10.0273 15.7306 7.64345 1.67931 13.6718 0.773991 0.00750293 8.40101
6911.51 3.99237 12.2685 45.6153 8.38878 19.7513 0.724144 8.85646 16.1455 31.1429 0.00850317 8.14574
6746.19 35.3701 1.8997 2.20372 5.41163 5.95125 12.7954 22.6234 4.50512 29.1937 0.00916865 7.0716
7117.21 1.46016 18.314 14.9447 2.32273 1.47462 5.10166 2.05385 14.7588 9.26198 0.0489321 5.11019
6932.7 4.13244 5.83625 4.27233 10.5195 5.39853 21.0821 38.5679 14.6935 1.74211 0.0209732 5.65137
6980.28 2.82459 5.74737 1.77592 37.9949 6.212 10.5588 24.2379 4.26028 9.36755 0.0224015 5.5251
6982.07 10.8821 22.8494 1.63334 35.038 1.06277 42.7832 11.1116 16.9859 13.1781 0.0245785 10.1915
6913.79 7.88684 25.5495 11.2386 3.21786 27.9929 29.3587 2.7648 20.4259 26.7943 0.00791135 7.8602
7069.14 6.54896 14.6471 3.8465 12.1549 18.0234 9.14552 10.8655 10.3202 25.3715 0.0420245 5.46338
6902.58 5.89486 14.9351 5.97179 5.66226 22.6316 7.45284 7.81084 44.2539 37.8238 7.72417e-05 6.34782
6950.02 12.142 33.1135 22.6342 3.11461 5.04905 6.06197 7.59326 15.2393 11.5895 0.000171031 4.04394
6740.15 9.34178 28.825 1.02901 4.59234 8.34092 9.63178 7.54651 2.80625 1.39708 8.60143e-05 3.57767
7062.29 21.2278 20.6069 0.363941 3.97765 14.2007 11.2078 3.17915 2.64214 9.2063 0.00115095 4.34607
6866.72 5.57017 24.3787 5.51365 6.47574 4.75498 8.07692 23.7129 5.9917 13.8109 0.00615036 3.6278
7000.53 4.59087 36.0991 5.73175 12.747 32.1723 5.60087 3.75433 11.5733 4.3668 0.00113304 5.40976
6997.53 6.43638 22.3977 5.45132 15.3503 3.88038 13.318 4.75736 18.7158 19.6069 0.0124475 4.49478
7038.64 7.73712 22.8968 7.77771 12.4292 8.39712 13.6715 14.4379 40.5268 9.74539 0.06356 7.94741
6922.4 0.963511 29.4361 25.4639 11.3211 12.7828 3.11718 14.195 22.893 14.8867 0.0753459 8.43767
6798.31 27.8965 7.43679 9.59717 2.76321 17.0331 2.43625 2.39184 6.12023 1.90573 0.234673 7.7232
6789.64 14.7874 17.874 7.74417 23.5498 40.719 17.1756 4.93693 12.2089 11.8259 0.111577 9.33767
6867.09 15.3106 13.5806 7.08278 12.4061 13.2799 9.94032 3.81605 12.2533 18.9676 0.059401 5.00823
7032.92 17.5486 8.0507 10.5687 1.7844 3.90277 19.1931 1.97658 0.551101 18.9868 0.0166468 4.79402
6977.26 9.36302 1.96159 28.7123 11.9234 3.95995 5.84204 1.56038 5.0078 42.632 0.0592798 7.28565
7108.77 4.93188 2.46712 3.26193 35.2071 2.26075 11.2078 0.190293 3.35493 33.6463 0.0868757 8.88595
6948.68 4.21632 24.2283 5.49342 3.86491 16.5603 3.10555 6.94078 3.96223 28.7702 0.0531965 5.44887
6727.52 7.43771 8.24816 16.8351 7.06537 15.6822 21.5323 2.39902 12.9557 16.4933 0.021611 6.12881
6975.27 8.54697 4.79455 5.00252 46.6209 13.9679 21.914 10.9181 16.6461 11.1693 0.00618694 6.766
6777.52 26.0817 9.61755 10.6743 32.1947 12.844 24.6342 3.86757 22.0446 7.79064 0.00445058 6.75736
6556.17 49.7351 1.05716 18.1026 23.1677 26.2836 12.871 11.1127 14.237 8.08369 0.033199 10.8718
6709.7 49.6312 0.324652 21.1276 14.785 7.65101 4.96726 1.30662 2.96871 10.5953 0.0785014 9.13915
6796.57 42.2139 15.2824 22.7055 20.3839 11.0572 16.7066 15.5726 11.1405 8.62661 0.0664402 9.47412
7061.09 3.41199 15.0623 11.5761 2.3331 3.83112 9.41989 17.1361 10.7983 49.2911 0.163126 8.92458
6858.32 12.4825 4.67333 6.41914 11.4529 3.43656 2.53782 27.6286 1.45776 23.7274 0.143427 7.41833
6904.59 11.0429 2.64653 0.797997 12.1562 15.9101 17.6602 8.26355 1.92656 22.2295 0.155241 7.2299
7079.57 15.6258 6.94468 8.00367 6.14814 35.3319 3.80292 2.77742 12.3373 22.2919 0.2023 8.88279
6872.04 0.554601 31.6715 31.4774 2.45541 26.6524 3.80292 8.58454 4.52633 14.7045 0.181197 10.1683
6911.43 40.7541 20.7082 6.94625 14.2456 15.8567 41.0418 35.0534 2.51855 2.75157 0.101633 13.7668
6762.62 23.8047 24.3197 22.3358 3.12636 5.79121 7.59502 19.8287 3.10247 7.6383 0.0482757 6.51559
6685.69 22.8381 7.30185 64.2991 2.18097 0.49147 13.6661 12.5207 6.05179 8.58887 0.0849106 10.6577
6748.32 1.97213 2.16259 85.7515 20.6483 1.90629 9.9962 12.5372 15.228 10.4534 0.050039 12.1922
6739.61 21.6103 11.0599 9.90511 3.75284 19.5114 13.6342 8.85444 11.7556 7.49008 0.0291142 5.32966
6991.98 3.52607 4.80654 8.44616 2.1376 6.72983 17.828 10.4653 11.7556 2.54212 0.00231961 1.8099
6999.72 13.4922 7.74147 50.406 20.9826 3.35493 4.18654 2.1191 21.3789 4.81729 0.00469595 7.82403
6879.54 11.8819 13.3989 7.06099 16.1376 30.4065 3.78396 6.19274 9.82109 9.04984 0.00246476 3.47518
6879.31 20.5938 10.1025 19.2382 16.2648 11.7743 22.4471 5.28474 17.0511 0.391852 0.0395979 6.94221
6925.35 3.65141 16.8445 3.12394 16.3895 4.89142 33.7136 8.49497 28.1557 14.819 0.00385495 5.66201
7009.48 9.51458 2.52011 7.9073 2.75739 45.6665 24.0917 1.64177 6.07624 37.3591 0.0279589 8.81724
6741.05 3.74311 1.17996 25.2107 13.1551 21.6267 2.61647 2.30669 35.2127 7.06961 0.00985385 7.57372
6914.63 5.12487 2.10479 32.2809 9.00089 1.21677 0.353884 18.158 17.8436 2.92349 0.0360112 6.48007
6841.34 6.94049 0.451678 2.18145 11.6822 7.94927 7.27262 8.88426 9.68123 1.40766 0.00331382 3.53872
6894.55 2.1819 19.9662 6.88942 4.80932 0.52595 14.7487 6.7463 23.6691 7.53896 0.00543342 4.17492
6982.78 5.80119 3.05466 9.78079 7.1595 6.29609 13.9935 31.7525 35.7926 29.1012 0.0046828 6.68062
7032.22 27.2809 15.2725 2.81826 3.62038 8.38357 3.07833 13.934 53.0803 9.68097 0.000922101 6.94946
7047.18 6.61483 8.65929 2.74348 3.62038 5.74759 0.874927 15.0146 43.3023 1.01797 0.0415182 6.2814
7019.1 7.95834 7.1353 2.54168 4.42734 4.32916 3.48833 5.42244 5.69879 16.3751 0.0139194 2.01989
6891.01 9.88285 3.87347 0.998724 4.02383 5.11142 6.30611 4.69855 13.2292 6.57807 0.0139194 2.94948
6723.12 33.9589 8.5041 5.20762 1.33064 4.75979 16.4023 2.82226 12.634 10.1655 0.0360604 6.36793
6797.5 35.8602 12.4202 13.7276 18.5952 6.43434 15.0699 9.92075 12.5475 2.53425 0.0235201 6.02727
7162.04 11.9303 17.815 24.5272 9.89479 5.85502 5.40464 48.1633 1.41268 4.54799 0.00143161 9.10961
6941.2 26.9 8.86602 25.1085 55.4711 10.4445 4.07274 33.7132 10.9751 9.62338 0.0569498 13.8595
7042.06 14.6085 6.48933 24.7619 14.3305 2.67677 12.1955 13.0764 16.6578 6.65616 0.0580655 6.23838
6912.57 12.4074 7.88347 2.51871 16.6821 21.4242 4.0249 11.0908 25.9091 5.80379 0.00298316 3.8464
6910.13 11.7587 12.1704 35.5511 2.67388 17.4141 4.25727 4.28631 25.1729 15.8058 0.00944972 6.04452
6962.46 28.9066 5.79379 24.7198 29.348 12.4195 4.99318 9.0679 16.005 29.6492 0.00748022 8.71055
7048.29 7.80875 8.9818 9.59391 20.983 3.14084 24.2036 3.65067 3.46215 14.9866 0.0117012 4.2245
7154.08 6.82336 5.64403 13.6406 0.163891 1.35788 11.8269 0.180584 6.40621 11.3722 0.0229464 5.68735
6997.38 25.1042 8.30932 4.66751 2.63634 1.47041 3.83981 33.0699 18.6187 12.6364 0.108284 7.64325
6954.95 2.98427 32.6679 14.1935 9.67535 4.65465 5.13382 2.02627 19.0181 5.24822 0.574523 11.2348
7062.96 44.6786 4.04043 2.25506 20.5804 3.61274 11.1919 7.35531 12.2397 47.0247 0.0242302 10.7486
6989.76 12.7119 41.1876 4.63687 2.90207 30.7814 0.339788 7.94352 6.0218 15.7504 0.0282848 8.52779
6795.67 15.5983 41.5922 6.22521 10.2207 8.49068 22.4026 11.2098 12.0281 3.00594 0.0305844 6.7133
6761.89 24.6337 32.0092 5.68389 17.3704 7.04829 16.2956 42.051 5.04525 1.43063 0.0185573 8.66357
6747.67 29.7827 3.76215 22.7719 14.2299 13.1995 26.6496 20.5817 3.65958 0.593736 0.0713057 9.03199
7026.31 15.8918 24.7984 4.43789 21.2467 6.30701 28.0244 16.3291 9.57763 13.8571 0.00810121 7.18727
6980.92 4.56609 12.7416 1.57618 17.142 17.8843 6.83316 14.3467 1.91994 6.27459 0.00333535 2.84133
6793.26 18.2606 11.8193 15.7968 35.6409 2.12886 24.6389 5.68522 13.7043 13.9148 0.00305951 6.24911
6980.57 15.5008 5.19505 12.9699 6.3502 5.3781 10.9748 8.27578 24.9137 19.9021 0.0357691 4.87283
6685.5 35.8736 6.35152 22.157 13.5216 3.23638 15.1288 21.774 19.8295 5.74413 0.0704547 8.82049
6875.1 0.556322 16.9231 12.5182 19.6694 5.30496 21.0254 18.4895 15.7037 19.5009 0.00222764 5.62208
6737.56 26.6907 6.40191 19.2328 17.2265 2.36577 12.2328 2.91355 11.0582 3.6734 0.0010171 4.04149
6746.92 9.61464 12.9072 8.40007 31.9598 29.9864 7.74655 12.6538 11.0202 7.78157 0.135278 8.54387
6803.31 7.9075 19.3105 33.0022 37.4615 0.830362 2.63998 6.92729 7.37614 5.00248 0.14429 9.3274
7198.63 30.8381 10.3407 11.8379 5.12744 1.38137 2.07284 22.8104 5.24569 1.75707 0.13086 10.0935
6798.94 19.7134 8.93185 33.0706 17.7421 11.4818 13.4993 8.50764 32.9861 29.7813 0.157481 11.3659
7074.45 26.6361 20.3096 19.76 19.2597 14.2269 26.2194 10.7363 10.8516 16.4748 0.179075 13.6477
6982.26 10.6985 0.157835 15.3021 10.6036 5.26139 29.5744 17.1394 7.85479 22.6172 0.0303937 7.03229
6829 14.9419 16.2802 12.2428 18.3921 6.33216 16.4113 9.92675 1.99179 18.2561 0.00132618 3.76236
6896.77 9.87154 16.0787 9.01411 46.6436 9.10528 1.07171 11.2885 12.2968 7.55432 0.0131175 6.23494
6985.59 16.2963 3.11036 12.2735 15.7259 15.0488 11.4985 22.01 13.1826 7.93014 0.133844 6.93047
6917.24 19.2469 5.23633 37.8846 23.7944 41.5805 5.55244 21.1586 39.7265 8.86516 0.147688 15.7061
6916.87 8.38505 14.5251 54.0823 28.3847 19.1044 6.15873 20.759 16.6293 2.68003 0.0339566 11.7296
6802.78 4.38681 2.53269 26.0656 3.87954 11.4554 8.50396 23.918 6.59528 29.0644 0.553631 12.5867
6826.97 14.4489 8.43887 32.7197 9.30776 17.8365 3.20713 12.7632 14.4026 1.6896 0.172883 7.97199
6819.75 41.2992 27.3872 10.8127 5.39079 6.79939 4.92257 1.73867 16.6488 2.97059 0.0568277 7.39062
6799.86 18.1938 14.9898 7.95432 7.49452 6.79939 6.61688 16.1146 32.9812 12.2201 0.181991 8.29961
6857.87 7.63198 17.3877 20.1041 3.3603 36.7828 38.517 3.59488 0.218046 18.1318 0.0499316 10.279
6870.01 8.50555 7.87513 11.1279 13.4956 28.4068 23.9041 3.05571 3.82043 36.4685 0.214662 9.8767
6859.09 17.5591 11.3986 4.10563 4.93978 31.5943 12.9997 5.95683 23.3261 4.45735 0.140048 7.51363
6826.57 1.08516 19.794 36.3494 35.3108 30.6608 6.25431 17.8872 6.42601 25.0202 0.136431 13.2767
6631.78 10.5202 4.28728 21.1223 25.3369 30.4763 10.0799 43.1423 4.2187 16.2892 0.158305 12.9885
6796.59 9.38129 17.1082 51.148 39.6163 22.9151 3.57423 0.983076 51.1119 6.68594 0.220199 17.3696
6950.2 10.0469 0.0850146 18.7289 15.9502 18.7915 1.79409 10.3152 5.69276 17.3304 0.114943 7.70319
7141.83 15.8054 0.255294 8.14218 5.41595 13.6956 2.41029 80.2955 10.2991 6.6095 0.00217542 10.5224
7126.61 2.70536 25.9711 1.95127 5.90429 3.87441 1.57008 75.4197 7.02204 8.02838 0.0110895 10.0336
7266.53 5.12274 2.46704 7.19497 6.09095 6.90821 14.8692 38.4807 11.5317 10.8877 0.0979405 8.75095
6891.35 15.2901 1.02854 3.32845 6.63781 18.1704 9.91076 11.062 5.59015 2.42967 0.0489591 4.42483
6849.61 18.0653 9.1427 2.0395 4.15899 7.43972 2.05688 22.984 16.5832 12.5626 0.00571972 4.18173
6876.83 4.73153 31.8399 1.0804 2.32105 27.3493 23.3001 32.2198 4.07906 9.74621 0.00571972 7.53223
6995.01 3.75764 9.83024 16.54 11.8664 36.3882 25.4959 11.8094 17.1028 11.2794 0.0445719 8.11425
6981.95 27.5519 11.2453 22.5164 9.14507 5.01321 20.4722 13.8022 14.4582 12.4892 0.104994 8.39313
6866.3 32.7846 1.95111 28.839 3.3013 11.3546 11.5651 18.1553 12.8656 7.92739 3.95167e-05 4.62596
6747.76 17.8314 9.25438 39.8603 0.0821555 2.87687 8.56673 11.1823 15.3168 4.81113 0.000157004 5.86754
6645.25 20.3605 17.3474 4.91294 1.62657 51.3623 10.5599 17.1459 2.66106 16.37 0.0433975 10.1369
6852.89 0.802602 9.70125 9.56532 4.73789 2.00697 14.252 6.19161 37.3259 15.3012 0.00909796 5.8791
6876.85 32.3162 6.53147 12.6006 2.0178 10.2349 0.0660312 18.1642 11.9845 5.21019 0.0256916 6.57554
6738.49 24.492 14.8269 10.294 1.89717 9.54625 5.28679 41.3162 3.60824 10.2717 0.0157429 6.78983
6868.31 14.4481 6.85996 5.70293 1.89717 18.1209 3.07892 35.302 3.29625 9.27202 0.0121513 4.89965
6880.91 37.2985 33.5209 8.86588 4.68538 3.75655 29.7208 28.7872 3.29625 5.07208 0.106946 11.1756
6890.66 44.7481 1.84151 15.2923 16.2824 4.43813 26.4871 15.0129 13.3067 13.1317 0.438858 13.129
7174.82 2.74653 11.7099 4.61836 9.78014 14.4336 17.6629 19.3616 10.5504 11.7688 0.0881681 6.84638
7026.96 11.9618 17.3933 2.99834 7.25805 6.88918 11.3424 6.11205 45.2243 8.31113 0.0483658 6.51765
6651 7.75054 35.2422 15.9508 5.23853 19.2472 15.0945 18.9678 40.0045 17.9825 0.0954688 11.8468
6827.01 40.9594 7.79564 23.0768 16.8154 3.42295 17.245 6.81467 44.9306 10.2114 0.0595236 10.5233
6787.52 21.3528 11.3115 55.7484 7.74212 19.4365 15.6334 17.1913 25.6448 15.584 0.0729719 11.9557
6546.32 35.5248 15.2246 15.0564 48.9618 7.94699 5.57598 5.39344 13.484 24.194 0.0122022 10.4454
6938.01 4.69038 7.88453 1.9407 33.5734 13.6884 9.2698 9.60118 10.4645 36.8106 0.033371 6.87843
7100.44 6.25954 20.7802 1.05633 16.4693 22.35 1.83425 46.8277 15.9395 5.6472 0.00745181 8.88303
6866.37 6.8724 2.60348 1.21272 10.1731 24.5936 2.42283 9.6776 5.20484 13.2289 0.0167768 4.30149
7064.04 13.9461 17.7024 6.13412 4.12133 10.4384 6.06586 10.9248 15.1458 4.07152 0.0597924 4.66711
6966.11 16.121 6.79689 25.4554 16.5653 8.81103 6.22808 9.55362 14.1883 6.38037 0.0442996 5.23738
6866.09 21.2562 8.76972 3.21104 11.786 13.4053 8.41425 8.96251 18.7825 23.4073 0.0113884 4.70239
6805.95 19.4477 10.1998 21.5728 6.11576 27.7798 10.9184 12.3914 11.1835 36.8894 0.000221616 6.09123
6760.75 13.8389 17.3165 46.7603 16.0124 46.8578 31.0217 1.8288 15.689 11.9693 0.0130507 12.9036
6697.29 14.5355 14.4145 12.3681 8.71729 56.71 18.9359 17.4408 25.7429 12.376 0.0274409 10.7836
6576.89 59.0304 10.8254 5.88421 3.38862 14.5944 22.83 5.19556 2.21297 6.55278 0.0199294 8.63566
6555.75 38.1799 35.0661 11.6428 14.3899 4.88251 16.593 9.61746 11.2548 4.83428 0.0171524 8.46342
6634.04 9.34953 38.2147 18.1916 12.6118 7.36838 19.5298 14.1756 11.2548 7.01475 0.00765834 7.01066
6885.06 1.34388 2.08999 39.3824 13.439 43.213 25.8879 6.75734 15.0884 8.61113 0.032034 10.2164
6944.93 7.08346 12.3469 16.4952 12.7126 10.6588 5.30684 4.45393 9.29162 2.03686 0.00950295 2.52481
7082.61 14.4115 9.95249 9.47637 20.4854 1.73504 43.1611 4.24511 53.0692 6.20171 0.0243808 11.2711
7299.68 19.3247 3.4052 9.70495 24.1855 2.0519 14.2159 3.86566 11.0306 7.93613 0.165367 11.4101
6889.17 8.3617 6.80254 3.23768 20.1334 5.80022 22.7477 3.58667 12.3654 7.79703 0.0998588 5.43304
6633.94 25.7687 20.349 19.124 41.7019 10.057 20.1205 6.45007 6.58796 13.5295 0.103096 10.6619
6679.61 22.1751 24.2243 59.2686 16.6629 11.9689 9.96761 9.48466 18.8092 6.7159 0.0171736 10.3676
6827.74 26.5535 22.2242 21.6773 16.635 12.2375 11.9344 4.64922 3.77841 3.90876 0.193659 8.53923
6764.23 11.6183 58.4671 14.9817 21.3801 9.16486 8.772 20.2299 20.0055 9.43559 0.142833 11.7792
6758.39 1.91973 26.4786 3.90388 2.40842 10.669 28.3766 35.4787 35.234 8.84555 0.123764 11.7869
7021.6 2.9241 14.4221 9.1491 1.56624 9.45736 11.5179 34.418 11.0071 20.1797 0.0277928 5.86975
7155.27 16.812 9.04158 6.15007 19.9851 9.16305 7.4203 21.5575 13.2425 20.2177 0.0277928 7.35318
6835.05 2.2877 7.54618 1.73266 21.7585 3.31738 12.7773 15.9 24.4069 13.0248 0.0192194 5.85609
6853.87 11.181 20.8043 27.5935 31.4072 8.34933 30.7051 24.8309 36.425 29.7628 0.105677 15.0465
6862.4 18.291 9.80335 35.2973 2.43149 3.39338 26.978 2.06508 20.3186 1.44639 0.0309622 7.3648
6841.6 23.8698 11.1979 11.2489 16.3727 12.06 13.106 2.96947 7.30786 15.5994 0.0294308 4.93853
6856.75 23.3312 22.5637 8.68525 26.7702 6.19432 4.10565 10.0797 1.2549 12.2936 0.0214394 5.78104
6930.44 6.34043 9.09899 7.48691 1.30417 3.5538 3.28632 8.28407 20.8391 19.925 0.010378 3.60713
6991.77 11.776 0.257093 7.73639 8.20361 7.06242 4.12558 16.2721 30.9225 23.9266 0.059268 7.03623
6962.67 8.93706 10.5935 19.9529 2.6256 11.2756 6.76415 46.1634 29.647 36.1943 0.0056493 9.02497
6883.46 8.97464 26.2678 1.94448 10.2341 17.6251 31.9492 11.3837 5.67136 31.2377 0.16415 9.85938
6809.3 24.0617 6.59597 28.6528 10.1111 3.44094 26.3708 17.7753 22.6634 38.7568 0.312054 13.5628
6984.32 28.2249 23.4206 16.941 7.59381 8.25642 8.31715 4.58593 36.4138 5.08191 0.133159 9.75878
6762.97 41.6878 11.2648 22.3453 21.9191 33.7425 2.46199 11.2036 14.5621 30.1215 0.12458 12.7833
6726.3 9.80578 14.4485 2.18688 38.7218 4.58961 3.31521 26.7836 11.4486 3.91542 0.0265295 7.30767
7040.17 6.35648 2.56827 4.53957 21.4058 3.08031 4.65869 8.45189 6.41295 21.6219 0.0101373 3.08484
7044.08 4.44459 29.7328 6.36805 19.164 5.69757 32.4819 3.27133 2.9734 18.4225 0.0106884 6.8913
6872.84 5.31902 6.74877 16.8274 0.640037 0.669687 6.2917 21.1752 13.9517 16.9235 0.019305 5.57493
6804.19 26.4071 5.37794 37.1006 0.938309 28.3347 2.93494 22.7202 10.5539 11.4496 0.308376 12.2315
6922.97 32.9086 5.37794 7.15761 1.46721 3.60779 16.537 5.18469 14.3217 13.5253 0.210027 7.66213
6923.52 16.238 3.1044 9.73952 4.47075 25.3105 4.07365 4.93698 2.57717 14.5875 0.0295345 4.12253
7114.7 12.3792 8.25798 4.53598 7.70197 10.1195 3.38968 13.5318 7.46291 26.363 0.035207 4.68586
7014.53 7.15934 1.20615 8.80695 16.4266 4.2043 3.72471 0.751141 29.1379 31.0595 0.0170118 6.04438
6753.67 15.5276 26.2509 15.8842 11.1211 11.7327 0.553594 24.8719 14.2926 5.90812 0.00624133 6.09547
6898.99 19.8209 15.5487 25.4869 3.8835 6.5659 8.5296 5.68953 13.7731 20.1956 0.0334124 5.6061
6926.07 24.8511 14.8071 9.68941 3.39445 2.1254 11.2495 39.1967 11.1382 8.20701 0.0153917 6.12295
6905.28 31.7313 25.8547 8.90866 11.4787 6.03186 5.77021 44.6083 5.3254 15.5251 0.0266678 8.89521
7020.29 13.9831 17.7152 5.87927 15.1138 1.99031 24.271 15.7336 7.32038 8.90989 0.080955 6.49754
6850.05 10.4762 14.9072 41.1534 14.4899 22.0546 46.2006 6.28416 8.05188 23.1241 0.0848567 12.473
6881.83 3.62136 1.37068 34.3026 24.306 12.5925 10.1805 14.5853 8.24879 4.90051 0.0171244 5.8114
6808.54 16.9011 13.9103 29.5619 24.1593 8.58908 1.90122 9.32801 7.07886 1.07334 0.0380621 6.48238
6942.48 4.65101 8.13425 17.3501 16.5661 5.89686 5.03673 6.02224 0.715073 31.4092 0.00828946 4.37322
7090.94 13.3316 3.26727 6.13344 11.1353 10.6813 7.05927 10.7276 22.1173 21.9336 0.00100006 3.4469
6959.14 15.3972 22.3707 8.4296 3.33476 5.60006 8.08762 15.1548 7.62175 12.1738 0.0345748 4.2442
6921.18 13.9012 6.11524 10.6505 10.6122 8.40341 9.47273 20.0021 15.2988 20.2514 0.0285643 4.67712
6814.74 10.7847 10.6511 5.77541 11.3376 33.6092 22.5281 4.43826 16.2648 13.3693 0.0667561 7.21007
6789.98 15.9502 52.2872 40.1918 16.0947 22.196 17.0229 7.24092 22.1194 13.1179 0.161439 15.6863
6917.88 1.87312 1.44394 19.2183 16.7992 56.5455 15.2207 24.5104 2.82675 17.4886 0.470883 15.7056
6758.01 37.2278 7.26468 4.22058 14.1269 15.3023 9.69519 4.52262 16.8967 5.65551 0.206387 8.43984
6984.89 28.2683 3.752 2.06092 13.2514 22.068 20.9226 5.78439 30.4951 25.2548 0.0889717 9.82754
6696.58 52.5923 11.3748 21.4749 1.90947 35.2278 0.538764 3.98953 21.5281 25.8341 0.100404 13.0136
6923.19 14.5095 21.366 25.8589 4.12553 22.766 15.2015 23.4773 2.76048 20.1584 0.00405704 7.12896
6868.61 11.4177 8.00243 22.5003 8.03133 2.04301 11.9861 54.973 13.6468 14.0577 0.079405 9.15108
6891.91 6.70188 15.5262 18.0558 12.4398 5.97991 5.26348 43.6098 7.91218 11.8585 0.0827931 7.29911
6895.81 20.5539 0.293876 27.0966 5.3699 11.3513 1.10086 12.8059 3.8698 7.00975 0.0297556 5.75117
7132.78 15.1373 1.32796 7.67918 26.9155 7.61892 12.1548 12.9569 8.10154 11.9238 0.0077595 5.3357
6851.74 8.76785 7.53999 27.7726 49.0714 6.9605 25.851 13.0743 6.02173 8.57043 0.0154927 8.49579
7058.12 2.9648 6.55398 23.8167 21.6172 14.1995 5.75795 6.8299 27.8859 28.2278 0.00465791 6.7065
6987.23 9.46229 6.75797 6.47985 9.39099 22.5014 9.56783 28.1152 35.7148 23.9777 0.0143272 7.39799
6711.94 14.4209 3.87609 4.43625 6.73719 9.59466 14.4582 22.8017 5.00614 19.2213 0.0246434 6.66481
6866.92 26.6891 0.810535 2.91733 0.282257 21.8114 5.93399 21.9281 15.5104 4.75154 0.0125842 6.5049
6680.72 12.4504 32.0843 1.73354 8.42458 26.1175 11.6703 35.9595 8.50551 5.60874 0.00148094 7.42124
7128.2 6.62517 6.1854 4.60632 7.20056 29.2356 18.6794 35.4068 16.6646 25.3216 0.0117441 8.57019
6835.24 19.6073 18.3446 29.2556 18.7573 21.8999 23.1878 8.35193 13.51 28.4996 0.0123062 9.34001
6783.51 2.84275 21.2407 26.3555 29.5309 6.61029 16.8353 16.3494 32.9895 21.9486 0.0115577 9.29075
6843.1 1.26372 3.11275 19.5671 5.86556 1.83551 17.2477 16.3477 20.7413 6.77446 0.00914257 5.11284
7097.46 8.06755 5.4892 17.8055 9.20717 21.6853 13.8709 2.76828 2.43227 18.7308 0.00449171 4.4161
7056 31.1472 12.1018 3.54443 21.1632 16.3562 22.2967 0.841782 11.5032 23.0544 0.00914846 8.91182
6897.9 11.8172 5.6649 16.2113 2.19892 30.7697 7.43984 11.7233 4.57985 2.59487 0.00314898 3.43741
6917.79 13.2162 14.9818 20.445 0.947886 34.6511 4.98972 18.137 12.2769 7.42126 0.0759395 7.76286
6902.77 12.7596 30.5449 3.9131 4.99056 8.66642 3.42294 12.3357 1.96044 3.84455 0.0407701 4.46788
6881.47 16.0461 32.0276 18.2642 2.81032 6.44362 12.8352 5.74034 10.9399 2.13666 0.0218368 5.23237
6725.65 4.84114 7.67602 5.57767 4.89016 10.5622 3.93098 0.355606 10.1871 24.6443 0.00812425 6.50044
6849.16 2.02952 14.3284 7.51972 5.6799 12.5406 4.47506 20.0759 7.34957 5.23411 0.00964725 3.34671
7154.46 26.4219 7.32445 5.79675 3.84308 0.34114 14.0352 27.9154 15.4836 25.3142 0.00361259 8.13641
6901.69 8.19721 5.42752 0.649995 21.0082 11.4196 13.6942 23.0087 37.2451 58.5052 0.0048218 10.304
6973.02 25.3213 10.1278 3.29921 18.0239 5.21435 8.38025 3.7526 9.32091 57.7887 0.00944662 7.40368
6897.75 27.7588 9.81439 10.6945 12.1413 6.70353 10.9769 15.7872 10.0407 27.2987 0.0395999 6.17591
6818.88 16.1556 4.89517 6.85037 17.8853 7.19825 11.7672 34.1777 6.49104 12.8185 0.0192625 5.53362
6630.42 4.45221 4.70778 43.4125 5.86342 8.33514 12.7637 16.3928 11.0299 16.4662 0.144581 10.4636
6709.12 10.1562 18.7791 7.91244 22.0567 14.0059 15.0381 66.7361 5.882 22.6107 0.0293819 11.4768
6894.69 13.1257 9.27894 9.22245 24.272 8.37132 13.72 14.5169 18.153 10.415 0.185189 7.35099
6801.07 19.0446 2.20769 27.0125 23.9431 7.33066 14.7087 8.39116 13.9832 19.0487 0.0943338 8.05083
6672.53 20.7883 22.8624 40.4886 8.38431 29.6261 7.45877 2.74344 21.6705 2.43847 0.00370214 8.39081
6920.86 13.0083 18.771 10.3763 20.6442 13.9905 4.64367 9.70042 29.2668 2.43847 0.00370214 4.84021
6942.76 11.9489 36.8053 3.08616 14.5289 1.10465 4.16048 3.035 76.6058 2.64373 0.00111616 9.65888
6836.12 12.5878 41.6157 42.3343 5.48144 12.605 23.5616 3.39541 6.55495 8.44755 0.00233751 8.47483
7038.9 8.94779 26.0932 20.7788 21.2916 16.023 9.38136 31.4424 49.6667 3.3224 0.00233751 11.6813
6916.37 12.7757 11.5568 1.19269 1.82729 3.64132 5.32706 20.7961 60.7681 6.34262 0.00706615 7.32058
7036.19 7.60018 18.086 19.5195 7.64908 12.3852 3.04183 14.6907 13.5434 4.91434 0.141154 6.60237
6874.06 3.68929 27.8164 13.0686 7.18044 29.9606 1.94332 14.6127 2.17401 18.5739 0.181638 8.76418
6850.38 13.2759 16.6501 6.74385 23.0552 13.4162 10.3624 2.59859 8.47595 24.9909 0.276032 8.76549
6876.02 15.1111 1.15919 16.4236 29.7296 23.3024 8.3284 42.3239 8.70494 15.2815 0.0623711 10.0454
6639.62 33.0542 27.7112 21.5998 16.2816 47.6008 14.0875 0.772627 1.09921 12.5716 0.0106196 11.2916
6973.38 25.8067 4.40176 6.76538 4.02908 28.9539 31.8541 4.19159 1.44826 12.9949 0.0582417 7.77681
7115.75 20.3227 7.92882 8.06851 1.43628 35.89 20.3251 11.0627 12.4107 17.8936 0.0254073 8.71172
6833.83 23.7137 17.5438 22.2363 65.3251 2.05299 25.8859 13.0343 52.254 7.88569 0.110709 18.2038
6857.3 10.551 10.5951 27.4489 24.6113 3.12353 39.041 12.4089 17.2323 11.3873 0.232389 11.2647
7052 6.8205 3.10898 23.5094 0.410822 0.853126 4.71432 24.9448 3.92409 2.7986 0.0215734 5.21241
6912.11 22.4591 2.46736 10.9525 3.8083 0.853126 4.58252 1.77515 3.92409 4.75442 0.0215734 3.62561
7033.69 6.57191 0.199186 6.73887 3.27693 6.01688 11.0035 5.99776 17.8129 18.254 0.0917659 5.59824
7097.49 10.3232 2.50242 27.0686 4.47945 14.8805 9.17945 31.9052 24.3581 22.4202 0.0178672 8.58963
7015.64 1.19218 7.70591 20.4483 26.6488 0.254758 11.9265 16.4668 36.9574 20.7418 0.0436082 9.75534
7031.26 19.4358 12.345 8.14952 0.369188 3.91073 43.0881 6.25991 22.8401 11.5761 0.0357974 8.34439
6803.57 17.8634 11.8323 5.13787 14.032 3.59135 21.6882 11.0845 19.4286 15.8249 0.0644224 6.5204
6727.09 32.7842 13.1891 2.27421 17.0835 15.5724 27.2985 7.85882 0.802722 7.43613 0.0117069 6.82881
6922.75 24.0419 2.0521 4.56683 9.67532 36.5754 30.2795 7.29023 16.4288 11.3678 0.0093344 7.23216
6942.87 7.09442 3.43536 1.6196 15.684 23.5281 11.3348 9.08551 1.36729 15.0721 0.0201687 4.35235
6975.97 16.6314 0.793879 2.4886 26.4929 25.0465 6.42569 2.01045 27.0289 12.9897 0.00846598 6.5222
6770.63 26.4232 18.6301 5.83896 25.8666 30.6836 21.9664 17.1895 8.04465 27.9303 0.0106507 9.45238
6914.86 22.3417 17.7904 19.0577 6.08227 5.89845 3.83639 30.7934 6.4054 30.0506 0.0558104 8.04355
6710.08 5.9673 29.0648 25.6314 4.46671 3.97098 10.1555 15.4747 17.1763 29.0704 0.0741566 9.05711
6748.3 22.7703 17.4962 23.9938 12.3424 0.633101 13.3593 14.6475 17.0769 10.7674 0.0109543 6.50951
6696.64 54.0724 22.4823 27.9275 16.0988 7.5329 15.004 0.877319 7.38829 32.4096 0.0169345 11.2911
6724.6 28.123 7.20806 43.5532 7.52589 6.7059 22.3666 26.2826 45.5659 20.4523 0.0662396 13.3999
6733.16 29.8184 31.4586 12.1789 9.98054 6.96695 27.9095 12.4856 24.3894 11.769 0.00362308 7.67623
6880.5 2.4253 14.1118 0.619226 11.2541 9.58714 20.2129 15.9255 3.42379 6.98584 0.0334081 4.96762
6836.21 4.85457 2.829 5.74472 29.3979 8.83841 14.4604 4.71398 3.89582 2.43623 0.106557 5.86367
6916.08 7.16795 31.8182 6.5198 4.08109 6.66478 28.3187 3.20431 2.34914 31.5935 0.0601463 7.49872
6895.61 7.0434 16.868 39.5476 4.03406 9.03238 25.269 3.8645 2.17046 13.569 0.0792324 7.67119
6986.88 10.2856 12.7247 16.2504 6.5245 6.20233 8.79609 4.57045 1.41131 6.98295 0.075543 4.00866
7032.33 13.7283 12.0432 11.9063 5.01904 11.1436 4.25122 5.56267 5.34045 3.56739 0.0522072 3.48682
6888.52 15.4127 23.0117 23.8785 23.1507 17.169 9.28271 11.5572 4.85644 13.5243 0.0599124 7.83919
6944.76 26.0033 15.3705 0.377032 23.1341 9.67789 11.376 19.163 3.51029 3.26361 0.0225948 6.52211
6763.45 29.816 0.279341 20.7101 16.224 28.3171 3.65983 13.0132 3.39034 16.3077 0.0265301 8.18425
6749.58 15.393 11.2038 6.30676 16.482 11.4705 10.3843 14.2122 13.5909 1.84971 0.0514919 5.69315
6721.12 13.8268 1.06578 11.27 13.3122 11.3565 10.3475 21.4308 0.125095 4.49356 0.0424751 7.78948
6951.06 23.6673 19.1842 13.571 2.44374 11.3043 8.22786 1.2644 2.10659 2.88764 0.00625142 4.0049
6874.41 2.74109 13.8637 13.0603 47.5878 8.27348 3.0253 13.4625 13.2076 27.1563 0.00625142 7.05661
6699.01 4.29802 11.8941 28.4664 78.4475 1.43187 20.76 4.76047 10.826 22.0555 0.0424744 13.3437
6850.27 10.5438 12.3595 20.7899 35.1519 12.4442 14.609 4.69016 2.60913 14.591 0.0449572 6.83349
6920.14 9.96198 25.5325 5.65493 2.2586 21.859 3.71068 7.13729 15.2476 19.2299 0.00107369 3.80467
7298.28 4.963 20.1418 10.0816 7.34904 4.75257 3.25115 15.2499 23.0151 15.2974 0.000290245 6.8173
7187.72 1.97264 18.6571 7.19283 14.2192 4.17751 1.14829 7.10107 33.4887 25.9621 0.0340107 8.21063
7007.72 12.8257 13.1646 1.00779 29.3412 2.23849 11.7778 5.03038 34.4502 26.3291 0.0175018 7.7869
7087.23 14.9303 29.3391 3.94144 15.6441 18.0355 5.91884 14.0028 7.85214 1.87826 0.031595 7.37829
6686.56 9.15629 27.3049 22.3799 33.7709 16.4409 3.25436 10.6426 7.9593 16.022 0.00821533 7.4185
6733.75 3.73742 20.4603 12.1466 19.0014 8.41862 2.31355 39.5255 11.8911 10.9733 0.000210751 5.78382
6791.74 8.19706 22.9115 7.63483 6.72955 6.22952 17.451 16.1857 7.87188 11.5729 0.0656358 5.62839
6695.38 52.0337 6.93908 7.92186 2.84878 15.3301 6.85697 23.3537 17.8947 27.3235 0.137713 11.2441
6721.77 44.6579 3.58682 11.3379 0.954717 26.4109 6.15728 3.05831 5.3414 27.6294 0.0757023 9.3963
6814.99 43.4606 3.25577 25.3233 1.08686 22.4886 35.4935 24.5828 37.0256 9.85748 0.0425799 13.6928
6790.86 39.7139 10.9014 11.1619 12.5957 2.14824 16.7546 36.2718 5.49338 20.252 0.0682133 9.38428
6805.01 14.7708 14.7998 6.79333 5.89635 12.6771 38.7931 24.4477 4.3863 6.06043 0.0656788 7.54157
6803.43 18.585 4.82144 24.6893 1.12366 12.2816 11.0164 3.45301 31.7717 46.2307 0.00358872 8.36954
6682.12 28.64 55.9172 7.74258 4.2528 7.24789 52.4016 9.73911 3.33592 19.7422 0.0108522 11.7112
6808.39 41.3513 27.5319 9.5909 7.9389 26.6081 27.8066 8.01783 2.91039 10.9693 0.0788725 10.4716
6738.84 8.68563 11.9435 13.9307 4.464 11.4695 30.2179 27.2688 12.7874 63.7362 0.0265866 11.6787
6807.71 16.0826 16.8496 23.2532 8.44066 3.04438 37.2221 38.8529 12.1022 37.0922 0.116085 12.8884
6799.73 11.0872 14.8242 4.64661 21.7717 1.72151 41.2906 9.67114 23.0624 9.09899 0.0329491 7.84941
6857.35 3.26044 16.3804 6.53884 23.0394 24.1686 6.42903 21.2617 14.2964 22.7642 0.0180961 6.60762
6837.24 15.3202 0.739201 15.7104 3.88444 7.81751 4.25962 3.32269 20.4984 8.01108 0.00702654 3.98656
6831.42 4.07576 31.7707 4.56881 5.72503 6.07752 13.7275 8.04459 21.3749 4.43043 0.00402175 3.98406
6991.16 10.1825 3.88281 9.28179 1.24566 31.4686 33.3666 28.0702 6.2272 18.8265 0.00120164 6.94775
7014.23 2.37065 14.0538 8.46437 4.4742 22.7991 23.974 12.1034 4.84266 17.5215 0.00120164 3.87767
6967.55 18.0589 13.1452 7.0113 21.7873 9.16064 3.973 51.3438 4.11932 36.2593 0.02151 9.59888
7031.31 8.89329 9.09861 11.3537 12.4294 2.6684 8.25529 29.0254 7.2996 22.3927 0.0280725 5.20108
7097.01 7.95642 27.7819 5.50748 3.14279 2.69346 8.65723 11.6119 0.211445 4.26805 0.000776207 3.82915
6742.16 25.0823 35.1493 15.8013 16.461 10.0988 14.5522 5.9587 21.6386 8.17645 0.00167114 6.39547
7018.31 14.0075 30.706 15.6612 12.5818 17.4378 15.1912 21.4584 11.0676 8.75687 0.0208667 8.26008
6493.92 27.3532 24.1126 13.8136 7.18328 17.2744 22.7907 21.8859 7.08139 29.9618 0.032859 12.1438
6600.05 32.1904 50.1924 1.78097 0.348086 7.97776 8.93851 9.25162 8.39709 61.39 0.0956271 15.0461
6467.16 40.8215 8.34375 8.84401 11.0442 26.6864 4.68623 19.4825 10.0525 17.9681 0.00074015 9.77223
6501.78 33.6147 19.0486 13.0058 21.2167 35.2748 4.18472 11.0993 14.5243 14.8557 0.00588298 10.0962
6726.47 21.049 10.4287 11.5058 23.7706 27.6533 19.8768 4.33364 10.8527 13.9096 0.00927649 6.68517
6570.51 5.02887 15.6053 51.3008 2.40123 9.45142 23.3912 6.10635 39.0743 5.95064 0.0542361 12.4916
6837.82 15.3401 30.102 6.38314 10.7956 6.1844 1.43567 6.35378 44.7398 3.03318 0.0224202 7.04855
7059.04 19.1301 6.24529 5.61541 10.7956 7.99162 9.45409 5.47029 42.1525 1.62466 0.0396893 6.36015
6866.9 8.37622 17.8638 18.4148 21.8258 23.0544 18.6488 7.19151 1.9017 36.433 0.0549255 8.90081
6793.63 3.98316 17.9333 3.2805 9.42564 24.6102 4.6537 7.64503 45.8311 1.98613 0.0029654 6.44498
6975.56 14.4289 8.10623 4.96427 8.80568 5.29335 4.66009 35.6552 14.3457 11.9942 0.0257375 4.88343
6693.17 30.5828 22.0909 29.1341 24.8434 1.63917 2.00186 15.8778 39.2417 8.78948 0.0332071 10.9152
6751.75 35.9015 7.92727 6.08612 2.24172 18.6201 4.05221 16.8425 13.6435 27.9342 0.0119249 6.92132
6866.18 33.4479 9.59148 3.35196 6.80751 16.6866 7.29834 11.1055 11.6002 8.1765 0.00472693 3.80361
6829.2 19.046 15.9509 14.1889 14.0916 24.1679 27.7529 2.52441 0.636071 10.4671 0.0189863 6.95128
6886.37 11.2025 8.94221 6.18852 22.4344 20.1112 32.3375 1.94888 2.47028 4.83126 0.0157943 5.53914
6931.27 6.71553 16.9995 16.4647 18.2631 16.1956 25.6329 10.7114 15.3252 5.20647 0.00965263 5.49705
6945.58 1.28492 13.3769 32.8589 3.18118 2.56931 3.79957 4.45581 1.49011 14.3236 0.0090386 4.23585
7063.58 1.05579 18.5079 0.981255 20.8594 8.68717 10.265 8.99943 22.7032 7.72176 0.0195716 5.46347
6960.37 9.19131 7.155 6.39513 24.6258 11.6454 19.0306 9.75529 13.0285 9.06821 0.0245627 4.4324
6913.48 6.56866 9.65514 29.6979 7.40583 9.0409 2.70907 8.54874 4.4197 0.88266 0.00621904 3.2321
6916.41 10.8369 8.91521 23.1807 1.4189 19.1318 10.3516 9.41243 22.5325 12.2378 0.130903 7.22619
6909.53 10.854 3.2588 25.8661 4.02358 19.0755 4.69703 12.5546 34.7945 34.5982 0.222217 10.8914
6832.54 8.04656 4.96057 17.17 4.94879 20.2463 2.07005 4.03516 54.9767 21.2479 0.0740674 9.41051
6601.77 7.3146 5.97492 33.3542 23.0822 18.3207 6.18813 7.5586 24.121 38.054 0.0645915 12.0916
6809.43 11.5195 25.0722 8.78607 11.3165 6.50763 45.5382 11.6869 3.89415 40.9571 0.00338224 8.2698
6889.51 4.38071 12.8806 12.0759 7.31965 5.39241 13.4919 2.09077 33.1423 29.8774 0.0636297 7.14745
6955.13 14.8571 15.0075 20.8331 7.94265 0.885444 13.4286 0.599475 28.0007 54.4267 0.0371399 10.3453
6704.73 50.1703 9.44393 1.74498 4.57536 15.4689 30.5487 8.72178 13.166 7.16757 0.0556254 8.93523
7142.35 8.58648 2.01262 1.74498 3.66722 10.2477 39.5559 4.43782 13.0699 10.0578 0.048895 6.34531
6951.97 11.9086 1.89974 5.51498 30.295 10.2744 1.06121 9.78227 6.14297 11.32 0.00965392 3.90375
6855.9 11.4313 4.83336 15.2877 6.93009 35.7543 26.0678 38.9506 3.46223 12.864 0.0457585 9.30288
6931.45 35.6694 3.08944 13.7443 3.4527 6.51747 13.2119 19.8249 33.6953 9.64231 0.0097686 6.85521
6838.71 9.70089 4.21163 18.9574 3.34786 18.3968 17.4583 8.37755 2.80437 11.0888 0.0748049 5.50668
6713.99 12.503 5.7536 24.0137 2.99813 13.6889 40.3071 9.34582 0.851372 9.4326 0.179168 10.1456
7082.15 8.74975 9.64601 1.36406 4.39744 2.79621 42.357 19.0923 3.65421 1.16151 0.231629 9.22718
6658.75 33.1429 19.2012 7.44787 2.10674 1.34405 24.3648 32.4978 9.25142 11.1995 0.232697 12.2081
6849.87 31.3966 3.17175 0.933323 7.44784 22.6135 10.0806 23.4862 11.4572 2.7435 0.0134461 5.98658
6903.16 15.7048 5.99879 6.70819 16.7965 8.97452 11.7298 19.2632 8.9536 13.6509 0.337167 8.12716
6581.58 9.32937 4.7156 29.4312 47.7644 44.4941 15.7645 9.10362 18.6158 3.59651 0.0431525 13.3453
7044.21 6.58012 3.17798 21.1542 24.1282 2.36249 9.32325 36.6234 8.24972 4.71877 0.0582621 7.42667
7069.17 11.6952 10.6465 1.71764 6.01719 0.615622 5.45766 14.5439 11.382 7.05387 0.0371327 3.95483
6792.6 33.3177 14.6734 22.5714 8.31172 4.60584 5.23651 15.0944 28.7158 18.1237 0.0256684 7.64938
6631.01 17.186 10.749 35.0679 21.2783 14.5627 3.11721 14.0519 7.85667 56.2975 0.00535369 10.6312
6746.68 8.64001 12.2733 39.0728 6.8082 11.5998 29.9115 9.50821 9.01437 20.799 0.0108331 7.30292
6946.9 16.6075 10.422 4.82932 15.2122 28.3459 32.6132 8.93388 1.24503 31.638 0.0131657 8.12343
6954.26 23.7776 9.38819 13.273 16.6398 9.80076 42.0412 4.91326 13.6557 12.4049 0.00937652 7.11946
6851.38 1.42773 33.9934 18.6152 8.46215 13.5185 20.6455 7.73768 25.9825 10.895 0.013549 7.01626
6943.36 12.0162 0.854781 15.0926 12.2981 4.3516 8.06367 10.3485 16.839 17.4028 0.000744828 2.89113
6971.4 15.1253 23.8943 4.24482 2.93489 25.3546 2.24762 14.4986 20.7303 18.0409 0.0586556 7.38422
6702.84 15.004 3.3593 21.8131 6.23 9.37952 9.87695 47.5061 25.5866 6.96255 0.0401919 9.57971
6758.79 16.2106 2.6505 39.9302 7.00612 8.185 3.40845 20.3621 14.0827 4.20604 0.01872 6.29218
7090.88 15.7273 2.25646 9.4969 21.207 1.63097 3.38845 10.3143 25.0267 24.9013 0.00465582 5.68835
6896.14 6.1219 14.9444 1.22758 25.4102 19.2386 3.68978 19.276 25.1712 32.435 0.0183113 7.92833
7191.77 4.25656 3.2171 6.4066 2.25479 9.80155 1.36271 32.361 15.5277 23.8118 0.0211953 6.34789
7046.3 9.46534 6.07589 10.0669 7.32909 8.69651 2.3643 17.7196 3.33095 6.92959 0.0209228 2.72583
6961.77 8.45243 11.0791 19.8556 15.3473 16.8382 32.9058 0.31724 3.0781 4.44753 0.00276874 5.66269
7003.02 7.51795 9.66562 7.7341 14.5543 3.65888 9.35099 6.90064 39.1251 21.4591 0.0127906 5.22983
6677.49 19.4922 23.4021 37.5065 10.3936 4.00577 2.12212 15.9587 22.691 35.3477 0.015293 9.87409
6752.25 17.5599 63.2853 7.36421 12.7952 8.34582 3.11848 12.2079 40.1032 7.46551 0.0184681 10.2618
7231.57 5.46746 12.4852 8.03532 11.0488 0.0379311 2.96211 20.3496 7.2023 19.5753 0.00407845 6.75014
7137.07 0.352413 9.28718 5.50567 11.3081 6.15847 9.85554 27.5196 5.026 19.5753 0.00412571 4.63722
6969.64 4.66001 1.39787 4.95022 30.2138 11.5452 13.8927 9.85304 24.167 9.91337 0.00304201 4.39341
6981.35 3.91144 17.5937 7.28949 9.26117 27.8661 20.8539 36.9764 9.98452 12.3928 0.000496795 6.13005
7138.78 12.8358 2.13663 16.1674 14.1869 14.2139 25.8317 18.5843 10.0806 0.540684 0.000548923 6.34204
6761.38 14.7963 6.18084 13.3721 23.8645 1.88513 36.9003 14.2382 13.5993 19.1135 0.00837035 7.29238
6579.47 2.07317 7.32926 17.3402 33.6214 19.91 54.0152 17.8725 9.01442 10.6269 0.0143385 12.6733
6750.54 31.4056 2.60695 27.8151 12.5956 8.1848 25.9619 10.6125 11.0593 32.5515 0.114428 10.4891
6794.52 5.06845 7.21588 24.2435 12.6513 7.15308 42.4571 9.53493 2.04207 23.4044 0.0483894 8.20137
6905.27 16.8536 4.00791 19.0956 19.285 6.67902 26.6876 25.5435 5.97674 28.6386 0.230169 10.7584
6889.6 16.4644 11.9796 32.6159 14.8202 10.803 1.50097 43.028 5.56903 17.3806 0.0317194 8.95946
6801.32 46.191 7.60324 6.79064 14.2885 13.1345 0.693983 9.46897 5.81926 4.37012 0.0284132 6.18546
6646.8 23.8991 28.1111 9.45427 37.554 13.4097 0.428156 24.4993 8.36456 3.34057 0.0714774 10.6086
6936.77 1.76534 28.6861 14.0151 13.0473 1.01883 10.6701 9.216 14.6407 1.89854 0.00881447 4.59746
7170.55 1.31689 5.57541 18.9244 5.78391 37.4008 23.8024 4.8373 11.8266 1.93654 0.000670766 6.86401
7196.83 1.31689 2.72186 18.9244 16.671 26.783 25.2508 5.6917 11.8266 2.32846 0.000670766 7.12926
6887.01 11.832 44.5351 18.1845 17.6241 12.0985 8.66038 2.736 25.6843 0.653402 0.0089716 8.35136
7012.72 21.4197 0.372187 17.1194 2.37591 0.454277 5.44737 18.6235 9.51398 4.6102 0.00200433 4.42132
6681.62 37.5697 10.4917 12.6918 11.208 20.2845 2.93162 7.68836 1.37251 8.4083 0.0220098 6.39705
7077.88 8.91775 35.3261 27.7648 15.2665 11.5281 8.7307 12.2639 5.93092 7.10764 0.0653203 10.1117
6529.73 43.5708 25.6566 40.3332 2.4004 2.23997 26.1886 10.1427 1.04807 8.592 0.0724942 12.4766
6757.69 22.3322 33.8012 18.4838 54.1996 18.3197 1.89831 13.2629 0.0643033 11.4101 0.00945426 12.6824
6628.32 21.8995 11.9642 6.20372 27.0178 10.975 3.73724 13.6854 11.9153 6.43989 0.0692081 7.96455
6869.74 20.5367 23.5612 9.6274 17.4403 15.6159 5.33572 1.24773 31.37 28.4386 0.000724509 6.77971
6816.55 21.6544 34.6567 5.18382 32.2787 9.81331 23.9529 7.68331 41.2888 15.8751 0.000724509 9.7595
6832.64 15.7025 21.4116 49.1924 20.3231 1.94706 13.2556 21.1077 47.7869 57.4104 0.018438 16.5138
6536.92 36.3473 9.14291 34.4746 36.7094 5.60767 10.2722 8.51906 21.7927 24.5769 0.007248 11.1596
6595.89 11.7594 21.9258 51.0677 32.9926 12.52 3.76663 1.71997 11.9938 6.87083 0.00795976 9.60985
6860.97 16.2914 37.8147 10.5805 23.0696 31.5688 5.23944 21.5329 22.3184 20.9545 0.0292857 11.2285
7061.59 13.9947 6.29914 3.36361 25.4207 8.68769 22.9391 23.7534 11.9559 20.5387 0.0447958 7.85057
6897.68 28.0943 3.88259 14.1721 0.28997 11.1122 24.0473 37.7621 9.85317 6.24799 0.0437359 8.68635
6714.08 34.7325 8.28482 24.4784 20.047 12.6101 13.257 12.136 5.55202 37.674 0.0423637 9.51149
6861.15 12.8608 19.8971 50.1081 1.42839 9.10296 11.9356 7.33207 4.46469 32.1658 0.0937299 10.1059
6819.21 7.8916 18.1583 12.3305 4.81065 18.9052 0.233523 11.1602 6.27992 11.6776 0.00116257 3.83551
6730.5 6.57535 20.2663 4.49128 8.79633 12.1819 11.4313 6.78924 31.7395 21.6529 0.020452 7.09379
6870.9 3.8583 27.4432 5.57244 11.3229 22.8028 13.554 8.43684 2.1433 6.90238 0.0156394 4.53023
6924.41 4.47585 9.1677 9.01461 11.6699 6.78052 2.68834 5.06052 58.9696 44.2747 0.00011521 7.35212
6947.39 3.38642 13.0705 10.1234 22.4561 31.4514 14.5769 4.51862 14.47 12.5956 0.00011521 4.23584
6756.7 19.4077 10.0824 3.37388 1.70075 25.4049 1.66288 7.67945 45.7491 8.27947 0.00011521 6.39816
6860.15 23.2984 10.4672 12.6964 5.91891 26.519 6.33694 8.7078 0.855103 2.98176 0.00659659 4.24983
6865.22 25.9077 18.6439 2.96092 23.9711 7.13766 6.10047 21.2921 4.59709 5.55165 0.0789277 6.73375
6875.77 25.3356 17.6984 6.85034 34.6682 8.0524 2.16538 15.5656 14.7657 22.1633 0.0998851 9.11495
6638.77 10.4488 1.09733 18.4772 50.5377 16.1746 19.77 6.52339 20.8405 15.4339 0.0779369 11.7528
6840.94 0.866797 22.4371 15.7637 21.5997 24.3844 7.72447 21.1842 13.6939 18.8526 8.04035e-06 5.64941
6895.87 6.89806 5.16341 11.7525 9.33679 14.797 3.20357 16.1289 0.114708 0.794673 0.0141594 4.67095
6895.87 15.3438 20.9278 23.9761 2.48979 8.41213 7.61165 25.3512 7.88372 12.9178 0.0135138 5.48404
6834.59 21.0758 8.89983 0.922472 17.7762 11.5242 6.2939 1.31861 14.931 8.1687 0.0300188 5.07179
6832.34 8.45864 9.53725 11.2802 7.2043 9.56472 7.7827 3.9132 10.1193 26.3306 0.0737786 5.3411
6900.99 6.85048 4.50727 10.0593 6.83337 42.3925 24.537 3.62649 13.1231 45.8899 0.00625408 8.3015
6841.7 6.32803 14.5182 14.4827 7.93999 1.90715 2.17058 25.364 17.744 25.5682 0.116283 7.86625
7108.39 2.19016 5.12345 14.2733 9.58585 3.99762 7.6933 12.6008 8.89417 28.1472 0.0495811 5.00497
6865.28 10.4327 11.0086 2.5663 1.9571 9.27796 1.73437 6.03761 11.0698 2.42223 0.0557457 4.26778
6834.85 12.8655 9.93694 1.88384 7.31092 8.58466 1.38748 14.0425 4.95636 2.70903 0.0526095 4.50224
6764.03 13.5445 6.46476 23.9427 16.4081 25.7158 21.5829 15.6549 1.95068 9.02633 0.00272437 5.88781
6971.75 1.89986 9.17504 5.63802 6.93841 23.6647 14.5266 5.28041 3.17728 15.2427 0.0421357 4.27648
6904.02 35.1114 17.38 15.6463 4.45243 5.6841 17.8696 2.77151 11.0901 0.919787 0.0636133 7.11349
7050.39 19.5528 6.8411 16.6989 3.6722 14.7897 7.40262 6.71129 0.653259 26.2284 0.0212723 5.69772
6926.83 14.812 3.36734 15.0628 25.2638 4.35866 7.2747 22.7385 10.01 4.71175 0.0300594 5.03383
6798.38 21.928 4.07148 15.1161 9.80145 10.0373 11.1752 7.88611 12.9057 15.7413 0.090515 6.02054
6884.99 2.61916 17.661 7.16437 9.63572 10.7899 45.0299 19.8343 13.3752 26.1692 0.0645529 9.05503
6878.36 2.87782 22.5975 4.93484 14.8418 8.23334 13.6636 5.37089 12.0613 10.6598 0.0396083 4.40804
6779.42 4.76408 16.1183 16.9707 2.17369 5.94172 30.7761 5.37089 3.31683 9.49165 0.0112015 5.03025
6880.12 6.19947 21.8279 28.2406 15.787 13.4282 3.34624 1.79155 23.7017 18.5961 0.0272768 7.00935
6860.89 8.68127 14.7616 40.9928 13.9357 29.7579 11.7923 14.1641 18.4629 19.9088 0.0270404 9.44338
6900.96 0.293548 4.38831 24.0355 1.43197 18.0724 6.87433 7.22653 5.24908 47.1329 0.0357862 8.20862
7154.01 3.31605 13.4486 2.04665 13.8918 23.0483 5.64163 12.0669 3.74783 14.795 0.0322461 5.54561
7305.85 2.20789 4.11984 0.390673 1.85277 10.0294 16.6865 16.9236 5.49889 18.5851 0.0437739 7.41983
7151.8 13.8037 12.0183 0.390673 1.85277 7.90782 20.9004 14.6679 3.07679 25.8451 0.0614074 7.70084
6764.05 19.9219 28.7604 16.1861 1.52513 25.9289 14.1139 22.2608 3.89871 5.8888 0.0535138 8.1711
6651.35 2.31028 7.75433 27.3952 30.3976 43.1233 14.0138 19.4378 7.72345 13.5353 0.00197759 9.61969
6567.29 22.6896 24.5548 31.033 19.327 16.0301 21.6494 9.49546 5.89262 8.44587 0.0927279 10.6095
6633.67 25.4134 37.5351 2.22363 7.82139 7.26344 8.4887 6.68103 27.1713 12.0431 0.011879 7.79173
6711.5 17.2345 15.8625 1.65691 30.4295 6.71593 10.4207 11.2712 13.6654 10.1308 0.0199126 6.29435
7093.18 9.399 13.8447 23.8182 21.0527 25.681 19.4935 15.1186 21.6216 2.26908 0.0216482 10.2731
6974.73 13.5143 1.4331 1.33919 9.23812 4.91776 0.933136 5.40741 16.2996 12.2747 0.0335602 4.19373
6967.23 10.9305 11.5873 1.29679 5.49507 13.8834 1.2478 51.3829 21.119 28.8906 0.137891 10.8275
6866.37 27.8096 9.18045 8.44962 14.2536 3.7347 5.543 13.9802 30.1333 23.6175 0.140606 8.5549
7062.99 4.15844 7.83329 7.75429 9.43803 2.82334 11.2556 12.1891 34.4325 10.6221 0.00372059 3.59233
6877.44 3.59559 3.93032 36.8963 9.87811 6.01476 21.5259 11.2702 14.0785 1.37775 0.00196019 4.60499
7084.5 6.18929 7.74449 6.76667 32.7393 0.701784 4.77516 6.45607 7.37809 35.3356 0.023176 6.59071
6892.97 10.6054 5.5209 12.9976 14.1371 18.4938 22.1766 2.61786 11.2041 61.0713 0.0377713 9.12736
6744.61 20.9258 23.649 14.3326 24.4375 23.7914 8.66826 6.85543 1.42887 69.7188 0.0415947 12.427
6645.47 26.2007 52.7179 2.34394 13.9221 9.54259 15.2008 10.8903 2.42266 1.90655 0.0771232 9.64234
6301.07 36.3318 53.1595 47.2613 3.44542 10.2006 14.4994 4.52188 4.42789 34.8029 0.0169667 16.6986
6598.59 16.0761 18.6223 62.2658 6.18027 18.5924 14.1603 31.7917 0.934456 32.6605 0.0158394 13.4207
6630.49 2.59688 17.5986 10.1881 7.33213 20.1746 11.4982 40.2837 12.2465 3.90666 0.0478298 9.91532
6710.9 8.60164 18.2987 19.7239 38.316 6.21497 7.25532 27.9737 10.8181 11.1405 0.247156 11.0371
6766.61 4.31506 16.0738 18.0912 47.0295 3.23201 44.7595 18.9164 17.4496 34.1249 0.163268 15.0848
6970.5 11.2965 13.8517 15.1515 56.7361 11.0812 5.89877 20.3181 23.2153 33.8312 0.277521 15.8168
6840.59 0.0758386 6.94926 18.7236 27.7903 33.8745 31.1129 23.18 16.5793 25.4793 0.28359 15.9833
6762.57 2.59309 17.1514 13.2254 30.2098 11.3245 1.20841 11.1872 8.08847 15.5242 0.142122 8.1357
6844.39 2.41147 12.2386 12.3803 30.2098 9.57378 7.07671 7.19288 22.122 28.7843 0.0730812 7.72146
6889.39 32.6879 7.97417 4.67465 5.0326 20.9932 25.766 7.77437 24.3308 5.91996 0.10776 8.33603
7007.61 5.41422 26.8737 37.2033 6.95928 5.97252 5.41524 4.07858 10.1704 7.24352 0.000374091 4.61508
7007.61 5.98567 26.8737 37.2033 8.05511 7.02106 4.2183 1.91851 20.6747 7.24352 0.000374091 5.64095
7109.29 6.46676 6.19142 37.2033 8.05511 5.23067 2.54363 3.94109 20.6747 2.87803 0.00104679 4.61463
6908.04 7.67197 22.7476 33.5631 17.856 6.39878 7.58301 21.7056 6.86813 13.9324 0.0979627 8.37164
6854.75 22.6108 1.58313 22.7681 34.231 35.7308 8.50759 9.01152 18.6976 7.81408 0.0481857 10.0492
6859.99 24.6901 12.8582 11.2559 20.5434 15.8014 13.0487 11.3045 14.2986 19.6854 0.143765 8.33765
6955.86 6.93334 4.85605 54.5236 11.8215 6.99862 19.1587 15.6312 6.13366 8.04413 0.0324501 7.92943
6792.48 20.7223 8.41706 10.1271 23.0913 7.53231 3.40729 6.18468 12.3624 12.9837 0.237116 7.73289
6855.75 3.0695 10.9593 7.76089 19.3955 2.53695 18.3424 29.5751 12.4102 27.3074 0.347109 10.9004
6974.54 10.449 16.3535 2.44046 1.49463 32.5541 5.53729 25.6258 3.55125 7.29693 0.503987 11.3997
6913.93 5.86962 7.23141 12.0902 1.49463 47.1322 26.8977 11.3907 7.58856 19.497 0.320643 11.6202
6891.48 23.8235 8.81688 5.895 15.4541 9.53696 7.93047 30.9083 41.7378 8.38812 0.161426 10.025
6721.47 37.7964 5.29317 7.56529 10.7976 32.5368 10.7817 15.6615 26.6427 6.69302 0.187713 10.8571
6723.78 16.1101 1.38879 4.98681 6.97731 34.9499 36.2033 20.9262 42.1815 11.0762 0.121069 13.4007
6913.16 19.4464 2.92506 2.73915 8.41193 6.78966 25.4042 10.0173 5.77762 2.41904 0.0118231 3.59581
6959.34 18.0023 3.38338 1.30644 9.93889 8.26974 13.1082 11.8492 12.3012 4.83221 0.0165392 3.30561
6977.88 9.96426 4.79482 26.867 19.2378 7.9422 31.8106 3.4329 6.50103 20.0185 0.00748864 6.14884
6830.01 13.9085 5.2636 23.1303 27.1465 1.5784 8.49769 14.9042 18.5234 30.7118 0.030382 7.75029
6881.43 11.6661 4.81664 24.7656 7.56642 6.40269 12.7718 19.7145 13.9565 14.229 0.0012986 3.56275
6915.82 29.4007 4.82404 15.2552 18.5451 9.11818 3.74695 27.5469 24.1306 5.68799 0.0304169 7.28119
7004.72 12.1897 13.5332 5.41847 2.65519 44.0653 5.02419 7.56077 23.3581 9.70387 0.0577601 7.40267
6961.65 12.6598 21.9488 12.0616 11.3258 23.232 11.5393 1.13673 5.50492 5.90903 0.0350121 5.48278
6829.57 17.5776 9.40749 1.11418 16.557 18.8986 13.6529 32.0461 8.64829 6.84618 0.0382928 6.7764
6782.46 20.1001 10.2875 22.3508 14.2421 47.8902 7.51881 10.9121 12.0978 3.5041 0.015905 7.73729
7213.3 3.30739 4.48405 3.79176 12.692 3.99011 24.0809 9.98949 4.69045 16.3844 0.0898416 6.3322
6794.18 37.1762 18.0027 20.886 11.5267 5.45833 24.5853 0.405613 6.34991 18.8318 0.234443 11.2152
7038.7 15.2991 3.92738 1.56454 13.317 16.6137 20.2618 7.41789 11.1718 45.4874 0.0352443 7.68045
6956.3 2.97159 10.2307 11.2315 34.992 9.23374 26.1092 8.19876 7.61265 8.28589 0.0376265 6.17178
6754.45 2.07937 5.76963 11.8078 8.27101 2.16101 7.6608 4.77492 20.2822 11.0215 0.203015 8.21988
7197.51 0.924406 7.18419 12.0118 1.72279 6.21837 5.75992 6.58131 14.7912 14.157 0.389569 8.84599
6830.72 7.27675 8.12815 1.55464 7.08941 9.18281 7.89075 36.527 6.74678 67.8144 0.123864 11.8526
6943.29 7.26957 5.78219 0.802683 39.3184 15.2034 3.60734 39.8369 2.52272 7.00183 0.0780624 8.78437
6833.05 33.9823 33.5376 1.57018 15.3632 10.2046 2.74335 10.8486 5.25157 1.54548 0.0896823 8.13819
6634.33 18.6535 27.5749 7.49593 28.1729 8.09509 11.788 18.6374 25.4675 10.5916 0.121393 10.4907
6702.28 17.3602 2.4137 7.56571 16.1182 9.51058 21.6533 26.151 8.99566 9.26149 0.00570469 6.25949
7026.18 11.7624 32.0112 15.2453 20.9006 11.6672 2.46363 0.603249 0.74822 8.9326 0.00178216 6.5472
7048.51 10.0519 21.305 7.86127 0.267325 7.42024 19.1671 2.15324 12.0445 18.4719 0.0119371 5.37663
