7890.93 24.7249 12.6727 12.2287 5.54655 0.041901 6.56149
8016.31 10.266 6.9475 2.43189 13.2189 0.00612119 3.93104
7931.14 21.5535 4.04703 9.65319 20.0802 0.0124462 5.77215
8028.91 23.0549 5.64097 4.98895 14.1604 0.146851 7.11774
7880.47 23.3917 6.23692 8.20827 6.0005 0.0398175 6.35253
7995.96 21.2613 6.23315 2.9472 8.34416 0.0955761 6.22623
8046.85 16.3524 15.1705 19.7347 39.1001 0.0109787 7.28474
8074.4 46.133 11.0149 11.2274 3.45894 0.0341745 7.35
8167.58 27.0983 10.3033 16.0665 42.2077 0.000768083 7.48815
8205.15 10.8881 26.2154 21.9239 42.9614 0.000768083 8.16066
8085.79 36.5874 2.9949 6.98056 12.9906 0.004635 5.29574
8070.78 24.8529 3.46737 24.6519 16.9538 0.00459464 5.67363
8117.21 9.17164 34.0999 5.59287 37.6595 0.039685 8.42061
8063.82 8.58308 23.8083 3.83552 24.3062 0.0443246 6.4977
7926.84 3.20317 5.88381 7.03697 14.2349 0.076233 7.03237
8151.36 21.2856 9.87346 3.8733 10.009 0.0294023 5.38909
8046.83 19.7579 2.94335 7.96203 10.75 0.00594363 4.0249
8114.61 14.5704 2.94335 11.4255 10.1812 0.0456803 5.28361
8134.14 18.6118 5.41791 16.4551 3.40603 0.0746602 6.23667
8165.31 17.2909 6.09543 16.4551 6.25042 0.0531278 5.98103
7846.02 65.83 25.0362 33.8926 4.60637 0.0224966 10.933
7726.7 64.2548 18.0545 28.6979 24.4402 0.0173198 12.0509
7832.42 23.1313 8.94786 24.5848 12.3087 0.29359 11.6696
8174.9 15.588 3.57209 29.1345 23.5352 0.0718369 8.32952
8087.83 6.01828 27.2584 20.4362 36.0996 0.0538264 8.69706
8048.78 24.2555 27.5079 10.3625 26.8443 0.0189299 7.25509
8063.39 17.8011 17.0801 28.483 9.34992 0.0393222 6.78023
8059.44 28.9781 4.59264 10.6936 1.23952 0.106177 7.07912
8001.01 8.43856 0.289758 8.64146 7.51899 0.0424717 6.10133
7927.35 27.5635 7.63278 17.1501 11.7447 0.0306566 6.44104
8180.2 23.9351 1.80081 9.49677 25.6226 0.000330783 5.34463
8079.24 15.4351 2.71092 26.3879 39.9158 0.0179707 7.92462
8185.4 15.4313 2.71092 12.6363 16.6192 0.0361535 6.04627
8008.7 29.625 33.603 9.59527 5.5533 0.0539513 7.52848
7957.97 18.0285 24.4202 5.09968 20.1541 0.0667402 7.29101
8065.52 21.0039 23.0072 7.89528 48.8818 0.104679 10.1795
8048.31 13.0657 17.5092 2.50948 29.0497 0.0869886 7.46021
7992.75 23.6669 8.5349 9.81995 5.39838 0.0710152 5.98592
7895.83 20.9461 12.6932 7.9657 38.8228 0.0246587 8.12576
7903.38 14.7762 2.59489 11.9376 26.2702 0.0012572 5.8551
7927.59 7.68368 2.59489 6.84577 16.1817 0.0012572 4.62931
8035.05 20.0268 10.0476 3.76352 12.5775 0.0376564 5.25202
8052.53 22.2549 31.0361 31.4989 5.61774 0.0340805 8.04922
7941.04 10.7223 36.994 3.66124 4.73518 0.0104889 5.82614
8102.12 8.8862 12.5964 19.2981 5.62996 0.025686 5.02098
8100.68 17.4679 11.362 2.10583 18.3259 0.00706607 4.66221
7949.69 5.32044 2.66465 13.479 20.3238 0.0028355 5.31031
8028.08 35.692 16.7747 5.6268 13.1054 0.0102289 5.75699
7942.92 56.17 5.74511 16.7765 13.0715 0.0140407 7.56475
8164.89 28.2508 11.5593 17.9527 4.52687 0.0187672 6.43525
8192 7.4314 9.84144 27.8426 0.492912 0.0328733 6.86989
8171.64 6.49669 3.78244 10.6362 5.40254 0.0875433 5.67301
8117.85 4.23054 19.9595 1.36258 3.25555 0.00441299 4.0573
7999.85 33.6298 32.5114 5.4087 2.07654 0.0350861 7.35076
7983.93 32.66 28.6309 25.7166 1.04089 0.000680972 6.64104
8047.75 10.4552 28.6309 3.44229 13.6028 0.000680972 4.10735
8088.18 21.6364 22.4695 15.2371 10.2922 0.00250079 4.97866
8258.45 27.4037 15.0873 14.1952 0.708593 0.0573077 9.27049
8057.1 27.8664 4.4659 38.6846 15.8568 0.196078 10.3472
8246 27.8751 18.8958 3.16148 4.24892 0.248409 10.6933
7842.27 78.3797 9.64307 5.80983 5.68681 0.064424 10.0342
7878.68 44.1804 14.4418 7.57088 4.39885 0.0940045 8.2542
8022.1 8.32712 7.23592 14.2527 0.310854 0.0984172 6.93766
8116.64 15.6709 9.58805 16.7457 8.14431 0.127491 6.8386
8117.6 9.82693 11.9928 45.001 17.4714 0.0257124 7.81541
8033.16 41.6819 14.6468 18.6015 19.2907 0.0046823 6.90934
7942.63 27.4627 17.4493 5.13207 21.6953 0.0441785 7.08259
7922.94 58.2048 0.430057 36.0652 17.2011 0.153261 12.8899
7973.97 49.1876 0.480034 30.6162 13.1374 0.136059 11.1258
8084.06 8.10443 24.8794 7.24092 19.0657 0.0759205 6.74748
8126.22 2.04424 14.0359 9.9705 10.9275 0.0164948 4.61297
8174.67 14.213 4.6527 7.44574 7.43744 0.0339512 4.96086
7832.97 99.1581 5.20813 14.7611 9.55189 0.0780462 12.587
8130.89 20.9984 25.106 8.09211 0.639089 0.0875232 7.82277
7945.7 20.1361 18.0504 19.1095 3.21334 0.0132931 5.75265
8039.16 21.7213 17.4795 3.89551 3.43662 0.140489 7.03573
8008.16 6.75159 46.8806 11.0132 14.0477 0.0677851 8.10617
8022.53 2.10402 17.5393 15.1832 14.0419 0.461212 10.7114
7987.14 13.7552 26.3496 14.3416 24.9911 0.0979737 8.32597
8145.52 38.3135 19.8273 4.8887 26.959 0.334979 12.5157
8151.91 31.5449 7.7307 6.14046 34.611 0.189698 10.3587
7960.32 61.8575 12.1823 9.93723 4.17144 0.101462 9.37758
7974.85 4.60591 29.1091 8.34522 8.26629 0.234041 8.62268
8038.49 10.9915 7.98188 18.3192 10.7342 0.0796178 6.16741
8057.19 16.8131 11.0364 8.12602 4.61331 0.0710357 5.50033
7993.56 54.5344 3.31118 8.99613 6.78246 0.00120631 5.77266
7908.44 32.9341 5.1884 11.1108 10.146 9.23256e-05 4.24583
8052.71 6.41818 17.5196 2.67035 10.1976 0.00432628 3.78994
7930.89 17.2994 7.60048 18.8834 9.08094 0.00402645 4.97176
8128.67 27.3912 24.0796 8.51264 13.6246 0.00787669 6.19114
7793.9 17.005 62.5611 10.2891 4.69401 0.0090987 9.56946
7980.22 51.7736 4.75947 17.8595 7.76411 0.0518781 8.0473
8025.74 0.992309 24.7721 27.612 15.1801 0.0701712 8.36227
8000.41 23.6102 6.60354 13.622 9.75564 0.0927828 6.61278
7778.01 18.1686 47.5729 3.91072 0.397422 0.00903093 9.54641
7974.7 14.4864 9.2802 3.58613 42.1794 0.0128849 6.92936
8062.99 14.3435 4.41512 11.4183 20.4603 0.087649 6.54644
8065.89 16.8521 5.37116 5.72303 27.2212 0.030446 5.87679
8059.48 13.7563 9.66472 25.6697 1.29584 0.183949 8.19359
7938.57 32.5086 10.958 3.32952 12.3624 0.0115132 5.45677
7828.67 23.3766 20.1861 18.7358 19.0762 0.00170118 7.16394
8019.93 31.9005 6.25748 15.3791 8.34813 0.00699626 5.02881
8089.27 34.2938 16.3867 63.5769 8.65673 0.00107493 9.41028
8019.98 27.9538 11.6116 22.3987 3.57278 0.00585989 5.30988
8154.69 8.96278 0.930699 14.5335 16.8075 0.00421488 4.72461
8245.75 10.2345 17.9242 14.5296 21.4312 0.20109 9.75447
8173.45 32.1757 20.534 14.2921 6.4839 0.0314356 7.78911
8147.72 46.4527 10.6997 14.4361 7.36308 0.161917 10.199
7976.17 33.5059 17.0976 14.6292 12.1122 0.0261395 6.55696
8071.62 6.88254 3.33425 1.45462 10.9421 0.0406575 5.01293
8070.8 6.88254 6.26383 4.43689 19.7841 0.017735 4.62397
7931.28 4.96273 6.38726 9.51319 1.35052 0.315884 9.42404
8066.42 32.1253 17.0521 14.1369 32.2269 0.0319799 8.23315
7982.02 14.8086 16.8413 21.5517 3.95039 0.0698795 6.772
7990.94 11.9594 7.8623 14.4043 18.0522 0.0111532 5.05758
7988.83 2.00007 28.6794 5.54912 18.6251 0.00350256 5.47285
8106.36 5.66282 33.3412 14.2696 15.7644 0.0165636 6.21611
8168.55 10.214 10.819 3.19359 8.90307 0.00807952 3.97304
8146.85 16.5707 7.24062 5.28763 5.27301 0.0289253 4.7186
8099.04 16.5418 4.3896 2.29557 45.0214 0.00735852 6.67559
8111.47 0.948595 5.19324 5.7614 69.978 0.00564338 8.93632
8201.3 5.03784 34.6772 2.81419 35.9471 0.00313778 7.49815
8094.97 26.3101 23.8496 2.49659 14.2292 0.0301947 6.67326
8053.68 50.9423 11.0719 3.82312 21.2069 0.000229392 6.35484
8042.95 6.25414 35.9509 17.4727 15.6298 0.000229392 5.07601
7881.87 43.8397 11.0414 13.7587 10.7005 0.000229392 5.37949
7885.24 8.80655 22.0276 24.6824 32.9437 0.000229392 7.48119
7960.13 10.0863 27.7902 13.3454 22.3923 0.0171329 6.67167
7960.62 3.6349 39.3862 1.48084 12.3846 0.129672 8.72623
8037.05 25.449 23.918 0.458936 10.6074 0.0773084 7.71695
8212.86 48.1735 6.89613 6.47325 10.0175 0.00972 8.54049
8158.47 33.1217 4.74268 47.8801 8.68398 0.00543797 8.53552
8139.43 29.6733 1.47362 5.29031 15.3134 0.24807 9.34394
8034.72 13.1713 3.74665 10.0072 2.96459 0.409498 9.26839
8034.72 17.9754 2.60648 18.5027 2.96459 0.392336 9.86714
7949.72 4.82468 15.7853 10.9851 4.75041 0.141543 7.30398
8094.67 1.76574 2.7416 14.5271 17.5508 0.206075 8.08226
8049.28 16.4209 15.9262 8.74199 52.9049 0.18045 10.7341
7897.22 15.4603 32.4693 8.27365 1.82925 0.00697265 6.07954
7947.11 10.3915 49.2012 3.1077 12.723 0.00493408 6.61243
8090.96 13.8839 33.7491 12.1536 12.6857 0.0018975 5.1981
8077.25 15.4391 13.9659 12.8805 11.8494 0.0569935 5.82589
8091.2 15.4391 1.96827 11.4359 11.8494 0.0569935 5.70806
8333.24 6.48799 18.6376 8.53503 23.5079 0.0410087 8.7508
8067 33.9463 23.3692 2.07274 1.06057 0.0616011 7.81767
8104.88 25.5421 50.824 4.03441 0.232105 0.416708 14.1818
7868.21 24.0119 31.7074 9.76637 3.83132 0.587414 14.4376
7855.11 44.0712 18.3542 6.29647 16.7912 0.030875 7.96035
8092.84 53.1556 0.314214 14.7256 26.3652 0.0218533 10.1175
7922.38 43.7837 10.8822 13.167 9.87469 0.0498427 7.43746
7832.63 35.1718 37.5547 22.0602 4.64588 0.0813736 10.3172
7983.41 33.3858 34.5227 7.94823 1.87809 0.0747856 8.3267
7805.01 17.4731 17.2075 12.5981 2.30515 0.0273597 7.84874
7981.98 9.03451 4.10584 34.7996 26.0206 0.022393 7.8207
8046.32 8.81444 9.68547 34.2102 0.363124 0.00575481 6.15727
8055.75 8.46597 15.7833 42.4293 6.5664 0.0640273 7.90118
8094.04 13.5994 8.29806 45.5929 8.26814 0.119862 8.86915
8073.64 11.0971 17.911 18.1433 2.29004 0.113672 6.91285
8082.16 17.2181 16.0288 14.2983 9.27855 0.0935454 6.58172
8098.55 18.0871 34.9198 10.8518 12.2851 0.0564415 7.49163
7981.98 4.87014 57.6137 12.4819 16.691 0.087095 9.61327
8102.41 17.58 23.5045 19.3165 18.9085 0.0422396 7.27407
7892.7 50.334 12.1117 3.82549 8.38106 0.00439339 6.08745
7922.32 17.4678 10.8381 1.30394 11.5225 0.00608556 5.00306
8109.78 5.39956 10.8687 5.82158 9.26619 0.152256 6.30963
8086.44 20.54 1.57051 9.14411 5.77077 0.145614 6.95315
8093.51 22.0286 6.42572 29.7603 0.819 0.119384 8.39062
8246.31 16.5348 17.0464 23.2646 19.9808 0.0109637 7.66152
8183.14 17.2431 6.412 1.75052 11.0557 0.144637 7.28574
7935.95 49.9044 7.19551 12.2161 7.69216 0.0392157 7.30249
8030.53 32.6713 6.07817 18.7789 15.7597 0.00746983 5.781
8066.69 5.23292 25.1211 26.9785 12.6284 0.04375 7.04482
8084 11.1126 18.1256 14.1321 19.8471 0.0143375 5.41119
8027.92 23.156 55.6872 11.1472 14.4006 0.0176571 8.62514
8077.21 15.8923 79.8331 14.9619 4.26597 0.251611 13.9602
8214.75 13.9756 12.0502 6.75745 6.03916 0.0859575 6.49615
8066.12 35.5622 11.2543 11.5896 3.28055 0.0482929 6.62876
8250.12 30.3292 8.49694 1.66494 3.97037 0.0703758 8.4786
8047.01 45.386 5.44972 7.76621 2.69678 0.0121786 6.05833
8033.4 29.7164 15.9385 3.06499 3.6954 0.0349233 5.82489
7882.41 26.3901 27.0907 5.06751 15.4298 0.0289487 7.27713
8075.66 4.74181 23.9257 59.8001 30.6601 0.016644 10.487
7965.24 26.9834 11.4745 20.0692 3.72959 0.0141674 5.68379
7937.08 33.5872 14.4815 10.2289 20.534 0.00474722 5.92656
7967.7 31.2779 21.3098 20.5911 14.0659 0.0165566 6.92609
8014.13 20.7898 14.9552 10.9779 6.03708 0.0325857 5.31673
8058.03 40.8506 29.8354 10.75 10.6009 0.0197843 7.86845
7991.12 25.2995 11.3759 1.84149 46.8519 0.0284228 8.38425
8045.76 1.34938 2.60405 5.44055 27.8492 0.0439824 6.71249
8068.99 2.55136 5.56368 1.83248 26.7409 0.0401312 6.19787
8125.97 5.32612 9.16352 7.14161 42.1069 0.0170547 6.54276
7902.45 23.0158 6.19954 18.0751 36.6076 0.00135416 7.03003
8156.04 7.38153 5.72427 18.7427 16.1729 0.0516115 6.03225
8063.86 2.65756 5.5625 15.4159 15.3063 0.116584 6.81142
8204.15 5.31996 18.1724 4.13981 18.4793 0.0304559 5.93991
8005.68 2.39398 10.1592 22.682 11.0144 0.0304559 6.09592
8050.89 28.8365 12.6619 25.8273 0.697629 0.0278306 7.16634
8051.76 2.55962 9.30799 19.638 14.4854 0.0183142 5.36892
7995.68 15.1134 28.8827 4.22296 7.39136 0.0175974 5.36549
8031.53 10.8699 0.5847 19.3354 16.6896 0.000547393 4.71169
7934.03 25.3427 6.59674 11.99 33.443 0.00273374 6.30341
7982.59 17.0274 14.325 12.4543 29.0401 0.0497608 7.25022
7778.64 27.8043 46.4574 13.6517 20.8623 0.02289 10.5194
8138.15 4.27623 26.9812 7.02352 36.377 0.0145543 7.06631
8286.15 16.2287 5.98366 9.41305 3.43293 0.0851978 7.60229
8062.54 22.3285 8.95017 9.23603 15.1055 0.0118715 4.78831
8033.76 21.036 17.553 5.88743 10.8934 0.00854876 4.57575
8016.88 1.89721 21.1433 31.691 25.4933 0.0166434 7.8858
8279.22 18.6525 1.86296 19.88 2.61146 0.00871801 6.80499
8239.17 9.74451 11.1729 21.7 7.0124 0.0050904 5.30141
8012.46 2.04677 17.1346 14.5412 2.2338 0.0050904 4.65514
8164.7 8.88741 8.81429 6.66711 6.21633 0.364607 8.57738
8220.92 11.2593 8.81429 6.66711 6.21633 0.365857 9.20911
8209.43 13.2147 13.1089 1.34963 39.0476 0.355172 11.9935
8065.41 29.9573 12.1228 13.7769 52.1983 0.153372 11.3457
8052.54 22.3612 24.678 6.82218 23.8099 0.0478041 7.26913
7938.58 44.3674 51.7243 14.015 28.9744 0.0595105 12.109
7899.96 50.3299 67.5189 8.80912 8.12248 0.00114434 10.2694
7997.61 11.0904 46.5495 28.3497 7.42331 0.00114434 6.83004
8001.88 3.83338 9.80252 14.1801 18.8191 0.0588283 6.44575
7982.74 21.4766 11.5325 0.655682 5.91949 0.0771557 6.58293
7969.52 10.4884 31.1811 56.6227 11.6105 0.00222951 8.72621
8288.22 13.0812 15.9041 23.3046 5.87249 0.0146698 7.33379
8092.06 5.7282 14.4164 11.9705 8.08165 0.0268608 4.67763
7991.17 10.8334 2.66841 8.43738 5.75862 0.0414015 5.15829
8013.31 33.1423 13.3481 13.738 3.12572 0.00115247 4.56795
8106.99 23.1576 13.447 25.4596 12.4958 0.207456 9.27041
7969.59 2.29708 21.4601 0.651591 12.9687 0.111209 7.93581
8090.78 2.59867 8.21235 4.74107 12.4622 0.100352 5.91361
8063.7 7.7331 3.24712 13.419 26.0424 0.091735 7.05915
8045.98 12.5201 0.470055 28.6499 7.56354 0.222241 9.31687
7985.13 8.59235 19.2558 18.3303 1.62814 0.0933775 7.09365
7957.86 11.6823 9.4601 0.73518 17.6926 0.0531678 6.64797
8112.78 21.3077 15.7011 12.8789 4.61818 0.00758252 4.75321
7973.87 2.98962 46.1703 11.8265 4.61818 0.0115714 6.68264
8047.19 8.22442 1.30187 3.78673 9.67557 0.0331926 4.92629
8214.05 8.51052 3.43854 17.5348 25.0741 0.0355264 6.79191
8061.6 16.4649 10.5359 1.75038 5.10619 0.00647339 3.83803
8045.58 16.7803 4.57445 7.01642 5.10619 0.0199899 4.25489
8057.77 20.909 12.5246 8.49181 4.06083 0.0364878 5.14473
8135.63 36.4735 11.7934 1.26271 13.0293 0.0138378 6.76077
8078.26 33.3992 34.3607 0.310177 12.0012 0.0126495 8.21795
7906.53 33.5935 35.7638 20.2789 12.1639 0.000124989 6.59554
8049.26 33.2093 2.73645 21.394 12.9814 0.0415559 7.10322
7843.12 44.7597 17.3404 12.5709 25.4427 0.0341214 9.08177
7976.72 52.7619 26.5815 7.83587 6.31547 0.0080543 7.46588
8300.95 14.4258 2.48057 2.74673 6.69222 0.0040148 5.55565
8368.74 8.412 18.865 8.10105 13.2666 0.0474666 9.12414
7955.88 14.2102 13.886 8.11211 3.57585 0.0270243 5.13365
7928.47 25.1884 14.0193 9.7268 31.602 0.0212391 7.28169
8131.33 15.2294 0.735479 4.69878 29.9404 0.34184 10.5495
8125.45 10.4406 21.7947 4.9294 20.7017 0.158944 7.91103
8148.93 7.50783 7.86406 2.64171 20.5879 0.0573863 5.83981
8139.68 4.46456 18.5066 10.1904 1.28051 0.131566 6.91258
8203.05 2.50287 34.7029 35.6636 38.709 0.0257345 10.9507
8276.31 1.45902 10.3788 15.8849 32.8434 0.0485717 8.58364
8184.09 0.501713 7.98704 6.34553 10.3616 0.06438 6.11972
8044.77 7.49451 5.33949 6.32626 9.47759 0.0994806 5.68475
8309.71 2.54318 10.8458 13.9174 8.42107 0.127267 8.30098
8131.38 20.6258 16.7541 34.7935 10.471 0.0297085 7.60828
8255.85 13.8076 16.1894 5.42901 3.89876 0.132049 7.94639
8130.51 4.88794 9.09973 5.42901 3.89876 0.0737749 5.15516
8083.94 18.7447 13.2513 10.5764 33.3465 0.0791024 7.85808
7914.28 24.2994 33.779 34.752 19.9671 0.0560497 10.2176
7981.57 38.385 21.1202 13.3542 26.8297 0.00146792 6.76568
7857.47 17.4359 28.2901 12.0595 16.7129 0.0210093 7.59499
8094.84 22.0571 11.9807 6.23756 26.1109 0.0303407 6.34067
8225.42 23.6363 5.62128 10.4866 17.3942 0.0348277 7.09503
8042.44 22.2191 4.77023 2.02942 1.04919 0.0516206 5.81276
8054.24 33.7385 4.77023 18.7909 1.19277 0.0197411 6.30304
8017.64 62.7021 11.3801 22.4798 2.11827 0.0151292 9.01058
7959.91 47.0206 14.9769 12.8272 10.6018 0.0216395 7.08091
7945.06 58.1859 3.2481 0.633696 14.3018 0.00397969 7.27225
8074.21 11.0741 16.2962 6.8404 15.3216 0.00735641 4.25128
8262.31 3.50497 10.5718 9.33315 11.9348 0.0104037 5.1132
7869.82 4.66261 31.6604 10.8409 15.2676 0.00381097 6.80183
8005.63 9.7753 23.1056 7.83723 13.0208 0.00668391 4.62461
7984.36 3.32251 10.9044 13.1953 9.10643 0.00164694 3.98783
8028.44 5.82736 9.98226 9.61043 11.1635 0.0141096 4.28027
8094.21 38.9087 8.18018 20.1787 11.4417 0.0804074 8.29457
8071.75 4.63757 7.29423 6.45325 27.3714 0.140651 7.40192
7921.31 11.259 7.53064 43.7726 39.5194 0.111039 11.8433
8060.98 6.39474 54.5147 22.2379 14.5547 0.179552 10.9552
8015.57 42.4525 19.47 26.5321 11.9967 0.0694674 9.21491
8212.68 56.2894 21.1265 40.177 8.29714 0.0538976 14.5338
8044.65 9.15259 5.76574 16.4206 31.0334 5.69792e-05 4.40132
8067.39 5.33331 15.1212 6.33299 30.9513 0.0807349 7.16139
7831.56 23.7025 15.2081 16.9068 6.56291 0.22951 10.3859
8099.32 10.617 12.245 22.2086 8.07237 0.230244 8.15996
8121.54 11.105 35.1613 10.0224 10.6916 0.0449325 6.82984
8045.64 5.07803 7.52138 15.2009 12.2241 0.0306629 5.08763
8131.23 8.82568 11.0668 31.7417 12.8896 0.0398745 6.68519
7973.24 20.8507 9.27234 33.3589 21.1377 0.245211 10.6094
8234.67 3.2863 6.34341 9.53283 17.674 0.448246 10.6106
8052.08 3.04366 30.2421 9.77176 13.2288 0.332878 9.7025
7937.09 6.98677 9.79976 7.23566 11.9784 0.288654 8.85724
8021.91 5.28462 12.7765 11.0346 20.967 0.120283 7.15749
8101.68 8.40922 9.06919 23.3911 3.11958 0.240436 8.14022
7953.13 22.9746 58.5966 33.0398 23.5668 0.207864 13.9336
8046.74 16.6685 21.4712 9.85927 29.8369 0.0883348 7.98844
8019.44 4.97515 16.2386 6.99116 17.0358 0.134735 7.0445
8111.49 12.7227 0.664305 11.1086 1.42105 0.0433297 5.78063
8057.71 13.6968 37.03 53.5524 6.8992 0.00172361 8.44649
8071.64 18.2446 26.1853 29.8473 2.61869 0.0347778 7.41688
8053.75 23.2265 20.7948 3.01704 6.54115 0.0774752 6.52671
7963.02 32.677 17.4535 13.7391 9.4652 0.00192101 5.06772
8024.21 24.6202 24.8685 11.1806 6.65578 0.0357121 6.24136
7982.55 13.5909 35.8487 6.4518 3.947 0.160468 8.18784
8030.07 19.066 36.9471 16.2888 10.6098 0.121518 8.67873
8162.25 19.5761 11.9869 7.94927 9.90844 0.35372 9.44787
8018.26 3.68292 16.6652 12.5887 7.11806 0.241443 7.95681
7970.57 11.8837 14.1938 17.6395 38.4878 0.0452002 8.27219
8029.38 11.0789 15.9941 15.4138 13.5322 0.0246009 5.35721
7953.2 9.46137 11.8436 18.8365 16.1646 0.0139022 5.78633
8074.49 13.0993 4.71546 4.48621 10.2488 0.0236028 4.32282
8066.88 12.7072 27.5928 5.69535 42.9694 0.0590525 8.75095
7942.75 5.75597 76.0221 2.30449 31.0392 0.00334468 10.1118
7915.34 45.8109 1.11219 1.50984 7.18549 0.0611453 7.9829
7983.62 27.9467 7.8468 4.34396 7.91535 0.098333 6.57863
8012.59 11.8694 16.5297 36.2907 4.68085 0.102473 8.15348
7994.33 15.6023 70.0438 39.0427 0.317736 0.0103714 11.7264
8051.81 10.6515 5.5682 7.68608 3.43983 0.123621 5.94455
8125.09 6.1828 8.34963 5.10774 4.90196 0.121174 5.75745
8051.05 7.34882 10.1353 7.43539 3.20338 0.0900978 5.51786
8104.33 10.7397 10.4098 19.7217 15.0441 0.0176027 5.20958
8100.71 20.681 0.884806 6.18416 36.8125 0.0213409 7.20715
8063.52 20.7189 8.71114 6.47385 7.43805 0.18716 7.12092
8159.17 6.29562 1.00404 1.51611 12.5043 0.130712 6.95969
7987.74 28.0624 7.04165 1.24826 17.842 0.015905 5.73129
7920.98 5.0863 6.8755 1.26671 4.74373 0.00126328 4.40244
8312.03 5.16407 37.6559 6.21004 4.19217 0.317244 12.409
7864.6 18.8621 27.1454 16.8235 4.95555 0.275065 10.6596
8099.38 7.47847 20.4844 10.8047 7.36216 0.00787252 4.20617
8018.76 1.27385 33.8059 18.0686 7.36611 0.00228915 5.63058
8112.05 0.578451 30.2312 12.5463 4.95524 0.00228915 5.17106
8018.05 0.578451 43.0841 18.4993 4.95524 0.00228915 6.62641
7966.84 34.6436 4.35637 13.3348 13.6425 0.00228915 5.02534
7951.79 16.6724 9.5083 4.6661 6.16137 0.084755 6.14945
7840.27 22.7109 15.2723 8.41928 1.2189 0.00379461 6.01724
8194.32 24.1801 2.34995 4.41276 26.5354 0.00379461 6.09204
8176.47 1.65617 2.26226 27.2575 12.2493 0.00379461 5.32387
8191.67 7.9672 7.88123 40.3972 11.8037 0.0183846 6.99988
8013.47 8.1909 16.4784 21.8002 24.774 0.035988 7.00001
7968.35 5.36073 44.1135 29.0287 23.3619 0.0581975 9.92602
7855.08 10.7539 31.412 39.4686 27.7863 0.25509 13.6568
8076.06 10.8477 4.12264 0.246834 16.7767 0.0636968 6.59147
8154.87 5.33621 29.0286 12.2958 5.29873 0.106606 7.25972
8087.95 22.0103 39.39 23.2003 2.59419 0.0360424 8.37997
7947.24 20.4037 38.6365 34.5424 1.12879 0.000643096 7.47752
7926.88 12.7723 28.7861 2.24143 12.8841 0.000643096 4.87864
7957.82 4.67027 28.8014 23.3045 15.6335 0.0051394 6.46405
8016.72 5.75813 27.6228 19.3607 9.18733 0.0667117 6.96855
7930.26 3.22896 32.1366 37.9076 44.435 0.0437413 11.9288
8067.21 0.304282 7.93514 6.9087 19.0515 0.0836541 7.12905
7929.32 4.06981 0.870973 17.2699 56.7972 0.0889089 11.8365
7977.64 13.0665 24.7534 10.5657 19.1142 0.1185 7.86465
7878.44 24.4983 7.64285 6.76053 21.1057 0.106843 8.39874
8028.78 21.6591 11.4346 21.9969 3.45641 0.0143506 5.3657
8132.31 14.0864 13.1549 17.1271 6.57768 0.00586277 4.39754
7967.66 13.0121 18.1127 38.9805 15.8033 0.154934 9.86523
8085.59 12.9974 15.9381 41.0257 9.47232 0.0219715 7.12007
8140.04 11.7433 3.0561 3.83706 8.75992 0.000810278 2.94984
7928.68 10.8356 51.0247 9.84135 6.38256 0.00453209 6.66786
7867.6 32.2928 48.7881 10.5689 17.342 0.00999174 8.78918
8017.92 45.8978 23.3749 25.3975 33.4044 0.002757 9.32699
7972.36 18.1799 21.1641 24.2451 5.10975 0.011917 5.95508
7986.34 1.40029 3.83184 17.7035 13.7904 0.00809514 5.55329
7961.22 22.3364 17.8943 8.05504 12.1181 0.00371269 4.65737
7875.34 43.9409 11.9063 10.5836 11.0211 0.461065 12.9638
8233.77 12.7632 3.88584 6.90541 1.68512 0.317628 9.10435
8269.48 3.95343 3.76363 8.05552 4.07781 0.184276 7.6751
8042.67 18.7538 1.06351 12.4341 12.3113 0.0477836 6.03293
8176.53 28.3836 14.0003 24.3105 6.03507 0.0908614 8.68595
8064.47 18.7159 14.0889 37.212 17.0651 0.19569 9.98922
7999.73 54.1488 11.7163 11.6952 41.9477 0.0912313 11.3363
7949.82 39.6184 24.3849 1.35179 23.3496 0.189602 10.6674
8008.3 2.09607 8.99933 18.1174 5.93244 0.26231 8.46701
7962.82 39.9324 4.76269 26.425 11.0164 0.24203 10.4726
7973.89 19.6657 56.016 104.157 4.30692 0.0590587 17.0816
8276.6 32.7824 3.98667 15.2676 5.71152 0.06091 9.2895
8215.29 0.351494 5.30763 15.7093 5.33399 0.0633499 6.75285
8023.92 27.9323 33.2856 7.67621 0.756946 0.0466169 7.69645
7870.51 9.51248 10.8546 9.01764 40.1916 0.0115513 8.20126
8094.42 6.04784 43.2205 9.1211 3.39906 0.0250187 6.50875
8165.05 14.3526 35.1974 16.0651 2.20142 0.00236337 6.07391
7975.68 65.0646 3.20183 34.1272 45.3407 0.0573443 13.5638
8251.82 8.5306 21.0066 43.2431 53.4765 0.0845926 13.6555
8172.72 19.4276 20.541 22.8736 45.1809 0.099302 11.1854
8101.12 7.94539 16.0125 1.97307 6.78837 0.115105 6.18145
8081 2.69827 23.7524 2.05626 10.5797 0.109856 6.82764
8170.17 27.3631 18.6729 9.03754 43.7488 0.0118185 8.88165
8208.76 1.74792 9.98698 8.02722 20.7098 0.0183481 5.54039
8103.25 17.9304 8.9414 34.6878 11.4177 0.00982538 6.16575
7987.65 11.3484 13.192 15.5741 11.0945 0.0270362 5.40624
8090.51 3.49369 7.57655 8.54605 10.2669 0.0401639 4.77733
7911.15 17.6606 17.439 15.9113 3.04282 0.246576 9.29349
7939.09 14.112 8.08054 5.10209 1.70986 0.352495 9.4996
8001.26 12.6821 5.16152 31.5455 16.6355 0.00652098 5.9519
8029.37 14.7522 5.08434 21.6937 21.4671 0.0239315 6.15891
8097.8 13.1979 27.3316 11.5871 8.0669 0.0432246 6.11376
8191.13 8.77815 10.7482 22.1837 15.0914 0.0379339 6.37782
8191.13 20.7598 9.26183 9.04147 9.25646 0.0379339 5.985
8184.12 13.3892 13.6738 31.8976 8.77242 0.0154572 6.53021
8124.98 1.91773 4.20305 28.9673 17.712 0.0175337 6.24864
7950.77 33.404 28.6281 4.42429 2.97903 0.0047694 5.78715
7956.13 43.8107 20.4443 5.23206 10.3555 0.0206507 6.82983
8112.65 7.47973 7.25424 7.45594 9.3717 0.0651321 5.08385
8172.5 14.7203 2.76366 19.3438 8.77368 0.0321036 5.7753
8132.25 29.5565 25.414 11.6639 19.0376 0.0104504 7.23813
8127.33 12.4636 12.6852 29.0145 1.1627 0.00122773 4.94884
8031.68 21.5054 2.28413 15.3298 31.9735 0.00154489 5.69685
8169.53 11.5582 3.65689 20.9486 16.8237 0.0137764 5.52159
8187.05 25.4248 15.2808 45.3297 14.9872 0.00556498 8.74964
7991.31 5.03337 3.52596 30.8058 15.2177 0.00312278 5.74452
7850.35 25.4885 4.85912 39.6805 20.9979 0.00287927 8.5688
8056.19 33.4081 2.32618 16.1844 16.05 0.00427423 5.61937
8229.59 21.0232 14.2847 11.0291 18.2763 0.07255 8.15695
7957.74 11.9301 21.182 9.82127 18.6151 0.146021 8.05845
8074.98 10.4745 42.8393 2.05117 20.0463 0.0820882 8.48734
8098.29 6.04575 9.53034 11.7967 32.9994 0.0407859 6.59206
8103.83 8.70848 9.26436 18.6093 40.5745 0.14408 9.23468
8111.9 33.0283 15.025 27.1841 27.4193 0.040001 9.26358
8115.38 47.1025 6.18686 11.3419 7.90173 0.0825362 8.54172
7874.78 26.0537 27.3297 7.70042 13.1474 0.00372233 6.12909
7820.67 11.9288 10.4587 18.6261 11.8446 0.00044167 6.33448
8107.31 18.184 6.29499 2.66351 9.83359 0.0166791 4.44037
7815.27 26.6306 7.3932 14.1052 5.99153 0.00779096 6.64912
8029.71 20.8257 6.60998 18.8624 10.9967 0.00265339 4.35336
8000.91 7.56254 30.9344 22.8471 22.0094 9.50746e-06 5.32141
8040.75 26.6823 4.03028 14.6617 8.04033 0.0015503 4.08835
8165.29 21.1037 16.3808 12.4851 14.228 0.00277046 5.17807
8102.95 13.9169 11.4982 6.46033 27.7013 0.00450275 4.8831
7984.93 9.8727 41.5307 9.85788 10.8847 0.00764581 5.99628
8040.62 4.94753 10.6338 12.4627 35.0635 0.00940874 6.01191
8148.11 35.2084 20.4374 0.64104 11.9206 0.00154915 6.71976
8025.02 0.606304 39.218 23.8425 36.1722 0.000134266 8.16141
8197.77 6.7155 21.4846 1.05244 36.4095 0.0055215 6.97533
7999.51 14.9076 29.0922 17.4666 21.062 0.0014974 5.72718
7985.38 10.4532 44.3851 1.01901 11.1728 0.00215533 5.98157
8090.81 18.5164 13.6346 22.9013 12.4423 0.322493 9.82127
8034.01 2.53024 25.6872 15.0613 19.8986 0.0521749 7.10696
7975.3 11.3137 7.6272 1.02254 35.417 0.00178618 5.80294
7909.87 5.44884 33.0791 19.3499 35.417 0.0135297 8.96238
8088.82 4.10434 33.1598 26.3486 11.885 0.00725997 6.38801
8083.1 6.57455 79.6667 10.2535 9.53395 0.0228879 10.0479
8086.61 32.4615 46.8618 4.17794 8.85619 0.0154054 8.45647
8036.67 16.93 24.5273 14.222 33.9928 0.00660269 6.81092
8061.39 6.8875 24.0796 12.1884 10.2975 0.0138665 4.92636
7922.17 21.3769 17.1608 21.7871 3.36072 0.0525304 7.20297
8132.09 17.7717 13.3947 35.4933 22.96 0.0142973 7.59784
7965.53 29.6196 4.85165 14.0842 13.9113 0.0100766 5.4546
8073.07 25.4189 1.47056 15.9988 17.6037 0.048952 6.87358
8011.42 40.8005 11.4335 11.7818 11.9304 0.322812 10.4461
8093.29 27.0235 14.0929 10.1836 6.39508 0.284943 8.99723
8025.88 43.4557 16.6892 22.3026 3.61958 0.0912995 8.90647
8040.65 37.7584 28.4282 31.8775 11.496 0.0939547 10.3976
8031.98 21.7642 15.6103 0.286988 17.1388 0.0978617 7.89437
8039.24 19.0364 22.0424 10.0771 6.95574 0.0480725 5.92941
7815.52 23.5476 5.96294 5.85169 12.1088 0.027916 7.35106
7815.52 23.5476 5.96294 5.85169 2.9335 0.027916 7.1427
7970.76 42.2625 3.93717 58.556 17.178 0.0367937 11.0272
7921.55 14.2731 32.669 22.5354 18.2896 0.00963809 7.38569
7919.19 26.9689 34.837 35.0691 9.90369 0.0924749 10.3244
7917.93 6.9933 63.5863 6.34873 51.3702 0.243922 14.7161
7956.29 9.05852 32.6687 12.1043 22.1513 0.178805 9.41357
8004.49 35.4336 6.97135 14.0207 28.0624 0.0161963 7.01486
8175.06 23.8208 14.7395 18.1449 49.198 0.0326627 10.0157
8043.93 17.0391 22.5139 15.6697 0.962537 0.0498875 6.61341
7895.19 7.58631 33.6228 18.7054 11.4239 0.0023164 6.45093
7892.22 8.93542 42.3354 15.6915 2.74369 0.0023164 6.61622
8009.83 2.2343 20.149 15.5946 4.6859 0.0238627 5.57433
8115.14 37.4778 9.7919 4.7287 10.1933 0.0267843 6.49095
8020.72 2.12344 48.4191 5.10112 9.45498 0.307374 10.6143
8026.13 22.4161 1.19623 14.3151 3.62603 0.0583615 6.25945
8021.33 10.8493 4.7732 28.0039 5.03054 0.00156243 4.42258
7715.08 81.1349 22.3491 15.8293 8.5643 6.10755e-05 9.51324
7907.22 59.2219 7.33665 19.4934 0.213176 0.0708416 10.2173
8024.6 6.15953 7.23922 19.4363 1.15839 0.208116 7.96493
8031.06 7.06586 7.07252 22.1522 2.08812 0.155635 7.35509
8094.9 27.9139 1.28902 29.2845 2.47438 0.0566089 7.80678
8183.42 13.5862 5.01878 32.0244 2.25497 0.263167 9.73695
8190.48 61.2702 10.4489 76.7509 20.0698 0.0993756 18.5517
8082.3 3.81333 6.71292 39.5723 1.94464 0.0162812 6.4183
8035.22 10.3602 12.9477 30.9404 0.118724 0.0458331 7.91162
8100.24 14.9263 22.0907 25.6675 10.7986 0.0188452 6.32716
8123.36 21.9387 12.8227 22.6164 12.4186 0.028694 6.48628
7928.14 16.1618 14.1823 11.9939 5.02445 0.0637548 6.40592
8208.66 16.4346 35.633 9.94916 22.4977 0.0117868 8.07661
8127.96 0.632029 5.47818 19.2445 1.45659 0.00911145 5.16804
8111.51 21.5261 14.3785 13.9515 11.9762 0.0107146 5.18308
8123.39 13.3299 2.29162 58.6227 27.4117 0.0546105 10.5886
8200.37 2.68744 37.7053 15.5734 32.0643 0.175945 11.3523
8028.05 5.33834 55.7618 11.5855 4.9114 0.0928149 8.81938
8121.94 26.8952 31.858 8.874 20.2897 0.0200887 7.77883
8152.48 4.18024 22.863 4.50776 9.53785 0.0118983 4.68033
8093.69 42.3665 6.95648 7.7161 22.188 0.0597439 8.23469
8093.96 19.0667 41.8906 12.4007 34.7777 0.18402 11.6655
7944.58 11.8542 33.1255 0.198916 40.002 0.103654 11.0846
8125.34 12.1146 39.233 1.07681 28.3167 0.0252674 8.29292
8044.97 12.2487 29.4129 8.17825 13.208 0.00676633 5.01857
8074.5 20.0862 13.5657 11.0797 10.4157 0.0736031 6.16638
7992.13 13.0322 19.8007 8.341 4.67885 0.0243088 5.01474
8012.73 32.8716 32.6142 5.28677 8.55743 0.0561297 7.70198
8160.85 11.9815 54.5363 3.09076 25.2639 0.24184 12.5672
7980.64 11.9815 29.6563 1.39141 9.06303 0.144029 7.91851
8276.55 6.12056 25.6661 13.7922 0.571682 0.00258303 6.55428
8104.74 25.4037 31.5607 7.0137 12.9844 0.0100592 6.46045
8217.04 9.07027 33.7136 8.47659 16.8534 0.00896195 6.73766
8165.81 2.63688 12.2254 26.0236 2.17465 0.00781488 5.23188
8162.68 3.4162 13.8778 24.4031 13.6104 0.0351796 6.29862
8120.9 8.78586 12.623 9.85016 35.4135 0.0287729 6.60279
8175.28 34.0538 8.21539 17.0601 32.5493 0.140673 10.7916
8360.92 4.6451 23.2031 23.5254 47.4535 0.355756 16.9157
8147.66 11.8186 25.145 10.2925 21.4034 0.11585 8.08305
8104.36 14.5773 28.119 6.40964 17.6011 0.104396 7.62833
8032.07 21.9827 5.95431 25.0085 3.94248 0.0797742 6.93086
8026.57 11.186 26.1877 22.9518 13.8715 0.0390442 6.90275
7984.39 14.7222 18.9388 21.762 8.50836 0.00482025 5.10693
8105.33 7.26814 15.5047 17.9095 4.56808 0.0141731 4.64772
8067.74 12.8227 22.2429 33.552 19.4969 0.00263307 6.43014
8157.22 5.47022 3.74238 14.9694 50.9034 0.0263627 8.11797
8013.3 2.34694 9.9676 8.97688 9.48861 0.000460735 3.2919
8177.52 15.7051 12.8019 6.53374 7.27223 0.0817413 6.22976
8021.14 6.43465 8.33905 12.128 1.53473 0.00742169 4.09816
7975.82 9.59885 13.446 5.07218 3.75322 0.0300474 4.91215
7935.68 39.2357 2.09866 16.124 9.87271 0.0118802 6.30493
8142.55 3.77791 33.5432 13.8877 19.6302 0.0306411 7.11719
7971.6 11.8359 60.2257 35.2047 20.891 0.00100127 9.43393
8133.28 8.22597 21.3435 3.67943 9.42863 0.00121638 3.6098
7995.72 13.044 19.7549 36.9416 26.6209 0.0345321 8.68492
8101.86 10.4623 18.5308 19.3617 44.005 0.0415308 8.6054
7996.05 14.8455 22.4317 15.1494 5.75733 0.0177602 5.36259
7994.23 26.6863 17.1964 17.1823 18.3013 0.0643488 7.51579
7831.38 37.8514 3.92506 19.7851 8.20354 0.0518154 8.48704
8195.72 30.5358 8.16713 11.6596 16.8263 0.166209 9.37276
7931.94 18.4856 50.488 20.7415 8.19537 0.179176 10.7917
8278.48 1.3036 23.8303 17.9307 41.2817 0.104314 11.4469
8027.91 36.4109 2.64546 1.9847 37.2982 0.132535 9.9022
8207 5.77732 9.37765 25.0637 26.7666 0.274779 10.4504
8100.37 2.18895 10.5843 24.6784 24.4769 0.249496 9.60841
7983.41 23.7865 7.93268 1.47908 27.2139 0.00694702 5.76863
8165.62 8.2746 7.47343 18.4303 19.5642 0.0227193 5.67452
8033.45 11.8193 7.20556 28.069 26.7711 0.00511221 6.12886
8157.9 2.90278 8.94914 16.0672 7.58376 0.00772117 4.19079
8283.76 15.9262 10.0232 8.41782 17.0796 0.0194913 6.90247
8075.31 54.5701 17.6936 4.69526 41.7748 0.142471 12.7105
8037.57 10.288 29.469 18.5008 20.1699 0.0403598 7.21473
8003.51 2.47599 29.3163 2.62538 45.2092 0.165402 10.7492
7983.49 21.623 25.2958 7.31937 48.9104 0.0127966 8.49994
7985.53 41.7196 6.98034 5.65804 9.85935 0.0879958 7.34226
7975.27 5.73522 3.42153 4.47129 55.4109 0.0716003 9.63996
7899.23 1.96634 3.22486 4.04288 43.4701 0.00482154 8.28157
8089.94 1.38052 27.0083 0.148128 10.266 0.0550447 7.55757
8143.95 6.08092 51.8934 3.72853 14.1606 0.178789 10.242
8134.43 1.33725 24.4337 29.1115 14.1976 0.137818 9.11893
8053.98 17.6461 9.75727 4.99537 27.3001 0.0614727 6.64588
8157.29 10.4594 1.45094 2.5629 41.8444 0.0538678 7.96937
7880.86 27.3444 16.3921 28.7972 31.9001 0.0975257 10.7988
7954.12 29.085 8.01957 15.3013 34.8653 0.114617 9.41543
7891.99 20.8485 1.24973 1.08329 8.7204 0.188661 9.28948
8119.12 14.451 25.6573 1.52868 2.96006 0.050041 6.30548
8073.1 20.59 34.7271 3.17635 14.3449 0.194462 9.29712
7845.12 24.1662 9.64222 4.67681 9.75263 0.0230219 6.52008
8159.15 30.6435 27.5332 6.49394 7.71799 0.0238756 7.48775
8039.91 12.6479 7.99089 15.2195 22.0945 0.0818046 6.79883
8051.37 43.4887 16.2318 7.63069 5.37551 0.0619658 7.60599
7990.04 8.42575 26.7743 9.12615 4.24481 0.0809076 6.5211
8042.94 10.5962 23.2484 6.34501 5.38833 0.0345078 5.17279
7990.45 5.32885 16.7237 3.56335 13.4893 0.0662252 6.08712
8062.08 9.98091 5.14908 3.7368 14.216 0.100007 5.93686
8126.44 9.06513 24.9506 1.79376 17.8304 0.0163817 5.6633
8051.58 13.279 12.8388 4.53324 0.519698 0.0630922 5.91535
8333.58 11.0594 10.5965 4.58316 3.04291 0.000442993 5.35273
8118.14 13.7956 13.6726 5.89035 3.31826 0.00214281 3.37866
8150.94 12.5737 28.3955 24.4431 4.31483 0.00196454 5.64825
7860.37 17.6094 20.1892 10.3981 9.47563 0.0132845 6.34631
8310.42 16.5388 12.1887 5.65489 29.0805 0.00053708 7.08187
8294.84 6.0308 3.43735 2.71658 48.1163 0.0056039 8.03548
8080.43 13.5593 42.674 5.1119 7.85759 0.110406 8.1562
8050.8 0.410488 58.669 11.2087 12.629 0.0993446 10.3022
8137.74 11.4845 13.1923 10.0256 10.7704 0.052805 5.48641
8065.94 42.5077 12.8379 9.40699 5.69114 0.0888245 7.87555
8062.83 24.4816 3.51599 3.52082 19.3245 0.0255303 5.62336
8008.99 12.9091 40.4811 20.3658 9.81246 0.0268787 7.30211
8012.55 13.633 34.5633 0.99092 9.57411 0.140918 8.29214
8228.86 9.19747 12.1492 0.331815 5.46275 0.0572167 6.72954
7953.6 7.70897 1.0726 4.25594 9.86125 0.0326782 5.81049
7834.97 7.81954 42.2783 40.7767 19.1473 0.132583 12.9149
8007.81 18.7135 16.3756 7.80523 39.5636 0.0618347 8.18306
8136.84 29.1033 6.03458 15.5384 15.9527 0.0154623 6.20844
8154.94 13.7096 10.5895 19.9377 11.8627 0.0341062 5.89506
7926 15.685 19.1221 20.4609 3.18671 0.0305118 6.55162
8086.95 8.18103 34.5172 20.4695 2.66029 0.022161 6.50168
8034.44 2.75705 11.9349 19.4654 25.9747 0.0562476 7.24736
7930.71 7.94054 8.22198 45.1226 17.0354 0.0114356 8.16719
7916.92 13.902 4.24278 6.17823 24.6456 0.171231 8.84866
8258.47 7.85326 19.3711 8.10987 4.50215 0.0287439 6.14016
7923.37 3.7787 2.12076 4.8653 5.09656 0.0242338 5.82931
7935.41 29.1616 30.8521 9.62176 0.62293 0.0386908 7.71443
8071 9.14649 23.7541 8.50071 15.9572 0.0449292 5.96058
8326.88 8.45017 13.6322 1.50146 31.1027 0.0927376 10.0146
8103.4 2.38461 41.3299 4.50059 28.0098 0.0668248 8.68802
7940.62 13.6489 38.2419 5.23649 31.812 0.305872 11.7862
8055.37 29.8102 44.0179 4.39384 8.96977 0.171538 10.197
7999.06 5.8929 32.0788 14.3924 3.33008 0.135816 7.84237
8074.42 10.9637 24.0161 26.8243 3.96148 0.301302 9.84442
8004.03 14.9908 4.84663 10.5392 42.9358 0.112242 8.94131
8070.65 6.49416 16.9159 10.2037 28.1725 0.0242087 6.02538
8161.18 8.27748 21.4105 12.9879 5.96203 0.088493 6.58994
7967.03 23.2652 17.755 20.2993 26.793 0.000637499 5.94833
7981.35 22.1964 14.3719 1.31408 34.0267 0.0466328 7.83364
7756.64 40.2587 2.6222 5.19749 8.84717 0.00540185 7.63563
7701.47 27.0368 11.9191 8.24386 14.4802 0.0116268 9.60264
8010.34 54.7274 30.1872 9.22361 25.307 0.0171236 9.87449
8017.39 38.9209 30.8146 17.2498 9.04627 0.000867085 6.53031
7997.43 14.3861 22.0872 5.69539 7.98712 2.05732e-05 3.05162
8149.33 18.5945 7.36369 23.0125 8.26455 0.0481397 6.43097
7676.58 6.0633 44.9123 17.1465 3.42736 0.090406 13.9585
8027.92 0.814438 56.8117 37.6475 5.81738 0.333816 13.9645
8051.24 25.064 34.4738 21.0795 38.8267 0.169929 12.0474
7913.59 37.6175 26.3323 24.1297 29.9943 0.179072 12.0176
7882.33 10.2514 19.1256 26.756 45.0348 0.0950605 11.5836
7835.66 90.22 43.6834 32.2466 36.725 0.101275 18.4229
8143.64 23.9461 29.1356 30.9084 2.72203 0.175837 10.7638
7918.46 54.1164 36.2184 26.044 6.5234 0.120837 11.8485
7867.09 53.7955 9.59073 36.4385 9.58673 0.15089 11.6559
8086.58 39.5562 6.74254 49.0647 3.49325 0.25786 12.5045
8060.06 38.562 8.18912 19.6559 2.95071 0.218902 9.48819
8079.95 16.0349 14.1256 75.102 5.33636 0.128798 11.9216
8028.99 2.43125 32.0911 9.52962 11.5309 0.00312765 4.98558
7859.51 5.78757 33.0576 1.95628 29.8363 0.0380961 9.37319
8000 2.72028 34.8398 39.1406 2.20844 0.000898302 7.04447
7827.32 15.8376 16.9867 9.92364 15.8142 0.109567 9.11969
7872.72 43.4551 20.356 14.5959 6.42694 0.0619242 8.40749
8142.54 11.3846 37.4498 11.0646 4.24455 0.0376393 6.91883
7876.72 26.9589 6.17477 6.33315 1.64671 0.0511413 6.87577
7857.39 33.6393 16.5109 4.92913 24.4519 0.0799584 8.98173
7927.29 6.9216 14.8218 10.4212 9.98326 0.0180356 5.49499
8216.46 3.79484 1.34848 35.5 3.46159 0.0416331 7.41304
7975.78 33.4085 4.85374 11.0828 14.7371 0.119251 7.76399
8114.26 38.6168 13.0901 21.0023 25.4295 0.00759938 7.99603
8083.49 7.58069 9.29457 0.724327 23.8553 0.0990556 7.11568
8203.18 22.8479 9.72439 7.10455 4.34018 0.0653034 6.69569
8085.23 10.0029 0.668136 18.9042 16.391 0.0205404 5.87137
7954.6 13.531 6.58382 2.52019 17.0872 0.0577247 6.28005
8096.94 38.4784 5.12925 21.99 12.6672 0.268719 10.529
8056.35 2.53435 20.859 14.9862 17.0675 0.0310901 6.08022
8185.44 4.95481 2.48511 19.2159 2.28506 0.00566932 4.47421
8158.82 17.1382 7.25406 12.8422 16.8117 0.0015914 4.31131
8117.01 13.8413 3.33668 7.61693 9.52243 0.00690962 3.75886
8068.6 23.5055 9.09422 4.58325 2.98889 0.00804056 4.15744
7951.7 38.5209 5.32362 14.2124 33.6841 0.00173685 6.80726
8094.31 0.852231 18.3442 22.8365 17.4888 0.00198072 5.50512
8250.17 2.85409 14.9077 28.0711 15.929 3.52236e-06 5.11114
8170.57 2.85409 14.9077 22.3978 32.4412 3.52236e-06 5.2067
7999.36 7.10435 12.7205 25.3434 7.77186 0.0126115 5.38795
8206.04 5.28568 6.33231 4.66878 24.0022 0.0143964 5.24266
7852.67 29.8183 14.3707 4.66878 34.8586 0.0143964 8.17177
7852.67 48.9537 5.0414 13.0591 30.1147 0.00923275 8.36129
7852.67 47.684 6.13265 9.29126 33.8238 0.0336282 9.2807
8058.6 47.8284 10.4291 21.0807 44.4328 0.0065552 9.84441
7786.08 51.2199 11.8157 19.2377 18.6574 0.0324851 9.71417
8123.37 22.9569 0.0392278 48.4677 43.5055 0.025622 12.8516
7900.23 25.8709 2.62355 31.2168 20.3818 0.077091 9.45089
8060.9 26.4842 0.63396 19.9677 0.846514 0.20259 9.44872
8040.9 8.47328 1.97984 18.0145 7.53839 0.0189595 4.92916
8104.85 8.48484 30.9657 23.9838 5.63143 0.0372777 6.88454
8019.55 6.0672 7.69292 13.6573 18.4647 0.07249 6.33783
8067.72 1.80361 16.0833 4.84 21.6361 0.0392529 6.00248
7908.95 22.3907 11.1333 18.9288 24.3829 0.0127246 6.96403
7827.73 45.2199 28.1629 12.9209 10.4619 0.0126256 8.14647
7835.51 25.0121 28.7561 1.10394 13.4969 0.0420059 8.50141
8324.06 23.9518 32.2941 8.91944 4.70336 0.00171602 9.22537
7943.51 18.2278 11.8037 15.8751 24.0496 0.0160022 6.42351
8091.72 24.879 38.1256 18.7268 10.3499 0.0511206 8.60752
7880.09 50.0137 19.9143 9.83854 10.3498 0.0655639 8.66106
7909.67 28.5123 17.9071 12.4422 6.45318 0.0209976 6.16589
7926.01 16.4836 5.36299 7.54404 16.4167 0.00655614 5.01505
7828.49 49.0244 16.9943 53.4411 14.9647 0.153896 13.8507
8085.1 1.20882 4.85673 30.2936 6.44226 0.297062 9.52328
8092.02 10.4113 4.89897 31.0477 7.56135 0.0476539 6.36319
8104.18 8.91296 7.48114 30.7734 22.4625 0.00950713 6.13643
8026.22 4.36064 21.1052 26.3582 23.2224 0.0302719 7.34882
8184.62 5.20267 7.38937 0.829556 23.906 0.0323836 6.13433
8009.7 5.51844 31.2418 5.89185 22.595 0.0292857 6.64323
8031.08 10.1133 28.5606 15.1419 6.6516 0.00285854 4.63571
8037.16 13.745 8.78422 33.4903 18.6682 0.0127557 6.46529
8043.92 20.6474 7.4002 47.6708 11.6996 0.00819203 7.25819
7880.7 36.1981 10.8079 5.87622 7.34391 0.0342084 6.58834
7959.62 22.6533 32.0551 12.4207 19.6346 0.00195328 6.07187
7870.05 33.2621 13.3566 14.9841 6.00629 0.00195328 5.55711
8123.32 17.5289 8.42245 18.1319 1.11224 0.00898264 4.96896
8088.74 11.1886 4.73457 43.5078 3.04894 0.0130993 6.51648
8045.93 16.8765 3.04521 41.0687 8.17973 0.0318568 7.25791
8018.59 10.6913 6.37293 21.6158 9.88711 0.00302313 4.27056
8372.98 4.48082 38.9059 21.5132 8.90361 0.000705226 9.54442
8004.33 4.33955 9.23094 14.1499 7.96508 0.00254552 3.83578
8050.63 2.53179 59.8359 7.81139 9.13357 0.0448472 8.46943
8229.91 2.47926 25.8831 5.32264 3.36711 0.0710333 7.04542
7949.41 3.15742 7.23072 6.53366 21.9389 0.00947334 5.61113
8308.32 3.0124 1.31193 33.8822 14.1966 0.00331673 7.35282
8277.59 3.86054 0.951746 11.5159 9.74719 0.059185 6.85707
7850 33.1231 0.357736 22.6946 28.1984 0.247111 13.2534
8142.72 23.1728 0.84488 15.0562 23.0012 0.175041 9.30857
8229.54 2.62066 6.83374 11.9624 1.67299 0.000138439 3.41253
8063.82 7.46484 9.79372 3.76394 9.67568 0.0012037 2.90016
8094.29 20.0442 5.29547 1.76405 1.67814 0.0189448 4.77802
8234.21 8.94295 20.0283 6.57537 14.0643 0.0751688 7.17226
8201.65 12.4301 10.5229 2.91416 9.16924 0.0373623 5.4187
8184.31 5.0404 33.6241 27.5177 23.3262 0.0644616 9.45808
8226.87 4.3046 0.443079 27.0523 25.3633 0.0155286 7.72757
8255.96 26.5961 1.76821 25.5477 21.3709 0.00866245 8.56112
8162.93 15.7273 1.27899 7.79077 34.324 0.0124726 6.55077
8154.46 25.6115 11.7143 4.96265 8.47788 0.0101105 5.13075
8154.46 23.0341 2.94562 1.99708 2.54931 0.00220526 4.248
8076.93 11.0053 14.6591 22.1229 25.43 0.190115 8.99743
8075.8 9.94585 70.1579 21.1276 23.0491 0.0650357 11.7404
8189.79 10.5729 35.8935 16.9999 11.466 0.0400653 7.87284
8103.16 31.5742 31.3441 26.3602 1.40493 0.0441138 9.28921
8308.15 22.9567 26.4026 9.38205 0.768395 0.000687911 8.31635
7892.12 30.4299 9.74284 2.78497 12.2636 0.0193912 6.09119
8296.14 3.20192 4.01948 32.2091 5.09087 0.114021 8.97872
8113.89 7.30246 7.74864 33.9776 16.8592 0.0041825 5.60717
7894.34 7.81257 0.996484 33.2945 15.3377 0.0687016 9.57818
8022.25 16.0302 4.45744 30.7844 9.60748 0.0264561 6.26438
8058.09 37.7342 12.4666 2.9448 19.0029 0.000231584 5.03831
7932.28 36.7257 4.35159 18.639 14.1192 0.000231584 5.12971
7993.82 26.8168 6.67615 20.1517 6.48615 0.000231584 4.03427
7992.81 56.2894 5.07223 12.8338 3.70906 0.000231584 5.71384
8076.12 28.5008 7.63821 21.2165 3.70906 0.000231584 4.26392
7844.29 45.5048 1.82531 26.187 18.9446 0.000231584 7.47384
8049.33 23.8659 12.0264 30.281 12.9984 0.0918493 8.11277
7937.7 46.1876 9.92401 10.5837 36.2061 0.0572712 9.47604
7954.74 30.9278 20.8303 2.79655 42.7061 0.179853 11.1607
8170.4 19.8653 3.59574 19.6619 11.5652 0.0136127 5.66507
7925.6 51.5283 12.9771 19.4029 7.65335 0.00610322 6.95419
7752.22 72.0117 7.93559 62.177 32.4136 0.00498887 14.6295
7799.08 48.0212 8.04405 30.6487 35.0457 0.00851819 10.6619
8001.45 24.6168 10.1528 17.2039 34.5479 0.038547 7.85595
7951 16.084 25.5578 4.55021 11.4415 0.0290015 5.98535
8022.68 51.2602 25.1365 7.93859 12.5278 0.0217614 8.3154
8127.81 19.3079 15.5738 6.13806 18.0103 0.0246531 5.74632
7921.6 18.9472 23.2176 0.959468 70.0332 0.00133175 10.0778
7967.88 8.86387 22.5304 15.1002 10.4969 0.00486013 4.96507
8203.3 9.78165 32.2286 3.21437 3.91427 0.0815419 7.62605
8184.88 10.1823 18.7905 14.6093 6.00148 0.0139148 5.18685
8040.72 10.5492 13.2301 20.4272 7.94467 0.00187808 4.00268
8132.88 10.6719 41.408 17.5256 12.8982 0.00481752 6.63388
7827.95 47.6165 12.5163 33.8414 17.2995 0.00736795 9.16437
8199.6 27.8985 8.62438 5.63103 15.0297 0.0338087 6.91308
8178.57 15.5227 28.5157 3.81721 2.34355 0.0311547 6.55305
8225.99 10.7689 10.7535 6.65283 36.4265 0.0230857 7.21675
7860.91 56.7635 2.27003 22.1314 27.5068 0.020614 9.80193
7972.66 76.147 24.9188 1.69129 12.1231 0.0220088 10.8805
7997.09 52.2918 14.9102 14.3571 7.04207 0.0244234 7.6422
7921.84 58.4317 28.3526 24.4592 28.2597 0.0792262 12.3092
7940.16 34.7462 29.4734 32.8869 2.45257 0.315707 12.5671
8118.16 1.43881 25.5835 2.19296 26.1114 0.117353 8.3818
8198.41 11.3304 18.2527 0.475757 24.4433 0.437697 12.1275
7904.51 11.3008 16.4136 18.63 25.2363 0.421026 12.0795
7989.59 10.9164 19.6104 42.8 2.01304 0.430333 12.4002
8391.59 4.75899 3.6375 17.7387 22.1912 0.006773 8.35739
8172.8 4.75899 11.0104 1.55341 8.09458 0.006773 3.94491
8158.13 14.1031 2.5234 7.34964 22.5696 0.265629 8.8741
8155.1 9.49978 4.69176 6.33001 31.7925 0.1654 8.19478
8075.34 0.221446 2.7202 21.5247 16.8405 0.120864 8.58036
8338.93 4.11569 9.28781 6.7284 1.99481 0.10998 8.20821
8212.65 2.15407 22.4145 4.51181 7.33063 0.0648931 6.50625
8107.25 4.1836 49.9671 11.8453 7.08008 0.00388759 6.30738
8036.02 0.349079 8.49966 10.5814 12.0053 0.00388759 4.79295
8092.31 1.43782 15.7094 4.30464 10.1143 0.061737 5.69646
8255.31 6.58363 20.0635 28.7111 4.86376 0.0558811 8.11138
8046.73 4.45322 7.47724 4.52227 9.69161 0.0945137 5.66973
7890.4 1.75679 8.04277 13.9342 2.56198 0.00109479 5.50421
8132.9 21.3418 6.66298 4.93202 8.23324 0.25301 8.03054
8156.59 3.19534 3.65034 2.32938 0.667468 0.14704 6.94716
7937.72 25.5581 46.0003 13.983 11.0476 3.11499e-05 6.08758
7945.85 5.95464 16.541 22.5508 29.1093 0.516015 12.9602
8006.39 1.46376 11.3401 10.9363 22.4413 0.068105 7.04492
7967.33 7.35168 9.15915 1.1143 5.5862 0.106499 6.61371
7777.31 24.7741 7.64499 6.43565 2.85322 0.00322256 6.73178
7977.77 20.8783 14.4381 8.95254 9.17623 0.0116338 4.74884
8216.8 15.5168 18.7086 9.80485 11.7648 0.0242117 6.2794
7762.33 93.6117 16.3818 29.3594 24.4061 0.0628043 14.6538
8129.59 3.39727 19.0621 27.4167 26.4989 0.0580574 8.12301
7990.57 20.5427 17.868 28.6081 37.9609 0.0398632 9.25377
8101.32 1.63542 32.1247 32.2665 11.0346 0.188053 10.1213
8027.55 7.54182 44.2912 2.93122 38.6568 0.203473 11.3352
7816.21 54.0607 28.2895 28.8037 16.7875 0.191286 13.3995
7749.91 67.9443 21.1309 14.7975 2.64849 0.0109942 9.68188
7885.17 119.067 18.1276 30.1565 1.79677 0.00952344 16.0463
7499.83 103.548 21.4842 30.2984 5.99741 0.00247759 16.0517
7733.61 61.634 1.56692 58.4558 5.99741 0.0022437 12.3471
8135.79 37.5158 24.3126 2.25657 32.7934 0.00148737 8.26616
8002.11 2.06653 34.4291 4.8203 5.20002 0.00561001 5.20939
8134.07 9.55193 24.4763 28.6559 7.63462 0.00226977 5.48254
7982.13 1.17224 13.6532 4.84684 11.2668 0.00202632 4.36319
8077.64 7.44819 22.8576 9.44529 35.1041 0.0527311 7.5849
8096.6 10.1712 31.3672 34.4898 14.9034 0.0449039 8.42239
8185.25 14.1594 12.8278 46.3921 0.43701 0.0338568 9.032
7946.2 27.7603 18.8515 32.1145 9.87313 0.147123 9.63525
8113.66 3.85234 6.46481 24.5701 13.2542 0.305678 9.09897
8027.22 10.2044 8.72924 5.61936 11.4033 0.17117 6.76323
8203.11 1.70536 12.0163 2.65678 28.8144 0.0730378 7.4663
8146.1 19.4575 6.08854 6.57756 18.2874 0.23835 8.43795
8128.96 28.1129 6.05023 0.88745 19.0455 0.191305 9.01023
7855.95 15.9765 6.05023 3.64107 17.2046 0.0233861 6.83943
8077.4 21.324 5.80084 13.8095 24.8564 0.0157381 5.83916
8171.17 20.35 20.913 9.17352 15.4448 0.0359186 6.83597
8127.38 11.7737 6.2207 1.70021 30.8306 0.0361969 6.39004
8075.87 20.8156 24.8907 6.48647 24.1352 0.0479828 7.26978
8272.1 7.53346 7.07917 20.7754 19.7767 0.00819551 6.34576
8080.66 3.47759 7.59761 36.6793 2.89597 0.0109017 5.86907
8005.89 34.026 3.80289 18.4716 5.61491 0.0274148 6.18061
7932.73 46.3186 1.51962 22.9546 3.48565 0.0359251 8.01703
7891.79 23.2599 9.352 24.8829 7.88529 0.0247902 6.9594
7975.71 29.4008 1.16668 27.7695 8.05439 0.00729157 6.36228
7921.86 45.1064 12.9003 19.4734 6.07891 0.00140059 5.93498
8120.21 20.3001 10.4814 21.6061 5.32201 0.0198099 5.58808
8093.8 13.5156 18.5556 8.13583 5.08591 0.0999875 6.20338
8050.77 1.61429 1.34396 0.942317 19.1961 0.0148767 5.79106
8016.07 2.70001 6.29717 7.54924 4.79018 0.0154753 4.30756
8138.3 4.10132 10.6997 57.649 10.4088 0.00427511 7.491
8352.38 2.05043 14.2529 57.649 25.7203 0.00337416 11.4041
8137.97 9.51619 13.624 28.4123 3.18001 0.00319985 4.87387
8143.84 11.8759 2.45683 3.64709 4.58082 0.00459298 3.50683
8166.88 15.277 3.26305 5.81546 7.43643 0.00382876 3.73243
8166.55 11.0699 20.4297 11.2257 6.02552 0.000590957 3.79652
8166.47 10.3895 21.986 7.62584 7.11903 0.00498758 4.40802
8176.8 6.77826 21.9727 29.4648 10.9216 0.0168974 6.63892
8246.39 3.41362 7.54778 23.8444 44.8184 0.246566 12.0043
7984.2 18.33 19.2517 21.1769 14.2163 0.0542466 7.08719
8034.27 9.52536 4.14828 7.33583 3.49259 0.00258968 3.16222
8071.42 4.60931 9.40884 7.95428 9.62111 0.0179328 4.12658
8024.68 3.65549 1.56813 12.3971 12.4327 0.0119836 4.87003
7902.92 19.9473 19.3307 12.5204 13.8939 0.0733289 7.54347
7807.65 32.0302 6.70187 7.37702 11.2075 0.0608536 8.27832
8155.25 13.0416 5.45022 13.1817 1.37451 0.0333186 5.25201
8061.42 8.35011 12.2501 25.8695 18.1451 0.0255112 6.17428
8030.78 8.57298 9.64873 8.17909 0.0786721 0.0979752 7.27052
7983.65 2.84097 21.5117 7.51109 20.7782 0.0813851 7.31007
7970.08 15.5768 34.1595 5.00598 60.55 0.0273953 10.4273
8061.76 17.4443 5.34065 7.8953 7.97241 0.220877 7.32404
8264.7 14.5815 7.39476 6.90288 20.3621 0.0249774 6.66595
8035.62 21.5916 3.63345 8.07265 2.48872 0.364223 9.17953
7879.51 17.6304 6.78467 9.84904 13.4169 0.0596529 7.11947
8033.85 32.878 9.33404 9.73832 17.7504 0.0418808 6.59026
8086.49 26.699 7.04439 16.3535 11.4337 0.0418808 6.20097
8064.47 3.49841 4.34303 21.3936 9.90627 0.00115116 3.90001
8026.57 10.277 8.82626 19.0623 5.02802 0.008657 4.35874
7994.22 48.9991 17.3614 6.60995 26.6863 0.0302911 8.56548
8007.51 5.97938 17.9125 6.48683 17.0433 0.0446756 5.82393
7901.59 5.2889 8.71645 1.80368 29.0441 0.0580447 8.2091
7964.23 4.85461 12.6248 2.22257 29.5949 0.0509677 7.27108
7944.33 2.18254 10.7975 9.685 3.71974 0.155673 7.64458
8159.93 3.37049 8.72443 8.17503 6.76873 0.268047 7.62251
8206.67 26.3256 5.61997 17.6586 11.9567 0.231497 9.75638
8245.89 9.92338 2.24499 39.2137 1.56299 0.309971 11.5269
8229.6 22.7707 27.2746 12.0292 17.2058 0.207647 11.1054
8231.92 5.91058 0.439998 16.0729 5.06653 0.286321 9.45853
8077.54 0.405029 6.97076 1.51103 53.2512 0.535302 14.393
7979.24 3.87073 14.4642 12.3326 19.3771 0.137616 7.78013
7996.72 1.90102 13.1963 55.8949 15.0315 0.16293 11.195
8091.19 11.3868 13.3817 8.45227 33.4959 0.128586 8.08171
7841.56 6.08196 9.78511 40.0427 1.12272 0.0355366 9.89614
8126.34 5.148 25.6803 8.73701 4.82493 0.00355417 4.1426
7903.1 35.6148 16.604 9.85878 12.1601 0.00375041 5.66978
8048.28 19.6058 6.81146 12.0918 12.3914 0.140554 6.96595
8314.39 13.3525 43.6835 15.0891 5.25637 0.0411988 10.9102
8110 9.15 5.40359 3.46051 8.6339 0.0170134 3.93281
8138.95 1.81671 4.30222 41.4032 7.65388 0.0719724 7.93726
8165.91 3.98341 9.56749 51.1798 7.47231 0.139352 9.64885
8123.17 1.71634 3.5018 36.2099 14.682 0.00717218 6.23643
8194.87 4.27966 25.2637 20.46 4.71493 0.0014615 5.03381
8182.33 4.96553 5.83179 3.82028 15.0958 0.00537621 3.91156
8108.37 19.8411 10.2365 12.4399 18.6614 0.00717365 4.97438
8117.24 5.66763 19.3159 5.84379 14.5937 0.0414754 5.45341
8107.18 6.81356 25.604 8.40802 23.3382 0.00296156 5.05908
8061.64 11.2069 22.1956 13.9966 10.8069 0.00296156 4.3135
8199.47 62.4737 16.8513 7.90674 17.4253 0.086841 13.2503
8035.98 18.7844 7.18344 15.1936 8.59868 0.124444 6.74482
8051.25 22.0902 0.430471 17.9811 7.92398 0.16366 8.37693
8181.42 16.9215 18.1559 21.3421 6.24608 0.0783603 7.54872
8029.59 5.74578 4.87263 26.7506 2.78415 0.00820926 5.01713
8077.45 12.0542 35.3274 28.0875 2.78415 0.00410328 6.39621
8030.87 7.7814 21.5441 9.90821 6.627 0.0100412 4.39572
8004.02 18.1479 40.7717 4.56156 9.11493 0.0230142 6.60559
8187.59 2.50579 33.0848 2.87793 1.87887 0.00238261 5.24795
7995.45 12.203 17.5823 17.5595 22.6751 0.0221761 6.35302
8050.88 13.2032 31.2288 14.467 15.3754 0.000129477 4.57085
8113.62 3.05984 56.96 11.6812 13.4761 0.0346051 8.59723
7927.53 29.9368 24.3652 13.8204 10.5489 0.0062757 6.02382
8110.83 13.0038 28.6618 19.8058 9.04706 0.057041 7.13037
7885.36 55.2615 14.7611 15.9353 5.72759 0.00837491 7.30178
7997.87 12.2108 22.1917 7.11566 22.4353 0.0848726 7.23418
7927.64 35.1966 13.3926 12.7014 14.793 0.0716379 7.6841
8030.74 20.6006 16.0572 52.9963 5.87938 0.00194151 7.28716
7993.81 23.9071 3.68591 16.293 2.05227 0.00466805 4.6497
7856.36 14.3919 14.7239 2.61803 3.25865 0.00428046 5.50389
8021.23 34.6678 26.5439 3.04214 1.0053 0.0045845 6.1094
8131.27 3.59588 23.7149 4.51941 32.8424 0.00282108 5.7269
8114.86 18.6781 13.4463 21.0102 27.3916 0.000191257 5.29688
7966.9 10.4445 5.57637 30.465 21.5372 0.0268852 7.32143
8035.65 34.3853 56.8428 25.0709 12.8318 5.76184e-05 8.96718
7992.27 7.71822 17.8103 33.4682 15.5796 5.76184e-05 5.21267
7913.51 21.6994 30.5385 33.4682 5.08102 5.76184e-05 6.33353
8119.37 26.5541 21.1509 11.6839 23.6956 0.00276252 6.23804
8030.38 23.4679 7.41503 4.36966 4.33246 0.0103232 4.17371
8038.03 4.32883 3.72917 2.88596 10.5544 0.0117891 4.11448
8042.46 26.1763 32.8182 6.47597 63.1065 0.00946388 10.4439
7891.48 18.2208 14.2628 0.793362 14.7017 2.10808e-05 4.59597
7816.66 32.8701 14.4329 7.87725 17.1873 0.00553323 6.92045
8037.98 31.2904 17.2693 12.0664 0.963543 0.00833028 5.71517
7927.53 21.6787 11.0884 15.1529 25.7342 0.00274149 5.89081
8079.66 22.16 7.03723 6.78075 1.71592 0.00285903 3.77768
8060.97 15.9209 11.204 3.43673 4.44127 0.00217114 3.24492
8091.54 19.4844 1.75093 3.82568 3.07139 0.00461533 3.89199
8114.64 33.5387 8.64686 8.34857 44.4896 0.0269518 8.81841
8173.64 12.2326 29.3029 13.5295 22.6415 0.0431464 7.82287
8032.4 32.8666 29.1384 13.6728 25.3408 0.0187276 8.07334
7991.75 4.43857 6.73761 6.58038 26.5045 0.0211815 5.8423
8037.07 10.0109 11.9208 8.80313 24.7522 0.0700532 6.52447
7887.93 17.6397 17.1509 7.93939 11.8445 0.025999 6.27708
8174.37 12.9429 19.5624 12.8652 5.6711 0.00955119 4.99729
8132.74 11.0198 28.8274 24.5304 20.1158 0.00612764 6.70391
7952.49 13.1989 6.08323 30.3064 53.8287 0.00786907 9.48569
7969.34 13.7098 67.2866 37.1374 42.4214 0.00109026 12.1223
7959.52 39.2043 22.6065 3.48659 27.9593 0.0547372 8.75384
8040.04 36.5707 11.4532 3.50229 16.2057 0.111156 7.89401
8224.58 16.178 12.3093 17.284 19.5987 0.0330441 7.21322
8050.72 48.9118 6.2021 19.077 9.75761 0.0772166 8.67201
8093.25 11.5633 9.07468 19.6781 4.6293 0.21363 7.64533
8076.73 1.25052 14.2881 11.4773 0.496532 0.0306448 5.83855
8034.55 23.7845 14.7553 6.19001 11.6449 0.00248487 4.1071
7999.23 18.4146 40.5628 8.54499 2.77537 0.0288447 6.82037
7906.88 8.41387 16.5135 2.90415 9.63633 0.00964406 5.30162
8015.95 9.32857 15.1357 0.735166 36.8838 0.00518368 6.3727
8125.72 4.88605 13.2993 2.93719 21.8096 0.00916411 4.68925
8119.94 1.48057 19.9088 12.0071 11.0661 0.274842 8.72204
7819.13 25.9976 48.7544 9.9775 8.6738 0.030822 9.23929
7919.91 30.2239 16.8128 2.32294 3.22759 0.0195293 5.9016
8066.41 10.6032 43.9812 3.18481 5.7868 0.0552935 7.2123
7956.26 15.1841 36.9167 1.42717 8.61548 0.0776935 7.72931
8063.81 3.77293 28.171 19.1727 28.3241 0.00101934 5.98873
8087.56 2.73668 36.0232 16.4384 0.164613 0.0100247 7.0691
8074 6.45528 29.3757 20.5112 1.41289 0.025092 6.3466
8057.51 18.8005 38.6947 45.1944 2.35653 0.000725384 7.98741
7968.08 2.66805 16.121 12.8509 8.94396 0.0643719 6.48585
8094.55 11.28 65.7855 11.0104 5.03915 0.014324 8.55102
8188.43 17.7012 16.5914 26.2803 12.3826 0.159537 9.28945
8091.63 13.1804 17.627 9.49682 15.1331 0.109484 6.76633
8046.08 23.2212 12.0059 12.8845 4.9855 0.165558 7.3862
7994.75 43.7305 4.67847 15.3875 1.7286 0.0599963 7.54664
8036.38 64.2438 7.5422 22.6516 4.66754 0.0346265 9.59386
8034.13 23.5854 14.6681 24.1623 5.51746 0.0299612 6.27296
7923.12 9.45806 18.6377 5.72829 22.217 0.0220458 6.41776
8058.18 14.8588 2.42041 26.5174 17.6207 0.0691457 7.28638
7968.37 14.645 2.85858 9.77924 35.497 0.117957 8.72865
7997.61 38.47 31.6234 2.93631 17.7609 0.03614 8.24886
8182.84 39.4053 10.0919 6.81248 3.48927 0.0518561 8.03541
8122.57 26.2127 10.8581 2.22895 0.320603 0.0210665 6.24203
8014.22 25.144 9.96687 2.70407 8.13499 0.0210665 4.93551
8014.22 25.144 2.83633 1.80089 9.2135 0.00684385 4.48554
8136.45 22.845 11.8001 1.81761 89.3233 0.115114 13.9617
8089.76 14.6716 19.1825 20.9826 32.0549 0.166392 9.67037
8145.88 8.20136 21.9018 22.0556 36.4228 0.286385 11.5008
8046.2 8.81195 3.71766 16.7384 20.2987 0.0338677 5.83861
8355.6 20.4451 7.02097 13.7848 9.42147 0.00301587 7.76268
8038.65 14.4445 9.79823 12.9194 11.8421 0.0469047 5.44432
8041.97 15.9816 2.85356 11.8727 10.2877 0.0161949 4.58195
8058.6 5.6358 28.4083 30.6921 12.1887 0.0104569 6.55901
8118.49 6.69637 8.11316 31.6791 21.5933 0.000394817 5.08197
8097.13 0.404752 52.6241 22.1395 4.74759 0.00637643 8.20444
7905.65 29.5522 9.90952 32.9255 13.4235 0.00649508 7.14772
7954.91 4.51234 25.2657 13.4377 29.8234 0.00533495 6.71114
8078.25 8.60591 9.7945 26.6678 21.6506 0.000471194 4.75681
8186.44 3.7344 0.903191 16.1525 33.573 0.00389567 6.28522
8135.77 5.17671 20.5098 9.69997 6.5787 0.0189099 4.72415
8086.06 0.778984 10.0679 8.46383 3.34144 0.0456048 5.3852
8156.71 7.38585 18.1112 15.55 9.11304 0.304216 8.94589
8026.61 40.1948 2.90645 2.23749 20.1219 0.353182 11.1058
8103.48 64.8313 11.9716 11.8726 9.65533 0.36697 13.5238
8092.06 4.4678 18.7002 21.7544 3.67899 0.469634 10.6945
8120.61 20.306 23.5308 2.73382 3.67899 0.469634 11.0618
7913.84 67.8537 19.4517 19.8784 4.67139 0.187 12.0036
8169.86 18.146 18.5486 12.832 9.71711 0.22468 8.82261
7927.75 3.3909 38.9259 4.4246 18.5365 0.0661472 8.34867
7997.44 27.2829 8.28726 21.054 5.69998 0.00244815 4.72592
8162.07 1.14089 7.92206 2.74085 6.96635 0.00741669 4.00918
8118.72 12.0823 0.259508 21.4958 2.18977 0.0117754 5.83845
8077.55 20.3304 5.19767 16.0688 11.9651 0.102469 6.74686
7957.48 22.4561 6.20913 9.39645 42.3493 0.0234019 7.74874
7955.51 17.5808 12.1774 3.47266 23.3646 0.00205896 4.84674
8105.23 24.8781 27.6312 17.0293 11.5155 0.0186199 6.9123
8195.68 20.6699 16.6373 11.7846 1.85571 0.0184835 6.17416
7859.83 24.4376 59.2171 4.99497 1.08049 0.0687436 10.3548
8034.23 19.4249 42.2024 20.7796 2.24568 0.0389237 8.10404
8172.92 1.12282 6.76687 20.7429 6.24237 0.0168364 5.26051
7890.97 19.6999 9.81768 8.74863 5.57253 0.0202458 5.64126
7994.93 21.0399 9.32924 8.80495 9.27413 0.00143688 3.61854
