385.878 5.50745 3.3881 5.50878 6.89892 5.01011 10.5839 23.4657 32.6598 0.000214551 4.15484
401.005 9.72985 1.01214 5.02492 6.27415 5.35553 2.79391 44.8814 4.76108 0.00410615 5.64571
344.506 2.73551 0.801088 1.47113 14.8674 8.2703 13.3205 22.4048 4.62438 0.0094004 5.58322
288.163 12.5806 8.5088 13.9598 14.7081 7.13722 25.588 26.8631 2.55389 0.112026 14.0307
350.594 10.2199 15.0406 1.57383 6.09554 2.77905 16.6966 9.79967 7.50255 0.20388 8.40688
372.357 9.88807 5.55576 4.89274 2.56474 3.00652 8.34515 4.15372 7.50739 0.199938 5.38838
369.129 9.95775 7.18556 6.74867 1.44366 4.96594 26.8748 2.49985 5.44635 0.0889378 7.57982
364.804 2.83855 3.50665 7.93408 3.24577 4.10472 13.9251 0.494946 8.33336 0.041053 4.20583
382.578 4.52146 1.21492 4.837 4.57976 3.8284 16.8068 4.38289 19.9156 0.0298334 4.20869
341.87 1.77219 10.5553 3.85187 3.67775 24.1494 25.734 16.0207 24.7408 0.0143101 10.1141
335.933 9.02389 6.2514 4.72951 7.38591 8.41733 16.5959 37.6392 9.99856 0.0490149 7.47377
316.748 11.235 4.48854 3.36169 10.9376 5.7533 0.668077 23.544 0.326871 0.000609379 4.4744
285.234 25.067 4.80953 4.62643 8.19897 1.1447 3.27725 16.0636 5.30074 0.000609379 4.28975
341.752 26.29 0.70349 10.0508 2.80759 7.07216 17.2606 9.96656 21.3764 0.177117 12.0297
338.191 0.494618 0.955788 2.79978 2.12442 21.4015 8.61549 7.85379 1.46363 0.135517 8.55886
376.537 1.68135 15.2877 3.94163 3.24729 10.0288 14.5272 3.4592 14.6194 0.0908229 7.29514
360.3 8.82063 2.98871 1.57872 1.61231 9.28824 5.3926 16.4688 9.16392 0.115077 5.19172
339.979 11.0186 5.04259 1.2903 4.63308 3.79633 3.80061 24.6751 28.6598 0.0544857 6.23431
327.443 14.8251 5.94683 4.37774 1.62494 14.1798 4.53036 3.50376 12.4718 0.022322 4.47291
366.202 11.385 0.946932 6.60333 0.646501 18.9943 6.99765 4.66547 22.248 0.022322 6.40278
345.564 6.21244 3.05628 17.6409 6.71512 1.21914 13.3012 6.82608 6.72183 0.164863 7.49862
340.094 3.06564 2.13104 12.4979 9.08911 4.29111 25.3884 4.25539 6.65964 0.0435745 6.46877
347.337 12.565 1.43721 7.57174 8.45318 1.05461 11.8336 1.57481 37.542 0.0790752 7.77135
332.836 5.73336 7.85273 7.26358 10.4383 12.6324 1.67919 47.5757 10.2234 0.0109546 7.41101
305.823 18.8212 3.34696 8.65194 6.38945 5.31227 4.27289 14.3012 17.4335 0.0290649 5.47646
340.294 6.73851 8.95535 2.72949 12.3218 0.704677 22.9632 15.967 8.03997 0.0991558 7.85945
259.233 1.71648 2.81037 25.4886 4.04108 13.1309 17.0196 12.5407 30.0594 0.0953488 13.1027
325.483 6.35022 0.630667 9.5224 4.71169 4.2697 1.13058 2.51519 21.4039 0.231707 8.20941
320.465 1.06862 2.82642 12.3378 7.33878 12.5458 5.00513 6.14687 22.8493 0.209188 8.63868
350.998 2.91433 2.38257 4.42627 18.2117 14.4644 8.46011 2.30409 23.529 0.0763294 8.10779
377.68 5.77953 0.935432 11.2909 6.65549 1.61711 11.728 18.8678 16.9385 0.00867155 4.69111
356.569 9.30625 9.68524 5.42907 4.73448 0.249621 0.0236559 9.62344 7.48092 0.0247044 6.22635
276.099 12.8675 15.0268 5.33187 8.09296 9.09558 12.0199 5.08598 2.95489 0.00403771 5.40293
376.797 5.3485 10.0139 7.56545 12.5649 3.10375 10.6706 25.3378 22.9664 0.00878054 7.68183
276.307 4.52019 14.5948 6.95913 3.9223 13.5834 10.6685 32.9447 52.6348 0.0304457 11.8091
206.442 22.2697 4.47662 13.1454 5.10154 7.4408 12.4507 22.3306 24.1414 0.0166114 10.719
238.813 12.1324 16.4455 4.99864 11.6606 11.9344 14.8552 31.7032 22.8439 0.0158631 11.246
280.698 13.5157 18.0849 3.92851 10.5353 6.05294 0.445281 30.6003 4.16763 0.0161238 8.16864
374.983 1.90653 4.24895 5.84754 9.08568 5.53827 1.95918 19.6609 6.1597 0.0419559 4.06282
318.795 9.4722 4.18117 7.45241 3.96446 2.50527 2.42358 12.0036 9.65964 0.085535 4.9382
323.882 3.09189 11.5586 1.31572 4.3608 14.3598 4.32199 11.0974 13.8008 0.0506251 5.51247
341.235 7.12084 2.03466 8.75774 4.2543 13.7596 2.61527 12.3871 3.27425 0.00529909 3.11378
354.633 3.58126 0.151203 12.3706 6.81583 9.27002 6.77702 6.59402 2.97979 0.00494596 3.91208
415.721 1.36481 4.65867 13.4053 6.81583 2.06079 7.0209 4.68875 5.56122 0.00444208 4.49106
394.702 5.29056 7.60748 6.94984 6.82961 6.84006 10.2104 11.5073 8.68859 0.00844184 4.52655
331.266 16.9884 6.32324 0.780708 5.22567 6.84557 14.2312 14.9674 10.1383 0.0131247 5.02373
318.717 29.2399 1.08421 4.35301 2.50588 9.34487 11.6094 26.4541 21.9204 0.0321673 9.51474
327.547 15.9344 2.8886 1.75717 5.03052 10.0411 6.32928 4.56986 14.9711 0.103102 5.60125
414.937 2.44551 6.03808 3.54117 5.01648 5.83781 3.0333 21.2429 13.3592 0.0815855 5.4333
357.884 1.56088 5.98027 9.5519 6.22307 4.94485 3.66268 13.7192 42.6419 0.0782264 7.14429
379.6 5.26742 1.42585 5.65371 4.17026 9.91045 1.35017 10.7066 2.5306 0.0432958 3.65928
275.825 8.36658 8.45799 27.2495 8.1107 3.81054 2.69417 13.1779 0.922191 0.0690964 9.9545
245.748 12.5994 15.981 16.6263 6.96704 3.81054 2.55604 16.1108 32.926 0.011685 9.61178
233.919 10.1611 17.2962 6.30291 10.4006 14.3748 3.10837 15.5927 36.3313 0.00109492 9.48531
411.977 3.79527 9.17781 6.70929 2.81026 9.60181 4.99708 31.449 20.6122 0.00109492 6.1694
232.882 34.6709 8.06256 0.547811 2.88307 1.80983 11.6055 0.913933 16.3402 0.138485 10.914
232.195 16.5422 12.0042 0.521399 6.51472 7.39535 0.956521 16.9768 27.9147 0.0105536 9.75804
319.495 15.5661 2.74529 2.76268 9.39662 1.72545 6.6416 10.355 47.4269 0.0239891 7.01379
283.352 5.49229 4.00973 24.0311 1.73169 8.51073 20.3599 5.51689 47.4269 0.000298534 9.42388
297.248 8.17485 12.8771 19.1994 0.560018 0.37316 11.8164 5.51689 6.08001 0.00258237 6.31738
321.888 8.15779 12.4892 5.84163 1.5698 15.4625 12.7867 28.5228 12.2087 0.0324672 7.58906
369.251 4.67816 8.17515 6.2604 0.844995 10.1374 13.745 6.9693 31.7314 0.0175141 5.70859
347.944 6.39943 3.10631 1.00693 10.2023 13.795 4.05106 0.683395 19.4361 0.0341502 5.5237
338.143 6.27693 5.9269 0.987225 8.99845 14.0312 17.7025 3.27492 2.85635 0.0477918 6.08376
350.679 0.318455 3.8218 0.994985 8.55299 27.579 9.9138 5.77012 5.6553 0.0623874 8.3557
308.842 3.0666 2.39725 30.7569 12.2214 9.11009 13.226 6.72649 15.209 0.00985153 10.9855
299.357 2.03422 14.145 2.28081 2.60048 17.8601 4.51802 2.05719 31.5724 0.000124257 5.82823
373.536 1.01585 9.42902 2.56417 5.98139 10.5133 12.4769 49.7956 6.29261 0.00661939 6.6919
342.408 5.52214 18.0415 6.34309 4.66991 5.48381 12.4912 2.14736 33.5443 0.0056059 6.71853
326.027 3.22877 6.16124 4.57709 5.47156 8.1638 11.7192 17.3271 17.2013 0.00874742 4.3798
323.76 2.20915 12.1981 10.4813 6.17677 4.83594 6.32948 27.7263 23.0844 0.00303372 5.4574
305.89 6.30194 9.69385 5.27927 0.619673 2.71049 13.2584 19.7795 29.5123 0.00677045 6.47363
338.426 9.44303 2.59435 1.37961 9.78083 0.500455 12.0279 12.8369 24.4929 0.0928688 7.0117
319.452 3.46626 7.96101 5.43645 7.12679 0.215944 4.4613 4.50024 16.8475 0.0483634 5.73595
338.179 16.9597 6.62866 3.58363 0.8598 0.258577 6.21924 3.22351 0.722823 0.0322197 5.36988
351.562 17.4439 0.796437 2.77388 5.99928 9.28745 3.35245 13.3983 31.5512 0.00824681 5.69325
375.942 1.95238 3.38279 13.4666 1.74209 14.1673 4.45567 42.3371 19.6721 0.0105598 7.37285
373.114 7.26727 8.76276 4.51116 3.63195 11.0735 11.8562 42.5157 1.80662 0.103789 9.15174
399.988 5.63574 0.633473 1.24181 1.74547 25.9131 4.97328 2.23551 19.6628 0.0399174 7.21859
295.968 8.36358 9.4131 6.58514 3.18369 17.5559 4.05512 7.54518 3.75502 0.127736 6.84684
275.089 12.2407 2.17335 3.5422 12.1531 4.90852 1.69331 6.83046 4.68691 0.034204 6.2022
424.225 3.27264 0.424136 1.11073 15.1013 3.71715 6.02694 9.32296 1.76112 0.0117154 4.83275
341.007 12.3061 0.673282 10.1731 11.5163 3.87047 5.23008 8.65433 13.8712 0.0178959 4.96097
338.671 8.45547 4.46781 5.13485 9.13324 1.14563 0.770372 7.81101 2.06695 0.0254765 3.77386
322.948 14.9141 11.1387 4.33156 7.53262 2.74714 16.5037 9.27474 36.7181 0.139142 9.75768
276.282 11.081 7.55725 1.26476 17.6985 1.91054 3.91663 4.55941 5.72171 0.146797 7.99218
387.647 6.14547 1.15845 0.072636 1.16646 3.28529 19.1566 25.0935 13.1466 0.0109193 6.27506
364.477 5.86884 5.26686 0.072636 16.7557 4.6998 11.5007 28.8751 11.0579 0.0109193 6.97873
307.75 11.5342 8.64969 1.52821 6.64808 7.88983 4.09414 39.7467 8.64172 0.0239556 6.36938
299.142 10.8197 4.83673 7.22069 6.0135 15.3266 4.75763 3.30467 19.0763 0.0293549 5.59778
283.176 15.9159 4.91313 2.90107 16.2191 4.13646 5.08449 8.43418 24.4091 0.178524 8.83805
296.613 7.12801 6.20238 2.11586 20.0025 13.8671 10.4876 4.90214 33.1949 0.119942 10.5757
278.607 5.71929 4.05597 4.64442 14.2747 3.14245 11.3055 3.74281 17.9448 0.0874176 8.24366
401.994 0.717084 5.46806 4.29027 0.870012 9.77181 5.29786 7.6214 50.6692 0.153386 8.97495
335.076 0.834811 15.2808 5.72389 5.43874 1.30091 2.16571 27.57 21.7333 0.0040997 5.59542
360.08 3.52738 3.79948 6.39924 3.65334 5.22175 5.81706 0.937257 2.72774 0.0136041 2.47935
361.665 1.94823 5.32279 6.20036 5.82123 7.98438 27.3955 21.707 4.52738 0.0225338 6.33967
333.329 3.58017 0.440097 14.7191 7.63446 10.0302 18.19 12.2735 13.2656 0.0742377 8.04873
349.589 5.39236 3.18044 9.50052 10.5099 10.8725 3.65216 25.6993 28.576 0.0145452 6.49804
358.716 2.80992 6.46199 8.60995 4.70005 2.10495 1.81423 1.26194 40.3891 0.00970796 5.04235
334.397 5.67783 3.26269 0.750854 6.03387 2.31527 6.35646 0.808299 41.1522 0.20177 9.6618
317.188 8.51479 2.83867 5.45466 7.83851 1.2135 1.26981 4.95369 19.6422 0.0413717 5.30566
284.683 31.2222 7.34676 2.34217 4.52367 4.55936 0.410641 10.675 21.5517 0.00166036 6.89705
375.601 7.45819 4.87303 9.48879 4.59987 7.84155 6.84964 6.8177 7.71034 0.00265757 2.78861
401.335 3.71345 3.89908 4.43465 0.0740201 7.61822 17.5492 13.2558 28.4077 0.0131409 6.40181
365.037 8.75974 1.16062 5.50584 4.06139 6.55147 7.67304 31.6735 45.5568 0.0364899 7.84881
301.729 9.25286 14.5947 4.22088 8.07021 3.90333 5.62968 39.6844 10.7653 0.0947269 8.29901
325.256 8.28157 8.21883 1.63906 7.75949 17.2825 9.27185 7.11777 10.8147 0.00678299 4.54219
373.05 0.217968 11.863 3.34011 11.6309 8.4681 6.02014 5.36377 2.39337 0.0553603 6.18145
369.133 0.766903 8.88916 0.228638 1.71262 6.81683 14.4469 9.19772 8.58928 0.0510097 5.5212
376.623 9.24153 0.706253 0.764125 14.4145 2.39078 16.7848 1.1545 19.4998 0.0978218 7.90373
341.067 7.43542 9.8758 2.14169 5.73323 2.04734 27.6152 21.9784 41.5625 0.0155166 8.63131
338.701 8.16589 1.39699 6.01955 5.79108 2.06521 9.94767 18.5857 48.6958 0.00741313 6.48604
275.376 18.9676 3.39945 3.73381 7.73517 2.35783 17.2026 6.85805 10.3999 0.00741313 5.1623
246.178 20.1259 1.1672 11.1286 10.4124 3.02373 4.58977 3.06288 11.4278 0.0359425 7.37581
273.214 12.7064 2.53469 13.2024 10.704 3.35166 0.625256 10.4474 0.0900169 0.0866295 9.00504
334.714 20.6258 10.5682 2.79676 8.04989 3.15752 1.44682 2.86344 1.78171 0.0802831 7.30516
366.686 12.7517 6.65417 10.4678 4.33927 2.89997 5.26582 3.87869 12.3521 0.575268 10.7842
400.044 4.2934 8.90392 5.93536 4.50424 2.89997 8.05082 3.36257 2.0324 0.157773 5.99501
311.944 1.25276 3.00317 5.72053 16.6721 4.18645 1.29659 3.21637 10.3225 0.147416 7.67096
342.002 10.0543 4.3211 16.1802 4.87212 4.60081 0.893696 27.4185 6.45451 0.110463 7.83182
384.296 5.02206 1.74741 4.67263 6.85914 6.90294 5.07208 17.1294 7.60523 0.321214 7.29757
307.322 4.34246 17.9516 3.35306 7.03558 8.17119 7.08915 16.3193 2.64188 0.108009 6.84244
307.322 6.36177 8.11635 5.00601 7.50434 6.80951 13.5695 6.6278 3.61597 0.00816926 3.68361
423.314 0.764921 9.02834 2.09785 7.62736 8.94776 2.66178 14.5681 9.01012 0.0272088 5.59927
360.834 6.95132 10.9908 1.24989 2.1552 12.4305 9.61054 14.7263 18.1369 0.00378623 4.28188
339.951 7.83847 2.8445 6.97475 7.25412 1.65768 12.1694 18.7845 18.3466 0.0369221 5.096
408.983 4.68598 1.96183 5.86183 2.36879 1.3373 7.90786 16.6644 30.668 0.228933 8.12264
359.941 0.314412 3.69428 3.97819 3.5788 19.5587 13.6655 8.3377 17.3226 0.00392652 5.24629
334.272 5.16353 3.77202 12.0157 5.24801 24.974 5.02695 1.29135 12.6456 0.012244 6.66826
316.489 7.41417 3.74137 27.0769 16.9848 9.74504 3.15696 26.7573 7.54322 0.0282 13.5467
290.077 5.42595 1.87088 24.0797 2.9025 13.6099 20.5164 33.2077 11.5738 0.0549363 11.7641
342.163 2.90161 8.01622 4.93713 10.6482 9.78877 3.39485 7.31215 5.74051 0.0489808 4.27992
355.111 7.50509 6.88321 7.72376 0.90586 11.4426 8.29631 8.87101 15.2199 0.00394881 3.49973
317.046 3.92209 10.3946 1.95964 5.18748 8.74757 6.51021 26.1584 12.2798 0.00411022 4.49754
365.7 0.973052 8.59781 9.66886 1.35033 2.74456 3.49826 12.0188 4.41166 0.0098248 3.00907
299.975 14.421 9.15975 2.38283 5.30636 11.1758 4.20931 10.015 0.848077 0.000758167 3.45603
378.724 9.2562 8.18165 4.6782 4.03309 11.3687 6.11789 6.09846 2.6631 0.00475308 3.77854
409.386 12.565 4.7286 4.27632 0.775752 4.90596 12.6272 4.46223 13.7544 0.0117979 5.66468
374.033 7.35233 2.22417 5.96684 11.0508 2.42387 4.32248 3.19748 25.481 0.00849348 3.80473
279.566 6.97432 9.41417 7.72577 5.78012 19.1004 2.89629 5.13118 12.281 0.024939 6.35359
276.975 4.93416 12.7801 24.5876 0.692507 8.41658 5.32468 10.0655 26.9056 0.0137716 9.07033
397.815 7.8851 6.27216 7.27137 1.82852 8.45083 6.22403 8.6511 12.5766 0.0141835 4.44354
362.181 8.19359 5.13833 6.4234 5.41701 1.53129 9.84936 7.96925 4.02495 0.0353844 3.36752
301.677 6.60278 17.1177 7.09981 3.5345 2.24751 10.2869 8.02569 51.4335 0.0328455 8.44735
427.09 8.44753 2.08949 3.10532 1.59653 5.71588 7.2185 18.0026 22.2666 0.0170074 5.37844
277.53 7.71232 6.79357 6.40763 3.82922 4.98474 34.1857 22.8989 14.9821 0.0135872 9.09564
328.659 10.8902 13.2323 7.71552 2.0887 5.82978 31.9664 11.6233 48.2856 0.0146508 11.4163
258.882 14.231 9.07935 9.3076 3.00617 10.7501 25.7387 19.453 11.4026 0.00838446 8.4245
319.125 12.4549 6.55703 11.2854 3.17476 12.3488 4.59895 69.9929 10.3447 0.000933916 8.74282
325.708 12.4759 2.88691 0.330592 1.34226 8.39716 16.151 13.7807 2.05389 0.00247039 4.51642
287.295 13.5239 15.6015 2.73258 3.97585 7.74741 3.00492 4.81908 7.32657 0.00834753 4.21121
353.259 4.14955 6.59503 2.45607 12.4417 3.0904 4.49611 5.43304 5.73268 0.0150623 2.71776
322.336 3.78219 8.27974 10.5154 8.88538 1.67227 8.42241 2.27377 4.29095 0.105044 5.5797
306.67 4.12005 13.7405 6.47895 5.51605 1.722 9.2564 24.5623 9.82564 0.299961 9.21504
402.354 1.91294 8.35861 3.32645 2.94424 0.450461 16.2709 6.2835 5.96579 0.0535545 4.87083
330.771 8.95041 6.73475 1.67773 18.3106 1.97665 11.5458 8.80913 29.1046 0.00440532 5.78296
324.367 14.1206 5.75488 3.92462 13.6532 2.51566 4.28852 24.2418 28.0865 0.0114296 6.35968
371.049 3.38507 7.85047 7.96754 8.51273 1.13444 3.91866 11.4796 10.8511 0.00464424 2.89529
324.417 3.25262 12.7193 1.74762 3.37495 21.766 5.28789 18.9692 10.7507 0.0671586 7.23977
332.068 20.5011 5.68792 0.569883 6.72987 2.57792 7.60688 32.0154 10.3002 0.197914 9.16866
446.923 3.25741 1.8868 0.127296 5.65344 8.98875 2.97533 15.0033 13.3765 0.0723101 6.99306
390.47 1.52475 2.11984 2.36798 5.72986 0.82653 3.74339 18.6294 6.53927 0.063358 4.47458
381.767 3.33772 0.273409 4.21835 13.8142 5.72508 2.93284 3.91379 0.458143 0.0563591 5.45256
351.067 6.00087 1.19713 5.99081 0.481322 22.4845 1.73361 4.9858 10.1962 0.021859 5.26704
346.961 11.592 0.813654 10.5494 4.28576 8.79735 8.81584 7.8594 11.1865 0.000390045 2.92085
367.752 4.98025 5.82805 9.26828 9.84034 8.62567 7.79635 15.3089 30.4882 0.000390045 5.01366
362.258 5.35084 7.60465 6.53992 5.53581 7.84719 8.81539 23.2586 41.4271 0.000390045 5.29432
439.626 0.420671 7.79755 7.63011 4.49651 3.68291 6.68076 18.7529 36.6738 0.0271962 8.81073
325.568 1.40661 7.16154 3.8741 3.39192 12.507 7.93669 7.94959 13.5474 0.0302632 4.92457
241.918 0.888208 20.9031 2.8164 3.29017 8.77016 3.6118 2.30214 14.9737 0.00194166 8.84549
232.723 6.42279 27.4643 7.95494 4.99024 13.727 9.99815 5.29059 16.6671 0.0432873 10.5397
373.409 3.15215 14.3792 1.13812 4.73451 9.03852 6.01337 9.62194 4.01129 8.20143e-05 2.26284
310.106 4.7436 14.3305 1.16532 6.79164 0.817405 7.78004 10.4516 19.2727 8.20143e-05 3.70421
307.568 5.53708 7.96949 1.2546 4.27311 7.66485 22.1984 15.0329 22.0907 8.20143e-05 5.20787
308.695 2.82957 5.32683 1.22864 9.47732 15.8082 13.0199 2.75529 23.0373 8.20143e-05 5.38492
308.607 9.00093 8.74652 3.14714 0.715636 15.872 15.2557 36.3416 11.9494 8.20143e-05 6.10161
325.073 9.03555 7.13728 14.2076 3.22252 12.8099 5.34404 0.71309 8.21891 0.00124278 4.48255
406.691 1.77924 6.34078 8.03798 4.16057 4.15296 18.0557 8.69829 14.3776 0.112608 7.07945
403.342 3.4046 1.98907 0.502723 1.97864 12.5888 3.20471 6.82459 31.8593 0.0731854 6.21737
386.811 1.19787 5.29937 7.2481 3.45376 8.93306 2.24958 4.81515 4.63251 0.0222979 2.91129
281.337 10.0697 5.13818 19.6725 5.48234 9.8612 8.79873 22.2367 2.87502 0.000864366 6.05292
342.984 9.22433 5.98955 9.45321 9.21801 1.95326 19.0888 5.27749 4.22434 0.0517833 6.02587
346.917 11.8935 5.34383 12.5428 3.44406 3.6155 14.3169 2.9039 4.18532 0.00402502 4.19187
311.012 9.27673 14.0827 5.55223 1.317 8.47612 20.7644 3.7371 18.9711 0.00250414 5.51812
332.915 6.9127 9.61447 5.31862 2.59343 6.82666 3.94124 3.36675 5.04777 0.00250414 1.84656
365.572 3.96945 3.2129 6.59028 10.9989 11.2982 11.2709 20.0651 3.83065 0.0485192 5.93046
352.704 7.45659 4.29362 3.8405 1.75566 9.68408 7.95045 33.0732 15.5138 0.123705 7.05847
399.211 6.05104 1.55675 4.49286 3.18389 12.5092 19.9201 8.63895 14.186 0.0374446 6.09456
329.134 10.2664 3.36603 2.43615 3.17149 7.72139 25.3502 13.4811 10.7018 0.101219 7.10711
387.49 4.1948 2.26061 12.8695 2.34087 14.0926 12.8298 5.74465 12.9754 0.068655 7.05115
400.499 0.289945 2.17863 2.67177 3.75235 11.1791 13.8528 8.66703 5.70325 0.0234233 4.31284
328.604 6.45722 2.20903 2.46514 0.99422 12.4989 2.99727 13.2462 15.9536 0.213946 8.04619
318.125 21.5277 9.08902 3.70416 2.34592 3.01044 13.8014 8.4599 3.4653 0.393553 9.32632
332.364 0.723845 14.9373 9.06925 1.49766 4.23144 9.19297 19.1927 35.4507 0.00108556 5.98135
332.364 7.27795 3.21091 12.685 1.53077 4.53147 6.51178 7.62846 24.7249 0.0142962 4.27639
352.849 7.06444 7.05554 9.86098 0.746672 2.9747 1.43955 34.7425 20.0732 0.00292918 5.17938
335.543 7.74208 8.13914 12.3258 4.8626 0.996949 5.04863 23.3881 13.2164 0.0447036 5.83437
334.515 10.0875 2.92816 2.06581 4.19881 13.9623 29.9755 1.06929 7.17641 0.0184003 6.94697
355.952 10.0182 3.98544 7.91393 0.302789 11.0021 10.5598 16.0339 3.86993 0.077694 6.17151
329.759 10.1305 2.31898 2.53461 2.24456 6.18094 4.80951 18.1562 28.1802 0.251193 8.7434
340.135 10.7029 7.94823 6.4594 4.258 2.1723 11.8786 5.48319 3.09522 0.213729 6.25684
339.941 9.08971 5.26649 1.15976 4.43196 6.66417 11.2125 4.95352 12.7814 0.211093 6.33514
345.73 19.4483 3.17849 0.348264 16.0345 12.6394 6.88557 3.20028 2.83577 0.175374 10.3897
362.68 9.93018 4.47989 1.59631 12.2415 3.19159 13.0588 5.62899 8.19404 0.168002 6.48119
368.01 7.11015 2.47246 3.79787 0.380549 0.517105 9.25833 27.8229 8.46707 0.236861 8.37181
364.002 1.09722 4.18638 3.06552 10.0637 15.1538 2.56357 8.91384 6.38113 0.00164328 2.91672
342.112 3.46569 13.9296 1.7578 5.56237 16.919 4.40516 23.4477 6.38308 0.0362877 6.23344
360.45 3.79789 14.6756 2.68823 4.666 13.748 9.78474 50.3446 12.3952 0.00638762 8.03011
329.211 2.43291 4.48757 18.9832 16.4476 11.5176 11.864 14.6504 3.55659 0.00517163 8.71653
334.307 11.5225 1.40286 2.44289 11.0138 14.3451 4.95472 0.984412 3.65096 0.0094942 4.44303
323.092 13.4254 3.94241 9.764 11.4023 5.41181 3.20202 13.1948 14.8955 0.00853702 4.79157
324.155 3.71521 1.52101 18.763 4.78474 8.59623 8.63888 7.26418 2.41997 0.00936273 4.5406
366.756 5.59494 0.841967 8.75172 17.9634 7.86421 10.4545 24.5354 15.8724 0.0093898 7.43003
355.905 10.2915 0.313752 10.9564 14.2296 16.3068 8.24087 18.4207 16.5511 0.00987527 9.57471
355.376 8.62574 1.0433 6.80491 11.4139 17.2409 9.69018 35.568 42.5143 0.123808 13.2455
348.606 8.12633 7.53252 3.86071 4.48804 0.32447 5.15283 5.62028 10.0042 0.0605485 4.2323
396.285 0.800165 1.5048 5.11016 2.20503 8.49323 0.951653 6.16787 1.25046 0.0122503 3.16906
416.489 3.92677 2.55238 5.00439 4.19307 4.37757 13.3513 10.693 5.15148 0.0823843 4.86084
254.157 9.1363 11.4386 5.86765 2.36195 5.15403 16.2629 5.7894 1.70953 0.0308994 7.4509
310.126 16.9709 1.54599 12.5195 1.6431 7.32441 2.54403 1.98497 6.31621 0.0353068 5.09383
337.914 11.3175 3.29224 10.6107 1.94331 7.23491 6.85941 2.32152 5.17832 0.0212838 3.56257
298.849 1.6227 9.86499 18.6481 6.50449 4.87767 7.87505 19.3369 25.3285 0.00932222 7.21356
276.03 4.77063 8.41438 8.43717 1.32134 6.24849 25.1342 12.8394 15.8918 0.0174184 8.15316
369.323 13.6642 5.57009 3.52221 1.60259 6.59731 4.69249 18.3508 2.49326 0.0569457 4.98247
379.261 2.58808 1.5253 7.9475 1.72564 4.64885 4.08346 4.64816 27.7765 0.117481 5.65648
342.241 7.81009 3.70802 15.3948 4.47762 1.14018 6.44244 23.6216 17.844 0.280382 9.31167
371.188 7.66462 3.51912 7.37235 3.35117 3.65463 22.4825 18.102 13.7833 0.0569365 6.22336
396.282 5.96797 2.53203 0.000699901 5.43721 16.676 11.3568 0.715596 18.7011 0.000912178 7.98633
305.297 9.73793 2.85868 7.48771 4.41967 12.3085 10.8332 6.9264 30.293 0.00212159 4.97844
258.897 20.0995 9.73476 6.50148 2.622 9.77281 10.5176 7.81182 8.40957 0.0152417 5.89671
373.669 10.3461 0.314594 3.68485 9.59912 1.11275 4.82921 9.70294 5.85331 0.003063 2.93271
346.32 6.03765 4.31887 8.87334 3.46022 3.16305 19.3285 4.6532 30.3773 0.00850058 4.84634
366.341 4.27438 9.75529 7.65729 7.12381 0.552766 2.10162 2.55534 20.9158 0.280798 8.05558
281.887 11.4084 11.7742 6.4261 0.423155 3.36686 14.5479 10.5998 25.603 0.291222 10.8885
338.241 7.05008 5.05448 4.64243 1.04387 4.60218 24.1493 12.7544 26.6663 0.00800585 5.57544
340.755 11.333 7.13181 8.47238 5.0533 13.8566 3.83414 13.938 9.54834 0.0300988 5.64382
427.027 0.641965 1.69073 2.91701 3.67499 6.22073 7.50844 13.2427 8.07665 0.024763 3.60053
366.62 6.10077 3.27058 0.707834 10.2154 18.9783 5.75331 10.4859 15.4722 0.00803473 5.08661
352.038 7.09688 3.71057 3.04936 14.3851 6.26404 7.30897 11.7395 14.6947 0.0278695 4.45601
342.516 1.6603 15.2998 4.01187 12.1002 5.85216 14.4115 21.2014 7.01457 0.0518243 7.3713
334.43 2.09245 12.27 2.33667 10.5195 15.8947 8.04774 31.6276 10.0063 0.00106867 5.93061
303.189 5.62444 14.8165 4.64296 8.04178 13.341 1.38902 10.7451 4.2399 0.0148736 5.12965
293.78 9.76289 2.36062 10.8312 14.0432 6.38837 3.56291 14.9145 20.3474 0.0346656 6.70974
311.633 30.5233 1.82282 5.37273 12.7557 0.99155 6.34238 13.328 21.0757 0.011521 9.22766
388.634 6.00931 4.11519 4.52409 2.2779 8.59113 17.6974 6.42234 17.165 0.0116198 4.10407
335.255 13.5181 1.47155 3.44253 5.90399 0.606 15.2492 8.80546 16.1685 0.00858883 4.28203
275.366 22.859 12.2601 2.54859 4.22624 4.84806 15.3576 2.83615 7.20078 0.115061 7.90587
374.094 8.57004 12.3922 0.703385 5.11694 4.97377 13.5668 0.774449 7.55768 0.0188468 5.41096
382.403 3.1965 2.0995 2.47805 7.82071 4.00281 7.32583 3.9343 2.75885 0.0238594 2.53224
349.001 8.57129 13.9197 4.19203 4.61624 1.24921 3.99497 8.99 7.27724 0.0245991 3.94757
319.001 10.0746 8.39893 6.41054 3.62392 2.95224 3.17759 10.3061 14.0926 0.00346391 2.71327
413.095 9.55116 2.78011 3.58005 5.3323 10.8116 3.12416 15.6101 9.75931 0.00507488 4.56753
302.573 6.01439 2.07092 4.59037 11.6944 7.98379 15.9705 16.0914 32.0638 0.0437994 8.39207
348.262 7.34502 4.66486 8.70516 13.3443 24.7475 4.96369 14.572 12.9185 0.00575264 8.87574
336.802 6.66006 4.76858 0.839066 21.0171 10.4359 6.19285 75.887 9.16272 0.00719713 10.9841
348.656 3.68426 0.10559 4.22779 11.6453 16.4444 2.10455 2.46039 67.9051 0.000206601 9.0044
314.654 22.9304 5.10156 1.80049 4.95149 13.5437 2.95572 1.44769 11.4647 0.00199493 4.88426
284.788 2.45373 5.60766 3.02498 4.77018 22.6932 4.37501 18.7779 21.5189 0.00128236 7.77702
302.001 3.97031 8.79404 11.4709 18.1541 8.39243 2.2109 10.8111 25.4596 0.00128236 6.58098
295.465 6.49465 11.7823 8.48768 14.1881 9.76686 5.64457 5.80972 21.4282 0.00540822 6.09075
238.411 6.14002 9.41047 15.7619 9.21101 13.9969 9.83549 9.86109 9.79641 0.0105241 8.64352
289.807 7.01133 9.55608 5.43334 10.0014 2.76852 12.9504 9.88523 8.64151 0.0371025 5.53687
295.969 9.58715 16.53 1.1822 10.2884 0.607592 9.0457 11.8193 6.09333 0.0508911 6.51114
305.522 24.8965 6.93764 0.934244 2.47634 7.45252 6.66973 12.9714 5.78209 0.320322 9.01175
287.947 24.2211 3.84907 5.46141 13.6728 8.18124 13.7119 16.9997 16.1017 0.224485 11.5432
325.968 14.6094 0.691436 3.76311 7.68804 7.80257 1.1235 5.67636 10.4122 0.502699 10.1338
343.827 5.5531 1.69907 3.67158 5.27771 14.9805 2.50231 4.82209 92.1335 0.0474987 11.4366
389.202 3.38544 2.78548 15.1693 0.706963 6.71846 8.53737 13.9391 17.9115 0.0378211 5.9388
345.562 13.4894 1.12658 10.0557 1.45243 6.19315 6.67319 3.43427 15.8308 0.00364308 3.3812
348.624 7.65762 1.35126 5.55431 2.10431 6.10919 5.35853 15.6424 4.03579 0.0249496 3.3912
366.908 5.97311 3.37501 2.71264 5.90558 5.75518 6.11573 10.7425 8.80263 0.0111242 2.09559
336.612 6.04546 6.87678 7.25975 7.31622 2.22548 1.1051 20.8896 2.96912 0.0363828 4.48062
360.398 10.7237 3.3106 10.7391 2.63294 13.7117 3.12999 47.1126 3.46577 0.0204001 7.79936
316.884 9.44353 2.44884 6.78889 5.25753 5.63223 8.57928 18.1056 21.6649 0.0264196 5.16709
306.146 5.58113 2.2169 6.43763 8.7589 5.28758 14.0584 12.8817 5.0213 0.0724702 6.20516
272.508 19.9114 1.97284 1.24795 19.5648 4.64561 20.3694 20.4018 10.3419 0.0200017 9.11816
231.126 27.7645 1.97284 1.65684 21.1979 9.65235 13.7206 21.4055 15.1663 0.0192506 11.3737
338.901 3.12829 2.83011 2.62387 10.8198 14.9263 3.90733 7.24731 44.434 0.0516312 7.74625
360.304 8.6725 9.749 3.94684 7.24737 6.36152 1.63892 5.41523 31.102 0.0240825 5.40279
372.707 6.03763 3.31856 8.92651 0.173097 4.20418 4.79944 3.87511 10.3538 0.00687262 2.90302
310.161 6.99022 2.20454 4.73492 7.34135 9.93921 4.98299 8.21672 13.5943 0.0275686 4.7319
340.941 16.581 6.64351 3.4979 9.08573 5.61937 12.232 8.68621 18.881 0.0884982 7.29153
298.777 14.2037 8.07341 7.14819 8.70052 0.504356 4.26853 1.21164 0.355785 0.000469914 4.28425
328.111 5.57618 5.14102 11.9815 12.3902 4.98108 10.5474 8.28991 20.1104 0.0043598 4.75265
358.311 13.1009 1.86652 4.80357 5.34844 9.18608 13.1914 3.64562 15.0513 0.0184881 4.55791
382.027 0.31717 11.3467 7.24175 0.804235 1.92537 12.7086 9.92427 14.0804 0.0498916 5.85088
368.647 0.322912 16.0239 0.547395 3.26162 2.31484 17.5678 16.7149 27.3482 0.00750226 6.81142
362.566 9.80009 3.01246 7.12571 3.26934 7.70617 13.272 9.705 36.2347 0.0674026 6.88059
297.806 12.9569 0.775094 12.2901 5.40422 20.6321 0.764263 6.63579 17.9371 0.0117072 7.17609
315.188 9.32938 3.38732 15.3129 4.6832 5.83734 16.4994 0.75723 84.0725 0.0673406 13.1564
297.616 3.53581 9.50261 6.78629 3.06346 3.00431 10.1218 14.5605 1.96101 0.0261215 5.46944
353.598 3.58709 9.64766 8.84834 0.901951 1.37436 9.50691 20.3468 7.86172 0.0273388 4.56193
380.184 7.06731 1.49124 3.73045 4.47989 6.23118 17.1136 7.02864 16.6005 0.000399741 2.45468
375.877 1.82957 5.54065 1.42318 3.89063 6.23118 29.8391 7.02864 9.74053 0.000399741 3.77621
394.935 1.82957 1.7287 1.42318 5.90443 2.49593 2.29418 17.4541 41.405 0.00190595 4.70839
447.291 0.764304 4.51587 1.42318 2.17836 6.71481 12.9582 15.3003 9.28664 0.000212793 3.49721
332.581 6.57647 9.17397 10.9904 8.96789 3.9128 4.51303 9.76741 26.9566 0.0350857 5.90893
297.228 15.1754 9.37003 8.6411 11.6751 0.569185 1.19946 0.249394 1.61556 0.0247606 7.17529
385.558 7.19318 3.41463 18.8052 2.77804 2.01062 4.76275 1.18228 5.31514 0.0230206 6.0097
374.997 6.07201 5.2569 5.83676 6.50696 16.5812 6.27615 1.01181 14.1674 0.0226293 5.47216
379.927 3.68529 8.05448 3.88537 0.0236107 1.57894 22.011 2.56242 8.47331 0.0529222 6.78195
357.244 4.42333 4.78173 3.37906 20.1723 10.4585 12.4924 6.0365 26.7425 0.0604943 8.64126
357.495 2.56523 16.3522 2.23133 5.09184 2.0062 0.897173 5.2871 23.1824 0.0946677 6.23916
308.052 0.454785 14.7531 0.977643 16.2679 4.60993 3.7421 26.5028 8.47048 0.0394158 7.97549
391.708 2.7952 9.71975 10.1658 4.9201 7.62066 0.640239 51.1585 9.72551 0.0195533 8.69885
380.834 11.9225 8.50285 0.688871 1.98766 6.19586 7.97138 40.485 1.67583 0.0239765 7.04086
347.693 4.516 6.86936 5.30026 6.0001 5.89594 13.2353 9.45035 25.8667 0.0446848 5.10746
349.375 5.04126 2.76538 9.5114 6.12872 4.48272 14.8893 4.96089 6.48068 0.0149935 3.25068
356.429 7.0685 1.14599 10.4957 4.49445 1.65458 15.8446 10.2174 2.34405 0.00905811 3.60764
349.065 6.43289 5.29662 11.8129 5.66492 16.2818 0.761546 7.99988 19.0654 0.0164502 6.00084
270.377 10.4208 5.80634 13.0781 8.72224 4.08422 6.51427 8.54416 11.0696 0.0527303 6.38663
310.199 14.1787 3.41154 9.84715 6.9876 9.59333 3.14096 1.65257 4.40205 0.0252441 4.62785
361.212 8.2155 2.13075 5.50287 2.41379 5.56583 15.5464 6.90892 21.9706 0.0157798 3.95597
415.817 3.0086 3.89202 2.45018 0.916148 10.3592 5.56074 22.9104 6.5287 0.0282296 4.36229
368.793 9.9964 3.47121 6.15925 4.32649 8.68294 3.27444 48.9379 9.12335 0.141861 8.70631
407.951 4.29252 1.34754 5.23512 0.845124 2.53816 0.870456 37.5028 9.98939 0.155729 7.72165
377.6 15.1352 1.85022 2.35995 1.19419 4.09049 9.97389 25.1341 1.45295 0.0644499 6.10619
373.848 3.46484 6.99604 5.63651 8.67061 5.3907 3.64375 15.6323 6.92832 0.0566722 4.2005
379.447 10.7475 4.50465 5.80013 0.97626 7.1653 8.18845 30.9435 24.3959 0.0111746 6.04655
383.393 4.15299 9.21326 4.47056 2.32552 5.68187 8.07733 30.854 21.4543 0.000361707 3.85264
390.59 3.64956 8.74914 7.05419 0.644166 5.73831 6.03907 33.9623 9.20623 0.000361707 3.89868
327.239 4.35961 0.72074 5.17786 12.7909 2.39186 15.5753 43.1112 32.3094 0.000361707 7.93165
408.115 7.37359 3.05804 8.91765 3.0575 8.24987 3.03575 27.8181 37.4386 0.02595 8.11217
339.558 4.44915 9.23925 1.96353 6.66961 1.94074 2.59935 19.4115 27.4728 0.02595 5.31493
348.131 1.62592 10.9481 13.5567 0.109406 9.29224 3.22244 6.73422 23.2855 0.13086 8.46119
409.481 2.06254 3.83603 2.2474 0.967786 10.8665 0.328656 22.5574 23.3254 0.0249986 5.8866
368.013 3.87128 2.82931 8.8687 11.7695 13.3474 18.0954 12.6063 3.02899 0.000779665 5.58905
301.144 17.7291 4.4297 9.57447 5.96012 1.05098 28.8248 11.1296 8.54645 0.000166245 5.85803
279.167 12.5982 18.0385 11.8071 3.53647 6.21782 9.41202 16.6854 18.9783 3.89067e-05 6.22584
330.828 1.603 6.65931 9.56034 4.7312 7.73478 4.47543 10.9743 17.8316 0.00884741 3.80649
358.796 6.91465 3.57873 7.10322 5.79655 5.44424 1.33631 18.943 22.1573 0.0265085 4.49621
372.473 5.98467 4.75399 3.80887 0.706977 2.49761 1.47592 17.7375 3.05108 0.0134484 3.158
355.016 3.7497 11.4368 2.6187 30.6931 4.40371 17.6361 9.22238 19.4926 0.0117495 12.1774
273.1 10.6135 13.7836 6.19449 2.24441 22.5082 17.6958 5.13107 2.43643 0.0216785 8.63706
282.122 5.0525 10.3409 7.71987 2.41819 16.9917 28.206 0.873142 4.05803 0.00959694 8.50275
359.666 7.57443 10.7628 8.55877 2.61122 2.64275 1.47639 2.58122 19.2857 0.0218928 4.51415
320.167 6.63859 1.63723 2.93853 24.0997 1.73317 2.04136 18.6513 28.5783 0.16877 9.96312
296.53 3.99316 0.985493 4.80908 12.0959 2.92545 7.11933 11.0798 33.4622 0.0484535 8.95446
403.309 4.75229 6.22108 10.1808 2.71819 2.77434 6.53829 2.55626 1.25699 0.0889574 5.60124
315.239 22.2433 0.924346 11.5817 1.63831 4.47768 9.48103 8.54452 13.5099 0.108341 7.41378
345.715 6.15546 3.25774 14.2465 8.18175 3.28668 0.176894 4.76794 27.1029 0.132236 7.95606
296.533 11.8243 3.78827 11.8943 2.35587 2.07499 6.96161 7.49829 3.58104 0.0143017 4.03029
314.422 20.6296 1.21737 2.55873 0.394313 3.13183 12.9762 16.7179 4.7523 0.126203 7.57952
318.599 9.359 5.90834 11.367 5.85616 1.37593 15.7252 0.116396 4.39038 0.0527434 6.63675
316.859 3.77152 7.87509 5.99785 16.9932 3.2645 6.50099 33.441 0.967361 0.0887637 8.20513
277.248 1.86829 6.7187 5.72263 7.67764 9.05897 5.58883 1.80688 44.4246 0.0871705 11.0059
326.043 5.75967 4.70177 0.808805 0.0112342 12.6035 15.9557 18.3248 28.9809 0.262771 13.1061
332.768 1.50338 18.06 5.1534 7.09602 9.78997 21.1982 1.0805 12.0904 0.160314 10.047
296.519 11.9214 5.879 14.2751 7.08329 3.99794 1.72024 1.20804 15.6503 0.19687 8.01514
312.955 7.00942 1.59631 20.48 19.1355 6.15151 17.5504 39.0504 16.1604 0.0875323 14.846
257.086 6.82825 5.63437 11.4593 11.1103 10.4785 20.2428 28.7703 22.519 0.177735 13.4725
361.656 3.41862 13.8749 5.56748 11.6397 9.9199 5.90859 10.9329 12.7109 0.0138654 6.11343
329.552 4.45675 7.73719 6.5413 8.38161 2.30304 3.23864 6.984 35.1753 0.10645 6.73331
298.422 7.54087 2.57045 3.27599 11.4872 9.16175 7.51275 7.25444 33.7738 0.0894498 8.21423
320.861 5.25472 3.56815 4.94998 17.8501 5.10778 19.3781 5.96624 50.5022 0.00436146 8.32632
331.397 12.7844 5.55145 2.21788 2.29921 8.61093 6.34285 3.13347 29.9015 0.00324552 3.81768
384.914 4.14687 10.6878 2.23627 5.27982 5.77711 0.323825 9.34954 6.55297 0.00866653 3.35305
398.817 0.529524 13.7483 2.24972 1.55453 12.6649 12.0292 71.3658 3.9606 0.026019 11.4239
384.14 0.935032 5.46924 4.84581 3.67354 5.89793 10.3967 28.3772 6.29161 0.139635 6.43943
381.875 0.873453 19.3302 3.03506 5.25339 9.16233 19.4988 20.3582 6.42911 0.150592 11.6187
332.043 1.84155 12.3882 9.34114 4.45373 3.27941 0.798367 10.1699 4.84764 0.234093 7.03561
304.209 2.90424 14.2315 7.72779 8.22996 6.90094 20.6139 18.2426 10.0413 0.0711445 8.16879
344.379 2.58595 2.79069 3.12768 0.362199 11.1345 14.0033 79.3188 7.96511 0.0332926 11.3748
317.641 1.42939 20.3652 12.051 1.46886 3.9118 6.955 24.7236 25.4104 0.0454402 8.67971
285.518 9.67606 2.69947 16.0631 7.52142 5.29446 16.2102 10.3631 23.3624 0.0744815 8.40615
336.751 18.9469 2.1151 11.123 0.414539 17.9595 4.80918 16.1931 18.5783 0.0264766 8.85926
359.307 0.895722 3.53232 17.5642 1.45476 7.89254 6.31301 2.81892 14.5006 0.0992861 6.35578
350.417 6.30121 12.6171 1.19706 15.1975 4.77107 34.7086 1.64054 47.9656 0.0733594 14.5542
397.545 0.558479 0.690053 11.4767 8.8126 8.70999 21.463 0.602396 18.6377 0.0215738 8.47319
348.81 6.41118 4.74566 9.28687 6.18487 6.97027 2.96947 4.69522 14.0396 0.02272 3.35708
290.442 1.99109 10.8918 0.850827 10.7481 4.00675 15.5272 5.82731 0.902335 0.0472623 7.71451
354.203 3.64567 5.93254 5.89209 2.83244 5.77615 7.29696 4.14551 1.55493 0.0144183 2.42086
365.788 0.94203 5.32122 8.14632 10.4548 6.14447 8.7057 7.79812 7.45383 0.0846309 5.18131
345.076 3.30166 4.61331 9.862 8.62903 6.44982 11.8386 1.91903 26.2044 0.0338463 5.53979
325.265 6.02709 5.66055 2.92727 6.76144 12.3067 6.22613 27.2465 9.38388 0.0679146 6.11173
424.747 0.89514 6.91678 6.71622 2.15282 1.79427 10.2511 42.9868 5.47962 0.0302408 7.12526
377.456 8.74159 5.45763 2.80833 1.67146 4.71494 2.7693 18.3912 2.74294 0.0411348 3.71893
395.608 7.55114 3.57875 3.46444 1.35716 8.54029 4.80308 1.75461 6.34455 0.0179279 2.89649
295.687 5.50739 25.038 2.58271 1.05471 4.75802 33.8375 20.8029 8.50918 0.00124716 8.86629
336.197 3.40798 7.79502 6.28738 1.28057 2.69609 10.4615 13.0549 24.0409 0.00299237 3.83485
410.193 3.24991 6.03002 0.740252 5.29673 7.44892 4.61751 23.1479 23.1504 0.00812555 4.61606
395.443 4.01011 3.09551 1.46522 2.84055 7.38455 1.86153 5.76598 17.0275 0.000907529 1.61851
381.896 10.012 0.260385 1.43682 3.45434 1.03602 4.87455 9.11716 4.25617 0.005405 2.95615
363.502 11.349 8.57037 2.34108 1.39457 1.03602 13.8203 6.46344 6.67496 0.000192729 2.33102
341.17 14.3112 4.0744 10.3384 2.31372 2.04184 31.5375 11.9901 6.54534 0.00499487 6.69552
272.511 7.29085 5.69242 21.7262 19.5557 2.15554 3.07331 23.4496 15.3087 0.00499487 9.40255
303.504 5.5802 4.41646 21.7262 8.13821 0.416876 1.48224 22.4083 8.47207 0.00499487 6.45188
402.91 3.28341 3.09653 1.2718 4.78952 4.78255 14.1652 10.5419 8.42901 0.00172325 2.04093
303.585 16.0756 6.01069 6.2122 5.45803 2.88117 25.0228 14.9563 1.16357 0.0374144 7.02111
285.803 5.39034 4.22191 12.2503 13.4259 4.39704 11.2076 5.39836 8.46227 0.0181197 5.7249
321.16 6.06717 6.71613 6.00599 4.00519 1.51833 6.79005 11.0235 12.7426 0.0681316 4.86374
316.596 6.61299 5.06259 13.0299 10.4908 7.16805 3.60203 16.93 13.4249 0.0519702 6.07831
352.653 8.98489 5.63257 7.89388 0.932884 12.1681 5.16448 9.42083 25.885 0.226551 8.11867
334.917 18.5281 3.47643 5.62853 1.46709 15.6203 4.16734 5.24973 23.7363 0.292953 9.50247
362.85 12.0733 6.46648 5.06185 1.67809 18.1523 4.19198 9.42639 30.5623 0.257172 10.3762
361.742 8.05914 10.8688 2.77316 4.13945 4.7046 3.05798 1.48135 24.4179 0.310174 7.96785
364.027 11.6013 12.9479 3.38393 3.07275 3.85277 2.57176 3.39327 5.61704 0.223265 6.73788
382.657 4.9078 1.05496 3.0062 0.961896 4.72406 9.6366 1.60801 13.3417 0.30572 7.19153
294.16 3.23594 11.7567 2.99746 9.30567 17.6287 5.81846 11.2553 8.27888 0.101694 7.64746
367.015 2.90134 17.3717 3.70551 20.0356 2.87572 10.0819 2.52062 3.36844 0.087865 10.4619
376.333 2.12848 4.11039 3.05275 19.354 18.7735 4.75127 11.8414 16.1867 0.0226391 8.13943
370.365 6.14143 2.96132 4.87499 9.51118 9.12693 8.77962 23.0559 10.7271 0.0534504 5.46593
429.133 1.11037 5.59723 5.67846 0.664506 19.3925 2.63196 1.67527 4.2722 0.0070415 5.76863
360.226 8.63451 5.92008 0.719769 1.64697 11.5424 12.4131 9.81584 18.4032 0.0340508 5.07359
411.938 1.37696 1.86538 1.62281 5.30735 21.9687 3.75895 16.0328 16.7863 0.0126448 5.76386
401.142 6.55603 8.73894 2.20829 11.8021 3.51855 1.96321 2.49425 2.14949 0.0139201 4.8721
327.55 7.29988 5.11422 10.3939 13.5142 1.61622 17.4707 8.14358 2.91877 0.0151415 5.44604
313.109 3.72127 9.17108 8.3408 12.3547 8.96075 28.396 17.8805 5.37853 0.115576 10.5414
234.777 22.8968 13.4858 3.1565 11.112 7.80762 3.71374 13.0193 3.73528 0.125233 9.43771
350.444 9.85238 2.15015 4.72061 1.85697 6.31001 2.84564 15.3901 10.2673 0.168759 5.6703
279.381 3.55715 4.15593 12.9626 8.59737 6.63517 3.95717 19.1283 5.54135 0.046653 7.19031
390.401 1.08746 1.3067 7.6444 1.33004 0.0936583 0.54627 7.09082 4.16166 0.015161 4.84027
312.913 5.5113 5.28611 6.82935 13.1663 9.50336 2.07137 26.6621 14.591 0.190235 8.79751
316.775 3.64109 5.75523 9.02665 8.36755 1.56072 5.24206 8.68072 11.6735 0.0107921 3.71109
401.531 2.80664 6.96294 1.76426 7.34745 6.25086 5.07545 19.8436 13.5846 0.0781457 5.36952
338.008 11.1051 1.70917 5.67777 3.052 13.2605 4.85617 3.18377 14.1689 0.0955958 5.33468
393.109 11.4631 1.73798 0.532704 2.5627 14.0918 5.39238 2.18621 10.5973 0.0506822 5.47431
345.388 10.9568 8.10039 4.62702 5.84786 3.58867 5.06938 3.59887 7.89054 0.00112856 1.79386
293.047 9.25799 5.28938 1.67807 7.33105 1.52945 9.10065 44.281 6.93024 0.000795503 6.5792
353.739 17.8953 10.8314 3.39234 5.41412 2.84327 20.5605 11.0546 9.52117 0.000802396 6.7876
399.736 9.79646 2.21795 4.2829 13.3379 2.95366 4.66153 15.4253 35.7575 0.0043911 6.63884
355.931 10.198 2.64936 4.94889 8.50844 1.99489 5.40597 28.1123 9.37828 0.00126613 3.10573
296.383 14.2045 2.56313 0.616869 15.832 6.45834 7.37011 8.73005 24.9846 0.00201904 5.5832
370.556 8.30309 4.4654 0.843304 8.2037 4.80379 16.785 3.41103 10.8836 0.00750197 3.57715
276.684 3.95629 24.2658 2.05767 2.76646 3.27101 21.7286 17.9585 13.592 0.0208091 8.23625
314.335 7.36086 5.48824 10.3774 20.3657 9.23122 2.88387 4.92537 37.7936 0.00698748 8.30389
388.884 5.14151 1.87768 3.54801 17.9397 3.23437 3.43428 8.96728 24.2848 0.116252 7.21172
377.61 4.83768 3.40898 5.97309 4.53374 14.8076 2.77589 3.38459 24.562 0.105992 6.11934
358.373 8.66827 0.0889614 4.18278 1.32986 28.0971 3.51924 19.3827 7.12136 0.0346729 8.05529
388.172 5.59384 9.73235 3.13734 4.35151 11.1424 0.777713 3.75972 7.84714 0.52234 9.98041
342.94 5.69276 5.07312 9.72997 5.39798 10.807 4.67622 5.35549 1.71112 0.000599782 2.10887
311.812 5.21019 5.40129 4.38494 14.471 1.6687 5.57336 2.90332 16.0089 0.0155114 4.56021
317.701 7.85967 5.24157 4.8034 2.35077 0.246182 3.21312 26.9874 29.831 0.028994 7.75583
377.892 4.41409 7.50959 5.01967 12.9074 8.95612 0.808062 37.9961 22.4605 0.0323629 8.5234
414.578 4.9398 4.25135 3.17352 3.31956 1.49277 5.12466 20.378 27.1878 0.0321114 5.11699
339.299 5.40979 9.64561 5.12459 5.37389 1.76766 5.03103 12.1347 13.3375 0.0419368 3.92242
371.854 5.83272 2.61385 3.29562 3.48412 4.04254 5.84446 20.3456 36.613 0.00285401 4.06535
374.683 1.40423 12.1131 7.09889 0.836055 5.6174 4.32594 29.897 7.86792 0.0108087 4.78252
368.796 6.54417 6.05671 4.79239 6.33276 3.56107 3.12401 3.9863 23.1315 0.123693 5.2146
356.438 9.78879 1.57329 8.18438 9.99412 0.133626 4.28263 39.9222 33.1604 0.109685 10.5003
379.351 8.34008 6.74698 11.6846 2.20274 2.23033 8.86645 65.8754 2.04103 0.0371977 9.97956
315.034 9.91676 3.01058 9.43676 5.4229 8.69044 7.11357 14.2036 13.3191 0.370471 9.0042
283.143 17.775 1.6404 4.86042 0.536861 3.82599 28.1563 23.0334 3.53051 0.0649408 9.46986
356.336 3.88091 4.81365 6.28372 1.09847 2.06026 6.0483 7.27645 6.29863 0.0156057 2.59753
398.65 4.06864 5.09601 7.1835 0.405892 4.61644 12.4138 11.7037 7.47829 0.114377 5.74755
369.106 2.53122 5.39211 9.44502 2.28031 4.25475 8.56353 3.85825 5.80699 0.027178 2.88001
436.274 0.281728 2.33815 1.62657 4.37001 3.59601 4.016 18.9651 21.6443 0.265393 8.79767
362.263 3.0332 1.5348 1.19756 3.92605 5.42682 13.2492 11.2014 4.09612 0.261706 7.03252
378.331 5.58608 1.98763 5.74879 2.467 8.91974 20.6131 19.0951 18.9708 0.035671 6.01618
346.111 10.3654 10.9947 1.60417 5.79898 4.23263 13.064 27.1448 16.8685 0.0285023 6.19527
359.287 3.50364 2.09259 11.5706 12.464 5.92457 2.22929 11.9632 14.4445 0.019126 4.61754
325.103 1.09938 2.07284 10.4177 5.18344 6.13271 11.6019 2.72017 8.31849 0.00831145 4.25124
358.551 7.36298 6.34603 7.08913 15.8855 3.36097 11.8212 29.2005 0.561573 0.0115633 7.37126
367.401 5.44999 0.915148 3.19018 23.5611 6.86669 12.5046 1.72719 3.16348 0.000315765 5.31836
405.85 2.79955 1.87124 2.32707 6.41026 8.72864 6.3994 8.53911 23.0835 0.0212877 3.88068
372.591 5.71097 2.49402 7.69357 7.04404 6.79427 6.69747 5.684 11.3325 0.0257095 3.22569
345.117 7.4673 8.88686 7.05375 9.75425 4.39539 9.08441 5.00369 10.2203 0.0322913 4.45539
290.585 14.2655 9.24643 3.58337 3.23649 3.94124 18.1267 13.2612 34.7489 0.0276849 7.46574
294.681 21.2354 1.86837 10.5466 1.88443 6.06111 15.9001 13.2888 34.5055 0.0188159 8.00152
286.551 27.418 3.25067 1.64049 1.66832 10.2546 10.4696 12.3698 4.93982 0.0149564 5.84476
225.537 34.4731 4.59174 3.17651 0.565228 13.3096 9.65502 6.77145 16.1685 0.00665566 8.33715
356.266 2.57477 0.124589 10.5468 19.9325 16.5842 7.65366 8.85794 32.2571 0.0251311 11.1131
369.584 1.78804 1.13339 4.5129 12.4695 7.36325 1.17804 9.09646 4.86982 0.00502885 2.94544
327.884 20.5028 0.0539056 1.85731 7.91965 0.436512 4.77663 8.39365 1.60241 0.0793112 7.48494
387.507 1.50279 2.11123 0.88619 2.32048 8.36197 2.48156 22.183 2.58683 0.00386604 3.25895
375.767 2.41714 3.6324 1.71413 2.98542 7.6188 2.22358 10.0196 2.50565 0.0225757 2.84734
360.335 4.20552 2.34145 5.05573 10.1714 10.865 5.94629 5.92541 1.70508 0.210264 6.32242
357.724 3.35898 4.52781 4.67046 5.41931 10.4122 4.79461 10.4899 6.8168 0.176631 5.28932
323.022 7.3043 8.81768 0.890867 15.048 22.141 16.6536 4.55804 10.4116 0.0618485 10.2599
316.596 2.82715 12.3324 12.4878 7.83797 3.80394 18.0003 6.11741 2.10715 0.0302666 6.26431
352.692 3.04068 2.87841 10.506 19.4156 11.0097 3.37777 4.68317 1.86952 0.00257408 5.47871
426.911 10.416 2.84626 2.80698 0.700603 6.56876 0.421553 4.03946 17.2505 0.0157783 5.64599
342.064 6.42943 0.553423 2.80698 0.0998751 26.9797 0.738098 26.6917 2.30104 0.0132269 8.42326
379.13 2.87825 0.297866 1.04408 6.73451 6.67504 14.1299 11.1178 20.9367 0.0460449 5.82611
384.098 11.7399 4.27842 11.9605 7.93396 0.669526 12.2407 38.3143 47.7773 0.00468324 11.8554
282.265 11.7399 4.38071 11.7801 3.93811 10.9143 10.6797 8.56228 16.5275 0.011281 5.50782
304.612 9.17828 5.31836 11.1237 1.6096 6.51502 13.7639 12.9795 16.5245 0.00593003 4.62048
287.306 32.1122 4.95508 2.3442 1.04281 4.64754 5.88788 10.4677 16.058 0.0231284 6.78264
354.01 6.5524 3.784 3.34927 2.28717 12.0591 4.05734 7.88491 25.3395 0.0111126 3.63236
329.212 4.78308 8.43367 1.78531 1.41088 27.3619 0.589379 26.2177 31.6019 0.0173859 9.05672
290.107 11.1914 6.2812 14.5588 11.3511 7.60549 2.19302 39.5446 17.7302 0.0156636 8.71481
302.15 11.1671 5.69869 6.23709 2.32091 0.536164 4.92486 30.0304 8.49259 0.00861795 5.53577
341.907 17.0433 2.34979 1.09339 2.31215 7.59577 9.0171 44.3733 10.4647 0.025796 6.92057
311.256 9.86176 4.15915 3.02523 8.25271 21.9704 3.99916 31.6722 8.47862 0.0243994 7.31352
283.074 2.08566 6.53276 11.8703 13.7272 1.75672 15.5969 20.5021 18.3551 0.00145404 7.15742
279.607 0.935097 4.543 22.2129 2.63092 7.65819 26.533 2.93136 19.6904 0.00480879 9.24358
300.257 2.85129 3.23644 5.01528 8.50398 11.1482 4.12122 1.68486 55.8069 0.0106806 9.05917
346.071 10.115 5.31032 3.59992 8.82059 8.61471 8.36169 2.4156 28.0286 0.0193125 4.99468
393.173 11.5702 7.90584 3.22615 13.6623 1.47391 9.28161 2.70976 5.91857 0.026845 7.45245
333.687 5.05069 7.49131 6.92258 1.1545 22.4336 23.3675 11.6813 29.6846 0.0405724 10.0272
377.15 0.673068 4.81848 0.19346 4.10884 12.9417 11.3868 5.55475 11.9427 0.00630138 4.26338
331.546 12.3607 1.91814 0.80696 2.69936 5.44181 4.29142 27.2656 0.574503 0.0377455 6.0826
407.897 7.26433 3.6813 1.71732 3.37308 1.22474 2.89993 5.85495 19.4038 0.26149 6.74669
209.869 23.0486 9.0862 5.15427 6.29681 15.6813 4.16609 3.17615 16.145 0.210788 12.1558
358.976 4.43637 13.4549 7.04151 1.38536 13.4954 3.83261 2.51477 7.9592 0.0749914 5.97571
318.397 6.72601 5.6691 4.71279 5.07126 12.5544 16.84 35.973 9.24054 0.0276307 7.09203
353.126 2.00492 0.676739 8.36006 3.20221 14.1436 14.5295 20.9617 49.7779 0.064201 10.0166
322.47 7.35433 2.78145 18.2204 5.3379 12.9503 6.38897 11.2714 5.45667 0.482384 11.3404
346.753 15.475 2.21357 5.8819 7.78389 9.51161 1.54266 20.5662 8.57906 0.376464 9.71095
267.787 14.0978 0.889397 1.60795 10.3203 8.60572 7.68112 3.75433 7.60964 0.193079 9.80841
271.333 15.7115 8.08192 14.2202 1.05526 10.5568 5.49616 19.2957 4.10335 0.134425 8.76419
287.459 9.26649 8.99132 9.8672 9.48179 9.15075 5.30559 3.44935 15.8353 0.105822 7.09425
337.877 0.51898 9.066 7.77333 10.0028 3.02918 7.72083 9.50486 20.4436 0.385833 9.78903
364.251 5.84002 5.59668 10.3559 8.5107 1.86447 6.10247 16.9833 32.6518 0.188883 8.67812
326.648 17.8716 11.3155 3.9898 4.81892 1.76667 6.00602 7.61443 42.4301 0.0676453 8.34495
293.532 13.1412 14.5032 0.648283 9.7929 8.68507 12.0193 2.80444 31.7927 0.0249438 8.13047
294.427 16.1744 0.852289 10.877 8.34668 1.27866 8.26343 2.46836 33.7858 0.131753 9.04827
316.322 4.50714 8.66582 3.07706 5.11673 6.13992 15.8783 4.12031 23.5452 0.0322604 5.5778
313.413 8.1809 1.33938 5.36002 4.41778 0.664104 9.59451 15.1861 0.413803 0.0482191 6.78189
331.861 0.570316 3.67234 1.31594 2.37639 4.1164 26.4153 3.57341 3.21627 0.169221 9.17585
352.225 13.044 3.24941 7.97245 3.93816 9.40639 16.1772 1.94449 3.71807 0.373312 9.31972
325.861 5.82062 1.05491 1.54679 12.8664 9.62413 10.4303 21.1012 18.9645 0.0732922 7.60663
344.265 12.4294 1.71874 5.25891 0.343607 0.90253 5.66993 32.6688 9.36919 0.0846072 7.21248
323.084 9.15998 5.18788 5.95057 11.2832 8.02728 9.80816 8.85133 73.2097 0.096047 11.1757
301.178 13.7267 14.1499 10.0818 11.5268 1.52685 9.04566 8.48432 17.8399 0.294462 10.992
310.333 12.4617 6.02545 4.76699 7.62399 6.36779 14.0795 19.9792 11.0093 0.257197 8.7286
288.879 13.9706 9.85412 3.9637 2.00321 6.82268 10.6779 14.6667 36.9873 0.0268651 7.26186
353.978 6.69592 2.21603 1.33384 3.92615 10.7478 1.1653 33.5563 22.6871 0.060026 7.10174
363.75 10.9837 13.1312 2.236 2.65497 5.71909 1.62268 17.5528 25.2759 0.0037129 5.20938
320.197 10.564 12.731 4.55015 8.47457 5.2514 8.28459 15.5063 22.8102 0.0186762 5.7857
279.339 10.4804 18.437 1.90876 7.33872 5.78504 8.02428 3.69767 34.7014 0.0250995 7.50127
323.36 4.10626 15.9049 6.39095 19.333 13.3428 10.8055 11.2043 27.4372 0.0467853 12.1199
298.584 5.52521 4.78831 12.8326 6.2532 4.33021 22.2089 21.6696 30.9246 0.0720192 9.55125
399.882 5.28097 0.589519 6.75596 1.92001 0.858195 14.6437 24.5402 28.6683 0.00883248 5.94093
342.169 2.17034 2.6073 3.63376 8.51396 3.91991 9.29382 24.5402 35.8388 0.0070171 6.10822
289.138 10.2497 2.89276 12.5257 9.59993 3.5188 8.31068 2.69058 23.8287 0.018031 5.88987
392.743 0.571059 3.38874 11.1954 2.87018 5.18821 8.41462 5.02386 5.86485 0.000158224 1.74426
359.694 6.30219 15.2247 11.0091 3.47209 1.97409 1.79984 6.05439 14.2936 0.157055 7.80287
257.732 9.64567 7.0004 15.8043 7.31308 2.98125 0.584066 4.58916 29.4595 0.115645 9.921
262.141 9.21451 3.01882 3.28089 22.1097 0.581073 5.6311 7.16428 9.5384 0.0476098 8.676
305.436 5.9535 23.2989 5.81758 0.24619 6.20618 16.5994 2.57849 25.2862 0.128566 10.2462
342.736 6.64649 11.2228 3.52033 7.73579 1.22101 11.463 30.7971 35.1078 0.214112 10.5826
325.825 7.33264 11.4665 1.7583 10.0147 4.84832 3.34797 14.57 22.6875 0.378859 9.65501
351.407 2.78176 12.0671 7.30788 8.62101 3.39945 0.166796 0.568284 9.86301 0.164469 7.62178
311.179 20.7999 2.71178 6.55703 3.99156 1.12869 29.5102 8.41476 18.5826 0.0452118 8.35552
311.635 14.3658 10.4129 8.5326 2.49405 5.71822 18.8156 12.4191 11.6359 0.14152 8.29428
315.165 14.01 10.257 3.88046 9.62632 4.74179 2.64372 2.03355 6.64317 0.0404415 4.86114
316.176 2.03236 10.1305 4.62217 15.8585 7.99179 15.6779 1.5583 15.0792 0.0980252 8.11789
330.106 3.01577 6.55804 4.05885 7.20589 6.04036 9.43805 1.5583 22.4675 0.0809375 5.77086
356.326 12.7256 5.96648 7.40292 7.6532 5.38237 8.1818 15.3903 21.0276 0.156882 8.05893
344.152 1.86985 9.44772 7.62437 2.6062 4.29017 25.0963 2.09273 30.9433 0.0526192 7.53004
308.973 2.93392 20.931 4.70219 1.1013 8.06778 1.49237 8.84998 45.6005 0.000263718 6.48734
314.691 9.55907 10.7114 13.7907 2.75696 3.5668 6.364 9.63314 5.36299 0.000263718 3.02099
262.199 2.74158 7.15741 18.5892 4.2107 5.50354 2.4208 4.43707 14.547 0.0446178 8.00979
333.25 21.5798 4.65004 11.9488 2.14782 12.4782 1.23155 4.7096 18.3373 0.0573106 9.0437
338.099 15.4028 3.71752 6.87128 2.54219 8.52579 22.7286 5.60362 6.64098 0.00906877 5.31229
271.614 17.7986 10.4285 12.2989 1.15463 9.62667 3.50755 9.38418 2.84365 0.00484039 5.53972
379.19 2.18311 3.20767 1.00754 6.23618 13.4192 0.958667 50.2178 4.25874 3.2987e-05 4.94784
340.283 8.0857 11.28 2.47676 13.122 4.52344 11.0555 15.3737 11.0866 0.00077839 4.08545
319.397 21.4286 5.32076 2.31324 1.11537 4.77872 6.77432 7.69116 6.62381 0.228597 7.00151
316.761 21.4286 4.35101 7.34542 1.11537 4.94478 7.51312 7.6673 7.48309 0.132346 6.37147
309.406 9.54001 1.06419 15.4264 7.09602 8.35389 3.8812 11.6313 17.1507 0.00805612 5.06226
303.463 8.21099 7.57428 7.89083 7.90724 4.89867 2.35305 10.2495 19.2646 0.0173905 4.53225
308.277 11.0047 14.0058 3.46486 9.07532 5.75635 1.18039 13.6609 2.12336 0.080866 6.29461
327.196 19.7884 3.23629 15.749 5.40944 6.72458 10.4716 4.39203 10.8956 0.231056 10.1855
318.969 9.44063 6.75404 7.90235 10.3424 1.96105 2.17614 3.79817 31.3123 0.0223477 5.47486
332.146 2.57252 7.03899 10.1764 16.9196 8.52567 7.63064 4.27337 24.7277 0.0012462 5.63535
346.921 8.44177 7.19378 1.93405 6.92584 2.30164 6.78971 12.2204 15.8297 0.000740611 2.10257
289.658 9.996 0.560775 7.16899 5.70575 7.89473 5.99482 3.87053 4.34908 0.00737429 4.79992
327.039 11.0839 12.7523 2.62094 3.35652 8.15247 15.4304 9.43745 5.89185 0.0100917 4.44285
219.144 16.1228 5.93242 2.86447 2.72843 15.0933 4.20996 13.3113 29.6894 0.0383689 11.9759
305.456 6.72762 5.8109 5.55538 7.71683 18.7878 19.0577 12.1672 29.3602 0.0621124 9.47384
263.074 8.47302 4.16005 3.85934 19.127 12.0122 5.52558 7.01438 28.9916 0.0708972 9.92998
325.85 10.5197 4.28871 10.4698 9.09926 2.82247 7.02578 6.60375 20.9332 0.000731658 3.27614
329.961 11.7923 0.667136 4.32798 8.60846 1.30589 19.8817 16.4467 17.3719 0.0113559 5.70735
316.925 17.2993 9.09998 3.97831 2.79232 2.43154 1.03368 9.53283 13.2941 0.126887 6.25841
305.827 6.71395 10.5714 7.5224 4.55983 1.70268 4.71873 9.6523 7.41978 0.135437 5.8475
376.592 2.85146 0.753162 2.89833 11.4984 16.8843 4.19453 11.4548 15.4658 0.0643611 6.31389
383.632 7.48392 2.6565 3.98512 11.0099 19.2201 3.03037 21.6077 15.0149 0.20059 10.5703
354.957 10.0319 3.687 5.19381 4.55792 14.6081 3.30194 19.1315 8.23563 0.0592706 5.32027
307.233 17.3377 12.4107 7.74677 4.83507 0.613821 5.32513 34.8775 7.98223 0.119021 9.24471
341.692 9.45484 2.05921 7.50795 9.10843 1.61076 21.6511 1.37115 5.8891 0.128838 6.9892
395.52 6.43144 2.90007 11.4412 2.40218 0.862841 10.2933 0.506149 19.1993 0.118325 7.20613
274.092 2.84297 9.73694 3.4971 26.5351 3.70571 9.34732 3.59118 20.0642 0.0875008 9.9091
377.138 10.6127 9.16981 8.06014 1.03092 7.49841 20.1757 23.0399 3.7535 0.00544987 7.49546
315.074 18.9276 3.30232 0.837844 24.9792 7.85723 9.10105 38.5881 16.126 0.0146432 11.5979
276.422 21.8999 10.8618 0.519992 21.1331 7.0951 11.3012 37.1618 47.8907 0.00399834 14.4561
216.899 9.14287 20.3055 0.807167 7.63807 5.44981 10.1275 44.6441 14.0477 0.00376027 11.8846
319.502 6.32776 13.0049 13.5471 8.03212 14.5667 15.5923 16.1719 8.4624 0.00626282 8.84158
342.843 6.152 1.3411 13.5629 3.82213 2.28847 14.8146 1.80379 17.5484 0.0206295 4.81633
383.7 2.93057 9.09813 2.58327 1.77882 6.76855 13.6911 3.75421 15.9501 0.0249942 3.9232
285.277 15.6367 1.96091 7.89412 0.516701 17.9529 5.31208 20.4283 26.7342 0.00561602 7.47176
342.047 8.36891 10.5828 2.97283 2.29717 19.2159 3.35402 2.10825 46.6579 0.00440139 7.05425
370.994 11.5591 2.35099 2.62565 3.32668 9.27746 6.59592 47.9595 13.7663 0.00710186 5.93004
395.858 18.3232 0.299288 1.73444 1.57421 10.1818 2.84324 15.0687 3.46477 0.000713376 5.21475
416.412 6.22131 2.54256 4.56022 2.85111 10.1472 3.4757 1.88433 12.7002 0.131321 5.85729
389.965 6.27815 5.84276 5.57674 1.37451 3.40521 26.4238 5.57068 0.561018 0.212345 8.74683
341.808 10.1498 13.3814 4.23745 0.244989 5.30815 12.6716 11.4012 12.3262 0.107964 7.05505
392.178 16.876 13.3347 7.20273 0.993743 10.5899 1.06885 11.5078 25.4243 0.00876329 12.7081
392.178 1.08808 2.73339 6.2909 2.96347 6.33882 1.22954 8.61668 22.7213 0.190449 6.40865
443.678 1.09742 2.98082 5.08422 0.880767 7.2077 1.39371 10.9779 20.8741 0.190449 7.8779
300.043 8.80148 5.35176 12.7676 11.2334 10.0449 7.46281 6.96598 18.1504 0.0580018 7.04718
398.216 5.08725 1.9233 1.40031 9.14856 13.325 18.0996 7.57697 27.788 0.0139003 6.84055
336.898 6.92857 0.319271 21.6126 6.29337 0.583115 11.011 15.5389 12.2114 0.0196635 7.19303
338.049 6.7065 2.04393 24.8985 6.50902 9.21759 2.95615 8.72332 4.27736 0.0254768 7.43168
325.725 3.14461 0.393653 11.1678 1.36999 8.94206 13.3136 27.7492 5.3234 0.00622412 6.15684
312.198 7.37944 10.7574 5.3031 1.81522 9.93322 10.4113 21.6604 12.2197 0.19224 7.97732
357.616 11.4664 11.3189 10.6376 2.31492 2.54468 16.6851 6.99072 3.702 0.255064 9.59919
299.408 22.6447 3.77989 7.59581 6.00901 1.80962 5.97724 14.0663 19.9168 0.0834096 7.06042
436.465 4.40315 3.4615 6.45556 3.92688 4.99226 3.61537 12.7503 16.1179 0.0669266 5.9903
384.262 8.17097 5.36692 2.63007 1.63428 11.3876 0.168513 27.8875 20.2345 0.0636398 7.40608
305.083 4.19391 15.8043 3.98517 14.3389 11.6619 4.12577 3.16837 32.1363 0.167759 10.094
361.229 2.05559 3.99341 3.42067 8.82806 3.83671 8.89425 42.9694 26.2115 0.0627021 7.75668
418.32 1.46691 4.82635 3.39119 7.32734 0.300805 0.256718 28.054 24.1607 0.211501 10.0743
389.453 2.3396 5.59118 4.58671 10.8428 6.71113 2.39344 13.4396 14.3767 0.036683 4.47793
437.49 10.6594 4.06392 1.97191 3.77586 5.00008 1.78652 14.2009 23.5135 0.0681927 7.97744
391.014 3.37087 0.468552 1.18506 11.6513 0.232432 9.83086 12.074 7.91695 0.108928 6.4927
359.474 5.75527 7.60322 12.0095 3.19041 4.78187 3.47994 4.48754 0.736821 0.0937987 5.29868
312.74 7.77609 4.88016 15.561 4.58267 4.91175 5.52243 12.0219 10.1671 0.10035 5.90279
339.987 14.6818 2.78556 3.96466 5.25613 5.04837 10.1474 14.9685 12.9264 0.0533776 4.79267
312.873 6.362 0.919194 3.85514 1.10579 7.38796 9.95716 6.57091 15.1038 0.0322523 6.38396
341.132 4.33401 4.13434 2.36932 23.1908 1.37829 14.1386 8.50601 27.5156 0.0661915 8.2095
309.028 25.2579 0.24201 2.92917 8.69217 1.6371 24.9516 34.0808 35.3936 0.0234746 12.0683
275.418 11.6323 0.677174 5.68728 9.5291 0.620434 3.58694 0.897014 2.03263 0.00194224 6.35071
338.7 6.57659 4.05231 8.248 12.0504 1.81594 5.29566 7.00386 9.78432 0.0544323 4.35448
322.088 20.5755 2.00148 6.7115 6.54734 2.28676 2.31508 0.734008 8.96005 0.219738 7.41092
406.284 2.38092 5.3171 4.2822 0.618879 7.94462 0.0169418 13.4916 22.4448 0.0825891 7.73747
435.422 0.692412 9.42793 0.64139 2.88171 10.5596 7.1379 12.8009 14.4303 0.0633307 7.21129
352.156 2.16607 23.9111 5.5535 2.58813 0.355985 5.06973 14.9847 9.01628 0.00104196 5.30198
246 6.5764 19.7544 2.43051 1.97261 42.876 9.05114 14.7939 7.9261 0.00041779 12.2042
264.085 7.30364 19.7544 1.37555 0.551 9.66967 11.4842 17.1145 0.989892 0.00041779 6.68209
285.244 7.71608 25.4042 0.520793 2.69959 4.82097 3.83881 11.442 33.7667 0.00041779 6.6633
367.851 2.01534 20.5958 0.807856 1.22537 13.2459 16.5549 45.9942 9.8128 0.00874627 10.0736
358.348 1.30027 18.1652 0.0671138 12.781 12.1929 26.9531 20.8561 3.61255 0.00226023 11.4687
321.462 3.72267 15.4647 3.10602 3.77377 3.41502 11.1602 8.92561 21.3362 0.000428612 3.31836
347.202 4.43121 6.31297 2.02398 7.25195 5.07117 1.92281 10.3891 12.4867 0.01327 2.91076
432.215 3.95758 1.05544 6.35796 8.93982 7.26106 13.2643 23.8247 12.464 0.0154822 7.20382
390.594 2.88811 2.54993 9.42062 6.95388 6.42504 22.3781 22.9349 40.6875 0.00365938 7.98471
291.722 4.11746 5.98133 2.11832 5.72077 11.2263 22.6096 26.1752 36.5187 0.0399155 10.9765
398.295 10.1701 6.10969 0.671738 8.62517 4.50932 5.59463 31.955 13.6375 0.0318167 6.9737
349.342 5.85748 7.67357 2.69963 6.77864 39.8211 1.80167 13.0969 3.71096 0.00752022 9.74943
331.28 5.44424 8.19745 2.68189 14.0632 8.72496 0.800986 26.4563 21.1974 0.0180121 6.45169
346.809 0.149688 1.05168 9.03423 11.743 4.27231 8.18473 11.3666 27.0679 0.0079156 6.1194
321.11 7.7924 6.55725 11.817 7.41828 4.95364 10.2891 11.3676 2.89424 0.249417 7.62025
309.163 23.42 1.74701 8.63557 4.9987 6.13783 11.8134 6.93272 2.27368 0.00139489 4.69082
355.157 15.7531 4.1321 1.49304 9.46834 4.45511 10.2112 9.76817 8.7526 0.00139489 3.41437
307.075 24.2642 1.67 2.11373 9.68242 6.48124 8.99476 34.2937 9.1458 0.023461 7.56788
246.039 22.5224 2.83496 20.0728 8.81671 4.64357 2.3547 22.9107 2.7048 0.00269606 8.12494
261.539 11.0037 6.4998 24.1849 5.69102 1.74574 2.8548 13.3056 15.814 0.0308483 8.1508
253.564 1.33388 12.1392 23.1928 5.83686 3.47356 25.9438 1.01104 2.24863 0.0380644 11.3412
339.31 14.0825 4.71476 3.57484 17.241 2.15603 0.289946 23.8138 27.6683 0.0109168 7.85226
236.392 7.3964 4.37455 10.6744 24.7871 12.8163 12.0621 25.1536 30.6162 0.100456 15.3757
347.567 4.69608 4.66584 4.91677 7.97112 9.52168 13.1915 14.0672 40.2519 0.0384848 6.91938
317.997 17.7694 4.62235 3.91473 2.01057 19.5573 2.28124 3.439 8.30277 0.0840334 6.56999
374.7 7.35305 5.94582 6.49143 2.17141 14.1003 5.17448 5.23596 1.6183 0.100156 5.60827
315.873 9.37348 5.19523 2.34738 7.4999 7.05063 26.3894 0.923725 7.27899 0.000580765 4.56689
341.365 8.50451 8.37627 1.91687 6.56882 3.34439 11.4685 8.56005 6.51253 0.0124295 2.93362
377.952 6.40762 5.14956 6.00351 4.58111 5.5309 0.23223 48.3128 9.38277 0.0346144 7.09177
372.83 4.21088 7.4786 15.7534 3.73829 4.6018 1.77048 16.9541 6.4001 0.00315575 4.28265
366.133 4.73951 8.86544 3.01168 4.73081 6.89388 5.01366 8.18928 10.951 0.00315575 1.81174
345.184 7.02729 9.02028 1.16088 3.72026 6.37023 5.01366 15.045 12.0669 0.00315575 2.55507
338.2 11.1828 6.35216 4.72723 4.68848 15.7161 8.27022 22.1788 5.95983 0.009952 4.99756
380.098 4.34048 13.4106 1.91799 12.5978 11.0086 3.87294 20.2816 4.99321 0.0042745 6.32633
324.157 3.85174 8.0926 26.4048 8.62078 1.64572 3.85504 50.629 2.26584 0.00522187 10.5332
344.987 3.75286 3.14683 1.07872 6.57951 2.69188 6.55627 4.32257 6.05955 0.0536474 4.25276
337.731 2.71948 9.6232 6.49897 23.9373 0.937257 5.45866 9.65135 4.73466 0.22013 9.56644
308.499 2.91552 7.85923 12.0515 11.3005 1.6451 9.68467 7.31828 24.633 0.148299 8.13256
346.711 8.82803 0.851553 6.58882 14.1128 0.857149 18.2514 22.3009 3.98707 0.121247 8.37576
347.036 13.3684 0.915236 6.58882 9.0532 0.788021 10.6123 22.6105 13.1904 0.124146 7.49066
336.76 11.9229 5.46618 5.56456 1.29879 17.5442 5.04873 9.89874 2.56387 0.0628563 5.60055
399.898 4.02756 9.24421 8.13502 2.89237 15.1117 15.2454 4.76222 17.0036 0.00629845 7.4138
270.656 8.60552 13.1762 9.92748 15.3362 1.15039 5.59892 6.01894 9.47657 0.0388335 7.08603
366.282 9.32917 2.44665 5.2124 2.35042 14.664 19.3447 6.24901 5.31914 0.135875 7.28824
288.027 18.4551 8.97309 1.70002 6.45358 9.70117 5.51453 18.5043 13.5511 0.114758 7.58619
319.781 3.66321 11.5608 0.669203 2.56367 7.47432 8.86948 9.13445 3.93647 0.224496 7.36373
324.589 3.81864 4.69364 7.72452 11.6913 9.20645 24.5852 3.78753 5.74232 0.0965783 7.82421
363.917 4.50083 5.99815 5.39583 7.30165 15.2627 6.41403 43.1146 22.4249 0.0685331 8.99173
363.353 9.26599 2.22083 5.171 6.12041 1.82155 4.18917 0.884961 45.5222 0.022088 5.91977
319.549 7.20137 2.78437 8.82574 7.85179 2.57215 12.3453 0.930143 9.37371 0.125796 6.19718
376.108 16.928 0.393083 5.02671 8.40726 0.102139 1.65553 11.7456 4.15338 0.148071 8.32419
277.276 15.6696 1.89487 3.76876 1.11153 1.80757 27.6287 5.9912 5.26119 0.0260749 7.82036
352.413 17.0929 2.52598 0.607182 2.97406 0.941867 17.4702 10.2235 0.491205 0.111248 7.28748
369.993 4.91751 19.5108 3.48331 3.58939 3.82528 8.2582 12.2816 13.6145 0.0638834 6.83362
310.467 5.65647 1.21102 3.04064 7.6822 18.2182 9.80867 34.47 7.31179 0.0496935 8.50185
356.168 13.1088 16.9955 2.02752 11.0894 1.36206 23.7167 5.87334 10.8271 0.046958 11.4338
366.624 13.6496 7.94267 1.64954 1.47422 2.83757 11.7152 2.98939 10.6677 0.0642683 5.12096
337.448 2.96969 2.54037 5.85578 14.5077 0.825707 6.22842 19.9646 10.6675 0.0799809 6.21332
350.56 4.34665 4.92836 5.00663 4.06984 0.781273 15.8612 2.40312 10.6476 0.418192 8.60315
367.965 8.26826 0.0771457 3.13692 12.3318 0.672097 8.82186 33.5561 9.70895 0.0997676 8.55111
298.746 15.5605 5.92554 2.51212 8.84084 0.104197 15.7721 13.5243 14.6897 0.326952 10.9652
347.053 27.1787 1.14109 4.47003 15.1698 2.61079 8.754 10.2605 21.5011 0.140773 11.9931
330.989 8.51976 3.55869 14.9451 9.557 18.0354 21.8199 9.15323 6.98007 0.0622823 11.3152
214.961 20.5409 8.97243 3.51998 5.64123 26.4848 22.3277 9.87749 2.60627 0.0119445 11.9713
276.62 8.75395 13.6542 6.53785 11.1689 10.1381 2.16469 4.91061 0.197254 0.111252 8.48464
291.278 6.88763 7.14956 3.92843 7.81172 14.7865 0.946415 4.14038 4.8487 0.0279153 5.53774
381.578 13.642 3.95014 1.75363 17.667 0.960144 0.125084 14.8827 5.60211 0.00537751 7.24778
290.266 24.8833 2.33302 1.75363 7.91412 8.07053 12.282 9.99742 8.0747 0.158512 8.06405
347.898 10.2589 5.35066 2.47491 11.5971 4.70299 11.1976 1.54135 8.62855 0.251688 7.24361
342.135 9.71399 6.34967 0.222774 3.8225 9.9595 9.7104 6.03678 4.0568 0.148261 6.19279
350.621 9.87813 11.401 0.529907 4.12731 5.32936 11.3203 26.9575 7.8759 0.0485316 6.18479
395.313 6.17383 0.232653 4.56927 5.837 5.19766 8.12706 27.9487 14.4807 0.000776549 3.80606
332.972 5.75031 6.44444 2.73788 14.333 13.7707 10.0173 30.7734 19.4102 0.000776549 6.20421
333.717 13.7573 7.03744 1.9445 10.5053 3.76506 5.67529 1.98595 36.4844 0.0638579 6.96225
279.057 22.7656 8.40334 2.73271 6.73025 4.30849 1.94374 19.2969 19.9652 0.0142385 6.26905
289.087 18.165 0.873231 0.191937 13.7954 10.5737 3.97924 34.5815 45.4248 0.164825 14.1969
252.642 32.4818 5.70932 0.354956 4.38737 10.9319 18.8297 21.9513 29.6714 0.169576 13.7657
268.766 24.3336 4.12324 6.66348 8.26981 6.58636 24.7364 20.2411 2.65071 0.330023 13.0632
269.869 0.169401 3.38662 2.97609 9.58399 17.2974 28.6628 21.2248 1.42234 0.330023 16.8694
379.005 7.89293 16.479 0.385514 0.445652 3.17855 37.35 22.5647 11.8887 0.0109839 11.2519
363.028 5.88518 6.46079 3.11911 5.65951 6.73461 20.8262 21.9012 4.31582 0.202563 8.11949
328.338 22.8279 3.05976 2.87325 7.89315 6.76378 3.42417 11.4987 1.0091 0.180559 7.53769
224.152 31.6083 7.34086 7.90891 2.76337 1.0519 5.47558 2.65063 53.5458 0.0298763 11.3771
224.852 24.4388 7.91056 6.38326 11.8019 11.8966 3.70687 12.8488 45.4934 0.101593 12.8018
319.372 12.2536 19.1856 4.11625 5.70431 0.777934 3.86714 5.18414 41.3568 0.142106 9.96067
292.031 18.3019 4.22733 0.515637 4.19719 16.5356 11.5564 13.3133 16.8726 0.183785 9.64908
316.054 11.6616 14.2281 4.55914 3.08263 18.2442 9.63583 4.74817 42.1347 0.172187 11.5586
312.386 29.9728 8.71672 7.54611 3.08169 18.9532 4.80181 31.7119 0.0759682 0.174134 17.1775
338.121 11.4531 8.89352 12.6649 7.3257 12.6942 1.74101 26.7085 25.9342 0.372596 15.0226
319.293 18.5974 10.4803 0.988584 4.56493 9.34026 3.44205 36.0299 25.9342 0.107408 9.93371
311.383 13.4864 3.28904 2.03154 7.9679 2.48434 12.4815 18.8147 87.4814 0.0738745 12.7389
307.946 15.7483 2.35235 1.14 2.71092 5.22869 11.1221 15.727 47.1638 0.0917789 9.44149
317.292 12.2241 10.0442 3.38905 3.59226 6.41987 18.2846 8.85586 38.3809 0.093185 8.45471
253.895 0.320129 24.2695 10.0112 7.67219 4.26979 5.59356 2.36145 16.1205 0.0224941 9.03398
402.681 3.01695 6.44254 13.1225 2.11088 1.2461 2.90745 1.2205 20.805 0.00318768 4.51305
432.573 1.43433 0.870309 6.65719 1.49422 4.22262 5.40674 13.9007 6.72038 0.0338828 4.08993
364.643 4.24242 3.61384 0.575542 1.39622 13.5794 22.4023 13.3791 7.59524 0.0354645 6.08815
281.849 6.36789 4.89655 11.002 8.65248 17.7484 6.79421 10.8349 9.89401 0.00482663 5.86932
353.432 5.06257 10.2976 1.51005 5.03301 13.7274 25.1504 39.9501 12.1228 2.69827e-05 7.11706
342.496 2.33977 9.75191 10.3674 1.88612 5.72646 24.315 20.9456 8.88023 2.69827e-05 4.40976
355.292 13.4292 4.04323 1.29284 2.40252 11.4825 3.83893 40.3942 50.0481 2.69827e-05 7.31175
371.912 4.47323 2.92202 10.6456 1.30733 7.53489 0.853029 19.2657 0.848397 0.0194399 4.40226
318.159 21.2131 2.34308 6.42052 0.906598 13.1226 2.89131 25.0791 8.4377 0.0164587 6.2578
338.638 12.1949 2.53334 8.22737 18.3594 7.53756 2.53884 15.3419 29.5226 0.0164449 8.0873
300.399 5.26095 12.8512 5.03447 16.1997 0.904241 25.6814 16.8822 37.9628 0.0162843 10.4198
273.981 12.9076 3.41016 5.37608 10.1418 17.3521 20.5012 16.3645 8.65336 0.0168202 8.42436
271.973 14.1619 11.3308 5.48698 10.1172 14.289 8.72654 8.32977 5.44914 0.0219706 6.77059
297.319 16.4953 5.69071 6.31449 3.42167 4.51959 16.3727 36.4877 6.14839 0.00132478 5.52274
269.079 6.77986 29.8311 1.58961 8.362 2.12355 6.48814 28.2308 20.156 0.00158279 8.43283
280.927 9.10505 13.8936 1.58961 6.9762 4.63632 25.1056 10.8847 16.0705 0.0002967 5.82129
309.589 4.18509 11.9182 3.38096 2.64534 29.7784 26.7072 0.284711 28.6247 0.00781498 12.245
339.938 0.918323 7.10004 1.59012 5.27177 21.3414 24.1097 13.3655 11.9302 0.00208234 6.9834
327.725 0.932255 13.174 4.58674 4.60152 22.7213 15.3626 28.8519 11.5308 0.0191972 9.00315
291.921 2.78808 21.9536 2.7796 2.74417 36.5611 5.7076 6.19738 10.8341 0.0146139 10.8216
291.557 4.86882 9.18838 5.72569 2.97788 24.8481 10.0969 6.3388 5.25643 0.0429396 7.29602
345.859 15.9049 4.83736 1.01347 2.57137 14.8574 10.869 4.09975 3.80328 0.0531971 5.76708
353.205 2.79144 4.15539 8.27557 10.9711 13.7799 14.9588 8.88188 6.2617 0.00729877 5.06032
399.719 4.33625 0.883545 4.39781 4.38888 10.1807 6.45195 27.2129 18.5339 0.0248123 5.18586
394.371 4.11934 3.11523 3.71605 1.68143 7.7698 16.8239 15.8606 14.4532 0.0297694 4.54719
394.732 8.969 1.29655 0.0935734 2.54144 0.886795 13.4669 12.7579 22.0467 0.0383727 6.41653
371.059 11.0406 2.38617 3.81562 5.49321 5.8592 0.676415 8.14437 9.88224 0.0210045 3.33742
361.304 15.0149 2.00328 4.89957 1.51344 3.83259 1.54072 11.1522 6.07782 0.107108 5.00821
361.209 10.0866 1.67684 0.54259 2.34249 10.8397 2.9748 8.67834 4.32658 0.0710437 4.61434
428.659 6.00448 1.65062 2.51617 3.39658 0.771307 10.1277 1.86072 7.81146 0.216764 6.64857
319.673 3.72657 3.88335 3.58024 4.04612 23.9815 1.09837 42.4401 13.5468 0.0489034 9.28012
321.64 10.7422 2.64906 13.7351 3.97414 2.12973 1.30537 4.45596 7.14689 0.168975 6.22688
294.71 3.42495 6.58456 7.00484 10.1215 7.31079 5.306 5.3042 22.5551 0.0170783 5.65123
329.637 1.87519 22.8332 1.08686 5.9159 5.32095 3.61606 8.51613 22.5346 0.00323447 5.05942
262.778 22.5154 17.3117 2.95316 20.9643 4.78333 0.355826 10.1131 21.4902 0.00974828 12.0549
313.314 16.0143 8.1409 4.09117 15.2524 2.55257 17.2885 28.8675 20.3406 0.00763269 8.58207
270.281 16.3581 7.36258 10.6628 8.27726 15.1854 10.2909 25.9928 9.05448 0.00205174 7.58477
283.047 18.7036 8.23522 10.4373 3.87662 19.9453 6.52275 40.1242 23.4012 0.281842 15.6723
252.646 18.2777 6.93583 4.09942 18.4938 11.7239 6.08272 16.8858 40.0807 0.16418 13.1546
291.676 21.8966 6.37491 4.39755 13.7392 10.3367 1.83325 10.6667 17.5211 0.179656 9.68845
283.924 12.4181 9.84784 1.79504 6.11782 6.35194 5.53734 1.61969 2.33733 0.0335335 5.1544
346.633 7.99446 2.97707 12.9149 0.306748 4.25748 1.41004 0.964868 17.6642 0.0376295 5.45973
358.38 5.14321 12.0426 3.76511 1.06214 4.71426 5.86641 9.69583 21.0629 0.311114 7.82118
380.023 8.78238 9.52162 7.15914 0.643039 8.37704 9.31516 9.35146 16.6388 0.179545 8.22635
343.398 6.0156 5.21619 7.8976 11.3271 0.973063 7.97638 6.92464 32.7961 0.0346076 5.83278
395.166 0.963069 0.0471911 7.05585 19.9521 1.34342 1.46255 11.763 22.7962 0.0262412 8.21411
341.66 5.58562 0.884998 13.7826 8.84571 2.87828 13.422 40.1434 14.9065 0.0262412 7.67615
350.495 5.58562 0.766607 16.7236 5.72237 14.7422 19.1016 42.3605 3.45947 0.0106851 10.0374
344.548 1.98202 2.86582 19.0021 2.94878 8.79814 14.4864 46.1026 2.39409 0.0109688 8.09732
350.328 2.96076 3.68818 5.84472 21.4088 8.63938 10.2077 2.70433 39.9592 0.00444516 7.65057
310.996 2.70534 1.50205 9.20373 7.18961 1.35354 33.0529 22.3001 31.7644 0.0220353 10.3608
346.774 6.60337 0.228085 8.16334 3.01216 1.5856 2.26762 14.3309 11.318 0.034236 4.97561
388.819 3.40799 8.15428 5.48085 5.84524 1.52341 2.93286 12.549 9.26828 0.10133 4.7716
431.297 1.27321 0.995559 11.0375 8.1661 1.78977 10.3629 3.3284 3.71909 0.0613303 6.58359
277.229 11.1865 9.04782 4.3754 0.876276 6.82805 15.4306 4.56973 16.1842 0.0352504 6.72788
360.164 0.708698 7.70418 7.86528 10.8341 20.4857 8.21863 15.9608 12.3347 0.00137817 6.65917
256.396 10.0648 2.36188 8.64536 9.50538 0.31241 6.05933 16.5711 14.3846 0.000440605 7.3479
324.132 9.78733 0.610021 3.36742 16.6388 7.02798 5.20885 1.8387 3.61052 0.0305858 5.16736
356.36 11.5338 4.7412 4.18088 9.11195 5.58811 5.21984 7.44257 19.3557 0.0309556 4.41839
343.08 1.89458 4.72805 1.65451 3.40138 8.54976 21.5689 12.0625 10.0555 0.0891303 6.58307
331.465 1.84463 3.87309 15.763 17.0579 7.89372 4.59405 44.4017 18.044 0.0794765 11.2969
348.461 6.17192 18.5874 3.02072 1.61525 13.458 19.6394 8.36059 6.39775 0.00350712 6.70339
253.501 3.79555 28.7575 1.95104 12.1251 3.06167 25.0775 11.4981 5.37264 0.00275487 9.46997
386.839 1.8373 1.2643 7.43208 8.89592 17.2187 7.59855 10.8873 24.916 0.174431 9.32682
395.949 2.30003 1.2643 6.73303 0.559363 10.9155 18.2793 2.84339 30.7015 0.165331 8.88898
331.406 0.595145 6.99856 5.15616 6.53047 3.99935 9.7671 7.44045 3.60508 0.13958 6.04186
372.618 2.0795 4.43319 12.3293 2.92411 2.84918 12.1944 2.83449 8.01633 0.102317 5.0704
363.35 9.30024 3.84356 6.50227 3.32978 8.52404 8.62706 6.25809 16.9755 0.00209591 2.57023
345.618 3.68181 4.62519 7.24374 7.20412 13.2139 10.2135 5.95797 3.48526 0.000650855 2.51045
341.326 1.1554 3.84272 6.57207 6.82843 5.46956 9.52149 13.7075 25.7412 0.00489976 4.33047
387.29 4.72815 5.69502 9.19248 9.40693 7.15532 6.23005 19.9864 7.21402 0.137516 7.67195
238.255 23.3508 2.57583 11.4705 6.07106 12.6129 17.6646 20.2531 17.8543 0.0979845 11.6186
282.745 26.4863 4.94136 3.2813 5.06626 13.0028 15.1718 21.6801 7.21143 0.143157 10.057
326.729 11.7461 8.96761 2.58004 2.04609 12.9914 10.9486 20.5635 18.22 0.255268 9.36001
210.581 4.59412 11.1779 27.2604 6.71692 7.25394 5.76792 4.63731 12.9711 0.129577 12.697
334.563 3.94656 9.05483 7.31768 8.52735 12.489 2.17983 15.0691 33.608 0.0013626 5.24821
342.163 12.8554 8.74275 9.22784 1.06779 3.83712 1.67762 9.74404 28.2613 0.00117094 4.50392
356.985 3.54841 6.6078 13.0895 2.62367 13.1772 4.68442 20.0448 30.5804 0.00117094 5.50633
382.155 2.45146 7.13492 3.16874 3.01031 15.0015 7.59157 7.29716 2.68575 0.000264922 1.98707
329.355 15.8746 4.64789 3.8061 5.69857 0.379292 1.10939 2.07104 21.4752 0.000396616 3.6152
228.379 38.3761 2.29285 6.4241 5.12547 2.87052 5.67829 5.20462 12.449 0.0162172 7.68318
330.246 6.28796 12.1056 2.35924 6.12387 17.135 8.36325 4.88393 1.96349 0.0769556 6.31422
369.3 7.28265 1.98969 0.472119 7.59865 15.7382 8.39205 7.08924 6.19713 0.0572544 5.32303
379.563 7.16738 2.58071 1.67501 5.87383 11.3316 7.59176 40.4227 35.5577 0.0163934 7.5276
246.229 21.6216 12.9504 0.621439 9.50714 15.7463 4.93459 11.0632 32.5556 0.0123946 9.82123
275.284 18.6246 5.03044 2.62481 21.869 2.89245 7.976 1.1195 23.0178 0.0126731 7.83706
336.591 9.40483 4.49845 4.91542 3.38421 1.35309 3.78576 8.96831 27.9828 0.00099714 3.00882
350.202 6.99245 11.0355 15.3351 2.19276 4.71693 0.915898 12.775 22.1431 0.0333387 7.03459
269.146 9.21143 19.3306 12.9306 3.07716 1.63887 3.5239 25.9856 11.5763 0.051455 8.50161
206.841 3.13373 23.0855 8.11023 10.1963 6.08205 8.60346 21.2836 5.68349 0.141715 13.1555
324.105 3.17383 20.268 1.28702 8.9391 1.91016 9.39758 43.066 2.12502 0.00186249 6.71571
277.888 11.2598 7.28297 4.35349 31.4955 4.58407 9.53061 3.28774 20.92 0.131111 11.9004
333.101 4.17085 1.36326 9.16098 11.5892 6.12085 20.0816 14.4959 9.06561 0.0379764 6.30061
348.245 10.9904 2.74289 3.61938 10.342 0.178448 12.778 0.347636 12.6828 0.0387331 6.12073
344.074 18.2401 1.84971 11.3736 4.94631 7.43617 4.03671 7.37757 0.2963 0.058865 7.19644
351.561 13.7978 2.25967 4.11192 3.87553 5.90148 7.04487 6.12327 0.2963 0.143943 5.85165
329.922 0.161062 0.649243 6.66952 14.516 1.70111 32.0119 6.29157 2.59949 0.197238 11.5872
292.934 10.5362 5.83236 4.30458 11.3586 13.1699 9.94604 0.0504673 20.6995 0.0237443 8.0662
347.885 19.9623 1.17513 0.684429 6.74531 4.37607 20.3876 3.6805 39.1621 0.152588 10.4459
242.393 16.4146 6.81463 1.20913 0.419896 13.0828 33.6108 18.7518 5.33421 0.0198917 11.8446
274.419 19.5139 5.5799 4.01924 0.620654 14.8371 14.9825 6.05296 5.04142 0.0101261 6.14117
301.315 18.7232 5.80978 8.12265 2.44998 12.8201 15.2427 6.16727 3.44041 0.00465749 5.46101
336.593 4.11784 9.20516 4.16419 0.0881881 9.32698 7.37996 22.7393 5.04953 0.0118005 5.12291
315.755 1.71893 10.5791 12.6763 1.621 0.248113 10.3212 7.2341 1.42944 0.0095395 5.28885
287.651 5.66097 3.77647 10.3881 3.84874 1.08553 19.1374 19.1118 36.8943 0.00871714 8.77042
304.484 11.1797 2.90622 13.7648 17.7833 4.86411 8.94381 7.86291 23.2507 0.0131715 7.55885
377.31 9.98809 3.96352 2.22924 3.48506 0.063198 14.068 10.4062 3.45718 0.235458 7.76557
368.688 21.0793 2.33988 0.39602 8.95609 2.82771 10.7275 6.03772 16.397 0.0372033 7.34602
384.649 0.980059 11.6964 3.74173 10.5306 0.776532 4.0249 10.0639 15.725 0.0278821 5.07051
364.951 1.06375 11.5178 0.864265 2.93968 9.76626 19.9768 4.67116 5.65762 0.0158843 4.84951
364.186 1.89869 5.98355 5.7594 3.88553 12.1739 3.31807 21.7736 5.87066 0.020584 3.86295
311.299 6.93914 3.81641 7.23135 1.59432 14.0818 3.31807 19.6676 5.87066 0.0602013 5.95164
246.879 5.35352 18.7744 11.7613 5.34755 12.1284 18.295 13.4363 24.2793 0.16859 12.8228
233.732 8.84001 19.343 10.3581 9.9527 16.3946 3.80316 14.2636 19.4907 0.0639323 11.3673
303.688 23.5931 14.0185 1.1746 5.88187 14.6431 9.3621 14.2693 19.7874 0.206013 12.4195
334.596 9.82241 16.8059 9.48481 5.21631 1.30725 17.2708 14.8344 14.2885 0.126016 10.0504
288.829 7.09384 5.93379 5.56211 26.5267 1.30725 10.5504 15.0133 7.02107 0.0898249 9.04329
291.54 9.37212 5.87399 1.84702 13.9027 5.82931 7.12861 11.4899 18.7442 0.124211 7.64595
338.411 5.52508 25.484 3.00348 3.72897 8.82027 6.91634 11.3358 3.60336 0.201319 9.62126
303.326 19.8104 12.1014 2.24505 2.8957 6.93729 8.62283 12.2209 8.0009 0.0865611 6.65212
304.221 6.67584 11.9854 4.0406 6.42627 10.7646 14.8019 16.8867 14.2924 0.10257 7.58512
303.239 12.6088 15.8154 2.0398 9.44519 1.14399 9.63756 5.65462 9.91572 0.128932 7.21424
310.387 18.8231 11.2443 2.95476 12.68 9.6657 9.96842 11.9712 2.65694 0.117545 9.58809
309.797 10.0957 1.16152 4.26877 6.83834 2.41103 10.3665 9.11355 5.36573 0.0120814 4.1009
269.388 6.08328 3.08834 6.46797 14.9749 0.463524 13.7033 7.77888 6.89192 0.012683 7.58719
393.094 4.37123 3.39443 2.86807 14.1964 10.5501 11.5686 5.48352 12.8004 0.000626745 4.14152
349.299 4.2575 5.15689 5.01648 5.29201 12.5993 5.28219 11.9679 5.565 0.000626745 1.79932
364.612 5.33452 6.25689 11.6333 5.45542 1.32265 11.1863 26.659 37.4841 0.000626745 5.99563
314.601 4.00112 6.69414 10.7398 1.54184 10.9685 10.9098 9.74196 30.7348 0.000626745 4.82031
340.144 6.85829 12.6168 11.6235 1.9209 6.68455 2.01723 12.8356 53.3338 0.0250944 8.57742
347.009 5.14653 8.43982 8.07107 5.36677 4.97572 5.84623 9.26337 13.9855 0.0929243 4.7734
346.918 4.42088 0.280034 10.0205 4.06239 9.10447 3.26015 11.1028 31.8816 0.0174365 5.68928
382.466 1.12753 6.7699 2.80014 6.0841 2.68399 1.71357 12.9576 26.7164 0.01452 4.02357
354.167 8.12818 6.23672 9.57116 0.772611 11.6662 8.47582 31.2496 8.77413 0.0365938 6.54175
358.003 8.665 1.76376 10.0876 8.86292 0.387816 8.20865 3.43976 14.8428 0.0293026 4.84409
325.683 4.04537 7.09976 5.45415 15.2436 2.74826 9.75191 9.36948 3.04387 0.0226493 4.37408
301.246 4.50561 11.0783 11.096 1.12487 14.5236 9.29882 13.8207 15.1874 0.00444242 5.49654
315.722 11.8939 10.4703 4.58379 12.2757 11.3346 4.41271 11.2386 40.2582 7.95747e-05 6.46777
313.13 17.4943 1.39366 6.77779 9.54913 0.742525 13.0358 27.4766 49.9908 0.013778 9.55869
331.47 17.0324 18.5143 1.29556 7.20303 10.6955 5.60605 17.8702 36.6582 0.0174649 11.522
286.305 25.1167 3.80417 0.556635 9.90238 12.5827 1.00186 7.05471 15.3026 0.00242258 6.17026
343.508 12.4602 2.05482 3.3051 6.90586 9.53556 0.734785 0.199999 19.2476 0.00292723 4.49608
277.604 16.0504 8.86841 5.58799 9.73574 9.93307 3.79739 16.1657 15.8568 0.0457523 6.94076
306.8 1.26932 14.537 4.4425 6.22214 18.4587 0.504521 14.3797 19.6351 0.0469012 8.1082
342.345 7.67372 3.35601 4.52074 4.25438 16.2359 12.6127 5.70648 12.8184 0.165943 6.89238
346.328 7.03388 5.58152 4.80618 6.88867 1.91933 21.701 5.18549 12.5152 0.0458631 5.00886
363.395 7.82947 3.3651 4.8779 3.55778 5.48151 18.2834 17.2991 18.8279 0.106365 6.43019
347.299 19.7111 6.17159 4.96052 1.43929 4.67343 4.36828 13.2755 73.0572 0.227428 12.9769
323.296 14.7046 3.10444 13.4906 3.17206 0.416198 14.0838 6.98809 11.0029 0.168659 7.81594
303.07 7.23012 6.32632 3.89735 15.1072 3.40347 1.88989 9.32775 18.9183 0.0264855 5.39805
371.027 3.66718 9.11247 5.2476 7.64329 3.38647 10.7317 8.76141 13.5276 0.0149368 3.52127
368.942 2.26229 9.8897 8.17898 10.6644 1.87547 3.38902 8.81924 10.3825 0.00423955 3.36394
371.388 1.75277 9.06881 4.41248 12.1742 5.78855 14.8715 0.707511 11.7744 0.0379239 6.05689
267.793 12.9732 4.40714 3.88899 19.2812 12.1222 3.00277 55.3491 8.75711 0.0343491 11.2177
334.231 4.56471 6.63866 3.70636 1.34687 11.5163 3.99377 2.18776 1.41087 0.0728015 4.86664
318.149 4.47971 15.0738 3.19991 3.82377 10.2541 1.30315 0.800614 20.786 0.0354098 5.82269
267.73 7.69451 9.23459 13.0828 3.29838 11.5547 1.96775 7.14015 20.0611 0.00260143 5.7344
360.953 8.3935 7.13549 16.4393 7.64062 15.4611 12.97 20.0595 6.35354 0.0677752 12.55
360.241 12.6361 6.22424 5.04747 7.8439 5.2946 12.5266 15.6525 4.019 0.0778807 6.37455
322.809 14.6157 2.92272 5.16283 0.140759 9.14267 18.3183 0.641759 5.35304 0.0865355 7.50643
303.574 8.26091 13.9797 6.91955 1.94054 2.06591 0.750914 19.8636 20.1095 0.0824506 7.33599
215.912 29.3354 2.68337 12.4263 2.13806 2.70263 28.4736 10.1448 21.8917 0.103954 12.8763
228.94 27.4807 1.37503 20.7807 2.356 1.78056 18.5723 11.2496 24.1374 0.0479435 11.7059
268.785 32.6552 8.59805 4.71199 2.26585 1.749 8.43225 23.6567 31.3666 0.0883966 10.8761
264.966 34.3174 0.319456 3.96652 0.398883 0.400222 4.89831 25.613 6.82752 0.101484 10.857
322.509 24.211 4.00952 8.43219 1.20974 5.14279 14.8896 2.78691 7.3646 0.183094 8.48429
304.514 20.4651 6.51426 7.22479 3.24019 1.42232 8.46899 22.4205 6.99017 0.295977 9.12116
304.234 11.0051 2.05167 5.71372 7.8734 11.2781 15.8841 12.7056 9.15975 0.0297177 5.82399
341.213 5.13724 3.70198 8.92515 26.3654 2.10279 7.10334 22.1078 1.3192 0.243002 11.8145
385.875 1.76062 5.82638 2.75026 10.3058 3.5631 23.8426 16.2531 15.8693 0.393079 12.2827
300.817 2.16405 18.0317 3.34649 14.8674 3.80536 8.73616 6.54222 6.8104 0.154811 7.90006
354.865 11.6402 3.68574 2.89983 12.4132 11.831 6.40483 40.0468 6.4247 0.0160174 7.20549
386.119 1.58501 1.3755 6.96759 3.21689 16.7138 7.20341 3.01046 25.5063 0.0190147 5.14524
367.599 6.98969 8.72531 8.14915 5.6581 3.94131 7.61473 2.17007 25.6752 0.0775761 6.19939
322.604 1.13327 6.08714 13.2006 13.043 0.016877 2.64053 12.1742 15.1239 0.0047524 6.86386
318.645 13.5736 1.47124 11.5658 10.4892 4.6047 5.18827 7.0159 30.1634 0.0256042 6.35195
307.07 4.98307 2.18191 6.38234 19.9192 15.4412 4.85825 9.0642 17.8697 0.0080346 6.79674
317.062 11.7079 10.905 10.1871 5.60188 11.4669 6.39757 8.36034 2.99471 0.00159286 4.62703
327.038 7.18864 16.5693 2.92927 5.62226 4.41703 14.6646 2.61942 14.3083 0.000620238 3.73323
391.301 1.44381 6.20196 2.44129 7.77494 5.10793 13.3055 0.853762 43.2598 0.00789858 5.93401
342.304 7.72997 12.1245 3.254 2.57292 6.49377 16.5649 30.5176 46.2759 0.0348996 9.24653
378.875 9.51922 8.3045 2.75783 8.56382 4.10297 9.06147 31.677 18.8514 0.0997842 8.35708
288.065 3.80444 8.98525 1.80237 21.841 2.0442 5.27378 18.555 11.3496 0.0280747 7.38143
311.412 8.72968 4.39929 13.4241 4.69948 1.53168 12.5385 34.3663 7.1795 0.131748 8.36848
337.599 13.2016 2.40086 0.756604 0.55318 2.60922 33.2239 24.1941 20.2945 0.00628125 8.03254
362.039 8.58726 1.32777 8.17689 7.49641 6.84076 6.37115 13.6235 23.1088 0.00877884 4.18667
283.907 22.3443 0.810369 6.20431 12.6868 5.00999 1.0265 30.0528 14.4567 0.00346456 7.04924
410.288 7.35078 0.915677 4.78442 7.18094 6.13895 1.10127 0.776071 26.843 0.151258 7.75964
336.441 5.95651 22.1649 8.91255 3.22354 5.75698 2.71129 6.42503 14.7973 0.21404 9.36534
310.112 12.7079 15.3424 8.69408 3.22902 3.4291 17.0825 0.875904 26.6361 0.16356 10.1201
305.494 7.66215 6.51868 19.961 6.89459 0.61139 15.7466 13.5524 38.9737 0.0514425 10.1958
348.663 10.2288 2.85039 9.94008 3.80113 2.90249 1.41884 17.4746 11.9656 0.0579913 4.79446
304.613 0.460978 2.86768 9.0526 8.28427 3.93171 24.7797 46.7998 10.6893 0.0127272 10.3914
372.803 5.20389 4.7917 3.9309 9.90569 5.98187 0.923193 11.2846 10.7807 0.0278915 3.62719
370.406 10.7624 6.19533 1.4829 1.24324 13.1302 6.01736 7.11036 6.79615 0.124352 5.68382
332.487 10.1533 17.1668 7.98591 1.6359 5.85862 2.63861 8.33226 23.6784 0.0577002 7.24833
377.666 8.69096 0.731044 7.30477 3.49008 3.56121 11.8065 8.48582 5.4777 0.0818214 4.63212
295.618 10.0955 0.786393 9.64857 15.012 5.74095 1.28102 8.05842 35.2398 0.125 9.51248
349.775 0.897534 10.0277 5.49176 17.3095 2.02137 4.6492 10.2328 49.8189 0.138813 10.3586
378.826 1.51814 4.62334 5.49176 9.03545 3.53767 4.6492 9.78745 56.3274 0.187826 9.34744
346.719 6.42865 4.02155 8.01644 1.48768 1.60776 21.9061 8.99632 21.3904 0.316303 9.29452
317.831 16.7153 1.18445 7.32642 1.06751 0.874735 7.66185 26.8729 3.28759 0.0346319 6.14851
303.574 9.27389 3.37562 8.56449 4.58531 19.2399 5.75412 16.5334 33.708 0.0552933 8.39129
334.548 9.24205 1.30934 7.321 5.57403 4.96391 4.03562 0.520931 6.72542 0.000493081 2.17366
371.628 16.3452 1.67173 1.76472 1.06018 5.97109 9.73137 16.1333 24.4795 0.0032427 4.7285
348.395 12.2061 2.27642 1.41891 8.7225 12.7809 21.8645 4.88719 9.10424 0.0115068 5.89151
349.629 1.76092 3.08488 2.98984 25.5042 13.9536 14.2064 9.37595 17.0209 0.0118336 8.78296
380.732 0.314621 3.98031 2.59305 10.2486 19.0306 13.9732 19.051 8.47615 0.00276294 6.20834
317.246 0.0598321 3.89773 5.58834 3.47213 11.4193 28.6849 9.55308 3.28374 0.00248365 7.82239
350.454 0.222072 5.81812 8.02492 2.6801 12.7422 24.2434 26.0339 5.90965 0.00032299 6.13283
338.084 2.04567 13.86 3.95788 13.897 7.63932 26.7819 4.68483 0.132675 0.000757313 7.96276
302.359 3.20088 10.9065 7.05712 6.17296 8.99629 2.84176 9.05318 13.0353 0.0491185 5.38152
308.062 4.99017 10.8222 5.2624 11.5036 0.643247 3.48536 62.1818 12.5604 0.0376199 9.64975
298.821 1.68073 23.6464 4.6896 12.1953 0.668607 5.39906 32.676 21.4705 0.0104696 8.92227
289.687 8.28256 5.78185 7.46804 19.1162 8.50605 0.643733 43.5493 72.4078 0.0181865 14.4108
370.41 9.87339 4.54173 0.0617477 0.630506 7.39564 12.3986 7.59018 42.7219 0.0692024 8.6977
377.909 7.41386 2.05348 7.15963 7.90408 3.73108 18.1737 3.7689 9.04463 0.142596 6.53019
384.417 8.25605 9.4537 7.82907 1.28257 6.5879 5.18194 4.61134 2.32912 0.235179 7.34964
371.953 16.0326 2.68552 5.5079 7.0773 9.68667 6.10487 0.67645 4.7552 0.126236 7.54569
385.854 1.1141 1.05615 12.6451 1.30365 10.3299 2.02296 1.52779 19.7639 0.097315 6.47472
296.663 9.41189 11.8243 3.10747 14.3677 18.2326 22.9322 3.06912 34.6526 0.143799 14.2551
304.036 5.05683 9.3626 9.34579 10.022 22.9319 23.3951 4.03632 27.8476 0.0153159 11.4897
258.857 10.6283 17.5949 7.09273 15.2082 8.01917 8.25171 21.1928 2.68254 0.000348135 7.31226
290.176 5.97087 17.9938 0.646957 3.00604 6.42421 28.7257 0.157602 3.46827 0.000743305 7.45311
280.863 20.8501 3.11203 3.33117 14.1924 2.71563 0.329903 9.43982 1.30765 0.028209 6.60188
241.1 19.0203 3.13679 11.4502 9.93175 9.53632 3.9456 12.8767 8.01425 0.0329114 7.6186
366.616 10.7288 3.61391 10.9892 1.55014 9.8281 7.08858 24.3269 17.7199 0.0188675 6.17785
365.363 6.73499 4.45316 3.12149 3.54872 17.4307 6.34633 7.51439 10.2416 0.0334685 4.1973
340.468 1.45137 2.17079 0.890616 6.79028 2.89483 12.1206 5.3396 12.15 0.0369738 5.66126
326.974 17.7619 1.45277 7.49838 8.46317 4.33356 6.60371 20.2769 33.1272 0.0304575 7.26684
372.95 2.80482 4.01228 12.5235 5.63424 4.25854 11.4671 9.72331 40.2833 0.00786414 5.70635
337.017 1.85124 14.0485 2.91282 6.04912 4.15783 7.04566 19.062 32.8119 0.0184669 5.88426
314.141 1.50518 10.7433 15.8688 1.47009 2.20019 1.83507 30.1812 11.8613 0.0455713 7.39403
363.573 1.44754 9.67362 10.9509 3.16594 3.79778 0.23906 3.24135 19.7765 0.042099 5.58791
356.739 1.50579 13.0732 5.44383 4.05171 2.0143 13.1274 1.54365 10.1097 0.000101812 2.3165
367.038 3.17819 13.1995 7.31452 7.2476 1.82759 6.11874 2.65571 13.7392 0.0217817 4.50606
323.566 5.03028 14.5132 0.322819 4.7285 1.94027 5.20839 7.90512 27.8591 0.00999601 5.30273
372.12 4.13401 0.382798 18.7411 13.0363 8.3185 6.02567 11.0037 18.8151 0.0143316 8.45758
271.504 15.8336 1.78433 12.4102 9.73525 5.76911 3.18691 8.41837 34.7562 0.00041345 6.08086
243.832 0.726391 9.59747 29.2638 5.10787 3.05916 19.6389 33.3804 3.84049 0.011809 12.5782
276.083 6.94905 23.8093 5.41956 3.37807 2.28119 1.19941 47.1685 22.7423 0.0238568 10.1162
352.09 10.5182 0.317807 8.04957 0.311656 3.57752 29.3938 0.580196 13.8852 0.00626788 7.04004
313.483 17.8875 2.98777 0.234227 14.1993 0.587488 20.9221 17.2588 2.16484 0.0315756 8.31782
311.364 2.33692 4.98424 7.1255 8.57754 11.766 12.3951 12.0752 6.93111 0.0149275 5.10353
316.063 7.37903 5.86091 2.73888 6.6513 9.30446 21.4758 30.1171 0.689904 0.00497407 6.40553
348.535 4.15267 2.29498 11.8094 5.70212 3.73709 2.16046 20.2196 18.2379 0.0466218 5.12876
376.603 6.2027 4.35041 3.14183 10.1634 3.40686 14.3366 24.4709 11.4716 0.129355 7.01474
337.368 9.08535 1.43201 6.7157 0.560744 19.6807 8.21114 10.7197 11.7308 0.124024 7.34265
311.527 8.58691 16.6458 2.54971 8.12221 2.06031 18.1761 10.1588 8.34484 0.0308211 6.09309
292.588 7.02852 0.616073 9.20987 11.6428 6.52984 5.23009 8.77848 10.5757 0.00365012 4.89516
343.247 5.9859 0.995407 13.9117 1.13359 3.94938 2.42463 18.1833 10.889 0.0422978 5.10691
285.45 11.1094 22.42 1.2768 1.54296 22.0917 0.523902 34.4643 10.2452 0.0845969 12.0989
299.451 3.69717 11.5311 10.8511 7.6677 28.3204 1.15135 14.6019 2.29925 0.0133135 8.99519
294.752 12.3058 6.50158 10.8995 3.40743 4.0617 2.64949 21.9968 1.65274 0.0530759 5.94771
315.025 11.4828 3.97663 3.36196 14.3297 0.784718 5.46151 19.9588 19.4674 0.0256491 5.91598
315.248 9.05379 6.16152 8.05646 19.2518 6.57617 1.56857 32.2642 6.94246 0.0120036 7.28394
322.213 3.54564 2.48701 6.3887 15.8276 0.088432 3.82092 34.6774 2.67802 0.0649583 8.65144
317.937 9.55333 6.08221 5.74273 5.8114 1.5313 4.37307 24.6597 3.71287 0.0274437 4.56582
376.058 5.95907 8.7422 5.78591 4.34422 8.28536 3.49556 25.9318 2.40669 0.0182462 4.57027
406.977 4.23846 1.39497 5.85992 0.424576 6.43648 12.7058 51.8386 2.89085 0.0235172 7.37463
356.428 8.69133 8.36847 6.02228 3.93692 5.09078 5.03626 21.9145 3.05179 0.0321466 4.21765
358.433 7.30361 6.54356 3.14579 1.20215 7.19261 9.09191 53.0732 9.36412 0.198548 9.65337
305.683 10.4518 3.8526 0.511274 3.95119 7.75882 14.5667 16.8198 4.83687 0.148784 8.01316
365.071 2.77379 6.04525 0.480631 6.87518 16.9085 12.7749 9.67226 30.2363 0.117476 8.56834
390.392 9.37909 2.36948 0.501366 4.06389 4.29716 11.0862 17.4263 10.2824 0.278424 7.74173
344.459 4.84002 8.61901 1.05373 15.1812 3.1853 20.8738 4.16781 12.6768 0.0142032 5.62515
339.266 18.6901 6.00876 2.82418 7.09034 0.788859 14.087 25.6297 23.4241 0.127091 9.33517
318.064 0.394416 5.32104 3.50151 11.3171 6.12685 8.90212 18.8546 1.71092 0.134161 8.05059
329.763 5.03715 12.5094 1.52413 2.73815 13.8358 25.8845 34.05 14.4668 0.0133498 8.60421
310.893 14.6355 6.77922 5.29639 4.21757 16.1679 3.71533 14.1406 24.1728 0.00122537 4.95435
315.134 18.3887 14.3352 5.72206 2.16613 21.5704 8.71768 6.59705 38.7427 0.0133689 12.0062
248.849 3.92887 15.7525 8.63169 19.4127 9.22808 4.54216 11.7085 24.0342 0.0334881 10.2939
344.492 3.07747 6.53387 7.80871 0.0433298 5.44607 32.735 10.2735 31.3869 0.00591677 8.63567
330.274 3.57348 8.12707 10.193 3.10791 9.74269 18.1243 7.47699 7.49411 0.00591677 4.1865
343.767 8.39832 2.65353 17.5269 0.792267 3.48435 5.24302 14.3834 11.5244 0.000267805 3.25411
289.914 14.6713 5.77007 7.11249 6.97885 12.3027 10.5799 23.4835 6.51816 0.103774 7.97626
251.635 5.86004 4.26602 3.11463 26.059 0.52559 6.17904 31.1171 12.1487 0.00413824 10.5919
269.52 5.96899 14.305 0.371593 18.3952 4.51978 13.2774 49.2721 20.7617 0.113506 13.8013
321.262 3.41449 11.537 9.17304 4.41083 9.67789 3.04431 8.30612 7.44187 0.112974 5.65312
379.806 4.19432 8.87204 3.2453 8.39962 9.63066 2.67002 11.3605 18.7409 0.0481907 5.24655
373.149 6.61161 1.28492 2.43919 10.6554 3.76065 4.54322 7.88455 27.2607 0.340315 8.47821
282.637 6.76061 3.68266 25.7001 7.52247 3.9266 14.7982 2.22012 16.2349 0.0690244 9.281
350.004 8.64171 5.69154 1.86535 10.7521 1.0341 11.6487 4.42454 9.0765 0.00780944 3.15338
353.91 4.73016 7.9555 2.77692 12.3582 7.08732 13.227 22.036 9.58148 0.00549057 4.5867
342.032 2.49324 4.27938 4.27794 2.46845 20.6252 10.6156 16.2127 8.85836 0.202763 8.1624
343.328 13.5495 2.69764 5.73556 8.51271 17.3258 2.88788 11.9278 9.97447 0.1505 7.9119
