-36.5931 141.58 8.15716 40.9449 12.6995 0.0107838 32.1463
9.55515 157.426 3.09878 66.1122 26.3735 0.0157369 34.8363
179.592 57.5685 105.166 10.8563 24.0299 0.00153265 31.9541
83.9783 6.94682 105.687 31.1204 10.86 0.0956214 33.3788
51.0665 70.9763 38.6281 7.45171 2.0421 0.0273456 29.981
95.9163 46.6927 32.3135 11.5233 9.37276 0.00814289 29.353
13.2765 133.285 11.5718 15.9918 6.79617 0.00456754 29.3768
85.0424 148.894 24.6513 24.9498 43.657 0.000281417 31.9232
-72.2516 101.792 30.2028 3.15671 5.05651 0.00290134 30.5433
54.7717 28.8977 63.722 64.6643 35.1984 0.00635427 33.8888
-64.2931 66.5548 111.034 17.0342 24.3458 0.0418107 34.1356
184.794 60.3193 20.8866 5.78186 18.4476 0.0219377 31.8096
-13.6493 120.251 14.3534 16.6184 19.6813 0.0382653 31.9306
-40.8953 83.7364 4.72698 14.714 27.7612 0.108602 35.1716
-46.4731 77.7836 70.1967 26.2586 9.02412 0.0337606 32.2127
16.4672 131.48 15.0695 13.8679 1.504 0.0571377 31.663
29.3241 59.9818 11.876 79.4608 34.6866 0.074597 36.3644
46.011 44.014 13.2261 21.3067 28.7776 0.0701834 33.1566
201.023 100.886 14.8678 12.1981 21.071 0.113793 35.0795
136.526 40.2738 38.5239 5.08525 40.0998 0.0815028 34.0636
120.44 57.1232 54.0466 35.7118 4.12187 0.0986465 32.7561
181.861 18.7592 90.9096 17.4493 2.73504 0.22261 35.3151
-13.7429 18.0572 7.02305 35.85 10.5106 0.11123 34.8425
150.341 78.807 83.1624 54.9699 15.5143 0.0401301 34.4338
93.4468 82.2326 115.29 4.61017 7.7854 0.0216813 31.3019
20.0668 78.6025 67.8262 12.7163 18.1455 0.019968 30.7232
-59.8097 98.7932 47.7977 8.42651 7.91817 0.0512483 32.2953
1.24864 184.486 48.6824 3.1779 1.78106 0.0150525 31.7905
9.13233 53.3746 23.85 6.59417 23.892 0.0249056 31.474
4.76643 59.6083 70.1462 29.8276 21.9192 0.0916097 33.487
153.407 85.0691 22.7507 39.1798 26.559 0.00245148 31.7731
85.7849 69.9052 65.0457 30.9095 30.0396 0.022258 32.2849
177.407 89.8144 74.4616 43.6777 26.4512 0.0555686 35.6275
128.213 84.9744 5.53868 32.6801 45.8201 0.0346858 34.6152
94.0269 107.673 32.1289 51.7188 47.8897 0.0224755 34.9402
40.6333 87.6713 74.5865 20.9239 14.6699 0.013323 30.5492
12.0029 157.283 13.461 8.6212 3.40575 0.00328506 29.3672
45.1577 70.7936 27.9306 8.08188 3.19772 0.0147845 29.4162
144.534 12.948 62.976 4.7651 12.8014 0.0543011 32.1177
110.891 84.9242 24.029 17.7992 5.74222 0.0170945 29.8396
58.3046 2.801 141.903 7.44505 16.4183 0.042917 33.1268
211.906 59.5206 107.57 0.284885 44.8003 0.211416 40.5533
-21.0247 60.2239 52.1964 61.4118 12.2195 0.140919 35.3856
73.6942 61.3436 78.8462 18.8441 14.2181 0.0554165 31.5741
67.4358 61.2332 86.1548 1.81143 1.09888 0.0408303 31.4059
61.5521 58.2373 2.21547 49.7357 0.987267 0.0134819 32.3448
86.3283 57.8808 152.157 20.5466 17.2387 0.0282329 33.0741
142.865 57.7898 80.8315 21.3209 6.84846 0.0718897 32.3749
68.1434 50.7001 4.1959 71.0657 7.27668 0.102158 34.7846
-73.0873 109.66 39.0987 24.5172 35.4608 0.0847446 35.862
80.6004 20.4795 96.9794 13.4777 1.98521 0.0654036 31.7447
-26.5571 130.724 31.2368 36.0939 5.41825 0.019583 31.6206
85.6641 89.6947 42.2806 17.9278 17.4182 0.001937 29.2822
-14.1889 25.9147 135.477 14.9988 16.3988 0.000146781 30.6522
-0.947883 43.88 93.3628 34.6961 26.5885 0.1303 34.9519
32.1847 60.5294 54.2527 12.2676 18.7275 0.0704118 31.8412
-24.8083 24.6743 150.095 47.7669 15.9475 0.243816 37.6744
56.4325 134.106 13.3477 31.1872 4.68603 0.042899 31.5859
57.2175 10.3212 29.287 33.546 2.58677 0.0181238 31.6397
124.303 56.7436 6.42699 23.1153 9.82741 0.0348889 31.3977
111.082 75.5731 44.9593 3.70818 12.2699 0.164331 33.4395
65.8283 13.4042 96.1163 28.7105 9.35434 0.0223313 31.4764
46.7202 93.2266 38.3338 44.8791 18.4043 0.00474455 30.918
49.0958 71.8584 21.6276 31.3294 2.46279 0.0267911 30.6947
37.6696 114.232 56.6717 11.7943 11.1225 0.046451 31.2073
62.2689 115.473 31.0973 1.44737 24.6678 0.01133 30.8653
3.43085 104.44 29.2198 4.29757 6.35268 0.00694628 29.3054
33.0407 120.143 60.1796 24.9913 6.81025 0.000608164 29.2706
56.7773 71.4812 122.773 20.9721 14.1616 0.0214045 31.8248
44.5517 124.133 120.977 16.2382 23.6427 0.0082653 32.8964
71.1806 43.1548 93.0228 68.0602 17.6021 0.0163213 33.5047
40.9278 103.532 65.7698 39.8623 0.318647 0.000722893 30.8215
23.7739 125.881 27.0546 5.85687 40.0005 0.1651 35.9836
-21.5742 102.362 45.9895 27.881 12.4573 0.0738936 32.8655
40.21 99.4982 43.0355 49.7041 6.77534 0.128742 34.1045
23.0017 100.126 18.129 91.5193 23.7638 0.00826358 34.3709
36.2822 148.302 123.842 8.44885 4.39189 0.00619661 32.3818
99.0155 28.7246 30.2831 5.27294 9.02778 0.00436368 29.4391
45.753 110.414 10.8857 10.5682 2.90084 0.00291903 28.7551
76.743 116.465 45.3646 9.24433 15.1083 0.00044639 28.7565
76.1661 106.722 15.1128 18.9075 9.68966 0.00169076 28.7861
55.3608 69.9788 67.6997 32.81 3.43956 0.0402905 31.3396
79.8287 84.0751 17.76 36.0713 19.6653 0.0594994 32.476
39.0988 49.1334 34.0225 36.0446 5.88004 0.111814 32.7106
74.6849 38.1257 85.9672 46.2046 18.0431 0.0777265 33.5309
65.5927 30.0649 89.9131 37.4812 23.8704 0.137898 34.4042
9.49791 67.5065 52.085 9.11964 65.6067 0.0191003 34.65
-65.4227 42.5212 22.1988 33.4231 9.18952 0.136701 35.3169
166.971 24.561 118.608 4.36924 17.6098 0.193356 35.4612
61.8484 93.2491 53.0136 6.99481 18.7272 0.109964 32.7413
29.6002 18.1503 20.4574 31.8979 9.56337 0.0176475 31.6161
45.9968 199.029 23.269 14.7299 9.03998 0.0424969 32.6539
76.2083 27.7278 69.1509 13.4624 2.45287 0.0195067 30.2109
37.6896 27.4495 100.632 24.1685 4.11527 0.0744644 32.1569
-31.459 30.9024 102.405 26.9006 8.53817 0.0769111 33.3257
-48.6271 91.9524 85.2399 34.5722 14.4179 0.0491605 33.7269
34.2858 62.3186 101.259 32.9624 4.52985 0.0267119 31.5709
112.053 56.9267 86.6604 66.8181 9.509 0.0267119 33.5235
156.01 6.02452 49.7944 16.5382 15.3711 0.00983382 31.6882
18.8137 8.68052 114.538 51.7743 4.52721 0.0314537 33.4851
149.538 94.1705 17.0598 5.60522 4.09397 0.000121249 28.5438
78.1051 132.749 14.4542 8.66012 8.00302 0.00102158 28.5583
144.266 16.3786 76.6047 8.04721 10.0554 0.00102158 29.7604
25.0163 49.0256 79.2525 2.55444 19.3244 0.0101647 30.6555
162.967 136.599 12.972 1.55175 17.2324 0.000570097 30.6921
129.753 166.077 6.75205 4.3655 18.3373 0.0267843 32.4654
54.2807 99.6877 66.4811 16.2256 7.58359 0.0227463 30.3595
27.2285 75.1171 20.5238 8.5475 15.1976 0.0282552 30.5239
7.84795 157.242 28.0712 77.4866 13.9476 0.0174321 34.4311
-47.0119 113.594 48.0792 37.6294 14.4785 0.00710291 31.8424
133.355 48.1131 14.1238 12.9266 6.99218 0.012324 30.0457
174.719 76.503 50.2721 9.19864 24.3264 0.0600665 33.2402
66.8964 11.3937 242.061 16.2925 13.1528 0.00587178 34.5028
95.3536 15.2009 65.2475 5.21613 18.0556 0.0192696 31.0794
60.169 166.846 41.3782 5.23959 15.0677 0.0126235 31.028
-63.3206 166.846 74.5306 19.741 13.8057 0.0230277 33.72
-1.1497 75.0647 41.987 28.2183 7.32734 0.0160875 30.5146
44.9684 24.355 74.6004 23.6333 8.90212 0.0180384 30.6845
62.8733 80.3312 7.33282 10.779 9.35648 0.00217572 28.8577
-14.4552 159.419 69.8322 10.4363 2.61744 0.098516 34.2184
70.1217 61.6239 20.4543 27.6922 2.47511 0.0322359 30.727
16.218 103.931 36.8848 20.8388 16.9767 0.144645 33.8166
154.189 61.8475 46.8935 20.5209 13.3797 0.055774 32.0581
24.3852 83.586 189.313 2.67047 10.7379 0.010517 33.5981
70.6135 53.1399 140.854 3.51211 11.5449 0.0378538 32.1342
198.642 44.6149 37.2515 7.4252 19.4059 0.0380486 32.7043
93.9732 79.3436 68.9729 6.57885 41.5745 0.0319334 32.9624
64.3106 257.677 21.1394 0.706242 4.66296 0.00229064 33.5903
41.7374 71.6218 12.8743 7.04419 86.416 0.00245688 35.4166
85.8454 45.4913 21.7532 8.53967 29.8127 0.000965454 30.0692
180.656 100.318 7.23371 15.4443 36.5276 0.00689077 32.9559
34.3157 63.455 93.73 9.74395 9.10367 0.00500671 29.5746
36.6249 111.26 16.2415 33.2737 5.87336 0.00192712 29.3733
8.7267 17.5523 40.097 4.49858 13.0275 0.00377188 30.4925
58.8921 98.4337 47.613 43.4681 9.67609 0.00221697 30.154
7.83679 85.147 43.9698 6.43225 28.0682 0.00409659 30.4046
-26.1403 106.452 42.2195 14.3863 2.77982 0.0120363 30.2505
27.1661 79.8055 53.8403 13.3458 8.58094 0.0126133 29.6107
107.484 66.2652 13.4161 33.8059 2.39101 0.0176255 30.7356
64.192 49.4944 109.061 36.0534 2.51187 0.105707 33.4674
181.845 76.2827 10.0019 20.192 21.2403 0.0652454 33.5825
165.793 97.9699 35.1299 23.4096 23.7199 0.015621 32.1887
95.3422 61.7918 13.6953 10.3795 18.8808 0.0013433 29.2681
99.7558 65.8155 66.1214 17.0381 65.3455 0.00677594 34.1724
224.642 87.2761 17.8092 5.11244 21.0264 0.0165399 33.1111
118.293 164.422 9.40135 0.935033 10.9121 0.0059997 31.0913
33.4268 120.348 26.9682 15.4876 13.2623 0.0172517 30.1397
119.066 16.6703 41.0282 19.4882 5.66567 0.0161383 30.5964
162.478 41.841 57.3433 14.1218 14.561 0.141238 33.5907
104.397 5.72885 89.7395 7.31279 3.46311 0.321513 35.5725
168.13 138.107 81.7627 10.717 1.74144 0.0111442 32.8849
118.563 74.51 36.3711 5.71013 30.6213 0.00444981 30.6048
45.3939 51.7766 26.0647 3.92318 25.6666 0.027207 31.4016
26.1338 57.3324 31.2784 7.32819 30.5646 0.0014836 30.2323
56.1408 17.0546 77.8508 48.1608 5.91218 0.00386772 31.1491
90.9626 57.1961 87.4166 6.54854 2.02138 0.00615504 29.5993
137.799 81.6561 67.3509 15.7217 11.0877 0.0108498 30.5031
11.0136 24.3971 66.0754 40.3042 5.0927 0.0148985 31.5043
66.3153 39.6022 49.5973 37.564 9.26234 0.00375444 30.0463
160.209 46.2608 74.6674 15.5185 8.00587 0.0103106 30.6316
-18.5917 46.4059 51.835 27.6928 7.60643 0.0595189 32.2464
173.459 48.4313 127.364 6.10676 10.3467 0.134115 34.8714
-28.6598 31.0361 63.6073 10.1544 5.00605 0.129334 33.3371
56.4167 82.6038 69.2917 21.6587 6.62311 0.0767554 31.8265
9.46315 95.153 69.0835 18.5935 31.3745 0.0014025 30.8968
24.3724 54.2613 73.1417 22.0461 16.1191 0.0539375 31.8373
38.6733 63.1143 27.1025 33.1818 4.95705 0.115015 32.6735
1.209 114.183 91.8988 12.6422 4.70795 0.0058143 30.3987
-65.7849 64.6832 62.1477 14.0338 9.31867 0.0187953 31.7346
-29.2497 57.3566 57.36 32.0614 9.31867 0.000905849 30.2232
20.3162 59.034 13.9713 9.22833 31.4293 0.0186648 31.8056
-29.8433 157.825 68.5669 14.555 9.22881 0.0530695 33.2402
100.816 94.2222 29.4766 13.163 13.8433 0.023317 30.2738
-35.807 16.4488 98.1001 13.9378 7.29953 0.00576031 31.2895
-6.78746 114.678 40.1995 58.3183 2.83369 0.00137433 31.2245
-17.0048 87.6585 46.2702 22.1061 1.88408 0.00647979 30.1012
123.171 100.277 89.2525 30.024 8.38671 0.00478098 31.2766
196.357 98.9353 33.8336 51.8647 12.804 0.0244486 34.1102
84.9384 61.4393 12.8453 27.3253 23.3737 0.00822739 30.856
88.4621 82.6233 44.4975 83.024 18.7824 0.000878961 32.707
152.431 123.391 48.2972 34.7994 31.6454 0.00330905 33.0372
79.317 30.2158 6.36102 16.5698 19.8217 0.00170339 30.4713
161.019 74.5525 27.7082 3.98845 1.81463 0.000146724 28.9395
229.739 9.83011 27.7082 5.84508 27.7966 0.00664703 33.9165
15.2432 95.5668 37.3825 46.825 12.7995 0.0536119 32.6913
74.5227 88.5 32.6404 33.2203 14.1815 0.135324 33.4919
106.72 114.611 2.5851 31.0489 8.33351 0.0802173 33.2072
149.108 13.3515 124.276 16.8946 12.5223 0.0448216 32.8576
109.799 3.06066 67.1327 5.93896 1.27147 0.00149043 30.5247
109.828 54.4491 51.2585 15.9005 8.21595 0.00149043 28.8026
128.76 157.556 11.4595 7.06035 3.26936 0.00149043 29.7563
51.6526 157.556 12.9414 15.6364 3.26936 0.00149043 29.16
38.91 154.621 23.6936 25.0907 12.7155 0.00149043 29.7955
38.91 154.621 23.6936 25.0907 12.7155 0.00149043 29.7955
38.91 101.391 17.6011 31.0128 12.7155 0.00149043 29.4072
39.7013 75.8374 78.2169 21.651 8.3862 0.00149043 29.2293
11.5741 146.312 1.121 18.3828 16.4771 0.00149043 30.6425
20.9898 114.485 16.3122 20.1926 43.9058 0.00149043 31.6069
22.7496 23.9666 70.7461 11.7045 5.9412 0.000305096 28.9045
38.3207 79.4851 69.0277 32.133 3.25394 0.00756568 30.1984
-1.43034 122.104 62.7315 15.0746 2.26255 0.0186329 30.7789
63.7864 195.176 46.4406 11.0217 6.91216 0.037923 32.8559
-7.31527 45.3253 85.5344 5.59623 15.8554 0.0323816 31.5338
64.0885 77.093 30.9373 2.26377 22.6147 0.0311328 31.1748
30.1791 120.518 4.38739 34.4673 32.4822 0.0147972 32.7419
21.4387 122.106 55.116 40.9425 21.2185 0.0542414 33.5783
81.7805 124.15 3.55258 44.7742 13.4055 0.00683596 31.4742
49.3912 60.4092 85.9102 28.72 12.924 0.126834 33.3366
109.92 49.8507 124.214 47.4176 6.42318 0.073991 34.1646
113.63 58.655 65.7957 5.41951 36.4291 0.0488098 32.9729
86.5207 105.359 92.4755 4.2119 10.7053 0.011701 30.754
-37.8868 78.6633 108.011 7.70576 0.897496 0.0143484 31.754
50.4773 58.2665 6.29863 11.336 3.85407 0.0378731 30.8672
54.9106 187.042 9.74521 9.11877 39.8102 0.00957657 32.9835
40.2342 99.1426 20.4046 11.1137 14.7019 0.0490679 31.0331
124.543 148.512 45.5153 7.40653 21.6872 0.0260168 32.3954
22.4185 27.134 29.0043 52.5836 12.9284 8.03851e-05 30.6762
185.83 138.46 26.7302 10.3325 5.7285 0.00930768 31.542
154.656 179.43 41.2295 22.2609 21.9285 0.0150053 34.111
-3.30844 5.32417 63.3194 19.7045 14.9893 0.0230597 32.5161
7.17784 40.8742 144.646 13.2196 19.3627 0.0191409 32.3094
9.11018 82.6691 63.8493 20.0497 14.0927 0.00176738 29.5394
-3.20649 70.1289 51.2282 13.0421 0.996103 0.0161031 30.4245
15.3037 92.7069 35.1235 36.1138 7.00569 0.0362987 31.3768
46.2331 74.1276 25.1798 11.7761 4.71454 0.100219 31.7029
150.825 79.7687 139.744 3.64395 4.71454 0.0197048 32.9457
250.641 41.0547 25.4219 30.9874 10.0215 0.00726247 33.4295
82.6853 17.4597 10.5194 11.9226 38.4976 0.129488 35.0718
92.7848 19.2355 30.9329 11.393 8.62407 0.105496 32.1746
77.9262 44.3128 56.8126 39.604 0.411879 0.0178977 31.6292
52.9495 51.5954 30.4466 6.77079 13.7769 0.0453857 30.8553
48.1736 37.5148 79.5562 23.3054 13.0339 0.0233417 30.9007
-0.863667 81.7825 54.1104 21.6804 9.8763 0.0300665 30.9398
53.0518 17.0484 119.596 88.2059 13.3189 0.07391 36.2329
1.87002 99.3558 13.0742 10.8296 11.2718 0.0248065 30.5149
91.9525 104.823 68.0849 29.3433 17.9573 0.00559196 30.9737
57.4867 34.1686 85.4489 15.9507 28.708 0.0202113 31.7546
25.8664 49.8799 33.8642 23.2342 6.77207 0.128988 32.6473
49.2976 71.9354 21.5013 11.6541 15.1989 0.0600094 31.2735
194.847 149.027 12.3352 40.8069 13.4221 0.055673 35.4837
129.143 61.1323 54.2361 16.0678 10.7687 0.0969536 32.2477
121.751 54.5985 44.7914 37.8423 1.74999 0.175473 34.2109
113.585 98.8152 66.8817 24.4871 8.18882 0.0440944 31.8122
127.415 20.7405 156.455 58.0329 8.27338 0.0100656 34.2659
-67.7648 56.4329 114.168 15.3294 16.9438 0.00941992 32.5421
12.5138 139.904 34.0538 110.713 8.51625 0.00343214 35.0715
55.6943 34.3885 62.4608 1.15164 18.1695 0.00109097 29.8596
26.1391 122.562 6.19245 14.8853 15.1882 0.141986 34.0138
51.8559 98.5167 12.2614 71.8266 8.64037 0.064409 33.9409
90.4394 82.4915 103.501 41.949 1.24653 0.17959 35.9711
25.2593 73.7602 139.704 22.7393 1.7371 0.0435795 32.9813
20.7387 58.8457 172.93 6.10518 3.23183 0.117373 34.5889
34.6654 28.5217 244.697 4.2349 8.59384 0.124242 36.7254
35.3143 24.231 220.883 7.97196 9.8108 0.0849326 35.0884
48.1329 50.3257 27.0228 2.47033 21.3318 0.00860718 30.4193
-18.3123 38.9993 41.6445 6.04193 20.0573 0.00820004 31.0688
-13.9272 55.473 61.2011 34.5644 71.5579 0.0188476 36.575
25.3155 42.3158 50.6976 22.575 15.511 0.0573617 31.8007
112.804 43.4084 2.58962 31.555 1.89773 0.0430315 32.4581
-29.3793 113.272 55.7753 45.9684 1.5439 0.00150408 31.2893
-11.8019 76.1101 27.9607 13.2373 48.8006 0.0519474 34.4114
-8.66813 129.77 24.849 6.87045 33.7561 0.0490358 33.1555
100.12 123.002 66.1703 5.92634 7.45396 0.00393955 29.7964
94.8492 52.4524 47.4616 38.4181 20.6764 0.00455203 30.8416
103.528 67.008 114.473 12.2169 7.33043 0.00784274 30.4977
124.046 31.635 29.6093 6.93427 10.9634 0.00113416 29.1381
79.3334 163.351 27.3456 16.1459 12.7095 0.0010717 29.7176
115.734 54.2654 28.191 18.041 3.48476 0.00162659 28.8518
-6.44469 120.976 16.6667 14.3345 2.17461 0.00296969 29.3024
80.5016 61.5967 117.312 16.5635 3.37784 0.00476151 30.216
30.2682 99.9955 41.1506 10.5435 9.44704 0.00138844 28.525
-7.19673 126.245 36.3784 27.9202 5.97185 0.000942182 29.4756
-7.19673 151.514 25.6904 16.7897 5.04424 0.000942182 29.2279
-36.6888 101.837 71.3885 16.5109 3.46594 0.000942182 29.7802
-33.4159 123.166 79.0115 1.43987 4.41013 0.000942182 30.3222
126.456 43.5543 80.5245 5.48706 10.186 0.0502454 31.3773
144.323 29.8577 96.4057 25.865 5.59789 0.0801625 32.8136
45.1967 6.5038 185.151 11.0171 0.175154 0.054945 34.7093
40.1138 57.1948 65.094 31.2873 4.24095 0.0854631 32.1737
23.4145 30.8849 160.523 31.7028 2.59133 0.0502369 33.5084
-50.9749 28.3319 98.2721 60.8084 12.7242 0.0287658 34.7227
34.5717 135.351 84.8069 8.11439 9.87142 0.0393914 32.0452
63.2924 28.5992 104.808 79.4964 6.65439 0.194629 36.5172
7.48342 61.104 87.5916 37.4993 6.86451 0.30227 36.7075
41.2577 20.1118 73.6816 35.6877 4.12908 0.36837 36.4084
36.9237 99.6152 64.6519 35.186 20.6533 0.0308473 32.2969
204.249 36.9596 52.8424 1.42083 16.4427 0.0192577 32.6582
92.6466 92.5209 5.51664 12.443 7.18818 0.164606 33.6353
147.863 26.4404 42.8201 10.9062 19.1839 0.063961 32.3559
132.536 64.6493 125.8 19.7897 16.9272 0.00864877 32.1049
65.685 11.1032 62.1545 16.5222 47.3958 0.0330294 34.1296
145.387 144.668 122.89 7.89664 12.3827 0.0594616 35.9296
169.562 106.311 74.0425 13.335 4.54009 0.130068 34.7233
205.371 76.4191 118.211 5.58314 6.55222 0.123217 35.9878
165.222 175.62 4.14755 17.6639 3.84888 0.169649 37.1072
106.776 82.3907 167.339 13.5084 4.56016 0.158892 36.3572
79.6565 171.907 10.34 15.0694 7.2809 0.0607485 32.4524
-42.6728 120.462 104.268 31.1551 23.4476 0.031786 34.6049
67.2133 70.9685 73.9489 20.4809 16.085 0.0210567 30.7808
162.603 8.57233 35.2569 52.3127 31.5964 0.287779 37.569
-18.2885 72.1077 23.9849 1.34046 33.7522 0.00769862 32.187
8.42799 55.9266 30.2694 11.508 14.1667 0.00318914 29.5089
90.2199 33.8153 71.6401 1.8032 14.8147 0.0422864 31.434
80.3314 10.7849 140.548 0.923238 26.2783 0.0197519 33.3131
19.5397 85.4777 41.376 52.7901 1.18395 0.125767 34.4447
104.082 94.2918 49.8936 83.787 20.6673 0.278517 39.2457
159.66 138.707 6.18479 10.3126 38.3457 0.16256 37.3585
59.3386 103.06 47.9914 14.207 10.4904 0.0611624 31.3014
172.21 101.781 46.4063 14.5397 5.71668 0.202717 35.516
125.329 30.3964 36.9209 18.6527 16.2226 0.0552972 31.8312
86.6955 71.3963 21.0786 9.9071 5.16788 0.151238 32.6516
125.88 37.4911 30.9671 29.7381 4.86463 0.0165908 30.6349
51.6322 68.2787 53.2571 58.9778 8.26606 0.0331989 32.3659
152.652 58.4555 89.9828 20.3279 11.3806 0.0467125 32.3685
104.103 129.661 91.5118 19.3048 8.33236 0.0224552 32.2881
-11.9254 130.827 3.00182 1.38091 10.7194 0.0279332 31.9085
-45.3473 82.7716 39.0368 9.44361 5.59537 0.00993781 30.3563
48.2377 88.4492 70.9254 4.65312 4.43656 0.0569185 31.1508
75.5393 134.424 53.3018 0.659016 7.97846 0.029704 31.6274
67.7281 71.9871 12.2006 8.68124 13.5305 0.0395327 30.7454
105.078 70.6408 13.6629 6.03319 18.1989 0.0308503 30.9047
263.563 132.275 22.4443 3.43951 8.6752 0.00240677 33.8483
124.87 3.60813 55.9509 5.25702 10.6806 0.00289621 30.6638
178.582 43.9823 54.5891 11.4806 13.4173 0.0552046 32.3183
113.342 120.769 103.857 10.9576 7.13863 0.106113 34.401
53.956 7.09827 167.182 15.9113 21.1536 0.0610739 34.0875
-3.13427 41.7732 135.085 21.4771 20.1272 0.138587 34.8346
127.426 125.794 77.4069 13.4527 16.8652 0.00657035 31.5162
177.789 189.651 14.5134 21.8957 0.147378 0.0622376 36.532
134.21 99.0863 38.6309 24.9561 5.19465 0.0420521 31.512
67.6054 78.8683 98.6182 112.068 5.93341 0.0970824 38.0568
101.548 116.488 79.2001 55.5389 0.141306 0.095049 36.5817
1.89095 86.5781 71.4456 8.3006 10.3092 0.324011 36.9343
141.939 122.695 62.4898 6.00823 12.0317 0.0740125 33.1745
184.741 104.758 84.3424 29.9925 17.3544 0.0492856 34.96
81.9959 6.31657 124.759 75.3092 48.1515 0.0153958 37.6715
34.7018 41.9528 106.975 32.7395 49.7494 0.00380303 33.8268
59.5624 134.82 146.727 15.3153 3.47098 0.0667686 35.3546
-69.6061 29.1173 38.9448 25.0873 11.4788 0.000806445 31.7189
91.7899 62.8593 82.9375 42.4611 7.59391 0.0497381 32.408
-59.072 44.1188 67.2325 35.1896 10.8854 0.0818126 34.1474
94.5975 29.166 15.269 40.7124 0.682857 0.000360567 30.4346
18.6866 44.201 42.7909 48.4451 5.14434 0.000470739 30.0808
-61.8115 68.3039 55.8605 30.9741 1.89315 0.000470739 30.7503
19.7769 94.2962 38.2013 17.2994 38.3625 0.0493444 33.152
74.8401 124.884 56.5415 3.07518 8.88917 0.150283 33.9685
82.9361 62.6748 53.094 6.04424 5.50154 0.0559533 30.7121
98.2746 60.1625 72.0614 6.46564 89.1732 0.00543401 36.1523
45.218 45.9862 33.5238 26.6922 21.1954 0.000604678 29.7549
85.9547 34.414 43.8619 8.27784 18.6437 0.00334476 29.6426
115.118 30.1141 52.2776 34.8202 45.8907 0.0652455 34.9226
28.0424 200.601 7.93419 6.62537 12.2765 0.0261127 32.0579
33.3545 88.1364 32.161 28.8751 24.1221 0.0264575 31.6204
192.934 121.875 3.72509 35.7913 4.24539 0.00730873 32.6504
36.2217 139.443 33.4086 4.86477 0.408647 0.00676316 30.1769
40.8759 113.713 40.0122 6.83736 9.31727 0.00567135 29.087
-13.636 166.133 14.3133 13.6992 9.28259 0.00387096 30.0366
60.1272 118.55 45.9981 20.9185 9.88298 0.00862616 29.863
129.567 123.535 40.1897 2.91149 18.3876 0.00837014 30.8194
66.9294 109.509 0.9854 10.3493 17.938 0.0109876 31.007
105.943 135.186 10.9945 3.08159 37.0672 0.0589138 33.913
8.17164 10.5993 86.5656 67.8525 11.8123 0.212264 36.3951
-27.1565 128.972 121.888 16.9965 11.7916 0.0500155 34.2207
165.04 149.164 86.3259 10.2824 0.756955 0.0691102 35.6332
62.7286 16.3688 149.416 1.25673 18.7838 0.0315277 32.9448
13.6194 12.5336 98.0092 8.44346 8.60161 0.107058 32.7982
133.319 40.4224 107.455 21.8093 3.5805 0.0178376 31.3075
57.9732 24.1404 35.4416 0.778866 20.3411 0.0398291 32.3527
216.381 79.8121 31.297 47.5669 16.354 0.00894881 33.7231
-47.404 57.9894 54.24 15.7024 14.1422 0.0201694 31.6366
22.5271 72.2361 110.915 20.7945 21.8407 0.154382 34.8892
-39.1196 46.8642 29.8805 2.57797 4.99066 0.0295823 31.794
4.46768 61.9852 46.746 7.56762 10.2972 0.0410809 30.8684
99.9379 119.503 34.714 14.3943 16.6326 0.0314282 31.1298
38.3181 60.2759 61.0949 21.7142 17.0868 0.0352702 31.2041
-20.5691 100.891 19.3657 37.7602 4.61718 0.0326569 31.8517
-4.84175 185.875 40.1302 21.7593 22.1773 0.0309591 33.4558
-30.9456 190.498 21.5046 17.869 18.2483 0.0199948 32.6081
28.7047 110.949 27.1486 28.5547 21.185 0.00225743 30.1068
101.205 142.959 29.5677 24.2332 14.6383 0.00501034 30.5156
22.9815 69.8801 147.986 3.45034 7.94129 0.0759152 33.3551
18.5267 131.676 26.1135 11.72 18.7444 0.0110708 30.3004
35.6281 76.3234 43.7535 7.22328 6.36961 0.000130608 27.8193
48.6528 57.7333 82.2719 18.203 2.37788 0.0085177 29.8055
41.5905 79.9313 82.5085 42.6525 3.33187 0.00592141 30.9048
90.2832 37.2154 68.0394 4.87507 16.6199 0.00669724 29.9098
91.8866 159.746 51.8616 4.10715 23.9912 0.011297 31.9831
120.713 115.404 76.1628 22.1002 5.88398 0.00918712 31.0554
97.1617 24.4677 61.0786 14.3569 5.60901 0.00746855 29.6553
77.7333 77.7209 30.7542 3.21039 0.546386 0.0198293 30.3397
183.471 69.263 35.7423 10.6805 25.4424 0.0132787 31.9486
-50.1672 135.442 40.4678 8.99084 15.3688 0.0435106 32.4901
-25.5257 128.354 23.7008 1.47479 18.3612 0.0125288 31.2296
108.134 153.164 29.503 0.692421 11.9971 0.0136374 31.4291
100.679 94.3502 99.3809 2.78095 8.85467 0.0130181 30.9513
73.0264 94.3502 58.206 1.83387 0.669709 0.00122683 29.3709
73.0264 94.3502 58.206 1.24925 20.1838 0.00122683 29.7719
69.3804 83.9942 109.163 5.42744 3.1956 0.00122683 29.5567
153.746 112.892 14.9842 4.0905 10.1602 0.00122683 29.528
125.552 122.652 18.6679 3.68076 16.5095 0.0405877 31.6837
128.35 125.923 70.3716 20.6579 11.2394 0.00271081 30.8737
117.372 76.3616 70.3716 18.2362 4.33927 0.0159839 30.3286
35.1526 90.4635 95.9925 8.52801 5.88801 0.039303 31.2123
75.4518 3.30454 34.2322 69.9061 9.23223 0.00376488 33.1732
79.3582 117.299 12.7973 69.9061 7.88304 0.0170004 32.6893
-37.1605 111.439 38.6626 45.2197 27.9577 0.016255 33.4392
123.184 38.57 66.9098 3.02794 2.80015 0.100597 32.2436
64.0255 122.569 53.2649 15.7151 26.7175 0.0097027 31.1256
56.3207 74.7058 89.6769 33.0167 7.22221 0.0179736 31.1158
58.2556 55.0468 125.401 27.1547 16.66 0.00285616 31.1043
12.3537 77.1888 116.342 40.3936 2.64104 0.00285616 31.5172
12.3537 82.6747 139.413 26.8308 2.64104 0.00285616 31.589
25.909 71.639 123.369 35.9705 6.97514 0.00285616 31.2524
134.132 120.913 13.1121 41.4367 25.9051 0.00285616 31.9927
21.4439 57.317 1.12776 32.3886 46.5194 0.067798 36.2228
82.3975 42.7772 40.5211 27.7452 68.2003 0.180883 37.6564
86.4866 112.833 102.347 35.6459 3.59442 0.193465 36.5562
50.2871 49.4728 120.085 34.8314 3.79726 0.0369574 32.2572
55.3777 14.2889 65.1141 31.2761 14.7126 0.0169464 31.4879
185.453 56.0977 79.9042 32.4417 19.9729 0.026455 33.5104
105.376 59.5521 81.386 12.3318 15.3848 0.0115406 30.3309
-61.8378 84.0323 72.684 11.4935 31.032 0.0594423 34.3477
74.5284 124.963 60.842 5.88235 6.87006 0.019711 30.42
57.0391 68.8078 103.609 7.07225 8.14392 0.0221714 30.5876
74.6158 84.1698 34.1584 6.14318 13.9894 0.0103399 29.4556
-13.6024 99.5372 7.63977 6.23988 16.963 0.00955206 30.5868
191.682 91.915 10.7228 6.05102 6.70296 0.00709783 30.8144
-9.032 63.2947 64.978 7.06892 0.200551 0.0824478 33.1079
37.2432 139.283 147.909 10.3727 21.515 0.0551272 35.8957
33.7503 117.183 45.9701 4.84505 14.8219 0.237489 35.6262
173.336 115.835 32.9915 27.7008 23.4719 0.134084 35.8237
57.4922 71.4583 64.3057 11.3293 15.2743 0.0327116 30.6701
22.3342 114.575 133.519 29.8927 14.0475 0.0902757 35.4989
10.125 75.2362 50.4792 19.0245 14.1323 0.0106096 30.1206
61.8824 120.115 73.5134 3.54064 3.22123 3.00108e-05 28.61
27.6016 105.522 36.0164 39.3535 14.432 3.00108e-05 29.3167
14.4438 21.3414 24.7862 30.6761 18.4171 3.00108e-05 30.2873
31.695 58.9753 42.775 54.1825 41.9219 3.00108e-05 32.2907
21.5112 139.419 21.1221 0.153318 25.8153 0.011269 32.3313
19.0087 92.2967 12.5031 21.632 10.1061 0.00358645 29.3951
130.12 113.098 8.34273 9.13067 21.1707 0.004944 30.4149
44.0422 7.19883 16.1286 4.50246 2.06447 0.00270368 30.8378
39.1922 91.045 71.0056 2.81625 11.2835 0.080092 32.0992
139.894 18.803 67.1545 60.8252 29.0173 0.0795698 35.5485
78.0658 166.857 119.126 14.5895 1.63145 0.140007 37.5721
131.597 54.4982 87.0313 10.4109 7.37514 0.00165687 29.4306
82.1006 35.2387 27.419 10.4109 1.72889 0.00165687 28.9824
-49.6326 60.6755 94.2107 19.9498 15.4346 0.0327851 32.6793
15.5979 59.9112 110.345 22.1198 15.8539 0.018264 31.5644
15.5979 55.2598 161.124 11.2436 22.9063 0.0318797 33.4378
28.7218 24.1453 0.980038 20.5869 5.94204 0.0306449 32.8031
134.887 67.067 127.831 5.41317 19.2031 0.00476558 31.7635
129.486 101.668 131.258 3.95235 14.9978 0.000362 31.6278
89.7073 85.157 99.6064 4.60781 33.4033 0.00605688 31.9074
106.172 50.5682 96.9755 2.68672 32.7279 0.0567666 33.3886
95.1758 66.161 60.7188 7.46112 32.9615 0.0506836 32.5065
96.2877 84.23 8.29348 14.4842 11.6937 0.00212666 29.0622
97.4282 84.23 10.3739 11.1964 11.6937 0.00212666 28.9138
96.627 62.2723 29.2798 32.1702 11.2184 0.00212666 29.5082
86.9814 74.0643 31.5281 10.659 4.91983 0.00212666 28.4028
60.9859 142.136 24.8384 30.807 8.16745 0.00212666 29.7501
-28.4246 145.446 83.1578 3.99754 2.93397 0.0109003 31.5754
146.078 75.1747 59.778 83.8218 2.87151 0.0589561 35.4624
117.425 116.549 21.3244 22.9849 2.99908 0.130063 33.4932
64.5378 95.5304 62.7571 7.87106 3.71697 0.114332 32.385
-8.01531 22.5665 85.7129 37.2341 4.60232 0.131197 33.9615
70.8635 191.972 98.6851 51.3189 12.0737 0.00247404 35.79
52.6721 140.777 48.8413 16.4155 27.7853 0.00948312 31.4778
51.0907 82.7992 50.859 23.6502 0.999602 0.0170744 30.3791
198.96 67.2376 110.328 21.8037 10.9959 0.032024 33.9599
187.873 167.185 45.6513 7.2967 12.9422 0.00588935 33.0202
-52.0342 126.45 31.6905 4.75135 49.6322 0.00913635 33.809
8.04525 150.099 46.3609 9.98546 52.9846 0.00683978 33.5571
-66.7927 250.211 22.0685 21.2494 9.95047 0.00507038 34.0301
18.903 156.568 13.9682 11.9676 4.87376 0.00137874 29.023
156.936 20.5196 53.0198 43.5846 16.4732 0.00836181 32.2183
22.549 22.5106 145.059 24.4851 1.47655 0.0176894 32.1354
94.6932 81.6856 39.33 32.8626 41.2718 0.0503391 33.9268
-19.413 79.5292 81.621 25.0463 28.1551 0.0171207 32.5647
98.7275 37.0367 65.724 20.5406 9.85004 0.0380904 30.9367
-36.8509 30.0366 97.3233 10.2817 14.4357 0.0904855 33.4301
-54.3507 26.0983 78.307 10.6128 11.8227 0.0963258 33.7804
190.209 6.7824 97.8597 46.8043 3.58022 0.0671609 35.0467
103.683 27.3824 34.4033 63.0879 12.8254 0.058671 33.5297
150.874 25.9792 95.6252 29.7037 11.2928 0.142779 34.1848
91.3019 38.7375 99.1259 3.37567 39.1687 0.0060229 32.155
93.2389 65.4736 45.1097 12.2601 32.5549 0.000139608 29.7081
0.285858 69.5922 10.5022 8.56475 19.2447 0.0180336 31.0672
159.053 53.1335 13.6587 13.2501 18.6369 0.00809425 30.828
132.097 13.82 53.43 25.8917 19.1938 0.00545688 31.2377
131.706 139.014 66.2624 15.8821 11.2475 0.0042167 31.1653
99.4478 118.216 5.0004 28.239 16.503 0.021852 31.5482
58.3276 67.2053 24.3609 24.8023 3.72869 0.058373 31.1587
69.9644 64.4072 144.815 24.5682 4.61244 0.0123634 31.8603
107.053 61.6735 11.3611 49.954 17.9514 0.0155318 32.0521
156.977 34.042 33.2979 33.1199 0.579357 0.00214264 30.9477
2.47975 115.2 51.6545 34.4575 47.1115 0.00214264 33.1292
57.8156 121.703 76.1214 10.1715 25.778 0.0261099 32.1468
-44.1475 111.186 43.2709 2.83996 29.6042 0.217928 37.2734
32.512 23.9805 128.576 2.46431 9.77758 0.192646 34.3706
-63.4822 177.062 47.2916 71.717 3.26809 0.0338496 36.3534
77.2271 79.1585 36.6938 44.2605 1.35354 0.105482 33.3182
-22.5305 90.9294 9.41477 24.3475 12.7107 0.0704444 32.8463
177.659 107.477 16.9629 18.9344 61.8863 0.0369131 36.3907
93.6282 47.6388 36.6217 9.00861 25.7559 0.0725327 32.2677
55.3182 114.345 21.3738 35.1858 28.7074 0.132035 34.9076
120.478 55.2043 27.0153 15.1042 9.58935 0.118679 32.347
57.0192 33.2512 71.8586 13.3544 12.2609 0.0607679 31.357
116.863 18.4029 38.2739 39.4337 17.841 0.00526278 31.424
6.48005 60.8473 54.3198 5.0107 32.599 0.00321713 30.9121
112.397 11.3432 37.5099 15.5388 26.1647 0.0394188 32.5923
64.6021 102.596 38.5859 9.36994 8.49512 0.00756268 29.0737
23.586 90.8241 53.7569 13.3898 9.79767 0.122532 32.6512
45.576 77.1177 25.4996 16.9859 4.01407 0.0495754 30.6851
32.6875 49.1772 53.9194 16.995 22.3765 0.00899468 30.5029
54.3449 129.754 115.043 6.6986 4.20578 0.0458067 32.9956
11.4368 98.0449 52.259 50.0708 8.70697 0.0275219 32.1613
20.6899 35.4764 33.8133 8.33205 7.98896 0.104571 32.1884
22.8613 126.998 33.5655 45.481 9.11488 0.0190299 31.6379
18.4198 74.4673 45.9386 26.835 10.062 0.0293241 30.8387
142.828 30.8471 50.3384 15.4627 11.3308 0.00637282 30.1034
-19.7201 167.979 49.3319 47.283 4.08756 0.000773069 31.7996
-16.9038 160.617 18.2669 10.414 6.5995 0.00526933 29.9302
161.076 75.9553 43.8658 31.0708 23.2077 0.00104545 31.0803
46.1482 16.3393 81.269 27.0648 5.24681 0.00243626 30.048
8.05751 160.389 93.7656 6.24739 9.31069 0.0260496 32.7404
-35.9549 39.8585 77.4833 9.50094 7.65229 0.0033825 30.2961
-25.8797 77.2453 116.997 15.6297 20.1485 0.013101 32.2203
46.018 110.296 51.6589 27.3268 15.0786 0.0271549 31.2763
-20.5718 84.0751 30.0007 21.7482 12.6509 0.0757216 32.5004
-31.1873 136.896 45.4986 5.58993 15.7821 0.00901006 30.8185
0.443339 123.979 34.0488 9.21005 20.9743 0.0149675 30.7689
172.98 63.7917 43.1631 20.8827 14.3241 0.00488373 30.6991
18.1668 40.4548 54.2006 20.5897 40.6313 0.142472 35.0884
77.4474 44.6304 53.4191 9.79442 10.6724 0.412858 36.6492
107.659 62.5272 28.2341 10.2921 23.381 0.493203 38.6109
93.8018 153.566 32.052 51.0866 9.96123 0.015876 32.6784
-7.04597 77.9205 115.091 55.8208 6.36573 0.0323862 33.9367
47.5639 63.5234 19.2795 53.308 3.39384 0.0155706 31.3571
7.07262 47.3436 5.23099 56.5347 15.024 0.00817984 32.7055
47.0622 56.7907 17.5653 40.5211 4.75193 0.0306836 31.3048
122.889 112.106 104.34 40.4451 12.1038 0.0679022 35.0915
108.853 79.357 19.2615 41.2878 10.895 0.00774478 30.5888
73.5907 57.6897 25.8769 47.6557 2.72518 0.0149768 31.015
8.11507 64.3397 12.939 38.2717 5.52636 0.0210973 31.2998
39.4241 53.3108 28.17 69.786 14.156 0.0666852 33.9124
97.9122 7.60594 123.866 14.717 4.20945 0.0329868 31.8315
58.5383 62.4607 35.8669 20.6935 28.5364 0.00628047 30.6403
60.415 61.1155 83.3878 40.5642 42.2952 0.0715963 35.1455
62.7802 119.164 92.8145 81.3699 34.3732 0.0228617 37.2989
-4.37807 146.391 18.6872 23.0906 75.5015 0.0503059 37.4948
144.899 18.0448 28.4496 30.6059 25.2548 0.0974595 34.0975
48.2583 31.1711 116.518 33.1184 26.8689 0.207464 35.7946
49.1486 77.3081 21.9305 122.877 11.1725 0.0400732 36.2285
75.0223 111.21 42.5538 8.50091 38.2074 0.00633427 31.3565
104.706 108.03 36.0221 25.6364 3.33496 0.00656543 29.8076
47.4461 83.2946 92.0257 35.242 3.48806 0.00255631 30.4014
60.6374 88.5317 31.4676 12.4306 2.72869 0.041484 30.3756
78.62 20.265 136.326 11.9409 1.74508 0.0282232 31.6248
75.2174 132.886 55.2892 25.8097 8.21221 0.0195577 31.1467
46.5064 24.7627 126.84 13.2963 9.70378 0.204252 34.2054
59.7652 73.9855 92.1124 30.6794 6.7205 0.0197564 31.1013
75.3402 13.8015 62.0439 4.54134 7.75139 0.0343292 30.9674
116.677 27.5587 57.6903 52.7075 21.2142 0.0415625 33.4212
-15.9771 85.5686 36.5839 18.1652 13.4165 0.0481635 31.666
91.4821 155.95 48.7108 5.81196 23.901 0.00385741 31.1449
58.2917 85.1033 19.5144 1.22711 21.694 0.0121122 30.6441
134.651 82.955 23.5904 4.06328 32.6239 0.188514 35.5255
-46.0806 77.5797 15.9014 0.858644 66.2571 0.235359 40.5083
10.0682 78.9814 15.9014 0.853971 76.1367 0.536309 42.389
132.681 79.5527 23.8205 3.07687 45.3297 0.161024 36.0704
57.6981 107.747 52.5725 30.9597 5.19414 0.0182426 30.6453
209.354 29.8577 85.1429 6.71524 31.9829 0.0454828 34.7059
153.593 13.5166 26.3225 28.4556 24.8969 0.0104555 32.4992
91.8238 19.7184 109.933 21.9986 25.4009 0.0813656 33.5165
44.615 59.9139 40.2589 21.4235 26.9915 0.0243642 31.4613
21.1888 16.4735 55.4745 6.07635 27.6916 0.0100752 31.7225
69.6967 117.27 31.8599 10.0051 3.22451 0.00867437 29.2192
120.079 86.0281 15.6354 11.9899 28.3218 0.0141694 31.1549
33.9493 70.4288 84.4013 19.5052 8.26226 0.0117188 30.1351
140.572 32.9799 97.3722 12.6241 46.9887 0.0705582 35.0899
82.5291 96.2488 165.536 19.5347 12.0507 0.0178088 33.9068
111.597 97.574 42.5764 10.3553 11.0791 0.0219175 30.2495
48.2459 54.5456 65.3932 14.9484 34.3406 0.0197796 31.8524
71.9573 107.371 66.1206 18.6889 41.3116 0.0633348 34.2607
97.4892 98.1754 55.9521 13.0894 10.2741 0.0117879 29.876
72.1495 33.8229 59.7398 24.9387 1.84957 0.0902801 32.0845
32.5092 57.1721 122.39 19.0564 17.366 0.00691598 31.1279
-20.8906 31.2377 166.084 6.97044 16.6443 0.00685486 32.3662
157.348 112.05 78.0629 4.78508 6.20276 0.00470083 30.9803
71.2218 71.2854 14.233 6.68681 33.3618 0.00422154 30.6763
75.6381 74.1172 5.32158 15.9332 24.7128 0.00794627 30.7589
21.5929 81.4469 43.8008 15.4629 11.529 0.00103119 28.7158
67.277 212.992 38.4627 11.6803 10.5073 0.0115124 32.421
50.3785 23.2495 48.4947 35.5819 19.1355 0.0544613 32.6148
96.2662 150.624 31.1006 21.9761 32.0694 0.0589914 34.0448
42.1819 102.339 87.4112 14.8143 27.1613 0.0367283 32.6029
57.4031 126.674 28.0458 18.5859 18.7106 0.0242607 30.9655
-4.54459 46.6172 55.0217 10.1865 18.26 0.0259589 31.2405
172.095 59.2201 120.825 6.80601 17.7288 0.0232711 33.0317
12.2507 20.3428 44.0033 14.4894 17.3292 0.0139509 31.1908
97.8407 31.9563 27.275 31.2456 8.04087 0.056914 31.7207
110.997 119.714 40.374 21.5476 17.5442 0.00885421 30.7015
-5.15732 77.5082 11.0915 41.1951 15.3079 0.0209876 32.0284
220.821 56.7578 94.7426 12.5992 0.810443 0.041212 34.2366
102.143 52.4154 84.6327 13.6217 10.2381 0.0335892 30.8496
35.6656 99.5829 121.153 6.31859 23.2323 0.0147275 32.285
21.7983 141.051 97.4134 41.6385 3.62077 0.000792921 32.0001
52.3592 167.864 10.0921 18.626 30.4535 0.109707 35.1648
79.6225 116.824 29.5746 52.662 7.0155 0.0622778 33.0748
19.5111 200.904 28.4622 42.0172 1.88134 0.0705074 35.1441
-31.0475 88.7426 102.478 63.3365 28.2213 0.165694 38.471
-69.651 87.1855 64.0723 8.73363 6.07793 0.0205181 31.6429
91.1465 101.694 69.4556 44.0905 35.545 0.00369588 32.9995
67.6797 135.961 30.3362 62.3018 9.09205 0.00854063 32.2063
71.3859 22.487 68.1435 22.8365 31.1507 0.00501235 31.4865
174.037 90.1163 70.6895 14.274 13.3517 0.0242902 32.1768
56.1346 94.3091 88.1203 13.5889 12.6006 0.0187376 30.7655
16.0371 73.142 72.453 27.3325 19.5271 0.029134 31.7775
-1.60033 18.5725 176.897 11.8005 9.60725 0.0347199 33.0765
130.625 147.597 75.1257 7.1888 8.82293 0.0139603 32.0404
-35.1678 150.914 48.5203 2.48958 5.53671 0.0239959 31.6378
79.7674 40.1496 44.6 14.0984 11.2864 0.0159946 29.9233
129.116 83.9502 51.0301 13.8264 6.54171 0.113183 32.5918
95.8941 16.0943 23.6807 38.054 21.3221 0.0273387 32.6373
210.315 66.6598 10.8538 15.016 7.73948 0.0339044 32.5294
84.629 26.383 41.6324 18.2164 0.812869 0.0178138 30.6579
98.1725 22.9105 53.6385 12.8898 3.4187 0.00301928 29.2889
53.0149 104.643 64.9373 25.6053 10.7616 0.0516368 31.8256
68.236 114.858 44.2486 26.6747 5.84622 0.0358423 31.069
5.89125 72.379 64.5937 49.781 14.7601 0.0120812 31.9393
100.284 95.8357 9.6203 32.745 8.83298 0.0206513 30.8537
142.557 72.0534 2.64455 37.0028 16.7664 0.00887092 31.9629
126.251 117.188 9.8193 67.5532 21.7535 0.00401125 33.1794
140.957 66.5115 63.8287 29.7479 12.1536 0.00157401 30.1952
-23.106 103.13 71.8794 8.24279 0.363009 0.0487388 32.5777
98.6056 54.2679 25.5083 14.9915 21.8743 0.014219 30.5433
101.503 25.5605 185.753 60.3687 34.9891 0.0149474 37.2869
151.608 27.3337 98.8025 12.4288 14.3533 0.0407341 32.1439
107.679 95.7327 12.9636 38.2972 1.60422 0.0152592 31.0135
112.503 128.839 22.1713 22.9017 3.05703 0.00372426 29.7192
131.325 128.702 5.75134 13.4212 0.764183 0.00369676 30.3324
62.4698 22.3461 25.214 39.1918 5.1362 0.0543335 32.1861
42.7734 99.893 25.214 38.1619 20.0534 0.16171 34.7442
85.8706 112.109 58.3024 8.65556 23.8652 0.042233 32.0129
48.0018 8.58642 93.5644 3.70381 17.8069 0.0516299 32.4141
0.0395307 16.9915 105.391 18.8135 14.5664 0.00157538 30.6993
117.724 85.2981 39.6125 11.5577 1.90962 0.141892 33.0468
126.678 41.8047 113.713 17.4759 0.127845 0.142816 35.0273
80.2747 27.5273 130.037 5.82744 6.9752 0.122113 32.9653
22.5417 24.5201 106.131 15.6498 2.08892 0.0306922 31.3292
80.804 87.4782 49.9075 12.461 3.3372 0.138446 32.6831
82.3313 46.3386 7.95713 9.9373 9.55367 0.0117327 30.0213
38.4121 40.0705 18.1559 23.5068 23.8976 0.00990052 31.2047
37.216 75.5613 49.6434 0.540011 42.4817 0.0131016 32.9006
-24.2605 61.5311 117.669 9.01727 36.2643 0.0196084 33.4951
75.4989 71.9927 64.6597 42.693 25.4436 0.00369585 31.4892
92.7742 88.5226 28.9468 97.014 20.5753 0.000201625 33.2784
108.164 86.7477 4.11686 85.9323 17.5562 0.00317625 33.6082
6.15058 47.1267 40.5521 32.3163 4.9644 0.028797 31.2238
124.699 188.416 8.58956 14.8996 34.8748 0.00143546 32.77
-1.0139 94.3201 26.2526 62.8978 1.72109 0.206968 36.5457
74.6534 124.812 139.083 38.7171 8.63908 0.0658704 36.0276
-29.2751 34.4984 70.8749 3.48639 10.6272 0.0721269 32.6764
28.8138 43.6324 116.874 65.4152 4.22504 0.0882376 34.8768
91.6152 7.97913 105.728 41.9837 6.21827 0.191521 34.8152
81.8984 117.174 11.1711 62.1386 4.06014 0.000792168 30.8683
78.1445 41.5275 43.7123 22.1208 0.178351 0.0533804 32.1882
46.7155 21.0986 63.5934 37.5816 3.08824 0.0360531 31.765
77.1341 58.2042 171.839 61.2888 5.70818 0.00922616 34.8919
75.9272 6.01787 67.2919 32.2087 7.06388 0.0296206 31.9274
27.3758 50.0347 83.2778 19.7999 11.1909 0.0973767 32.3827
146.721 37.7557 158.9 7.90128 15.2191 0.028152 33.2818
-28.8697 36.1109 138.596 2.96866 2.03276 0.0475351 32.9546
90.8365 46.7902 73.261 59.8546 7.53547 0.0417293 32.8875
99.9809 25.5886 3.55747 7.28246 8.20957 0.0388361 31.8154
87.6143 7.32553 49.7701 26.3766 7.96984 0.0574801 32.1733
131.919 18.3013 3.61697 21.4306 9.08893 0.112846 33.7408
199.205 59.62 154.206 62.116 2.48797 0.00681804 36.7675
28.1805 43.2492 70.5518 17.7733 3.32818 0.0085709 29.7696
132.89 26.5215 114.993 83.8811 1.26181 0.00631123 34.7687
228.976 32.0567 85.6384 42.5529 13.5289 0.00724286 34.1599
-8.82839 88.5674 11.3205 32.5743 14.8241 0.00480379 30.6849
52.5087 83.1542 25.7213 44.6763 33.8581 0.0160559 32.6989
27.5064 136.679 104.245 17.1176 6.28421 0.0089603 31.6607
134.548 82.2586 91.504 26.8779 27.1628 0.149952 35.8432
126.081 50.7427 22.1828 12.2243 23.6028 0.0939201 32.8484
7.54563 68.018 10.0598 2.54067 9.03039 0.0350298 31.2249
61.3679 73.0144 64.6518 3.13999 30.0513 0.0162777 31.3457
32.3036 73.7457 67.9802 31.891 4.93657 0.010279 30.2938
176.239 90.225 60.2211 18.2436 29.3956 0.00684273 32.5147
0.775178 40.9016 108.524 2.70021 6.10385 0.000318478 29.4532
3.55605 63.9064 98.843 9.14081 16.3536 0.00671285 30.4962
47.2263 11.6952 71.9837 8.54487 16.7092 0.000581207 29.8001
-22.6873 53.6925 151.789 8.31276 2.89805 0.00127672 30.9545
7.93449 60.8286 176.746 7.43299 12.8763 0.0065794 32.3352
76.055 152.262 45.4155 4.83433 14.3542 0.095223 33.4036
80.8597 61.4933 86.6332 32.7229 7.60395 0.0717431 32.3592
125.175 53.0638 118.095 35.6501 8.00834 0.0486843 33.1484
62.645 74.0338 109.9 11.0741 4.69168 0.0443251 31.4552
146.07 8.51235 74.3131 18.534 20.545 0.000625266 30.9042
82.177 53.0793 64.7753 0.191228 7.34989 0.0177469 31.1084
192.588 57.5725 58.5513 2.59292 9.16279 0.0190405 31.7054
143.933 70.1683 43.7027 54.321 48.8949 0.0320284 35.8271
111.932 68.645 74.1952 8.6164 12.6328 0.0836434 32.0786
-20.4714 13.9129 171.837 5.09602 12.0481 0.120137 34.7963
-12.8971 95.0091 93.0622 6.85694 24.8618 0.0674904 33.4907
80.2434 99.3778 29.7163 13.0712 17.7883 0.000118974 28.4365
86.8161 97.1585 35.8698 18.3962 13.7952 0.0152397 30.0611
0.175226 133.134 21.1767 14.9176 13.8293 0.035292 31.2574
21.8482 98.5846 42.1193 3.89271 15.7085 0.00662654 29.6448
29.0797 148.194 17.4278 7.83433 9.20476 0.00372564 29.2273
148.755 147.32 15.7912 3.87286 2.14676 0.00663343 30.6853
58.0343 68.0186 197.106 10.0854 12.5671 0.00111719 32.6331
230.681 185.698 21.2628 15.7673 8.07833 0.00861919 34.9348
47.2981 116.341 90.3303 6.57537 0.915307 0.00998648 30.8436
59.7657 20.4731 96.662 65.628 6.35699 0.0516502 33.7834
28.28 165.736 28.4946 15.346 6.53178 0.0123381 30.416
-7.15777 138.226 43.1177 56.1183 24.7472 0.013034 33.6516
25.5201 126.91 40.0512 14.699 2.47175 0.00478332 29.3521
0.697963 151.879 39.5645 34.6945 3.939 0.0541411 32.9005
-48.4859 135.453 40.929 46.3323 2.52325 0.00887199 32.3151
-1.89277 147.567 9.58519 5.59306 37.6017 0.0118643 32.3401
107.739 67.7354 25.4386 3.5267 25.9429 0.000811984 29.6652
103.683 62.5904 41.1943 15.9454 19.7797 8.4607e-05 28.761
-0.729751 37.8143 120.769 10.8774 19.2586 0.00898058 31.3739
23.172 26.6329 92.9535 5.61804 2.88321 0.0117143 30.2833
-62.336 97.8255 10.6562 15.8972 19.4095 0.0118645 31.9919
-47.1884 21.0796 28.3638 59.9063 14.8698 0.0141704 34.3356
110.777 37.9901 15.9287 3.12198 47.4399 0.0107059 33.0852
118.631 58.2078 23.2456 29.8014 21.605 0.000169976 29.7244
117.379 47.5728 32.6074 13.1137 3.25142 0.00414618 29.1264
82.9465 109.974 103.708 9.21683 28.1892 0.00714182 32.1263
-57.7303 146.573 20.4765 33.1378 6.7501 0.00030299 30.502
-23.2013 164.013 15.6298 11.902 21.0493 0.00267932 30.6834
115.428 44.8322 65.6815 54.8493 26.2731 0.0147268 33.149
85.6306 83.6596 20.0231 67.4861 14.2503 0.0235594 32.779
63.745 61.7659 34.9706 104.21 4.89068 0.0800345 35.606
63.2425 68.0205 82.4764 20.4151 4.58036 0.301414 35.8785
114.17 60.1108 66.9536 12.217 4.70924 0.0807528 31.6272
41.089 35.4358 62.0235 39.7378 1.48319 0.128366 33.4656
155.36 51.6823 66.5344 7.97824 12.0083 0.233235 34.8897
-25.39 136.151 5.89422 1.8346 2.35538 0.0741797 33.1932
91.435 30.3009 33.8204 39.533 35.726 0.0275742 33.3634
-26.4073 65.4843 45.9183 21.0934 35.7788 0.0119835 32.5727
20.5431 118.698 82.2672 0.737942 25.8308 0.00734133 32.0522
-28.2081 119.364 22.37 5.30153 18.0622 0.00618036 30.3878
-46.8444 156.291 19.5426 5.30153 20.2799 0.0347464 32.6551
65.1522 55.1785 15.334 99.4811 16.072 0.0618625 35.5603
-70.4601 37.1408 21.2234 7.78111 20.8495 0.0166802 33.2755
174.005 34.286 79.424 11.2994 3.31046 0.0126214 31.0047
3.59599 154.434 20.7434 67.6172 14.9655 0.00311153 32.7769
-43.8855 35.2707 60.4022 74.533 2.94376 0.00789413 33.8205
147.192 9.63925 118.512 25.7586 27.0581 0.0489515 34.2997
160.188 21.0383 60.7363 2.5557 16.0643 0.0558137 32.5611
-50.2215 37.8593 82.2093 19.7499 1.49556 0.0208559 32.1379
79.6885 49.3491 71.2642 5.89386 2.08036 0.00939545 29.536
113.278 29.3305 123.755 6.29587 5.02417 0.0529561 31.871
128.756 100.322 18.0649 2.75846 1.33507 0.0347239 31.1177
42.2922 30.3773 118.298 31.9288 10.0746 0.0314344 32.0382
-39.1944 80.3308 60.0141 6.92213 18.007 0.013006 31.1565
45.5339 80.6249 71.4587 2.28661 51.296 0.0720023 34.9738
52.6161 81.8366 39.8879 9.57606 5.24635 0.0924226 31.499
73.042 86.6953 37.4096 55.1861 13.9456 0.062164 33.1333
159.269 113.62 4.69008 52.9564 19.4848 0.0490403 34.804
79.0086 65.0143 31.9998 10.0367 30.5999 0.0143402 30.9651
-26.2402 58.2915 55.0648 6.63042 12.9013 0.113517 33.1334
74.2979 112.316 65.0556 6.04894 20.7562 0.0240312 31.2576
3.82711 117.146 77.1791 47.7213 22.443 0.00253135 32.4654
80.787 27.9854 42.1164 18.6137 63.5647 0.068827 35.7621
8.1323 50.7408 166.615 5.32699 25.1587 0.165059 36.1422
41.5068 35.9263 180.4 16.1544 33.4122 0.101341 35.9486
-43.7345 141.27 95.6545 9.09778 21.5536 0.124719 36.193
48.745 149.84 6.55236 71.4637 1.36366 0.0151708 33.5735
29.3157 112.024 39.3474 60.9227 10.51 0.0518832 33.4294
177.812 175.306 3.26324 40.8411 4.51361 0.0611495 35.9921
88.3972 131.32 41.6697 59.7769 8.01026 0.0223281 32.9451
-1.00702 67.7539 139.145 18.7212 24.7022 0.0478245 33.9087
-17.4334 28.728 169.861 7.93082 24.558 0.241385 37.1843
110.777 25.8891 114.091 37.0783 12.8065 0.0484992 32.9688
35.4161 5.46118 113.882 20.2744 3.43833 0.0768793 32.8744
8.8805 163.904 57.3762 10.1037 5.57458 0.0719282 33.0158
10.6061 94.5977 131.824 3.84028 18.0868 0.0664632 33.8412
125.812 82.7301 19.1235 4.20753 43.1935 0.00486323 31.8967
-1.73975 31.3164 105.02 3.72133 3.44613 0.00338309 30.132
-3.51476 63.0572 100.721 3.70267 1.96498 0.00537685 30.2319
21.8248 25.887 28.3626 6.86785 58.6787 0.0018843 33.601
222.362 112.114 48.5343 7.02311 7.09993 0.00388367 32.107
144.724 81.2088 36.8471 39.768 9.5954 0.0107038 31.1855
130.94 72.0379 35.5484 16.5904 25.8694 0.00647305 30.6974
147.948 63.6149 78.1706 46.4704 22.8039 0.00415324 32.5935
125.445 61.4154 2.61839 18.2979 0.667055 0.0155447 31.3802
27.9679 119.583 31.4438 19.4356 33.6831 0.00460443 31.1132
114.754 83.2703 71.7243 7.98701 22.9138 0.0817099 32.9359
147.186 46.9451 10.6211 36.8407 3.84614 0.147699 34.0656
87.9352 30.0733 9.70825 25.0909 10.5469 0.0452749 31.7841
9.80683 97.5789 62.623 72.4453 14.5813 0.0279436 34.0115
45.4196 67.8529 72.4318 1.36612 34.1428 0.0260014 32.4733
72.7967 25.7256 62.1985 23.1748 7.22394 0.0207688 30.507
-56.3957 116.527 82.3745 10.7222 6.86849 0.0216967 31.9369
140.848 73.7725 40.9165 9.23404 1.63644 0.0376717 30.973
196.174 42.5484 65.0108 3.25249 10.8496 0.117642 34.0067
-31.0434 67.019 53.1755 10.8968 18.4131 0.0136635 31.0761
-37.3243 93.4284 31.0607 9.16566 19.6206 0.0444199 32.206
122.355 83.363 165.523 9.9618 19.1398 0.040315 34.8298
10.3037 117.865 26.8478 25.2143 12.6581 0.0605643 32.039
56.7377 133.861 90.0852 7.24279 42.3811 0.0527011 35.0533
121.776 12.038 115.93 9.8833 8.59252 0.138294 33.3847
189.902 60.9685 64.3767 23.2517 57.2356 0.103219 37.6163
85.8574 24.5068 119.165 10.7165 49.9919 0.0427905 34.6637
-29.0829 53.0307 79.4745 13.4359 9.14544 0.0117309 30.7266
-45.1633 152.484 29.8722 8.66357 6.36228 0.0226326 31.3127
-36.9169 120.252 35.6813 12.4885 15.0832 0.00598662 30.405
-21.1565 114.812 45.4044 15.4962 14.8708 0.013019 30.7115
126.904 45.113 29.4946 23.5974 4.2026 0.00104959 29.1139
127.104 98.3002 9.72035 16.9484 45.6213 0.00448947 32.416
107.153 127.614 15.7057 5.92643 0.759039 0.00208309 29.4152
103.316 15.6623 51.4289 2.71531 0.40398 0.0051888 30.706
-29.2008 30.4775 114.728 1.35833 2.58914 0.00484165 31.3219
68.9935 10.6476 185.606 5.01735 26.9494 0.101964 35.3531
89.8496 28.367 136.615 2.11777 16.1009 0.0367148 32.3748
108.354 131.741 137.716 20.7276 22.6689 0.135366 38.0198
71.6429 13.033 93.8067 29.841 5.57801 0.385798 36.6105
139.56 12.6105 67.0268 28.7986 9.0326 0.174229 34.0006
167.743 199.131 42.5224 0.125091 14.0738 0.0453968 36.9236
-28.5534 118.182 10.9411 60.8013 8.81574 0.0320805 33.4836
38.8505 135.407 47.3786 5.26011 2.60328 0.0405397 31.1085
26.9922 113.019 25.2749 29.9305 18.1804 0.0715063 32.6788
60.3885 18.4249 82.7315 40.1125 37.7423 0.0113737 33.4622
125.544 132.382 121.177 27.0177 29.0718 0.0386253 36.3433
147.597 57.3741 32.4845 54.976 20.1694 0.00214304 31.9097
68.1398 33.8461 17.7637 14.1503 16.775 0.0149296 30.6097
64.948 23.9593 19.4479 38.2223 8.1786 0.01001 31.017
107.267 52.4409 26.1952 6.17007 12.5693 0.0157842 29.9476
81.2444 67.2276 25.2392 52.0667 6.78313 0.00274074 30.3333
-9.01214 50.4415 42.1592 54.1388 1.13159 0.00972912 32.1029
62.8693 46.6554 17.1415 54.1388 1.13159 0.0267625 32.2649
109.277 48.1852 58.4976 26.3455 15.0602 0.00974954 30.4501
95.0806 8.90018 99.4534 15.7511 25.792 0.065427 33.2437
142.182 43.6474 74.8973 26.7062 13.8442 0.0550191 32.3765
144.791 111.128 11.8878 42.4844 29.2865 0.036176 34.0135
74.814 132.106 15.3324 14.7346 12.4958 0.00890355 29.7718
105.242 113.234 19.0945 7.02244 18.5806 0.0320953 31.051
69.5638 109.447 114.293 38.8791 11.0328 0.0457599 34.0204
-9.7784 68.7812 28.1392 41.7823 2.26036 0.0011684 30.233
40.4811 66.6556 13.357 33.9897 20.581 0.0104136 31.0939
42.136 125.641 8.48259 11.8255 49.4988 0.0121581 32.9199
108.778 19.7147 85.7807 9.73821 18.7191 0.00703102 30.6091
26.6758 36.684 94.8214 18.0961 9.13063 0.0148694 30.5193
111.832 101.451 35.0673 7.48202 5.49133 0.0119301 29.5271
-60.7937 35.8749 89.1041 7.24429 14.0014 0.0090947 31.8618
-15.5612 117.226 84.5779 13.388 11.4542 0.00767364 30.8381
-16.749 128.152 29.5007 12.2691 36.112 0.00249139 31.3568
-68.6731 72.3703 70.497 26.9144 6.13909 0.0239237 32.4053
155.243 66.3182 47.5884 19.3043 4.49461 0.104044 32.7368
62.7296 23.8665 104.861 18.9978 10.0923 0.0459428 31.5688
146.906 17.4126 118.521 9.54885 22.3229 0.0211148 32.5271
129.084 28.0667 10.2552 53.1837 0.699841 0.0647203 33.9937
21.8149 74.043 107.894 2.64829 31.8574 0.00538616 31.8733
-1.49971 52.6038 151.593 26.6622 41.5617 0.0102842 34.7068
-3.71276 163.884 12.2063 48.0269 17.9022 0.00361991 32.1168
184.631 86.1049 31.8429 13.2064 36.5443 0.00282311 32.2878
-26.2855 21.5538 173.217 20.8334 22.1778 0.00243154 33.1163
109.016 77.567 6.73469 9.68061 8.12939 0.0184832 30.1159
83.6056 109.161 22.1307 18.1358 19.3429 0.0677042 32.1081
104.584 102.114 84.605 39.6679 10.1972 0.0757263 33.8651
121.854 158.579 52.2779 25.9352 11.7087 0.00119003 31.2305
-1.23439 165.928 12.4292 16.5059 24.1133 0.0119236 31.6347
36.5806 174.268 12.4292 19.8694 3.62455 0.00652615 30.2991
-10.1042 76.6566 88.7049 2.70784 10.9178 0.0187034 31.0094
14.3332 117.173 44.2803 51.4879 40.4267 0.00140428 33.1483
37.6534 74.4224 27.9707 34.5162 20.2074 0.0163837 31.1738
113.377 171.116 49.3915 23.324 6.5032 0.046994 33.4237
-62.6067 96.9991 46.7831 4.86177 7.18979 0.0512477 32.3934
41.7863 158.452 37.7787 19.967 4.02827 0.00550864 30.0981
85.0481 120.686 182.575 14.3159 7.18624 0.0220469 35.4921
36.5786 78.7775 74.1121 7.17658 14.8095 0.0239054 30.5568
-46.1816 81.1472 91.7392 32.4286 5.61552 0.0134367 32.0379
103.319 113.592 156.543 48.0234 13.4849 0.0303608 36.7282
-7.33201 61.6473 17.3198 8.7834 16.3779 0.0270353 31.2343
112.199 113.174 10.579 26.6685 21.0502 0.164916 35.0206
41.8089 107.05 21.5841 17.3871 7.68361 0.0530964 30.9779
37.3911 108.639 80.8792 8.71852 17.2021 0.00752061 30.4395
31.2274 107.286 144.648 24.4281 12.4738 0.127112 36.0071
-38.4886 192.547 80.7335 26.0343 51.0126 0.0744243 39.3409
-72.6975 27.0438 183.206 3.49677 37.5384 0.0370135 36.7915
-58.5856 42.0212 176.975 17.692 7.3835 0.0768716 35.0807
82.4355 16.8351 127.631 6.7308 5.24304 0.0339155 31.4045
53.7142 77.3704 175.212 9.9424 33.2067 0.0179788 34.7316
86.3508 84.33 7.64388 69.6895 10.239 0.0750031 34.1937
33.6212 69.7514 62.0113 25.4684 9.6012 0.0474026 31.2761
-20.4956 214.356 41.6296 11.5471 3.25606 0.0448611 33.8219
3.56981 129.819 35.7724 30.8545 10.0179 0.0182353 31.0839
170.929 64.7435 58.4638 14.4303 15.1071 0.00290854 30.4533
161.003 63.1241 60.9952 7.50098 6.65856 0.000708872 29.2681
46.6716 47.9128 25.991 11.8681 27.731 0.00182739 30.1134
10.3074 78.1852 50.0372 58.3258 5.23166 0.0377518 32.6569
96.9776 206.663 56.2504 43.4953 5.77638 0.0342997 35.7563
75.4316 51.682 72.3675 16.9996 13.3903 0.0329805 30.7886
129.852 64.4719 32.5248 24.3672 7.69819 0.0188484 30.4073
15.8419 84.3007 91.5481 13.2832 5.57241 0.0301526 30.9494
-5.44267 85.5508 41.3759 34.8488 34.7948 0.0249612 33.1637
-25.5754 61.8196 105.178 26.7819 8.32031 0.0279646 32.1302
190.003 111.537 35.0101 28.6178 17.7795 0.0305052 33.4531
126.002 47.1698 69.3786 30.4906 40.299 0.00137279 32.2102
109.692 52.0012 60.4609 30.2229 15.8836 0.00656635 30.4968
-25.4471 38.5488 63.8713 26.3095 24.8962 0.0295257 32.8691
-64.4247 120.871 37.6928 9.79541 26.6037 0.00270807 31.5153
78.138 20.3677 72.3771 35.4442 39.4563 0.0113282 33.2222
20.4632 28.868 124.57 38.7752 5.02379 0.0182957 32.1337
156.264 33.7073 42.0629 57.9761 16.7976 0.0180168 33.1465
57.9457 30.4858 42.3415 65.9493 17.2113 0.0170631 32.8908
91.1739 97.7025 22.4421 10.3772 9.4227 0.0810143 31.5439
82.6687 63.5425 103.663 19.0021 15.2753 0.178422 34.4058
9.11397 113.921 60.8089 23.6243 7.42005 0.212873 35.3958
124.055 13.5775 20.8581 71.6523 8.78481 0.0212316 33.6118
107.503 17.0623 36.9596 103.4 12.27 0.139016 36.6948
73.7772 67.9027 59.1408 61.5988 13.6212 0.203073 35.8051
-50.9538 112.395 68.7937 29.6456 5.78271 0.0320887 32.5777
-36.8664 82.3793 57.1586 5.14804 19.6461 0.0150753 31.3342
-59.3669 86.075 87.1814 39.6922 18.7037 0.0539561 34.618
118.167 44.1541 29.8096 61.2629 17.0529 0.120032 34.6159
81.2596 58.624 47.1286 2.468 17.8193 0.0792499 32.0224
91.1685 20.8447 49.3161 30.5636 28.4672 0.262323 35.5166
98.6639 51.8716 46.2849 42.3893 8.44548 0.182694 34.102
70.3029 79.5296 34.4277 24.2644 12.3692 0.189573 33.8761
78.0119 54.8977 84.743 81.935 10.7891 0.0940154 35.4544
36.655 98.081 34.3405 36.1936 16.0696 0.0234497 31.3151
90.8136 35.7589 4.8038 23.8626 22.0322 0.0119114 31.6884
99.3945 20.0873 60.1628 2.72835 9.01085 0.0622511 31.5926
39.9981 76.1062 10.3093 28.3138 4.04403 0.0167513 30.3442
-13.2638 117.893 34.7489 35.5795 8.31967 0.0241321 31.5278
78.7581 13.3744 48.7179 28.8852 18.5716 0.0216685 31.7783
150.812 20.3929 72.9893 12.905 24.7288 0.0520799 32.859
126.439 74.7805 13.933 13.5257 32.2449 0.0296342 32.205
51.1302 181.844 45.3645 13.2985 15.4851 0.0509641 33.1725
25.0103 4.11595 161.396 26.7368 37.2396 0.112086 36.6641
25.0388 31.9923 85.4752 3.064 11.1473 0.00553992 30.0126
63.0335 39.8208 135.512 22.5175 4.01284 0.00109541 30.2004
84.9197 3.06747 169.663 22.3238 5.85458 0.00109541 31.9134
48.9052 58.774 261.132 10.5412 4.73057 0.0242268 36.6176
13.2748 34.0772 104.81 9.81639 24.3732 0.0164667 31.6871
76.7304 17.0059 93.7222 7.71868 29.7144 0.0104226 31.6742
9.72992 67.1979 95.2788 0.29624 8.94557 0.0217826 31.8054
30.8839 57.6213 68.2308 25.9988 44.664 0.0452486 33.9863
77.3889 82.2204 75.3203 35.3893 7.25147 0.0561846 32.1816
1.56191 51.9875 78.781 10.2055 15.3146 0.0230574 30.9488
107.205 53.794 16.5553 16.1263 3.97169 0.0605483 31.1855
-54.996 25.4886 94.1529 71.4753 7.06551 0.00790202 34.402
195.716 123.566 8.39554 37.8496 6.28315 0.00790202 32.6569
195.716 70.5441 8.39554 26.0933 5.40644 0.0034535 31.1147
56.3168 140.29 27.0188 21.8785 4.52688 0.0145672 30.2002
6.91022 61.8536 65.3413 10.5975 39.1494 0.0101338 32.0496
67.3352 53.6364 55.1056 77.096 9.26842 0.0232139 33.1252
-0.265439 96.887 54.5481 31.9068 47.9807 0.121429 36.4506
-7.92301 42.0711 56.7261 109.358 24.4004 0.0503863 37.2402
27.065 93.3355 66.3473 43.569 50.0005 0.00773983 34.2509
39.6604 89.2453 68.8011 24.8668 48.0425 0.0018485 32.4594
49.3349 38.0203 66.6033 27.859 19.2845 0.0134105 31.0176
123.727 99.9319 34.7488 48.4928 11.0053 0.0134105 31.72
76.6368 93.1477 43.0184 23.5371 14.0519 0.00688707 29.7968
61.5106 95.2418 68.7615 17.6509 11.4006 0.0207226 30.5021
137.685 88.8191 10.9216 50.3481 11.5614 0.0317207 32.6444
39.1263 144.242 0.211272 10.5535 36.6049 0.0490954 35.0519
10.3964 92.8971 88.7027 23.4302 32.8483 0.0128254 32.5923
26.5713 39.417 91.7916 0.856695 13.8388 0.0154808 31.1781
53.9912 69.4907 58.6754 9.01539 19.3851 0.0122132 30.0921
42.5173 69.8929 45.2354 5.32615 27.364 0.000229681 29.3126
155.004 150.015 24.2944 3.05495 16.8218 0.00647269 31.4405
137.664 134.609 18.0783 2.37729 3.39468 0.0149838 30.7434
155.206 1.70948 23.2647 41.493 15.7258 0.00959415 33.5526
85.0581 73.9178 68.9058 18.7483 9.85249 0.00654799 29.6137
52.6922 77.5217 92.7735 14.3454 8.41574 0.030773 30.8671
110.04 81.6169 76.7521 32.6786 10.6322 0.0569297 32.502
55.2004 111.038 80.742 33.2508 4.49831 0.0128933 31.2469
142.612 62.8723 68.4782 20.6969 2.63822 0.0123109 30.5733
37.7794 138.483 35.6135 12.9503 10.2196 0.0156097 30.1486
-4.28238 56.8038 14.0902 11.7739 18.416 0.00243729 30.1611
70.4787 54.5819 105.403 15.5837 10.4502 0.0546523 31.6649
88.9196 53.7976 34.7979 46.8286 6.14397 0.0193529 31.128
76.4706 90.2242 62.6132 54.2221 4.77371 0.0310168 32.3784
95.8751 43.3131 179.835 52.0604 39.18 0.00841424 36.7814
7.93538 51.0238 50.1382 30.3199 7.06906 0.00941721 30.3407
10.8736 49.261 23.8785 14.0967 7.00851 0.00127383 29.0406
27.5103 131.252 57.5575 14.2778 1.80001 0.00432327 29.7833
42.3818 121.577 22.4392 15.5661 5.113 0.0081395 29.2691
159.381 65.9506 20.9294 4.32169 6.93448 0.0816932 32.2111
40.1546 77.645 29.5755 9.79734 10.7684 0.16196 33.0556
55.1036 165.972 90.1436 20.3949 12.4085 0.0916609 35.2913
173.539 59.5015 50.8237 21.629 7.15061 0.139775 33.8048
32.7832 160.956 30.1199 42.535 3.11269 0.0307292 32.5199
17.0206 153.531 22.758 45.1312 12.2052 0.0275532 32.5408
26.7633 138.997 45.0281 50.2537 0.244447 0.0814645 35.1153
92.3399 58.1681 26.1451 17.331 11.7368 0.0747292 31.4983
78.3605 59.2538 69.6444 67.9602 7.68119 0.0116683 32.3478
60.4004 76.9681 78.2947 52.1179 11.669 0.0239459 32.3702
-47.7492 96.8632 25.9186 8.4403 4.53663 0.0864276 32.8197
72.5985 41.93 36.4473 21.0767 8.54503 0.0354173 30.6155
106.997 102.276 4.38671 15.9901 8.14158 0.0456524 31.3669
-10.3136 104.4 62.1346 12.5263 18.1489 0.0108282 30.7186
