-14.1864 12.3969 7.80351 3.36003 1.54594 4.32784 4.17739 18.5579 43.4532 1.41243 0.00119428 5.57716
-62.455 15.8897 4.98818 5.67481 2.20431 5.55317 7.54229 6.91316 30.9107 8.38765 0.000238816 2.48503
-63.775 20.9841 5.71681 5.86024 3.12219 6.13027 1.66207 13.7192 18.1966 22.5887 0.00114538 4.15071
-70.6224 15.3564 5.31401 11.5759 2.41024 5.99782 4.1584 11.8849 1.98403 2.51663 0.00114538 1.89869
-66.4332 0.494263 0.381995 16.8223 4.81324 13.4486 10.1171 20.1045 6.44046 23.0501 0.00114538 4.90278
-52.3689 0.790995 17.8635 8.49504 5.90851 5.93645 15.3715 11.9274 21.5815 2.28148 0.00346884 4.53274
-67.8477 1.81475 2.56162 12.4919 8.87159 2.10565 12.0415 22.6869 26.3297 6.10711 0.00455299 4.11606
-70.355 5.2668 2.31459 7.32056 15.0809 18.3622 5.00873 11.1725 21.534 20.4653 0.0104616 4.82746
-70.2578 2.7111 6.80565 14.8665 6.26259 8.50609 1.41694 11.5674 13.4655 29.6351 0.041238 5.09636
-66.2085 6.42463 18.2542 2.66899 7.86325 11.3976 13.3036 4.10012 10.1711 6.91429 0.0623288 5.0208
-46.8288 13.1848 1.61616 3.31805 8.65037 12.1854 12.6564 11.2306 11.6458 16.4453 0.0177888 4.2655
-36.2513 1.96224 0.662474 7.84 3.24907 6.28302 10.1249 11.5063 9.96211 5.2337 0.104099 4.367
-0.660385 9.66239 0.402764 6.46189 4.47831 19.4485 1.40869 11.6348 18.6857 0.591829 0.561773 13.1094
-51.8259 13.6545 13.0168 2.66184 3.67406 9.71632 12.8041 21.4153 5.27192 7.24115 0.102615 6.88276
-56.845 4.34458 13.315 12.2055 8.97415 0.367836 7.50156 6.96365 7.05367 1.46894 0.0638098 4.95429
-66.5596 1.52465 7.17728 0.692902 19.275 9.28088 19.763 19.6518 9.15739 5.23959 0.0179211 5.6609
-66.5596 10.2271 20.0652 4.52508 10.006 2.52535 9.32132 13.9216 37.5334 1.6079 0.0379879 7.93827
-66.8895 9.49329 3.66193 14.1073 3.19867 10.3616 10.4808 15.7688 10.8318 3.37247 0.0155481 3.39377
-67.3234 3.06456 12.6142 12.9397 9.49187 10.0207 2.97896 25.0794 3.27788 3.76657 0.204916 7.7026
-72.3483 1.11963 2.3718 15.011 4.83996 11.9759 10.5694 24.8949 6.1555 6.74388 0.475137 10.1752
-67.6627 0.850007 8.93513 16.0477 2.84244 22.5635 3.36688 12.2698 15.5709 5.71618 0.251591 8.70633
-54.7154 10.3335 11.4667 12.1849 4.08981 8.92056 5.27268 6.70285 29.909 8.0078 0.262798 8.51096
-72.1693 3.15652 4.54028 11.6923 1.79558 17.9092 15.8085 17.8707 3.03145 10.9398 0.0767668 5.72288
-71.5269 1.00403 16.3592 13.2738 3.13052 11.7105 18.9173 12.0353 12.5713 7.55006 0.0133031 5.44827
-17.6302 4.21399 2.0885 4.25845 21.6279 10.7094 5.79311 19.6682 12.9829 13.3788 0.0274942 6.03919
-54.579 7.7118 0.18575 7.77131 1.26672 17.5691 7.03154 3.16569 12.8456 14.2588 0.0382481 4.90539
-25.3173 1.65509 0.884333 13.0139 5.30194 18.8518 1.29933 6.76725 10.6611 9.89732 0.134289 6.18788
-73.9943 9.91492 1.68554 8.80174 1.08253 24.3553 4.80224 3.21674 8.10498 26.8726 0.0098057 4.57706
-63.1124 12.6557 2.50924 2.03365 6.7607 2.0119 14.7774 1.49 24.6867 13.805 0.00328907 3.46069
-45.885 22.2051 2.7049 1.30875 2.56988 5.24412 2.45562 6.12687 0.73396 10.1267 0.00573314 3.67091
-40.9371 9.54876 5.13371 10.8167 3.30551 2.21016 5.02257 12.9398 0.984578 3.34512 0.000536737 1.52785
-53.2771 8.25329 4.12704 9.25084 16.1934 8.0453 22.2538 12.938 22.2051 29.3603 0.000566125 6.95905
-64.8166 0.514598 5.94684 1.27198 0.781166 14.5333 7.28473 24.674 4.69532 37.6371 0.0172875 7.01252
-55.4743 4.02506 5.02863 6.04169 8.7648 4.16145 10.4059 43.1405 52.9967 16.4611 0.0296334 9.96502
-74.789 2.32619 1.54395 3.65503 12.5866 1.8976 12.0202 59.1215 14.4426 13.3043 0.00671326 8.20531
-51.5904 2.48148 1.47644 12.3549 4.17778 5.61754 18.7922 37.7907 8.74092 9.10961 0.00419414 5.33498
-51.6603 12.1656 0.402428 2.94133 7.55515 3.19744 6.69922 5.25077 10.0016 9.07116 0.00427299 2.18903
-34.2593 3.58566 2.28029 1.63914 4.5155 2.84255 9.00402 8.65881 60.3866 3.08716 0.131744 8.37892
7.24083 3.77148 1.83931 21.309 1.34595 2.98824 4.74245 4.54521 6.02613 1.56561 0.00510478 3.64352
-46.8712 4.13949 5.94631 4.71796 7.03676 17.5019 26.8921 5.53672 3.63222 22.5088 0.086532 7.26467
-60.3104 2.78607 7.37231 2.38114 6.76483 4.07753 17.9223 8.34592 2.16688 21.2745 0.0452089 4.07587
-50.2431 1.27088 5.40058 10.5994 10.2486 6.9908 15.7064 10.4924 0.151899 10.2809 0.15579 6.86604
-59.2889 0.47291 10.9795 4.87713 3.02203 15.0665 8.66872 20.6357 42.7191 7.1704 0.0795961 8.11876
-55.2661 4.79839 3.07678 2.47872 2.99207 17.9982 6.45435 31.3227 8.58308 21.5709 0.0900699 6.72299
-24.4626 8.4039 5.41428 9.65417 0.929394 12.3781 7.39881 41.32 13.7117 31.5254 0.0179291 9.17564
-49.6494 2.79082 1.38171 11.2707 1.58372 5.42547 6.00217 32.3906 15.073 11.3938 0.0732369 5.93431
43.6058 12.5735 1.04382 3.44037 20.8104 1.84587 6.84107 6.4349 9.52261 5.75145 0.0698141 8.96697
-46.4621 4.68532 0.132113 0.640207 20.1693 15.4599 13.4042 28.3587 1.41126 3.30582 0.0190808 8.23337
3.19761 4.363 11.0885 1.4989 3.31898 2.6934 19.5596 8.41755 6.95538 6.99653 0.00341479 3.03284
-26.1641 5.23357 5.86951 0.733063 11.7955 1.45826 14.9352 7.42755 10.74 4.29661 0.0314428 3.63425
26.2365 4.88848 3.30822 2.17808 1.63726 3.0418 6.37852 21.2391 27.9105 1.94724 0.0398645 5.51786
-60.3598 7.05656 17.7782 1.71262 1.40492 10.8914 8.07028 27.2644 6.39515 10.5106 0.0413249 5.79783
-65.9354 8.81527 10.1604 3.77961 4.32013 33.028 2.30883 20.862 10.7692 16.3567 0.0618821 8.34746
-60.8175 6.8433 5.36724 17.1685 16.6826 4.0385 2.40602 10.3351 19.7161 8.42402 0.0096813 4.56977
-5.50022 3.88766 0.102826 5.70891 8.92215 5.79974 2.89772 36.2121 3.71287 14.0095 0.010572 5.69099
-59.759 12.4764 0.987567 3.12581 1.5209 7.09156 3.70235 21.5997 5.3774 6.85596 0.0477723 4.14223
-27.6202 9.9492 4.31473 2.43463 7.38812 5.26851 6.22469 2.79052 24.8239 9.31892 0.00847706 2.83921
-32.0438 9.91975 7.78753 3.88347 8.27301 8.36133 5.79178 16.5673 14.5114 11.2687 0.121998 5.75101
-68.6253 6.69257 10.879 5.25777 5.31621 1.25617 16.4884 8.14288 21.7106 19.8441 0.000830329 2.98935
-62.8625 15.9149 5.2865 2.5718 1.20634 3.21649 14.6727 8.18478 15.4941 14.471 0.00207372 2.84498
-12.6132 7.59714 0.348521 0.241163 14.0955 1.51898 18.3588 16.3043 18.6599 27.0471 0.00143352 6.7012
-37.403 11.0098 0.883615 8.59016 9.20572 4.407 13.4677 23.5569 23.3426 4.66116 0.00708381 5.2498
-26.5742 3.39743 17.0398 15.9064 7.65144 5.37006 0.26635 10.469 11.9652 5.6739 0.00179256 5.60066
-47.9746 4.54102 8.5013 11.7201 14.1925 3.30562 3.32189 10.8526 19.2824 9.23788 0.00353848 3.1259
-49.3796 4.65461 10.5588 12.262 2.67489 1.82852 18.0453 9.36154 26.6869 6.97049 0.00353848 3.94688
-39.9562 3.52265 13.17 12.9764 5.35955 6.59912 7.68972 6.88455 10.7318 16.3756 0.0236239 4.13398
-14.5555 5.07614 13.8339 8.04393 6.38942 2.7736 6.7786 5.74099 11.7482 9.20922 0.00744113 3.18349
2.22216 0.557009 6.16412 11.319 2.06264 6.89057 1.92969 6.72787 20.6362 24.3536 0.0412015 5.65946
-73.819 1.02746 6.46622 8.94129 8.46384 3.59557 13.8749 14.2356 16.7288 13.1765 0.00987701 3.29455
-68.4242 10.1448 0.272035 5.7131 20.2208 0.714381 9.11357 18.5523 17.8953 12.4675 0.0424179 6.51485
-44.6243 2.43707 1.52234 24.5988 10.9366 1.37792 7.33482 11.7896 2.48646 15.9498 0.0158465 5.09646
-52.0743 4.60427 16.8571 10.8271 8.58695 0.341982 9.22666 17.5304 20.7211 4.54333 0.127833 8.16128
25.1069 3.64374 7.88576 4.33356 6.86433 8.67637 2.88054 2.46773 7.58533 14.6305 0.116217 5.47668
-25.1517 13.1325 12.2964 4.25245 19.5869 5.41761 4.05492 3.24636 6.2428 9.79205 0.135159 8.49414
-7.33418 15.7456 4.11133 3.68174 1.68206 5.62889 5.15406 35.1894 4.23197 2.95105 0.189883 8.54166
-37.7032 4.47119 4.39239 10.1272 1.46793 2.51744 4.80738 35.1894 14.0775 3.02024 0.563601 11.4679
-31.827 11.2628 10.3187 0.983295 26.9254 3.25328 4.44238 6.73247 24.8393 10.7565 0.171962 10.3247
-29.3644 2.80638 9.12505 6.02223 13.5798 6.63776 1.11315 6.72106 12.7316 41.8531 0.148876 8.00215
5.43895 1.75511 3.88306 8.21548 3.44255 0.51339 6.46693 1.16056 3.58835 21.8576 0.103907 5.72009
-13.0024 2.27274 2.1879 5.94894 10.3339 2.55513 1.65459 8.08366 11.5761 18.5206 0.0249456 3.39676
-29.6627 1.25868 11.3836 7.06505 13.4948 5.29993 5.0471 12.2287 11.0705 53.4311 0.000651618 5.84957
-41.0907 2.29887 6.21498 6.20054 12.5649 4.58578 13.9058 9.50915 19.8652 2.56635 0.0283681 3.7458
-47.3777 1.27229 3.92079 18.7149 3.07908 5.20532 10.0786 8.27393 2.12397 14.7246 0.0849636 4.78391
-62.6637 5.85474 3.17924 11.9068 2.98475 16.1024 9.50187 11.386 26.1453 19.5873 0.0775768 6.24061
-58.3379 10.9952 3.41759 10.8628 3.15462 22.6741 13.1218 6.90608 23.7025 13.2902 0.0571858 7.16289
-25.599 3.68305 3.04489 10.1996 13.1628 3.41646 8.00044 23.7677 4.94784 7.28598 0.0461329 4.68272
-24.5513 12.7523 1.58145 10.7747 7.81434 12.9193 4.59545 5.83135 22.5382 11.4783 0.343916 9.60338
-24.4165 10.2368 8.71366 4.01029 0.368759 18.2307 5.0945 17.449 34.532 7.54355 0.0826032 8.68917
-29.234 5.80346 8.44283 1.86871 8.73141 12.9703 7.21011 18.4175 35.7404 13.7067 0.00183889 5.06923
-66.492 6.05343 8.19359 4.10048 11.5765 7.896 7.89146 31.1654 18.2945 27.2045 0.00900557 5.73715
-60.2575 1.85252 4.58848 16.3051 0.629958 20.6598 6.73024 7.59462 54.605 2.81874 0.0151901 7.76693
-59.4039 0.685018 1.98466 17.1087 3.34388 16.7978 7.40206 7.59462 9.24102 16.7584 0.00245441 3.27671
-32.5919 3.07725 12.357 9.18042 4.30753 0.719987 5.30294 21.4725 2.66237 8.39682 0.00159674 2.7775
-19.5148 2.52579 17.1773 1.58335 4.4253 11.7035 10.9761 8.5405 2.6652 11.9586 0.00159674 3.27196
3.66509 5.54339 2.04546 14.1575 5.61111 4.22391 15.2258 18.7915 21.2208 28.9737 0.016354 7.52991
-69.7775 3.75785 12.302 18.6409 12.1694 0.558883 8.37531 13.4421 11.1547 12.3245 0.0640914 6.63581
1.62514 5.93683 6.47316 1.43971 1.82339 9.6236 4.63865 4.22943 23.0057 28.4893 0.157112 7.19012
-52.2031 17.914 12.8192 2.51879 4.15875 15.0908 7.71322 4.16535 5.42285 20.3206 0.175099 8.10194
-35.1347 1.42641 10.9023 1.05486 7.77454 21.275 11.0289 11.0033 1.46242 24.112 0.00553186 5.26307
-26.8183 0.527215 10.3129 6.01692 2.08288 9.72553 7.07421 15.3317 6.70775 19.324 0.0686773 5.07492
6.73698 4.24888 9.7233 8.84681 2.22724 9.79414 27.282 25.381 32.8561 8.40814 0.0560656 12.4764
7.19084 3.96521 7.87517 3.90646 13.3605 10.348 4.47559 24.871 12.2435 6.82257 0.0429721 6.63785
-42.0286 14.3404 4.05959 2.00675 7.88353 10.89 3.36501 6.55947 22.5052 5.5444 0.115037 5.43998
-44.8888 12.1335 2.53958 4.29267 13.1257 12.2003 1.31626 10.9346 1.06296 3.7551 0.0499984 4.63505
-53.276 5.54539 1.60595 13.1023 12.6392 19.2132 2.58031 10.1186 2.44827 21.9129 0.0800432 6.67021
-21.5065 3.92403 2.65876 8.44778 4.8004 6.74144 7.00812 4.9031 32.7245 10.5707 0.00112125 2.44805
-51.8734 4.99221 10.9101 13.1431 2.59854 9.61542 4.15274 8.22955 11.353 1.35839 0.00112125 2.01464
-41.3737 1.1208 10.7631 15.0093 3.20767 14.8457 4.15274 11.9519 5.17271 17.0477 0.00014861 3.00239
-44.1505 8.09048 13.4955 12.937 2.35499 10.6861 2.02347 8.10895 7.95617 24.5895 0.00608736 4.74242
-74.7639 6.76197 11.8897 4.28097 2.80006 19.2253 4.04029 9.00447 6.14686 6.58771 0.000284324 1.26703
-41.4316 9.20383 17.3344 1.12801 2.74443 8.06087 34.5172 4.31757 5.61894 5.12078 0.0499869 8.20969
-68.355 14.7967 2.96069 8.22026 3.16631 7.04027 22.4422 7.74825 11.4734 10.7034 0.0950905 5.54519
-56.9247 13.6816 18.7606 0.496219 2.12489 4.6198 11.5641 7.88601 16.8306 62.1446 0.25768 12.9952
-58.6489 15.811 15.0905 8.38614 5.89306 10.4618 8.94309 4.95483 13.0986 40.6727 0.277553 11.6442
-10.1076 20.2416 3.31329 5.49837 7.08546 1.4744 9.37495 23.6797 9.65088 6.78058 0.158245 8.89569
-48.3148 7.7205 5.62544 1.57344 10.206 8.82822 8.29047 13.8604 9.34948 15.7037 0.125369 5.05024
-65.9539 13.3113 5.78447 1.73462 24.5063 7.7114 2.09845 23.5335 10.2595 42.7369 0.0181769 8.86694
23.459 2.03116 6.01087 1.72867 7.6995 1.79045 2.32435 11.566 21.7987 51.7154 0.0176781 7.25087
-56.56 6.10205 3.22583 2.13837 4.82733 9.90663 11.8251 9.61352 5.68353 37.2857 0.0319217 4.6879
-72.4544 12.7608 2.16758 6.63085 4.93603 3.93411 12.7033 10.6514 2.49764 23.0953 0.00303229 2.55237
-73.1954 11.1473 2.07191 7.39785 10.5761 10.1438 11.8697 0.591238 8.42042 31.786 0.131556 6.98127
-23.16 2.20922 5.79095 7.25872 7.77103 15.5508 10.4456 0.290502 1.22448 14.971 0.32072 8.79405
-14.2503 6.0753 6.16691 7.6933 5.79984 13.1659 19.385 5.30501 32.4987 26.6266 0.127984 9.93489
-44.5729 8.30294 8.72416 3.87425 0.13889 4.41418 18.0026 13.3597 12.6896 18.9873 0.00151771 4.00426
-31.2457 10.1736 6.2033 13.2435 5.39985 0.763117 10.6853 20.9578 18.3763 18.047 0.00175811 5.25408
-60.3808 6.90343 10.4051 6.83116 15.7865 1.7984 11.5073 25.9159 17.3372 10.3599 0.035524 6.44445
39.5643 8.00948 3.16288 2.69843 3.49265 1.40365 9.26359 1.7334 16.1422 5.74115 0.102163 5.58594
-36.7324 9.86266 1.65735 0.282148 0.54148 9.14671 11.9392 4.28598 7.63184 2.3635 0.104027 5.62141
-41.3769 6.54861 7.04475 6.1368 10.5933 6.01075 14.7624 8.66092 8.54818 7.99721 0.0899124 4.43845
-34.9287 9.83414 9.86051 9.27659 4.34853 3.72439 19.2279 16.5997 38.298 26.0521 0.126502 11
-48.5787 8.28196 11.4786 10.456 5.61849 4.79424 15.3558 16.3399 29.2879 37.1514 0.0221362 8.42329
-44.5941 4.73231 4.96186 12.0519 2.7188 20.623 9.79689 13.3011 19.8796 4.54747 0.0194854 4.99353
-49.2409 1.29161 6.29556 6.64043 3.2336 14.3214 24.7067 17.2541 21.7381 33.4592 0.0408068 8.37123
-39.2544 12.2144 4.08844 3.16988 6.25503 4.8694 16.1593 12.4616 10.1983 9.10299 0.000756201 1.99515
-31.3503 8.08502 3.27617 4.38055 4.87884 7.56877 17.7004 4.18806 30.1635 9.08478 0.000651736 2.81777
-70.8873 2.64179 17.1975 12.4529 2.78236 5.28018 2.86699 5.71822 8.56313 3.74631 0.105429 4.58249
-72.4622 1.76375 12.7328 1.63219 6.86205 1.50125 12.2039 23.9089 8.28468 3.54029 0.10661 5.54855
-71.0001 0.924242 8.59166 3.95873 7.26234 11.7449 6.89935 5.63922 14.6451 7.44759 0.130767 4.67033
-60.5408 9.23712 9.88496 3.67027 1.89524 9.10728 9.45257 4.55367 3.75044 10.0319 0.130547 4.29866
-42.4912 2.65489 6.47299 7.07298 10.2932 6.68725 11.6563 12.867 4.28898 1.60405 0.0073424 2.19752
18.5251 2.92975 2.30211 6.69927 15.8443 7.76554 10.8891 17.4861 14.4148 9.54978 0.0286574 6.26465
-33.2504 3.57504 0.752194 3.87578 3.31946 15.149 20.6771 8.04084 10.9589 20.8076 0.031582 5.05723
-58.6463 17.7033 4.47025 6.25849 10.0751 9.42591 9.7091 5.08621 5.47922 46.1467 0.0566769 7.59555
-55.7034 13.331 5.45258 5.67038 16.262 3.26961 8.11148 13.0261 18.29 13.6443 0.0268039 5.04513
-62.5033 11.4818 0.716966 20.065 4.39105 6.53704 34.898 6.87257 10.7529 25.4347 0.0544521 10.154
-74.4021 8.25244 6.49661 12.2223 1.69003 6.91241 5.0458 9.97322 5.15309 1.6156 0.0383705 2.91226
-36.8682 4.86192 4.63993 14.1905 0.501226 5.31241 16.5758 6.11749 14.9356 9.55212 0.101999 5.57366
-15.5818 3.64737 1.34816 1.44767 8.91911 3.60165 6.6019 6.99621 12.6723 10.3758 0.596889 9.59325
40.7796 3.80162 0.691049 15.7071 11.5138 6.71614 6.48897 12.7428 5.31087 1.14529 0.393015 12.4638
-10.0955 0.885361 6.27889 3.58358 7.52698 0.302081 4.08609 3.77624 7.9681 7.23715 0.377487 7.69583
-22.4741 7.21583 9.12035 21.0956 7.71832 4.26265 6.72533 3.23915 5.82021 17.7259 0.214251 9.20909
-17.3742 4.85669 1.39521 9.23074 8.72293 7.96062 7.55687 4.94849 17.0252 13.2214 0.0010939 2.02476
-68.0529 12.6946 9.11617 5.82921 12.6234 5.19876 3.13782 7.68526 17.2817 3.27151 0.0174557 3.39569
2.08161 4.8693 1.53384 10.9192 8.42795 2.8204 24.2083 17.8443 1.49759 7.55083 0.00525832 5.50321
-34.696 7.27065 6.21673 4.11219 12.8577 10.0384 11.7559 10.5724 4.66618 15.4485 0.0132086 3.63249
-67.7629 9.10486 1.21446 4.12863 16.5813 12.5938 15.1913 14.2399 17.994 5.66038 0.00448228 4.31828
-64.3941 12.002 2.61633 5.9709 7.7595 7.11286 2.85334 13.4599 29.0025 7.07247 0.00448228 3.0302
-74.3673 10.0448 5.00884 11.7556 14.4744 2.76352 19.6985 8.06951 10.9662 1.76818 0.0360794 5.0992
-60.9064 6.1526 5.90655 7.70609 14.9134 3.73031 5.93974 13.9065 23.4111 1.15247 0.0246333 4.12605
-31.3834 4.6561 5.54694 15.578 1.82551 3.26245 8.33267 7.51458 1.50406 15.0925 0.0270643 3.55908
28.2123 7.88243 3.23259 17.2491 3.76618 12.6957 14.7326 5.8788 1.13203 24.8491 0.0311796 9.97457
-16.931 0.589224 3.14956 2.11839 5.55473 4.05482 15.0732 11.8061 31.2365 5.66024 0.0173959 4.52984
-27.2526 4.12762 18.6512 3.99081 0.591391 19.5826 4.7299 23.644 42.5006 24.137 0.0217544 11.1216
-51.0248 7.78809 19.6948 1.37286 6.8183 3.46673 3.48193 19.5922 21.9744 17.9675 0.0214878 6.0072
-49.5924 2.69465 9.95905 8.59327 5.14383 29.6065 7.42813 17.4216 11.0748 18.0811 0.0291821 7.47997
-62.7377 2.54807 14.4741 15.0157 4.87951 18.6873 9.11971 21.3097 31.2884 18.5122 0.142584 11.8947
-62.7377 13.5122 7.25794 0.827448 7.22235 9.18326 8.63753 12.263 6.18157 32.8917 0.239305 7.9845
-64.1626 8.93411 2.96651 15.8799 3.73362 6.49462 15.2069 8.25463 0.519933 2.14756 0.0234951 4.00149
-59.6994 5.32614 2.96052 7.66683 6.22825 6.26335 0.893133 14.223 20.6792 12.2378 0.0299094 3.8025
-61.7646 5.64045 1.91623 0.83287 18.2011 3.60319 7.68425 8.14707 14.5035 12.2168 0.0362106 4.0036
-41.6279 13.4098 4.04626 3.33565 30.7979 4.94213 1.65567 9.00682 17.072 5.50165 0.00600754 6.49873
-69.0076 9.24328 1.49206 14.9484 24.8618 2.59795 0.88 1.53962 1.90617 6.66934 0.0985497 7.00181
-14.2613 2.13556 4.92331 13.245 6.81301 17.0105 2.16209 11.2372 5.55517 5.56121 0.0104974 3.78924
-16.963 0.570991 6.57406 17.726 7.0302 3.07982 2.17214 1.73685 6.5625 4.53565 0.000743815 2.53078
-34.0404 0.406874 9.76881 10.2503 9.20173 20.1509 3.7527 0.10557 20.2436 48.0203 0.00228403 9.03619
-62.2486 10.4538 2.74584 2.89815 5.82236 22.9447 31.2715 1.58755 5.11109 3.20528 0.0190805 6.66049
-40.3092 6.40463 10.8944 5.56357 5.82236 22.9447 14.99 1.46154 14.4549 19.7596 0.0190805 6.76705
-30.4334 16.4317 0.561373 10.1812 3.21497 3.88801 27.6164 4.17213 17.8607 14.5652 0.230526 10.1521
-30.6722 7.21933 3.77707 11.36 6.60277 7.71948 1.7044 10.0366 7.9587 2.37719 0.0178817 2.69109
-63.4961 3.16994 3.91724 19.4552 12.8296 6.02281 13.3106 22.1247 7.69984 2.06704 0.0260336 5.84026
8.63003 2.60154 4.93235 7.50913 4.13683 0.330967 11.932 10.2413 18.5147 0.800051 0.0227598 4.62157
-50.4987 9.43954 3.87783 8.25192 2.98792 7.3754 7.02205 19.7654 15.4602 12.1499 0.0188458 3.39621
-68.262 2.1707 7.03941 10.5483 23.5702 3.62302 7.69729 1.84832 43.7436 1.35208 0.00359894 6.00415
5.44281 3.12558 2.04397 3.96216 7.03169 16.0835 5.8833 11.4376 9.89273 1.48157 0.00909752 3.03342
-3.04708 5.37997 4.15778 6.0475 16.1019 10.1692 6.85906 25.7821 12.9488 35.2576 0.00213476 7.3508
-44.542 6.92084 19.3798 6.11186 2.25572 0.529045 7.06496 1.3051 29.7151 14.4189 0.00123235 4.98195
-27.9519 6.73751 13.0887 4.0267 2.90998 1.33876 7.31854 2.83499 19.1146 7.29982 0.015309 3.34439
-48.6232 14.9691 7.6304 10.7424 17.8574 1.89662 9.18117 1.08801 1.21039 8.14327 0.0172845 6.45507
-52.949 21.6768 6.68188 2.26852 10.6068 13.4251 5.87725 6.73764 1.52278 16.6285 0.016944 6.13008
-73.9277 10.9804 13.2943 2.05109 14.0254 8.71355 6.90228 15.4272 25.8151 37.9437 0.0134791 7.4821
-69.1658 4.08465 6.64352 11.2369 8.80064 1.44289 7.89667 12.6671 33.7813 36.8227 0.0351879 6.89223
-57.2368 17.2295 1.30384 17.7442 2.68862 0.287628 9.32603 4.66891 19.8652 7.16105 0.0561865 6.62756
-19.7265 0.305061 2.30855 9.18064 0.835404 0.411931 13.671 2.2271 13.4248 0.844849 0.116836 7.01893
-43.2847 2.54806 5.61417 3.467 30.9349 11.178 11.7201 11.0803 36.2974 20.4541 0.116422 11.8595
47.9346 5.87818 2.68437 0.627253 16.6384 9.38935 3.60037 8.98164 15.137 9.08913 0.0338887 6.74694
-26.96 2.33609 5.69781 1.63636 27.0182 9.46753 9.5343 2.42336 2.24577 37.5665 0.00472933 6.54392
-44.6153 8.16798 8.16902 9.63213 12.3628 2.47607 7.7346 10.5338 4.02459 16.5798 0.00524198 3.1045
-72.7098 4.88191 8.12714 5.36128 15.9809 7.46653 19.1015 17.1524 14.8072 3.03106 0.00524198 4.18692
-50.5623 4.88191 18.3536 1.90326 4.29165 1.45947 5.02967 26.2366 2.26665 7.57541 0.0168778 4.28571
-71.6919 3.79461 4.83791 5.33015 18.0675 2.81805 7.16011 10.087 28.8455 11.1836 0.0152965 3.89384
-37.3902 5.79066 2.5057 11.8336 4.6633 7.38763 7.24573 5.5414 6.64664 16.8447 0.0229319 2.67931
-47.3988 5.29304 7.04972 13.7917 3.07313 4.06962 14.965 7.99087 1.84693 14.1584 0.0238068 3.49449
-10.0895 2.92966 7.10925 2.01018 7.42612 19.4815 4.25758 9.25161 3.80905 12.6749 0.029812 4.01686
24.1202 0.584663 3.08314 1.35943 14.2857 12.0796 2.85422 0.21825 6.48795 40.7578 0.00441603 6.76518
-8.03684 3.72914 10.7523 5.38053 5.77475 2.94533 6.4029 27.4853 12.4217 27.9297 0.0245386 6.04729
-51.7008 8.01703 1.19015 6.9949 2.08852 7.84426 3.54031 2.06814 7.8387 13.3104 0.04702 3.53501
-44.7189 5.37015 1.28916 8.12009 19.2772 1.31864 16.1545 9.77412 16.8345 19.5565 0.0380665 5.97351
-23.8467 0.511543 14.0457 12.2685 2.14907 10.1426 32.4287 6.43607 8.74243 9.50603 0.0832204 9.88579
-23.8467 2.84358 12.1438 6.56807 0.710985 17.5993 32.4287 8.113 28.4995 1.00781 0.0292599 10.4469
-47.7372 4.0949 11.8622 3.41885 3.45583 15.2552 14.7949 2.67022 35.7249 9.53233 0.0718441 6.61261
-40.3742 2.50314 1.29302 4.83502 2.83607 6.40214 21.3138 10.9408 5.64977 16.204 0.00012428 1.87622
-5.79691 9.65798 2.46883 0.0682937 0.288613 10.7563 31.2942 10.9749 5.59413 13.9575 0.0064015 7.59216
14.3561 7.80685 7.85535 5.29439 4.20975 1.78122 31.2942 11.2217 9.91141 4.57212 1.33759e-05 5.15118
-57.8208 8.1513 1.56249 8.94393 7.32815 1.869 44.7125 2.58371 13.3677 11.3875 5.96582e-05 5.209
-30.0296 2.31153 7.09183 5.233 1.715 8.18413 27.5449 0.774734 31.7098 19.6632 0.0352835 7.12675
-40.1732 5.76068 2.74983 16.9465 2.88693 3.06358 17.3871 3.94138 19.3594 12.5102 0.0399458 4.84116
-40.5834 4.12968 13.5932 17.5881 4.68055 12.1205 17.3871 7.10585 12.7678 30.1282 0.0500179 9.56557
-30.0303 8.51327 6.27693 18.1807 1.6942 27.3977 0.967804 2.24832 7.23369 53.3004 0.0734285 12.4891
-60.8408 3.17829 3.39285 1.69121 14.7954 15.368 1.59002 4.45584 2.50434 15.3537 0.0131062 3.24082
-58.3523 18.8025 4.31502 1.02945 8.42786 2.07603 5.41952 14.5305 4.07744 17.0715 0.00928867 3.69204
-49.7808 9.02259 4.23809 19.062 6.51751 5.74064 1.68917 17.4197 6.98016 5.04451 0.0511729 4.98941
-73.7047 13.1729 2.50319 16.2989 7.18214 8.92588 8.96432 4.9482 33.3103 20.1852 0.257886 9.57302
-62.4752 14.561 4.20244 17.5183 1.40411 2.59629 7.7455 5.81055 24.473 22.8371 0.160536 7.9482
-59.0526 13.1754 1.8582 0.852431 7.43772 12.0515 9.14508 6.20605 2.2613 30.3934 0.0545748 5.46474
-21.9653 4.95938 1.39078 11.4934 9.5372 3.21796 5.07593 7.55918 12.0945 24.5701 0.0743697 5.02261
-26.2755 3.42413 10.0712 4.89698 10.0567 5.80111 10.6487 2.87969 14.006 5.08731 0.0150775 2.77385
-61.1008 5.05066 14.9941 14.6004 6.35804 1.84399 6.03003 6.37868 7.6446 2.08297 0.26543 6.89494
-20.8348 11.9853 4.80937 17.3147 8.09586 4.18824 7.84136 8.22277 35.3255 7.78161 0.203111 10.4397
-57.8272 4.05399 9.12101 26.9354 1.51868 7.46186 11.2406 7.7671 11.8449 4.06703 0.0213909 5.6532
-70.5064 3.09603 9.61227 7.74918 15.2063 7.19323 0.54599 19.6526 11.4743 7.44656 0.0170543 4.01292
10.6502 4.48855 3.24294 25.1498 1.2631 6.21386 5.94118 12.4152 13.3418 4.0706 0.0170562 6.59485
-10.9307 4.51085 1.87097 12.8897 1.44289 6.35864 0.821095 31.1682 20.2628 4.27017 0.0576259 6.65219
-73.1469 2.43927 7.28812 29.1312 2.11911 5.72233 17.1484 19.5007 13.9815 10.6338 0.0900623 8.70841
-69.8585 3.29392 19.6638 9.04711 2.97061 14.003 2.21031 1.17065 21.229 6.52392 0.00752534 4.27103
-74.9852 6.31501 2.20625 9.32605 4.93419 20.5593 15.2331 21.6052 25.5352 12.7437 0.0031752 5.56171
-74.5249 4.22682 8.02457 8.02776 9.55732 11.957 11.5938 14.0808 47.1624 9.7424 0.00388484 5.43544
66.5466 5.58318 3.4237 1.26485 11.0894 4.1501 5.65234 9.87917 1.67109 6.23201 0.00408108 4.28763
-11.8096 2.43892 14.5783 2.42848 4.75885 3.06337 6.9683 15.3805 8.80275 16.0626 0.00909448 3.36713
-56.8275 11.4173 3.23487 5.19479 3.85046 1.8302 2.48289 3.76063 38.5862 15.8364 0.109779 6.66584
-47.4869 4.55238 6.7561 4.76707 1.40721 24.5589 13.4358 9.27319 31.9272 5.65145 0.0285196 6.2032
-36.9432 3.82491 5.7143 3.60577 4.55937 18.3678 9.2472 14.9273 1.2723 5.92657 0.0345154 3.79887
-73.0801 7.76332 8.05465 6.74177 10.6459 9.46822 7.47068 15.314 6.52838 23.5863 0.228718 6.91075
-68.3206 4.26322 15.3076 5.48351 8.28332 6.9384 5.06315 11.1583 23.8827 12.7527 0.213505 6.79674
-70.7305 10.6936 11.3526 7.94289 7.85387 1.17445 8.92541 16.0811 20.4244 20.4712 0.209798 7.95363
-64.8179 7.26426 8.58366 5.67971 4.01159 12.2932 4.37617 5.71467 18.1255 3.1755 0.160024 4.84808
-60.8261 14.697 2.66 2.04584 1.93026 9.19297 6.07936 27.0382 21.7737 24.7232 0.00331861 5.08091
-71.0786 13.8302 11.8012 9.8539 7.87863 20.3482 0.362424 19.3366 2.13145 20.797 0.0119529 8.21399
-54.695 10.7238 9.48455 4.22401 13.131 6.30646 23.373 4.78627 20.6425 16.7227 0.00654558 5.82804
-69.1731 8.18704 11.948 4.7977 16.5137 16.5078 8.06106 2.29974 7.04788 11.0508 0.0107204 4.64039
-72.6077 0.868831 16.0962 12.2693 3.44439 15.8961 7.04168 38.0622 18.794 12.2872 0.033855 9.01021
-66.1124 24.4908 1.80718 5.69969 1.57916 15.7332 3.81637 13.9705 9.70801 69.3092 0.0646772 11.2385
-22.8759 4.37181 6.28819 1.03893 7.55779 9.92728 4.64022 12.0777 57.2704 77.0186 0.0204724 12.3032
-19.3789 2.40398 1.2907 17.5555 5.72554 21.4306 8.00707 13.6935 42.121 0.547099 0.00453969 8.70473
-55.5156 1.37318 1.2907 17.221 6.5173 20.2302 8.32046 15.3111 4.83565 12.6808 0.0632466 6.26338
-46.3191 11.3424 1.57698 15.7835 8.55751 5.96667 2.34986 12.1175 15.898 3.82305 0.0032065 3.34233
7.60471 12.055 16.1495 2.29388 3.78464 6.46751 10.3949 2.30374 4.04055 5.64178 0.018737 6.32834
-73.4151 12.2607 7.03859 1.73857 14.0031 6.91784 5.91228 9.07095 3.9835 11.1157 0.0913386 4.27516
-70.1525 14.0758 2.92896 2.83263 7.3824 1.47182 8.28428 1.73769 14.5191 27.3252 0.00532971 3.71744
-66.0225 19.1844 6.32442 3.55008 5.40344 10.9789 18.5335 27.1335 19.6234 32.5414 0.0122983 9.32187
-69.262 20.1836 0.896704 7.88643 4.33183 18.1721 5.16656 3.90926 8.79776 43.3058 0.0855992 8.39802
-27.5335 5.70752 2.75483 5.99425 10.7844 8.01326 14.1472 3.16068 3.65192 32.1699 0.0496133 5.18376
-14.6929 11.2449 7.21743 13.5466 10.8442 8.21127 5.70272 7.90487 10.7156 1.43231 0.0675421 7.49314
-9.47532 16.2898 9.05663 0.319112 2.7901 6.61835 8.93865 2.62889 2.21544 3.83957 0.21521 7.58338
-29.1246 28.0266 1.15841 0.416184 6.35353 8.2222 6.01592 3.77451 29.5296 18.111 0.158642 10.3353
-28.6449 17.0035 0.98137 1.94077 14.934 12.1569 3.192 2.32959 12.471 19.1047 0.225846 8.67292
-33.1312 10.9622 4.43801 3.56369 14.9487 7.46012 1.46052 7.27968 10.7974 51.7121 0.195395 9.52096
-65.6491 4.96622 4.30082 4.25327 9.87429 7.13199 10.8891 1.21865 19.1067 1.16974 0.24143 6.31452
-31.4568 7.46428 8.67634 4.41248 9.18543 0.918509 8.99714 2.23129 11.8865 2.58376 0.162802 5.3701
-7.99577 7.27834 0.208056 5.51932 2.69302 6.52146 5.58395 11.7233 23.5292 1.79828 0.00125966 3.08764
-73.0115 11.8571 1.95699 5.96801 0.256504 24.5626 7.89008 13.9659 8.96472 2.05626 0.00343634 4.16321
-52.2697 6.77703 8.0971 4.27287 1.47635 19.1567 13.8848 5.50559 7.63156 8.64134 0.00838733 2.98901
3.31601 11.8177 9.5741 3.02808 9.34644 3.11366 4.55121 19.0627 10.4128 10.0382 0.00117934 4.44661
-43.0668 1.96934 4.34528 3.484 5.87242 3.20733 11.4541 12.2538 2.54732 11.4242 0.0340673 2.90471
-66.3406 6.54177 9.4292 2.62923 16.0855 1.53714 8.71112 8.21428 0.29836 8.49795 0.00774983 3.16142
-59.6874 4.65983 9.08153 0.309226 15.8049 5.25887 11.1436 17.2015 35.9443 19.6475 0.0479518 7.68459
-36.9074 1.14693 3.96898 6.84324 8.28913 14.0792 8.56241 2.79787 9.2868 12.2872 0.0150768 2.73387
-2.01176 5.93853 1.72177 8.43866 4.20271 13.795 14.8839 5.12805 9.7868 12.1923 0.00037998 2.63574
-63.8055 9.58796 12.6686 11.4827 3.14189 1.3029 8.3167 8.16877 1.44923 0.438624 0.00037998 2.6677
-66.3868 9.89441 11.5023 8.52499 1.26344 3.95641 3.55444 0.982249 10.1784 7.96915 0.0554036 4.02705
-42.3681 11.4815 19.4257 3.58522 2.19627 4.75826 14.7382 10.4076 6.22738 27.5095 0.0543755 7.51464
-32.7322 0.972616 12.5587 4.49601 5.94206 7.95076 0.45006 42.3812 21.8867 5.13882 0.202613 10.5264
-16.0447 0.894579 7.83433 9.01176 4.80143 1.10641 17.1935 10.3495 8.81914 20.4228 0.154622 6.81316
-32.5653 1.70831 4.23749 6.55666 6.09029 2.22418 16.5447 11.6269 7.92748 15.2498 0.55399 9.93611
-29.0502 8.20921 8.00723 5.44674 10.5254 6.64282 9.7765 13.2021 14.4575 0.318514 0.116197 6.56401
-56.9738 11.6556 17.9621 5.30904 10.2592 10.3892 6.58706 1.91548 12.8309 12.9798 0.0184416 5.88164
-10.0573 0.508246 25.9786 2.95527 4.83873 0.168619 5.31963 8.71351 10.8001 1.2366 0.0184416 7.02252
-66.9351 4.93195 12.7306 8.27718 4.01175 2.69581 7.31939 5.37964 12.3142 11.4749 0.0184416 2.46504
28.4008 2.84661 1.35076 6.24364 4.59556 5.93116 12.1441 12.6074 23.9656 4.32008 0.18941 7.22043
-0.309851 2.82544 1.52197 3.85023 5.36441 8.40332 11.7128 16.2779 20.2368 26.1763 0.197386 7.89841
-45.8243 0.28141 5.70878 3.43544 14.5898 7.89644 10.1445 20.2143 9.18584 5.39427 0.0170071 4.09146
-73.0833 14.2981 8.1818 7.60065 2.91448 13.276 8.94568 5.66657 2.60515 18.6996 0.121773 5.59917
-54.9163 10.7523 11.599 4.41211 1.74177 5.68152 11.7433 3.89281 7.35906 0.318633 0.177831 6.02084
-38.762 24.4603 4.24188 4.65539 24.5957 1.53849 5.4181 15.5884 8.27278 5.73789 0.0716117 10.6733
-71.818 7.75363 1.48056 5.55735 5.00014 9.31349 2.32858 42.5618 13.9455 22.7981 0.0173486 6.24198
-63.6014 3.75538 5.60063 0.339712 8.38576 6.79409 9.2671 16.305 9.26941 25.7435 0.0369829 4.93352
-67.7821 4.96209 22.9721 0.978213 1.17654 6.71485 0.269632 1.07314 2.76358 14.4083 0.0143466 5.34065
-60.1515 10.1254 18.8209 2.54476 5.53888 10.9845 9.9696 11.9973 21.4029 2.41648 0.00135359 4.49192
-69.1438 10.0579 5.03322 4.51683 4.85805 8.71276 4.43502 4.15458 18.6319 6.975 0.0818059 3.69204
-31.8325 18.1856 1.06854 7.42738 5.15898 8.67746 1.64406 36.9412 1.90912 1.93172 0.0512519 7.97702
-18.3022 5.71438 1.25952 3.59486 3.77333 9.57397 3.48122 11.6836 11.3077 7.35757 0.00932661 2.00634
-61.4659 1.31328 25.1192 4.56938 6.46537 13.4046 2.18085 10.0704 22.5153 3.15812 0.0024598 4.85357
53.3917 1.7949 8.79296 5.20888 2.5422 4.49032 6.79535 16.0604 13.7745 12.6345 0.01242 4.92662
33.9034 1.42153 6.548 4.1591 7.86558 1.86564 7.18893 3.22569 36.6477 0.639788 0.0101494 5.38717
-27.0275 4.30533 7.11329 7.17005 8.14425 5.37165 3.79065 13.9655 4.62544 26.1286 0.0100632 3.14122
-74.3615 8.65623 13.3477 7.8083 4.13803 11.4185 1.86477 5.62057 14.7248 20.5596 0.0159521 3.79932
-50.6796 16.6193 11.8556 3.11918 8.15474 7.313 18.9425 19.5904 5.33996 6.12304 0.0331491 7.49737
-74.3374 3.24817 5.90349 3.56876 11.797 6.7595 3.30415 26.8214 5.96943 13.1875 0.00181177 2.39043
-57.0781 4.71564 7.99721 7.69881 5.85414 4.17039 9.75339 22.0695 3.07548 3.14271 0.00104171 1.5587
-68.0403 4.63125 11.4123 12.8846 7.21216 1.10762 12.9645 9.70507 3.53154 6.05712 0.00235605 2.19524
-67.5003 9.0675 10.0102 1.45587 1.03199 7.91181 6.68317 9.24484 5.25296 7.14979 0.0480069 3.31269
-68.9488 4.8388 8.23624 3.12723 9.98194 20.0986 9.50215 14.6084 3.11006 4.02245 0.175929 6.28314
-41.97 5.24712 9.20332 7.21195 11.6771 15.2511 19.8783 8.90893 1.83538 34.9236 0.0237567 8.05521
0.669785 10.1466 8.12817 10.564 8.46402 23.1022 2.34673 4.18876 17.812 10.1571 0.136625 11.1773
-32.8928 18.3599 8.24758 4.29849 2.19713 9.99476 9.74101 1.36252 26.7309 25.5386 0.110982 8.83456
12.1689 0.706522 11.0152 4.96081 4.11855 7.69257 11.0292 10.8979 18.1048 5.81312 0.208914 7.64215
-69.706 17.8233 12.1051 0.786025 13.7272 4.76623 16.957 17.4213 12.5069 2.64354 0.0143446 7.06114
-62.1133 4.68416 14.9033 5.137 13.8675 9.25079 2.09159 18.9642 16.3918 1.85327 0.00285242 3.95034
-67.0057 8.16875 6.23099 10.5288 14.3152 0.499886 4.56221 10.1326 15.5213 14.9034 0.0127165 3.85924
-28.835 4.97779 2.90798 11.1545 3.65201 6.24162 2.18179 7.05864 18.7171 2.32591 0.00850471 2.31692
-17.2121 5.54511 1.01342 11.9741 6.50917 20.4289 2.44068 4.37306 10.3609 9.28798 0.001606 3.30746
-24.83 9.74594 0.798093 6.87057 2.61868 11.3254 2.44068 0.174682 7.54318 21.5085 0.00259138 3.93301
-29.6226 8.54761 8.56594 2.09246 7.31192 1.13128 3.52047 9.74535 14.9826 15.8735 0.0932144 4.96425
-74.7532 5.28282 10.9621 2.02291 5.03718 0.253959 21.8477 3.3653 0.220835 46.0569 0.0489797 8.60384
-74.9609 11.5523 8.79149 2.06183 3.40416 3.63618 1.74234 18.9432 7.32344 39.12 0.0289277 5.62627
38.0266 10.4211 6.86818 1.99027 3.2338 4.39179 2.62913 38.1805 9.44862 76.3138 0.000268217 11.7591
-16.5056 1.97158 3.87645 2.43821 4.48529 4.41683 10.7476 27.7056 4.81261 16.9901 0.0126258 3.70157
-27.0375 0.939917 10.372 4.89436 7.66148 3.51097 18.6037 12.2682 3.68877 3.68723 0.000552926 2.14218
-12.2573 3.5382 14.9471 5.70177 8.52525 3.62679 5.55758 12.5372 4.1432 32.9023 2.46974e-05 3.64768
-0.27379 3.7618 5.53891 0.495464 15.2463 4.57486 5.84284 5.44523 17.9504 19.1232 0.0183124 4.49419
-14.3297 1.34002 2.95721 6.57402 0.68006 17.2956 6.62853 6.99658 1.59099 19.8574 0.0233736 4.23392
-18.1449 6.68218 14.832 5.65568 13.061 8.64576 5.2439 7.99559 6.53329 19.203 0.0078897 5.4326
-65.4035 9.1839 4.43175 7.3236 5.28382 10.1673 18.2456 5.91332 16.9337 5.82703 0.000460002 1.8126
-11.852 3.96342 1.23274 6.60052 2.7354 11.2354 17.1172 36.3581 26.957 26.8674 0.00408966 8.26111
-42.8686 2.54377 3.37367 1.18409 14.7533 9.75553 4.78518 30.8561 8.14313 10.1777 0.00674682 4.01576
5.29999 5.66843 3.25186 8.20198 8.17739 11.7439 2.35022 3.57318 18.7585 33.4618 0.0528429 6.58695
-33.373 4.87211 2.41512 6.14829 8.17815 23.4145 1.24191 3.68977 1.5696 9.36969 0.008027 3.35419
-74.1064 10.2436 2.77313 3.86155 15.7201 4.5661 4.6125 2.60594 14.6508 7.04923 0.0249232 2.89734
-70.9592 6.29165 3.43279 21.086 11.1119 8.95651 3.8015 8.9416 16.8015 16.0834 0.00989403 4.40279
-32.4658 0.870943 3.51915 6.92245 8.09622 31.2291 3.8015 5.02806 3.15504 22.2784 0.011758 5.53428
-37.6035 6.56728 4.36144 1.01935 9.52625 12.9797 7.33037 7.30953 5.88748 21.7174 0.026196 3.63336
-68.8483 3.29491 7.51807 20.4931 4.2131 8.41962 16.7308 7.85183 29.0808 5.84184 0.0022146 4.55862
-50.4821 1.80805 5.18215 6.58835 16.0258 8.07663 8.52002 14.3808 40.897 19.8238 0.00254606 5.40911
-52.2754 4.3229 17.7497 3.03534 23.4926 19.3787 2.5908 6.19958 22.9192 31.2692 0.00265961 9.81545
49.4422 1.55407 8.44904 2.63591 15.4368 6.30208 2.91721 10.7766 34.3298 25.0812 0.0138844 8.62007
39.022 3.20534 21.7683 2.69716 9.51836 7.91493 2.13875 11.7738 23.6678 3.6092 0.0015325 8.8108
-49.2337 7.23449 18.5879 1.90403 3.62116 9.12216 3.071 16.4199 38.6099 15.4811 0.00594917 6.06985
-14.6236 2.02382 14.1738 9.48997 16.7779 8.94313 6.85812 8.66433 28.6736 9.68696 0.0425488 8.73283
-27.5206 2.22391 14.3774 4.12138 21.3917 12.2371 0.232106 6.36433 47.9903 1.70977 0.00105574 8.82241
-31.9255 0.784353 14.856 2.79089 18.732 1.32943 3.86201 1.5244 54.4842 9.34305 0.0016047 7.11529
-25.1797 15.7661 2.56403 8.83964 0.942843 7.24515 8.31263 1.47777 6.0465 18.609 0.00698521 4.03499
-19.7736 0.134456 3.12127 23.3921 5.51172 7.27959 4.1658 2.15242 13.6935 4.44184 0.0247825 5.51611
-7.65587 4.1943 11.1949 1.07766 3.85906 8.23112 8.26739 24.3624 12.3798 18.2837 0.0185591 5.16432
-68.5558 11.0358 5.66507 3.94147 2.89298 2.21357 3.61239 5.90683 13.5992 35.2039 0.0590871 5.45975
18.3618 8.33404 10.2895 0.232634 2.46618 0.920326 3.1657 5.12854 4.65594 3.56504 0.0621424 5.50353
11.4812 5.74542 2.36544 3.95101 0.748587 4.77876 3.58531 2.91202 1.69278 4.39722 0.0585603 3.75331
-54.3093 7.0936 5.83204 4.04348 14.604 2.45047 8.17023 14.8179 23.9452 9.76443 0.24578 7.21287
-38.7176 7.77594 4.51231 3.93186 5.59571 14.968 12.6383 14.609 8.37217 6.4922 0.15967 5.73442
-48.9119 5.21981 1.66893 13.839 16.0563 13.5447 7.43493 13.0887 19.1147 10.7396 0.00465997 5.00386
-30.6757 11.2731 2.28952 14.8075 10.4275 1.03648 6.09215 11.2132 16.9097 20.2391 0.00465997 4.96259
-61.1993 14.79 7.44048 6.85908 11.0796 8.57234 9.2982 15.8003 25.3133 18.527 0.00465997 5.70996
11.515 7.30723 5.29334 6.29813 13.892 4.45305 15.7216 13.1688 17.553 21.5022 0.0389226 7.99379
-71.6451 15.7949 2.15952 2.25545 8.95703 9.59622 4.09682 11.8123 17.1546 4.89381 0.0123081 3.01278
-15.3788 9.0346 2.63336 6.61383 4.28853 15.87 12.7938 0.407873 9.40405 17.6869 0.0203469 5.12641
-40.7396 2.9654 4.4148 10.8406 3.91104 8.31142 20.8549 25.3439 22.1428 11.0778 0.0104767 5.74117
-52.609 7.94581 2.69235 15.6093 10.0937 5.84992 14.9744 10.3378 2.94864 9.79675 0.0415382 4.71451
-67.9837 11.7186 7.03343 2.74599 4.17542 14.175 4.5926 23.551 5.76896 9.62282 0.0168478 3.54665
-74.8651 10.2626 3.05336 13.1084 11.1987 18.4668 6.85793 5.45327 14.7609 9.44514 0.012445 4.40019
-73.5326 6.97446 6.51724 2.03088 1.35636 16.3504 9.81468 10.1876 5.08397 13.9608 0.110501 4.81599
-60.2438 7.49577 5.36694 20.5486 5.56593 11.2496 4.918 15.7126 7.03479 3.45019 0.0951457 6.01553
-72.5434 16.6528 2.58539 19.6891 2.92982 5.06359 4.27551 27.5988 4.61717 12.4743 0.00151406 4.85708
-18.047 0.767098 2.99722 12.1853 7.95881 9.83403 2.56707 50.821 4.56831 13.669 0.0439465 8.83094
-54.6347 3.72737 0.702561 5.36167 6.6627 12.543 11.9085 26.135 22.5379 19.112 0.101049 7.50198
-56.7975 9.33843 3.48141 14.2469 13.5635 7.04869 1.10263 31.3455 3.79721 2.2236 0.134286 8.1075
-65.8219 13.9636 4.91722 4.16299 3.28474 10.8131 3.45283 0.210286 1.51015 11.702 0.132331 5.79527
-68.187 13.166 6.70831 18.2601 3.57657 13.2821 34.6011 4.92953 13.747 9.87456 0.0497 10.9849
-74.7442 12.3535 12.0666 10.829 21.0954 3.93538 3.19033 13.6709 13.3599 24.0754 0.106418 9.26454
-71.1385 3.77583 8.25238 18.8151 3.6528 2.27451 3.255 17.8287 11.7239 19.8534 0.120765 6.09153
-73.8259 1.70036 21.0194 11.8589 2.00901 1.60749 1.98283 12.6442 3.44776 10.2494 0.198302 6.84563
-65.323 0.807115 18.9623 9.19013 1.40884 4.24383 4.90802 18.7449 3.65445 24.9745 0.141366 7.24515
-5.69607 1.29766 13.6613 4.36367 1.58821 12.7361 27.0891 15.8167 1.94556 30.5264 0.0839327 10.5947
-8.84576 4.21402 5.66725 27.839 3.88655 3.91265 24.5313 1.75053 10.931 4.55274 0.0117399 8.88364
-13.3139 25.0682 6.21438 3.7776 4.4025 7.57617 3.44792 7.46062 26.8467 5.10339 0.0213202 7.96204
-14.1173 13.5719 2.71658 0.95975 3.64497 2.03352 10.328 47.5478 19.8398 11.1187 0.0443126 9.11147
-74.2417 4.42716 9.49869 7.08629 3.66933 6.94778 18.9401 18.5776 8.4135 1.54401 0.0505589 4.38789
-31.5332 7.85324 6.2232 0.436455 4.66457 3.36121 19.3159 2.85435 6.23754 19.938 0.0412608 4.61301
-34.2413 4.36052 5.05101 14.497 6.89533 5.78376 16.3789 8.86737 4.75354 36.5024 0.0395387 6.21477
57.8693 5.32386 2.95879 14.5284 2.36642 4.99533 3.26584 17.516 4.75354 14.0542 0.050405 7.38448
-12.5392 1.29232 5.56364 13.2731 2.22859 3.10787 6.79049 10.0887 12.6216 14.5644 0.00966808 2.9697
-70.8471 9.13992 8.70635 2.998 1.66323 3.36845 10.195 21.6342 14.7631 12.3137 0.00652648 3.11046
-44.1054 4.37357 9.43588 1.49106 9.49124 5.08965 1.63906 10.6989 23.7434 1.86264 0.0112082 3.25504
-64.1399 5.99604 10.1648 4.05785 2.60831 10.4762 2.23486 7.13961 9.85744 3.97808 0.0198173 2.19769
-59.8625 12.148 6.17644 3.59428 6.42278 4.62096 20.3398 4.93197 15.8686 10.4634 0.0594933 4.50013
-33.7853 8.20739 0.849623 9.45283 2.70278 14.2542 11.6854 5.40035 40.8611 15.5108 0.0178956 6.19493
-47.0261 10.9514 3.23819 1.36836 9.01824 5.08216 21.6562 2.15707 22.9775 6.26736 0.00887837 3.95626
-67.0553 12.5877 5.79012 15.5635 13.9917 4.74943 11.0993 6.04089 33.6451 18.9617 0.000609074 6.08167
-66.2852 7.49167 2.96371 25.9663 7.17004 2.51917 13.2509 2.02081 29.5664 10.1682 0.000609074 4.95495
-18.9228 8.26364 8.30985 0.580664 2.61374 7.0519 17.1843 5.11159 12.3452 35.1277 0.0542816 6.60202
31.5039 1.03704 9.43712 1.11775 4.19986 6.64907 24.7397 13.714 36.8943 26.6827 0.0156435 9.64311
-12.3255 2.0483 7.04207 7.07412 4.58627 4.60356 17.0154 7.70098 14.2151 17.5686 0.00045157 2.26557
-5.24363 0.575786 12.369 9.70677 0.894788 9.11515 16.5609 9.37992 0.200245 12.9439 0.0445547 7.30743
-69.6981 13.9431 6.19218 5.02358 15.9692 2.76816 15.8206 0.438481 2.36749 2.04653 0.0100484 4.32343
-69.6981 7.64555 5.31793 4.7256 30.6252 5.79689 1.56549 22.8757 4.8973 5.64185 0.00707476 5.39533
-48.6768 3.4534 2.25443 5.93495 16.9723 7.28815 4.68688 7.73599 5.8456 11.496 0.00640741 1.9304
-62.8988 2.85365 2.03952 3.87556 11.7401 4.43166 2.27258 16.4762 10.4748 6.13762 0.248819 6.02256
-47.3229 14.9316 0.936624 2.33328 12.9455 2.94746 10.4837 24.6107 19.1484 19.8979 0.185317 8.96596
-62.6761 12.3746 7.72979 10.2432 0.886722 0.689868 11.1193 40.346 19.943 9.84259 0.00282942 6.73224
-72.0341 12.8611 3.90578 8.6588 13.9792 2.14419 12.542 21.9975 26.6567 22.2111 0.00282942 5.90204
-72.0341 0.247747 0.711147 18.4414 2.85841 6.95966 12.6361 17.5034 19.9217 30.844 0.00304392 6.32802
-25.3518 21.2849 2.81188 0.0880583 19.5309 3.93853 15.6076 4.49883 13.2931 18.9852 0.0152166 9.53025
-74.6744 7.77736 3.61472 5.00516 38.4418 4.01433 0.0187986 13.0376 14.4625 2.47288 0.0198707 8.7272
-65.7975 11.6214 8.56961 0.0241442 14.3799 11.5898 11.8144 6.12498 13.3452 42.1611 0.0101743 8.20294
-72.7223 1.59848 11.2242 12.5153 11.2778 17.6078 2.14813 2.32723 23.4174 20.1275 0.0108668 5.562
-58.8344 1.15722 6.32396 6.30016 5.92672 11.0681 14.9428 16.023 11.1735 27.0682 0.0157997 4.52546
-60.5082 2.18879 8.45983 9.70745 3.80037 7.88827 4.00082 4.51599 30.5352 57.0246 0.0305934 7.76844
-70.1697 9.08583 6.3581 7.12985 23.6854 11.6418 5.0331 2.54412 5.39143 14.3664 0.0495629 5.69511
-73.956 6.76908 11.4268 10.2117 14.9756 5.24259 2.11674 2.40242 31.153 38.4514 0.0384043 7.67411
-72.8317 13.0073 18.6126 0.0638747 17.4215 7.01017 9.97472 2.02666 26.8883 10.3533 0.0001065 7.0848
-69.7837 7.44274 4.55005 22.9682 18.8537 4.35351 15.4689 1.66273 46.6046 3.88747 0.011152 9.81873
-72.9742 8.40948 3.0586 19.2758 21.0223 10.3095 4.48658 4.61416 33.6547 8.11378 0.0162655 7.62805
-53.8138 1.91725 6.81424 13.1113 9.66049 8.566 12.0763 10.7137 37.5953 33.0425 0.0561022 8.3314
-72.4165 3.8156 8.6987 6.69134 3.61108 5.00815 4.9126 2.95375 33.0322 12.5117 0.0278897 4.15808
-48.4802 5.11003 14.9397 1.12462 3.75791 5.03055 9.03838 10.2989 62.067 1.05359 0.0284638 7.78966
-44.1839 6.55077 9.71298 6.83646 5.36467 2.45667 9.13144 16.276 0.859566 9.63115 0.0413833 3.80089
-21.2804 0.258258 16.8981 3.24071 4.99644 7.02391 19.8033 13.9796 2.15202 0.0927601 0.220884 10.4159
-37.035 0.38634 0.76835 7.33037 10.1159 5.74236 7.70767 19.4842 12.9929 14.4965 0.122161 6.3139
-41.1954 17.2516 1.7436 4.69009 10.3551 9.71304 4.48198 4.65425 12.7735 5.48453 0.297336 7.19361
-74.3975 19.36 6.54112 2.95102 2.33156 8.28423 4.38448 2.90644 13.2188 18.0331 0.257833 6.90088
-74.3975 0.230945 4.44659 5.57955 2.32335 7.47693 8.10793 4.8259 27.7904 1.62387 0.140149 6.99307
-73.6067 2.44871 10.9079 12.4622 4.79636 14.5115 6.73176 18.8442 31.1104 41.0074 0.0238098 8.17398
-74.0423 4.30488 13.8948 4.20707 10.6432 2.60914 7.37699 10.7722 7.925 9.87927 0.00505904 1.81741
-67.9826 11.9239 1.95987 14.7279 7.52971 7.42204 9.80283 17.9067 8.95702 7.5547 0.0685379 5.17429
-33.1571 4.97854 3.90072 7.11201 10.4569 5.20948 14.6124 27.3814 14.2821 2.01164 0.222956 8.29361
-43.9964 12.7927 10.1833 8.48754 0.685313 10.0932 12.722 10.0294 11.9595 0.243649 0.0120726 5.67125
-54.866 2.04513 16.7452 3.30087 6.76982 7.71481 5.78733 11.5191 8.75816 27.1552 0.00190851 3.05291
-74.0464 1.12789 14.0712 11.4098 1.594 0.821993 6.35398 4.15678 10.3262 8.71769 0.014305 3.36497
-44.5323 1.28565 2.84566 4.91175 9.08377 8.33202 6.30902 6.80038 15.7642 1.82842 0.0561345 3.52553
-39.7561 3.46549 5.76117 11.1596 8.51573 10.3037 6.69358 16.6051 40.0792 19.32 0.00540212 5.73421
-37.6037 13.5296 1.65746 10.7574 2.89619 5.05975 6.75667 3.96335 39.072 0.607415 0.0256459 5.90159
-36.2387 4.28511 1.63964 7.60748 1.50838 1.17903 18.9318 12.1659 23.5296 4.91355 0.0806187 5.60406
-62.2241 0.551593 1.25047 0.536715 4.42634 20.7391 11.9465 15.67 15.5881 12.8454 0.097832 7.34387
-53.9058 2.24725 2.85156 1.80807 10.4195 45.3294 1.00038 0.959897 15.3185 6.26888 0.116581 9.74198
-67.2398 16.2034 4.52832 4.22954 11.804 3.23509 9.86078 0.384255 3.16764 10.5536 0.0288499 4.09103
-66.5303 19.4382 2.9699 5.35676 2.94788 13.4909 8.09225 8.76642 6.17935 5.51938 0.0429656 4.00403
-63.1735 17.992 15.5408 4.82448 3.30668 3.48307 11.7293 30.7351 10.4659 2.39122 0.0263718 7.76239
-61.9606 6.91929 7.61504 5.08831 10.0642 7.13846 19.3559 15.8511 19.7469 7.56154 0.00486284 3.78144
-56.7329 11.4722 2.2088 1.0765 2.74218 1.26177 13.0131 21.3002 14.3223 40.8407 0.0181205 6.70149
-73.1359 18.3028 5.36715 2.79648 2.74165 11.9659 7.01263 7.33256 11.8753 5.65792 0.0311599 3.41125
-70.1355 0.514207 3.20458 2.03592 10.2346 5.26089 4.43154 17.5124 7.71871 3.45836 0.0513706 4.43385
-56.0883 3.1989 14.3917 4.63389 1.78369 17.6592 7.0642 3.73835 0.105534 2.80555 0.00150342 3.38884
4.17768 1.8336 2.51955 7.39182 0.935935 8.22991 19.4844 2.34173 6.80716 3.24241 0.00261521 2.55843
-19.4398 3.67015 4.93484 4.90279 3.52278 20.7578 9.30489 6.37315 6.20285 9.34557 0.00428527 2.4225
-63.7386 4.91477 0.73455 2.37863 20.2106 6.32802 16.8063 8.18284 51.2709 5.45964 0.292517 11.5564
-40.4557 1.87668 0.541857 1.00933 13.6938 3.43768 16.0241 42.9528 40.3141 19.1166 0.156377 13.2527
-61.7149 2.228 1.53939 12.1024 7.17499 1.39986 16.684 25.2337 21.126 46.1441 0.000990386 6.93543
-69.1838 4.38833 3.10013 5.38323 12.7271 11.4565 7.92204 1.90275 13.7308 33.3219 0.0185346 4.46709
-53.3898 8.41834 4.48802 6.72075 10.3279 12.0248 1.70766 5.26581 21.0389 15.3198 0.0232264 3.85283
-42.1641 2.90134 3.22399 12.9987 9.95819 0.953594 13.3558 17.797 18.3221 11.0257 0.000725141 3.23868
-71.0489 4.2178 14.207 7.41952 4.26076 8.44735 8.40011 14.7236 17.3159 10.0638 0.000725141 2.06231
-74.6455 5.83925 19.199 0.398966 14.553 5.63547 3.57329 14.8008 18.8052 7.78575 0.000725141 3.83842
-72.265 16.6558 1.12558 1.3953 7.80467 14.925 2.70581 7.39168 13.4078 7.0464 0.174967 6.06895
-67.8118 5.64495 18.3509 13.7733 2.09012 0.427096 2.85189 30.1068 17.8828 14.0712 0.00291109 6.2111
-34.0224 3.30016 8.66711 25.0259 4.06196 6.70807 2.75567 3.02698 18.9341 11.4954 0.146429 7.96687
-69.8952 3.28871 2.79551 15.877 8.43265 6.18975 1.69403 9.90369 11.8442 18.9643 0.0375425 3.96433
-31.7617 6.30629 8.66638 4.97235 3.88786 7.99055 0.128626 11.0505 3.02798 5.89432 0.0398026 3.96951
-35.4047 7.52153 3.44253 7.22181 9.50479 7.95731 4.03996 14.6255 26.849 2.91081 0.0454962 4.58257
-50.6519 6.97602 8.63881 1.45322 4.00052 6.05485 2.58488 9.49796 14.3385 9.75324 0.0719847 3.7671
-68.5444 7.65763 13.244 12.9802 21.0946 2.08935 17.0937 21.3216 5.81016 31.2484 0.0124012 10.3913
-46.5215 5.52665 13.2411 2.81455 2.60794 2.84359 6.31491 4.30802 2.9353 30.2874 0.0376166 4.37633
-34.6839 5.95883 12.9017 2.83114 4.25199 2.33026 5.00826 19.5198 4.81894 28.6167 0.0125057 4.20469
-47.01 6.02724 5.46335 2.77513 3.08413 9.65622 3.7983 11.7301 10.6723 4.52389 0.00346964 1.22491
-70.9253 8.16914 16.9021 11.9539 3.35379 6.87971 9.64741 4.36679 1.73108 9.42974 0.0144535 3.7724
-72.5261 4.05927 15.56 15.6911 1.30547 7.33132 2.0218 25.5683 5.83287 19.8668 0.0172628 5.59486
-72.5261 11.7178 15.56 7.82891 1.30547 10.8181 3.37624 25.5683 5.83287 9.19052 0.0172628 5.19041
-49.916 2.98172 11.4063 6.68994 4.79663 27.5442 5.18268 1.66995 26.0662 11.8525 0.0302277 6.39387
-42.652 3.43209 9.32073 6.73002 2.02877 12.2963 14.2274 3.31678 18.4265 9.30913 0.0246689 3.66602
-49.562 5.53929 7.9804 0.670331 13.9118 2.37535 4.7587 33.89 5.18835 1.42473 0.144818 7.15888
-47.7528 2.54995 2.09576 6.70029 16.4017 4.2956 18.4577 8.58953 16.8923 1.67294 0.11422 5.92326
-31.0916 2.64196 1.63457 2.18222 9.39959 17.3511 6.67686 3.96451 49.9184 20.2844 0.0432198 7.47867
-18.5805 4.26892 9.74761 4.4399 15.441 8.48844 14.8203 1.13759 19.6374 5.03074 0.172674 8.20097
-49.6575 8.67068 7.70583 7.95298 1.68221 2.48344 18.5621 13.6222 5.831 9.23813 0.409382 8.28747
-49.1867 2.43329 5.72803 17.8436 1.97217 16.8078 5.90866 12.9599 7.03892 14.1243 0.0692865 5.5595
-69.4039 3.63835 0.425505 6.52428 3.70762 12.4467 1.07153 4.57947 10.7512 23.3993 0.0211397 4.79022
-48.9351 1.95036 3.26695 11.1965 4.31198 19.8823 7.37198 2.43738 5.15282 28.2553 0.0211397 4.49916
13.3856 0.720749 1.16655 7.6159 11.2919 11.5183 4.98796 1.29625 14.7986 11.8233 0.0409326 5.10069
0.411933 4.11754 4.56221 4.61418 11.3068 2.48029 7.78468 3.93208 13.154 32.4072 0.242786 7.73528
20.555 1.64833 4.18955 11.9126 6.34708 8.55566 1.98207 12.2868 3.60803 36.8011 0.00347253 5.1152
-33.2368 1.74569 0.459228 14.0075 5.40549 6.34365 2.45889 17.9951 3.96743 11.4877 0.0224198 3.81342
-37.8269 9.09076 4.61558 4.22889 11.4792 13.1205 10.0304 4.75635 48.4541 8.82456 0.00969928 6.10884
4.92295 2.35726 1.06274 20.4037 8.68311 5.29835 2.53469 28.4139 13.686 17.6189 0.0266161 7.97483
-14.7926 10.857 4.06843 5.00619 11.7186 9.11624 1.70022 15.0162 13.0635 5.63446 0.0183304 4.32663
-19.8947 11.3809 4.06843 5.02985 9.47249 4.74826 1.29268 27.6531 6.96398 10.5155 0.0144286 4.55954
-29.5863 5.05151 3.38089 4.54135 13.7674 13.1995 6.92691 28.6933 12.0517 30.0427 0.0111987 6.54065
-10.0344 1.17386 0.666228 1.67481 8.02004 4.86361 0.919882 2.62134 3.66435 20.3567 0.0108144 4.06066
-68.2127 4.99211 9.81137 2.60321 4.59198 26.7464 3.90002 3.13724 15.2576 9.59626 0.0144822 3.77062
-0.0232182 4.61676 16.1303 3.91558 4.63469 13.4314 0.952646 3.27973 24.2931 24.3008 0.00531899 6.4041
-32.6089 0.638963 7.54905 7.01364 1.52505 20.0964 26.8472 1.19381 20.8964 21.608 0.000235033 6.32434
-14.5646 7.6509 5.86949 11.7027 7.1765 4.58521 18.8752 1.41306 34.3393 10.4464 0.0398773 7.41563
-41.7309 3.27736 0.279422 13.1367 8.92492 7.9594 14.3545 3.87973 18.611 4.51531 0.0664787 5.34073
-50.426 6.5469 2.43493 4.4185 18.8139 12.8849 11.8497 7.9734 9.75642 6.5991 0.1991 6.82403
-39.9383 5.04286 3.28276 5.81055 11.7785 15.184 9.20636 11.2085 11.1762 3.76777 0.106703 5.09149
-67.5072 2.01468 4.95582 2.819 7.61522 12.9514 12.0154 1.3762 7.17593 9.18979 0.143601 4.86633
-73.9141 10.5296 2.73161 1.34985 10.7696 13.6183 10.5125 7.61413 9.85383 21.4265 0.0424039 4.45579
-72.186 10.0061 1.46171 8.07579 1.46196 10.929 9.27772 23.8478 27.9621 20.7055 0.0247999 6.11368
-44.4383 1.34743 0.813173 7.28759 2.77419 7.30929 5.02964 0.915019 11.5538 6.80609 0.0989443 5.03845
-71.5556 14.157 3.64511 3.87095 9.70441 0.779515 1.08231 19.8939 12.8658 12.763 0.0114316 3.95646
-71.5556 9.33045 6.00131 11.7146 6.16943 5.18365 2.40142 18.3981 15.2288 1.17138 0.00314582 2.59655
-53.3099 7.72681 6.30936 5.60126 12.7747 11.2436 9.058 4.68391 4.86905 10.7014 0.0148768 2.71909
-49.5885 8.33223 6.55286 4.59147 9.4946 33.3145 3.59331 0.709443 9.72335 12.6694 0.0040562 5.86923
-48.5773 7.33744 13.8196 4.13471 2.95294 3.06794 16.961 14.9694 15.2081 3.84352 0.00765236 3.53435
-57.6748 18.3466 3.15008 3.53651 3.61438 7.93387 6.38444 11.8344 29.7955 8.15156 0.00375008 3.68328
-49.1941 13.3648 5.00722 6.08025 4.62814 15.1342 5.95796 13.9826 29.9535 6.26199 0.00787618 4.6543
-21.3624 7.05619 12.8128 2.05537 4.7411 8.98256 4.09686 3.84892 26.1857 11.8963 0.0387739 4.86682
33.1173 2.19979 11.9324 4.51948 10.6007 17.023 1.92942 6.65756 22.128 15.6821 0.0345994 8.65681
-9.30214 1.34252 13.5349 3.26222 5.96727 3.50269 0.938039 3.96718 22.2579 6.52754 0.0300444 4.34982
21.666 3.25725 12.8558 5.0507 8.71823 4.26473 2.17854 21.8988 42.8204 7.64576 0.0741996 9.75945
-51.6893 7.06851 6.82078 6.30798 5.28815 10.0212 7.17274 2.60905 22.0455 11.9427 0.0204823 3.08559
-12.9133 0.718076 23.0222 7.00297 1.66266 9.29577 5.64233 6.82459 2.24618 15.3624 0.0791775 7.42217
-7.1574 1.73879 2.09499 10.9822 3.19637 9.66506 2.03885 5.42735 1.79285 7.41449 0.0469173 3.42277
16.1902 8.71142 0.596209 8.11125 12.7557 6.54504 11.1288 6.45066 14.0861 24.166 0.089134 8.11124
-41.031 7.06878 8.23704 3.15042 10.547 4.69721 4.0138 16.381 20.6002 29.0633 0.0169475 4.82787
-46.4948 3.43099 10.1057 8.52047 3.38419 3.35179 4.46759 16.0846 20.0455 31.5218 0.0432351 5.47303
-67.8826 5.8447 3.36152 3.84913 11.0522 12.1695 0.918557 6.62354 7.65368 11.573 0.0357052 3.15956
-54.0636 4.46851 10.0066 1.95753 6.48604 0.645756 8.00768 38.9627 22.9823 21.3997 0.0965023 8.59207
-69.9016 4.95905 14.6727 3.47429 5.19815 14.3656 6.83684 11.0103 2.75165 21.106 0.114219 5.4893
-52.1801 4.88887 8.64201 5.11727 5.60733 17.8846 7.44755 10.8218 7.41435 15.8825 0.114701 5.16043
-9.40431 8.49709 7.41477 5.55149 10.8079 10.1417 5.41584 26.442 6.12523 24.0652 0.0138809 6.74429
17.1256 2.95638 4.1944 9.13295 4.16866 4.87774 9.28035 23.8554 8.00223 5.85707 0.0111777 3.83606
-68.3591 8.99902 12.2638 9.30577 11.5398 4.56459 3.89749 24.1288 32.6372 7.10364 0.00755384 5.87474
-71.6873 12.5228 14.2691 1.98428 10.2592 4.41582 14.2575 14.6492 9.32189 7.16521 0.0671448 5.55886
1.19241 0.165488 2.2516 5.18425 17.9048 4.38085 7.40159 12.5457 5.65918 9.55349 0.027204 4.7091
-24.2145 4.71901 19.2975 3.515 4.57654 9.53037 4.18597 21.0425 11.237 13.9629 0.00700791 5.13464
-38.5725 1.07914 2.29683 5.48818 2.13923 23.961 17.06 9.09646 25.1804 8.52285 0.00646009 5.10347
-48.4593 2.17029 8.89627 4.6489 8.44772 19.403 4.33296 10.3756 6.55471 1.63728 0.0323502 3.6849
-63.9132 9.44317 14.8771 6.11059 13.5626 2.08008 6.94627 1.45793 18.9853 14.9747 0.140977 6.98768
-71.9804 10.7432 7.8751 4.48494 14.4315 5.73082 5.7189 10.3173 22.2011 9.29181 0.138469 5.72709
-50.0214 10.9606 0.17313 3.73861 12.3379 5.62232 14.0262 7.28745 17.8776 2.78623 0.443099 9.67187
-53.7908 12.0889 2.07416 4.29236 4.31012 6.67348 13.4565 12.6977 13.3624 17.1243 0.184545 6.06328
-15.8481 2.44737 8.45245 4.82241 7.93772 0.556942 4.03477 38.2033 7.6237 34.3137 0.00345636 6.36382
12.2052 2.44737 5.36592 6.32893 4.83691 7.44165 10.9396 55.1507 20.1576 23.9264 0.0129894 10.6601
46.4723 3.31619 0.597844 2.97293 5.02958 4.80032 9.27281 36.3 2.86232 2.91076 0.017769 6.10518
-17.1821 1.08472 3.04088 14.0692 3.70232 2.85201 7.98212 6.99782 2.86232 4.94431 0.0342981 3.02257
-69.5073 3.24006 11.9768 11.3643 2.74133 12.2308 0.383017 5.12698 0.625119 19.3983 0.037908 5.12408
-56.6616 1.17095 19.0468 0.674844 2.27365 21.5554 24.0225 5.66535 2.34378 6.96512 0.0460016 7.70301
-73.2053 15.1805 3.71465 9.21464 7.16096 0.496711 16.0108 5.43898 18.9575 34.7136 0.0645671 7.26066
-46.9782 8.92305 4.4952 10.4507 19.3309 7.85726 4.45784 0.652775 32.0166 22.9792 0.00218017 6.34293
-61.2181 6.69476 13.4327 10.251 10.9817 10.1915 0.573679 6.3148 1.48651 26.1898 0.0152066 5.46992
-26.7104 4.04887 5.83342 10.0468 4.80275 14.1061 1.87234 15.1141 17.0407 28.2183 0.000899131 3.92913
-28.8085 3.11813 5.60571 4.37344 11.2564 9.25497 2.43833 8.99946 44.3991 20.4121 0.00083866 4.49861
-23.5355 4.09593 15.7759 8.52542 15.6415 12.0317 15.0645 6.34107 31.3082 34.8215 0.000868597 10.5808
-38.7812 8.52951 13.4307 3.29288 8.59033 4.38669 10.7236 5.80529 4.51092 25.6887 0.000200743 2.76757
-74.9812 7.78452 5.14766 1.03639 8.16799 4.02857 13.8058 4.96065 2.20533 42.4789 0.00905433 4.73397
-56.5459 8.64965 1.37662 2.52329 18.7766 8.57468 15.5007 12.1041 0.404333 10.3979 0.0179132 4.99645
-55.767 15.0043 4.18823 8.15604 15.589 7.25665 12.7455 11.3571 8.3022 21.5913 0.000417262 4.65092
-61.9175 4.36327 4.57983 6.03134 2.65916 7.74439 12.7348 9.37693 13.2914 23.1809 0.0150667 3.17411
-50.9787 4.27854 8.35974 6.40642 0.960933 11.4673 4.20977 7.3189 1.82945 19.7208 0.0601844 4.13063
-69.3363 5.68519 8.12948 3.1516 2.05122 15.8058 9.50998 5.62195 5.59941 10.6164 0.0237973 2.62297
-68.2796 8.18569 1.57559 6.86659 5.91264 10.3044 11.9448 22.2189 6.46643 22.9741 0.125976 6.25656
-64.8417 8.73563 9.13184 1.38434 20.6031 16.5198 17.5202 21.5687 10.0688 23.7037 0.0974026 11.3684
-67.2156 9.08874 3.92714 23.862 22.1435 1.95029 4.18792 12.0136 21.7444 11.0305 0.223317 11.6397
-52.4418 11.1714 4.99993 3.47055 5.25642 10.9476 8.73909 12.1972 6.79331 37.4081 0.0320126 5.04081
8.49797 0.710171 1.44291 0.908606 6.40492 20.1206 6.24973 1.92647 3.54526 42.4772 0.0357815 7.14776
-49.122 0.758516 16.1217 4.67682 9.81796 19.6259 4.28962 4.72684 31.538 46.3599 0.000624937 7.87266
-55.35 3.94205 2.70368 14.5218 7.3687 44.0096 3.12132 4.09355 0.478946 9.89859 0.0515266 10.1531
-56.1506 13.4798 2.50596 7.78051 1.17751 6.00384 4.4654 13.2942 5.89682 5.88472 0.127594 4.56011
-37.9614 7.96643 1.5389 3.99483 4.95069 6.09107 2.87376 10.889 2.05998 47.1695 0.0258182 5.48733
-59.0025 3.13343 1.98207 1.55029 15.7423 4.46702 1.94946 7.66832 15.3084 37.0444 0.0539298 6.24325
-55.5942 9.5033 2.66246 7.31187 6.23133 17.8948 3.81737 13.1502 11.7204 36.6339 0.152481 7.69804
-1.66462 8.55797 10.9653 5.19686 1.85839 9.4605 2.20358 9.10078 21.1359 13.1274 0.000574929 3.59718
-59.4748 7.0974 3.99645 14.4911 6.87659 20.203 6.66208 16.1254 17.5483 6.39997 0.0236626 5.62109
-73.5698 11.4324 5.08457 15.3535 8.25318 10.1549 6.01822 28.5253 13.0129 30.2426 0.123781 9.40462
-58.1786 0.180066 9.98618 6.73772 5.86788 13.4566 20.5749 4.16049 26.9465 11.7876 0.171027 8.65561
-19.8933 2.69335 7.1387 10.0118 14.4527 12.7797 6.65043 0.433887 7.77245 15.9554 0.195259 8.30045
-46.8246 7.24189 4.15833 10.9616 18.1595 13.1898 12.2795 4.61502 2.50216 12.0736 0.208361 8.52553
-65.8785 1.22042 3.021 0.243893 5.23228 2.78817 18.4876 12.496 46.3189 9.70789 0.176716 9.93733
-70.0102 7.1706 1.60071 7.51412 2.9628 0.449839 12.4306 2.16286 30.8962 21.0624 0.289507 9.24765
-59.0641 16.0405 0.779164 7.02267 13.4955 11.7261 5.36641 4.12953 57.877 24.3833 0.228931 12.5813
-55.4051 3.94023 6.38095 13.9182 21.4592 11.9814 5.77015 4.65692 12.9408 11.2883 0.0794755 7.05439
-61.1755 3.83977 9.2299 13.7519 17.6494 1.89709 2.53443 1.83632 16.6527 13.1952 0.0665595 5.70238
-65.4259 2.5387 5.20573 9.37867 6.3332 6.9902 32.6016 6.25867 9.50213 22.5374 0.247706 8.7849
-56.4155 2.64068 11.3438 13.7106 1.8433 9.06251 14.4664 4.34009 13.5754 24.427 0.339071 9.2177
-74.2501 28.368 4.6313 3.42802 19.6056 9.70559 12.5854 2.05505 1.8135 20.4814 0.435066 12.805
-49.9039 8.08907 14.4447 14.2303 8.54051 19.8636 2.10076 2.05505 8.1074 12.3047 0.0621264 8.38871
-58.3809 7.53367 6.59289 5.42267 4.63336 23.7222 4.39888 2.05505 7.79855 14.4113 0.172247 6.05437
-47.4094 9.73545 3.94846 8.80202 2.32137 2.28626 41.5052 15.2049 9.20104 16.6359 0.0506382 8.47072
-38.5877 13.1161 2.53488 10.9463 3.2657 16.1605 28.0277 0.0525928 30.7573 53.9984 0.0794546 15.5356
-67.9995 15.0822 8.39946 6.07631 9.83381 3.35989 14.7789 21.2807 18.8558 17.2167 0.0433716 6.88633
-66.2636 10.9895 3.11325 6.43734 12.9206 7.64271 15.1975 29.2228 14.1711 14.5088 0.0432002 6.88685
-5.72726 3.34628 3.46631 15.7611 1.75624 6.40486 17.1767 30.5199 7.34874 16.5605 0.0184296 7.23617
-34.4437 1.06059 12.2345 1.98202 3.17454 16.5819 28.5402 16.7783 22.698 12.5811 0.000215163 6.63544
-28.9812 6.55187 9.37882 5.46286 5.02278 9.62909 4.29619 15.5705 22.6175 1.20644 0.0224892 4.2611
-52.8145 14.6792 3.69007 6.8547 4.66492 5.22599 14.7436 14.5555 39.069 3.02108 0.0734454 7.08262
-29.0454 4.36247 15.7937 5.81257 14.1142 6.86242 2.14557 3.71631 24.0222 11.1978 0.0327945 5.95822
-69.2596 6.5661 7.20426 11.7843 1.13855 14.0894 13.2357 6.2607 33.4001 6.85328 0.0321612 5.43402
51.9835 3.05974 7.27638 3.50993 10.7492 1.11799 7.93397 7.26175 9.13026 5.85373 0.00182461 3.5649
3.95148 0.216288 4.77649 5.19612 14.1054 6.58483 13.6387 16.2304 23.1616 5.83636 0.0608556 7.26634
-63.3234 2.2683 9.19718 12.1945 10.8326 10.5444 6.78081 8.30382 14.6396 4.15372 0.0145796 3.16412
-70.3867 3.40263 11.0353 6.23489 11.8149 10.7861 4.08154 8.17973 10.9313 10.7193 0.00151032 1.59017
-70.3867 3.48455 8.16557 5.23062 13.9503 13.4562 5.79114 10.918 25.3535 12.3676 0.0018274 3.12925
-58.5891 2.1046 6.6522 1.16403 12.5397 9.39269 4.17684 26.2821 23.8223 20.7042 0.011829 5.35767
-64.7683 4.25578 16.889 1.32829 9.07633 19.0656 2.42086 15.1513 14.0073 12.4215 0.00946642 4.81153
-74.8349 6.28263 5.51367 6.93459 17.271 7.30151 11.7784 8.49775 17.5568 16.9405 0.066292 5.13
-47.9435 3.79775 5.83359 9.83932 3.51278 5.55334 19.0612 14.0088 15.2654 10.7404 0.0424051 4.26906
-19.322 1.8041 1.68821 5.53405 17.8022 3.49563 6.19236 19.1234 18.65 1.75682 0.181651 7.20608
-49.5951 1.20638 3.59885 6.67646 11.8 20.9465 3.14464 36.5587 1.02069 36.8053 0.0595339 9.97305
46.6618 2.80153 1.40876 8.80389 3.1321 12.013 3.46183 9.59557 11.1319 49.8622 0.00788013 6.97865
-62.6245 1.51837 5.10559 7.28408 7.53752 11.1422 16.5771 1.26001 17.6855 28.7661 0.0126221 4.73723
-59.3827 9.62204 18.195 3.95227 3.74993 11.5814 8.44745 2.01532 9.82768 11.9508 0.0271384 4.51989
-74.5091 4.47126 10.9735 15.6103 12.6 7.8548 14.7529 5.83359 32.324 20.6422 0.0458114 7.95674
-74.5091 5.37194 6.20953 10.0295 14.111 5.37867 8.87853 5.83359 39.8664 22.1625 0.072629 6.8717
25.7217 0.281446 1.2015 0.846046 3.28715 0.637613 1.44172 30.8421 35.6787 16.4831 0.0171995 8.56365
-33.1341 5.41824 9.94324 1.57654 0.463426 3.12132 5.82877 24.8253 17.5718 21.0622 0.00338799 4.49136
-62.5815 6.79031 23.2011 1.6285 2.79183 6.14658 12.5368 3.00273 31.2912 13.1057 0.0928656 7.50016
-28.679 8.65563 0.863205 1.53719 3.57403 10.3721 11.3123 13.9493 7.38562 4.72792 0.00880845 2.63747
-24.9865 4.64387 3.10955 3.40082 1.75632 1.70652 11.5221 20.441 2.04454 19.4758 0.016654 3.81192
-19.1095 15.9524 11.4259 1.94989 1.24144 10.4031 11.7234 18.6964 0.452769 12.4532 0.0561472 8.40235
-53.5782 3.54578 3.10438 5.40169 7.96687 26.5182 2.74857 15.605 39.0321 24.0037 0.0423972 8.21257
-10.5039 5.22767 6.02024 1.39721 7.55088 8.81755 10.4786 4.68895 13.6065 30.8268 0.0135846 4.21967
-37.3469 5.93438 4.52422 1.48113 10.388 1.94724 0.898905 7.99316 33.4827 29.544 0.0308989 6.37101
-35.2133 7.81924 1.04293 12.3431 11.9439 10.5518 1.64839 7.19973 1.2972 8.86733 0.0381937 4.50022
-34.0532 6.99822 2.65249 12.9726 0.951927 20.4992 10.9243 6.56494 5.48907 15.3584 0.0234444 5.05795
2.09295 8.68878 2.7994 7.22339 0.00950057 2.0962 5.69362 4.87689 10.4755 9.09982 0.364645 9.43515
-61.0586 6.18214 3.52372 8.33122 1.10866 5.51634 5.34615 20.9587 18.6892 9.28889 0.136497 5.57064
-18.878 8.60137 6.09969 11.2644 7.10692 8.90227 6.5632 16.6514 19.645 44.547 0.143716 10.3321
-12.1122 5.99009 5.45844 6.93919 7.0057 10.1523 4.00164 14.2979 9.29318 15.1305 0.00687546 2.88774
-55.5376 1.91072 1.67797 10.4235 15.0818 7.05019 13.1737 5.30372 23.2142 13.1031 0.00330741 3.47444
-1.3145 2.56715 0.970519 2.41103 17.7123 12.5598 10.8487 10.3904 4.0147 3.65489 0.00577396 3.83246
-46.0423 28.6563 2.47409 2.85853 4.85129 1.60552 7.31448 16.1266 5.47587 1.00916 0.00577396 5.5662
-67.1382 4.06569 1.64527 5.67581 14.5703 7.20276 9.78244 11.8596 3.91501 13.1079 0.00543997 2.1528
-7.34696 11.3458 3.2371 3.76803 0.766538 0.777717 15.9469 24.9765 2.80261 2.25589 0.034476 5.87709
-45.7166 6.43002 9.35123 2.80851 1.74482 3.31987 14.5851 2.46086 14.3978 24.6792 0.031315 4.34025
-45.9834 4.30099 9.96956 2.90701 8.0687 18.5778 3.02731 6.48965 14.3296 21.6076 0.0755593 5.42837
-41.1949 20.4243 5.40568 8.04796 8.67367 5.13592 5.53813 15.4449 8.83647 4.0448 0.0808271 6.57586
-20.9027 6.99074 4.10278 0.850825 1.93171 2.5169 4.43446 4.88602 17.3437 7.94957 4.82952e-05 1.36797
-30.2027 10.6832 3.37995 4.03636 6.24498 8.78106 2.59597 26.9814 4.95476 18.4032 0.0292707 4.67705
-3.31509 3.05266 1.67494 10.037 16.5287 5.51932 0.844265 25.7603 19.9244 1.16496 0.142062 9.00524
33.0382 1.70519 5.75579 11.4386 5.14076 1.3484 1.58203 11.4672 5.37385 11.76 0.086919 5.66601
-46.1817 5.10831 5.52406 2.75758 4.50483 3.62413 2.28838 9.81065 34.1404 30.1969 0.101305 6.98941
-40.0293 20.4831 1.36821 8.98588 2.82095 1.16989 6.16496 1.85574 29.2514 14.3386 0.0414018 6.61644
-45.0648 10.0053 8.04904 8.60578 8.03668 5.83949 4.45343 8.84327 45.5583 6.9359 0.184969 8.30401
-50.8539 7.94524 3.74603 16.2023 8.19316 4.12187 1.64618 5.41368 38.503 8.71429 0.00510551 4.4652
-53.7415 9.14475 1.21643 7.68852 9.14766 4.37133 9.82718 1.69356 8.53207 5.52236 0.0378632 2.98498
-36.3739 2.87278 5.97207 7.89875 10.5767 1.9915 3.67894 6.43902 3.32483 14.7769 0.161777 4.81159
-38.9481 6.61408 0.744617 7.57798 14.2662 6.53137 5.53426 3.37421 4.51715 19.0671 0.177459 5.88393
-25.1012 11.277 8.89329 12.3842 2.39549 0.0948681 4.16512 14.2409 22.0448 11.8903 0.134636 8.53127
-54.317 12.8452 7.6957 4.07101 2.45477 14.6094 1.19135 4.88507 7.56339 8.2934 0.0392579 3.64397
-49.2672 1.35744 6.77352 2.22344 15.9995 27.7749 5.91224 6.37012 12.5171 40.593 0.0177931 7.93311
-37.8849 3.69755 22.7125 3.83509 14.0542 8.54243 5.91224 8.72812 31.4292 7.72419 0.0346849 8.24158
-67.3592 1.34297 10.0263 1.88636 18.7154 8.54329 0.963783 8.68469 4.01336 17.9226 0.0197889 4.08112
-50.4344 2.34046 3.1196 7.90772 16.0366 3.37773 4.68379 3.18731 12.025 5.87443 0.0133941 2.29708
-61.2095 10.5099 6.36902 1.45134 15.6662 6.1427 11.2258 0.742302 4.54985 14.8675 0.0596604 4.8023
-70.242 3.4175 8.0001 4.73901 20.0384 9.7072 12.795 11.4292 20.3367 9.92574 0.0376343 5.35036
-48.1557 2.80027 12.805 3.32934 10.6408 7.73948 0.130897 4.07167 21.8272 7.82621 0.0860749 5.9303
-61.1124 16.4464 11.4572 5.33188 1.8694 8.11639 8.24887 2.25046 0.2996 9.03351 0.117633 6.25253
-68.2762 3.73031 1.91276 18.9527 6.47561 11.9511 2.70329 4.75711 25.4018 4.2332 0.0764649 5.29457
-52.838 5.63244 12.4392 7.50795 3.40034 4.607 8.51325 10.2005 21.8381 10.0111 0.146143 5.51189
-67.2613 3.24336 5.99591 8.51747 6.75052 1.93924 1.5489 10.2652 16.3466 14.6855 0.238317 6.29889
-70.3192 3.02655 3.77067 3.62033 4.62289 2.08373 14.5775 19.7702 21.8083 17.9606 0.0965607 6.20573
-14.0455 3.71098 1.96585 9.99376 2.9772 7.49753 13.9409 17.9579 25.5068 6.33837 0.0244568 4.82352
-54.9062 5.71044 1.49914 2.74807 7.61585 22.2398 12.8749 28.1254 19.0422 4.53759 0.0481619 7.20261
-51.3982 11.3679 13.3876 3.34084 3.24421 12.6186 19.7365 9.78189 12.2412 46.8326 0.092197 9.99026
-11.3084 2.78098 2.62801 4.07268 7.93706 7.67292 12.2115 9.61653 5.17509 57.4357 0.00214495 5.22537
20.0011 6.63083 2.93047 1.63041 1.7586 7.62781 17.1155 11.3668 0.217523 11.9903 0.0533479 5.89298
-72.9501 7.30917 7.84868 0.513971 3.07754 21.9238 20.3514 3.08085 9.25432 8.43195 0.171347 7.19451
-72.4534 20.1116 15.4182 9.12193 0.734526 15.3732 20.3514 11.7018 9.25432 3.46673 0.132406 11.6347
-65.4053 1.48627 12.4764 11.9034 2.58263 18.4313 1.98021 21.3481 47.8319 7.60741 0.0487544 8.87501
-21.6968 5.25872 1.66755 5.59829 4.11404 12.8647 2.64789 17.1854 2.27451 18.0355 0.126897 5.40389
-39.4769 5.08819 3.02029 14.4598 5.04548 26.916 4.51635 9.67811 3.99876 20.7064 0.0751533 7.29694
-49.444 16.2509 11.69 6.21137 1.06784 2.9091 10.9955 13.5863 7.43736 8.33326 0.0200097 4.65527
-39.2601 9.8834 12.2021 12.8364 2.07707 4.13053 0.800582 15.3308 8.23359 34.7545 0.143624 8.69403
-29.2562 20.4829 2.68757 3.67412 1.08015 3.87097 13.9824 14.1271 13.611 6.4512 0.163666 7.21938
-62.6858 8.21276 10.5553 10.8305 3.28613 3.98904 11.2132 7.45487 10.8356 5.68322 0.125455 4.60077
-63.0046 16.7099 10.6742 3.3969 7.67045 0.772496 37.8211 5.70339 21.3821 4.10506 0.0144014 8.60285
-59.7317 10.4027 4.26095 0.622397 6.07808 18.6019 17.723 7.30143 0.945301 19.455 0.0242937 5.48305
-70.6482 11.5295 11.9811 10.9126 6.42193 7.29984 15.0072 3.00217 15.8195 17.32 0.0190516 5.15748
-73.9392 5.68928 5.11193 13.0414 5.93817 6.95522 5.61546 24.9605 5.50552 20.7244 0.0178621 3.89164
-32.8814 10.1873 15.0696 7.12275 6.85418 2.02341 2.94256 3.43911 3.47065 21.4111 0.0173817 4.76371
-56.9803 12.7417 7.47483 8.06846 7.13661 2.96364 13.1979 16.1217 3.65736 13.5345 0.0223335 4.12172
-61.896 6.62462 18.7873 2.37956 2.27282 3.94143 8.98952 7.9943 3.35877 18.7208 0.108337 5.24437
-35.9682 8.01478 14.0931 3.14952 6.84701 1.70169 4.84579 11.012 0.841499 10.2597 0.301124 7.23983
-65.3041 12.5403 3.75103 1.90458 10.7466 15.193 12.2679 12.4627 17.8746 9.04967 0.229578 7.69331
-64.945 3.20478 4.60251 3.54017 0.518577 17.2866 12.1728 0.64957 14.9696 0.625932 0.0754984 5.97581
46.6579 1.27779 2.29186 4.47437 9.71257 7.44487 2.61138 27.8615 1.65537 8.39998 0.0411554 6.16816
-27.9921 7.85338 2.00152 4.5541 4.66446 12.5203 24.1832 24.4619 5.22915 15.9068 0.00973874 6.00459
14.5898 18.3454 4.56139 4.54609 3.70265 19.6428 4.08275 29.802 2.62173 3.12243 0.0129211 10.584
-38.9657 2.91888 12.0923 13.3331 16.1314 2.06305 3.12083 12.4231 3.60994 8.31265 0.0375063 5.36375
-57.8186 2.98896 2.6694 10.7663 9.37201 2.59182 5.19575 1.56205 31.0076 4.80395 0.0205327 3.94204
-6.06979 5.49769 7.09652 7.56166 15.5292 8.48118 6.83723 5.29569 13.7172 14.64 0.0493308 5.87077
-43.1782 2.96763 6.43766 1.6426 6.49676 12.2648 17.5435 17.2064 11.7875 6.48743 0.00539689 3.15245
-33.7998 11.3591 2.54352 7.75685 1.69644 8.23421 9.98381 15.4509 7.32966 6.14722 0.0150772 3.01207
23.9654 12.8289 0.455006 7.20736 2.24156 2.13966 11.1354 21.2125 12.2097 5.10132 0.00764141 5.73478
-67.382 5.4643 4.97232 16.2966 8.04836 7.92459 6.88477 5.48763 32.3 7.8147 0.0404238 4.8544
-73.4813 5.70811 3.78424 7.02538 6.27758 11.0392 15.5534 45.1686 20.5445 14.2562 0.26205 11.8878
-74.3188 2.46741 7.79412 5.17805 10.0426 19.8838 5.16643 12.2217 52.7774 3.12869 0.0735273 8.06591
-65.8177 1.33007 6.22174 2.41413 20.3603 3.18912 8.30227 8.24102 42.4222 3.77359 0.171969 8.02634
-30.1388 8.37582 12.6189 7.16897 5.18024 3.60532 6.44163 18.6306 3.32597 31.2514 0.0725625 6.73652
-17.1313 13.2704 11.2602 1.98542 9.9072 8.47173 9.97859 5.71625 34.933 16.7445 0.00524809 7.20624
-8.37431 9.12705 11.3676 1.13338 2.83219 2.20251 3.59926 13.636 20.1993 13.2979 0.183296 7.12842
-11.3343 7.10958 8.95322 9.0652 18.2374 1.10907 6.65744 7.33015 17.3943 3.12656 0.111198 7.8394
-53.6436 7.19076 12.0818 8.36434 14.2458 6.80121 9.10011 2.3689 12.5251 0.553468 0.0318143 5.16235
-56.4142 3.00575 1.48104 4.56346 19.0747 15.7316 21.6029 8.7896 5.68333 11.9298 0.0358485 6.13566
-68.6723 5.09813 2.91518 2.69938 26.63 16.5971 17.3059 3.44927 22.747 21.735 0.0119165 7.64896
-19.7369 1.08265 9.60463 15.6593 16.0063 5.87862 3.08834 8.94981 19.4104 13.9911 0.0119165 6.27341
-43.7654 1.36978 1.78755 11.5488 9.64526 16.1041 6.74772 5.14208 10.5808 29.0399 0.0243124 4.95855
0.992022 8.24163 1.24372 10.267 2.67104 9.29346 16.1708 2.6732 10.9259 15.6056 0.0126823 4.50375
-22.2178 2.96402 8.41952 2.29058 5.66603 12.8018 3.97401 12.9058 13.9919 31.1365 0.0328835 4.98756
-24.523 3.93289 3.60648 3.28204 1.6916 13.355 9.17328 2.93346 10.3595 12.2336 0.00673774 2.0735
-30.2356 1.68281 8.24285 13.4978 6.39563 2.13385 7.46884 3.3275 20.1545 6.49351 0.00843245 2.98926
-15.8965 0.461042 11.8128 15.2729 6.57947 3.28688 7.01598 6.33581 38.3733 9.94649 0.00757765 6.2587
-33.2631 4.00358 0.602841 8.46074 19.5145 3.32245 2.15431 0.566464 5.12122 2.11367 0.00618163 3.50576
-59.1201 9.56132 6.5279 14.4364 5.37614 3.08037 1.66366 7.95581 33.66 2.15671 0.000876383 3.40684
-61.8519 2.29158 4.23812 8.60918 8.76267 28.4978 2.71924 7.28401 27.6147 6.16047 0.0142725 5.28125
23.7124 2.53321 3.72029 19.4324 10.1996 5.36912 11.8077 12.8353 4.79279 23.5409 0.000212617 6.63372
-34.3446 1.25827 2.8485 11.1873 8.7082 19.6964 5.58293 2.366 9.21739 25.0852 0.000202109 3.2501
-19.8518 2.50981 7.74249 9.06138 9.53198 17.6695 10.6616 13.1188 14.8504 6.53973 0.000340498 4.11221
23.6537 6.559 1.89222 8.15747 4.30251 21.2911 6.57817 15.7371 8.45362 1.87672 0.00953589 6.04259
16.5283 0.0175256 3.65344 5.55598 0.985578 2.76016 1.56221 6.59047 56.677 1.8244 0.00812541 8.37701
-13.9292 1.35848 4.87101 1.94466 10.0285 16.8972 1.20497 16.3235 43.1579 4.62559 0.00744777 6.07364
-52.5094 2.69732 1.21431 7.36093 12.872 19.9749 0.0891252 16.8817 17.8506 2.74018 0.0071803 5.57317
-72.0433 14.3876 9.10092 6.44564 2.30443 16.9795 5.75128 8.27102 8.06364 20.557 0.0289248 4.66205
-62.6613 7.60469 3.04781 2.52311 0.347054 13.6507 11.2136 7.40405 35.6725 15.8609 0.0242806 5.82503
-33.6633 2.64419 1.93233 4.46365 6.27972 10.0024 5.36744 10.7692 6.33643 5.5913 0.123327 3.83799
-7.21475 5.85787 7.9178 6.65396 7.25001 14.9635 6.02253 1.3397 10.8589 39.5877 5.08197e-05 4.6688
-43.1571 3.20789 1.04415 11.2289 13.3428 14.2984 9.89183 2.02774 6.43064 35.7278 0.00392492 4.99715
-58.445 8.71659 1.23904 2.75514 4.43989 4.14063 13.5129 4.65668 4.16668 3.93426 0.000977169 1.12512
-36.6083 9.29107 1.9099 3.73084 5.64102 4.86229 11.6806 12.1103 3.72656 3.30318 5.80699e-05 0.505423
-66.8691 11.2865 0.734785 23.8604 4.00233 0.52641 16.041 4.86488 6.14302 6.31845 0.00136972 4.13838
-52.3993 7.65414 11.0525 6.10652 0.452897 10.0575 8.00531 6.0429 3.55176 7.5502 0.00277785 1.99512
-19.056 6.36094 10.807 9.16361 2.54928 3.9538 16.0797 4.05479 8.93601 19.0122 0.0158708 4.28674
13.92 1.84811 17.6108 5.66084 2.99051 1.82659 14.5213 18.5488 8.12689 12.4201 0.00185168 5.51347
-56.972 6.49069 5.38371 23.433 5.33674 3.366 16.8889 23.347 9.91623 0.033022 0.0250797 8.8057
18.6362 2.00775 2.45958 8.57789 4.81965 4.14416 14.1447 9.48852 2.76379 2.19312 0.0193797 3.23158
-39.1732 4.18911 2.42211 4.99857 7.39268 5.44625 30.6017 5.74178 5.47591 8.86926 0.00364552 2.92497
-52.901 3.31905 6.86579 1.66518 9.88793 15.9627 15.7182 1.22411 6.65427 14.4246 0.0110967 3.54718
13.2667 1.58818 2.9158 3.39702 5.03378 6.8645 2.61845 21.7663 7.16431 25.1773 0.00869521 3.77753
-33.4488 9.66285 3.15642 3.79101 5.69125 14.6641 0.36827 13.137 8.86576 24.6777 0.000256893 3.1526
-73.2321 7.02816 6.81693 7.61176 7.22296 10.4148 30.5997 9.19589 27.4762 15.0419 0.0141323 6.53447
-28.7912 5.94711 10.3753 7.16185 1.73373 9.17207 24.9329 22.2586 14.5702 10.4045 0.156223 9.60998
-39.7159 10.8153 9.66686 6.43648 3.01776 5.7411 2.69784 0.817034 19.432 25.4819 0.185276 7.38848
-70.3023 12.7816 2.63556 15.5092 11.902 1.09786 3.36734 0.889251 6.50894 10.2174 0.000288294 2.57284
-71.899 10.3773 12.4923 10.5849 10.3844 5.44646 18.4495 0.157876 50.4493 10.312 0.000752766 8.17302
-49.0423 16.5135 6.0502 15.0877 0.797519 4.67826 3.23506 8.16626 19.7293 10.3866 0.00128377 4.12677
-47.4012 1.60404 3.39056 24.914 1.90867 15.0054 8.09698 3.41975 8.35367 15.0961 0.0192106 5.13243
-48.4396 2.84148 0.486433 10.5092 14.3792 7.94456 7.61229 6.32958 33.4592 11.6612 0.00708807 4.58044
-69.3732 7.30163 17.9456 4.31437 10.2551 14.4575 4.33944 32.7332 1.76354 29.5033 0.0139042 8.47364
-74.7234 8.27125 8.78143 4.64947 13.6113 8.95576 21.9019 36.3417 2.66737 31.8035 0.0122292 9.38225
-60.202 13.8306 7.59519 4.23456 8.12564 5.92784 12.4654 31.7303 0.123836 0.984221 0.0105563 6.75072
-68.5928 7.13649 5.39104 1.97571 0.780322 10.1906 14.6007 15.5104 24.3454 31.9929 0.0072759 5.56309
-44.8462 14.6266 3.03608 6.60555 6.0761 9.7275 14.5485 26.1138 37.6744 27.5024 0.0260127 9.61245
-59.3993 1.0541 2.38316 8.08748 7.00369 11.8606 18.2371 20.9187 9.46535 15.5579 0.0147774 4.6482
-57.678 3.42796 5.26492 1.63818 2.45284 29.1444 9.28088 10.2925 11.2222 7.19756 0.0621166 5.23004
-64.6211 1.70294 8.27511 14.753 4.03186 13.5909 2.47406 10.3742 22.6789 4.23864 0.0438261 4.59927
-49.064 2.50382 6.90575 4.83534 3.11015 2.56624 4.81863 16.3692 5.601 4.46048 0.046745 3.01048
-70.2674 9.39552 9.85366 4.36279 5.18304 12.2637 9.1173 18.6315 11.0355 4.33661 0.014801 3.22612
-63.2965 0.222882 2.9798 14.9807 0.988316 21.131 16.95 10.204 8.94179 5.84843 0.0719411 6.94867
-50.7178 16.3813 1.68607 6.22681 12.6842 11.2897 8.87953 12.814 12.7472 5.58444 0.163019 7.21671
-45.3735 6.6907 3.496 0.298349 4.27159 21.1967 18.0867 5.06035 20.813 2.69695 0.0713266 6.54457
-51.2736 6.26028 0.520921 3.28182 1.52095 43.0335 7.94224 5.7567 24.9756 7.7108 0.0154908 7.79119
-27.996 4.7382 7.9118 6.64438 8.87836 2.01383 19.3482 9.4515 19.5866 11.9473 0.0110162 4.09769
-54.8307 7.22711 1.95236 7.6651 2.48371 17.8676 18.6903 9.69162 17.8838 7.28263 0.00416662 3.70181
-19.6239 3.49039 8.98714 5.66472 4.90131 11.3955 3.50031 17.2502 18.0349 13.3173 0.173194 6.57972
-72.5534 0.75687 8.051 13.749 13.2523 15.3692 8.43085 30.5616 8.94335 8.75458 0.0409228 7.64752
-67.9988 1.03885 15.5837 13.7341 4.24931 2.8591 14.4578 19.5883 11.3153 2.3755 0.101524 6.61679
-29.9648 1.07715 9.99314 9.29982 2.79075 7.24829 8.76141 15.3102 12.8197 3.89157 0.0692285 4.48331
22.5769 7.09962 12.11 6.91988 5.30246 6.61152 9.50571 1.70769 11.5994 1.64195 0.090611 7.29701
-21.3304 11.2645 7.33817 5.55058 5.6365 7.22169 8.46928 8.88397 41.0194 12.4655 0.0750907 7.24583
-23.753 2.86476 1.01564 2.95635 8.68603 28.0216 6.1877 16.3603 35.3053 2.37364 0.0899201 8.98524
63.1976 0.580082 0.400374 0.794366 4.28902 20.6753 1.72725 4.04202 40.2381 23.8074 0.0985509 11.0495
34.1023 3.88643 0.724586 1.62903 2.84447 0.109126 2.74729 26.5405 15.7708 13.3236 0.0331211 6.73986
28.8382 2.00936 0.0780861 11.396 3.18657 5.25413 8.04887 4.66115 1.65353 28.9253 0.146277 8.14337
23.9039 2.2636 4.98361 8.77565 6.4913 4.76729 11.5983 9.8281 9.17244 10.6695 0.0100468 3.37808
-6.76336 3.00761 8.52464 4.81901 4.23902 15.7091 18.0161 11.6077 1.40972 11.2096 0.00525831 4.51488
-22.2242 3.53635 1.2006 6.73703 2.62678 11.8838 16.8641 4.3407 22.1598 4.76695 0.0270366 4.04331
-8.45042 9.05493 2.68359 4.36799 8.94394 17.4134 10.7317 9.24122 1.58088 15.5267 0.0393416 5.77389
-63.4334 1.38235 9.32737 2.248 1.86747 2.54584 8.80713 0.665335 2.91862 30.9937 0.00528766 4.73811
-41.1016 3.52469 10.813 4.40439 18.2099 2.28964 9.67085 21.7064 14.0226 4.69266 0.0254155 5.25136
-10.1095 2.21894 10.9744 5.91717 5.72075 4.62687 12.8192 22.3658 10.0043 14.2888 0.064746 5.89155
-29.9143 5.60907 10.7166 8.02483 8.22742 8.81537 0.548196 15.5878 5.26556 0.26186 0.00165181 3.85325
8.31659 2.11098 2.73606 7.31616 2.37505 6.73576 10.104 14.1046 4.53914 6.93664 7.2154e-05 0.923183
-72.6091 3.18842 13.8316 6.47861 20.9985 6.08507 10.5066 10.0172 3.44066 19.3328 7.2154e-05 3.31525
-56.1208 6.27968 24.5269 7.21836 4.25262 5.91617 9.50311 7.56261 3.16649 48.4459 0.00778297 7.57917
-60.7911 12.591 3.70717 7.44746 4.69688 3.75202 16.2913 13.1048 3.18321 18.8839 0.0189433 3.64914
-46.0332 6.03155 4.4474 4.90722 4.04981 12.5201 2.53622 40.7708 2.31856 7.19032 0.143937 7.11002
-69.4917 13.9516 3.05765 14.6414 2.32594 2.90031 3.14368 19.9984 3.84301 2.40817 0.137916 5.6284
-72.9414 9.27868 2.82172 15.2746 15.1488 5.78702 3.34623 7.65328 18.9367 24.5951 0.062718 6.11278
-48.2488 11.5237 5.71972 18.5717 16.4485 4.39621 0.745739 10.0782 11.9051 1.21713 0.0143095 6.83442
-49.8258 10.1918 5.78758 8.95478 4.67209 3.69837 5.46545 17.8898 8.79881 2.56632 0.0056615 2.12345
-52.2982 5.64651 8.34957 14.7282 2.67669 7.97252 10.0159 10.4153 42.9923 10.0329 0.00968775 5.52639
-68.1569 7.29191 9.98194 6.9121 2.5782 0.876552 6.73216 0.706231 54.8991 5.97985 0.133248 8.54385
-25.7319 3.78968 11.0965 4.1107 2.6808 4.87885 4.37736 4.42772 25.4306 21.6701 0.214418 6.93819
-68.7302 3.08288 8.59432 3.95382 8.72274 1.37351 16.4428 10.956 30.3832 15.452 0.272392 8.32022
-58.0016 8.79136 8.25241 9.43726 12.1562 11.0086 5.88991 11.7477 7.22257 32.4537 0.136839 7.59135
-47.2643 3.93618 8.64423 3.25732 9.6189 3.00749 8.20309 6.25313 5.02841 16.6438 0.16562 4.74598
-45.3044 0.51571 5.0909 12.7515 9.50834 4.80512 1.4325 9.22139 1.13391 37.7696 0.0580826 6.49815
-11.329 2.3217 8.20892 24.354 3.32023 5.50991 0.982084 7.29797 20.9736 39.3009 0.00521107 7.97893
-25.2788 12.7965 18.9447 1.63455 8.51929 6.72543 1.98759 14.4872 19.1647 7.9471 0.283153 10.5507
-50.0024 9.02293 2.37512 8.48481 7.71339 1.25912 10.8777 8.44211 24.7553 12.1592 0.065025 4.84263
-73.0314 12.2036 8.25384 4.16008 13.8402 3.86221 19.4478 18.4484 28.1538 8.36855 0.0444041 7.21461
-69.8282 8.26205 1.22378 5.30216 11.9627 6.98597 32.6783 2.03967 23.6058 29.7597 0.00102841 6.24641
-16.8129 15.0388 2.42637 3.81103 6.66758 13.0278 1.17875 4.79301 34.6349 16.9372 0.000833352 5.14653
-64.5737 4.19017 7.00857 3.85753 16.8308 3.25191 6.85088 8.16184 5.58379 1.31007 0.000345025 0.961979
-36.6803 10.7148 4.70854 2.70706 16.7865 5.16801 6.57217 8.03905 15.3343 22.5951 0.0226746 4.69557
-39.9598 12.5639 7.09279 5.7915 15.5557 4.44087 18.1745 19.9238 11.4966 22.5951 0.0894738 9.49096
-56.5156 19.6542 13.4321 4.27155 5.18857 4.87202 5.80259 0.409766 41.7946 24.9321 0.0138457 8.78854
5.41065 7.07697 7.55681 2.61371 13.9351 3.53415 4.84987 3.545 31.868 2.43871 0.0138457 5.13081
-42.4587 2.77128 0.903723 9.65271 6.4451 7.31825 3.61157 4.71877 20.6858 39.0842 0.0129549 5.11915
-72.3807 2.26737 2.64537 7.04864 5.31579 8.55699 5.90436 20.8692 6.79934 33.2069 0.0353428 5.08999
-63.0421 0.634078 2.48938 12.4771 3.23387 7.72724 6.95925 31.2729 8.37566 28.2541 0.0505826 6.64504
-60.8853 3.32782 13.1191 1.89558 6.81456 8.11102 25.791 10.3805 12.5479 18.6999 0.078116 6.44768
-53.9515 3.25422 1.88417 3.69466 8.07013 7.89773 17.9213 1.79832 4.56221 1.22102 0.268197 6.36561
-62.9193 5.16932 2.66619 12.8154 15.6266 8.19933 0.569019 0.928782 7.04062 5.7909 0.12425 5.65447
-45.7457 4.94351 6.8613 2.81291 9.96351 6.39742 19.2114 3.30299 11.041 1.61303 0.166441 5.50409
-72.139 5.93537 12.7373 3.92835 0.394361 11.0396 5.9122 4.63059 24.5385 18.4465 0.156983 6.82376
1.86334 6.82249 13.2823 1.56868 3.29529 14.7916 10.398 1.22863 19.1014 9.65266 0.187346 8.63089
-39.6353 5.70407 4.32726 2.69356 9.32972 10.9309 3.26018 3.13806 2.35333 6.96316 0.0205775 2.14262
-58.1364 5.43487 4.51285 7.54924 0.945218 11.8009 2.86097 3.8812 1.2102 12.0735 0.00982932 2.52435
-69.3644 5.2043 13.1669 21.9542 9.51135 24.2031 9.19693 3.73033 0.0933823 14.2102 0.00982932 10.8088
-7.24625 0.512672 11.4242 16.457 13.916 5.31354 21.8548 1.37692 9.17569 7.79124 0.014926 9.01428
-71.9154 10.5625 3.54071 13.2336 13.8274 7.69119 7.6033 3.41659 6.0471 7.69492 0.00456707 2.51039
-55.7381 9.61461 6.21137 5.24175 4.68497 13.6378 2.48321 12.0805 7.00555 9.37299 0.0185717 2.54578
-36.4238 10.9296 2.9486 14.0091 6.34216 15.798 5.11494 36.6234 8.16848 6.5109 0.00221058 7.05658
-49.8471 11.4652 2.13191 6.99707 6.83056 13.8862 8.86416 24.1305 16.5726 4.51443 0.00938768 4.57634
-65.9491 1.47946 11.0263 17.2344 4.84653 9.42654 13.0356 2.95344 22.6149 9.13312 0.0457977 5.5021
-41.9121 2.33131 1.49803 12.1418 0.663773 5.50562 7.4869 10.1671 9.51083 53.747 0.0274142 6.87084
-27.2844 2.39912 5.27433 4.63961 0.895825 16.4123 3.12848 18.6343 31.4655 15.7555 0.0468404 6.25518
-2.46478 2.37058 5.59242 2.58064 3.15501 3.05629 3.02514 25.8668 10.142 4.32426 0.00152691 2.15768
-46.8592 1.88141 1.43196 2.84727 4.73575 5.06908 2.83239 26.4178 18.8858 7.04552 0.00638661 3.73904
-54.682 16.391 1.59605 2.31306 3.51718 2.31693 3.73288 9.41491 4.17713 5.90412 0.0274433 3.06529
-3.90838 0.175463 8.52793 3.93698 9.67903 17.5415 18.9581 25.2553 22.466 4.95619 0.00384463 8.96664
-64.3061 3.35746 1.9017 4.33869 14.532 10.8655 35.1531 3.90432 6.32062 6.80709 0.000520438 4.1493
-39.1853 3.2882 1.48406 1.81467 3.06911 40.1566 6.47684 5.84033 5.66073 10.089 0.269692 9.24216
-44.1385 8.94341 0.440998 2.00169 16.9477 4.19274 15.8587 19.9787 7.09264 27.71 0.0119531 6.04748
-60.9443 7.82534 0.335787 16.198 17.1281 3.39901 8.17687 13.2598 4.65754 31.734 0.0280779 6.80725
-65.7139 18.3747 1.7593 6.56691 2.38682 1.95749 1.93556 14.5868 8.63008 40.0561 0.00583792 5.25045
-53.0311 15.3017 0.560098 5.71058 21.8389 11.6973 6.32115 30.0564 3.57322 5.62585 0.0325122 8.89351
55.9327 0.0348867 11.3 4.9795 9.30231 1.64836 2.1509 34.2617 24.0287 23.6403 0.0236628 12.091
-3.98098 0.529477 12.4901 4.70245 4.71188 8.40114 1.67886 28.5142 21.4398 7.11108 0.072995 7.35404
-5.49316 7.44594 2.50995 3.37838 12.9106 4.50418 13.1678 10.3453 4.26604 19.0494 0.120819 5.95427
-54.4996 6.12267 5.78258 3.5201 16.3594 7.09718 2.01479 6.90967 8.40425 3.85289 0.10241 4.01386
-74.9168 11.0026 3.43122 5.76082 7.19854 2.95954 10.9306 12.8112 11.9339 9.69888 0.0702175 3.69296
-58.0751 4.57585 3.37453 4.42999 13.064 1.42866 21.9325 8.79502 62.4203 14.9696 0.0727601 9.48025
-18.7565 3.4076 2.77878 8.12585 4.53411 7.35444 11.2268 1.16814 13.6128 17.1326 0.0639677 4.25865
13.8816 3.22767 1.78566 18.1841 2.66043 3.0178 11.7282 20.311 46.7989 27.6587 0.0205726 10.1275
-16.4791 1.18006 3.05893 9.4089 8.55682 1.3039 1.05219 16.2447 31.8547 9.27965 0.000715021 3.76944
-40.6569 9.6342 2.71205 11.7132 9.05379 16.4621 7.70843 5.9976 3.06736 15.2275 0.00110825 3.37369
-50.1945 8.20336 0.29342 6.71335 6.97772 18.375 10.9431 6.3369 1.61917 0.218947 0.0194399 5.05464
-1.23857 3.32579 3.64347 1.66818 2.7354 21.0791 15.7526 7.50984 12.9726 0.64934 0.00742233 4.50804
-35.8084 0.781856 6.75397 3.63065 2.16109 11.1505 17.2188 9.59245 21.2625 26.48 0.00475925 4.54728
-43.4154 1.04316 5.05888 4.76394 4.05985 11.4009 4.58363 6.09228 10.8819 1.87698 0.0132133 2.19551
-51.3989 0.641898 3.9695 5.39142 11.1568 26.6732 5.74341 0.618438 9.95426 35.6329 0.00640614 6.33025
-30.1992 1.08855 5.42224 3.15339 7.14166 2.86242 3.36221 4.13964 10.8967 13.0156 0.00054051 1.31032
-26.7917 5.45815 8.92932 2.16185 5.68032 21.5818 9.54558 21.338 5.40941 6.23382 0.00359856 4.52226
-17.5984 7.08506 11.2944 6.46077 10.9555 1.87167 10.946 16.3066 2.20893 0.800301 0.0218733 5.4371
-40.3131 21.9542 6.36492 4.85295 6.75798 2.29649 7.49168 6.77112 26.7715 8.89044 0.0299782 6.20211
-31.7158 7.11984 12.7238 2.77812 1.39377 8.55979 9.10435 11.7707 8.50239 18.3683 0.125044 5.73856
-46.4251 6.86323 0.832508 4.5169 6.65044 18.2751 12.4538 17.0366 12.2321 11.3251 0.10534 6.20874
-28.6134 3.86109 5.45337 2.89949 3.9543 4.1219 2.94052 17.6772 19.9524 10.3085 0.0532998 3.983
52.2937 7.28482 1.20002 2.28869 16.8513 5.33842 3.46623 13.2057 38.0118 23.0418 0.0537747 10.2834
-23.4023 6.27018 6.23867 7.32971 7.23836 8.63958 3.00928 2.46263 14.1126 5.33501 0.0361162 3.10441
-47.5129 4.66865 9.67787 14.0568 14.2453 8.35718 1.75318 10.3466 16.9674 8.49357 0.0301555 5.38168
-19.8491 16.2204 16.3295 5.85985 1.10904 10.8866 16.6489 7.79021 10.491 21.1803 0.0167148 9.8196
-38.9724 19.7711 0.644463 4.97344 19.4013 14.646 21.1834 0.231293 8.88961 8.44895 0.102831 12.5031
-52.1824 24.5439 2.0762 4.79281 0.743304 10.3248 5.52397 2.65633 24.9911 5.80083 0.0781484 6.80586
-60.1593 8.79074 6.19241 2.85491 1.73258 13.4952 19.6677 0.991088 20.6382 10.4637 0.020642 4.54292
-47.7106 3.01761 10.2577 6.93281 4.39319 26.8958 11.1768 7.64524 11.512 14.3035 0.00038907 4.02417
-68.5918 5.03065 2.16145 9.6179 6.74015 33.1294 24.1679 2.59623 4.34827 17.4214 0.069068 9.3332
-66.935 3.44436 12.1225 9.18947 2.75619 1.43381 13.0937 14.5856 8.59555 9.91217 0.0108768 2.81118
-67.492 5.91844 1.62715 5.97223 23.9982 8.92181 7.93711 34.5269 30.7496 19.7807 0.00728615 8.5787
-57.1615 7.74927 1.75633 1.91231 18.4169 5.16927 7.47494 28.5123 28.3326 5.42152 0.0205844 6.0019
-31.4503 1.29707 3.8091 8.14189 16.4108 7.1118 6.03474 28.5123 37.3401 8.00618 0.0197331 7.24924
-16.2174 7.6994 2.01553 6.27079 6.81427 11.866 21.9878 1.05968 33.0343 17.3705 0.0219392 7.14738
-41.783 4.55202 3.34733 2.93977 11.1127 1.98204 18.7464 2.91487 4.27198 6.58777 0.0384195 3.17884
-12.0639 0.532587 2.5138 0.303146 10.0002 7.71706 39.1197 9.62299 7.7589 9.87605 0.0227056 7.65061
-20.5083 1.16995 7.36275 4.58844 5.99253 10.7352 1.81005 10.8175 8.25967 23.8159 0.0332182 4.01845
14.158 1.60363 11.4679 5.35111 0.501948 7.80821 11.0478 4.2759 14.1983 20.7156 0.089184 6.62239
-34.679 9.22888 8.62353 7.67511 1.5979 0.871829 10.7705 3.65021 7.2275 45.6019 0.0196034 5.97941
-33.0294 3.52676 8.26581 5.14048 4.73169 4.22992 6.04804 7.15751 17.6999 19.2931 0.0826622 4.29226
8.97916 5.11927 7.05354 8.77839 2.70649 6.33017 2.62878 9.4441 23.1888 6.825 0.0903132 5.4341
5.29873 3.37604 1.76849 1.07714 2.07907 4.18701 2.43477 1.09442 35.5493 3.83321 0.0953514 6.56899
-56.8766 8.2461 11.9181 3.8264 2.37943 21.2021 11.7513 13.1493 14.0102 17.1785 0.0129733 5.38229
-60.5306 14.7723 5.08911 3.54018 1.9407 6.49518 17.5416 10.2655 13.4308 4.05611 0.0284325 3.74765
-58.2542 14.923 16.5832 6.31556 5.27468 4.40786 14.4009 4.00162 5.95044 5.60657 0.122128 6.70727
-28.6339 8.86518 1.85524 9.84245 5.42594 2.19972 4.04878 16.0585 10.6628 12.8164 0.05438 4.04572
-15.8385 9.62654 4.37425 1.98802 6.51985 4.83295 10.1417 13.6483 11.4617 22.5616 0.0670387 5.02213
-36.3025 7.48371 1.95738 2.80136 9.46919 4.73116 2.06377 6.50055 24.7132 11.7312 0.0290394 3.70556
-39.3874 14.1788 2.44586 4.59761 10.4191 1.6066 6.69391 7.18282 16.2963 17.835 0.0486793 4.66223
-51.7808 6.59903 1.45665 4.91878 10.2703 5.74898 0.925116 7.6021 21.0477 14.2575 0.108864 5.29536
-15.3412 3.39372 6.83915 6.52096 14.4521 5.78055 1.43616 5.18607 28.7813 4.99781 0.133448 6.43916
-14.7665 10.1879 5.24628 3.44385 5.5362 5.50958 1.7536 14.5393 13.4954 2.64749 0.0920822 4.61003
-71.2208 1.72921 7.51427 5.02069 22.7991 3.64911 15.0483 14.5466 0.964029 9.9491 0.0081668 4.24802
-58.5279 5.42006 3.83898 3.51598 22.7991 6.53321 13.0194 15.0384 13.3316 0.806072 0.112535 6.75772
-10.2722 1.25983 6.88617 4.32106 4.44701 6.11593 13.7008 6.77687 40.5978 2.76995 0.00482775 4.17003
-44.8143 2.46085 7.25613 4.21162 3.60377 18.4168 6.09487 0.304358 17.1315 5.14069 0.0424007 4.44289
-48.9304 2.75895 18.1981 6.54707 0.37056 0.807471 9.50233 3.72637 13.418 7.46371 0.290547 7.912
-46.7895 9.18852 4.35971 3.89093 9.43763 4.30927 5.80069 2.2405 21.6187 17.904 0.0106754 3.08451
-45.3234 7.51631 14.3367 0.359197 2.30884 9.04246 7.08887 7.80103 8.07307 9.81108 0.0172338 3.4371
-8.11501 7.47202 0.736567 4.74577 9.42582 13.0339 2.28814 4.85488 13.9066 24.7277 0.0258207 4.8457
-19.1828 7.64927 9.75888 9.79951 6.81613 16.8421 6.14026 2.81411 34.0386 6.39117 0.0277241 7.31942
-60.8135 7.5064 8.48277 2.75554 5.58992 24.1448 10.9489 7.34363 2.66276 27.9838 0.0367908 5.85952
-64.3935 3.45466 10.6541 5.2646 11.446 18.0038 18.1842 4.11419 1.60718 29.4269 0.0291779 6.6002
-57.2826 2.9372 25.065 5.12061 2.15685 14.1005 8.64592 14.8608 6.83631 37.7982 0.0225248 7.96272
-64.8636 12.5331 4.76787 5.94965 1.64557 20.3076 13.0651 19.1922 8.04495 24.434 0.00482149 5.40858
-47.7948 7.08963 4.32249 9.75465 14.3036 2.58863 6.37284 21.622 20.6723 2.48734 0.0745382 5.88258
-26.1843 3.32503 6.46419 2.80324 6.86734 1.6355 7.18689 17.3487 13.3861 2.42863 0.12455 4.74596
-15.8141 9.88655 8.84479 4.38546 5.57698 10.5719 7.95219 3.54162 9.71034 3.69973 0.129434 5.35692
-19.0299 2.89976 8.90595 3.83549 3.10402 9.94855 9.05811 1.05564 10.616 20.7306 0.418176 8.57048
-58.0565 12.4996 2.12091 11.8338 11.5487 10.38 8.9513 15.4022 6.22223 8.0452 0.0127657 4.30232
-66.8047 18.0104 6.22188 17.277 0.485668 4.96915 6.48839 5.84366 12.4668 14.741 0.0169872 5.39745
-51.2177 8.91643 0.466567 10.986 12.6367 7.19428 4.90834 8.07018 0.19521 13.8221 0.00959217 4.2616
-7.05063 12.3438 11.3475 10.2573 5.243 0.235406 9.3927 0.419967 6.11217 19.6951 0.00613478 7.03358
-41.8093 14.8868 9.42155 0.554127 2.301 5.09609 6.16886 3.46799 9.38387 8.90631 0.00350479 2.69179
-41.8093 5.02036 2.92926 1.3586 5.10834 12.1776 5.78455 1.60237 8.06306 1.43124 0.00786631 2.16178
-25.6503 11.3962 4.35533 5.7236 6.02288 3.52527 17.524 9.47263 1.78596 10.7265 0.0743084 4.8738
-40.4237 1.67279 4.34571 1.85534 9.35331 28.9617 12.9888 3.24883 17.832 17.7676 0.0193739 6.17433
-68.7311 5.33635 4.44393 11.8326 8.11166 14.1439 6.04455 5.75321 16.9108 18.8451 0.0229453 3.76115
-46.7013 5.77228 7.63438 3.17649 4.22077 2.14987 9.05227 1.54528 1.37742 16.0014 0.0350206 3.42289
-23.5117 6.06434 9.9175 5.65901 8.68017 3.69431 1.12423 15.8341 21.9549 16.7806 0.0154012 4.57618
-74.0734 18.8087 9.65789 1.98284 8.94105 3.16636 6.96012 25.8617 28.5065 52.9728 0.00523285 9.36156
-50.4109 8.19793 11.6086 2.2442 7.35665 4.92254 10.8907 19.765 25.0545 26.5376 0.0098331 5.54469
-58.44 4.29108 6.74876 1.54498 5.31044 0.125741 8.05513 15.9623 25.0279 30.0545 0.0366558 7.03638
-59.3388 4.93035 3.24519 4.6197 10.6648 25.0266 5.56842 10.8829 15.2321 0.509159 0.227287 8.02892
-72.8612 2.61532 2.35108 2.54339 11.258 24.8904 4.24813 9.2117 16.8845 10.2736 0.215815 7.15419
-36.4356 2.76011 2.99192 4.57385 10.103 24.6415 0.349994 28.3438 13.4186 8.40921 0.0335624 7.10946
-63.0534 16.9292 4.87222 4.4627 10.1719 20.0209 9.70875 3.70922 1.88769 27.1936 0.0224693 6.63289
-69.121 7.34121 10.278 6.06194 6.19838 13.2415 23.1722 4.61848 4.0289 17.7409 0.169516 7.16582
-57.0213 2.0818 8.57389 3.7295 2.86917 13.8315 12.4758 10.3892 30.5726 9.83466 0.258912 7.87175
-53.6133 7.58033 1.07659 8.91284 0.17708 13.1254 12.4669 21.8389 1.91336 14.2804 0.0101127 5.03788
-47.4311 7.32914 4.61773 11.6542 1.65429 13.499 12.2416 9.09047 2.97349 13.2372 0.0229047 3.67595
-45.6543 1.53145 30.0849 15.9412 8.99023 7.4901 4.48112 14.9088 15.4298 35.3749 0.0278257 13.2826
-52.6005 4.39808 16.8059 20.3337 2.34637 6.11045 10.4218 9.68882 21.223 42.3596 0.00890687 8.88252
36.4151 3.7312 7.49052 4.01293 2.42753 2.51606 16.0586 15.7968 1.84264 36.9343 0.0723414 8.05254
-4.08142 7.02021 2.05827 14.2388 1.09643 0.647885 11.2757 13.5503 12.3533 23.0608 0.0466526 6.32618
-16.1244 3.42282 15.4034 0.380981 2.93291 11.1963 2.71158 15.1147 13.5744 7.60708 0.058975 5.57129
-71.2004 5.85955 18.4429 2.63373 7.14992 0.806915 3.47954 16.5923 14.8769 1.95668 0.0843387 5.40183
-8.59207 1.30613 21.4796 5.15274 2.91218 3.69519 9.45208 25.9942 20.4062 5.61351 0.000314447 5.80368
-66.8579 3.95399 9.38587 12.5778 17.0164 7.68476 0.221618 29.6138 18.6167 3.7148 0.00366658 6.46796
-49.8174 7.31265 4.06295 3.78103 13.2572 1.13695 22.3262 8.36489 12.1387 6.23993 0.0007769 2.49875
-44.2552 2.92816 2.61901 10.8266 3.53654 3.35894 1.63787 18.2335 34.0567 6.3806 0.00231378 3.61247
-40.9237 3.90411 8.55941 0.986958 5.28168 1.95724 1.63787 36.7114 18.3332 13.8329 0.00458519 4.88328
-1.99371 1.6131 1.20969 6.60504 2.83223 6.68817 3.17899 7.87832 18.208 11.5198 0.0194369 3.14353
-14.9911 2.14083 1.70504 3.26567 1.65943 24.4022 12.6165 15.7368 8.68708 8.46223 0.00020664 3.19929
-18.6263 6.96961 9.2542 6.12096 1.87065 3.35305 5.02767 1.88243 8.48979 8.55968 0.00612379 2.01309
-30.5175 5.10995 8.45399 4.63236 6.25362 4.33646 2.22236 25.3494 4.10307 3.50469 0.0325178 3.49529
-38.5632 9.51596 1.24454 3.40526 8.74867 3.71309 1.56254 9.79214 5.99481 17.185 0.0350308 3.50201
-37.3751 4.92969 3.29883 3.20682 1.20656 1.86582 6.24714 8.88286 8.39295 7.71346 0.179134 5.11862
-6.09879 5.45375 5.78739 1.37838 13.1479 3.30152 17.5207 15.9679 2.29271 13.7132 0.0112872 4.57435
-50.4072 6.26719 6.24183 4.22915 15.86 10.4847 8.80905 14.2135 5.64387 20.1474 0.0189773 4.1993
-18.896 2.70789 10.8359 6.34712 12.5843 9.16351 12.5759 1.36392 3.96032 4.04922 0.139485 6.4191
-40.8291 4.55775 8.99583 5.12766 6.44382 1.77263 14.9985 13.2215 5.77831 4.5624 0.0587734 3.60928
-42.376 10.5119 5.89236 9.33349 5.59991 6.51207 1.73371 1.16657 31.6716 15.1802 0.000351631 3.42975
-31.4274 14.2118 0.816398 4.77396 5.68188 4.60081 3.1183 2.02538 19.0848 1.99203 0.00612185 3.10469
11.7638 7.22019 3.69765 15.6133 8.35108 16.187 3.1183 3.22898 50.2234 6.48592 0.128299 12.3434
-67.859 7.02799 2.47821 1.86128 9.91001 12.3948 4.7493 7.10383 47.2171 6.56275 0.00883941 4.78405
-7.88726 2.77785 18.3198 2.20961 3.31751 9.88331 10.4535 10.7577 10.1831 2.34081 0.0491143 5.62655
-22.9394 8.45933 5.33874 21.879 7.53909 1.66904 8.57985 2.48827 4.71425 24.9419 0.0215547 6.61791
33.3426 6.80188 4.11273 10.1706 12.7626 3.45028 1.4376 3.48112 1.73713 19.7242 0.161088 8.39071
-70.1324 26.3287 0.2367 1.80531 2.21181 17.3428 2.1832 10.632 29.194 14.1665 0.086819 8.91425
-66.3386 6.55553 8.08763 5.76541 7.61922 1.05292 7.31891 41.8756 15.7424 7.2864 0.0445929 6.26474
-74.2677 2.90936 14.3299 3.05602 2.63122 16.5304 7.94226 12.0928 15.3319 9.97875 0.0168725 3.49593
-33.4445 4.27656 17.9668 2.49164 3.21709 1.42891 12.5558 20.0381 22.8709 2.11296 0.00980875 5.17429
-38.5205 3.12566 10.4799 0.0191989 2.29637 10.8277 12.17 6.49495 18.3541 45.6768 0.010314 7.77635
-62.1341 15.1585 8.93552 1.79582 2.07748 6.16542 14.9793 7.34318 27.8688 7.88997 0.0245071 4.82196
33.4264 7.57225 6.5899 1.17965 2.82077 11.036 10.1243 4.96675 37.505 15.0032 0.00537706 6.29502
-67.9239 9.6398 4.32968 0.677361 28.2278 4.99142 12.4467 0.802632 27.6504 36.4713 0.0144224 8.63097
-40.2415 13.9088 2.42661 5.30022 25.9839 1.75622 14.323 3.52026 18.9401 32.8493 0.000436138 7.4616
-20.6294 2.17786 6.19518 11.2935 19.6423 1.1698 9.19247 3.41695 8.78147 25.1977 0.000365669 4.193
5.06211 3.49299 2.63303 2.16399 29.3338 1.47982 7.45872 7.41476 6.67831 10.694 0.000365669 4.10186
-74.7819 7.26495 1.37408 3.043 2.41964 7.28789 14.1977 1.61305 6.54359 16.4038 0.000365669 2.06653
-34.3598 19.4986 1.25974 5.76071 1.21643 5.47162 13.2981 7.36824 9.2321 18.6688 0.000723665 3.62603
-38.4107 7.55358 10.5377 5.83831 11.5477 8.68828 2.77735 17.3497 7.74281 13.4661 0.0126815 4.02028
-31.1625 9.82925 8.14803 1.05792 8.7358 0.649146 4.76273 17.3497 2.41918 15.4321 0.0129748 3.96706
-26.3327 5.40053 3.19855 5.1045 11.9845 4.92237 10.3042 5.85112 2.755 19.606 0.00877883 2.49991
-30.7601 6.96266 2.94305 20.7585 1.3389 15.0577 9.55461 4.5226 4.16868 22.9254 0.00664128 5.46252
-49.4062 6.46897 3.97559 3.14027 3.9367 17.1402 7.8521 21.6198 1.65943 0.698065 0.0117039 3.74099
3.58681 6.98722 3.78858 2.01189 5.8758 6.64813 1.77735 23.4473 25.1307 16.0598 0.00524074 4.50648
-25.9283 2.47826 2.61636 1.98962 12.1287 5.63353 2.40464 14.9083 26.5889 31.4302 0.0129377 5.28573
-8.58643 12.577 3.07045 6.78174 3.06878 17.2581 2.34012 8.04259 4.3586 15.2284 0.00670227 4.10789
-53.5396 3.86642 3.92831 15.1479 9.91941 36.583 5.57134 2.63568 7.60368 1.80922 0.069637 9.23725
-55.7964 1.59433 3.83817 8.10526 8.26896 18.3199 24.6211 5.73871 3.8441 15.1691 0.0658594 6.29938
-72.8985 19.6407 3.04492 1.8185 3.94871 2.83102 5.88494 21.5815 10.8647 5.69012 0.224468 6.61948
-67.0342 0.709577 15.6577 1.52071 10.6225 0.642362 4.7112 20.3711 12.6312 4.65343 0.120268 6.38528
-52.4749 11.1627 8.38501 2.98584 9.94842 1.56794 5.89486 25.5801 2.44006 6.16429 0.126676 5.80827
-37.1747 11.1973 5.91912 3.28951 0.314908 8.41837 16.9249 6.3003 1.83033 9.57977 0.0716501 5.04843
-67.6062 2.31837 7.57813 4.84233 4.19011 12.9656 19.4081 20.2661 11.5962 8.10217 0.0020047 3.14082
55.6421 3.18747 9.82101 2.92281 6.13062 1.10764 23.4234 26.757 14.6963 10.6636 0.0462187 10.7181
-68.475 9.88204 12.398 4.35401 4.90318 16.4454 1.19744 24.0516 8.4899 5.2638 0.0357346 5.1973
-36.5093 1.69731 4.54588 3.64217 3.72254 1.69299 5.9857 19.7439 17.1473 4.8526 0.0735939 4.50647
-21.8945 2.00441 16.0839 12.1671 5.22226 8.45735 12.3709 1.35734 4.92401 68.8752 0.0959142 11.878
-52.4965 5.44692 20.0638 1.50526 6.76134 9.63991 8.28942 8.99748 13.8153 11.9304 0.294334 8.15648
-44.4698 4.34705 15.1269 2.75693 2.92974 15.5319 9.54844 5.25684 19.6126 20.5188 0.104777 6.53979
-11.8393 2.47387 12.7148 10.2973 5.42566 1.2535 3.89066 12.6336 21.6059 20.766 0.0298694 5.73229
-71.9218 2.20273 1.29308 17.9519 2.51334 13.201 18.0973 10.5681 6.5292 0.10919 0.152342 7.84621
-33.7795 0.659458 6.46756 7.93879 5.44907 6.11013 5.76675 16.225 11.9178 13.0229 0.547932 9.94136
-14.8459 7.35814 2.26833 9.61495 6.49718 1.89309 8.78348 0.580848 14.4918 6.1174 0.22893 6.47357
-69.0961 19.9221 1.7326 0.208866 9.62077 3.16709 10.8413 6.41521 1.11705 18.3248 0.176014 7.48057
-60.5351 3.27822 1.28419 12.0543 7.62991 15.4756 14.605 14.3829 15.4211 15.7229 0.0311596 5.30742
-52.8745 7.79999 4.92854 3.29382 6.62514 3.72813 25.7436 8.58065 8.97147 11.5928 0.128422 5.42272
-25.8977 6.83782 4.45915 5.07974 9.19984 8.21253 6.34584 7.40732 9.85633 10.6064 0.243046 5.57218
-55.7885 13.9914 7.98781 0.88692 1.75659 8.94506 3.92056 29.8155 16.4704 15.2227 0.042991 6.24
-73.3977 12.043 4.65167 1.29989 4.31292 12.6135 7.62805 7.96688 17.8369 15.1676 0.0250697 3.62347
-43.4217 23.2078 2.15969 0.646596 10.4873 14.8066 42.5764 14.1307 22.5262 5.25234 0.00210667 14.6742
