8.73277 1.0513 2.77821 0.988851 11.2727 7.85807 2.15928 0.316922 2.64905 0.000723492 5.50841
-20.6822 4.94695 3.94883 2.68138 5.68859 2.27531 2.13574 11.7691 6.48964 6.44875e-05 2.07234
-56.152 4.18662 0.380315 2.96952 1.54264 3.90734 29.6485 26.8177 18.3498 0.00663165 6.10199
-47.2301 1.43949 1.33198 3.58762 6.95746 20.5154 8.09313 33.0792 7.13854 0.00272205 5.56864
-69.593 1.87168 3.18444 5.44471 4.84519 20.0833 8.97318 11.0745 1.0771 0.0163622 4.44901
-64.961 1.414 8.39113 2.48884 11.7642 4.35756 10.1464 4.80877 5.99869 0.0602756 4.56328
-56.5722 1.73858 0.42235 4.59609 6.86917 4.46563 9.72506 60.1405 4.7998 0.00148744 6.1436
-17.141 0.79348 18.7805 2.60682 5.41183 8.23475 9.67469 9.66745 7.37771 0.00102849 7.42411
-27.4138 7.33184 8.72527 3.10026 0.514405 2.30615 8.19836 25.6608 12.8883 0.0477075 7.37728
-70.7403 9.6192 5.80169 6.16566 7.92397 16.4139 9.34633 9.46787 9.26374 0.0422242 6.6151
-51.4481 10.9226 2.58631 0.673704 12.0349 13.2272 8.08962 0.834589 8.37031 0.00482051 5.91443
-61.2622 4.5906 5.7826 1.17576 3.13503 3.28405 3.63339 4.13956 8.4076 0.0273119 2.62553
-63.5011 3.32959 7.38201 3.49485 2.87792 8.32458 7.68616 2.535 3.82573 2.43595e-05 0.778801
-57.5493 1.06466 9.45131 9.05524 1.75203 0.939161 3.99624 5.41249 8.27219 0.0121779 3.54919
-64.1029 2.5218 11.0899 0.921472 1.56281 17.5209 6.32275 7.73663 21.2759 0.00057476 4.01976
-72.341 7.53862 6.43416 4.68631 4.98317 27.0821 20.1147 5.04779 15.4379 0.00302491 7.28268
-67.8474 10.3451 5.1693 10.1765 6.73806 6.484 7.21851 5.65403 15.7435 0.015675 5.26729
-69.3689 1.29466 8.00837 4.4375 4.95864 5.60623 17.6543 5.40952 43.2477 0.000836214 4.77142
-66.761 4.0471 11.5073 6.96029 8.22011 7.93958 58.869 7.96168 29.4823 0.000586863 11.326
-66.761 4.0471 13.3552 7.23432 10.9857 2.66167 58.869 28.4913 19.8231 0.0308444 14.6317
-66.761 4.0471 7.2421 13.6599 0.563877 11.0922 63.3371 0.708235 19.3924 0.0292448 13.8088
-61.0215 3.41553 4.79218 13.6599 0.512422 7.66665 63.3371 0.708235 25.5171 0.0802354 14.4105
-6.55693 2.1855 4.66474 6.75518 1.97575 10.0917 31.9735 25.4171 14.014 0.00251451 8.27138
-4.75036 9.66427 4.31075 9.64112 4.43537 12.6611 30.0978 2.57004 10.7514 0.00977995 12.1995
-64.542 3.13665 2.70383 5.765 4.71896 15.2869 21.895 13.4405 3.29194 0.0288938 5.26352
-68.5104 6.68253 1.9759 2.25354 0.563081 22.6538 0.223575 23.8331 8.56765 0.002024 5.59463
-62.0161 0.148599 14.4023 13.1174 7.80027 10.6715 5.04232 45.2978 1.469 0.0168781 11.3162
-64.8386 2.48191 4.53369 22.1277 2.71476 10.657 0.475129 1.98326 6.08793 0.0264841 7.25164
-61.7067 11.1534 4.63739 9.00875 5.91952 1.25708 1.18702 22.0017 8.37601 0.0100816 5.49011
-55.0207 3.32823 0.950611 6.45507 3.88246 7.86892 2.26026 6.93894 10.3124 0.0610409 3.89407
-53.8674 4.34432 7.56116 5.26592 1.57225 13.3186 13.4266 25.1807 7.6508 0.000494618 4.19984
-71.029 10.7818 3.89847 2.24484 1.01053 1.69091 1.55148 23.4153 10.0077 0.0378034 4.86924
-71.029 8.7333 4.42304 1.84388 1.64951 1.54536 9.39792 4.37428 37.7458 0.0159903 4.89734
-55.0813 2.92273 1.62406 5.20902 0.700412 6.51306 11.6439 0.928193 4.61591 0.158987 5.71049
-44.4991 3.77998 2.46639 5.80378 6.12793 1.51313 4.48863 1.04335 13.5198 0.078943 4.72514
-59.625 10.7739 8.71274 4.14278 5.55207 4.46413 9.5624 1.04348 8.20162 0.0313428 5.51228
-60.1279 16.2198 8.57507 0.934077 4.41222 7.26915 28.1134 0.981497 22.3191 0.231804 12.6437
-73.3945 7.79322 2.47221 7.19534 6.12261 11.5793 7.64052 0.975872 43.9617 0.243998 10.0462
-62.0512 2.32037 0.746629 20.9994 1.21941 4.68043 11.1535 1.98724 60.8106 0.201974 12.8743
-66.7948 10.8353 1.99969 4.57683 6.84828 17.2739 4.36881 1.97869 16.0096 0.056856 6.41557
-63.5148 1.69607 15.3082 3.86413 2.05694 6.27996 4.58412 2.53709 7.52586 0.0395562 4.56399
-65.8261 1.35054 23.7443 7.69744 2.84911 9.83582 2.07109 18.8362 0.397686 0.00871072 9.07288
-32.7861 2.75486 6.82053 9.3588 0.818486 8.92544 10.2277 4.12431 11.954 0.0548588 6.14999
-5.38849 1.57984 4.89087 8.09063 4.30507 1.2415 16.6408 22.8369 9.51972 0.00658934 6.25081
-74.483 0.565063 11.7178 1.48291 11.743 6.73631 12.4295 11.0577 8.93431 0.0117907 4.64675
-74.483 1.61632 6.4458 4.85806 18.8489 4.288 13.42 16.8872 23.8195 0.0310055 6.93165
-53.1066 3.10439 0.752261 4.67906 1.52918 5.66028 3.85338 9.73657 35.3303 0.0421916 5.36829
-55.3095 3.82231 3.70192 6.58309 6.51141 15.1275 7.70362 5.41555 10.8015 0.046572 4.96843
-55.2288 5.99721 5.81451 0.757468 8.58398 5.94791 5.73649 0.973883 21.1818 0.105229 6.28526
-41.5914 5.21326 4.93051 2.94191 4.7893 11.7952 3.03415 4.55371 11.3301 0.0636991 4.8192
-71.2581 14.3709 5.24263 6.461 4.75303 12.6002 5.02077 28.2521 7.27743 0.122576 8.82517
-27.7305 6.99186 13.9679 0.863928 9.65671 12.6002 5.52233 5.04194 4.4785 0.122576 10.9367
-34.5611 4.9772 9.13712 0.863928 6.41419 13.6788 8.92497 3.50646 4.56016 0.289578 9.59
-43.6131 3.13954 5.54664 0.863928 9.61183 10.7691 5.94338 12.9921 5.28345 0.153544 6.67949
-45.4401 3.99207 1.88455 4.09324 24.6369 11.025 11.4402 2.48444 3.36632 0.129329 10.2046
-51.4434 2.22676 6.5377 0.301711 6.75793 11.7067 3.11938 7.91682 2.07771 0.0258828 4.29837
-62.7663 4.25778 11.1593 2.73843 6.19797 14.7879 8.71157 30.653 3.34087 0.0870619 8.0494
-49.666 1.70216 4.947 4.69612 10.6145 5.8614 2.28555 26.6835 5.18642 0.0522543 5.49108
-74.5127 7.12494 6.81581 2.15101 0.988754 4.12165 17.0545 2.92722 5.09136 0.0457462 4.02325
-68.3811 2.20099 11.6736 3.76379 7.41581 2.11178 12.2299 2.13744 4.7144 0.106904 5.47276
-64.4238 4.13955 5.33796 7.01481 25.2721 10.5367 9.09319 10.5497 2.76935 0.0799732 10.0124
-56.1877 6.1459 4.47841 4.3024 1.67187 12.3863 13.5369 33.4675 13.2647 0.045665 6.73157
-65.4146 5.74879 6.06577 4.57046 3.27039 1.13597 13.2799 12.0308 11.5187 0.0551658 4.34496
-62.6983 6.84069 4.50917 3.26913 3.5833 0.150506 8.45767 31.7072 22.4246 0.155148 8.50227
-66.3179 7.55329 2.78411 1.72136 7.78515 0.557465 7.14954 5.02046 3.67289 0.103613 4.6835
-44.3548 4.48552 0.281317 0.756175 4.04871 1.15577 17.7015 6.84385 12.6988 0.0313884 5.00467
-46.3749 21.5039 1.8463 0.691969 1.29254 1.00483 18.8551 34.2542 7.91052 0.202055 12.3551
-59.6879 13.655 3.9129 6.72365 11.9079 2.69087 18.2734 57.0565 36.5021 0.19798 16.5311
22.676 9.80001 2.402 20.3631 2.88625 4.81637 1.48052 8.73589 16.6856 0.106047 16.7401
-39.3422 11.3481 11.3354 1.70511 2.63152 2.54507 2.55534 9.50699 13.1143 0.146108 8.23598
-30.8241 1.26348 14.9687 0.0965379 6.31121 0.644259 14.601 7.98766 11.4916 0.0833606 8.97005
15.8159 0.631721 0.338872 0.662032 3.16948 5.10972 0.763154 3.45922 23.9232 0.0830863 8.15179
-60.5827 19.3416 2.10122 1.24715 6.10449 1.61924 14.3059 35.2945 20.8029 0.0931856 10.3977
-50.9307 9.87122 0.195018 7.56247 1.87457 1.19633 31.0773 88.7746 27.0309 0.00972161 14.6085
-38.9587 1.66733 4.66834 16.5738 1.87495 4.05782 7.10775 2.97387 26.9523 0.125794 8.4354
-72.9655 8.68574 13.9728 2.41376 2.32485 6.5821 6.3015 9.15937 10.7717 0.165025 6.87873
-68.4982 0.73778 11.738 0.59697 3.23737 2.49181 7.14351 17.4214 7.31754 0.0842067 5.48538
-63.8457 11.4987 3.42956 0.957256 2.84366 7.04065 4.11265 12.2131 14.1599 0.00230545 2.9259
-53.6829 8.77068 3.41293 10.6143 23.3905 4.99002 3.22966 17.3621 16.2044 0.00590049 9.77614
-59.6613 24.7672 3.04629 5.39701 11.4703 4.36585 6.01856 1.87371 46.0039 0.00927333 13.2435
-72.1238 13.2587 3.50931 3.10268 0.675966 7.44781 6.07408 13.756 8.45152 0.0316391 4.42773
-60.7782 1.03273 14.9908 3.45059 3.15957 26.6786 7.70274 6.80814 4.69805 0.0796749 9.08502
-67.0149 3.53877 17.4472 1.30145 3.09288 8.00691 30.7688 29.3028 8.58751 0.0296941 9.06155
-67.3214 2.76354 11.9707 3.12378 2.03055 1.31426 8.61687 30.1202 13.7606 0.0031953 4.24002
-48.1262 4.04912 15.3719 10.3482 5.9215 8.84324 11.1205 24.311 4.06492 0.0031953 8.4312
-59.1734 2.27935 2.95981 7.35616 6.63472 8.68536 4.66859 21.3911 19.6004 0.0031953 3.60632
-71.6194 4.61867 0.556611 3.83636 3.89366 5.49171 20.2747 3.15695 21.4455 0.0254171 4.56075
-67.7553 2.09918 4.60143 4.36521 3.83045 20.2759 1.10542 1.82812 15.85 0.00514243 3.95883
-70.9794 2.78154 4.03045 4.08703 13.2912 21.5298 7.4832 3.27546 23.1004 0.000938168 5.31711
-65.6128 6.84826 2.12346 11.5447 12.294 11.4125 2.7906 11.4307 10.4452 0.00101218 4.83784
-51.1274 13.5025 3.71409 1.92176 0.83991 18.3025 3.85653 36.268 11.6567 0.063579 9.42716
-22.7237 6.88255 4.68108 4.97224 1.53471 17.6108 2.17389 5.52827 8.58099 0.0428697 6.80911
-67.3774 3.51442 7.93554 5.0055 8.66561 6.30751 21.2724 10.7038 15.0378 0.0494441 5.88509
-4.69517 1.86052 1.21349 4.88499 1.16388 9.21744 19.0458 18.4083 16.2846 0.0190042 6.502
-57.4751 0.777362 5.16931 5.97736 3.01364 11.4284 14.9158 1.67632 10.4577 0.000778783 2.80797
-44.3541 0.531589 8.33528 9.55834 10.34 17.3826 7.98352 14.7878 2.53929 0.00206265 7.14628
-57.1211 0.62918 3.39494 6.16356 18.6191 1.82413 12.1996 17.453 10.914 0.00629156 5.32981
-74.3455 0.93654 1.24027 16.9298 5.6197 5.22076 9.91957 1.15973 13.0785 0.00237421 3.92355
-72.5878 6.82652 3.81568 13.001 7.68439 6.98959 11.7404 6.62173 13.712 0.00309216 4.22617
-52.5924 7.23488 8.14591 4.61127 4.78417 7.27636 7.00584 22.1354 24.4702 0.00237469 5.10506
-31.9851 2.57455 4.55439 4.47323 5.55638 13.8844 9.5992 13.5846 8.54825 0.00618112 4.18731
-43.7346 3.3632 9.04796 4.32182 1.19444 9.91291 7.79416 1.71588 3.94625 0.0175784 4.09409
-51.7968 4.06854 0.226552 1.93597 0.663918 22.1095 8.76381 8.36861 23.3805 0.289659 10.5082
-68.0619 7.18558 4.47192 4.83609 10.1562 16.2662 0.883449 7.44637 26.3993 0.0134468 6.23452
-55.9043 0.615082 4.28606 5.37513 2.85668 16.4838 2.05581 11.6152 34.5107 0.0307065 6.37654
-32.3901 10.9115 2.05652 5.13866 3.52187 12.2973 20.3374 9.35079 21.1434 0.00165839 6.77364
-17.4999 5.0908 5.22998 5.86304 3.72249 13.6694 17.2332 5.7597 25.554 0.0101843 7.56593
-1.52507 2.60007 5.00845 11.9348 1.64844 12.4948 4.43273 8.28797 21.9004 0.00965469 7.95951
-41.9243 0.770002 4.6321 0.811381 11.2933 8.86998 7.19412 4.68044 9.31117 0.0105419 3.84452
-54.5932 2.12929 2.54159 11.7349 17.5703 2.42464 22.8288 30.8616 25.2823 0.0739114 11.4924
-59.1563 1.38287 1.14853 7.20263 8.18255 6.51388 28.1028 30.5533 9.93207 0.028724 7.07764
-62.5696 1.95505 4.60218 3.41025 6.93847 8.74152 16.2495 2.39233 13.5857 0.00983532 3.32772
-49.7923 1.49024 9.44728 1.98275 5.88152 8.57112 2.74699 2.07284 25.2476 0.00084806 3.48492
-44.9437 6.54434 8.39451 1.02183 1.78897 4.97742 0.865506 6.35007 10.4533 0.00423744 3.35017
-74.6154 2.90232 0.183134 5.0722 10.4126 8.61125 6.16473 9.54414 4.62432 0.00302796 2.88411
-68.0979 5.55744 6.08565 5.11951 12.9032 5.87772 7.37417 24.168 8.18358 0.00778849 4.56879
-68.6053 4.69696 6.40426 6.71618 12.9032 2.45682 8.1214 20.523 20.6454 8.79961e-05 3.84675
-60.1603 3.06733 8.28686 5.40709 9.27604 11.7905 4.36118 23.4344 11.9879 0.0102625 5.22666
-34.7211 2.98669 3.6396 9.60122 22.7119 7.58979 7.07238 22.5195 10.9905 0.0102625 9.49695
-49.8607 1.67161 0.87973 2.36409 5.08325 6.28327 22.5034 23.0316 29.0419 0.0261462 6.62155
-43.1963 1.88258 2.45492 4.2632 5.14547 4.25203 61.6748 28.1963 11.5806 0.0197194 10.1806
-49.8163 4.20633 10.6703 4.52009 7.97738 4.5879 5.12307 23.6779 25.6337 0.147391 8.85284
-73.6772 6.46407 1.5552 3.58012 0.894834 2.42711 21.009 13.2033 10.5766 0.0754562 5.22615
-35.0178 10.0955 7.07003 0.514073 7.30875 2.22953 7.28429 20.9509 5.80146 0.0621758 7.29526
-53.5689 18.2308 6.07262 2.11657 10.4382 1.66874 5.11709 0.652987 5.20444 0.692571 13.1891
-61.3615 6.7081 7.45357 1.85167 6.26841 4.04204 4.30088 3.0429 7.21232 0.0934194 4.43342
-70.8855 3.77441 3.7197 5.10807 23.6246 6.70109 14.1107 4.95234 10.4717 0.000676441 5.0588
-49.8334 3.73842 4.05182 12.0948 6.55864 9.85261 25.5512 23.7144 9.56357 0.0086275 7.386
-35.2838 0.528924 4.08596 4.59697 3.54319 7.70443 16.3408 7.35022 8.23927 0.0143447 3.83112
-43.4632 21.3952 4.09785 1.28756 9.27321 7.18158 12.5243 16.8638 17.2465 0.0619557 11.8399
-25.5637 9.52268 2.08342 8.62752 5.90315 2.54128 4.50871 11.8003 20.8817 0.122192 8.32862
-67.0446 2.9031 0.930329 7.94006 8.10893 6.80983 4.47091 5.23833 34.0587 0.0631776 5.87354
-70.7343 8.037 3.95507 8.44868 6.59974 9.73477 0.985465 11.1609 18.6357 0.169221 7.37142
-71.4073 3.74342 11.3949 7.43131 4.40561 3.89289 6.68187 13.6002 27.8885 0.196205 8.01584
-45.4287 1.12848 3.91991 0.255459 12.5495 9.47601 21.3758 7.25276 7.84955 0.0542308 6.84045
-64.5433 2.03316 4.85448 1.91523 7.45725 6.96941 23.7814 5.27247 16.1823 0.0250047 4.58895
-55.8211 14.0646 5.17518 5.01736 8.9052 1.55656 11.6161 43.2593 11.268 0.0907706 10.4026
-65.1433 5.22084 2.65088 3.63812 1.24638 0.622516 8.5537 13.0445 29.5136 0.0323233 5.05748
-64.6999 2.58296 6.48168 11.5804 1.32657 7.90549 37.7438 2.96926 15.0387 0.0589763 8.36135
-69.3139 0.74067 15.9274 5.32318 6.98354 13.9786 29.581 23.9281 14.1571 0.0394853 10.6777
-62.5665 4.95508 9.61955 2.98196 10.2264 6.22637 42.4104 3.63925 19.4299 0.0280151 9.01461
-59.3122 4.26955 10.8559 3.35712 1.75267 10.0114 8.63723 13.6461 0.812732 0.0995587 6.22751
-52.0983 0.776991 2.23178 3.18012 17.9129 9.54616 7.14359 8.33725 5.64085 0.139356 7.16204
-25.2176 3.55306 4.2923 0.073972 7.27749 14.9222 35.0089 21.7056 9.96989 0.021057 10.1904
-31.8064 2.0366 5.38866 0.945625 9.43451 10.6005 8.93563 12.2004 7.30835 0.00179672 3.62573
-49.7065 3.59472 6.20289 2.50279 4.08929 3.60209 5.51567 5.8988 2.63974 0.0495213 3.24309
-20.0945 3.43346 9.51308 1.12695 9.57955 0.362916 3.34498 5.47084 6.40328 0.0163064 5.66264
-38.5782 1.57094 3.2358 0.386971 12.3898 4.79949 9.79218 18.959 13.804 0.0382612 5.75053
-71.4054 4.48846 5.26143 7.48242 13.8428 8.18154 0.939436 15.2351 36.1651 0.0170357 7.08619
-71.9183 6.12892 4.35771 0.912679 1.9778 3.65386 2.89685 8.6896 47.1202 0.0141715 5.36104
-74.1825 0.929067 6.14672 1.57516 3.16895 4.58586 2.53399 8.78593 7.41027 0.115478 4.4104
-70.9275 11.7736 2.71652 7.51929 10.4837 2.61711 16.0634 9.09497 5.93476 0.142355 7.36519
-54.9291 9.51235 1.72431 6.94008 8.28899 2.53665 13.6085 14.5553 14.9314 0.0942914 6.77766
-61.6361 14.9166 4.47601 8.27214 12.6479 10.1261 6.67756 23.5615 11.9234 0.0554917 10.5287
17.8812 3.44138 3.83625 8.06642 1.9213 7.217 11.104 11.6144 12.7523 0.0713256 8.86145
-42.377 6.00975 1.91547 3.27317 7.53281 5.81942 7.30122 14.0493 10.7701 0.0351681 4.16772
-6.29261 4.01609 2.6682 8.40822 0.965272 2.11903 10.4794 6.22473 3.47031 0.0976808 6.58759
-58.8174 2.3583 3.66197 2.67869 1.32493 9.69473 18.3385 7.49082 1.88383 0.031246 3.93964
-53.2094 7.80725 1.22799 8.71376 7.6482 3.2333 1.69464 5.37203 2.42176 0.0529111 4.8205
-54.7124 6.21505 0.932626 5.48805 5.86331 13.8642 20.4401 30.7547 10.8082 0.0254798 7.19764
-55.1779 9.19569 2.42333 12.0265 2.94871 16.8375 4.65185 2.08941 22.0412 0.00185619 6.19033
-55.3572 2.41007 3.49414 2.00583 6.71677 3.61913 0.26678 3.43265 15.6442 0.00147472 2.51621
-61.5335 7.33503 6.38111 11.0296 12.3973 7.99524 14.9276 4.34278 0.358444 0.0499381 8.88556
-66.9061 3.33813 1.10616 1.41707 11.6231 6.44263 20.2316 8.78712 6.44955 0.000716671 2.8073
-62.4051 1.70398 1.52695 11.5695 10.3238 6.4239 13.9036 16.0633 13.5793 0.00579143 4.67365
-63.947 3.14022 2.32092 7.16935 9.88142 0.633124 3.18187 0.348207 0.362061 0.0479508 5.61011
-69.1236 3.41459 13.924 3.61577 2.87359 14.1241 30.3883 1.3805 6.5221 0.118197 9.41679
-58.767 7.83236 15.4174 2.11937 0.272641 13.321 23.7817 1.3805 0.451 0.127787 11.5759
-54.1718 2.28116 14.9204 6.79819 2.49998 3.58865 11.5802 13.15 0.451 0.189954 8.79525
-50.7665 2.40083 14.5469 2.8996 2.05268 5.90121 6.86809 12.9176 13.5987 0.175633 7.3897
-43.0887 3.34887 19.3733 3.94538 1.55822 0.581003 0.755991 25.5285 31.3825 0.269045 13.3332
-63.4647 3.33792 2.98923 8.03193 9.37775 17.6864 5.52388 15.5693 26.8188 0.126748 8.71487
-49.0597 4.31679 4.69816 0.40241 1.25872 18.7727 7.83503 13.0966 23.445 0.0152298 5.83502
-1.90591 1.73065 4.0487 16.7379 7.0789 14.397 10.8106 1.46501 11.3338 0.042755 11.863
-51.2463 1.51762 6.06013 2.30305 4.05599 10.9269 12.1399 17.2328 12.5592 0.107519 5.99303
-58.3249 6.89419 6.26508 10.1415 6.24823 9.63023 4.33448 18.47 0.996495 0.0208264 6.04214
-70.5291 4.94157 3.9351 9.70975 5.84395 10.8774 8.48176 44.5138 27.9655 0.0442441 8.65023
-53.0229 6.62318 6.21123 8.219 1.8117 6.58167 4.58256 4.91512 50.11 0.0353739 7.47594
-64.3119 3.33449 4.37516 4.91331 3.58001 6.12455 3.61391 17.6858 25.2254 0.0869377 5.32864
-67.1114 2.24663 7.89819 5.25505 6.78937 9.93724 7.37746 5.15243 5.58744 0.0540775 4.13188
-72.4909 2.18499 5.84963 6.92746 9.15015 25.4179 0.450486 9.85221 8.33915 0.156989 9.34535
-30.8634 1.97492 4.61192 4.49085 1.55055 10.4941 14.4451 9.04707 8.26855 0.131462 6.32014
-68.2104 14.08 3.65809 9.4035 7.81943 6.60584 18.8649 3.685 24.8859 0.034944 8.54525
-69.8575 12.3866 6.46903 3.2142 10.6686 5.52325 8.36441 5.63096 3.69534 0.117194 6.60778
-65.1136 1.62549 11.9342 3.40889 0.588329 1.43127 2.73541 3.33072 3.69534 0.0191112 3.5587
-68.141 2.74145 0.089864 4.00605 14.2109 13.2415 14.2101 25.2365 4.66165 0.0027123 6.03815
-66.2274 1.9262 9.82802 2.85796 15.904 15.3294 13.8725 33.8089 15.4127 0.0328536 9.66816
-49.0895 2.30097 9.83373 3.63355 0.492967 2.90645 4.36259 16.3522 8.92237 0.00532499 3.33235
-33.3247 0.753894 3.36969 8.95424 10.5749 2.07905 6.16284 7.07126 13.4363 0.0151805 4.64458
-60.6782 5.19573 1.91064 4.42469 11.4182 3.54514 7.36778 14.6405 6.96206 0.00674363 2.86702
-27.1002 6.2026 6.45567 5.27148 9.61125 0.709003 16.8958 16.3298 7.86678 0.00674363 6.44193
-16.3391 6.56949 12.6401 12.7998 4.45944 5.48763 23.814 9.79841 23.3601 0.0340911 14.0289
-69.6466 2.96559 6.59884 1.08247 10.1086 4.76965 2.22303 5.38716 11.7907 0.181842 5.67218
-27.3028 9.99238 0.679961 4.82914 8.46484 4.28488 2.15775 16.2294 6.72929 0.18985 8.33256
-18.0662 11.9092 3.45746 0.231512 3.54367 18.0491 1.55272 3.25326 2.41344 0.111059 9.88075
-52.2342 1.58991 9.05315 17.0381 4.17246 16.0831 4.36658 13.384 10.0006 0.0113067 7.99759
-74.2299 2.3319 5.90061 0.877014 12.8428 16.1793 1.19547 4.99592 19.5864 0.0217483 5.54211
-73.8512 0.223562 4.12908 3.72612 0.398985 7.71756 1.41799 8.96786 7.75765 0.0467132 4.8014
-65.7541 8.84348 11.1707 5.57183 0.988673 3.23797 2.96379 5.31279 1.62705 0.00838585 4.01004
-72.9849 5.94818 5.45962 9.97789 8.92925 7.91831 13.7259 31.4072 10.0569 0.0127939 6.28952
-66.2296 2.71993 2.24002 2.34886 17.7929 4.00735 41.0196 2.16206 30.4718 0.00951239 8.53258
-57.5991 2.976 5.62657 6.78688 9.77257 9.38602 8.08855 6.86453 19.1688 0.0170098 4.63257
-30.0089 1.16115 4.8022 0.555305 3.428 4.60674 28.0788 17.7764 3.40926 0.00432714 4.90354
-36.876 1.71209 2.61389 3.76994 0.612899 3.77016 20.7255 5.86111 0.953191 0.000193256 2.66788
-67.5575 9.96545 7.45059 5.83734 3.53543 5.35127 4.77581 13.2433 22.391 0.000193256 3.3469
-50.714 9.73779 4.37543 11.5784 5.6222 1.47318 8.13205 16.8392 21.3526 0.105804 8.50599
-48.57 3.88141 3.78771 12.0853 6.20179 18.3967 13.4941 13.5414 15.1206 0.183954 10.8596
-69.3336 5.83414 1.72332 1.90876 11.0344 9.15868 13.813 12.3316 2.5175 0.103582 5.72088
-53.1652 1.68438 1.72332 1.90876 13.159 11.6654 12.8406 11.9615 13.8899 0.0942859 6.62465
0.430945 0.524954 3.74832 4.58645 7.2332 5.86197 7.8901 1.53585 18.5971 0.0343087 6.43096
-72.2989 1.8539 2.95702 3.34094 13.4825 2.01156 2.16435 1.53585 4.99009 0.0258208 3.38797
-41.9083 0.898979 0.272005 6.27549 13.4813 2.01156 0.750257 11.6412 7.13206 0.00502352 4.51676
-60.2205 0.504223 4.93572 2.52971 6.97525 2.01156 4.67498 5.56757 3.59383 0.0110728 2.44742
-71.1353 5.57566 6.72639 4.63229 4.37457 9.35318 1.9995 8.65728 15.6992 0.00626507 2.80408
-60.3792 4.75344 11.2315 5.13593 16.2548 0.68875 1.64569 1.20773 17.2396 0.00275217 6.24762
-53.8022 3.6323 9.71775 1.31811 0.279041 3.432 1.00273 16.1435 42.4085 0.240593 10.3448
-61.298 11.8926 5.14474 1.86098 3.6136 26.9099 1.92097 14.4644 70.4991 0.0728823 13.9174
-67.6477 8.06429 1.5557 5.64113 3.04226 9.01 12.5038 28.9431 19.0679 0.0396182 6.0357
-63.3513 3.02043 7.1182 10.2647 2.38164 7.34867 15.0783 12.2198 0.0707651 0.0181959 5.90975
-69.9336 0.366123 5.41951 0.573893 2.37874 8.98251 12.4316 5.53845 11.1885 0.0157796 3.8708
-67.7883 2.97087 5.87525 4.8831 4.05531 9.55871 0.367941 4.86121 6.9251 0.010151 2.8682
-67.0365 4.6008 12.5612 2.2965 2.51212 13.0996 18.2763 1.98487 32.1453 0.0342507 7.57267
-56.0307 4.33458 5.75771 4.02591 1.28571 27.1389 9.08799 6.04086 10.2832 0.0925281 7.62442
-39.4352 7.25946 0.530743 6.86798 7.54727 5.72885 19.3683 9.17948 7.34518 0.0612415 6.587
-43.1351 4.5552 0.248981 1.99996 3.39978 5.45823 3.81141 8.10469 10.8158 0.264096 6.79409
-55.4812 3.54712 2.55706 4.35462 5.77119 6.68816 22.2632 9.58814 24.6088 0.127511 7.01861
-59.589 1.83345 0.585204 3.60291 3.26033 8.63349 43.2853 45.5962 3.63234 0.205813 12.9037
-73.8071 9.13286 1.75776 3.45361 2.16948 5.63262 7.42458 32.7151 9.69526 0.0233856 4.54203
-40.988 7.85968 6.36491 3.19692 4.74007 7.54729 1.62623 28.4414 19.5895 0.00543411 5.72599
-43.6027 1.59465 6.74421 2.99512 2.99053 3.14173 11.531 13.1582 29.2664 0.0185548 4.73485
-64.8361 2.37192 9.0914 6.64269 8.82083 10.7923 25.3281 35.0181 14.6219 0.0203393 8.69212
-68.7815 2.72543 4.14594 0.937301 7.21888 8.46116 38.6593 18.2196 25.6009 0.0181852 7.58738
-74.0778 6.39385 16.8998 3.35723 6.85038 13.6863 27.9971 0.575954 24.0633 0.00794139 10.1169
-68.2642 2.93639 6.62239 1.27975 2.45325 3.00643 11.4251 54.1061 9.15547 0.0188628 6.35281
-42.1023 1.39417 2.64008 6.39614 4.17275 11.8029 22.3239 45.1054 46.4057 0.0172484 10.6261
-52.4361 9.62034 2.62321 9.57831 5.5392 11.4754 33.1907 25.5985 35.6685 0.0286892 11.9341
-48.2048 7.54955 2.10484 5.03944 4.03052 17.3538 12.2451 3.30305 3.38414 0.0323165 5.49247
-26.4079 3.20915 1.66911 18.9786 2.4469 4.47876 11.3838 12.9905 1.53364 0.0178853 7.04366
-41.7588 5.4814 6.85702 1.09005 2.33619 7.38924 8.33391 33.7243 1.17486 0.335639 10.239
-52.5031 11.9741 2.89067 2.3743 0.579344 5.72389 17.6089 16.7745 1.19152 0.404052 10.4386
-61.1974 0.474652 1.7865 2.65023 8.99082 6.71758 1.87981 13.5289 0.710855 0.0666443 5.14049
-64.682 5.25966 1.79492 1.80591 9.93071 6.32577 18.147 22.1703 2.74723 0.131639 6.79387
-39.7364 7.83211 3.67674 2.90698 6.08158 5.03015 11.17 13.5485 2.57916 0.262822 7.65607
-67.5977 7.59443 9.65281 0.331578 0.373284 4.75898 20.7251 8.08622 10.3798 0.10197 7.13534
-71.57 6.88386 1.39533 10.1818 7.81633 1.55636 8.00384 31.4212 9.06268 0.000321506 3.76302
-66.2069 0.288025 0.672068 6.12481 12.3835 14.308 8.03241 24.8577 9.50199 0.00432571 5.6905
-13.3591 5.25763 1.48287 3.6093 10.8129 0.714158 19.8665 3.02012 29.334 0.00682766 7.20709
-31.2067 1.94441 1.40992 7.64536 8.44955 2.61035 4.33122 3.42614 2.82172 0.00948282 3.2277
-22.6837 4.07166 2.87319 2.12786 12.6433 6.63614 6.5763 27.275 30.3028 0.00961263 7.20501
-64.5566 8.9664 6.67525 6.10284 1.93102 6.66596 3.44023 54.9852 23.0885 0.00961263 7.8864
-70.8408 17.8194 12.3595 4.58897 1.25352 18.6834 4.23731 7.40673 5.19422 0.0626147 10.7381
-40.6065 7.77083 10.2055 6.4988 0.482718 14.9828 13.6576 12.9225 10.8865 0.0393693 8.87874
-63.2507 0.361636 2.14994 4.83987 2.5926 13.1485 18.3692 26.7674 15.2237 0.0022717 5.04738
-56.3608 7.01772 5.21609 5.08617 2.22059 0.976757 12.9862 31.4393 16.6937 0.0124912 5.42588
-60.3815 12.5331 5.14712 2.37702 1.60083 5.41666 22.0921 7.81038 14.3682 0.0150546 5.35263
-74.6065 2.67762 8.77115 3.61519 3.54777 2.0666 32.3142 20.6003 16.696 0.0440204 6.66965
-73.6972 2.74202 6.05182 0.52251 3.64411 17.607 10.2302 13.8518 5.48481 0.0400947 4.88458
-25.5533 4.90081 0.78968 4.39375 2.14284 1.60309 7.17864 7.21249 9.31187 0.0119184 3.22222
-73.0458 13.4583 5.16438 10.4795 16.9416 6.37085 12.7472 0.587114 9.44575 0.0279694 10.0848
-43.6525 8.21835 5.81359 4.04368 3.81448 9.69158 7.98878 2.6783 24.8525 0.0708467 6.65714
-55.7745 6.30665 9.27322 4.9972 1.49179 10.2438 16.0884 17.9588 13.3841 0.0238655 6.06219
-67.7405 3.99321 4.33375 15.3033 1.0374 17.3012 0.935415 14.2886 6.76122 0.198758 9.18377
-46.3167 5.32921 0.707237 2.64273 6.85647 4.09758 31.9739 10.8173 6.67395 0.0642371 6.50929
-9.01633 1.96527 4.67609 1.35617 13.3383 1.55555 30.1282 13.5792 3.26953 0.0139385 7.77087
-27.7204 3.94847 0.653043 1.39319 9.10682 4.44069 0.959234 23.0368 6.53639 0.0098293 4.5998
-18.046 4.2635 3.37674 5.29108 0.524295 9.89604 25.9176 6.16253 3.06964 0.056514 7.32991
-44.1809 5.52518 6.51026 1.8857 10.6814 8.56733 9.36877 5.25348 38.6121 0.00391326 6.13304
-39.685 5.87979 4.6529 5.17723 11.7283 7.05724 10.8176 10.3159 33.9505 0.0047806 6.51628
-58.3604 3.04069 6.90644 3.73594 4.54043 3.21895 19.6825 14.2619 13.4989 2.95478e-05 2.20695
-73.8386 4.19308 6.7358 4.30565 4.96913 3.71984 25.3569 6.03071 4.56455 0.0154675 3.59935
-74.0376 8.29632 0.805762 4.93827 2.66699 7.94854 13.1678 25.6989 7.03557 0.0151384 4.27724
-6.27539 5.7049 3.00861 2.35892 2.54393 0.226466 17.4214 6.52546 8.09961 0.00790416 5.26287
-28.2744 0.909573 8.5321 6.63742 3.23181 3.75159 4.16814 4.14922 3.88379 0.291681 7.83051
-33.698 2.26035 5.23323 8.3921 1.18187 7.20646 4.60427 17.7411 13.8073 0.442153 10.6351
-33.4305 5.32156 4.06019 3.93231 1.51955 1.763 1.27983 15.1084 0.41463 0.24185 7.63796
-30.9409 9.43956 0.401908 3.19626 10.064 5.44533 32.9943 8.08803 5.79421 0.0705499 9.29779
-67.6717 1.70234 2.28778 6.67829 20.763 3.17586 8.24714 8.65417 20.2788 0.123151 7.66675
-27.2234 7.77061 3.01197 0.765838 21.4353 1.12669 20.0397 3.35904 5.11393 0.14175 11.0252
-61.6879 10.4573 7.04859 1.94912 18.794 0.157049 33.1006 1.41918 22.8965 0.0501453 12.2956
-61.7078 1.88541 1.3806 1.82525 17.1526 2.39124 22.0621 1.09941 36.5702 0.378198 13.0352
-19.8982 8.12843 5.28872 0.227278 4.1417 5.4291 23.8759 9.01129 29.3689 0.222928 11.7086
-74.5606 7.64103 3.85141 3.20849 8.56998 2.51815 16.9575 12.9006 1.63518 0.150251 6.10139
-65.0204 2.20123 6.59996 0.456157 9.47987 7.81352 9.83605 11.04 0.164914 0.178513 7.62063
-71.0747 2.89925 3.0094 1.11471 1.57687 5.02187 13.1552 7.44258 2.06048 0.110115 4.63354
-66.621 3.74397 5.3392 5.24938 5.46619 4.3012 25.0654 12.1819 10.2564 0.00165458 3.11158
-62.5509 10.0388 3.90631 2.65175 6.54494 1.57551 22.4723 9.78497 10.8961 0.00165458 3.68616
-52.5606 3.24542 7.8499 6.47671 4.01854 3.61267 21.0459 6.92169 44.78 0.00609447 6.48689
-39.0234 2.10867 3.36934 16.1579 10.6691 6.63824 0.633089 7.04633 10.006 0.0440554 7.75403
-38.9989 2.85418 8.29857 10.729 2.09543 6.62764 7.32694 7.98777 7.59898 0.0150862 4.72214
-64.4464 1.72731 5.10729 1.29339 15.4228 1.09965 9.41461 6.88155 18.0286 0.0775769 5.79232
-63.1804 5.25202 21.9953 3.3407 3.1208 5.58465 11.8074 1.02969 14.5355 0.0585156 8.80585
-56.9405 2.48158 5.55701 0.528573 5.30343 6.08682 11.7304 3.90173 6.57182 0.0225298 3.18605
-33.5382 3.21218 0.562121 2.36214 15.5066 0.601882 17.1997 33.062 5.59866 0.00693872 6.90927
-29.5263 3.77814 3.18577 4.543 1.17796 2.69234 19.7441 13.6858 12.1958 0.0771912 5.88025
-0.378757 1.19804 4.00037 4.13605 2.27707 3.97527 22.8257 15.6792 14.845 0.221178 9.87405
-70.2245 7.53153 1.91187 3.47099 2.60715 7.38463 7.51006 41.852 21.2052 0.31445 10.2429
-74.4627 4.32674 2.76682 16.0995 12.473 5.17968 10.3193 21.4281 24.826 0.0709257 8.85973
-48.0014 1.55874 5.44484 12.2685 5.10393 6.71666 10.6476 38.3172 9.64161 0.292478 11.6178
-62.8735 1.51341 7.96316 8.69569 4.78091 11.937 2.51735 28.1531 10.5222 0.0628022 6.67072
-74.5644 2.5917 3.10818 7.66131 3.27367 12.9662 7.17521 2.67171 4.55942 0.0245814 3.12996
-74.6189 0.326841 3.37585 2.29418 8.08975 7.11419 5.46676 23.1446 3.34804 0.0360092 4.58708
-49.4272 5.13074 4.00975 1.12172 6.39704 6.0102 13.9482 27.0348 2.33197 0.0394554 5.33561
-46.2719 7.81249 1.60411 4.67906 3.51505 2.57087 6.35091 19.6972 0.8208 0.0390645 4.71008
-47.9528 1.95415 2.7521 6.18846 3.46417 14.7128 1.28167 2.58297 3.01964 0.0572327 4.67774
-63.4583 4.41324 9.43229 4.12238 5.37211 10.6024 3.15879 1.83079 10.6385 0.131074 5.89731
-72.0212 11.1424 2.85222 0.702317 15.4146 7.29857 2.8547 25.23 6.04579 0.0141806 5.88497
-71.9185 5.67386 2.71582 0.596198 11.6606 2.35937 37.878 8.80743 2.90662 0.0141806 5.98981
-24.0778 6.69328 0.865681 0.225181 12.3997 2.7478 20.8827 11.535 3.81759 0.0141806 6.69056
-48.6631 4.36227 0.8953 13.8443 14.2762 2.28071 4.09912 14.2943 12.1223 0.0290193 6.87256
-74.3655 2.24417 4.09997 4.67509 13.6964 8.51696 4.12384 3.21051 2.46639 0.13104 5.45606
-48.6584 5.30386 0.545702 9.88154 13.1012 10.2632 9.71568 2.63603 10.4917 0.00545081 5.7022
-33.5871 2.87886 4.63212 1.06479 12.7557 16.1452 10.2131 2.30623 2.08612 0.0286202 6.6129
-38.4433 8.35473 1.50892 2.76729 2.45564 24.3526 9.72353 70.3364 6.9297 0.0688501 12.901
-31.7119 4.28609 0.241943 0.653143 3.1978 14.9839 6.12979 18.556 12.895 0.0442667 6.35086
-65.1972 19.6361 2.62091 0.482216 1.61369 12.2637 3.21959 30.1439 17.0091 0.103871 9.83566
-58.6739 4.81771 3.21247 2.44647 14.6029 0.228866 7.3251 12.1189 20.0438 0.429987 10.8983
-49.1015 8.26532 9.43738 11.1863 5.57146 1.60975 10.651 24.2324 33.4181 0.0332346 10.0899
-59.0607 9.77991 13.7755 4.97179 2.32293 2.26052 10.658 12.8094 38.7834 0.0728291 9.56664
-72.4523 7.72842 3.75768 7.89452 2.42302 2.00424 6.20945 3.80584 11.6861 0.0796435 4.1485
-52.6514 3.82281 1.24105 5.73882 1.49109 0.46022 2.03739 43.1093 22.2173 0.000315151 5.3884
-62.0603 8.20523 5.6728 5.70791 1.61797 5.8216 5.66705 2.39995 3.68265 0.0164408 3.08916
-50.4101 9.4084 9.95546 6.65729 1.52145 7.86311 0.538844 30.4375 7.59012 0.0408277 8.2765
-41.3497 0.213714 14.1408 4.76821 1.81473 9.61614 10.9282 2.01312 6.91109 0.00719348 5.6034
-42.7932 2.78388 17.5859 7.54882 3.54916 10.5027 5.39581 19.6784 1.26359 0.0234184 8.7581
-63.4519 4.22968 0.654493 12.739 5.0701 7.42039 5.75081 7.39078 4.99357 0.06459 4.82621
-73.0009 0.372548 5.87437 10.4807 6.25177 1.82034 11.7779 7.23887 6.60331 0.0376573 4.42656
-72.275 7.77238 5.63083 13.9365 1.60285 2.09933 4.04723 4.14322 23.0833 0.0143091 4.9657
-74.5742 0.363465 7.0469 7.79223 3.84308 1.23977 8.34094 5.11574 0.4513 0.0752775 5.27523
-71.8361 0.364859 4.70426 0.259269 5.09441 6.21944 9.07502 6.90052 10.6137 0.0395666 4.48989
-58.4866 8.52492 2.21826 3.02868 6.02717 24.1409 2.19273 2.32058 13.7757 0.00187659 5.03388
-33.1084 1.291 2.84867 16.3996 7.85506 6.57258 17.7935 4.64579 46.2056 0.00147436 8.92352
-54.0192 1.39464 9.34319 17.3553 0.798273 6.55453 2.58951 15.3913 38.4835 0.0011195 7.61015
-29.3985 5.61238 7.08568 9.60223 2.85352 7.73493 3.95105 29.8583 5.90362 0.0108923 6.71492
-36.1715 3.41151 0.590472 6.49388 4.26873 1.32494 7.30352 35.4008 4.73748 0.0530252 6.18734
-18.1825 3.35489 6.72757 5.37924 2.92735 8.33455 2.07925 44.3781 1.09866 0.0711289 8.98057
-65.2246 6.75404 1.53101 4.03755 7.30616 3.58699 3.14009 0.495915 8.67088 0.226795 6.21983
-69.1939 3.59248 11.9193 0.856423 8.29947 3.78029 6.81101 15.3528 10.3302 0.0129968 3.9643
-36.1722 3.36644 0.0416824 1.68279 7.40896 9.45892 15.4654 13.7249 24.7359 0.00408617 6.11804
-57.7135 0.0539047 3.55819 9.03944 2.27495 5.34612 28.3806 8.05867 8.57965 0.106135 7.89868
-42.5656 0.594824 0.0441949 4.12722 1.95097 15.059 20.2849 13.0019 10.8956 0.033289 7.29428
-43.5938 1.17495 10.7878 10.6752 1.9654 19.8333 4.37477 15.3785 17.536 0.0551658 9.36971
-52.9209 13.5016 2.76548 1.97679 2.08366 3.0352 13.8947 18.1141 26.0459 0.00546591 5.594
-30.0729 7.34839 6.77025 0.0663125 3.20018 0.463622 13.4773 5.089 27.951 0.00764826 7.0545
-72.3259 5.2529 6.9942 4.66981 3.10233 7.33242 12.0357 22.5543 21.3684 0.00191421 3.65821
-40.3232 4.90468 9.84636 2.24039 5.7219 2.94403 12.1443 2.88478 11.1047 0.00126171 3.34629
-61.9952 5.5125 6.35066 6.33388 7.59499 5.34604 2.33471 31.8243 24.1263 0.0218503 6.24998
-58.0437 7.32357 1.62702 4.89808 2.33982 6.48836 4.00173 23.4573 16.9196 0.064767 5.26596
-54.3324 5.97207 2.92567 8.91978 22.0182 3.79468 5.85398 37.0841 25.8793 0.118995 12.5211
-52.2735 6.97225 5.43262 0.29082 2.74811 1.72035 11.8983 18.6484 14.2846 0.260704 8.2376
-46.8692 15.5944 8.27393 4.20829 0.649195 11.5848 7.22106 9.38053 46.6181 0.155156 12.8792
-72.027 0.187745 3.53459 11.3932 4.42705 6.44617 2.97988 13.1003 22.7721 0.0440092 5.68678
-62.4856 1.11933 4.15724 11.1583 2.05228 2.13279 4.87653 11.2897 7.44102 0.0258115 3.42879
-61.18 6.2823 2.1557 7.71447 2.36923 4.06103 11.2677 6.48321 37.1147 0.013016 4.83315
-71.7302 7.59885 1.42799 8.76686 1.28243 6.52341 9.99159 1.57614 19.8553 0.0114576 3.86699
-68.3556 1.56657 4.35225 3.51478 11.5838 13.044 7.85556 3.23302 6.57398 0.0409757 4.40889
-70.2254 1.71096 5.45977 12.9734 2.57857 5.12147 11.4932 0.344059 7.30101 0.0856637 5.84022
-69.4123 3.3013 3.32042 4.55458 2.3088 8.20086 7.94556 25.1869 0.866797 0.0696208 5.02035
-26.6451 3.71817 3.115 4.2354 4.0513 3.99016 5.4639 26.1916 19.3032 0.0393652 5.51121
-61.5758 4.52831 6.66123 8.64844 4.9627 6.28181 11.3649 9.86252 30.6008 0.00846561 4.97713
-17.3658 1.02913 5.48679 1.83756 15.8452 6.49956 3.23032 5.81742 21.6049 0.112033 8.50026
-40.1201 5.10346 0.386018 3.87711 15.8862 0.210571 2.67241 7.14396 3.50726 0.0453991 6.34073
-49.3294 3.3392 6.85549 1.52308 3.55642 5.43125 2.38217 5.44134 15.1818 0.206878 5.91711
-52.9548 1.35301 14.2151 4.92375 3.25026 17.0686 6.45541 4.99462 28.2418 0.0748815 8.72838
-35.5161 1.91341 13.9124 3.62215 2.49545 24.0202 12.5811 4.20932 5.87566 0.101919 10.4764
-40.1945 2.42448 13.1286 5.66404 2.52128 10.0333 12.7441 9.21164 8.12943 0.0138624 5.73867
-68.1201 1.40088 18.5599 7.19591 8.65177 1.91572 13.1409 14.4761 12.1642 0.0836157 8.72163
-72.039 5.59651 13.6469 11.91 5.59694 5.60885 18.2614 22.2287 10.626 0.00465927 7.47661
-69.0415 3.61532 2.83342 8.70365 2.921 5.94684 6.28707 20.7702 14.418 0.00842966 3.15468
-70.5729 2.15302 0.521994 14.4459 2.54951 3.15628 17.1513 5.4924 41.5217 0.0262128 7.08312
-73.441 2.97196 6.60735 11.6532 2.87645 1.37857 1.82873 5.17923 25.133 0.0456467 5.10816
-72.657 2.95293 6.18923 23.9986 0.919993 2.92801 3.77886 40.2087 14.1537 0.0846979 10.3789
-67.454 5.65231 2.02558 5.2081 4.37359 14.3716 3.31505 28.0669 29.3786 0.0902846 7.5698
-50.0768 4.29876 1.70755 2.11418 6.35591 14.4483 10.5782 11.2275 28.7877 0.117292 7.32843
-43.805 3.32639 1.23318 1.7558 15.6981 9.44936 17.7425 0.44149 16.8588 0.0814941 8.21071
-72.2828 5.34403 1.25133 1.41257 8.75952 11.2991 2.05577 17.142 11.8584 0.0376421 4.50424
-51.9619 4.23801 1.25309 0.332858 1.73642 14.9485 14.5567 5.94058 15.7775 0.0317831 5.33219
-69.5519 8.34977 1.00228 3.81478 0.778404 3.2764 10.8727 5.11572 2.10904 0.0170315 3.08358
-31.9202 1.08951 1.53128 1.63244 2.80421 6.85547 26.274 17.1982 1.49847 0.0258009 5.57834
-47.3857 2.34297 1.15187 4.63558 7.44774 5.10555 21.8288 15.3957 4.51163 0.0975165 6.06814
-67.9497 6.79253 4.41421 0.683248 15.0695 0.515852 9.54362 18.4094 40.4589 0.0335136 8.11412
-62.3596 1.73451 4.95607 5.49717 11.958 2.8159 10.9565 3.08606 14.6973 0.156378 6.25439
-47.3483 1.02397 10.0074 2.32143 18.027 9.07012 3.3969 0.169025 28.3359 0.0811484 10.3888
-74.0217 4.1015 13.2191 7.79 6.50243 1.31481 8.63737 1.05203 9.82794 0.0195084 4.95264
-56.9797 2.1464 5.51296 2.89091 3.04996 9.27761 1.55846 3.69721 2.26359 0.0179907 2.71719
-40.5278 4.11584 4.63307 8.109 3.75439 4.41772 7.53375 5.57761 39.111 0.0162537 5.61723
-67.5599 6.74664 5.05305 4.71779 7.83096 16.3721 10.6743 8.47767 1.80534 0.00422303 4.19507
-19.2968 4.10068 4.85863 1.43273 2.67006 8.56411 6.76687 3.55974 14.8686 0.0462293 4.93054
-61.1924 4.79992 1.7594 5.78622 4.18042 4.08253 7.56337 9.80451 19.5463 0.0892399 4.6131
-25.1924 1.42726 0.270494 9.9391 0.306548 10.2264 10.6909 6.9235 2.73308 0.0736052 6.97589
-66.17 3.96198 1.97576 5.38391 6.80206 4.12486 9.51947 29.9757 19.7734 0.0610776 5.78469
-42.9094 5.66719 5.11054 3.36206 6.76414 6.45757 7.08072 34.6762 32.452 0.0245552 7.36431
-48.9249 0.633118 1.40169 7.00292 5.69422 16.8379 16.7729 46.8446 2.59462 0.0426288 9.12906
-56.8411 2.64932 3.25087 12.1511 7.47405 7.91853 23.9498 8.95756 27.5692 0.0622196 8.27988
-72.4479 3.59926 3.67656 5.72656 3.22038 13.386 13.3903 23.8032 17.1424 0.105296 6.69112
-60.8147 1.91432 13.4415 0.841069 4.97548 6.38444 0.19449 12.1492 8.10291 0.00267879 4.15477
-38.362 10.7356 4.10226 16.8293 6.74795 10.8648 7.49071 1.02492 13.3843 0.0194949 10.7516
-55.2036 9.45801 5.11476 0.565413 3.24296 7.33889 5.7824 9.5923 14.3751 0.00477611 3.38009
-13.427 4.33978 3.00643 5.10464 7.89258 0.530569 15.8216 1.00498 19.5782 0.0829745 8.03099
-59.7654 5.40032 0.809462 6.90391 7.99091 17.6401 33.094 8.97279 27.436 0.0665493 10.4591
-45.8151 6.66254 1.2553 6.03748 0.562298 18.7996 11.8137 48.5174 35.3877 0.0769921 12.147
-37.6363 1.63129 1.42159 7.2851 7.95579 22.8935 9.78313 0.286301 33.6268 0.0305453 9.67629
-53.5543 3.05179 2.31953 13.5449 7.51333 3.16752 6.35093 18.589 16.3263 0.118679 7.1267
-66.6395 0.704116 5.47122 11.6956 10.2496 3.17077 4.97285 12.7847 7.1185 0.0427389 5.06215
-58.3697 3.67696 16.8315 3.2554 1.10729 4.84323 5.47302 16.3133 14.4853 0.0557776 6.46383
-70.0335 5.01613 6.9657 3.36155 6.06001 10.0182 3.81606 18.9513 8.83495 0.0412591 4.28103
-65.6452 6.73416 1.7672 4.70669 1.61403 9.49779 5.54257 6.94671 4.66942 0.0912021 4.0998
-63.4017 3.89527 4.28742 3.5191 2.1598 10.1735 17.3765 4.59183 52.569 0.0018801 5.71506
-68.1905 10.3284 7.25572 5.59195 3.76512 8.53036 8.41264 5.87139 13.0333 0.0224582 4.59331
-67.0095 3.07788 13.6023 9.16001 6.87129 8.81475 16.236 5.3835 43.52 0.00351282 8.26974
-18.6431 2.48388 3.96269 15.3286 2.86204 3.54414 14.9368 24.9265 4.5012 0.000640912 6.21744
-65.8199 2.76488 4.67047 0.0472917 5.03522 5.37719 28.2742 28.1962 2.82679 0.00510656 6.2499
-40.7284 2.08448 2.16979 5.34205 5.87818 0.646541 18.0137 8.57745 6.9 0.0185209 3.92542
-28.3173 0.315562 0.208011 6.38241 10.0588 24.9039 0.347366 15.9005 6.18713 0.00491665 8.68497
-33.8903 0.475304 1.41807 1.92607 5.14779 1.74421 10.3392 13.7996 4.0007 0.0496209 4.51943
-74.4819 12.8064 1.20894 2.64843 2.57612 5.68225 9.5062 16.7245 26.118 0.0038007 4.20554
-49.6911 13.1242 3.63559 2.40765 9.41252 5.45057 9.33606 3.40865 15.6528 0.0363179 6.26383
-50.1851 7.19676 3.60679 4.74729 1.31434 1.39501 8.924 6.02178 25.8363 0.0764383 5.55561
-53.6362 7.01634 3.05374 3.57113 2.64231 0.793678 4.47158 13.5575 1.67202 0.0107959 2.97797
-71.5025 3.6927 3.52892 3.61488 2.32474 5.06637 15.303 19.5572 6.43323 0.0605899 4.25317
-71.5996 4.30729 7.16395 8.9397 17.7599 3.40774 3.73574 1.58103 10.5437 0.171398 8.28385
-69.894 1.87969 8.2914 0.503091 0.695721 15.9081 4.65662 10.0492 12.7623 0.0313524 4.91472
-71.2832 4.14629 7.0735 1.83148 0.88269 4.8009 21.5999 29.9341 39.2553 0.0429647 8.23907
-55.9526 6.25853 5.54145 2.30595 2.47422 1.57233 30.048 41.7048 25.4104 0.0782855 9.83944
-42.7582 6.4346 1.87111 1.30498 4.4381 2.31574 1.97557 25.8149 12.0825 0.0623416 5.38586
-15.4578 1.07617 7.79092 16.4944 3.81322 5.35874 9.34335 25.9715 20.5391 0.0162565 9.95194
-49.4234 7.65026 2.85685 7.63948 5.65759 13.3273 40.2765 16.1654 10.9184 0.110598 11.5207
-70.7762 9.9337 0.721203 3.04523 11.4185 5.68963 22.8209 2.08379 4.66538 0.100614 6.88482
-71.5439 0.603015 4.79689 7.29846 15.5398 6.03693 25.6567 14.0164 4.50658 0.114489 8.56339
-33.5985 5.78065 0.967159 5.8764 6.65162 17.7024 9.24745 4.44074 24.8081 0.0907691 8.46082
-51.6723 4.35218 2.60524 4.10906 0.580248 16.0928 9.7734 5.01767 62.9303 0.0589237 9.43826
-61.9558 4.09411 17.1697 1.72226 6.70772 13.8973 6.92332 5.34435 12.5557 0.0224257 6.83972
-49.2159 2.67951 1.41587 2.9156 3.64045 9.06294 3.12104 22.1147 3.05864 0.0113742 3.19465
-40.187 3.10639 4.39004 5.63506 2.98934 8.54838 1.37483 4.08047 8.67569 0.0822544 4.59582
-18.8951 3.76247 5.61676 2.75221 3.5616 4.49003 11.4215 12.7788 10.5376 0.00853875 3.86962
-63.684 7.41464 5.32627 13.529 2.44796 6.80215 43.6027 15.9281 6.20858 0.00853875 8.8145
-70.6626 1.7348 7.51093 6.6296 8.30889 3.66061 3.29319 19.5126 19.3431 0.125784 6.37301
-19.2737 16.8216 5.23003 1.44984 10.8486 2.22812 4.25518 6.16205 17.5881 0.00138761 9.02646
-43.3912 9.22975 6.55769 4.54623 8.91798 6.37038 4.08973 10.301 5.68493 0.00581192 4.74455
-61.7201 3.74211 1.94242 4.15837 6.44021 4.44826 8.27466 29.8518 19.565 0.0178388 4.57317
-67.6551 4.70527 2.49462 4.58431 1.02059 8.09725 8.25514 46.6499 11.4412 0.0529246 6.62845
-51.7153 1.77334 6.91906 2.74085 3.92152 4.40723 3.03473 67.4067 19.0095 0.0459906 8.83497
-49.5469 1.03619 9.20394 5.41888 3.04088 6.34465 14.5639 9.77107 16.395 0.0643141 5.67567
-59.059 4.74374 16.6379 7.63852 1.1803 2.22091 16.6911 0.295978 21.8694 0.0535994 9.17811
-74.5387 4.90339 1.04859 3.70107 3.38874 10.7199 12.0981 12.1512 14.549 0.1017 5.18416
-71.853 0.55879 4.56103 0.870419 5.72976 16.1199 4.53036 9.60632 17.1304 0.158488 6.85076
-70.6869 1.52356 2.98865 2.16526 0.0581794 18.2534 3.76764 19.1969 5.52638 0.159686 7.91045
-64.799 12.7597 1.12743 10.4927 2.73355 2.06094 5.91163 27.8891 19.0091 0.143133 8.55861
-57.8528 6.05622 1.91222 6.03936 1.1631 17.1283 6.80439 10.9744 13.3252 0.0270698 4.77952
-66.1438 15.597 1.75151 6.8384 4.28251 1.94976 2.51681 82.6664 24.6244 0.0218105 12.1271
-58.6639 11.846 4.08832 5.56405 2.80536 11.3853 2.67967 7.78231 34.5932 0.00641922 5.95748
-29.2856 7.10938 2.25528 8.5588 6.67856 2.84506 3.19717 3.1297 10.309 0.00914641 4.37244
-52.3112 5.43123 7.25849 4.5229 7.60252 3.76137 4.4871 3.04588 24.2718 0.00894173 4.09154
-22.9655 1.68902 5.0275 5.34638 4.24154 3.46049 5.90171 5.73851 3.38065 0.00565741 2.66997
-66.9168 2.41025 1.12339 12.1238 3.43195 14.1571 12.7714 11.3005 3.80437 0.0099343 4.27714
-71.4949 2.69854 0.356162 5.10751 4.35389 2.37062 17.6834 7.08629 21.3344 0.0397472 4.96171
-63.1517 2.49461 6.96784 3.88213 2.51737 6.79941 6.12009 15.1838 5.68471 0.0299542 3.12832
-67.3702 1.2129 10.1087 1.29729 7.32226 6.24884 2.60844 12.6168 2.91739 0.0252521 3.71754
16.2234 1.42318 1.84377 5.44936 7.22539 1.98942 2.29975 30.194 4.82326 0.00416562 6.257
-67.1389 5.49925 8.34815 2.83252 3.25983 3.45656 0.67444 40.8191 1.54547 0.000437071 4.27656
-37.5462 2.36064 1.67751 4.85589 7.60316 6.90872 3.3916 37.4099 6.80506 0.00962053 4.86273
-66.6659 6.02493 0.715389 4.61544 5.90453 17.3963 6.16199 8.06128 3.57931 0.016083 3.93446
-65.6559 1.2721 4.29995 2.96088 6.72175 6.2494 6.22501 5.85588 13.1408 0.011278 2.34293
-50.6882 3.24324 7.41859 6.87962 6.21452 6.08519 0.294074 9.92891 4.98681 0.0185202 4.41139
-65.1014 5.49418 0.809685 15.161 1.65486 13.4587 1.26253 6.64181 9.39821 0.0603801 6.25746
-49.0804 2.91653 1.99353 18.9921 7.51984 11.233 3.74064 4.28139 12.359 0.0258627 7.16473
-50.0159 4.46919 1.57705 7.2501 8.10946 7.9378 19.9799 2.69062 3.74627 0.308295 9.04365
-56.7162 4.26901 1.0843 0.681828 2.14251 16.0149 30.9806 3.94817 15.3049 0.0412422 7.03569
-29.805 3.51754 1.36287 4.64346 8.19582 14.9089 9.24265 8.47371 11.4129 0.00828551 4.73455
-36.9294 2.67957 1.7287 5.27621 9.15864 14.9089 7.34941 3.36556 6.36625 0.00828551 4.17834
-61.9072 9.71426 1.46856 4.56897 3.97322 15.275 4.58245 28.1344 8.98769 0.00134309 4.40573
-63.8484 7.15522 3.73076 2.40973 4.85996 4.86084 18.8709 41.4575 9.40414 0.00125993 4.77208
-55.8018 9.94958 3.13925 0.332151 5.8579 5.27061 37.8685 61.8852 1.39698 0.0011648 10.2847
-64.4754 1.6198 7.31511 7.55083 8.51785 5.09963 23.6133 33.0587 16.1727 0.00202438 6.1563
-52.7786 10.9248 3.05298 7.80283 3.57486 4.39822 19.3048 18.7501 17.7891 0.00319366 5.6359
-35.0003 0.044728 1.52626 1.55762 10.2895 6.99375 5.43103 15.3549 8.92578 0.000889534 4.07956
-49.257 1.48018 1.85815 2.99721 4.47085 5.57284 1.04675 19.4615 3.80175 0.0100748 3.03507
-31.5847 3.32325 3.2857 0.506229 4.34111 5.12354 0.748434 18.6961 2.42045 0.0155055 4.16033
-70.7537 8.02097 14.0676 2.93359 4.54351 4.49072 8.54564 23.7675 4.83293 0.00842025 5.10906
-68.3896 2.75649 12.9804 6.94183 6.88028 7.07366 5.19861 14.3196 0.913506 0.00375317 4.32394
-66.1791 2.08723 10.0625 5.91582 0.697653 0.966382 7.11959 9.58636 13.3878 0.0011771 2.68405
-69.5991 0.789964 10.2811 16.7545 1.87662 2.40878 4.13762 9.92313 5.59871 0.0026126 4.24269
-73.3342 11.6412 3.97372 14.6105 0.302087 1.5444 15.1164 3.98912 24.1047 0.0186925 7.31731
-55.0766 3.05988 13.6825 8.78279 0.803001 2.04634 2.55157 6.40987 20.7443 0.0130841 5.5154
-73.405 4.91123 5.82684 4.94134 0.916405 22.5696 18.0192 10.0654 15.8806 0.003619 5.37852
-34.9107 2.46969 15.2169 10.4727 1.34314 6.5193 25.0678 14.7297 8.94529 0.0306381 10.0432
-68.6885 6.67667 9.65368 5.88078 1.35422 0.424404 32.7941 14.5071 13.4003 0.0611483 8.06599
-36.6354 6.968 4.56813 2.73873 1.72351 4.35205 17.6228 14.5926 3.28434 0.0599462 5.46288
-69.6895 6.77964 3.16488 2.73116 8.15735 6.96855 16.4747 3.84128 9.76973 0.0563162 4.41052
-71.1253 6.1686 1.47312 4.58098 8.93621 7.27242 20.0697 5.08942 11.5802 0.022922 4.23802
-52.6865 0.92815 7.23896 2.75136 10.522 6.88362 19.0216 9.39537 8.38351 0.0429142 5.51324
-45.5007 4.2543 6.28792 1.3922 8.92141 9.43926 18.1798 19.1008 9.94615 0.00191737 4.63818
-26.8798 3.54997 1.11899 3.49531 10.0271 17.5262 3.70831 2.9418 15.2692 0.0213296 6.07868
-55.2826 4.02425 1.14625 2.2264 7.98627 16.3412 18.3048 9.2203 6.62909 0.0133069 4.75468
-24.2409 1.44563 3.16115 0.637014 7.7096 14.4347 7.59394 12.8091 11.3357 0.0218479 5.31968
-53.3837 6.02357 1.08949 7.88515 3.15251 3.72409 37.2003 22.3843 19.0869 0.0107398 7.20336
-56.1504 3.26662 3.90949 8.11978 2.53163 13.5602 26.927 1.11193 21.5643 0.00233917 5.71834
-66.8195 7.74489 1.23057 1.89578 9.31251 38.4339 13.8367 5.96007 7.97129 0.0245886 10.0004
-73.1556 4.90655 1.35907 4.90017 7.70778 24.3377 6.57603 19.8011 12.5788 0.0727614 7.36683
-62.4663 6.60259 1.17201 4.91906 2.51404 4.63847 12.1453 23.3218 5.43122 0.230323 6.98056
-44.6302 3.11536 3.88947 19.5968 0.556288 5.49318 5.38718 17.7585 17.9901 0.0222266 7.33513
-24.5178 1.8929 1.49883 7.08238 0.906821 6.90045 12.3578 11.3535 13.9852 0.0504671 5.34064
-3.58769 1.62355 12.1742 1.90365 2.63148 3.70601 3.37079 10.6346 14.0312 0.0742943 7.43057
-54.906 2.75428 2.77869 18.5137 3.80169 2.82618 9.47439 19.3002 11.2041 0.0164776 5.67293
-40.8871 5.62574 6.90167 5.75205 11.2169 16.0634 2.0469 5.80685 17.7496 0.0125623 7.34944
-68.7916 16.5416 6.64121 4.71039 0.222574 4.63226 29.3946 4.00698 1.92617 0.0031834 7.30454
-46.2782 3.55402 4.6255 9.08909 2.88957 6.64682 0.152028 5.40816 10.6075 0.0166433 4.48648
-62.6872 5.02541 6.74272 10.9022 3.89875 8.38103 1.9157 14.8238 15.9465 0.13092 7.02333
-15.2831 2.66857 5.09606 3.5298 6.78097 19.2268 6.8172 2.7486 6.05036 0.000204193 4.77666
-48.5893 2.99027 5.99384 1.75708 7.28441 8.11634 15.0719 21.1121 10.6653 0.0518447 5.62633
-8.20805 4.21726 1.54663 0.536115 7.63394 7.31366 23.8208 4.84508 2.5439 0.0898015 7.87765
-13.3532 3.42101 0.372678 5.05092 7.90742 9.61288 13.8119 1.78862 29.1613 0.0184632 7.32442
-51.4743 2.82145 0.60417 0.16881 8.70121 10.124 21.4902 4.84884 2.02613 0.0308369 5.96319
-70.4642 6.14817 3.88153 15.466 4.22736 7.73159 3.46808 8.27362 5.70482 0.335879 8.55703
-62.5976 1.48703 5.54854 1.90057 15.994 8.17715 4.57132 1.19207 1.56443 0.112272 6.35743
-70.7575 6.41571 4.26548 0.619466 3.44588 13.8057 7.66691 3.94302 5.19452 0.0137618 3.10526
-72.2275 10.3528 1.56995 23.5248 2.17534 9.60542 2.48548 4.15691 4.54344 0.0111169 7.46295
-74.2547 13.2509 12.5727 0.909369 1.95465 2.19753 19.4517 13.6399 12.6929 0.0298631 7.08544
-73.5762 3.95881 8.05368 2.55415 1.42861 2.25019 13.5226 24.6855 2.99455 0.0233226 4.14829
-44.9212 3.30819 4.23798 0.169247 2.55914 8.64104 13.3492 3.07828 39.2089 0.0846796 7.7503
-34.9833 3.62753 6.66685 4.64152 2.9125 2.25905 59.5905 1.95869 51.825 0.0471565 13.6416
-51.7861 6.05875 1.41546 3.19068 3.44526 1.63131 23.3886 7.21035 11.0535 0.0206988 4.10709
-51.6999 3.00355 10.9067 5.63522 0.625351 1.94868 7.85819 21.8239 3.5822 0.00126481 3.62803
-55.4167 0.886476 18.7452 1.75409 14.6691 8.61269 6.8463 6.76831 2.58687 0.0417122 8.72524
-57.3914 1.15647 3.35978 2.59005 9.61947 1.62065 7.8704 1.22029 0.987233 0.0550229 4.41035
-50.5539 5.85621 1.19159 5.54564 8.21142 15.1228 9.44219 15.432 5.39455 0.0140673 4.98351
-65.2888 4.67026 2.37109 3.21346 5.89139 4.35589 13.0208 4.71449 6.40562 0.0260429 2.69222
-60.9167 7.40784 2.37109 1.50245 7.71513 2.73537 25.7895 13.0171 23.547 0.0486425 6.47879
-56.7853 1.20585 7.81022 3.21146 14.2238 12.8131 18.8302 9.601 18.3572 0.0466654 7.94254
-61.6882 2.40064 4.31656 0.761666 17.805 8.92171 6.36845 16.6493 30.9154 0.119704 8.7518
-68.2398 4.95847 3.74413 0.691199 8.58083 10.6914 5.13232 9.35161 14.4927 0.0769697 4.91429
-53.1795 1.91213 4.56913 4.66739 19.5162 18.2566 12.5835 9.93124 5.04606 0.0113525 7.69876
-41.5828 6.02653 4.44458 1.62889 8.90446 20.3295 12.956 6.32718 15.8747 0.0358072 7.50951
-61.765 10.8709 1.14801 5.42503 7.11495 7.38039 10.732 1.0942 12.4408 0.0666102 5.82752
-71.3927 1.1155 1.22117 4.59258 1.16395 9.4803 6.53415 25.9965 11.6076 0.126364 6.39656
-64.7623 2.33144 1.06803 7.63276 11.2127 11.679 1.09598 21.0795 8.16384 0.247734 8.6952
-56.0032 8.18889 4.55697 9.11407 8.27984 1.46747 1.93907 17.7739 7.97631 0.0419641 5.78112
-19.1749 0.0778899 6.89137 9.10658 8.15213 6.31861 3.94578 25.4973 17.3945 0.0423173 9.14888
-48.8061 3.56397 5.46856 4.31864 6.15788 3.56756 2.77316 57.2042 23.9475 0.0802108 9.12343
-67.643 3.64249 1.66995 3.93597 5.95419 2.42902 11.939 18.1027 10.3534 0.0592969 4.21964
-69.5595 3.45199 10.7037 0.899569 5.38075 3.31511 23.7768 34.5567 21.0696 0.0597961 8.26138
-65.2163 6.76702 1.89848 1.34517 3.48345 4.80108 16.7902 22.0791 17.8475 0.0116086 4.30257
5.4201 1.82525 2.08776 1.26329 0.879075 27.1806 6.61037 6.52572 2.09673 0.0276213 8.09339
-63.3295 3.08629 8.5474 1.2709 6.67469 2.24214 28.5328 6.6438 25.9824 0.135995 8.16696
-30.7711 1.58447 6.7135 1.38941 0.205478 12.3513 10.2257 4.45217 39.4742 0.0222267 7.3544
-18.7515 2.76266 9.6113 2.99187 0.521881 6.05242 5.71559 5.69228 60.94 0.00783138 8.5443
-71.6352 4.00419 4.84077 3.01269 3.60965 6.90611 0.967519 9.35532 36.2716 0.231921 7.7365
-61.2658 7.47314 0.587644 0.4046 13.1879 1.73595 7.95941 2.04416 32.0853 0.0495514 7.00265
-26.998 7.67093 2.02572 1.15154 14.1126 6.35784 2.15489 1.69863 18.3269 0.0130872 6.18594
-34.2802 1.98128 7.68805 1.72624 9.64732 7.44436 19.8928 9.32286 29.9349 0.0100991 6.69608
-37.509 5.21991 12.1976 4.72816 2.33972 5.37557 6.22194 1.37287 12.8502 0.00589874 4.88059
-27.6531 4.71922 3.10748 3.79768 8.02113 3.09423 5.03977 1.45126 10.4131 0.0185746 3.86799
-66.8121 4.69135 2.4168 2.57008 11.3101 2.4059 0.885569 3.04775 0.515765 0.0488188 4.47729
-73.9452 3.24548 2.94179 2.87208 18.5144 9.18976 1.83238 3.01748 3.64613 0.0804652 5.57846
-55.746 2.17233 1.64723 8.83999 9.45115 5.03673 1.39644 3.38804 16.296 0.0379903 4.50678
-19.6538 1.45553 0.412659 0.844573 19.8663 3.73308 18.948 3.2984 14.6579 0.0703638 8.8706
-51.1837 5.39549 0.44391 8.06503 1.30162 7.52642 35.4254 5.51848 26.2457 0.00564086 6.90899
-36.7337 4.61517 1.04152 16.8362 4.17722 7.54566 4.66423 26.3458 9.22429 0.0258335 7.40369
-36.5222 6.77792 1.4222 4.89232 3.38263 7.19216 7.66574 14.9202 17.1128 0.00838207 3.96228
-65.0199 5.62071 2.73737 6.90864 1.46912 2.62529 28.0343 12.6281 25.7001 0.0290493 6.06119
-73.8852 4.62104 16.3906 10.4189 6.20215 0.565312 5.23394 12.2448 26.8081 0.0810843 9.17088
-70.8093 8.82078 13.5797 1.10553 0.171211 0.72723 5.42332 13.0815 47.0052 0.00331288 7.90031
-68.6749 2.44104 11.0797 0.592198 4.18154 23.0384 0.944102 8.27874 6.39033 0.0172219 5.77841
-57.4114 3.28103 0.239983 0.835766 2.95563 11.1907 3.43807 46.6522 68.8166 0.0329239 12.1294
-46.8737 3.20186 5.0546 0.874209 6.67987 11.1251 7.36884 53.712 58.7232 0.0169048 11.2007
-59.9967 2.91161 1.98049 0.224285 7.097 6.9156 1.11665 13.7888 54.9647 0.0989512 9.21137
-64.5349 4.35504 7.13125 2.43931 3.46319 8.039 10.8806 10.1371 9.04258 0.0912824 4.52159
-25.0479 2.15626 1.17405 9.91293 2.71319 14.6593 5.15721 3.77384 27.337 0.0141032 6.16587
-26.814 1.85997 3.17741 3.86301 13.1179 3.07726 0.808096 5.22828 10.7972 0.134076 6.69425
-67.3833 3.53839 8.09029 1.74941 11.1155 2.33041 12.3852 13.4922 6.15903 0.24894 7.33677
-69.6978 16.5775 0.75718 2.38249 12.0126 5.23204 10.8618 16.9977 4.23113 0.395261 10.7689
-68.5072 17.6308 4.6167 1.59423 9.48177 0.302159 7.22715 18.6762 10.1011 0.0936066 8.35066
-50.436 5.53622 3.95911 0.425908 9.86255 2.53038 7.74941 19.8538 4.17414 0.207875 7.24406
-64.1498 3.55601 2.00403 1.84116 3.47053 3.66032 2.48273 12.5602 2.44314 0.581465 9.30128
-61.498 1.62524 2.88727 9.18791 9.40643 5.76081 6.24381 21.0973 10.8756 0.281934 8.33223
-66.3223 0.398461 10.1953 2.98973 9.07171 2.73963 8.02661 20.2577 2.8339 0.1414 6.78809
-71.7397 0.682468 13.6963 11.083 5.08843 1.79684 15.2885 2.17625 10.0062 0.0603571 6.85053
-64.3673 4.65527 3.23125 2.36124 4.45363 10.2996 6.21193 11.2394 1.40742 0.108372 4.61545
-57.1639 12.2384 0.717373 3.87373 2.18375 14.4804 13.1175 11.6249 27.1624 0.193158 9.5353
-66.4567 1.1365 2.67342 0.53539 15.4039 1.44841 14.615 11.1132 32.8213 0.00325491 5.54212
-64.2614 2.33553 0.257767 0.989592 14.6364 8.9755 20.1919 14.3644 10.7801 0.0419391 6.74594
-68.7663 4.0861 6.39749 5.12208 1.47492 4.76795 14.3989 2.70817 11.192 0.0811201 4.42638
-39.5169 6.1597 3.18281 3.94997 8.30272 5.90866 2.98653 7.91269 20.8679 0.348834 8.82044
-12.7034 3.32436 2.98466 3.74031 22.9732 1.63761 4.4445 8.81071 13.9623 0.332016 12.7602
-26.9919 0.393889 0.452094 1.55143 7.36302 6.60218 5.17188 26.7658 0.973513 0.141181 7.9539
-55.036 4.52215 3.20862 5.63611 9.8434 6.85019 5.41189 8.09917 11.6613 0.0890409 4.95705
-39.5311 5.70573 1.2852 1.08793 2.2988 9.77117 2.65508 10.6941 8.1108 0.103734 5.09282
-52.4776 0.301894 9.77529 1.392 5.45818 6.04999 22.555 21.7086 15.6052 0.0579332 7.48598
-59.0906 2.52343 13.9498 0.980189 4.71692 8.15185 12.1057 1.26226 30.3871 0.169715 8.98348
-73.1194 10.8111 6.48129 8.58306 1.84429 7.81286 4.47665 18.804 14.7356 0.35892 9.5317
-74.0584 2.04856 8.36996 6.022 7.97492 2.99728 0.813307 7.9322 18.5477 0.0783972 5.2186
-72.1087 1.50732 10.6975 3.57544 5.12212 8.02357 8.30453 6.66558 20.3529 0.00176762 2.8555
-74.0671 0.506625 16.2969 0.681274 7.30401 17.2781 9.48573 11.9463 37.5848 0.000573534 7.59225
-53.8024 0.242402 11.7222 9.58326 1.49102 10.6727 6.40634 36.5635 28.1735 0.00781439 8.69649
-70.3907 2.43409 7.43548 4.67106 4.04957 11.8176 11.042 37.9439 9.14638 0.00463547 4.83766
-62.3681 2.62699 4.68446 2.55124 2.65453 6.3888 24.4851 10.4427 2.42237 0.0615523 4.8333
-68.6151 0.439659 11.8982 3.02902 17.7421 14.0071 4.30119 4.07298 0.555397 0.0368997 8.22394
-68.2448 0.0261134 7.10317 1.38093 20.0668 15.2916 2.5108 20.5664 47.5431 0.0191837 11.8562
-57.8263 0.421212 1.43333 9.85627 22.2377 5.52621 16.9569 2.53454 7.5005 0.0445781 8.43157
-53.9397 18.6896 4.58266 7.72659 1.31367 3.00831 3.22351 13.4191 52.7837 0.030315 11.1151
-50.0694 7.04184 7.1365 4.08096 1.30244 2.41458 10.7861 29.1252 26.3515 0.048979 7.13211
-22.5128 4.51479 2.51434 1.94467 18.7 2.02875 11.0577 7.53722 1.55711 0.236626 9.76956
-13.6605 1.99073 6.08874 7.53683 10.485 2.40852 12.6449 2.81598 12.6566 0.140561 8.87049
14.0592 4.46441 2.47694 1.6629 10.1974 2.73178 8.67928 4.21534 11.9683 0.00425649 5.6791
-63.6464 5.82796 0.70822 4.05859 0.438091 16.9275 6.71014 26.2017 11.442 0.0562715 6.57781
-42.8024 5.41702 3.10992 1.90517 1.56438 12.1374 29.1463 3.2007 6.01729 0.0355917 5.93316
-72.4857 2.48143 11.9208 0.761097 6.79367 1.49871 28.2102 15.106 2.12339 0.0604617 6.85844
-74.7392 1.03706 14.6729 4.04395 8.69217 12.473 12.831 13.02 16.9068 0.0427359 7.22651
-56.1655 3.49726 0.894944 2.85203 4.88598 8.23791 11.4012 1.30639 28.1985 0.015272 4.42904
-57.0024 3.48929 1.19454 8.64299 5.8821 12.1385 10.4997 5.13676 5.1595 0.00322885 2.96722
-67.0759 2.49716 1.40336 10.1897 2.23007 6.43903 2.15097 38.8773 13.0087 0.0536181 6.32326
-58.1008 2.60586 1.58755 6.01948 4.41612 2.29244 2.15097 38.7413 43.9904 0.0256776 7.73401
-47.9988 5.10357 4.29739 5.25699 1.40311 15.492 9.44801 62.6388 7.90216 0.00364409 7.8517
-29.752 2.1381 7.88517 0.335532 2.13082 15.6651 17.9016 56.9326 1.75363 0.00364409 9.36549
-34.1623 7.51349 3.71646 2.61101 3.6989 6.72003 5.85557 6.02006 10.8646 0.0139003 3.46951
-38.2996 10.1832 3.56978 13.7475 4.62966 5.85122 2.56167 7.22975 13.9835 0.00109243 5.99044
-70.69 7.23211 4.16486 0.871609 7.0955 10.4588 5.60123 2.56341 22.7095 0.00109243 2.97332
-64.7401 9.01923 6.01993 3.88105 0.707521 8.5075 6.9148 3.74429 25.4273 0.00137642 3.58673
-5.62859 8.02003 6.43385 5.4825 2.32823 14.4986 5.82165 10.0893 16.3432 0.523865 15.6523
-52.8049 5.87074 5.38265 1.07057 1.0238 13.422 2.99894 5.33979 2.20391 0.367119 8.1215
-56.2909 0.242609 6.49381 7.01003 2.11703 3.88497 7.92619 4.69354 8.5897 0.053381 4.31975
-64.7349 2.80697 10.6024 6.71994 2.48725 12.4104 1.23747 2.14666 6.59011 0.00660702 3.76029
-58.8314 6.67354 6.50344 0.986547 5.73168 2.50098 22.2869 14.1395 1.63344 0.0123093 4.54876
-66.9734 12.5395 0.817733 5.40411 8.16016 2.10421 14.1897 14.2033 2.16704 0.0273617 5.33059
-65.1618 0.879699 0.747407 5.66309 3.44443 12.4593 4.91512 12.3021 5.0538 0.019944 3.54429
-26.7201 8.00475 2.42606 3.58896 3.82241 6.75804 16.0362 2.89668 2.83398 0.0732717 5.99874
-52.3688 8.24586 0.482239 3.54478 2.12747 5.49317 5.24394 2.35662 4.86559 0.119419 4.96601
-64.3191 8.26819 6.67984 20.891 1.71388 3.19753 13.113 20.6604 7.18527 0.0128766 8.29546
-63.3947 4.74177 5.47128 6.15151 0.934432 18.9367 36.4248 13.7543 21.9284 0.00713231 8.33436
-45.7511 8.80929 5.33407 8.83207 2.20294 9.49592 10.5022 1.50117 36.5819 0.0335126 8.15247
-73.3367 7.77752 9.57051 5.00915 4.66507 14.0311 4.78091 16.6022 9.96812 0.0235171 5.36241
-70.4674 8.28037 4.92965 2.5961 12.5029 11.7582 2.71686 5.16733 9.84453 0.0586016 5.49511
-57.2506 6.68511 6.6939 4.68847 1.89086 18.2743 2.09908 18.7056 9.29104 0.0437646 6.20101
-57.9671 4.83786 6.70389 3.43873 8.12721 14.7885 5.62615 3.63491 7.69258 0.0331844 4.75858
-51.8475 2.45481 7.55224 0.585596 13.918 10.9656 6.15517 11.5024 6.12992 0.00695508 4.68371
-66.3516 2.40788 6.37122 3.586 14.2047 9.45116 0.964293 15.2782 2.78425 0.0199891 4.82321
-49.5714 2.37729 6.90716 14.4754 1.15503 0.104752 19.1516 2.53921 6.39211 0.0941995 8.39185
-51.6316 1.65419 2.42229 3.96694 2.84313 1.24891 12.9265 7.37019 3.65116 0.25874 6.26793
-74.2123 0.199538 3.77218 4.20534 4.12668 3.27979 19.0164 11.8787 4.93393 0.00967853 3.62543
-47.7708 2.20609 1.75015 13.6113 7.96649 1.1062 7.19427 21.3742 20.1115 0.100883 7.77589
-73.7634 2.24844 4.1857 11.8584 2.05632 3.5794 5.86812 18.4113 7.72533 0.160555 5.83362
-45.0479 2.3408 2.19648 12.1084 12.151 8.22121 1.3101 5.75624 12.0844 0.0335129 6.18722
-69.0577 1.67174 5.68346 4.85832 4.31835 15.905 16.18 0.851123 5.07868 0.0890129 6.06104
-69.9531 4.06543 5.94857 18.0611 0.42913 2.86155 11.8544 6.18896 16.7726 0.0691906 7.02929
-67.2522 2.32188 0.816919 1.77718 19.0246 2.03124 30.0271 3.44382 10.0336 0.036811 6.90934
-65.3775 1.70188 4.61159 7.37017 3.47813 12.5975 22.1936 35.412 35.4557 0.043265 9.29593
-23.4758 3.60905 2.13622 4.18661 11.6393 6.70494 6.99036 12.0836 32.5668 0.108092 8.34158
-50.6253 3.18395 3.25394 4.59204 7.88366 3.6941 55.2264 13.5243 25.8237 0.0100889 9.10456
-71.8271 0.158563 9.31401 5.36846 0.808544 5.77607 51.0016 25.0831 29.3817 0.0378522 11.6927
-51.3677 1.16279 3.39351 7.66365 2.80428 16.503 5.71706 15.6373 28.7329 0.0502232 6.72268
-61.9308 1.1847 0.384151 6.15741 1.40369 9.81363 13.2591 19.8357 10.1208 0.012763 4.50812
-46.5191 3.56982 15.3772 8.02063 13.1004 1.71277 2.43885 20.8365 24.2583 0.0522174 10.8534
-50.8223 8.11854 7.28237 2.23981 10.432 3.35512 4.42638 21.8377 4.04728 0.0157222 5.14296
-50.1689 1.34815 7.70692 4.45717 3.61704 2.76257 14.2105 12.2086 38.6941 0.0481275 6.61036
-24.5793 5.35359 4.04332 4.93533 8.57977 2.23855 4.06402 8.65971 2.27444 0.106365 6.0597
-37.5158 1.3359 0.663138 7.48058 7.52841 1.63746 9.11958 2.12297 16.7701 0.0130556 4.14813
35.5193 0.173695 10.6486 4.68173 1.9008 0.676885 7.97474 6.39868 15.6698 0.00286162 9.0097
-66.1375 3.71839 6.17162 12.2011 14.3729 4.4521 26.4678 32.7727 14.3704 0.0222447 9.96901
-47.6647 0.878479 7.36474 12.0689 10.608 16.7526 7.31701 43.6515 6.07578 0.0434283 11.3617
-15.1584 1.57192 3.66771 4.06585 10.6647 13.9814 11.9786 0.225146 49.4572 0.000644329 9.18489
-73.1426 2.04282 3.78278 3.54089 9.1781 9.38112 17.158 16.3083 29.3108 0.000359414 4.04653
-62.688 2.47432 5.67702 3.15106 14.4935 9.16105 7.92025 4.04734 24.5474 0.0659743 6.32187
-63.8911 1.3641 3.22568 3.9982 12.5579 6.69743 12.3691 9.95575 24.2602 0.116134 6.69706
-32.5542 0.656637 0.767054 1.03683 3.72583 5.59369 7.52643 3.63645 16.7892 0.339571 8.27475
-32.3026 2.86849 1.89206 9.9208 3.34346 10.1868 3.36674 4.28122 9.67296 0.11098 5.94448
-66.7757 0.97961 0.0570535 4.67327 12.0858 11.4551 2.36303 6.4561 25.3275 0.0981507 7.91748
-71.767 14.1088 6.24619 0.499923 11.4112 10.0758 2.7426 20.411 13.0889 0.280278 10.5177
-53.575 5.19662 4.23335 5.11472 12.847 3.72605 10.03 20.4299 2.69117 0.125011 6.95014
-45.0251 4.83881 3.98985 7.0559 8.03576 7.75681 15.4019 2.62625 24.8145 0.00681094 5.2839
-35.332 2.5946 3.56455 5.88542 2.25967 3.87475 5.06594 35.5419 6.65532 0.0495002 5.53986
-26.9074 0.138622 2.05264 0.432454 0.782729 3.15682 8.94373 55.0451 5.16467 0.0716618 9.61468
-27.0242 3.4921 2.42012 1.08125 10.26 1.40327 10.1391 50.5012 6.43331 0.0237108 7.47835
-65.0259 5.53844 1.17206 17.7944 5.52733 1.76373 39.329 43.7337 10.6662 0.0367732 11.7904
-55.4457 14.1202 0.642609 8.38394 2.8007 5.65733 10.2689 28.4078 10.432 0.239365 10.0328
-32.2308 4.31204 2.9448 9.15467 13.6159 2.68038 3.8415 25.2438 8.8352 0.00445584 5.9446
-62.5298 4.95737 6.93926 4.73521 0.708116 5.35827 10.8326 11.2585 16.6442 0.0102979 3.47692
-64.4837 6.11559 1.59487 3.48755 7.13145 1.99216 0.558685 22.9916 17.492 0.00804974 4.16059
-44.8081 6.1119 4.83365 7.91594 1.08115 17.3417 6.61389 26.5193 7.60947 0.167126 9.36775
-16.0123 4.85904 2.86603 4.08432 7.67312 11.8689 10.8559 9.06506 4.08424 0.128618 7.72935
-24.7034 1.8566 1.28539 0.58058 1.23962 14.2189 3.92702 14.5801 12.836 0.00957655 4.44639
-59.343 5.73901 2.29312 2.19132 6.28854 20.4937 7.74067 3.70352 10.3393 0.039244 5.13488
-30.4929 2.2056 2.83387 3.04437 0.912226 24.5572 16.995 6.63337 6.19552 0.012362 6.11335
-74.2954 3.11303 8.46711 0.138505 3.59898 4.05118 6.80944 1.07238 25.3445 0.0426267 5.49526
-66.3883 0.431619 9.73832 3.28501 5.67293 2.08657 6.4674 12.3066 25.1181 0.054344 5.51825
-48.6695 0.529688 2.10706 8.15162 1.40763 0.2364 2.11525 31.118 6.87895 0.0258782 6.03594
-47.4935 4.19 1.53152 0.130282 4.86423 0.623802 28.6481 10.41 19.1902 0.192721 9.44105
-57.7913 2.35982 8.16869 1.26852 1.12183 0.625589 15.5988 10.8671 21.3024 0.00205346 3.85585
-60.4977 1.05562 2.44401 3.75934 6.95295 1.16886 13.5136 6.73729 16.5603 0.00205346 2.56274
-62.6762 3.52624 6.13557 2.53914 1.22044 5.02746 4.84607 3.77779 19.9878 0.00277832 2.15428
-35.5136 5.02488 12.7114 12.6943 2.98418 14.7515 7.42074 8.13476 2.50396 0.00524348 9.0212
-27.9615 1.87802 14.2144 6.39687 3.18243 6.7846 9.32786 20.8172 19.0903 0.0142747 7.69134
-63.6414 1.18279 8.82135 2.95026 3.71247 4.04088 3.65104 11.4794 20.3869 0.0145875 3.40188
-67.147 15.6405 6.6279 1.77913 0.229103 6.6309 14.4643 17.4661 3.71469 0.00515088 5.93434
-48.1262 2.27507 2.56923 0.798648 0.267714 4.50593 8.84559 5.02585 5.63149 0.0255576 3.65184
-71.3915 7.26955 3.59122 5.02519 6.25044 1.28015 22.9284 5.11177 5.81699 0.049909 4.67254
-55.6078 4.04925 1.11683 3.4864 0.867497 9.34017 6.24317 11.9835 3.06899 0.0819903 4.45535
-29.8962 1.90025 0.811596 9.32433 3.50762 5.22436 6.9906 20.6356 15.5125 0.0510304 5.76016
-46.7501 4.00041 4.66308 8.00378 2.65913 5.22851 8.07242 4.67351 5.26333 0.158565 5.41633
-54.2315 2.35772 2.41128 10.2697 1.65348 3.28917 4.29397 28.1279 11.2167 0.0624811 5.44639
-63.5837 1.2256 2.58475 8.79968 2.8876 10.5664 4.29397 21.6361 27.5539 0.0321106 5.65889
-56.3602 8.09716 21.7601 1.08196 7.25709 5.20543 2.37964 48.777 12.5792 0.000170615 10.4652
-20.0861 6.12274 3.32524 0.286246 18.4593 6.06392 9.25848 3.2486 3.74631 0.0898569 8.93128
-69.1353 12.8679 1.43524 2.79849 5.96113 2.59542 7.81105 17.7831 11.1442 0.00802018 3.69828
-61.3368 7.25417 4.74801 3.99894 13.1528 0.736859 3.77868 27.1849 5.94525 0.157767 7.77668
-27.2194 5.7131 1.70459 2.12461 4.35225 7.48552 5.79853 24.6551 7.42144 0.030102 4.85951
0.301085 6.07203 2.77175 3.15619 4.56065 14.3328 13.3668 39.8043 9.22652 0.0317275 9.88994
-65.3991 7.67345 9.04189 3.84212 2.47658 9.90675 10.1137 18.5948 9.01548 0.0168227 4.67005
-47.4803 1.96468 1.61328 7.87269 29.6139 13.5275 8.62112 23.3682 19.0553 0.0105333 11.8258
-66.1044 2.99483 3.18365 13.5155 11.1075 8.38236 8.4114 41.0141 7.03884 0.00930673 7.10059
-61.9474 2.89298 7.68521 0.44118 7.09166 3.3957 6.40006 28.7032 11.8957 0.00621491 4.14701
-63.5539 5.12635 3.23977 8.41477 1.728 14.4912 8.20213 6.08998 18.516 0.00119794 3.21958
-67.043 1.66599 5.88308 8.73252 5.38346 11.1406 5.60809 20.2272 18.8579 0.00298923 4.0036
-55.6983 6.81733 2.59626 7.06059 4.08362 10.5899 15.581 9.33658 4.32369 0.00729731 3.73864
-66.8562 13.5992 5.57353 2.05383 13.2962 1.37697 9.72001 16.3505 13.3184 6.0985e-05 4.77851
-59.4726 14.4446 3.40634 2.85124 2.803 0.768181 8.95886 13.9036 5.8546 0.00337107 3.85977
-30.635 6.13309 2.83923 3.05899 4.44487 5.10919 14.623 24.3425 6.9522 0.00183631 3.8555
-68.5969 4.80996 4.91184 0.698955 6.8701 10.3527 31.1736 31.9668 3.59188 0.00168001 5.98371
-7.4934 7.98829 4.06214 1.41771 14.0689 10.3744 3.34356 3.4227 0.43524 0.00168001 7.7617
-30.3088 10.8358 1.38835 1.67405 11.7853 8.5328 9.71754 7.62136 24.8014 0.00168001 6.47379
-35.964 8.42733 0.953017 5.90186 2.1515 7.73476 13.1879 6.32719 38.8779 0.0417451 7.45878
-20.7291 3.78281 0.455516 3.69477 1.02154 0.485828 14.4602 18.562 16.6552 0.011353 5.55948
-2.19119 2.45673 2.06202 0.915447 16.2894 0.148461 14.9744 21.7086 4.5911 0.000222773 6.8256
-24.8868 4.74179 5.5018 0.893772 8.04629 10.8584 21.4535 7.66141 47.3844 0.00595353 8.81951
-41.5289 0.332293 5.89644 0.995625 8.0344 1.26359 30.5256 24.8319 4.36855 0.0059982 6.41791
-73.7217 9.67499 4.35515 0.851549 8.73152 5.19458 10.5934 5.41454 12.8422 0.0976929 5.27611
-71.6516 4.88667 2.78983 23.9197 8.85479 5.73851 6.85346 34.7538 7.65043 0.0707275 10.5646
-72.6222 0.921009 5.17184 16.174 14.8677 6.66968 20.5414 23.7966 3.15449 0.00438777 8.05477
-46.672 5.62825 3.44225 12.0964 1.60839 12.4938 6.16594 18.9447 2.99498 0.00618555 5.12785
-34.7018 0.455905 0.79017 12.6531 7.44755 9.31057 2.00644 22.697 9.04581 0.00259432 5.56235
-68.8842 8.61647 5.68205 12.7513 0.421086 15.3646 16.8862 3.97419 6.01671 0.0131136 6.96822
-56.8788 1.62427 1.62883 5.56467 20.9582 1.33213 7.02848 12.0857 15.6009 0.0261218 5.90189
-56.7194 3.10266 14.096 6.08199 7.59934 1.75697 2.63466 1.19564 17.7519 0.118746 7.64329
-15.4552 2.87737 1.39238 1.59383 7.47784 3.49892 20.4349 19.1829 2.2045 0.0552568 6.43631
-9.64849 0.72714 1.92796 8.7038 6.30641 1.95703 7.82384 12.5685 8.30144 0.0536324 5.9162
-19.8467 2.85958 1.59411 6.4368 3.73141 6.13384 15.9713 4.90022 56.2037 0.0174641 8.06253
-71.8945 3.21638 9.77904 10.1227 6.03458 2.2857 1.54752 13.4893 28.001 0.0590882 6.56091
-72.1905 4.1966 2.63305 5.75341 10.7534 3.4513 10.26 16.4151 21.1806 0.0228643 4.41962
-70.9975 1.85413 2.73733 5.88356 6.41138 4.399 29.1496 19.6242 9.10497 0.00516401 4.30607
-69.1088 16.277 3.94111 1.75466 5.10924 3.09202 8.93226 30.8699 11.586 0.0091829 5.84675
-72.453 4.17757 0.637975 8.27875 6.95277 2.98529 12.7212 14.2292 12.6768 0.21581 6.94161
-73.1765 9.79134 3.75815 17.2632 2.1744 0.902037 24.9866 16.0856 19.8237 0.11232 10.1834
-60.5403 6.14117 1.79311 1.84249 10.2542 10.7483 11.1806 14.6004 25.0394 0.196996 8.3387
-72.1362 6.19143 9.87542 2.31163 5.81776 5.31088 13.2232 15.4023 5.06394 0.103585 5.62026
-62.664 7.85238 1.49078 1.9221 4.56321 4.83213 6.34598 12.8516 11.4741 0.0817885 4.30159
-35.9772 2.0433 1.65666 1.76212 4.20423 6.69475 0.723333 31.917 16.6825 0.0319039 5.7825
-60.1416 1.23831 4.39179 7.2486 3.84158 21.2749 6.36611 9.3883 17.5729 0.00477217 4.59889
-25.6793 2.04702 2.62175 4.27887 1.1504 25.1303 10.1404 2.61376 8.65326 0.0697083 7.46946
-44.8918 4.76525 2.37969 4.53637 2.55575 16.0751 21.1061 7.84411 16.0143 0.0863794 7.13207
-31.5019 3.09275 8.96587 2.93993 2.57927 13.5866 20.0861 14.4723 32.9761 0.0179859 8.18396
-30.9277 3.04953 6.83615 0.455402 7.42499 6.00029 10.0221 12.461 9.98569 0.0506322 5.50181
-53.3321 1.33804 7.88018 5.83095 10.6667 4.81375 9.93028 10.6246 7.83938 0.169249 6.96019
-74.7197 2.50532 0.775257 9.24309 2.6975 24.3738 9.55721 6.58175 34.8973 0.000183076 5.6188
-63.7036 3.81818 2.02418 11.2857 1.93891 1.42248 3.69571 18.7196 3.45852 0.000559835 2.24347
-49.4117 10.8654 3.40822 13.9652 4.75644 7.14369 9.32542 6.7516 13.7742 0.00328301 6.29801
-72.6607 9.69084 1.24709 3.09866 8.86231 8.59052 3.0806 5.77175 3.89723 0.00252095 2.33117
-42.4741 4.79024 8.31713 8.04215 1.85096 1.19953 43.7618 48.714 2.8546 0.000651511 9.9928
-18.5356 12.8981 4.12791 3.75652 3.68565 1.28009 19.8289 9.67785 17.0526 0.00699479 7.66878
-30.2039 2.82485 3.66603 8.11856 6.58899 4.06476 1.59542 7.29734 22.3475 0.00275575 3.89571
-26.4356 5.89403 1.99494 11.9996 2.43463 0.510621 3.43544 21.6257 4.98605 0.00172038 4.94976
-42.0603 11.321 6.74753 0.935328 13.8428 16.0037 2.31419 18.2308 4.66943 0.0526336 10.294
-52.7296 10.8398 0.338935 0.653802 19.8452 12.5795 1.38414 14.3222 4.57761 0.0377433 8.9992
-28.3974 5.38694 7.53472 1.81268 19.325 9.74154 2.74422 12.1226 8.98956 0.0925708 10.0459
-30.6975 11.584 8.16117 13.1357 1.40584 8.19509 12.8733 16.2242 11.0807 0.0552991 11.6904
-37.7162 9.66596 1.40251 13.4596 2.09252 5.02821 12.1585 12.4732 14.7 0.0203764 6.95423
-27.7879 2.01015 3.93946 8.08191 1.35203 2.93721 18.7448 8.53104 29.5245 0.0203764 6.04542
-69.0207 4.1294 2.64189 3.72529 11.5517 5.9297 9.69885 21.6477 8.00136 0.0354542 4.39645
-71.2046 2.09916 9.3221 3.45498 4.25927 4.47429 13.4955 20.2857 4.96341 0.033692 4.13051
-68.8555 3.45791 17.5249 3.21339 1.2929 5.49225 11.7127 4.61685 14.0838 0.0673923 6.21627
-69.1086 11.8652 4.26324 4.07598 4.01763 2.81402 1.97621 0.75886 21.1796 0.0404066 5.133
-16.9416 9.45866 4.82813 0.845288 1.52155 4.85561 2.95596 31.6303 16.1451 0.0957739 8.73579
-40.6019 7.89038 1.8248 1.43857 0.955987 9.44874 4.84719 44.3828 13.4177 0.0113695 6.43626
-71.6617 5.71357 4.88612 0.692788 1.02322 7.47866 22.7737 37.0176 16.7363 0.0650684 7.89772
-64.5923 6.84267 15.8766 0.784574 1.22559 16.9918 6.75228 29.5976 18.0923 0.0087616 8.37068
-62.0884 6.43071 11.699 3.86941 1.377 13.1308 0.299204 19.1206 45.2556 0.000601447 7.78173
-30.4682 2.27778 0.928069 5.71546 2.45295 16.6411 18.0303 28.1538 3.47243 0.061752 7.90583
-41.7383 1.92782 8.28224 7.68953 2.46652 0.756741 4.9636 18.5473 3.99695 0.0424885 5.12651
-51.7454 2.47534 2.08582 14.4769 5.10087 2.52468 10.502 39.8084 7.69285 0.0453011 7.29165
-74.3506 1.21715 6.98954 14.2935 4.42477 6.83275 24.1414 14.9424 8.39533 0.0331749 6.58063
-63.245 1.52628 3.45697 2.86599 4.71551 13.0708 9.75134 32.3508 1.87436 0.085771 6.40631
-52.6444 3.43912 0.521009 15.493 4.11645 11.9726 35.9334 20.9146 11.2586 0.000832282 8.23781
-58.4632 2.49526 0.0260906 14.856 14.7167 5.69823 20.6244 22.5496 13.2921 0.0411948 10.7017
-71.6014 1.83048 7.03343 10.2965 10.2383 6.07955 6.05713 21.9645 7.07223 0.0628997 6.03383
-66.526 6.07611 10.6812 0.462006 4.8769 3.93599 15.8591 9.85095 1.93349 0.103938 6.17631
-63.996 5.90104 1.50847 5.32456 11.8616 1.97009 5.39757 2.81734 0.528246 0.288428 7.51274
-57.6606 9.58566 1.2576 4.0706 15.3028 7.98942 13.3019 4.45639 5.32952 0.0914183 7.23585
-63.5056 7.21867 0.21031 2.63557 7.56093 12.5456 23.0513 29.4425 14.3304 0.136435 9.86027
-61.0774 5.37889 6.99668 10.7109 5.34965 1.59638 4.59561 10.2291 17.1754 0.266693 8.06788
-52.8367 4.20543 3.87424 13.1371 4.38175 9.06968 16.3214 20.0184 23.7716 0.0912681 8.77603
-53.1247 2.23291 4.74373 5.43736 5.00756 18.0762 40.0804 1.08982 46.8617 0.00860611 10.8472
-42.4156 2.21363 4.00882 1.35838 0.603368 16.3744 21.3757 72.8766 28.216 0.0339049 12.6477
-54.931 6.33682 6.99943 1.44026 8.29486 9.73701 10.0562 2.00442 28.1541 0.0162205 5.67703
-61.8442 2.35051 6.50122 0.689768 17.0177 8.74947 8.6276 22.2484 28.0432 0.0155241 7.15333
-59.3042 5.10638 9.0947 7.32341 13.4906 1.26278 13.2054 2.6419 38.8377 0.0184518 8.31398
-70.8169 5.69439 14.738 5.95348 11.3054 9.51237 11.6884 3.65767 3.70907 0.0948369 8.71914
-51.2491 6.85493 2.07654 1.7917 5.15725 4.68886 12.2553 10.0153 4.98379 0.0856212 4.46309
-56.6992 2.67981 3.52899 2.99669 2.22737 6.36689 3.09439 3.07223 17.4884 0.293631 6.52945
-52.6913 2.21152 1.89537 1.77094 6.2301 0.173318 3.03017 25.2097 8.33601 0.00176783 3.61453
-33.883 10.5636 1.77857 4.45872 13.5549 2.14356 3.20822 25.7082 2.76379 0.0326339 7.61127
-61.8441 4.44766 5.50346 8.71554 9.61719 5.70484 2.77419 34.0232 1.64661 0.0751408 7.19736
-40.2889 3.55134 3.27383 5.97442 2.97415 7.28916 1.12022 11.7883 4.75778 0.119978 5.18214
32.8881 2.85996 0.12448 7.16549 5.5654 4.10819 6.18543 2.54729 10.463 0.105315 9.79841
-15.2158 2.31915 0.961177 3.84586 7.03611 5.05944 4.57863 2.06042 15.5056 0.0138844 3.99442
-73.181 11.6315 2.65551 2.14864 2.27788 9.58033 18.3148 3.7324 8.19595 0.0151421 3.96034
-56.352 2.85092 1.08404 1.79648 6.87259 28.0351 2.6338 20.4668 1.65066 0.00562503 5.93158
-67.8251 5.39449 3.24471 3.29924 5.6537 1.92914 25.414 4.17665 20.3175 0.00196517 3.41596
-65.1275 2.73462 0.829584 4.9693 6.07023 6.14708 10.0057 6.11093 2.73543 0.00985316 2.33259
-48.3264 3.53354 2.55282 5.10873 6.08425 5.33979 12.613 24.0555 7.74625 0.0204772 4.14556
-61.8759 4.68841 6.4145 6.45458 5.98524 8.96109 13.4743 18.1677 4.0849 0.00335655 3.63356
-72.416 9.11208 9.44749 2.46738 4.1288 3.82978 4.12323 14.3622 10.9753 0.0169741 3.72079
-72.6013 12.3235 8.03376 8.49678 4.18255 2.14685 12.4507 15.2111 11.7245 0.0156418 5.83353
-67.2135 7.27629 10.6126 3.71051 2.34974 6.92165 13.4617 43.5977 11.8139 0.0690038 8.26049
-44.505 5.00889 10.9909 6.49845 0.79093 1.05611 1.93496 39.6276 11.7015 0.0380751 7.96451
-60.05 3.18684 3.26506 3.14696 0.957832 4.61032 9.4109 12.9092 4.24779 0.13458 4.75368
-61.4466 3.80958 3.68667 3.34865 1.21296 2.50773 0.538151 13.9124 2.34484 0.0223209 3.42413
-59.6902 3.56832 1.5693 10.0159 1.44569 3.61736 1.10674 10.4303 0.117608 0.000907288 3.31774
-73.7643 9.43487 0.26197 28.3079 2.87482 11.4736 5.95828 16.9722 10.9839 0.00631117 10.1889
-73.1715 5.2207 2.08207 1.6155 10.3325 5.50841 18.4746 11.1609 26.5657 0.0336453 5.44409
-30.7051 3.1137 1.93196 3.28685 4.80199 0.734529 4.66666 12.4511 23.4418 0.0409818 4.91753
-22.8385 0.486324 1.51073 12.7427 1.22306 1.87233 3.07683 6.13128 42.6917 0.121917 9.30127
-54.6557 3.81295 1.12562 18.245 11.6575 1.98985 11.7831 9.10174 29.6978 0.076198 9.60834
-66.0582 5.5266 3.50434 0.469991 24.4513 4.5565 23.6291 6.57193 39.0765 0.0296852 10.2735
-67.7803 3.39159 6.46718 5.19852 12.7451 12.5859 4.98655 16.9759 10.07 0.0551521 6.10919
-74.9252 8.15569 4.04323 6.02667 6.95716 8.86591 27.9056 8.7015 23.2719 0.0151368 6.24198
-74.0712 17.3524 8.94166 4.73766 5.60085 12.7978 16.3464 2.85668 6.98776 0.019865 8.64429
-72.9697 3.32368 3.16778 5.62861 8.87187 26.2892 35.6657 8.36005 18.2904 0.0207135 9.88348
-73.37 0.616443 4.62918 2.52594 5.08907 4.50015 13.3006 8.36005 30.401 0.014331 4.37862
-73.2176 1.28206 8.27005 12.4017 11.5852 7.31129 6.70007 19.3425 17.8169 0.018602 6.62385
-73.3577 3.93307 2.83003 9.82213 4.46294 13.1782 13.0146 5.81125 0.583898 0.0177486 4.43214
-74.4937 4.89027 7.43661 1.50914 1.69482 13.8086 19.7887 7.95906 13.431 0.032206 5.02397
17.2262 2.8799 5.28393 0.758338 10.0527 1.61377 8.39044 21.4115 4.87708 0.00507442 6.92978
-25.3479 6.42809 3.78026 0.830965 0.767559 5.31456 12.4645 22.9308 7.79529 0.0359004 5.79995
-27.7478 1.05329 8.28368 2.56489 4.42986 4.02482 23.1032 0.0195827 23.3039 0.0106339 7.94396
-61.1333 5.57707 6.87339 7.23965 6.63294 8.79163 7.98199 7.87892 22.2714 0.000336201 3.46732
-73.881 3.15382 4.8038 14.4979 5.39096 11.7745 9.73826 9.79193 19.4453 0.188394 8.50694
-73.7068 10.9408 12.3997 4.30201 2.42165 6.82965 10.1461 19.5697 5.14957 0.0642837 6.8327
-70.1543 19.816 11.0209 2.65967 1.93205 22.3174 0.391596 9.11624 14.2194 0.1338 13.2065
-53.8904 10.9705 13.7243 1.04369 6.92586 0.937441 1.6032 5.02467 11.9214 0.0659969 7.85057
-64.3249 9.67951 3.57093 0.707698 3.39711 3.01245 10.1716 3.04192 33.51 0.0384239 5.54278
-62.6228 2.35146 9.92403 0.890579 5.76548 1.88471 8.05553 15.8584 34.1245 0.0601282 6.52114
-51.4766 0.355228 5.17827 0.286025 5.76031 3.01346 7.61523 48.158 33.678 0.202335 11.799
-72.3638 3.89469 5.01374 0.951157 0.170516 32.9515 25.312 63.3859 17.8538 0.127846 16.6504
-33.0321 4.5657 1.74502 2.06419 9.26238 10.1286 18.5894 52.537 11.5222 0.0125983 8.52009
-47.6039 9.93152 1.06441 6.13196 2.85928 10.4948 3.40233 1.78466 22.2569 0.0126048 5.0972
-45.2973 3.95019 3.2992 4.49284 7.12313 10.2303 16.0861 3.66998 22.4124 0.00476964 4.34101
-26.9729 0.936394 1.13537 2.24503 8.59019 25.1765 31.7719 3.12674 16.2751 0.0949184 11.8388
-40.4794 5.04322 5.60872 7.29786 2.1148 17.4517 5.80229 4.39417 4.57877 0.0730099 6.47323
-21.4195 0.511551 0.914561 1.05886 7.21906 10.9923 12.719 3.30718 8.85635 0.0471885 5.65741
-74.4061 0.0455997 0.318282 5.31531 9.60371 2.45349 1.24008 26.0683 13.5473 0.0525191 7.6006
-54.7797 1.16766 1.98737 10.3447 11.7623 1.02935 0.778235 25.7026 9.59493 0.0294356 6.2072
-66.9108 4.24192 7.14187 2.45918 12.5252 7.2002 0.706971 12.1515 7.26532 0.0845247 5.65985
-68.4363 2.53751 2.20141 0.517019 12.01 14.4075 0.469423 7.74784 10.1307 0.0676509 5.99668
-60.8578 2.04333 6.96385 10.8169 14.4142 14.2225 7.16764 9.92459 4.4231 0.005881 6.51336
-66.7418 1.39657 5.3651 4.26411 2.13867 7.94945 26.1689 7.54846 24.8593 0.00198639 4.16073
-66.5407 6.45698 6.27479 15.0487 5.39355 5.86074 16.8338 19.8178 6.50634 0.127028 8.9653
-66.2775 4.39537 3.87788 15.853 2.5116 11.7648 5.04028 42.168 6.80364 0.0824104 8.86375
-36.3382 7.03706 0.932421 3.53283 11.5388 13.7078 13.7992 31.0635 38.0681 0.000792643 8.88925
-49.7659 9.7271 5.38674 2.47721 1.11388 12.7794 10.4951 27.4684 6.82363 0.00615771 5.52183
-20.815 8.96621 2.61116 0.151555 4.82017 10.4551 16.1298 13.0964 7.72676 0.0368519 7.48777
-53.7454 2.93809 2.14413 6.88635 7.42956 7.04368 33.2246 2.32148 14.4389 0.00823199 5.51728
-59.3267 3.7623 4.96638 12.2125 0.719575 4.17553 2.94507 8.99844 10.1118 0.0286871 4.11231
-39.0617 4.517 7.0931 12.493 4.19024 0.425197 25.5412 9.8561 11.2714 0.0623572 8.87294
-30.2819 1.30722 7.13208 12.465 15.7187 6.04415 14.2188 15.9329 7.671 0.0596742 10.7002
-36.6628 1.30722 6.49396 12.5102 0.0582563 3.18109 24.1989 14.4254 24.0441 0.180605 11.8332
-21.3568 12.5276 4.71991 12.508 9.88911 7.39313 11.1542 17.0039 30.7446 0.00409886 13.0641
-30.2079 7.16015 2.21273 8.17933 0.731872 4.25875 13.7121 1.73401 29.2714 0.0356228 6.97329
-30.7821 6.85536 8.4068 4.00894 3.61512 7.72579 5.06545 27.9559 5.19153 0.0484177 7.05646
-53.1941 4.11425 6.35323 8.31404 2.34317 1.9376 6.69776 20.384 33.619 0.0534053 6.68943
-54.502 5.84047 3.26324 10.6982 2.59943 11.9727 15.1669 6.81229 17.079 0.0808235 6.91508
-28.467 2.77351 7.40553 11.364 1.50124 3.73418 14.0323 7.41697 30.9712 0.0191943 7.25529
-23.8115 2.32542 3.75113 7.07195 11.8234 20.9825 13.8986 17.6734 41.5153 0.000323708 10.336
-40.4667 8.12373 7.46377 2.61609 0.47281 7.38248 14.8866 23.3919 4.25214 0.00117427 5.00382
-23.5248 4.62353 4.89323 1.62542 2.43956 8.33032 18.3212 27.9294 15.0261 0.035232 6.9667
-57.3825 12.7388 9.70796 2.56938 3.06026 11.4995 38.726 13.3342 14.8599 0.0229792 10.6281
-55.8088 0.574121 0.854127 0.652022 2.85448 7.8463 5.94478 3.35427 14.4316 0.0399048 4.49878
-68.851 4.61249 4.93526 3.04372 3.57381 7.39031 28.4483 12.9459 8.20004 0.00116334 3.21258
-64.5689 2.47869 5.02628 2.54373 3.87077 13.283 8.67264 19.2346 8.00038 0.0128875 3.44213
-48.3824 4.31269 5.08619 5.89501 7.77439 18.3315 13.6549 43.9079 14.0681 0.0190167 9.18172
-50.4111 5.40942 8.60205 8.50406 4.0822 1.10669 2.16373 30.938 28.3724 0.00701874 6.84676
-65.7921 4.63099 3.65835 3.49522 8.25118 10.937 17.0969 8.09006 25.0071 0.0180698 5.02693
-60.1718 7.6419 6.94828 2.54915 11.147 6.14607 19.9986 31.9367 14.0668 0.000359517 5.98708
-68.8007 4.04729 4.96727 4.68999 0.876885 9.02402 10.8871 2.68569 11.0755 0.00590673 2.47122
-58.2688 8.90546 5.2181 4.17954 2.77108 14.0756 9.47565 2.99793 19.2144 0.00989108 4.74462
-28.5122 1.57519 7.40248 4.21242 1.50176 16.9335 3.24869 13.9872 41.397 0.014753 7.73297
-36.568 5.6375 6.20249 5.18052 7.82358 5.36384 5.01416 17.2185 41.397 0.0372637 7.9035
-37.2644 4.61267 14.5343 2.54008 3.73359 3.36615 6.20585 5.18716 11.7278 0.172274 7.76268
-24.6685 2.0537 10.4402 1.93867 1.84847 3.09767 2.31903 13.7223 11.8393 0.136335 6.70305
-35.5451 2.33687 7.33694 5.93893 0.969713 19.1999 2.31903 23.1425 1.60304 0.153016 9.25905
-44.8573 1.04582 2.02124 4.36036 13.4817 13.5116 20.3194 9.18903 5.61149 0.192124 9.43423
-47.0935 3.17346 4.01996 0.213058 2.35964 7.56981 24.2683 27.3467 4.68341 0.0182855 6.03528
-41.3987 7.17183 1.0923 3.41484 6.73262 1.06778 6.67021 6.68221 18.024 0.0185443 4.06475
-55.0277 1.35551 7.31484 6.05034 11.8946 1.30721 1.58397 2.85943 13.1201 0.0924564 5.95253
-63.6047 0.496719 13.9299 0.94642 7.59907 5.95207 16.4362 3.28248 17.1399 0.0163451 5.68135
-71.462 1.37626 15.6844 1.51537 6.18105 0.599934 13.1445 6.67944 7.86666 0.0405416 5.33017
-70.2018 3.12524 12.183 5.5941 1.63217 0.502285 4.60479 5.35281 6.2509 0.0105594 3.28091
-60.8652 10.6649 6.51744 5.64678 4.65307 1.73284 5.62618 0.842475 15.495 0.00147359 3.75431
-44.2343 7.98375 3.50719 4.73888 2.73912 6.72113 5.97291 1.91512 20.6146 0.0342745 4.72611
-64.036 9.25068 0.267324 4.59953 3.79822 8.75014 11.6818 3.86913 31.5775 0.0615802 6.64523
-63.6534 7.60767 2.92142 0.885043 5.37265 4.63419 6.86132 2.93203 20.1695 0.162209 5.78704
-69.0095 2.36529 1.4556 3.39909 6.48061 8.47191 3.56771 3.31989 15.0016 0.0095037 2.45149
-36.5883 1.55222 2.0173 0.557024 3.35164 8.00439 3.40772 2.47629 32.3168 0.0460871 5.6356
-22.5837 2.01053 4.05409 0.969243 2.03134 11.1866 6.67607 9.65807 18.9113 0.00709265 3.94791
-32.2322 0.683095 6.67243 7.09435 1.51368 21.365 6.65935 13.4979 47.6119 0.0142042 9.49537
-50.3576 4.90584 10.0509 10.4057 0.526171 6.38638 2.17649 9.09375 67.3589 0.0473063 11.0142
-32.6274 11.4157 6.03238 1.98191 2.11141 4.84291 2.17649 17.7696 22.6025 0.129282 8.33828
-22.4274 11.5018 0.74192 5.69629 2.90325 5.15556 15.8836 7.48467 10.0536 0.0786468 7.62915
-40.0309 0.532038 0.66963 3.0083 10.6134 0.304554 14.4637 38.101 27.9967 0.0579288 9.61481
-70.0044 10.4483 6.04418 11.6555 9.34063 5.70915 9.17821 7.66286 31.7275 0.0191367 7.91796
-65.4993 5.68451 1.47062 5.43951 4.11233 4.55897 16.9167 24.3628 19.8782 0.067922 6.04979
-41.1833 6.39937 2.24271 5.42413 1.94137 9.39712 0.970205 32.5963 5.41826 0.0266283 5.70317
-56.3231 3.12779 2.03183 6.32716 12.1944 9.07361 9.37302 49.1466 15.7657 0.198979 11.1202
-53.7365 3.92267 3.87679 17.536 8.94518 7.72656 13.515 5.95179 12.551 0.359687 12.4414
-74.3785 8.283 2.75427 3.58764 3.91248 8.26419 6.30954 1.46862 9.12014 0.0983823 4.31323
-74.5458 9.40453 0.934601 3.99359 2.81091 10.6213 6.90312 21.1313 8.35052 0.0116642 3.68607
-66.7665 2.06739 3.76925 8.87628 7.62274 8.74666 11.3894 5.71485 19.188 0.00812904 3.73448
-65.8356 2.05606 3.59106 7.83581 3.87762 8.20971 2.80922 15.4089 29.2918 0.165425 7.01176
-52.981 7.20083 12.9763 1.02446 4.39936 6.89095 5.80177 12.8373 1.81864 0.0125474 5.09556
-65.0025 7.92412 7.61931 7.13821 1.92352 9.80772 8.085 14.2938 15.3742 0.0908159 6.44031
-69.3221 2.44318 2.20273 7.3045 0.327754 3.77781 24.4986 10.3534 7.86751 0.0327951 4.88831
-64.6282 1.68944 9.52958 6.68383 2.58089 11.2416 16.1991 5.14461 26.3476 0.013352 5.42455
-74.4586 1.25437 1.59922 2.94252 8.1323 13.7014 3.91281 18.596 2.31195 0.0272293 4.24393
-53.5629 13.1354 3.89578 6.60846 3.87755 4.54883 10.8034 8.97446 3.39174 0.0565116 5.91013
-60.3782 1.06839 0.557357 8.07181 8.50909 2.18927 13.1492 33.8355 22.0579 0.0776483 7.97943
-65.532 0.966042 4.03425 13.9929 8.50909 2.48111 6.59717 9.98601 2.32132 0.00406339 3.50096
-58.3562 5.05794 8.37272 0.725179 3.67857 6.73828 7.33656 10.1413 1.35928 0.0135322 3.36227
-59.628 4.8528 13.6428 0.779447 0.906439 10.7655 12.0127 12.5141 8.58337 0.00145401 4.33053
-48.7594 8.94378 1.49847 3.968 2.5908 9.07916 16.8298 1.31458 8.27351 0.00286254 3.6349
-71.076 0.759748 0.311631 9.25326 7.07644 1.18972 5.01507 8.43959 11.2885 0.00110414 2.84469
-19.9608 2.63859 3.98312 2.42983 0.664731 8.37351 3.29308 2.75112 17.5905 0.00224034 3.24441
-67.9747 3.68391 3.22624 5.96578 1.97934 6.57354 4.85991 31.0054 3.92476 0.00760879 3.29767
-39.5361 1.18237 15.4676 5.47167 8.98332 3.29265 7.88589 37.5602 18.2803 0.0252201 9.48802
-64.2556 1.24854 5.9202 11.9417 7.54917 8.09029 14.5543 5.88017 9.14738 0.000903752 3.60872
-33.9779 1.01077 6.39042 12.0412 3.5116 1.84351 16.2162 16.4278 17.1542 0.00751603 5.89877
-64.6448 0.545208 6.99527 12.5062 11.3876 1.39409 14.6009 3.20958 21.9407 0.0849564 8.16382
-61.9061 0.590681 5.87414 6.86809 10.78 2.96776 24.4814 7.06883 60.3883 0.16099 12.1634
-68.2065 0.767159 5.69499 2.68669 6.3553 1.70686 23.2294 15.9517 9.65937 0.0710862 5.69998
-71.0497 3.69172 5.78363 4.59884 4.96331 0.803681 20.7896 8.29454 8.70539 0.0197945 3.69144
-67.2867 3.7092 2.20039 4.66169 13.0281 4.16585 4.58201 12.8764 5.98178 0.0034371 2.3421
-63.3652 3.90168 1.30062 11.8802 3.43655 12.0361 6.77517 27.4192 41.6907 0.0375154 8.3439
-72.0649 7.1133 1.23553 17.4967 0.495835 6.6111 17.8059 25.7887 39.9124 0.0612186 10.6264
-72.3223 9.06027 8.58485 4.37184 6.5476 12.1943 21.7476 22.7729 42.502 0.126842 11.9466
-49.1434 9.59804 13.3488 0.632416 3.76431 7.78037 12.0862 29.0219 20.4231 0.193938 11.7127
-68.4485 10.7645 2.67017 0.492449 7.59746 1.51329 7.39517 6.38416 33.6855 0.124091 7.29146
-37.5115 3.43207 1.10089 3.42846 4.97636 11.6942 22.9867 9.75046 3.33967 0.0531499 5.83351
-44.0579 4.60549 5.68843 5.84197 7.79332 9.22181 3.20616 4.11753 35.3007 0.0219565 6.20759
-64.5035 2.55403 16.3983 4.50189 5.38256 8.52473 5.38236 11.9717 21.6301 0.00436707 5.30521
-66.3018 1.9595 9.00501 2.20964 2.45011 8.83738 2.91784 18.3962 11.3089 0.0371476 4.13266
-58.4638 5.08868 1.89755 3.91932 4.79081 4.77526 27.2599 19.105 6.85862 0.00272955 3.7669
-68.5122 8.78248 5.85213 14.0963 1.55587 15.1903 0.412901 17.1779 10.1039 0.00535597 7.02373
-53.7334 1.31287 3.80227 2.18201 4.62993 16.2611 3.85913 18.3421 14.8912 0.0064255 3.8579
-37.8343 2.19127 5.41183 1.72175 4.53729 9.0434 4.70896 20.4672 7.59392 0.0655695 4.96123
-46.9689 3.01746 5.77467 0.775071 10.46 8.89794 7.01546 20.5135 8.80886 0.00974094 4.39983
-11.0007 2.47123 2.97706 1.3152 1.43082 1.72495 22.4794 20.541 11.1703 0.0148033 5.59155
-41.2774 3.81553 8.69318 3.57171 4.167 1.7571 21.4371 20.8664 31.9408 0.0258792 7.4452
-72.7243 4.82856 8.33113 3.44848 3.1639 1.86793 3.30241 3.14793 8.75885 0.0218764 2.59773
-69.6579 5.12507 7.07744 3.42988 11.729 4.96166 2.40097 3.31504 12.0654 0.00566898 2.96359
-71.2132 4.71318 2.71425 7.87009 14.8288 6.64343 7.92887 12.692 11.8737 0.00128167 3.49939
-66.5604 5.16758 3.61077 3.47769 11.2582 9.31978 4.10635 6.92082 14.1675 0.000799226 2.30807
-66.445 9.63995 3.66045 2.07117 7.0369 1.24888 2.21201 15.8738 35.7776 0.000866576 4.38507
-28.4346 6.19046 1.7847 2.67667 6.6074 4.83564 21.6735 25.8019 42.5928 0.0294536 9.03901
-34.1896 1.29965 2.49567 13.6788 2.31571 2.77124 7.5615 8.39938 20.1763 0.0148898 4.86129
2.12173 3.21986 4.579 3.11445 3.8976 4.75116 5.11461 13.4854 26.8186 0.160252 8.52484
-26.8879 9.39808 5.64965 1.17022 10.0322 3.91086 4.00821 31.2301 16.9335 0.0519381 8.71257
17.4947 4.14469 7.30838 4.33069 5.28943 2.74571 20.8629 10.6664 8.51465 0.000524369 7.24728
-70.9428 3.15298 2.45718 2.52727 3.60341 8.7036 5.93206 11.4045 11.6776 0.00828888 2.119
-31.2738 8.13735 7.74915 4.11483 1.6408 4.76295 1.08475 6.8144 0.114757 0.00237083 5.34355
-68.18 4.73473 5.61845 13.1763 2.43002 6.0869 5.28907 25.6984 11.7361 0.148076 7.40335
-1.55248 2.28234 3.94902 6.11098 1.16578 3.2189 16.99 26.0291 3.79087 0.124027 8.56598
-53.5426 0.115038 7.05309 3.18424 0.737922 4.8765 25.4774 3.95515 11.0951 0.2329 8.90785
-45.7989 7.5127 2.48985 4.77014 6.82069 3.03641 2.69807 31.7277 0.980654 0.101891 6.96337
-57.7886 4.70719 2.80891 8.1994 5.85839 4.32838 3.97051 4.79742 1.67877 0.148753 5.10224
-67.0313 1.83913 3.17883 3.14835 6.64079 22.818 2.45606 1.24119 22.6178 0.0496291 6.39173
-62.7243 3.30846 4.11176 1.35359 0.748582 1.15867 9.55817 13.1785 24.3887 0.0402839 5.0066
-62.9048 1.35527 5.05467 5.80228 10.6814 18.1469 2.77817 26.3666 30.7882 0.00491909 7.1211
-62.3857 8.30409 9.66546 6.12121 14.9147 8.35205 2.47699 17.7052 19.039 0.0180233 8.35139
-34.5605 3.75244 5.98956 1.13189 4.38351 11.5738 12.547 9.81404 18.9356 0.0232375 5.23765
-23.9045 6.5376 2.38962 3.77279 16.0161 13.4594 3.67128 3.31101 1.05165 0.135055 9.90046
-30.1613 11.4578 3.56581 4.66129 11.1238 13.3179 3.20236 9.1831 12.7669 0.127391 10.1824
-35.2308 17.0731 11.9342 3.28593 3.19784 3.93059 0.73349 26.9649 10.5467 0.0128803 11.2114
-32.4872 5.55363 6.648 2.57115 3.3298 9.58346 1.85026 15.6471 10.068 0.0285956 4.97491
-68.2833 9.27724 5.65061 0.754568 6.97094 12.265 11.4897 6.0158 18.0542 0.0908491 6.56102
-72.465 4.69474 4.92652 1.08348 7.03949 29.567 3.37229 5.40452 24.786 0.0213548 7.12477
-53.3773 3.51463 1.52496 1.65794 13.9054 17.1057 9.78563 6.47568 29.3654 0.00184385 5.7259
-42.6481 3.57553 3.5433 16.4984 10.7054 2.85033 1.89126 3.01151 23.9657 0.0495258 8.281
-31.6154 15.7729 5.45189 7.34222 0.413799 3.50575 13.6585 5.76732 48.1288 0.203143 13.9535
-20.7669 1.9287 12.1722 3.0633 0.496758 11.0214 7.69905 7.35568 7.32696 0.0231892 6.23368
-23.0077 2.55364 7.76799 4.93874 3.21195 0.819294 1.59337 39.3794 9.61053 0.0211223 6.82531
-71.054 2.032 10.3911 2.95994 23.482 8.79496 7.14401 44.8794 2.43769 0.055606 11.0235
-69.6967 1.63702 1.20133 4.15066 9.16123 12.6361 2.92772 33.297 26.657 0.158233 8.9388
-72.5047 1.99329 2.34826 3.41421 13.1603 4.10709 0.510346 18.181 33.9576 0.115782 7.80267
-5.32133 1.36723 3.04593 3.46939 6.62798 22.4737 4.68906 8.78371 11.0022 0.0547435 8.08276
-62.9136 5.36725 5.95249 4.38348 11.9129 11.8064 5.26919 9.90047 7.3378 0.0313336 4.98327
-71.9855 8.80654 0.399071 4.6407 3.50583 9.9524 7.6188 4.34501 14.0083 0.136344 5.73288
-59.0994 8.05994 2.16769 2.45593 7.83025 6.41764 13.2404 6.80134 16.0784 0.0315185 4.33944
-23.0922 3.56102 3.29375 10.3604 4.09893 7.62512 12.6685 9.09335 9.47325 0.0610968 6.46619
-38.601 3.4514 6.16723 20.9709 4.5643 6.30653 3.04564 13.2308 8.65559 0.00839095 7.70489
-63.0593 2.49454 2.22669 8.44876 2.90722 2.56779 3.0675 1.83383 50.7224 0.106059 7.61043
-65.3798 6.82005 1.53897 4.43319 6.29086 2.52543 25.9699 9.18164 31.0152 0.155826 8.27479
-72.2551 8.91912 6.17766 12.824 9.03331 10.2007 10.923 8.77744 18.0672 0.00788556 6.95814
-42.1362 5.43643 6.40422 15.9034 3.33788 2.58816 9.35467 36.714 1.13408 0.00444338 7.86644
-55.0458 1.93872 1.30009 6.48669 6.96461 9.36409 11.9002 4.32199 3.97316 0.00442947 2.61617
-50.0556 4.37172 0.922357 6.5399 0.373009 15.6411 18.6205 6.68245 18.5049 0.00400196 5.24924
