93.5471 16.8683 19.3136 9.2267 2.54144 21.9957 5.6289 20.6774 2.93788 0.0942979 7.71109
59.4943 11.8347 29.711 13.0041 33.347 11.1629 7.16506 12.9185 35.7806 0.00106718 7.24287
151.218 3.41048 17.9638 9.85962 34.5229 8.70736 0.37159 2.13412 25.626 0.000454127 6.09126
53.2262 16.5957 6.89279 25.2095 25.2058 14.0983 2.25897 16.0981 23.4845 0.00449231 6.47314
49.0201 19.4159 2.05177 13.3208 44.3604 3.03241 9.10886 69.9133 19.2133 0.00449231 12.0304
79.5918 18.8397 2.89189 28.6573 19.6649 5.54788 3.59302 14.3844 8.51847 0.00135751 4.75331
45.9635 18.2687 0.649716 45.7797 17.874 8.21123 6.65762 7.26933 9.55152 0.00865047 6.70272
-33.3231 34.096 15.8613 17.6997 1.77857 1.19118 8.10408 5.24361 11.3198 0.0134893 7.63897
14.1148 8.95423 21.2206 7.87131 27.5717 47.8078 2.89124 14.7601 16.4786 0.0442589 9.91243
237.02 12.2132 8.45369 9.09344 1.78058 41.3361 7.47479 13.6978 15.7856 0.0613476 9.89706
2.12216 28.5459 1.6375 54.6193 10.3414 12.555 4.71951 16.3395 11.6067 0.0138875 8.51433
-6.54706 20.5631 3.06971 74.5024 6.30515 1.89598 23.0033 20.7195 22.9975 0.0177628 12.0984
152.593 6.71437 0.56912 38.0526 19.4823 33.0976 8.71883 22.47 37.3264 0.0897598 12.8608
86.0511 2.87907 8.11569 36.3629 11.0199 33.2716 5.83623 59.6216 2.52405 0.0658685 11.6856
63.1656 38.7332 3.27778 2.92148 10.8728 14.6972 8.77335 24.8747 3.16944 0.341463 12.1323
92.4926 26.6802 4.4183 3.70842 10.3525 16.3833 33.0387 37.3606 3.29264 0.117489 10.991
95.4978 7.06855 12.9037 33.3602 4.12886 31.7607 35.2751 11.1427 6.61806 0.069508 9.24403
57.6161 4.5261 3.62276 21.8086 52.7023 15.8706 17.6563 10.3949 2.6137 0.00790954 8.26714
115.083 18.3338 4.88831 5.04399 59.6383 32.3195 11.2375 43.6031 2.04104 0.0093389 12.5133
56.8822 11.9074 3.7198 14.2939 21.1079 36.3578 26.0133 33.5318 3.19032 0.0355242 10.3104
86.103 12.1889 11.3615 42.5451 5.7292 21.6123 6.82311 17.8088 9.5115 0.154851 9.17336
83.3764 8.80954 2.00942 30.1572 34.433 9.72081 19.7206 5.86766 18.5455 0.00178445 6.46175
61.2312 15.4564 29.0329 9.68423 0.833417 35.8253 8.99638 27.946 10.9057 0.130359 10.4505
46.3904 19.7023 24.1671 10.1494 19.3391 14.9 1.73426 109.143 3.6752 0.100558 15.8994
-66.3864 18.9929 29.9873 10.3017 17.9593 20.8639 72.3993 22.9853 11.9751 0.00567105 13.1811
-27.1862 15.7912 31.6866 9.63194 20.465 12.7698 42.6116 17.8584 12.3989 0.0124769 9.21113
123.835 14.3475 31.0477 2.04172 17.2397 10.7759 22.0604 24.5017 8.28361 0.0502576 8.83664
93.0355 14.5573 17.4498 8.03645 35.1114 26.0358 6.26246 24.6808 7.82086 0.0649832 8.64243
153.55 4.08279 17.7232 20.4618 8.80181 22.7371 2.66003 28.839 8.31506 0.0244255 6.92952
-43.5707 8.52689 54.3773 18.4456 14.7724 20.4758 5.60893 7.41319 9.24322 0.077433 9.32753
-59.8902 7.22959 35.4111 26.569 7.33469 9.31091 1.77949 15.0627 17.3577 0.176403 11.5753
93.8239 18.0829 19.3293 11.1006 22.9048 13.2221 2.33912 11.8175 3.95167 0.00333005 4.74843
80.3641 4.16592 25.6757 5.81555 26.0658 7.70457 26.0982 13.1291 5.2229 0.0320898 6.8161
57.1395 37.1577 11.5596 8.35826 62.7858 1.57043 15.413 11.9837 9.70977 0.0156777 11.4654
-41.815 53.2226 7.60478 18.3549 54.8713 5.2043 8.05595 11.9078 1.59437 0.0135973 11.2192
-2.20985 34.2797 3.97112 27.5785 21.6016 8.31809 7.35396 12.3568 16.2054 0.0116709 6.93684
142.605 33.8602 4.00979 9.42446 21.5324 9.99939 9.31451 4.94771 20.6391 0.00643058 7.53598
158.598 5.48875 3.84884 6.02261 44.6307 17.8015 19.7466 7.81185 14.758 0.00232899 6.3892
159.878 19.4526 13.3219 13.5247 22.4667 6.85939 13.5427 8.42958 40.0417 0.00362849 8.09603
121.419 3.77152 16.7137 3.83461 9.26252 7.37271 7.51472 18.4297 26.8365 0.00948734 6.92988
19.8311 12.7188 2.7958 27.4007 23.5714 31.4575 12.2376 3.87639 12.215 0.0290517 8.30159
-5.20418 15.2904 20.1915 57.0016 33.5501 17.6186 16.2691 11.6576 7.67457 0.000815793 10.9126
218.683 9.81197 19.7455 19.9634 0.508044 11.8501 8.49795 16.393 11.2721 0.0403039 9.33908
171.179 2.36634 21.3337 20.0598 6.94637 39.7868 16.4343 15.9336 2.48527 0.0375178 8.81133
44.8488 0.748016 28.1555 32.5158 5.98975 9.55955 6.88386 7.40329 17.5459 0.00355124 6.25252
40.1888 16.6692 10.4478 23.6828 18.6239 13.5408 28.2905 29.0473 14.8614 0.051327 9.0908
98.4187 9.47878 13.7965 14.8914 16.3786 26.7524 19.9634 0.977673 34.899 0.0330715 8.48104
83.1084 14.3451 28.7071 12.3901 16.6046 43.2951 5.9595 6.28661 3.46659 0.0429896 8.37732
94.9495 6.51866 11.6926 20.8324 24.0601 25.1603 8.67777 7.09108 20.483 0.038214 6.88527
146.198 18.3313 2.25393 5.13262 14.9823 24.923 16.0721 6.50032 17.6797 0.0155714 6.5524
28.6228 12.2239 7.69067 39.2579 23.5879 21.1592 5.93724 9.80624 20.0994 0.0355573 8.06785
56.3667 17.4562 27.4381 8.21405 8.7032 11.0224 50.8521 14.4973 13.5555 0.00676154 8.0797
39.5858 6.7137 37.0553 24.4254 16.793 11.4074 18.669 2.01461 21.0331 0.168338 10.156
-31.391 5.98715 26.9405 30.7228 20.9971 24.7665 16.5827 1.43724 12.8782 0.0170643 8.73637
115.783 18.0184 24.3284 8.05649 22.1345 0.966799 18.9046 32.5617 8.34017 0.0512722 9.44559
112.686 7.63238 20.2217 7.72225 36.4427 12.0843 28.2871 8.30788 7.74465 0.536126 13.2561
99.8318 20.9076 12.0505 3.04703 1.27265 5.30263 23.8738 6.15223 8.13002 0.337988 11.2891
67.4473 24.2683 18.6042 7.94837 22.5169 8.25145 7.79017 30.574 10.7426 0.350853 11.3535
86.638 35.3043 4.23504 34.6052 9.48004 28.0163 32.7173 17.5661 15.2861 0.00595436 11.6476
85.6513 17.3279 3.45304 0.744751 23.3714 15.9986 21.6747 1.2672 5.82713 0.132174 9.63648
71.214 20.9328 2.25993 14.9679 32.176 43.4515 6.02953 5.52067 1.10556 0.111584 10.1213
-17.9645 19.6934 12.2745 16.985 17.5618 17.3232 7.46744 0.264238 19.0004 0.160607 10.8407
-57.1929 14.2361 9.06391 11.1678 44.7833 13.6588 15.733 2.17261 11.8036 0.246293 13.4962
24.8671 6.32743 24.2222 17.8334 25.1248 14.0457 23.2432 2.96709 6.10884 0.148661 8.73207
116.936 17.5836 5.23127 31.1026 24.684 16.7131 28.7247 8.15816 13.5667 0.281773 12.1417
100.39 16.5114 2.69427 33.1136 11.147 71.6661 23.1952 14.4668 0.833123 0.102376 15.0066
-41.764 30.2716 7.9926 36.4773 15.1834 2.42052 20.9759 2.13941 12.5306 0.102027 9.73476
-16.5381 33.3484 18.4668 9.61276 8.91142 51.2104 17.0929 2.83613 20.5216 0.0307788 9.9873
253.127 1.43551 5.77281 9.06702 43.558 8.38423 24.4262 9.26763 15.4588 0.0307788 9.62399
243.299 1.43551 13.2154 11.0136 37.6836 15.6906 21.6682 7.21449 5.49824 0.161907 11.897
20.597 28.097 6.70495 14.74 32.1976 27.9285 26.2854 7.69725 2.38832 0.103316 10.015
6.0687 23.8457 31.2684 10.4872 12.8373 13.8715 2.91652 20.0715 2.52834 0.0360434 7.31075
-28.5877 5.19391 52.0891 18.7225 6.95873 9.62263 7.06484 4.9996 7.8134 0.0412194 7.75164
51.6734 9.89579 17.4696 22.3002 13.1925 30.3674 11.6911 13.5459 25.1749 0.0771991 8.63835
93.5314 12.8311 8.29334 25.1624 11.7853 28.5194 8.86169 20.9747 16.617 0.0099407 6.44581
143.516 21.4661 8.29334 8.77953 19.4118 26.052 11.6592 8.80459 11.151 0.0099407 6.169
68.2063 22.933 3.52254 8.92345 20.8805 34.1125 24.6021 12.9902 5.42927 0.0162981 7.64539
-14.407 33.3478 5.98507 8.7365 20.9741 15.4291 25.9917 9.84885 40.2762 7.58823e-05 8.34953
-23.2555 37.222 35.4151 14.3756 8.81176 3.47191 14.9386 11.7 10.5896 0.0797968 9.49576
73.6173 19.7113 20.4446 8.16127 9.069 41.2616 31.7026 11.3165 6.7922 0.0103424 8.04135
43.4279 20.6044 42.3981 8.62787 2.21837 30.1839 31.0386 7.79248 21.3304 0.0103424 10.1612
12.2521 7.63487 24.8977 36.692 12.1244 19.7048 65.2403 26.0087 15.4325 0.000731617 11.7514
22.4169 27.7174 2.84691 23.5101 29.1961 13.9318 66.7194 48.9104 5.82305 0.112161 16.4666
-36.6689 22.6806 26.0729 6.7619 27.5101 12.317 33.42 5.2878 21.7938 0.229986 12.275
159.062 14.7535 7.19282 12.8818 30.3334 8.9902 27.4943 1.07864 32.3319 0.00802647 8.33697
110.627 1.82447 21.0279 50.3945 6.1543 21.4535 4.6605 13.7234 2.22455 0.00889213 8.06904
37.701 20.5473 15.7005 4.58985 8.26496 28.475 9.51142 10.5851 34.3482 0.0226955 8.39055
65.2857 29.3501 12.5611 7.23705 13.774 33.3692 41.6272 16.4914 33.9182 0.0207581 11.4931
22.2037 23.8431 37.6108 14.6123 12.6286 29.4669 31.2735 2.92339 2.40192 0.0714162 11.0741
77.3497 22.9396 5.20722 11.68 11.3234 39.5949 20.2498 10.5618 18.6926 0.116264 9.59275
-3.1436 27.4959 2.67943 15.2997 37.2137 25.5805 30.6699 16.8523 21.0008 0.246265 13.9071
20.0161 34.3251 17.6671 19.4133 43.5725 11.2169 37.818 1.46516 28.0123 0.0643309 14.2784
116.456 11.9884 25.0039 11.2459 4.91128 23.7265 17.2807 4.97487 24.7528 0.000880837 5.65571
116.802 14.399 18.5608 3.76923 5.73743 8.74027 9.91344 9.28158 21.7754 0.0301945 6.39351
87.5169 3.40555 6.46144 48.8316 0.360942 26.5353 4.96589 2.34144 1.78734 0.0578366 8.74624
128.747 10.5551 10.5603 33.0298 7.11118 9.41257 12.6804 7.64124 20.1932 0.0374292 6.51256
89.203 16.3581 38.8051 13.5628 13.7716 3.50649 13.2483 8.74255 12.521 0.123634 9.41728
78.5013 17.4111 23.0712 11.1264 16.3594 10.7237 16.5099 6.44272 6.18366 0.15706 7.63238
33.9901 36.599 12.2686 11.9349 48.5633 3.52113 17.3157 30.6555 4.94317 0.166785 12.7243
16.8804 18.8327 6.79911 12.3777 32.4421 2.46652 1.43237 47.1346 5.06721 0.0561683 11.0362
74.1783 12.0107 22.4878 1.04339 11.8998 10.9206 9.21047 12.8816 7.75727 0.0674427 7.23033
46.7487 11.6125 19.0028 1.38492 24.3932 34.1805 2.98515 20.4293 1.19573 0.0818958 9.55542
65.8239 14.8856 9.51266 20.3687 13.8134 10.5005 8.7874 29.322 1.29718 0.0983305 8.17277
76.997 12.77 26.1677 2.5921 13.5143 9.26276 17.768 47.9849 13.9814 0.00274276 8.11343
10.1185 43.7786 17.3171 9.52455 21.9901 6.80987 17.1214 18.2852 27.5063 0.000475867 8.16087
-31.375 48.0654 19.9354 10.7197 19.1448 7.31889 9.10629 7.6757 45.3933 0.00394649 9.56742
-3.44318 36.8557 18.8235 9.72566 2.91102 3.68311 17.8141 12.6761 3.57254 0.0245396 7.42783
0.330639 3.80866 8.04077 43.126 21.0744 29.5379 36.1239 14.1025 13.3881 0.323367 14.301
57.474 14.818 8.20965 29.2038 8.52839 50.8859 21.7422 14.2144 3.06016 0.173962 11.262
181.821 10.931 10.567 10.3836 2.05627 2.539 15.8646 6.82253 25.3218 0.00207441 5.78058
29.3706 23.1983 13.2496 12.7476 16.2842 23.8101 17.5715 10.2455 33.8861 0.0460954 8.85413
68.4708 1.40539 34.3937 16.9976 44.5857 22.6088 14.1412 13.9809 8.83052 0.0474389 10.5811
39.2024 22.8954 30.865 3.62137 22.4679 34.0228 43.9578 3.60723 8.74056 0.0275279 11.1107
-12.2416 68.5414 5.72781 7.48327 9.62587 3.19232 33.8437 27.7104 1.66548 0.151448 13.9505
67.4537 6.10806 20.7951 7.42025 32.4131 21.0034 19.952 17.9615 9.50167 0.17042 9.51952
192.423 18.1895 13.5953 2.84367 11.3876 9.09714 14.8832 24.4122 5.98555 0.202115 9.95086
135.709 14.246 2.89394 31.1459 21.6418 12.4792 24.803 10.7143 13.426 0.104575 9.1064
72.8951 15.6482 2.89394 29.4784 25.1176 1.8839 31.5978 13.4346 15.8257 0.10588 9.67854
119.117 8.82875 2.89394 10.0055 10.2913 9.57395 24.5331 4.71859 8.30195 0.0483366 6.87605
123.274 14.3463 17.9759 3.14312 11.6791 9.68285 5.16431 4.11174 0.916573 0.0989754 6.89168
164.472 3.56257 22.0312 4.79446 1.83671 8.05315 19.7145 11.5907 8.56002 0.152315 8.26898
41.4064 11.7842 13.3204 7.76552 26.9207 2.08144 8.15381 17.0438 13.9993 0.14666 9.37472
87.2822 11.6095 19.5897 11.6488 16.7247 2.16899 12.9462 7.91577 25.6636 0.0797412 7.59013
132.484 23.3992 3.25398 20.3802 33.3902 9.3593 4.72643 15.4173 6.14216 0.0864739 8.66648
67.7708 25.5554 3.31835 12.3061 28.3369 6.80702 9.26934 18.0724 12.6026 0.0743836 7.79638
70.7547 19.5127 9.21877 11.4335 14.1559 17.2028 5.92178 54.5786 41.9265 0.00147042 10.1814
142.967 16.8052 10.0829 12.9346 13.0439 46.9616 14.6847 12.2937 30.5737 0.0171521 9.49186
93.6631 13.9683 9.15762 6.15738 10.4092 33.1824 7.14163 11.0612 38.6423 0.0211335 8.23998
42.0653 17.1467 8.52224 19.5136 14.7869 35.8375 8.08413 10.1445 38.7774 0.00905114 8.3178
160.25 2.04029 27.1902 20.8264 3.61751 23.6895 9.70457 7.56524 7.58911 0.022697 6.66003
155.222 3.9545 4.91107 7.85748 23.7613 35.9099 11.5834 14.2202 10.159 0.0319452 7.11553
152.528 4.31107 3.66386 36.6654 12.6616 22.5769 2.51892 18.1278 11.0673 0.012159 6.50095
233.561 0.423685 10.0898 4.3459 14.7272 11.9489 50.4756 13.3849 15.4711 0.0448392 10.1948
116.024 6.13655 19.5632 8.2401 3.52079 14.9841 44.9979 19.9826 5.19558 0.221713 10.5673
-7.32292 18.5521 9.58329 26.9915 47.7712 12.447 91.3493 3.99443 12.5922 0.133151 18.6327
-32.6341 22.4775 7.30474 24.3201 40.4733 35.9572 23.7705 3.39127 6.20994 0.192953 13.0331
-21.9811 33.4075 25.9395 19.466 26.181 20.873 4.41601 29.0662 5.32575 0.00100446 8.28041
140.934 26.4891 14.0999 10.3648 22.4289 27.7043 24.4791 9.99562 6.88507 0.00726009 9.16628
220.264 9.8922 2.79648 7.76306 14.6636 2.26377 29.9483 6.19539 6.55717 0.00337694 5.72464
187.552 3.99083 8.34404 28.0615 4.37888 29.5163 10.3539 9.69415 30.3978 0.0197861 7.89252
184.86 3.93511 11.1879 22.0328 8.92043 3.79023 1.0854 22.999 32.8305 0.00274512 7.11049
93.9242 7.23517 22.3678 32.5053 15.0384 3.42697 10.1711 1.40919 39.8599 0.00737332 7.81871
117.412 5.03302 13.3166 22.2995 1.36109 13.2641 2.2426 1.84145 2.8824 0.00486486 4.8714
112.067 13.4401 14.6667 16.3486 12.4147 22.2137 17.2824 20.656 23.765 0.0319866 7.64607
109.207 2.08438 9.46545 17.1474 19.2199 8.00614 11.1063 11.0028 0.833655 0.0229013 5.98966
50.0038 24.846 20.1693 1.14266 13.5247 20.1538 28.1846 17.5022 15.2074 0.0604931 9.2989
-59.5401 27.0384 20.1834 3.92634 14.0801 24.2368 18.3465 26.4031 7.35698 0.00436833 9.02484
67.516 13.0764 24.7617 9.24927 12.907 21.1846 11.0632 12.681 13.3195 0.00436833 5.0333
203.916 12.4546 10.1855 1.35342 19.9836 35.9803 6.94483 6.4622 3.25363 0.00929804 7.01622
59.2534 30.9047 9.66068 13.2462 19.7705 5.54241 21.1033 3.66502 8.00222 0.00995385 5.79364
-6.80526 27.3856 19.1637 0.846335 15.5505 36.9149 14.0009 0.346064 12.7424 0.0075182 8.77217
22.0628 12.8898 17.7384 5.12272 29.2199 34.1973 1.75527 2.19646 9.769 0.0060547 7.03349
-56.555 16.6777 25.8238 19.4918 28.3349 2.68149 25.0915 53.3359 4.25562 0.00118311 10.7644
13.5734 11.8917 16.589 9.94372 50.7209 10.6336 16.9052 17.917 8.39556 0.00237257 7.32212
176.278 1.59227 12.1784 31.4926 16.9014 1.67706 37.8532 3.72852 19.7091 0.00237597 7.78626
225.803 10.1752 4.6056 31.7925 16.0603 12.7873 0.91623 11.4386 11.2167 0.00500426 7.77653
159.367 5.64181 21.3238 14.0945 18.4288 1.62857 7.45134 0.305856 11.622 0.00216369 5.34542
138.878 13.6129 12.8126 19.2448 24.4204 7.40305 18.6638 16.0601 5.29694 0.0015529 5.22739
114.902 18.5408 21.7035 24.0004 7.38016 9.89756 25.969 10.9719 13.7501 0.0275783 8.02956
120.166 7.9496 1.72615 20.9913 12.9344 48.0672 13.1298 15.3813 12.1862 0.368655 12.1424
91.4063 6.14208 7.02044 7.5084 57.0224 6.04146 13.7597 16.898 11.6289 0.1997 10.1786
153.315 25.0564 11.0652 1.49816 12.9813 10.8332 8.32623 11.3404 8.46922 0.210354 9.12796
8.47503 16.098 20.0236 24.3525 12.0411 21.521 21.8952 15.8066 12.0738 0.0832698 8.61283
78.0606 17.402 19.666 9.93148 5.44092 8.73002 23.7991 8.46919 17.8918 0.0284839 6.53891
116.813 7.22897 31.5719 10.8795 5.70245 30.0091 38.4196 3.42252 38.3717 0.161129 12.9473
97.7102 10.1901 45.9374 5.81362 7.09921 23.7701 5.90696 28.6571 22.6199 0.0390666 10.2607
100.719 12.0631 14.195 15.1734 5.34496 16.8456 8.07331 2.84319 16.3425 0.015414 5.09026
69.949 5.42135 5.52681 28.1588 5.15107 12.4551 19.7444 2.60013 18.8036 0.00551224 6.46953
117.721 7.40974 10.5075 2.39537 5.15107 6.92776 13.4265 32.4816 25.9948 0.0183017 9.30866
-22.1673 36.3211 10.7661 27.7059 7.54896 14.1596 42.6513 1.05357 10.1011 0.0183017 9.16776
49.9561 12.0254 9.60867 27.3212 31.7867 6.46512 22.9467 3.969 22.9723 0.0103055 7.16924
28.5358 10.5021 36.5533 10.782 1.08975 12.397 19.041 49.5435 30.8683 0.123775 13.3704
70.0921 27.0145 13.8842 5.60586 12.1288 16.2587 36.5818 8.97236 29.104 0.05465 9.51675
-0.478945 25.604 11.6953 7.86425 7.07371 26.7226 36.6844 7.09275 7.94784 0.0539781 9.28291
63.8717 19.03 4.71809 25.2067 43.1668 14.8321 34.0848 7.09275 7.94784 0.0347217 9.67902
259.086 8.38043 0.88611 7.94586 5.89831 28.7398 23.5432 38.1196 2.01174 0.0264532 10.574
171.402 12.0888 15.2042 9.45064 4.40101 9.97853 5.72605 30.7535 12.6701 0.019166 6.79975
73.3447 27.5692 3.77988 8.33319 3.41713 2.91362 5.90935 3.16707 3.94377 0.0188494 6.53287
28.352 28.3532 26.3946 3.40139 31.1104 14.3517 16.5741 0.756782 4.27722 0.0120951 7.60848
69.5876 7.23687 44.9056 4.92969 15.3909 12.8085 11.6281 7.14729 1.34727 0.0185357 6.43798
29.0515 13.9984 65.6707 4.26009 14.9716 7.87282 9.63072 1.68994 3.80921 0.0138274 9.52593
27.303 22.6992 31.4508 20.5218 13.7528 24.9536 10.7859 1.73455 9.47426 0.0129685 7.48888
-52.9777 26.2401 15.0063 41.051 9.84867 23.0571 12.6864 3.04818 2.63203 0.00616855 7.27328
13.0759 26.9575 23.4254 46.8586 16.3563 3.26366 9.16326 12.7263 9.64741 0.00479317 9.03678
125.412 7.4453 4.62483 16.8849 18.4966 21.7463 8.26184 8.2468 10.0815 0.0673499 6.24472
-20.5864 14.6437 23.0366 11.5156 17.5108 31.8468 15.8077 6.04101 11.1118 0.0673499 8.77172
35.6033 14.9317 15.769 21.4217 19.4855 21.8078 1.80717 22.4001 20.3038 0.0317586 7.96617
70.3362 16.7685 8.12448 5.93693 33.7474 20.6566 4.61551 5.08509 7.00132 0.0122891 5.65371
113.388 11.2378 7.31915 23.3145 27.7453 9.59566 20.4028 14.4888 23.0802 0.0313283 7.5172
150.832 5.89512 8.19848 17.0894 3.30754 47.1365 14.734 9.70225 9.64327 0.0138235 6.73518
123.72 5.59165 7.33886 14.4622 10.9667 25.8757 14.6948 10.8104 18.6271 0.16199 8.31573
149.709 7.78565 9.41327 18.4141 22.7841 12.9512 24.9942 49.7919 16.8979 0.00792036 9.09618
128.86 9.34617 24.9156 3.33128 19.5231 34.6163 48.0867 16.4367 6.94135 0.00108557 9.23708
80.8727 8.51963 6.29322 18.4612 34.8956 4.65595 27.4754 1.74352 14.4403 0.010142 6.80936
106.815 11.1403 14.5146 16.6365 24.3048 11.9441 8.61022 11.7266 16.8179 0.010142 5.21078
159.02 12.879 0.526875 19.7395 27.4656 2.10509 7.12226 13.6754 5.32934 0.00404781 5.78593
117.213 5.72943 27.8852 2.9689 2.86719 3.29663 12.5053 32.1949 7.02608 0.0336358 8.04503
38.6653 21.8867 16.5952 5.16693 25.2437 15.5756 8.16886 5.40713 11.8366 0.0190368 5.85379
51.8238 21.7394 18.7446 1.57314 25.273 15.1798 14.1164 22.0601 6.73705 0.0190368 7.16194
40.7137 14.3557 22.3897 6.49748 28.0459 12.233 14.8441 7.70021 1.38877 0.0773366 7.2941
95.9785 5.55303 14.1921 16.9561 0.585917 6.9854 11.1644 1.28989 4.29722 0.0367363 6.91993
33.0467 2.24635 32.1423 17.5725 5.30129 52.8863 2.00541 7.85992 20.7971 0.0170629 9.17599
10.4996 12.5794 6.04528 21.5121 17.1377 17.6037 19.1347 7.01743 6.6908 0.0617029 8.29109
24.2974 6.56869 23.6604 32.1572 8.27001 37.1236 12.3493 15.4877 35.1713 0.049392 10.5208
44.0165 12.843 20.2721 30.4337 24.6812 19.8326 14.2432 13.6363 33.7553 0.160839 11.4774
-38.35 7.53723 61.0851 8.57263 1.60682 41.2211 13.0099 6.31812 10.0006 0.128377 11.756
100.48 47.9034 15.779 9.34387 31.2101 16.0859 9.19024 15.0116 31.7684 0.124116 16.1957
22.6225 16.0097 5.09548 33.727 21.615 16.6657 16.5648 12.5471 18.7288 0.175946 10.0072
102.335 48.9098 3.39093 7.72212 16.9968 17.3 3.26567 14.354 8.67718 0.290196 11.9853
147.658 3.76806 42.6097 23.2886 16.7327 9.18136 26.1122 4.08428 41.049 0.12947 15.4778
143.014 4.87294 8.48242 20.942 12.8011 24.5621 21.6387 0.711681 18.4859 0.0934376 8.29892
101.797 5.01689 7.31642 30.6494 15.5734 1.12028 25.2116 2.79115 0.50841 0.102294 8.5285
90.6989 6.5237 2.10707 52.6441 15.9503 11.2235 40.7389 8.85159 8.20553 0.122468 11.0703
20.4736 19.9554 7.56276 36.6442 35.9087 8.26771 28.4508 10.1479 3.88772 0.0512268 9.46528
-55.2989 28.116 18.804 32.5867 18.645 12.4571 20.6634 0.821863 7.59278 0.0114492 7.93134
-3.39901 26.5176 20.8181 18.8527 13.1787 14.4378 14.3388 3.1455 11.9032 0.0539968 7.1673
112.732 15.1221 15.5906 34.3007 7.66508 13.7256 6.60099 9.83262 16.7135 0.0277916 6.95998
127.239 24.4216 13.4236 14.0557 27.1718 5.6873 1.17874 19.9485 3.89004 0.000155187 6.04509
82.0628 11.0972 11.9104 9.22757 20.6515 5.29729 7.51202 7.16091 3.97231 0.000155187 3.36073
143.332 15.287 12.3346 9.55587 19.0754 6.81108 8.84249 12.6805 6.29534 0.000155187 3.36396
150.93 11.7252 11.3517 2.20347 6.67751 6.39608 4.85291 17.9373 9.5064 0.000511421 4.59964
-29.7832 37.3641 17.9296 11.6673 22.3978 6.33475 2.70702 19.9636 44.0347 0.116672 12.0464
13.2527 32.2919 20.6994 4.84965 24.9926 15.302 18.8764 10.7445 50.2539 0.0333003 10.874
14.6676 12.8805 23.0792 47.8266 7.46126 4.66733 12.7584 5.28439 13.8215 0.0304995 7.66098
13.0856 31.4691 13.201 41.6966 12.2297 1.0588 9.68304 40.2015 20.5679 0.0845173 12.3504
10.636 15.7501 9.288 33.6174 21.2842 33.5568 12.0987 12.1193 10.3324 0.112494 9.64848
80.0428 8.62625 24.387 22.3821 9.28002 33.1093 32.8507 25.5354 0.585071 0.12245 11.6549
116.183 5.20525 2.74101 23.2934 2.42419 30.5256 28.3547 14.731 29.7518 0.00348264 8.41717
41.2623 48.0649 7.74209 6.86997 10.4022 15.7557 12.5827 28.5156 16.698 0.0057683 8.65702
152.874 0.516233 19.5761 28.1508 8.80364 6.66727 2.9702 17.1066 9.2666 0.000815664 5.19696
141.411 7.93096 52.5731 0.943392 8.15133 11.9644 22.0592 4.88507 16.743 0.00459927 9.73757
182.36 11.0787 6.06073 2.22396 0.910876 10.1361 45.1327 3.47543 12.3657 0.0191165 8.45776
168.142 2.1769 33.677 1.60192 5.04657 13.7799 23.5785 2.85543 8.63164 0.00288177 6.14603
189.394 16.3368 12.5205 7.58851 5.42188 3.70494 16.886 13.6804 13.4505 0.00633402 5.99913
22.1317 7.52567 8.96292 15.765 15.831 11.8011 10.6112 6.11254 17.6757 9.56429e-05 6.20702
184.317 13.0491 5.20857 26.3857 8.44571 37.3202 31.0173 13.7131 15.0109 0.000803431 8.8065
86.1381 3.21624 21.1065 16.5776 25.0452 2.89857 19.6295 6.30172 6.29615 0.00145118 4.60481
96.1082 17.2858 9.22689 18.5748 18.5884 9.83518 15.9536 23.8495 3.10972 0.00159168 5.02407
127.309 14.6888 8.3414 24.4322 16.0528 21.8521 1.74673 1.63625 3.25448 0.00163338 4.79502
89.6036 30.5766 9.3571 2.35597 26.8427 5.52065 35.5207 7.05559 5.17881 0.00517937 7.17439
63.1631 10.394 24.4853 19.4188 34.8203 13.679 6.29268 6.21931 2.86292 0.0884563 7.74447
102.826 8.50106 22.9028 12.5136 10.3846 12.1722 39.4806 5.23258 6.46543 0.219278 9.32072
179.035 47.0607 7.49731 0.510469 4.12869 12.4133 8.40955 11.5378 3.88666 0.0410268 12.8534
122.445 19.5446 10.1251 17.678 2.61404 12.002 9.0866 13.9902 5.93971 0.0395371 6.06054
176.386 17.7421 11.7093 13.6714 21.1701 25.8725 6.12618 17.3787 3.19201 0.00350886 7.05831
42.5379 9.23442 3.06916 30.8797 23.6394 24.3458 8.92587 43.013 2.59599 0.107038 11.0997
-21.944 6.25767 30.0256 28.4038 10.9193 23.029 9.95314 22.5823 1.0957 0.0621843 9.38995
59.0563 1.3532 37.7259 11.6953 14.8187 7.77573 6.96588 9.54682 10.082 0.0455804 6.70457
-61.3571 62.8378 17.5312 8.54693 19.3249 3.69923 63.0682 5.47537 4.1897 0.0260029 13.6049
2.61175 44.3411 15.8388 8.85575 16.7028 16.5284 3.83491 6.01252 3.90158 0.176179 9.35195
94.2696 14.9977 21.6468 1.42581 8.40271 44.3132 4.12528 4.99806 4.4356 0.0327425 7.26321
-62.2744 13.6715 53.5913 13.464 12.4991 48.5509 36.2324 3.26514 12.1093 0.0083482 12.4594
-62.2744 34.9104 38.1842 15.8319 17.4534 12.6056 17.709 2.84741 12.0204 0.00795691 8.2438
-48.1519 21.539 34.423 23.9947 6.05809 26.914 14.161 1.60078 12.0204 0.00795691 7.66496
-28.4213 16.491 37.9049 15.0412 6.9064 32.5027 21.7063 12.8195 14.8404 0.0575708 9.59975
-42.6654 6.56645 62.4601 11.0138 8.79517 16.235 2.19312 4.51086 25.9877 0.00451587 8.61033
10.4367 35.2406 15.1379 29.5921 10.3744 10.2954 26.5764 14.666 1.15943 0.00451587 7.79144
56.0173 9.67152 18.1152 27.4305 11.2299 3.19478 22.9182 16.7277 5.4688 0.0226237 6.42618
22.0441 16.5317 24.6621 8.01674 22.6078 27.1652 1.85665 16.2141 1.6545 0.0020744 6.05485
93.3217 12.2133 35.254 1.11409 19.0567 13.0756 2.82055 13.9109 19.6053 0.0307279 7.77592
-25.8036 15.6632 30.8814 21.478 5.21205 10.5092 2.69953 10.7119 3.41355 0.00145136 5.54328
-16.1878 26.3077 16.5902 28.9842 29.0927 4.73734 1.75472 16.663 2.77507 0.0199263 7.64122
48.3942 15.6046 16.8963 23.4893 29.9587 3.2903 24.8548 1.74079 20.4383 0.0106149 7.35172
92.0844 15.7564 30.2176 23.1069 11.8818 13.3902 13.4695 13.6741 26.4028 0.00146133 7.42349
51.6005 26.4641 35.2858 12.1999 2.1267 17.439 14.7628 23.4733 19.1166 0.00968841 9.10503
35.6483 28.5702 9.9525 13.1923 13.5603 11.6834 12.8969 15.2864 15.8368 0.021204 6.47233
-58.8421 34.7558 9.30786 14.5151 9.91749 2.43113 14.5014 20.1343 20.4767 0.00219725 8.67908
30.4137 26.9486 8.04401 10.1726 16.2747 42.1282 3.34179 26.3835 5.55454 0.00442293 7.5032
86.7013 27.244 16.7507 2.30207 32.0288 14.6641 22.3245 3.14177 6.39821 0.0164499 7.58486
24.616 33.0712 1.37195 13.4358 6.57233 6.7784 17.866 7.18785 10.9443 0.00481953 6.53737
31.6302 23.7972 27.2212 15.3299 26.7558 3.83507 2.48482 4.7424 2.52026 0.0160002 6.45101
10.6794 41.1422 9.77306 11.7813 0.270663 16.9768 27.757 1.88232 7.20215 0.00213781 7.73502
1.03415 26.5697 41.1615 12.21 8.74348 15.9006 9.16539 14.4953 22.4867 0.0337896 9.02856
-37.5457 35.1451 39.0979 13.991 21.9311 11.4934 17.684 3.0624 23.5597 0.119335 11.78
-63.771 11.6934 37.7803 20.4635 4.14402 16.4315 28.4417 3.33183 13.4697 0.184657 11.5822
-12.6588 1.79062 34.0174 12.4043 19.7377 19.1361 5.63808 33.0107 12.3144 0.0079658 9.23687
-50.5335 9.26091 36.5686 47.3575 5.53565 10.9512 7.34818 15.6594 29.077 0.0377894 10.699
-21.1387 19.3089 21.3774 33.4318 21.0156 10.313 21.0305 10.7286 45.1279 0.0273316 10.6299
226.161 5.97764 11.7033 21.7836 19.5622 9.08852 20.3328 12.5456 38.1342 0.103866 11.6308
97.886 14.773 19.5257 25.5837 5.1168 8.96212 3.21365 12.7846 27.1823 0.0297745 7.18672
95.9883 3.58366 20.6479 22.8511 5.02794 24.4578 3.21365 6.29517 3.2871 0.225949 8.41317
128.413 27.7751 15.9045 10.8686 11.984 30.028 19.0027 10.2206 27.2464 0.0824519 11.112
92.9024 13.038 17.0397 10.7608 17.931 3.28739 8.57204 3.98541 6.75703 0.184936 7.42758
149.53 15.8826 17.9164 9.62049 25.4387 13.0237 14.2215 8.62377 25.5266 0.0528172 8.42632
99.8558 18.8905 9.00707 2.9322 30.7277 26.1553 8.04296 38.0639 21.3489 0.0892409 10.7386
49.7914 14.9157 12.2492 3.63198 28.1676 13.825 1.20611 16.4299 26.1231 0.00704611 7.6428
191.34 6.24892 14.1155 6.18748 3.36313 22.0772 6.45465 12.1379 43.8785 0.0636074 9.19505
141.317 13.2516 10.4073 21.6183 7.64242 2.11441 3.03533 18.1288 10.7743 0.00812165 5.37434
183.77 10.938 8.53989 17.7387 11.0537 0.542682 7.74652 13.338 19.1598 0.0259154 6.89965
98.5302 20.5769 13.4715 5.07272 22.6799 10.6166 9.7591 2.5341 9.73602 0.0610382 6.30551
1.74588 36.0791 8.73624 13.3702 36.0779 24.0251 13.8551 14.1919 33.3038 0.00356609 9.37066
87.2304 35.4053 12.001 12.6813 20.3497 29.8478 40.0299 22.1387 23.2509 0.00622654 12.5339
-38.7183 37.2063 22.1933 17.3995 18.1544 24.9727 29.1691 5.91304 8.46154 0.0140854 8.81685
67.3284 33.3543 3.51383 9.69248 19.2278 31.4311 15.2474 9.46202 1.08788 0.0140854 7.48728
-72.9864 30.3419 3.09565 46.3324 23.6263 15.0925 27.7065 3.31794 12.7184 0.0143206 10.1686
-72.9864 31.8612 3.09565 40.3928 13.121 15.0925 39.4525 3.31794 6.71695 0.0143206 9.97071
-61.545 42.2137 9.03754 12.1945 4.60171 21.3681 32.6756 3.31794 11.4132 0.00313924 8.18449
7.97811 29.3894 9.72212 4.79154 15.7962 8.79645 99.4779 9.82313 47.8307 0.0894854 18.0223
-11.6836 76.7523 3.93927 14.1402 8.86015 0.842147 17.1159 6.80058 29.6786 0.0548377 14.5854
145.79 32.9223 9.2574 12.7375 29.5198 4.84493 2.32446 10.7609 9.49335 0.0204097 9.07425
109.597 29.8302 0.741775 14.7595 2.84113 5.04589 14.8203 21.4267 6.07914 0.0522006 8.50647
-70.8666 31.6967 21.9285 16.868 21.8211 10.398 6.34025 9.22314 29.4743 0.0647259 9.78198
-46.4091 50.7348 6.53193 11.5806 15.4389 8.15425 11.4195 14.5579 19.2894 0.0139018 8.06929
-6.41399 56.7635 6.72524 11.1473 27.4484 5.13565 3.84796 9.12453 22.2485 0.0139018 9.27964
3.86123 29.7029 34.6167 4.9907 6.42578 18.9971 7.87465 19.1805 22.2605 0.0458659 9.12027
33.0894 30.4235 17.9032 18.012 7.41134 17.9497 20.4106 13.6355 8.78923 0.0955029 8.43609
129.418 14.74 2.82916 13.4935 8.67383 9.05174 45.4731 18.0795 8.92442 0.0313863 8.12151
10.6789 19.5374 35.6203 13.519 4.73851 6.19893 4.93496 27.9737 7.25844 0.0350735 7.84811
44.2594 22.8836 36.2511 17.2779 5.51924 28.6885 11.4129 13.452 19.188 0.0839962 10.4484
-55.7361 7.72681 54.465 18.5344 22.4888 30.3732 7.47193 5.80397 11.9682 0.0738539 10.8295
-44.1902 4.39317 44.5763 16.1857 10.9712 22.8863 4.52922 20.6403 27.6572 0.0180215 9.96618
199.117 2.63681 12.9661 15.3569 10.8685 21.6298 38.0283 11.3949 26.0223 0.0888327 10.256
141.11 17.6148 9.59984 38.4086 5.28265 24.4958 21.0186 6.42037 0.827763 0.0179163 9.09128
108.621 16.9255 11.2277 24.8494 4.44469 45.7005 47.3669 28.2646 11.1102 0.0082828 11.9586
132.188 12.1553 20.4676 5.47905 8.15161 38.8664 7.82404 0.457237 10.1123 0.0116632 6.66775
116.504 16.0614 13.5714 11.6846 16.4719 40.7065 7.61464 7.39761 11.2629 0.00715248 6.17309
86.8173 10.5584 33.2778 12.8536 12.7626 3.42055 21.2648 14.4659 11.3099 0.00878888 6.10312
5.02766 26.3829 23.7657 4.73776 2.43903 24.4986 83.3956 17.8737 32.1675 0.00771256 14.5574
88.1808 6.03479 11.6932 37.9244 13.0036 4.26694 26.5808 5.16142 17.0985 0.00315494 5.85372
165.388 9.39134 24.1718 14.3757 7.76275 0.712674 5.71529 1.62646 3.28506 0.0736155 7.54375
80.068 22.4288 19.2411 11.0495 12.6698 1.43688 24.2152 8.26988 17.7291 0.101257 8.50854
125.818 26.7785 24.0746 21.6363 23.9421 8.27423 14.2133 18.8815 5.88128 0.000920329 9.95927
79.1425 24.08 9.05505 6.30621 53.016 11.4686 10.2791 4.41086 18.1115 0.0105464 7.75201
15.7173 31.23 20.8867 10.6102 10.2164 34.5702 22.1363 10.994 12.4042 0.00591843 7.56081
121.844 10.8339 18.135 9.92701 12.9501 10.742 9.0356 8.41952 22.3006 0.00536568 4.76143
-70.5294 33.7584 31.6229 3.23041 48.3741 12.6838 34.4881 7.55626 8.06749 0.00495828 10.585
-57.9821 38.4092 44.5136 14.1828 5.7973 7.67943 2.40419 51.4209 0.798989 0.00717984 12.1023
79.1511 8.2747 21.4161 9.36934 9.60411 9.51355 18.839 9.39325 8.39441 0.00463732 4.61955
23.0812 22.3014 13.9768 8.9009 2.25438 12.1234 26.0768 8.89728 5.72921 0.0285931 7.4861
14.7807 14.4962 1.84548 8.86538 50.7109 22.6485 14.7238 14.2679 8.79514 0.00886516 9.36739
73.2483 21.6442 11.6039 22.8407 34.5074 33.3441 22.274 10.5121 7.92132 0.00724896 9.37513
51.0992 31.0844 4.01096 22.6391 31.5751 28.8353 20.2053 7.04546 7.92132 0.0214777 9.10764
4.37984 15.08 9.48574 50.5666 34.3901 12.0992 4.23329 16.8169 30.1535 0.022762 10.7499
11.5296 12.8973 0.141635 46.0225 7.23436 6.2839 8.40569 0.985049 20.8118 0.0196797 9.79438
-57.3577 36.5681 2.93004 28.0438 2.10977 22.0317 7.02987 7.26504 43.729 0.0121307 10.8031
-58.3375 42.4348 19.518 7.36415 4.62547 21.8738 10.6747 17.9324 28.6928 0.0179865 9.52942
77.4453 17.2301 40.0859 13.3777 4.59221 5.732 27.0484 19.1558 11.3647 0.00349836 7.88216
-23.2077 11.1358 28.1121 23.0338 26.5734 12.6783 11.9496 43.3758 7.52034 0.00466541 8.90355
-16.2281 13.922 29.7567 26.098 37.4485 4.43012 6.33583 54.2203 9.69843 0.00517374 10.5751
62.3564 9.7284 30.4432 2.9908 19.5776 7.04707 15.4432 47.6612 10.3819 0.00395077 8.10545
183.362 5.06589 18.7845 2.9908 21.8204 10.0632 21.8261 26.2758 1.4977 0.00348427 6.50358
50.7639 16.0011 25.7189 3.90232 20.091 19.0146 13.4373 33.937 31.7092 0.00439348 8.66472
176.414 11.3831 7.28474 8.31072 5.33642 26.092 7.26013 22.0609 3.99067 0.0199234 6.08527
0.954495 6.91838 22.0759 11.7557 76.4314 26.1833 15.3238 9.33827 15.2366 0.0638989 13.808
-13.0219 8.12446 39.7071 6.38359 26.0146 22.8609 32.1019 9.19998 66.7234 0.274133 16.914
90.2311 16.0169 22.2249 33.8012 37.2491 18.4568 5.31337 15.7381 12.8606 0.12198 13.1871
83.1369 12.5482 8.11499 7.31491 21.6597 51.9495 6.52456 17.4867 10.3806 0.0208408 8.16765
70.9614 19.1627 9.96983 12.3496 10.2367 49.7515 11.9318 19.7743 0.557987 0.0445906 9.08347
111.19 9.31166 5.70357 21.1386 31.4275 4.75761 23.2431 32.8476 22.6304 0.0903989 10.1292
48.5931 12.566 8.956 39.1555 7.0736 13.6226 7.68603 41.7637 22.551 0.23033 11.9348
59.0045 15.725 23.7621 32.1414 33.0066 1.73026 2.46864 9.08189 16.927 0.0374322 9.16731
14.3628 42.5356 18.6343 16.7107 3.3031 37.6563 14.1745 15.8379 16.1085 0.00239533 9.24899
71.8262 1.09235 29.633 11.7964 8.61603 27.3023 17.4631 1.2047 21.8564 0.00871576 7.34678
119.899 13.5141 16.0654 3.15504 9.82839 3.96791 14.7637 16.8195 16.9941 0.0630693 7.40208
37.5114 4.5697 15.4423 20.0977 16.1495 5.83349 27.1517 4.54708 3.15562 0.123207 8.60478
69.009 18.2902 32.536 4.35066 17.0422 9.54376 12.273 4.49102 53.4993 0.297169 13.1541
28.1953 5.50226 4.4422 3.15357 89.5142 0.827328 0.704721 5.9181 12.2481 0.176491 14.401
31.7763 22.8659 12.5525 2.6708 53.9323 14.3678 16.0162 41.3265 1.54182 0.462276 15.8925
-27.9411 40.3955 10.3889 12.1482 48.6597 13.9636 23.0013 42.4981 32.4747 0.097297 15.4565
12.6031 19.0794 20.3748 18.5109 36.7029 4.39597 13.2539 30.6069 30.3837 0.0484389 10.5424
35.1602 26.3711 16.4201 8.31437 13.2932 8.09561 0.757712 38.7183 21.3713 0.0500826 9.97134
67.8708 31.4453 15.3331 1.22851 39.2666 10.7673 4.95347 27.6583 20.6652 0.00967016 9.33687
-25.9879 15.5063 24.7267 11.0498 43.2345 1.58347 12.8968 21.6837 20.7244 0.0251059 9.70258
27.5162 26.87 29.922 1.67488 7.33007 22.6954 16.3411 51.0137 14.682 0.00537926 10.199
74.817 27.2438 24.1525 3.16767 10.0871 4.38141 12.5139 46.0118 29.1466 0.0677021 11.6412
38.272 10.4294 4.03268 27.0865 12.1523 16.6167 76.9065 50.6721 11.5235 0.161826 17.0301
4.01509 7.09471 11.8409 35.9318 22.4616 35.4293 40.2462 18.1458 26.4234 0.344765 16.3009
184.618 2.34827 2.94058 43.0798 14.9848 16.4437 2.88969 21.5581 10.7531 0.337224 12.7192
140.799 18.528 2.22027 36.8138 1.24465 12.3219 10.032 22.4269 8.29487 0.315587 11.5987
19.6869 17.4632 43.6129 9.52003 3.73471 16.357 18.6811 27.5775 23.2114 0.253977 12.5854
-46.0805 7.03492 47.6811 18.0223 20.4243 16.4237 9.64027 33.4124 11.363 0.020633 9.80505
18.9484 16.8697 3.46132 14.3219 38.2809 13.384 20.7234 34.3666 23.0915 0.000257564 9.11154
29.7909 19.0682 15.9887 6.49191 25.4625 2.87569 5.96496 9.50523 20.9128 0.020089 6.90518
-36.2813 26.4418 21.6669 25.8155 10.6069 8.87228 3.73408 15.3451 7.79764 0.0278 7.09046
-12.279 6.75564 28.8627 30.831 13.8847 20.0449 13.2904 32.4693 12.1894 0.057599 9.89048
70.914 6.89156 3.40025 35.442 9.06885 36.7232 0.583745 47.4317 22.0626 0.194123 13.8305
-29.8757 19.0712 3.973 28.8355 16.7032 36.5985 11.0297 14.809 37.9152 0.0372088 11.8165
111.153 2.9971 14.0415 9.92328 23.7989 52.7563 13.4068 19.0121 49.2257 0.0310592 12.2625
100.902 5.30028 22.804 11.4336 14.7458 8.35813 11.557 17.2063 20.5563 0.0152759 5.91597
167.491 7.16349 16.7587 10.8899 22.2772 6.49732 14.3207 3.9351 15.6725 0.00341056 4.66506
123.054 11.1771 4.16344 23.367 16.6975 16.175 10.3265 22.0535 19.1345 0.0101322 6.21751
93.4916 19.1481 1.76211 9.62935 14.0187 19.9346 6.62914 27.8887 12.3447 0.0100757 6.98109
151.664 12.3108 23.5421 21.4602 1.50901 27.7477 10.6474 11.5058 7.70723 0.1615 10.1718
124.419 7.86123 56.7523 3.92494 2.17189 46.8187 6.7487 21.1677 15.5728 0.0488035 14.5247
138.536 7.69035 22.7168 3.69328 16.7567 1.99843 17.0113 4.5233 5.82373 0.00232436 4.41436
227.368 9.51283 24.5782 7.7031 2.1483 11.7238 36.6565 7.69109 6.03803 0.00522011 8.66419
68.7309 7.87228 17.7377 14.8887 23.1766 15.1316 28.0445 6.51626 20.1352 0.00484818 6.24225
79.9247 9.25773 25.6792 11.8209 9.98856 0.906295 10.3517 31.6893 5.04983 0.0484384 7.90943
91.5966 30.1477 6.76746 18.1603 0.632446 12.1595 30.1593 9.89658 18.5516 0.171565 10.7428
75.2063 9.25333 26.5318 8.87916 9.33602 27.2652 5.19254 5.05668 56.2651 0.129953 11.1349
-55.534 19.2505 41.1165 5.86198 45.6707 20.3829 18.7763 16.5875 28.0942 0.286999 15.3648
-22.6471 2.05538 6.62443 46.5947 3.63868 22.9967 6.64514 15.3265 13.4627 0.324201 13.4532
172.552 16.3753 12.8805 25.1201 6.9685 7.51387 5.16453 5.39062 13.7712 0.0379588 7.06098
80.3116 13.1017 11.9331 36.9707 17.0044 7.81003 4.02111 55.1932 14.2172 0.256855 12.9443
134.701 11.0035 7.70408 13.1135 10.8136 7.97227 48.9346 46.9437 31.7696 0.0137042 11.4524
240.382 4.8618 3.04534 10.7995 2.50109 1.36535 58.5998 4.81448 11.3125 0.012763 9.20353
52.1882 16.3777 1.1095 13.7488 10.4578 25.1659 37.1486 8.63934 12.0986 0.0107729 8.57681
57.6612 53.0651 3.99872 11.4831 13.3679 24.3233 14.5921 6.55046 2.19541 0.0163889 9.52547
29.2284 12.9674 21.0303 3.88309 36.9459 9.94153 4.41548 0.485879 48.7344 0.0122437 9.88283
-31.0836 21.3187 26.9625 6.73973 19.685 7.10362 11.4405 11.4717 18.8459 0.00994119 7.17257
28.0929 41.8081 18.8662 5.3979 9.43841 16.9907 10.4509 18.6252 36.4916 0.0168484 9.70786
4.04107 43.3959 1.54788 0.529486 6.30276 18.9842 5.44381 4.79547 47.8295 0.0647631 13.2223
65.6767 21.7013 18.6109 1.73002 18.04 9.40765 4.00791 6.07905 24.6005 0.0298556 7.1018
17.2139 5.51291 40.9109 19.2033 11.1706 2.85245 6.76069 7.8409 23.5987 0.120724 9.08341
-19.4303 29.0384 17.8798 19.1713 11.3101 17.3663 18.1717 7.34238 19.698 0.236729 10.6583
41.7905 9.30538 26.3396 16.1749 10.363 30.1303 9.34645 16.4057 32.2906 0.0813073 9.42937
-47.9627 25.7902 23.7139 9.01325 41.1287 16.2839 1.78535 12.057 31.9637 0.115507 11.7238
27.5082 2.21674 22.7298 40.8655 25.3733 2.57725 26.0268 27.6834 4.14559 0.0478083 10.3459
72.8111 10.4176 10.1317 36.5136 11.0596 4.55852 2.33819 16.0355 12.1473 0.0278036 6.323
99.6298 4.65461 14.4034 8.71346 31.1283 4.26037 18.6965 17.1971 7.19569 0.0429822 6.83552
57.0015 15.9702 15.558 2.23136 55.3904 5.04998 12.617 39.0296 1.95876 0.0727455 10.9372
25.0966 9.3393 15.7372 9.16385 16.0046 28.0857 9.20894 13.1735 1.20584 0.331528 11.1337
59.1491 31.9814 5.87523 12.3548 42.038 19.6331 12.7067 4.5354 13.8171 0.516307 13.9074
46.8763 4.61931 3.36008 24.2013 33.0255 5.98653 1.92885 16.8475 10.3367 0.0492992 8.76417
-5.30198 2.3443 3.27973 58.2374 25.2333 3.50465 0.689314 29.6332 5.34914 0.00828434 11.0327
62.3403 12.8742 5.69825 27.6823 38.0333 10.9277 42.656 35.9547 6.71673 0.0643079 12.0192
123.868 3.56715 18.9971 30.7467 9.01069 19.6984 24.9454 16.2073 47.3473 0.0378613 10.7067
98.118 5.00979 16.3338 3.72107 26.4054 42.3551 21.508 12.228 21.5725 0.00568105 8.31693
15.792 10.8162 35.4261 5.73718 28.9575 2.06305 24.2455 11.1372 17.9585 0.0206485 8.04226
20.7477 28.2247 4.31664 18.953 19.8355 38.1826 24.092 16.3111 32.0183 0.055392 11.4846
110.893 24.6248 13.0928 20.1936 9.9728 14.4316 30.4034 19.8758 4.72458 0.219151 10.8377
70.6312 22.0008 16.3913 3.19758 34.9783 15.3258 8.28985 9.04052 2.7915 0.133226 8.28028
-5.65267 10.2983 38.0444 1.59659 19.2436 20.7187 10.1295 8.43125 10.947 0.0802272 8.66561
3.44138 23.3345 34.1875 3.83236 30.8584 18.2835 15.5547 11.1212 7.48644 0.0879468 9.2305
-32.6206 39.3956 36.506 1.74087 17.8875 22.4198 9.6478 17.1513 15.4189 0.053237 10.5833
72.0876 3.42359 42.6478 4.90512 11.0726 28.4464 14.0298 2.25802 29.2725 0.000115141 6.66462
105.861 13.6224 30.6756 2.14166 19.6579 23.2703 20.8864 20.1782 18.5162 0.000666677 7.32724
173.985 4.02644 4.10426 7.49219 6.51938 17.0153 13.0502 34.9587 18.0628 0.000524432 6.57167
56.9784 4.32734 32.9919 6.24685 36.9533 11.2753 3.80702 4.32261 15.343 0.000147757 5.01238
131.266 2.37758 12.7551 44.716 1.211 17.1609 4.6395 17.601 17.8177 0.00317974 6.9439
68.187 5.02202 23.0038 24.4623 23.3145 19.5727 3.37946 0.929855 11.3886 0.00319097 5.57966
-0.515106 13.3632 23.0493 13.3355 44.8138 29.7295 7.80095 27.6905 0.112292 0.00574521 10.4802
138.874 1.73438 29.8746 10.6287 1.53763 13.5701 12.9348 17.7047 25.3891 0.0150013 7.4998
99.3376 14.8587 42.5354 3.7062 6.99663 4.64465 12.097 17.6983 8.41887 0.0207094 7.60507
4.89137 18.4154 11.9255 29.489 15.5793 4.52752 12.3048 38.2442 20.1041 0.0392949 9.58637
163.843 18.736 9.61079 11.8269 4.48289 4.56398 16.7985 15.3201 28.5779 0.10597 9.11048
40.9732 40.9151 11.3292 18.863 21.3312 12.381 2.93941 5.81318 15.5595 0.423339 12.3744
-47.4558 38.4619 11.5466 39.5825 8.35898 3.32939 17.6073 0.858559 3.12376 0.404447 13.7417
16.2625 34.3714 12.447 29.9264 7.83592 12.3599 22.7345 3.53662 5.24268 0.187193 9.72931
117.602 16.8646 4.12003 10.9897 5.66501 8.83653 45.1368 8.02741 9.09473 0.0015178 6.11736
-57.0152 41.0268 3.63663 22.4724 51.4552 3.42758 9.85333 12.173 8.35757 0.0545218 10.4205
147.843 17.0114 8.20369 7.92921 10.3919 31.4102 35.6915 24.909 2.56299 0.0345967 9.16746
174.798 13.1849 12.8215 1.22278 1.973 31.9934 19.9159 16.2038 1.80211 0.018322 7.84876
192.379 11.6995 28.448 1.98492 10.0545 35.1906 1.38177 6.08876 11.2794 0.0312286 9.45834
32.0021 14.917 22.7298 20.1418 2.07481 23.5793 53.3148 3.10408 6.69849 0.00976796 8.77569
108.954 2.02465 9.42157 43.3463 11.3789 13.2659 11.1988 4.64521 10.2555 0.0479254 6.72998
-16.4861 9.38007 31.2105 49.9577 2.20846 7.80126 31.9393 9.16876 6.39984 0.00236468 8.44592
-41.8785 10.5412 28.3668 34.9869 23.0101 8.8507 8.19301 9.03935 4.30223 0.00135797 6.29344
8.50031 15.1358 16.3489 27.7072 29.1716 6.94867 2.8927 31.818 5.00678 0.0263389 8.12695
168.209 17.3152 1.57084 33.2908 14.6934 35.3592 6.42725 44.4593 10.0312 0.0763588 13.1999
197.913 13.0593 16.2104 4.87049 1.33294 17.1557 6.42725 14.3213 14.4123 0.26754 10.2589
128.904 21.4511 5.61568 2.37333 41.959 11.0817 11.9304 7.94411 64.6011 0.0493936 12.189
151.331 18.2255 16.7299 3.99417 3.39201 1.16647 49.4705 34.3609 26.7854 0.0659912 12.8588
172.684 9.6534 10.1412 11.4463 12.4325 2.96284 16.9613 24.443 11.5745 0.00134049 5.10216
253.126 5.97002 10.9555 11.5735 22.5261 5.70013 7.17058 4.19937 15.509 0.0494725 7.76998
-48.1654 32.9566 1.9577 59.8144 2.93156 19.5938 20.8653 2.85358 37.1681 0.0797875 13.4949
62.8267 6.98697 3.63667 27.0854 8.91941 22.6157 11.2215 1.42616 3.15077 0.0438101 7.20878
123.62 9.39155 11.337 16.3231 8.79523 20.15 2.42582 9.48668 14.1184 0.00435072 4.40423
107.118 6.47007 9.15227 29.8229 11.5415 16.6112 2.41419 6.00612 25.9244 0.00367971 5.37334
98.2319 7.23899 13.6689 19.6592 20.0811 38.5167 28.7608 3.01339 2.96207 0.019225 7.89441
92.1575 4.18694 15.8988 24.8404 39.0566 5.03033 6.36579 5.97424 3.23181 0.00398846 5.23856
97.9924 4.18694 20.2847 27.9157 39.0566 5.03033 3.49294 7.93963 12.7304 0.00078349 5.75408
129.591 20.8171 3.23284 24.14 5.83615 16.1135 7.00778 0.134474 26.8611 0.00174981 7.00693
130.461 20.8396 0.334581 15.6115 21.5593 11.4204 7.305 18.6492 4.6662 0.00226695 5.89279
150.545 6.13288 21.5234 17.0442 17.4769 7.8708 8.76379 17.4967 16.788 0.0161359 6.0504
106.378 3.02152 36.526 14.4787 19.2976 8.34382 21.9374 17.8299 19.2393 0.0559764 8.87474
159.041 14.9904 9.88624 9.96183 9.8277 3.42888 34.3652 18.6988 12.7771 0.0188983 7.16349
95.4355 17.8795 20.2354 4.21451 2.82463 37.4957 4.5171 8.89444 31.7692 0.0179334 8.12292
65.5556 29.7844 0.847396 5.35699 20.6353 16.1493 18.4413 2.90244 24.6741 0.0462963 8.94402
157.063 23.9298 8.57562 3.46458 14.7533 13.9835 24.5736 34.7636 4.97943 0.0763966 9.83953
70.3475 18.8742 9.29543 13.8058 8.41362 8.72526 24.0537 12.5969 3.4067 0.04076 6.48247
14.7537 28.0721 2.13899 7.92769 41.9522 39.6088 11.9012 12.5121 1.49541 0.00933667 9.45157
167 0.98577 2.11199 4.56137 2.90578 19.8327 13.5377 7.95838 10.6961 0.028999 7.98127
166.17 6.46704 13.5007 14.3956 13.1209 40.2887 12.4092 5.57793 12.4534 0.167817 9.20018
-42.234 14.1083 31.3594 20.6243 23.5049 39.2417 30.3456 3.17726 3.24684 0.148869 12.4475
-53.6745 14.0818 34.3587 14.2566 1.24011 26.5681 11.5388 5.00498 11.1051 0.0760851 9.83457
-64.4059 13.466 32.534 13.3604 40.0078 46.2878 6.27714 4.56651 23.209 0.0067372 11.3467
99.379 1.13788 32.5605 6.40569 36.1294 5.37812 7.23981 6.08049 28.8801 0.000901247 6.54791
158.399 1.15435 33.3601 1.3386 26.2186 37.9477 11.7547 4.45284 31.0802 0.000901247 9.56836
-23.6957 1.16273 43.6627 4.51343 10.571 35.1414 12.3816 7.44801 17.2327 0.000901247 8.56046
88.8008 1.21752 31.72 10.9387 13.4739 27.1903 4.96301 1.42238 6.69742 0.000901247 4.99617
144.7 0.640204 14.4846 21.2853 10.8725 13.9706 5.38221 10.2978 15.0402 0.000901247 4.46083
156.238 5.999 16.9633 21.5443 11.7921 50.6066 17.3726 19.7356 2.93659 0.000901247 8.28911
185.132 2.58088 21.9931 5.61864 5.51856 43.4458 3.46666 34.4894 7.47141 0.000901247 7.51891
157.728 3.14609 2.98664 4.04766 44.6829 5.2826 18.3069 8.39105 20.2031 0.0150686 7.40284
12.4366 2.82613 26.1775 3.28811 53.0914 28.1812 19.3194 10.1468 19.521 0.00233598 10.0539
86.9291 2.86396 23.4058 14.2395 24.9869 26.0991 16.091 21.9691 2.88704 0.026117 7.54519
89.2732 3.15536 15.898 24.8553 1.16879 18.1037 21.1262 53.7416 1.85158 0.104817 11.6382
234.94 1.31692 1.38612 13.0171 26.5998 9.52748 27.451 42.0085 10.3015 0.0589714 10.94
113.58 5.3643 3.46578 7.59369 27.1102 34.245 6.4862 35.9362 19.6306 0.047322 10.0945
-51.1189 40.2883 14.1331 4.23708 28.4413 32.7567 6.94038 65.4102 20.4243 0.0321038 14.2551
127.271 21.4247 6.12169 0.475724 30.8031 14.0246 13.6773 8.25136 22.7603 0.151167 10.017
-8.95829 35.638 17.4691 17.1808 6.46128 14.2032 29.8669 6.8441 33.5989 0.0347291 9.678
63.6313 17.841 12.965 46.8231 6.46221 14.4371 25.3615 32.1559 47.1395 0.0289667 13.0471
76.6575 26.1764 4.11179 7.66122 6.82616 3.29162 26.5868 30.7244 17.2902 0.222072 11.9323
43.4837 33.8344 6.05742 8.25382 3.3048 15.2835 33.371 58.7555 0.948869 0.381948 16.3028
-2.49389 27.7149 23.3206 33.0624 6.36099 33.1375 12.6741 13.1829 62.81 0.0108506 12.981
13.8028 6.04869 45.4618 0.443917 6.80102 31.4605 20.0676 5.43026 25.0219 0.00873959 9.36866
41.0657 4.88801 28.4944 11.3815 3.49594 18.1667 19.649 8.63336 14.01 0.00873959 6.47161
0.0624133 7.65711 30.8369 24.1737 15.5871 38.8934 5.64683 3.68234 12.9003 0.000845537 6.62883
8.12594 27.6946 22.1018 38.3882 2.12291 38.2915 1.96615 15.9213 13.7147 0.00374475 9.6284
150.442 4.82105 5.30738 17.2651 10.9738 21.6281 4.89971 2.49288 26.2392 0.0018041 5.05285
160.759 4.95453 28.0963 22.3496 6.20068 20.1493 1.88132 13.1785 30.7059 0.00238451 7.70259
69.8557 20.758 29.4497 20.9666 11.1546 19.9575 13.5361 18.3491 4.368 0.0117357 7.65089
123.419 9.52242 17.2414 20.6756 17.9881 25.7177 8.31116 18.3793 39.5576 0.0211427 8.88017
114.119 3.16597 16.4396 20.7717 24.9396 34.4169 15.3778 6.46879 26.4629 0.0219699 8.44217
163.35 10.6769 4.47376 8.22051 23.1523 30.7174 7.08202 11.7587 46.7271 0.00543397 8.33125
130.109 17.9151 11.0416 50.933 4.18217 30.1028 13.6877 4.39427 27.461 0.0126661 12.1033
-32.1737 23.1776 6.80893 38.7434 11.5582 39.8866 12.2083 4.30568 50.9581 0.224204 14.8995
103.093 0.0753631 3.78237 15.1626 18.2754 36.3196 8.65013 15.5781 14.858 0.0463332 10.1656
155.956 11.3708 1.64695 7.71761 12.101 2.65985 19.7361 6.48405 13.1876 0.00183621 5.20148
8.73599 28.8875 14.2767 8.95382 24.8919 3.85629 16.5922 7.70299 13.8336 0.00183621 5.5345
140.459 9.10543 9.10967 4.9663 12.79 5.76028 36.4187 3.96577 24.819 0.00464883 6.61971
80.345 6.97414 37.574 6.60939 12.4645 8.36556 26.5309 8.04611 8.24642 0.0019288 5.22099
97.6596 0.526063 11.3446 5.63547 8.40894 63.8302 25.277 10.6067 2.55218 0.000616575 9.28095
91.9922 5.78078 5.02551 27.7538 1.71106 17.3 10.8973 26.2678 3.76163 0.020373 7.30344
33.8624 29.5372 3.44379 43.2541 1.4237 3.26079 18.6729 8.92133 0.515383 0.0548547 9.25121
-1.36687 20.8395 21.6943 8.05791 16.9253 9.75764 9.99928 8.26416 7.84633 0.0190569 6.01812
34.28 10.527 18.998 28.0844 39.7105 5.47834 18.9246 19.412 6.53079 0.0217338 8.1521
72.7884 21.5 15.3176 26.0935 23.5674 0.186983 28.8191 18.5684 15.9364 0.0107376 9.37898
71.7486 11.0823 22.8682 30.7503 43.3651 5.87854 17.4482 39.6435 6.8723 0.00480026 10.628
132.545 6.92662 13.9601 35.8794 2.85246 7.79351 40.1435 2.1541 5.71057 0.0128346 7.33735
92.1698 2.24196 18.4718 36.6861 7.30428 30.2097 13.5862 4.25622 4.71062 0.0907303 8.24642
18.1251 4.88733 24.5273 3.53577 7.05052 12.4177 15.6677 5.7827 34.2691 0.140803 12.0154
5.28241 9.92815 31.3998 7.55124 26.6667 24.1879 5.26886 19.9665 39.216 0.0618683 10.7295
66.9375 14.152 27.3944 7.43263 15.0211 29.6854 6.42515 36.5345 0.102196 0.02232 9.48454
181.947 19.3624 1.4072 35.7142 2.10212 15.5669 3.23858 7.21898 3.33835 0.00298898 7.14114
35.0518 23.4041 10.6106 7.1806 15.0465 17.1256 19.0074 4.79325 9.25196 0.00922498 5.72866
34.1819 9.02565 1.96406 48.5173 15.0566 6.03869 14.4762 6.09839 10.6796 0.0190732 7.19803
117.812 3.97106 8.47834 12.8634 13.4374 39.5828 33.4494 32.3279 7.78945 0.432861 14.0402
159.241 4.06959 6.96088 13.5556 13.4068 56.0046 14.3382 29.2646 7.62882 0.184061 11.7207
177.531 14.4204 3.95593 7.40922 12.4315 26.6026 18.9747 21.3815 3.15796 0.0097302 6.55201
62.0024 7.58757 3.95593 34.235 25.4033 23.3605 32.3906 27.0853 5.5271 0.00884153 9.14384
-6.82901 3.98566 52.6758 16.6841 19.6673 21.8536 33.5842 21.1582 15.3984 0.07657 12.4083
-18.2712 7.96276 42.0657 43.9045 8.57357 11.056 19.88 18.0216 31.8714 0.00905107 10.9616
56.9747 44.6759 8.81291 8.03044 1.99403 8.86449 28.6747 10.5568 3.62683 0.00729739 7.80631
108.315 28.1651 15.9322 10.9601 1.66262 5.48255 27.6512 3.21328 14.9814 0.00101061 6.44572
160.279 5.76651 9.73823 23.4029 4.55809 15.3507 24.8127 46.7187 1.79847 0.00198594 7.68248
199.859 0.537718 15.7011 6.13469 20.4982 1.37933 39.479 24.642 4.21815 0.000257071 7.42476
113.216 3.58166 24.2269 13.2797 57.3149 5.17966 21.9535 11.7936 7.08346 0.000257071 7.66146
109.814 2.05849 24.4508 14.7785 5.10263 20.9262 48.7139 12.7013 0.754646 0.0720308 9.9005
84.1066 7.40414 15.4462 7.49038 19.4837 4.54976 29.0139 31.4 55.2892 0.123237 13.3094
59.4614 1.25983 16.083 42.3837 3.69575 13.0533 21.5805 39.8795 24.0817 0.0469197 11.2156
7.15188 19.0815 1.2973 48.5486 3.97036 13.1154 18.2938 41.4594 3.51763 0.117418 12.0153
-5.63244 16.3118 36.7348 12.6429 11.1758 35.622 18.4997 15.8622 15.3138 0.00381451 7.87446
44.3934 6.89274 42.7565 5.54512 12.2929 14.1813 9.35849 8.33606 9.8111 0.0445779 6.63838
233.618 1.09909 9.55526 18.5918 27.0099 20.9699 18.9063 7.05588 5.25343 0.00394361 7.28404
119.33 0.798437 10.1281 25.754 7.84184 25.0071 15.2462 6.8887 27.9598 0.0818527 8.72683
138.98 10.8379 2.29868 10.2621 20.6409 10.33 35.8845 4.01335 22.797 0.023667 7.66752
70.0314 32.7669 3.26252 2.25296 20.9827 4.4699 24.2704 31.3069 7.36619 0.0911917 10.2883
67.3129 36.1646 2.95314 4.09733 11.3852 9.68952 37.8722 15.29 22.1348 0.0322684 9.64703
46.4051 15.8659 30.3297 1.71006 15.1211 5.49553 19.8872 7.15348 12.7487 0.291213 10.416
108.616 3.92658 7.44978 5.94714 16.289 26.7428 24.9987 7.89947 13.2521 0.00140008 6.08473
148.971 4.51107 4.1971 11.0386 15.1323 5.58481 12.5147 11.8828 3.84358 0.0104017 4.97223
90.9989 2.86916 10.5961 5.43819 17.39 17.066 17.4283 12.034 4.23062 0.0154124 6.66555
129.205 15.5672 2.90854 14.4386 21.7003 28.0122 27.1051 23.1686 1.12846 0.000254893 6.84659
130.464 2.4962 7.40898 44.6328 21.9128 11.1849 21.7385 2.66639 3.66767 0.0030098 6.52027
13.0264 7.50341 48.4577 2.53593 21.9471 18.1096 17.5021 15.3305 0.830543 0.00431401 7.62515
20.6047 33.4249 3.05007 3.53615 27.3992 18.4395 39.054 15.0681 15.9619 0.00163074 8.74323
46.6199 13.2034 26.6095 7.67556 18.8124 17.928 64.459 47.745 0.607754 0.0175314 13.4291
139.497 3.31779 25.1621 4.79587 4.53709 10.589 4.45626 45.0122 11.0663 0.00365707 7.3244
37.0091 35.5122 17.5516 3.41664 10.2969 6.1337 10.653 17.1484 23.2292 0.00146236 6.65562
-31.7668 16.5207 32.7842 7.77352 23.2106 15.8404 1.52435 16.2693 3.6345 0.0228417 7.67399
38.9911 5.37282 21.2165 32.0211 21.7705 6.25492 6.77083 8.57641 2.54921 0.0105603 5.57323
-6.39372 7.11084 2.42105 39.4127 25.2189 3.74392 5.79348 7.97115 11.6646 0.0213539 8.89558
87.4921 9.81692 12.5296 16.6734 9.67105 2.76227 9.3478 5.37335 13.4672 0.00337747 4.45996
26.1948 17.4703 20.1929 11.4427 47.8518 16.1063 7.30935 5.6681 1.5941 0.0585416 8.31819
102.529 3.77185 20.7954 14.2197 28.2676 55.9921 25.018 3.1321 8.05356 0.0585416 11.5658
13.6683 24.5667 11.0634 22.7449 9.26616 33.0376 5.54529 23.8011 10.734 0.0194577 7.62668
94.5678 11.077 3.88971 14.1069 17.0418 39.9686 20.3647 61.1055 17.5509 0.02856 12.24
52.8184 9.97532 5.06533 29.8453 7.54724 24.1588 14.1522 18.132 5.83618 0.0308942 7.18873
189.176 3.56459 15.5864 32.1155 10.1549 10.3088 12.5184 15.9885 35.2587 0.0253602 9.14161
8.45469 16.8693 22.6118 25.4521 28.4007 16.406 7.46942 8.5225 19.4483 0.0265054 7.63033
107.927 2.36745 28.6676 30.4121 2.73496 10.9826 3.28824 1.44618 10.1682 0.0351293 6.88382
64.9941 12.3635 27.4747 10.1217 9.1228 10.9791 15.767 5.10515 4.81677 0.0395247 5.66348
46 5.57147 23.4661 8.37372 9.98031 10.7278 22.6145 17.4564 7.94546 0.0255153 7.21843
91.5517 5.43047 31.1253 10.6819 13.5732 9.44632 13.7907 17.1291 7.1487 0.00494809 4.91915
95.477 9.76237 27.7964 5.38707 29.969 8.78254 7.81546 6.74153 15.0846 7.65407e-05 4.10115
92.5377 9.73142 13.9252 20.8189 10.5387 9.95596 27.904 12.2433 8.00898 0.0300882 6.08874
94.1848 10.4084 15.3707 17.0274 6.7213 3.27638 25.2849 32.8643 4.03115 0.0729016 8.44113
109.1 24.7396 10.5298 21.2166 11.0064 17.7191 15.3811 39.9923 13.6335 0.0159991 8.91138
36.0682 46.4201 11.1289 12.5543 12.6302 23.3892 5.45998 4.75815 3.97788 0.00119808 6.58611
49.7959 16.7531 22.0454 12.0072 7.20635 7.23501 35.946 54.8965 6.89386 0.00441311 9.48853
95.6263 13.4209 0.922365 12.4635 5.04192 12.7061 1.27001 18.6415 12.5493 0.0101363 7.6183
281.517 4.45534 9.80932 11.9324 9.16371 4.60855 7.04338 23.4631 12.9245 0.0031265 7.04032
167.016 3.8479 6.84688 11.6645 14.7174 2.48268 15.5413 20.1404 7.56296 0.00735358 5.34176
81.5789 8.44278 15.6856 11.9359 26.0116 24.79 71.5438 2.08335 9.24224 0.0151983 11.117
111.989 14.5606 6.93171 11.9133 6.79635 3.4413 4.17143 25.7276 0.472241 0.00438397 6.34455
-17.1192 24.8635 34.2682 17.2413 0.458144 17.3457 1.37031 6.11347 8.55455 0.00582765 7.25694
131.382 5.41514 29.1128 0.812398 22.1844 18.8739 13.4344 13.1242 32.8325 0.00528674 7.84145
40.7508 4.39624 21.3243 10.2983 11.4397 17.2688 36.445 8.52546 15.1038 0.029946 8.41206
182.595 8.9447 12.362 8.7875 13.6173 6.4993 27.0875 4.78864 30.1707 0.0139442 6.90951
87.4998 6.1438 12.8963 23.4204 11.1593 13.3399 7.87734 11.6974 4.67229 0.0380074 5.4411
98.9664 3.83886 39.4938 7.98054 17.6066 14.7069 11.6009 5.90339 15.0221 0.00865466 5.92182
107.097 17.6839 26.6202 4.4649 7.15324 23.5861 11.4782 9.83525 8.43166 0.148293 8.32301
40.2033 5.88156 13.78 12.6055 30.3456 5.39038 5.24102 1.66262 6.64959 0.248532 9.5733
-8.91333 11.2064 2.40098 35.797 22.7137 44.9179 16.6863 12.3622 7.14995 0.187237 12.6395
59.0971 24.7547 8.08412 21.7002 23.2693 28.8478 9.65399 9.79081 3.58378 0.232745 9.88601
25.1796 17.3528 13.5869 2.32687 9.55826 34.3864 14.8819 20.5518 2.26161 0.227534 11.5353
22.9933 27.9465 12.1405 46.2332 10.3852 3.44169 44.5255 13.7114 12.7988 0.240732 13.6854
70.2928 14.0494 2.36923 50.6735 8.53702 22.398 35.9738 4.18313 8.9769 0.0258853 9.38
178.849 24.9214 2.36923 15.1227 16.5874 0.403938 4.36311 31.1452 9.54741 0.00393733 8.57524
97.0799 14.1785 20.0914 21.4864 15.027 10.0453 27.8568 10.5516 20.863 0.0145111 7.11161
72.5508 10.6657 8.56596 4.2233 11.2853 36.8592 17.5349 14.4225 27.3619 0.0316459 9.25463
39.8484 8.23234 20.2478 8.33499 4.53635 30.6804 45.9719 3.95213 12.1335 0.0114157 8.82856
97.3805 4.95249 21.2504 26.1118 0.523388 10.7778 24.9102 21.2116 3.60622 0.0113653 7.16118
122.73 5.02918 35.8987 22.756 7.38641 13.3929 24.3974 1.11101 12.5377 0.0144916 7.99102
171.131 14.014 5.56861 19.1673 26.4447 19.4032 22.8241 15.9095 18.9253 0.0319897 8.92602
98.8086 14.8309 9.71239 2.57548 15.6631 22.9178 5.39537 5.80975 1.46831 0.0148499 5.60134
91.9285 16.0689 8.33717 15.5609 2.70914 22.7529 3.36648 1.81511 7.88315 0.0185448 5.59435
43.4783 20.7086 14.0092 8.27251 9.55443 22.7551 41.3311 8.95999 4.30632 0.000297974 6.08257
99.714 11.014 11.0541 20.8071 17.4127 22.7718 2.76582 26.4437 17.3485 4.07347e-05 5.1435
195.065 0.598922 17.713 1.50629 31.8444 22.5 25.1758 15.8067 20.842 0.0327404 10.0914
233.149 10.1629 13.9068 8.84949 14.4456 7.17266 9.22938 35.1136 18.0089 0.132863 10.8071
283.965 7.42974 21.1447 0.86927 20.2734 4.95499 16.4541 19.9003 14.0128 0.00639641 10.6605
152.283 2.43889 30.2174 4.68949 18.5549 9.91075 8.98194 24.2974 11.1242 0.0370814 7.24776
20.8813 8.86619 31.12 26.5111 11.676 12.3161 12.901 44.5956 14.001 0.110974 10.77
16.1029 32.208 34.8506 7.74596 2.32767 2.59002 26.2093 5.46554 15.6694 0.0911413 10.074
-23.8539 12.2974 47.937 3.29547 17.2113 13.9811 9.83034 4.68271 2.12451 0.0720028 8.26758
81.0522 19.8442 27.0568 7.49602 3.21847 42.9512 5.45718 39.3867 3.0342 0.41342 14.3013
36.381 14.9802 25.5477 7.23809 22.532 29.8159 9.55693 33.665 2.36661 0.181837 10.7762
95.988 8.65403 1.74008 17.9139 38.9202 6.88631 3.69115 13.9722 20.5929 0.240544 10.1681
196.594 2.70095 16.3598 7.12729 49.3768 1.49113 4.44492 29.553 14.5375 0.283277 13.4735
84.9038 11.0878 11.9836 45.0619 18.1235 18.132 3.66769 35.2412 9.30882 0.314214 13.1657
16.327 20.957 9.20714 12.4883 34.876 42.1707 0.869506 24.1611 12.1005 0.266171 13.1755
150.557 10.1215 12.8426 1.48666 17.3311 43.972 4.66345 23.4586 16.4094 0.229237 11.2908
194.816 3.01927 18.6784 4.14902 16.6417 36.0927 12.7011 62.7497 14.4137 0.326004 16.1585
184.007 12.6862 19.6275 4.14902 10.9919 5.52678 7.0415 22.0646 12.4801 0.216198 9.53831
67.9798 6.7024 12.3576 21.2476 4.40688 38.0778 7.32837 7.90961 16.6348 0.238384 9.72714
-34.5515 5.85248 41.6687 34.7535 8.00332 17.1408 28.3012 14.5705 26.746 0.108539 12.2151
30.0838 9.54946 12.3943 24.7428 8.87225 27.0912 20.6688 7.0454 13.4018 0.114461 8.72848
39.0307 6.67663 16.3319 27.6475 15.7221 59.0645 16.8992 3.15208 4.07436 0.597076 15.8598
16.8375 30.5688 29.0221 22.7809 15.9594 16.3922 8.93707 4.87497 3.45389 0.0261465 8.09296
-56.1645 19.3563 48.8861 2.77727 12.0809 19.6658 18.914 15.995 1.18865 0.0390037 9.56636
8.65275 11.0081 33.8578 15.8158 34.6094 11.7363 4.27869 52.2986 21.8877 0.0374457 11.6397
76.5716 8.65971 8.48557 20.9895 21.3849 1.16284 10.4497 35.1858 9.27616 0.058347 8.66542
214.916 1.80457 17.274 1.643 13.417 3.72891 26.7717 30.9269 7.87241 0.107775 9.96055
158.956 7.77706 13.6615 10.8791 25.1979 8.7688 22.247 13.0037 60.2103 0.0202059 10.0627
85.1312 17.0755 9.0288 20.6381 22.2663 24.6221 4.41168 2.65221 52.0746 0.184915 11.7907
28.7073 15.4731 18.59 29.6238 11.2232 21.6845 27.442 8.2432 24.3602 0.0890693 9.57875
3.56515 20.9992 28.8626 3.45588 31.7128 38.0768 32.4519 5.57911 6.55424 0.298246 13.8538
-53.095 23.166 39.4794 23.931 19.963 35.9798 1.25935 9.62908 43.1939 0.228407 15.6753
-64.693 13.6752 53.3407 16.2748 11.1787 18.166 16.6887 9.67069 16.3653 0.0395015 9.46224
106.11 10.413 10.9834 23.6325 6.41357 4.55055 27.3141 6.01907 16.1732 0.0568196 6.90735
124.435 8.19273 0.346788 33.3171 12.7547 6.0346 17.8172 27.3207 49.4921 0.00295853 10.0954
120.509 4.78772 26.9686 36.7602 14.5961 20.249 14.7999 36.6111 4.87749 0.0535734 11.4051
76.4413 7.70188 37.5726 0.283291 33.6421 35.2323 5.09786 5.06589 3.75485 0.0827766 10.5715
51.4976 9.00409 32.3366 1.78806 8.70299 18.9583 8.13765 10.9736 1.2996 0.0551053 7.33495
-1.41287 5.4485 25.7486 34.8831 0.634498 27.8376 23.181 43.4838 16.4003 0.157043 14.0103
24.2661 17.1121 20.2506 25.8025 8.73808 10.9777 23.5167 19.9621 15.5007 0.00066096 5.94838
133.033 2.65705 6.81361 31.757 17.7966 13.2729 17.2217 18.2572 6.92912 0.0107787 5.91602
170.038 13.7732 31.7731 10.2554 17.8494 14.63 3.62573 2.68507 1.31175 0.174115 11.1231
60.2505 14.951 9.28257 7.62123 23.973 16.0273 24.6616 14.0017 16.2027 0.0575034 8.08044
22.7415 11.4834 12.3544 12.487 61.0764 12.1521 7.8096 5.75903 19.5929 0.00317341 7.87867
118.923 12.9431 2.33794 27.4633 19.1273 22.0435 16.2779 28.2987 2.97885 0.00750105 7.11102
-0.0986291 29.4854 8.35627 31.053 18.3666 29.6728 2.33303 11.233 6.88804 0.0625359 8.61988
69.6683 19.6476 10.1202 26.4669 14.0843 22.0703 16.302 36.5462 2.06183 0.0404902 8.8239
37.7963 37.884 7.52969 25.4846 5.66977 7.27138 2.98357 9.28606 17.3812 0.100742 8.65555
158.739 3.23014 3.5048 14.3298 17.0989 15.2321 19.8212 0.155367 10.5584 0.01241 6.55307
179.214 9.81909 5.33556 43.8824 2.23657 20.849 23.0054 1.46401 6.38812 0.00493523 8.13841
115.751 16.6943 0.637291 11.6553 39.2502 10.988 20.5914 29.0926 0.904713 0.00626956 8.5037
-20.1834 14.8429 32.3894 17.6383 5.98204 29.6802 14.1956 16.3653 0.722719 0.002516 7.13833
33.352 6.82974 42.5443 21.7663 7.18732 2.88699 17.0534 19.6461 21.6894 0.0120774 8.00247
0.510625 23.0918 15.2996 23.7528 18.4145 13.3514 34.8598 2.29338 0.765647 0.00323492 7.16539
-38.0827 2.50043 22.2315 33.2607 12.228 20.6935 7.755 31.796 2.9757 0.0018842 9.37598
-11.608 22.698 23.0557 10.1658 9.35268 15.1021 9.95862 10.0582 7.88906 0.105307 8.03636
-11.1494 12.2658 18.4823 17.8476 23.4463 12.3861 9.79264 5.5903 18.0142 0.128524 9.0736
27.5584 2.39954 32.0784 4.75535 26.8272 18.9827 6.48267 7.2704 11.6081 0.0943094 8.4342
97.2482 11.5205 9.7371 7.06459 4.57802 33.7582 5.90597 4.75878 3.48495 0.166913 8.20549
0.724847 18.6275 11.4395 46.2919 12.7053 22.8739 5.6464 5.9893 4.01378 0.0779084 8.36186
-6.59143 14.3883 34.3383 25.5885 17.557 4.14937 27.8178 15.3236 18.2407 0.00593636 7.99285
2.88365 2.15014 33.6161 13.1423 25.9742 10.8589 2.44246 14.1316 15.0956 0.0911556 9.17628
56.215 8.68775 4.14494 31.5178 24.8244 28.3818 9.18101 14.1429 16.9091 0.00935621 7.35187
58.3089 5.81458 18.5093 17.6267 25.136 23.7069 34.2793 5.35128 13.8074 0.16891 10.174
-11.532 35.5215 20.4778 20.2231 4.70226 12.8319 9.19073 4.61513 28.6104 0.134659 9.9728
30.2945 19.6275 11.7833 17.9678 8.98906 14.3297 5.44323 55.4047 56.4016 0.0869116 14.4484
30.3567 15.8588 3.77447 16.8624 8.73479 43.2736 42.5672 11.7572 6.81968 0.141139 12.0805
27.1148 8.74236 18.6034 22.2651 14.9602 12.0979 22.6012 3.68256 14.1908 0.24373 9.59269
93.4677 8.76828 1.23521 21.2351 41.7117 15.805 4.01042 19.5969 4.30846 0.0284096 7.79327
146.665 4.91058 5.9171 21.6313 29.7537 28.94 5.8733 1.88087 9.12417 0.0114969 6.22083
126.06 6.8542 7.39173 23.6534 5.67302 29.4954 16.8625 35.7779 9.23184 0.0400879 8.34166
110.463 11.7335 13.7463 10.4434 7.03352 18.5626 5.34604 12.8076 10.3567 0.0439881 5.74266
127.058 0.969261 8.26924 11.8486 34.0294 13.123 9.31257 7.32253 9.27517 0.0225438 6.10243
150.782 5.32409 19.1135 6.65059 14.5831 10.3093 9.98476 7.90363 29.112 0.0655237 7.128
111.124 15.637 14.7204 21.7317 26.7453 5.57666 6.37193 29.2642 11.1759 0.110729 9.03654
189.572 12.377 8.92669 30.9548 26.3239 34.0543 15.9647 5.70906 2.17394 0.0832592 12.8738
139.546 1.39581 11.8155 13.3443 21.6527 61.0483 15.7663 12.2801 9.86639 0.000894625 8.37438
125.309 4.09866 14.751 17.7144 29.7609 16.1053 19.7473 25.6357 7.40287 0.00134756 6.03788
136.062 1.70031 36.0902 13.6103 26.7218 14.6313 19.3198 3.96135 3.58518 0.0337019 8.46473
91.1747 4.19051 18.4769 24.8845 30.3701 2.83162 14.7581 8.71284 5.09768 0.00964395 5.58186
45.8871 20.6136 17.7495 22.2172 14.7134 9.18637 6.38556 25.3173 28.0764 0.0179616 7.72508
29.1139 38.8568 11.2969 7.50821 9.69535 19.1585 6.34619 29.9676 8.54343 0.163656 10.1611
45.1763 21.1708 1.93411 9.05853 0.75907 8.21418 36.1195 21.998 9.80095 0.000428891 9.12491
83.3064 5.06948 24.4914 26.7892 17.2669 13.6193 14.567 13.8741 8.31354 0.00036729 4.62909
22.7673 5.64002 9.35689 38.523 7.71726 27.8624 15.9689 12.7072 1.59919 0.00689892 7.26577
141.105 1.08665 4.90956 18.4966 38.566 26.5145 12.418 2.51925 49.218 0.0103093 10.2794
66.2616 5.82297 13.5997 34.6444 35.8993 26.1291 1.17502 9.13396 8.17968 0.0130997 8.03353
39.7939 11.1326 10.2342 9.8816 11.0248 47.905 11.6806 2.79838 2.07326 0.0434113 8.42189
119.508 15.2227 9.96398 24.6574 14.2232 0.944475 31.5527 0.495701 18.1632 0.0284533 8.36447
69.028 10.1893 6.04204 42.9949 9.79051 12.928 65.9688 21.4912 17.4714 0.000136394 10.0688
300.221 2.13246 1.18776 10.3693 11.7336 22.0324 19.1019 8.88225 6.8068 0.160363 10.6476
199.455 8.07832 9.65585 6.83905 19.2549 2.4228 24.0985 8.11827 15.5192 0.079071 7.56352
170.097 11.2591 11.5799 5.15285 15.1614 9.42161 8.69558 25.5173 14.9916 0.0361191 6.75727
177.496 11.2326 6.11889 19.1547 10.6818 12.5721 26.0761 21.4416 15.0268 0.0322794 7.48547
98.6023 10.9979 21.482 11.7018 25.0361 4.87423 17.4091 10.004 9.30293 0.0329269 5.94494
203.838 10.8377 19.0144 14.5328 30.4311 10.4768 6.68177 24.4409 16.9502 0.00643641 9.17558
115.228 6.01094 27.3856 26.6309 49.1202 7.23633 4.38043 12.0372 5.30652 0.000108852 8.22297
177.688 10.9066 17.7307 20.0761 7.38207 6.39255 2.87101 10.6757 36.9907 0.000108852 6.27249
177.581 2.5515 12.8799 31.0558 7.15174 2.7468 2.47077 24.5776 44.1704 0.0568556 10.456
113.103 17.6886 7.16633 8.06196 8.61185 10.6928 1.6349 6.90427 13.2012 0.00191354 4.44941
-11.8392 33.4182 8.37993 15.7323 14.6651 1.96926 7.4882 7.99344 16.3797 0.0025286 6.10159
-30.8361 48.3062 8.42206 9.84141 17.7149 11.0354 7.02328 13.9019 15.9673 0.0208487 7.7199
75.1158 10.0646 39.304 9.35004 9.72609 11.6528 7.24829 14.0471 5.4198 0.00534271 5.18859
53.1899 8.82936 18.6672 13.9282 21.7633 18.1112 52.201 30.0077 8.91322 0.0346539 10.5589
116.316 3.3392 40.3526 7.492 11.2351 36.1271 17.1569 3.04816 5.60551 0.0168046 7.88943
23.0425 6.14479 32.8237 22.2738 11.6967 5.22386 12.0041 11.7325 12.1372 0.0600176 7.20687
160.34 13.1503 15.0408 39.1678 26.3832 7.56589 11.3853 16.221 8.92061 0.120529 12.4251
-63.5377 33.5699 23.9794 32.3893 55.8677 3.76686 29.1831 27.4032 4.10343 0.0369056 15.5503
-19.6414 30.4538 19.7403 26.4233 27.5817 3.0561 17.7118 28.0721 18.2128 0.104677 11.3036
185.461 4.98855 12.3847 5.37603 41.8825 7.39753 4.80979 25.6291 2.75715 0.103603 8.79355
99.187 10.0564 9.80795 14.3073 17.306 11.6817 14.8275 34.3286 4.88768 0.140334 8.69114
97.0679 5.84382 12.4025 13.4136 14.2282 47.8671 13.529 4.34265 6.48084 0.124624 8.58009
53.5883 36.6526 9.33684 39.8228 6.39277 0.313536 45.1761 14.5916 11.9294 0.363522 16.0005
-30.0294 56.337 5.07883 31.0256 6.49627 7.66213 51.7419 34.4275 39.1694 0.277876 18.9437
102.795 32.2004 2.69818 23.8612 26.8778 26.2632 35.5984 8.58159 23.5794 0.134535 14.2988
101.977 24.3986 21.382 5.99175 12.6569 37.4498 38.6673 17.9518 49.6994 0.352821 18.1145
51.6468 30.5025 27.7595 2.72181 13.5972 14.9506 46.9613 10.9991 10.6707 0.134762 11.718
-61.6713 36.7498 31.0502 3.94388 15.1679 0.0191368 24.9465 28.5934 2.4345 0.090157 13.6139
27.8209 16.0458 36.7196 7.89377 19.0738 6.84306 11.3478 16.3397 17.664 0.0821748 8.30934
29.7623 23.8261 8.40705 5.58302 27.1909 0.180784 17.5815 3.19024 5.47353 0.00393505 7.06315
28.2488 15.2196 8.40705 4.10698 38.0154 2.03264 7.94635 12.5188 11.532 0.00393505 7.09452
35.9943 14.2794 7.91041 4.48956 16.3523 12.3536 31.2545 18.1037 14.7027 0.0244884 9.25124
11.4468 25.4198 13.376 9.83541 46.505 10.0602 14.9002 15.9658 16.8942 0.0284515 8.54828
1.33851 38.0312 27.3177 17.6738 11.2442 13.7867 7.25735 18.3578 4.55367 0.0288631 8.41622
25.17 9.13897 30.8283 10.7085 12.2673 8.9636 14.8417 12.0771 39.6907 0.0124894 8.09029
122.023 21.4525 16.4868 10.3783 15.5054 16.7323 28.934 22.4089 9.51411 8.30064e-05 6.30496
-12.8674 19.8938 19.4042 8.79094 18.6962 20.629 35.6607 11.4388 7.25497 0.416324 13.1603
37.1173 12.8456 13.0543 18.9198 24.0795 24.2404 32.6695 6.21943 11.4977 0.0128206 7.48021
85.9777 6.20352 8.99715 22.7062 7.86354 18.1831 21.2333 3.3984 17.3322 0.140827 8.251
135.032 2.40221 20.3237 24.5001 17.8715 7.10807 13.4686 6.38851 29.9821 0.168674 9.492
113.881 8.00443 15.2368 5.98624 7.72932 43.0337 13.2139 4.63172 33.2013 0.069267 9.1137
132.244 14.1741 2.1918 13.5958 24.0034 28.4276 0.0292213 6.53488 3.57459 0.0787218 9.27643
139.067 9.06758 11.8365 10.2351 52.7296 0.720757 10.1463 7.95656 2.04645 0.0517127 8.22303
154.694 4.69281 6.98554 25.0546 28.6435 25.1182 30.912 6.3163 7.06554 0.0086899 7.6466
142.127 2.8712 3.44302 21.8669 7.90849 17.184 20.6965 7.14085 9.75653 0.0323535 6.16782
41.6372 2.4013 10.3529 31.5691 14.6358 17.4282 27.462 9.52556 28.5591 0.0317506 9.3974
34.9545 4.75022 22.6675 44.442 13.1992 21.7212 9.56927 24.2672 13.8962 0.0246616 8.81001
54.1608 30.3121 18.6915 37.8145 13.4846 7.83564 6.35615 24.6385 3.67424 0.0511768 10.3381
-60.3759 32.8065 18.9835 52.1739 5.97995 20.4534 8.99292 9.59969 7.22081 0.307035 13.0286
-25.5769 58.1382 9.99783 33.461 12.9099 23.7027 8.99292 12.8267 0.998562 0.258446 14.1347
26.9144 27.1191 39.9681 6.67711 3.31525 22.3549 21.4495 2.5885 2.23771 0.322779 12.1101
-27.7627 47.4681 15.5578 5.9583 9.81363 8.40863 41.1041 25.8732 8.37326 0.29306 13.9164
-9.66456 26.7533 17.34 12.7246 20.7403 9.46892 35.3055 17.0673 2.22884 0.00167189 6.97877
-27.8637 35.1858 45.2653 12.0568 9.63911 18.0626 35.0017 3.95321 6.43058 0.219525 13.4056
7.49268 28.6659 14.8873 2.82472 31.7671 12.0096 9.97179 16.7277 38.2568 0.115792 11.2318
49.573 16.9905 9.27057 10.4214 25.5815 16.8024 2.06641 16.5727 39.1577 0.0481851 9.40332
52.9721 50.3227 4.50374 12.4613 9.88133 27.5094 9.70736 6.0931 4.76098 0.0149114 8.45041
121.395 31.8683 6.16015 10.1995 28.1625 20.5108 10.9253 17.3103 17.0468 0.0386399 9.40065
115.938 17.2694 10.7741 9.37247 26.8243 7.25724 31.4891 11.5484 6.9291 0.0963365 8.05083
107.591 0.245028 3.072 24.0785 51.3249 10.7365 40.9904 6.87896 8.48458 0.0375116 11.5002
137.675 12.4301 5.33087 2.04735 28.0153 20.9319 20.6799 4.77913 5.47117 0.0618643 7.30715
86.5116 12.9304 29.8694 4.65057 34.9811 8.38563 34.7551 12.689 11.3461 0.150273 10.8165
6.07493 22.32 37.9871 10.5341 10.8359 3.54536 42.9626 9.83485 14.1774 0.151062 11.0809
13.2811 26.0716 34.5089 4.80859 15.7469 1.74253 39.3595 37.9764 10.8728 0.132997 12.8485
6.01121 31.9952 9.69945 26.5504 16.4698 16.3783 6.57635 10.5293 16.4076 0.112333 8.65248
-73.2748 26.1701 42.5248 12.3853 17.07 20.1084 42.8618 9.63273 31.5008 0.18389 14.7051
20.1337 36.6344 4.09465 25.7408 16.5415 48.3503 0.700693 1.92487 22.4193 0.277665 14.1568
-29.0676 36.0307 9.06119 28.9276 12.9335 49.331 14.5411 17.8959 10.3176 0.217928 13.2871
-45.1565 8.87717 3.83526 62.2826 15.1131 13.729 41.6262 3.39899 12.0782 0.164103 13.6913
-14.5755 30.3008 7.06671 28.2225 4.98811 14.489 10.9138 25.065 19.3397 0.112133 10.2243
-33.5795 28.1391 31.5014 10.1533 12.0552 24.4623 23.7781 12.4632 25.5936 0.346236 13.5359
-25.5741 15.2471 39.8731 8.26925 33.3462 21.6984 10.4911 29.1793 43.9679 0.2087 14.8758
8.77708 13.3746 15.425 21.2017 24.4655 25.5698 3.03941 35.7323 2.65074 0.21812 11.4365
34.4805 8.95397 14.7909 38.1835 19.8176 23.3302 2.58702 7.64863 3.77563 0.00744964 6.16591
77.5875 4.0866 5.67282 19.3224 21.0383 28.9246 3.70322 3.43753 1.94827 0.000236314 5.01878
128.026 13.9249 13.6324 18.2371 13.344 28.126 1.4896 1.5966 3.02306 0.000984763 4.82871
115.049 6.26574 24.091 11.631 11.3642 12.4842 9.50043 1.30162 9.47963 0.0206352 5.01216
221.733 11.2016 10.3068 9.38268 25.0997 11.1844 5.93792 24.2839 9.33137 0.00261084 6.5656
103.343 11.3692 33.4706 7.46412 9.85543 6.08379 5.67608 12.0095 10.3252 0.0124703 5.37318
-9.41352 15.8194 5.98163 46.4922 5.20152 10.4135 4.67175 5.80421 43.4931 0.0714121 10.8223
65.3004 24.1466 6.41989 41.5694 16.4547 17.4713 3.6051 16.1107 33.287 0.112427 11.261
48.0526 33.6951 7.05653 12.8657 6.15702 15.8119 40.765 20.6839 24.4246 0.0589534 10.5811
56.5755 11.6084 29.4302 22.4087 17.6482 23.5113 7.32263 10.3662 19.8315 0.0296105 7.61338
66.8336 3.46306 45.9205 6.02297 5.91864 22.2951 10.0033 14.056 14.4144 0.00914741 6.70281
108.215 8.86394 32.813 4.75673 5.8598 19.2314 6.27731 6.31238 13.2733 0.00389424 4.89115
147.072 11.8758 2.03195 5.23334 28.2484 5.00725 0.205963 3.72245 15.2673 0.00166617 6.06585
75.9833 16.0382 5.33607 16.961 29.6038 14.6111 8.31376 17.7649 25.1778 0.00620419 6.62369
53.1006 6.48781 16.6946 27.7783 33.4757 2.82686 21.0458 31.3071 16.0437 0.00674064 8.3711
122.626 7.23713 50.4645 3.14387 16.3179 13.1229 11.9145 9.16825 7.68951 0.00446469 7.71322
-15.8511 27.7461 21.0795 29.1153 12.9572 8.55908 11.9754 13.0623 14.1231 0.0166338 7.00918
22.9775 35.2602 10.6364 35.5021 2.44456 1.52553 26.0386 8.39922 14.0599 0.0534593 9.53141
124.932 0.384132 11.0285 18.2001 40.2776 3.65619 2.4142 21.0104 1.17659 0.0138942 7.67167
69.4807 7.35739 7.53944 26.9725 27.3177 4.23601 6.03508 19.9662 7.24499 0.0776222 7.48446
112.59 2.72453 14.4255 24.5886 12.9895 7.53871 16.3247 7.81524 19.7737 0.108063 7.46094
101.89 10.3512 13.7398 28.7602 19.2883 17.2057 19.6369 3.92351 8.73784 0.0538857 7.03069
139.632 8.29695 9.45214 8.84924 19.7334 20.6067 1.31946 0.956015 10.327 0.0501776 6.41072
111.652 8.67011 6.02613 20.3478 15.3965 23.7329 3.32801 14.8784 33.8407 0.043859 8.02138
153.415 22.1426 8.427 13.5133 3.7957 0.884009 21.3182 9.58059 8.93754 0.0410024 7.49131
139.084 6.92563 35.7129 12.0579 16.597 17.4203 0.781116 3.84077 16.6135 0.00413923 6.99169
64.3355 16.7987 10.4257 7.27775 38.6486 15.5025 3.54551 40.0221 16.635 0.0349004 9.3187
76.9853 0.354909 19.7839 21.1154 15.6761 10.543 33.1077 4.73621 13.328 0.0827886 8.98111
203.53 6.68309 3.26874 9.52652 13.6531 1.81681 35.2596 18.0469 23.685 0.0354679 8.73486
197.2 9.88644 3.40417 16.8732 4.52913 33.2141 38.3679 3.75747 20.8322 0.00900666 8.65991
84.0246 32.7543 7.89017 16.547 6.85959 2.37757 53.2312 20.1499 14.066 0.108333 11.6824
62.0976 12.9423 15.8211 12.9008 8.09517 7.12481 15.9351 5.13844 8.22087 0.0945011 6.85486
97.9425 22.8712 28.6511 4.95644 12.4281 6.22914 6.5257 43.951 10.5289 0.0154895 8.89416
8.58176 35.2093 22.9617 14.1097 13.9074 5.00107 11.0174 2.32215 7.26343 0.000989543 5.27731
32.7281 5.82966 60.4117 11.4577 3.4214 23.8961 14.9334 19.4883 0.709652 0.000989543 8.71567
54.9358 2.84909 42.1557 6.46391 13.1293 14.9107 26.5129 19.3894 6.46093 0.00186086 6.51639
10.3345 28.6213 2.25133 9.73043 16.2365 57.3498 5.36641 32.2263 6.91514 0.00195236 9.73578
12.8331 2.13312 29.397 27.8409 15.4804 9.17154 7.66232 12.5693 10.6067 0.00516256 6.19685
56.4868 12.3742 31.282 3.01946 3.91274 20.5567 23.2628 11.3159 16.387 0.0042282 6.52594
185.356 20.5321 6.41652 15.9545 3.82584 9.34038 15.3011 3.8313 15.9991 0.00757217 6.25839
-6.28049 10.3596 44.9286 8.75261 22.623 6.05327 9.26257 4.86144 14.5662 0.0256645 7.07228
19.801 8.89935 17.7427 6.04536 5.8994 9.6232 15.7525 11.8033 9.4312 0.0236034 8.38439
71.2175 6.74811 22.0733 16.782 20.5739 51.1411 3.31138 12.1012 29.2968 0.0119419 9.27836
34.5486 11.2136 33.2499 8.97519 12.1088 6.78262 12.725 4.7564 17.3388 0.000950278 4.75663
118.6 16.1229 27.5251 5.65084 12.7329 19.2525 4.17835 14.5318 4.54278 0.0091775 5.78694
178.759 13.493 11.2139 2.44091 14.8771 18.676 4.56953 11.883 1.12017 0.0234236 6.09955
-43.5842 18.0171 0.121995 36.5713 29.8426 22.5491 7.24452 9.01736 28.8531 0.00628188 11.6149
45.2055 7.67776 7.88789 51.8521 13.6523 40.2466 13.9367 14.7991 21.0558 0.0065916 9.73608
-6.16055 12.939 16.3595 32.3952 13.1838 15.8131 8.34143 2.92519 20.3597 0.00773259 6.58246
58.5272 21.014 14.4379 31.0462 12.845 1.50737 37.7357 25.0312 52.8223 0.176957 14.9806
15.8184 19.4423 25.4072 6.20718 14.5738 9.97975 4.72298 23.8893 29.2985 0.0864048 9.65714
44.2577 23.4924 2.60945 27.6379 31.7299 9.04089 32.4848 24.4344 36.8303 0.0311402 11.6857
-71.0632 27.1075 9.09202 45.287 17.0727 23.7255 23.8244 11.4416 33.0173 0.000811874 10.2356
93.4495 7.84738 8.41452 15.2311 13.0403 26.6613 26.8764 7.97411 13.3339 0.322658 10.2265
9.55256 7.11412 38.7701 12.2577 12.8601 2.64049 5.64428 18.8878 10.168 0.0382106 7.53424
-15.2183 22.9274 37.3455 10.8502 19.5201 2.12085 13.8718 24.751 32.6563 0.00417654 9.05327
-46.3731 18.2663 28.5186 19.7115 24.8813 0.393785 12.6841 14.8112 0.933796 0.113792 10.5937
31.8141 27.77 6.27273 25.2245 16.8332 13.5068 14.4374 1.1985 19.8039 0.041903 7.64678
38.6692 40.6803 5.93712 37.4781 12.2696 11.2371 11.2329 12.1552 18.6503 0.0487139 10.0022
35.8323 30.139 7.78734 6.771 44.0473 25.5025 11.6175 18.0021 4.26285 0.00938683 8.18432
105.305 10.0414 13.499 16.8136 14.247 18.0062 24.8718 64.789 24.0601 0.073045 12.3803
-5.6369 14.3903 23.2806 32.8184 4.1435 2.68024 8.02153 24.7189 36.3917 0.188792 12.3133
-44.2001 23.8582 5.16926 22.5369 13.7852 25.2701 8.88256 21.505 3.55076 0.142201 11.2718
64.401 32.5578 15.4565 0.849466 10.2687 61.0637 11.9396 9.76694 5.573 0.00872406 9.82028
63.8944 9.26381 5.77882 28.1804 32.4348 23.0845 22.3409 15.572 4.97092 0.0179878 7.85138
172.192 5.90171 2.53438 34.3466 9.49812 4.77602 5.8982 15.4398 36.9467 0.0416367 8.488
159.029 10.9595 10.2158 21.858 0.871215 15.5571 1.30215 41.8245 3.83172 0.0228561 8.56651
177.052 12.8053 5.41505 14.1582 19.5855 18.124 4.86534 26.3473 9.09481 0.0048825 5.89268
155.705 14.9128 6.08191 5.97596 51.6456 5.58966 13.0879 37.377 4.8383 0.0113797 9.013
47.6044 18.5735 18.5118 36.4603 12.338 11.4773 10.6315 16.7243 1.67531 0.0132333 6.75911
6.93169 10.2774 11.3757 29.6779 31.4534 7.20065 15.4659 12.4016 5.40039 0.00136261 5.99653
137.216 3.74991 25.8861 52.9107 15.3465 2.17564 19.4655 16.7085 4.20544 0.00941268 11.335
49.6881 6.51777 13.673 25.3733 23.2492 11.9337 19.5296 6.32676 10.3867 0.00491183 5.46156
126.913 2.58708 39.705 9.68729 7.82346 16.0426 19.6333 1.85954 13.5642 0.00943381 6.69616
40.8729 1.80389 45.2643 12.6137 3.61395 17.2036 22.8115 5.93546 3.04884 0.0125152 6.99224
0.415505 8.0445 40.0753 17.1827 15.2269 32.0263 21.1509 13.9244 1.01225 0.0144006 8.61434
42.4051 31.3498 7.38853 9.04048 8.50441 21.601 17.3662 9.79288 10.7822 0.123059 8.44031
125.046 18.2505 1.01618 36.11 6.51722 13.2677 0.91306 5.78066 5.99675 0.277038 10.2571
121.583 13.2175 3.07039 21.1059 29.9886 10.4055 7.35268 14.8261 2.83499 0.30607 9.61939
47.4091 1.72966 9.90125 7.59301 41.6302 20.5778 1.18698 3.58982 19.6919 0.0201763 9.39722
129.693 1.31135 10.9561 11.7833 44.4411 27.1543 2.85371 2.59812 5.09642 0.268804 10.6456
10.1183 1.19058 3.07751 24.6675 44.4411 18.13 8.25682 0.41056 17.2186 0.275497 13.6507
22.5029 32.5065 4.43138 24.3124 3.90482 33.3632 20.1792 4.56267 5.65027 0.14034 9.67156
83.738 13.8156 5.31779 13.3708 33.7369 24.5022 29.3995 3.27833 8.18249 0.237851 10.5018
86.7246 7.97933 5.49526 7.67219 27.1998 12.3931 13.2923 1.94648 23.243 0.0506466 7.90365
62.9451 5.76846 24.3646 21.9479 13.0973 47.5525 3.58089 2.58038 5.02523 0.0651949 8.43478
53.276 5.18127 20.0969 16.8683 30.3614 20.8232 12.7629 22.2532 22.6016 0.0305691 8.48556
7.30569 8.72092 37.2138 36.8981 28.9436 19.7579 12.7963 25.9576 56.86 0.13331 17.0937
127.558 0.0618653 20.7365 28.404 7.79404 25.2735 19.8751 25.9088 27.2436 0.00209708 9.66179
-38.8858 3.92934 23.966 21.8776 15.2092 38.1709 4.94085 22.3739 15.5637 0.00209708 9.66218
27.1803 28.1489 10.4178 15.7227 6.28041 25.3498 11.3356 13.2623 1.56192 0.00102675 5.24142
30.0672 19.4931 36.8747 4.00593 13.2194 9.35949 7.10245 15.8886 2.48279 0.00102675 5.218
55.4661 17.7554 17.8315 3.22946 17.6853 11.8828 7.69245 5.25086 2.1436 0.0506041 6.32511
39.3325 8.39109 17.3496 30.9056 2.62669 12.3741 5.30964 26.464 30.9249 0.147189 10.7472
115.816 16.0453 17.1936 38.1481 3.95123 7.75775 6.62512 25.6103 34.1262 0.0221672 9.93139
155.772 15.6178 20.6462 24.3963 6.88847 10.0768 32.0566 11.3279 13.1432 0.233651 11.9987
45.0559 21.0568 11.6988 33.353 1.23012 40.1523 20.0837 5.57539 4.36592 0.420722 13.2375
37.3407 18.1509 24.424 9.71468 30.2131 48.6301 4.87867 5.52119 5.87566 0.210411 11.5725
-26.5225 38.49 14.086 11.9594 17.9196 31.7274 10.259 3.29727 9.5357 0.0797672 8.81921
201.318 3.52492 24.2748 12.7563 17.3008 18.3136 18.5987 7.212 21.1989 0.0205738 8.22308
110.673 26.1045 25.5433 3.43695 30.2163 11.212 17.7657 4.83497 0.618581 0.0205738 9.23919
161.218 5.55311 20.0196 6.58718 13.1636 18.8876 3.96985 19.0068 43.5417 0.146099 10.4445
114.094 17.6251 10.129 12.0145 10.173 9.0397 36.7619 20.8456 3.75418 0.0167177 6.91551
181.892 20.8361 8.90317 2.57671 20.2609 1.4643 12.6712 12.2198 17.8506 0.00188498 6.49018
-58.5961 9.6145 13.2112 20.5955 51.329 3.78167 22.29 37.8506 19.5765 0.00188498 12.7458
66.182 27.8379 13.3342 8.23649 40.1698 19.8352 13.4828 20.6589 7.19798 0.048828 9.23612
146.547 6.93057 9.06567 16.2328 18.6056 12.4607 5.41742 4.50135 24.2919 0.383795 10.0798
193.445 7.11799 5.88037 13.0375 14.907 13.9944 8.67789 53.7656 22.21 0.00883479 8.80584
73.9484 16.8296 24.1825 3.33504 30.107 10.5724 6.05026 27.656 12.8945 0.0280311 7.61918
84.5489 16.2913 15.1904 11.0704 5.86309 4.05243 1.21897 22.0113 19.363 0.0640153 8.24998
133.807 2.98212 18.2519 4.14258 25.9402 1.78781 8.18297 6.29173 26.5493 0.0977042 8.22917
124.858 9.8646 27.3765 5.00173 32.1474 4.88629 1.89488 14.9532 32.4379 0.115798 10.0944
96.0546 8.4774 55.1145 12.2067 3.30146 46.2753 29.8294 11.7636 43.7039 0.0847099 18.3968
17.7514 9.54543 36.0777 10.1824 4.81099 32.1497 15.0409 36.7069 14.847 0.126869 11.2093
80.2303 12.064 22.8514 10.7079 6.69709 33.6687 17.8222 44.6934 15.6427 0.144894 11.5035
100.272 25.2291 16.6518 17.8737 8.77199 43.0025 3.94366 21.5377 11.4164 0.0659247 10.2696
100.272 4.29477 20.1896 11.3926 12.4884 2.7519 9.21547 22.1727 10.1142 0.00934206 5.69182
127.941 1.71858 20.2036 21.1366 23.6591 13.5583 17.404 10.7139 14.6323 0.00934206 6.13246
142.344 4.05448 20.2036 14.8288 8.41333 5.08888 10.1637 1.81566 35.8214 0.106998 8.52888
128.427 12.2343 21.5487 15.5268 9.52642 17.129 7.13062 0.289589 3.60166 0.075877 7.28039
8.86833 43.4184 23.4773 5.15664 8.99803 10.5481 17.4061 5.63791 10.5432 0.140874 9.57175
123.232 15.4565 19.1662 12.8258 27.1923 10.4019 39.9299 22.4362 7.56771 0.0819312 10.4838
129.719 16.2969 14.9677 10.0128 23.4172 16.0886 18.8004 7.30597 5.70866 0.0612012 6.90879
131.261 25.8017 1.09469 9.17928 18.486 16.1893 25.9756 16.3104 27.1283 0.0515481 9.7418
134.31 8.81206 11.7814 10.036 17.5676 8.50278 53.7896 26.1281 17.52 0.0473236 9.96731
130.074 5.58852 12.3756 28.2978 7.40004 28.9963 0.882351 11.7378 15.0789 0.0746225 7.8222
163.142 7.7601 22.3497 36.7557 9.93918 32.688 4.27659 14.6831 11.2414 0.00168849 9.34815
95.2771 21.1855 11.797 22.7253 5.09114 28.0574 23.7618 8.73055 18.9254 0.00168849 6.57879
88.4737 19.5572 6.45807 18.4797 54.0138 15.1181 34.8768 35.7491 0.0848112 0.0227026 14.233
12.5756 17.3366 2.00519 12.3667 24.2076 24.8473 3.57262 0.884033 13.2479 0.0458089 9.40871
64.4965 36.5135 5.00027 4.61555 19.3378 8.55871 10.3832 8.67134 14.5826 0.0132614 6.38353
45.9114 40.8395 1.62599 17.3654 34.9923 7.94904 17.0692 18.961 37.4421 0.00866633 10.8609
57.3502 33.5452 4.54323 29.0889 14.4021 5.50548 22.7298 48.7851 5.53708 0.00841809 9.87524
116.321 8.68315 4.62481 14.3459 18.2477 7.87703 3.4955 34.2936 34.5326 0.0545972 9.63717
232.289 5.02109 4.89708 7.11378 12.3171 39.4371 22.5462 26.658 2.78514 0.000530439 7.44708
181.786 13.5424 4.6373 4.72307 4.69742 22.7659 13.2677 24.9034 9.77789 0.0486322 7.61891
87.0785 15.0262 5.22389 49.4591 4.43155 16.7614 7.29366 38.1519 4.44023 0.0487535 9.54918
178.436 6.56906 4.40596 15.3906 39.2102 16.9951 18.2196 38.2961 3.95868 0.0317186 9.5689
114.189 9.43297 14.0117 30.138 31.6015 8.85261 20.2744 2.62469 7.00542 0.0424055 7.79416
116.677 9.11718 19.5457 14.4591 12.5277 8.10965 9.13872 8.31405 14.54 0.0178733 4.82901
87.494 9.60966 30.6952 15.8754 7.51847 12.9429 10.7899 6.04834 8.16491 0.0675553 6.31839
-22.9853 24.3884 11.4032 30.7934 6.54261 7.79796 80.5348 17.9175 38.6359 0.0837231 15.9873
155.108 3.99018 11.5306 18.421 20.3404 17.8294 80.2429 11.9861 56.1992 0.20816 18.7584
69.3361 16.4586 8.78835 11.7141 28.6922 34.077 1.83439 34.1133 24.0924 0.030394 9.96099
64.1992 14.0348 28.6699 7.37292 4.15908 18.806 19.2637 24.747 12.6592 0.00679913 6.70165
102.543 3.59128 7.07466 25.2127 12.1522 59.2127 11.6206 5.0091 7.30446 0.00291968 7.36
149.758 3.59128 5.52946 7.6596 10.6707 42.1956 0.939906 2.48212 6.39354 0.00231881 5.73816
61.9553 8.64714 27.7856 19.3451 23.3873 5.21634 10.4595 14.1562 5.08198 0.0194235 5.8002
88.7217 9.45647 23.6973 23.0957 23.0123 14.6776 13.0194 23.0464 7.97572 0.0614345 8.06463
89.0685 11.1881 17.9575 17.6948 34.7233 16.3356 7.37745 18.3701 3.95064 0.148256 8.84649
59.9047 7.48688 3.2056 54.8037 12.0368 12.1888 15.5351 10.9578 9.73808 0.0962935 8.71907
160.603 4.99451 6.83881 25.9586 10.2674 7.88039 37.7308 0.938971 17.9081 0.0622224 8.34783
94.7501 24.9336 8.38444 30.5563 4.70926 7.82091 13.299 17.2377 19.9768 0.0184605 7.35459
74.1439 2.53413 5.47455 32.6141 14.796 2.72947 66.7692 18.2223 8.89487 0.0204597 10.9009
76.1254 5.54754 18.9341 22.2137 25.8042 10.7927 23.6328 22.6551 10.579 0.128572 9.10594
77.2756 28.9713 10.6134 17.7988 9.93075 6.18645 30.7814 6.06971 0.150984 0.110024 9.52813
-4.01275 14.3773 4.14755 41.2178 12.0877 28.0905 31.5213 14.2263 1.14535 0.132177 11.5363
7.68529 23.4257 17.9667 13.6083 0.936189 36.4659 14.7622 7.50512 1.16458 0.190917 10.6607
158.78 1.69951 6.45826 16.6116 1.84495 6.83882 8.08411 39.8849 36.5875 0.0166883 10.1525
189.367 22.6073 10.6274 6.22801 7.31732 4.48666 19.0482 5.07571 35.2417 0.00671076 8.24625
150.297 6.68726 24.0207 0.873278 16.0142 14.4337 18.2814 2.34021 48.5376 0.0117374 9.0047
138.338 8.75889 22.9393 14.7252 10.0738 22.769 3.74822 5.62417 17.8701 0.00995444 5.56296
93.0816 12.9647 14.631 19.3313 15.6234 4.00357 2.26836 21.4277 16.0286 0.27565 9.77379
93.0816 18.1687 15.776 11.3546 13.4165 8.74628 1.41196 60.7024 16.0286 0.258079 12.9036
-68.2145 14.5792 10.371 32.6588 15.6945 6.10911 1.20872 59.372 8.18083 0.279413 16.8585
13.5994 20.8823 3.50437 12.3087 11.3338 95.5929 9.42689 70.9353 7.35171 0.0386404 18.651
-14.9479 15.4253 21.4746 12.98 11.8112 42.8031 5.76325 28.1662 1.78892 0.0109718 8.80504
72.8374 9.57151 46.3524 4.48773 24.5103 30.6806 8.15769 15.6303 14.3009 0.0500678 10.286
47.0121 12.6179 33.9442 6.20572 29.7795 15.3782 5.91117 5.27135 18.6485 0.00324764 5.91343
24.9679 8.90088 14.6985 49.7891 6.31677 8.53427 63.3429 46.0217 13.7975 0.375824 18.4818
109.235 7.51928 11.7046 29.8469 6.03511 14.4765 20.9648 58.5146 25.6153 0.109589 12.3155
4.6834 7.83877 1.56137 64.8493 1.69882 25.9964 4.8452 20.4718 42.1639 0.0989967 14.0847
240.09 17.3201 4.17151 6.69175 9.85867 7.90113 11.9342 20.9911 20.9865 0.000939628 7.14284
110.559 33.425 3.23659 6.0385 21.8817 8.44002 6.98367 25.394 2.49143 0.00173702 6.46245
100.858 27.1291 12.2886 9.74992 4.62285 63.3907 4.02951 35.6347 7.02914 0.00173702 10.1996
13.4495 15.914 13.882 5.32825 50.5984 3.51376 2.02023 51.1599 22.2717 0.00173702 10.7914
-38.7079 4.00639 38.0674 40.2033 10.7308 0.614688 8.78707 15.2531 13.9409 0.0867038 10.693
-36.7787 3.54491 29.9224 30.0402 15.0966 5.9919 9.52115 21.3116 13.3018 0.0236745 9.05976
158.54 10.6741 9.13893 5.90071 9.64869 25.9053 10.7255 29.9196 32.972 0.0236745 8.60019
170.297 12.4411 3.65883 0.930716 32.9999 4.4812 0.548033 20.2855 2.09934 0.0236745 7.95475
115.105 9.19404 3.09084 22.6072 35.9969 5.71149 10.5904 4.0736 2.09934 0.0582581 6.72172
144.167 8.99768 4.24657 2.77675 15.3717 4.9363 1.19313 2.69176 22.2878 0.0436009 7.85582
16.8191 21.3554 20.0739 15.2352 9.36015 39.5816 8.40669 3.0226 38.4815 0.12342 10.9061
25.629 11.0204 25.723 28.8438 5.42844 13.3336 0.826608 2.77713 24.1497 0.0159367 7.22855
38.6846 24.6057 22.2922 8.87435 7.61085 10.0549 6.24584 0.674297 4.91244 0.00505568 5.14326
106.54 8.96156 25.3279 22.4893 2.47026 27.5373 37.1442 0.945229 7.30054 0.000757139 7.31974
114.915 12.2704 29.4606 16.6823 6.1546 15.586 33.1532 11.2578 15.015 0.000757139 6.73133
73.712 10.9281 24.4764 17.1109 49.2399 10.8654 9.56413 20.7606 14.4929 0.0220715 9.13113
65.1504 11.8376 13.0886 50.668 12.7683 25.7591 8.62943 34.6791 20.2224 0.075893 11.9684
85.282 4.41601 18.9016 34.3571 15.033 5.38217 5.0965 20.313 3.37419 0.108591 7.79629
134.548 11.6136 11.5834 13.6106 37.2621 6.08032 13.3579 44.7229 0.527284 0.0603276 10.2141
120.217 16.8275 6.05392 6.6603 19.2937 4.97244 10.7587 41.0872 13.2779 0.000265449 6.27808
31.9279 24.709 19.9915 25.8011 17.564 14.2109 0.733706 26.0123 2.75746 0.00885212 7.63794
-51.5641 23.5612 25.1951 8.72931 29.4267 7.12581 9.31088 16.2863 13.1301 0.0744197 9.18863
79.2717 4.31667 32.8777 18.9512 24.0491 18.2514 21.1346 3.19937 35.9985 0.195507 12.0874
110.82 18.4546 17.1261 7.40996 17.5327 9.58623 7.20115 1.52658 13.9904 0.0273681 5.72125
169.9 1.22382 17.7157 10.472 36.9155 1.20836 20.7908 1.42417 3.93966 0.00574207 6.62261
79.1889 22.4903 6.53375 7.64362 16.9697 25.9342 3.5414 1.44203 14.4342 0.0582548 7.207
19.934 21.5018 29.7507 4.69662 24.3767 18.0087 9.30518 1.25603 26.5014 0.0582833 8.82054
-5.89448 34.1695 31.746 6.76269 25.3709 14.9185 11.8622 0.899087 29.8765 0.198157 12.3059
-33.4586 27.3411 28.8214 6.1754 27.7536 23.4063 26.5574 2.00526 11.0691 0.195498 11.5309
-0.722748 26.9936 10.9797 0.601329 30.763 32.37 49.6742 10.9248 18.1759 0.22052 15.3354
22.7466 27.3367 29.6112 17.2513 37.3827 22.8231 13.8976 4.29908 14.8819 0.0443483 11.2555
186.293 18.7903 11.2316 5.81569 23.93 13.1559 5.47794 11.0161 23.3719 0.130601 9.52526
89.1017 5.91934 17.1377 11.8361 4.76134 14.5945 16.5838 3.17418 20.2586 0.117618 7.99907
171.638 7.91861 17.6878 15.6097 13.3132 25.02 34.4789 23.1255 21.7318 0.0272094 9.95621
66.0477 7.63931 33.8782 21.1279 17.8094 16.6824 9.36275 15.8418 3.06706 0.000260305 5.06603
94.3447 1.45968 34.81 17.6364 8.33189 11.838 7.28345 4.48839 18.4274 0.018344 6.19347
13.7465 11.2877 44.6669 7.92392 2.39502 5.44066 19.4075 1.62394 8.9607 0.00217085 6.15736
-6.16852 15.4227 13.671 32.4423 28.6543 6.94247 16.0464 18.9558 18.8462 0.00776769 7.77574
56.8173 13.3713 28.089 21.3621 0.148352 22.3549 18.7135 10.1579 7.45484 0.00517567 7.13579
36.8392 4.47803 18.7969 35.0266 21.487 28.1244 5.25158 10.6383 1.00339 0.00454448 6.83206
53.6908 7.99162 24.5958 19.0262 11.0453 30.972 7.25264 2.68947 31.0833 0.0074328 6.98926
71.713 11.9271 7.48491 19.0246 14.1276 1.33565 22.7581 7.28393 10.5238 0.0102844 6.00771
87.2313 8.65496 13.7756 19.0243 22.4057 10.6473 17.7965 10.7318 10.888 0.0198207 5.51866
34.7475 37.7263 20.2248 19.7613 5.38093 17.3287 12.303 11.6387 1.77204 0.000207386 6.35111
183.747 6.2992 6.47446 19.7046 8.1567 29.7873 27.4305 7.17392 39.5099 0.0535843 9.91496
171.336 6.2992 5.82923 19.5684 14.8573 4.65525 41.0347 13.115 40.4785 0.0071903 8.78123
51.2616 18.3372 4.72899 19.543 32.958 4.45786 41.0347 38.5689 24.2076 0.0024104 10.3872
156.193 22.1381 20.9192 28.81 10.1709 8.57297 16.7891 14.5052 4.94118 0.0624651 11.2056
73.6072 25.4827 15.3784 24.1777 33.1633 9.95656 6.5536 16.4031 14.6677 0.0610402 9.41374
124.499 1.17088 8.5488 9.27303 21.9276 21.4758 10.4114 17.1462 5.39139 0.0619108 7.34179
75.9107 4.08221 7.28221 8.44418 74.8796 1.85266 3.05409 24.1556 9.46601 0.104996 11.4722
138.676 3.52285 21.975 13.2013 20.0264 10.244 6.4221 40.6621 4.1982 0.087391 8.61744
182.87 1.56894 10.3117 12.2296 17.747 3.48272 44.6407 3.85067 23.6041 0.0205105 8.20661
186.631 8.98498 4.08696 26.2987 8.78803 10.7485 11.202 20.8551 14.0592 0.00130429 5.19692
132.488 5.13238 6.67205 7.26014 15.7849 20.3431 5.07234 12.3131 16.9427 0.00201013 4.95384
