67.3908 12.2762 15.6683 42.7664 87.3955 67.3538 72.4848 52.3263 14.9443 28.1083 0.00881228 29.1631
25.0078 7.50318 16.0861 33.5395 97.3879 40.2717 82.0579 97.2003 19.8591 16.9663 0.0438072 32.3705
35.9174 4.7873 24.3056 36.4222 117.328 41.9582 67.1078 110.891 14.7512 21.4135 0.0423006 34.09
164.067 0.424669 15.7841 39.6886 90.2764 49.2603 66.1255 48.0832 4.63166 18.2506 0.0273621 30.0542
122.559 35.2784 7.21479 38.91 88.9272 40.4479 65.453 41.5083 5.8017 43.2906 0.0320071 35.2607
-60.5596 11.0096 25.0907 39.6614 94.6974 83.2511 62.7937 41.4921 0.415994 86.1578 0.0353876 36.2378
-38.5945 41.055 18.3948 20.4627 30.2159 146.569 66.1049 33.5153 31.715 37.0797 0.12012 35.8174
-10.0577 9.94693 8.39459 30.8487 64.9349 151.336 37.3694 45.8277 5.94052 6.83961 0.289123 32.5913
3.38392 0.353314 11.9912 32.9675 51.318 156.77 43.9716 40.8848 7.85578 32.1426 0.360031 35.6988
15.7184 4.2261 23.4936 29.5464 41.1124 136.289 53.9024 41.9077 4.28337 5.2774 0.21282 31.2755
-53.4728 6.50928 24.4903 53.5274 41.5976 154.168 47.7132 49.1413 12.0579 1.47499 0.117768 32.4434
-53.4728 24.9258 4.51646 63.4856 29.0351 112.646 57.3156 50.6485 14.216 2.97236 0.414002 36.4924
7.7243 31.4203 5.52314 55.6658 65.8629 80.0244 44.6654 78.4426 12.2872 34.3504 0.199792 35.2312
72.3075 17.779 2.80249 58.9234 80.1515 71.9302 55.1153 19.195 1.5936 5.88225 0.118238 31.266
33.8497 4.06081 2.08345 42.6698 109.594 77.0012 63.462 33.7773 14.4096 28.1375 0.0417184 30.583
-57.1266 8.88087 36.6743 51.031 108.739 32.2727 68.869 31.8834 17.427 6.72392 0.105173 32.1892
55.4231 5.99149 1.62285 80.3431 22.0622 161.201 43.9118 60.2759 10.6378 9.13618 0.0213539 32.3439
130.422 3.7475 15.0435 43.0402 45.5854 98.7386 52.3237 102.652 9.64532 10.1296 0.000762762 29.3248
64.1049 3.7475 36.607 52.2079 28.7166 71.3357 63.2685 69.7417 5.71511 10.0938 0.000762762 30.3724
3.87331 7.76632 40.8036 49.4224 34.6798 84.4897 76.0627 55.8112 18.8776 35.4844 0.0178666 32.0754
21.5467 6.04272 17.8436 55.5915 99.7056 58.2557 37.7533 22.2999 0.255563 30.5444 0.0315555 32.5545
-9.72241 8.16355 6.89606 79.3924 60.9773 95.376 70.6844 17.2252 0.900926 14.9072 0.0573602 29.8902
14.3738 5.56158 6.89606 55.1413 65.3589 106.721 67.2328 12.7042 0.972403 5.7514 0.0364714 28.7708
-6.26305 2.61548 40.8342 72.4294 48.4418 53.5524 98.4029 23.8486 1.49376 20.5573 0.0158892 30.4116
40.4923 24.6345 34.3498 61.2885 34.759 43.1783 91.4729 28.4673 1.45106 19.4481 0.00617382 32.3062
-7.99345 15.4474 4.61157 52.4909 84.0401 64.0629 68.167 71.8077 1.41949 7.0818 0.0327833 29.8171
25.6484 15.1652 14.9916 68.1413 72.0507 71.8812 61.3109 39.9057 1.61542 14.619 0.0722018 30.5464
28.6975 0.198218 13.8664 89.7573 53.2177 47.3742 86.1824 26.0633 18.1783 1.04362 0.0210807 31.3494
38.3732 34.9758 11.1678 32.7153 43.8886 125.691 69.0491 57.8694 13.018 0.86841 0.00634111 31.1168
47.8965 31.6284 3.88255 41.253 37.0901 113.56 70.3235 4.07579 19.3392 6.63657 0.000657773 29.1895
-39.2812 22.81 27.9973 35.5554 8.12525 146.616 60.2942 28.9306 10.3972 16.2201 0.014403 32.6131
111.84 6.54165 7.99122 73.6791 7.27411 144.051 63.9072 44.1634 7.24833 6.07104 0.0150458 30.0998
104.914 8.20029 13.5297 65.6296 16.0064 135.243 55.758 29.7353 7.11419 4.15741 0.0155674 28.4645
44.4049 17.246 5.78387 55.9176 59.9766 108.923 31.3304 46.6484 8.27485 11.5075 0.0239135 28.6045
110.056 7.26116 4.55317 81.3558 28.0731 106.179 56.5668 26.4185 8.99012 18.2174 0.0241302 29.2453
107.382 10.4084 6.30492 54.2848 76.5659 33.3408 121.535 31.9541 7.27154 26.4407 0.0146016 29.4696
93.904 2.29854 6.55099 43.3799 110.156 69.1567 71.3011 31.1578 54.7489 20.5545 0.0656974 33.549
8.49872 18.5139 2.96855 52.0354 72.057 75.341 74.4997 61.3641 6.67621 26.8357 0.0282499 30.3142
11.7733 23.8883 20.3153 40.7755 85.1265 64.5927 64.6515 34.4714 1.26732 15.696 0.190996 32.8588
-71.8577 39.7802 1.60738 94.8415 52.0674 107.573 31.1945 39.8803 57.596 9.01201 0.0785763 38.3287
-3.7851 14.3126 13.9603 63.0008 48.4412 74.4059 72.2433 27.6364 15.3185 54.167 0.053802 33.9831
1.98487 32.9448 43.6821 22.8676 73.4234 48.981 57.7077 36.0326 2.89478 28.7657 0.0776325 35.297
-34.5128 39.5758 15.6596 38.0266 25.3727 112.79 92.6152 21.2088 8.37919 28.0101 0.0428351 32.2358
-8.03627 30.8773 19.961 31.5605 66.0746 45.3297 95.0985 19.9401 4.04306 37.9925 0.00145374 32.1822
33.9914 3.21826 2.36799 78.9878 52.8925 60.2344 123.329 39.4476 38.7662 3.68327 0.0456132 32.4536
42.4449 9.07498 43.9836 13.4342 53.5071 97.8448 65.2216 11.9827 28.2444 19.3131 0.0690682 32.7292
15.1427 10.6724 32.25 27.3333 36.6553 127.182 75.9385 42.4199 21.8336 29.3432 0.0337682 31.8395
17.9358 22.0855 9.64386 80.1079 43.397 31.6371 133.251 32.8422 16.7692 45.2459 0.0245575 33.8395
127.438 4.92083 2.16578 84.6506 47.1768 62.8294 113.629 10.0797 19.8821 16.1221 0.00514834 29.8542
-35.4637 37.723 16.5006 23.16 55.9354 93.8195 104.755 39.7835 12.6313 13.0542 0.000302142 29.2345
80.365 26.7529 17.441 42.7368 43.9661 117.76 69.4426 30.4583 16.6489 17.019 0.00177625 30.2595
137.493 10.8161 5.78607 42.218 46.913 131.701 49.3641 22.6316 13.6813 22.996 0.000810901 27.9595
40.8557 29.8039 16.7609 12.5326 107.829 70.8217 41.2927 20.3376 32.2483 3.44383 0.00112978 30.0082
43.4015 26.1336 28.2151 30.7024 70.0788 58.1291 66.0244 43.4646 20.689 2.73419 0.000135042 28.701
31.2461 9.29601 22.4681 30.7024 64.9656 87.116 99.6643 46.8053 24.1625 6.31435 0.00576836 28.8756
58.2245 23.4983 4.68652 33.9736 88.5591 71.7004 54.3849 32.2026 6.20326 2.52781 0.00517793 27.7276
-59.8579 9.9662 45.29 38.4997 43.444 106.007 82.1265 32.1484 8.5681 7.70216 0.00332209 28.397
-55.3905 4.62925 40.7621 38.8573 69.905 126.539 24.56 49.8774 6.94881 6.57854 0.00211627 28.5871
-0.830138 13.2308 36.059 15.0159 74.392 120.874 44.9317 47.094 20.9772 10.5476 0.000395299 28.1016
34.2792 5.28515 30.5314 56.2722 57.5946 77.9319 70.4062 30.2262 24.9156 14.3164 0.00798826 28.621
109.191 8.26303 7.1138 66.8469 52.1207 66.1271 106.588 33.9918 20.1469 2.98129 0.013328 28.8195
115.169 43.3866 4.4062 21.5423 69.86 32.874 145.301 37.7499 19.2568 12.4744 0.00665212 34.5031
134.102 12.7187 0.787526 5.13063 105.232 80.3044 83.7624 43.0446 19.26 13.9989 0.0129523 30.411
54.1093 13.6573 9.25065 5.91295 113.27 86.8101 12.1929 77.3316 19.2961 6.42099 0.128159 33.3778
12.8328 9.23621 12.4525 20.705 87.8553 103.049 63.0573 65.2785 19.2912 6.73045 0.183438 31.521
79.467 19.5647 11.9033 40.9358 75.6188 90.6472 47.0058 42.8966 19.3998 2.2582 0.021665 28.8747
7.99384 12.719 14.568 74.8437 39.0814 108.061 43.6984 25.9293 19.2768 0.666984 0.0173644 29.4117
159.419 14.7046 1.99548 44.7425 39.4708 83.0868 75.6565 57.2458 31.1095 5.05306 0.0553277 32.1141
66.2112 35.9664 11.1763 50.5552 6.45181 100.735 135.293 25.315 12.6482 5.53564 0.051502 34.6898
39.5038 30.2926 1.8016 50.2093 14.2417 136.662 81.7627 15.6415 10.5539 11.1369 0.054931 31.445
10.9107 25.3354 1.7939 69.6927 28.6386 188.611 39.0219 6.78315 5.86336 21.2143 0.0401764 36.5009
71.6779 13.6009 21.2972 67.5708 26.2137 139.847 40.2105 8.80987 1.63344 2.66763 0.0101466 29.9066
35.8615 7.36734 31.0822 66.6448 39.3303 126.781 36.3394 23.2894 27.6612 9.78531 0.0261596 31.0165
39.9674 19.4749 17.5235 72.3037 9.96559 143.19 16.4992 22.4364 15.6326 4.3032 0.0473284 32.0996
40.3694 4.75167 7.37487 66.4307 36.7543 139.646 59.3436 51.2672 16.3959 1.34516 0.0297455 30.5053
31.9875 11.681 8.5151 50.6651 58.6403 114.217 51.9996 15.2339 3.97666 1.58494 0.0362261 28.3564
50.3229 20.634 9.90953 55.8174 64.617 83.5978 96.6287 15.0889 9.1613 8.45858 0.00236748 27.5766
43.8366 8.46076 13.4206 50.5561 32.5938 141.979 62.7447 21.7261 6.03596 21.0052 0.0140997 28.7852
-45.3591 21.5544 31.4902 47.1032 48.6631 66.6795 118.665 37.7667 7.27019 28.473 0.0141404 30.8735
-71.2762 25.2723 29.3615 46.4355 42.0634 90.9749 98.4403 54.9241 33.5322 12.4646 0.0139742 32.1496
173.669 6.74053 22.6809 63.8108 46.2154 48.2799 96.2322 29.3132 12.9762 12.1066 0.0136619 31.0332
-53.7187 12.6685 11.3879 103.744 64.4453 97.5969 36.7577 32.9086 15.7367 19.868 0.0110506 32.2577
120.485 1.1435 23.9122 51.3344 70.3628 29.1096 135.443 42.0965 5.01254 11.4512 0.0103148 30.3346
161.48 7.84908 19.5748 21.939 57.6564 50.5439 103.62 39.7193 3.05439 7.34433 0.00892451 29.8566
158.302 2.5757 10.1317 44.1311 66.8553 70.6092 85.032 9.79185 17.7666 12.5607 0.0116637 28.1394
85.6067 6.04159 33.4116 29.0057 74.0372 52.1146 114.97 21.259 22.906 11.2954 0.0174215 29.0472
67.8825 16.9064 2.70802 50.2377 81.3093 11.4804 121.264 23.1589 1.78787 14.2779 0.0179598 31.3449
14.0147 15.1944 18.8095 44.3506 76.3979 71.6225 78.0165 52.1321 16.6902 19.2404 0.000106228 27.2727
1.07762 19.8696 4.1974 46.9533 75.0796 92.0913 82.8316 37.8264 4.12169 10.3581 0.0489266 29.0386
25.8703 5.51311 22.4471 59.8415 74.0259 126.477 30.2788 40.7621 2.01596 10.3439 0.0277575 31.242
0.108536 9.6192 22.4464 37.8584 90.1825 134.129 22.9628 46.8452 14.7071 4.07068 0.0194805 30.6341
-7.55948 9.30253 23.3431 61.5057 8.92509 133.879 73.6648 22.015 13.2769 17.9359 0.161356 32.2019
-34.1473 20.9923 8.53409 67.6669 58.5775 135.648 53.9445 25.2692 12.629 42.0873 0.0921854 35.2923
6.85095 12.5957 1.29578 66.2266 54.3239 126.129 40.1533 67.4331 4.8858 16.5937 0.028566 30.5813
50.9698 16.589 16.3599 42.3995 58.5957 34.3021 146.822 65.124 22.9718 10.9954 0.056099 33.6807
126.915 16.0374 4.26303 36.7699 94.4527 55.0116 69.8232 34.2155 27.8058 15.2347 0.136755 32.3007
19.5625 6.06037 10.4571 3.73032 138.298 73.9927 65.8286 11.9412 25.5428 14.2089 0.182494 32.8595
56.8148 3.97908 20.749 5.4656 122.761 100.459 2.30962 62.2168 30.1854 15.6471 0.170447 34.9771
110.158 9.99335 39.655 36.6482 51.0395 85.1154 38.8308 64.7022 14.7274 23.9185 0.0325385 32.3142
94.2077 3.76617 24.9139 47.4259 52.2398 76.2389 68.2285 83.3453 34.1312 2.91853 0.109242 32.991
37.9849 22.8163 25.9736 30.2991 22.9466 128.641 57.4314 73.0943 41.5893 6.45087 0.136517 34.4677
83.2359 28.5913 5.85386 5.58893 69.3645 138.684 11.8227 64.7809 28.3126 6.94441 0.0592402 33.3215
95.8001 21.1358 12.789 7.41988 59.4699 148.981 11.8227 80.678 37.0567 4.15166 0.0817764 34.0111
106.634 11.0143 21.0629 24.1505 53.9254 148.981 11.8227 39.8475 15.9707 2.91618 0.0637793 30.6701
58.3456 6.34129 41.9445 36.9272 66.9375 76.7826 58.2087 66.5949 20.0573 3.43691 0.045166 30.7926
-55.5625 2.36732 33.1156 48.6296 85.6045 78.824 55.5829 67.8286 22.7094 7.15265 0.107633 32.1531
-3.6872 4.3763 19.9499 41.0057 97.617 82.8199 52.0774 38.9082 10.4377 3.77159 0.0949441 29.5159
183.977 11.5634 14.0148 29.3138 54.6166 124.919 54.8942 73.5441 13.7001 6.88729 0.0071621 32.2093
31.2128 16.4821 6.55283 38.6484 12.2725 159.82 74.7118 35.8127 11.9552 5.92126 0.102791 32.2497
68.0146 7.85031 20.4845 19.2676 37.9083 119.177 98.4059 15.1777 25.3906 18.296 0.0926298 32.0708
114.349 2.32421 15.2766 32.1171 41.9044 122.035 84.5235 6.00234 32.4308 16.2066 0.013529 30.3807
-35.8742 4.49247 28.3629 50.6507 63.3289 106.2 89.5721 16.028 5.23899 8.27193 0.00124945 27.4966
119.72 5.59753 12.1374 48.896 44.9779 95.6661 87.734 14.7609 17.141 6.29811 0.0145258 27.6198
53.1524 12.6128 14.25 36.6914 62.3709 116.541 81.8029 13.0788 5.73419 10.1757 0.00376432 26.9849
11.5543 19.8023 13.8813 65.0946 17.714 110.302 86.6941 26.9997 4.72329 34.6781 0.0162704 30.6851
-71.4412 10.5478 4.75051 76.455 41.3142 136.69 36.3454 42.3172 5.76164 17.5511 0.0690621 31.9413
13.9873 2.12817 9.1635 100.502 55.1894 113.251 20.6663 42.3248 17.9242 53.161 0.0342524 35.6437
97.2859 6.5837 7.21912 82.1768 14.6059 125.989 35.887 32.9681 0.944625 22.1147 0.00697601 29.9314
98.1718 5.98411 7.21912 82.1768 26.296 125.989 53.7185 9.72574 0.944625 22.1147 0.00697601 29.5194
98.6448 7.6985 13.1016 82.1768 3.31942 127.598 61.4411 13.3226 18.2379 12.1704 0.00697601 29.9948
199.77 4.69341 2.45207 66.4549 6.22198 126.463 90.5613 12.7729 24.8851 14.9238 0.0232397 32.4223
186.489 1.8859 8.14726 23.9075 71.3771 108.886 80.2232 21.8718 42.7477 4.83446 0.0109067 30.4663
95.6009 7.21976 0.217814 1.79625 95.7032 113.215 70.7887 43.3523 24.6553 7.35046 0.0122725 33.0067
207.43 16.1528 8.61256 4.39125 61.7164 110.069 71.6595 39.7471 11.5605 13.049 0.108288 32.2373
-11.8147 16.5272 46.5853 9.62218 53.7853 103.244 45.9556 58.701 20.5617 13.0523 0.032159 32.3603
-45.2632 39.3219 46.5853 16.1832 50.7222 114.17 82.9686 14.0242 4.42756 13.024 0.032159 32.5528
21.7548 38.2435 36.1596 2.20855 56.1788 104.939 66.1888 11.2146 15.8666 13.0327 0.032159 32.6654
-69.8576 19.0442 68.459 2.43787 68.0912 118.913 29.2182 10.5086 10.2505 4.28327 0.0251104 32.7142
-42.1462 19.99 21.1163 35.0439 65.7633 107.33 56.1995 12.0233 20.9245 14.1773 0.018552 29.9526
213.071 11.9695 18.0361 11.3 62.2172 35.5322 138.282 13.8196 3.0093 22.1204 0.0155049 32.4507
30.6636 2.69812 9.36777 55.395 42.7232 115.092 97.0117 3.47984 19.9448 4.13418 0.0236057 29.8605
52.4383 31.8391 14.1631 64.1147 20.6189 101.334 87.7499 22.7085 17.1584 4.52059 0.0232955 31.1468
106.53 12.8978 17.0288 33.0194 62.1426 106.677 69.0752 11.1867 13.2453 3.43235 0.0380389 28.3888
92.6758 12.2758 12.0467 32.8098 34.0309 126.264 83.2032 49.2834 29.3167 5.12928 0.0389114 31.1298
119.603 3.99239 12.7385 29.4776 66.6876 86.6948 77.0671 20.556 3.89764 46.0365 0.0286569 30.8562
136.684 1.57221 12.9255 32.2086 83.8561 62.2961 77.2715 25.9533 5.83183 24.3417 0.00774863 28.3544
28.9364 8.03004 12.6305 62.0395 74.8538 76.6579 86.7696 17.2862 3.66734 3.75208 0.00774863 26.7269
-15.288 8.13699 11.4371 73.1982 69.1733 112.72 14.21 26.6939 15.479 3.75208 0.0414042 30.6531
195.629 3.13373 12.3489 38.782 83.2318 80.0284 26.3579 34.7195 3.59375 23.4584 0.0813084 32.6679
43.2267 8.16597 6.52112 87.4089 76.4848 45.491 95.5383 29.9047 12.1982 12.5818 0.0937285 31.9843
-29.2093 28.8899 2.3731 80.6847 44.872 92.9801 70.1574 34.5685 16.8277 30.3517 0.0291024 31.6085
-58.8106 31.0317 9.2678 60.1069 20.5001 127.498 77.9318 44.5097 4.41787 67.1208 0.024453 35.3402
36.5812 13.107 16.9747 62.0118 35.3581 86.0197 70.6908 59.8103 3.88657 57.1125 0.0412882 33.2698
18.8029 21.3066 13.6523 46.5919 58.5261 37.0532 109.661 80.3367 1.38696 10.22 0.0385353 32.3908
-41.4904 20.7434 45.5584 29.2586 74.8806 25.8619 95.5336 81.2096 12.9308 4.04599 0.0204509 32.5608
-21.6992 8.7195 32.2804 59.7756 81.1271 65.1511 54.0749 80.7065 13.241 20.9034 0.0748981 32.7772
-58.2738 27.0015 22.8847 22.5881 71.9679 85.9538 67.8649 114.047 27.1316 44.8582 0.0473787 37.577
51.5851 27.0015 22.8847 2.17525 94.1153 101.835 61.302 28.4478 10.8155 35.8824 0.0405384 32.3542
75.9572 28.9649 11.6425 4.87805 71.3381 86.6383 109.348 26.3416 7.02288 36.558 0.283579 35.0025
-49.0776 24.9734 37.386 25.4742 45.445 79.2991 93.1901 38.8889 6.05425 28.4231 0.409748 36.9368
36.7407 46.6447 34.893 51.1345 16.7433 30.024 92.1832 96.2114 3.92116 20.2559 0.233236 42.3047
26.647 39.3414 39.5327 2.31987 39.6446 91.326 157.595 12.7818 90.5871 20.801 0.0130579 44.6571
76.6559 16.507 19.0876 47.1215 13.9943 6.86656 190.394 18.6238 49.5461 19.9904 0.367115 40.1721
170.818 3.83771 29.3 45.2088 38.4285 58.9233 114.669 23.4826 16.9929 38.6846 0.293859 38.9794
-51.4486 6.42014 32.0391 80.1613 11.5554 73.0302 123.58 53.0958 38.4947 18.5685 0.154042 36.3999
-15.8391 1.14957 6.77475 84.5383 39.0586 63.5673 150.68 37.3992 9.10227 7.65207 0.114559 33.7285
75.5965 1.79874 4.4679 72.4886 50.9655 54.8051 136.092 2.97141 5.27951 11.4788 0.0586654 30.2714
12.8381 24.6254 17.5714 90.8512 65.9095 10.3285 109.598 37.1738 1.08453 3.20703 0.0406578 34.2342
-37.3835 24.39 20.4236 52.4181 72.4978 44.7298 109.056 45.2372 19.3662 7.59089 0.0389027 30.3001
35.7132 5.33362 5.93726 62.9735 68.0849 37.7746 141.544 34.098 6.04205 11.5159 0.014934 29.5921
64.3961 6.03318 30.1302 73.8477 25.3383 101.068 43.4705 2.91225 16.9862 11.5619 0.00130003 30.3982
61.653 5.74629 21.627 90.9927 25.2583 117.705 42.8535 12.6968 6.96423 16.608 0.0176771 30.7092
174.834 3.45035 15.3719 19.6503 50.6323 128.13 75.9441 18.9812 9.14575 23.3609 0.0548116 30.4273
21.8291 15.8032 30.6985 14.1045 92.4875 59.1886 83.5807 10.8076 35.5786 7.13979 0.156194 32.5343
91.363 16.4045 4.30919 0.725077 104.678 134.29 70.7412 6.01744 16.6719 18.6238 0.0496097 34.2159
108.363 5.21935 19.2908 17.3247 92.7845 44.8227 89.9132 67.4642 1.18425 0.527633 0.118147 31.448
-1.21674 22.8112 15.4731 31.6385 108.401 39.7035 101.522 28.0753 5.15929 3.40193 0.0116433 27.6462
113.026 22.3621 21.7106 2.31858 106.112 46.9342 104.392 4.79684 4.22869 4.58255 0.0176389 29.8438
120.152 18.5465 22.404 15.1849 86.5226 48.1976 94.2219 24.1195 11.6039 15.3547 0.021014 29.4122
-47.9881 12.1855 20.652 48.3511 86.5226 68.3124 87.8382 22.1088 5.11605 10.9268 0.0398003 28.5345
5.15432 18.2651 3.84233 41.4047 99.3082 64.9775 46.0156 51.093 9.13807 6.36682 0.1888 31.9482
-55.9738 15.7539 10.8061 51.6571 99.043 85.9649 63.3055 30.7137 2.18463 4.39058 0.112192 30.5833
-51.4609 21.8464 11.7193 18.5766 103.186 101.457 71.4214 30.9033 13.62 4.61588 0.0331714 29.7079
-52.1973 11.2344 43.5756 37.8519 96.285 86.2042 51.6575 47.7051 12.0615 3.03346 0.00194536 28.9904
-69.2987 9.59462 58.0536 12.5046 86.4731 63.4106 84.6909 63.4204 3.982 4.66064 0.104346 31.8269
26.0436 28.4969 25.9348 7.28556 128.025 30.9177 75.6852 63.6614 5.01611 6.48432 0.00833376 30.0424
85.0858 0.607471 19.7596 17.4672 127.72 79.915 68.8054 31.5607 31.853 7.6492 0.0102079 30.8944
-20.3531 12.6475 33.1561 36.6907 87.6764 96.8664 71.3654 25.0708 13.3985 28.6927 0.00472029 29.8522
-69.0713 16.0865 30.9617 57.016 81.7727 86.0777 48.582 25.0619 11.1804 29.7234 0.0916062 32.5438
-20.4134 10.6417 27.0512 42.1843 100.886 80.7801 29.805 15.3839 8.93301 4.62689 0.109062 31.7055
15.2775 27.0032 29.183 20.2898 41.7575 135.144 31.4151 36.3527 18.5846 3.08469 0.0559409 31.2892
39.0095 9.32142 44.5446 36.1481 50.1018 124.053 59.1161 44.4084 41.0188 1.88663 0.00985249 32.7669
29.1516 31.0124 16.6773 29.3581 58.1089 129.793 48.9313 36.4641 26.0447 15.4067 0.00818052 30.473
57.6924 11.2774 26.5897 42.1207 62.7481 109.573 23.2056 11.1744 25.6959 24.0583 0.00199663 30.467
120.591 14.6666 18.5273 35.3454 61.0502 103.808 22.0571 45.9592 28.1638 0.346246 0.00795302 30.851
29.254 7.86773 11.1599 82.8275 47.7505 89.2738 86.5633 67.902 51.2747 0.588858 0.000380649 33.5565
89.3307 13.1553 15.1682 17.4657 124.234 25.1755 81.207 70.4465 8.15102 7.52906 0.0245081 29.5038
80.229 14.015 14.3385 42.6185 102.014 9.29707 85.7803 112.816 6.55803 2.20039 0.0296206 33.2189
72.5385 12.2833 14.2767 13.9757 123.034 60.9579 89.7067 20.9555 6.3399 13.2166 0.0281291 28.2963
48.562 1.08363 13.4357 68.5295 49.2393 60.071 140.186 12.8426 6.21668 1.32692 0.00415278 28.8437
95.4067 3.31187 15.9204 48.4216 58.7216 73.8278 82.3537 22.765 11.7319 26.8362 0.0163523 28.9145
-25.4352 12.9928 15.9965 68.3736 53.8912 91.8122 44.763 45.2157 1.79595 13.5543 0.00242936 28.2407
29.4797 7.38163 12.3376 65.9597 44.5639 90.7225 56.1917 23.1462 17.0536 7.76057 0.00242936 28.558
21.1719 5.80272 37.203 67.2575 67.3769 48.3585 40.6188 66.6628 6.27806 3.16202 0.0297965 31.4963
38.8125 1.76979 16.356 68.989 96.7252 74.5524 44.5247 39.7875 3.7812 7.53334 0.0127551 29.3507
-44.8542 6.10901 31.2149 66.084 34.681 75.2563 97.2773 2.84682 1.87934 7.17663 0.0104147 30.8608
47.7119 7.07792 56.5352 48.2353 5.48867 112.278 75.9995 20.7366 5.91872 7.14177 0.0235297 31.4708
26.5657 2.56918 29.8116 48.931 79.4479 79.8545 76.8722 24.0216 57.3026 7.39257 0.00412483 30.6993
19.6577 8.41327 27.2571 48.0913 69.1781 63.5473 108.572 33.9974 1.74445 8.01494 0.00412483 27.482
88.2551 12.6448 6.27182 50.8927 43.5456 89.3777 77.4673 23.7249 30.1508 2.75347 0.013256 29.4281
102.029 7.32135 6.27182 40.0354 90.2143 77.7512 85.2013 9.31756 16.2024 5.11007 0.0325193 27.9384
7.11195 11.5753 34.0444 19.241 34.9215 120.687 90.9663 37.2331 24.2302 6.28823 0.0924532 31.9087
37.7762 15.0374 6.55982 12.3936 131.447 116.327 12.103 55.4635 4.1149 4.73484 0.0756201 32.0745
40.0398 18.0114 1.99278 55.1625 82.0804 100.757 65.6282 15.4402 2.45833 9.17016 0.00473488 28.0974
14.6704 2.88474 23.716 61.8154 24.2916 120.941 60.4518 61.5877 2.29594 19.9066 0.114896 31.727
57.4109 0.650076 17.8007 65.2234 46.6895 52.6275 112.885 55.6598 8.62472 0.269961 0.150703 32.9125
81.4612 1.50972 4.35249 81.7482 47.9073 59.2931 126.224 23.3073 33.8953 3.18403 0.119437 33.0162
-26.1584 13.9182 17.4174 105.6 40.5364 83.2809 32.8836 62.4362 24.8633 7.76732 0.107619 34.6407
-21.8973 9.62793 39.379 36.9628 55.5592 123.605 31.487 62.264 30.7718 2.4056 0.096402 32.1731
20.2846 5.46387 29.4686 76.1067 34.0232 110.91 18.0062 36.9339 31.5105 14.4363 0.0350285 32.5763
90.3852 6.00325 0.636267 74.2313 12.841 155.93 32.1723 73.6656 32.0198 5.80807 0.0171638 32.9442
40.6816 2.9105 35.383 73.3552 14.7159 121.161 47.9726 30.7488 2.90023 2.8535 0.0276031 29.9939
40.6816 2.9105 24.2955 73.3552 25.3749 117.472 34.7178 13.6914 41.4905 2.88157 0.0276031 32.3906
25.8087 2.9105 8.15851 98.4885 25.3749 117.472 35.7576 20.908 39.9079 0.707012 0.0181589 32.1707
42.6779 3.28415 2.25872 98.4885 25.3749 105.561 41.0862 38.1126 21.7418 32.5247 0.000512985 31.0419
95.1694 7.23443 10.2845 88.9102 34.6048 105.561 67.915 8.86312 21.7418 56.7035 0.000512985 32.9403
152.388 7.23443 13.5178 58.7282 18.9957 101.908 78.1487 10.4414 14.1215 45.4823 0.00359056 31.3682
257.297 5.05011 1.40295 31.2318 69.3134 95.5437 45.5137 52.6921 13.0585 17.1719 0.00153768 29.9205
75.7508 28.1396 1.652 11.6674 90.5037 126.199 11.7109 64.5247 18.1236 4.88378 0.253541 34.8304
82.1232 28.2611 20.0436 17.6951 71.9748 94.7691 56.7138 88.2091 15.2135 33.115 0.0430048 34.4794
-40.6611 25.068 17.2422 16.1868 108.247 87.3687 25.9391 109.265 7.51574 38.9568 0.138241 35.3261
-3.70959 33.4873 13.4467 3.46436 100.489 75.8932 102.609 35.1692 6.06565 20.4201 0.117526 32.3027
-9.38387 12.7474 17.9115 25.1696 81.1626 56.3644 93.6293 83.2663 1.45619 5.27428 0.145202 32.4883
-6.14134 9.8675 5.19982 22.7861 170.474 36.4319 69.8914 66.6969 2.92786 31.7979 0.00907277 33.0763
-17.9724 5.64988 37.232 52.2397 100.849 44.2272 24.003 90.8176 2.40984 15.7415 0.0150095 32.1905
0.426216 19.3587 7.55355 44.4964 61.1529 110.04 63.068 61.3878 0.66933 9.64051 0.0894585 30.7091
149.377 9.67884 23.6749 40.5931 63.4166 100.243 36.6384 31.7075 3.50726 41.3714 0.000575945 30.4348
2.84707 4.95451 18.9687 58.1479 76.242 127.562 61.2733 19.0749 13.0342 30.2522 0.000575945 31.2004
78.1356 4.95451 1.85028 58.1479 65.1156 105.316 60.6335 2.96751 12.7213 35.9703 0.000575945 29.2983
81.8736 10.2792 10.3563 65.7585 18.8939 134.508 35.2357 29.2747 17.3006 30.8559 0.0222246 31.0505
-25.5701 42.7679 9.61463 26.8019 32.3456 111.305 75.0878 38.4594 37.7157 16.905 0.128941 35.3149
-49.1965 24.5036 15.3356 41.2374 21.685 158.051 46.1181 19.8606 53.9346 7.77775 0.12963 35.1149
-17.7959 23.2938 6.8519 74.3975 9.30641 122.062 53.3134 51.431 7.36553 10.0515 0.194088 32.9918
-44.6953 15.7597 8.61796 70.2051 12.0972 144.459 54.4734 72.2157 13.9099 0.984031 0.376154 36.256
-6.24632 13.9692 9.33851 87.3007 63.4235 83.1826 35.4321 57.0786 13.9099 20.1279 0.0685879 31.9444
-13.8796 11.2218 13.4733 71.3529 56.3823 78.7351 67.9617 57.0786 23.6209 30.5252 0.122375 32.7897
38.813 36.1241 8.41269 24.8022 59.6571 63.8953 103.863 10.1106 0.621087 28.8551 0.185628 35.0584
-6.492 46.077 7.13022 6.06269 51.6868 92.0136 142.778 12.0625 7.82343 13.3845 0.0385962 34.01
-13.6114 13.2351 5.62322 62.1884 92.3094 25.6004 145.711 18.778 12.3243 30.5565 0.0621408 32.2502
-68.8629 7.15382 14.0327 93.5454 82.2266 46.7912 98.189 38 49.3635 4.03264 0.0618363 34.7907
9.99069 3.00534 19.3382 69.5771 93.3856 15.817 96.0864 48.3218 24.3391 9.8922 0.0916273 32.3071
-0.628054 5.55468 6.73863 61.3707 41.3361 136.28 46.5715 82.9265 6.94774 6.94023 0.0493857 31.3269
61.175 1.57392 16.251 4.69251 103.672 120.51 27.0947 57.1826 9.33812 32.6202 0.0190127 32.1449
128.26 12.0897 24.5769 20.3712 145.684 17.3052 27.5369 102.285 11.5773 16.7703 0.00390413 34.3219
13.8113 11.1312 7.5974 84.3205 69.3522 84.1455 27.3283 18.295 1.73513 39.1867 0.0124661 32.1566
151.445 6.32932 1.70072 62.6509 53.2169 103.094 28.7397 21.5716 5.31583 13.3361 0.0312239 30.2039
-61.1763 35.1155 5.84788 54.7295 86.4223 113.128 28.979 58.8141 16.931 15.7155 0.0332234 32.7338
-50.4791 9.34514 17.1759 30.1693 158.728 19.3187 75.7937 31.159 8.17079 5.24872 0.0546704 30.9199
-2.17119 17.0579 5.40012 34.7562 155.732 41.4075 59.0339 66.8413 18.2019 8.78437 0.0384182 32.7974
172.225 12.0231 20.3273 22.7195 59.8408 56.8992 125.575 16.7616 2.18899 2.21852 0.00103559 28.372
114.757 20.6813 18.0683 19.1815 77.8746 28.8472 125.575 30.7374 10.1077 18.2779 0.031392 30.9869
131.659 17.8823 14.2555 33.1727 73.4743 61.9495 107.269 26.7822 2.40872 15.5153 0.0485674 30.3407
169.435 11.3373 38.7633 22.2504 51.0254 82.219 85.6944 19.7771 15.2454 19.6868 0.0417088 32.6092
103.431 11.6291 3.97733 92.4403 33.0524 70.2651 33.6976 108.681 12.7992 27.4461 0.180777 37.3285
114.612 11.6165 9.47828 35.1066 29.3784 109.409 153.286 6.31853 6.13399 4.99988 0.0273893 32.673
68.3116 11.26 10.2208 47.4005 48.6253 107.771 68.2773 14.6945 12.1803 2.93769 0.0132704 27.4422
21.7826 11.398 15.481 71.8988 5.86901 109.847 115.366 16.5441 11.9445 8.72527 0.0054173 29.7941
193.85 11.4846 16.0238 59.1942 24.0604 66.1336 88.5389 16.5441 11.1115 2.54966 0.0303077 31.7737
193.85 11.3501 22.0722 58.6347 24.6663 41.2757 60.7907 128.137 15.1937 50.7185 0.0347638 41.5525
82.629 11.0111 22.7905 65.7938 26.9559 75.996 38.8248 92.8998 33.6032 29.6137 0.0519151 35.863
136.674 13.2482 11.8771 38.8583 58.1888 75.0649 80.8531 17.6463 18.3766 3.73411 0.075469 29.8019
-52.8583 8.25981 41.9903 46.2212 76.1271 63.2438 58.9372 16.2446 4.34341 1.82264 0.0366053 30.7565
85.8341 23.6493 37.585 34.5283 62.7626 44.9546 70.7166 7.13737 16.7977 2.95874 0.0147223 33.0846
62.7465 26.5186 9.57721 19.8473 44.3774 129.53 94.2474 16.9502 12.9384 5.43899 0.0918966 31.0209
110.368 19.452 11.8527 31.8946 26.5326 112.368 112.072 14.8071 10.1695 10.012 0.160956 31.7094
212.724 3.01336 3.63306 30.2017 25.2229 133.991 111.254 19.0835 4.52147 5.02852 0.0154175 31.3895
76.9197 7.88056 7.35677 77.2576 26.0031 103.966 82.5754 18.0959 17.9644 10.4102 0.0460539 29.3138
87.5918 23.154 6.48261 56.2273 30.6413 84.6542 122.205 24.6022 12.1148 16.2733 0.0327736 31.004
75.4838 29.9328 8.53889 20.7861 48.5688 101.846 113.601 26.0133 12.7071 5.32641 0.0419052 30.8673
56.1988 38.8101 4.4148 30.6364 23.1746 153.294 18.2746 93.6073 3.75817 7.98206 0.0259146 33.3409
99.5992 16.611 6.96394 27.3779 46.5467 153.294 63.4725 40.0135 2.87346 14.8239 0.086993 32.0229
-11.0879 22.995 11.9463 55.1217 36.7151 116.548 60.7189 43.7841 17.9172 22.1358 0.0744966 31.0862
57.7274 22.917 24.5318 36.5424 35.2243 101.779 94.3092 42.1775 12.6731 15.5014 0.100535 31.9629
28.7632 4.77222 23.8591 60.8151 57.4189 95.6046 56.8301 38.972 39.5641 18.9985 0.019818 30.5821
-21.3581 7.0326 20.0916 93.5113 35.2395 72.2816 95.8589 20.5736 6.19008 22.2241 0.000751392 28.425
54.061 11.8499 11.3913 59.0626 17.4043 135.866 70.8259 27.4693 14.1982 18.1045 0.00328549 28.6963
119.769 9.78746 21.4169 6.47908 89.7544 123.343 16.6415 75.033 7.56214 8.19543 0.0129903 29.8851
103.436 7.95397 8.23008 43.832 72.0868 95.0598 33.98 62.3763 26.3164 17.6704 0.00637986 29.1849
191.953 5.00608 6.37402 39.5802 91.2706 73.3931 6.25821 63.24 18.1069 19.5142 0.00112469 31.5863
126.538 4.4992 13.4168 61.6204 59.3366 91.7871 19.5841 43.8421 14.3052 19.8703 0.0838265 32.2897
66.8449 12.4405 9.73384 46.911 55.5754 121.276 45.967 3.14707 14.297 27.054 0.0827225 31.4218
36.6974 10.3428 21.187 49.1023 52.8357 68.8618 44.845 84.9 31.9724 12.6196 0.0552096 33.6362
139.317 0.83685 18.6394 22.2773 123.247 51.5404 27.0858 59.7494 31.7656 22.771 0.169388 35.7013
144.363 3.99253 12.4954 14.8125 137.855 51.0977 60.6744 54.3542 66.7946 15.6014 0.0974423 36.2554
111.654 5.96099 2.344 6.67156 130.68 68.0131 68.4968 61.3716 25.4783 18.0495 0.0931524 32.358
81.8457 15.9512 16.7163 11.5196 97.7407 108.91 7.52696 38.0436 31.8462 4.21112 0.0559172 32.3438
52.9195 9.63615 17.4463 50.4138 93.3772 102.835 32.3254 18.1048 31.8462 18.4428 0.044228 32.3651
73.9966 11.5734 31.8367 7.0095 118.535 87.1157 43.9811 30.6263 18.8067 10.7635 0.0654423 31.5002
46.9783 11.8291 29.1722 3.63392 60.5691 114.952 94.694 22.9158 21.8949 9.02849 0.344939 34.2252
126.799 10.1265 14.374 20.067 24.0892 130.275 90.0415 7.22312 18.7259 38.742 0.196068 34.2206
138.352 5.63548 16.7011 18.7857 26.9954 119.635 110.428 24.95 27.9406 11.7629 0.107525 32.5787
122.77 9.43392 22.1944 34.2891 45.9192 88.7111 89.7026 22.8609 3.17748 9.83978 0.00175633 26.9283
51.2663 6.49278 18.8005 19.8981 70.2708 81.4898 97.9477 33.6477 16.8562 13.7677 0.0049855 29.1109
45.2447 22.4622 27.4095 14.8945 81.2709 53.5522 74.3321 29.3 30.414 20.5275 0.022945 32.3331
-2.02127 23.8645 15.9072 7.69563 113.06 75.7903 83.1416 20.0722 37.6993 26.8699 0.0110383 31.3487
-5.1766 22.6221 32.8409 7.69563 123.169 67.4348 61.7671 25.5367 50.4697 16.205 0.00592527 32.0046
-28.627 36.2883 35.4898 7.69563 113.5 59.4645 33.3285 51.699 14.4139 4.6525 0.0158979 31.5882
-16.5827 39.1304 19.9722 30.0834 69.4979 129.194 28.7795 43.6118 14.3739 4.6525 0.0222139 31.2217
-50.5194 1.17636 18.5179 93.5208 55.0372 110.308 9.83248 12.4975 1.5324 4.5195 0.0247857 33.388
-42.9173 1.48759 12.8741 59.5754 54.2065 103.82 109.113 50.2397 23.4621 6.02935 0.0217714 33.2399
-40.5407 32.6363 7.10026 50.1596 25.3861 115.936 111.515 37.7569 9.35827 9.90657 0.062309 32.2696
-49.0789 37.3908 2.97867 45.4922 56.9957 91.0975 91.4705 8.89636 16.1291 33.7082 0.011893 31.4975
-36.2178 30.9102 9.87778 47.5708 55.8447 64.9583 95.7143 25.3933 9.37906 50.4321 0.00313434 32.2874
18.3492 34.0039 9.44767 37.1801 71.3318 113.504 81.124 34.7619 12.9662 6.52021 0.0401148 32.7419
76.9223 24.7212 5.85597 27.0936 78.6721 93.5017 57.9804 25.5004 26.2073 3.09755 0.104192 30.7773
-59.938 41.6976 1.74735 45.0549 85.3904 69.3332 69.6986 5.42853 1.46447 10.8199 0.0991187 32.8332
77.7177 7.24508 1.73413 54.8263 141.275 13.4158 94.0917 24.4121 13.7988 6.78633 0.0868829 32.9814
-71.0049 2.35498 6.83964 57.1379 151.817 13.4158 79.7245 23.4329 11.3693 13.7716 0.0505756 33.4605
57.5342 3.98421 2.30208 59.7961 149.695 30.6168 55.3421 21.3476 12.6272 10.5304 0.0978636 34.2756
-54.5773 6.45013 4.53276 55.6559 134.241 64.8585 55.3421 8.69642 13.0424 5.97526 0.0120416 30.5152
104.707 11.8472 11.199 61.2534 42.2376 61.7166 128.224 6.32251 11.3605 31.3896 0.0374813 31.0536
-2.14972 10.7992 31.3732 46.0919 38.3721 73.8255 106.435 53.56 11.0898 11.9293 0.000961576 29.153
-22.2819 13.9243 22.7685 68.5874 59.2464 65.9878 77.061 41.7735 21.0086 31.5542 0.0119514 30.4558
14.3148 4.56733 18.9031 3.46448 123.584 131.198 18.7966 72.3657 10.4632 6.89626 0.00677017 31.9928
10.7907 10.2177 28.0673 10.3163 77.0415 152.262 4.78764 104.717 8.43354 7.29306 0.0104922 32.6247
10.4677 24.158 23.2225 10.3163 74.8626 127.808 4.78764 86.6658 6.96413 7.29306 0.0104922 31.1776
9.51494 20.6173 27.8426 20.071 66.4373 143.673 16.562 80.9074 10.0067 26.913 0.105138 33.8978
-65.3823 17.5086 29.6606 35.2458 54.3886 126.318 20.7129 56.034 8.61239 37.0554 0.135389 34.3339
-7.75384 39.5202 21.6673 33.5168 58.6559 125.383 68.5312 9.45317 2.42147 38.8776 0.0909326 35.6385
-63.436 23.008 27.5132 38.3916 62.7699 80.582 86.9611 45.2569 5.78051 4.82248 0.105932 30.3977
197.676 1.59001 3.00804 35.9894 46.4754 65.8248 100.758 32.7423 16.5703 21.4372 0.259552 34.0516
46.1678 2.05088 13.8867 27.7662 77.3293 66.0902 81.3961 112.528 27.9233 8.33134 0.296178 35.4512
-22.9228 11.2607 2.14292 58.6386 56.7932 99.1936 50.1581 46.2738 10.2869 53.4395 0.336698 36.8745
-13.0332 13.9511 27.5995 91.6494 28.3198 92.0486 44.6339 72.7558 12.563 42.3395 0.0181844 34.0282
-60.3952 12.1227 26.8367 64.4169 34.3974 110.323 42.7812 26.6674 30.7079 42.9096 0.102219 35.732
-36.0509 12.4022 21.0643 16.2247 74.0828 144.054 67.3726 19.1548 21.8832 4.13191 0.0990273 31.9195
-53.5617 4.80043 23.0447 64.1138 62.7042 81.1594 83.5803 37.1414 21.4698 0.278556 0.077719 31.4964
-0.481344 33.6742 25.5061 53.5673 40.3235 76.4375 106.039 18.2875 2.26485 0.278556 0.0651251 32.4853
11.7475 29.8918 19.2605 45.9607 40.3235 58.4511 115.065 41.0415 2.06351 16.6505 0.0918145 32.0943
-60.9369 44.4955 4.90661 57.0714 64.3511 49.8255 115.065 17.0017 1.00488 5.47131 0.0710927 31.4255
-60.802 38.7217 2.89134 56.3447 94.4563 37.2993 109.65 14.8221 0.888193 3.34384 0.099504 31.9679
-49.7784 18.69 41.479 54.7411 84.2096 20.6987 93.3635 65.2773 2.77861 7.73898 0.0929851 33.345
-60.1357 14.3196 23.7493 53.989 94.1218 66.8324 24.2875 67.7815 11.9218 19.6539 0.086546 32.7491
-56.0331 30.769 4.36864 77.0699 74.782 34.6633 141.237 20.0709 4.50896 16.0076 0.135153 34.1171
-30.1044 34.3147 28.6969 35.1651 52.6808 64.4109 87.3234 43.0286 12.1724 15.4223 0.000795771 29.4142
39.4294 29.5197 2.88591 48.0168 62.7172 90.8309 59.7024 37.3997 9.03254 8.96539 0.000795771 27.2866
65.3754 21.9183 29.1294 54.9288 51.8357 87.7343 53.6246 26.7239 12.6608 1.59327 0.041552 31.6455
11.4345 30.6589 7.87909 46.4558 29.7465 98.368 87.1424 62.3209 30.3283 6.54615 0.0431244 32.4846
0.742409 6.56589 21.469 35.4215 99.2308 27.4522 123.321 42.3132 5.22451 6.78729 0.116998 30.3921
8.83419 19.3643 21.3499 38.749 116.69 47.7855 51.103 45.0773 6.06591 12.3563 0.0409636 29.9975
-62.182 6.30809 16.2033 54.5481 111.36 99.722 29.3194 34.5869 2.67211 29.3678 0.0772319 33.1218
-70.498 6.90806 23.028 33.1142 118.995 116.109 19.261 31.4781 39.3634 24.9316 0.0669287 35.0484
102.16 6.17694 9.12647 35.1616 128.209 70.7032 19.0829 50.65 6.02116 3.38883 0.0172537 29.5307
207.617 1.07636 11.6231 19.7254 110.347 68.9435 26.7282 74.3985 15.2528 4.2527 0.00457165 30.0032
210.188 1.34989 8.03774 29.484 98.7424 83.4027 26.7282 71.1016 22.9863 7.40474 0.00259681 30.1498
121.575 6.83632 5.41665 35.8888 100.726 85.3316 8.13961 94.8646 19.888 3.32259 0.00104159 29.8233
140.683 8.46743 6.57682 13.954 91.793 117.072 24.8081 77.7678 3.80676 13.1535 0.0469236 30.3846
57.407 6.77078 7.74168 26.9787 90.5591 133.424 83.4664 5.2697 6.25035 5.73334 0.0018682 30.0877
292.945 1.33253 4.27326 45.5724 47.1116 61.7742 81.5535 99.997 4.0024 3.67503 0.00201905 33.6675
113.484 1.75166 22.7932 24.0534 73.8291 70.4446 94.5899 35.7655 4.20472 6.56604 0.0185158 27.8346
131.892 11.4404 4.99565 33.2344 73.8291 44.0069 91.097 49.1482 1.94568 3.14727 0.0629925 30.6074
4.08529 10.412 13.716 54.3758 82.9547 46.9194 86.0069 59.2274 8.43047 0.221521 0.109682 31.1646
56.5871 19.2418 14.6108 32.1715 59.1749 19.2494 160.78 43.1532 21.2933 11.6182 0.090019 34.1918
46.1957 11.5939 58.3115 30.2914 35.9833 70.1579 109.59 40.8382 6.47513 7.18437 0.10574 33.2339
187.754 4.06562 26.6138 27.1256 27.1729 95.2551 98.7218 33.4743 6.47513 8.71616 0.0279099 30.2661
277.837 1.20549 0.814914 11.4542 51.9018 145.086 63.3928 25.4327 29.1631 10.9172 0.0220539 33.7428
204.133 1.20549 6.83067 35.3986 69.6514 96.1707 76.0095 61.025 58.2345 0.266082 0.00279735 34.3589
111.163 9.91149 11.4659 46.7111 62.4318 88.6216 59.3024 37.5847 12.8855 5.24543 0.00279735 26.5595
114.939 8.10375 6.1477 78.0675 50.0119 87.3051 49.2093 25.3419 4.50278 9.0726 0.00133776 27.3608
219.212 4.02442 0.526921 34.2035 85.6998 79.1479 71.3709 30.9948 26.6274 7.31605 0.00133776 29.3078
85.5196 18.6319 23.5473 22.6188 88.8631 69.8435 98.4376 14.348 8.29718 13.9025 0.0143604 28.8449
68.37 8.08324 12.4773 67.6463 91.4481 29.9467 102.08 58.4766 10.1571 19.761 0.00339717 30.2843
-15.048 3.68956 11.7651 61.917 101.296 36.0694 91.8327 52.711 1.435 28.6133 0.00860796 30.4196
90.8638 5.87029 4.74168 12.8305 105.43 64.9987 132.659 21.3234 61.3376 29.0394 0.000430533 33.9518
126.808 7.45753 13.6924 9.43113 105.43 107.982 40.6969 25.0223 43.6216 33.4971 0.00208122 31.4893
71.5401 21.6803 3.81886 9.43113 101.899 139.742 20.0617 19.2295 50.3342 34.49 0.00261798 34.4013
-5.77694 1.64651 18.6161 27.0315 97.7233 99.1328 63.2551 30.9635 30.8642 4.1174 0.0211241 30.3541
40.4553 12.6808 24.19 44.9418 97.0801 71.2269 63.5073 25.2123 8.4444 3.37571 0.00545522 27.7859
-39.4191 9.16571 37.1551 36.2631 124.492 43.5673 57.5081 11.8278 1.4321 4.00015 0.0217551 30.0777
45.1369 8.5001 26.723 7.33324 101.067 90.8884 62.3301 20.2728 8.56738 7.0578 0.0373849 28.3638
31.6045 5.60627 15.8706 79.154 26.9654 107.117 43.0472 53.2586 3.44455 4.6274 0.0797391 30.1606
126.525 5.38791 6.6735 40.5381 80.8829 100.673 2.63162 73.4615 4.7979 9.44082 0.0319236 30.8496
25.4129 7.9353 2.10601 35.2116 111.569 81.8534 44.0492 45.0896 27.4848 4.49288 0.0491317 30.6445
30.7745 31.8474 12.4568 13.498 103.422 118.285 34.0153 21.1515 22.7663 26.2231 0.0638529 33.3616
75.9673 6.13952 16.1245 38.5421 95.912 46.8562 34.6133 35.4254 27.8593 22.7328 0.135065 35.8026
84.215 7.99871 5.22885 43.0013 126.524 5.5577 36.8991 96.0061 16.4127 10.2026 0.21494 36.4786
70.0647 3.96633 18.3625 44.6631 40.2711 131.839 39.2635 36.4899 3.17711 12.8836 0.0547187 29.2343
126.345 8.19525 19.7567 14.7688 102.168 89.8868 43.2956 50.2619 20.7716 4.90925 0.0372737 29.5653
96.9731 8.64019 10.7887 43.4207 80.1737 64.5832 59.243 88.4597 21.7926 1.32583 0.0278049 30.338
116.239 3.10538 5.62009 52.6184 55.9647 107.817 55.1831 12.6014 20.4854 4.00673 0.0290656 28.6121
56.0787 4.97525 30.9947 45.1014 61.1917 64.6937 89.31 7.21494 3.21504 4.17993 0.026436 28.4315
47.5397 6.22142 30.2286 32.7808 73.5483 71.1229 119.73 10.4169 5.45443 13.6291 0.0162272 28.2416
100.677 8.19704 13.2129 56.6563 45.1749 94.2854 89.3475 25.3974 12.6848 14.5036 0.00563959 27.5174
-6.76296 19.1645 65.5432 34.6926 45.1749 110.194 45.2861 20.5492 13.2652 65.4954 0.00486713 36.808
-24.0487 7.36372 27.7713 65.5488 35.6691 123.585 14.5537 52.3293 19.1218 23.1813 0.00860338 31.5619
-51.5306 46.6013 11.6749 48.9502 12.9551 117.445 50.0434 34.6194 25.2745 34.1154 0.0207066 35.9107
61.5853 0.724422 17.4161 68.1683 19.391 144.26 76.0792 1.52208 5.72735 52.8281 0.0938571 35.5569
20.9257 0.496076 13.5799 82.4192 30.0893 144.26 21.8038 1.52208 26.6632 10.2192 0.0207075 33.0529
65.9547 6.05442 25.8006 46.4513 31.311 118.172 68.2038 51.2025 31.8348 3.58161 0.0823419 31.2936
34.1798 19.8747 15.1426 49.0311 32.9465 81.8338 111.345 3.70385 42.7895 1.62704 0.149294 33.5721
16.4558 30.3741 5.66819 108.52 3.29829 29.7621 116.108 78.5946 30.2716 2.93195 0.108865 39.2445
-37.8359 15.0799 79.3404 40.912 30.7511 56.7442 96.6832 36.8039 6.40764 0.612959 0.0440912 34.8935
-12.5257 34.5074 30.6052 13.2562 71.8423 86.226 79.8695 44.1173 1.39775 17.4352 0.0590085 31.335
34.3992 36.396 10.5864 8.28533 61.1813 83.2371 49.8773 79.9114 0.82587 12.0074 0.0141562 34.5968
5.2021 14.4723 11.8018 58.0585 79.2278 99.8828 60.4974 54.3526 5.46609 10.7411 0.00109569 28.3116
56.926 10.6181 11.8018 56.3247 59.6774 94.3871 58.9052 23.635 7.62863 14.8632 0.00268148 26.5984
-28.4145 24.9351 7.83654 43.0283 56.0072 140.678 35.1324 20.0157 2.45061 12.4626 0.00332942 28.5311
111.702 13.9365 10.8618 47.2579 67.3997 91.1602 30.9799 10.3867 11.025 37.3035 0.0114698 31.6703
-28.3759 48.2744 7.84484 13.4819 58.7369 97.6151 66.5276 29.9189 20.3265 1.22058 0.00230116 31.8091
-29.816 49.6388 26.9592 8.01719 23.7736 170.218 26.6123 56.0161 12.2587 27.3844 0.0992648 36.0866
-27.4456 20.7693 52.5483 4.51987 7.77874 178.058 31.423 61.0246 5.50226 14.8072 0.0445774 35.2398
-18.6805 14.7874 9.67191 56.4634 24.6746 39.6238 158.678 29.4157 45.8867 24.6134 0.105382 40.4372
-52.8659 11.21 34.6023 72.334 17.5308 71.3832 107.089 40.314 26.8694 13.1176 0.132994 33.8052
-18.3507 2.56532 25.2131 89.6904 26.5176 105.356 50.142 44.5189 31.3613 23.9484 0.0801101 33.3965
45.3709 21.4833 2.14193 87.4652 29.9908 81.935 76.0696 42.3607 22.517 19.7095 0.0334397 31.6343
76.8497 14.9741 10.8118 63.6668 62.2561 83.6134 30.8451 67.1324 1.3568 20.7022 0.0166269 30.1927
-21.9162 5.88183 28.597 35.2189 116.388 80.2351 22.3368 22.3458 5.11636 38.3075 0.0363365 32.6668
-37.1862 9.95177 12.8937 21.0958 131.619 92.5563 16.042 63.6758 45.406 29.805 0.0209836 35.04
87.1313 5.83198 30.8249 37.1294 108.915 22.7596 73.2619 22.5951 35.1457 6.3539 0.0499101 32.2159
64.6277 7.77848 16.6229 29.0066 94.2172 74.0613 71.6198 47.6661 10.0343 2.72517 0.0335058 27.8093
184.875 9.47174 19.8886 20.2449 22.0981 131.175 74.2433 49.7142 27.8374 14.913 0.114793 33.6865
63.5841 2.42857 20.2444 46.4855 74.1782 65.0245 74.1592 6.02504 13.0379 7.75025 0.0351288 29.3704
94.6711 3.13307 18.1918 19.4953 66.679 92.9117 115.652 15.8106 21.5011 20.9814 0.0512704 30.6916
79.2892 10.3832 25.6538 33.6788 8.56168 109.853 140.1 3.24642 43.606 10.0157 0.018777 34.8546
43.2683 12.5666 5.77321 66.9693 45.2867 94.1963 69.693 70.467 37.0936 14.5204 0.0289595 31.6286
80.8119 19.6705 1.51813 47.786 57.1772 109.932 67.6512 29.8666 3.05237 13.6545 0.0122882 28.4092
-14.9244 7.34622 9.81297 75.5686 52.1362 95.23 73.9365 10.7264 33.7627 7.77427 0.020003 29.8327
16.7037 7.33135 34.1109 59.6854 80.9011 63.3673 30.0959 9.00044 15.8167 7.8714 0.064694 33.525
56.7053 5.51712 18.6035 50.7698 9.14858 157.119 73.2099 9.39952 10.5993 18.4742 0.0423265 30.9924
42.8377 16.6915 13.3882 61.3634 11.0562 151.505 72.3772 5.83875 14.71 30.0839 0.0915078 33.0663
-31.405 22.5265 4.11818 67.2882 1.78748 174.904 74.2526 25.6103 20.4544 13.6151 0.128715 35.4289
-58.5689 25.7143 16.3732 91.3955 10.6633 107.069 74.7065 16.9979 22.419 26.3075 0.224422 35.8637
-23.2867 11.7078 6.69869 79.6714 34.28 104.155 66.2563 72.0733 1.22956 5.65285 0.0721296 31.1136
-19.6516 12.9541 71.2983 6.35747 61.7627 103.229 48.988 47.439 6.65154 21.4097 0.00846406 31.2851
-35.5916 5.95779 59.3172 39.9132 73.6787 104.926 22.3175 50.8734 12.4632 24.3705 0.0178312 32.4023
34.9704 9.24974 39.5068 29.0464 65.0895 58.1239 94.073 53.9066 28.6746 21.0089 0.20011 33.8739
201.484 6.32484 5.73133 28.6635 72.9973 57.2152 99.3559 37.0625 71.1435 20.1215 0.202801 36.9575
179.056 8.12348 17.1346 47.4563 33.7792 86.0529 91.018 35.7753 19.1825 17.7917 0.0091982 30.0651
217.235 15.9208 1.31157 34.0915 30.0391 140.151 37.3435 22.9939 0.848226 21.3744 0.00361292 31.5547
-34.4617 17.3325 23.2824 47.0054 28.1536 157.862 29.002 20.3159 14.5609 13.7521 0.0860329 31.62
25.2889 17.0994 13.4418 33.7966 41.1173 150.652 12.7517 53.8848 10.6383 35.0203 0.129103 33.6158
11.711 36.892 25.8502 8.82465 50.5481 119.055 68.753 38.8932 8.15859 11.338 0.224531 33.2426
-28.0138 2.74926 48.9473 15.8298 14.7531 111.516 122.209 3.2521 12.4829 35.216 0.487162 38.9131
142.554 3.00576 11.8938 29.9354 23.3652 131.595 120.206 55.4034 6.17667 28.4858 0.182988 37.3685
-27.4099 42.0114 12.6531 42.5311 55.3284 90.684 127.285 39.9467 12.9001 5.81001 0.0596151 35.5176
84.2626 0.667441 6.23093 46.8288 73.4937 54.7426 131.614 54.304 3.53632 38.3386 0.235226 36.1047
46.3714 0.175516 5.32039 111.161 12.2869 106.252 76.6196 28.3769 13.1875 36.8677 0.127394 35.8758
100.525 9.83142 4.58712 105.561 12.5406 73.7574 85.5849 18.167 14.6781 16.5679 0.106523 33.4306
67.2195 7.21102 17.5513 50.257 85.953 55.8991 79.916 23.1611 15.3094 16.5762 0.155508 31.3457
35.806 3.84286 16.0222 30.9045 120.73 63.206 55.7366 27.0339 3.04526 7.60319 0.118082 29.978
106.042 6.57419 7.58442 3.7707 100.82 83.5416 65.9946 24.1068 22.0611 10.7223 0.091662 31.3664
144.518 5.02639 12.6508 2.55553 90.768 87.145 72.0191 18.3462 8.82158 0.97063 0.0118844 29.2162
34.6196 2.56794 18.9726 28.9692 106.404 92.7182 59.2726 36.9191 24.5612 11.1448 0.130257 31.5227
45.314 18.6813 6.35769 26.4588 96.7425 99.0804 55.369 4.95112 32.2671 18.5798 0.153975 32.7667
-10.4396 13.7169 2.38928 50.4412 77.7517 99.3934 54.3972 39.7707 19.5574 17.1265 0.134871 31.4814
21.727 13.031 20.3996 42.9022 60.4775 107.794 43.8232 81.9505 20.3084 24.1104 0.0291852 31.0988
-15.1015 5.92531 61.4607 16.2272 66.3055 86.058 78.5231 12.9566 38.1124 21.988 0.0629073 33.02
-5.74637 28.4467 61.4607 0.688216 35.9116 153.289 37.8961 3.16256 26.0863 10.7362 0.0155651 35.6106
-21.318 9.16886 47.5644 11.3486 30.3084 160.376 61.0084 37.0119 19.8285 25.9003 0.10514 33.9713
-46.763 34.9746 56.3419 4.68306 37.049 145.598 20.102 92.0347 20.853 32.4375 0.006874 36.7506
-72.6361 12.5977 27.3593 20.7199 73.1363 154.725 26.6552 24.405 22.1129 64.4251 0.198214 37.5728
-73.4894 4.58411 12.808 46.6589 83.1014 117.974 67.0955 22.2089 21.7641 41.373 0.116568 34.6537
4.27544 10.911 7.62649 66.3882 75.3502 68.3592 93.9084 38.4778 15.8553 12.7338 0.102797 30.6134
-52.3309 29.0367 14.5519 29.8652 73.6203 109.651 40.162 41.89 18.842 20.3623 0.0572762 31.4182
-44.3614 15.5347 16.892 12.6837 119.589 92.4261 50.4342 18.0038 7.56291 22.7204 0.105002 31.7937
-14.9206 63.2201 1.2667 17.0613 150.754 18.1668 27.4776 93.922 7.82546 22.7204 0.027478 39.1795
11.4244 5.26095 10.1533 34.2845 102.941 36.9453 82.0952 82.5242 8.45857 40.2579 0.179372 34.4535
-6.94852 14.8421 29.4979 20.5211 101.156 59.1376 50.79 75.3157 22.3321 15.4205 0.00734761 30.2956
154.113 0.608854 15.6054 20.3166 98.8699 52.9749 70.3236 77.7172 1.23452 18.5028 0.0237654 30.7204
-2.95031 21.5627 6.53155 10.5139 48.6131 153.376 113.564 46.4106 23.8046 9.30165 0.0467119 38.0971
88.404 24.3052 45.3073 21.8284 16.4145 87.4321 107.212 11.3429 22.8351 31.1995 0.012511 34.8896
21.4819 11.9739 40.3832 43.6009 44.2512 84.1919 57.9322 43.3359 3.22897 4.30037 0.0744172 30.5125
-50.1529 26.5519 33.964 41.3769 46.5528 92.9191 56.4034 72.9363 16.2524 0.656199 0.0312226 31.4396
4.34216 14.4673 24.7329 51.6059 37.4838 76.3195 69.5325 36.6836 6.50023 9.67667 0.0263281 31.0356
-26.1489 33.8914 36.7009 54.4335 37.1698 35.8555 130.552 10.3544 14.594 13.5629 0.140651 34.9103
71.666 5.04847 35.1111 41.5561 71.4328 47.226 92.4263 5.8756 9.38204 24.2425 0.165544 33.341
-7.38161 8.32486 49.7123 56.3173 69.9796 55.4736 77.354 13.3515 4.03584 21.1313 0.0950206 33.236
-51.4485 6.11465 46.9831 39.2329 19.8926 99.8045 115.806 55.9017 11.1125 17.4965 0.0105951 33.3658
284.317 5.97236 5.28895 36.0968 19.8926 97.3321 81.7275 55.9017 8.15028 17.4069 0.0225555 33.0171
106.936 4.97117 5.28895 65.4652 43.4225 90.3194 91.7225 13.9093 8.15028 17.6265 0.0449953 28.8134
74.2558 26.6099 14.0035 11.2055 103.287 68.3153 64.9076 22.0857 13.2848 40.6524 0.155961 33.8663
21.4776 20.2541 13.0975 52.6257 52.8978 68.8408 122.698 48.6938 9.71316 25.0792 0.0016082 30.0641
71.1683 17.0828 24.935 16.2571 104.168 68.4856 87.1761 64.4819 4.28261 3.15943 0.000297656 29.4376
102.851 2.92439 44.2302 28.4748 60.9042 90.4753 51.3901 21.8434 3.92569 11.0988 0.0606379 30.4947
16.9483 13.4459 55.7575 28.1431 47.1288 85.6455 56.6785 68.3398 41.0856 12.0199 0.0189177 33.1513
-66.0061 9.62569 36.1911 35.9671 59.6059 146.046 72.3127 27.6563 33.1095 3.44779 0.024417 33.4651
-52.1617 8.76914 54.919 25.1293 36.4608 131.357 77.0366 1.3066 19.3962 13.9891 0.0366054 32.13
28.313 24.651 37.0295 12.4114 41.373 128.8 75.723 35.6543 21.4592 1.19295 0.0335484 31.7234
56.1166 22.9047 21.1229 3.69467 52.1353 118.081 80.1827 25.5655 40.4883 22.9062 0.0865063 34.1402
53.85 14.4619 53.5047 13.792 62.1734 94.6084 70.7224 53.2253 28.3482 22.767 0.137195 36.0179
44.7517 11.7528 39.4076 9.76968 81.148 67.0066 120.279 9.01957 43.373 19.3103 0.053383 32.7302
154.111 23.6919 12.2929 4.08451 70.6262 76.9756 108.696 19.5975 13.5186 28.2528 0.085441 32.9272
-17.5998 26.7462 2.92152 28.0238 110.374 68.5147 98.3835 22.3303 23.6482 4.57068 0.115197 31.4884
-5.5388 34.2015 2.90887 13.7944 97.3732 87.5882 67.5171 19.6243 37.9922 7.24168 0.115136 32.8019
-6.44412 22.026 14.7448 36.738 73.0814 68.4944 71.6353 68.0343 31.9822 19.398 0.0539172 32.1969
29.1622 56.4835 15.9146 36.5295 55.2118 83.5134 62.5327 46.3429 16.3323 18.2655 0.0546061 35.936
-49.3272 45.8162 5.60617 45.3562 69.0155 78.7565 24.2869 78.914 7.35881 18.5596 0.0339427 33.1848
-6.77401 45.8129 1.32171 31.196 89.3355 93.7527 23.4038 86.341 7.35881 16.7186 0.0491797 33.2394
-66.1485 31.6389 7.53283 39.2912 113.361 47.8883 61.6675 77.1807 24.9456 14.0631 0.0415328 32.1977
-26.0531 39.0727 16.0912 53.5525 117.56 25.7821 39.4362 64.2144 21.8976 17.8663 0.0184842 35.013
-13.6721 29.6111 14.9348 10.7426 120.06 65.3189 62.8204 45.6526 24.9787 7.01515 0.0540659 30.6561
19.0619 20.6547 25.5388 51.9625 39.2608 133.572 42.411 70.5425 26.3771 18.4682 0.0568828 34.2478
16.7453 28.8009 11.4115 51.9656 54.3849 78.0741 75.4573 53.2291 73.2925 13.1946 0.0229347 34.3394
32.4269 6.71131 40.2039 65.5123 49.3465 61.0408 97.9178 19.0847 10.812 18.7529 0.0478953 31.2392
50.1275 10.3596 39.9098 48.2078 19.6459 111.398 90.3484 28.5922 12.9345 8.12978 0.00465513 29.1978
35.3791 0.769393 40.4037 55.6351 25.1865 99.3959 95.1623 7.48751 6.60807 3.16094 0.00349539 28.7176
-70.0297 52.9526 40.4861 6.75998 52.3734 88.4287 93.1513 90.8052 9.15217 7.01261 0.0402852 36.9458
-73.5119 31.6735 31.0226 5.30833 63.0275 137.703 87.4506 23.5279 8.31277 11.2239 0.0138528 31.8907
57.3842 13.62 10.834 45.8447 71.1348 102.558 66.6708 0.504735 8.87815 21.3028 0.0189568 29.5248
95.0425 4.36303 10.5111 62.9819 89.93 59.1905 80.3354 65.2259 7.09245 40.1371 0.0296084 33.4953
58.365 5.87144 10.25 87.5378 37.1014 98.5042 69.0378 19.4188 0.90376 19.5508 0.0430098 30.1639
45.4659 8.36788 9.44336 67.1561 39.3966 99.6835 66.4269 80.8091 14.0265 8.72762 0.0673761 30.7562
78.4362 15.3942 19.8102 52.4918 60.2974 74.9352 68.6609 33.9208 6.14997 3.24481 0.0192822 28.0554
15.1195 13.1166 23.1668 74.6409 50.4538 53.9151 102.939 54.3889 5.13597 18.5375 0.0739607 31.9782
-4.14555 11.8666 25.9877 56.1683 63.4048 59.6947 150.969 29.0441 26.0869 37.871 0.0240588 35.8711
19.7299 12.2633 25.8492 37.3803 24.1113 102.045 126.787 9.20229 13.2347 22.29 0.261045 33.2742
23.771 10.9395 22.9895 35.6754 39.1596 107.115 93.1653 44.022 29.3808 25.0342 0.220148 33.5405
107.044 6.57751 15.8113 11.54 34.3793 111.478 109.237 28.8442 9.88743 13.664 0.238562 32.2148
76.96 11.2422 8.94728 1.65587 133.686 112.949 36.7053 22.8223 22.0274 3.83346 0.023973 31.4881
141.59 6.95701 17.3678 1.62626 90.3574 69.0964 91.1911 49.7789 10.0074 3.44452 0.0133615 29.3978
261.514 4.85915 11.4292 8.88672 80.7945 55.4914 91.1911 17.3957 3.35351 2.87277 0.0509564 31.0115
261.514 2.62489 9.10275 8.78935 82.3235 103.458 59.943 53.1359 69.1114 2.59237 0.0551092 36.7631
-70.6397 5.32984 15.2826 77.1674 85.9608 65.213 57.3774 44.5077 38.3018 4.41877 0.0758868 32.6933
-52.5452 19.4 14.1144 52.5545 67.1605 82.8006 51.8336 75.2965 8.04305 11.344 0.000701419 28.7257
39.2144 29.4356 11.3863 41.06 67.1605 95.0973 36.3975 110.787 20.2803 8.52371 0.080788 33.9735
121.618 4.40778 9.67482 0.961958 65.4574 158.348 22.9066 44.58 20.5068 26.1281 0.0758647 34.2443
2.78117 6.33736 25.6856 26.5142 84.9167 98.1891 41.9029 30.3959 4.46708 7.80496 0.161393 30.8822
-14.0656 3.88908 36.908 5.92808 58.8689 138.271 53.0202 17.7376 24.4081 13.1699 0.00615941 32.6096
-27.9007 20.9362 34.2788 16.2892 63.1481 122.471 39.5397 56.3673 53.026 24.1988 0.00941175 33.4635
-17.9333 4.33058 55.2519 11.051 81.3436 121.597 22.0708 44.995 10.6897 15.45 0.0129979 30.2566
75.2332 19.9387 35.4008 9.26231 92.7194 75.0036 84.757 38.7711 10.5312 20.8406 0.00565814 30.5348
144.696 3.9109 34.501 5.34113 119.738 33.6372 85.8341 33.9482 5.94838 27.3005 0.00565814 30.113
6.24437 8.28805 46.4701 5.95344 104.986 40.4966 64.5186 40.7278 16.6877 19.1796 0.036563 32.6948
-0.958392 2.84197 55.1811 15.3032 88.4805 70.045 61.704 66.1566 16.5539 41.0849 0.0114132 32.3405
40.7352 2.92931 40.2853 22.9861 86.8114 62.2373 59.9488 70.1385 9.88821 13.4611 0.00166646 28.485
65.3972 11.8223 46.1669 3.78779 72.8483 87.3301 53.592 11.8039 2.99684 37.8182 0.0125555 32.5353
72.647 18.3857 11.4714 25.4783 81.8309 86.7018 72.2636 4.50775 5.33402 26.9925 0.0250769 29.3627
133.686 9.86064 10.8529 5.69075 105.461 89.7429 105.524 16.521 17.3727 10.154 0.000502535 29.2049
167.756 3.70243 4.81144 53.8437 61.9849 83.659 60.0879 15.4463 15.6033 16.6018 0.0106031 28.5918
142.225 6.00531 15.0463 40.6106 28.0039 152.48 75.3626 3.584 26.7531 7.62596 0.000809931 30.0241
205.594 1.95548 7.92256 49.186 53.641 81.3144 85.8371 3.584 19.5282 7.21703 0.00275791 28.5394
12.1427 2.14889 57.9338 24.2836 97.8718 42.1891 112.155 3.10475 3.93624 0.960014 0.0170641 30.654
24.3955 4.84166 24.2118 18.1276 101.267 67.7191 99.5617 10.2733 14.0644 4.80013 0.0346913 28.4415
28.7275 13.4516 21.9834 16.2495 97.3832 70.4767 76.2867 22.9462 2.51665 31.9416 0.0248284 29.6905
150.075 2.42275 19.0375 64.7426 80.2779 49.6284 51.6093 24.0977 11.9826 15.7149 0.0248284 31.4897
112.102 7.11147 26.3394 54.3939 60.4986 49.5607 56.2775 84.272 0.814201 15.0796 0.033829 32.0174
-10.9933 31.4077 3.50567 66.7574 88.5273 50.7243 82.4863 26.7172 13.9466 22.0083 0.00734048 30.1787
3.93525 10.7433 3.87367 74.5734 71.2426 109.215 58.1531 34.8979 12.1484 3.18361 0.00538129 28.8977
94.9654 15.2185 11.1051 48.9308 50.2102 118.298 36.1762 52.3217 24.6908 1.98676 0.00638285 28.8835
120.838 16.9996 9.5376 87.1834 29.7282 80.264 46.8287 34.9709 25.1594 1.98676 0.0258518 32.6883
46.5996 9.18584 1.00019 82.4336 43.438 80.0258 110.618 6.21933 7.15618 2.40415 0.0409852 29.636
40.0581 1.72122 1.00019 101.773 43.438 81.2188 82.5549 13.7053 7.11617 17.5877 0.0178886 30.0383
-25.5797 13.0634 9.22272 68.3933 112.404 39.601 82.1893 33.1693 17.3242 6.23157 0.000325313 28.1128
-48.9707 14.026 18.0145 71.4455 86.5061 3.94905 135.736 40.9582 32.0769 7.48255 0.00243363 32.0356
101.708 15.0287 2.41637 25.5767 122.426 38.2717 109.025 20.0137 3.69008 8.88155 0.00627346 27.9085
-40.3236 15.8684 26.3628 31.1075 82.6807 103.43 96.5802 10.4899 12.2074 9.01835 0.0597846 30.5492
-28.5712 31.0612 34.7049 31.1075 116.816 19.4707 100.496 24.0409 9.38636 17.5526 0.0406831 32.5784
-68.2768 31.0612 27.4599 31.1075 104.115 26.6285 108.766 43.6669 7.66236 14.2125 0.0264691 30.4082
-10.8975 20.2567 30.0962 37.1982 75.945 28.9558 151.605 21.3589 15.2698 15.1163 0.00141148 29.7182
-67.7327 39.395 13.3201 23.141 109.129 39.1097 120.132 21.3363 17.6749 15.1163 0.00141148 29.3014
-12.8649 11.9407 3.33181 51.7535 105.254 63.4928 89.0347 48.8005 8.61463 5.42097 0.0281113 29.4447
-11.5154 14.334 39.0339 50.7313 51.6271 65.0788 86.4757 19.8445 1.0423 15.6741 0.0406915 30.2934
-51.4829 18.7537 23.551 21.6909 70.4264 56.1437 152.2 54.878 9.95052 5.07057 0.156188 34.2246
7.29892 8.88685 12.804 79.1088 75.7783 40.6765 52.3178 45.7806 5.13887 4.03992 0.00118468 29.0574
-10.0103 14.6844 22.1571 46.0772 105.718 31.1738 85.0142 46.587 19.8064 17.7806 0.00142696 28.6694
66.2718 19.7092 19.2712 36.1831 86.6088 23.5197 112.468 28.3575 43.8349 21.4221 0.0775664 33.4621
122.569 22.7427 16.1052 9.37085 82.5086 99.7554 32.3863 64.6336 64.1579 9.52314 0.049358 34.8813
103.503 25.2916 1.95859 9.13427 87.1339 128.14 14.4432 30.7405 25.2836 1.20427 0.0447523 32.5764
69.1062 3.22972 17.2886 52.7542 52.5802 40.7175 139.603 22.6923 2.99799 14.0915 0.0848093 30.6782
82.5598 15.1525 9.02879 80.3167 90.587 41.7791 58.8258 25.1719 2.21764 18.5267 0.00984909 31.8164
81.3459 6.20852 21.8843 30.8183 118.509 36.5977 83.8943 13.6337 8.49362 2.74158 0.00833819 27.3907
75.1576 2.12202 11.8695 25.6889 120.518 78.4373 63.4664 22.9082 4.00997 4.58799 0.023253 27.8521
73.052 5.22324 25.3867 21.9585 73.4688 63.7699 96.8434 20.1322 1.52297 3.22342 0.15163 30.5161
126.36 2.04647 14.4878 61.1912 64.7341 84.4267 70.4288 34.9872 26.441 8.55944 0.149781 33.6707
254.912 1.33313 20.2731 15.3294 17.2788 168.06 33.8879 99.561 42.6501 13.9521 0.166981 41.9359
7.3857 6.96492 16.7266 72.6635 12.1535 136.915 21.9012 89.3958 17.5075 18.3572 0.231176 34.4937
-3.69281 18.9868 21.3427 50.6958 37.6495 104.404 39.2648 125.167 42.3723 40.5822 0.00530001 36.8694
-39.8368 21.1266 18.1609 47.9834 66.2755 120.229 35.3424 7.26027 9.53731 44.2984 0.00530001 31.1768
-23.9649 19.8956 66.1255 20.4381 28.0128 130.832 59.3682 11.7659 10.4059 70.3189 0.0510686 37.5269
9.3768 30.1901 51.6905 15.1476 76.8518 63.5051 50.7256 54.6458 19.7616 41.9753 0.051982 36.1816
-36.644 3.22081 29.8696 25.4327 106.343 77.1247 43.9669 117.783 33.2318 26.0823 0.187508 37.3297
-6.66201 28.2397 33.4425 11.2155 8.74901 162.32 41.6866 77.7793 27.1396 0.622986 0.389784 37.7189
-70.247 25.198 30.552 10.7178 21.4245 168.036 50.6029 29.9826 16.848 4.08445 0.239865 35.2101
-52.9224 24.503 36.697 14.0239 27.669 125.031 121.835 8.32387 8.68353 53.4014 0.280042 37.3132
-40.302 14.1142 39.7337 11.6481 28.8272 145.733 62.9009 56.1485 7.6569 23.9297 0.178125 34.2391
-38.0746 26.0187 19.2699 50.3717 85.1427 37.2677 72.3533 83.4941 13.4834 1.5309 0.0733101 32.1131
38.4056 23.6146 0.54719 48.974 40.6762 144.334 54.7752 33.6832 22.3604 6.98806 0.0254318 30.9928
43.1606 5.55834 27.2962 41.8306 40.6762 129.276 79.3121 22.7127 19.9791 6.83819 0.011214 28.766
8.03385 19.6445 28.9884 45.3134 40.3427 94.8607 64.5333 14.5614 45.4771 33.2587 0.0598707 34.3343
-8.2052 9.33102 25.2154 27.927 74.9527 66.2014 129.029 5.09762 30.4513 27.5443 0.0683828 32.5296
64.2076 10.5543 36.4423 45.0914 38.5532 84.5397 95.7292 11.5721 6.84323 40.8175 0.0474054 31.8525
44.2974 2.07944 26.0084 14.895 122.594 65.8758 78.3168 1.76653 0.593034 51.7895 0.00461291 32.1051
145.28 10.3451 24.9337 21.0554 101.545 8.44066 117.032 52.9863 2.2537 14.8256 0.00547724 30.6747
139.171 7.10759 28.2894 27.6802 69.4945 35.5552 120.445 29.8284 1.46179 34.1011 0.0109729 30.9973
25.713 38.3502 16.839 18.3263 84.068 58.398 93.0184 12.1299 29.0035 4.55505 0.0207173 30.6307
162.43 1.43714 9.29703 11.9613 112.947 56.3368 107.339 23.1682 32.7535 16.2145 0.0188917 30.502
117.454 1.43714 9.34209 11.9613 112.947 60.0485 87.7668 31.9031 56.9159 12.9797 0.0446397 32.5253
116.144 20.7378 16.7144 11.9613 114.567 29.9869 106.243 23.0527 30.9872 4.57857 0.000176443 28.9412
-66.9803 23.1925 15.5405 56.5546 75.1759 45.5822 111.233 14.2675 32.0864 3.38722 0.000176443 28.9039
-18.2311 10.7128 45.9927 23.7436 93.906 102.144 5.51721 13.4151 11.5986 8.21568 0.000991884 30.8091
-53.3452 2.81583 41.7135 32.1297 59.4668 120.944 52.3191 13.4178 2.10449 6.60919 0.0706034 30.9442
-32.2208 20.7552 30.5533 50.4386 52.079 105.779 80.619 13.3439 9.69456 8.07911 0.000419364 27.3129
138.235 8.84408 27.154 53.952 25.4248 83.5972 99.5928 13.3004 15.0836 6.72693 0.0308653 30.2747
53.2507 7.51447 10.3123 34.0387 86.1924 105.858 96.3043 15.3503 4.01949 6.0372 0.00187877 27.8203
210.819 13.5834 7.6642 29.0142 85.1913 51.0504 62.1882 15.6593 18.4285 0.430868 0.0126833 31.5719
94.5866 19.1353 12.4204 25.3647 76.1197 130.904 61.5158 28.2674 14.2264 9.90094 0.154336 34.5636
35.6161 10.9446 15.6262 24.2506 96.615 93.9495 53.8686 26.6759 11.6638 9.86402 0.0236013 27.7548
92.504 6.78276 14.5946 26.8715 49.9642 158.62 32.2354 73.4142 8.23915 4.95282 0.00544547 29.6886
88.6482 12.5283 27.4652 25.5288 51.5397 112.142 84.0567 38.3652 4.88532 1.32154 0.00544547 28.4754
-11.5211 18.5521 47.0964 3.6408 79.4208 90.5634 49.7326 29.4218 16.2039 12.1306 0.0110549 30.4562
-47.5488 9.30603 29.0715 1.88725 106.45 112.644 75.0078 45.5991 8.72848 16.6573 0.157578 33.8998
-4.06508 15.1001 44.5207 34.3774 72.2892 49.1486 88.7447 61.3942 11.9245 40.0882 0.0865382 33.87
80.4889 19.4739 8.47451 54.4774 64.0662 61.472 94.6086 36.5011 4.0016 33.9781 0.0243278 30.2873
81.3768 10.5125 3.484 46.7958 51.3842 132.228 1.95032 55.8982 0.718956 19.9486 0.0443079 33.0777
123.937 9.76749 6.97608 26.7457 74.3218 99.8018 49.3189 27.4444 16.5386 10.7263 0.0922058 29.7302
49.4108 6.50427 19.6714 25.3832 65.1796 185.78 22.3323 32.9969 12.9285 6.56959 0.00453945 31.8484
-49.813 18.0714 23.8317 30.1301 70.8317 136.745 28.2591 14.5708 3.89488 8.07642 0.00499907 28.781
135.718 4.91506 20.3829 39.6143 71.7099 83.1753 84.797 21.1938 1.30733 7.44226 0.0131838 28.0389
144.148 5.47579 9.64748 52.956 72.4892 66.4996 58.6583 26.5153 17.9597 10.1784 0.0062427 28.0261
103.353 5.35031 8.28905 64.0567 68.1111 55.2499 151.257 0.414392 2.96104 1.3627 0.0062427 31.7663
118.614 8.01277 7.75786 76.1981 66.6764 21.7271 151.257 1.61813 6.40519 5.66377 0.120379 34.0262
180.743 2.56204 1.91333 66.0874 77.0984 62.0938 100.489 12.8242 6.40519 1.22796 0.0130452 30.6052
107.083 5.16596 8.21869 48.9752 85.7223 76.2554 82.2346 36.2485 7.65816 26.2755 0.0658918 30.5685
17.2571 4.46312 17.9093 28.2125 76.5142 71.3491 127.405 29.2347 2.02951 8.72723 0.0801802 30.3679
4.91375 5.46508 47.5767 27.2658 77.1438 64.5302 105.11 18.5601 2.04699 2.45129 0.0506404 29.3623
67.1559 30.5014 12.2446 29.9884 77.3083 64.7543 119.506 3.60519 3.38881 4.10795 0.0192011 29.7733
12.1378 37.5547 12.5981 29.57 70.066 63.9184 88.7071 17.3168 6.41718 9.70319 0.0378394 29.8123
-3.37592 45.7768 7.13558 30.2388 82.0331 73.8287 74.1043 35.2503 11.3483 17.7634 0.000515211 28.8083
-12.2265 29.5332 38.1128 11.3791 63.0767 85.9559 92.305 29.9456 12.6389 16.7349 0.0176337 30.1849
51.3315 16.395 9.20712 35.0504 96.6153 58.0841 99.4728 46.0385 11.8049 5.63503 0.0363957 28.8827
106.121 12.5942 15.4611 45.5385 59.3599 76.9548 115.486 24.8178 3.97648 3.84425 0.0393281 29.6698
48.3925 14.7539 30.6094 37.5225 94.0617 41.8307 129.215 52.356 9.76077 28.6905 0.0044561 34.5295
110.299 5.41496 24.3936 20.1062 92.0924 43.5595 93.4583 30.3932 10.793 6.4114 0.145784 30.3287
-27.8364 12.7345 44.7739 27.9717 125.675 28.5688 85.8381 46.2596 17.8064 11.7956 0.000337452 29.7218
-41.6605 13.1865 68.8735 1.89042 61.0453 39.2189 181.978 33.5521 2.75064 42.0665 0.0186349 39.0361
-7.00111 20.2588 70.629 16.9082 67.3814 28.2285 106.44 43.0077 8.50482 44.7538 0.0119569 35.6315
118.86 10.978 28.5397 7.22393 87.387 33.5034 122.03 27.8938 2.25302 44.7588 0.00460733 31.7738
81.2912 12.2192 28.2786 1.72656 96.1675 45.9803 131.52 36.048 15.4662 3.89523 0.00874195 30.2367
148.643 7.4825 16.3728 22.9422 66.467 109.461 80.6531 18.8646 3.13754 4.56618 0.0134897 27.7722
-27.2265 19.1387 14.8372 50.9725 90.2658 43.8103 96.4069 27.4084 0.173574 4.68753 0.0173284 29.1019
-31.8528 2.2919 5.1849 78.625 58.8318 39.4605 102.282 15.5845 9.16828 24.0269 0.0814415 35.8574
-61.5976 8.58236 1.81247 82.9496 38.3803 61.8433 144.906 3.45925 10.4198 10.4601 0.245554 34.2464
-66.8206 5.24433 41.6991 111.978 17.9361 51.6089 43.1515 48.1217 25.2796 14.2461 0.194457 40.4827
-15.5179 8.78945 45.7879 78.3591 37.5182 47.8306 73.0992 43.9988 10.4603 14.1731 0.0592954 33.1484
22.3542 10.5741 17.3603 20.1081 61.2147 112.22 87.8383 29.0593 5.08128 6.66955 0.0128697 28.793
118.108 15.1759 15.8238 8.46098 94.4517 86.4011 27.5059 69.9504 11.402 74.9391 0.0176315 35.3266
-36.775 23.8146 5.19031 15.4478 120.742 66.4634 96.1508 14.9375 1.48937 69.1326 0.0229968 34.6436
-26.1791 30.0199 2.67639 53.8994 32.4691 103.858 47.8764 93.6836 8.71013 56.7235 0.0136082 36.6147
28.3773 12.2139 2.33501 29.0406 34.1064 157.75 46.081 84.4893 8.47312 2.51303 0.0751447 34.0178
40.2882 1.10932 50.6762 7.05352 57.3209 134.497 9.80287 64.1956 16.0733 8.38822 0.0984293 33.3552
57.6279 14.6632 21.4116 64.0009 21.3055 107.74 40.728 67.2828 20.1639 0.854067 0.192938 33.9033
40.4637 9.06258 2.99809 63.6429 10.9507 154.72 12.409 81.9085 10.5337 6.54601 0.237813 33.8332
35.7499 8.34327 19.0888 20.8529 39.6391 154.391 41.4413 87.1857 6.70185 7.75414 0.270569 33.2218
37.7152 4.32685 22.3532 13.929 42.1925 151.686 68.3904 42.1195 11.9191 13.0951 0.26514 32.4767
152.733 15.323 2.97989 35.4665 37.779 141.81 52.0151 28.8395 30.5556 6.36159 0.100557 32.0024
44.4983 13.4924 33.4654 24.7431 13.2771 162.65 44.0053 35.2715 44.4741 19.4943 0.0521801 34.2403
21.7832 15.1148 31.0279 15.9884 13.3442 187.945 62.3224 19.2908 26.0807 13.5616 0.173411 34.4815
113.823 9.72702 27.5583 44.7601 19.4859 153.79 30.3773 15.2183 22.6885 39.193 0.0886662 34.6119
116.755 0.512436 33.2487 74.1065 27.9053 111.155 24.2309 25.0442 16.1414 31.901 0.0755516 36.1218
-71.2825 28.9648 33.3115 54.7444 47.5454 128.172 37.8168 16.9176 3.86535 64.782 0.020891 34.9664
44.0996 25.3601 31.2022 2.04229 58.8447 160.271 39.8154 41.3167 4.44986 35.019 0.00140314 33.1178
-35.4072 35.2339 19.795 36.3087 20.3714 184.26 17.5142 51.8566 6.27024 30.2127 0.146045 35.1751
58.0044 22.1743 10.4323 24.5407 60.3389 164.562 1.04954 19.2012 5.90741 2.56083 0.230577 35.1925
-25.5156 10.1742 21.0545 27.4258 72.9576 90.6954 138.943 18.1161 5.24897 14.3968 0.0385607 31.7743
3.01291 14.3031 18.6964 34.6205 72.0873 139.506 18.1962 22.1862 4.25319 11.4193 0.0729977 30.2563
-2.84018 18.6164 11.817 53.6649 77.3924 72.1217 68.5088 21.3667 0.376768 8.7111 0.0346373 29.0346
-2.84018 8.16606 41.783 59.6599 78.2891 44.0875 53.106 53.1858 0.402678 6.05243 0.0339462 31.7252
21.0094 12.4653 26.0899 23.2383 110.384 45.1111 56.618 39.2446 22.8426 8.71743 0.00615345 29.3714
86.1735 9.32385 17.6658 16.6144 82.2653 81.9376 120.658 15.8406 39.7095 8.69606 0.00425178 30.0319
111.442 10.0143 14.8379 45.1808 64.991 62.5973 105.54 75.6505 17.2064 7.98373 0.0129213 31.0909
71.3952 6.0917 12.7699 77.9824 66.8296 58.6681 109.98 25.6395 4.55569 21.4895 0.011555 30.3822
-25.269 27.2512 3.74877 48.8373 68.0986 65.9613 100.305 39.7091 56.0233 8.71062 0.00181661 31.7473
-69.5412 17.8501 0.656974 83.8921 68.1057 71.8261 70.5424 37.2155 7.26351 13.4587 0.00181661 29.3587
88.6961 1.67223 7.91288 66.0652 68.0578 76.0501 78.8657 40.6068 8.6747 13.0382 0.0309856 28.6138
-22.5163 10.1771 7.90941 63.6694 68.1473 100.499 71.8708 32.8618 11.6546 12.2558 0.0167317 28.4083
-32.157 6.76327 21.6412 67.7088 77.8155 91.7354 57.965 34.2514 2.81924 13.3549 0.0717925 30.5121
-42.6777 16.3303 20.685 54.6429 64.6129 100.439 49.634 18.6132 5.32752 8.87819 0.0408902 28.9454
16.9422 15.7263 31.5416 10.7031 60.7438 158.302 34.0449 40.6231 16.007 19.529 0.0167459 31.0331
7.50686 8.86019 14.0838 108.285 61.686 24.1653 95.908 22.1492 8.92851 25.4884 0.0287336 32.6262
-2.79098 10.8321 14.3757 92.8339 38.6537 53.7365 94.0375 61.603 10.8362 20.6419 0.00874703 30.5097
-73.4326 10.7828 0.509478 135.509 38.6537 30.172 125.107 23.4927 11.2184 52.734 0.00256839 36.2729
34.1125 25.9761 12.6472 101.268 40.838 14.4781 113.018 23.9327 43.8156 26.9563 0.00186092 36.0546
54.5091 10.2347 0.515078 49.6529 76.4762 102.017 62.2169 35.4912 7.94131 41.2043 0.00341372 30.0666
-40.602 12.5491 35.0465 77.5087 28.983 107.922 59.815 43.5323 16.7325 29.6075 0.0110214 31.4388
-19.9381 7.38308 19.6361 56.3082 69.8998 87.4975 78.1089 37.5942 0.941903 19.1812 0.00268634 27.9937
-7.16299 11.7802 11.6456 69.0577 74.5569 66.3768 64.9335 42.5021 11.6136 13.8763 0.0136508 28.2602
35.2745 14.9631 10.3238 74.9599 54.9468 73.2247 92.6778 9.95744 11.1053 21.4519 0.0172567 28.9688
146.191 18.4418 19.9376 20.5647 32.8521 103.168 82.7921 74.2531 10.8001 9.2056 0.00621172 31.2414
-27.2664 13.498 20.9025 75.9345 14.9626 84.6098 103.929 38.5809 2.93511 9.671 0.0195988 30.3717
49.771 2.95499 5.50771 74.1519 36.4032 77.148 109.864 38.5714 4.84688 12.5047 0.128709 30.7658
-11.4844 4.90081 25.9857 67.9864 38.4421 77.7556 112.687 16.5105 21.8992 17.6873 0.0609472 30.8732
-32.0557 0.370601 26.0116 74.6899 51.0753 91.6159 58.5633 40.8427 21.8992 12.6771 0.0261205 31.0636
-0.664304 7.17213 8.00273 62.935 66.3931 90.0416 78.0254 6.15323 4.72303 2.17215 0.0598409 29.0499
49.053 2.91554 13.5401 54.2216 74.9152 59.776 88.9136 30.5794 8.64771 12.3469 0.0598409 28.7339
24.0482 8.90334 10.4933 67.1208 71.8076 36.0264 88.9062 34.7232 8.64771 5.57081 0.00843998 28.7194
-50.149 1.73498 26.3782 56.4585 105.839 28.3412 97.6022 13.0892 17.8019 7.03813 0.00843998 29.9271
-6.55089 18.7736 8.70322 33.0397 62.4597 60.3478 116.263 13.7085 4.27979 4.38837 0.214298 33.0835
-4.22455 19.8871 41.8058 44.5765 14.0921 73.9092 136.344 37.177 6.71137 15.4114 0.196284 34.5918
-16.227 15.1 31.7393 64.0119 80.8361 40.0341 39.33 59.9732 2.98158 4.78523 0.0550584 32.47
58.0322 3.47316 15.8726 18.8573 111.728 21.1245 71.3022 135.532 10.4126 6.61049 0.0734699 35.3003
155.619 2.21719 20.1226 30.3665 76.0511 43.8062 130.98 50.5849 14.1917 6.61049 0.0189715 30.6356
155.619 2.51804 42.2207 6.61273 85.6395 126.643 54.589 50.6959 4.66221 16.751 0.00795983 36.1424
57.7404 2.45221 27.7961 15.2965 86.5631 147.852 16.5691 69.068 12.4145 3.25949 0.159053 34.2886
78.5389 2.52552 38.7892 58.2957 87.8607 40.788 32.2893 93.6785 6.88006 5.32734 0.012964 32.9187
36.568 2.22545 25.8234 16.5241 86.8993 89.3822 38.2275 60.7207 14.3698 13.971 0.0307748 31.2308
77.7475 2.98464 7.77866 29.6205 87.1684 93.1209 56.2599 14.8855 13.4507 7.64997 0.0218691 28.7592
107.409 0.797788 10.0666 34.371 87.7226 104.633 59.6773 30.1927 11.4467 0.981817 0.006233 27.8481
107.799 4.54481 13.1164 29.244 87.8415 110.474 41.571 26.6644 5.01519 2.03841 0.0301216 27.8935
86.0983 2.004 34.3829 11.6263 86.3158 97.0589 50.6638 33.9181 22.2535 3.95768 0.00604274 28.2992
133.025 2.004 13.4713 4.6943 92.8006 104.873 89.0957 44.0165 22.4772 1.31343 0.00975378 30.9007
-37.927 42.6578 4.56326 53.9971 41.2317 101.48 73.6681 21.9035 29.8992 1.13188 0.0391774 31.684
23.8126 19.1386 2.74874 109.404 9.74178 76.5536 52.0114 83.7741 14.2986 21.7377 0.0703812 35.0174
-52.6502 5.28987 5.52754 107.646 68.1185 59.0179 30.5886 100.357 47.4364 5.207 0.177671 38.0186
-26.6813 3.47645 2.73302 107.646 80.4034 46.0485 32.6155 86.6315 60.6374 4.91116 0.116539 38.4315
-50.5641 8.65857 5.30604 85.9109 80.3203 79.4489 15.7462 35.1232 43.1614 15.8224 0.00184167 33.868
-37.6556 1.48906 31.4206 85.9109 30.5535 97.0566 57.8612 38.8356 13.4641 3.93612 0.00184167 29.05
85.2261 9.18218 22.8596 44.4085 25.0305 122.587 80.2104 61.951 12.6989 9.29259 0.0734195 31.5265
-33.2971 18.2442 6.00587 53.7956 15.3445 168.949 28.804 45.6766 16.6083 10.2798 0.218946 33.6031
123.19 10.0361 7.99403 44.6868 6.02991 174.146 16.1719 42.0601 16.1918 11.493 0.155259 33.0795
-3.68725 20.8068 30.9482 43.6454 5.33358 156.325 41.7238 10.7817 16.5064 8.81418 0.192766 34.1704
91.6913 4.33657 24.9338 56.5637 5.33358 156.325 50.9194 10.7817 32.3603 5.03949 0.0141545 31.2271
106.765 9.36544 25.14 71.62 4.94253 117.846 55.7428 24.9117 19.2797 4.8946 0.0281001 31.2368
36.7725 7.131 25.3596 35.6982 60.8496 119.71 58.644 24.4905 9.95004 0.854457 0.0495487 28.7312
-58.5111 17.4958 26.4688 44.4599 54.0528 130.907 43.9707 33.2915 30.7321 14.1482 0.00448233 29.8008
47.3277 15.7717 22.0634 44.1913 56.7457 122.659 10.9637 34.5918 1.39733 10.0765 0.0141637 29.634
111.965 4.02335 8.92884 67.8555 32.4155 131.719 40.8335 42.6749 1.70929 3.13038 0.0186876 28.6292
140.523 15.8894 10.3951 47.6885 37.774 82.3321 116.918 9.1871 29.0127 3.90775 0.0147444 30.3151
240.403 2.57713 8.95728 58.7796 42.3847 74.589 50.5482 8.70057 12.6166 23.4906 0.0476765 34.3227
21.1691 3.88611 2.61239 54.4738 58.3304 78.6502 91.9624 23.8972 15.5992 9.38932 0.00851894 30.7435
71.7515 5.49122 21.199 54.8988 58.3304 67.3613 97.7573 28.5512 17.4018 16.0162 0.00265649 27.4938
176.969 3.09576 21.2439 45.6269 32.2454 65.1422 110.435 10.6872 8.35096 16.2381 0.00281418 29.3967
71.6495 3.21368 11.877 49.5463 74.8566 16.3936 171.172 13.0803 14.6592 20.4438 0.0241888 31.64
69.8078 22.51 12.0288 41.8189 79.3486 30.8897 131.554 29.0941 14.7755 13.3356 0.120244 31.832
80.6653 13.7541 0.941132 16.2211 105.093 44.9913 103.099 32.3818 29.7287 19.028 0.245949 33.4966
139.38 4.49625 13.0928 26.7119 100.134 11.1418 151.166 23.4582 21.0429 0.543048 0.0917014 32.1296
41.238 4.28821 10.7563 21.1468 114.504 64.5344 90.1556 46.7216 23.6516 3.12511 0.0995855 30.5639
75.2907 21.0628 9.86224 19.6675 94.2444 82.1096 61.4453 49.3435 5.79354 3.65013 0.123514 29.9997
-24.656 39.5273 2.80233 19.5292 99.54 76.6057 56.6044 86.7992 7.05001 6.38772 0.0494015 31.6875
-28.5373 39.5273 34.596 20.9436 90.0777 63.3974 91.132 31.1153 18.6395 8.18182 0.050617 32.7201
-28.5373 26.5229 12.9176 20.9749 124.809 77.033 24.6762 53.5882 17.7789 3.94974 0.00352949 29.3365
10.7403 31.1987 10.5871 19.0478 124.809 77.1082 24.6762 66.1925 4.59986 28.1812 0.00352949 30.799
-35.1274 46.784 5.72681 17.2463 122.731 77.0384 6.33339 109.63 5.79747 38.5893 0.00352949 35.3292
22.9463 40.0115 4.64317 23.1545 121.909 77.1456 17.7062 77.156 13.878 23.5129 0.0221905 33.7426
-65.9635 33.6181 3.48697 34.5696 70.5438 76.9635 24.8074 134.938 34.3217 18.2204 0.0436619 39.8981
-7.69081 35.9748 35.2642 57.4505 42.1534 75.1235 83.3711 81.2909 17.3258 7.66339 0.0222366 36.8159
2.49517 5.89345 1.8814 41.9073 136.939 33.347 73.9802 7.0219 5.83588 7.55254 0.024155 30.8128
9.40502 5.17972 10.5348 56.907 102.361 34.7283 74.971 46.9514 6.92124 0.74866 0.160601 31.6763
-11.1859 2.76298 32.8926 22.1843 113.386 67.2938 40.2716 54.9552 8.04735 10.0552 0.0450866 30.2087
113.899 2.56175 47.5538 10.9012 121.49 34.1177 49.6378 26.8933 11.7348 8.59604 0.0737634 33.3951
-8.64582 22.9121 2.18068 31.4852 120.808 110.998 34.4214 50.4392 54.0412 22.1886 0.0270829 36.239
-57.1807 33.8363 18.0766 35.5072 116.734 59.7015 17.2353 113.551 9.69002 44.4547 0.00117576 34.5541
50.9731 13.8408 23.8722 40.7218 108.02 48.6788 56.3877 28.7512 25.5028 19.9138 0.00563884 29.8284
-38.1513 11.1248 41.7956 46.5433 98.1149 20.4721 72.2315 79.194 41.7373 7.16122 0.000823507 32.3961
9.13548 8.14086 37.3612 50.7315 85.4465 32.2644 79.5498 51.6414 32.9757 11.4457 0.000823507 29.9193
23.9848 23.1551 14.2172 55.1009 76.6716 74.1707 52.6925 21.5116 31.5193 8.34479 0.0569612 31.0977
54.4616 6.50153 20.9584 53.0313 79.8741 105.439 55.8889 14.5729 50.007 1.55697 0.0175834 32.1742
11.5742 26.5937 13.953 50.9525 77.401 86.5174 36.5665 18.8087 2.61791 3.49268 0.0352055 29.7568
17.2168 25.0612 17.3992 45.2563 79.0023 37.38 115.933 40.8002 21.9628 4.09904 0.00042085 28.4896
56.2565 20.0311 10.773 76.5908 28.1164 73.2754 109.843 39.1301 26.0728 3.07037 0.00042085 29.6219
47.6339 16.4109 6.26538 60.5652 31.6653 92.5031 113.508 52.9335 22.383 7.73287 0.00042085 29.8315
7.26059 15.6652 0.842535 51.0586 59.2172 96.6161 108.331 35.2857 14.8241 10.5491 0.00222995 29.6248
63.3323 11.6436 38.1949 56.5865 38.3921 115.83 24.0723 38.6159 3.61871 3.4581 0.0581886 31.912
44.9581 4.12726 41.2409 50.6238 31.7906 81.33 82.5514 21.3167 8.25253 16.2422 0.0237642 29.8709
191.491 15.5378 0.902126 24.4368 103.689 64.3055 88.1049 32.6139 15.5838 9.03614 0.000794777 29.9477
79.3762 10.7928 17.6835 61.2997 63.6888 90.605 58.3355 53.7279 11.2656 0.781671 0.0190019 30.024
144.801 4.64989 2.09357 45.6919 75.0986 76.2414 89.2514 55.2399 32.0896 51.5472 0.00435971 33.2218
263.199 1.52417 2.09357 31.3008 68.7051 81.6349 64.6829 61.0004 0.941316 37.2811 0.0853043 34.7096
196.35 5.14785 2.09357 20.2735 75.565 85.0321 71.7169 86.2111 9.35629 11.8241 0.0645437 31.689
-3.90942 6.77838 22.1849 28.6334 112.715 78.8192 39.9769 48.1293 45.2255 25.3068 0.0963396 33.4593
-9.75575 2.17624 46.3384 13.5189 104.272 111.502 24.1376 18.3305 11.2016 13.6394 0.105409 32.3961
64.8213 1.5454 31.1113 33.828 37.2227 111.626 91.1273 13.48 5.94522 22.9713 0.0678981 30.5125
90.8658 2.13381 21.405 31.203 80.1794 44.4237 151.606 21.5665 6.00692 26.4308 0.0967719 32.162
133.789 7.11867 7.87424 50.504 45.8542 79.2112 118.361 41.9168 2.23076 13.7731 0.00855463 29.2433
27.4602 0.908189 7.09263 61.4195 64.7606 100.556 38.5545 29.7645 8.47683 29.149 0.0221638 31.4656
208.082 2.43099 6.11151 37.0267 89.9494 99.8935 18.5703 39.1602 3.79823 15.9963 0.0221638 30.6346
86.004 3.77298 4.43227 43.809 103.057 103.227 43.1926 8.78882 3.79823 20.8191 0.0210777 29.4921
-66.9185 3.22703 35.2721 43.809 29.2722 199.408 28.0145 5.65781 3.37768 11.7714 0.0690585 34.0463
1.48763 3.0375 40.5747 28.8677 2.41632 204.666 26.6841 31.7769 15.3894 2.12431 0.0797003 34.4508
58.8302 8.73721 28.084 18.0386 2.41632 204.666 14.1201 35.0786 27.2989 18.8424 0.257545 35.9871
49.8771 8.54553 1.81859 7.14849 58.233 120.777 120.351 35.0618 32.8613 4.91487 0.247568 35.3025
98.476 7.30258 2.34046 18.0817 71.2289 99.947 113.499 40.9383 27.3682 1.34668 0.250085 34.0773
-25.3325 16.1198 18.2507 75.3152 55.4041 64.6946 105.038 19.6891 28.3608 0.151238 0.226201 35.4162
53.542 8.89276 36.3401 17.0748 38.4005 63.7785 121.103 85.4084 11.8836 12.2392 0.111692 35.0267
79.4135 12.4934 4.2109 38.8473 76.5796 75.0234 91.2831 28.2223 6.16196 19.8511 0.0125719 27.8114
52.7992 2.43151 18.776 19.9965 84.7131 67.2836 75.3297 95.6165 11.8264 9.74367 0.114834 32.1934
67.4888 11.9899 16.1072 19.2647 59.1784 129.16 15.5445 97.8954 12.5825 21.4192 0.0503601 32.4446
104.736 21.4712 16.8268 19.9818 42.3199 130.97 14.4233 91.0176 10.9146 7.50337 0.0483587 32.1139
-28.8225 10.4791 27.2746 8.14973 150.229 66.4372 48.2024 76.8525 30.2791 2.21349 0.0114674 32.6944
21.2191 13.0929 9.63204 17.2525 121.374 52.5183 74.8973 17.6216 16.0623 8.10756 0.0400705 29.8019
117.154 6.54259 33.431 33.1598 87.0699 44.6831 71.2015 6.20713 41.7507 15.943 0.111856 34.8634
64.3858 4.19959 8.73188 23.1717 128.337 40.9834 93.694 6.71872 6.51349 8.45406 0.0935491 29.5179
2.47379 9.2231 1.83498 14.8245 151.078 40.9394 71.3573 41.4123 14.8606 12.7112 0.0921181 32.1559
95.2565 9.06609 5.74722 34.6191 125.99 37.7197 104.327 29.6919 11.9828 0.43858 0.100068 31.8819
115.966 11.067 16.4974 14.4431 98.275 11.6269 136.08 25.5919 2.03069 11.9774 0.104042 31.5142
79.0805 12.4663 16.4974 16.9529 118.679 13.8341 121.734 25.5919 3.39394 9.57878 0.00414641 28.0545
33.0855 12.4663 32.7365 16.9529 124.78 6.631 92.4239 76.4515 17.9233 11.509 0.0010789 30.6967
53.3492 8.95328 30.977 16.9529 103.056 39.2624 97.0592 51.0722 33.9604 13.3322 0.0559839 31.3156
-5.99715 4.00688 41.961 29.7816 106.207 27.137 109.049 7.62214 50.9146 1.01886 0.0825468 33.585
-5.99715 19.1969 40.3823 41.8635 20.3213 116.869 51.3093 73.6124 36.2871 8.61654 0.270741 36.1081
25.6212 34.2234 0.696046 56.8658 24.676 116.869 77.1502 42.6561 1.97683 15.3284 0.242982 34.6283
54.0798 9.274 7.72611 72.254 24.676 136.998 64.7556 32.3204 3.84528 23.3021 0.118689 31.9158
43.016 1.20036 13.7428 52.7012 53.9602 105.016 51.1764 31.4261 6.41187 3.17641 0.150881 30.7008
38.962 5.17055 22.0719 40.5816 52.3412 96.871 60.1557 29.5219 5.46687 3.96379 0.281784 32.5707
65.1898 3.99917 40.539 5.48574 55.9733 129.585 35.7131 49.1906 8.6378 4.2 0.0533796 30.6057
86.1881 18.5311 12.3258 2.98425 85.5268 113.949 79.3618 33.3361 21.6384 3.01117 0.205329 33.2109
46.2277 16.1987 25.1709 9.41402 72.8772 105.038 88.6275 33.3361 29.2853 1.30919 0.186793 32.7855
53.3822 15.1871 11.2491 6.5142 86.4774 105.038 106.007 35.7775 41.2369 3.92709 0.111517 34.0876
78.6435 38.6289 2.2704 42.6853 65.6756 56.7219 68.0702 46.924 42.8445 2.91633 0.102744 35.02
7.2139 26.0843 20.4846 79.7802 7.60891 53.0952 133.896 63.5754 28.0844 0.985027 0.167652 37.6572
-57.1957 18.2649 35.447 92.2187 2.61606 53.1874 129.809 9.76106 26.5791 17.0656 0.137477 36.6964
24.2964 11.6751 19.4725 85.4432 2.61606 67.4257 128.041 41.0784 31.1351 25.1197 0.254923 37.3354
-41.5618 16.9867 27.5568 16.3845 21.3977 90.0915 146.486 23.3136 5.89236 12.602 0.3214 35.9318
-53.4558 9.52556 39.5431 14.3271 7.82358 195.469 73.916 6.82586 20.828 34.8595 0.325308 37.5937
-22.543 0.940625 37.8511 57.0609 30.666 30.6167 166.104 6.82586 42.928 74.3045 0.336565 41.9969
-38.0245 3.15582 32.5373 9.01772 17.5102 22.7304 206.805 8.72873 85.074 55.6765 0.698767 44.514
-58.3343 6.74386 1.1494 11.7218 32.9207 179.683 9.82636 3.61986 62.0642 83.0893 0.698767 42.4459
-58.3343 8.53217 1.1494 11.0305 4.46536 176.415 22.4707 33.2192 35.3784 83.0893 0.698767 40.2272
-58.3343 8.40021 1.1494 9.79364 8.41903 109.982 22.4707 152.808 13.4054 83.0893 0.71624 41.402
7.4681 6.01306 7.16467 3.33276 18.5304 174.109 44.6317 85.696 14.0508 64.7136 0.515946 39.1092
52.5415 2.45398 11.239 14.7191 18.4984 161.99 33.3182 54.6342 14.0508 45.2131 0.515946 37.7056
20.8757 16.6448 35.5189 14.7191 14.4849 152.46 66.5501 49.2261 21.5126 44.9871 0.173517 36.2512
30.1347 15.8566 29.267 61.1311 26.6447 96.759 83.6731 48.8452 16.7854 48.9366 0.0873819 34.9098
22.2772 6.5446 5.50824 56.9754 54.9559 117.984 35.171 39.959 14.2847 46.9103 0.0475958 32.869
103.319 3.33796 14.552 58.5449 50.4198 96.8575 90.1618 41.01 3.91023 14.6398 0.0850571 31.0802
-52.0854 10.4826 37.3798 76.2693 63.5416 39.3942 88.5947 11.1925 19.458 43.5971 0.0931291 35.4031
-66.5584 14.8847 10.1375 103.034 62.4746 39.3942 83.0084 35.9721 0.382497 42.9369 0.0656992 34.9894
-41.6203 29.2899 37.7819 27.1485 99.9747 46.6299 51.4354 44.7493 0.660081 20.8127 0.0286226 32.155
7.12996 18.8683 38.8344 27.671 109.369 29.4304 57.846 69.0837 2.8283 18.1019 0.0498325 32.236
8.64714 8.79567 23.1018 11.2772 99.3109 39.2387 139.26 66.9929 2.57631 23.2475 0.0901112 34.0627
30.7577 8.94727 33.3269 34.3679 72.0595 41.223 105.723 68.7953 6.59977 9.34915 0.0482804 30.5083
171.372 5.08895 2.91202 74.3952 26.2677 125.213 29.0324 75.8758 7.31199 2.717 0.121806 33.7552
34.5642 2.2034 23.9507 90.2623 38.4632 96.6327 29.0288 28.3156 45.7702 18.073 0.0352508 34.0566
-16.0455 2.2034 6.87301 75.8803 70.0566 97.1624 62.3835 36.0269 19.6951 37.1447 0.0056637 30.989
153.948 1.76859 11.527 54.1826 30.244 116.303 39.2762 86.6509 12.8664 3.0673 0.02908 30.5782
228.274 9.4334 14.7543 35.2959 14.0862 137.159 30.567 18.9851 43.373 1.47007 0.0211435 34.7065
138.989 20.6313 20.0519 60.1263 39.4167 102.373 51.704 25.3379 13.4013 5.76446 0.00901385 31.9391
84.2952 4.4316 4.94693 31.3304 83.0751 117.756 50.2461 20.0931 16.6627 6.70052 0.0173004 28.0916
17.8824 16.1699 9.68766 20.2017 97.4386 44.4517 123.652 31.0873 7.98532 6.4927 0.00177017 28.3742
36.2043 13.4414 12.0556 30.3824 97.4386 27.6323 144.266 6.00675 13.4671 10.9578 0.00859393 28.8878
48.1373 29.5016 17.844 42.0821 79.5814 54.1931 66.8976 8.14184 22.1349 8.19763 0.102321 32.977
151.23 20.1456 0.469647 59.0119 77.853 74.6618 36.1825 10.2572 20.5838 2.93268 0.0705487 34.7365
8.27539 16.4824 13.4144 42.0897 45.7928 86.1254 94.6723 16.9259 15.7328 10.732 0.0810893 30.9228
-38.2553 5.48114 13.4773 84.5723 45.7928 96.1859 49.1488 17.402 9.1521 9.30968 0.0709624 31.0312
5.81015 5.53507 9.98603 84.5723 35.9193 94.5482 61.3028 5.66574 19.4831 10.6138 0.0597378 31.3611
-19.626 3.70765 24.3469 65.0886 62.5792 33.2077 102.334 19.1466 23.6067 3.39344 0.0904291 33.0618
29.906 7.16547 11.4625 24.2804 113.413 50.6035 80.7059 45.13 19.5735 23.399 0.0988934 31.1094
-45.8842 3.06501 18.5746 30.6466 127.029 38.4532 83.1231 45.9784 10.4551 16.182 0.125705 31.9818
85.782 4.65466 25.2535 24.6063 66.186 118.622 28.6592 35.0994 1.20046 3.55884 0.0961926 30.2063
105.838 2.28588 23.3704 38.1045 67.2116 8.33632 138.486 20.658 23.353 10.5826 0.0767956 33.8256
49.4062 26.288 23.713 34.2126 67.2116 64.8154 112.899 25.367 3.97614 9.98059 0.139951 32.2655
-8.24474 25.1604 21.2102 44.269 62.1429 52.7157 108.034 19.7461 5.18628 9.97461 0.118832 30.6493
114.809 20.9277 3.62621 19.3715 83.6055 72.826 88.9009 59.5718 4.63754 10.3399 0.0976853 30.7985
175.14 6.283 27.0511 2.0747 104.341 34.6168 108.289 16.6133 4.67331 14.9778 0.00459673 29.3188
179.707 9.10597 11.0139 12.4628 99.7323 56.1357 91.4884 10.9729 3.93137 10.6825 0.00789637 27.7284
61.5934 11.3356 11.0037 33.3442 106.427 53.2492 57.2726 50.0746 33.9354 14.6579 0.0294082 30.3536
61.612 14.8541 19.4526 9.78664 68.2675 110.385 66.1209 24.2763 10.5704 21.4464 0.137672 31.0546
86.7884 12.5168 6.91173 16.7057 89.1926 62.6841 82.2389 14.8686 7.99788 42.7696 0.0762668 33.3841
82.2651 21.6324 6.64408 11.1862 88.739 86.7767 68.207 10.6164 5.75775 13.1382 0.0412892 29.6842
150.817 17.9588 1.96728 6.54188 88.739 106.31 81.9567 40.5356 16.2002 14.0448 0.0705793 32.4652
120.18 6.14135 11.4253 24.6543 98.1467 106.31 32.675 37.028 5.7486 17.2007 0.127858 31.0197
-35.9562 14.4976 18.9576 36.3522 119.352 53.6755 71.1948 22.4172 30.9228 39.9078 0.0277215 32.2263
-70.3563 35.2982 28.4753 7.16796 165.82 30.4032 51.5611 15.9471 27.0353 32.3922 0.0217073 35.4428
-23.7939 15.5457 16.6298 9.8024 148.058 30.587 116.707 21.3431 5.4353 3.7075 0.0278686 29.6879
-24.7229 14.7102 35.0323 21.8441 84.0752 46.5296 109.74 57.7225 11.2436 10.2916 0.0777657 31.0344
-69.2692 43.0165 19.3178 2.43287 107.235 25.5946 129.602 52.9808 16.4837 12.9551 0.0776273 34.4959
97.4111 17.2917 4.94491 33.6979 86.852 7.62986 138.405 52.6745 10.269 12.6922 0.00202058 30.9599
73.7243 20.4214 6.52199 37.4699 90.571 7.62986 138.405 52.6745 15.4866 12.6335 0.00202058 30.807
-59.3086 31.18 14.5894 26.5148 88.8255 85.0537 69.7787 83.984 24.4778 13.4953 0.124597 33.7681
44.6995 29.4952 5.79914 52.7367 64.1185 44.8733 76.1426 55.4451 9.33387 3.18556 0.390633 37.3981
-26.825 28.6667 10.1667 48.0837 70.315 37.7487 120.024 77.6364 3.17889 0.135088 0.175411 34.8006
-37.7192 17.3726 2.58915 53.7681 135.835 42.9009 61.7328 50.9221 8.46945 9.31616 0.0802839 31.9386
-21.3838 11.05 3.2408 46.5048 125.532 47.3682 56.1458 64.2952 11.1752 4.01441 0.0380255 30.3696
-17.7499 22.1922 10.501 48.2575 130.477 71.4265 42.6832 23.2755 19.4044 37.3555 0.000559654 32.3665
115.079 8.05599 13.6797 34.3007 139.437 25.048 66.7382 59.1908 21.1385 10.7233 0.0238389 31.8532
134.874 12.0831 9.83396 36.7646 102.706 55.997 56.9154 48.8622 1.63985 9.32612 0.017413 28.8136
85.4658 18.0768 15.5385 55.629 81.6511 4.63342 131.198 18.5085 16.4652 10.7052 0.171171 34.4
68.2792 2.65392 22.5436 45.6439 94.535 61.7569 73.9588 14.9057 22.855 6.26407 0.0302529 28.8048
22.8465 9.2241 7.25754 57.9758 100.134 65.0248 78.496 3.76767 19.8472 2.0032 0.0151257 28.7024
53.6829 9.73111 11.8357 71.6558 100.065 14.9253 114.209 9.00037 18.5473 2.0032 0.111882 33.1215
73.6792 16.0414 10.075 62.7484 69.067 33.5003 119.699 17.631 18.6297 2.0032 0.171513 32.5142
46.603 25.9401 14.087 40.3452 34.1177 64.5827 100.07 58.0867 15.926 15.2159 4.90058e-05 30.7729
174.134 7.59203 16.3289 32.4558 52.1399 85.1014 83.1107 24.7509 41.7397 11.8727 7.333e-05 28.8966
101.755 4.97365 19.441 17.8553 67.1737 99.4727 109.408 15.9299 38.3312 4.73257 0.0041416 29.6763
31.5633 15.3801 20.6906 19.5355 71.2971 135.454 24.256 26.2626 47.1003 0.703523 0.00124893 30.8929
61.4319 29.3965 12.2701 15.3849 53.6544 170.132 39.4708 34.7277 62.1198 74.8566 0.0967021 42.8601
200.333 11.5827 12.2701 26.5762 58.8756 104.752 53.807 3.6735 62.7907 25.0839 0.0869831 36.2532
127.357 7.86087 34.0038 12.8217 46.8685 105.581 62.1056 60.0733 29.2431 35.0366 0.00219197 32.0211
-38.4924 24.3524 36.7465 37.4418 84.1185 51.0264 71.609 46.306 7.40108 32.1391 0.0330043 31.4679
-15.9886 22.8905 28.2361 1.93721 123.117 51.1893 75.2768 16.4812 66.2807 2.43102 0.0376023 34.5339
76.7181 22.1617 18.6928 26.4574 96.2657 57.7764 98.183 1.11786 34.5232 18.6131 0.124356 34.3068
46.7908 20.3825 24.9201 25.03 123.132 9.72554 72.4872 9.26984 32.7308 13.675 0.0362506 34.2276
15.6781 14.1413 11.2706 18.445 123.132 29.5009 90.8184 75.0657 11.4928 12.3778 0.0440157 31.0141
-68.4401 21.2711 2.99542 5.79232 173.48 22.3795 101.648 74.6871 8.28208 10.8021 0.0396177 35.0767
-72.988 26.7554 11.6383 42.2099 97.2004 32.4706 85.6185 54.8388 14.248 7.72487 0.0515579 31.7981
-16.3344 13.9146 38.6256 36.515 110.996 33.4853 101.855 9.23601 14.0904 6.72078 0.0918338 31.7087
-40.045 11.899 7.87025 23.6163 123.6 55.6664 97.4446 19.7371 6.20235 1.31112 0.0762646 30.5684
-56.6033 8.41171 31.7739 16.0761 131.43 30.8581 137.7 13.8426 11.8422 7.52012 0.0786177 31.466
-61.7855 12.335 20.2016 16.3581 111.571 82.6372 84.2304 17.5901 6.32223 19.824 0.046065 30.6099
-39.244 11.7238 34.0821 33.6227 111.421 109.781 21.0431 38.999 20.1178 3.17694 0.0386323 32.4266
-41.8091 4.63003 22.7054 33.1941 142.083 85.4448 18.4219 15.8711 18.053 1.43144 0.0386323 32.6502
-52.5059 11.7143 25.833 26.5822 125 102.421 15.2712 14.1185 14.2194 14.8871 0.0386323 31.9764
6.94735 1.22757 36.5358 19.2176 100.167 66.7203 33.1796 98.8854 9.09621 3.28477 0.244731 33.9843
81.1639 2.69931 4.02702 14.3057 102.665 107.567 40.5645 110.705 9.09621 18.8473 0.144898 34.3306
82.5558 8.89485 10.0308 48.6109 60.139 112.562 20.4931 83.018 6.64506 16.7303 0.0461907 30.1172
142.957 2.34722 23.4591 27.3159 60.8236 111.349 49.4066 26.1739 8.84189 6.93194 0.0662596 29.1158
84.5297 8.6501 20.7981 16.3998 78.6327 114.457 48.0087 30.7458 7.31933 6.77399 0.00232755 26.5486
175.509 9.12296 16.0155 21.8232 70.8198 96.5455 45.0549 57.0247 15.8754 8.22215 0.00274812 28.1722
142.077 4.9705 4.89901 27.3914 65.5069 107.643 59.747 68.7177 10.7887 18.7395 0.00151856 28.5504
91.4262 6.30567 16.3038 58.969 54.9824 64.2797 50.9753 91.3673 0.608393 8.98329 0.00355754 29.8265
106.497 2.56859 9.91197 25.5966 113.338 73.8016 64.5733 55.7225 0.530076 8.06768 0.00979234 28.4861
51.5908 5.7908 11.0755 13.276 165.927 34.809 71.9734 24.9526 4.21622 26.4051 0.0101815 30.0114
-8.65732 20.9439 12.1207 24.9464 136.137 52.6616 21.3551 95.476 0.467733 8.16599 0.000406668 30.4329
-45.0621 21.9092 9.82586 17.9179 160.702 75.9066 13.0434 73.6793 10.3896 11.4768 0.0399894 33.3642
40.966 15.8658 18.214 40.0199 85.1721 97.351 22.304 78.3192 12.0287 6.32282 0.0661646 30.6978
-62.9324 14.0458 31.7824 57.5956 42.4385 103.79 48.7698 69.5477 7.58186 8.89094 0.19521 32.4999
-62.232 11.1147 45.6783 66.6838 24.5524 127.186 65.4951 48.8626 6.80817 16.1692 0.0642013 33.2603
-25.245 6.23643 7.64409 62.0901 75.582 114.86 4.60141 66.3267 0.238686 12.669 0.0594176 33.1663
36.7225 6.53472 5.30349 48.2474 87.8102 97.2937 4.60141 83.7091 5.99983 11.4769 0.237 33.8929
-25.9236 17.4529 33.6087 13.2886 105.595 72.7059 21.5953 92.3676 8.13789 40.489 0.177396 35.5672
32.827 4.92991 38.9217 20.3701 47.7813 46.2862 71.1214 120.98 4.60311 26.4245 0.491477 39.0481
75.4328 14.4121 9.74624 61.5965 67.4321 68.0977 51.2798 114.083 23.7802 23.9362 0.0159579 33.5183
87.3806 11.6445 9.78785 45.1822 85.5001 73.909 90.1942 45.9296 19.205 0.650059 0.121952 32.9222
44.0724 5.76326 10.3399 48.1161 99.3094 64.5127 81.2219 27.28 13.1845 27.2937 0.052311 29.6874
108.95 1.28134 6.90285 28.6441 133.629 68.1578 37.5277 26.5337 10.9101 6.2256 0.0533032 30.0398
0.809501 16.5611 1.51835 46.6559 128.655 58.5093 26.0295 52.7661 14.6144 3.74515 0.0699868 31.905
-21.4696 11.8723 4.65042 56.2159 142.867 56.4383 26.0295 79.429 15.0344 3.55963 0.0772337 34.2946
31.0182 14.7928 12.6435 46.9789 103 27.2222 113.745 26.2938 2.15405 48.0908 0.000313908 29.7808
-44.4535 17.5474 6.12529 63.8822 125.467 14.8853 89.9719 29.6514 2.15405 27.5068 0.0281467 31.6914
-21.8139 41.0206 1.63183 21.7487 139.323 17.9519 87.8645 72.2245 8.23936 39.8791 0.0433998 35.181
28.4541 33.5493 6.39784 18.6823 115.456 73.4314 85.4747 4.71176 1.59091 19.0228 0.0498082 31.4717
120.8 6.76386 11.8561 25.1269 115.456 40.5809 105.498 36.3847 27.9061 20.4698 0.0332164 30.7563
120.8 10.7904 14.752 8.9801 115.456 40.7814 95.4823 28.7817 6.41108 26.7583 0.0209202 29.2848
77.0377 7.62291 38.2748 7.24252 113.706 13.4992 142.788 6.90099 10.7248 27.0401 0.0188107 31.3754
61.1857 6.53648 40.5415 13.8281 98.1187 13.4992 162.15 4.88507 10.7248 27.0401 0.0147384 31.8818
-60.4189 6.22442 55.0361 2.58652 107.662 30.2071 130 12.9314 32.1009 25.596 0.0162921 34.007
0.6314 7.446 59.744 3.44451 142.162 25.8595 105.847 27.5344 38.2399 28.6083 0.039575 37.4713
2.47953 1.53956 74.6923 3.44451 72.406 40.4558 101.681 7.71707 35.6278 40.3745 0.0253736 37.8301
6.65685 15.3964 60.0261 33.7598 63.6131 42.2432 97.1424 7.92037 80.3675 37.0993 0.0126435 38.6524
13.4278 21.4961 36.4643 17.5034 67.1569 93.5992 50.036 20.7811 14.3939 24.8758 0.0633853 31.8582
25.1737 1.65194 43.9709 15.2019 93.6835 90.9803 50.5037 12.0801 15.0681 7.43842 0.0395732 29.7689
18.9345 1.78882 16.9779 88.2993 66.1162 32.8006 61.0063 49.7331 6.175 15.7763 0.0568998 32.7292
66.8273 3.46419 8.41753 78.7877 97.5841 57.8252 46.2215 14.9071 4.07818 19.4223 0.0150037 30.52
-1.35388 5.40512 8.43786 86.546 70.008 93.644 38.0562 12.8616 3.37971 15.8299 0.00235712 28.6382
53.1482 6.27119 9.29538 67.2854 23.7224 112.622 72.8107 15.4449 2.25503 9.10135 0.0298157 29.0575
124.379 4.91568 3.12917 96.267 29.9281 82.0985 54.1978 86.2612 3.59747 7.31596 0.0364882 32.0588
19.5237 4.9501 6.69134 122.256 53.6617 87.5326 39.8288 52.1417 2.84819 4.94343 0.0170411 33.8996
-6.70137 11.1328 7.22577 63.1159 42.3019 81.133 113.553 45.8162 8.75077 2.26457 0.169504 31.4375
33.0878 57.2219 7.70498 37.6268 43.2544 72.0963 71.5778 74.7928 12.7592 2.77384 0.00540687 33.6738
69.0714 22.0149 10.345 48.0692 36.7666 109.595 66.0672 16.6988 19.051 15.0061 0.153392 31.6985
-51.088 21.2576 7.64197 92.5032 39.995 116.216 49.1774 27.4402 10.4026 1.66184 0.0147768 29.6687
-14.1561 12.2295 11.8404 47.3065 40.1149 134.935 41.8671 64.0849 3.91213 11.7715 0.00822658 29.8495
157.52 10.1072 16.3026 30.3665 41.3259 69.6478 58.8125 111.884 5.4318 13.9497 0.336629 36.0646
118.631 14.4087 56.4371 8.78615 23.4584 128.541 50.5201 33.7489 17.647 15.9852 0.145245 35.7967
64.2983 18.7198 34.1424 16.1672 40.3211 128.562 89.4761 25.6644 6.72442 16.5413 0.00716608 30.2449
34.8065 5.28384 49.5216 5.62959 31.2129 128.394 87.6466 8.77161 53.8882 11.2489 0.111565 35.2777
51.4183 11.1017 25.1056 19.7504 19.1539 134.248 114.322 14.3613 65.3435 12.3723 0.34267 37.3771
6.58352 17.0769 52.6701 15.9651 24.2633 127.892 62.4426 52.0067 66.9957 19.931 0.0544932 36.852
1.72571 28.7462 40.8241 31.9805 40.4091 147.881 39.5733 45.9209 29.2776 7.03928 0.0295812 34.8367
-49.5594 14.1421 79.4818 15.7039 71.2255 87.9655 7.02298 65.2068 1.88055 5.63051 0.0102261 34.0211
-30.3865 18.5807 5.12556 77.4351 62.6919 81.2854 47.1278 55.42 12.1766 14.2528 0.00968005 29.1894
0.859329 8.42439 18.0075 66.3827 65.3292 78.8413 65.532 42.2596 3.47808 10.5589 0.00481453 27.1133
51.6044 4.03008 20.4778 59.5122 61.7318 66.0632 82.7839 18.6666 2.69748 9.11906 0.0149219 27.5635
-22.4474 7.86753 26.9912 74.7914 80.3934 61.2452 58.948 18.3874 0.42053 3.2576 0.00902933 29.4625
17.7459 4.59426 29.8937 80.8513 71.3178 46.0549 75.892 15.7948 4.90328 3.39862 0.00388026 28.8447
24.5146 7.19439 23.1905 52.5717 44.6951 108.069 60.811 23.8376 0.314253 8.01385 0.0438321 29.2874
22.8869 1.64511 37.6439 45.6004 65.589 70.509 72.0902 23.8999 14.2425 26.4005 0.0935141 31.6564
33.9203 2.56283 40.8126 9.41737 66.9162 109.246 100.473 16.6495 0.40417 3.48486 0.134779 31.9186
-2.58738 11.1964 35.4356 11.9456 68.3336 111.884 102.151 4.27758 3.91169 27.6926 0.0583927 31.5558
102.082 14.3464 19.9055 51.2768 76.3581 57.2164 91.7757 24.2698 23.1467 28.1404 0.00166319 30.3287
58.1006 7.6087 24.0976 36.3948 72.8362 82.8994 85.1845 15.2825 25.3998 12.0305 0.0026858 27.3023
9.10032 13.9799 33.6101 20.3181 65.3434 88.4824 74.52 45.7016 14.7023 15.3832 0.00404989 28.5613
52.4752 16.3422 22.5572 36.0526 68.2344 69.1517 87.3374 42.0386 7.28885 19.2108 0.000556741 27.0981
-42.44 17.7154 61.7656 15.776 107.119 14.4801 125.539 12.495 5.66937 4.4534 0.0132726 31.1151
-60.8502 11.185 56.8587 63.3585 90.7636 38.2762 41.4125 143.634 10.2786 30.5463 0.079109 43.8758
102.412 3.10294 34.0605 19.0663 15.916 150.276 53.9347 53.8366 66.5355 6.10549 0.159188 36.1903
25.781 7.39655 13.9912 65.0843 50.2181 78.7159 77.4085 18.9098 10.1643 52.3638 0.059189 32.5227
55.7102 5.46598 2.78188 75.5654 53.3407 98.7508 45.4674 28.4551 18.2053 39.5037 0.00265879 30.2351
55.7102 0.871908 2.78188 87.5425 31.5929 131.395 61.9119 28.4551 27.2039 16.2955 0.00265879 30.5927
54.5757 1.37854 2.78188 87.5425 25.1591 134.623 72.6591 31.3297 15.7827 11.043 0.00265879 29.9833
95.6919 2.83898 12.6668 62.8519 45.3563 121.609 50.1925 22.978 17.3686 10.5616 0.00728804 27.8522
-16.2487 16.1918 1.07531 41.8798 57.4688 134.398 102.854 24.8618 2.38255 6.82854 0.0284254 32.553
32.3192 17.0114 12.0847 72.0637 81.665 23.2723 107.507 2.93459 9.54953 16.0405 0.0321401 30.7163
34.2722 5.7659 10.3433 54.1388 52.4623 112.313 85.0235 18.4504 6.39618 12.8835 0.0708383 28.9861
2.31948 23.0663 10.628 71.2794 27.6513 102.359 111.477 1.33304 1.64705 1.58824 0.0526774 31.3708
-40.9948 26.5653 10.9784 40.5396 91.5311 102.508 52.7409 43.9074 3.18993 2.78023 0.0637633 30.1682
-11.9736 41.2563 7.895 23.5583 86.6112 87.4815 73.5093 31.6437 4.26687 7.87128 0.0594663 29.9223
34.7116 13.6585 8.24532 35.8498 55.6761 102.71 83.6487 18.5991 37.0028 1.24535 0.0648794 31.2864
-36.105 19.3063 5.20051 44.7071 64.2381 49.3164 169.29 26.2005 18.8245 0.256193 0.0630123 34.7469
133.667 1.56764 11.373 42.3147 64.2381 9.07053 157.24 12.0735 17.8534 5.58302 0.298776 34.6236
130.425 7.595 22.9128 50.1254 65.8732 58.1584 112.58 17.0556 9.34119 2.38969 0.0485329 30.6061
111.531 8.81309 29.5785 58.6317 24.3543 99.8873 97.4271 28.4523 15.2082 4.6406 0.0275151 31.2938
114.857 14.5705 13.3612 34.52 94.7234 54.2493 93.301 44.7625 12.3055 5.21485 0.0767413 30.8229
74.9614 7.95295 31.5183 33.8243 95.556 36.2057 98.4129 57.5175 24.2495 7.1612 0.134891 33.4377
94.4437 7.51432 22.1964 47.0526 33.302 109.236 97.5005 31.313 17.9903 16.3085 0.0800815 31.2949
-73.308 40.7481 5.97956 45.2413 39.6038 123.879 96.9079 4.57831 13.2475 7.26251 0.0902419 32.0651
32.5056 3.72404 33.8149 68.5993 41.2542 70.4517 100.73 11.3197 35.4496 13.6876 0.0850727 32.4575
-3.58397 7.70385 33.6695 30.8233 74.4076 55.697 89.9016 63.8818 55.0759 6.70378 0.0500473 33.5508
-20.9561 12.1424 42.9051 27.6209 52.4916 63.9123 166.784 64.7905 34.5506 5.02862 0.010326 38.6286
-67.0088 30.3234 29.7965 34.0999 86.2029 81.5773 44.3442 61.8941 24.6622 11.3962 0.0118959 30.4332
41.1107 19.1696 13.0925 26.9831 102.66 69.4536 99.7264 34.9702 16.6329 5.14156 0.027742 29.6168
-36.5963 7.03955 17.4909 18.3952 128.122 107.725 26.8644 72.3014 27.8906 2.6624 0.10786 33.9006
-41.8627 5.21864 13.6919 12.5644 94.5977 126.204 44.0217 43.2048 9.45943 6.12394 0.330944 33.4242
-47.2824 5.48053 18.5545 6.82145 108.842 142.415 35.8904 52.1588 11.5781 3.86245 0.311202 35.434
-46.8757 38.0151 16.6995 6.59128 103.669 69.8992 47.9645 75.7051 14.5784 30.0302 0.134921 34.6533
86.3302 11.1912 10.6408 40.3004 95.3757 114.468 32.0799 29.1359 10.1233 6.31666 0.0107255 29.1159
41.1813 13.9215 16.9169 2.47335 97.0966 99.4302 64.9108 12.0227 15.5973 8.02988 0.139074 31.2209
60.0261 6.60275 19.8763 2.47335 97.0999 114.605 33.5505 17.3468 11.1998 16.8821 0.148408 32.4102
-5.0424 6.71344 16.2544 24.3173 65.7079 132.061 25.4118 77.3484 7.78441 12.3913 0.264512 32.6697
46.4399 3.54184 5.9177 26.4355 83.0352 132.061 56.4944 3.89731 3.67485 9.62585 0.152729 31.1535
23.5402 4.06676 6.79635 42.6392 54.6585 86.2538 52.2822 44.1208 40.9378 9.11533 0.223863 36.6982
