706.888 19.7736 51.2444 33.8679 39.5867 42.0816 31.1061 34.8215 15.6028 22.104 0.00397853 21.5375
756.017 34.1601 55.2367 14.6603 30.5499 53.1719 34.2094 28.1212 6.42683 15.4135 0.00835184 21.0063
878.737 37.6556 19.1627 30.0537 28.7845 34.4498 90.4477 5.43246 8.44722 22.1252 0.0492929 22.7733
681.237 35.6142 29.8354 24.4392 18.1318 102.915 38.2393 42.601 0.261628 3.90555 0.157367 25.5459
690.881 9.19774 45.0201 43.6206 13.7121 82.7646 46.7144 47.6918 14.7206 31.6713 0.0326466 25.1085
850.566 11.1414 31.4922 53.4675 32.8837 48.1287 13.9591 71.565 37.0709 10.0795 0.0670906 23.0196
848.616 12.5764 28.007 60.7829 52.8128 42.1838 15.0565 9.60082 3.15667 10.568 0.0761619 22.1174
873.647 6.88221 13.2091 60.7829 78.8506 8.4884 14.2033 56.1234 20.1704 14.7138 0.123711 23.1522
781.618 2.7285 17.9036 65.0473 78.8506 8.4884 11.5256 56.1234 28.6834 14.7138 0.123711 25.1216
912.41 19.3386 3.31678 39.633 37.8386 83.7985 6.693 29.6253 26.5961 26.0019 0.208755 23.0734
931.079 11.929 10.8364 21.1066 52.857 67.7867 31.879 35.5623 24.6387 6.17267 0.00816212 17.3228
997.064 4.33708 14.3227 34.2562 40.5825 23.0203 78.5865 23.7452 23.0976 4.0909 0.154079 21.2082
892.797 27.6867 10.3322 36.731 43.1071 72.2266 9.69612 34.7385 9.90955 16.1884 0.0253996 19.3973
1019.26 14.9485 14.3219 37.6016 53.4266 32.4418 12.8416 38.657 25.4255 33.2502 0.0292288 23.4965
954.873 2.73553 7.3559 49.6303 59.8242 36.5126 31.4975 20.9412 32.1673 42.2356 0.0140105 20.8537
924.293 1.03045 9.04651 41.6076 69.1787 45.9511 36.2235 17.4625 24.6829 38.5131 0.00676375 19.837
965.191 0.78672 29.2536 10.2884 83.3708 40.2383 24.7906 38.7989 16.4008 7.13833 0.143748 21.8952
838.319 5.25642 7.75038 29.7158 104.375 22.1824 24.92 22.0274 38.7289 4.08354 0.364718 24.8265
871.117 13.0057 15.1275 25.5014 106.32 8.807 24.1994 31.8156 18.4327 5.07517 0.206174 22.575
827.877 19.0273 18.2582 39.2462 28.5407 34.3605 40.4448 29.6598 10.4199 1.8337 0.0708298 23.6
855.8 6.9479 27.7792 22.659 59.5599 64.4586 27.001 27.6599 23.7364 9.98283 0.0340565 18.4337
804.014 21.1618 41.5271 35.1953 21.4324 57.444 33.3952 23.5903 19.4506 8.73146 0.00809607 19.2409
792.263 16.427 35.0347 40.4289 39.5357 53.1298 29.707 33.3788 29.9309 7.10856 0.0490135 20.1287
868.646 10.9598 6.37726 53.7498 5.99891 54.1838 50.7475 76.0475 18.3294 2.13183 0.021987 23.0454
798.481 5.07179 15.8365 62.3575 72.1512 42.9295 27.4335 7.0275 14.8334 8.16401 0.11352 21.5732
796.188 25.2447 9.63295 30.3543 92.3411 21.6059 49.7736 30.5232 25.3221 0.627556 0.0224181 20.4434
812.883 23.0966 9.28779 31.2747 67.3513 35.1329 35.0815 6.00605 31.0897 6.21767 0.00937748 20.7111
882.017 36.1948 3.1215 38.9205 24.2925 64.7009 44.0878 33.3333 9.54822 1.53987 0.0222995 19.6867
892.421 27.3857 12.2615 40.7512 33.8717 53.0622 36.6289 61.1891 1.37759 23.3863 0.00360628 20.4089
912.003 24.3827 14.4773 55.918 32.3214 89.9513 1.9824 23.2773 1.86121 3.16656 0.0217136 23.2301
911.755 10.6876 2.03445 48.2295 27.5829 119.834 1.9824 24.4008 8.62724 1.87689 0.0150597 19.7398
871.572 29.4704 10.4565 0.745095 8.28533 126.685 13.0137 3.32913 62.3489 5.77798 0.0095231 27.7175
848.524 2.99303 21.2298 32.0261 21.4748 126.685 13.2737 31.0838 6.1254 3.76639 0.000260275 18.058
1033.56 1.57196 12.3815 21.7121 21.738 126.685 2.29518 19.719 3.7858 17.0225 0.000298636 19.045
1033.56 1.57196 6.72115 12.9157 25.0756 126.685 2.29518 38.4354 3.56847 23.0001 0.00662835 20.6654
1100.63 3.62593 8.55101 22.479 43.085 88.2979 2.29518 26.7514 0.495555 19.8169 0.00662835 21.8682
823.046 18.6089 1.73078 31.1321 90.661 32.8735 24.393 42.3326 22.0326 13.7468 0.0381282 20.7955
926.173 19.2855 8.57947 32.1863 69.4999 37.7428 43.8222 7.9051 8.03447 12.832 0.00341058 17.3981
985.597 13.3708 7.0682 12.3852 77.4027 53.3393 43.6876 8.41828 11.8098 33.5018 0.0161216 19.9854
1049 8.74159 3.55756 22.5204 62.4756 45.027 28.6205 8.38449 10.2772 7.03319 0.076709 20.2218
1040.94 21.5378 1.16478 4.60008 59.3913 53.1113 50.7545 8.36591 19.7585 29.6477 0.0241528 22.447
961.97 14.4977 0.730084 19.6443 56.8579 49.9646 64.7374 9.9524 3.21897 27.5406 0.027587 20.1587
891.674 14.1747 3.29844 27.2377 76.531 62.0329 10.2793 48.0262 23.3893 5.28303 0.0014008 17.8178
993.163 17.0698 2.12994 21.6198 71.0219 53.4741 34.4552 1.01655 2.42434 3.82915 0.0051231 19.2077
847.012 17.4713 55.4485 21.0869 42.3479 59.0059 0.613675 27.9969 5.00374 22.6246 0.00251282 22.1081
731.747 22.291 34.7879 15.0696 56.3616 69.3566 48.9745 31.8926 31.8485 12.2133 0.00284816 20.7696
740.531 1.06249 76.9743 2.55737 49.7231 68.3969 45.2301 17.2736 56.5658 55.9458 0.0473419 29.3316
840.274 2.37843 91.2716 2.55737 8.81333 70.0486 32.639 22.2824 14.5727 2.93904 0.0867995 24.9668
867.298 3.36882 55.0014 8.83486 30.0358 34.0824 73.0564 34.0257 17.6383 28.9784 0.082111 23.3804
798.516 10.8542 53.6978 35.747 45.128 31.9664 19.0251 60.7945 34.3263 16.2058 0.0172168 22.3047
836.59 14.6567 15.7872 17.0586 88.3685 37.3327 45.1849 41.7645 34.8463 7.60212 0.03259 20.4706
911.297 26.9881 22.2577 5.08484 69.4171 27.2737 38.883 24.765 13.8471 7.77551 0.0295633 19.8697
1011.17 15.5209 29.2241 19.4517 35.3862 27.9172 59.9415 24.321 12.5626 28.6713 0.00601915 21.262
996.398 18.7865 3.01398 58.2133 15.5192 37.4259 45.3999 40.9154 19.1527 9.98467 0.0688383 21.9589
895.742 18.362 6.8251 34.3444 15.5192 59.5813 40.7075 53.319 17.9534 3.58188 0.0349427 21.1245
903.664 7.72962 11.7956 67.4301 19.3716 37.0836 57.8411 19.3784 20.3817 7.43798 0.0191364 18.5047
862.461 21.2255 12.2612 40.6658 21.9746 71.9202 67.0815 14.761 4.07494 11.9795 0.00413512 17.9321
904.197 24.7342 7.63498 52.6716 25.5788 74.5901 6.13189 31.371 17.9486 10.1837 0.00350032 18.6071
911.975 7.37037 17.2485 28.0473 25.8193 92.2417 15.1536 29.0582 4.52603 37.2714 0.0625212 20.9185
898.378 10.4932 8.88306 39.8542 23.7076 48.3868 49.9102 40.0219 16.7504 2.55909 0.163799 21.3328
883.816 0.0565432 35.9166 61.3687 8.65622 50.9326 40.1753 26.6032 4.08966 2.96751 0.184299 24.2847
877.309 7.66368 17.1577 11.8819 63.114 61.1051 17.4423 36.4448 9.2673 6.76224 0.0596219 20.0341
933.006 18.7994 10.0785 30.1331 35.7629 59.3468 30.3953 21.1506 14.9505 30.2446 0.117056 21.3421
967.439 16.6822 9.2627 18.9404 49.8772 64.8357 34.9825 25.1769 6.60502 1.12737 0.122491 19.7867
1002.54 28.5781 7.96077 22.4833 32.3996 22.0803 73.6199 24.4917 10.4162 5.20943 0.150461 22.9473
779.253 20.2292 17.3974 27.6606 98.9853 18.2572 28.2525 40.4996 20.9982 18.7674 0.0920764 22.0037
711.809 40.9058 10.5855 14.0175 91.6509 24.4611 66.1816 31.4755 9.35627 10.5197 0.0316054 21.764
830.895 25.6219 9.94767 7.41508 96.4206 29.6154 75.2649 8.90161 30.4789 15.3375 0.0316054 21.4829
1043.98 9.57021 11.2341 10.4995 67.4368 42.4121 14.5511 50.1113 10.8862 16.8112 0.155406 22.1242
935.318 12.1662 12.0859 12.4457 55.2443 84.0481 3.01538 63.4566 2.21034 10.4781 0.27102 22.933
870.916 14.4616 12.1101 14.8183 34.5332 86.7912 52.0923 4.55329 15.7682 21.0256 0.0337504 20.774
1003.46 18.9338 10.7034 8.59006 50.6829 55.8851 41.8468 24.921 11.3489 47.0771 0.0337504 21.9187
998.599 16.2025 9.56216 12.0216 58.7228 63.9354 10.6017 26.2201 26.818 6.09052 0.160029 21.577
784.578 14.8883 1.66756 72.6964 46.4115 18.5888 71.1652 29.3604 18.4424 31.5598 0.102842 23.9373
842.494 3.83661 19.9126 56.6914 38.5311 32.1627 80.1332 10.3246 13.5261 35.5802 0.0722409 21.702
783.148 12.5535 48.4262 21.2951 28.1115 47.8599 116.472 3.73193 29.8238 10.8857 0.0187809 24.1806
804.729 29.7442 24.676 38.4781 32.3924 85.0545 16.6459 3.61331 20.9331 12.588 0.085373 21.6976
965.906 14.1341 33.4625 11.4138 24.0516 73.0262 27.2896 26.0918 5.37234 13.3763 0.00621558 18.6082
924.24 12.416 44.6442 4.73399 36.3386 81.5729 27.2896 44.9846 16.0069 9.33219 0.00621558 20.0821
885.43 9.12843 39.2391 10.2786 22.085 71.2994 58.1264 20.2745 13.6636 23.7038 0.0216434 20.1028
978.19 2.4716 18.6491 12.9844 40.8651 48.0548 76.1368 21.3753 25.0192 10.1701 0.0423615 19.6965
796.666 33.7 10.143 2.6016 86.3763 81.9616 48.9221 20.8684 23.2434 10.038 0.22441 26.7661
792.17 13.0143 27.7978 2.6016 73.8489 92.8398 28.2462 20.9951 6.93895 9.70712 0.258333 23.3081
776.356 0.266538 17.9597 97.8938 70.259 34.5597 27.7045 20.9793 20.2237 10.1076 0.0798114 27.4648
774.683 5.11382 33.4028 57.5751 84.5176 15.1187 56.43 20.9566 25.2036 7.48786 0.00114026 21.1771
778.596 20.0572 47.5671 13.2608 81.0204 15.6225 59.5029 20.9956 4.47281 2.62321 0.0485675 20.6726
779.121 42.7256 7.82601 54.9846 13.0308 43.6444 65.3593 24.7858 31.4538 14.871 0.0795605 23.2812
776.236 51.0606 3.70763 52.8039 5.81895 49.7183 94.77 9.66083 38.1606 15.7597 0.0554695 25.6389
792.74 46.2821 24.3289 51.0786 19.8735 58.1578 24.7891 11.4869 41.0168 11.2501 0.156553 25.6189
752.674 38.8979 56.1851 18.5238 13.8598 65.0117 25.7893 48.9856 14.1581 7.11774 0.246878 25.8723
874.551 29.1929 19.3095 46.2098 33.7155 31.4735 29.9059 69.981 2.51394 6.7827 0.0504438 21.6885
813.31 11.0793 26.9755 27.583 28.2629 62.2798 26.239 81.9901 19.1774 0.786484 0.0372245 22.9924
922.972 3.11827 33.0158 30.3324 35.0643 76.0199 9.37263 26.3474 21.0313 4.77242 0.00788847 17.8354
943.702 3.11827 34.4776 39.322 7.68545 87.9531 30.7774 14.969 25.5708 1.72142 0.000965529 18.2144
886.117 3.72653 29.6822 40.6807 12.9487 71.09 42.3547 24.0892 26.1374 2.35522 0.00777211 18.4532
897.392 1.92787 25.0915 54.7706 17.7233 71.3401 56.1987 20.3815 20.7595 5.95663 0.00015069 17.5193
890.436 1.25936 25.0915 83.9951 17.7233 63.6978 47.528 9.78261 13.6004 16.6777 0.00015069 20.6631
922.051 12.045 1.22019 52.9026 18.1796 60.9005 64.2015 9.32435 18.7856 14.6037 0.188251 21.6263
905.001 16.8633 19.6377 14.5596 10.7633 81.7978 54.7843 6.42537 25.1232 7.64654 0.194535 22.8346
901.607 13.0149 21.8584 30.3803 4.58466 100.497 49.6296 0.512653 12.0477 5.72333 0.0853316 21.3922
893.78 36.6547 24.6524 11.1361 14.4863 98.6237 40.4245 4.00973 11.6617 6.97811 0.192633 23.519
900.648 7.79482 33.8586 9.85265 15.6457 96.7965 21.1367 27.1015 34.6998 9.67724 0.114897 21.8744
917.812 10.1118 41.6455 12.9375 21.1524 34.4089 48.0205 62.8667 33.5233 10.4922 0.0181123 22.9332
860.16 5.78831 33.6906 43.7482 17.0827 70.2072 24.6609 65.1377 21.1051 4.5227 0.0218144 19.9609
846.316 6.91935 20.2351 48.4206 15.188 98.0533 18.9928 36.7121 21.1232 7.21127 0.012883 18.559
985.09 11.2685 9.70544 13.581 28.784 89.4564 30.2805 10.2761 22.6381 17.0878 0.00803565 18.7592
1006.89 11.5209 1.51163 17.6137 27.7594 106.563 3.27522 52.7047 0.0566098 11.8273 0.0383675 22.4224
759.411 11.8757 68.1238 10.54 36.2888 82.5531 36.5259 31.8227 18.3212 9.87223 0.029244 21.7187
831.96 9.20703 54.1903 44.0112 21.2951 32.7481 40.5251 7.09266 26.9366 7.14418 0.0863013 23.5714
847.502 12.447 17.4149 28.8749 24.5887 73.2876 80.6651 20.0271 4.90091 16.7444 0.145879 21.5912
873.06 18.8686 40.4983 7.51772 29.1149 72.3331 83.0795 17.2288 5.44388 15.7385 0.0208787 22.1024
852.125 2.9276 48.2073 15.7234 37.8634 31.9654 84.5813 9.90776 8.96309 14.2177 0.0271624 20.4058
793.853 26.4593 10.4233 57.1855 40.0986 32.3831 86.8138 32.3766 9.11538 4.06872 0.0130425 20.7018
770.828 34.6726 5.09031 27.4 57.0558 77.6015 37.9104 7.05301 6.39489 24.9364 0.0163681 20.5218
1053.51 10.7243 9.98852 8.57004 79.6967 52.3503 19.3336 17.0907 9.5582 19.5905 0.00674847 19.774
948.872 7.20904 2.22057 12.9973 72.0029 56.1997 80.3467 18.6382 3.89901 24.2986 0.0866617 22.3319
758.074 8.61781 21.6471 15.6882 121.055 25.2996 34.7094 14.8309 10.0691 42.2237 0.0356986 23.9602
982.66 6.4837 5.9265 8.62061 112.938 33.9208 23.3425 24.1063 26.5225 19.7493 0.0551125 21.1785
947.367 8.78195 10.4401 14.3955 84.2458 37.5356 29.0337 35.506 21.055 25.8805 0.0391904 19.5108
1073.84 2.03368 4.68621 35.9149 44.5672 62.916 32.676 1.78316 7.78675 7.23155 0.0190852 19.6713
885.576 6.12822 4.75419 54.5987 40.4326 62.8431 55.8462 13.1297 23.1859 4.19606 0.0312054 18.577
906.598 3.8826 27.5355 8.99171 54.1972 49.7409 64.6658 19.2183 2.07091 2.69571 0.0509713 19.0063
871.061 4.14977 46.6645 44.9305 48.5053 34.3466 37.5262 10.5884 2.07091 5.69629 0.0579312 21.1519
784.092 2.64576 71.3696 22.5198 51.8755 26.811 70.1829 0.396399 2.69996 16.1462 0.0139554 22.6383
828.544 1.04851 75.1005 31.698 38.2723 28.3975 37.3362 14.0655 21.5965 6.64175 0.0826259 24.132
918.738 4.38898 39.5868 6.87807 57.1273 15.5517 58.8132 26.382 14.8108 7.10103 0.0292457 20.3477
816.215 13.7015 42.6854 7.1316 46.7474 44.7518 72.8579 44.4312 17.2579 1.37776 0.0272729 21.3826
904.187 12.6833 36.6285 19.4269 78.9533 38.4441 24.1667 22.3975 30.9885 23.4673 0.00119017 20.253
667.309 10.7333 42.1537 29.9464 73.4621 57.5618 49.3193 25.8164 52.5213 17.9938 0.00119017 24.4868
775.425 5.57022 33.0684 52.9315 68.0498 50.4016 10.3615 20.353 15.8343 36.6966 0.0218169 22.2421
868.452 3.60381 10.7892 68.8936 72.5463 25.9968 52.0466 35.3846 19.5391 25.8882 0.0277925 23.304
943.756 14.9619 4.09 55.9452 59.1083 22.9264 34.7114 21.9093 11.6427 13.0783 0.185271 22.626
708.973 44.8804 25.3609 5.97396 76.7695 17.5084 93.4387 18.425 16.844 11.9173 0.000851081 21.4821
812.326 8.68733 56.8496 7.85622 68.2764 28.7963 48.9927 34.9495 11.2786 11.491 0.0481851 20.3982
812.948 9.60169 39.0188 22.6027 34.1993 64.5435 8.71534 56.5621 24.8916 13.6706 0.060055 22.4168
814.894 7.24049 46.8336 34.2662 45.6167 43.3239 33.6552 58.1107 30.5984 7.80682 0.0580208 21.8156
837.702 9.05461 7.7645 57.8528 20.4793 43.4409 45.1389 57.317 29.616 12.7932 0.0110994 22.122
931.456 9.96585 9.9022 48.8045 27.2427 77.0158 28.2242 24.0294 7.80475 31.0391 0.00524361 18.0407
896.745 10.0858 28.1592 47.2503 11.8379 46.6543 41.5133 16.1249 34.2295 24.2694 0.00141633 20.5432
853.71 10.0248 6.11765 61.4062 21.6438 111.529 23.8789 30.0865 12.3784 4.16755 0.000231254 18.4055
847.337 20.8116 32.6695 29.4039 30.1706 74.7046 20.7809 11.8232 13.6692 3.84898 0.0240207 18.8726
1062.79 2.33704 15.1004 40.0639 15.7095 47.5715 55.2039 35.9971 2.16745 3.84898 0.0265219 20.0565
1034.29 0.867683 11.935 40.0639 8.41715 66.1969 63.9847 34.7682 14.4036 10.4541 0.145529 22.6648
989.755 3.31887 4.03086 54.454 8.41715 63.6499 52.9208 25.6527 32.827 41.9546 0.246615 25.2418
945.567 11.2421 13.7988 14.6381 19.2898 63.7736 84.0322 6.22256 33.1875 28.072 0.210573 23.6403
923.961 12.4473 4.20956 23.4564 41.1872 59.6783 88.5552 16.6489 6.95752 50.7628 0.181422 24.5223
967.953 12.3945 2.98957 21.8498 40.3746 60.0536 69.8086 20.1497 11.9502 11.7711 0.0071994 18.0132
941.91 3.75879 4.41027 44.688 45.8986 48.2722 33.7443 47.1052 9.36429 28.3406 0.379208 24.3261
919.912 1.31244 16.0803 36.694 52.466 51.879 46.5889 20.7328 9.01136 11.7978 0.0508201 18.1846
741.661 0.772659 14.8298 77.6095 69.5039 70.8207 28.0129 5.22888 11.0271 10.2874 0.00130016 22.5591
967.454 2.00951 21.5646 56.0968 12.2232 33.8039 73.4004 16.8581 14.7681 10.1033 0.152297 21.8256
910.379 20.4297 4.96325 26.9502 33.9372 79.6431 59.0321 2.53356 6.99295 5.13531 0.142421 20.5923
958.223 4.34541 14.7441 23.5259 67.0861 68.3706 35.0132 20.7119 11.0519 24.0661 9.36194e-05 17.2329
1068.93 4.1458 1.23422 9.43294 50.9899 73.0166 37.1199 31.9065 33.976 7.38766 0.0318063 20.7579
871.705 3.24619 18.9755 16.7498 28.3196 56.6123 58.5554 37.3553 14.6828 15.3303 0.0105489 23.3206
948.956 7.58005 12.4885 13.7642 98.7527 10.8824 42.4966 29.894 17.5157 8.47263 0.0468913 19.0925
933.55 11.9175 12.3729 34.7453 84.3455 14.2962 54.5722 52.6118 12.9975 3.69791 0.0218011 21.2846
930.793 14.2361 13.2054 49.0603 47.0608 11.4597 54.5722 8.90736 51.6322 7.30039 0.0174819 21.1685
752.609 56.4215 3.53179 7.19874 43.1893 73.3629 4.83513 70.3825 29.3614 9.95863 0.0246804 25.7939
838.965 33.808 7.15423 22.5996 65.0445 56.9922 14.2653 100.782 6.41103 33.6995 0.090607 26.4832
859.165 9.81693 20.8767 32.1666 59.0224 23.565 45.0103 57.8921 3.9604 7.91727 0.0258852 19.0521
963.896 7.08087 29.5195 43.8967 35.5198 36.1155 37.6666 73.1577 9.79521 4.14538 0.0169908 21.8927
846.865 19.7308 21.262 16.9501 69.7525 54.5368 27.3654 32.0034 34.162 1.27452 0.0973026 20.7524
799.212 4.75522 17.7162 32.465 50.695 53.1693 21.0283 61.4967 44.8684 13.1786 0.528885 26.994
785.895 19.8665 8.35726 48.1047 48.3369 54.1412 38.7855 46.5794 44.6898 3.6802 0.232997 24.0186
869.298 26.6373 13.377 46.5211 44.6724 21.638 46.9508 23.5437 15.4904 22.884 0.260012 24.065
989.992 37.0569 9.72979 5.93027 23.4 44.0854 36.6992 60.4819 30.841 9.00175 0.55819 29.2701
868.184 8.41754 13.2207 29.3841 11.5225 49.4148 47.3031 83.6795 5.35398 9.88422 0.353443 25.7579
987.642 1.94163 38.4921 7.23245 78.4235 24.5461 31.6637 27.0741 13.9786 3.76552 0.212543 23.9305
920.279 4.74644 13.5471 18.4186 120.923 27.8934 6.22058 17.4248 10.5997 7.04837 0.12458 22.1376
878.458 45.1668 2.45386 24.4513 60.4351 42.9332 46.5891 51.6898 4.33686 12.46 0.0888678 23.889
864.851 0.578029 4.72142 54.942 59.0244 31.2625 86.19 19.1218 11.4439 22.6537 0.192366 23.6965
859.979 4.26132 9.48657 22.3469 83.6698 5.37337 94.222 37.5741 7.91995 26.4867 0.0987414 23.3842
880.134 0.0676061 3.30824 21.9088 83.6698 14.2722 74.9409 55.2741 23.7934 26.7691 0.158713 26.6252
936.087 2.3962 20.8868 23.8958 67.6237 21.3456 78.496 22.1954 12.5823 4.15413 0.0219553 18.2725
757.76 10.2488 13.9192 72.1842 50.4596 34.9171 52.5198 26.214 28.6676 20.1861 0.0397339 21.7364
818.682 16.4414 33.787 58.7805 38.8985 32.5148 34.8322 3.34602 14.4909 26.5292 0.0930884 23.6797
842.729 8.75111 24.9748 49.2307 53.9499 46.1421 19.8696 6.9667 23.1457 18.6732 0.059538 21.0578
855.377 7.07247 30.4673 55.1315 52.1548 18.8494 47.5047 26.5813 33.967 26.0008 0.0275683 21.4086
891.012 3.88678 24.0399 33.6262 30.9407 34.9342 64.1298 23.2682 66.4738 14.5559 0.0230039 22.9166
792.372 13.3633 15.054 80.3269 18.1397 34.9342 64.8323 27.305 20.6736 7.52722 0.0367237 20.488
809.294 11.2997 16.3081 80.8999 17.8543 34.9342 69.7713 20.0501 62.2533 7.52722 0.026354 23.0466
831.591 0.992876 8.86361 93.5143 15.3904 79.11 44.9488 20.0501 23.2618 7.52722 0.0239947 21.8879
791.703 17.5766 24.7621 76.0624 20.562 39.0766 41.2015 44.313 1.40109 12.2457 0.0110617 20.1038
848.16 9.77688 18.7624 33.5527 33.6622 97.8296 40.5246 4.94072 11.5072 8.52708 0.020522 18.4113
864.521 12.433 26.7961 4.20231 61.5123 87.1203 5.10444 41.5643 8.93631 33.865 0.0330184 21.2527
872.584 20.2031 18.5078 11.2862 54.4 75.1877 40.584 41.3439 14.5972 2.091 0.0332439 19.5837
873.225 20.2031 18.0005 11.5889 59.6432 44.639 46.5384 19.8126 14.5972 2.091 0.017901 18.414
873.941 11.5752 28.9455 24.741 85.0895 14.7731 57.801 43.0963 19.7014 17.9271 0.00434629 20.3193
871.95 16.6845 18.7607 18.9627 80.5241 21.3684 51.7449 7.23133 19.7014 0.901037 0.00434629 18.2147
920.928 13.2459 29.5213 13.0906 61.5245 45.1774 34.5614 10.3717 33.0285 3.87067 0.00434629 18.0654
890.013 3.10533 17.0467 17.2518 100.568 55.4395 33.8639 1.4842 3.88289 5.94933 0.0312521 19.8529
869.314 16.2831 1.1545 31.316 85.5039 62.8827 23.7193 41.4838 10.7505 4.31632 0.0103339 19.6353
951.991 15.5191 14.9004 20.0241 49.2765 28.7154 21.1497 38.3122 4.11974 4.03492 0.113274 23.0722
876.332 6.19737 17.6959 14.7043 106.964 28.756 32.7552 36.3069 16.4376 10.2178 0.0496335 19.418
956.863 4.62426 3.51874 32.42 97.0972 29.1699 22.6406 32.3872 16.0637 18.3347 0.035246 19.7164
805.311 20.4859 21.3799 11.5468 76.0861 21.4655 37.23 65.6981 9.4465 0.752843 0.010616 21.1827
928.45 19.6237 8.67197 15.2311 75.8396 21.8351 26.1244 84.6745 7.58042 5.80444 0.0126345 20.026
823.91 30.6192 0.161378 34.3369 76.0292 13.4821 17.2404 86.0512 10.4964 3.71233 0.0152486 23.482
881.013 29.0416 8.75563 23.3837 73.8926 16.326 47.4579 37.0435 6.32414 5.99677 0.0166232 18.7157
797.417 27.9174 7.11978 33.0659 60.1024 53.7939 47.0147 37.0711 8.9145 19.6459 0.0156512 19.4083
806.009 25.4126 9.15334 42.8729 45.9945 71.782 51.2556 36.9104 2.25514 22.9356 0.0154476 21.0644
815.974 4.53532 15.4439 61.9056 39.0489 56.8297 50.3461 17.0269 1.93507 43.5829 0.00136826 20.1091
815.974 7.97917 21.2046 37.2108 56.2008 47.4436 47.7083 15.8826 17.7423 32.9676 0.00136826 19.0311
763.288 19.2666 25.8131 16.4337 80.1227 55.495 30.2843 40.6534 24.287 16.379 0.00379583 19.6689
782.746 9.78198 18.2864 20.6916 84.2917 26.8939 64.3709 15.4843 17.0886 12.7893 0.0014816 19.675
707.851 22.2616 38.1295 12.4046 98.6783 6.15013 53.5117 33.9029 39.206 11.6958 0.000591902 22.1262
793.318 34.6593 16.4489 36.1838 80.976 10.1991 29.0141 24.984 52.9571 7.98993 0.000249152 21.0522
855.275 13.4588 19.9227 33.9184 57.171 35.6966 28.6921 29.5776 31.0689 8.00334 0.0110056 18.8651
711.683 19.5793 73.731 2.63927 36.404 104.572 34.0989 18.8669 39.8222 29.7529 0.00313446 26.4846
743.475 30.2283 44.8274 14.8346 51.799 38.2828 56.6829 14.0397 45.7523 22.7432 0.00519378 22.0612
733.818 24.7725 38.2426 35.2852 69.5487 37.7304 22.2192 14.4793 2.588 77.7729 0.0173111 26.2875
736.512 28.9481 28.1195 40.2265 31.6894 69.3197 48.1525 1.4524 9.39282 20.7907 0.0782149 22.3667
920.713 3.8973 9.9731 39.1938 49.915 64.5435 43.7121 15.2693 9.46952 21.8972 0.0359607 18.2854
964.465 4.69918 20.1611 20.1123 72.96 22.4412 71.0924 0.178299 16.8514 12.4179 0.014095 19.7753
987.978 4.16208 11.1618 42.1752 67.6771 16.841 8.02586 67.111 10.2058 7.28362 0.0632017 21.0955
1023.31 12.0577 25.3894 42.9381 38.9956 24.8766 44.043 56.0143 6.02565 5.27667 0.0339975 24.3929
1010.89 13.3748 13.6212 34.4569 53.3492 29.4915 20.3952 63.6984 11.4838 24.9016 0.165244 24.4415
886.232 25.4504 25.2466 27.9441 63.0224 27.8775 23.0332 21.1537 27.1063 39.0077 0.064818 23.6473
794.069 8.0244 33.7289 61.7922 33.4052 44.3924 28.3848 36.3914 40.9283 65.3822 0.212674 28.1266
934.378 16.697 3.95151 34.6566 22.5224 81.4821 38.0464 3.43174 20.0082 3.78005 0.161436 21.1566
718.798 18.3073 14.9934 69.0131 66.2806 51.1741 6.73157 41.7633 27.0945 3.98381 0.0606616 22.8634
651.653 45.1284 27.9226 17.8005 81.8741 53.9554 16.4921 57.7992 12.329 19.8083 0.0666459 24.2405
653.416 41.9103 26.1056 12.9677 93.1333 65.3918 1.72855 43.778 10.5118 37.7859 0.0173236 25.2553
855.184 13.7835 2.72553 19.7018 21.1833 67.9201 81.4485 36.3784 1.49912 62.8033 0.0173628 29.1383
922.311 17.5099 11.7349 31.724 17.2926 50.2231 41.7822 41.342 24.8639 33.4631 0.0516682 23.0941
937.741 10.3328 12.3766 42.0458 33.5978 34.8227 45.432 56.9792 20.0843 26.3994 0.0338672 20.6153
977.654 9.34168 10.0967 41.2942 26.1385 34.0686 59.4494 19.05 26.7356 17.2208 0.143529 21.4695
953.201 27.7236 4.13775 33.1648 40.4341 46.0436 48.7265 7.95496 50.8721 13.0992 0.106274 23.046
754.548 31.6322 17.2777 10.7039 55.5976 94.5213 45.0786 27.6102 13.402 4.95721 0.0344233 21.6173
670.866 43.2443 41.5487 23.4687 45.6843 78.9376 30.8322 28.4656 9.79934 4.06288 0.0817428 22.9134
803.787 24.0178 44.5789 2.9272 33.3988 89.4701 51.4736 18.5251 7.33022 3.78801 0.0018128 19.4365
847.582 22.5923 21.778 15.4997 26.5533 69.5798 69.5932 41.6169 5.14585 3.94429 0.00712653 19.7321
913.634 14.0112 20.3235 24.5355 42.3229 53.9243 12.5545 55.9782 11.9669 1.05346 0.0144782 18.8516
978.603 6.44436 16.5147 17.2316 45.4001 82.1265 35.5772 22.4067 6.77474 12.806 0.000265651 16.1372
847.209 24.1381 5.34942 32.5104 34.8753 80.9953 48.2447 18.7552 4.20247 5.28913 0.000265651 16.7381
891.765 13.58 6.56922 69.4232 14.2604 64.3482 24.9308 15.7092 7.68179 10.3191 0.00154966 17.6712
790.293 14.5434 10.978 66.4209 37.898 61.0413 33.1448 40.1686 7.4926 1.79336 0.00154966 17.7061
899.075 11.7954 9.33656 62.7074 41.8435 49.576 13.1798 50.4454 6.99292 6.71238 0.00154966 17.1772
897.901 11.1641 10.7663 68.1043 16.7445 17.5932 31.7651 82.0573 12.6262 4.55235 0.00374596 21.52
895.821 32.1563 6.47913 48.7642 29.518 31.6083 38.3601 30.7645 15.6207 0.565579 0.0175135 20.6492
860.553 14.4996 7.68777 42.3861 45.0455 39.731 47.4171 38.4679 12.0696 10.393 0.0661258 19.4176
765.584 35.7598 12.4604 26.0487 82.9078 16.4434 50.5323 18.5405 13.7891 13.6954 0.21732 23.6125
702.428 59.8131 28.6418 12.9664 90.6668 21.4521 21.1219 3.81372 44.6248 0.84464 0.0351223 26.4059
764.971 38.2001 27.9843 35.2718 25.356 65.1759 9.06039 59.8202 35.4346 37.3617 0.0433676 25.0267
737.409 41.2113 57.1473 5.14626 5.27952 76.2447 8.50959 32.7126 74.2952 15.2925 0.000677498 28.8638
963.48 1.10906 6.51042 27.6583 20.7268 95.4016 27.8855 47.4128 27.1487 19.9876 0.00591617 20.2779
1012.6 8.01328 18.1405 15.366 17.2709 40.9424 63.382 52.6423 14.5977 17.0691 0.0132659 21.4111
863.74 1.36049 21.2112 54.9539 59.3471 28.3209 66.1879 13.0293 27.8757 22.4989 0.0166431 20.468
799.274 11.8134 11.3649 56.0502 70.0831 32.2744 60.4792 18.0828 31.4158 59.8838 0.0672094 25.3443
842.519 23.5814 21.9827 13.6706 61.9454 39.651 62.2733 11.3554 19.8247 15.4019 0.091613 20.3965
838.726 26.1382 23.8074 25.2067 36.8821 13.1779 117.543 18.3382 37.1486 1.60484 0.1266 24.7778
758.83 26.1132 28.2136 21.4679 48.756 43.5236 26.2725 89.7528 27.0448 17.829 0.0945786 25.1387
761.906 28.3474 40.1531 23.0138 41.2451 82.0726 18.4357 27.621 38.3559 22.4224 0.124388 23.8552
783.839 31.2254 34.1523 23.6585 37.6263 68.7095 27.143 32.3788 2.13511 30.3979 0.0458017 21.5291
791.317 31.825 17.2711 36.9027 41.738 76.8836 22.8852 8.0547 6.46842 18.6568 0.0518765 20.4275
707.086 42.1755 14.0532 13.0854 101.58 33.6274 23.2341 36.5827 5.80467 13.0498 0.00420902 20.4739
784.783 36.2229 14.5919 7.8895 91.6223 42.3868 25.1845 25.1043 22.9875 11.4718 0.00420902 19.379
810.271 45.5666 11.4037 16.3956 86.967 58.6088 28.4159 36.2401 0.875192 7.99844 0.0242446 23.7265
810.203 30.3288 3.58369 9.41807 82.7851 80.4685 7.16253 12.402 7.95469 12.0856 0.0625735 21.8274
739.481 22.2846 20.2494 31.8447 79.0178 66.1834 26.3418 2.25535 29.1712 3.29227 0.000137667 19.3021
717.073 15.2055 4.41711 55.8718 94.3887 47.795 27.7143 18.5539 3.59592 42.453 0.00950264 23.9848
700.285 16.956 11.0785 29.4431 109.81 39.5049 11.058 5.44055 98.3772 19.7815 0.000274116 28.8068
881.381 16.4559 8.11073 32.7622 62.0682 72.0014 17.0482 9.44767 38.5314 21.8583 0.0185253 19.8668
905.195 4.94898 8.28885 38.4705 32.9101 92.1522 28.8731 14.662 8.10922 11.4419 0.0467195 18.2437
915.641 27.3414 9.82448 33.6961 12.4703 92.6634 67.9066 4.38422 44.9411 28.293 0.0452106 25.7462
950.48 10.2785 8.49914 33.2376 84.0063 50.1501 36.8243 22.3597 40.4464 20.9315 0.0376028 23.8958
865.664 12.2468 11.0401 32.7062 94.5958 34.2272 36.5795 16.427 25.2505 21.1446 0.000297952 18.0759
910.992 34.0311 0.454489 20.8097 59.3594 56.1387 22.0167 22.9758 16.7147 13.0308 0.000297952 18.793
795.116 24.2647 10.9137 27.8012 55.056 61.5412 89.1934 3.09377 5.91069 14.0423 0.0464006 21.8811
954.617 7.04746 16.0672 29.9971 37.9705 64.4922 18.6772 20.1605 17.1049 21.6923 0.0126035 18.6027
850.711 21.2187 24.084 36.0398 59.0533 33.1902 24.4644 27.9057 10.8941 16.4881 0.0126035 18.8364
738.678 14.437 26.6488 28.2897 120.879 39.835 24.5439 13.4599 11.6868 11.0209 0.000793952 20.9552
718.645 15.8211 18.4305 18.455 84.266 59.1609 22.0468 27.9384 8.80292 9.71298 0.000793952 21.1679
747.988 18.1108 7.3478 7.89825 120.675 25.9637 21.7456 53.3914 1.51068 6.68422 0.0667467 24.6316
951.478 23.9882 7.21321 45.3051 20.5947 61.3717 13.8633 14.0138 20.0673 6.43655 0.177324 23.7022
729.857 14.1522 33.9381 39.0841 35.5824 107.286 8.55017 15.3883 16.9331 6.04489 0.0424085 21.0755
733.22 30.481 48.1129 24.9186 22.3908 97.4612 18.1207 9.97248 31.9525 7.53942 0.00914503 21.0883
664.568 53.5251 24.6295 31.3136 55.5006 45.0361 17.4695 17.5739 22.0784 6.7202 0.0089398 22.4242
770.325 24.3467 43.1744 35.7815 47.0584 58.0171 37.131 13.4258 15.9237 6.45597 0.081056 21.4786
915.228 0.162229 21.9873 56.3529 34.5301 11.9233 75.5014 6.99232 12.7491 18.2608 0.00361707 20.6307
948.498 9.4766 6.33093 52.1334 36.3573 8.47719 69.8712 11.8643 26.708 36.0198 0.00361707 21.8289
913.654 6.94548 39.3291 51.885 24.4279 44.4781 56.6068 1.07629 10.3363 1.88238 0.0148402 20.6832
857.585 15.5519 51.2114 10.9135 29.8202 88.9461 44.2449 1.00386 9.46684 9.23066 0.0120399 20.562
885.844 5.31855 31.9827 17.8781 30.6499 70.2736 41.7793 10.4436 33.3648 0.847152 0.00977702 19.6323
907.12 8.14106 65.0452 6.1379 26.5648 63.0146 19.7922 21.0579 65.562 12.8386 0.00465585 23.4649
920.859 1.64404 43.9055 14.8344 68.2837 56.5326 19.585 3.36929 41.2972 67.2955 0.00455263 25.0917
984.698 4.81357 7.80683 23.2928 56.2967 60.0467 16.4084 33.4397 10.6147 14.4849 0.00555946 17.1258
950.7 2.63988 17.962 17.0698 49.6261 71.4086 55.7021 23.1594 10.6982 15.1629 0.00118342 17.1359
964.241 1.40703 9.36891 37.3776 31.9758 41.9116 85.61 11.2486 39.2965 15.245 0.0529878 21.1541
901.201 0.978391 18.4244 15.4894 17.2278 139.141 9.22239 33.6219 20.2567 12.6443 0.214211 22.8983
792.74 22.8244 21.4826 53.6957 40.9293 83.9038 0.826788 28.105 14.9569 14.007 0.0252337 21.1793
866.919 11.4039 5.58433 14.2638 56.6533 86.728 38.4875 4.18756 11.5004 14.384 0.0282091 20.2216
971.695 8.57404 16.3419 26.6215 44.3032 44.3434 58.9359 36.479 14.3795 14.351 0.0224611 18.5748
1019.2 4.41895 25.1967 21.0258 31.735 86.7127 4.35514 54.5016 14.138 11.3995 0.0159318 20.2038
899.433 5.22944 28.3523 28.75 51.2862 29.3495 40.5789 22.2919 4.71847 7.40814 0.0114916 18.4352
895.669 5.71432 8.26753 55.882 67.1007 45.9495 21.2729 11.3022 42.6074 1.95471 0.0462523 20.4714
901.62 23.1392 1.60416 51.2484 6.92177 30.1539 82.0087 28.502 39.5645 3.4589 0.173707 24.9095
913.556 14.138 2.11284 44.9867 22.5082 108.971 8.32053 30.3916 3.76173 7.33604 0.145582 20.8255
869.766 13.1335 20.956 35.2325 37.9202 64.5456 15.0309 28.4135 9.53054 6.33909 0.0836502 19.6088
933.404 28.9294 11.5179 51.7192 10.5699 70.9209 17.2047 27.8411 16.08 3.47027 0.0839818 21.9086
929.277 29.1739 29.7295 27.7986 10.7505 82.5848 16.7675 39.7406 19.843 14.1748 0.0795653 23.4323
833.383 8.0955 22.1246 31.2349 44.0399 59.3164 18.3694 41.2121 24.4728 50.769 0.0622689 24.1083
720.616 28.3254 37.616 55.0814 15.2023 71.1493 49.7212 2.85279 30.5066 13.2898 0.0494156 22.8834
740.684 31.4582 4.18401 29.1891 72.2102 60.139 25.2331 37.8478 22.1333 28.7977 0.0302411 22.5591
919.907 8.00701 11.7193 70.8471 28.3405 53.211 19.9478 21.1453 12.8254 38.1422 0.077675 22.0859
942 23.8926 2.55814 42.9587 18.3017 53.8709 33.7015 57.5205 25.7225 30.0548 0.0572749 22.9961
936.645 17.0031 3.76515 61.0754 2.51817 55.6749 34.8727 67.6291 24.7823 2.4946 0.0572749 22.6708
977.58 8.75434 3.70179 39.3371 16.4726 64.0358 21.792 55.7882 23.8726 48.5403 0.261813 25.2352
976.469 16.0901 26.7045 39.6092 16.4726 46.0533 23.4582 25.125 50.9879 12.8214 0.333305 27.4091
980.163 6.94097 30.5639 28.8113 32.4082 66.7146 22.932 32.2381 43.7401 7.96173 0.00684216 19.9817
974.81 13.6135 16.594 7.74444 43.1328 71.1549 22.1652 17.4043 6.83137 5.77999 0.0257393 18.7669
1032.57 1.47805 22.8468 9.46116 31.1856 72.0214 69.0839 16.3675 21.9521 15.1104 0.0103646 20.3124
838.669 1.16543 32.8848 43.1762 31.1856 33.853 64.7845 7.13957 19.233 15.1154 0.122256 22.6756
841.91 5.62298 30.1757 67.5893 34.7252 58.5218 16.4474 15.4711 18.8067 19.4883 0.210536 24.126
835.551 12.0028 22.3262 41.1393 36.4572 64.0982 30.0519 4.62726 18.2757 35.7607 0.134422 23.0377
819.763 5.80212 9.83112 46.5817 36.8103 48.2242 94.4131 8.9646 22.6378 13.9079 0.076868 22.0659
767.109 3.6664 16.8658 48.932 46.8345 74.2094 57.9685 4.16913 41.2808 16.5679 0.0790108 23.6094
791.013 25.9449 4.94008 66.4145 37.0953 57.8985 13.0341 60.5122 2.45099 21.6473 0.0955435 22.3923
867.17 8.38814 15.293 43.0776 32.119 74.1527 38.2912 22.5365 14.7518 3.44891 0.0616946 18.3241
834.346 4.54829 4.35019 54.5941 43.0132 53.9732 29.5458 32.2475 16.0621 11.2554 0.136168 21.837
809.76 37.5491 18.2666 34.9743 47.6956 65.1145 8.97446 21.876 16.9859 30.4317 0.116121 23.3778
797.077 25.0216 19.6235 43.5101 54.689 39.4189 10.4025 53.6662 9.47903 46.675 0.0488117 23.3571
753.98 14.8312 56.5627 10.3484 28.5302 94.1363 15.6174 61.9881 6.13153 65.8022 0.0582366 26.791
883.677 10.7765 52.767 26.5323 2.54649 86.4823 25.4735 53.3109 37.1495 60.2456 0.0177147 27.5149
887.313 9.92868 39.2203 58.1929 7.95951 65.8255 17.9193 62.6572 38.745 50.8061 0.00143082 25.8001
970.9 9.92868 2.13054 58.3721 7.69402 56.988 52.6745 39.8236 37.2837 35.1065 0.00143082 21.6854
937.418 10.2516 27.1945 43.528 44.7824 58.4473 10.7906 17.1296 38.9655 13.6041 0.00143082 19.6658
716.381 8.31889 39.6507 39.9237 57.5686 54.7393 15.1624 7.72594 43.0756 14.5683 0.0184232 24.1152
761.799 27.2675 14.9158 40.9428 95.3258 31.2603 18.6042 19.4334 50.2349 1.82972 0.0101963 21.9652
748.362 53.9853 0.480289 39.347 95.3258 2.55628 52.3772 18.7432 58.1169 44.9378 0.00043206 28.2657
705.077 25.9366 5.67435 64.6454 39.5537 39.3956 59.481 15.2446 27.6729 2.87885 0.00043206 21.1246
859.711 24.1086 5.9207 61.8837 14.5567 74.7724 54.0231 27.0589 16.7322 15.2748 0.00043206 18.9917
908.969 20.4715 5.9207 40.2254 32.836 80.1793 30.7867 31.5812 13.4402 4.84843 0.000377923 16.5782
793.208 18.0038 38.137 35.0373 28.5794 45.4045 54.3757 21.006 23.6787 37.055 0.00136535 20.6118
839.645 8.42369 38.137 27.0729 45.0008 55.5593 56.9807 21.0495 1.89062 32.3953 0.00136535 18.7844
860.281 16.5209 19.1717 45.8274 36.4146 36.3805 59.8961 16.791 29.0355 33.7923 0.028555 20.8024
710.527 25.5318 22.4888 61.6907 22.5116 83.4725 37.7724 50.8151 19.2511 44.1973 0.0975711 26.9523
599.886 59.5921 30.8458 24.8707 33.7633 83.4725 51.6942 35.3713 4.87079 18.3673 0.35584 29.1535
714.743 44.5725 13.3131 5.70533 129.803 12.0647 26.0672 30.5532 8.11585 22.5629 0.0530577 24.1413
621.967 67.0731 13.1723 40.9436 76.3175 23.3202 26.8052 69.1751 7.63835 17.0988 0.00193431 24.0433
749.491 31.2907 15.3329 56.6336 71.6523 6.07881 41.5905 75.656 7.40041 22.1454 0.0101885 23.5341
663.841 46.9846 36.4235 40.8184 50.672 21.1553 39.7995 75.4373 6.5872 8.09838 0.0151445 23.7597
699.128 21.7592 17.1886 47.3723 45.6552 26.7513 59.7674 81.1408 4.32839 0.294414 0.0447562 26.241
836.234 21.9655 4.24935 55.7493 61.7339 26.7513 75.3752 41.6122 21.6344 0.294414 0.0306116 23.9963
829.395 25.668 9.46458 41.3848 35.193 55.9126 54.2814 23.6493 36.2979 8.18885 0.0306116 19.8784
860.781 38.736 11.4327 45.4974 5.68909 75.7423 54.2814 19.9488 39.186 9.63263 0.0265244 22.7977
824.123 27.1158 11.4478 28.6217 5.17145 117.548 49.0218 7.12943 17.6535 10.6272 0.0283504 21.4034
830.938 26.8877 17.2809 38.7746 24.5844 55.8015 49.9784 9.40587 17.6535 19.9341 0.0283504 20.2462
864.774 17.2628 22.0649 34.541 67.4001 38.6161 36.8239 7.24596 19.0235 9.34173 0.0341448 18.9528
871.814 12.5889 29.2146 25.4815 44.2784 73.0982 21.5799 45.4362 3.00076 9.03355 0.0329397 18.4604
854.951 7.37932 42.3368 40.5926 30.2269 63.0515 18.2128 35.1211 38.8725 10.8774 0.0193774 20.1419
923.048 18.3467 13.4975 41.8768 58.0246 69.767 11.8548 27.0955 3.78367 22.8093 0.0179109 20.9802
864.973 12.0574 22.185 11.4184 78.6316 78.1538 15.2917 22.9522 56.4617 7.15687 0.0392736 21.7749
874.979 17.8407 29.4769 15.8983 38.5498 59.7043 41.9998 24.9155 35.8548 19.8104 0.18055 22.2639
911.757 16.3516 10.9869 20.8858 70.9333 26.8473 53.1458 41.7472 12.6401 10.7334 0.142321 20.2481
913.346 4.19146 19.3127 44.3919 70.5125 23.4549 29.5417 13.2047 52.5201 1.95438 0.156612 23.1032
719.806 18.8822 28.4332 23.0694 58.036 22.8709 109.816 17.5237 9.9575 21.202 0.130047 24.8838
1065.68 4.4435 9.11055 7.58434 43.5834 27.7754 73.9999 17.9469 11.8245 12.5953 0.25787 22.7656
1022.45 1.75546 22.1505 13.2592 41.5522 40.5248 65.5196 55.5931 27.0324 8.09668 0.144064 23.8646
995.478 13.0017 16.9036 20.6708 30.0351 23.0083 86.316 20.6367 2.62312 13.9453 0.179288 22.2342
1006.73 11.3911 6.70698 5.51352 34.0857 85.8202 40.0698 3.77769 26.0724 18.399 0.140038 21.997
963.308 3.76544 6.70698 37.4497 39.0478 84.5491 45.4969 26.7595 31.1481 18.2676 0.151269 23.5236
877.726 20.1254 16.8965 34.0022 3.24709 89.4592 73.581 26.3915 22.3469 27.9477 0.0527733 23.9972
968.549 17.5186 14.4116 9.28142 43.5717 78.4983 18.7593 13.237 41.265 32.3343 0.0828816 22.6324
835.919 2.40054 7.26376 13.3875 87.4843 75.9052 1.85759 53.3599 29.7582 24.4256 0.00929699 23.9724
946.495 8.39477 21.6824 23.4921 26.1229 67.0861 55.9012 17.9681 58.6448 9.76003 0.0895668 21.9563
940.711 3.61677 7.81146 24.1795 63.5612 83.9599 25.8639 29.8994 16.569 9.95441 0.00798453 17.8815
972.032 0.200938 11.4073 26.5882 34.6662 73.7751 52.4095 2.85799 17.0828 10.4674 0.00950538 18.9997
925.535 6.04294 7.04115 26.5882 61.4486 68.5143 31.633 4.52517 17.0782 7.7422 0.00308656 16.8762
936.365 28.4832 7.2307 6.87141 58.8281 46.1205 45.7682 26.6913 15.1434 2.15015 0.000143338 17.4169
927.112 30.9591 11.1535 0.410432 47.1164 60.0109 61.5258 4.9487 18.1954 2.72705 0.000143338 19.5696
782.936 22.4321 11.1311 31.2572 86.8128 14.5669 63.9953 48.1023 20.2959 11.649 0.000143338 19.5204
731.811 39.6948 6.45857 40.7183 92.5086 22.8337 45.2291 43.0904 7.23315 8.59007 0.00102355 20.366
676.609 25.5029 30.7754 45.2505 56.0561 50.0474 49.2045 7.17535 36.863 4.28554 0.0378568 22.321
961.994 10.6566 23.5858 57.172 20.8659 51.6792 21.7975 5.73449 35.9149 4.44402 0.0331388 21.7509
818.982 17.5152 18.1816 15.6005 80.9763 47.3975 22.3718 43.4747 6.44355 3.3795 0.0984058 19.9948
764.252 19.8086 8.7243 46.3035 76.9716 67.4666 12.7205 23.0441 8.28167 4.7826 0.0496111 20.3255
829.256 15.841 15.6608 47.0445 56.4313 43.9859 15.9405 63.0104 1.20508 6.56076 0.00410289 18.322
834.131 9.04297 12.3567 79.3033 34.0878 56.703 16.7339 30.1762 22.5084 24.2442 0.00410289 19.4215
986.048 2.10588 19.1459 29.5242 27.0492 88.9497 23.9742 2.1765 63.5937 2.7968 0.098893 22.8067
926.291 9.95004 11.4922 0.483392 47.746 79.5237 24.4518 27.8191 58.0481 4.30862 0.0564543 24.0665
960.219 15.1237 4.25526 43.9636 56.0205 54.6259 3.49283 7.02794 55.6201 13.0594 0.13285 24.5443
964.948 20.332 5.59633 45.7167 7.79856 87.6288 33.8803 28.9265 43.5594 4.28185 0.07527 22.6552
773.142 19.304 4.10682 83.2753 36.9623 66.5321 17.2869 12.1971 34.0299 5.53857 0.108405 22.7326
863.095 5.85337 6.44415 62.4881 37.6514 61.7768 16.5381 7.26047 19.2748 6.40637 0.160493 22.3116
966.676 7.58717 7.09262 46.0826 50.0056 68.8778 0.560806 25.5205 61.1326 59.2864 0.00204236 25.3242
949.156 15.2658 3.52901 14.5296 49.2687 87.373 55.103 7.25625 6.47386 15.312 0.126515 21.0676
1027.51 20.5512 4.46805 21.2228 18.2012 71.3785 49.4987 12.3618 56.3935 1.68994 0.211325 24.8156
887.53 18.6569 11.3925 12.355 45.9275 64.4749 42.3085 27.8463 37.8732 5.01668 0.123715 21.2066
743.601 32.9588 30.1157 35.2575 48.167 68.3613 16.9116 28.8508 5.12317 4.07636 0.0109635 19.0417
921.214 23.4557 27.325 10.9022 48.5359 77.526 10.3723 15.2218 11.2361 6.50157 0.00213577 18.2387
986.65 22.8282 18.2797 2.10459 43.7897 54.6003 45.0038 18.3541 11.2361 2.15606 0.0197836 19.874
963.638 5.89422 19.7464 10.3376 49.7758 80.0051 19.3235 31.6043 72.2871 5.39316 0.00360128 20.7666
870.095 3.55668 28.9749 0.708365 39.5658 132.221 12.0157 18.092 14.8137 3.64627 0.0069559 20.9233
766.885 15.6867 17.1222 0.858783 114.614 79.2563 12.0157 8.72862 32.209 10.2118 0.0045425 23.229
835.04 9.62912 36.6929 24.4044 47.8996 80.189 19.0324 50.5298 28.3375 15.5195 0.00821203 20.1396
915.065 23.1559 2.39202 3.13458 57.6675 72.0092 70.043 12.1658 27.5928 9.26684 0.00708256 20.8253
878.75 15.8674 24.054 10.5977 62.7198 31.126 91.5528 20.0999 17.7817 14.0641 0.00214883 19.0689
858.415 49.7279 20.4416 13.973 36.3697 15.9589 43.2539 41.4502 22.1317 25.5126 0.0175864 25.5288
776.753 20.041 62.0291 13.5035 94.7421 26.2626 40.0386 18.317 34.0828 8.78052 0.00153257 24.5841
731.143 25.8309 63.8902 13.4882 66.9132 30.9089 38.9827 1.23953 29.1358 4.70277 0.00153257 21.9466
702.169 8.44978 80.9388 25.078 75.2389 16.0969 25.7242 1.23953 46.3563 0.670229 0.00456419 26.3893
776.002 9.48393 79.531 14.5072 43.6805 25.4414 25.4165 44.6115 1.01558 5.79406 0.043382 23.8096
918.099 1.58082 0.310775 93.5533 24.1122 17.566 68.0468 44.7837 6.96722 3.91161 0.0454105 22.5778
810.88 6.96704 4.34297 99.9625 41.422 14.0373 68.0219 13.0486 36.2186 3.35463 0.0413809 22.6733
865.26 11.1066 25.5605 39.2539 25.6502 56.3026 62.9396 6.69029 8.46974 0.0869677 0.0453351 20.1473
990.264 2.00672 7.48376 2.64893 28.2315 101.971 45.7626 21.7892 19.6779 5.23307 0.123377 21.6245
1039.7 30.5792 8.09601 15.1685 23.555 65.9414 71.1459 21.7635 6.0358 14.2665 0.0023641 23.6622
900.402 16.5457 8.92892 34.6112 33.6632 46.6757 47.6144 46.7491 6.68422 24.3513 0.0023641 18.5479
880.344 17.1664 17.2996 31.9901 22.7044 56.113 33.0056 76.7628 6.281 27.5568 0.0196639 21.4791
915.007 5.2823 5.05733 42.1456 27.2367 102.643 11.5892 44.5758 5.99037 16.9568 0.043832 19.3114
850.584 8.76204 16.276 27.2949 87.0708 16.0502 23.926 39.3838 22.2275 16.6976 0.0795811 21.6935
840.879 15.4712 8.90202 33.3251 82.1933 29.3925 55.8261 50.0339 11.2404 16.1005 0.075527 21.3909
863.704 2.8736 4.733 78.2384 60.6375 34.4286 12.8588 52.827 27.2373 4.18783 0.0887593 22.2949
933.164 7.36974 6.5262 45.9577 71.0952 29.5451 24.947 41.4133 28.0761 8.24451 0.186494 21.932
894.357 3.94639 7.18017 59.4081 30.187 18.2989 68.147 22.2477 37.6111 1.7836 0.0556254 22.2071
795.797 10.9827 19.3775 72.9206 30.2332 46.3644 48.8651 36.069 34.863 11.8239 0.132183 22.8691
734.088 19.1022 3.65578 43.8757 25.3857 64.1952 73.8521 59.8968 33.542 9.61477 0.600488 30.0114
731.198 4.70865 18.0829 48.0654 34.125 84.228 18.6867 72.4521 6.89101 2.7802 0.179731 24.719
879.013 2.92673 55.0353 42.2389 4.19137 67.8495 4.83351 43.6239 22.5518 14.8485 0.10817 24.5
887.393 12.4693 32.4084 22.7119 43.6792 69.3627 6.0982 54.5335 17.4148 16.2282 0.0997423 21.0474
915.906 22.9004 15.6965 49.8401 18.5131 75.2599 3.01381 58.2355 13.4623 9.28829 0.15272 23.2329
934.798 5.49152 20.2493 49.203 29.4428 24.0673 53.9393 49.316 26.0231 7.67235 0.0115948 19.3457
950.893 5.90747 21.9235 75.6471 32.207 6.28665 53.7265 40.7027 74.573 20.2988 0.0115948 27.5885
968.092 6.04468 7.19992 81.71 22.491 10.6779 39.0094 27.3269 42.4408 26.4089 7.46037e-05 22.0323
759.078 6.04468 5.69578 81.71 32.1266 57.604 39.0094 35.83 21.239 21.789 7.46037e-05 20.4057
797.89 18.9285 6.71293 71.6896 2.28411 85.7672 37.2895 37.0797 35.252 6.91939 0.0191614 21.7327
772.529 23.6202 22.1864 64.3275 19.5711 66.3147 51.572 5.26102 31.9619 3.79404 0.00889277 20.0116
771.312 15.807 25.5182 35.8926 64.2388 42.8649 53.7396 22.0276 2.77045 7.46544 0.18501 21.4615
858.48 30.4366 28.0568 19.7652 18.7154 63.7778 65.3869 12.7655 1.68868 13.1094 0.0677628 21.1516
653.978 19.9882 27.5963 72.0609 15.0912 43.2506 55.3544 45.7363 18.3668 11.1834 0.430322 28.9485
723.243 39.0914 22.5041 56.3991 14.2846 15.5334 87.2849 42.7484 2.80508 7.36835 0.103515 24.8631
785.508 23.2845 24.4816 77.7341 12.3509 15.5334 88.6113 67.7632 2.80508 13.5732 0.28917 29.3166
815.58 18.0494 38.9227 35.3702 26.3969 15.5334 35.9416 98.3512 22.0438 12.58 0.355147 27.4357
841.218 18.3657 41.753 28.5855 28.6755 55.4353 18.3587 68.2041 2.79886 13.2157 0.151609 22.66
879.715 28.7719 12.9107 12.0647 38.8949 91.7222 5.8426 18.1757 5.92383 8.2869 0.0121391 19.6426
843.195 24.4858 20.525 43.9455 25.8081 70.8375 21.2185 34.6477 31.3951 25.4988 1.10577e-05 18.5202
913.724 2.56656 19.4596 39.4032 51.3912 63.5453 11.1314 14.8944 17.5488 12.7194 0.00432708 17.7055
872.381 4.43038 7.76632 57.7858 31.8679 70.209 36.6781 6.40878 10.5502 21.7741 0.0335436 19.4228
888.9 6.75411 6.51662 59.6414 34.1775 70.5275 20.3348 1.61793 11.9101 8.41404 0.0343672 19.762
879.214 24.3714 3.6476 63.1077 19.3238 69.3986 6.87333 42.2735 34.8001 10.6769 0.00421157 20.0104
906.915 23.1066 0.371477 60.1879 26.907 55.593 35.1288 42.3738 45.4278 16.6767 0.011071 22.4403
949.224 10.5442 16.9823 24.5877 65.0249 53.2594 10.4171 42.7298 16.6012 3.85626 0.011071 17.68
1021.1 10.2695 5.39178 37.2177 86.4578 15.5998 52.0733 43.9482 32.1943 1.20684 0.0367718 26.7422
1015.63 14.0554 5.39178 20.3169 64.8092 31.5506 16.9104 31.513 4.24379 1.20684 0.032533 20.3776
806.669 20.4295 48.4184 20.3169 50.2342 29.1589 48.3092 18.8475 22.2433 20.8546 0.028163 20.9958
862.398 12.4022 2.08289 32.9034 60.6788 79.1474 49.825 11.7599 6.06864 7.98866 0.0121077 18.6339
947.396 12.9123 2.08289 42.9222 35.9834 57.294 49.2155 16.8189 5.41238 6.67176 0.080852 18.8586
1050.6 3.39524 22.799 21.4438 14.6573 46.0683 87.6912 23.7994 4.64747 33.0718 0.0885259 23.6652
926.789 13.152 9.12609 56.6851 4.64166 86.0809 40.7359 21.7459 52.9556 5.77601 0.0247424 21.4737
866.83 9.88075 18.6819 55.0048 28.313 79.6818 12.2423 11.8372 39.2856 9.25231 0.0129566 19.1616
771.799 13.3667 60.7673 57.9044 12.2771 70.5758 9.24717 49.9447 9.5239 0.720185 0.0848798 25.0303
984.762 12.1118 3.18391 52.5871 7.86057 52.1444 8.1483 86.9936 7.48204 18.5353 0.214756 24.909
1010.32 6.30991 2.80721 49.9604 31.7595 47.822 18.0182 59.3315 24.9287 17.5122 0.167346 22.8297
877.4 14.7635 32.1083 24.2115 33.9749 48.215 27.5477 47.2092 23.4612 5.68889 0.0510861 20.1363
811.694 19.1471 23.1498 61.748 11.5135 51.9254 42.2673 38.8083 8.64184 3.59495 0.132648 21.3324
911.016 0.764332 41.2643 20.3556 47.6358 30.9054 9.3313 97.0018 6.12619 2.38568 0.250983 25.0791
895.409 13.267 20.1654 53.9692 43.7438 28.7055 37.7201 37.3154 7.94288 38.0058 0.0241122 20.7245
789.426 16.0246 2.45703 47.5011 85.3574 23.7939 66.6802 30.5282 51.647 42.5103 0.0896228 27.5296
798.313 15.6408 19.7342 43.3638 67.6584 11.6697 53.5365 37.8136 71.8603 7.20857 0.19575 25.7496
800.96 51.6934 7.11752 20.5399 7.31064 70.4224 108.407 25.7631 52.2166 8.52299 0.141489 30.7898
848.002 28.8742 5.03537 30.4917 16.7127 67.3425 72.348 18.7326 8.09539 28.7699 0.114937 22.9372
838.8 31.5675 13.4107 27.008 43.0761 90.5971 18.8827 22.4518 1.91607 2.80937 0.0314398 19.2556
1081.42 2.69791 4.71736 13.0924 34.2202 80.2691 63.3128 13.8084 11.5022 8.04149 0.0517769 20.6814
870.167 32.9306 14.273 41.9196 18.4854 91.4584 18.4952 4.76448 10.2399 24.543 0.0960787 22.572
835.723 3.9815 5.13407 65.4947 44.7571 10.347 98.6776 1.92501 11.329 25.5158 0.0263612 22.8499
846.866 2.7779 9.4877 72.2935 25.6841 22.2529 103.727 0.412911 15.1389 9.66632 0.0221809 21.9416
880.831 17.7338 5.58094 25.2222 100.16 21.5142 47.0544 43.2341 47.1994 23.3586 0.0437758 24.0732
876.685 24.8288 5.87143 8.03413 36.3525 58.9753 50.0441 48.9378 29.5601 1.8286 0.0457478 23.4052
982.362 22.4597 22.8459 11.3383 34.9291 58.7186 49.0731 13.1944 30.1018 17.4599 0.0657668 22.0084
799.783 33.1719 6.28585 12.1329 32.8858 128.967 5.19943 32.8608 15.7576 11.0496 0.209605 23.7714
879.034 15.2486 10.7633 17.1537 64.0671 85.6386 9.4073 29.4436 29.2013 1.90722 0.252668 22.2645
804.522 43.8144 12.509 28.2472 74.7048 37.5476 44.2194 22.3878 18.2778 48.967 0.0517894 24.7555
676.245 44.5878 10.816 57.4921 79.3393 6.67058 59.2968 8.52175 44.929 20.0326 0.000104859 23.1601
660.793 69.2088 12.2602 41.3629 43.1093 18.5067 66.1027 17.3358 38.8147 5.79294 0.000104859 22.5301
810.484 40.9984 16.1646 47.3292 32.5215 32.4844 58.9069 41.8099 11.3811 10.6744 0.0170297 20.889
791.097 19.3268 29.3379 45.465 67.0653 56.9666 9.75354 28.4218 1.94503 1.742 0.0138347 20.0782
840.502 11.0603 48.7737 33.3258 49.6231 33.5346 28.4131 55.2018 12.4791 15.5113 0.0427342 21.1581
782.849 34.661 21.7098 45.9351 16.9194 61.3362 67.0241 1.11518 29.6071 12.2436 0.0068572 21.0346
751.798 48.6557 32.4928 30.0962 12.1403 75.4743 27.32 26.1573 51.9104 11.7171 0.00601021 23.1389
781.953 39.9136 31.9178 48.3965 6.1164 52.2837 51.4668 25.8072 20.2091 8.70321 0.0102995 21.4265
783.646 57.712 31.8254 7.43117 41.2084 42.0537 15.2729 55.7323 28.3683 4.196 0.00126846 23.2583
743.047 43.9662 33.1896 12.5938 74.5997 38.34 38.8218 26.8823 3.54899 17.5178 0.00205965 20.069
818.576 6.24741 35.4178 40.4682 7.32217 107.77 8.349 55.5725 23.2519 7.63162 0.0105552 20.6166
767.265 27.1343 35.064 31.2733 14.3561 80.0818 29.3339 37.773 24.1623 1.50044 0.0302488 20.9992
740.791 27.7561 34.8153 47.5455 18.7291 65.0382 43.8922 24.3093 29.6739 13.0171 0.0736485 22.0426
784.754 37.0515 37.9788 39.7359 13.3435 42.9552 53.9417 44.3623 5.48802 3.39231 0.0412828 22.0877
722.55 28.6487 49.7067 31.6217 14.4043 79.7826 51.7245 44.8507 20.5035 13.9238 0.0927131 24.9389
882.92 19.364 54.629 6.41432 31.5955 48.2043 37.2874 40.5621 35.9515 41.4327 0.0552604 25.4268
751.666 17.4472 51.8942 27.7722 29.8289 75.8064 18.0694 52.779 18.2242 32.6169 0.0309085 22.6221
825.559 24.1459 39.4391 25.6637 22.4894 65.1997 13.416 58.7661 2.18305 31.9187 0.0231182 22.1685
809.21 7.50175 35.791 14.8665 54.5006 75.699 34.2812 48.6045 3.31227 36.2872 0.135334 23.2037
805.277 8.72881 15.026 28.8833 60.0165 79.7853 52.8981 8.97254 12.0043 17.2734 0.0394322 20.3115
744.376 15.6877 9.24236 87.048 57.891 20.1212 40.1466 34.6501 10.2261 7.59256 0.0597251 21.8254
740.771 31.5153 10.7328 52.6926 67.7 13.4335 42.6143 30.1977 7.56514 6.8517 0.0265725 20.7912
789.148 9.94121 12.4822 31.3849 106.619 26.8233 18.7626 46.1177 19.3137 1.86006 0.0215752 20.5886
739.649 8.14113 22.1386 41.5303 60.0346 72.7181 18.7626 38.9095 7.95443 2.43263 0.0821559 21.3632
817.429 2.33704 11.7413 31.5747 75.9114 73.6794 4.26158 67.7203 11.7952 2.48597 0.0459351 21.8239
937.576 2.3395 18.981 81.9823 8.34027 51.8285 13.4076 24.4443 13.7852 2.11125 0.0486061 21.6668
813.339 10.9253 16.6096 77.8955 4.31057 83.4707 28.5767 19.4391 13.4849 17.6629 0.201747 22.8714
787.07 9.2047 51.1219 23.0648 56.2974 50.4801 72.2126 16.0654 9.69763 9.82202 0.0842824 22.2368
874.039 8.58597 41.9481 18.6911 42.5005 10.5822 72.1974 39.5404 3.75155 39.1199 0.141096 24.4524
897.62 11.0746 39.2215 35.6948 24.3433 10.5822 72.2243 33.5003 8.91295 17.3621 0.212386 23.9895
948.244 3.5056 5.77176 19.9162 61.9299 43.7784 92.697 25.5038 2.4015 11.1349 0.19192 22.5933
1023.42 11.2067 6.10936 12.1852 6.23333 81.0543 57.6478 50.903 17.9203 24.2879 0.315786 24.9918
995.143 29.4389 5.51186 19.2284 14.011 86.5962 37.4045 45.7635 14.2094 33.077 0.287311 26.5544
893.034 28.0526 6.68813 2.33325 124.291 25.2069 37.3122 39.9341 9.96078 4.95653 0.280744 26.8151
863.807 27.4927 7.07103 34.4094 50.0725 58.5147 45.2803 9.84147 10.3169 28.5242 0.174735 22.0324
644.437 44.3431 16.3754 52.4464 47.708 52.1581 45.762 13.6984 10.041 47.0496 0.0363716 24.7328
754.877 29.0512 15.1218 57.69 44.3893 73.8923 24.5041 25.6816 8.6886 4.01635 0.031796 19.9815
698.924 37.779 12.9195 53.1996 53.7034 60.7656 30.416 32.3178 3.16932 9.4222 0.0188932 20.3756
1014.66 6.18714 5.70289 28.9107 49.6904 33.1211 42.8696 40.8529 12.886 3.72606 0.0191728 18.0071
917.703 10.6461 8.56648 13.9785 66.8217 76.2531 20.1187 54.2463 4.77784 3.20409 0.02072 18.4219
845.482 9.41601 13.1498 31.566 84.4062 22.6765 13.0406 65.7591 3.42275 4.71725 0.0205098 19.9928
830.024 3.48594 16.2595 65.4753 67.5626 45.2535 43.1744 13.1718 13.1593 1.63687 0.0234689 20.0994
878.392 5.81746 18.1374 35.0738 61.994 44.3879 51.2018 9.46792 18.1037 15.896 0.00123206 16.7114
847.667 5.10887 29.1582 27.4374 106.016 11.1438 10.8375 24.1135 12.9401 52.253 0.00034822 22.7798
861.207 7.04837 3.96041 44.053 109.248 34.2503 10.8007 32.1001 11.815 59.6516 0.00437065 23.5006
893.971 17.4602 1.88504 19.0936 128.717 21.1886 5.49382 43.5397 13.9041 57.7032 0.0114343 25.0334
972.223 21.6483 0.200434 19.4143 128.717 2.09869 9.68819 4.01803 24.8121 10.7723 0.0141484 26.4438
825.326 30.5267 11.2032 13.4639 128.717 13.9875 9.68819 27.7017 22.9459 5.34298 0.0395509 22.4048
853.466 11.8825 1.86787 49.0138 116.914 22.5841 4.36267 4.33544 59.8361 23.392 0.0363662 26.6331
897.464 6.77085 3.91538 45.1284 78.685 73.1321 9.27128 11.0557 21.8691 20.2975 0.0190922 20.5352
911.81 10.1814 10.5763 61.1691 32.6983 46.5281 50.8618 25.4435 13.8936 4.587 0.0185318 17.8003
775.176 24.8348 14.729 69.0866 46.1979 46.3513 36.1553 16.7065 24.4074 2.30593 0.0257877 20.2215
872.512 9.055 13.9601 33.3041 54.118 64.1684 29.5349 36.1023 21.6886 17.7956 0.061725 19.2362
1046.66 6.1543 6.11262 34.7956 27.0522 55.9226 30.9743 41.498 31.4887 11.1771 0.0366287 20.0923
781.8 30.8482 8.73151 59.1509 56.2728 39.3393 48.4361 31.7996 59.7242 34.615 0.0382387 26.3872
916.473 16.4907 11.817 5.50876 45.3538 95.1175 5.83001 85.3391 38.5141 19.1665 0.0293717 24.8261
932.641 6.17899 20.2601 30.6008 17.0875 79.7137 42.1157 21.9364 7.58465 10.5618 0.0216294 17.7922
987.293 9.43031 11.6021 19.6404 29.7563 80.4832 16.6288 53.7125 16.088 16.223 0.0152786 18.7834
830.62 10.5707 23.9566 40.8922 68.0278 45.2143 12.4063 76.9493 17.5595 16.4535 0.0213633 21.1982
927.861 1.40924 18.1049 48.105 41.2082 72.3577 8.50654 41.4743 27.7018 32.4214 0.00931716 20.3808
825.965 5.98341 16.2844 40.579 106.591 7.92415 26.9288 55.7859 20.5031 21.6056 0.0039219 20.9989
835.315 11.8386 15.6592 46.0313 83.9833 20.5621 37.6113 35.4369 10.887 17.8217 0.00825083 18.6958
861.665 8.47156 24.5006 57.6149 43.9915 18.5929 71.9639 32.811 10.5555 17.3548 0.00257582 18.785
858.659 4.53061 34.3455 63.203 32.7102 18.5929 51.5889 45.778 10.4633 16.2787 0.00303381 19.4009
950.934 5.9731 26.3368 46.9428 23.555 34.3501 76.0707 5.32754 10.1819 1.22072 0.015642 18.9831
866.488 5.28861 17.7498 45.7669 75.7778 19.3122 65.3172 33.4746 10.0613 7.60368 0.0156062 19.0777
796.044 0.711773 15.1414 54.4262 69.4103 28.3982 54.3293 17.4707 23.1514 17.1645 0.0131782 21.0078
841.068 1.37291 18.5707 48.6771 63.4729 29.8491 52.6533 8.1832 36.5954 16.361 0.0131087 20.2351
984.462 12.4426 8.97337 36.8371 39.6469 32.4433 49.977 30.4888 26.3042 10.1875 0.0124693 18.5245
917.739 7.08627 5.48185 43.4077 56.0682 25.526 83.4063 27.4812 11.537 9.21319 0.00906095 18.2715
1048.29 5.64025 14.8348 42.0592 42.0812 14.0659 49.8004 6.44867 38.3608 0.863315 0.00954964 21.7127
804.772 17.2936 15.6995 44.1408 71.4974 34.4693 24.3134 23.2865 94.2909 3.51948 0.00322797 23.1115
944.777 17.262 7.19901 41.5716 66.6846 33.488 6.02746 52.1791 36.631 7.42278 0.00322797 20.0498
822.856 10.2519 9.413 51.7797 51.9521 33.3893 56.3499 42.169 8.87063 3.62449 0.0923922 20.0178
843.985 12.5174 2.1449 65.672 43.9692 24.3176 41.7457 38.0433 14.545 15.0653 0.0646709 21.3007
1075.98 7.30821 16.6759 11.1482 25.0936 53.7234 58.0466 13.64 15.3977 13.1852 0.0115369 19.7011
987.909 3.72704 15.7788 16.5417 67.6808 39.6281 72.9753 13.1327 7.88988 15.1617 0.0146057 18.451
1034 6.63094 16.491 14.2762 69.583 21.9467 67.9033 1.13302 10.9283 6.22495 0.0238102 19.7303
815.35 19.2876 14.9093 43.141 44.7751 43.3796 72.5945 9.04024 2.53172 3.79587 0.0086989 17.9745
882.074 10.9192 6.09084 44.9238 24.6188 48.4158 67.8558 5.48776 19.4273 2.33705 0.00871707 19.7295
907.382 10.6014 6.09084 75.3593 24.6188 67.6809 38.3727 9.41701 6.74904 1.77551 0.0408577 19.5921
898.723 10.4693 11.7264 68.046 24.6188 66.0232 33.1594 5.93745 8.74724 1.764 0.00344665 17.4403
799.908 10.6499 11.7264 82.5362 16.0984 39.1243 71.484 37.4518 24.4493 1.5352 0.0102626 20.9111
913.797 6.91382 8.12302 36.9786 38.439 43.395 68.5636 5.71543 10.4923 20.7252 0.00856391 18.8646
963.089 12.209 2.00129 37.028 40.6023 50.6096 11.6474 19.5788 12.8528 8.08996 0.00212745 20.2033
977.305 2.73657 9.28963 38.4798 49.5486 91.5323 8.92707 7.31283 12.7006 4.7627 0.0141657 18.4173
1028.09 0.574517 22.0566 16.1037 54.6554 68.9825 10.6218 2.55609 20.2911 16.7255 0.0706587 22.3057
927.487 1.14358 25.8592 22.1414 38.1956 76.3908 17.5707 26.9449 31.2899 20.8962 0.0269079 19.9918
853.437 22.3747 18.642 4.19295 81.7735 30.4682 70.9073 51.5468 11.6592 25.4706 0.0210669 22.6049
857.984 10.5788 7.52343 44.2812 62.6129 33.4748 69.1237 20.4996 39.578 22.1467 0.00343627 19.8422
902.195 21.7189 23.6667 12.1299 25.1588 75.6807 67.8175 10.2757 26.7043 14.2307 0.00295523 19.3696
882.673 19.2181 37.5607 23.4272 16.5558 69.1302 49.8026 13.7956 2.29795 2.83812 0.00295523 18.17
987.73 9.52734 20.5971 25.7545 43.5247 65.7232 35.5716 8.43559 16.8261 27.6798 0.00502514 18.8567
1027.79 1.85288 18.8807 24.4851 43.5247 64.2638 55.682 3.65189 31.1303 17.5165 0.000185942 19.1523
850.475 27.5215 11.6783 63.5647 19.0121 45.0239 36.278 20.2272 29.1742 4.07104 0.0390899 20.5949
774.951 0.47424 33.2024 35.2832 59.7021 66.3961 24.2855 27.993 29.611 6.47344 0.0125856 20.8336
867.487 10.9845 22.4851 38.8363 64.0898 25.6686 52.6589 32.6083 32.0382 18.8178 0.000755978 18.4364
790.8 14.2518 63.9931 19.0763 51.3482 14.8814 33.7638 47.9339 25.6574 2.07725 0.00847985 21.9209
747.135 20.4403 80.1944 11.2115 40.5428 8.30297 74.7831 59.3869 34.6865 5.7928 0.00713454 26.6519
996.124 3.61872 2.441 17.5399 59.5797 60.0548 10.1356 17.3216 27.1505 0.0828395 0.170014 24.1795
1037.11 10.7712 7.63718 17.523 64.0295 24.4827 62.0986 20.027 24.2708 10.8114 0.120734 21.2857
927.852 13.5624 3.65273 38.3553 57.4314 21.196 23.661 84.8858 9.74395 3.93928 0.127597 21.8807
740.27 23.1633 26.5564 60.2786 9.13232 105.387 32.2313 35.3263 10.8726 5.80471 0.0455397 22.4811
916.258 11.9354 3.64547 23.019 71.4919 41.8838 39.0424 50.6928 17.461 3.32759 0.164173 20.5793
880.895 11.3125 9.65361 25.1199 65.7199 35.7372 72.1032 29.2868 26.3446 16.9413 0.179447 21.7789
789.136 21.4026 8.3408 18.6351 64.0827 64.5233 20.866 32.7936 25.9234 2.94213 0.0430782 22.015
714.203 15.2539 34.3199 42.4922 62.0227 56.7756 17.4215 43.5239 59.0167 29.6761 0.00533821 24.2598
890.238 9.3133 13.1564 35.1137 40.2064 89.4507 58.9568 24.5823 22.9007 11.8981 0.0588933 22.6972
993.464 9.5094 25.5544 13.3343 30.1393 108.806 24.941 27.8302 18.9112 24.9561 0.0525277 23.397
887.42 11.514 24.8746 26.136 48.6858 76.3043 20.8131 29.3324 13.9535 6.84457 0.0295013 17.8045
892.159 15.9102 30.6093 25.3737 34.8065 76.3043 12.3885 35.5657 18.1186 6.91952 0.00800882 17.8723
875.094 2.31464 15.8009 54.4593 36.6332 72.2507 49.5901 3.50411 12.038 3.18119 0.0160889 18.2072
790.169 16.8799 24.4096 50.0893 25.2071 43.0837 99.2063 20.8721 17.7752 2.16439 0.0911391 22.6715
838.594 31.4256 11.3107 70.2257 14.8186 24.71 82.8589 17.9707 16.629 0.590649 0.148508 23.8351
780.367 31.7947 16.9852 50.9237 28.2207 45.5985 99.6212 1.4077 12.9481 6.68832 0.188017 24.4113
777.786 32.3661 10.0657 43.2489 53.3503 50.0401 24.5382 43.7865 12.8441 1.21749 0.16787 22.0541
761.781 6.29412 55.6549 42.8477 31.9544 46.0953 30.836 19.6925 23.5278 7.14351 0.0599001 21.8939
761.576 1.63493 35.7152 62.9454 66.3 34.5255 14.9822 25.0938 8.34298 16.4853 0.00787909 21.1374
762.229 23.7485 11.8849 45.9381 64.9473 53.5297 24.0609 32.3676 18.2186 7.98232 0.0268717 19.3851
761.901 6.28644 14.9376 62.0125 66.604 78.7705 22.8864 35.2178 26.4867 5.76276 0.0179116 23.0104
795.223 26.3986 4.14303 42.8689 68.8969 38.5254 40.3871 23.3239 20.1179 8.92794 0.0243176 19.2592
938.207 6.64325 27.6561 14.8501 31.6492 22.3605 98.6381 15.9598 53.5192 5.7132 0.129624 23.8234
820.878 18.7283 32.4474 30.1792 28.4125 25.3867 91.1433 6.98295 20.1865 0.429751 0.302274 25.0156
924.09 4.04614 32.7147 15.7518 73.3676 48.7448 16.8425 40.7348 26.0687 4.02286 0.113789 20.9798
966.034 4.46708 15.7674 24.2996 53.9599 54.8232 23.7884 66.6828 29.2094 20.6834 0.0139334 20.2499
959.805 3.39041 4.46187 18.1518 54.1916 58.7515 26.7936 66.5727 24.3886 11.2361 0.00128629 19.0535
948.32 2.04236 25.9116 22.4983 56.3936 85.3959 10.0305 40.3014 7.85351 22.2246 0.0342171 20.5568
980.469 2.27096 11.6381 7.24997 54.5433 100.735 15.5024 23.3922 18.4043 29.1911 0.00604228 19.4059
771.537 5.04131 11.9854 51.4577 57.1306 79.4207 16.2502 33.2605 6.34922 13.4601 0.00604228 19.6447
884.577 2.79389 8.77911 48.1474 68.2923 57.0794 15.1552 44.3199 9.53393 54.0416 0.023011 21.9661
920.695 5.71602 2.95303 45.0323 41.5881 63.4002 21.6952 21.9692 11.3836 43.4352 0.0294521 21.2289
903.915 8.93123 18.9175 35.8238 58.0157 91.1274 17.7296 39.3868 2.22517 52.2131 0.00222743 24.0332
886.462 5.29667 13.0347 47.1867 50.8408 54.0243 17.3797 54.4745 2.35144 17.3804 0.0791948 19.7832
950.238 13.3777 17.0162 9.04371 32.0404 103.62 8.62384 24.2961 0.710864 41.2936 0.0250745 21.9564
940.581 11.8726 14.6669 21.3118 49.984 100.016 21.3968 24.8883 32.5503 45.3871 7.22552e-05 21.6917
956.301 5.6034 10.3259 23.8919 48.4022 82.3816 17.4343 26.485 10.5258 68.0277 0.00305952 21.0664
951.285 5.89813 14.6451 34.9096 31.2909 85.5757 48.8554 0.366046 6.76613 12.4828 0.120003 21.3104
917.357 4.22112 44.289 10.7336 20.5607 82.116 38.0307 6.54783 6.76613 20.824 0.0276004 20.2013
900.75 8.03121 23.3431 39.4773 22.1507 86.4113 21.7497 35.9512 9.8638 28.6016 0.00358126 18.1176
882.004 1.58324 43.5959 55.2991 23.997 68.7018 25.4439 4.30428 17.6062 25.8209 0.0102654 21.3369
919.421 24.4112 17.559 56.7466 2.72084 74.8329 29.8549 17.1029 3.35332 3.79432 0.0983959 22.3607
856.264 19.047 10.3749 39.0552 53.4548 76.1827 18.7464 26.6461 5.62719 34.3562 0.0195453 19.6542
789.048 27.3007 3.62621 21.6554 58.2906 107.062 8.03225 45.0726 7.94246 37.3176 0.0211416 23.1592
767.227 37.3567 6.36465 15.3151 41.4755 103.821 23.983 20.0463 1.39161 48.4837 0.0136907 23.9904
834.913 22.4387 6.06527 30.5 37.2954 68.9546 37.2018 63.5068 1.39161 34.492 0.00863048 21.7288
725.736 32.3099 6.0105 54.1531 38.8476 47.3589 28.4989 86.9344 1.39161 46.0589 0.00410438 25.2909
764.812 18.9698 9.34635 61.191 43.2602 44.8249 40.0979 71.4821 6.97679 35.8231 0.0167778 22.9129
916.498 19.3804 2.63599 68.3928 23.1542 46.0411 62.182 34.8953 16.1377 25.1796 0.0169222 21.8585
783.784 4.62654 11.9628 61.971 39.1965 75.8177 16.5144 24.5221 4.1599 1.49852 0.0256864 20.477
775.659 13.9153 12.7799 55.906 37.4186 92.3629 10.7168 31.1903 6.43383 1.05173 0.0197626 19.4914
741.459 17.2146 24.3869 37.9633 42.6251 87.891 19.9789 14.573 12.6925 14.3318 0.00379426 19.2922
786.098 22.0314 33.3207 20.3783 28.6737 105.761 15.9213 43.2093 16.8897 5.04143 0.000347252 18.4971
692.167 27.3712 22.3465 24.828 28.0638 102.438 37.0589 7.07327 63.7796 11.825 0.000221951 24.4805
863.946 15.275 43.4005 18.8281 31.9703 75.9741 29.9704 18.8243 44.7368 14.7085 0.0136472 20.4323
793.258 14.4415 7.71806 52.6183 59.9886 78.4207 22.2828 35.0327 23.818 15.2372 0.00946539 20.3124
826.59 11.2129 14.5391 77.5279 41.0788 61.813 21.959 9.20064 17.0803 33.5226 0.0108821 21.0138
775.762 3.02662 10.7042 98.4713 44.4188 58.3675 8.05885 39.3752 4.01034 17.755 0.00420591 21.4751
900.944 6.19924 6.52223 45.9466 18.9171 43.3396 59.927 33.802 9.56436 11.4235 0.00972946 20.5398
918.985 4.05333 11.8918 18.2821 68.2851 41.5251 21.0906 81.6795 4.78533 18.9056 0.0353861 20.633
912.641 4.8511 8.69665 19.8452 90.201 18.1939 7.38783 63.1542 14.2797 28.5227 0.0743071 23.4685
1073.37 2.45866 3.84762 40.0424 24.8572 34.6551 19.0354 54.9716 1.80994 24.0322 0.0371705 23.4826
947.524 2.63604 7.24806 32.5021 92.3105 27.7105 24.905 81.1754 4.40368 3.29519 0.0204366 21.2538
846.009 27.408 17.5701 22.5763 61.2331 31.2111 37.5758 50.4605 11.9941 5.76915 0.124744 20.733
855.801 11.6763 29.4353 31.1435 77.0394 22.9265 68.0105 30.0297 33.5632 9.65685 0.0669564 23.2357
825.369 5.12576 48.5917 23.1527 75.7932 46.639 27.1828 23.4888 7.29664 24.4638 0.0625548 21.4203
902.432 9.34639 33.1345 15.6635 54.6762 61.9954 46.1555 18.3797 39.8634 18.6304 0.0309865 20.6451
978.548 4.242 20.8694 10.6721 78.4389 56.4879 15.0503 30.4451 28.0784 17.5316 0.0759041 20.75
954.215 4.29165 2.38535 14.3651 106.332 50.9604 14.1654 35.6848 35.45 9.62065 0.102727 22.1689
931.932 5.94437 13.8934 14.0846 106.258 32.2449 34.987 33.4485 6.56942 0.767856 0.0872788 20.5894
799.828 21.2165 4.09818 13.7481 66.6753 102.766 32.2907 30.362 2.04567 0.55098 0.0431015 22.5414
774.121 28.812 3.44979 61.4526 40.6085 58.0455 6.90737 8.01058 34.2011 2.75793 0.00746276 22.8281
894.549 11.0862 8.74672 48.5684 28.1087 105.07 16.9037 2.61827 4.41604 9.45317 0.0426178 19.3704
914.228 10.438 8.39407 63.6879 11.6369 95.0613 25.7107 17.8942 26.8941 10.9797 0.0259044 19.5301
877.423 9.80511 10.126 64.8396 6.25263 93.6592 33.0715 22.7059 30.969 19.654 0.00891181 19.7643
909.71 9.2957 13.7632 24.516 17.0557 117.176 8.73713 43.1996 11.4579 14.307 0.065264 20.0635
949.37 30.2295 35.4292 15.9811 2.70452 90.0721 4.80186 22.1573 8.96558 14.6529 0.000764788 22.7834
795.007 21.6814 17.9334 19.6749 48.9997 67.846 33.2911 38.0334 5.76304 13.5598 0.242534 22.3838
865.52 7.70098 28.5579 16.3236 33.3557 52.439 89.9533 19.4636 18.3149 22.7407 0.0664047 21.7133
789.001 5.96912 62.0308 17.5872 27.8568 64.8961 37.8596 35.6781 12.8763 39.7924 0.0408626 22.7683
1005.72 15.6879 17.4237 36.4765 48.517 53.6128 32.6925 5.85564 45.9903 2.15994 0.000322884 21.5704
869.972 18.0984 24.0358 4.98186 65.1132 76.6148 49.7119 26.9663 4.77541 37.4772 0.0627 23.081
850.38 14.7935 25.0257 11.6911 42.5959 32.9346 76.7665 71.6813 3.77363 10.1627 0.257147 24.2561
935.808 16.6042 42.486 5.06976 33.6816 22.6 76.407 25.8156 16.3098 12.556 0.430335 26.437
833.453 23.5049 30.5514 25.2343 28.1449 66.6289 42.059 15.4476 25.0259 19.5891 0.0158959 19.5742
964.758 8.90356 7.01439 46.7041 33.0883 6.39703 75.5222 59.4447 16.7879 1.73191 0.00640005 20.8729
917.984 13.8429 7.01439 63.8999 12.0182 23.8947 79.3435 50.8907 16.9262 7.14422 0.064697 21.945
864.251 6.36487 8.53316 18.9961 19.7683 114.218 21.3521 56.3622 14.9012 56.1791 0.304566 26.3854
898.449 9.24659 15.7832 14.4101 11.0387 105.846 35.5934 34.3131 10.6782 3.16238 0.307203 22.3177
925.822 2.47831 9.42293 52.1868 14.9691 68.7502 41.7854 11.5926 14.1742 29.1268 0.10675 21.4545
989.512 13.826 13.7528 44.3944 7.9359 58.3692 40.5923 26.8408 16.2505 29.603 0.155616 23.0353
917.559 11.0894 5.038 39.0931 21.1558 97.4607 23.3924 57.1389 14.5477 7.33283 0.0298286 19.5676
859.038 25.6301 5.44661 47.1048 34.3616 84.9346 29.7468 3.70694 18.9605 3.87532 0.124498 21.0996
799.911 26.1788 24.8047 30.1507 14.2414 97.6094 33.0571 29.8333 13.9841 11.4396 0.317116 23.3819
878.799 17.9444 30.5854 39.4422 9.51175 48.7593 31.4366 29.1468 14.3075 17.4181 0.038673 22.1882
880.947 3.16495 25.5497 68.0642 32.5805 60.1776 41.7046 12.0735 14.2173 35.8142 0.0714387 23.0984
889.115 0.49198 1.41985 57.7465 50.6923 47.8535 41.8524 24.2356 14.163 30.451 0.0926297 22.0974
861.192 7.27295 39.9489 40.5904 32.0773 52.3077 46.0186 56.1853 13.2024 31.5349 0.0967949 23.8523
780.797 21.3382 48.1362 48.2219 12.0541 65.6113 23.9567 50.3883 14.9008 28.126 0.00661891 21.8759
874.934 13.7368 26.0234 41.2256 21.4687 53.0686 24.7121 31.8876 22.4617 1.19352 0.00661891 19.3633
834.61 0.575467 11.2951 60.3135 32.8201 67.8863 26.8469 20.4164 21.9631 1.19352 0.00118903 19.5642
1014.96 3.49118 10.2514 32.4023 6.91779 76.9372 46.1266 54.9484 23.9029 12.2089 0.0155368 20.7128
839.279 4.30071 30.8046 44.7863 26.5139 68.0679 62.5127 21.2866 27.3952 15.2911 0.0238663 20.2148
676.099 23.1881 47.5526 39.6568 39.8692 55.9622 26.6704 15.0491 29.8371 15.0084 0.0156987 22.4821
583.689 36.156 33.7137 57.5545 30.6277 100.977 17.8293 5.97116 16.1699 25.3712 0.0165787 25.1919
653.504 44.8402 27.369 33.5335 42.3338 32.9009 36.2234 35.526 35.2982 25.3081 0.0932759 27.9448
700.954 31.1163 10.2627 32.8169 62.5012 55.2828 37.9638 66.3249 9.41121 1.2594 0.0445319 23.2151
907.718 10.3071 10.4927 31.7362 43.4393 79.3398 37.6274 27.541 28.27 1.96938 0.0886731 19.8144
850.993 3.86836 42.1199 39.0115 47.9122 59.0308 24.1402 43.3807 6.67711 9.66586 0.0804942 20.7646
882.956 22.9467 16.7793 22.0609 40.5958 45.6343 28.1221 15.6356 4.25155 10.8946 0.0693066 22.6814
844.966 7.8123 17.2781 33.6618 44.7271 60.4973 51.2023 59.9486 13.9427 7.05731 0.0304478 20.232
1006.85 4.07172 9.53825 25.6404 45.2215 42.9209 19.5662 25.786 46.2907 22.4634 0.0313581 22.3897
929.661 9.87922 38.7097 6.41342 68.2783 24.431 63.6668 11.4039 31.4339 23.0831 0.00755575 20.2455
994.259 1.23969 7.10515 37.2737 43.0362 48.7649 67.4396 11.4039 27.3907 26.9704 0.00542811 19.266
917.544 28.8263 0.967388 41.0496 43.5041 2.46054 84.9306 22.8246 21.991 21.3615 0.00352243 22.2013
877.449 14.3495 1.49656 45.4083 42.0469 88.2025 16.1092 15.8204 12.7593 1.22066 0.0162305 18.4886
878.98 23.3684 5.31488 28.5503 47.403 71.0901 43.7671 31.6621 14.6541 7.06139 0.019896 18.4107
809.556 22.6342 5.80394 68.2886 50.0066 33.0743 18.8448 20.6784 12.7247 5.83312 0.0398033 20.8939
827.491 6.63042 11.0147 48.2105 61.0323 31.168 25.1891 51.4733 3.2558 10.0888 0.098244 21.3397
938.181 10.3538 8.93223 35.4036 82.1363 35.1951 7.15975 26.101 8.13729 9.31244 0.142258 21.4697
1002.93 2.00647 10.7986 26.8573 66.6482 33.1997 41.0034 59.1879 5.97697 55.0406 0.00633994 21.9744
1043.95 3.37076 0.849706 26.8573 62.4047 28.1068 45.5132 78.524 3.76885 24.9198 0.0446444 23.3418
997.788 10.2812 0.921524 1.99537 83.7633 60.812 24.7011 14.0608 0.412148 15.2376 0.103864 22.3582
959.341 3.7536 17.2748 7.5986 35.5884 69.587 104.234 14.3938 0.412148 26.4767 0.127149 25.1476
936.827 3.10948 10.0479 8.0306 79.9797 74.2014 7.76684 11.8743 23.6432 22.927 0.137008 21.9317
941.697 2.24511 28.8434 7.57204 84.8511 35.9032 54.0929 11.8633 6.47982 21.8246 0.0236546 19.1984
880.204 4.48716 5.85717 12.3416 94.0006 34.2895 70.5097 21.3616 33.938 10.8065 0.0461107 21.3052
927.221 19.0824 8.22769 15.917 72.6383 41.4011 52.638 23.1208 33.5981 10.6033 0.102223 20.7687
830.59 12.3428 3.58065 85.3465 24.5073 49.7904 27.0131 44.312 20.0332 13.9053 0.0311527 20.3335
849.933 22.1171 4.77268 54.0467 8.46624 50.6857 57.9037 40.0263 9.28914 2.13125 0.0181075 20.6366
883.07 16.2273 3.38728 58.6524 14.6055 46.5401 51.7879 20.9057 1.85459 8.69622 0.00202184 19.2196
819.178 24.57 4.85472 57.5752 14.6055 56.9203 64.3264 23.3909 5.73341 8.69622 0.0910996 20.7832
810.119 17.2443 1.07798 60.9471 54.8969 66.3073 33.794 2.40875 17.7041 6.43126 0.109347 21.8924
798.063 22.7124 3.82199 31.7378 56.1071 42.2015 38.8372 51.4966 15.09 6.43126 0.243041 23.4279
834.158 10.5216 2.16786 39.8844 78.3085 59.2774 34.6186 27.63 10.1035 3.91377 0.304749 23.1566
975.612 2.80664 6.36137 8.74922 75.9578 52.7955 38.2214 11.3285 78.3487 2.78605 0.174369 23.7321
907.45 23.7767 11.7869 19.0232 45.9328 64.1751 7.82243 22.117 56.8717 17.8545 0.217945 24.7569
822.821 10.3207 12.0637 9.57938 32.0575 139.809 5.82965 3.72821 30.8188 8.47964 0.479632 26.9047
861.521 45.7633 4.08155 19.0032 25.9475 86.4083 17.2827 59.1704 6.71707 28.4194 0.188265 24.5019
857.254 28.4577 8.89197 20.0987 15.0318 147.662 5.38556 43.6797 15.0179 20.4375 0.0557886 24.1548
911.312 16.8194 14.0004 23.0247 36.518 107.021 5.38556 35.4512 43.057 29.0654 0.0640649 23.1209
879.537 15.1697 11.2957 36.6876 16.7089 115.36 10.1815 37.8425 32.4845 44.3152 0.101807 23.9893
896.393 13.5623 23.678 29.1743 15.5761 93.5323 20.6596 31.1856 30.3376 8.72129 0.15465 21.0352
817.325 9.22813 30.9633 19.6529 56.9531 66.6998 66.5549 32.1124 11.5593 11.934 0.151908 22.9898
1017.88 2.45467 5.79243 20.3581 13.0548 77.4892 65.9205 28.4886 6.54313 17.2239 0.337755 22.9578
969.97 1.96052 5.79243 21.2982 13.9138 83.939 52.5475 23.8713 22.006 16.1888 0.393802 23.1615
918.65 8.8247 25.186 34.3525 9.27377 49.8403 82.2958 17.7874 25.4534 13.9908 0.192436 22.3057
843.736 17.8974 14.2123 41.5011 37.6654 78.7961 48.6305 26.1561 18.6119 5.04439 0.137891 21.3829
845.596 19.2598 20.357 45.2936 32.2939 94.4571 14.3243 6.73592 0.839906 7.85953 0.131279 21.913
921.826 14.5085 6.75502 38.705 30.108 71.3819 43.6419 2.11185 6.13472 5.96651 0.0986476 19.7807
841.582 23.224 5.284 27.1522 32.068 93.0624 45.4702 14.1695 8.19611 14.0355 0.0251795 19.3303
719.754 17.3993 57.0753 25.1995 46.5069 45.3831 52.2885 28.2209 9.83213 1.17103 0.0615907 21.4512
896.597 10.9272 29.331 24.4104 45.283 17.5032 62.5429 60.3937 10.6841 3.08319 0.037716 20.3217
986.273 2.47802 17.2744 38.963 37.4011 40.8654 43.7517 49.1227 4.9341 36.8422 1.01909e-06 18.0934
1036.69 7.2578 13.0215 28.3738 43.9413 31.9998 26.6498 56.8499 8.84633 53.491 0.005931 22.1312
925.893 5.13204 41.1478 42.3464 16.3662 21.8924 62.7404 36.7531 36.8255 14.0168 0.042592 22.6493
947.28 19.919 2.73508 47.0956 37.3032 80.1403 9.26929 7.53743 28.8195 8.8772 0.0395288 20.6977
863.439 22.5593 12.5077 7.98043 22.0683 91.9985 29.9008 6.14481 8.79037 13.9036 0.0717035 25.0183
868.842 0.678241 18.1357 52.5338 62.2546 81.9552 0.855327 22.4421 37.097 12.0795 0.0166868 22.5618
857.601 7.54123 15.177 21.9611 69.3196 90.787 2.28544 22.8829 27.7481 6.12129 0.00813498 19.1437
863.54 1.69418 25.6504 24.1 36.8506 107.932 11.4277 19.9445 41.5888 5.16529 0.00238478 19.3562
1044 3.47964 5.65892 12.5293 47.2326 73.748 7.98569 11.2758 23.7339 6.2086 0.0190052 20.4654
980.308 3.9345 12.8376 16.4965 66.3277 67.3478 18.7228 9.60558 3.10065 10.8254 0.196082 21.2483
809.028 6.06442 23.8162 15.3105 76.5132 53.309 42.7365 3.35101 14.3296 4.59765 0.17592 22.1041
966.598 2.41005 0.712169 30.3307 93.3866 26.0543 21.5354 5.85724 10.0957 10.9792 0.189409 23.6505
768.797 6.14364 41.3928 32.0603 69.6098 36.5379 29.0209 68.2009 50.4884 61.9214 0.0284627 28.4468
992.997 2.90316 10.1591 28.9541 71.0395 21.1848 11.3101 45.8604 43.8438 41.7586 0.0451399 24.2527
828.452 7.42655 14.3551 13.912 61.5389 31.7887 69.7755 49.648 16.7194 32.2785 0.15495 25.116
1025.73 20.0175 14.8307 17.7729 53.5771 45.5896 35.4583 16.399 13.2008 62.1518 0.185738 27.4053
974.585 7.96257 16.2145 50.0011 24.1313 49.6374 55.4969 22.6603 3.80845 21.7003 0.00465151 18.3155
619.635 16.633 41.4583 47.0043 74.7128 48.296 54.9304 10.3609 62.3967 10.3967 0.000574196 25.8546
778.621 19.5672 38.2445 25.6009 69.7463 47.7203 49.8762 6.67312 24.1425 8.89522 0.0419026 20.6896
781.421 21.584 0.0553981 28.5918 121.014 40.8401 32.7477 7.43214 26.3803 9.76421 0.0853944 25.2584
983.367 0.875638 6.17332 40.8892 105.748 8.05896 16.2339 7.15831 40.5144 8.3658 0.0718729 24.2144
703.359 32.6545 22.8948 21.3543 90.1102 26.3511 30.1143 6.65967 8.6097 3.33644 0.0682754 24.036
817.023 27.9983 22.6094 35.1403 30.8222 54.8171 28.5504 3.98741 63.8632 27.9845 4.21333e-05 22.7034
860.153 24.8809 22.4197 43.1092 39.5214 54.1254 41.2277 5.47253 19.6123 3.10047 0.0219591 19.2886
844.999 34.973 9.40854 22.717 8.37221 113.429 16.9148 6.39984 16.1487 28.0035 0.0140021 22.609
863.579 2.50219 33.2266 32.7904 44.1691 83.2132 20.8624 5.86004 33.4258 12.8219 0.0472737 20.2142
796.939 17.2957 47.6845 10.0618 29.9517 113.886 21.5193 7.02093 21.4882 15.223 0.0485911 21.5976
783.677 21.5982 37.4889 4.15012 47.4499 113.886 21.6866 5.85865 24.1166 8.09863 0.033568 21.6432
935.09 4.83645 5.3288 30.9293 53.8703 67.3861 50.0975 1.78883 13.8281 4.38781 0.0717154 19.0457
974.132 7.65204 5.3288 28.2495 70.8706 40.8315 31.4684 11.0562 27.5968 3.25827 0.0498458 18.9146
895.396 11.1079 22.8327 12.1129 63.4547 47.6843 45.4993 22.5147 17.4148 6.70308 0.0272589 17.7861
844.198 25.3529 8.64332 11.2945 75.8635 60.6936 43.1683 23.1384 26.7916 7.84503 0.00310872 18.3587
833.252 7.62201 26.1751 14.0379 72.328 65.4892 26.4936 27.7104 10.0529 13.6087 0.00139821 17.2138
853.908 13.5214 15.6672 13.3013 68.3347 62.1993 48.7271 5.05527 4.16909 16.5603 4.73757e-05 17.0231
730.191 4.74326 40.7952 7.22397 68.8147 65.2027 31.1022 29.7339 11.3274 10.7496 0.0890998 23.722
732.235 17.1797 19.6671 45.3368 49.3063 36.4173 84.4475 5.92044 4.12065 4.05449 0.0807588 21.9001
825.884 7.30975 38.0576 32.9734 64.0636 30.0259 59.3122 19.7654 17.9552 14.5096 0.0285242 19.3273
838.519 14.9848 56.9555 15.3857 31.9324 26.8876 53.7766 44.2487 24.891 5.71696 0.0446948 22.0283
804.318 16.1593 44.7475 25.063 39.8898 46.3394 45.538 31.751 17.9724 7.02814 0.0425251 19.6171
913.453 26.405 19.6738 9.9328 54.3216 32.7952 26.0546 72.8451 5.36831 4.87149 0.00745646 19.8461
802.764 46.7201 4.52301 16.2016 58.5142 39.1227 42.5965 95.7929 39.8464 10.3371 0.0352415 27.7441
801.312 13.4402 7.02832 65.1974 66.669 67.4837 20.7866 17.9079 64.083 5.06158 0.0412686 24.5048
805.779 27.4281 2.42887 46.9377 77.3704 15.8355 35.1179 17.4634 2.39287 42.2318 0.00160057 22.2445
820.992 25.8614 2.42887 26.935 72.3587 40.7862 37.2551 41.0956 12.1671 9.24286 0.0224531 19.4155
677.517 30.3548 0.718704 58.7029 52.3312 64.5763 45.6058 32.7729 13.0316 9.11924 0.0168858 22.899
762.817 29.4295 31.5015 29.6484 19.99 57.6914 77.5722 4.78094 18.3948 3.319 0.0199448 20.7841
727.555 24.6909 41.4292 47.1194 23.0256 46.2747 50.0114 4.78094 12.5507 5.55592 0.0218928 21.3735
652.064 44.6108 25.9262 85.8757 25.2322 42.4562 44.5134 2.79283 8.20084 3.58886 0.0324246 24.3286
822.768 29.6415 9.60962 64.4524 44.3856 45.2412 28.8449 4.32718 10.5243 9.37407 0.0291436 20.4205
981.561 9.11522 0.489907 28.2378 48.9276 46.7732 70.9479 13.8924 8.73507 7.82783 0.0114333 18.2268
908.433 19.5156 24.7309 25.3125 28.3015 44.5595 46.4291 34.4151 6.87522 8.86859 0.0116491 18.4406
896.212 2.0135 27.9098 18.4229 49.1112 78.2775 65.596 18.4113 6.85297 3.41926 0.0125799 19.4127
768.621 22.751 47.2938 4.125 85.3302 11.2006 65.1369 40.5305 17.5317 16.6817 0.070751 23.2642
751.118 15.1081 28.5028 18.1641 104.28 8.83082 51.8857 7.85359 47.13 24.4112 0.126976 25.2169
747.525 42.3627 7.03929 45.4989 72.9417 18.2663 61.8777 21.9121 22.9391 26.3773 0.0843218 23.6075
827.928 26.9213 28.5448 2.69353 72.9417 46.832 21.226 23.1309 12.98 7.24826 0.14523 22.3931
762.69 16.73 14.661 79.799 21.2019 43.5477 59.8577 25.3525 7.46931 10.7041 0.048776 20.4836
932.118 12.8167 9.51776 70.4767 19.8392 60.2431 37.3584 6.24202 14.5654 2.26574 0.048776 20.0097
879.895 11.1731 8.73443 42.4057 39.1258 79.6907 16.6133 47.8647 13.4753 3.77279 0.0571171 18.7147
834.43 10.6549 17.5457 59.0211 3.21877 72.8872 58.9825 23.4397 9.82396 15.0827 0.135274 21.5047
806.2 9.78725 21.7409 54.448 5.65901 97.3059 52.888 31.0715 9.21797 18.75 0.290779 24.5456
824.927 10.1954 11.8711 99.5514 7.03424 18.4305 77.6808 19.4564 24.0953 3.00942 0.173558 23.9396
782.246 26.9593 20.5269 90.0638 44.7073 16.2446 9.50204 18.3966 22.6562 4.50974 0.220263 28.7856
769.394 25.275 1.20913 74.5543 29.7639 68.5223 29.7885 27.1148 17.9648 7.99984 0.136702 22.3129
842.486 14.371 1.43297 23.0625 61.6487 71.4729 27.7618 68.0972 24.1515 37.3961 0.113911 25.2673
847.422 12.318 15.5339 23.7212 82.4535 12.3736 32.8145 70.1923 2.73736 22.3162 0.161126 22.9243
948.261 24.2033 8.11675 14.4813 72.2573 52.1801 17.3903 29.5493 0.932449 20.6231 0.0454971 20.627
903.12 5.15065 0.860337 30.7006 67.0926 97.6697 27.4866 12.8094 14.7571 6.78071 0.054374 20.924
917.561 8.42818 0.860337 43.9148 67.0926 53.6008 4.59809 51.2495 11.6502 26.6628 0.106243 22.0682
943.582 11.6502 13.6868 26.9566 34.8927 66.2645 53.8268 44.0744 1.66645 39.3586 0.0395331 21.6108
1045.84 13.8212 13.0115 22.6014 41.203 47.5458 47.7652 25.6295 14.1936 16.0346 0.0441472 20.7057
1020.24 1.63724 10.9385 25.2743 27.251 37.3472 61.9532 42.5786 13.4786 24.7852 0.00326197 20.0596
971.451 12.808 7.18296 20.4252 48.4626 49.9094 43.4573 29.323 3.21212 5.56619 0.0150445 17.3972
961.964 17.0955 11.234 10.505 89.8237 64.2987 1.71909 18.2879 7.01743 5.16849 0.022461 20.3809
967.826 14.1704 4.8251 4.95815 79.0867 54.0776 42.0164 25.745 7.32123 3.95781 0.0168737 17.9789
970.267 13.3591 4.06866 15.1789 60.7865 54.9212 16.7305 78.7325 5.99598 9.34363 0.0817297 20.6514
946.56 12.5176 1.74457 20.9314 38.8009 96.0015 25.1514 33.6371 0.151071 23.096 0.157516 22.5858
953.98 14.602 13.0384 33.3725 25.187 91.4444 32.4804 20.3961 4.96654 11.6446 0.0943455 19.9027
927.855 15.2999 6.62706 47.143 19.0409 54.4082 39.2111 34.2571 15.8811 11.8941 0.186673 21.1922
892.25 25.8114 14.0302 22.6853 63.5729 46.8284 30.6296 19.2024 22.4481 3.75533 0.106227 20.2005
1029.98 3.16176 3.62371 29.7268 32.0158 37.3718 47.4512 20.3144 16.5468 20.1929 0.0810601 22.1852
924.856 8.9725 15.5024 70.0462 8.63287 30.7544 65.9938 19.6586 14.5927 22.6424 0.0420997 20.9122
945.776 5.10687 7.605 55.7655 5.01939 85.435 41.564 19.7443 0.837011 21.8354 0.0393307 20.1044
931.721 10.3758 3.82935 65.7424 11.1331 67.4595 37.2219 2.90284 1.60092 19.0813 0.0438531 20.9889
907.073 22.079 1.67976 60.5061 30.347 55.1821 27.8511 53.9671 12.3849 4.54988 0.0706526 20.9562
951.404 12.5246 5.38643 50.2327 47.1346 47.2997 28.3702 9.46715 14.4031 4.51248 0.0336988 18.5988
892.774 4.17308 22.0309 45.1653 6.36436 66.4044 76.7205 4.668 4.15144 12.1218 0.103412 20.9448
739.109 12.4151 42.5338 20.5134 86.0817 5.65329 69.18 24.9199 17.2748 11.8672 0.0104224 21.0022
850.209 1.43304 19.3454 27.1426 83.1591 20.6166 57.6584 39.8329 10.8441 17.3025 0.0972509 20.9646
629.6 36.2681 44.2906 53.2016 34.7173 4.9549 63.7225 42.512 4.46301 14.7772 0.226757 29.0192
674.347 54.563 28.3686 60.1945 34.7173 1.20801 81.1274 49.4745 4.46301 18.5765 0.294019 30.0438
825.79 9.66859 15.0846 56.1464 81.8636 5.47695 25.9893 44.4817 15.9527 27.9556 0.180669 24.2216
753.442 26.7729 8.97926 8.53113 100.254 61.1273 7.34616 46.5194 24.0105 17.8208 0.185826 24.5766
852.679 19.2261 50.671 11.7058 49.89 55.6712 10.3189 19.4287 45.9533 15.3203 0.0671363 23.4095
821.848 4.13009 5.07655 24.5486 93.1235 71.9449 25.786 25.4578 10.9804 3.23304 0.0130129 19.909
889.191 9.97953 5.07655 28.5089 94.9388 25.0122 48.3873 16.9048 25.7506 17.8652 0.0120873 18.8243
829.077 10.7237 40.2778 28.6254 79.0535 35.1535 47.7086 1.69602 21.9353 2.42099 0.00816046 20.0545
836.097 2.14414 29.4845 31.7701 93.32 26.026 52.8737 8.72691 46.1047 3.51229 0.0285081 21.5902
915.26 2.14414 30.1673 32.5605 55.4669 38.4066 58.6932 28.2309 10.2636 3.68309 0.189312 21.9237
884.916 0.617832 9.68894 30.3264 34.2198 101.306 43.4586 23.1255 8.05833 8.27564 0.00611241 19.1248
828.973 15.6057 17.9303 25.3754 25.4241 109.228 8.7369 64.5021 8.53399 7.19801 0.00611241 19.6774
919.263 18.9384 19.5284 68.7268 28.6208 29.949 24.2523 61.6517 2.40191 7.7277 5.33911e-05 20.2137
805.331 20.0538 43.5287 47.0064 44.5252 16.053 28.3922 55.8931 0.75854 12.8748 0.082902 23.6178
696.106 66.2497 28.0549 29.9964 44.4124 56.8281 8.56211 64.286 20.5039 8.5665 0.136618 26.7414
755.235 36.3264 46.3724 2.88804 48.9797 28.9412 5.24119 97.0362 28.3056 12.4765 0.137699 29.0793
726.202 29.9222 46.3724 3.57162 43.4987 77.8998 5.24119 64.9065 37.3705 2.2846 0.137776 25.9137
805.821 29.83 43.4484 22.5095 30.2784 76.9738 29.4325 9.48348 35.4681 3.15075 0.0245894 21.2386
769.983 35.4405 52.4022 7.92249 33.8432 25.033 61.0676 35.3998 31.3385 10.4 0.111008 25.1294
774.072 30.6138 40.3867 6.70159 22.8842 66.6376 63.6493 35.3998 54.1537 10.4 0.335123 27.3516
662.163 22.8799 45.9556 8.25813 49.3772 77.061 69.8723 37.0662 7.04596 12.5302 0.243132 26.9361
703.779 44.5259 27.6998 23.9391 51.5377 45.1994 68.7106 40.7525 29.2479 44.9926 0.0072636 25.7162
759.436 25.72 29.9782 25.7478 90.7322 47.8277 29.2045 33.0147 11.6772 19.819 0.0144975 21.7047
736.879 12.8965 31.3012 23.9795 53.2449 87.6811 33.1995 32.7033 1.12817 12.7422 0.00124007 19.7562
699.252 11.2838 44.0854 66.6508 6.55833 94.9323 32.7775 40.7935 13.2191 28.525 0.000317553 22.8351
956.362 14.184 34.4837 27.6881 4.00237 80.6812 31.4493 43.2223 13.3408 33.1215 0.000334537 20.8237
972 15.523 15.7865 11.0689 52.0179 59.6397 37.7869 13.304 26.0279 29.925 0.00112536 18.6483
909.926 11.2088 5.45358 19.0453 47.8459 76.4302 36.1634 17.8806 4.09151 20.2476 0.00559487 18.3066
895.637 6.09048 26.0792 13.2251 58.5057 78.093 41.6784 5.27591 19.3039 13.6858 0.008691 18.0077
831.13 2.88722 19.783 28.8465 68.1636 60.031 57.4904 19.4902 9.75277 15.3953 0.0248588 19.3635
886.857 3.08173 24.3239 17.3402 47.1477 85.1104 33.6435 24.4244 30.5767 17.1968 0.0255715 19.4623
869.247 13.0406 23.0376 34.1025 54.4835 37.0811 38.2682 7.41767 27.0677 15.1009 0.00562408 18.6319
882.107 22.5182 36.2186 30.8996 48.6969 41.5484 0.281278 41.4201 19.4122 16.4558 0.0229518 23.3503
713.263 35.3194 23.1023 32.0271 78.9608 34.9299 14.8959 53.4563 13.1488 15.4368 0.04476 21.9009
836.714 31.2048 24.4196 34.2692 60.0251 42.2603 10.1757 40.1022 7.0433 9.53642 0.0611882 21.0935
879.865 4.76814 32.3213 53.3901 26.2521 49.7423 27.9229 48.3366 1.4849 8.50291 0.0769565 20.2971
876.675 13.77 35.557 41.038 55.7645 42.2591 27.8909 25.7005 3.32769 27.0558 0.074323 22.4323
886.14 13.8287 12.728 63.3846 54.8583 28.1683 24.9837 47.3016 12.5214 2.19881 0.00667093 18.6948
834.903 13.7324 13.946 38.834 60.9242 32.8692 37.586 35.354 9.79609 19.2617 0.0116734 18.7219
816.877 1.0665 34.6667 38.2861 60.3778 28.8011 52.4025 57.5704 42.3092 19.1727 0.0632214 24.4372
858.31 1.0665 35.0938 41.5879 60.3161 31.573 36.2363 46.1587 2.51801 12.6939 0.0281461 19.6766
739.607 22.161 22.0137 55.7641 40.4046 66.4072 35.9815 25.6855 32.1685 10.2582 0.00963036 20.0407
852.366 30.6655 13.5193 35.6555 27.3754 44.2449 45.2407 23.5586 6.79332 1.51034 0.00854061 19.3208
777.893 27.6755 33.7454 44.1845 35.4931 43.5699 39.9957 34.6911 6.52934 32.8002 0.0199857 21.1089
779.705 4.60313 19.667 50.9219 58.5718 45.2082 52.7601 32.1775 12.5945 7.82903 0.082695 20.545
813.43 21.1804 13.8403 35.7948 69.7416 54.8494 54.4803 28.0569 14.3299 11.171 0.124264 22.445
921.201 3.53227 5.16982 59.1842 28.9861 31.8234 77.4847 36.0861 10.3439 4.79422 0.187564 21.2351
969.254 1.47123 3.48471 54.3833 47.0696 39.3278 39.264 30.0278 10.0524 2.97829 0.0641552 18.9374
951.585 17.4018 12.754 30.5046 36.9149 42.9136 41.8661 28.214 16.5278 1.7995 0.0107966 17.99
861.856 16.1184 32.0844 33.3129 58.9631 35.3302 35.3974 29.8036 48.09 5.98433 0.00913595 20.1374
869.259 4.67219 20.6305 41.036 81.3077 44.3917 11.8236 23.7642 33.1355 65.1082 0.00418671 23.308
838.631 4.99674 21.6248 38.6319 95.1507 17.4207 45.9546 9.53893 60.8244 49.658 0.0554407 25.898
728.609 9.42566 30.5691 40.3271 65.0876 34.7677 56.1018 12.4354 11.1392 38.4396 0.187834 24.652
937.528 3.37087 7.64753 54.4103 42.9659 27.6287 59.0743 7.53919 8.60909 14.3689 0.0505054 19.2885
918.296 8.72534 27.0958 33.9566 27.2175 33.0358 76.3267 22.4374 14.3814 13.8694 0.0571071 19.6701
916.407 33.5916 50.5105 8.63994 24.6946 20.8754 73.0154 16.6284 17.026 4.51989 0.0869144 25.8764
780.26 34.2803 72.6963 9.95285 1.91939 45.9056 72.3325 22.3861 66.2518 20.9178 0.0726586 30.9255
792.588 23.062 56.9474 16.2515 7.59282 33.7742 95.2635 33.976 43.8016 37.9608 0.153249 29.3736
1074.66 3.4622 15.6995 19.6124 31.524 54.27 10.0983 58.8771 32.8475 10.2412 0.180348 23.9166
812.071 5.38802 13.7395 14.8291 31.8086 105.834 27.7831 41.3077 17.5923 38.7465 0.446533 25.5197
825.633 18.7588 6.87594 15.0238 44.0925 120.54 16.2126 27.5516 13.3544 14.7759 0.373039 23.8015
793.537 24.668 10.6171 20.0739 46.7711 120.223 17.0115 45.2227 7.75919 16.1647 0.0337307 22.472
680.058 45.1458 16.9977 40.7802 47.8716 65.9795 44.8829 31.9031 4.62878 25.0244 0.00239906 21.0521
766.451 45.0896 6.73854 39.7793 55.426 15.8204 77.4045 48.9936 3.8281 26.9023 0.00239906 22.2671
811.519 22.7674 4.62295 42.978 47.8251 97.3832 12.0182 18.3041 7.49392 11.4953 0.0106751 18.7524
1029.59 20.9193 8.36526 56.6915 17.2437 42.2549 25.9464 24.9031 5.82371 19.8121 0.0121383 22.5586
1004.15 14.7664 8.65876 33.2677 46.4151 29.7315 32.9995 29.3454 5.47003 39.4938 0.0375959 21.8158
973.568 11.9419 8.62188 5.78187 51.3172 36.2822 47.6667 99.0032 4.20982 9.08995 0.0497889 23.5559
874.168 7.52487 21.1297 28.9556 55.6058 37.1313 30.6861 37.8472 10.0997 0.872287 0.0301893 19.2967
841.964 11.3194 17.7818 32.0984 50.4608 53.0173 26.7253 26.5736 5.24145 10.4956 0.00765884 18.4914
712.617 42.7803 20.7713 30.1871 42.1936 50.1028 35.9073 34.2403 1.12891 15.8326 0.00184513 20.6213
758.773 42.7803 16.3248 47.588 36.9705 55.0015 14.6449 33.7672 53.8408 8.22867 0.201997 25.4295
831.525 3.2541 24.9069 61.98 35.2908 55.1491 24.1155 36.6598 9.48391 34.501 0.18284 23.0142
831.317 5.97074 16.5639 43.1804 35.9863 55.5194 41.9499 6.17749 87.2473 3.64303 0.0340185 24.5698
860.155 2.75984 31.6252 54.9858 19.7643 55.2415 43.4737 31.5308 11.4805 10.1669 0.0665783 19.5763
862.275 19.3096 7.53027 37.3527 39.8497 66.2504 50.3546 36.0771 3.67198 31.7273 0.116541 21.5648
831.898 17.2605 17.6938 43.4589 62.4078 22.4856 55.4302 1.04276 9.90354 32.6278 0.0034931 20.4382
839.851 5.76793 32.6762 19.7683 90.6827 33.5318 52.4442 1.04276 2.76698 9.89738 0.119036 21.75
931.256 0.590798 24.0853 8.14813 48.7911 94.4244 54.7615 9.7486 22.262 0.646441 0.0978523 22.6114
961.598 6.68221 39.9722 15.6258 32.5516 83.5179 30.2896 10.4562 50.6097 16.7658 0.071806 23.3754
875.327 7.07782 59.2593 22.3795 26.2116 60.4593 29.7889 50.07 12.2149 7.01292 0.0491129 21.1486
858.698 6.75177 41.8772 3.33952 71.3399 60.3525 16.3246 36.2301 20.6614 2.25327 0.0272949 19.4281
793.397 8.56581 33.1125 16.5349 66.9523 86.7063 2.08647 42.1451 20.4166 1.24712 0.0240061 20.8191
798.506 28.1603 33.1125 19.6956 60.4028 49.6562 16.2499 42.9808 11.4989 1.21457 0.0267409 19.7208
869.783 15.1495 14.6333 29.0277 69.1405 65.1375 23.9887 37.0203 14.4562 6.21495 0.0429351 18.9318
956.357 14.1023 10.5413 39.3802 29.839 94.5143 11.1114 26.3977 11.1115 4.01196 0.00964238 17.9231
1043.95 6.49481 17.1061 30.0458 25.4147 94.7951 13.8422 31.5737 19.4094 4.24172 0.031151 20.9647
901.694 6.94697 7.79364 38.055 10.4783 131.001 13.8422 32.7023 2.96272 8.51142 0.0116821 19.141
982.322 5.25483 18.3584 14.021 8.57916 102.004 33.6423 35.1842 10.0775 12.7363 0.00734269 18.943
895.298 4.59262 18.3659 59.1902 25.9855 78.5002 7.70856 47.2597 13.4087 18.3223 0.00329169 18.2207
880.597 4.59262 15.2574 53.7617 25.5198 78.5002 3.33101 54.2363 13.4087 6.57684 0.000158926 17.3193
973.541 6.06841 13.3439 23.662 28.6385 106.241 10.3867 41.7756 17.2594 41.6356 0.0069138 20.4997
816.363 10.745 21.4862 54.1097 36.6457 77.3972 24.1983 5.07592 20.6465 47.3328 0.0136511 21.573
802.825 2.14611 24.2557 21.2289 102.279 43.566 20.8502 18.0613 69.9088 24.4646 0.00741203 23.8403
837.224 5.07063 11.5697 21.991 117.467 51.1048 5.22449 37.2711 30.1019 7.6657 0.0244626 21.6364
944.608 22.192 13.5955 18.0238 59.0696 50.7674 11.7284 34.8878 17.0667 10.1109 0.0827748 20.3893
718.729 23.3197 17.7093 49.3828 74.9367 11.7685 48.2178 56.6625 43.7053 14.5642 0.110699 25.5548
724.772 23.394 13.8517 53.7621 54.1207 24.4357 50.8879 56.6625 9.75529 14.6742 0.0585924 22.5022
846.164 2.70433 17.8197 50.7919 72.8171 18.2655 58.4385 28.417 22.2308 41.6677 0.0341631 22.1603
738.964 29.497 22.0558 43.1615 45.2858 94.7188 17.1472 15.8299 10.416 3.33255 0.0209772 20.1273
698.273 38.8084 46.7457 21.8007 31.2451 97.4372 16.5382 31.1774 8.44652 3.33255 0.0118915 21.2253
998.437 0.784097 1.57544 66.5457 8.94324 58.8446 16.7386 43.496 6.30916 11.3609 0.00464633 20.0204
998.437 7.90854 13.0566 74.5758 4.06376 56.7238 23.5037 52.1654 12.9582 1.70354 0.0198372 21.9094
898.068 11.0014 12.1226 73.1814 22.8848 54.8212 61.127 6.76222 18.8523 2.67559 0.00482884 18.9956
844.945 10.0966 3.91897 84.4382 24.044 48.6012 59.244 21.3311 21.6222 10.8427 0.0791009 21.0154
904.8 9.60426 40.1902 38.8941 18.1258 53.9652 61.2454 10.1352 35.8787 3.24478 0.0455747 21.2008
891.004 13.7715 14.441 11.3303 49.0176 69.5045 58.6795 41.4265 9.45577 1.5383 0.231527 21.8936
909.871 2.16835 11.283 23.2109 55.6671 81.8046 41.5013 14.7864 2.90528 20.1956 0.235535 21.5991
1035.8 8.30184 6.18101 1.32816 59.629 58.3245 44.8663 44.0726 21.4134 7.76563 0.0274944 20.405
968.073 8.30184 9.42323 1.32816 68.4853 83.6294 33.0228 37.175 19.3913 13.3781 0.0184077 20.4169
1049.96 3.83351 8.25947 11.7601 61.4305 52.8426 13.8812 15.5645 7.57963 12.9816 0.00174514 18.6156
890.913 19.2215 28.7163 12.4162 100.572 46.2752 30.1839 12.2496 56.5237 4.3679 0.0327692 26.1344
751.342 57.5526 1.10328 24.9384 87.626 50.5714 20.5542 29.6848 52.892 5.58324 0.0130934 25.1279
853.948 40.3852 2.31631 13.3925 51.2107 49.6592 18.5622 73.8499 14.4965 17.4961 0.205967 24.7269
853.948 39.2194 17.324 4.02239 68.8782 23.7749 65.7214 48.5998 19.9439 14.6522 0.205967 24.6049
827.088 19.5466 24.8879 7.32039 43.2426 86.6204 38.504 20.5662 13.4762 6.50069 0.0662206 19.8891
973.678 4.36044 14.5848 4.9667 90.0537 33.0215 40.842 22.6815 8.4661 2.62206 0.10911 19.4905
964.724 3.04881 18.1801 18.136 42.934 32.4656 61.5419 25.4363 15.1354 12.2807 0.120027 20.6651
940.884 2.03446 35.0003 32.4743 42.934 24.1088 70.763 3.0198 5.39912 9.81077 0.00396162 18.3764
954.242 16.2349 12.612 31.2376 24.239 81.8317 13.7199 28.9199 5.27388 6.40292 0.0747629 19.2891
870.849 19.7873 6.87696 2.05899 33.5696 9.23637 123.921 22.5404 41.9526 19.2823 0.600518 28.8139
1020.5 25.3045 1.877 2.92398 24.6927 21.6069 129.936 14.901 39.537 12.9659 0.318812 28.2025
960.365 3.45499 12.0115 4.49429 22.8884 6.78301 158.225 28.3637 18.9622 8.04394 0.254061 28.3409
936.044 4.14045 16.6174 6.68013 9.01221 11.4489 147.501 30.677 11.1567 31.925 0.5006 27.4783
917.123 13.7807 9.3568 1.71244 21.5879 100.085 46.1302 43.9327 16.8395 49.6192 0.411391 26.7162
875.636 13.7472 18.4676 12.781 47.4439 95.5902 10.6346 28.1593 34.354 19.7597 0.436987 25.0385
940.844 16.0377 10.151 1.29894 42.9661 93.2772 51.5682 3.36313 31.1261 5.53951 0.182197 22.6869
992.495 2.28008 6.6652 2.59492 69.0539 53.2754 62.6676 27.361 30.7841 18.2449 0.205268 23.099
934.289 6.43901 23.1994 21.2716 31.0869 43.7304 80.4141 16.2648 21.5129 22.9744 0.019967 19.8081
852.163 17.7279 9.83923 31.5985 116.974 13.3805 49.3224 37.5125 15.7518 5.66082 0.00329391 21.7972
703.368 19.6533 17.8325 48.4259 80.6633 60.8293 14.7232 20.7851 11.4019 12.8642 0.0114637 20.7801
779.873 21.5372 6.97265 27.5812 99.5927 55.1176 36.9902 12.714 17.7621 35.764 0.00759049 21.7911
1058.47 14.0148 6.53758 14.62 42.3448 45.1213 73.5818 5.20568 19.2805 4.33958 0.00617136 19.3838
909.092 22.0071 8.65353 38.6495 44.0073 15.2258 63.2306 40.4772 21.8662 13.8323 0.0535521 20.8147
819.305 25.3296 32.3198 37.9266 46.6618 15.2258 57.2814 41.6213 21.7718 36.9417 0.0931771 24.0955
852.929 8.9591 26.333 41.4429 39.2457 9.42595 108.601 19.965 4.8575 26.9945 0.0598458 22.2295
908.997 14.1243 3.51797 57.4478 58.6218 5.92682 50.6632 17.4771 58.5774 1.1752 0.0411665 22.8542
841.296 16.2417 3.51797 33.6653 85.8799 41.1585 16.9105 23.2405 68.5594 20.7296 0.021946 22.9754
943.287 23.8953 4.92729 17.3602 95.4546 32.7925 25.8146 10.973 23.145 5.13802 0.0112297 19.5631
943.287 23.8953 4.92729 17.3602 95.4546 31.7368 26.3805 10.973 22.3262 5.13802 0.0112297 19.5011
967.813 36.2705 4.92729 5.15128 26.7054 46.9976 26.3622 74.9108 20.0453 1.67414 0.0110418 24.4813
930.682 37.304 5.0589 28.003 11.0557 72.0313 26.6414 45.7503 11.9312 9.7109 0.100441 22.3642
945.523 6.70731 1.28579 3.1529 81.7084 79.1587 26.508 20.6486 6.42631 10.8638 0.0226763 19.4675
922.083 28.5369 23.5068 14.0123 42.3794 62.2516 26.5209 35.4678 8.75766 10.9932 0.0610507 20.3672
930.044 21.8277 10.1276 17.2707 14.3408 99.0024 26.1268 25.1001 2.69094 21.8132 0.0147355 20.0369
921.541 20.0845 9.77181 17.1339 25.8142 120.037 22.7944 11.2055 9.00222 69.0904 0.0312583 24.1347
914.821 18.4893 15.9838 18.4824 23.5993 108.971 36.0966 4.63495 25.029 11.3201 0.0176152 19.515
694.721 33.593 23.9048 48.6048 19.7104 93.1483 14.9113 51.1187 13.8185 1.86339 0.0219526 21.4957
757.647 36.3222 22.0215 65.0082 23.8327 65.6213 19.8718 28.819 0.857596 7.11162 0.0115583 20.6896
712.034 54.13 28.5339 26.6085 26.8282 70.135 30.0566 8.20692 46.6114 4.22534 0.0306051 23.4538
789.245 24.5971 15.5367 16.994 62.0492 55.0359 24.9379 49.1467 32.898 23.6958 0.139474 23.6026
833.728 20.4002 20.0383 17.2323 69.7345 60.3933 30.553 55.4954 1.34775 17.5903 0.00912721 19.6228
931.704 13.2409 15.2524 31.8821 16.3649 55.4251 43.0327 56.2442 3.61407 5.48024 0.00778555 18.8578
973.919 18.2997 14.7366 32.5567 30.273 52.8558 42.4141 42.4927 19.7013 26.5961 0.00214 19.6411
952.49 5.43789 8.67931 21.0061 68.1895 76.9252 20.9838 12.1637 25.6799 14.8013 0.00369651 17.5004
815.307 19.8671 28.4586 23.3745 49.4031 41.2006 50.9959 39.1267 52.5524 12.471 0.00045327 20.1488
870.796 1.54765 18.2613 36.8377 105.543 21.5202 26.5825 10.8095 39.415 16.8297 0.00910603 20.9211
786.293 9.27142 22.6494 12.6346 97.4736 49.8583 33.3595 11.3449 22.653 2.28143 0.0280745 20.3022
921.157 3.0264 32.6671 45.4678 29.5841 18.5355 81.9956 5.23943 44.7863 19.0398 0.0131074 21.5859
864.86 17.4456 12.4368 84.7495 29.8806 64.0897 19.0155 12.1828 16.945 5.03832 0.0799447 23.1236
914.822 11.0372 11.1875 19.2704 45.2512 102.179 3.30817 29.4385 17.188 8.18998 0.0290341 18.7918
899.099 15.76 24.5252 36.3505 35.4033 55.8409 25.4371 22.1487 9.87435 9.05603 0.00272217 16.992
814.219 22.4602 44.4655 31.6468 9.08469 78.154 12.4387 12.9094 24.9052 6.82806 0.0841225 23.4606
807.258 57.9161 8.78925 7.60638 6.31433 115.093 29.8016 43.2319 26.8187 8.77208 0.0216091 24.7046
770.793 28.8542 28.9608 17.6425 48.3458 70.805 21.503 64.8772 12.495 21.6347 0.0307143 21.5126
832.692 1.37491 41.3848 43.578 23.8517 56.209 33.6846 55.1458 31.5252 20.5566 0.00862061 21.2882
875.49 11.7513 20.2202 56.2033 16.4877 60.2369 20.7675 94.2424 13.3901 11.8882 0.117272 23.6411
772.512 3.45047 25.0129 103.391 16.4877 30.8931 24.6595 16.9432 31.3565 12.5878 0.00688443 23.5385
851.752 16.1987 3.93039 80.8131 17.7087 42.411 18.2202 54.5733 24.1829 12.3968 0.0185935 21.0733
930.931 7.92351 2.18675 71.355 39.1424 43.9446 36.172 43.8638 22.8372 9.22893 0.00111962 18.5648
938 7.92351 6.21675 18.9541 93.2828 40.5218 33.1705 23.918 8.02119 0.230527 0.00111962 17.2065
874.356 4.64739 4.68272 20.7971 93.2828 33.4476 48.7656 13.6029 15.3321 13.5232 0.00327944 18.5242
845.793 11.745 2.69136 3.29958 106.458 17.9099 88.0534 13.0325 52.5803 21.0994 0.229123 26.5461
990.217 12.2102 7.59835 17.2557 7.99028 53.2344 95.2618 27.7676 39.0616 14.0117 0.302637 25.0847
1037.99 14.2882 7.3732 12.53 22.1759 51.5669 103.589 40.0011 33.9398 5.66891 0.129697 27.6454
985.731 6.35702 20.9083 13.7423 80.841 45.8729 45.9209 1.14981 37.484 6.68152 0.105082 23.2344
902.599 8.48221 12.0195 43.0437 63.6309 35.0049 51.5046 9.16733 31.5815 1.56096 0.051651 19.2819
1028.76 10.414 33.3769 4.93396 26.2719 43.7073 38.6387 15.9762 36.9229 4.66002 0.0512141 23.445
965.229 5.62979 33.1438 8.94846 37.503 33.4145 28.996 86.0946 19.2013 25.0994 0.00246015 22.3234
919.922 3.68419 37.7158 25.4218 95.6711 22.6443 28.1336 19.5442 19.4549 10.8771 0.00786775 20.8414
912.224 4.93859 19.5427 14.4318 87.2553 37.5715 32.8327 29.145 6.64931 11.7517 0.00363139 16.6746
1025.93 1.07238 5.33335 11.8877 89.5008 25.8022 22.6717 19.9765 5.76808 4.7493 0.0762871 20.8876
982.819 4.9034 23.4563 11.955 60.614 78.0225 3.65651 53.4227 7.75356 11.7224 0.0135331 19.377
961.128 27.9768 9.81695 7.23629 35.5805 80.5415 33.8674 11.0687 7.22063 10.6334 0.0315718 19.7425
879.902 1.68878 11.7445 58.3045 40.9566 48.0099 62.9342 5.07177 7.35152 14.2509 0.0779191 19.7359
