25855.4 8.01325 9.22493 11.2685 20.7255 29.2019 12.3317 0.174267 8.38901
19931.4 6.82086 16.8027 3.67304 7.39495 29.1574 9.53064 0.06285 5.61568
14737.2 0.36584 4.55116 7.77218 21.5501 28.7698 6.92804 0.00766254 6.01863
22238.9 9.40532 38.4665 16.9512 9.41939 16.5382 18.2295 0.061341 7.66585
21462.3 2.58994 16.8603 39.9171 19.2022 28.4075 4.08616 0.00597355 6.96725
17054.4 15.3659 5.85678 17.2598 22.2101 25.7845 9.40666 1.91133e-05 4.11565
21126.2 20.742 3.41154 2.27542 30.0092 17.6735 0.664997 1.91133e-05 4.15125
18971 28.0679 1.4157 17.4627 9.7142 11.4232 13.9578 1.91133e-05 3.49509
15711.9 11.2544 2.36241 1.14501 8.60892 8.18308 4.12182 1.91133e-05 1.84091
22835.7 2.85998 1.19996 13.5607 9.83054 9.84204 9.39068 1.91133e-05 1.57709
16876.7 2.02878 13.6209 19.4452 11.4387 17.2492 2.44849 0.00468262 4.1205
23240.9 2.64183 12.533 27.0644 31.5395 24.4827 23.9427 0.0116643 7.81895
8779.1 26.6438 13.9602 24.5563 22.8638 49.3313 9.29401 0.0017427 11.9266
26756.9 25.9589 17.1708 27.5323 21.738 12.7165 8.35994 0.0635571 8.70548
15296.3 40.4763 27.0706 20.9422 0.831294 12.5322 11.3081 0.0101658 8.33782
14843.5 10.4599 2.91186 1.13725 2.99406 1.92259 11.5872 0.011064 3.88984
14503.1 2.6034 11.4074 1.24128 22.1857 8.1575 4.58494 0.143418 7.04738
12721.1 4.06952 10.044 8.58931 4.82133 22.9884 35.6128 0.37929 11.7664
24563 12.4087 1.54803 52.8444 30.4421 5.87689 24.0875 0.042912 10.1135
27547.4 22.3094 12.9337 24.1767 3.75236 4.50479 4.87775 0.0220056 5.86086
18616.8 9.99305 17.6841 6.25265 3.75677 4.50436 10.4827 0.0017527 2.28965
21665.4 1.16788 8.44887 12.1302 14.5514 12.2988 12.0552 0.000322826 2.40724
17717.5 35.2294 23.2524 28.2602 9.95159 7.97571 16.0054 0.000322826 6.24644
25161.9 38.1164 10.7036 18.9928 23.3717 18.9091 7.40797 0.00540808 7.07128
18503.3 29.0386 18.3179 5.84616 4.37509 0.989199 7.96017 0.0209024 5.13595
22734 11.4173 18.4111 10.2718 15.6527 15.8911 5.12185 0.0216606 4.50532
24598.6 12.4946 21.8058 29.6443 7.04006 3.52558 11.445 0.0479234 6.41336
23656.4 10.4419 12.1252 37.932 17.3143 26.9347 21.024 0.0408737 8.59094
22325.5 9.99035 10.7004 5.50007 16.8778 5.78769 77.594 0.0790859 10.3866
24859.1 60.3521 11.6535 3.21748 18.216 17.1104 25.9924 0.0289681 10.054
23959.4 39.9477 25.7559 12.5748 8.37525 38.1055 45.4832 0.00578085 11.1567
24026.4 15.0279 8.82541 15.0611 9.60167 16.4389 9.79925 0.0310126 4.66553
24104.8 31.8919 6.58178 22.0878 14.3116 19.5482 10.3013 0.0246553 6.77234
16990 10.9119 14.2539 14.3433 9.12894 13.1149 18.4087 0.00900665 4.32159
16356.5 28.6358 18.7845 11.029 9.69556 35.8746 17.1082 0.000193217 6.36916
19902.3 31.5784 35.9949 8.61565 10.6106 19.417 6.85857 0.0410587 7.76688
19228.7 33.3906 45.1994 19.6083 9.25542 1.18029 19.2557 0.012506 8.83126
16233.3 5.7024 36.1626 14.9376 4.75521 3.54445 34.915 0.0277922 7.65741
17120.5 7.9738 11.1693 69.0301 6.04705 5.23259 44.3996 0.0146112 10.6253
22338 4.47966 30.7277 34.748 3.98895 5.99958 30.4851 0.0181296 7.60195
12011.6 35.6155 24.37 11.8802 12.6641 47.4262 8.26289 0.0304941 11.42
26807.3 10.5385 4.946 63.7947 1.45574 15.0608 30.4892 0.0177518 10.1998
30156.5 3.71104 14.4352 27.587 1.73572 7.25567 33.7657 0.455602 13.5988
25737.8 15.0076 14.4358 18.7376 29.4186 19.5871 9.90018 0.0809438 8.1757
18464.2 6.45663 41.7321 4.53152 7.74374 22.1664 11.4683 0.00124826 5.08442
16322.5 42.8114 17.9451 13.9517 7.24873 4.61701 13.4931 0.0191853 6.87378
11387.1 53.7863 5.4729 37.0159 10.6262 15.9877 40.0599 0.030746 13.7607
23834.5 18.8619 16.0713 29.9849 27.065 14.8408 61.4362 0.0331243 11.9067
26559.2 4.07225 22.3221 7.04859 24.9282 29.7608 18.984 0.0959596 9.068
20100.3 1.29564 6.03337 10.218 12.2889 43.6334 3.24412 0.00459985 5.10252
17593.8 5.57136 13.8479 18.6934 21.9747 6.31696 4.30251 0.000206194 2.96881
18608 5.79856 13.9179 16.8156 10.3277 8.4496 12.1255 0.0157172 3.73624
25745.7 8.14442 13.7733 16.6019 7.3538 1.95298 17.6784 0.0693099 5.76944
16898.9 3.19619 14.9876 3.12275 6.04815 6.19148 3.1719 0.0640825 4.28718
7862.41 5.75696 26.335 15.8068 15.2455 4.4694 3.48947 0.0968527 10.152
23019.9 11.6036 33.2242 9.72187 29.8654 8.64313 11.6223 0.0107297 6.19124
23599.2 2.1279 7.89223 8.00432 3.33501 29.6761 11.5112 0.00776162 4.01999
19266.8 6.9653 3.80715 7.56976 1.78696 40.1353 5.67285 0.424372 10.0634
16267.2 6.9653 0.995695 7.74452 12.2004 46.645 4.86708 0.481782 12.1518
11769 10.9825 5.9742 36.2377 8.13851 10.1177 4.86708 0.325558 10.8194
22524.9 10.4978 3.0211 1.96131 78.2194 9.78522 55.2157 0.0725561 13.7888
17237.8 9.7144 13.0205 69.9675 32.5654 3.99841 14.7132 0.00180647 9.34696
22747.2 0.39302 2.43838 2.51198 21.4628 24.5318 7.08609 0.00708928 4.89295
19218.9 12.5037 26.0188 20.5317 14.4064 11.065 5.39103 0.00730284 4.80632
24883.9 16.0589 19.9584 35.323 3.75816 16.2266 12.7746 0.00382133 6.05513
16484.7 16.0783 8.64482 12.1128 16.6073 8.88178 20.1578 0.001591 3.95628
20065.5 15.1059 1.61583 16.2434 27.7041 4.03547 10.444 0.0646543 6.12318
20380.4 22.4139 10.8492 3.79702 4.64164 11.1373 4.56234 0.0822251 4.9998
21514.4 10.6012 36.9628 3.39436 15.9177 11.3242 22.2571 0.0431563 7.0195
15230.8 6.11296 11.388 3.20624 17.4808 18.6057 11.1014 0.012762 4.60219
15722.2 7.12015 28.6402 12.7121 18.9246 22.0937 9.85478 0.00720916 6.00469
16019.7 21.1695 3.54536 14.7171 20.5793 17.6079 8.75628 0.00168858 4.64085
15853.2 11.0697 31.7761 4.55127 19.088 1.95349 8.09144 0.0965265 7.31346
17270.4 13.1237 17.3264 1.16029 12.6555 18.068 5.11503 0.0849408 6.18302
28479.5 18.5722 44.9154 18.3273 27.6546 10.9774 48.7819 0.108294 14.4808
16722 23.4165 11.1117 21.8265 37.4008 26.3507 42.0563 0.110315 12.7578
22701 10.2567 7.23224 13.9074 9.19378 40.6417 13.1171 0.0480236 6.60511
19660.3 35.1414 20.9411 1.84398 5.14699 15.3997 3.50999 0.0243523 6.05703
21937.8 6.74731 3.85229 1.53945 14.1951 17.1805 9.20526 0.0801122 4.96011
9745.91 6.69541 7.72752 6.37554 23.4666 5.74718 10.892 0.205181 9.42082
17831.2 18.2171 9.38591 5.20735 13.0378 10.6554 9.67067 0.123773 5.81054
19862.1 3.14856 12.5511 8.56298 20.1446 4.67982 4.64876 0.154894 5.77857
21366.7 9.88522 10.6686 20.0548 11.3578 16.0714 5.45695 0.0336951 4.57085
10199.4 10.3514 1.341 2.89974 7.07324 15.4508 1.34847 0.172977 8.82671
32961.9 29.3849 6.03068 6.35429 16.4039 12.196 2.33726 0.120859 10.0949
16724 20.0781 15.9773 12.478 3.96735 5.73573 3.83079 0.0868892 5.71051
14876.4 19.969 51.6755 22.1126 5.34624 49.1036 10.9211 0.25696 15.1461
21633.4 20.4742 7.74084 13.7726 5.20891 18.5614 13.0149 0.080392 5.84557
16233.6 19.5012 16.4087 10.1785 1.67613 11.231 45.9397 0.0138535 7.47105
19631.8 11.8199 5.06703 7.94377 9.70128 4.76037 11.7298 0.0108711 2.65589
13467 26.6079 8.05642 3.9049 17.898 6.74668 34.6853 0.0117825 7.36082
30445.1 34.4294 30.5415 18.9504 13.8686 26.086 5.71883 0.0002784 8.94475
13784.6 41.9496 10.6156 14.4499 10.3262 26.4365 14.3921 0.0196091 8.57996
25222 44.4182 8.6738 13.6226 9.03477 26.6824 23.7967 0.0259454 8.75864
30017.3 13.0932 11.8926 14.9191 5.22756 9.68627 13.1532 0.0112863 5.41337
18829.4 6.53082 7.72977 15.4821 25.2388 22.2436 3.61618 0.0583255 6.05341
23256.8 8.832 1.94341 30.1042 1.03296 30.2015 10.9606 0.178034 8.98593
15366.8 8.16152 6.08601 27.2992 19.7455 41.5825 10.0692 0.0222768 8.08797
21035.2 7.61453 14.2846 40.3454 5.0082 19.9439 25.8945 0.121525 9.11594
21198.6 7.22719 83.4339 7.62346 17.4549 21.7133 2.19048 0.216061 13.3713
25864.8 2.78307 23.5288 17.9768 3.1974 26.4515 6.5346 0.00163984 4.90383
15558.1 16.3255 23.637 6.22279 14.1444 27.8446 27.8778 0.00385345 6.99979
23272.1 8.39273 13.7783 14.0254 12.6545 3.49648 1.57272 0.154115 6.02968
19179 17.6593 7.9463 21.9988 3.68819 13.7243 40.1613 0.387801 11.4504
20040.2 3.50068 0.953752 6.64985 6.85339 5.41016 22.6363 0.0499247 4.56099
20235.3 0.411357 10.9342 8.33105 27.489 9.01344 12.6289 0.0714919 6.28583
17168.2 5.39981 8.39082 6.82969 17.3137 7.06631 32.2842 0.0733449 6.32304
15690.7 19.6081 42.2318 3.87271 13.4529 1.66827 4.83167 0.00192182 5.83021
25891.7 15.6741 0.120684 6.7125 29.892 2.65165 6.27489 0.00192182 5.3648
22908.7 19.6574 5.79119 1.41663 22.5899 3.4291 13.3622 0.0421496 5.39783
28165.1 1.30714 34.636 10.1882 0.764363 6.73009 37.79 0.0500995 9.55132
21795.8 2.88853 13.8306 18.7709 46.5796 8.03152 13.3815 0.382258 11.43
21540.7 60.4158 13.2544 3.6433 11.7899 13.6212 42.1113 0.0996662 11.7366
18744.6 32.4904 34.0489 6.91083 34.6115 18.2152 21.7006 0.310303 13.5856
24799.2 5.16077 8.68462 9.70431 9.24129 28.1692 17.6606 0.372572 9.50708
24573.1 20.5455 35.4169 16.0728 3.62311 25.6025 18.308 0.290807 11.6218
25213.4 43.7596 2.72696 11.0026 6.2675 17.8234 2.148 0.103343 8.18529
29030.2 27.2305 0.38864 18.2843 8.64842 8.65222 6.81882 0.0192425 6.91733
17061.1 17.6218 10.8224 22.2909 11.2944 2.96493 7.2247 0.0129462 4.48519
22198.7 9.54393 3.00603 40.6273 1.96316 8.00756 7.97121 0.0219529 5.37759
33803.4 44.3729 1.80279 36.6027 4.69847 1.94121 1.83109 0.00441463 11.0735
22879.7 37.5815 7.39173 31.1978 1.16379 27.047 8.75233 0.0692008 9.25708
24403.2 33.8753 5.55193 12.5603 8.07303 19.7052 27.365 0.00445 6.25138
21071.2 7.55576 10.6683 6.69319 15.9113 15.1894 28.6896 0.183113 7.54841
21373.9 7.94427 15.2725 27.1919 15.0702 11.7941 5.09153 0.0412256 5.45543
18651 64.0459 15.2197 7.6533 35.0272 0.891814 2.668 0.0408055 10.6348
26162.2 37.1867 13.2341 8.42054 54.6114 9.84475 16.2862 0.0688009 11.1292
25192.6 3.83239 5.95634 11.1151 1.5662 11.7434 4.67383 0.07637 4.63095
19886.5 17.7391 2.16218 8.46054 10.1006 10.101 5.05206 0.0468097 4.16426
15545.4 4.40089 21.5497 17.9588 17.99 8.30878 29.9741 0.0329736 7.25461
19662.3 10.8903 6.55469 2.07512 16.7637 17.4121 26.1715 0.00368146 4.30075
19187.8 27.2472 1.98463 8.11262 8.23898 44.7166 9.15227 0.000728132 5.65373
19006.8 20.1787 5.16986 10.5222 24.4967 32.8977 14.8452 0.00435856 6.00719
23865.6 11.6264 7.29382 15.6701 6.40587 9.1973 11.5426 0.0175995 3.54798
11749 11.3177 34.4003 15.9469 22.4695 2.29888 9.80632 0.186178 10.7935
16842.2 11.7762 16.7336 1.46211 2.94136 1.31906 24.5562 0.039024 5.79949
28393 6.69647 19.2324 1.25792 4.92669 6.61327 26.2752 0.0592346 6.93159
16889.5 6.47209 11.0693 12.3864 5.14575 8.83053 14.9865 0.03668 4.19927
22557.9 23.8578 19.6256 2.02092 9.09339 4.11967 32.3992 0.0438659 6.92645
32287.4 10.0625 11.3729 0.0574328 8.45958 4.96485 9.71014 0.0347265 8.11621
25127.8 0.986271 1.84563 10.2032 25.1449 5.38443 17.846 0.00481406 4.557
24789.3 2.16545 16.9695 12.1991 11.4784 7.58901 2.2145 0.0543991 4.8707
13850.9 10.2185 20.9495 1.60455 49.3121 11.682 15.5757 0.00974833 8.30783
23994.2 12.8722 15.8627 16.4194 7.83014 9.38688 4.24855 0.0261515 4.25773
25329.2 17.6236 20.6592 15.6714 5.51875 10.5609 5.72889 0.283938 8.48764
15897.1 26.9885 16.218 23.017 2.09063 19.6214 13.9078 0.122622 8.93766
21773 26.3011 7.95007 18.2139 34.2977 6.74754 15.2519 0.0322712 7.14623
13585.4 38.1366 9.85801 10.0267 9.03165 18.7617 15.1304 0.00694066 6.83416
19991.8 26.284 9.59409 29.5476 14.2723 6.49916 7.43678 0.0478646 6.45809
18415.3 5.4511 1.31747 4.06647 13.8415 9.375 31.7524 0.0653391 6.0211
22570 23.4865 14.4746 19.7064 12.4497 8.17002 5.14939 0.0690174 6.06373
19947.3 14.5761 11.7066 6.58979 11.7274 4.98842 16.8921 0.0363152 4.27136
16708.4 3.48528 20.7398 8.34358 6.32269 4.58204 19.7411 0.0791309 5.72649
26571.4 1.06724 27.9283 23.5877 6.71282 27.4999 21.2585 0.0447146 8.90746
29421.2 1.25325 36.7949 17.255 11.3943 3.53408 8.78489 0.15369 9.69317
25067.2 26.9707 32.0525 13.0233 53.9761 17.5329 14.2241 0.24741 14.1067
11225.3 22.8212 14.1222 27.4863 1.60279 17.62 8.77786 0.0309068 8.59806
21471.2 39.1261 15.1367 17.2133 57.0258 10.1648 28.9549 0.0194106 11.3717
12578.7 11.6267 7.14722 10.7699 33.3243 12.4452 12.0041 0.0280384 7.07817
17645.5 16.9569 19.6992 12.1757 13.5271 3.20956 38.3282 0.0064868 6.25545
26207.7 13.9823 5.68338 38.0671 18.6081 21.917 11.1949 0.185524 10.0787
28022.7 17.0391 12.9386 39.1168 3.75743 2.44584 9.37573 0.208081 9.84068
25725.5 4.76672 7.19192 6.21154 10.245 6.21215 6.78506 0.110537 4.76499
20799.7 1.91685 54.7799 3.83414 27.4561 8.54306 10.4699 0.217042 10.7922
23324.3 2.52013 39.6566 4.5392 17.9463 6.02373 3.31188 0.232831 8.70398
25174.1 3.20164 6.36264 11.5144 12.8632 11.5604 10.9795 0.194384 6.41509
25390.4 7.08637 4.84161 7.81847 22.4738 6.95966 20.5957 0.165874 7.0751
25516.8 17.4902 21.7893 16.5387 25.2165 15.7786 72.7444 0.00147063 10.8941
26717.1 45.4367 14.1423 0.35717 3.93858 24.7958 53.7699 0.301556 15.9018
21421.4 44.429 45.501 3.30563 3.93858 21.8761 11.7663 0.206903 12.1147
17969.7 40.1708 14.4056 4.89548 11.3971 15.6068 7.6964 0.171955 8.55247
15529.6 28.2182 32.491 5.096 20.7835 1.88336 57.7442 0.00242617 10.2904
18356.5 36.6622 21.8069 5.7759 13.5562 3.99538 18.4452 0.0029607 5.6554
20317 18.1511 24.7998 7.70066 1.28584 3.62668 30.7479 0.0551725 7.03013
19153.2 22.0575 11.5502 6.44517 16.2227 1.39684 6.05998 0.0882145 5.76729
13388 22.9666 0.736613 3.04022 12.1211 12.672 19.9276 0.102923 8.22341
19425.2 47.7955 4.41257 12.8444 18.5069 23.8211 2.50704 0.0544124 8.50943
17665.8 7.86223 4.48315 1.09577 1.34776 9.99866 26.7629 0.0426478 5.35812
5883.75 1.58161 30.6353 30.1928 17.552 11.4692 18.9177 0.00578706 12.0541
22136 2.41743 37.7261 11.1207 3.37751 16.1566 30.8346 0.0661135 8.16512
17551.3 1.67053 4.50413 4.23583 1.85493 7.69876 17.7433 0.012748 3.39341
15014.3 11.5365 15.785 3.22057 2.06104 2.5569 7.20206 0.0698954 5.28461
9239.45 11.412 5.00769 0.240725 1.52734 3.17457 1.93105 0.0623972 8.29548
23489.6 4.71497 2.40132 22.4135 4.96387 5.33883 20.0907 0.290369 7.9779
25356.1 10.4094 14.7032 19.0499 15.0891 0.704871 2.09275 0.29623 8.93198
29144.2 6.76851 3.37002 14.9057 3.88847 2.73219 20.7374 0.0984544 6.86498
18884.8 15.0697 2.04008 21.5538 22.9839 6.95934 8.51288 0.0063194 4.41801
27194.3 2.78711 6.17944 11.3162 13.6889 3.94869 25.3996 0.0605974 6.06702
21559.6 53.741 0.0942841 11.3077 31.2757 3.59004 41.4966 0.0247827 12.1676
25998.4 39.783 12.0311 17.592 7.86819 3.7033 16.9144 0.000941629 5.60607
20724 10.0963 2.66637 16.6752 4.38446 2.62698 24.4548 0.0354742 4.76082
19749.2 15.2646 4.63045 6.40405 14.7454 31.9217 11.3773 0.0725069 6.36457
16690.2 30.3129 13.9556 25.1559 6.77458 8.06392 8.61137 0.0664104 7.13138
24838 21.0853 10.0936 9.23477 8.24122 12.1179 3.89436 0.0602007 5.10167
19593.5 3.19241 11.9886 1.40248 22.7948 8.27414 4.57587 0.0342512 4.40698
22472.2 22.5437 9.65169 34.1611 25.8368 16.0446 22.3472 0.0480305 8.90564
23441.9 4.30685 15.6394 19.6213 19.422 3.75287 9.27371 0.0322122 4.96491
26912.8 18.6122 41.1569 13.5753 23.1771 3.39029 4.99592 0.0236845 7.99328
22143.1 6.15255 14.7885 24.4848 14.5686 17.6195 6.77929 0.00933282 4.54801
16576.6 1.29682 30.3075 8.71087 34.9786 16.1841 26.3622 0.00754191 8.04573
17167.6 2.96772 17.5565 14.7743 36.1119 3.8588 17.261 0.00454772 5.6863
19371.5 20.6872 5.51021 0.717936 30.1698 9.75286 5.15464 0.00396954 4.66017
13109.4 11.4007 1.10444 16.4992 15.2458 34.4591 26.3914 0.0102039 8.24411
21641.4 10.649 5.61045 0.24405 14.4809 9.8759 65.3262 0.0185775 8.78138
22333.8 14.0719 27.0029 34.073 4.18887 23.3005 11.1076 0.0289514 7.56982
20779.2 10.3937 33.9418 4.97399 5.18011 5.39083 32.2882 0.0148413 5.99687
20431.5 4.62134 15.9158 30.4421 3.55002 16.6701 24.1607 0.0317065 6.49834
25758.9 6.58446 32.8126 10.4294 4.63209 19.9418 8.10371 0.0123706 5.45678
19780.9 20.9936 12.7176 5.50194 7.65874 14.2586 2.82315 0.00338121 3.12442
15894 5.02258 4.27872 16.0299 23.9775 13.339 11.1552 0.000382594 3.56652
20767.2 12.7936 6.99857 8.59559 4.4581 0.79714 5.61248 0.0103582 2.82297
22259.7 41.7426 14.7447 12.5231 23.3911 22.1314 6.2995 0.00865524 7.22589
24483.5 3.61281 13.6367 16.793 13.7784 15.5178 4.08382 0.00914428 3.94969
15568.5 25.6289 3.58067 45.365 22.7753 12.5096 4.73489 0.0216625 8.49899
18082.7 36.0687 2.94535 2.44735 14.6629 2.96151 27.4806 0.017609 6.54758
11817.6 43.9763 10.5936 23.542 6.36511 22.2841 5.5301 0.0372573 9.76842
20270.8 41.831 4.90048 22.2634 10.252 14.966 12.5695 0.0415119 7.36259
19027.2 32.4758 1.10592 4.61537 15.2483 25.523 37.187 0.00716892 7.88145
22219.6 15.0376 16.2596 13.5533 8.86153 24.3321 15.314 0.0133358 5.1266
19705.6 26.5076 24.9068 20.0897 26.1833 23.5452 1.7102 0.0026491 7.20796
20543.4 12.6146 12.6317 21.8745 17.8373 7.57542 10.6985 0.00784097 4.1773
6666.81 24.5092 27.254 9.84024 10.7257 31.1486 28.6899 0.0162455 13.0346
17178.4 15.6951 23.1348 10.454 32.3387 13.1858 16.9732 0.0131426 6.77442
21050.5 2.49724 17.2366 25.071 10.6632 10.5897 32.6752 0.0500715 7.1264
22836.3 14.6527 18.2867 15.8329 25.8137 2.45003 9.62196 0.0230065 5.57883
23285.7 19.4946 24.4197 49.9847 25.8126 2.54161 24.4854 0.0177359 10.1165
19031.5 10.5325 21.505 35.4487 14.6544 2.33361 12.3446 0.000486092 4.88034
18997.7 13.891 14.374 13.2662 6.30672 14.5456 0.334478 0.00874356 4.33246
19931.8 15.8595 27.7429 25.9147 7.4532 12.912 13.6784 0.00874356 5.73393
20372.1 18.4588 16.4626 8.07307 6.15008 10.4208 2.45753 0.0207424 3.91016
13022.4 10.874 0.737161 5.11464 24.9175 33.7135 35.1878 0.0245284 9.80298
17260.2 7.8477 1.27087 24.8644 8.38158 18.8339 34.1337 0.172068 9.32616
17646.3 11.235 5.43132 6.09155 16.7724 37.4474 51.322 0.110936 10.7367
21284.9 1.64745 6.41591 21.9429 1.38918 10.6194 35.1903 0.072439 7.12175
14223.8 8.71581 6.2227 5.39969 16.095 1.49912 13.2107 0.0131176 4.32267
18478.4 4.88504 4.58199 7.82596 5.10121 6.04519 13.9138 0.0918025 4.31281
25303 39.9356 5.30375 7.28901 14.9002 13.0075 5.00107 0.0536421 6.8223
23535.6 8.55569 5.15552 10.4868 7.91807 7.52174 4.57343 0.0937881 4.27598
16901.5 6.93352 7.7908 3.64482 33.4675 5.98288 4.13444 0.024086 4.81718
15743.9 24.2996 17.2195 12.3838 10.5917 31.3117 25.1458 0.0425454 8.63223
16058.9 23.8641 18.7614 4.68417 17.6377 22.8125 2.73429 0.0245214 6.52825
17529.8 46.0295 25.9945 50.358 27.1315 2.83973 16.771 0.0157272 12.0004
22355.8 1.05788 12.4844 10.1052 21.8841 15.2032 3.19762 0.0303183 4.92327
20469.7 11.3228 2.34058 13.0384 20.6016 28.2625 6.29813 0.0228868 5.36688
23085 9.30279 27.3408 31.9986 11.4902 40.1388 1.56791 0.0109259 8.24722
16737.6 12.4128 0.649287 7.63906 15.5642 32.0593 19.4388 0.0348624 7.07844
22395.2 24.6441 11.7177 11.6124 21.1957 30.7197 19.1912 0.0436846 7.90833
25760.2 24.5628 11.7923 2.1714 3.12277 17.755 30.2235 0.06966 7.78842
29726 9.10366 23.0965 14.7748 18.1113 4.15607 22.194 0.0240683 7.52471
20682.4 6.5706 0.221209 9.06198 12.217 5.05056 13.3911 0.184008 6.66269
30584.2 8.52182 24.1147 10.4984 23.0266 12.5068 8.31865 0.35106 11.5547
14177.1 8.16112 6.33285 14.9579 4.25988 8.02627 4.22599 0.183415 6.53498
21257.3 14.6333 5.44856 4.98012 10.5932 9.63088 8.0521 0.189113 5.69906
24110.4 15.6652 15.5645 18.3273 1.81624 14.4384 8.17788 0.0707436 5.97523
29057.5 6.57406 19.3627 20.8975 50.289 9.47513 5.56088 0.0194061 9.04723
12974.5 1.84364 26.9983 13.4223 33.3817 16.3039 15.5256 0.0112695 8.21521
21308.8 6.66528 30.985 27.2456 20.7544 17.4799 22.3943 0.00330598 6.93338
27234.9 33.7045 22.2149 9.84198 27.2475 4.61881 52.4605 0.105973 12.871
16962.2 48.6384 5.87347 12.4531 38.8134 5.72169 24.6315 0.110184 11.3496
15600.4 1.77113 1.68354 1.59519 24.3246 10.8877 28.1699 0.0180955 6.33993
17471 38.6702 26.4926 4.27905 3.43325 3.78608 4.7427 0.0908063 7.68137
19453.3 6.48995 35.087 20.7319 19.2735 15.8935 18.8875 0.0115318 6.88643
14513.9 9.34409 25.1356 7.71712 30.508 9.73452 18.5762 0.00300241 6.16813
17886.2 8.24131 12.6515 2.11653 21.2118 9.01093 10.6919 0.231803 7.25738
19765.4 7.78782 3.07159 3.77076 45.6626 8.33879 0.748353 0.0353661 6.42651
16240.3 6.12169 18.977 9.58412 6.84113 36.9901 9.87814 0.0805526 7.31847
15353.5 19.7346 22.3095 33.5308 1.65163 5.091 15.4344 0.060588 8.30795
13676.9 14.798 10.2896 17.9374 7.35165 29.4077 27.5043 0.0896846 9.18646
24759 24.4636 8.17484 17.4334 15.8232 12.3063 28.2512 0.0104702 6.33815
20965.2 4.14045 7.77551 11.3823 13.4511 29.8023 0.65814 0.0640397 6.08965
19299.5 15.7144 5.93026 23.0089 15.0342 22.2873 20.5119 0.000666619 4.77205
19500.4 11.1817 7.89106 22.674 14.7739 29.7424 8.93528 0.0209282 5.76596
19630.7 5.21723 5.8792 1.39744 22.0953 11.8062 22.0375 0.00934807 4.33934
22278.7 1.95319 13.4783 19.7892 1.89592 31.3889 4.43741 0.0326103 5.89357
26771.8 4.70912 17.6959 21.0592 2.31396 22.9315 3.36643 0.075775 6.99867
24504.5 15.5375 5.66608 13.7214 25.0671 42.7813 11.32 0.00532031 6.86272
24673 28.3236 5.19524 9.64856 41.1214 12.689 18.8725 0.028752 8.07684
17051.8 21.7551 23.0578 18.1947 2.2874 0.905695 13.8915 0.00126928 5.00439
18190.3 23.6878 1.99966 26.9185 19.6934 0.71202 10.139 0.00291225 5.58178
16863.3 30.0913 11.2147 5.00325 10.8621 2.11787 12.1734 0.00980539 4.68541
20913.1 24.0375 10.8555 9.37372 14.0729 2.36672 34.8824 0.0111859 5.882
20099.9 12.0383 49.0676 14.895 10.6248 4.87527 16.49 0.0532083 7.80141
14364.6 27.6736 6.99121 18.6025 38.4538 1.84625 16.1277 0.0514892 9.22338
15681.7 18.2536 15.964 49.6893 21.6353 1.79411 3.23296 0.0114544 8.2311
26609.1 10.7017 15.3343 2.09331 23.9367 9.3665 6.2265 0.050366 5.86231
19650.8 7.86157 28.6418 11.3683 10.33 11.0949 0.515048 0.0370466 5.63054
25579.3 12.4389 0.499084 20.7297 24.0837 23.9501 1.37483 0.097448 8.68154
16711.1 17.5535 18.1125 19.6455 4.51031 8.9539 6.13886 0.12603 6.7706
18495.1 24.7775 8.52977 26.7496 5.39052 6.52079 1.12182 0.0199063 5.38992
26025 14.0718 1.21651 4.36128 19.5353 4.44144 2.23083 0.0423112 5.11213
15286.1 10.9217 3.28338 14.0353 8.26716 35.3275 25.5511 0.0413188 7.61125
16813.3 6.57147 7.25829 20.4457 12.684 9.04501 23.3019 0.0520551 5.83904
20392.4 23.5152 23.4978 16.8126 3.98814 19.8719 54.5724 0.0456391 10.2373
21206.6 6.43294 0.864164 4.0598 9.33074 12.7435 22.7657 0.0841986 5.54172
14266.5 4.47038 6.49978 2.90098 15.0269 34.2254 13.1208 0.143732 8.27502
18772.7 4.70715 14.3952 3.00679 12.2565 15.5868 11.9611 0.00402575 3.05908
26926.1 4.47505 5.63492 6.61522 26.9013 33.9728 6.23557 0.0300383 6.76944
18532.2 2.61176 5.30609 5.37777 15.8837 5.93068 40.3228 0.0411431 6.0807
24634.8 12.1889 5.18245 14.1482 36.3706 11.4075 40.2645 0.00507002 7.405
20884.1 12.9041 4.71813 16.543 1.0478 10.083 6.50442 0.00447954 2.93009
19608.5 12.0584 7.16966 16.012 2.45544 5.45495 6.22165 0.00215341 2.20374
22967.3 17.1218 3.54906 6.89955 8.54509 13.5592 12.7196 0.00214009 2.72021
25331.1 10.7503 4.18307 9.97506 9.70604 13.323 0.164994 0.000425485 3.30503
27734.5 2.27093 13.8627 14.5195 16.6135 12.383 45.7731 0.000809169 6.78392
24366 43.5419 5.01356 3.76509 6.16422 31.384 38.577 0.00227602 8.38561
17770.2 7.63656 12.2178 10.5751 21.7186 2.90119 26.5846 0.00412696 4.5265
24001 12.4345 2.94786 5.02505 6.61139 4.35604 9.64175 0.00840099 2.50953
21598.4 26.4153 4.46932 2.82428 6.12905 16.5936 9.01384 0.0124707 4.0571
16317.4 13.5821 31.351 30.4884 5.76934 15.9753 19.6461 0.0625694 8.7597
15663 5.85576 27.8541 35.414 4.99431 23.803 3.21192 0.040463 8.105
22199 7.69019 22.7218 24.007 4.58656 14.6721 5.21263 0.00572544 4.25179
18192.1 19.8378 8.17944 1.68897 4.03156 20.7188 19.3932 0.136686 7.18636
24703.8 19.7085 15.1008 8.99401 18.9622 13.2223 5.07733 0.100304 6.58799
14317.4 5.2016 10.8298 4.32543 15.4948 11.908 7.01561 0.184052 6.85555
20788.5 12.5523 21.9191 1.42904 15.1303 6.35411 3.74283 0.0439608 4.91189
17240.7 5.40143 12.6494 7.15818 6.26374 9.49493 9.3331 0.0416746 3.78909
14627.1 2.39343 9.64288 6.70871 10.2034 5.00323 4.52033 0.0442293 4.30641
20318.4 13.8989 9.41792 3.32095 6.82178 4.95099 16.8395 0.00245734 2.42271
19987.7 23.5404 5.72594 11.4552 9.60058 4.40014 4.72248 0.00245734 2.73998
22745.3 47.9449 2.70774 11.2413 7.38831 4.53057 7.07345 0.0171337 5.80023
20926.7 19.8612 5.99843 18.0915 11.9049 41.1174 23.0588 0.0528591 8.40412
16155.6 13.1936 47.1426 13.7313 19.5967 5.16998 9.30281 0.128029 9.38778
17633.6 17.8755 11.3431 12.4572 3.49663 8.26412 28.7182 0.332802 9.34822
16775.3 22.8309 32.907 2.58845 7.57505 1.00044 32.7479 0.211126 10.7639
16032.6 13.5942 8.03572 33.8499 20.3367 0.84153 32.6521 0.291635 11.9606
23315.7 20.5736 18.5395 18.0429 0.858357 26.9918 9.36957 0.188585 9.1706
15905.5 18.7339 33.4763 1.76139 16.3361 9.85212 9.37637 0.0209761 6.5167
14182.9 16.3359 14.404 14.9918 0.10068 24.6892 11.6036 0.112831 9.35747
24745.3 13.5858 2.62357 14.2498 19.1726 24.515 2.05586 0.0675554 6.58575
30894.2 10.345 4.60112 10.2375 29.1434 3.11186 11.4371 0.0869979 8.17986
24317.6 11.8708 43.8472 2.11817 2.76661 2.20123 13.3755 0.0262422 6.4963
21951.3 13.9487 17.3359 1.77819 4.12341 12.4504 31.7057 0.0430668 6.14152
21312.8 15.7962 9.1235 23.1381 15.6525 15.0974 3.4633 0.0295116 5.21002
23657 16.2786 25.7887 27.0636 14.3053 3.66259 0.80766 0.161924 8.84415
20010.1 22.3272 12.5347 11.5284 23.6886 2.33722 5.58258 0.0103707 4.62095
16356.6 15.3115 30.9137 18.159 13.3166 15.2796 9.83684 0.0572217 7.41592
26362.7 34.2177 10.792 7.90353 5.44018 13.1872 7.503 0.0717344 6.71926
22425.3 21.1618 10.4145 9.97849 12.1477 3.70113 13.1239 0.0129775 3.90777
10650.2 9.38599 16.0582 5.56173 9.26225 23.4526 41.0755 0.0316789 9.55044
22292.3 16.2726 22.3472 16.5156 13.6066 5.06989 14.611 0.000164745 3.51329
24342.3 15.3691 18.2538 16.5911 1.00218 6.80633 31.3601 0.00191387 5.32593
23602.4 12.0167 5.55939 13.7874 6.85857 0.643258 2.28116 0.001369 2.62779
23355.8 7.96874 6.64953 12.3819 23.3746 16.9879 5.8113 0.0127795 4.17473
23015 15.4851 72.0088 23.9322 7.01705 30.6148 3.40692 0.01068 10.6939
21218.2 12.251 7.67631 10.6266 24.1359 18.0746 17.5695 0.0420283 5.79699
21992.9 7.84192 9.19173 1.28117 7.75298 12.3002 30.3891 0.135502 6.75979
19057.9 9.52795 12.0187 16.1516 10.1908 6.25991 1.32929 0.161352 6.05355
23959.9 10.3594 3.17313 23.8708 10.7354 11.8818 5.75561 0.0272086 4.49593
24184.8 13.5993 4.45859 8.48721 9.91811 18.0948 3.17182 0.20262 6.5841
23365.3 16.8147 0.0745308 1.74612 11.1372 23.2254 2.5569 0.290147 9.79188
22868.3 19.1245 14.6698 10.7061 18.3644 53.521 4.19381 0.146435 10.2175
17121.9 30.9455 16.9007 11.2859 14.451 36.6038 2.34837 0.080341 9.04709
21084.1 6.89907 3.35638 2.52649 26.8729 11.7166 6.36446 0.0116502 3.71704
20849.4 13.4255 14.6399 5.72302 14.1788 4.95236 5.46819 0.0690095 4.54055
28013.8 38.0628 3.36429 9.04229 7.94539 50.2713 9.39651 0.0679512 10.5525
16728 13.7756 3.94139 33.136 14.682 24.0952 13.2174 0.107834 8.4765
15401.6 61.375 27.6971 8.88611 12.3141 14.6804 7.61155 0.00027664 8.03844
27162.3 6.04924 3.56065 4.93924 29.6011 14.0673 42.7917 0.0658108 8.94285
27760.3 2.64958 2.52128 8.22142 5.94422 3.47092 42.17 0.0235789 6.43825
11140.8 5.77538 7.8695 18.7557 10.2283 5.03031 15.5305 0.0145408 5.80761
20795.2 7.81468 40.4223 21.3289 2.88176 30.5908 26.1129 0.0185535 8.69095
18499.5 33.073 1.36432 4.43267 15.3949 19.0268 4.7093 0.0185535 5.73225
18174.5 54.5045 14.1161 4.25304 3.88543 19.1377 8.84586 0.0192502 7.4327
16363 29.1128 4.05197 6.54112 38.0069 18.0274 5.48387 0.092247 8.70219
21858.1 10.3905 12.9066 16.6458 4.54765 4.68042 1.57231 0.0226492 3.67946
25320.3 6.54974 5.91161 12.9827 14.4215 3.50632 19.4436 0.082565 5.58965
18505.3 4.20239 4.40374 23.3674 32.0674 9.25878 3.55814 0.118304 7.19322
20058.6 3.70669 57.4731 39.2647 19.0115 17.1651 10.8036 0.0223673 10.3271
21908.9 2.16053 7.29915 3.50338 42.8614 5.1762 16.7028 0.0245148 5.92973
19842.8 1.41015 1.61182 14.3663 33.3779 25.7397 0.41213 0.0184149 7.09452
12880.2 3.73187 34.7378 1.29401 45.2753 22.4498 12.1627 0.0600764 11.2367
17783 6.39847 11.153 0.456664 20.6239 2.20754 3.12079 0.0138555 4.29351
20285.9 3.82459 5.39521 4.01847 3.94528 12.9522 12.5875 0.00290752 2.00157
22044.3 13.6961 19.7401 6.88804 1.41558 6.75522 23.0971 0.00979532 4.40997
15450.6 16.6347 2.86117 10.783 4.28899 5.54869 8.94997 0.0130666 3.67606
16632.3 13.1006 1.52969 22.5027 4.9348 7.03891 5.41955 0.0943345 5.79504
21891.8 12.6042 4.86212 9.71979 14.6884 3.76643 9.79421 0.0927355 4.77407
21333 19.9672 14.747 14.2144 14.8184 30.3167 16.5728 0.140039 8.59612
17963.6 10.6177 0.815731 30.5565 9.89011 18.8808 2.06416 0.00944022 5.38752
23160 25.3004 15.3652 26.3922 8.81406 40.0617 14.458 0.138145 10.4108
21090.5 6.55123 18.8259 5.28516 8.59178 22.8415 11.1967 0.200272 7.07006
31429.2 14.5092 12.6141 13.8596 8.3419 37.3193 5.079 0.021134 8.36676
19061.4 4.98943 25.7225 4.68034 6.01495 31.5675 20.5881 0.0172479 6.11822
21449.7 2.25102 11.2218 11.3966 8.21592 18.3422 12.1483 0.00144758 2.70404
22339.6 19.5278 14.7437 21.4428 42.2903 30.8612 20.2521 0.00323118 8.69746
21572.4 12.8767 1.30739 29.3738 5.68385 2.73546 3.35139 0.001894 3.47266
17804.6 4.86186 14.9947 39.9584 5.20492 21.217 7.01227 0.0177894 6.26464
23584.3 10.0776 9.47428 18.7886 7.62883 8.72306 2.68872 0.011537 3.34068
21325.6 26.4542 13.3078 24.3663 7.0722 23.4689 8.17395 0.00117257 5.01511
13085.1 17.2922 3.75386 11.2473 1.18606 18.2572 13.7936 0.0105431 5.6163
12395.8 19.2764 22.1318 19.2818 10.2195 11.1916 20.548 0.002775 6.72739
15433.1 20.6579 6.00306 36.1216 10.1345 5.00303 22.108 0.00546276 6.39305
13511.4 14.4334 3.72892 23.5879 1.42723 23.149 5.37074 0.00131889 5.22543
26609.3 7.09231 5.3053 4.62761 7.78565 27.1282 12.9614 0.0405762 5.37515
23754.7 2.94903 11.7717 9.58742 12.1342 20.4663 1.86427 0.00722592 3.62729
23189.8 32.9551 5.85278 5.35931 12.5336 9.854 9.59432 0.0163761 4.70879
20053 40.3862 18.1124 1.90826 5.19073 16.6331 5.36559 0.0484453 6.90383
19645.4 3.1695 21.4285 6.32619 3.0245 16.6833 8.88709 0.120323 5.82771
21933.4 5.67365 20.3093 12.5918 21.0916 34.0346 8.4218 0.0187086 6.30686
14997.5 7.6708 55.7558 18.4537 21.5178 12.187 11.2242 0.0932979 10.5506
25081 7.09337 3.30534 7.30167 10.9631 5.70996 9.27122 0.0374012 3.60616
15894 2.67486 14.4314 8.36287 9.76121 7.51997 10.8859 0.00198284 2.77116
19105.4 10.1936 1.0418 15.2598 8.18916 12.9771 42.142 0.0412245 6.98764
20298.2 14.9972 5.57971 4.94239 29.8526 49.6604 7.69462 0.147356 9.83914
26969.3 25.871 26.9374 24.0589 3.65744 38.5171 7.15772 0.0514747 10.0738
21086.5 24.3391 26.7733 14.0807 2.86536 92.3196 5.68478 0.0942964 13.9546
24104.2 23.7979 16.6402 3.27553 2.79922 20.5641 11.8988 0.0870075 6.75932
25160.4 23.3691 22.6882 35.7226 2.87739 18.1756 6.34999 0.0686214 8.71758
17633 31.336 8.4798 3.8682 3.53452 0.496162 31.9871 0.0174771 6.76833
26384.8 12.0964 11.1748 15.0812 9.66646 2.87575 33.3501 0.00036154 4.49622
10918.2 10.7503 24.6049 1.07732 12.2427 15.7746 35.751 0.00295702 8.32995
34261 20.984 19.2021 12.0521 13.449 2.04845 1.55323 0.0169879 9.1007
24291.6 18.1254 0.994889 8.1187 16.0537 22.9293 2.57029 0.244173 8.50921
23472.4 22.2643 20.6047 4.05855 26.2209 13.8834 2.5752 0.275121 9.51885
21184.3 23.1334 10.152 4.35546 5.7045 17.7679 2.56157 0.0874513 5.59893
11598.1 19.6545 6.52962 1.80603 8.05392 24.511 5.97778 0.334753 10.6585
25410.8 19.1504 29.648 2.09812 12.2005 1.33704 5.94267 0.043128 6.40982
20582.4 2.5604 25.7353 31.7963 7.78335 10.9155 1.98048 0.195187 8.46188
27228.5 8.1872 16.6163 11.9504 24.4316 6.96593 2.91627 0.0453707 6.02688
23144.7 8.28303 11.6903 18.0994 18.6754 22.4694 7.91728 0.0386098 5.65735
16374.2 14.7857 21.6285 4.30773 3.91879 7.69992 13.2947 0.0102153 4.15548
25803.8 5.35442 10.3791 1.57655 12.0706 28.4606 1.25547 0.0191096 5.28313
15855 9.7016 8.15539 5.47025 10.4988 22.5646 8.83889 0.0354092 4.82835
21879.6 10.1497 9.1634 4.1171 2.7309 16.5313 41.2443 0.0149144 5.5998
21775.9 12.295 8.17743 12.6814 3.22746 21.2174 12.2094 0.101674 5.73316
26133.6 8.39019 17.3321 0.798606 55.5162 19.8127 4.93296 0.236718 11.8715
20325.3 12.9375 6.96658 27.9655 2.36827 23.4308 10.974 0.0150332 5.27586
15832.7 8.03229 2.48339 11.3403 5.9342 19.1189 10.5038 0.0207329 4.25755
17263 8.07068 4.81717 8.99064 10.9831 6.29606 2.51304 0.0108391 2.72713
21868.6 2.06102 5.78144 15.6685 17.849 1.85382 2.33359 0.13025 5.82904
17874.1 49.552 4.62994 2.12774 33.4203 19.3506 7.67142 0.00592336 7.96512
27004 9.56882 52.3483 3.31949 26.1444 20.274 34.5157 0.00178296 9.90241
18494.7 11.9719 31.0821 4.27947 19.3379 10.0524 56.5103 0.0180016 9.15584
19893 10.9943 3.88731 11.6189 18.2734 17.9054 8.33084 0.0209767 4.20897
19545.9 14.3016 52.0461 3.32185 19.1908 14.8861 13.1272 0.00285143 6.84436
16384.4 17.6396 27.6581 0.953776 0.458953 16.5367 22.9145 0.123009 9.4101
24977.8 8.534 23.8575 13.6056 3.35501 16.3149 12.2229 0.0272777 5.29872
19315.9 17.5028 11.5377 4.49173 4.23235 1.39622 3.97334 0.0429917 4.1046
20331.7 23.0473 10.438 2.99298 6.38901 5.52506 11.5282 0.319324 7.72755
25351.8 20.57 23.2281 21.759 6.18397 34.7407 28.6026 0.0700759 10.209
29291.3 23.7365 2.73574 10.6408 10.8711 12.9506 2.18397 0.0228209 6.0589
17894.6 9.79136 2.5374 4.67656 4.89301 6.40302 3.57208 0.0581696 3.68816
28824.9 10.1964 7.26489 11.4692 10.8207 7.42932 5.836 0.0404571 5.00037
19063.3 2.98122 4.42498 8.09463 22.5608 10.631 6.45997 0.0402674 4.24322
18582.3 6.97138 4.64477 23.513 2.01269 4.00698 4.12819 0.0401397 4.24031
19400.7 12.0088 55.8688 23.2976 23.5435 14.957 3.95037 0.0304244 9.36258
19031.2 8.80042 10.7648 19.1742 25.3138 13.8788 4.63515 0.00912573 4.53243
23743 53.2764 19.4208 40.6492 25.7379 7.7231 9.24443 0.00385291 9.99074
24166 36.2912 11.3029 11.0546 26.5296 4.95865 11.4532 0.139051 8.69641
24121.1 47.4348 6.50516 9.98929 31.8329 6.93281 30.0057 0.0092514 8.76397
24115.2 46.4364 32.262 35.4219 58.9749 16.1454 38.359 0.000729249 15.0811
24144 18.8307 6.26063 24.2023 30.5035 6.90113 60.4023 0.0685987 11.4454
22470.5 3.50132 15.9262 18.7986 7.95043 9.79214 17.0379 0.24703 7.59183
22320.8 13.7823 16.8441 6.42431 31.7834 13.1668 10.0543 0.0413874 6.10076
19215 36.3183 21.7102 4.99407 24.6505 18.0196 4.18721 0.0431816 7.85258
23089.6 66.6859 15.8844 10.1521 16.36 23.4101 17.7888 0.00313151 9.27275
19107.4 26.1082 15.2449 14.769 15.1596 23.4101 15.247 0.00662872 5.91677
19978 7.78101 27.9546 2.23218 39.2413 4.50875 5.16835 0.0465255 6.98189
17080.2 9.93473 8.04232 5.15053 37.8823 11.9136 6.98767 0.00485947 4.6518
22064.9 13.183 6.65708 6.24288 2.65937 13.9873 7.32569 0.00371467 2.3266
18522.1 18.6082 13.8161 24.6617 6.27951 0.96486 1.43898 0.00286888 4.39632
21289.4 15.8336 20.4114 6.18484 24.6357 6.11623 8.05123 0.0106535 4.50178
20790.6 9.3305 20.9314 19.88 9.86303 17.1581 13.4791 0.0339211 5.56683
13724.9 5.95845 33.5404 1.33481 1.85534 3.0151 7.78919 0.0418271 6.59876
18255 11.3894 32.9463 9.1834 17.6834 16.1037 8.044 0.177587 8.33661
11530.8 2.26767 15.9001 4.38526 29.125 6.43809 61.7584 0.152936 13.1908
20432.2 20.258 22.4728 22.7754 5.81664 5.15308 5.9179 0.0644298 6.14055
9293.74 28.4142 1.01867 13.3069 2.58809 6.23492 18.931 0.073903 9.72573
12541.5 14.2196 4.91216 16.2524 0.355982 22.6909 5.88625 0.0391732 7.30513
13972.8 16.4153 5.15051 6.04475 19.3362 31.697 20.0368 0.00572487 6.62377
10455 15.704 8.39901 1.84134 8.10796 1.53588 21.9737 0.00156168 5.79626
19470.3 25.5651 11.2671 10.036 46.08 11.5308 30.6801 0.000978455 7.53193
25189.8 45.412 5.5708 21.9931 7.40188 7.04359 8.68701 0.000192984 5.15062
18624.2 23.0161 23.9016 19.7106 20.9792 0.125948 7.21346 0.00281999 6.62669
19487.3 26.2756 49.2935 30.6164 11.5047 22.8416 4.66681 0.0106567 9.42459
22050.1 46.0277 22.5014 10.8588 17.2442 26.5649 17.9334 0.016421 8.95166
16139.2 4.16918 15.3418 10.6097 11.8462 25.3285 6.16156 0.00028985 3.41344
21216.4 19.7887 8.26829 20.6119 24.7426 4.0703 12.8779 0.0429619 6.0972
18463.8 4.18357 10.588 10.6443 35.7837 2.46833 13.587 0.0379494 5.83858
23381.6 21.6812 4.46042 33.8695 20.2485 13.4899 8.93002 0.00574282 5.89639
15237 12.3642 38.6769 24.3962 10.269 6.95546 4.41999 0.00136824 5.79936
19944.4 13.4473 1.55741 27.3932 23.4414 1.79844 13.8033 0.0096619 5.47884
27174.6 5.03985 6.82177 17.4946 10.4739 18.4739 2.09925 0.0192906 4.85566
17472.8 2.829 7.48326 9.93931 17.8508 12.4871 16.4562 0.0548626 5.1599
14752.2 10.0826 4.85728 41.0814 14.9523 72.8445 28.5181 0.00575354 12.5755
13537.2 5.35074 7.89215 60.5636 8.00306 63.0556 15.6013 0.00830954 12.5074
24780.3 6.85643 7.28921 44.8553 14.2257 40.4356 68.8619 0.00830954 13.0657
18603.2 2.83363 19.4309 64.9853 16.6904 27.8485 77.8861 0.000478015 14.3727
22764.7 4.36152 1.7992 10.1198 14.1743 65.4102 24.0973 0.0303162 9.29519
27120.8 1.56906 25.6868 4.15711 13.5129 12.6541 2.95759 0.0457 6.06633
16041.2 20.5878 25.9017 17.028 16.325 15.0825 0.897705 0.0109058 6.61364
18778.5 23.9807 21.0327 2.64691 5.80504 17.472 0.682217 0.0333709 6.04207
24552.2 22.8467 16.5664 23.6391 20.9827 29.7836 1.88778 0.0407217 8.47031
23880.4 13.357 17.4922 5.82306 9.66959 48.9106 10.6731 0.0849259 8.36875
26315.1 6.37542 13.9356 19.7319 3.60747 17.8272 9.52477 0.0731128 6.10938
22481.8 8.2729 6.54927 7.1683 36.4834 10.1733 3.7058 0.0731123 5.95551
17263.9 1.50209 7.27383 5.8757 6.29063 10.5146 15.1135 0.0693233 4.65343
18174.4 7.66566 17.5131 7.26813 2.62896 2.94637 35.2984 0.0323212 5.73541
22273.6 5.59916 31.2127 7.37268 13.2674 3.18529 1.5116 0.0682302 5.77635
22090.3 8.49103 7.20081 20.2726 15.6554 46.5872 6.77383 0.150835 9.00092
10653.4 12.9896 10.188 14.6531 14.5634 6.1212 11.1773 0.069949 7.45741
17905.1 8.18435 22.5632 8.6303 14.8083 7.98394 10.9496 0.21443 7.23096
17145.4 5.08999 41.0864 5.63392 13.3927 30.4817 10.4356 0.0430918 7.93837
29766.4 2.13267 13.1657 20.2754 19.091 31.7437 9.93568 0.0238703 8.22582
26980.1 13.7444 10.7702 2.77052 16.8165 45.0176 11.2556 0.0354105 7.92242
17897.3 17.9348 10.589 11.0257 15.0231 6.32184 9.32815 0.0398164 4.66088
17044.5 22.4649 17.5423 11.7141 11.4775 25.0837 8.89908 0.161081 8.326
18257.3 20.6113 15.5476 8.39479 10.173 31.427 18.9121 0.0148433 6.28865
17332.6 23.8977 5.48327 14.8856 24.5383 25.8799 25.4458 0.0469477 8.46628
13544.7 44.604 5.94285 8.64626 36.0097 9.33544 34.5884 0.000264469 9.13728
13148.5 26.2928 21.0265 7.23076 8.47485 33.5546 20.3793 0.0314816 9.08939
22874.1 10.7127 14.1125 7.99763 31.4144 25.7091 34.1075 0.0308891 8.26434
26237.9 26.8989 33.4028 9.20517 40.6946 16.6332 17.6117 0.0589358 10.9658
33018.1 20.0839 20.0544 17.2493 9.05369 11.2554 27.6671 0.0737313 10.939
26323.6 9.815 7.08986 17.1766 11.9501 0.508429 25.132 0.0517023 6.69341
17737.6 7.36916 6.15716 19.2739 13.4485 2.31119 20.4049 0.0590397 5.54641
25731.8 6.27696 17.9042 12.6348 3.79278 41.9363 6.39026 0.0829105 7.76294
14546.1 17.8832 7.19887 30.1782 20.729 9.10399 10.9279 0.0840314 8.02553
15222.6 3.0014 9.74125 13.8344 30.7577 14.4296 14.3074 0.066323 7.14183
19077.4 3.03492 13.1548 13.284 51.0693 6.11218 24.8742 0.0611448 8.66252
20784 17.6007 11.4411 24.561 2.55361 6.17963 24.7183 0.0181661 5.51285
19932.4 9.86814 11.6393 15.0181 11.8464 17.6569 0.898278 0.00482217 3.72211
23298.9 9.40887 12.9132 16.5871 3.72623 9.03827 23.8076 0.0439434 5.26465
14885.3 15.6259 2.44887 8.24268 8.92359 1.08353 29.0819 0.0433709 6.44536
30484 13.1484 32.9596 28.4369 3.80059 18.8457 18.485 0.0632265 10.5792
22641.3 11.582 6.45039 12.2199 21.1412 10.809 1.83494 0.168081 6.5265
17891.7 8.23928 2.54526 5.10486 7.46523 1.11129 2.90714 0.224359 6.1194
8657.94 2.50039 5.71087 2.9052 9.82824 12.4613 3.18026 0.249715 9.79007
18692 7.62192 5.57971 7.59406 0.833971 6.75897 3.33775 0.109827 4.72956
28438.6 12.0311 15.4083 13.8517 2.98298 29.8841 10.8856 0.158747 8.86983
20228.8 9.4838 21.2691 7.06697 3.79258 13.4888 7.13588 0.087094 5.12414
9453.94 3.67462 24.0085 6.99984 7.36413 26.6818 13.3435 0.033651 8.71342
16543 4.8816 22.5288 2.48262 7.98197 29.1937 15.2417 0.0728798 7.05544
26076.7 44.3314 4.91178 3.5327 25.8016 12.9189 15.3061 0.0509055 8.60817
17781.4 60.0576 37.6888 7.13749 4.2213 9.07604 8.34281 0.0511714 10.0024
13187.3 0.565065 25.4182 6.15462 7.21255 0.942594 12.6041 0.0519009 7.15343
10368.1 1.21053 1.48379 11.6696 26.1845 1.07247 8.5449 0.0288046 7.80589
20376.5 7.89228 6.48282 6.77882 6.12645 0.407116 24.7785 0.0328101 4.74808
21979.7 19.5636 14.4751 13.4037 15.7606 16.2816 2.9213 0.371633 9.36659
20612.3 48.0958 0.94847 8.50722 7.886 32.0195 1.45898 0.301109 11.7966
18605.4 23.1197 38.5915 17.7718 1.70562 33.6606 5.51057 0.0178024 8.46699
18241.4 17.8123 9.51375 2.73639 0.846324 22.4404 6.30275 0.0205762 4.8111
16375.4 10.7924 23.3852 21.0993 27.6872 18.0225 15.6802 0.00597776 6.80791
19834.4 4.38134 19.3659 29.3233 24.7196 10.1604 12.2114 0.00132138 5.01016
21857.2 8.20078 6.75922 0.844193 7.26416 29.4356 12.0704 0.0603279 5.67178
19864.2 26.581 14.9527 10.1825 4.40227 5.26111 19.1438 0.102361 6.55988
26997.3 1.58774 11.1766 2.55778 5.52045 4.29483 10.2285 0.0625625 4.83639
14122.9 0.610843 3.1927 30.1771 2.15595 27.0946 4.2546 0.0473345 7.86903
23578.7 19.6174 15.5654 18.0502 7.35376 51.5667 3.60116 0.0528516 8.73606
19779.1 11.6122 20.0955 28.5384 8.00099 6.92451 2.9819 0.037153 5.46433
22514 11.6122 21.0892 5.93562 12.9441 41.1765 16.7464 0.145112 9.03994
24314.4 4.57501 20.8919 4.93067 14.3621 1.43596 35.4151 0.0829525 7.46982
22767.8 2.30987 21.7973 10.5489 2.72389 25.0065 4.24263 0.0451752 5.5284
22293.7 6.53806 20.08 10.7267 38.5243 31.5382 6.11518 0.00119815 6.18629
17024.9 23.6999 36.3769 13.9564 28.717 18.6503 12.8491 0.0106441 8.36608
14095.6 20.4236 36.8179 16.3727 0.714035 35.7854 9.80945 0.00747526 9.1588
17935.1 29.2923 18.7949 14.2152 8.91974 4.38127 12.5258 0.0204151 5.55741
19089.8 31.037 11.3405 26.8191 35.0819 30.7055 10.7307 0.0211131 9.52166
18902.5 22.5264 35.9228 32.9748 20.5775 34.0733 4.41955 0.00490455 9.36371
18337.4 39.0833 22.8286 18.8185 19.5918 6.40437 6.02836 0.000518727 5.89125
25368.1 22.1414 12.8697 21.9695 20.1149 29.1317 5.41049 0.00704635 6.76643
22947.4 4.58168 10.7402 17.6758 17.7767 26.1918 3.9299 0.00337588 4.2572
25113.4 13.4301 10.3091 12.9395 11.6848 26.0791 23.6073 0.000623979 4.74318
21682.5 13.5011 1.28268 7.643 7.31802 2.27509 31.0073 0.00433595 4.05923
27290.4 9.55695 10.3568 17.0682 29.1619 5.65762 9.02456 0.179189 8.29822
12750.9 6.41104 24.3658 3.75562 29.0556 2.76028 11.3509 0.205315 9.63798
13789.6 7.97425 15.6694 5.76916 27.0659 2.43317 9.44816 0.26838 9.0593
5167.44 4.87806 10.3957 24.0284 41.2958 4.45464 11.2996 0.426056 17.219
23142.5 12.667 16.1367 19.2501 14.0194 33.1534 34.6322 0.0260848 8.42053
20884.7 9.81231 1.64665 20.0101 23.8457 8.66633 5.765 0.000507853 3.19703
24143 9.94453 6.60894 13.4184 22.4408 19.7619 2.89426 0.0331226 5.27079
16272.6 9.23868 9.54256 10.4427 21.3396 12.2575 5.65637 0.0761455 5.60434
15937.2 11.2692 4.73278 5.2672 25.6418 3.69833 7.62433 0.00717238 3.83608
22112.2 14.6707 7.71631 11.3304 5.21438 4.87602 12.5096 0.00298104 2.3696
18459.2 15.8418 5.74028 9.88993 35.3833 51.5242 4.31412 0.0193168 8.60452
33062.1 11.5431 12.3676 17.7877 36.3133 27.7878 15.3683 0.0642814 12.0575
23867.5 5.23404 9.06423 30.5329 14.5909 17.3168 8.92068 0.243276 8.54574
21618.2 7.33665 20.1618 12.8013 20.1733 28.2257 2.54566 0.0163734 5.70086
21083.1 10.8352 28.6075 12.2227 14.7692 23.5894 18.434 0.00621813 5.8015
19989 1.50522 22.575 18.657 20.2143 2.31763 6.70313 0.0339077 5.61547
17899.8 18.5144 4.96572 24.3899 23.6005 18.0585 2.59855 0.0266662 6.36941
20786.4 10.1975 31.2134 2.93418 18.9269 8.64234 9.17464 0.0583361 6.03667
13777 11.1486 5.86534 11.3392 13.4997 19.1596 5.30907 0.225895 8.03449
20090.7 27.998 20.4547 10.1193 7.96941 6.02817 4.72723 0.000953742 3.50428
22903.7 7.97952 6.4295 0.578617 2.63309 5.84037 17.5538 0.0134682 3.56045
25581 32.5808 5.58796 13.1448 19.9097 25.7523 3.15882 0.0162471 6.93184
17379.8 20.6474 14.9735 6.45992 9.88337 26.2295 23.3733 0.0079041 5.87473
15492.3 72.0388 45.7963 1.49337 5.51646 29.7696 27.6383 0.0079041 13.9833
26067.7 37.6295 41.8753 15.5084 3.30793 9.74012 17.837 0.163296 11.4422
23682.5 3.49621 44.256 5.08115 2.8427 2.31395 39.1053 0.0903234 9.30056
18398.4 15.25 64.5893 13.7143 4.5488 11.0797 11.0889 0.00959753 7.9105
11844 7.03772 2.75399 28.5707 12.7851 27.625 9.39425 0.0228506 7.77471
15451.7 52.0624 0.31219 22.5972 16.7614 12.6027 12.0133 0.0173546 9.45908
21271.7 9.74743 4.33579 11.4163 25.1398 18.3156 40.9192 0.0271777 7.30622
18573.6 12.8814 29.1787 21.7192 12.0012 25.6705 20.2502 0.00561944 6.83278
28006.1 8.99951 21.6902 7.45976 9.36594 19.8013 20.3519 0.0250164 6.47726
17115.6 14.1354 10.1043 41.2646 5.46629 0.73859 20.1555 0.0519453 7.86754
16690.1 21.3637 7.15302 2.68799 5.656 32.0893 2.77463 0.119187 7.39064
27194.4 13.4559 9.04031 10.4181 6.56702 31.2066 12.9212 0.244842 9.07403
25472.4 13.4852 1.284 6.29487 1.85197 7.41844 22.2825 0.300808 8.38051
27529.3 17.7908 9.3922 17.4426 0.983667 4.86347 11.7347 0.14748 7.5087
24832.6 13.4995 28.3025 8.74258 10.4261 15.0402 4.22472 0.02804 5.44108
22153.6 5.9555 20.7858 8.27912 5.22222 10.7127 4.07471 0.0302172 3.76869
24496 3.42563 9.05521 12.8209 7.64151 17.6511 13.8682 0.187133 6.67743
25293.7 25.4893 6.19527 7.63736 8.13659 19.5876 29.3491 0.0100604 6.02321
29233.6 11.0859 5.49309 9.59959 14.0015 18.4715 10.455 0.0769479 6.74202
27147.5 1.79965 4.23036 3.87637 1.69628 23.9681 1.56244 0.077903 6.18762
21314.9 5.83456 15.3763 8.44078 3.3165 13.1127 6.1617 0.00356687 2.34956
17514.2 21.0729 5.2318 13.4678 9.90832 6.7932 4.16797 0.00503164 3.23972
25649.3 11.9722 9.29376 3.69574 9.58273 23.8365 16.8329 0.000432472 3.53532
15989.5 8.90669 12.7825 2.10351 12.9366 23.3078 16.7074 0.0168717 5.26096
17405.8 12.1448 24.8703 2.76368 11.1113 7.20743 23.9914 0.0296456 5.75353
22550.3 12.8882 5.36482 11.4902 6.3513 3.8028 17.7776 0.00218572 2.51608
21098.8 8.25992 9.48635 13.3263 7.89617 17.3783 5.89986 0.0198818 3.50769
25445.6 31.9235 8.18694 16.1457 20.0002 23.843 11.4532 0.00208624 6.21971
19980.8 24.7749 11.2079 11.3785 52.5922 17.0017 5.78844 0.00624634 7.43976
21473.4 18.9028 1.21728 10.0417 5.7511 37.6256 24.7269 0.00338491 6.03135
19345.7 14.6604 1.73703 19.7667 7.51464 3.01368 7.01261 0.0162168 3.75937
21525 5.90862 6.52369 9.58779 21.9249 3.09766 5.52132 0.00735665 2.88605
20443.9 12.4255 21.6 0.0593238 19.2165 6.44843 16.0881 0.00735665 5.94522
19176.4 19.0786 9.14503 15.5949 3.17122 26.4959 10.4298 0.00848782 4.73242
14429.7 13.9226 4.69899 18.792 30.7214 3.63294 3.4917 0.0456481 6.74104
20303.4 42.4526 1.51329 5.67204 7.84459 10.069 20.4863 0.0640937 7.2747
19725.4 1.06593 17.5339 20.0567 15.3307 23.3811 1.53597 0.0446207 6.54653
25587.6 13.6149 30.5131 9.01003 16.5784 9.45237 0.908709 0.0674911 7.1098
27264.1 11.7721 24.3479 17.3492 28.5643 4.2364 10.1638 0.00759467 6.37046
30048.8 11.8948 14.8835 4.65646 25.044 3.76223 13.8781 0.126922 8.47136
24287.6 53.1361 19.5173 18.7616 24.289 4.1251 8.69655 0.417355 13.7955
13778.9 28.038 17.6585 27.7583 37.0929 1.92697 14.1998 0.0571039 10.5872
31366 22.7499 26.3197 3.80309 6.79387 16.7076 14.4324 0.116833 10.0158
23471.1 40.87 32.0954 4.81278 2.55883 18.1366 10.1409 0.0692132 8.76228
14520.2 0.89981 29.79 17.3655 6.90727 31.7818 20.327 0.171929 10.9256
27733.7 3.96749 18.935 5.31396 27.556 17.3852 40.9831 0.22956 11.7278
25431.4 24.8934 23.643 4.42188 11.9031 11.4017 27.5706 0.418332 11.8245
19030.5 16.0091 22.0581 11.1674 11.6923 31.8559 23.2251 0.190707 9.73238
19050.2 13.9726 5.74376 24.1226 20.7594 21.8801 20.1537 0.128158 8.40921
15813.1 14.3412 8.39462 11.9844 11.8798 9.81987 13.3493 0.0130641 4.13268
25206.9 3.17188 1.70694 3.29338 6.25935 15.3924 8.71159 0.0535782 4.39708
15480.6 16.1801 16.8734 10.56 3.84247 7.6757 6.97236 0.00146628 3.20239
23363.5 6.59157 15.3644 20.6725 9.45511 22.9071 7.01403 0.0071034 4.38132
14964.1 7.90957 38.8952 10.5884 24.9752 9.2613 2.86977 0.0334198 7.46711
18912.2 3.8698 18.7221 13.4547 43.3899 24.2022 3.75652 0.0800546 8.60507
26508.2 29.5215 30.3696 6.34029 29.8351 53.5165 3.12076 0.0407683 12.1248
22634.2 3.57544 39.083 0.163563 5.15873 7.20576 2.76494 0.0129747 5.82333
22720.7 10.3408 0.887051 7.43496 13.602 5.06161 2.62294 0.00319303 2.55109
22769.9 4.44088 8.88463 9.07048 4.77779 22.4088 19.0056 0.0258562 4.48146
16482.9 7.21437 14.8878 4.39729 7.85474 7.24247 10.4144 0.00411014 2.69655
16328.9 5.88855 25.9846 3.03289 4.43535 3.56702 10.2853 0.00411014 3.49966
17243.4 19.4361 20.2731 2.79799 9.26971 33.9668 14.1093 0.00411014 5.8897
14712.6 9.01703 8.67336 4.99601 16.5076 10.9631 24.9649 0.0344072 5.76607
13918.7 3.02539 1.71618 38.8486 27.256 2.68801 7.09234 0.0176351 7.45999
27803.8 22.1597 4.50269 62.4559 7.19064 15.8824 20.985 0.0110656 9.97464
18555 2.49345 4.25779 10.0197 1.26925 21.9463 20.8046 0.0736004 5.97522
15260 4.87609 3.57754 8.7808 23.7822 18.4831 25.0304 0.0523542 6.95349
23893.5 5.88579 5.28229 2.95054 14.5661 11.6332 5.11604 0.0336325 3.6065
19080.4 26.9046 2.96828 14.6385 14.2734 4.88866 13.6893 0.0697873 6.05285
21302.6 7.88077 0.832612 23.6057 21.2079 17.1917 14.0153 0.0663152 6.83017
24738.4 6.8155 10.5281 11.2713 31.5703 6.92967 14.6191 0.0246222 5.39794
22607 5.70552 20.5434 3.45503 19.7982 8.81744 13.5423 0.0170558 4.3729
22868.8 11.7494 9.39493 70.3849 28.6979 25.4035 24.1904 0.00637551 11.1835
22272 22.1866 54.7277 17.1577 13.8498 19.8434 5.57481 0.095945 10.3331
23827.2 26.3084 24.8593 8.53491 42.4461 16.2744 2.08296 0.0613992 9.37443
25126.3 27.1194 82.3715 2.71195 37.2269 16.7401 5.6803 0.0782181 14.5391
19465.3 12.6861 45.8576 3.13704 8.95411 23.6916 12.7506 0.0663932 8.1904
24581.9 14.1884 7.62293 8.1455 16.2109 18.7383 6.38132 0.0970652 5.88521
13838.1 36.2122 14.9613 26.422 14.5401 16.4254 23.3667 0.0629412 10.341
14943 16.6076 15.0649 8.18864 11.749 10.8695 50.8414 0.134342 10.0729
18123.3 9.23826 9.04785 4.09051 12.7814 12.8145 25.345 0.172298 6.96784
26334.5 13.549 11.8079 3.49006 7.41534 16.0837 36.1214 0.0462237 6.97419
22455.6 42.8221 14.7413 2.08203 17.2786 30.0746 18.0253 0.0462944 9.1737
22168.7 19.2077 76.1286 6.78042 10.3218 22.7413 48.3351 0.292647 16.8765
27536.6 21.2048 40.0789 6.44259 50.3251 36.0279 35.8012 0.317869 18.2447
14696 23.7203 8.42448 10.8689 14.1417 27.068 20.2633 0.150261 9.32528
19587.7 31.9902 0.992106 24.0931 36.2195 2.22088 3.28559 0.0955363 9.38955
21033.7 28.5024 16.2263 10.8351 12.2096 2.358 29.4336 0.0126322 6.14596
23317.6 14.0543 6.04607 34.6339 29.5018 2.84291 15.4896 0.0763242 8.12688
21102.2 17.1547 3.80642 4.87024 2.27334 14.6781 8.13933 0.0448852 4.1616
22676.3 22.2434 8.47746 8.01553 20.6531 1.41917 10.3372 0.147549 6.91775
20626.3 16.8479 8.90714 11.575 20.5999 33.7673 12.3099 0.0250156 6.40882
17925.7 34.796 2.66533 4.08076 3.8652 15.0494 9.30618 0.013878 4.95519
17372.7 21.2225 12.5418 22.0172 7.20658 11.2213 13.3134 0.0482838 6.0336
18462.6 11.7449 9.72105 3.061 6.06554 47.9883 11.9673 0.0738669 7.46797
20831.4 14.2381 5.46086 6.65446 12.1419 36.6051 6.72384 0.0373031 5.64167
25607.1 12.6291 14.0219 0.770502 22.1987 5.46428 4.80566 0.0735078 6.13662
22431 13.7639 11.0039 22.3089 8.10525 4.02594 8.24987 0.0395118 4.57337
20320.5 5.47729 1.97511 23.3027 0.350026 27.6267 1.15385 0.0296685 6.42544
16786.4 5.66771 5.91538 23.229 0.311872 12.0082 1.23138 0.0347133 5.683
17243.8 20.7963 5.32173 21.6525 25.273 17.2219 11.1596 0.196297 9.10096
15787.3 16.0064 4.75021 36.0687 4.368 12.6874 46.1333 0.053616 9.66099
18455.9 8.40927 1.21966 7.8093 37.2464 24.8777 21.4751 0.0643822 8.21687
22817.4 1.54271 6.24263 11.9257 40.7744 21.3935 13.0333 0.219264 9.5615
23291.1 23.5223 19.8884 20.2524 15.3953 1.99932 28.1746 0.152321 9.40158
22687.4 12.6284 22.6584 14.5159 6.84802 8.38436 27.4208 0.259489 8.90462
22921.2 19.0658 1.28529 26.6252 3.05526 17.7252 3.48332 0.0537875 6.28357
23460.3 10.313 19.7686 14.8218 19.6731 2.41073 7.60265 0.19436 7.42915
14699 13.4618 9.89028 11.9832 17.5289 0.904369 5.68566 0.00819156 4.52247
17849.7 5.88802 14.0667 3.01329 7.28194 0.904369 6.91918 0.00110453 2.2213
17764.8 6.86362 7.11294 4.63235 7.28194 0.904369 24.2142 7.01477e-05 2.40808
17811.3 19.9436 14.3646 7.81519 11.9064 19.1923 26.6426 0.0127798 5.83037
23193.1 26.6483 24.1532 7.34748 4.76164 29.9024 23.6968 0.0244599 7.73318
18645.4 6.86295 22.1234 1.06725 7.48917 24.424 58.9138 0.0627978 10.1147
18433.2 30.9248 18.1733 5.65965 21.5765 24.6615 28.9974 0.135663 10.3856
19260.4 6.95497 22.7209 12.544 30.7334 14.9743 4.45784 0.00760744 5.24212
23850.5 10.7455 7.63698 24.0967 3.55128 29.5648 7.36921 0.00947244 5.048
21088.5 5.37071 11.7028 22.1256 29.3747 3.5368 11.0486 0.00351937 4.39642
19265.9 33.1962 8.27515 5.75983 12.0331 10.4622 2.10157 0.0096411 4.44701
18508.6 4.24903 19.9438 14.0107 10.88 0.527379 52.119 0.00299254 7.08575
13171.3 4.95284 4.35908 15.6399 11.3446 1.69973 16.059 0.0223377 5.26287
21579.4 7.02047 3.68582 11.3561 2.06135 6.15685 23.4909 0.00958446 3.37216
25984.4 6.75861 11.8967 10.8456 22.5023 23.8034 25.786 0.00958446 6.29648
15992.5 17.6027 3.06321 3.16928 21.1943 2.77323 18.0966 0.0167994 5.11338
21911.1 15.951 21.8548 12.5313 20.852 7.59836 21.1537 0.0764112 7.07447
18202.2 20.5287 19.3322 15.2574 13.1228 0.229201 2.68808 0.173465 8.42388
29802.8 14.0723 32.6843 1.96046 16.6714 8.79293 28.0009 0.172405 11.0898
18599.9 27.578 40.5647 17.851 37.8105 2.35947 12.8912 0.0758827 10.8271
21684.6 0.809567 12.0251 17.3825 17.5428 9.14908 3.47239 0.0127641 4.15411
21224.6 2.5088 5.13176 12.6968 23.9434 9.12685 16.5025 0.0218082 4.5181
8457.83 11.6747 0.953044 5.46152 13.8869 1.4665 13.2795 0.0191647 7.64734
19456.1 6.7178 5.75127 29.2155 19.7843 18.5918 1.10927 0.0292224 6.02658
12554.9 8.25154 11.9248 24.7079 14.8631 9.11248 11.9241 0.000836198 4.92391
19187.9 2.90548 13.8045 13.4098 13.0405 71.8448 19.8001 0.00216306 8.5475
21754 22.7357 27.0576 6.64789 31.2224 22.7383 23.5 0.0280444 8.73641
12911.7 31.9668 32.7305 8.24653 29.4541 14.2422 2.70369 0.00212911 8.40872
18475.5 30.584 34.5997 11.7007 85.3129 13.6908 2.70369 0.00212911 12.2578
31552.5 19.8887 14.2054 22.9689 26.6202 3.74515 22.1801 0.00212911 8.51699
28951.5 19.3484 16.3275 9.85403 5.9166 9.24679 26.4622 0.00558599 6.0185
16439.4 19.3781 43.6504 4.2285 41.8744 0.252474 11.5452 0.0197977 10.1402
19417.9 17.9463 26.6791 11.8422 21.0067 19.2211 37.5137 0.00849174 7.94058
20349.6 17.1593 41.7162 30.559 15.735 5.32834 8.01886 0.00364702 6.83254
24108.2 31.8271 4.77165 27.8363 20.0794 1.16208 12.8837 0.00387431 6.34163
19142.8 4.13312 5.58702 31.3647 16.426 23.5199 9.722 0.00167854 4.70913
16447.1 8.37643 4.7321 0.401396 63.099 12.0133 4.70426 0.00174685 7.30129
22562.3 4.30951 13.172 19.5005 22.21 21.1252 15.3899 0.000156253 4.11381
24487.2 9.71001 10.4455 23.0936 21.0326 5.67983 0.454216 0.010756 5.20809
19207.4 13.2818 6.85337 29.0134 12.8691 15.8501 3.80777 0.00120756 3.8383
19837.4 13.1291 3.13438 3.13937 23.8187 32.3877 8.21829 0.0436121 6.32589
18368.5 19.5889 13.8493 18.4487 19.5066 31.4648 24.5168 0.130451 9.85547
18974.7 10.5523 3.71232 13.3628 18.3113 36.4075 27.9471 0.0243427 7.31985
11593.2 17.7176 9.60951 3.88601 3.15218 30.5402 23.7007 0.0540647 8.77665
18251.6 6.72604 8.33976 10.9803 12.9231 17.8932 2.23636 0.00563218 3.16642
22276 5.9715 4.16276 4.17467 12.836 13.6596 14.967 0.0119176 3.15464
17457.8 1.67691 2.92317 20.9593 12.3579 23.9053 23.4676 0.0160834 6.051
23273.2 10.1749 12.3887 12.0741 12.7938 8.06311 22.9835 0.0533005 5.34572
18365.7 12.1001 14.6169 13.7889 17.7689 25.2752 1.38427 0.020008 5.63749
20950.7 1.81782 2.50452 26.3978 19.5191 51.8934 27.4687 0.0099627 9.14086
16314.6 4.48231 12.9469 7.19554 3.26245 18.0073 29.0753 0.0168484 5.27718
19974.1 6.17511 13.2515 1.06772 24.2489 9.70503 16.5896 0.00136683 3.66458
18668.5 3.27472 12.1948 15.7818 8.62327 14.5865 6.49632 0.0297522 4.04191
16553.2 17.7018 4.1556 33.7213 1.10182 9.79046 6.06895 0.0270569 6.03016
16554.3 35.3567 22.5698 6.28024 0.116882 17.3529 11.7408 0.0125248 7.76042
16547.4 22.5382 22.2044 31.6379 33.3153 8.80412 9.83526 0.0465135 9.2134
16043.1 21.0648 27.8071 44.1464 10.779 10.572 26.3273 0.0797377 10.8743
16899.4 13.2985 32.3741 16.7067 2.78895 13.8555 5.20782 0.0528775 6.61292
28908.3 0.0490875 25.6309 21.3589 6.0251 17.8609 21.5759 0.0461852 10.0397
10735 9.6197 1.56754 24.7399 1.67802 11.2542 3.88584 0.0799969 8.02867
22643.2 6.8765 7.54713 15.9099 18.3998 24.5869 3.82638 0.0326751 5.17192
25765.6 7.96486 21.627 17.3602 14.9656 8.27516 5.20167 0.00455218 4.19937
21481.2 8.59487 28.0145 21.5516 3.78278 20.5647 8.32288 6.52589e-05 3.86854
18949.8 14.0845 6.7097 19.8313 27.376 15.2515 6.17584 0.00147685 4.26346
16910.6 1.56932 2.73979 13.5142 13.1868 11.6169 4.5515 0.000335078 2.37508
24148.6 3.10645 4.14891 36.1075 81.2822 19.4403 4.86097 0.00218406 10.6717
23338.7 12.2094 10.2319 68.6245 5.87266 24.1044 14.1556 0.00720799 8.86675
24363.4 8.96618 8.44433 21.2418 2.63279 30.9836 36.9509 0.0027933 6.64736
14698.2 16.274 9.01106 35.5776 22.9935 24.0364 0.155599 0.0157975 9.1489
33218.5 11.0581 3.63481 7.90476 16.8317 32.245 11.5247 0.0532015 9.59917
16874 25.1258 12.9429 9.76802 4.88239 4.32996 22.2573 0.0128589 5.04433
17474.3 17.8132 12.0974 8.1817 38.0434 2.75267 20.1371 0.00446472 5.92495
17485.2 12.5666 9.05414 36.6333 12.2711 8.93323 29.4068 0.0790297 8.29745
19133.9 3.57949 8.76172 12.3431 53.5195 5.8494 26.6498 0.0144912 7.54468
17847.6 42.1325 52.8613 0.329863 7.16852 8.64603 5.63876 0.035152 10.1803
22016.5 39.2637 34.7139 6.93643 3.75002 9.0476 24.0229 0.027677 8.21356
16521.9 6.26456 20.802 2.57103 13.0461 9.8033 14.8224 0.0121444 4.31778
21211.7 4.45091 1.20153 11.5445 12.2288 21.8799 36.5455 0.0815123 7.52015
22034 9.04118 8.11601 12.7681 17.1798 18.3291 4.13218 0.460588 9.40343
21630 14.8889 22.5598 25.3286 29.8754 45.8745 34.675 0.131044 13.4693
21118.2 13.0799 20.9855 7.56445 9.08571 23.8174 15.1523 0.0765357 6.41176
27067.3 3.29502 20.5382 33.2216 11.545 43.0959 20.2928 0.140444 11.8135
27125.2 13.5324 10.0717 11.9327 6.65981 25.9464 10.0523 0.0227047 5.50927
21484.4 15.1498 24.9558 7.87712 5.25688 5.23328 9.8172 0.0184005 4.09045
24350.5 12.0966 7.50674 20.8221 8.44649 18.0053 16.156 0.0295205 5.3015
18365.4 11.985 10.584 26.925 4.04586 1.43758 4.12521 0.0252867 4.68077
22836.2 7.84054 11.9465 9.15744 9.58886 3.89514 28.0821 9.57906e-05 2.63174
20182.3 5.66608 38.3666 8.86269 23.9788 7.89525 16.783 9.57906e-05 4.6948
29278 13.0272 1.04243 2.58943 31.4909 7.65633 31.9337 0.000924282 6.99524
21596.8 18.4981 19.6785 9.90134 4.61123 12.5613 15.6137 0.0153529 4.53705
20886.4 14.6292 31.9122 1.3859 17.6244 4.11846 2.79135 0.010629 5.07829
24373.4 8.53541 11.8728 6.27425 4.64734 5.30596 5.34356 0.0218338 2.98115
23357.4 18.6955 3.81204 10.0644 6.04491 6.81652 28.8755 0.025531 5.0249
24321.1 12.8942 1.37327 17.404 8.11603 3.43828 2.90173 0.0068596 3.33307
19806.2 4.03659 3.49435 19.2027 20.8317 0.454367 27.2926 0.0314712 6.42498
19905.1 1.97768 7.57916 1.5837 26.0487 20.4577 0.60202 0.00309441 4.56016
18500.5 1.83436 20.003 4.22319 44.7271 20.7121 1.11172 0.00926818 7.0553
24403 2.25227 16.465 40.8855 28.919 16.3101 1.9581 0.00509018 7.27733
21230.7 6.56317 13.7229 8.58365 5.84843 0.350121 5.94936 0.000895126 2.32258
20120.5 8.17109 9.46391 21.0635 14.2667 41.212 6.31079 0.0234827 6.47523
27930.5 3.10083 23.0446 25.9838 14.9711 20.2154 5.69752 0.000280207 5.53344
22657.3 10.5305 22.2469 24.9574 11.0062 35.2596 8.41336 0.0376205 7.52257
20899.8 15.5946 14.7941 21.2432 36.1932 16.0054 1.49811 0.00945104 6.55931
22209.4 8.8318 24.4976 3.61528 30.4754 27.8726 5.27723 0.00400393 5.83626
19180 2.24677 32.0824 27.9493 3.79539 25.9777 8.33731 0.0565734 7.91894
21289.7 5.36711 25.9552 0.466069 6.84094 10.2366 38.6127 0.00184955 5.71517
34127.5 5.36993 13.6254 1.65337 7.43161 7.61454 2.33048 0.00213467 6.16672
24886.2 11.9463 9.13249 3.42992 6.99216 3.35407 1.56182 0.0170069 3.25416
29186.3 10.5951 11.6436 20.2914 3.69329 4.66934 23.2361 0.00338841 5.35132
19287.9 10.823 11.4511 1.34376 10.8611 3.04752 20.5598 0.0100531 3.75569
19472.2 26.492 4.01735 1.59704 23.1469 11.1384 15.4429 0.00944723 5.18325
20022.5 24.8781 4.21485 1.16699 56.2092 13.6148 0.638563 0.00944723 8.24621
28483.8 1.57992 24.4882 0.924604 70.0966 12.0818 32.2028 0.00599554 12.0949
15015.5 20.3037 10.6901 6.15035 10.9549 27.6192 6.52417 0.00726778 5.20125
21067 7.27925 16.8597 13.5867 11.9401 5.8247 9.62311 0.0285807 3.91508
18839.7 15.5777 16.9997 7.0578 12.157 22.6293 10.0065 0.0294837 5.20809
26705.4 12.1875 22.0476 2.39443 6.71221 25.4994 1.48327 0.0135936 5.69701
20636.8 6.29483 22.8965 28.5514 6.62725 53.0829 21.136 0.0545982 10.1773
21364.6 4.6882 19.543 18.4766 3.28265 53.1501 6.88352 0.0906737 8.86467
27339.9 19.8939 16.2556 8.48222 16.9464 0.982668 12.2992 0.0325073 6.33074
13873.4 33.3806 18.8164 8.92934 11.4697 9.50426 18.2478 0.160799 9.48751
22987.1 34.3083 32.3981 1.10221 12.8489 24.4739 19.2191 0.0111295 8.38335
19337.1 13.8492 21.3268 26.7474 16.2564 1.4464 10.6114 0.0183646 5.8778
17310.5 13.2957 44.7665 12.2058 29.0786 21.8569 19.332 0.0615668 10.2453
21896.5 3.73895 5.91697 15.8084 26.2036 7.55902 15.2824 0.017378 4.5536
17891.8 24.9601 47.7319 70.6299 28.6533 7.68018 8.45363 0.00186663 12.5374
15255.3 6.39159 43.8319 4.20858 18.6137 14.3688 18.6382 0.0665512 8.70811
14774.7 9.99158 34.0297 10.7087 19.1658 5.48068 17.6314 0.119561 8.62847
14457.8 8.46552 8.22528 20.6335 8.1431 1.98337 28.0249 0.0172519 5.86949
16930.3 9.72022 14.6132 113.263 21.5048 18.6952 2.30439 0.016909 14.0627
26607.7 18.9144 9.84077 56.1506 12.3571 28.2278 6.88837 0.0213727 9.67322
26931.6 7.35668 4.61269 25.5836 13.3532 9.08399 23.9366 0.146126 8.12098
26427.3 4.78108 5.98791 16.4981 31.5988 23.2936 32.5555 0.0976256 9.70237
30053.1 20.0754 9.88866 7.47944 36.1365 5.87199 27.4928 0.0301827 9.13909
19790.8 18.5052 10.3163 13.9906 31.8585 4.91129 24.78 0.0518634 7.26931
24995.7 2.46916 12.7308 6.27754 23.3785 10.1369 9.30382 0.0024254 3.42566
20537.6 33.2162 12.2217 13.6868 8.73507 6.37632 1.65097 0.0056482 4.43446
23127.8 0.257849 3.58133 1.46321 5.24327 6.99783 2.71137 0.0415434 4.36728
21325.4 3.72859 0.393491 38.7996 12.9151 5.64386 1.25203 0.00187026 5.00255
18221.6 16.3494 12.5178 7.33477 11.5639 13.0839 9.4408 0.00958705 3.58666
19692.9 15.0878 11.752 2.76781 18.8232 11.9096 29.3121 0.0249275 5.77115
21834 8.86667 30.5982 8.16009 32.5921 11.7207 77.0641 0.0325696 12.3915
12641 3.61159 9.02898 31.7095 32.6757 10.743 2.95734 0.0424574 8.43553
26041.8 24.7113 0.646276 12.7449 22.7691 5.18454 10.5163 0.0110854 5.82203
24978.1 22.9709 8.48056 30.0647 4.16643 3.62137 3.83405 0.0245149 5.59865
31436.2 11.4853 2.61645 33.6462 39.1364 8.37658 8.51009 0.0428171 10.3495
20700.5 11.4221 6.72722 13.3952 19.3521 11.0606 6.64212 0.00865364 3.38213
22960.6 11.6307 38.8438 0.691051 5.33011 2.44705 35.5063 0.00652876 7.08853
26142.7 13.3892 7.78874 29.68 4.08797 0.489887 29.7893 0.0336064 7.6119
29860 10.2998 9.61114 1.35821 0.306886 6.1664 23.4323 0.0771979 7.98473
27030.3 5.86254 0.993351 0.393101 7.70993 8.08864 6.09528 0.0172683 4.42036
19596.9 18.1176 11.5804 28.8041 6.84465 8.08864 18.653 0.002525 4.5254
22061.1 26.7068 13.9984 17.4249 6.29833 1.57666 7.18595 0.0287238 5.19495
13671.1 28.6667 29.1583 32.0641 3.77589 1.15467 4.13687 0.0430961 9.27598
25514.8 47.1745 45.4586 9.15403 14.8467 6.36094 3.14332 0.0669481 10.5117
23364.6 50.4103 8.79747 3.90336 15.1111 26.6896 24.6788 0.0629905 9.86329
17512.3 32.8314 1.63699 1.89655 0.376671 15.2592 1.23639 0.0121219 6.11548
21425.6 9.32124 29.4731 9.8206 3.47882 0.609331 10.6519 0.0375186 5.42058
24586.3 8.43186 14.4264 18.6758 20.4422 9.04461 2.49663 0.0332433 5.23269
24144.8 24.3803 5.53024 7.56798 13.0088 9.32326 16.2406 0.0113834 4.36295
28437 5.06108 1.328 0.630971 2.61023 3.72389 4.76788 0.00039987 3.10295
19722.7 0.749775 2.09522 18.2698 2.61023 16.5536 9.90321 0.00427447 3.65345
13190 4.49711 15.9158 26.0103 16.5416 24.3424 21.0784 0.00718871 7.49501
21154.4 4.4327 17.845 23.6553 14.5149 4.62914 13.4796 0.021654 4.8465
23444.5 13.4052 15.4115 18.8107 5.18563 19.4283 8.03666 0.0423947 5.39656
19003.4 13.7335 2.32883 5.4304 4.38386 7.85543 16.0102 0.0553322 4.2888
13722.3 6.51148 7.26224 8.76111 1.69463 12.7785 21.9586 0.111633 6.8719
16215 22.1398 16.9388 23.4876 4.70897 18.0188 26.7232 0.114852 9.16069
12619.8 21.5408 8.37012 8.69412 19.3391 39.6519 11.4702 0.152277 10.6237
25996.2 17.8135 18.6475 14.4663 9.8441 31.0813 30.1291 0.0530208 8.92797
18214.1 7.54495 13.8238 17.0059 6.25138 8.97919 17.4326 0.0609848 5.15095
21352.9 0.150824 33.5301 12.2568 11.6494 6.13341 7.12964 0.0150261 5.83371
20582.7 4.25695 6.44298 2.66656 6.46378 18.3337 11.6135 0.00432583 2.53297
20476.8 2.55014 13.906 39.572 13.2821 16.0524 14.2019 0.0281624 6.67979
18227.9 6.39567 13.5063 17.0673 7.97977 11.2148 10.7027 0.0246806 4.03727
19508.9 5.56316 40.9311 12.4205 59.0754 23.786 12.0326 0.0440657 11.2953
13766 0.684763 53.2256 16.869 44.6468 18.4806 19.0609 0.0031335 11.5941
16402.7 1.75872 28.7478 10.2284 10.5318 31.1898 15.6884 0.0505061 7.76304
17190.2 7.73776 3.1219 14.6301 3.14736 8.22802 0.1326 0.0753138 5.7849
14929.4 6.89891 13.7747 3.00788 4.69544 21.1561 9.15712 0.00861942 4.12966
24968 3.37285 47.2338 5.32531 6.20571 3.6706 6.70724 0.0121756 5.56497
23493 20.3045 17.9078 9.20366 5.08082 0.878335 9.60211 0.0283393 4.88
26977.3 6.61522 24.3073 48.3029 19.95 3.99439 11.539 0.0144113 8.38849
16304.3 14.0575 2.33711 56.8027 22.0535 13.8116 20.0083 0.0034642 8.47898
26330.9 2.16347 2.75648 10.9567 28.9555 6.43004 5.53326 0.00521038 4.20548
32692.1 14.0931 0.405043 32.9894 6.3685 4.07025 2.93194 0.0140362 8.51621
21351.2 11.1563 2.57984 7.23103 18.0293 13.2259 11.2656 0.0153666 3.67662
26919.8 21.2377 3.15355 12.8811 24.5685 20.4449 15.2172 0.0125917 6.59155
15844.7 17.513 5.71432 15.0965 15.534 21.9885 9.95707 0.0179989 5.50546
20469.3 13.6966 15.5578 8.78975 4.31131 4.79067 11.8106 0.00413817 2.67366
19743.2 11.7741 16.4748 38.6848 1.45905 13.881 9.41854 0.0142186 6.00102
30123 14.7718 19.2793 38.6711 8.5534 21.7279 9.90194 0.0244128 9.18809
24881.1 42.7613 42.1859 21.76 11.8837 21.6297 18.0563 0.00535427 10.1108
14231.1 11.1447 17.1974 12.7025 18.2996 32.7689 2.60997 0.00985357 6.64316
19354.2 23.0256 32.373 15.3977 27.5367 29.0835 17.661 0.00718741 8.625
26061.2 11.6123 61.6351 3.42598 24.6949 38.1244 16.9443 0.349637 15.8768
14087.8 2.16146 8.49659 13.6457 39.8792 10.3074 53.5763 0.314074 14.1064
17892.9 3.57636 14.0709 37.0394 18.0659 14.086 50.4835 0.155631 11.7806
16931.1 16.4241 30.9654 48.004 25.7997 2.34949 27.4721 0.0971014 12.2879
22586.5 5.09453 6.92416 37.0651 22.4357 16.579 20.2309 0.0148575 6.76788
27294.8 25.5188 37.2536 50.9254 15.6302 36.2904 16.382 0.0792186 14.6122
28985.4 11.8861 16.8157 10.6447 49.4068 5.67247 18.9576 0.151695 11.1033
23791.9 7.02786 4.01514 3.93692 27.5588 23.8218 6.26348 0.602806 11.9671
27559 16.209 11.1783 18.8537 35.3543 16.7732 23.8275 0.0566796 9.42818
14005.5 14.3749 7.57142 4.29059 6.60016 33.9443 15.0184 0.0158833 6.16612
24925.3 11.5153 13.6065 11.8862 7.63841 4.39965 8.40259 0.0594499 4.569
23746.3 18.9717 4.7744 20.012 22.733 11.2248 18.6378 0.0245429 6.09708
29167.8 3.72138 10.019 15.7896 1.23435 6.20816 15.3732 0.0212596 5.42941
24809.9 32.0147 8.17251 13.613 9.21428 8.91368 13.6389 0.0854619 6.76851
20875.7 26.5616 12.3707 25.8457 14.4385 6.27109 27.9093 0.00411844 6.17935
24418 46.6489 16.6442 7.0901 13.4693 8.87279 12.4338 0.197331 9.65327
21871.6 20.2509 7.07923 7.93703 6.22991 8.3551 12.6305 0.216792 6.50672
22681.9 16.4915 43.0834 4.81686 16.3412 6.69863 12.4865 0.0878548 7.868
27301 48.0892 4.16657 20.1018 14.0567 8.944 15.1629 0.0296123 8.51716
19331.6 7.27151 2.92274 4.29324 9.61828 10.6867 14.0665 0.127973 5.07226
13587.1 4.44607 4.04038 21.729 7.9224 14.5186 15.6502 0.106942 7.14094
25150.6 5.46739 15.5315 37.5836 8.59394 21.2609 13.9579 0.0453011 7.47636
13021.2 10.5381 11.6233 21.6683 10.7236 20.5674 12.3208 0.0444445 7.07498
17853.7 6.00193 1.14421 16.688 11.3832 20.4045 10.7386 0.00333289 3.79044
18061.3 4.19944 15.6578 0.728645 2.85731 12.7036 2.05925 0.00333289 3.14134
21267.1 7.44622 24.9749 1.23229 9.26691 22.9148 3.25822 0.0286963 5.29517
23662 12.7717 9.79066 16.4492 23.6479 19.559 27.0474 0.00651465 6.06053
19521.1 8.60251 5.22131 11.3263 52.7122 48.7621 6.88101 0.00386829 8.64213
19555.1 11.7915 15.3761 1.15564 12.1519 6.00758 45.0984 0.0131335 6.32865
17638.2 19.616 14.985 15.3615 20.4551 6.64434 24.3357 0.029429 6.51445
20068.4 3.27392 5.23416 21.3547 3.61814 10.2373 54.6277 0.00963966 6.7737
17632.6 4.43609 10.1381 1.75914 1.3304 9.11034 56.2365 0.104007 8.83404
26342.4 8.49267 1.59908 23.956 8.88875 16.1766 2.68397 0.112164 6.8257
21489.9 9.76201 14.1097 36.0627 4.54049 18.6218 2.52329 0.156446 7.97954
25424.8 12.6528 14.2717 0.355285 7.94213 9.43485 13.9257 0.181325 7.40912
33869.8 9.09389 10.2608 7.51331 10.0467 2.34081 14.4081 0.0617176 8.24991
16340.3 10.8062 3.24988 5.24076 14.4365 19.8886 2.64034 0.138709 6.35708
13731.6 25.0667 10.9063 2.65484 26.1761 5.20299 7.98052 0.0171407 6.23823
31945.2 2.04632 2.28164 1.68982 40.1612 12.1038 3.38671 0.00475778 7.68921
23121.8 10.9853 14.8968 7.65127 15.9848 2.63747 4.62745 0.0122199 3.39603
23711.4 7.15759 10.2616 11.4101 15.7582 30.7813 9.58693 0.041691 5.77532
20674.3 13.4316 18.6499 12.5242 8.9548 14.0626 22.5812 0.00220753 4.07682
28110.3 21.3232 17.0975 9.35192 17.0924 8.69195 15.4298 0.00468946 5.55319
24844.2 20.8048 14.0671 20.2664 2.73507 8.64441 17.398 0.0105617 5.13385
28667.8 23.4011 1.62884 0.918145 16.2294 6.56192 0.846175 0.003105 5.54358
23595.7 23.8401 40.6295 7.08707 1.6782 2.12938 25.9879 0.034213 8.13791
16406.6 14.5621 18.8268 20.1055 22.0324 3.5135 22.5926 0.00898215 6.22985
19208.8 10.996 13.457 22.8903 10.6696 1.42477 8.78128 0.0672137 5.53737
19816.3 12.5453 13.1534 31.9693 5.72968 3.15371 3.57765 0.0713345 5.89493
19541.8 18.3374 13.2227 10.1515 8.83827 20.7312 50.6418 0.00277477 6.90174
17095 9.36497 21.5153 25.1133 21.7862 13.6778 9.05357 0.0662621 7.31214
18970.1 14.3216 5.75035 21.4687 14.277 13.5389 12.1579 0.135938 6.72829
29301.9 22.0342 19.9245 2.21998 0.209098 22.3234 11.3333 0.112792 9.88225
17527.9 17.4016 14.8463 14.127 11.8242 13.6611 13.8171 0.0390601 5.50392
20238.3 15.3829 13.7342 14.12 10.9205 17.7121 23.4234 0.0597209 6.36053
18824.5 12.4417 15.8836 11.7185 19.2248 14.6236 14.3737 0.0876255 6.37724
20989.1 12.4592 5.78123 1.21394 36.8732 5.56314 7.70365 0.0306326 5.46036
16042.8 18.4581 8.81395 13.2699 27.7716 10.8268 8.00772 0.0827129 6.94179
18821.2 15.7308 21.706 16.579 26.1012 14.0632 11.6348 0.00345588 5.39066
19547.6 19.4269 22.5104 14.9032 4.58996 9.3465 17.1488 0.0179959 5.18032
20745.8 12.9505 22.365 0.254725 10.4314 18.9015 16.5561 0.00742804 5.4957
15725.8 11.1023 4.59425 28.2643 12.9144 25.6453 10.9027 0.0623335 7.3254
25154.4 15.119 27.2816 18.3524 17.1443 23.0962 22.1299 0.192831 10.4955
23739.7 3.53949 26.031 46.9387 36.3103 50.161 24.9492 0.0874004 14.9205
18944 5.69446 17.7658 48.7641 22.9299 9.2434 32.3375 0.0526922 9.98273
11267.1 12.4236 4.97466 20.5241 13.5564 7.86057 0.47817 0.00432285 5.97729
15649.6 7.42273 10.649 12.2532 5.35009 13.0787 2.74535 0.00119607 2.62849
25319 18.0589 13.1564 14.911 6.80092 18.1413 9.63826 0.000171661 3.35097
24986.9 9.39005 13.1564 12.8895 21.6806 19.4936 21.2758 0.000171661 4.39081
22507 8.70705 11.4572 15.779 5.14297 11.367 15.3266 0.00085555 2.53879
20590.7 18.3898 5.70606 8.49275 50.5611 9.20582 21.299 0.000677138 6.08512
22446.5 12.92 1.11301 9.28552 10.8859 6.25228 8.76445 0.000677138 2.05709
9453.4 5.07492 10.9549 13.9307 18.5615 9.23528 10.2176 4.06149e-05 5.11923
17861.3 6.39858 37.9348 2.91317 22.0524 17.0472 19.3396 0.00763326 6.6125
14982.2 24.8244 23.2372 18.3071 21.9803 6.57097 2.94228 0.190834 9.66774
17950.2 0.916782 18.3914 6.98545 22.0808 43.6594 7.70347 0.232157 10.4948
24674.9 2.85811 35.094 1.35234 22.1013 30.6984 17.1782 0.0412382 8.80478
23609.8 2.32714 7.75274 15.0545 22.1201 23.1615 6.10135 0.00534508 4.39396
22128.8 9.8264 16.3789 30.0881 22.0711 21.9602 30.6021 0.0629697 9.17015
23043 27.2275 12.2205 12.2582 22.207 7.01215 16.9325 0.0171257 5.80744
9144.18 7.82545 4.79196 7.41281 24.4646 29.9396 2.3249 0.0708371 9.68762
25320.2 3.4583 13.2667 9.17784 19.2552 80.3837 0.642097 0.0587088 11.6248
24257.5 35.7688 8.34695 3.27331 13.3713 1.50887 15.0752 0.0446051 6.44572
20625.9 4.19744 15.7415 1.92477 20.1704 26.9718 5.76878 0.00567002 4.45258
27865.1 4.077 21.2667 27.1935 8.54472 12.2801 3.98245 0.0522439 6.89414
21825.2 7.66288 7.5448 5.7882 15.019 12.5945 10.6037 0.0304296 3.64861
18079.1 10.9536 22.6841 0.516981 7.96563 17.5136 4.58718 0.0363668 5.52106
19364.3 13.7865 11.543 21.3806 22.7237 25.05 10.9172 0.0797847 7.51618
23816 11.8511 4.85345 11.3929 21.0734 26.9048 5.95632 0.0954107 6.68731
19898.8 5.52838 14.0471 19.1859 12.3293 5.46665 7.69955 0.0589103 4.6876
22338.9 8.00255 25.3855 0.452949 28.0772 7.72997 2.76216 0.0623278 6.90734
24592.5 10.7166 11.2047 19.5083 1.80842 15.6656 2.73253 0.0283573 4.79212
12299.8 2.20873 40.0674 0.331199 40.1006 11.0014 5.83758 0.0938682 11.6433
29155 4.41144 77.4494 10.8517 35.5821 14.4165 1.25975 0.233729 15.9142
26748.7 6.45387 39.5607 20.8664 6.27508 5.59593 1.39701 0.0711481 7.83017
20650.7 15.129 10.4139 21.1787 8.3739 7.3021 14.5293 0.0908678 5.76504
22284.9 8.63668 19.7536 12.6603 1.83743 40.2379 13.957 0.0142114 6.3366
18205 4.25928 19.9438 3.91315 1.83188 56.2499 53.1802 0.0345929 11.4341
26168 6.18574 22.1683 14.782 7.6271 0.448029 18.3454 0.0168371 5.73742
23098.7 10.2279 14.2204 12.8384 51.1194 1.33847 3.28812 0.00300234 6.11199
19106.4 23.9668 2.8802 12.2367 22.0838 11.1028 12.7767 0.0492462 6.02058
22975.3 2.34053 5.92376 4.91013 11.5026 6.03908 7.73423 0.0223646 2.87713
21477.8 21.9612 28.3279 46.9906 14.2182 19.41 2.89236 0.000166684 7.33472
16785 21.5111 7.27065 10.4375 35.4617 8.81717 5.09967 0.0688672 7.05336
20974.5 24.5719 8.63515 16.0552 38.4059 5.93449 15.8439 0.00172909 5.75498
18870.9 13.6767 0.79965 3.67553 33.6243 38.3402 30.2641 0.0125204 8.82201
28212 28.3518 10.1662 3.77571 50.0214 37.633 22.8014 0.00431435 11.0559
28963.2 31.4259 7.58058 17.8613 17.6741 25.7261 24.4837 0.00431435 8.51535
23513.6 14.5787 1.21151 18.9542 10.5594 16.4224 16.2646 0.00985968 4.76824
20585.4 18.3884 27.0524 4.12805 16.3006 40.0396 4.33095 0.0112657 6.99447
