2611.45 5.45852 11.2174 6.30616 13.4618 12.6654 3.00936 11.0026 5.13435 16.4155 0.0826464 5.21071
2610.58 3.38822 10.6254 9.6691 8.90531 13.6036 4.69888 16.1133 4.88692 16.5426 0.198938 6.34848
2578.59 9.40757 8.23726 7.56359 25.923 6.71239 10.7721 10.7745 3.18974 7.4269 0.106826 10.3724
2603.11 7.29408 2.11948 8.6022 24.1272 4.40177 7.15685 3.35212 10.6362 21.3415 0.0299579 6.46537
2627.08 2.33526 5.00477 12.663 14.9836 1.3473 10.3012 10.6579 10.4807 25.3823 0.0668577 6.17165
2610.14 10.8454 3.8282 4.95189 16.6377 14.5773 8.85616 7.41289 16.4944 13.3072 0.0031452 5.2562
2569.9 7.76418 16.1419 4.91765 11.2913 14.6125 9.95358 3.92306 24.4347 5.18896 0.0208074 4.88459
2584.49 3.3544 14.5031 4.14218 13.7399 15.8864 0.745137 8.52831 19.679 8.30915 0.016915 6.23735
2580.54 3.3544 15.5127 5.72584 11.5029 16.0394 2.15053 3.72941 15.2356 6.19359 0.0120309 5.43138
2584.04 5.74543 12.9059 4.45051 15.9816 11.4321 2.10645 8.37721 31.5339 10.0052 0.015337 6.01039
2583.75 9.19022 22.2099 5.65319 3.35563 9.77387 8.13331 7.82084 23.5068 18.6269 0.0251131 7.22507
2565 12.2961 16.7586 4.73886 10.8172 6.53318 1.29816 17.4019 19.0129 10.9168 0.0839522 6.77437
2545.18 12.3163 14.1223 5.64332 21.3764 7.47044 0.735796 23.2475 8.35218 37.2389 0.0588758 9.97665
2526.48 13.6217 23.1987 1.99933 24.7527 7.62082 5.33169 2.29732 4.96392 21.1775 0.497421 12.1485
2543.47 10.4054 18.4576 1.50534 18.9309 5.95868 4.13337 0.97337 10.4741 28.0021 0.125426 11.5755
2603.75 6.41623 20.1602 2.56139 10.8097 4.97706 5.58581 17.9517 14.1163 25.288 0.179475 9.68947
2628.28 3.10337 10.4658 8.35976 7.68617 8.71566 7.12305 9.15882 56.5055 50.4922 0.0320109 15.1626
2616.65 6.22915 7.31939 13.2353 9.06042 8.43372 0.829914 12.344 23.4946 23.1513 0.101745 7.79104
2621.81 2.79668 6.82427 7.04128 20.7497 9.91012 1.08625 2.76263 24.5798 10.4778 0.0589084 7.28856
2581.68 6.55057 14.3824 2.66044 15.2697 9.64711 9.9761 0.590682 39.2902 28.4968 0.0176184 8.95797
2567.15 4.70561 21.1953 5.62394 15.2697 10.5289 11.4297 0.757485 4.67699 5.35774 0.00311001 4.38681
2556.19 0.720136 21.1953 11.2589 11.3872 10.3159 12.2448 2.59722 8.91991 5.35774 0.00827239 5.17064
2556.19 0.720136 20.519 11.0764 10.24 13.8215 3.32853 6.09262 19.7389 46.8228 0.00408252 9.04097
2546.62 6.31634 18.4794 4.35967 14.7107 14.4982 9.52167 2.10047 7.3612 28.4081 0.197615 9.31769
2552.77 14.4318 16.3038 4.81532 3.18639 19.9296 11.2173 1.53424 6.67495 45.3302 0.207626 10.7037
2580.15 8.09335 17.9749 10.1961 4.31564 13.1309 7.12954 3.40905 6.61697 35.7597 0.0682346 7.08453
2562.3 13.0789 11.4265 20.4491 3.78469 5.18891 1.87318 5.91462 23.1556 14.2632 0.0564935 8.77785
2560.15 12.2327 14.6157 14.1205 7.4019 7.66812 3.76494 2.3085 12.46 24.6756 0.023303 6.73249
2580.48 9.1894 7.44259 20.3203 6.50991 5.1428 15.4847 8.38536 15.5869 4.04364 0.0140585 4.71487
2619.68 5.97945 3.20456 14.2556 7.15979 10.821 11.7218 3.62269 24.0225 3.143 0.0569837 5.0349
2621.22 2.63873 2.05919 15.8119 15.0494 2.16036 12.558 3.2504 33.1648 19.6151 0.0194042 7.30554
2611.45 1.10942 9.47157 12.4371 13.8378 2.27453 13.395 0.782638 33.3777 4.1175 0.0166701 6.46493
2575.14 15.5321 6.13485 12.1159 7.20662 5.04402 12.5473 9.71028 23.2036 11.1488 0.142073 6.99242
2563.94 14.8358 13.4713 15.1211 5.85993 1.7781 11.9682 1.40441 35.4682 16.8003 0.0488907 10.0111
2556.81 12.1796 13.2339 13.0013 2.1929 14.1179 4.20681 5.14116 18.1188 30.4674 0.0237311 6.70742
2555.05 17.2204 18.7344 2.8262 2.10807 12.1056 13.6755 2.96448 15.0478 22.5055 0.0718058 7.99847
2549.03 10.7954 28.2476 2.65992 5.11464 10.7725 14.9911 2.64111 4.74973 24.4547 0.126104 8.68073
2552.51 7.59214 23.7058 3.10742 8.32161 15.8599 6.29734 11.5223 1.71204 15.3321 0.134299 6.806
2585.64 9.82377 18.903 0.75459 8.79209 5.36596 18.465 5.37935 7.4991 15.3249 0.107523 6.85304
2564.12 12.8131 4.56835 17.9827 7.28752 8.81809 13.845 4.02051 5.15527 3.11815 0.0253795 3.72989
2551.92 14.3386 5.5902 17.9827 7.7212 7.65953 12.0227 9.06333 0.394962 8.66538 0.0128561 4.32443
2526.71 14.4925 6.92911 13.1904 10.4543 15.2941 13.0254 8.85471 8.62325 17.2331 0.004447 7.14733
2515.66 14.4925 13.4501 18.793 4.41016 18.9311 8.61003 7.05484 2.55635 8.77161 0.00505425 6.05844
2567.29 11.1199 15.0876 14.582 2.85844 5.97718 7.87003 12.216 5.20533 24.2295 0.00100841 4.30272
2555.62 10.7998 19.2366 8.57217 5.63975 11.7108 6.22504 12.9329 5.22837 22.6628 0.00100841 3.27056
2521.27 10.3958 21.2968 12.4351 6.53029 8.79914 4.83023 20.0692 2.11303 12.5007 0.00100841 4.93558
2564.47 7.49283 18.997 9.9441 4.122 11.1253 5.24554 10.0763 5.05754 12.5007 0.00100841 3.13687
2596.63 4.17513 12.0309 12.9363 5.73789 11.9326 8.16872 16.5213 5.05754 15.133 0.0484091 4.36785
2592.12 7.26303 10.6618 14.657 4.68531 9.96471 2.34598 24.0896 7.22226 21.463 0.0192229 5.20867
2549.52 15.3469 2.04864 24.4372 4.75906 11.1683 2.39575 18.7121 13.1383 11.8119 0.0218552 6.11739
2547.99 21.6054 2.42833 19.633 2.84251 7.86539 2.40235 21.8039 14.9059 3.87283 0.0552346 7.21638
2537.31 21.87 5.81507 12.8235 3.98201 14.085 5.90637 4.43132 17.2161 25.2574 0.0890198 8.03516
2603.5 11.7995 7.07204 3.14681 8.45732 13.5789 11.9637 4.22564 7.35841 1.00863 0.164332 7.06917
2623.67 14.744 4.20183 5.17506 5.38056 13.8292 14.2444 14.8404 20.1431 11.1212 0.010253 9.5743
2596.63 7.0232 9.68226 7.13663 10.5857 13.6835 3.77906 16.8098 6.90607 9.66272 0.00465492 2.65433
2615.75 6.98409 12.0978 7.98574 8.23229 6.37618 3.3799 14.4444 14.5419 19.2562 0.00465492 4.19858
2576.77 18.8889 8.79488 6.2255 20.0878 2.79665 4.57164 8.91949 15.8999 52.5316 0.0422728 13.4296
2568.44 15.6843 4.48009 5.19958 21.9848 0.674134 8.40632 7.17708 6.53403 74.7211 0.0705544 12.3777
2552.91 16.8685 14.4089 5.14491 12.3216 7.39007 12.2718 14.2677 10.1999 42.618 0.104851 9.18139
2585.84 2.56727 20.2267 6.92252 5.79951 11.7051 7.12583 18.6884 4.62123 38.0835 0.26135 10.0227
2583.04 0.178273 22.4475 8.01588 4.1939 10.9783 7.23906 26.0778 8.13671 14.5195 0.195377 10.3594
2589.85 6.46381 19.8162 8.011 3.33066 6.45383 0.510359 25.587 1.21557 6.15599 0.1105 8.68022
2579.9 4.19681 21.9785 8.0131 5.61167 4.99299 3.48039 24.9349 15.6795 13.7018 0.1105 8.34924
2586.77 12.2714 6.15899 8.00457 6.48456 2.84294 25.8158 13.7269 21.1015 19.7134 0.00381241 10.4893
2577.88 14.4906 8.20798 7.99085 4.05421 10.6408 3.8435 17.8278 12.0984 22.647 0.00381241 6.0789
2562.39 9.43975 15.4676 8.40779 14.3373 10.692 5.72677 2.41078 8.51924 11.9471 0.00706877 3.7372
2571.39 10.5803 7.88712 10.4748 15.621 5.70994 8.64871 13.8839 3.1201 5.57676 0.0479082 3.89193
2593.98 15.6631 16.9282 2.33622 10.5405 1.18112 9.2627 7.52544 27.6131 12.3819 0.481173 12.2559
2544.98 20.319 10.4335 5.54943 17.8189 11.1544 1.8186 8.69192 6.91324 11.9726 0.137672 7.22999
2580.88 18.916 8.92916 3.89818 13.2646 6.43693 1.06337 24.2158 0.323548 14.1061 0.0704171 8.06472
2583.16 19.6276 5.75941 3.74171 11.6831 7.01944 3.11899 19.1308 1.32063 17.4972 0.160704 8.0483
2540.31 18.9303 9.43267 5.30911 9.37987 14.3453 17.7369 6.63459 4.77436 18.6291 0.0329447 6.77643
2541.77 21.1307 12.1331 4.9011 11.1785 5.40808 12.1105 6.21437 6.44709 31.6107 0.0197922 5.61078
2553.82 25.2092 8.01314 5.37914 6.62808 10.5073 7.22638 5.63679 25.1406 60.4837 0.0412454 10.537
2531.9 16.8095 7.81199 7.27372 24.5392 11.1023 3.42803 3.07301 18.37 55.5106 0.0404688 12.0379
2565.95 9.78382 11.5883 12.4862 12.5803 11.1204 10.6908 8.34926 3.09926 39.1723 0.0389865 7.0606
2571.88 8.35792 6.29685 11.1386 13.3646 8.46527 11.3333 16.9401 5.43223 11.3999 0.0405757 5.90653
2578.45 8.48052 11.6563 14.3912 9.2553 15.3754 2.21627 7.8439 10.1411 20.1251 0.0175982 5.56769
2533.95 19.9949 11.3815 7.12457 13.9622 2.92921 24.6874 1.46323 14.4205 31.3524 0.016724 8.02174
2553.45 19.276 4.49221 7.72886 20.7656 4.32254 11.0719 4.54064 6.31323 15.1894 0.0367738 5.31051
2534.62 15.9019 12.0452 9.52506 16.0364 4.08944 6.70963 7.12255 18.6461 16.6143 0.0150088 5.04663
2535.12 17.3874 11.8093 0.700653 23.3541 3.45088 9.64165 9.66972 18.2171 20.3932 0.00672365 6.86857
2598.7 12.984 10.631 0.452532 15.4272 5.81731 19.6578 4.49338 12.0578 14.7231 0.0744109 7.5107
2576.05 12.4213 10.206 1.56428 20.9639 8.41586 7.37323 2.56446 15.906 18.6293 0.00257838 4.51626
2581.52 8.17756 14.793 0.704705 19.0159 9.57943 2.54027 15.5805 15.2356 18.6293 0.00257838 4.96685
2576.17 3.36723 9.8984 21.4115 12.6875 6.66806 10.7461 7.77939 11.0596 0.543303 0.0513609 7.33089
2624.94 5.78221 3.0168 12.7771 9.52779 5.55952 18.8436 8.16878 3.08427 5.14947 0.141432 5.67585
2632.96 11.454 0.224397 6.81233 9.30063 5.94844 3.13698 18.5743 15.2897 28.9127 0.127736 11.1101
2631.36 17.3191 1.7057 7.39372 9.31893 7.33331 5.00555 20.2913 4.18516 39.1844 0.269294 13.5947
2591.52 17.2246 1.43918 9.85925 9.74701 1.19918 12.2157 19.0201 1.50315 20.9039 0.0720377 8.18467
2575.39 17.1366 3.55206 3.97399 10.5072 18.217 10.0603 17.0886 6.15735 37.3764 0.0820743 10.4874
2607.59 17.1564 4.48007 11.3424 3.71443 10.7697 11.0324 16.3738 6.98197 24.9672 0.214618 10.6925
2599.15 17.2111 1.45219 3.13308 7.58397 19.9133 14.524 4.95464 4.23596 23.8192 0.211954 10.0794
2599.15 17.1789 0.567933 11.846 8.56895 14.0993 13.3959 7.09027 6.36762 11.012 0.183732 8.69147
2565.7 18.5068 12.7045 1.76558 8.60116 16.7119 3.22192 16.1662 12.9657 14.9294 0.113114 7.43312
2577.63 14.851 9.41261 7.284 7.77981 14.1691 11.9414 11.2118 3.94412 11.0889 0.385752 8.04516
2561.71 14.394 8.23397 10.5454 3.41218 10.8042 20.5982 25.104 15.4114 6.38475 0.0996313 14.6613
2571.65 17.6886 9.80382 7.39858 3.41218 14.508 0.652554 24.7882 8.64805 10.3415 0.0655377 7.15981
2554.71 17.6886 9.80382 9.0492 3.41218 20.0183 0.652554 10.1304 17.7258 10.1437 0.0678106 6.65626
2516.97 17.6886 14.5676 13.6988 8.22778 14.2619 0.652554 10.4425 10.5926 20.9671 0.0255791 6.6937
2518.01 16.579 18.9136 8.05704 10.8631 4.28819 11.5556 20.0794 13.0234 14.1205 0.00785755 6.32227
2556.12 16.579 15.9404 4.45009 5.17025 2.60671 11.3274 6.9513 7.93977 8.31587 0.0231688 8.25363
2567.49 17.1699 9.76277 1.99301 17.4561 4.27052 13.9071 10.0282 4.16649 15.7455 0.148466 6.48671
2584.92 16.7276 7.54143 6.00854 14.7285 2.43877 8.47374 7.2885 5.19679 12.7093 0.0679407 5.58206
2609.15 17.008 7.78167 0.556972 6.71856 11.7667 6.00565 10.8305 5.14267 12.4497 0.18842 8.76133
2607.71 17.3996 6.48145 0.936394 10.6385 2.677 15.7763 8.14329 9.87448 9.60927 0.54254 11.5824
2605.91 17.7929 10.4688 1.81216 10.9696 3.48623 2.61517 15.154 21.0213 14.4984 0.350649 11.0041
2573.56 14.9509 3.8323 22.0174 5.24577 7.6903 1.53147 29.5063 3.31811 3.04026 0.182071 9.34572
2580.33 17.3471 4.05288 20.788 3.1205 7.20381 2.20913 16.618 17.5896 10.1564 0.3525 9.85919
2553.13 11.2114 4.53364 18.7891 8.10069 12.5685 7.27244 17.5842 15.5815 19.0889 0.109672 8.45726
2551.84 10.2747 6.72975 16.4076 12.4415 11.8746 10.4957 10.5093 16.822 35.0364 0.00565862 6.92021
2553.22 9.58501 17.5538 11.806 9.9288 6.95919 5.12881 10.9602 6.38787 18.0837 0.195449 6.80645
2571.75 7.14919 15.1087 12.045 5.59725 5.43138 3.48643 16.6924 23.426 0.0652103 0.0195346 8.17005
2579.41 10.0375 7.46189 10.4102 3.58268 13.5859 15.193 24.7397 9.03696 14.1782 0.0022123 9.04156
2571.61 7.62115 6.7655 23.4252 1.91757 3.43686 7.47878 23.9972 17.3169 15.9598 0.0527687 9.38431
2564.96 10.1538 7.22335 18.2147 9.48506 6.26761 7.26333 2.42242 24.5344 20.4821 0.0543832 6.54469
2561.31 10.7954 10.9386 14.8576 12.582 5.23593 8.3268 5.61519 30.4706 5.14943 0.10158 6.99183
2535.2 14.1473 14.7618 6.51721 8.95682 24.9993 5.70385 13.9502 13.4036 52.0594 0.0423837 13.3987
2558.71 8.57453 13.5856 12.4185 9.51637 6.70663 7.28078 4.79346 27.117 49.1567 0.0164191 8.35842
2579.6 9.36952 12.0794 7.85826 12.6814 6.98126 12.8412 7.18459 4.85334 5.18552 0.041848 3.18127
2611.08 7.49439 9.1809 9.11716 9.61145 16.3817 2.85601 7.68049 24.8768 12.7119 0.00429043 5.03654
2549.79 13.1641 10.5448 9.11716 16.7248 16.3817 1.59969 6.31562 26.59 4.1213 0.00429043 6.71527
2549.79 10.5732 6.60365 16.568 15.2852 15.4426 3.12317 1.3654 27.8175 24.7829 0.00429043 8.19244
2531.39 20.907 19.0751 3.78541 14.9958 9.74642 10.8902 2.78475 19.567 23.1769 0.202487 12.1001
2525.28 20.6654 9.26683 7.13959 16.9271 6.33641 5.39256 4.45592 16.5868 5.26403 0.0279478 5.50606
2537.98 15.9536 11.1461 3.66794 18.1454 8.56295 10.3201 4.42898 24.3554 1.30744 0.0639924 7.24568
2537.98 19.2173 12.4508 1.31646 14.1092 11.6464 13.3933 3.97446 1.39624 3.96708 0.0634406 6.53295
2566.91 12.9432 16.4273 5.01603 11.2013 11.2339 8.69972 3.57091 1.91552 21.3959 0.0954177 6.40115
2532.89 10.7527 22.2465 7.89395 8.89994 13.4318 5.1959 4.79944 15.0716 9.91277 0.152004 6.78206
2528.76 11.2009 21.4238 5.65102 8.89994 17.4709 8.20907 2.34645 31.2373 5.74398 0.0557215 8.19128
2543.87 12.7585 17.2895 3.97486 15.2031 13.2217 8.5569 4.04968 7.20453 8.208 0.0670222 5.42968
2549.1 11.8834 10.6028 1.29107 22.6026 16.664 10.2727 1.57982 0.218564 0.466247 0.197177 12.4252
2537.83 5.44935 24.2123 1.29107 17.831 3.60321 12.9944 26.6975 5.2126 2.22846 0.315873 12.1464
2592.38 5.22192 14.3001 6.01686 10.621 1.73317 9.43688 19.9368 9.60293 17.0174 0.203348 8.74012
2540.24 7.7001 9.78182 20.8131 7.52704 7.75137 13.6728 3.97175 6.1629 5.5537 0.298382 9.44323
2560.17 9.58952 3.88936 22.1964 11.044 1.86603 21.7606 3.924 4.53179 10.0009 0.0804139 6.86573
2560.17 12.1984 7.13108 18.4953 10.668 1.70779 14.8797 3.48438 1.26756 2.71721 0.000122407 3.39781
2552.15 14.7758 7.13108 18.4953 10.6327 4.18507 13.3152 15.1877 12.279 1.10649 0.000122407 4.76422
2579.62 10.5721 16.0997 9.36051 7.61616 7.84556 8.55883 13.3706 2.40398 26.8494 0.00933222 5.07207
2598.51 10.2023 7.34224 6.36611 16.6722 2.45318 8.45622 14.0807 1.51513 9.59689 0.202025 6.51147
2562.12 12.2769 6.21387 9.10477 21.408 0.600692 19.046 5.52777 1.721 7.42592 0.104991 7.20586
2539.55 13.7772 15.1387 8.60303 9.06848 10.956 19.3483 3.30834 5.35884 13.4819 0.0106011 4.70853
2534.08 19.6698 16.4955 6.55845 4.95331 15.4909 10.9379 8.14656 29.7137 25.1733 0.0106011 9.04913
2549.25 13.5244 16.3364 10.2699 4.57683 11.3021 7.15739 7.23664 21.4115 19.7765 0.148559 7.31882
2578.52 2.34385 11.0521 15.7021 13.1083 5.5698 12.2484 11.9405 22.712 35.7633 0.0192048 7.94943
2575.68 2.20757 16.7118 14.7124 7.0561 20.2615 2.09329 7.44637 5.86779 13.8893 0.0013598 4.76973
2560.57 7.6825 13.8664 9.18417 8.17873 13.9118 6.9393 19.0639 9.89994 8.92145 0.0013598 4.22181
2586.72 6.14908 10.1453 12.7824 3.0194 24.6793 6.10118 8.80426 13.7873 3.8143 0.0568144 6.52875
2601.23 3.66367 11.8894 13.4033 2.22772 15.6471 9.25995 0.955833 39.7353 3.39466 0.0804649 8.4456
2644.01 2.35461 7.25998 13.6805 2.67523 17.8922 1.81178 9.26484 28.8746 4.42692 0.142476 9.82446
2655.51 2.74581 3.90237 13.4164 1.11156 10.686 1.93537 8.95847 32.8582 6.11533 0.125256 10.1018
2655.51 1.33737 2.7279 9.61836 5.73874 11.5682 4.07316 15.8774 20.8487 6.25743 0.00969052 6.76127
2648.39 1.33737 2.7279 15.1968 3.93069 14.6538 4.07316 12.3549 14.5214 7.66995 0.0875694 6.00504
2607.3 2.27034 4.35243 19.8973 6.5701 4.13439 18.5496 5.66278 18.0313 12.8478 0.0053789 5.0163
2607.3 10.8362 2.82474 20.3793 3.40238 4.1894 10.6431 4.37049 8.51515 6.3314 0.0053789 4.57022
2603.21 5.37011 1.23899 20.3793 11.0391 4.49376 11.5846 5.28396 11.2486 11.29 0.0053789 3.71009
2624.81 0.42639 7.25681 12.4265 15.4215 3.86729 6.88775 5.53993 15.7594 8.30009 0.082885 5.92614
2628.65 2.09761 6.5538 9.50256 11.604 7.05499 16.8142 6.92412 10.0123 7.12484 0.0133777 3.38098
2611.97 4.38368 9.7075 9.43565 6.3247 8.14638 17.176 9.50229 14.3305 7.15484 0.0133777 4.16192
2594.55 6.51303 11.0366 6.28099 19.3221 2.18553 9.31861 10.1505 8.49956 6.9403 0.00865815 3.02234
2602.03 4.63581 6.88492 7.04854 20.3154 6.05877 10.1142 8.60706 6.02954 10.2086 0.0590508 4.57465
2596.81 4.96822 6.09186 12.4988 14.776 5.9145 12.4355 3.07117 11.4983 5.5295 0.00753178 2.99188
2628.21 6.02501 6.09186 9.07813 13.3788 10.9672 11.142 3.61016 10.2224 4.94629 0.0871116 6.0265
2589.43 5.32585 5.0341 10.8314 9.7376 11.5876 12.5649 15.4364 15.1945 8.12742 0.369111 9.84007
2584.54 17.1365 3.89939 11.7855 9.07396 10.4644 6.65606 21.1589 3.544 4.58863 0.0984882 6.38971
2586.98 10.5907 5.64197 12.1127 7.24853 10.5987 3.10203 26.8173 9.67945 11.7686 0.0309679 5.8112
2579.33 10.8886 8.27708 11.7639 10.674 4.1916 1.47763 8.54558 15.5114 7.89087 0.0144974 6.08458
2570.05 6.79254 9.91476 8.39845 11.0657 16.4428 6.37993 1.96554 5.24645 15.7555 0.10583 8.46499
2561.2 8.92009 21.2984 10.5398 7.51846 6.71714 5.54696 19.0971 21.5902 4.28708 0.0221256 7.5026
2614.24 6.0576 10.2227 14.3295 5.46547 7.56615 11.149 3.35365 0.745003 4.80968 0.0661568 5.93715
2578.97 4.54715 9.45291 16.0951 2.99585 21.6806 8.04655 5.37461 1.81744 6.99044 0.0540986 6.08838
2600.95 5.47357 9.54256 14.6312 1.51568 21.6806 8.99436 4.58087 2.10519 5.6509 0.0784519 6.07058
2553.6 10.4171 11.1853 10.8241 6.73897 23.438 6.50975 3.49478 11.9413 8.54205 0.0679032 6.64306
2591.97 8.77171 8.95009 13.1043 13.5378 2.76687 6.50232 3.7838 5.55164 4.68778 0.0983535 6.23867
2567.57 7.89409 8.04272 11.8543 11.35 7.65213 6.27931 9.36465 14.4134 3.63075 0.0840443 7.74528
2579.58 18.7621 5.14797 1.30476 23.7314 0.514785 3.37353 28.8225 6.1553 27.1403 0.0350848 10.4526
2541.84 20.1993 10.3084 0.824851 25.052 2.87527 3.73993 33.8196 0.940312 25.4659 0.0119233 12.0789
2549.42 28.9957 4.46603 4.93938 6.46249 10.9748 8.81179 13.0779 17.2617 10.1742 0.0381234 6.60126
2549.42 29.7846 4.93907 4.49441 7.03876 7.03862 8.34942 6.75535 32.4736 28.9981 0.0589079 10.2383
2549.24 32.0442 6.31027 3.93201 6.3014 8.94001 8.79311 4.32521 9.49326 9.94052 0.0581184 7.72539
2568.91 18.7919 6.42904 10.009 9.18912 9.27296 8.47032 7.22543 17.7851 0.909469 0.00766192 3.72606
2607.26 7.23803 6.75933 13.0421 7.3324 8.16168 3.67355 14.2339 22.6173 11.846 0.0192805 4.54253
2590.41 12.7747 10.0519 13.3357 2.26149 5.90102 15.3805 4.24903 7.05679 28.2917 0.0185775 5.95224
2576.65 2.29091 10.5307 15.2997 10.3689 9.6767 12.8121 2.37375 38.2363 51.6842 0.0275683 11.7812
2482.96 11.7842 21.3867 14.1301 16.0244 3.65806 12.0193 8.29152 11.8603 13.2048 0.0375952 9.64424
2500.33 10.7275 21.2928 15.3422 12.379 6.69043 12.4281 5.83698 6.27051 12.53 0.145999 8.92772
2502.2 8.14195 21.5967 12.4216 17.0831 6.82453 13.9679 2.46562 0.911824 24.1579 0.0854611 10.9476
2563.03 5.00044 13.3502 12.3513 18.4244 4.10994 11.9416 4.75116 5.46723 20.1508 0.0885654 6.4905
2577.46 6.76829 12.5172 10.7299 15.8274 3.08547 14.6516 4.31631 29.8656 23.2773 0.0435763 7.53605
2588.29 11.7815 20.8296 2.47372 4.43166 8.89007 16.2975 5.72598 0.174794 11.2566 0.225854 9.62401
2529.6 11.7391 26.8443 12.4381 4.15002 14.1788 6.30641 7.47623 0.425778 2.05559 0.174273 11.7306
2521.5 5.79475 29.0211 2.65146 9.24035 21.0338 7.58426 10.6709 0.251291 6.06989 0.0084982 8.82164
2565.74 8.33694 19.9837 3.32227 5.77773 19.1135 6.86486 2.16243 0.308698 4.18242 0.0850654 7.60019
2565.74 9.15516 19.9837 2.98734 12.4 15.7378 4.71851 11.0014 0.637286 12.1689 0.0175672 5.50219
2569.31 3.40286 26.6954 2.98734 4.71099 21.8642 4.71851 11.0014 2.04748 2.88476 0.0241874 6.16726
2568.09 8.85288 24.6908 5.62852 3.67267 14.944 3.7383 11.2274 6.04555 10.563 0.0166639 5.48962
2620.8 4.86708 10.1472 9.76955 10.2691 9.36457 7.33726 4.69999 0.797385 19.0052 0.00262149 3.77818
2617.53 3.00015 11.0279 14.3212 10.7919 3.35578 13.2254 10.8207 6.3843 25.3256 0.010507 5.70907
2575.79 6.55964 10.3369 11.3262 9.10604 10.6342 2.40812 18.4295 3.16621 8.39373 0.0066402 4.59993
2567.59 13.3586 8.52883 12.3738 5.91871 11.6681 0.661846 14.6104 2.53178 27.4245 0.00972303 5.91857
2594.19 7.3973 8.66059 11.0349 9.32711 18.8103 2.60754 17.3874 9.41282 24.1427 0.0243023 6.41619
2601.79 3.24982 10.2085 17.0806 11.4826 5.01675 3.0617 16.1502 19.2302 29.6475 0.0646592 8.30013
2606.3 9.02233 10.5979 10.8828 9.5459 4.12015 5.6243 17.3231 12.0121 43.0004 0.0345552 7.86783
2594.78 5.16586 10.7153 10.2741 4.93283 16.4163 2.75685 16.7528 1.71636 19.2787 0.00197214 4.26154
2582.94 8.04074 7.64367 10.5323 12.0905 4.15028 12.7546 21.7156 5.19004 10.7391 0.00459211 4.58977
2606.71 0.886891 15.2779 17.6433 1.86273 2.08792 9.48615 20.1484 14.094 18.655 0.0011042 6.73703
2605.49 2.99235 13.9653 14.8131 5.54505 1.58256 14.7579 16.1625 16.7337 16.5158 0.0141143 6.48288
2563.19 2.0332 20.0456 14.2399 2.84421 10.5729 6.6739 11.285 2.11216 2.98874 0.113047 7.42787
2570.46 1.06912 23.0043 14.2399 2.24765 7.75252 9.73525 12.8961 0.402626 7.90759 0.0738852 7.35734
2586.48 0.316415 23.5632 13.1381 1.93021 8.77 10.1682 9.59807 1.57295 0.548951 0.0259131 6.96545
2518.15 17.1115 23.5632 7.65484 0.311531 15.1627 10.1682 9.31269 11.6181 2.32452 0.0570031 7.91028
2573.04 13.743 20.4459 1.51733 5.98156 2.59498 2.06917 8.00187 10.6314 1.09854 0.00368517 10.4276
2568.67 12.0974 20.4459 0.705411 8.79719 1.73494 25.2995 13.0673 17.1219 10.4613 0.00904725 9.5571
2581.25 14.4817 13.9174 0.351805 9.86661 6.51576 8.26754 6.22557 14.6202 12.5187 0.0182418 6.3237
2560.48 2.82251 16.3789 16.3125 13.3591 9.89381 3.16655 20.5603 6.72364 0.470416 0.0419055 8.00095
2552.95 26.006 2.74032 1.34984 16.7453 9.89381 6.17616 20.5603 1.22454 2.06112 0.0232659 6.67384
2575.65 26.006 2.24876 1.34984 16.1008 10.3917 1.80822 16.914 3.9221 4.37729 0.0177098 7.07167
2568.05 34.6725 2.70431 1.34984 9.90537 1.89003 0.645322 21.5564 23.6949 13.7834 0.0244181 14.9326
2541.64 29.4532 2.36809 5.53065 12.1345 2.45862 4.06991 25.3848 23.8249 5.06084 0.0395958 9.84458
2567.55 24.7603 0.955193 6.24127 11.9438 6.60513 8.86376 31.6473 16.3784 7.11792 0.0522407 11.962
2547.81 28.2011 6.73429 8.82997 4.76233 7.28213 6.11097 7.9357 5.81897 12.2974 0.0389444 6.82813
2551.13 28.982 5.27662 13.3689 4.39165 8.08119 5.46561 18.1746 9.95423 6.04696 0.102437 9.38449
2605.03 8.4246 3.55747 15.9008 10.1738 8.03261 3.76662 19.5493 6.43009 9.98011 0.0225773 3.91332
2588.84 7.43038 1.61365 17.62 7.90843 11.5344 13.8971 15.8101 0.885087 13.504 0.00117661 5.07108
2621.71 10.3666 2.68756 13.3166 5.87527 13.5545 2.5229 23.9943 7.83053 35.4687 0.0948171 9.75971
2599.37 14.5974 6.47851 8.19009 4.91478 6.63071 13.6847 17.7906 16.0639 20.2413 0.0373853 7.34705
2636.46 13.4473 2.51304 7.50267 2.60093 9.92835 10.7464 11.824 1.86181 11.2491 0.0223157 6.60663
2656.36 16.1679 0.257929 0.543889 5.53153 3.2493 22.1399 10.6459 20.5874 10.6972 0.106023 15.3331
2629.3 6.8838 11.8166 2.9438 8.94927 5.90064 17.8099 11.1587 16.7835 2.53858 0.0163968 6.04101
2584.22 6.8838 16.6768 2.9438 7.37998 15.5619 3.31363 13.714 12.9576 4.3263 0.0187834 4.60767
2584.22 6.8838 16.6768 3.40794 11.1486 11.4189 4.14792 13.8125 2.34635 4.35019 0.0187834 3.48968
2584.22 6.8838 16.6768 3.40794 11.1486 16.6485 4.14792 13.8125 2.34635 4.35019 0.0187834 3.93301
2584.46 6.8838 14.8819 5.44845 12.1992 14.5398 4.30622 10.2583 2.98523 3.76023 0.0296093 3.52162
2584.46 0.754533 16.7404 7.03511 16.066 9.19375 9.30734 10.8639 6.1629 19.4745 0.0296093 5.24444
2542.57 11.8798 16.7269 6.80695 11.8256 9.29517 5.57622 14.0114 17.3697 17.5107 0.102076 6.75226
2548.9 11.8035 13.4804 2.29308 16.7822 11.6545 6.44138 12.349 11.9009 6.52502 0.0334952 5.92184
2546.97 18.8814 4.28609 12.6599 13.6855 13.513 3.57594 12.9659 13.1244 8.59797 0.0335172 5.42121
2567.74 16.0175 4.28609 16.3171 3.57749 13.5194 12.2713 1.61053 18.7754 3.76968 0.0346464 4.89647
2562.23 18.8144 1.15109 14.9378 12.3049 0.319934 15.2142 0.869686 17.9989 6.80828 0.0342098 7.26671
2590.89 11.8783 1.15109 11.1426 13.0313 10.7988 6.49604 11.642 18.2732 2.86374 0.0352827 4.95386
2590.89 7.84851 0.127162 14.2177 13.0313 17.8463 5.07993 9.63936 9.58209 8.72099 0.0360645 7.05088
2576.6 12.9285 2.14868 20.5042 7.45626 12.5027 8.21786 12.9756 1.35749 7.4729 0.0361049 5.50087
2593.88 4.08144 1.13477 19.4904 9.02433 13.757 7.23316 21.1526 5.13599 2.42036 0.0392703 7.07087
2580.28 4.02988 4.11344 17.979 10.1838 10.5791 6.51139 19.2124 5.82872 29.4656 0.286757 9.97013
2577.68 5.56897 3.77787 16.5464 10.2589 17.9296 3.73371 0.734775 19.8879 16.6312 0.242323 9.32384
2624.59 0.365129 5.89282 11.9044 12.6019 17.6031 1.29963 8.21345 2.18929 23.0382 0.0705747 7.53358
2618.96 0.879815 8.73774 5.91319 10.3399 16.7746 6.82413 9.6262 5.29726 26.0845 0.172384 7.8337
2600.77 1.29341 8.97315 6.28212 16.3715 12.8815 9.46586 10.7833 12.1444 14.5601 0.031495 6.53512
2590.41 5.34413 8.74474 11.2313 2.79333 12.6743 15.152 20.5105 0.496618 17.1376 0.0139513 9.57807
2605.42 5.34413 11.1392 13.825 2.62954 7.83167 5.6342 24.4306 6.39481 22.4234 0.0300439 6.14372
2583.75 4.32605 22.878 1.14522 5.62949 9.30845 12.7224 21.9389 3.58139 21.4757 0.0271529 8.09904
2540.18 13.9852 22.878 5.39845 8.70623 6.46693 13.5076 10.9354 15.0186 5.54032 0.0358685 6.20656
2538.14 10.0738 22.878 3.02294 11.6591 6.23501 19.7995 11.0147 10.1257 3.26692 0.0106294 5.91189
2554.15 13.2298 9.24403 11.8518 17.9014 4.98372 3.03682 9.85771 2.33065 3.78723 0.0272365 5.07189
2589.94 5.86544 9.07008 10.9546 15.2219 9.81345 7.74206 10.2519 0.984802 1.21326 0.0143967 3.65584
2586.01 7.00581 21.234 8.36396 4.56585 1.86662 11.3399 13.9366 8.85525 10.1075 0.0291898 6.03796
2557.94 7.0039 4.75038 23.0844 8.74329 12.5189 1.08591 10.0074 33.0265 3.55232 0.147555 9.74051
2558.49 8.91261 4.75038 23.0844 6.00264 14.379 4.32144 11.5444 20.3595 6.64083 0.0153758 5.52067
2614.11 3.52404 4.64401 23.0844 4.38071 9.31118 5.99998 15.1326 16.8352 42.4112 0.00227785 7.00299
2608.3 0.978447 10.3401 20.4881 1.4228 14.801 7.15379 19.3676 20.4637 38.7529 0.00227785 9.95519
2446.6 29.4139 15.1971 20.4881 0.890594 10.8857 12.4929 2.18869 18.0523 27.853 0.0190566 11.7287
2453.16 29.4139 12.0119 17.2608 4.54388 10.9974 12.4929 2.05146 13.1137 27.853 0.00894613 9.37963
2439.86 34.2636 15.7249 13.039 2.27618 9.30561 12.9646 18.1526 20.4692 29.7572 0.000583202 12.1909
2476.8 26.7787 16.1496 11.0031 3.23057 17.2175 6.04434 2.63344 16.9378 11.1729 0.198631 11.7628
2450.82 31.9503 18.1341 4.69989 7.18932 19.9441 6.92814 7.19275 5.82207 14.1486 0.071319 10.2496
2525.93 27.4847 1.40882 12.887 7.88701 14.5941 4.81244 7.17872 7.21703 13.9259 0.0485451 5.93728
2547.81 25.716 2.7154 8.78867 3.82669 10.7911 16.6074 14.3264 7.57299 16.4472 0.0105973 6.75688
2537.56 20.6728 7.43264 12.6803 12.7041 6.07343 15.6678 5.89613 10.1918 20.9722 0.00635145 5.17029
2533.99 17.3217 13.0292 15.7333 6.78006 3.49502 19.9689 1.34507 15.2854 13.6792 0.00640893 5.88008
2551.55 19.4562 8.74112 7.63318 10.6841 19.2976 5.95556 1.28666 29.1731 3.56275 0.0104027 7.50478
2574.87 5.97311 9.74175 12.9722 11.9191 18.7208 5.96939 2.76093 12.6151 0.458139 0.0349593 6.11054
2567.43 11.599 10.1587 11.8423 8.20244 13.3306 11.7882 5.8317 22.5946 6.01536 0.000452831 3.12316
2600.31 8.17806 9.09536 2.245 10.1837 13.3306 11.7882 5.19992 10.6936 1.26469 1.68237e-05 3.87794
2621.35 5.21219 8.44112 4.90035 13.5374 10.2904 18.302 6.12332 13.1959 0.203071 1.68237e-05 4.20672
2565.03 10.4963 18.4998 3.23662 15.8408 8.06603 6.30235 6.78743 8.59413 11.7198 1.68237e-05 2.20342
2600.09 8.25406 8.77329 5.91626 15.4472 2.97574 12.9593 15.7341 15.9053 8.0668 0.00643789 3.96489
2584.67 9.27677 11.242 7.68385 13.0563 5.73643 8.56248 16.5005 13.0785 1.10583 0.000867562 2.47547
2604.7 10.5615 0.448473 20.6057 4.77241 8.4144 1.28309 17.4907 23.6016 36.3763 0.00307752 8.2125
2550.53 13.5977 0.369203 26.0826 8.94751 1.20325 8.51382 27.7209 15.0637 21.2555 0.125731 12.9362
2616.06 8.671 6.25934 11.5802 6.12781 4.08192 7.29557 12.8063 25.5906 14.3201 0.263207 9.12576
2615.99 7.79183 2.0588 12.5731 10.8139 9.11637 10.5182 11.2549 29.332 10.2706 0.258967 10.3232
2640.23 1.79514 0.95011 8.42659 12.0447 6.40887 11.057 10.2404 33.1645 13.3092 0.226259 11.5509
2653.94 3.14982 0.95011 9.34735 16.5283 5.22099 4.47815 14.2436 33.1645 4.62658 0.0588399 8.96477
2623.74 13.2662 6.88267 2.58725 6.94578 8.81564 4.98016 13.034 12.2634 13.3276 0.0898354 7.33172
2572.06 11.6781 13.6122 7.58268 9.52677 2.07378 20.3339 4.24476 11.7961 16.2883 0.0914807 6.09913
2558.94 9.60036 12.1115 9.68737 10.4791 11.9849 12.7793 6.38042 19.5387 5.57026 0.0763148 5.69444
2568.2 7.63333 14.111 12.0483 13.5433 4.7596 13.5194 0.949071 31.3123 7.6713 0.0281276 6.44989
2576.76 7.26498 4.81165 11.5838 20.2483 3.00353 12.1595 1.77413 25.7795 18.2212 0.000237392 5.66856
2599.96 8.75796 4.13804 13.3362 9.4625 9.29807 6.99466 2.15919 19.4736 11.0764 0.000237392 2.65118
2585.06 7.20229 9.66279 5.48646 11.2559 18.0425 5.01894 1.78873 8.75767 26.9435 0.0692384 7.81772
2566.3 0.365737 15.4196 12.9105 11.3183 18.6513 4.50891 6.2818 7.47957 26.0137 0.0356667 8.23561
2597.23 0.331045 17.1156 9.36601 2.30438 16.6702 5.95965 7.05905 29.4299 21.5579 0.219036 10.5499
2608.17 0.952524 14.0522 1.6553 20.2364 9.78094 7.08957 2.09466 15.3271 1.18506 0.121625 7.16852
2604.99 11.9503 13.8006 7.07962 1.05251 13.7609 15.8325 7.16806 15.2906 3.28747 0.302577 10.4484
2617.62 3.89597 6.35762 7.85668 10.6737 14.7711 6.34415 0.255855 11.3683 18.519 0.297594 8.60204
2615.3 12.8886 9.04163 2.86195 5.18345 15.9706 2.07166 2.13925 24.9339 3.11108 0.178511 8.81192
2623.98 1.85957 4.40754 2.42827 7.67054 14.7349 18.7891 9.34083 20.3419 3.04371 0.497385 12.2275
2602.22 8.24021 3.0421 2.42827 9.03918 14.7349 16.4309 9.34374 23.7786 2.8556 0.694618 12.7453
2606.05 6.09276 1.14563 19.7584 1.41519 17.9833 7.46903 7.28727 19.4718 1.44173 0.479779 10.4198
2581.55 11.3201 7.40314 22.8476 0.745568 4.55263 7.46903 2.41856 11.5498 1.93685 0.217554 10.3064
2601.74 14.1987 7.55545 15.2495 0.577631 6.95164 10.5321 3.15621 3.01228 7.84629 0.00273037 6.28768
2584.9 1.24897 14.2371 24.7764 1.22647 5.01593 17.8608 4.67874 7.58313 6.56415 0.00273037 5.93202
2589.29 0.923245 19.2056 12.8769 1.22647 6.93452 23.3214 4.08642 3.29086 7.5962 0.0253431 6.59357
2621.25 7.40985 5.83419 5.87384 18.948 12.9098 9.19577 3.44493 3.31451 3.28436 0.0275255 6.86016
2638.49 5.91379 2.30704 9.61054 11.8119 13.8722 9.98491 0.548754 0.333788 2.53204 0.00590252 5.65567
2625.96 6.35825 2.30704 8.29789 15.9568 11.9109 7.44259 4.27415 4.12748 11.7739 0.0249122 4.28281
2631.03 6.35114 14.78 5.42223 3.85273 4.87549 14.559 5.69156 0.755243 5.52773 0.0390076 6.94999
2593.75 15.6512 2.48737 3.05845 16.0609 5.82668 18.258 4.13314 1.66997 1.36089 0.0373172 5.99741
2582.43 16.2086 1.25422 7.18698 17.882 4.89784 20.469 5.71874 13.315 3.61229 0.00243065 4.92904
2561.49 3.15789 19.1989 4.9359 22.4846 2.63083 11.3687 15.6581 3.38064 10.7946 0.00476605 5.47261
2566.65 3.31075 27.8833 3.35855 16.1756 3.3583 14.4423 13.1038 4.10988 27.1705 0.0015546 7.89748
2576.21 2.48113 25.5442 4.65609 16.1756 3.3583 9.00073 1.75414 5.44052 31.4181 0.000403636 6.49289
2630.56 2.78104 9.14159 3.23606 11.1938 16.1871 2.52609 16.0865 13.0154 15.9273 0.00128568 4.22715
2557.25 9.9323 18.3678 2.06713 14.6234 15.491 0.951331 15.2865 21.9565 33.8842 0.0101197 8.33484
2588.77 7.19712 13.1176 7.31797 15.3145 10.7153 0.808714 20.9332 4.98854 14.6663 0.00892615 5.01473
2576.41 7.47325 17.2103 6.9978 15.0494 8.3757 5.68247 5.33126 6.56092 26.4203 0.043858 5.91668
2520.12 17.5507 13.0721 4.91124 17.1567 2.07056 15.5093 15.8563 5.0547 5.64855 0.11093 8.77102
2524.23 20.4443 12.3715 3.37976 19.9583 2.07056 16.6949 5.57581 11.9967 5.04785 0.269597 9.42102
2579.11 18.6074 8.0838 2.20319 14.5367 2.72162 12.7551 8.44525 11.4577 10.2692 0.099871 6.05332
2566.98 20.6608 6.08659 7.53031 17.0188 3.96379 5.57808 7.8696 23.2528 14.0812 0.0921211 7.41751
2528.96 25.385 6.2511 6.6462 18.1645 7.34627 7.82583 16.5292 6.85817 13.0629 0.0835019 6.97102
2522.23 23.1743 1.74774 13.1842 16.6868 5.9223 12.8658 8.9885 5.62973 8.9946 0.051141 6.12303
2561.31 20.0866 1.54718 11.1806 14.3441 5.98674 10.5512 13.1702 5.62679 9.50278 0.0638964 4.99221
2538.94 15.7801 1.54718 9.72067 31.4227 2.12572 12.9774 2.38531 10.4874 8.12014 0.0265823 10.2225
2550.55 16.0271 1.54718 13.1871 20.5807 2.12572 28.4045 2.9037 11.7962 8.12014 0.0203487 10.2951
2539.09 15.8504 2.82897 8.59395 26.6008 7.19776 8.66577 8.61429 10.5694 27.0848 0.0228748 8.97569
2532.99 17.6828 7.97666 2.51655 26.6008 5.73663 8.33703 15.261 4.71278 3.24327 0.140553 8.75344
2538.99 16.2557 13.5 9.04031 10.2776 5.52352 4.55208 24.8394 9.08723 5.64764 0.0993214 6.77688
2565.74 16.1264 11.8399 9.00294 4.45818 9.23372 5.31213 16.435 5.14223 19.989 0.0583005 5.68671
2553.44 14.8469 14.2929 9.85796 2.07524 15.3403 1.27987 22.7875 12.6375 28.846 0.182996 10.3346
2516.87 15.0186 17.2689 7.28195 20.3276 5.86991 6.84556 17.4894 4.01284 15.877 0.0537313 7.86697
2525.52 12.3762 16.8988 1.46758 23.808 13.5478 6.30833 2.47722 6.40368 13.2561 0.00940772 8.03222
2516.87 13.8811 17.2885 1.62263 18.5851 15.1834 4.61253 2.30436 23.6792 5.89829 0.0190788 8.62549
2553.33 15.6281 16.0249 5.47012 11.5465 13.3017 13.7525 2.31354 7.09862 15.5132 0.0015885 5.52738
2551.47 20.8322 13.3849 2.96774 9.0113 7.15817 9.23781 2.99838 6.05982 4.40759 0.00332402 4.30606
2526.42 25.371 13.5423 3.63066 14.0344 2.6405 9.23781 2.26651 3.4502 4.60311 0.00332369 5.84744
2577.9 2.75385 13.2705 14.2807 14.1295 6.23261 9.12321 17.4557 10.9757 0.0932 0.00315012 5.58395
2603.59 2.92045 13.5963 7.17587 11.4736 4.27606 33.9056 6.15642 11.3821 1.44572 0.00312808 9.93932
2577.75 9.97418 7.598 4.23847 16.8896 4.62591 17.5862 6.30104 9.03186 57.1945 0.00313868 8.76717
2577.84 11.6934 8.59648 6.10982 13.4004 6.49363 10.2616 6.74547 39.8152 19.6457 0.0031603 6.81909
2586.67 18.1097 10.5207 1.41027 11.8896 5.22652 14.5551 6.27275 33.6741 6.46241 0.00288411 7.47361
2556.68 10.3268 21.2237 4.50536 15.3351 2.56361 8.7361 1.36133 38.6366 5.18715 0.000366506 6.52052
2559.67 7.84663 18.4358 3.05977 11.6599 9.26025 4.55584 4.75042 25.5579 21.8555 0.000366506 6.66666
2581.45 10.3555 15.262 6.36146 4.30131 14.2989 2.90728 8.93511 5.10272 26.5548 0.00575572 4.81578
2657.43 6.30519 6.36477 4.86381 12.2548 6.0561 10.3804 8.69916 0.462183 13.278 0.00610846 6.24566
2606.66 7.32957 6.55572 12.8366 7.08164 7.70623 22.6971 1.86715 5.52052 12.9552 0.00605015 3.86731
2603.14 11.0642 6.24112 12.0074 11.513 3.41349 14.0615 5.71046 9.04208 6.44503 0.029831 4.05901
2579.33 4.88992 8.8643 13.2434 19.0124 4.14035 6.8335 12.8734 25.1848 24.4251 0.0117022 6.85444
2594.95 2.76713 14.4648 6.17749 13.8427 8.54072 11.7264 0.830196 15.6282 7.67345 0.00491927 3.52653
2632.96 1.91492 5.37844 16.9529 9.90092 6.81668 3.85547 17.6416 8.375 20.9048 0.0041977 4.56249
2628.6 7.94397 2.00011 7.90562 14.5938 9.84987 4.87871 3.85813 3.93185 30.213 0.0135573 5.81101
2609.08 12.526 3.96551 3.45134 11.3741 6.29977 11.5958 18.2469 15.2625 32.3649 0.0140118 7.90381
2635.75 8.29952 4.71186 5.36702 11.9406 3.30752 22.8469 5.1166 14.6334 20.6402 0.012874 6.36206
2600.33 4.22624 8.81644 18.9685 8.25606 7.68632 17.0129 2.01143 37.7629 2.7945 0.0136718 9.62174
2601.25 3.02258 8.92414 20.137 2.36648 15.1266 11.0798 7.01093 2.49871 6.38808 0.0240634 4.56525
2596.32 6.97631 7.87112 14.2222 2.99938 15.2565 4.55899 2.58583 20.2491 1.02559 0.0558119 5.94244
2571.61 8.98999 12.205 13.7297 6.92685 7.85117 21.689 4.06541 1.53389 9.12217 0.0994025 6.06035
2585.53 4.38807 13.4994 11.593 6.40693 10.5118 10.4836 0.421061 12.0331 3.2022 0.0256144 5.16126
2575.33 13.8161 8.59207 2.38547 10.0198 17.7706 4.47238 15.601 16.2547 0.771757 0.0364806 7.10279
2597.05 3.8506 7.54408 11.2612 14.8071 14.7419 0.618548 10.261 23.4532 2.30824 0.011153 5.48431
2593.13 1.95775 13.4528 13.8547 5.75299 9.33754 7.75559 7.65727 19.9212 2.44435 0.00104833 3.23705
2595.17 4.5149 13.5821 10.1318 12.692 5.18895 11.8026 15.7287 22.921 2.9677 0.0451248 6.90258
2587.12 4.83816 16.5496 5.28912 13.0608 7.07043 11.1524 7.29874 13.0263 1.4219 0.0246414 3.42016
2583.99 13.5233 7.81336 3.1954 16.4008 13.5746 12.2596 2.3216 8.02267 9.4553 0.0120808 4.55246
2574.58 9.18715 5.78523 25.7542 2.6812 12.1818 9.78714 11.7848 7.96218 7.57058 0.0107942 5.9152
2555.17 15.5928 1.73784 21.33 2.11956 21.2982 7.79992 3.93206 29.4722 13.2182 0.0286454 8.8122
2555.17 15.956 3.90834 23.3807 2.63005 13.6575 6.40215 7.82387 30.2669 3.52375 0.00306577 6.56012
2555.17 15.956 6.37123 13.6592 10.2486 9.65762 4.68211 9.47734 24.3639 6.20495 0.0151218 4.15555
2548.89 18.8372 6.45352 2.38649 15.2807 9.42397 10.7384 8.33523 7.8223 13.7775 0.0208638 6.50287
2598.17 1.70692 14.0092 3.47181 17.238 7.0217 9.18617 4.76669 6.35078 18.2793 0.0143657 5.41206
2599.1 1.09384 16.2942 1.40667 15.5849 12.8812 6.75038 15.4513 4.13123 12.3961 0.0682239 6.28162
2530.84 20.7076 7.01463 6.81999 12.1341 10.1923 15.9568 24.2173 8.84353 7.00645 0.0874187 11.3686
2548.52 18.7183 16.3707 10.0317 12.7433 5.3687 4.95836 0.328938 13.5643 9.77908 0.142594 11.358
2566.02 9.5953 6.30239 15.4591 5.53918 7.25046 10.2446 16.1228 8.22436 8.83112 0.0641307 8.10171
2568.67 14.0006 8.32863 13.7228 4.72269 11.7946 10.5961 3.35375 18.8276 8.43732 0.137271 5.70885
2576.49 5.60885 14.3224 11.938 9.77339 2.69937 11.2645 8.21071 6.2722 14.9428 0.0612826 5.41482
2551.9 7.98455 19.8349 10.8909 8.55044 12.4184 2.85101 22.3486 11.0869 6.21812 0.014555 5.83377
2560.48 8.75753 13.2219 9.37462 11.0915 13.5668 8.46004 11.5262 11.1585 8.49748 0.00863287 3.40303
2588.23 5.04529 6.83921 12.2904 12.8501 13.5386 6.36095 1.92692 20.4676 10.922 0.00612179 4.32943
2570.66 12.6644 10.3218 12.5106 9.76865 8.1113 8.24428 9.37599 61.9745 2.90844 0.00234824 13.506
2558.61 12.7393 11.1585 5.22115 13.5442 9.31511 10.5508 10.2111 30.6798 28.1566 0.00686144 7.26375
2516.2 10.6455 22.9574 11.036 7.80148 14.7109 4.31829 10.0326 16.7221 20.6584 0.0167797 6.77109
2533.2 20.059 12.1542 12.9096 4.83782 6.28731 11.6321 8.94112 13.1394 0.594906 0.12517 6.95982
2585.39 13.2194 6.40518 8.70991 8.32778 11.651 13.5892 1.68309 7.20213 14.4791 0.0325128 4.21911
2592.21 10.7523 10.4004 3.13855 6.24983 14.8525 20.9023 3.43645 0.751547 3.95011 0.141205 8.20444
2613.8 2.09045 10.2957 11.4325 11.3542 9.22504 12.1147 5.76703 7.5367 9.59317 0.112154 4.93589
2634.67 1.54408 5.60199 11.9242 11.8151 4.56019 12.1519 7.61751 7.52594 13.8662 0.175647 6.03733
2626.6 6.13683 9.23555 6.19321 13.1407 6.12358 4.95089 17.8806 2.44626 45.4395 0.11462 8.53704
2560.99 5.60956 12.2644 19.5332 8.4686 4.41452 22.757 7.69361 4.59786 10.5233 0.217273 8.70685
2583.41 9.63682 1.16563 23.6833 1.81652 9.81644 10.8242 4.70582 0.330954 13.7215 0.143735 9.01456
2594.32 4.86753 5.69263 25.3659 6.88455 6.76599 4.56897 7.5001 0.605735 23.1848 0.137546 9.18341
2593.03 3.51294 0.911784 24.2758 11.4903 10.8828 1.41992 14.3654 0.396379 22.5884 0.204507 10.0337
2585.66 15.3782 1.93548 19.7948 6.91472 9.9642 0.345343 16.9887 1.09446 23.9944 0.120298 9.3659
2545.68 17.5091 2.84204 15.1197 15.1699 7.94933 8.40653 13.7737 9.34778 15.2083 0.0583567 5.93268
2549.53 16.3317 1.06444 21.4238 5.73622 17.4826 4.25754 8.35644 14.8743 9.21041 0.211778 8.15997
2575.97 15.7126 3.03933 11.096 6.67684 21.2394 5.31775 0.589679 13.9848 6.73336 0.00981135 5.02803
2572.88 10.5542 1.34962 19.0315 6.87668 9.93306 11.9472 4.9882 9.9233 4.78382 0.000569946 3.75375
2580.32 12.6793 3.14035 18.4363 10.6181 9.53984 11.2349 9.43391 12.1853 16.8857 0.0171903 6.04897
2634.74 3.31753 9.05978 6.22485 5.13054 13.5907 4.97849 11.0846 17.5765 8.50577 0.0160661 4.87635
2634.74 3.37529 11.7175 7.36498 4.09727 10.9562 12.6165 6.21052 20.2045 34.1318 0.0435891 7.26378
2620.73 10.7694 11.7256 2.26003 4.72706 4.37013 18.2155 8.2049 20.7623 12.1232 0.0169145 7.47781
2608.09 13.6531 1.53649 10.1499 6.99937 13.479 8.74062 11.799 20.6539 18.8919 0.0463968 6.59858
2608.09 8.83307 5.92481 11.5878 7.25161 12.0567 4.62788 9.21195 20.3846 28.9153 0.0733926 6.16598
2561.82 9.33292 7.0537 17.2921 6.09589 12.7565 12.9236 5.6111 18.4221 21.5609 0.0712287 6.83924
2580.32 9.45083 9.89814 14.2685 2.04751 13.4202 10.7289 2.58266 19.9416 17.8394 0.0297694 5.30054
2543.85 15.0334 15.7473 5.02212 15.6874 5.43115 2.9313 7.51457 15.6148 38.2721 0.0293061 7.44212
2518.73 21.1038 13.8458 1.91539 19.6345 8.632 4.21129 18.056 5.97954 15.7228 0.0957665 7.64745
2550.86 13.5609 14.2067 2.72581 20.6632 3.9476 0.908243 18.5159 9.5434 19.36 0.261847 9.63992
2561.28 17.9181 14.0573 2.72581 9.59588 10.553 4.11358 21.738 9.52358 36.7119 0.241499 10.7498
2570.28 14.4704 11.6841 4.1941 10.7025 5.45574 4.62899 15.5373 17.2146 40.3639 0.029027 8.14011
2581.75 21.0445 7.22669 6.13072 10.0536 7.05322 7.48928 12.9057 20.173 15.8475 0.021817 7.18046
2545.62 16.8022 6.80494 9.77678 19.7298 4.73713 5.87713 11.7721 8.37945 19.5065 0.00525098 4.32164
2549.61 12.9331 6.18777 12.468 18.8382 9.6284 7.34324 9.20603 13.1858 3.77692 0.016109 4.9643
2587.66 15.4236 7.41032 5.89893 13.9862 7.34161 6.4394 18.7621 4.4351 6.0205 0.0230067 4.23735
2592.93 12.3615 8.63878 4.72008 8.30282 13.0573 11.4901 9.9779 20.5015 33.7029 0.0125035 6.40522
2596.94 15.3017 8.18362 0.161349 11.1324 18.9808 3.17817 6.32558 17.0361 2.48283 0.355492 9.79229
2593.23 18.4335 9.05226 3.28632 1.71772 10.3792 7.02826 29.0257 4.16177 28.1645 0.00276171 9.23276
2593 15.0449 7.30605 7.76703 9.13021 9.58779 8.88016 22.9321 9.96361 5.97507 0.0915602 7.53785
2586.92 16.6991 10.1141 2.63984 8.80392 10.6333 13.953 7.48829 9.65939 7.02196 0.0244357 4.51306
2577.23 10.9802 17.546 0.214222 18.4033 6.52916 4.19646 17.5237 22.3235 9.09984 0.0174628 8.20269
2594.73 3.88871 22.1845 1.921 17.5809 2.88943 4.24081 16.1107 19.5167 4.85252 0.0174628 6.99455
2576.7 1.327 15.3025 11.5727 19.9231 4.71822 11.6948 3.3754 1.2371 7.80876 0.0268179 6.37825
2587.36 8.54749 9.95232 15.5473 10.0408 1.23615 3.72771 3.98746 11.2206 7.93972 0.000464601 5.46011
2599.17 1.0963 5.55835 15.5786 15.6677 9.92214 3.72653 8.61606 9.96296 5.29465 0.0107673 4.54977
2621.91 5.12976 9.76993 3.92221 14.3634 13.4838 4.62349 13.8711 12.8987 9.31087 0.00406908 3.58357
2604.38 4.75255 14.0569 1.56742 15.1674 10.7221 5.48884 11.6589 10.4512 10.7355 0.00855718 3.29784
2601.83 11.5409 11.6436 4.29337 8.29058 13.8563 4.0888 23.6258 6.35339 11.6299 0.0148987 5.84122
2582.98 7.15373 8.88555 11.7944 8.72946 12.2059 10.9013 22.1493 7.25534 18.0075 0.00621057 5.62754
2624.45 6.33748 1.57291 9.90505 15.7256 6.12857 7.15126 7.26055 15.7645 40.0284 0.00792686 5.94624
2543.73 14.9679 16.0369 9.10679 11.2471 1.33994 3.97842 18.0501 7.31678 35.769 0.00162275 6.44503
2623.92 11.0267 5.47373 9.55431 9.62124 9.909 7.5508 14.3394 5.9376 9.675 0.00966454 5.22718
2631.65 10.3702 5.58977 10.1362 2.56033 9.67695 8.10694 19.7646 9.46415 6.07068 0.002268 4.9135
2597.99 5.12856 18.9216 7.59744 9.35101 4.96339 7.99584 14.9299 3.3325 20.7065 0.00665552 4.47056
2588.95 2.54027 16.0971 8.39332 18.6753 2.55117 10.2834 6.96143 2.28385 13.2123 0.00686595 4.20102
2588.95 2.54027 18.7939 6.30042 14.3693 1.81152 10.693 6.05132 4.75026 11.6037 0.0410529 5.07843
2576.3 16.683 1.20531 9.77662 11.8537 8.94887 10.4664 8.87247 9.34057 1.3573 0.0248712 4.43019
2573.98 5.4428 3.18359 23.3505 2.82918 19.9071 9.96635 10.9169 26.9656 13.1572 0.0258461 10.1992
2585.65 7.82276 4.73881 16.6426 4.42571 21.0488 3.61019 10.3691 20.245 13.5389 0.0265302 5.96822
2564.24 13.2553 6.90674 15.1609 4.57312 21.8256 0.811665 12.2607 10.1004 11.9334 0.0395158 5.85909
2563.17 11.6023 1.52357 26.7426 5.45111 11.3445 4.55475 7.0109 11.3896 12.9192 0.0439331 6.12117
2556.26 11.8536 7.87241 15.7154 3.87361 13.8598 3.61232 15.9806 0.839775 0.640299 0.0204103 6.33206
2579.39 11.4147 8.72807 11.8949 4.0027 13.9534 2.92482 16.3164 5.58602 2.29781 0.0319881 4.22258
2582.28 16.0052 9.25218 11.0482 5.72414 6.89783 7.24404 24.6697 3.846 27.1068 0.0845006 8.24268
2634.75 6.04223 6.8272 5.39807 13.7799 5.57121 7.17384 3.88759 3.14804 8.75824 0.0716624 5.91698
2628.04 7.37657 6.80566 9.43417 11.2343 3.63781 6.93708 10.7755 5.47913 27.5527 0.0863975 6.55511
2596.8 10.9463 4.70861 13.6821 10.0182 13.2848 6.01781 10.3889 13.6832 8.93765 0.185173 6.88411
2642.11 7.61054 4.03575 2.31206 10.6061 13.8141 3.81381 3.24221 17.9749 15.8935 0.0497237 7.20381
2636.73 5.77263 7.71879 9.32751 3.07144 20.3691 5.34678 2.46726 16.1775 25.421 0.00632329 6.00615
2635.96 8.41921 10.1184 8.13797 3.34521 4.72082 3.22442 11.4893 10.046 28.2185 0.00872255 8.48518
2622.61 5.97722 10.2501 8.58887 5.18435 7.78604 10.7641 17.6875 3.4509 2.80482 0.0162013 3.88281
2599.51 7.15987 11.6891 8.53186 9.92296 5.6626 3.43825 17.9718 11.002 0.54037 0.124436 6.14865
2573.12 7.12876 21.7874 1.64583 6.9564 20.4051 4.1786 9.15281 4.07247 12.8802 0.052378 5.81688
2551.86 12.3907 17.9513 4.88382 9.71994 18.2879 4.06521 2.65522 13.621 6.63011 0.029133 5.00031
2572.8 12.2983 14.5774 2.11021 11.6448 10.8568 12.9529 5.94772 11.0313 13.9701 0.0834934 5.29477
2635.97 5.03875 0.563761 11.8906 12.2648 16.5436 0.481036 11.9701 5.86288 22.5238 0.00827005 6.22751
2629.61 4.76307 6.77937 5.59132 9.27454 18.91 5.20451 13.7657 6.83469 38.6309 0.00827005 6.1804
2604.71 5.88543 4.99038 8.02824 16.2695 15.2785 4.08865 4.29131 2.62033 29.0168 0.249783 8.21382
2623.71 2.93989 2.25761 9.72402 4.53089 18.4245 2.63761 4.7744 16.8559 27.6421 0.508041 11.8874
2614.34 1.59365 3.81187 9.68774 5.95077 20.7619 3.95386 2.86205 8.85461 29.2646 0.522365 11.361
2601.53 5.79155 2.88642 13.6535 4.58621 23.8003 6.74268 4.42907 8.3531 17.5895 0.30421 8.44224
2630.76 3.19361 5.8001 14.489 8.31469 8.41731 8.76317 15.0349 5.93279 12.1352 0.0853722 5.20165
2591.41 3.03203 7.30424 14.8263 13.9094 6.35207 5.24139 13.2034 26.3513 0.663375 0.205298 8.17383
2602.18 1.93937 7.8787 4.72262 14.2641 17.7872 9.13674 4.7038 9.79821 10.7657 0.309959 8.29906
2617.73 11.9229 6.6992 2.0455 19.8813 4.00749 7.80518 10.2468 27.9543 7.50561 0.0636732 8.6021
2548.85 23.456 1.99094 5.67926 19.0963 5.94666 7.73458 9.79285 31.3579 11.2382 0.0224734 7.3226
2571.87 12.6317 15.7059 2.22672 17.9533 9.41752 4.61454 6.38712 14.3256 18.2613 0.0228045 6.183
2603.27 0.396129 12.6687 8.29492 19.1717 7.1675 5.02277 3.87757 17.6389 37.4529 0.0552905 8.18676
2593.43 2.67636 21.7263 7.82993 7.69057 2.3644 3.00139 4.21406 11.3128 15.0866 0.40634 12.7998
2630.95 3.49492 14.8266 11.0476 4.12152 5.81488 9.26654 4.28194 11.645 20.3109 0.000668536 5.22921
2543.07 6.5844 9.93273 16.0729 17.264 1.32303 14.9863 11.265 1.31664 29.7408 0.00411925 8.28173
2583.26 8.06847 7.93952 15.3342 4.48176 7.74172 20.1398 9.11626 9.86072 11.3378 0.00411925 4.1081
2547 13.7854 11.6093 10.6561 5.64499 11.1064 15.2947 7.13055 9.91673 7.82145 0.0093326 4.16733
2560 10.7018 12.6906 11.2019 9.53364 11.494 14.7157 8.40166 16.2779 29.2588 0.0518998 7.32562
2544.39 5.36814 19.9066 13.0839 11.8114 11.843 5.77678 5.25688 23.5827 15.4675 0.106045 8.13849
2578.33 6.21149 9.29351 13.6202 14.3508 7.21777 4.25057 10.3907 12.8123 7.35159 0.0112958 3.22161
2628.1 3.15694 6.57804 14.0045 9.005 6.00054 9.45053 4.15428 15.6053 3.4403 0.0542115 4.36592
2641.7 2.28256 5.45648 10.7813 15.222 6.15636 3.62785 2.92911 12.7998 13.7117 0.0743417 6.6722
2615.84 5.67146 13.7339 4.15295 13.7667 5.01973 10.1541 2.3654 10.6786 21.3856 0.0744221 5.96935
2597.2 6.30694 3.82995 22.9877 5.36565 5.8162 1.00035 22.8607 6.96766 15.9438 0.0806521 7.1194
2601.69 6.03581 1.7408 21.2864 6.8258 2.21398 3.48796 13.521 6.22921 6.54508 0.1678 9.66068
2603.77 2.64697 14.7244 11.2026 7.24811 4.57368 20.6863 4.70767 12.9167 8.96268 0.072045 5.42002
2602.21 10.2934 3.49365 17.444 6.55243 4.21674 14.8776 7.54684 23.3113 32.4539 0.00119637 5.61998
2600.86 5.64119 0.842454 18.1528 12.5873 4.35535 14.4983 12.3876 14.7746 8.97607 0.0438103 6.00956
2594.56 12.1127 2.94691 14.4132 13.1429 5.27131 14.4371 5.185 4.75239 10.7249 0.0414887 4.65143
2579.05 5.89785 10.7082 10.7296 13.8143 1.65642 9.25133 17.6682 2.9727 28.2082 0.0277258 6.66674
2602.69 6.46492 8.26089 5.14805 19.9214 5.90751 7.26401 11.6777 7.72499 11.2858 0.044266 4.10071
2636.51 0.911834 7.60628 2.31377 21.8775 6.43731 3.92711 18.3141 7.30354 19.2236 0.0166864 6.01833
2647.43 2.58045 8.73507 10.6283 3.68854 9.94227 4.5158 2.01064 12.8151 12.5252 0.00496011 5.71891
2661.67 3.15879 2.79373 11.9985 2.57418 18.2779 9.43376 2.23025 8.22141 10.328 0.00536391 5.18263
2663.45 1.19276 10.1318 5.53543 4.80122 17.5522 14.1445 5.01786 13.7568 11.3118 0.00580068 7.6984
2598.78 6.30954 8.82187 2.27911 13.4428 14.9775 15.6049 10.3072 4.27664 15.3085 0.0145146 6.71822
2603.95 2.51806 11.7866 4.29115 11.2529 17.7889 12.3488 3.00286 0.68613 6.89665 0.00723829 5.49615
2601.92 2.80135 10.7931 12.1902 9.88246 11.764 10.2937 4.98904 16.7932 2.04491 0.00313368 2.51866
2620.55 1.28388 12.3613 10.1069 3.61297 13.5919 17.853 2.60298 17.5504 9.09411 0.00265867 4.47211
2620.55 2.02366 8.29648 14.8305 6.88763 9.76404 6.29908 5.61417 41.1162 8.99521 0.0014577 5.54383
2613.8 7.32429 6.062 2.7462 22.3188 5.37324 1.98375 6.01766 31.28 20.7259 0.0136372 7.36246
2602.94 1.36439 13.633 1.45982 24.6818 9.59241 1.48505 6.07967 12.2522 22.8413 0.000845431 6.33043
2626.75 4.17446 12.0202 2.30046 13.2329 10.4483 8.89978 3.23254 2.38188 20.3044 0.00976456 4.42776
2625.61 4.17446 9.35284 1.45541 13.633 14.4988 12.2232 8.26249 0.868745 19.6346 0.00405326 5.14257
2616.37 5.43498 11.8413 2.97689 17.8464 4.15038 12.2232 13.3585 12.6725 20.1312 0.00246238 4.51402
2592.76 7.44905 15.0304 5.32615 12.6918 7.69489 11.4139 12.3205 2.84769 10.7106 0.0158493 3.4128
2571.1 7.10979 14.5493 6.95592 14.9275 7.50471 11.4934 16.0541 7.02718 10.7188 0.0463218 4.82469
2552.77 7.10979 17.3794 4.9683 15.4607 4.89336 14.1543 19.7836 4.4153 13.1656 0.0341588 6.87831
2608.74 6.9764 11.6422 1.22429 14.5841 2.60453 3.26232 14.6077 13.5266 13.212 0.0384751 7.98822
2559.22 2.85373 8.82919 9.61443 31.4716 3.83671 1.35577 5.61183 19.897 15.606 0.586969 13.4894
2557.41 2.85373 8.47156 11.1244 25.7964 3.83671 5.26411 10.3936 7.26228 17.2477 0.46521 10.6787
2567.5 9.51935 8.85024 13.6355 14.4898 6.39592 1.42338 15.7299 7.00783 17.8305 0.373078 8.64763
2542.58 13.0949 9.54409 18.9437 3.6441 18.8124 8.23253 14.8485 3.36592 21.9988 0.131119 9.04619
2557.36 10.1754 15.262 10.3003 11.4217 2.88252 14.5462 14.9491 12.022 11.3736 0.0412389 5.34395
2616.81 2.56552 7.10176 10.1052 14.8774 3.74662 11.7952 8.86864 6.73762 32.5117 0.0287486 5.32628
2600.56 4.12861 18.6194 6.32855 12.3931 9.98647 16.4648 2.83987 11.3679 34.4503 0.00437483 8.49076
2593.53 5.04203 17.9422 1.3076 9.05712 18.9427 3.56366 4.43139 9.80756 28.9294 0.00674711 5.62046
2589.49 5.31711 19.9072 4.10226 9.18081 14.2399 6.36637 4.70376 21.4091 11.2451 0.0153375 4.47215
2588.91 3.02293 9.16046 19.3945 9.19414 2.49947 28.1621 4.60976 18.3126 14.5913 0.116714 11.2133
2590.43 4.23863 21.9096 3.43771 9.72653 3.23652 17.1402 4.19694 4.14461 36.5578 0.0352867 6.83103
2589.15 2.72873 18.002 6.21286 9.79153 11.5559 9.97268 3.98469 9.23905 14.4558 0.14701 5.54647
2581.21 7.34752 12.623 7.43549 13.0855 9.24282 14.8408 7.11224 5.03767 4.51869 0.0363331 3.54484
2603.63 8.96697 8.94556 6.49593 10.9492 9.36958 15.3524 3.03454 6.29099 6.59983 0.0291833 3.29282
2600.91 12.356 4.9174 4.20809 15.5663 9.32146 17.7468 4.86764 4.20575 10.0049 0.0582979 5.34064
2594.91 11.8211 5.2708 9.82806 11.9878 6.40378 12.5747 7.71793 8.27532 23.004 0.0111602 3.36806
2590.45 16.3053 3.46545 13.352 6.69298 7.61231 2.61967 5.81444 16.7544 3.41291 0.0111602 4.98097
2579.6 23.9092 3.70214 5.39182 14.3414 8.61189 0.907972 12.4834 17.0704 0.812461 0.0186044 8.32507
2585.19 18.2205 6.95949 1.32963 12.8058 8.5872 0.733066 17.7507 18.7811 10.3061 0.0958667 8.16875
2578.52 16.6136 5.4324 3.83719 13.8532 15.4463 2.07708 11.6479 8.50928 25.0557 0.0311225 5.6516
2574.06 9.1642 9.72955 10.9464 16.3949 10.4752 1.81373 10.9384 8.80856 42.9281 0.00459508 6.02404
2547.43 10.4068 16.3384 8.77905 15.5105 13.6886 9.21744 4.52066 16.2572 18.5428 0.123486 9.22845
2550.82 14.6427 17.8108 13.2676 1.2128 7.43824 5.63559 9.71878 23.491 11.439 0.0164978 6.9371
2595.59 8.69016 5.22677 12.3982 7.49401 6.17431 11.6313 10.5744 24.6314 10.5407 0.16065 7.75648
2491.82 29.3949 2.22492 16.0681 14.9407 3.68095 3.94155 16.9583 23.9505 19.7156 0.0436246 9.76647
2576.13 14.0451 5.09706 12.0287 10.4506 13.4091 6.2518 2.0485 28.2422 14.8155 0.015768 5.08092
2597.23 12.2855 8.00182 2.80057 14.5691 14.9727 19.3346 2.0485 2.63383 18.4476 0.113575 9.89006
2584.59 14.9885 4.98472 13.4991 1.33623 20.5128 11.8758 8.19236 19.948 19.2077 0.156328 10.6076
2585.61 16.4353 4.32123 10.7371 1.33623 14.6107 9.92205 7.28415 4.48984 16.4786 0.121468 7.36729
2607.53 10.5021 8.55885 6.3839 2.12597 15.7046 10.4699 11.7863 14.3419 5.01307 0.0242431 5.40404
2576.5 11.6522 1.75194 8.52977 20.8705 5.07894 13.6739 7.32694 9.01434 30.4336 0.0192878 6.84317
2577.3 15.1985 0.518394 9.25497 15.0089 12.7447 2.37818 12.6132 18.5223 1.56212 0.110489 7.62762
2628.44 15.8155 0.833623 5.41104 8.41909 13.953 1.94337 9.40246 13.5689 4.56723 0.110612 7.55869
2626.21 10.138 2.69701 9.86893 8.26345 9.82923 1.79325 11.2949 1.06293 5.24351 0.107393 7.04724
2573.17 10.1444 6.21263 20.7405 2.66082 11.063 1.95338 20.4138 2.36538 5.24351 0.100646 6.21016
2564.65 5.66318 19.0072 14.8143 5.45367 16.6495 8.0827 4.49838 7.38555 8.82316 0.101924 7.73645
2556.84 5.39301 14.9758 15.9754 8.45012 6.15164 20.0335 5.38683 11.8612 17.4206 0.222641 8.35728
2575.84 7.6335 17.9983 1.92508 13.3852 8.77411 9.01752 4.18415 17.8605 24.7328 0.265943 8.3745
2651.64 5.4536 1.90177 5.42762 8.75087 11.4221 13.1786 5.00638 5.57631 17.7877 0.146506 7.3705
2651.64 9.69596 2.35354 7.34869 8.54142 0.677043 17.6413 0.611243 23.4589 3.326 0.117244 10.0852
2646.4 9.14693 2.68972 7.69006 10.2981 6.26766 27.9804 0.671632 15.5595 0.369633 0.109989 13.3853
2605.43 9.61642 4.22575 14.8023 11.2747 3.30561 10.3257 3.617 20.2492 6.91009 0.0566682 5.09194
2591.61 9.83442 6.77187 8.97529 16.3827 9.14162 3.32094 3.617 4.00391 1.04177 0.0590367 5.56284
2597.56 10.1101 11.7377 6.86441 12.7071 11.4424 0.448125 8.08957 6.03078 7.12582 0.0185744 5.12988
2574.29 13.1331 9.979 8.16251 11.0872 10.6052 5.67598 12.9665 14.0213 7.19581 0.0778473 4.39035
2531.31 15.0112 11.0543 13.0521 9.69527 4.08849 7.92184 23.4572 8.30837 3.74577 0.0775639 7.65483
2613.92 6.5453 5.07478 5.77555 15.2769 6.21073 19.8452 4.98185 3.53837 13.8711 0.207777 6.80984
2607.34 6.80653 18.4128 5.25735 3.00149 10.8452 16.8397 4.52984 13.3003 4.87812 0.0765668 6.72101
2592.87 5.61841 14.589 12.687 6.20026 5.29839 7.40635 11.6743 13.6109 3.90817 0.00468981 2.91496
2572.91 3.38892 15.5769 14.3503 7.66351 6.2047 12.7824 11.2644 9.90671 9.3486 0.0303577 4.23048
2546.84 4.08389 20.8024 12.5901 13.3913 4.21706 18.2555 0.036468 12.2128 1.47778 0.0154683 7.71841
2551.92 2.91138 22.0925 8.47364 16.1575 4.00261 9.44666 11.5383 9.41421 15.1177 0.0305765 5.6018
2529.36 6.02802 26.5018 8.76519 10.5111 7.59164 15.8025 4.36887 16.0835 16.2249 0.00246201 5.67315
2524.4 11.9851 19.376 9.67842 10.1722 10.3169 14.471 8.5841 17.255 11.9013 0.000289574 4.70084
2532.77 16.2365 8.33302 16.5457 12.4599 16.4077 7.61223 0.507509 12.9505 17.165 0.00128147 7.54512
2532.27 15.5839 12.398 10.3121 15.3439 10.3106 6.32656 8.1076 13.605 4.62708 0.024649 4.69545
2539.73 14.7299 18.2376 6.15817 4.3073 8.65531 14.0073 7.37436 26.4799 1.63184 0.0409663 7.59107
2587.25 8.1774 19.6602 1.24455 10.5961 1.15671 22.5804 6.99758 21.2277 7.52162 0.0141043 7.08602
2604.62 5.20894 14.3332 5.63297 7.56611 1.15671 15.1885 20.195 15.3256 7.41813 0.00607886 6.86069
2613.23 1.56415 17.7393 7.46964 10.4889 3.17076 10.2288 9.21409 9.18234 3.84016 0.00492541 3.16862
2601.87 4.06302 8.59642 13.2596 13.1306 9.95511 0.0350289 6.49492 6.90359 14.8268 0.00257127 5.6045
2574.32 13.6154 11.8604 7.92575 6.31474 11.2751 2.15267 27.7825 9.30944 1.42593 0.00727114 5.22043
2578.02 9.42883 12.6769 7.65199 7.7014 11.9924 3.53135 14.671 3.36309 7.90016 0.00304551 2.76517
2572.41 8.80328 7.99328 9.55962 10.497 20.3621 4.10614 14.2674 8.5326 4.09957 0.021971 5.32479
2596.62 4.65167 10.0458 7.54361 9.93262 19.7539 1.54493 10.9268 6.74057 5.39537 0.0388987 4.78165
2588.66 7.1885 13.024 4.44174 9.19187 22.1858 4.65726 13.2622 7.75509 23.2942 0.0943297 7.61887
2626.96 7.43107 8.55322 2.53378 8.42748 11.2806 11.1655 17.5305 5.43023 34.2441 0.0261169 7.08261
2586.1 7.43107 11.772 11.8084 9.59276 5.85559 10.4534 13.711 8.39361 1.43672 0.0261169 3.30477
2613.66 7.43107 8.8261 11.8084 5.78793 5.38287 4.88355 21.2875 10.7157 5.1861 0.00233257 3.45554
2627.37 4.44163 6.27252 8.02713 9.74347 15.284 7.72372 7.66956 1.75654 12.0481 0.00463406 2.91716
2636.82 7.0547 6.4091 8.97162 3.4391 12.3131 7.02309 22.7838 2.97357 17.5695 0.00868376 5.54713
2555.03 13.0053 5.33079 25.8121 5.40122 12.7377 6.64242 1.16497 9.43831 1.94983 0.00832611 6.75007
2560.38 17.2299 3.91258 22.1084 2.17805 12.2577 6.59087 3.05001 14.0368 25.2848 0.00047293 5.18052
2637.8 1.6665 6.99755 14.6525 9.91419 9.25307 7.08252 3.58877 13.3976 29.2015 0.0201216 6.21475
2582.15 3.08267 12.4258 9.20287 17.3606 11.5598 5.25245 9.89898 14.1877 13.3655 0.0301604 5.02964
2561.86 2.36657 17.2705 4.27743 17.3606 11.7659 7.62455 7.82093 13.987 14.9465 0.0132664 7.03262
2560.53 11.1009 18.1125 3.53802 15.7437 10.7346 6.62518 1.75214 12.3853 16.6083 0.0477296 5.93628
2563.48 10.8657 12.5678 2.20544 17.8004 18.0991 3.39245 5.3254 12.2032 20.6684 0.0414075 6.98679
2542.97 10.4443 18.4142 6.28209 11.4658 8.18468 7.80912 18.8377 0.145079 20.2691 0.044456 7.17778
2595.61 8.83473 18.2758 1.41627 13.9671 2.92233 7.62942 16.0753 16.2313 39.6101 0.0491725 9.02349
2562.76 10.224 16.7049 6.62206 7.2059 2.08568 7.02413 25.6453 8.99921 3.85748 0.133069 9.85108
2555.92 4.88505 17.5507 11.511 19.0825 1.30482 6.44376 12.7537 28.4467 1.16366 0.121963 9.74917
2563.52 8.42874 14.9809 3.81485 20.9948 0.70152 7.12374 8.68505 19.8648 17.5079 0.0510116 7.36547
2572.36 13.0296 10.7552 3.60717 18.1431 1.3537 13.7523 10.1913 7.94794 9.57634 0.0220416 4.22588
2581.66 14.0735 11.3661 3.60717 19.3301 2.59523 7.48874 21.7319 6.68046 2.65431 0.0120701 6.42829
2581.41 23.953 4.22369 7.02929 8.84498 3.75507 11.2145 4.99828 4.45553 6.25155 0.0215878 6.14722
2536.8 21.9117 13.4442 8.26641 6.62886 12.3659 7.76218 11.0975 4.88609 15.2477 0.0149244 4.98241
2525.47 13.9455 15.2808 7.72556 14.0133 3.88611 6.86612 15.777 18.501 20.9282 0.00655442 6.92771
2503.98 11.0423 29.8689 0.706702 12.5892 7.07597 2.46084 26.9673 11.1832 2.74346 0.0139101 9.81158
2537.65 9.43858 32.3156 0.706702 7.13499 8.52451 4.3945 22.8247 4.7875 10.5061 0.0181634 7.69282
2528.58 17.0474 20.1622 4.43024 5.43768 14.3639 3.22671 9.28947 6.65419 13.9734 0.0157063 5.3841
2499.89 19.6085 12.5796 12.1913 10.4646 19.1556 3.16925 15.5382 0.846789 7.99711 0.00432873 6.87941
2507.29 14.9769 14.7657 18.7386 4.78743 16.5596 9.58952 6.81306 4.85391 2.93231 0.000955232 5.216
2561.63 17.1206 13.1907 5.79119 5.621 14.7935 7.98759 7.05373 7.4663 12.5321 0.000957513 2.64259
2567.65 13.6366 15.5984 8.06829 5.41916 10.8781 3.27162 10.7428 4.63847 11.9937 0.0101088 3.84682
2547.17 20.5835 6.08824 17.649 5.47894 5.99075 15.8011 19.8372 13.9149 43.579 0.00315096 11.2332
2608.39 6.75948 19.7986 4.19749 5.48118 4.99531 9.76134 20.0524 23.3403 51.4517 0.00242152 10.9313
2596.98 11.1501 14.4677 5.26219 5.48638 12.8188 10.2209 5.50111 9.81057 13.8169 0.0115911 4.03492
2621.29 1.76579 14.9019 4.36609 7.71518 6.70466 1.70783 15.6058 11.587 10.695 0.0521164 7.88161
2623.59 6.16236 7.20155 3.43679 21.0573 7.12634 4.11051 1.22441 4.72292 8.80658 0.103892 7.46843
2600.64 13.4813 4.21896 12.9871 2.65682 15.9948 6.70946 6.721 6.25188 10.7164 0.0609939 4.79232
2550.04 13.4499 5.96744 16.1608 5.7054 19.9952 4.2207 7.37919 11.1583 16.1084 0.0484508 5.94757
2554.45 16.704 3.02253 19.5981 7.10952 13.7615 6.07691 7.57753 12.1848 16.3581 0.0387895 5.27652
2623.11 5.7381 7.93372 8.04603 4.28414 8.06797 7.64314 4.95439 27.1123 16.0157 0.000213776 6.64493
2597.5 3.49876 12.5029 10.86 14.3079 4.11357 12.1891 14.0514 10.4819 6.61495 0.0322811 4.33733
2570.25 1.24364 17.0002 10.4109 10.0234 10.0273 10.7911 11.3502 18.628 12.6391 0.0251046 6.39112
2567.53 7.44544 7.89525 18.9856 10.6809 8.89202 2.18345 1.28786 22.705 11.241 0.0438806 6.96769
2614.74 4.44434 3.14722 17.7365 14.2022 7.42875 4.12861 23.8376 5.87143 1.02392 0.192687 10.1745
2655.03 5.55901 7.84703 0.826431 16.4549 5.34594 4.04268 1.5798 23.3515 6.51699 0.249691 10.7027
2616.63 5.48503 20.799 0.72288 18.111 2.48599 9.5532 2.08342 8.40002 29.7699 0.0354283 12.7422
2596.02 7.11502 11.6368 6.60285 16.2475 3.57745 7.96059 24.6286 8.94483 43.4742 0.0231303 8.17099
2602.18 7.43724 17.0546 2.89141 11.9723 12.9057 1.28529 12.2106 8.20242 29.6557 0.00182385 5.54901
2600.59 4.24565 18.173 3.1033 13.0108 6.34951 12.8665 6.68365 30.1909 45.5042 0.0221358 8.92226
2566.79 10.1418 25.1243 3.41517 8.70543 6.19363 13.4519 6.08333 25.5322 67.6674 0.0577342 14.0653
2558.83 9.73835 24.2273 3.15081 11.8652 8.95822 15.4852 4.03829 10.0549 4.30037 0.0149581 6.33057
2589.92 4.98736 20.5198 3.7341 8.95157 10.5017 13.6717 8.8707 1.09622 10.5733 0.0104227 3.92337
2586.24 3.84481 20.6929 3.90155 10.1819 4.39941 17.6433 4.01504 3.5193 23.2204 0.00355956 4.39807
2596.96 2.91965 21.0814 5.15735 4.19957 8.40785 14.3503 17.3449 5.90432 27.5321 0.0194274 6.60629
2596.96 2.91965 19.2176 8.97959 1.22601 18.4135 6.05543 17.1761 3.638 9.19313 0.0719545 6.57341
2595.48 8.16926 17.8349 8.50388 0.276771 10.4291 12.8877 11.201 7.42428 3.50954 0.0506081 6.49165
2563.66 10.6662 11.1486 11.3227 9.88508 14.1189 12.2192 0.175485 3.09262 9.54452 0.0272128 5.3607
2554.19 18.4442 12.9019 8.07413 5.70864 8.40557 4.22884 10.114 6.63377 5.17869 0.00273345 3.55725
2557.27 10.0729 14.2349 9.07978 12.1095 14.921 5.6208 3.8251 8.38191 0.215201 0.0757415 6.01201
2553.59 15.017 13.4431 4.72999 14.9592 1.60263 14.3662 9.0711 15.0542 3.88418 0.0607866 5.42953
2558.42 21.1639 13.3796 0.127322 14.2393 3.5496 10.8417 12.4214 5.7349 14.5856 0.0216426 6.74449
2544.65 10.8176 17.612 16.6853 3.30432 2.4498 11.1754 18.4173 5.84837 10.9745 0.0905496 7.37547
2562.45 11.4774 16.7785 8.82342 6.00357 12.5822 0.434514 19.8019 29.728 21.2999 0.117186 10.7542
2535.69 8.56554 12.4517 15.6132 2.28159 19.565 13.189 13.4713 10.6198 11.5734 0.185696 11.5198
2548.42 5.80017 9.59154 21.8286 7.33047 19.1358 4.56417 16.1102 9.67307 0.276024 0.403221 12.075
2634.26 2.45143 9.59154 13.4535 1.77261 11.352 3.09108 19.9808 25.8325 4.19503 0.25332 11.0674
2632.03 3.06622 5.48306 14.6868 1.4344 11.6804 8.37723 14.579 26.3275 15.4732 0.018331 7.0935
2621.86 2.9479 10.914 13.7375 3.05728 12.1271 6.48826 13.616 16.0005 8.3818 0.018331 4.27742
2592.79 2.85065 19.5823 10.5155 7.48243 9.46319 2.26219 11.5144 3.51117 10.4344 0.177735 7.1308
2607.54 9.88098 10.1178 6.38246 10.5678 13.193 1.88181 5.03184 26.518 30.588 0.0297139 7.21536
2638.93 5.05767 11.6249 3.23509 9.23437 9.79646 2.51083 9.64845 24.7207 31.3868 0.0341421 7.76755
2596.19 6.49662 11.6249 3.23509 11.5382 7.87709 2.51083 9.64911 23.7856 23.8594 0.0341421 9.53107
2571.11 8.48399 11.5846 7.48379 8.50348 20.8519 6.37914 4.57306 18.2933 15.2422 0.0598633 6.40785
2571.21 9.57576 13.1446 11.8057 7.0968 15.455 4.4298 6.75193 10.586 25.7298 0.0728815 5.57834
2565.42 13.9385 9.61007 10.1649 4.57137 20.5067 7.19539 7.39346 10.5648 21.2179 0.0440564 5.60009
2577.5 15.1665 5.13081 8.64874 10.3923 21.8736 1.2425 12.5546 8.32954 11.2311 0.0866998 7.01236
2613.68 8.20107 4.381 9.5804 8.77522 16.9965 1.2425 15.3515 4.33831 25.9274 0.0114748 4.7811
2619.83 6.25888 7.70174 3.71377 14.5898 7.00843 4.48404 22.0323 8.52084 14.2 0.0287731 5.03554
2620.43 4.21242 6.53326 5.18309 18.8869 2.94337 6.60314 34.5979 11.3988 13.0284 0.00158063 8.28334
2610.29 5.09025 2.60559 12.8063 13.3533 8.25729 12.7424 3.20805 23.7993 29.9127 0.0163764 6.1542
2599.38 9.25453 3.61266 10.2471 11.2309 9.71284 11.4206 6.45905 10.9925 10.6722 0.014075 3.26468
2626 9.41472 4.06744 9.02627 13.749 9.67971 2.82302 7.39127 12.2741 16.1487 0.125638 6.93163
2595.58 11.9624 0.545425 9.6552 21.388 2.38055 4.13059 7.32049 14.3431 19.2578 0.0153937 6.55167
2566.75 13.897 9.45801 7.54456 15.8789 5.56146 6.06387 17.7273 5.40296 21.8196 0.00401509 3.55643
2561.67 11.7329 11.5098 9.13152 13.7681 2.50038 9.52222 11.7771 11.1215 16.832 0.0130737 4.10543
2571.27 7.37601 17.1408 6.81577 10.6838 6.73073 15.8964 18.8052 16.746 15.1274 0.0150971 7.29509
2527.27 4.94798 21.3199 15.9797 6.93696 4.89687 20.6035 10.0828 21.0974 14.8119 0.101103 10.9106
2558.31 14.6121 17.4453 13.0148 8.43794 4.68192 6.1095 2.31188 30.4103 1.33539 0.120748 10.9479
2526.75 12.8859 19.0767 9.39056 16.6892 8.24022 1.78407 3.00368 29.891 6.4933 0.148003 9.46428
2535.65 16.268 11.0723 13.2428 11.912 5.37277 7.20614 5.16833 35.5649 5.77378 0.45885 12.0738
2541.46 19.0758 16.248 11.4292 11.7149 1.57187 8.04862 0.592285 30.3687 10.0271 0.45885 12.0909
2538.74 14.4812 5.0562 16.0072 11.6999 4.87508 17.3991 2.7613 36.7732 11.324 0.0823884 10.374
2562.37 9.55272 4.17894 17.8681 11.7988 4.87508 17.3991 1.6518 23.8095 12.5946 0.0680527 7.47725
2549.04 21.3136 6.16542 5.84567 14.9747 12.6772 11.8855 7.07017 3.56138 19.1556 0.126815 6.92211
2575.55 9.56779 7.23883 12.3202 12.3026 14.4147 8.75213 12.7672 15.9645 7.12059 0.0366245 5.84767
2544.43 10.585 5.58937 15.2947 20.021 11.1144 11.2731 2.12756 10.1548 6.88048 0.00905927 6.85445
2559.25 8.29741 12.4748 12.9767 12.8124 9.70647 8.46335 14.5375 13.3411 7.09606 0.0283904 4.83684
2599.7 4.85398 2.90042 21.5096 2.44012 11.0216 7.97139 11.671 12.8398 4.83341 0.0119532 4.64873
2622.66 4.61752 2.90042 15.9565 10.4974 0.634078 12.5501 13.7046 10.9339 5.09498 3.85019e-05 3.0203
2637.06 4.56477 2.76133 10.711 8.67906 4.86612 11.532 6.92604 4.3018 4.6183 3.85019e-05 3.42442
2620.2 5.17529 7.03128 8.65764 8.70572 2.22392 11.4275 6.45233 7.42193 9.4384 0.000516187 5.74852
2610.83 3.92685 8.02125 11.6592 12.9422 2.24985 12.3183 2.50891 11.7722 16.8956 0.0579533 5.40704
2620.61 3.23312 8.38146 10.5866 11.1199 9.26526 4.08749 16.3117 23.9128 48.2298 0.0297643 8.39658
2624.39 3.63266 7.72849 8.58568 15.6882 11.8726 1.19212 0.644244 2.19041 48.2298 0.00408926 9.0408
2619.02 2.55858 7.52494 13.7695 1.99525 15.8673 6.04025 9.29127 12.3699 30.8834 0.00620646 5.55932
2624.97 7.41852 9.1452 10.267 0.382717 19.9422 7.6231 3.48636 10.3291 13.4706 0.0673506 7.07719
2618.02 10.3247 11.3413 6.71938 2.79728 9.45796 9.65214 3.52111 30.0579 7.83995 0.00364082 5.76515
2604.58 7.54645 10.5032 9.0363 7.9127 15.1243 16.2807 1.05678 1.81103 13.1603 0.01263 5.4175
2599.33 2.08321 10.5032 17.8885 3.08336 11.3138 16.9375 1.23696 13.3264 20.9129 0.0119061 5.24034
2583.61 3.00914 4.03065 25.4431 6.00205 11.7181 13.679 4.37229 9.65938 0.564829 0.000445049 4.43868
2590.84 1.17477 6.37652 10.4837 20.8165 9.5013 12.1944 12.5063 15.675 28.5711 0.241278 13.0769
2592.38 2.58309 12.3827 7.31948 21.0063 3.43139 9.44297 5.63105 8.21128 39.5958 0.152616 8.19858
2589.08 1.44712 19.3741 1.8882 19.1154 6.00117 9.50883 6.8039 7.30425 23.7115 0.0350766 5.72999
2618.13 6.41939 13.1482 5.73117 11.1706 4.52019 13.728 10.7863 15.0646 7.15289 0.193188 7.70997
2623.96 6.69383 12.1703 6.26931 7.86962 7.43102 17.7758 3.57924 10.651 30.68 0.106104 7.99885
2586.82 8.68599 10.4084 10.7771 8.92527 13.4524 11.662 7.68758 6.97593 16.5003 0.146487 5.99369
2621.12 2.88753 7.61182 12.2162 8.97998 12.1681 5.97808 11.9524 13.6392 1.59691 0.00488792 2.59979
2616.87 2.14416 9.1065 13.1988 4.72284 12.2142 9.82164 14.0401 19.6707 6.69264 0.0192937 4.79817
2625.03 9.83186 1.63516 13.7051 10.5956 6.4363 16.1224 1.61628 13.0685 8.84906 0.0105755 5.23277
2600.13 13.1592 4.10319 15.5468 3.84832 6.26327 1.6408 40.6236 4.41898 6.86314 0.126804 11.0484
2510.05 23.8568 9.2541 10.3592 13.1543 8.65364 6.85162 14.6245 13.3226 1.62002 0.139186 7.38397
2542.98 21.5338 13.133 7.00008 4.25308 15.7219 3.55517 16.8622 2.80874 28.2249 0.00493364 5.80478
2535.09 22.2595 9.46463 10.8152 11.9501 11.5955 7.7012 1.53692 3.84511 7.56655 0.000241959 4.62789
2541.59 21.0982 14.1881 5.76605 8.15246 12.7531 5.2402 12.1532 9.34259 16.3612 0.000241959 3.62452
2543.29 22.7246 9.978 5.40259 9.80628 8.96088 6.08977 1.99002 0.860951 29.6155 0.00769027 7.50133
2548.7 21.9293 2.65553 11.212 5.3935 18.7201 11.4251 15.0634 8.32333 18.6497 0.0121977 7.17225
2596.83 10.6625 8.83131 7.63719 4.87585 16.3432 12.48 9.38216 4.395 5.55788 0.0130047 3.59945
2563.73 7.69018 5.11264 20.3113 13.871 7.41482 7.29749 5.58516 20.1458 13.9464 0.0209138 5.55301
2511.52 20.539 7.56459 19.9427 5.24127 7.45765 11.2234 5.19835 19.0446 11.6518 0.00320823 5.0277
2594.9 9.9895 1.81622 14.5098 11.6121 8.62116 13.8607 5.10652 6.41776 2.47565 0.00458161 2.61138
2603.91 9.02067 7.11844 13.8543 8.37938 4.13875 12.5066 15.9907 5.54479 5.661 0.00594807 3.1721
2611.1 7.63099 9.05022 7.92942 6.34338 17.2209 1.15554 24.5246 10.0668 6.03699 0.00174021 4.64514
2603.42 13.065 10.9979 5.42468 1.70323 14.0248 1.83209 26.8025 2.77338 15.9482 0.00138887 6.11755
2574.71 10.6584 12.1671 7.75025 12.8676 19.9688 2.16841 2.11453 7.5318 9.68063 0.0105511 5.88742
2577.19 19.7856 5.07481 2.04929 10.8717 9.94253 2.79362 7.05509 12.4012 24.5634 0.00814627 7.5797
2574.14 14.1083 9.09777 8.21726 8.44194 20.0336 6.8999 6.13762 9.26649 8.05157 0.00649692 4.04187
2610.38 14.6325 4.21183 6.687 2.04885 12.5254 9.19749 3.70646 17.0124 17.4874 0.00875064 6.87036
2577.87 17.7943 7.28081 7.891 10.6809 8.3415 13.8197 3.10509 7.54978 25.5405 0.109247 6.37207
2586.14 2.90564 14.8116 5.78762 13.3298 13.0079 13.7949 3.56762 8.25973 34.4907 0.0846831 7.25069
2570.13 13.3073 10.8509 5.78762 15.0188 13.0079 10.7973 5.44124 0.806196 14.1152 0.0109771 4.89878
2567.6 8.58704 11.9364 7.94137 20.3384 1.74097 12.5498 4.25339 2.25106 3.04193 0.00662284 4.07361
2597.14 10.7055 4.03533 15.7261 7.54735 2.25238 19.3363 8.1986 8.51 1.06573 0.0370229 4.89165
2590.53 16.9965 14.4328 0.194354 3.03905 12.1337 11.1055 10.4427 28.4124 6.0675 0.0441385 10.1296
2597.44 10.3332 6.21369 16.954 2.6929 5.69117 21.9038 5.71717 0.781472 19.2358 0.0373379 6.43797
2609.86 12.6202 7.72206 1.08685 10.7396 7.42753 18.7562 7.04181 15.2334 9.95536 0.295845 8.98836
2573.26 11.464 15.9903 2.38286 9.89861 3.02423 19.4848 13.8243 12.7518 5.71697 0.353416 9.91353
2598.09 7.01034 14.4876 2.23807 13.805 6.28636 9.22339 10.877 11.0827 6.57322 0.0396361 3.85185
2599.02 8.39653 10.5286 2.23807 13.805 1.89806 17.0516 11.6483 1.0865 3.98393 0.041905 6.53264
2576.43 13.1373 10.024 4.66754 11.9957 3.46272 15.6111 6.53204 9.42543 40.5703 0.0261894 7.03834
2589.1 16.9855 0.887872 7.52014 14.4311 6.28832 9.61748 3.42064 5.43251 22.6581 0.0115786 5.41048
2565.62 18.452 4.48082 8.67462 11.5064 16.8697 0.862569 7.02819 12.9445 1.61098 0.00370585 4.02912
2538.09 20.8832 12.4557 8.88955 6.65434 4.47902 1.36195 17.2409 27.4612 12.5689 0.00555176 7.61636
2583.51 10.1322 3.53234 9.06258 12.8816 3.60413 12.8411 10.0092 1.90248 11.9068 0.0224216 8.48089
2565.6 17.0326 1.8913 8.68801 18.4206 4.07687 14.013 6.2398 31.8059 14.248 6.74171e-06 5.22957
2518.24 22.5372 7.03494 7.71651 21.47 3.20693 10.713 9.28048 31.8059 4.83661 0.00389731 7.46895
2544.01 23.0906 5.09572 10.0873 12.5903 1.93139 15.9067 11.1347 25.5281 3.00444 0.00230231 5.85783
2534.87 19.5966 16.9643 9.16181 10.576 1.93139 6.39843 8.36886 3.13058 10.6324 0.00315906 6.00275
2564.2 9.11614 20.7218 4.87573 9.21419 0.562712 21.7516 6.03797 1.96895 6.46918 0.00315906 5.00524
2587.93 7.16354 11.4475 7.63834 13.6659 9.52833 13.7155 4.24033 9.20094 14.8515 0.0329583 3.79064
2520.4 12.906 16.5279 8.95522 17.5271 3.87427 20.4885 1.62359 3.75059 18.2167 0.00735651 6.50433
2520.4 13.9184 17.9013 5.96478 16.8369 4.18489 19.6156 6.19944 2.01234 21.1177 0.0210714 6.81239
2538.3 15.8549 17.4281 7.70974 11.8612 4.70775 11.6045 7.02988 5.84593 9.17892 0.00349098 3.28175
2546.6 17.0069 8.25908 8.7275 11.3391 3.98364 22.4562 0.109259 17.3657 2.82513 0.161238 9.76708
2529.13 11.9189 2.38471 27.6668 5.89414 9.70221 16.6421 7.94323 9.77285 8.19758 0.208739 10.1603
2555.1 10.9194 1.8887 27.6668 4.18582 10.4136 10.8272 3.58111 13.3742 4.44932 0.0540103 6.34878
2564.09 5.53687 2.80281 25.8169 8.19691 8.04554 8.61387 3.0542 15.8462 8.50544 0.0539364 7.63884
2597.51 7.7603 4.12765 16.7112 6.9407 11.8886 6.28803 5.7102 13.6343 6.79082 0.0539364 3.95935
2568.93 15.0504 3.88553 14.7415 4.51905 12.9979 5.77478 4.37887 1.85596 6.61517 0.00126811 4.23662
2591.93 17.8446 3.59671 10.0388 1.89535 10.7648 10.94 18.1811 5.80239 7.04752 0.00126811 4.43289
2637.14 3.36905 0.13909 20.6508 5.87549 11.6361 9.8472 6.68275 3.31045 17.1122 0.125353 8.27982
2611.75 2.51291 3.56732 20.7582 4.31502 7.63875 9.92349 5.56758 3.5548 22.8836 0.113509 7.41242
2611.91 3.36625 3.83187 26.9177 7.01002 2.53803 16.6971 0.909801 3.99847 25.5319 0.0876562 10.3762
2601.41 2.05858 1.26706 25.6121 3.33846 6.01511 15.0143 1.57019 25.3993 46.4321 0.188646 12.6466
2596.54 2.65739 21.0813 4.00515 5.69688 14.3248 16.6526 2.46222 33.2032 20.5874 0.085323 10.7773
2621.72 3.23105 18.0221 2.97224 0.797102 22.3641 4.74108 1.41156 11.1597 19.0211 0.115224 8.7615
2613.21 3.32874 18.0221 2.97224 0.361452 21.3677 6.05485 1.41156 19.7707 18.4927 0.245892 10.2643
2622.4 4.18992 11.1855 14.9143 2.99904 10.2269 3.74763 11.9099 15.0486 45.8005 0.213303 11.6244
2586.65 6.72507 12.0217 12.7442 5.43919 16.8878 6.61188 4.58782 8.66385 14.2424 0.0464756 4.21806
2610.99 7.22379 9.53164 7.28875 4.42659 15.9236 4.22827 20.1196 4.42571 34.504 0.0439738 6.82757
2565.57 8.50477 18.9354 3.84858 16.1317 5.0356 3.39791 12.0183 10.3402 29.1195 0.182609 7.83746
2587.87 14.2583 11.4943 5.96644 14.9085 4.54415 10.353 13.362 4.26645 14.3572 0.130428 7.65777
2561.96 15.477 8.15745 5.96644 16.4276 15.1283 11.9442 15.5782 1.1188 9.00925 0.240347 10.882
2544.71 9.97807 6.96904 12.6625 15.7607 12.1624 7.05226 15.6629 3.96843 5.08929 0.315746 9.3356
2570.82 9.17195 6.21378 12.7751 19.3909 8.74574 7.54886 15.6356 5.76936 6.75879 0.218567 8.17155
2575.34 11.8698 6.13671 12.4324 11.4882 5.43083 6.80327 20.8614 10.1096 7.83963 0.218567 6.90607
2556.53 6.38804 16.4898 11.9225 2.569 19.1061 3.53095 28.0001 8.75072 5.87584 0.0393205 8.82298
2596.25 5.48095 16.4898 7.29443 4.02698 3.21605 18.6498 3.0273 9.31442 5.87584 0.0229443 6.21336
2604.16 1.68826 23.2883 3.14228 10.2252 5.36234 17.748 2.73252 16.5786 14.5141 0.0259404 6.2839
2536.31 17.1404 21.3213 3.463 9.64364 7.68325 18.248 3.6263 5.05685 14.4741 0.0384549 6.587
2532.81 18.6788 20.9068 3.82912 2.27695 14.2166 15.906 3.40712 5.47887 55.465 0.0239989 9.99327
2555.45 6.87782 20.3282 6.66927 10.6446 11.8637 14.9198 10.2987 11.1077 5.68168 0.122646 7.13948
2557.58 10.1172 21.4833 7.15257 6.53068 8.26365 12.9425 3.3031 18.9664 14.909 0.159586 7.01542
2560.51 9.14464 21.3271 7.87821 7.91164 6.78061 3.24115 4.34145 26.5573 16.6807 0.102255 7.93791
2572.27 7.56264 21.238 8.93538 2.85251 11.4114 8.14364 4.53998 23.372 12.3902 0.269764 8.29808
2518.29 21.4757 18.4052 8.97687 10.7565 6.20684 2.73444 22.2804 6.28615 24.3199 0.140024 9.7473
2500.71 33.3959 15.8705 10.371 1.02657 7.92651 3.05926 19.7025 4.64276 9.36342 0.158454 10.8301
2478.96 35.2624 9.36323 10.3527 9.23296 13.1635 2.65177 17.154 8.65566 13.0026 0.0511148 8.72278
2464.12 32.7685 5.26881 13.6497 11.3124 20.4379 5.26247 2.61474 6.53796 0.733587 0.0570241 10.2487
2483.11 29.7563 7.27932 11.0994 8.03258 21.1964 6.70376 1.6854 5.82641 2.12058 0.0484196 8.27613
2529.85 30.7779 7.09969 4.06705 8.99346 18.0297 1.40366 19.0515 0.454127 5.74085 0.0398408 8.65688
2601.22 4.6734 12.6135 8.41494 5.2444 10.3822 2.7281 16.9903 8.9095 3.57012 0.0416009 5.77836
2569.19 9.72543 7.51908 16.5453 13.1928 8.98322 3.31765 4.20528 4.68298 10.034 0.0154011 4.53652
2580.18 10.9425 1.21262 23.8834 4.45011 7.85909 22.5895 2.8349 23.5688 41.076 0.00332834 9.97636
2560.09 14.8439 2.61454 14.0565 10.8447 9.30847 22.5895 5.65645 16.5667 48.5836 0.000156636 8.60878
2571.2 15.3496 7.17022 13.0563 6.13606 13.633 4.69325 14.3472 9.35704 41.0628 0.0587172 6.9159
2558.78 19.2059 0.573995 7.7309 15.0401 12.1799 3.21589 6.65238 27.1301 92.8603 0.0962385 16.7047
2571.23 19.1281 9.07184 4.49381 18.144 12.4873 2.89406 3.52257 15.7281 29.6485 0.276758 11.2155
2577.87 13.1987 7.93009 8.30148 18.4851 5.10794 5.44815 4.22664 12.6033 56.1335 0.17788 10.0011
2560.23 25.7235 2.61234 9.54756 12.4558 4.80228 9.10842 1.26757 8.14384 33.6402 0.229926 9.81878
2527.11 29.41 2.38311 10.209 8.71485 7.41407 9.57959 6.24177 7.89811 29.854 0.0645924 7.74252
2528.28 28.3992 6.38574 9.49353 9.10689 9.54846 16.4722 6.24177 6.51076 41.0371 0.0673382 9.0912
2505.09 31.4946 5.93985 9.82044 6.57312 17.1276 6.13987 7.80772 1.67439 14.9406 0.0649141 6.92217
2520.68 13.128 10.6385 12.498 12.9108 7.22234 17.8092 10.0335 12.3831 20.6304 0.0246295 8.71989
2593.58 6.2441 4.88966 13.0746 10.5674 10.4818 9.85821 8.96156 3.5377 7.17699 0.0153843 3.5606
2608.27 1.98267 4.88966 17.031 8.33801 11.7451 8.32415 17.5316 4.52912 5.28709 0.0121822 3.9141
2534.05 15.1592 23.5042 6.11361 6.10088 4.3617 15.6079 4.90524 7.94697 10.1373 0.0231612 5.60022
2514.2 15.9286 21.6031 5.92365 9.39331 5.3728 8.29179 20.8405 5.73676 2.10697 0.027912 6.35061
2578.34 9.34301 16.4213 3.9188 11.5657 6.23205 9.77888 7.52175 2.60013 22.9456 0.0404906 5.10075
2574.85 5.65383 16.4164 5.94788 14.0669 7.34186 6.2986 1.35221 33.2164 10.358 0.0404906 6.63957
2581.77 2.0841 17.9251 5.26223 18.099 5.97643 4.58202 4.26385 42.492 5.98778 0.120211 9.13104
2590.05 10.9001 9.04537 5.23209 14.6237 5.07667 7.47766 3.87521 14.4565 21.7199 0.202331 7.71053
2495.33 34.1987 8.18498 11.1056 16.1879 1.54752 9.12054 2.04555 12.0302 39.8273 0.187326 12.0703
2555.87 8.88769 25.5809 4.13807 14.0746 3.06778 16.3167 4.06865 4.27011 26.0719 0.0039354 7.19303
2473.21 24.994 12.4468 12.2016 16.4054 7.17504 10.2475 9.996 5.13821 5.14203 0.0158357 6.89637
2492.06 32.1678 12.4887 1.94177 13.2011 5.54319 11.8993 4.35248 1.71298 13.3434 0.01398 6.86475
2492.06 32.1678 13.4275 3.90305 13.4469 5.24659 10.7799 13.1159 3.52559 9.32433 0.115596 7.64565
2521.99 17.1762 14.9541 3.90305 20.7413 5.27662 12.1511 5.22193 10.9821 13.9202 0.15263 7.67546
2513.79 17.4588 22.2871 3.44875 19.6315 0.819263 12.2281 2.64009 19.8044 6.99781 0.149786 9.39585
2525.07 22.3349 13.563 1.22239 16.1441 1.91975 15.5268 10.441 18.3007 2.22322 0.0162996 6.56658
2511.65 22.3349 13.8328 4.06367 17.6496 7.71042 1.55243 9.34451 13.7296 4.9577 0.0325141 6.23564
2518.47 20.5905 11.9238 2.72183 16.6865 14.3677 1.55243 16.8481 8.63205 4.9577 0.00324439 5.34802
2580.7 17.1808 11.8378 4.70932 3.69456 19.4013 1.15242 13.2666 7.60544 26.2085 0.00324439 6.05221
2556.54 18.6942 14.7645 2.39115 5.83138 17.116 0.399158 12.757 14.7462 28.516 0.0175051 7.40123
2582.22 7.68509 8.27007 3.69919 10.8128 17.571 11.8074 8.60289 8.59191 27.8089 0.0237528 9.3821
2477.8 24.9748 12.641 6.60137 14.4129 14.609 1.91813 12.059 6.37026 28.6294 0.00564119 8.46051
2544.2 9.6751 7.84186 8.90307 25.1974 14.108 1.92451 12.059 5.77536 28.8078 0.00173416 9.36745
2542 17.8359 7.61957 7.16977 9.5357 15.5907 6.85101 30.1159 11.5404 16.9414 0.00173416 9.46866
2572.04 11.9243 15.2203 7.15857 7.77164 15.8606 2.94888 7.95562 9.58186 30.7486 0.39509 9.70326
2592.55 17.2318 5.23884 13.1042 6.72035 0.744706 8.26845 8.83052 12.2396 54.3363 0.152635 11.7164
2588.06 17.2074 8.48774 9.39424 2.07209 10.9203 7.8728 18.1838 17.9665 23.6557 0.0179852 7.66805
2621.48 4.11917 4.90186 13.894 8.71423 14.2752 9.37344 4.08096 14.1657 16.9123 0.0210253 4.14844
2597.12 7.09986 6.44973 11.8762 4.38476 18.8654 6.0361 2.23775 9.89788 7.28184 0.00761839 4.34074
2546.18 12.2022 8.35728 22.2196 0.946329 16.4094 6.61066 8.26558 6.56131 14.1247 0.0416184 5.92355
2546.18 12.6402 8.83497 19.812 3.26335 19.0774 3.1997 10.0059 7.74112 40.158 0.11063 8.79401
2534.16 21.8834 18.3234 4.40179 1.79879 14.0794 4.67963 28.2169 6.61513 15.2336 0.0763524 10.0326
2646.03 6.59899 5.43139 3.77617 5.86587 12.2385 8.12131 15.0411 14.2188 17.7077 0.0298643 6.72418
2636.76 4.65772 4.13634 8.03848 9.61451 15.7977 4.39862 3.13115 46.272 1.56786 0.0548806 9.24282
2544.28 24.0714 8.76651 8.45149 6.52373 11.5167 6.87701 3.22563 1.73663 3.80469 0.0541289 5.99966
2543.76 17.4228 16.8918 5.53966 1.53216 14.3336 12.717 5.37351 1.99832 9.2721 0.0386086 6.38355
2568.5 13.3522 13.2096 9.72887 3.49267 13.9751 8.63583 15.2301 4.97255 5.49592 8.83624e-05 2.14632
2564.83 16.1095 12.1134 9.88081 7.3412 8.78076 2.44897 11.3955 5.472 11.0211 8.83624e-05 2.61269
2564.83 16.1095 12.1134 9.88081 7.3412 10.7925 2.44897 11.2993 5.472 7.05577 8.83624e-05 2.30722
2565.38 9.57936 17.1313 7.99987 2.55679 16.0109 6.80922 10.4876 4.30861 5.03075 8.83624e-05 2.41585
2572.93 13.2929 2.01413 21.5282 14.0341 3.20867 9.56239 9.60674 3.69834 15.3368 0.124015 8.15783
2572.66 7.91197 1.7739 25.5781 9.78657 9.14633 13.0957 9.61525 12.3465 12.5606 0.0570475 7.82712
2573.59 7.27113 1.7739 24.2593 5.98832 20.8427 1.27664 9.60003 5.92185 13.8738 0.0690761 7.65257
2575.61 9.78196 4.04123 22.2883 1.45812 20.3669 2.3431 9.24934 26.4851 8.35205 0.139038 8.82767
2581.54 14.5046 3.23413 22.2883 1.45812 6.73262 7.20118 8.78143 6.72674 8.36388 0.14816 7.21263
2581.54 12.29 2.45584 16.6122 5.43185 7.56989 12.076 7.6707 15.2335 6.30884 0.0295973 4.77914
2594.32 11.0398 3.84063 11.7451 9.37463 8.88672 12.557 7.9925 2.77832 8.25464 0.0201371 3.12809
2596.69 12.5891 11.7136 8.98567 3.15941 9.91634 10.6735 9.28443 4.39524 0.575477 0.00178092 3.6416
2530.35 6.87279 23.7486 7.92406 9.55337 8.70094 12.1889 7.17703 12.7829 27.3247 0.00494888 6.10888
2577.47 4.22573 23.5593 5.2835 6.60589 10.7369 9.20387 4.18336 15.9218 24.3918 0.15136 7.15278
2557.67 5.74145 23.4792 7.49238 6.60589 7.9018 21.0569 7.80926 1.2766 23.0561 0.177866 8.71102
2558.92 7.77408 28.0325 4.72419 4.72101 6.27924 16.5469 1.51524 7.28711 18.6036 0.113818 7.9809
2561.4 13.0873 11.9202 4.93851 18.0461 2.85906 15.2262 3.6929 6.09945 32.3148 0.127256 7.30544
2548.95 13.072 17.9293 5.90034 15.3136 0.126916 25.0453 6.71506 18.1855 4.90602 0.0567248 10.3897
2545.42 13.0578 17.4112 5.39576 16.4123 5.75577 15.1063 10.257 13.0503 4.90602 0.0624506 6.72777
2532.09 13.3176 27.4382 4.63495 12.7956 3.64764 15.2008 9.07437 13.7221 10.0941 0.0581304 10.5102
2552.3 10.4946 27.2695 4.5953 3.29838 5.71317 19.8762 8.0247 8.76707 13.4036 0.0627647 7.85127
2549.02 10.4124 22.8499 9.82621 3.47275 1.84075 17.0798 7.08957 19.767 13.2162 0.0307859 7.36002
2523.1 10.2176 22.7986 9.35764 6.74758 6.48408 23.4908 6.75466 2.36473 2.72332 0.278219 9.73344
2551.52 10.7477 10.1333 10.3985 9.30698 13.3136 16.8482 4.06898 14.4244 3.6207 0.164839 7.91858
2568.07 6.97713 13.0515 12.7913 11.1262 13.457 12.9978 4.06898 8.75601 4.36469 0.196475 7.26131
2601.62 6.97713 7.88573 6.13056 10.4166 22.0106 0.166987 4.06898 15.4816 3.87641 0.134617 7.66466
2601.62 11.6877 8.32188 6.13056 10.4166 22.0106 0.166987 1.79537 21.9405 1.73355 0.0727649 9.40109
2601.62 1.78183 12.8839 3.52004 11.1518 16.6514 12.033 1.41722 13.8275 45.3217 0.0153879 9.11171
2576.68 1.78183 22.1669 5.55188 11.7011 13.6924 4.4191 2.32584 18.4114 9.39275 0.0252198 5.12241
2539.33 8.57036 23.9609 5.86237 5.68886 18.9629 8.42943 1.89607 26.0943 8.96445 0.0364875 7.29967
2523.25 12.3111 22.8476 4.23009 10.3807 12.4503 5.17382 6.38939 3.83826 3.0792 0.0385946 6.08131
2554.25 5.73182 23.7317 6.19554 10.106 14.7815 0.724793 12.0733 19.4545 14.842 0.00784802 5.75189
2575.33 4.58446 22.2979 3.86108 8.21842 20.9084 4.71484 23.7252 20.1532 6.02754 0.00111332 11.0333
2568.81 4.58446 19.4589 6.76708 10.7813 14.0944 0.700606 10.7055 19.1988 5.43066 0.0122058 4.69866
2594.86 8.5674 18.1753 3.04014 2.05496 10.1721 6.83941 16.6926 22.8631 14.8098 0.0011076 6.53466
2563.26 4.59823 18.6965 7.33698 18.2933 2.43304 7.93762 15.6809 21.4773 13.0859 0.161929 8.56965
2584.8 6.91349 13.4465 7.25386 12.4739 6.54721 7.37417 5.35796 34.2133 3.33184 0.147046 7.09594
2575.98 7.38503 10.2586 12.0998 11.064 6.72417 11.5412 1.71148 26.1423 9.3383 0.104567 6.2127
2569.99 4.60664 10.4082 14.082 16.4015 7.73955 12.101 2.81754 27.4027 5.71614 0.15855 8.22272
2520.7 11.9085 20.6861 14.026 6.07018 6.26883 13.3225 0.906817 31.2987 3.19419 0.371133 11.8698
2503.25 0.6619 31.3777 16.1255 7.02907 13.7204 14.653 0.87498 7.93449 1.19766 0.457226 14.3423
2527.95 7.37736 27.73 18.1747 2.40303 12.5496 2.59776 7.4025 15.2468 5.03631 0.000906693 9.47857
2539.15 0.849244 26.8266 13.1927 5.24779 12.5098 13.3147 3.18255 15.9815 1.61208 0.000826702 6.18638
2598.02 3.68856 12.7792 14.6562 6.09851 11.5585 12.8346 7.00316 17.0536 0.43999 0.00352559 4.3289
2591.31 3.68856 9.65536 14.7543 5.4017 14.001 7.9426 13.1388 9.1686 7.53769 0.0115116 3.41899
2555.27 8.59324 13.0477 8.94685 10.3364 14.4013 14.696 8.69789 13.3176 10.1932 0.00059892 4.47476
2553.72 18.039 12.5222 7.03785 15.3414 9.93238 4.20293 13.9951 5.43382 2.99195 0.26064 7.75427
2532.59 27.9346 9.19432 9.78045 6.1535 10.95 7.22122 12.7225 14.1769 1.20466 0.249217 8.07964
2567.8 0.973355 28.0707 2.57058 6.10236 18.709 3.38798 5.01979 14.5112 5.88804 0.0442317 6.6716
2626.97 4.40889 20.2625 3.3215 1.90647 14.4615 5.70722 0.936343 20.6502 4.18178 0.0359955 8.20062
2616.66 4.53786 16.294 1.21537 9.69131 10.6372 5.02066 16.6029 20.1638 2.82497 0.0467362 6.11979
2569.75 1.20786 8.80243 18.546 14.3694 10.796 4.56394 12.8038 12.3347 14.0255 0.0455093 7.16667
2572.82 1.16099 5.48581 26.5178 3.03523 17.4458 5.61843 2.53087 3.05243 2.59398 0.04387 8.87054
2577.02 4.60844 9.80882 19.3678 0.230384 16.6509 1.12619 23.1571 1.79957 17.4865 0.0434291 8.58389
2554.3 8.57376 13.6665 15.2527 1.7558 23.5243 2.91626 15.4003 21.8537 18.418 0.029703 9.25908
2554.3 8.06406 13.7569 13.9424 5.65226 19.7556 3.19947 8.17341 30.3235 24.8654 0.0967411 9.51757
2585.93 2.53295 13.8461 14.5422 1.35509 17.7618 3.19947 10.399 12.5121 36.7955 0.127898 8.6234
2577.75 4.11416 12.4313 13.3933 15.5966 2.4263 6.57268 7.92158 2.49159 16.8273 0.208119 7.68914
2585.8 4.6509 11.5047 11.5839 15.1185 4.88086 9.12639 3.73337 16.6742 7.21745 0.07206 4.69803
2583.03 8.1898 12.6608 3.77367 15.0107 2.95894 17.2938 5.76645 26.5216 10.7542 0.213824 8.60562
2555.73 24.8201 7.98776 5.51632 9.80355 6.06314 7.42898 20.2103 4.1127 13.4581 0.253644 8.22798
2549.72 16.7245 6.81403 6.3217 14.3133 8.35565 4.82315 22.7134 2.31551 8.90098 0.0958469 7.70066
2547.72 20.6971 16.3491 2.9136 1.39663 20.4462 8.10799 18.8048 7.86097 3.37271 0.552324 13.0885
2570.39 13.2445 20.4877 1.4834 7.9824 10.7255 9.47127 14.1777 11.6518 11.231 0.147061 7.67152
2570.58 3.27466 15.1009 12.7905 9.56014 11.5842 10.8987 16.4686 8.58792 7.73437 0.0120403 4.69342
2637.76 11.512 3.17151 3.27684 12.4405 4.61862 12.7226 18.979 12.6106 10.8963 0.00870063 6.57604
2586.79 6.8218 2.43688 22.19 12.2142 12.7124 12.4592 6.46903 6.70301 22.6215 0.00612417 8.00725
2574.88 8.95369 11.6202 9.09669 5.76291 12.5463 12.2322 2.82134 21.6066 19.3321 0.0551098 6.56352
2587.3 17.4068 13.6877 0.712154 5.79802 19.465 7.2122 7.86049 17.5115 34.436 0.0308963 10.7818
2605.71 11.0099 9.25087 6.17257 5.87107 15.8903 5.04528 8.28998 22.7618 28.23 0.0972325 7.43965
2595.05 11.9461 2.01347 15.6019 3.06413 17.837 1.14905 12.624 24.8646 25.9471 0.0237535 7.39922
2628.89 3.86676 4.73894 14.7617 5.44608 13.6003 8.34383 9.83762 6.49431 15.4777 0.00103021 2.30286
2628.89 2.81537 4.73894 14.3935 5.88734 13.5114 7.52592 19.0587 5.76586 10.5742 0.00372369 3.50801
2515.12 19.9787 15.5635 12.6585 6.01313 8.92274 8.0418 4.55105 13.342 17.7121 0.00372369 4.68066
2484.65 22.8949 16.0551 9.67784 6.23824 13.236 10.7633 7.22044 18.3632 11.0846 0.00372369 6.29948
2561.95 4.95186 15.0406 15.1281 7.45206 9.99417 5.56144 13.5735 19.1242 3.73421 0.00568316 4.04927
2556.28 10.5437 13.7682 14.0084 9.80474 2.25446 15.4356 11.6158 8.63355 5.71068 0.0170324 4.11192
2535.39 10.1341 7.48019 19.2076 17.4917 1.81495 16.1422 7.85229 7.74003 16.8816 0.0206463 7.23084
2554 10.268 15.4216 6.24086 17.4917 7.50017 3.02506 6.01688 27.9888 30.2457 0.0230105 7.19419
2596.79 6.07775 9.11497 8.50259 12.6779 7.64464 4.4305 16.9756 26.3927 14.3281 0.00530695 5.06581
2621.56 7.19666 2.62357 14.1587 11.7929 7.94123 3.6383 16.2631 21.5197 18.2621 0.141404 8.39306
2626.99 14.0492 1.27392 7.75235 6.89987 11.5095 0.824892 17.6374 3.98385 3.35729 0.0557782 6.75716
2595.08 13.8507 3.60666 9.81017 10.0138 11.4135 6.24941 8.92715 6.21894 2.53942 0.0160442 2.84437
2591.44 13.7646 2.55324 9.75807 9.99031 3.6146 12.1275 14.2744 14.1802 2.53942 0.0624839 6.43347
2578 4.02232 13.6848 14.2713 5.13727 11.3026 7.99501 16.7933 9.67854 18.0742 0.170001 6.87442
2574.82 8.42397 25.7943 4.66717 1.78 4.24759 15.428 13.3312 1.0548 26.6003 0.0772631 9.44353
2539.62 17.2566 15.7218 4.16305 8.18168 18.9587 0.980669 10.133 15.1779 18.5339 0.0382184 6.45514
2555.06 11.106 22.2057 4.19542 5.42416 11.8615 3.71114 9.93867 12.9261 11.9622 0.0515179 5.67965
2506.24 8.11613 24.2086 14.467 4.75561 15.7806 9.91969 12.8847 11.295 13.5089 0.0515179 9.15519
2573.86 8.0401 18.9948 7.17176 9.29898 15.7636 1.23396 9.65014 13.3721 10.8645 0.0262776 5.45439
2567.44 10.7313 14.3242 8.23022 10.6073 14.3669 2.30925 4.01462 10.6113 9.64623 0.0313644 4.3296
2579.76 5.0023 17.654 6.65596 9.9005 15.0591 2.05579 6.71572 14.5243 15.2003 0.0828487 5.42331
2552.85 6.62872 15.2178 11.7426 6.52074 15.877 5.01589 26.9104 6.01665 5.56607 0.0245619 7.37644
2556.95 8.59518 11.4126 19.1726 0.559646 7.48982 10.476 12.9016 19.1114 7.6318 0.0758789 8.53375
2556.95 10.2948 10.2499 23.0066 2.71415 6.36349 19.6699 1.96577 6.60426 8.20345 0.0861808 6.83157
2556.95 16.0481 6.0062 23.0066 1.13964 2.3591 18.0732 1.44807 10.738 8.63115 0.0872013 7.91816
2579.58 7.65586 6.71611 11.8361 10.9966 14.0758 13.0628 1.38406 4.11134 4.46506 0.0580349 5.2752
2625.82 8.25553 2.96796 14.2463 7.23054 2.51215 22.1151 1.18114 9.13567 29.0042 0.0267491 6.82958
2599.71 4.60273 0.648743 25.9016 5.74695 15.6181 5.38835 4.93401 21.1175 35.8772 0.02985 8.98403
2603.17 2.60337 8.36284 18.6294 3.44213 8.52486 13.6767 1.20762 21.3853 37.9055 0.0200342 7.29189
2597.47 0.224433 3.49177 32.2399 0.460936 7.19525 23.1196 3.0962 3.97403 38.4117 0.0424481 12.4825
2569.25 8.1498 4.76239 29.8836 0.942538 8.85403 9.49866 5.50061 7.45088 31.2835 0.116176 9.02716
2570.36 7.70591 4.76239 25.332 0.942538 9.14569 15.4909 4.03031 9.62364 31.2172 0.080881 8.28333
2571.29 1.48869 4.55381 31.385 2.59703 7.49191 16.1332 3.07877 7.57807 12.9433 0.137724 8.85501
2604.83 5.86534 0.471653 27.9897 3.23077 7.14707 3.7743 12.6699 15.6846 5.53179 0.178143 8.45213
2613.43 2.34341 4.04872 20.7438 1.07445 11.5319 3.99785 13.8837 9.53547 6.34963 0.214169 7.71613
2611.2 2.34341 2.18149 24.8922 3.01581 8.40531 10.9015 14.553 3.74501 7.89625 0.170036 6.82651
2611.2 2.90552 1.16548 24.8922 1.07389 12.9697 7.5093 3.00624 4.5832 13.9588 0.12819 8.05908
2578.01 2.90552 10.6596 20.9667 1.07389 11.7573 7.71533 9.92589 13.0728 21.7487 0.0430416 7.03066
2578.01 2.90552 9.50015 19.1625 13.7846 0.623549 18.3784 8.83975 12.0003 12.2999 0.0129583 6.15974
2576.43 5.17686 11.5751 16.3208 14.4452 2.93937 18.0747 8.36551 7.72153 2.41949 0.0129583 5.64229
2601.68 3.95694 7.15308 9.61777 14.1842 11.4594 6.68947 6.34049 15.8902 10.0753 0.00138338 2.75835
2599.23 6.97771 8.62094 11.9145 6.94996 15.6779 6.43149 4.867 13.8408 7.14712 0.00138338 1.83116
2589.22 9.6982 7.7815 11.9145 6.94996 13.1881 8.1551 4.867 24.013 0.754866 0.00138338 3.0458
2608.12 6.70452 7.81334 13.3619 4.72986 17.4429 4.67313 4.867 24.013 0.801258 0.0145205 4.70927
2597.34 9.35988 8.38622 12.4988 3.03044 13.4659 12.5866 2.1514 21.2503 2.85954 0.0340745 4.7126
2551.99 1.86135 22.7738 13.6963 4.04108 15.2723 17.3918 2.47001 13.5813 2.49332 0.000915565 6.07128
2575.64 15.6689 9.27272 0.85507 15.1114 3.58178 14.6878 7.11046 11.9034 40.5398 0.028273 7.95829
2572.6 14.6867 10.9672 13.674 10.3676 1.06614 13.5219 1.25547 26.3136 39.3996 0.24447 12.7197
2533.7 26.9511 9.3096 6.07503 8.2431 17.9624 6.51978 9.18613 5.12946 23.0718 0.198114 8.36429
2543.17 23.6612 9.04543 4.58596 8.79884 17.9624 10.5822 8.03146 17.2792 21.8638 0.0109576 7.54602
2551.72 23.6612 9.82977 3.01182 6.36544 18.2291 2.16846 13.6867 14.2217 13.8143 0.0157037 5.97423
2578.5 15.6178 10.9847 7.06321 6.20239 7.29069 1.61963 9.70381 29.102 14.2301 0.00608935 6.59762
2577.22 3.79063 19.5559 9.13649 7.09993 12.2971 12.4266 7.89245 4.48469 10.6646 0.0495951 4.3899
2559.9 2.71966 19.6063 4.85874 14.468 25.3013 8.17247 2.61646 10.3807 1.56764 0.0119529 10.2189
2568.36 12.2607 13.9885 4.02543 6.06878 17.5626 6.32238 5.77534 6.69049 9.42551 0.219263 7.68236
2561.34 8.18489 12.1951 18.4873 4.16611 13.4537 8.79494 21.3303 0.667753 27.1781 0.0486399 8.56239
2564.15 8.18489 4.79808 26.2021 0.758546 7.87629 7.52141 7.97774 2.57489 0.350241 0.0545538 9.5017
2555.57 20.3872 0.909873 19.7685 3.76132 7.11435 11.3767 5.02678 8.79456 11.7205 0.00419342 4.36845
2555.49 18.685 2.17498 14.0922 6.31094 14.431 10.9674 7.87411 11.473 3.18441 0.0527724 5.13087
2533.92 19.7498 10.4155 13.9499 7.58919 12.0714 8.05656 3.58954 11.116 11.7967 0.0220098 4.72688
2536.67 18.0826 9.31837 12.6712 2.84879 16.2741 6.71145 10.4845 7.31098 13.3055 0.00365496 4.02541
2534.02 17.4912 10.1991 16.8125 6.10043 7.57316 15.0703 1.25856 18.377 20.1537 0.00131359 4.7465
2539.39 17.0972 6.8947 19.3009 1.094 12.6377 13.0917 4.12855 23.1994 9.57162 0.00389185 5.35942
2531.73 16.2091 6.70012 22.03 3.10802 12.4089 5.50964 15.3815 20.1191 2.74797 0.000964565 4.99842
2534.04 16.1865 7.97164 20.9035 1.32425 13.5493 6.68793 7.44184 14.4718 2.74797 0.000882005 3.92733
2549.64 17.0229 11.4035 13.0564 5.32024 8.2506 6.87774 14.5828 13.5741 9.23023 0.000882005 2.90422
2565.92 16.725 8.81835 12.9127 8.05518 3.50605 10.111 3.84033 14.6872 9.15466 0.00487505 3.80924
2522.44 16.9509 8.68471 15.7394 12.7858 1.03919 20.7972 0.196335 14.6941 3.66231 0.0580394 8.35989
2552.25 14.8406 8.38755 10.9003 13.9491 9.89939 9.55739 7.16923 14.8901 20.343 0.0714876 5.64455
2553.75 9.45935 19.5308 4.95818 10.6146 17.1815 8.89149 11.5122 5.89807 18.6794 0.0237522 6.16043
2560.7 8.2057 19.5308 13.1642 1.96852 11.5073 2.39096 18.0345 6.7152 32.6287 0.137156 8.52985
2567.78 11.8192 17.7532 13.1114 1.56209 8.79115 8.97213 17.5792 12.125 32.4107 0.00579431 8.042
2544.62 11.0689 14.5559 16.3143 4.02401 8.81366 16.7159 1.59051 5.86468 10.9048 0.108263 6.3602
2551.46 11.4759 12.2457 12.6764 8.35202 6.18223 13.6766 8.4757 11.9284 96.3417 0.0249111 11.6347
2566.95 16.5738 8.83477 5.57386 8.30374 22.1748 12.4875 13.4678 9.7144 23.2014 0.0203943 10.8415
2579.7 13.9912 8.57663 4.49991 8.976 7.99788 7.52079 19.1319 6.86893 14.368 0.0059419 4.96928
2568.73 21.449 7.28401 2.19781 14.7434 5.39249 9.60199 9.29294 19.8676 15.5197 0.0132601 5.28361
2604.38 16.8913 4.4928 1.37139 18.3378 6.84733 5.3508 3.51198 23.1715 17.7017 0.0312997 7.25746
2531.83 16.5014 20.5557 2.44936 14.8824 4.22456 6.98211 5.80091 33.9464 7.0033 0.0134037 6.95526
2555.67 16.6947 9.12061 0.233592 25.6804 7.12522 6.94281 9.2656 7.78869 36.6601 0.0134037 8.5696
2572.38 16.9754 4.41663 3.37343 25.1439 1.46094 5.72379 17.0873 18.8542 7.24204 0.0134037 6.7624
2584.17 14.3965 6.73414 6.74455 4.35281 20.1099 6.70772 9.57787 22.0318 9.4228 0.0184547 5.7985
2604.42 18.162 3.69091 1.09056 5.8308 20.8998 6.38879 9.41217 3.36808 1.29584 0.00689651 6.3525
2573.17 19.2475 4.60363 4.48295 10.3722 17.0565 10.2443 9.59217 1.39056 1.29584 0.00528871 4.60799
2579.45 15.874 0.49795 19.2904 5.20348 5.81316 8.72172 9.897 20.7902 24.431 0.00899544 6.15479
2543.5 12.3134 7.91587 13.4032 9.10092 6.65645 21.2835 11.152 6.86927 18.923 0.00177766 6.79452
2567.78 12.9187 15.6027 7.72364 3.31376 9.38287 18.3556 16.8123 1.90132 28.6679 0.00173746 6.70631
2597.7 6.4088 15.2224 11.2278 6.86595 10.2447 8.82401 7.4102 5.95235 8.95605 0.00296697 3.03938
2636.76 7.25199 11.8008 1.12033 6.4738 11.3996 7.20832 6.86516 9.14879 56.5386 0.00631362 8.58205
2636.76 7.60502 11.7317 1.12033 8.56678 5.90263 6.80712 5.76037 0.628593 24.2092 0.00455266 8.21364
2639.49 7.25611 5.80631 9.09687 9.79998 7.29887 8.45411 10.6063 4.11923 22.4553 0.00616474 4.50764
2605.99 5.73422 6.00412 12.5368 8.71343 13.8103 7.2233 10.8617 6.72287 17.2209 0.133168 5.19841
2599.64 3.45583 9.67937 14.5876 8.61088 13.6651 1.21462 7.12699 9.34781 39.9616 0.0588195 6.99102
2627.07 6.06072 7.62063 6.8566 8.34582 12.2759 12.0601 5.36486 6.8714 23.6648 0.0441322 4.75572
2607.71 2.8676 6.97679 17.6591 3.84762 9.83842 4.39679 8.53734 24.8437 6.36933 0.0123482 5.27995
2586.09 2.72851 6.974 14.3784 15.4239 3.11276 5.36291 13.3692 17.6482 15.2383 0.0107106 6.91433
2598.27 8.78974 6.8061 1.78283 18.9419 4.38188 18.8654 3.7776 15.8218 69.0849 0.00360922 10.0313
2624.6 8.87608 6.85089 4.54878 19.8788 0.821019 7.52379 4.54202 7.33074 11.0231 0.0219299 6.18037
2624.6 8.84505 7.96452 4.54878 10.993 7.31338 14.2121 2.64822 11.3574 26.38 0.0301164 5.33818
2578.13 12.1476 6.41429 3.85137 20.6764 5.74857 12.4165 6.57371 2.68525 4.32863 0.0889426 5.57383
2587.74 7.79301 7.43197 5.02272 18.5521 10.5679 12.5747 15.3139 10.7468 2.64104 0.0278689 6.30137
2634.05 3.7186 7.86441 7.76865 15.2139 8.27658 9.33383 0.97733 7.20651 6.25224 0.0278689 4.8505
2634.05 2.27107 9.42918 5.27957 15.1223 3.95919 7.72285 18.1176 10.0106 15.4629 0.0278689 4.7723
2586.1 4.77755 12.897 5.26203 15.1223 9.8598 5.48485 18.4019 9.4901 20.1837 0.0267677 5.19424
2588.93 7.64086 9.26694 6.10553 24.4232 1.33888 12.3332 2.07205 2.74349 4.38444 0.128526 7.32156
2637.57 9.75702 6.60057 1.16925 21.82 2.03946 4.23351 7.11128 20.364 5.18499 0.127225 9.89093
2627.85 2.42868 6.07505 1.04886 29.8399 2.03946 2.96602 10.8115 20.121 4.0789 0.135054 9.19599
2585.09 17.703 6.53532 0.521111 16.5678 7.2804 3.83979 8.38162 23.2236 5.30906 0.11082 7.62576
2599.23 3.39801 10.8995 6.5403 21.0304 4.90658 6.56526 17.1653 26.0952 5.70751 0.0815168 8.27586
2610.42 2.39102 10.3839 7.14333 20.4414 6.87956 3.807 12.0016 23.4007 5.94623 0.126453 7.62729
2638.68 2.99159 9.85273 11.0844 13.1719 5.05421 3.51837 6.01687 25.2237 4.20415 0.0343067 7.91374
2625.87 3.56372 11.4502 6.20082 15.4071 7.30927 3.50868 13.1406 21.1748 5.54354 0.0532754 6.09513
