231.828 25.4163 61.3369 9.1475 58.9917 23.2892 34.4064 22.364 7.78986 2.85697 0.0476513 21.9984
183.097 20.8162 38.7506 19.8146 97.7649 29.755 12.6138 32.1908 1.97613 2.68943 0.0257791 21.7115
284.567 22.4668 29.5112 28.2515 97.7649 24.5154 7.03739 26.6537 3.78712 10.923 0.0132508 20.818
252.524 5.66736 63.0921 22.6337 59.4315 27.7942 15.2937 7.42395 32.0946 17.8614 0.0102043 23.6113
276.924 24.561 48.3465 17.6964 77.1152 28.8592 39.9807 8.98583 14.3788 27.2076 0.0102043 21.5284
265.345 20.3874 33.331 36.7561 44.6463 32.8492 29.4214 11.4804 28.8546 2.55359 0.0220609 22.0037
296.665 33.5467 2.9717 77.9167 30.3931 49.0064 30.2181 25.2461 23.9594 29.3834 0.102606 24.6253
296.041 3.46486 2.91756 96.411 22.8718 61.3021 58.7056 14.0525 15.3149 38.9609 0.0603809 24.6186
305.64 1.90116 19.9692 82.7361 31.6146 44.9929 23.3454 54.8059 32.8431 35.0851 0.0257511 24.1718
323.659 1.90116 12.1209 82.7361 15.996 56.2067 62.1843 10.3855 9.22331 23.3964 0.0158637 20.8429
312.063 8.36186 14.3038 84.1833 14.8886 28.0063 77.5329 20.7836 22.2974 26.1199 0.150482 23.8998
258.954 25.7292 0.48691 82.112 26.2689 39.6829 50.8993 65.4913 13.3705 34.7544 0.129426 27.11
299.124 30.138 18.7636 76.6389 25.8398 58.3765 1.96518 48.7837 2.06467 0.637497 0.00300458 22.6193
355.551 6.74911 12.31 77.3889 20.1722 14.6541 70.7588 72.3581 7.88544 40.6801 0.00140265 24.152
338.226 6.17691 9.4874 63.1713 60.3105 14.8952 60.2964 14.5599 4.39091 32.3871 0.00140265 19.8235
354.252 6.18166 16.2409 57.2185 61.6224 33.6505 52.4254 26.6558 25.4681 21.1814 0.108715 23.3229
356.291 3.16423 19.4625 64.6908 57.7995 4.31339 62.6501 34.7464 10.4207 39.4163 0.0883237 24.2521
369.057 13.5821 37.1655 42.9752 30.7838 7.13154 93.5514 0.435754 8.52856 5.21085 0.019495 21.9991
223.676 11.4851 36.5281 97.13 6.93527 11.1932 60.551 16.6451 4.54363 3.42675 0.0117039 21.9582
315.737 10.5618 9.58228 89.564 35.0809 40.0335 56.5452 50.262 26.4708 12.4775 0.0231449 24.3857
312.581 19.9428 16.9735 65.7384 3.83547 52.1268 58.8958 17.696 15.9149 11.7129 0.0163133 20.7128
322.067 12.5124 16.3311 74.2779 3.83547 42.1597 64.1139 7.86101 11.0494 18.2096 0.00639097 20.7477
357.344 31.1419 34.625 25.5021 32.8316 17.297 73.7896 7.86101 12.9658 11.8085 0.0631041 22.751
199.112 44.7053 23.1954 29.1159 49.4862 37.5318 32.9893 57.4231 16.1448 6.23156 0.155235 24.2787
236.595 7.09334 78.8265 25.5474 71.0962 29.6846 11.589 57.123 7.60773 9.2008 0.0404686 23.6094
316.269 18.6493 4.51118 27.4444 56.4746 83.7332 16.7776 8.69867 3.85401 12.3623 0.0771011 22.2428
149.652 44.7554 4.51118 72.7391 17.3091 87.9916 19.5791 55.6106 14.0459 8.62541 0.0925093 24.7179
152.863 41.5832 13.0428 91.5636 7.03253 69.6081 12.4886 22.9837 8.84681 14.5554 0.0913649 23.8588
147.914 30.641 44.4705 62.8137 7.03253 66.7157 21.3289 14.7918 1.52459 25.7223 0.11168 25.1683
260.434 44.834 13.4014 44.3485 43.5541 68.2404 31.139 13.1385 3.76217 25.646 0.0291644 22.2456
356.742 13.1201 36.43 32.927 55.2643 12.9848 14.664 36.5438 21.0035 16.6324 0.00446048 22.0122
355.439 12.9685 61.5404 17.5992 60.8628 12.9724 38.2238 54.1112 6.15398 2.84098 0.12167 24.7513
300.358 21.761 40.566 8.25453 60.8628 12.6382 39.3347 68.9422 0.86597 36.8778 0.00984489 25.1844
512.976 18.2456 10.643 19.5413 32.7116 27.6597 56.086 39.9216 17.7313 12.0376 0.036869 23.0217
426.904 16.4144 13.0606 88.1793 16.7792 10.7679 46.2011 17.2254 11.017 17.3748 0.155061 26.0124
297.452 14.6467 5.82815 88.1793 16.7792 37.3259 70.5258 17.417 8.58263 26.2384 0.155668 23.37
296.889 16.4244 5.82815 94.6475 36.1503 18.8954 62.3811 7.32283 5.18762 24.874 0.172171 24.1589
356.544 11.59 7.60983 85.7376 36.2444 25.2297 54.4441 6.78822 6.44491 3.99456 0.172171 22.7901
183.825 11.9796 26.0067 42.7411 72.5326 18.5049 69.0411 23.8776 7.86162 4.42443 0.0914059 22.6997
250.704 1.81366 20.7806 78.7537 26.0124 32.4329 50.4924 15.4811 12.0121 13.2634 0.0511389 22.7351
395.84 5.1728 3.02841 98.9006 26.0124 25.6486 36.5797 23.0606 10.851 16.0974 0.00897104 20.659
325.387 2.66172 36.8691 53.3351 24.346 57.5186 7.66922 52.0931 11.2665 29.0629 0.0300654 22.4122
118.479 6.43448 50.1406 57.0521 52.3674 45.8546 45.56 36.1838 10.7639 3.1742 0.0857901 22.9943
173.207 9.54968 52.1782 73.8239 43.5067 33.7531 35.4212 87.6538 12.403 44.8185 0.00939507 28.1693
232.956 11.3445 0.955091 78.5899 28.9655 109.992 8.0992 26.9927 10.9225 7.55197 0.016748 23.139
453.92 10.9354 17.0159 22.7592 21.1546 89.9966 66.1325 1.34577 18.2898 0.696218 0.0741815 24.0879
453.92 10.045 10.1332 25.4505 21.1546 82.6417 60.635 38.693 13.7823 4.38484 0.114016 23.5335
335.03 13.096 25.6463 48.5597 23.5329 14.2828 58.9488 57.0515 16.6682 4.05844 0.0737218 23.5184
312.514 0.221298 30.0877 78.2848 55.4001 22.441 18.2501 45.7643 10.2644 0.986004 0.0998992 24.3826
185.932 10.8114 49.0246 47.0144 36.5047 19.3061 64.1811 15.8349 10.0694 7.66408 0.0707082 22.7987
154.865 12.7918 53.2544 15.2213 80.6155 22.2516 14.0266 21.2348 7.1015 17.2292 0.091214 27.6
268.214 20.5523 41.3789 37.7419 53.7311 16.271 48.7861 4.36167 3.92052 13.0544 0.0501217 21.3409
156.653 9.87408 40.2851 43.3877 45.4331 50.6114 47.6343 28.6968 11.9138 0.414804 0.135591 24.0544
232.513 11.6621 37.3629 49.0038 48.9603 82.9939 19.8256 17.1029 23.6336 12.622 0.116146 23.2647
369.935 13.252 46.4243 19.5464 31.2977 33.7096 43.1709 56.6447 6.26333 11.2268 0.133557 23.1391
405.65 1.39013 12.6603 28.9814 62.3918 50.2797 30.5087 47.1181 13.4551 12.1602 0.0332738 20.7827
464.302 18.146 5.93578 58.4355 5.44695 67.3256 11.6841 66.4644 10.1919 13.6057 0.027567 23.237
301.602 32.3326 7.41071 55.8031 56.7604 33.5398 19.0885 36.0107 6.07155 16.634 0.0194984 20.6139
310.641 19.0008 5.97481 54.1439 52.413 39.923 30.641 59.2838 10.767 43.7303 0.0034086 22.2871
348.375 19.6431 36.5986 27.6896 16.3428 79.2179 36.6131 36.356 11.0618 9.04573 0.00602956 19.8509
405.662 8.63838 25.8751 35.5464 61.3585 54.6978 5.94254 33.3806 3.56564 24.5975 0.00349803 20.1578
396.223 2.2461 17.283 39.0358 67.4441 45.8542 49.2062 22.3142 9.66122 18.4947 0.00349803 19.3663
457.393 7.5067 19.4163 31.682 47.5105 42.2214 38.7611 54.2821 5.01388 15.963 0.0307643 20.9849
180.787 14.0042 18.1161 55.8249 58.3272 49.9337 17.7591 31.8433 8.17075 25.0088 0.00239126 22.3129
234.782 20.659 22.0274 63.8864 31.7615 43.0595 24.6972 45.4688 8.21015 6.87163 0.000378916 18.7858
151.06 41.6918 38.1744 63.6893 43.041 12.5079 26.4673 29.5795 5.72927 2.4697 0.000956898 21.0125
184.849 16.5403 50.4422 63.5665 54.4265 33.0223 64.9459 22.5677 21.7024 17.2199 0.00236516 23.7094
203.742 11.2251 33.5003 61.6012 60.1846 33.9399 37.9968 16.8329 6.91664 17.2201 0.0107805 19.692
219.106 14.4165 23.4322 64.3609 61.0281 19.8654 44.2397 11.6869 7.72329 21.2612 0.0190984 20.7118
255.865 23.7982 25.0211 44.5851 86.8692 3.94049 63.4092 12.7746 12.4583 1.12749 0.00149444 20.1459
198.373 35.8672 17.1441 46.1059 61.6301 42.7926 22.6425 13.5128 4.0703 7.38719 0.00149444 18.987
257.246 12.0673 24.0893 31.7028 76.9571 41.0664 48.6776 14.0501 14.9941 22.3902 0.213899 23.0975
319.512 11.9755 20.1339 56.05 66.7374 20.1652 31.5352 41.9573 14.1489 8.56507 0.172602 22.494
284.414 10.4583 15.5136 62.6721 25.2863 38.1132 21.4651 52.6051 5.69165 9.23862 0.22343 25.1501
419.453 29.9336 29.919 14.5879 48.7849 31.2287 36.6758 51.4393 16.3437 1.85839 0.0222466 23.0465
296.471 32.3281 25.104 64.1216 33.023 21.0937 40.4391 45.7705 0.424529 20.2434 0.0190376 23.062
203.958 19.6327 42.8768 43.6485 67.9589 18.5668 18.7051 64.2455 1.8832 22.559 0.122832 24.2775
80.394 39.7922 53.9361 2.17825 61.0694 64.1957 20.8934 94.6941 1.48518 11.4853 0.07557 28.388
80.394 55.5168 53.9361 39.2421 20.7752 11.1975 23.4242 71.2714 0.390416 26.7885 0.00998958 29.8284
26.1824 45.1828 78.9489 35.4773 57.9468 22.5037 30.7295 4.39184 1.1779 15.2933 0.00436202 23.977
143.676 42.6508 35.6748 58.3469 57.9468 9.49826 55.1195 5.15713 17.6035 7.24958 0.00436202 21.3078
176.875 13.863 30.5144 54.7366 31.0378 36.2368 76.2651 33.1862 10.6416 14.7731 0.000947115 21.68
105.925 26.9658 52.8788 71.0622 44.1911 30.0613 49.6505 4.93498 7.8598 14.311 0.00329652 21.2543
136.258 37.9624 45.2163 27.5876 41.1056 75.8379 16.1648 5.40761 21.7082 14.0583 0.00945378 21.7335
217.129 4.16961 47.2987 25.1442 60.1404 72.9476 16.2863 32.8638 18.7288 6.46703 0.00266681 20.219
274.75 41.6619 7.88971 7.89913 68.2922 57.6421 34.2623 36.8128 14.9761 0.77323 0.00221503 21.3756
140.583 13.8794 64.0754 33.8837 26.14 65.0905 77.9305 16.7155 20.5269 13.8408 0.0078872 22.6637
284.224 15.7774 61.3966 24.343 26.14 79.222 35.036 13.7886 20.5369 19.0565 0.00661241 21.1572
321.059 25.0389 41.8762 37.0494 23.4506 51.5013 21.2445 2.85608 24.9067 15.2513 0.0140643 22.2322
216.351 6.57142 29.521 35.7472 66.4169 72.0048 11.2553 28.7826 71.596 14.7013 0.0175137 25.7298
324.893 4.99045 21.6294 49.9931 65.4319 17.5648 80.8962 15.6242 6.23896 15.1747 0.104095 21.7553
399.536 20.7274 17.3522 47.1577 24.449 48.421 34.4972 33.8724 15.4773 30.3337 0.00978882 21.1083
408.157 1.50274 22.6977 39.9786 39.4468 76.4578 34.5438 17.0098 44.613 16.47 0.000920261 21.0295
317.704 1.21404 22.0113 69.4255 15.685 73.3669 38.9598 8.58249 58.2752 14.747 0.00332491 22.5329
461.279 15.2641 1.79182 63.1413 27.7685 50.4736 25.3418 8.95237 21.5064 2.24058 0.125294 23.444
308.364 2.62306 23.3564 62.7586 27.7474 55.5371 59.6415 17.5655 10.5078 28.0953 0.131089 22.6335
356.116 12.933 6.20259 62.9603 45.6799 46.391 47.7201 22.0082 28.8355 18.0124 0.0160437 20.7504
409.412 4.38318 5.20905 62.3484 24.8084 42.3104 88.9701 11.7341 27.8631 16.3869 0.0417263 22.5685
409.412 4.38318 5.20905 55.0876 29.4889 69.7069 76.7126 4.41865 39.9308 9.43163 0.00548339 22.794
454.028 4.51721 22.0716 50.5452 28.6458 41.774 43.9256 10.1314 4.30955 16.7856 0.0249447 19.9378
434.398 28.1215 11.1502 7.2157 45.3449 58.2535 6.84206 72.0124 19.2309 5.34106 0.0672696 24.5591
182.172 10.1935 31.5844 22.083 78.8821 34.2327 85.8715 9.56603 17.1643 14.6035 0.0227338 23.785
228.672 29.4826 56.4322 35.6583 44.9505 41.971 11.4054 30.949 28.4712 8.92582 0.0991651 24.1323
457.705 18.9191 7.91042 5.34055 73.1654 47.7675 17.0678 51.9627 2.88142 7.16047 0.0616384 22.1934
457.705 18.9191 7.91042 9.61257 73.1654 25.3321 48.3759 45.1378 4.48242 1.78969 0.0595924 21.8929
250.664 10.8142 25.2906 15.5519 80.9261 47.4864 35.3139 18.9261 12.0505 11.4781 0.0720753 22.3314
388.63 10.9695 31.8474 26.7304 45.6421 60.6007 31.7156 3.15176 13.1947 9.97762 0.126245 21.6365
421.601 8.03859 17.1888 22.0851 51.1977 51.9494 58.6705 10.962 13.0296 45.3692 0.0231625 22.0889
229.637 15.9703 37.8821 47.3928 34.1397 60.4989 49.462 18.8181 7.66305 24.2473 0.0158176 20.1906
171.533 11.6259 62.8869 47.4537 7.08664 77.4736 49.1123 18.9004 14.7056 31.2556 0.133791 24.8311
256.108 22.9024 56.9668 38.3358 45.0783 22.8397 30.5829 19.8489 26.0804 10.0066 0.134741 24.1163
325.315 8.857 72.6174 26.6902 23.3944 18.3204 84.2938 31.3332 11.977 11.3878 0.0586828 23.9619
132.445 35.85 58.3689 26.595 44.2326 28.5679 71.3293 16.4354 11.0324 10.192 0.0133704 21.0644
125.508 47.1707 34.9571 16.8335 49.6042 74.1051 35.8231 32.5173 35.3239 9.48561 0.0123418 23.2929
154.967 44.5694 25.7998 38.2945 84.5287 18.5102 26.6324 51.5377 37.2478 9.01972 0.000754503 22.4543
148.972 33.9575 38.0309 50.2214 62.0922 30.8734 37.9494 50.3007 39.5089 11.4669 0.00279561 23.0542
227.381 19.3231 18.7953 41.4271 65.7698 61.3633 34.3062 25.4955 35.1237 11.4669 0.00279561 20.7818
377.338 10.9362 3.50908 71.6039 52.4532 60.01 5.5512 25.9088 17.4195 10.1062 0.0111118 20.8584
234.205 6.05259 32.6953 53.0985 52.2327 60.6621 20.8019 53.9131 4.47726 9.46239 0.0196661 20.5793
310.483 10.6693 21.0906 51.7317 40.0487 62.9155 28.2654 46.7558 43.0817 15.627 0.0100524 21.8194
295.735 8.56521 3.30796 32.5152 73.8807 38.3299 26.2585 45.3928 8.68487 5.67328 0.0113244 23.4589
472.245 9.82624 8.63504 11.5579 79.3329 44.9009 26.2064 30.6687 2.07137 2.54447 0.0262838 20.1779
450.961 10.5603 18.8742 6.46267 82.0134 44.9452 26.2794 40.8435 6.34594 8.50159 0.0493657 21.1168
408.334 21.5082 9.3995 16.4405 69.5056 24.3015 26.9742 40.065 6.34594 12.6852 0.203248 23.6878
459.84 1.0823 26.8068 36.2131 41.3319 62.872 29.0053 20.5511 34.3617 15.6496 0.0326665 22.3042
250.632 33.8421 11.909 29.9479 34.3418 91.1743 33.3135 25.3846 11.4839 1.51107 0.0207788 21.1833
129.842 53.5134 31.7386 36.5365 18.8504 78.7006 29.7159 5.513 11.2085 1.12244 0.0123493 21.9677
149.899 38.0941 48.4664 44.296 31.8605 66.4084 33.8822 6.38839 8.09404 1.54854 0.00781501 20.5017
267.355 19.6248 37.3557 21.7599 47.1654 55.641 68.5348 6.38839 8.75046 12.3817 0.0747252 21.228
270.003 17.6462 60.8099 17.116 52.7079 47.9546 27.2733 12.5276 8.84215 8.57285 0.0297797 20.1669
347.349 17.6999 7.47993 54.6583 69.0372 8.14606 61.5735 17.5672 43.1578 14.8735 0.0343594 22.6802
349.59 9.8624 3.39487 67.458 68.1939 8.03952 54.8473 0.648191 35.1698 16.8657 0.00437694 22.3414
399.751 10.0334 0.592744 53.032 65.8927 15.0345 53.5533 14.8705 38.1032 6.13721 0.00437694 21.1262
239.904 0.609574 20.4894 99.3914 64.8134 20.6403 35.1208 27.8669 85.0189 5.9899 0.0445967 29.5434
357.54 10.9282 27.5941 26.1808 80.8986 19.472 75.9162 31.2731 32.1737 10.8386 0.0301471 23.545
263.336 7.25926 39.4264 34.4433 83.3769 15.5701 53.539 30.1756 43.9465 10.5636 0.0707932 23.4137
347.158 9.73272 36.5713 21.9447 32.4318 70.1148 53.7873 4.43569 4.81194 8.91141 0.00778813 18.9142
380.476 4.4726 29.1816 57.2495 37.9176 56.5808 50.8524 12.0995 8.91763 2.78955 0.0834605 22.3862
270.022 6.34572 38.2463 41.0868 47.5293 27.9989 29.8059 5.7919 10.8826 4.31504 0.0583754 23.261
351.025 25.6273 21.8355 20.0074 69.0214 40.8692 17.2608 14.4033 0.784868 13.4163 0.0917238 22.3718
318.352 21.7396 25.9505 8.73281 67.522 42.0938 62.1717 5.71654 0.94456 0.275468 0.0296499 21.6145
266.988 4.3114 28.4279 21.5139 114.266 14.4525 86.9754 15.2979 9.23396 3.64523 0.0845815 24.5723
310.726 5.06198 27.3855 55.9477 12.0939 76.599 46.2001 6.68 21.6965 4.44327 0.00548291 19.531
218.122 4.77694 49.4994 37.0501 33.3221 77.9092 45.4204 3.36755 21.6047 8.73489 0.0891821 22.3189
373.796 19.7522 41.4463 26.1852 13.9845 66.1205 28.7339 9.39177 8.08595 22.0948 0.296616 26.029
371.901 14.9233 18.5117 31.3548 17.7802 64.5609 26.5257 26.5312 43.5523 39.2145 0.113542 26.8839
316.734 17.0198 39.9965 33.7669 9.63983 83.6567 25.2423 33.9013 39.4502 19.2659 0.045696 23.3305
267.815 7.83337 58.691 30.8616 24.3107 82.9813 23.1063 38.8929 2.04646 8.55233 0.00792082 19.8484
329.626 16.6834 38.9275 25.795 33.0099 69.3869 19.2356 8.68341 10.2997 2.39186 0.00224147 18.5682
271.212 17.1391 32.1278 59.1904 58.9562 27.9503 19.1762 7.61298 7.4303 8.25776 0.00676821 19.5332
156.135 41.0302 28.3556 87.4525 37.8027 30.1204 32.8441 38.1356 7.14971 29.2093 0.00587379 24.1277
56.399 49.6728 33.4444 52.6405 31.1868 21.831 37.8396 77.4291 6.08327 22.2243 0.000692085 25.3476
107.256 54.5969 37.2052 34.1196 42.6825 29.795 53.4358 41.7174 12.1959 33.9373 0.167217 26.7802
107.256 55.1645 3.14518 67.6752 82.2932 17.1502 65.0792 0.993472 9.40285 40.5951 0.0175073 26.9453
133.088 45.0566 13.297 70.4633 35.5209 42.5397 56.0709 7.27447 9.40285 27.6574 0.00846203 21.727
197.572 45.2423 13.2517 50.3809 40.9644 43.7 54.383 2.05226 12.9365 22.2354 0.0188393 21.7587
247.732 49.7854 40.2359 44.7391 15.3066 51.5205 30.4152 35.349 13.1507 7.90684 0.033351 23.7559
117.353 40.598 56.009 42.4001 24.8323 59.467 34.2537 15.2253 21.3541 6.35898 0.0088499 21.1287
95.9984 46.6562 53.3947 64.9738 5.24025 57.4393 23.4658 28.6447 32.6766 4.08506 0.00646515 23.6892
137.337 48.6641 22.1889 50.0603 16.2917 105.15 1.1947 17.5927 44.7772 1.06133 0.00120677 24.1256
149.883 48.9234 19.1937 54.3194 27.2788 99.7442 1.87904 29.9544 25.0368 18.7713 0.0104775 23.8158
150.069 37.3085 24.3368 33.5488 33.3825 90.6605 13.3683 7.99532 57.1628 14.1871 0.0371474 26.1384
225.697 28.1475 53.0557 27.6573 29.4729 38.1619 67.5064 17.5247 19.5749 10.7961 0.19372 23.8656
342.644 11.1962 48.8576 29.8258 26.031 9.84512 61.0476 8.18315 32.2291 7.13416 0.395648 29.3325
406.105 10.1769 38.3235 21.2337 25.334 56.4166 62.3083 13.0669 3.96964 7.92099 0.0929485 21.1997
355.338 15.3412 35.5953 20.4703 46.9912 35.8262 36.2817 7.20284 2.02915 33.8926 0.00590629 21.5835
328.554 11.6147 13.0078 20.6917 45.6886 72.8724 44.91 51.8626 2.29486 25.8221 0.0002522 21.8734
290.02 19.1394 32.9038 32.5744 34.3328 65.6035 34.8157 1.80366 11.2011 6.61947 0.000914924 18.5135
257.519 15.321 21.8327 105.719 22.8457 32.3414 26.6062 23.2633 20.1819 15.7691 0.0101544 21.7535
227.35 22.1259 23.057 54.1472 34.6254 43.128 60.9273 35.1184 2.95245 15.0442 0.025126 20.7213
163.56 34.3765 30.2287 51.7753 36.0456 35.2759 73.6899 17.3661 3.9033 20.5312 0.0031949 20.3975
238.642 27.5773 24.7497 36.508 35.2246 27.4802 77.3576 33.6078 3.35958 12.9982 0.0109196 21.4367
375.822 5.56276 13.0569 36.6113 53.3743 39.5241 77.7075 21.5279 12.6093 3.21128 0.0164274 19.8019
1.97879 22.2779 83.6377 30.5207 31.612 18.9282 94.0454 34.8084 5.46065 5.02235 0.142891 27.8843
1.97879 25.2319 83.6377 42.1636 14.9642 5.58845 111.406 20.8003 22.4142 7.21257 0.0994844 29.6542
104.774 12.1001 111.761 21.9947 57.3793 21.1976 34.3339 8.90468 31.645 0.191723 0.0123216 25.5743
399.537 14.0084 17.6802 25.4162 75.0105 47.5776 50.0919 18.4309 49.4019 15.452 0.0454466 24.6184
403.837 40.8402 1.76415 4.68607 45.7058 39.11 70.8064 11.0851 34.4097 9.46411 0.00282706 24.0182
23.7706 11.383 105.499 23.6437 54.5592 21.931 68.8366 28.9925 15.454 7.28082 0.0661323 25.1348
206.044 16.6563 39.9996 57.3893 25.5398 5.3654 68.0585 42.5206 13.9625 1.45766 0.00770869 23.3938
404.57 14.5357 27.9191 30.3387 35.867 24.5641 75.61 10.7621 60.0833 3.75006 0.00997297 22.7486
399.141 6.74412 33.5636 10.4075 6.66073 74.7817 87.697 21.4328 12.4988 17.2371 0.359679 26.2681
359.533 63.2988 5.51531 22.5196 13.4514 82.2735 31.194 20.5681 11.0196 18.5966 0.172604 26.8392
489.356 13.9784 1.17206 47.941 14.7379 0.975684 85.3332 24.4558 11.1588 10.0523 0.121986 27.3854
421.566 2.35365 6.88633 33.9816 41.5092 49.8833 38.1798 69.4741 10.2989 31.3646 0.0680154 24.3407
447.897 9.97525 2.98159 29.8596 60.7164 54.0164 50.3082 10.5323 7.52266 18.8185 0.0859 21.5143
512.713 9.94271 6.31153 61.2045 33.3931 56.5616 26.4268 17.5948 6.97937 14.58 0.0495364 23.2972
293.432 11.3708 30.1541 65.2394 44.2635 60.2622 10.1679 2.28982 3.7641 12.1493 0.124043 23.1528
363.05 35.3516 38.1229 3.09373 55.0366 37.943 56.2647 10.5165 6.48017 11.6875 0.0469293 23.0348
123.112 29.5409 74.8014 9.17177 24.717 11.502 88.404 39.9909 13.0162 9.03017 0.0443197 27.5403
113.06 23.4862 55.205 1.20976 84.9742 27.0461 67.8133 56.5972 14.6027 3.36805 0.0585019 26.5879
129.877 56.1798 28.4714 40.8172 39.5165 57.0517 49.3982 6.81262 13.5704 21.2383 0.00379123 21.407
119.076 46.9492 32.9915 34.1078 38.3596 47.6844 81.6603 17.8071 8.94542 11.5799 0.0112269 21.9593
253.078 1.27842 47.1181 61.2175 29.2937 33.6719 83.444 10.2276 14.3453 5.56706 0.0343042 21.439
440.53 8.08779 29.3927 33.9676 40.5128 49.9855 61.9697 8.01677 30.7751 5.66897 0.0188786 21.7027
347.249 10.158 33.3268 37.2965 22.3959 22.7773 71.7355 8.0064 10.169 24.3546 0.140414 24.2739
413.261 21.493 13.5519 40.8906 48.6386 19.5286 70.7331 1.09098 6.56582 2.31409 0.068972 21.8964
322.653 3.41637 17.2894 30.6216 41.3073 51.8643 76.6409 19.0497 3.9878 7.03492 0.0236749 21.7728
417.548 6.01611 35.8395 44.0203 42.453 25.6134 49.2484 10.701 33.0985 6.20125 0.139165 23.6616
268.631 29.4027 30.7988 51.7701 28.2763 40.5025 42.1056 15.9995 32.4743 6.472 0.0425346 21.4708
312.829 19.7116 2.50709 130.058 5.65451 23.8585 8.87294 38.3472 29.6276 11.4261 0.0561741 27.1545
243.513 7.82441 1.86887 130.058 29.3099 28.0263 16.0505 33.479 29.8336 3.02739 0.0308552 24.4637
397.794 13.8111 17.2211 43.0701 28.9057 68.7567 24.9878 1.14966 6.07465 30.6119 0.195718 24.4827
328.747 27.056 14.3669 54.8883 19.8351 66.0777 34.6378 14.4233 6.07465 50.3212 0.0551645 23.4666
411.132 11.3306 7.46655 39.138 26.8009 76.7122 24.134 5.23293 26.1393 22.2857 0.0622742 22.5373
435.06 4.15217 6.27375 37.9702 37.0576 75.9663 37.6881 15.6228 33.487 25.3856 0.0647821 22.6733
345.685 1.99076 34.2583 30.5267 24.5427 98.0997 28.8781 11.3145 26.3383 20.9476 0.0601501 22.4009
415.991 10.9545 11.789 28.6542 22.0042 74.0781 28.9675 24.2796 10.204 12.8308 0.159021 22.5429
237.142 1.36444 18.0882 50.1229 43.327 88.4625 29.8645 36.1777 24.2169 23.0089 0.0623117 25.0404
310.173 9.78819 28.0328 7.17002 55.4423 97.2263 34.0174 21.8908 22.9896 34.7035 0.0931493 25.1012
436.098 9.8816 42.2182 7.24371 69.1369 29.0579 51.1126 20.7194 1.734 13.9664 0.0204766 21.3943
447.446 2.81629 43.1537 4.55108 60.5 15.8393 74.2985 35.4745 7.09788 12.1491 0.0182097 21.7636
327.88 26.5485 30.2255 40.0923 21.8999 17.6142 82.1964 20.1875 5.38396 2.24695 0.0151993 20.8825
381.893 6.14485 12.6567 55.9845 25.5717 34.0348 78.5984 3.16641 0.392636 46.3575 0.015305 23.5598
381.893 6.33404 29.4466 44.8752 2.22624 59.5627 55.9816 9.52415 16.2765 3.1671 0.0152747 21.1045
182.819 8.12862 22.0998 75.0933 24.1634 58.0279 57.1254 51.4361 12.013 3.99119 0.0151063 22.7761
229.568 30.0212 22.8328 69.76 24.1634 27.8054 67.9979 63.1424 5.7054 3.99119 0.0152331 22.5715
253.086 4.48238 13.7356 94.0035 54.9694 9.34668 29.6455 42.0296 2.55702 18.4284 0.0167242 22.1911
480.793 9.94441 6.33027 57.8128 33.2975 16.3374 104.477 5.62501 8.48077 19.2913 0.0113107 22.7914
431.559 17.2177 12.6265 36.3172 21.2405 33.7842 86.7632 1.96868 22.0053 23.5961 0.00406084 21.9626
416.373 19.9522 7.26787 32.9742 37.99 39.3839 55.7314 31.541 5.51262 17.0383 0.00943157 19.9561
308.862 26.7979 7.49515 40.3483 62.7172 8.42601 50.4342 27.7382 5.32908 22.2481 0.00944848 21.5939
403.714 25.2917 10.0925 27.6264 77.8956 45.4744 7.35928 21.8466 15.7464 12.5413 0.0236676 21.4846
431.147 7.46018 13.3484 21.9735 56.7989 53.6398 25.4733 21.2747 13.3848 13.0492 0.00384291 18.7811
498.812 29.8284 1.33939 33.4449 31.9159 53.2589 61.0873 36.2178 1.30022 16.7961 0.0392809 26.4107
150.828 7.54169 61.5945 42.46 57.4513 45.4349 56.606 15.9341 4.80322 4.92242 0.00484866 20.0444
316.945 14.1734 34.9114 46.4183 30.2358 57.0934 5.28302 30.8253 11.5392 20.8912 0.0383078 21.5751
223.12 34.394 30.8807 41.6043 31.2757 29.8395 54.0116 41.1039 27.4055 9.625 0.0128852 21.7831
112.202 50.1376 14.3718 37.0323 58.2199 39.8731 73.8624 25.2244 24.5086 15.1183 0.178714 26.2011
214.95 17.9708 30.1884 33.1583 56.6292 41.8499 53.8961 15.5568 12.5281 2.99982 0.136909 22.0432
237.061 31.4919 63.412 40.3455 14.574 27.1289 51.6332 4.77094 26.439 50.5855 0.0488608 27.6165
215.428 2.13582 63.0007 59.9389 42.6314 33.6392 35.3497 19.3721 27.3563 18.7455 0.0252267 22.4127
246.327 23.0524 63.1408 39.928 30.5449 46.8566 14.1954 14.9289 15.8816 13.7614 0.0129977 21.6597
230.004 9.77573 37.5141 40.8784 66.5276 65.8846 6.04453 48.3448 16.5695 22.2846 0.00755104 21.6558
231.456 6.83281 35.0472 28.2737 74.9782 8.76359 79.4022 40.4979 21.8058 10.5459 0.00616203 22.5952
104.399 39.2772 34.6636 21.9508 99.0079 23.3831 63.7103 32.1407 50.9423 40.2226 0.0233392 28.8605
110.487 3.18691 80.0843 13.391 94.6543 34.0221 33.8105 24.5817 22.2702 8.65957 0.0212995 23.2895
258.523 15.0676 62.7948 6.48742 80.8108 16.1148 29.4707 63.8877 26.5336 2.21355 0.0186122 23.0448
223.506 12.2577 49.1529 23.3618 77.6252 25.8564 50.8103 26.8776 42.2347 14.3835 0.0269435 22.472
500.598 12.1084 18.3321 19.0314 65.4164 54.3255 22.1434 32.1796 10.3819 18.2783 0.00256556 21.2581
446.029 23.3769 13.9892 28.4132 65.8965 47.3047 5.45562 43.0528 8.507 28.124 0.0585762 24.4632
91.9567 37.7049 45.4481 18.9353 78.9451 44.5998 54.7017 7.95419 38.1663 37.0891 0.00115036 24.4381
127.042 36.3491 74.034 25.9117 44.9623 24.6955 30.0849 6.73061 13.28 32.9274 0.0326154 25.2399
275.97 21.3889 22.1827 21.4314 34.0384 44.4442 94.8209 46.4774 26.8145 18.1524 0.0340893 26.19
373.188 21.1758 26.2551 23.4702 29.4913 52.7152 72.6839 8.69745 29.5074 9.56056 0.0128599 20.9845
156.424 23.569 23.8149 63.6645 6.66734 56.5706 78.8451 14.1719 4.42845 3.94647 0.00104854 22.105
120.308 36.2936 39.2428 24.7037 93.4181 26.8045 13.532 49.5456 10.5398 8.31127 0.0109473 21.8533
302.581 14.714 6.19255 37.7432 59.5249 36.6267 94.1689 12.1769 14.167 5.08706 0.00809373 21.1442
256.827 7.10979 26.7952 42.277 71.6448 34.4432 48.7623 5.80418 3.39053 37.45 0.0120088 21.4666
126.702 35.9963 38.6095 37.281 65.4237 23.8988 57.9117 2.40501 28.4691 10.7277 0.00923563 21.836
103.688 60.8559 4.00653 46.2997 74.5962 38.1959 68.2926 12.3334 27.0781 3.5265 0.0106705 24.1012
183.286 36.0099 29.2619 53.8461 20.0703 35.6872 39.0002 17.0578 11.277 10.3774 0.00957367 22.1889
122.789 29.3196 23.4574 94.5587 11.1356 25.465 81.3265 23.0015 4.79384 8.22935 0.000854437 21.1905
313.462 14.7575 20.3101 108.547 6.14617 40.2168 82.8363 13.7746 28.2844 11.7015 0.00964149 27.5139
118.068 62.6487 17.6684 28.0197 91.465 21.0886 5.74798 50.7924 9.14182 8.60068 0.0217263 23.7197
118.068 36.3203 19.2105 37.4777 98.151 44.9947 8.07894 47.9103 21.8099 3.7232 0.0417633 24.102
218.997 1.16817 4.34792 55.7281 80.3442 36.9824 38.1968 55.0943 7.98538 7.8195 0.0417482 25.5412
267.172 29.648 29.2991 18.2247 45.2854 44.9093 48.1118 39.9722 22.0412 25.6211 0.0672493 23.462
259.648 36.4519 36.3423 16.8266 47.2708 37.0464 25.4584 58.9206 9.95494 16.5571 0.203984 25.0015
175.602 26.3548 26.9449 67.8966 34.4312 29.0485 33.4757 66.2604 10.2638 20.8129 0.0527265 23.4413
-8.94797 42.6474 50.0907 70.3683 45.0695 12.0189 53.7082 56.9945 6.07702 10.3474 0.00373633 24.0126
254.978 28.611 23.3183 56.8195 19.8422 39.6867 46.0093 52.478 1.45173 15.8812 0.00316225 20.6566
247.09 2.45566 30.0127 49.7604 100.446 41.2765 12.2111 23.7953 3.13488 7.99575 0.0597758 22.9299
371.475 6.40411 31.4605 47.5933 34.9715 24.5454 64.3335 26.5349 6.82831 16.1157 0.00490273 18.8951
324.965 26.2234 9.71027 36.5872 49.9811 19.4517 74.4893 23.6904 5.85167 11.6391 0.00278429 19.45
344.081 18.8501 10.5647 81.1407 47.3334 18.2741 40.8702 24.6889 11.3255 5.60451 0.00470479 19.9165
336.218 25.6721 37.7094 40.346 42.0058 26.3276 57.5693 26.4936 7.83712 23.5108 0.00339425 21.2282
141.463 19.6894 54.9786 60.9702 18.3675 54.913 71.0827 7.78671 11.6817 10.2242 0.0235277 21.7174
59.3205 23.1545 58.764 47.6775 19.9337 76.7378 53.7871 14.9357 1.39897 6.92745 0.035845 23.2348
124.472 25.0568 64.9095 69.0397 19.6224 37.4465 58.155 15.3898 19.0236 6.92745 0.0110657 22.3302
39.8085 31.6362 70.6138 60.9147 19.7127 29.6093 83.9527 11.173 34.2572 4.10506 0.00277697 23.9161
97.6779 16.9021 64.5744 33.6253 64.1668 42.8732 55.4836 11.3269 38.4766 18.4256 0.00815173 23.2445
372.847 6.60164 16.5918 52.4122 46.0129 36.2102 42.0503 2.62892 29.6043 24.2304 0.0115213 20.9414
325.366 5.56347 25.0455 60.087 51.955 35.1156 29.1743 11.5727 47.1023 2.65933 0.00102583 19.8969
246.898 15.5207 33.3119 41.6756 97.393 26.5402 7.47181 3.08026 53.841 10.0069 0.000356739 23.0047
215.071 36.9871 32.716 35.8421 74.4541 10.1883 60.321 4.81587 43.0471 7.98617 0.165214 25.4291
363.753 19.2267 3.20128 33.5942 79.5331 11.5335 54.1595 17.5908 39.9871 8.26311 0.0245286 22.0734
406.58 30.7844 7.58153 35.7753 52.3887 49.9064 40.1208 14.6848 2.28978 3.82789 0.0577524 21.7855
313.427 39.5422 5.43833 37.6641 66.5777 35.2596 16.3726 20.0719 8.78055 6.13678 0.0293714 20.9554
294.099 37.2686 36.4875 12.1056 49.4683 19.3569 28.4691 34.0926 15.7216 22.082 0.009393 23.6985
316.632 29.6819 37.0027 3.83159 54.8416 53.6867 15.3974 69.5242 27.9766 3.19778 0.009393 23.0439
330.297 4.76446 74.4929 17.2037 43.0972 45.5844 17.8452 25.7283 24.4546 15.0633 0.009393 21.5785
312.46 18.8035 18.5618 43.8119 34.6503 42.4664 80.9405 22.4758 35.5625 34.3155 0.00246845 22.7154
345.352 21.0268 11.6717 83.5021 11.0243 34.2407 62.9643 8.9675 49.6859 6.6711 0.000496367 21.5772
353.113 36.4858 13.1771 35.8201 14.4293 39.931 42.4703 40.7509 25.7095 6.3413 0.00574025 22.6277
123.836 54.3489 50.3448 28.0313 47.0484 76.1311 12.5813 26.4751 13.0666 7.21117 0.0333728 24.0189
183.239 13.772 52.3353 24.7681 13.8396 120.668 5.77531 26.3976 4.8845 21.1637 0.0597342 24.3528
228.224 18.1141 40.6309 43.6885 10.852 93.7706 29.57 7.07278 26.0204 24.609 0.138368 24.1093
297.507 8.87794 43.8778 49.5917 30.8422 46.4175 20.3036 24.9434 10.2627 51.4668 0.0315777 23.2693
96.6676 9.56696 43.4516 61.0383 30.11 103.27 21.4557 11.834 23.0285 56.8199 0.00362701 26.8583
106.177 42.0864 52.234 16.1508 34.4649 89.522 32.7675 26.4211 3.65767 5.51135 0.00603136 21.4134
121.035 37.7685 13.9075 26.3579 55.5381 64.0984 35.6281 16.2373 0.673105 26.8364 0.0252581 27.2668
309.223 37.8016 9.03429 25.8162 56.4659 77.48 40.5997 0.499975 24.5471 12.8214 0.0308391 23.6101
296.11 40.4615 9.03429 25.2796 53.4406 69.5134 8.30223 26.7927 10.3606 19.6317 0.0176903 21.3876
335.884 26.1267 31.298 12.1826 46.4335 76.8531 1.43166 14.1647 1.39822 15.8723 0.00376351 21.4284
319.139 43.412 16.6984 12.1826 35.0038 98.6147 30.8202 14.1769 14.2511 18.5101 0.0406688 23.2932
198.968 60.3497 22.4883 9.63953 81.7606 38.6513 13.6753 18.9135 75.5614 7.51826 0.0300607 27.0089
23.4667 60.6291 53.8146 4.91822 78.6976 24.1016 47.8143 31.2446 16.1594 6.37817 0.0166384 23.8637
49.1693 65.1014 28.9657 9.79448 111.245 2.35116 40.2719 41.5227 15.3389 9.93809 0.0136628 25.0864
93.5418 20.5754 47.0376 35.9591 89.0275 37.2326 40.8503 43.5891 12.3546 35.105 0.0374806 25.5
272.913 22.215 30.2428 25.3153 66.6264 30.2706 46.8594 50.9205 9.09987 13.4658 0.0340753 20.917
493.086 13.8023 3.72612 13.2757 58.2348 51.4992 42.5896 53.5185 26.1243 24.3008 0.165805 25.9578
282.975 26.0694 25.8151 22.8276 32.1852 67.5168 61.5891 11.8248 17.6134 11.6 0.248792 23.6043
193.664 12.5038 18.9837 50.5016 37.1684 57.3683 50.196 45.071 11.7526 9.29444 0.191582 24.5293
277.935 21.3597 33.0853 31.0792 40.6201 48.7381 40.2589 16.4157 6.79419 6.93918 0.0936632 20.7668
195.938 8.22892 31.7754 22.9726 106.183 52.7979 22.2069 8.57492 4.5122 2.04493 0.308172 25.2575
250.347 28.4957 40.6962 16.2789 60.9384 36.4359 44.7326 11.2178 2.28531 4.76724 0.0841273 21.2988
334.313 4.98488 25.6361 30.6725 44.103 44.0879 60.9805 12.8429 17.7087 21.0574 0.121416 22.2484
395.841 3.90477 16.4534 50.9579 44.5484 55.3101 65.6686 0.567084 13.3483 7.67512 0.0575128 22.0432
332.191 13.7605 20.8633 42.1729 18.4581 42.7047 81.3445 1.13231 9.19713 8.57169 0.0417621 21.9563
274.01 25.447 36.947 9.00953 111.091 10.8631 53.0995 18.4363 8.85308 3.91449 0.0429705 22.3721
351.095 12.414 13.4904 49.3062 31.405 88.5479 18.7022 12.2366 9.99485 14.6454 0.0751335 20.5995
452.364 7.41974 3.42131 37.5037 86.5867 15.9061 39.7067 26.3531 6.54857 7.6716 0.0392534 20.4743
420.659 4.56955 10.0048 40.2439 101.267 15.9061 16.1258 26.0488 6.70748 14.8759 0.110439 22.8682
291.86 5.31421 34.2823 29.0363 84.3958 15.9061 50.4268 50.0429 6.71634 38.141 0.117406 24.2773
309.618 7.5872 12.4478 29.3587 78.8436 18.9673 32.2561 67.9965 6.62624 2.62876 0.181108 23.9398
352.165 9.92604 16.8364 17.7727 65.8276 53.4194 45.4197 23.7074 6.65643 3.60398 0.0127246 19.1548
354.543 3.07711 54.6872 19.5589 51.1184 48.1855 63.6842 8.39562 2.83409 9.30966 0.0117326 20.2183
342.817 3.63242 44.7216 36.097 62.3487 8.11036 81.6582 17.2672 8.35766 9.35657 0.0544528 21.5748
294.978 3.6748 21.1026 50.2299 57.1333 33.2535 66.2307 29.8329 16.4029 7.29684 0.225226 22.9149
268.607 3.30378 16.2045 40.7888 71.3083 12.5688 99.814 6.19494 4.49922 38.1387 0.0699224 25.2739
275.224 5.10345 9.2947 59.6924 78.8116 1.38537 90.3696 21.9142 2.33714 7.83564 0.0311056 22.8366
276.496 6.46772 29.1395 55.2634 47.7855 54.9927 29.3439 57.9369 0.555701 9.55586 0.00294639 20.1984
229.067 11.0307 35.5164 57.4214 52.6253 27.2307 30.1327 29.8611 2.54777 2.86693 0.0322428 20.2848
161.85 24.9979 41.6747 59.0843 52.1672 21.6512 34.5885 6.81585 18.3035 36.6899 0.0146823 23.1831
184.806 29.8923 53.1212 22.416 52.6937 16.4828 66.5353 21.7816 21.7428 6.44666 0.0068215 20.841
28.3084 50.7422 48.3848 29.607 53.2479 67.7752 50.2692 13.7287 22.2807 1.77905 0.0308511 24.1417
41.8363 49.8863 28.024 53.6018 46.8462 69.7568 29.3791 10.0068 14.1054 2.358 0.0149081 22.0551
242.505 26.719 8.03271 73.8977 42.8664 44.0414 61.4342 7.81506 13.7275 6.66302 0.0338866 20.8148
377.856 19.8479 5.65061 23.4298 55.5176 50.7709 67.619 3.07289 20.3667 6.29638 0.00625382 20.1418
337.977 4.42367 18.9418 55.9577 76.0698 8.35009 31.082 73.6172 13.656 7.64224 0.000747437 20.5786
206.821 4.20115 76.9917 56.0871 21.3103 30.9796 25.8828 26.3537 44.9268 8.01197 0.00879013 23.5218
184.02 19.8069 54.5317 17.323 94.5941 55.4849 1.70371 30.5163 3.92004 7.2105 0.00124307 21.4524
251.183 26.3186 51.0093 3.20799 86.0915 48.2533 1.55665 44.7223 13.3988 7.0764 0.00620403 22.3004
231.643 30.264 42.4032 6.20156 83.9084 71.8248 8.07824 16.6486 1.85608 8.93569 0.0123753 21.8468
237.81 9.88609 58.7477 14.5733 68.387 53.1812 7.79304 53.06 22.2961 6.86243 0.0289589 21.7884
171.473 13.6488 56.2747 14.0734 40.8761 125.738 2.48265 52.623 22.3644 10.6566 0.10545 27.3553
162.208 6.90685 47.6637 26.8535 52.6374 81.497 24.3063 52.0744 19.5397 9.81919 0.11795 24.6247
356.324 4.3609 46.0671 13.0823 53.0768 68.6832 3.67576 40.0724 37.1482 12.4306 0.0318302 22.6189
423.264 7.55636 50.4511 41.7324 4.02414 47.296 35.1131 15.3991 2.52316 8.74772 0.00633803 21.3836
317.163 2.99144 27.3206 69.9652 23.2853 28.7301 96.0713 18.8857 5.53352 22.5612 0.0321868 22.248
317.574 10.5331 43.4859 28.9075 44.3153 20.2882 44.6981 46.2588 22.6175 26.2841 0.0649055 23.2886
249.607 22.9733 51.7488 2.20968 58.1487 60.5858 35.8876 36.4335 23.0095 35.2286 0.0651236 24.8472
345.998 30.803 53.2149 5.84332 21.4556 82.1796 37.7801 5.40482 29.0216 3.98936 0.0474333 24.6338
320.156 13.691 24.0101 8.2994 84.7084 52.5142 38.0171 28.1729 29.3267 12.5373 0.0762678 22.4601
320.156 7.10541 31.0071 7.52919 86.1865 53.5355 36.7 8.5419 27.8614 12.7633 0.0796352 22.1386
440.432 9.19897 19.2951 29.1848 50.9713 48.0968 47.0428 12.8087 13.8177 6.91498 0.0155282 18.826
396.732 19.3362 12.9733 26.7189 32.6871 38.7101 71.6456 9.54706 14.3378 7.59013 0.00801221 20.0336
431.749 8.15051 4.51779 26.6428 60.8812 22.0031 83.7336 17.8624 15.5941 11.5405 0.0210575 20.8358
50.6732 32.373 85.8838 41.7014 55.456 1.73891 56.5954 7.2087 18.4984 1.40963 0.0192755 25.1803
-72.093 20.5035 98.6845 30.4729 65.71 34.8337 38.2365 33.9428 13.4223 11.1854 0.00268628 24.6759
6.11986 20.2977 98.0531 8.56493 93.3789 25.2433 34.1915 22.1521 6.23898 19.2264 0.038443 25.1357
231.442 33.3078 21.7887 13.4769 60.5742 39.8789 66.9372 29.4432 4.38291 8.62845 0.0148799 21.3269
295.747 23.2118 10.3104 43.9544 61.111 31.4007 50.8798 6.76672 7.60371 12.9195 0.0890867 20.9765
289.273 29.5504 10.72 67.3976 35.3184 56.5041 53.0336 16.1104 3.72545 43.7709 0.156905 26.123
286.751 5.75688 20.261 60.5752 53.7493 52.8424 49.0975 30.7259 14.4378 33.165 0.00186421 21.129
270.754 2.72571 28.8499 39.4059 112.679 19.6471 35.9361 17.699 14.6361 41.5418 0.00186421 23.0788
269.466 14.9765 26.5755 3.14742 142.02 2.02286 36.9181 15.4348 31.7902 28.8981 0.0451596 26.2625
240.117 9.41373 42.6821 0.813034 112.526 27.6473 38.0557 37.3211 33.094 5.4692 0.066722 24.7056
272.349 18.3043 23.0271 53.6227 50.4677 21.7107 51.6099 51.7444 32.3562 9.49932 0.0653418 22.7089
213.808 49.8734 36.6622 25.519 28.0401 74.3029 18.3486 30.7488 4.53482 13.5407 0.0233076 21.7664
195.017 33.2339 27.3162 43.9227 41.9229 27.6991 80.8992 7.5983 16.6332 27.9042 0.015259 22.0377
262.217 16.5088 51.2612 38.5995 39.8061 30.7947 44.5974 10.3343 18.8173 15.1107 0.0550072 21.3067
358.211 25.036 49.0443 5.04638 43.7375 25.2655 68.1868 17.2199 13.76 0.391144 0.00127799 21.1858
365.092 18.9589 30.6627 32.1093 38.6845 21.9395 64.1756 17.0324 35.0665 6.96377 0.0769507 22.3199
397.06 34.2912 7.28943 12.0092 86.7727 30.5239 50.8721 18.0732 5.3967 10.4666 0.0505754 22.4392
186.488 34.5046 31.0634 14.0461 84.3015 34.1854 41.3952 19.0047 9.46142 23.7142 0.0443388 22.2002
124.439 53.6776 41.2864 30.0813 74.1613 21.4583 28.5144 21.2104 0.481357 3.86165 0.0237608 22.76
131.845 37.9846 19.333 64.5081 51.5146 39.1258 24.9688 63.1513 6.83277 7.56664 0.0417008 22.4838
223.497 17.0031 36.9631 69.3173 22.7004 50.4989 38.1609 17.4922 6.27415 25.5818 0.0265776 20.7917
170.997 38.486 33.064 102.8 15.8362 22.6255 31.7506 25.9793 24.1864 10.5664 0.00097582 23.67
145.895 24.8636 34.275 91.0069 12.0907 23.8834 50.7236 55.0709 19.9704 4.46978 0.0221736 23.3312
125.551 58.4726 6.48969 66.8434 44.4638 63.8063 12.6297 1.15081 4.62044 37.6936 0.0204225 25.2167
356.774 3.95881 13.6208 90.476 25.3235 79.0671 9.3143 11.3386 3.29285 9.81624 0.00366081 20.5164
443.093 7.36971 23.0516 37.9929 43.0467 75.0408 5.52988 16.2478 3.66056 2.66149 0.00464788 19.3416
443.093 1.09682 23.2206 44.3083 10.1767 76.6064 16.0747 29.2212 4.3163 8.49816 0.00397596 19.7232
294.951 15.9722 27.0734 32.1987 31.311 91.8822 22.8909 27.3769 5.56627 3.91286 0.0239978 19.62
499.229 2.41499 30.3433 12.0024 36.4742 71.4099 34.0369 37.9744 15.8656 3.53814 0.0528486 22.1423
285.246 7.77608 10.2223 48.0487 68.7143 43.5999 26.0118 33.035 50.7257 3.11433 0.176824 24.2816
386.875 18.2564 10.3787 35.0699 47.2342 52.5899 52.5437 19.6935 23.3336 4.62226 0.0189505 19.7716
412.304 7.59454 17.0729 32.5245 73.0516 37.4387 12.897 10.4293 30.1538 4.58109 0.0113933 20.1956
393.425 10.4811 16.2535 44.1353 66.805 35.8761 39.3507 4.81425 23.0663 4.06021 0.000982469 18.4745
350.21 6.62294 27.0688 53.5786 45.4705 37.411 21.7365 30.5905 7.10714 9.63581 0.000982469 17.7036
245.436 6.62294 48.2919 57.7003 48.2878 12.604 44.7815 23.7757 7.10714 13.7831 0.000982469 19.1161
236.992 21.4012 46.1012 57.7003 18.6891 33.8303 42.253 15.9759 8.03054 15.34 0.000982469 19.4601
195.211 17.2992 28.0722 61.5605 51.1679 22.3889 70.2238 14.8595 8.22696 22.1803 0.0250279 21.0458
200.821 15.2771 25.3723 71.7761 16.4679 56.0371 69.1682 20.5406 31.9157 20.0684 0.0315204 23.194
170.846 25.8467 20.1322 102.974 16.4679 3.38184 69.8184 18.9537 21.0113 2.09575 0.0226601 23.687
105.878 11.5974 63.8479 58.7812 35.2083 19.3355 95.2946 10.2071 28.8173 39.1648 0.180172 28.0354
57.4575 10.8404 32.1638 86.2201 82.5678 20.6862 19.0824 27.2448 4.40331 9.39554 0.123737 25.9668
199.79 37.8631 47.293 46.1372 6.74147 40.7794 35.4001 30.0866 16.8275 12.9523 0.00419493 22.383
250.514 36.9519 14.663 67.5431 5.67179 75.9716 37.5802 17.8242 13.8906 21.0003 0.0106014 21.3173
212.629 29.8863 7.76886 72.9378 54.6875 42.4298 48.8682 1.73564 8.73811 18.837 0.0166825 21.4113
173.522 30.1658 39.6737 33.4481 50.5382 45.365 58.6214 4.64883 48.7568 41.2777 0.0361301 25.606
140.71 29.9445 57.6769 35.0926 47.1901 33.971 70.6962 4.2615 14.3926 30.5122 0.0533052 23.6674
200.87 30.1078 37.9017 27.1443 50.8098 54.056 57.5777 27.6444 61.5704 35.6915 0.0929185 27.9346
275.715 26.0908 29.8007 30.6064 16.9194 82.7022 48.3904 35.6702 7.70401 7.20605 0.0349236 21.2475
298.275 23.6855 49.6472 30.604 4.37436 24.5597 104.851 16.0723 9.02722 12.994 0.0803938 24.6041
296.438 20.0964 36.4783 43.4749 25.9982 74.0974 12.8051 25.6294 13.8704 25.9371 0.0186972 20.8628
304.355 17.3417 49.112 36.172 30.4702 68.3153 28.771 28.8529 10.8217 35.7839 0.0186972 22.3637
198.631 18.7848 54.1678 36.1866 26.4831 68.6786 19.29 23.6991 23.3086 31.9841 0.0133078 22.3148
234.594 15.9167 47.1483 69.3506 20.9632 51.1899 54.1663 7.72044 8.80393 2.9042 5.71507e-05 18.9466
155.925 20.064 29.9554 67.3444 18.9708 80.5951 50.3838 7.58252 21.5899 5.54796 0.00262844 20.6575
321.16 14.9252 6.21888 78.1301 28.9538 70.6142 16.0856 19.694 3.23569 12.8489 0.000743602 18.3956
276.19 26.3911 17.6511 63.5277 17.8213 76.8841 29.3115 19.0227 7.35214 60.5433 0.157933 26.0706
256.461 25.8709 7.73338 59.9836 49.206 46.3584 31.597 38.0459 9.18458 20.2285 0.01299 20.2423
248.304 35.4651 1.048 89.3723 25.5763 22.0664 60.9635 57.9159 19.6553 16.5247 0.0753478 25.7727
43.2263 36.2679 16.7454 127.726 6.31237 44.403 42.2257 34.896 34.2251 10.0538 0.0492006 26.8772
133.379 29.4225 11.741 80.5064 27.8324 47.9714 32.4507 39.4706 48.0919 1.52288 0.0438959 25.4867
52.659 58.8261 17.5465 91.0764 12.3356 37.8681 24.3812 29.6229 21.0406 2.97996 0.0381248 25.0059
-5.51199 36.7786 24.6688 119.949 19.6805 36.1506 48.2155 22.5682 28.8503 5.98412 0.0617303 26.4047
-37.7802 46.5827 20.0925 119.949 21.4398 36.0066 80.5308 14.6246 18.8823 4.43234 0.0809045 28.3083
-33.016 54.4795 11.3246 101.949 34.8194 24.7586 36.0765 8.16299 23.5578 4.76724 0.0700604 28.1562
93.9433 15.461 4.2937 108.501 53.9731 26.623 78.424 9.09894 32.7866 4.71573 0.246114 28.2208
93.9433 25.5263 4.2937 138.384 15.2911 27.973 75.2977 11.9779 12.7394 11.1064 0.193356 27.26
175.579 18.4699 9.51855 111.294 2.47645 30.7694 45.7718 39.3831 14.3511 14.3898 0.199433 26.527
175.579 21.4878 16.1236 128.396 4.2126 37.0399 31.5156 47.7725 17.4743 8.84763 0.126224 25.9156
330.004 30.0085 8.75131 69.0242 27.9238 55.7634 39.6931 25.7099 8.1364 32.2404 0.24166 26.2711
210.476 15.9564 6.91 77.7763 36.1847 79.2971 43.6331 6.89445 2.04906 32.1422 0.211236 25.5172
377.74 33.0013 16.8972 42.4964 42.1525 17.8063 53.749 1.708 26.4634 16.1931 0.173866 25.5899
290.002 12.8424 14.4994 54.433 82.211 16.8834 20.7519 35.4747 21.4397 21.8317 0.326897 25.5593
279.695 4.19106 11.7967 26.5832 91.905 66.5689 43.3607 38.7626 6.30628 9.42225 0.311486 26.3297
320.661 1.58487 43.082 19.1805 116.247 1.20744 19.6397 22.8786 8.08908 10.3697 0.0448285 23.2522
319.818 8.9452 34.391 4.057 117.332 5.61343 48.7451 18.5729 16.2955 12.1687 0.0183868 21.5259
457.593 4.01725 31.0019 20.228 88.31 8.23307 49.0288 40.8006 8.63818 5.35445 0.00805356 21.4723
516.901 5.40227 18.1241 27.8136 18.3015 76.1528 51.9134 24.3693 31.7144 7.04626 0.0105633 22.1109
449.894 5.88457 8.41642 16.3757 54.1281 58.0796 67.652 11.6671 22.3576 0.555414 0.0700909 22.3436
525.071 6.70478 8.85588 14.4335 70.1956 9.84646 60.0788 37.133 25.6522 16.539 0.00544501 21.8784
344.162 0.839673 48.1388 4.21861 76.9023 16.7208 54.5463 4.44777 26.3854 24.297 0.42549 28.479
210.384 6.80854 47.3623 52.9739 50.9156 38.0143 14.3533 51.4011 12.8048 29.5443 0.00786317 21.82
338.415 14.5913 50.3433 57.1916 10.3611 39.8745 58.76 16.297 12.7844 8.25531 0.129095 24.2413
266.256 28.6423 44.8592 23.0264 26.7993 53.4414 70.9627 29.2749 3.31082 9.35679 0.032788 21.6381
68.2785 20.2686 71.7415 48.8705 32.6519 62.0856 15.755 51.8281 18.0911 10.4474 0.0440841 23.6643
114.625 14.5327 89.3227 30.1761 2.64877 72.0688 7.56944 57.1389 7.12092 10.9639 0.0614926 26.2091
101.129 3.24594 77.856 40.111 15.0469 83.8192 7.03218 45.0137 9.68762 15.1485 0.10192 25.9586
87.5709 45.6221 28.0857 71.6049 23.6215 66.0248 11.1891 50.0914 10.9147 15.8262 0.0331281 23.2102
136.821 51.5857 35.9117 51.3213 21.2732 62.5311 8.07354 50.9792 13.353 7.3497 0.0250363 22.7449
208.189 6.27407 67.3227 53.8544 30.869 45.1466 10.1423 29.7237 4.71688 19.1374 0.050698 22.6394
141.71 17.169 58.8799 52.6766 56.1702 43.0389 10.6975 30.5957 27.2037 12.8478 0.0178583 22.276
370.653 18.3306 17.7338 51.1402 38.183 39.6737 27.3637 41.3937 11.5164 27.0527 0.0862016 22.2274
274.517 34.3652 12.0845 60.2093 22.7366 40.9966 52.3381 29.9787 4.27445 26.6731 0.0437199 21.9526
281.882 23.0698 5.26432 74.6141 0.387024 49.7009 78.9117 17.7411 12.7608 22.6225 0.00259564 23.156
245.843 14.5459 15.9899 79.2788 54.6523 27.9006 8.30619 32.0031 10.0823 10.8189 0.00227983 20.0885
166.212 14.2099 16.4318 102.018 51.4055 10.6846 27.6984 24.919 25.6453 12.328 0.00652507 22.9063
219.932 26.2247 12.4528 84.4674 1.88515 35.1867 104.813 16.7271 2.50684 5.62203 0.0297791 23.6199
393.691 6.59248 11.4981 68.8017 43.2562 60.7721 3.27119 15.832 10.6507 11.9525 0.00403821 19.6087
275.987 2.3538 10.282 81.1359 44.0197 57.7373 15.423 19.6067 37.5051 16.8521 0.0104724 22.0954
349.587 31.9544 19.0156 42.4244 46.267 59.851 3.06083 11.3458 36.7138 6.75964 0.0104724 22.5551
269.837 12.2187 60.5349 15.2831 44.2249 74.0879 11.4259 27.5178 17.7909 8.87264 0.085423 21.8065
143.481 27.4541 67.3407 13.5962 63.013 71.9226 9.12583 7.11915 14.8937 20.3302 0.11468 24.6236
107.417 29.4786 63.6226 13.5962 42.8786 85.4974 4.24014 17.2982 0.146526 15.8542 0.0638555 25.6964
138.841 51.612 38.4864 18.798 27.3039 100.041 7.82051 63.4108 29.2824 15.5857 0.0538298 26.4394
82.7424 56.7324 33.1169 58.2769 42.26 12.9335 42.7478 33.3585 15.0641 5.26435 0.0219942 22.9857
247.683 26.4424 40.3437 63.6968 4.92206 35.1525 98.9396 25.5505 5.19733 8.41086 0.000411049 22.2904
389.648 17.6554 6.87665 51.1298 18.321 97.5075 21.5543 21.573 27.1763 5.24131 0.00493637 20.3175
437.063 7.96002 11.0835 73.4412 19.566 30.0501 41.3246 27.1328 19.7022 21.5292 0.000171565 19.5809
50.4995 6.65261 61.4817 120.559 7.27063 24.206 32.0019 22.6253 14.7791 34.9815 0.0213774 27.978
187.917 5.01003 62.6502 62.6247 19.9754 91.1089 30.1514 17.1259 15.5562 34.9777 0.00126996 23.6928
148.483 23.1992 43.8624 63.1974 17.7894 66.3788 57.1282 4.09558 2.04062 43.1212 0.0632843 24.7597
150.725 33.2082 54.032 32.5651 43.7224 66.3788 20.2525 5.88567 2.04062 43.1212 0.0272998 23.857
101.785 21.2206 56.1694 51.128 62.916 51.8708 13.5786 2.7725 35.3188 23.9974 0.0302552 24.8227
183.35 19.6795 45.6618 54.1814 52.8896 30.3959 19.2735 5.95527 10.8366 8.92527 0.00420145 20.4245
448.518 14.6849 4.20329 42.5065 24.3964 71.5171 84.4348 4.57796 10.8366 9.21481 0.0146938 22.7915
212.282 25.915 21.2174 47.1524 69.4387 38.7512 8.67219 60.9285 19.0945 13.801 0.0104598 21.574
246.377 25.4657 23.0894 75.687 20.1833 75.0957 11.2977 47.1834 13.1328 6.59229 0.0180002 21.4379
290.272 18.2604 17.7295 54.7122 18.3056 63.5853 22.4746 38.3698 15.0645 4.24712 0.00051549 19.1699
135.671 18.4782 50.8409 70.6831 38.9474 35.1053 33.1247 26.8367 52.8878 3.12905 0.0085603 23.1475
265.174 16.3194 48.8861 30.9953 37.4471 55.0502 52.1858 49.8254 39.9702 2.84863 0.0806834 24.8879
341.077 3.28804 44.9764 28.3525 60.3748 31.9417 38.5437 17.6741 3.68565 3.84208 0.0154073 18.7454
327.254 20.4309 26.6537 26.5014 73.3385 24.4011 62.4728 17.0792 12.3558 3.9807 0.0300531 19.941
463.925 5.94661 22.0827 3.38334 55.1618 54.6246 46.551 15.6493 3.61527 1.87549 0.0538488 21.0209
252.999 34.5373 15.7791 6.08768 83.935 48.7603 42.8523 9.51168 1.78937 5.25336 0.158251 23.4674
124.779 31.4422 19.8681 18.1908 70.6659 109.238 21.1071 9.93914 2.44996 6.29049 0.142052 26.1532
357.043 10.3909 20.7133 51.4846 46.5637 49.1024 25.6029 31.1182 12.2056 4.37524 0.0159273 18.5807
227.298 39.1765 40.6491 31.4272 56.9321 34.8357 19.6215 18.4415 40.7094 4.37524 0.0106151 22.1774
391.549 8.10588 42.1211 33.0847 42.5537 51.0469 38.268 12.7936 26.8286 3.24706 0.034391 21.0496
463.428 2.33559 20.1572 35.742 54.5003 34.0806 51.4612 18.6913 36.5554 51.4571 0.00035465 22.84
457.343 9.44125 4.25804 26.1123 93.9463 34.0806 24.1694 19.5384 16.8896 3.59227 0.0061495 19.8357
289.094 9.51978 16.3659 22.7878 115.011 8.08109 41.6098 23.4004 20.4608 0.326518 0.226599 24.4811
329.641 10.9729 11.6204 45.008 80.9998 10.9992 64.4476 30.3433 8.75457 4.5785 0.224394 22.8913
288.534 3.42821 11.4591 30.8615 114.202 21.6373 31.5674 24.5767 23.5236 1.62263 0.388285 25.797
298.322 1.25417 38.167 82.8483 35.0955 22.0919 24.7372 34.7032 6.64688 5.58873 0.0227763 21.1752
305.403 3.6848 63.2676 15.7458 57.8911 37.8151 25.5572 55.7207 38.5272 4.21855 0.0146304 22.3492
302.368 4.91537 78.6992 25.7453 15.0368 74.7326 13.3712 42.0593 69.6799 0.290209 0.000167896 25.5016
266.54 7.20551 52.3683 31.1509 50.0521 64.5991 22.1669 3.90107 76.0962 11.7075 0.372971 29.0933
202.005 16.1845 70.8177 41.0198 21.709 0.116208 109.432 4.83398 31.7312 3.55823 0.00354207 25.5751
143.305 23.7351 63.0055 38.6293 68.5738 1.16295 72.4545 4.70624 30.7463 7.76599 0.0489066 24.6053
154.091 22.7103 60.6436 8.80145 67.3169 20.51 65.1844 4.31275 19.4901 11.6009 0.0147762 22.5465
218.039 15.3875 55.189 9.01854 81.4457 31.5088 61.1532 6.30495 13.0987 75.7461 0.0123866 25.8726
186.883 16.9734 62.9337 8.62944 7.36831 57.1057 90.7922 3.31106 14.6002 10.0284 0.276895 29.1077
197.976 44.7452 42.089 13.481 30.3657 36.0375 75.4417 19.7356 29.7995 24.8665 0.140481 26.5861
244.097 46.3035 38.106 1.15613 49.6969 73.904 7.61646 16.4051 33.9838 27.048 0.0374605 25.9747
86.5217 18.3183 54.3584 48.2408 61.1051 50.9343 33.745 15.0652 36.6834 26.7093 0.1894 26.5547
170.057 26.4589 63.9141 9.65756 46.715 40.8043 79.9169 26.5531 24.645 37.291 0.109212 26.7018
252.099 26.609 33.8378 19.9146 20.1069 54.6174 91.7549 32.1566 29.4021 32.66 0.038168 26.665
249.596 20.0992 48.9114 21.6453 37.9587 19.0516 72.2852 40.9423 23.4805 15.1973 0.159292 24.7835
-9.7914 60.6484 79.1161 28.3057 40.9095 15.5362 104.875 7.46206 0.904687 10.0334 0.0689466 28.4339
67.4313 31.1051 69.4062 17.8094 35.89 39.3873 106.171 8.60699 1.6731 27.1468 0.146695 27.6069
71.8372 8.54485 94.2171 32.2149 17.4258 11.6754 141.353 35.9964 23.6468 25.8687 0.190624 32.9317
199.087 8.18108 56.8578 76.7343 19.2009 4.30534 129.472 10.8607 27.3938 22.551 0.223755 31.0318
96.0233 7.75295 56.7764 32.6295 125.909 31.0919 23.7418 13.317 11.3102 7.13847 0.128204 26.6917
-26.999 92.1859 61.4672 9.07786 50.2584 41.1899 55.6094 8.8671 6.21138 4.02188 0.0805059 27.4079
149.394 62.4744 48.6213 4.44299 46.9557 33.7724 47.8025 17.1788 6.05967 14.9893 0.164252 26.5085
212.011 73.5537 15.5803 21.6299 23.6749 74.1051 53.3472 3.1948 10.457 25.0103 0.00532391 24.2869
202.753 61.4168 14.7604 43.5642 54.6551 44.2723 26.9253 8.27827 6.31198 2.02036 0.00867979 21.4965
248.84 37.7708 23.8656 48.5786 47.4741 50.4811 43.4562 9.98222 17.7236 6.54317 0.0487299 21.6603
263.654 27.5696 29.3099 36.4935 26.223 68.8504 23.8246 5.19013 14.164 9.92355 0.0383212 21.2521
275.979 20.4592 37.5575 33.363 23.2146 51.1772 92.3663 15.6849 42.6535 3.07853 0.0468913 24.2268
406.077 16.7301 6.69129 51.3362 30.0279 36.9173 26.9429 25.1907 47.7185 2.70253 0.0620534 23.6596
460.713 16.4577 14.9992 29.0117 16.3849 85.1153 46.0765 22.961 27.5249 3.15563 0.115917 23.7544
370.644 30.5453 2.35019 66.1096 12.5571 69.8865 3.86573 16.7714 28.627 4.99333 0.0699441 24.1227
452.637 10.8431 6.90616 36.6084 61.9655 87.7425 5.95696 43.6839 0.837826 13.5206 0.135997 27.2846
307.3 8.9473 37.4689 12.1332 60.2543 92.7028 31.3383 24.9148 27.3353 13.1322 0.144857 24.8171
303.869 8.73278 11.2203 29.957 44.0171 43.4774 72.9039 6.14844 14.1479 6.12265 0.273978 24.8783
233.996 8.73762 48.6165 60.9534 50.1646 46.7804 32.6653 8.51922 3.61436 16.0595 0.0062977 20.0929
469.062 5.101 11.3671 49.1791 53.0805 21.2105 17.458 60.6335 18.0264 16.0578 3.63314e-05 19.8625
424.956 1.22379 7.74087 52.7452 49.7381 32.6412 62.1461 33.5364 29.9646 8.69804 3.63314e-05 19.5169
321.99 17.9213 32.3213 42.2193 40.6929 32.2852 80.3796 40.4341 13.6987 12.8903 0.00169684 21.2969
285.397 29.9759 29.4786 22.4244 31.0248 78.5994 52.2235 15.7517 6.24992 5.80154 0.0504067 20.9604
236.428 14.8981 50.2482 49.0993 23.4101 83.9413 19.1027 56.4754 32.8743 19.6973 0.0561977 25.5231
219.654 15.3784 58.3513 28.6687 31.5316 72.229 22.8836 30.5166 18.2102 22.0397 0.0566111 22.0284
292.791 19.6587 26.7699 37.5907 21.7751 76.4296 44.3176 33.7789 17.1205 13.0303 0.0396589 21.0777
130.102 13.5707 60.1898 39.9644 59.0431 44.9309 69.3905 12.8759 29.8546 7.43669 0.0211541 23.171
166.995 8.2053 86.5171 27.565 41.6373 43.7096 57.3511 25.7161 10.5103 4.72162 0.00861913 20.9927
330.363 1.71492 51.055 19.8441 44.6701 15.7043 49.3025 26.4327 3.11372 2.86419 0.00923173 22.0997
318.334 4.31097 38.0414 47.4304 31.5827 37.6819 28.2753 66.8542 3.11372 16.0539 0.210367 23.8167
327.452 20.9332 53.512 3.56636 16.2697 83.698 58.7353 31.2658 3.48648 12.029 0.0468415 23.7481
318.755 15.9767 14.5626 19.5799 22.428 93.8388 39.5775 45.1427 9.26626 12.9826 0.25399 24.6233
255.196 3.63829 34.0116 42.9139 55.1844 70.7381 25.9401 32.9999 28.3947 6.40083 0.0978628 22.5167
485.277 7.17458 22.9123 22.0315 32.099 86.3059 41.4143 25.4287 10.4168 46.1874 0.172243 27.7579
364.858 8.14928 46.7192 6.52049 35.2588 53.4036 48.1076 55.4312 39.1476 11.7817 0.252537 26.3414
361.488 10.6566 25.8976 6.51001 78.4886 49.0973 49.1296 9.4715 44.7027 7.16448 0.401431 26.7026
389.155 1.74991 6.40955 9.54358 66.9751 83.273 38.1351 20.7973 19.295 1.75276 0.310508 24.5591
378.887 10.7544 3.19595 14.5816 113.216 10.876 39.2316 46.7011 12.3994 16.3274 0.337249 25.3235
320.286 12.8606 11.6957 8.48556 113.216 10.876 29.0692 67.2759 5.3522 20.1667 0.134624 24.7769
254.607 16.4513 3.50305 17.4346 121.528 25.1276 20.3305 91.3025 2.67532 15.3758 0.0693793 27.0056
301.329 34.2964 5.18591 15.2895 121.528 15.7676 20.3305 43.9846 18.1463 18.0037 0.0642882 24.2862
308.227 44.9313 28.7091 15.1472 53.5534 48.4318 36.7695 19.1176 29.6596 9.88525 0.204225 25.2004
414.727 47.9334 23.3801 14.3128 12.1703 45.6617 62.3934 37.9438 20.8518 12.7575 0.0239431 26.3281
349.759 12.6755 9.48595 67.1608 20.752 66.656 36.4104 13.108 7.99862 19.4286 0.0287489 19.7813
275.689 6.59238 16.42 95.8618 6.92092 56.7284 49.0646 25.752 13.3594 8.52817 0.252878 23.9749
257.791 26.109 20.2759 74.0325 4.10767 71.0043 44.048 3.00305 8.55254 9.13107 0.138317 22.9988
208.195 12.3601 19.3296 81.6994 33.8486 53.579 59.3677 21.7121 31.0741 9.91963 0.0266777 22.3345
224.1 21.3604 21.4654 58.2479 70.9584 48.6763 25.0425 25.4528 30.9853 8.61722 0.118048 23.7232
201.124 22.1641 18.6421 60.7245 63.599 34.4726 20.8977 46.7465 6.0903 24.5991 0.0754261 22.6471
261.192 3.06784 16.9087 77.8445 60.571 22.1705 45.7248 41.7516 0.302384 19.6332 0.0775763 23.4232
171.015 18.1332 10.6024 88.1792 16.6132 22.7184 80.6178 8.08513 16.8734 2.19212 0.130861 25.7658
242.309 23.4175 28.7744 81.4491 15.5325 40.594 57.8036 27.7277 15.3734 13.3664 0.106299 23.2555
250.231 14.6265 22.1878 71.1469 12.1317 55.6357 44.4126 47.8822 4.52444 40.9522 0.238325 25.7081
382.875 12.7157 18.1257 62.7682 7.40602 43.0542 66.5727 2.03679 18.2832 21.5711 0.21459 24.6224
329.705 16.3621 6.28359 54.5988 49.2391 85.6625 24.1033 37.0318 7.57736 26.5403 0.237551 26.7114
239.562 15.2581 65.9734 42.5924 10.2871 79.6977 10.1278 24.7109 4.37621 3.48054 0.0665083 22.1966
64.5394 30.8416 59.2905 35.0101 82.439 50.0984 12.2018 28.5152 2.96525 7.78701 0.0103979 22.4609
196.728 12.997 53.809 30.9323 72.2322 29.4324 30.0554 43.4524 3.50506 8.00849 0.0338668 20.6615
244.603 13.3656 36.2629 30.7856 72.0494 18.1526 21.004 26.3695 6.56082 4.95789 0.0559099 22.5674
306.833 13.4279 21.5105 37.9987 75.0931 39.5921 30.6964 13.5381 14.7093 4.04532 0.153211 21.3315
373.545 3.84676 21.1877 64.239 44.7795 36.1197 27.0087 13.9194 26.7819 22.0818 0.0517292 21.6459
293.532 5.51128 35.9532 37.9876 60.5404 38.3744 27.2953 11.3143 9.83138 37.687 0.140069 23.5336
275.387 1.62755 57.7149 30.1458 59.3852 38.4738 21.0196 32.2165 1.14509 14.0333 0.0187752 20.6642
270.506 7.64242 62.8259 9.71719 81.8958 41.0884 28.0519 21.7627 17.5385 9.23797 0.0194045 20.6545
259.149 8.13885 63.7209 21.7811 52.0221 38.7259 24.2503 14.3421 23.7653 5.48549 0.00830078 20.1945
230.508 36.6883 7.23124 76.0801 20.1947 44.8848 24.3806 38.1485 7.54848 17.8509 0.00973123 21.201
220.818 45.9358 14.763 53.4812 21.9653 83.2854 7.61078 38.8825 3.40068 20.4895 0.0266961 22.2932
225.471 39.5266 23.3681 95.199 2.58463 52.3988 25.3998 39.1793 31.2146 14.8833 0.0377452 26.3024
102.491 33.4441 48.7349 24.9435 74.936 84.9577 11.4262 0.436354 11.0254 12.3822 0.0523646 25.2781
124.068 30.2403 45.9982 29.0757 54.0361 67.7615 27.9264 17.1138 12.836 14.0311 0.0534954 21.9384
245.734 23.5877 51.045 11.811 56.789 61.0131 21.5917 22.0724 10.9576 25.5619 0.0551548 21.9704
95.0238 6.76088 68.6869 61.1653 58.6533 25.856 38.087 17.126 4.28649 26.8289 0.000971377 21.8343
28.6526 39.9416 66.65 10.998 63.4419 65.3144 51.5284 15.8518 65.24 16.9263 0.00106003 26.9027
461.488 8.74286 3.71161 36.2892 21.2556 71.2024 61.1049 13.1202 31.1599 8.83298 0.00730626 21.0535
421.866 20.0183 7.35353 27.9935 81.343 39.5292 30.357 17.416 10.4365 21.4217 0.0144239 20.8885
357.518 0.43131 27.2441 28.0251 56.3443 38.8532 31.9038 10.1425 9.01414 4.48167 0.00715999 20.9631
336.214 15.929 43.095 14.187 48.8998 45.9251 52.0722 15.6945 6.9595 10.8983 0.0110022 18.9582
396.551 4.3417 37.1681 42.3287 5.16014 79.2108 53.2988 12.5208 4.16595 29.4397 0.00721936 21.3007
357.261 1.2136 26.3805 81.1621 10.3967 38.3749 70.7696 14.1979 26.1359 56.4485 0.00469362 24.6816
334.059 6.95292 34.3663 85.23 6.46893 24.4688 62.1467 14.4917 13.0518 48.7509 0.0134173 24.0094
26.8287 45.2372 10.549 113.17 24.3713 47.0915 43.3924 56.6823 15.2762 18.5784 0.0122381 26.4514
130.106 49.5661 11.7447 68.989 15.7315 42.9589 30.4407 55.8136 13.0601 21.7362 0.00115623 23.4058
40.7009 73.3084 21.2635 89.7807 25.6912 28.0896 2.22117 49.0761 8.081 23.5512 0.00898604 27.0376
23.9944 64.7033 8.81083 61.0251 69.4715 31.0221 15.3726 24.0889 17.0364 5.19659 0.00249874 23.0208
110.843 51.915 9.63985 85.339 69.4792 10.1255 8.16736 51.8767 4.92099 13.5126 0.0568192 25.7342
215.878 15.0565 9.92561 73.361 76.8087 13.4612 20.6993 75.573 9.84154 8.59934 0.0343644 23.1943
260.009 36.758 3.13962 52.7303 69.6443 21.2017 31.2353 11.4887 9.52287 48.0656 0.0114929 23.6025
250.14 11.5184 42.5643 39.5661 50.0489 32.8946 26.3738 10.7868 19.0422 25.1642 0.0267038 22.3186
124.687 14.3828 73.7873 59.1839 17.5384 45.7799 25.2951 24.2606 15.6263 35.0594 0.00966223 23.5712
106.204 14.1172 64.0232 48.1926 42.9886 41.5938 53.5881 16.487 12.533 28.261 0.0850022 23.6963
335.538 1.03873 9.83419 27.7114 84.7263 16.9119 48.8817 57.0111 4.87229 7.71757 0.0545757 23.5762
335.698 7.83916 22.0037 57.9929 62.6934 26.5676 12.4951 29.8592 35.5916 6.44124 0.0229302 21.2163
337.889 7.83916 16.403 38.8847 56.5356 59.4141 7.6367 60.8023 21.728 10.7605 0.0257639 21.2818
440.435 10.7793 16.403 56.0874 10.9815 40.1673 46.9595 59.5709 33.6381 19.2194 0.0520188 24.3944
440.435 14.6644 8.56485 44.2083 10.9815 92.2985 51.0804 56.0828 33.6381 15.5753 0.121127 29.1335
161.02 28.4038 45.0157 50.3522 51.3768 37.6825 35.2454 1.20657 34.2963 14.7174 0.0600484 23.7158
261.61 26.4818 35.3291 44.8934 31.1639 54.4636 54.104 28.7519 6.27406 27.5179 0.0413897 22.1509
110.295 36.2287 31.759 13.8698 64.0521 72.2891 46.1943 39.8222 13.4855 53.8907 0.0701045 28.5004
50.55 46.837 28.3713 73.5888 47.0743 37.089 28.2913 56.4754 5.28311 48.0367 0.00829542 25.579
313.708 27.7418 45.6293 7.12238 77.0905 8.86466 41.2678 63.8351 7.68586 21.1825 0.00409318 22.8613
105.622 29.5412 61.9169 29.5283 72.661 14.647 49.7236 65.8261 3.93951 6.8912 0.0659923 24.4974
101.918 19.2106 74.9488 9.92284 70.7641 24.9362 56.806 51.6175 4.4189 7.79887 0.0532035 23.7336
149.432 3.59857 100.5 19.6994 36.5155 68.0429 47.56 20.7477 3.34323 11.0798 0.225761 26.6456
175.715 6.92239 72.6778 28.6183 17.1953 64.8417 41.289 34.641 11.2536 18.1953 0.0782413 23.4145
297.955 16.8756 43.5864 24.1644 17.1953 59.6026 49.8745 63.0718 28.4631 2.80149 0.0199963 23.2664
270.613 19.0286 35.4216 38.478 20.8452 31.3549 56.227 40.4424 16.7131 5.03854 0.0335187 22.4776
374.705 1.55685 38.4124 22.7357 65.1744 30.6692 51.1834 4.66126 18.7454 12.4902 0.045208 20.7049
257.113 21.4929 14.9321 18.1959 54.2571 43.1849 34.3065 5.45258 60.8365 17.3882 0.0517529 30.6093
510.543 4.96284 13.9448 43.8437 52.2981 14.7633 22.6264 41.5779 10.9682 71.462 0.0894394 27.9483
421.96 6.45238 13.1931 70.1311 36.198 9.12245 44.7736 53.0058 27.0702 9.72967 0.162446 24.5756
345.031 7.93364 22.4563 32.3451 54.7844 51.29 63.4661 12.2635 21.8189 22.7669 0.319974 24.8973
387.16 22.6735 1.4294 19.9584 56.4951 36.0488 58.2498 13.0005 6.78829 58.4687 0.462602 28.3713
264.35 15.6909 11.0902 20.2468 56.5927 42.2185 59.5193 62.007 5.96455 42.4034 0.509279 28.292
232.486 14.18 11.4302 9.22279 44.7254 62.242 77.8569 46.6581 32.4153 30.662 0.509279 29.9394
256.141 18.6411 8.14672 30.2593 64.0322 52.5279 45.3731 32.7497 49.0787 52.4151 0.319125 29.1363
270.636 22.628 16.5054 29.6417 78.8338 54.2173 26.3449 25.4435 2.04058 7.98238 0.16058 22.0857
248.909 7.29545 16.1985 41.3674 74.7616 21.1718 45.4904 35.1639 25.5297 10.699 0.351036 25.0524
328.779 10.155 28.076 44.2068 41.5163 54.3675 15.8394 66.1989 34.8605 6.4739 0.0297523 22.03
355.907 2.83445 33.8852 43.3136 63.0416 50.3612 32.2587 18.0778 50.5769 6.57981 0.0211434 22.7506
215.071 7.76248 55.5319 31.1297 48.3681 48.4245 78.3837 8.78717 13.9675 10.0221 0.0821577 22.3318
211.74 24.1553 50.9229 52.8909 51.0017 35.9289 9.92157 6.82552 5.74184 34.1588 0.0821577 25.1679
279.879 10.6358 65.5264 20.6444 75.1195 32.3144 56.7578 8.74358 3.61005 14.9365 0.0302762 23.2129
302.322 10.5423 39.4009 10.8736 59.0434 60.6203 33.1259 22.6765 27.7391 10.1057 0.0326692 20.906
268.508 10.1452 48.4437 35.223 21.9536 66.9689 20.2492 32.9252 11.3377 16.613 0.00444869 19.9387
302.782 14.9856 45.5902 37.9403 25.2071 83.9463 20.0979 28.9915 15.6663 15.3076 0.0161146 20.6591
95.6387 14.6211 68.5576 44.2338 55.0004 47.795 25.4118 25.2547 2.44995 12.5527 0.0251862 21.6635
95.6387 15.9029 60.3786 39.7041 70.0972 47.4283 31.5516 43.9306 2.44995 2.6999 0.0015773 21.161
153.442 19.8859 54.5762 31.0289 33.1972 88.0807 11.6954 57.7964 13.055 18.0793 0.196803 25.2637
326.94 13.0624 10.4332 38.2785 59.8437 62.7386 15.1481 30.9204 11.8946 19.1325 0.113451 21.6642
399.187 12.595 46.0618 27.303 16.675 62.7386 15.3451 43.4662 9.15047 21.6175 0.134197 23.9583
313.646 36.6972 21.0264 34.88 43.3219 38.8623 14.2825 46.834 4.78158 64.8896 0.365652 29.7447
155.257 16.5594 71.2352 35.4078 47.7178 35.107 13.8691 79.2807 0.762834 17.6534 0.250924 27.2186
223.38 10.6824 52.9942 43.5135 57.306 44.9783 33.1014 23.3295 6.92984 9.54691 0.0551648 20.6936
111.479 29.3507 65.3744 38.6471 54.2267 51.8084 28.0401 25.8033 28.6676 9.71634 0.128014 25.0071
183.354 40.8232 48.4754 31.9077 90.811 4.34528 29.2828 23.122 24.3017 8.97667 0.101104 26.0419
370.661 26.7535 8.29552 37.0794 30.4551 72.1341 23.5339 27.1152 17.1706 8.09765 0.227389 23.0574
396.2 19.8747 22.09 38.2849 48.835 68.5843 56.9367 5.85525 2.09185 8.24684 0.195063 27.9353
376.155 22.2488 3.88717 44.6115 78.4851 13.0228 10.04 69.5657 18.8216 25.3212 0.215376 26.3948
299.267 9.92275 27.4942 45.6331 61.3345 6.95798 30.7086 101.758 30.3315 17.398 0.329639 28.479
409.16 6.67861 27.4942 20.1011 59.1884 3.94174 63.5436 35.9612 18.8667 16.563 0.179218 24.1149
471.362 5.91444 30.8721 15.4818 60.24 1.83916 68.3137 40.294 30.5415 11.5129 0.113877 25.1227
379.211 10.8001 12.3092 22.6349 65.0832 12.7155 69.4959 32.6931 27.9215 12.7067 0.0189288 22.2038
519.109 1.30134 37.6687 22.5357 36.7644 33.0151 40.3442 45.1637 18.6971 30.9244 0.0241773 24.3494
433.071 5.19643 13.5278 36.6621 54.5292 35.8984 43.3628 3.86659 12.609 15.1589 0.0898688 21.0617
380.033 18.303 34.4817 5.28035 61.7017 21.6501 45.3255 68.5243 20.0271 14.0462 0.0771796 24.136
297.324 15.3882 9.5124 27.7947 35.6749 62.9515 69.5672 74.6563 22.0847 27.0806 0.0285128 28.2031
299.758 6.35741 37.8278 50.2547 42.3071 36.7104 36.6337 28.3038 28.1155 9.87249 0.00778324 19.4771
291.451 11.3244 12.8154 69.3733 43.2705 59.9159 34.5655 44.3314 9.37639 47.5971 0.0199346 23.4122
235.485 10.9797 20.7958 85.3301 22.6886 65.3717 21.2277 34.693 12.5146 1.01882 0.00902835 19.9614
405.129 15.3304 5.18744 59.7433 26.5992 86.3381 35.1177 4.89743 20.9566 19.3942 0.0166087 22.1269
234.66 39.0139 5.99553 73.5638 21.161 38.6549 45.8004 33.8188 15.6536 16.6436 0.023404 21.705
126.701 40.8743 11.6115 91.3082 24.6671 33.4414 32.499 43.0756 0.544397 34.0467 0.0448539 25.333
300.941 17.3712 9.71722 73.5871 32.5483 47.3 53.7035 39.3716 23.2086 22.5053 0.0589414 23.0618
238.286 41.4766 7.35139 68.239 34.2892 60.0629 3.17208 58.6719 17.3244 21.7706 0.0558107 24.3641
109.676 27.1628 26.1144 39.1912 54.803 82.0118 19.5699 12.2968 16.1566 17.8683 0.0217779 23.5571
142.866 15.8342 11.1312 98.5326 13.4079 105.445 14.912 6.53094 11.0895 27.8123 0.0215804 24.4867
103.565 13.9314 22.9453 93.4645 10.0095 95.2945 21.4874 12.7318 14.4004 38.8269 0.0303009 25.9385
208.521 15.6095 8.05743 80.4679 27.1262 98.327 1.72144 17.3959 13.6993 25.5017 0.0190324 23.406
171.685 44.0622 47.9665 35.5974 25.9559 81.3838 4.23512 19.7108 13.4819 27.9487 0.00201537 22.4043
213.328 40.5393 31.2809 49.717 17.5128 53.9398 34.7813 38.3679 7.28454 14.547 0.00398276 20.2565
152.097 42.8498 11.657 41.6282 28.3372 89.1396 31.4851 14.9431 43.8201 20.3281 0.04633 25.6044
309.592 6.74085 22.23 21.8701 52.4312 61.1558 27.8245 42.2994 17.1812 19.5619 0.157466 23.6035
227.675 8.85117 56.7332 41.889 37.6449 70.229 9.90645 42.3198 12.6729 25.2192 0.023015 21.6976
263.689 2.70288 47.9839 63.8792 14.6675 38.6949 44.2037 35.7469 21.5064 7.01762 0.0252434 21.338
389.14 53.2426 15.5061 3.61181 44.376 33.1823 14.4262 105.069 13.0754 11.6338 0.00688705 27.962
365.999 15.4634 55.6711 6.70731 64.2745 26.5145 21.313 44.6793 43.5234 29.8183 0.00653545 24.5843
210.091 19.6096 43.4361 26.5801 64.5852 9.75338 60.1021 42.1775 9.45695 27.3535 0.0200754 22.6411
460.214 6.93387 13.8933 7.58963 74.5622 27.7436 69.6164 42.3 7.68329 24.116 0.0200754 22.305
460.214 10.8833 15.8964 34.4399 51.0864 22.8835 34.5881 38.3163 11.671 3.70091 0.205018 23.0327
233.397 16.1851 30.0011 43.1939 85.0823 27.0954 35.0015 42.6582 23.6288 41.7334 0.0122925 23.6318
271.443 14.6153 34.9881 33.8765 97.9278 6.37962 40.4552 57.5408 48.6049 40.9409 0.0505933 28.5331
376.519 13.9513 50.0579 27.2887 48.5802 28.116 7.69171 73.4245 38.9546 40.8879 0.0432765 27.8645
272.272 13.1836 22.9376 25.0843 80.8931 58.0152 2.98438 60.5392 12.7035 3.13451 0.000905351 20.4505
563.708 17.5343 2.01981 19.6999 56.5932 34.76 40.3051 41.4196 12.7828 31.7921 0.000905351 23.5154
225.288 6.63284 40.9654 32.2597 47.0628 73.5635 25.7116 39.2827 12.7482 0.901102 0.000905351 19.8161
319.19 0.487213 54.093 12.2752 45.0135 73.5635 27.4711 18.9293 12.1922 10.5311 0.000905351 19.4124
132.415 2.23487 86.378 5.98544 50.3618 46.8712 100.331 11.474 11.5677 7.01325 0.00660577 24.5233
287.292 17.0569 56.4125 9.58789 47.2788 8.55771 89.9252 17.7188 11.8163 10.8705 0.0256512 22.0583
181.951 1.25998 75.8224 14.7276 67.0341 15.5068 52.6117 9.15546 36.3679 0.187894 0.0930759 26.4321
281.49 5.16598 16.2948 89.5814 39.5203 19.4352 73.8864 8.8425 37.3921 6.3569 0.206105 24.8796
226.269 13.691 11.2206 39.7367 93.4443 51.1011 22.5806 47.9212 17.5931 16.0098 0.475472 27.7584
185.473 52.2003 5.83102 29.5656 96.2424 38.6105 30.3669 40.9064 27.8698 10.6674 0.334523 27.8738
154.565 16.7977 39.5658 57.3495 53.3288 39.6242 33.5388 13.8783 32.2818 8.32656 0.349083 26.1979
493.07 8.23975 12.5797 22.6087 39.1653 21.8506 93.7222 16.0368 45.7193 11.0314 0.162782 25.3249
316.432 20.0296 30.4587 22.1886 45.9717 59.1865 44.3706 16.6806 42.214 15.6024 0.0984352 22.9232
310.58 4.41662 40.4526 36.3185 35.7861 92.4699 17.1145 3.34982 17.6331 21.8328 0.0244454 21.2736
367.557 7.59066 20.0782 37.8395 40.5409 57.3733 35.3826 38.4881 16.9713 13.5856 0.0068021 19.0621
282.469 6.5115 58.2425 52.5418 6.47369 69.75 16.3645 42.3854 8.88289 27.6948 0.0208636 22.2776
263.433 1.52437 41.4703 51.9405 12.2607 48.3563 14.5466 82.6587 10.6314 2.16295 0.0638133 26.0307
253.691 5.82862 47.7952 67.4928 12.5961 71.4734 20.3246 74.5119 40.2935 7.64374 0.0441712 25.9194
310.835 19.0855 15.4629 67.4031 4.77919 69.8155 14.7078 64.1077 43.7005 19.3289 0.0336634 24.8624
230.782 19.5163 18.7485 55.0593 89.6488 39.3145 6.98497 13.4595 6.45303 39.1217 0.020151 23.3681
230.55 19.3153 14.4162 60.0236 59.1649 35.5126 39.1919 10.9161 24.3672 14.8867 0.0428371 21.2814
265.267 18.6945 11.2708 39.0646 83.6512 59.0152 13.031 15.9455 13.012 6.30226 0.0156691 20.0661
368.717 19.4387 13.8878 21.9325 37.8319 34.6456 81.582 11.0138 20.4596 3.28094 0.00494018 20.8589
318.856 19.8681 3.60873 47.6782 30.2107 56.4603 73.3864 44.4791 10.6723 17.7282 0.0104361 22.4771
364.786 14.3491 3.82713 66.8045 20.1193 89.6552 17.2295 42.0453 13.9405 9.47931 0.00384587 20.161
272.65 24.15 43.3172 29.23 54.8259 29.4202 17.1746 20.529 18.8323 17.6727 0.00520177 20.8406
142.873 9.00855 30.9057 43.4557 88.7934 54.746 35.5552 13.8034 16.1802 3.19802 0.0387279 22.9207
168.346 32.7486 39.7271 38.141 68.8992 42.1888 32.2223 30.4548 40.6894 6.88916 0.0129312 22.4802
217.393 61.0827 3.53535 41.7928 33.752 58.1952 40.7591 2.61136 20.4664 10.2683 0.0320671 23.0407
53.4589 53.9903 6.78446 70.2626 28.2659 63.1723 39.3696 22.9338 18.1702 11.8646 0.0923968 25.4344
135.142 34.2765 25.6007 93.7568 22.1227 69.5694 1.43528 33.0244 29.8379 1.93866 0.0478032 25.1915
149.009 23.8524 72.1236 50.3129 25.63 79.0329 1.66015 70.2093 9.11028 2.57339 0.0774487 27.7921
383.388 2.4821 10.6652 38.2801 42.0225 88.7407 35.7001 43.624 9.11028 2.08066 0.104038 22.8776
427.512 2.4821 8.95087 49.6405 36.5271 75.2678 16.1162 51.5543 32.3332 6.56303 0.180977 24.359
414.338 2.4821 8.95087 62.2567 36.9267 44.8705 24.5971 51.5543 29.9691 9.75403 0.329163 25.7995
408.759 9.82966 8.95087 61.1557 40.4167 62.6094 39.4696 3.23801 27.7923 9.61742 0.0540426 22.1264
272.93 3.51569 8.41886 61.9606 36.5903 78.878 37.4178 1.99064 28.666 5.07771 0.0530076 23.0389
424.443 8.00348 6.22714 51.8499 52.4716 36.2371 54.0188 12.5721 21.9301 3.1452 0.0716957 20.7731
514.346 3.71734 12.7738 48.0541 29.8076 57.9119 8.63928 29.6437 29.6115 21.9057 0.0185448 22.4781
379.984 27.7924 17.9805 26.5876 45.6967 37.3488 47.5392 36.1406 4.40315 1.53612 0.0837083 21.506
252.245 29.3367 16.7831 34.9732 39.3609 47.3661 53.5235 37.2903 5.76875 11.7134 0.182538 23.1591
242.573 52.3199 8.6985 40.9064 11.2146 69.8472 60.8476 17.0938 12.5723 20.6183 0.17484 25.1372
262.465 45.9212 18.3472 33.5208 36.6135 41.5175 64.3242 24.3809 7.79811 21.0143 0.0567243 22.4016
285.78 10.371 62.6923 10.2291 48.7589 40.3591 47.7434 27.6211 7.42131 0.832414 0.00227882 19.1868
193.024 15.6723 62.6923 16.9309 48.3923 60.8911 33.7696 25.6546 13.4213 2.42912 0.00227882 19.2336
476.527 16.7988 11.516 4.92573 52.7835 39.3317 62.0766 39.1705 3.21738 26.547 0.218699 25.129
501.388 8.78894 8.8321 8.46935 85.3681 11.473 42.4223 37.8994 18.1982 21.0021 0.24432 25.0436
370.666 20.0195 7.4492 5.51326 106.894 31.8158 41.1576 29.0288 24.9266 24.0445 0.338461 26.6493
310.713 21.7848 1.76362 9.20234 101.606 50.7879 10.5695 57.4897 49.8484 43.405 0.0844336 29.5725
310.713 19.6024 2.93394 35.5284 82.9305 51.8381 16.8115 33.199 22.8934 49.6315 0.0450512 24.873
279.278 37.8698 15.1431 9.49072 93.9236 48.7698 14.8615 34.8307 22.3905 13.3221 0.194688 24.6184
271.408 30.2201 26.6479 16.163 78.8829 36.2702 34.6856 15.1867 21.3255 13.3724 0.0211105 20.5091
257.265 19.7495 36.3621 43.239 49.2651 42.2878 35.1274 27.1189 39.612 6.44638 0.0190299 20.8475
321.705 18.3687 31.9106 19.9355 52.193 47.0048 47.8987 15.2865 17.6658 14.8084 0.00942768 19.261
268.785 14.7197 28.2863 31.1501 60.6834 59.28 38.7134 13.8782 18.4155 10.7986 0.000400221 18.0837
215.389 19.9564 30.3991 32.5086 38.0137 77.1364 49.0913 6.55166 21.5757 14.0694 0.0385576 21.8036
299.115 4.9653 40.0148 19.0572 32.3571 64.7133 52.9666 13.8147 54.089 12.9028 0.102857 24.8587
48.436 81.9412 2.80509 41.4273 9.35663 110.966 9.70179 32.3389 62.7873 13.8704 0.204096 33.2643
26.5273 68.2173 14.8795 54.0458 18.0125 128.385 26.2841 29.3713 20.1341 12.9788 0.17903 30.0287
26.5273 82.888 21.8278 54.0458 35.491 66.7683 8.41263 33.8545 19.8065 12.45 0.17903 27.5398
155.68 57.7315 22.2388 43.2535 22.1087 55.2821 62.5565 23.9981 14.6503 13.6107 0.175006 24.8491
178.034 52.5457 19.2635 59.7235 0.7629 78.5635 50.9236 17.2632 36.512 17.6173 0.00573678 24.6934
134.554 77.7223 30.3421 28.5077 16.179 62.7374 1.78308 19.5097 23.3462 11.3382 0.0800968 28.8846
32.2775 37.5334 59.383 33.9673 56.9205 38.1919 51.1506 11.7118 24.4731 11.2044 0.171379 25.6506
386.982 3.84368 15.3283 17.2985 79.986 54.3655 39.9823 5.67194 19.2988 8.02506 0.222847 22.6466
417.048 3.84368 9.9967 62.677 9.44199 43.7183 49.0965 49.3769 12.4452 23.3891 0.180491 24.0291
472.649 0.69646 13.2825 47.4444 25.4811 49.792 40.4996 48.7416 4.5855 4.2779 0.246549 24.1109
339.889 11.0538 18.2098 35.7474 51.2668 45.9468 44.3131 41.1251 2.82515 3.66194 0.149391 21.2446
366.342 10.4297 11.131 29.0142 89.5233 26.5027 64.446 17.6226 17.9265 8.19799 0.110729 22.0623
335.284 12.6917 7.0067 67.6263 64.176 28.7201 16.0324 19.6392 1.54724 23.5042 0.251144 25.071
426.753 9.36051 2.79917 77.7286 34.7783 23.5768 39.1179 55.8923 2.50958 10.122 7.89839e-05 19.6121
399.795 10.1469 2.79917 64.6878 13.9022 44.4465 48.8256 42.864 2.50958 14.793 7.89839e-05 19.552
344.848 31.2312 11.9055 23.5463 68.4441 40.4485 46.6845 49.7265 2.50958 16.9576 7.89839e-05 20.2039
420.106 19.8002 10.9548 21.3849 68.1297 34.3684 47.6523 38.8184 45.6934 21.3618 0.0472695 24.2338
371.656 14.4038 12.051 32.6581 70.711 12.5292 37.4627 51.2548 11.236 12.0905 0.0529873 21.4154
324.079 16.9823 18.3278 48.762 60.6547 38.7418 44.3765 21.0938 12.3958 29.4467 0.0112911 20.2998
212.512 23.0397 2.86984 75.2075 60.508 39.526 40.8343 23.6907 26.3127 31.4163 0.0065926 22.7088
272.487 32.4307 21.3517 57.0046 62.9723 19.6468 45.0427 5.77825 18.3568 7.64049 0.0189628 21.1849
198.434 8.36705 40.3531 58.3796 70.284 27.0508 20.3699 4.6084 56.7357 15.8564 0.0996207 25.617
209.885 37.4984 14.3578 54.3448 38.3424 74.9462 8.413 18.7109 42.3703 5.38833 0.16579 24.6675
252.774 35.2023 26.401 26.7404 40.1899 82.2873 62.1707 0.621624 5.2192 0.702753 0.103369 24.8735
224.842 27.0101 38.975 20.7528 48.5283 39.815 58.9989 28.4518 5.70278 34.9677 0.0409116 22.7217
302.27 20.0008 48.8892 42.0801 25.8811 49.9154 33.0533 34.1594 17.7191 2.73117 0.199286 24.0956
324.307 13.1534 30.8806 33.0523 4.96338 54.1227 67.2456 36.4391 10.4838 22.6679 0.377988 26.3133
331.077 3.06703 11.5361 34.1686 29.0358 59.2233 81.1217 34.7154 5.43874 4.20907 0.408932 24.9718
246.377 9.5098 40.3982 26.7687 81.9855 22.7318 63.792 3.41219 27.587 16.6375 0.151384 23.4554
343.472 27.4198 42.4296 23.267 39.6306 26.9537 4.94994 90.5817 2.70856 28.7025 0.287527 29.0261
293.409 26.5794 53.9042 36.4446 24.7384 35.4972 18.4256 71.5009 10.5038 11.3183 0.0970084 24.6963
301.79 30.7049 26.3955 56.0697 29.9518 35.8664 44.0191 32.6584 12.2115 14.0235 0.0888656 22.3807
156.821 50.7506 11.0128 81.5899 19.639 41.331 55.9552 8.14686 8.74348 34.3083 0.064564 24.3352
183.838 47.2883 11.0128 80.9731 19.639 55.5111 54.5697 22.1901 65.8379 29.6686 0.0597184 28.9918
200.734 28.9887 3.42864 98.5831 7.70961 43.514 96.0045 21.8155 13.8528 14.256 0.114434 26.0188
229.191 0.0873311 3.42864 88.4939 38.0739 39.3996 33.8799 53.4174 12.0587 17.2584 0.0615707 26.8823
73.7995 23.0529 94.0565 13.469 51.7202 57.3348 33.1363 24.0394 11.5083 23.5898 0.0540281 24.2983
80.4034 20.276 63.9646 42.8802 49.0632 52.3779 18.4673 38.3063 45.1956 26.9635 0.029646 25.5166
118.119 39.1885 49.4906 33.7933 61.6238 52.2183 22.1217 34.7169 45.1956 24.4228 0.0289587 25.2488
275.283 21.5606 54.2993 20.557 18.1172 77.2086 28.1685 40.5002 44.8523 5.23224 0.0511557 23.7843
254.935 25.833 56.872 22.2007 3.94634 90.217 36.0609 22.28 7.58732 7.06271 0.0351494 21.9565
167.005 45.3299 16.8483 76.9305 41.0911 49.2199 14.4147 39.4419 6.87505 4.23764 0.00458078 21.0893
192.056 28.0841 21.8474 65.6041 32.5451 37.6322 37.6347 50.0037 4.11024 8.34668 0.0124573 20.5045
290.886 29.7453 14.8646 54.0543 32.211 45.2548 27.9554 55.1358 12.223 7.90786 0.0821763 21.732
266.011 20.8547 8.24236 96.5567 24.2188 38.9861 35.5849 15.5733 5.73131 10.0348 0.117158 22.0839
260.628 13.29 11.9817 74.3481 25.5367 39.4289 58.1168 26.4519 29.384 0.570988 0.0050929 21.1539
223.015 9.58558 57.8957 43.6193 44.4145 83.2173 4.35624 9.70695 3.88831 11.3608 0.0114452 21.0979
194.377 14.8025 57.8957 45.0743 46.9796 33.2452 12.6026 7.3706 31.0497 15.2824 0.0016795 22.2372
470.311 14.7311 0.155771 34.9573 54.7461 47.4575 5.37224 12.7814 3.83803 12.6944 0.00467471 22.4499
122.545 25.0723 54.4339 10.6734 61.9096 79.398 10.9645 41.1439 18.701 7.02052 0.0111141 22.5104
205.127 43.5275 38.8936 10.0694 34.5392 86.718 20.8658 21.7059 16.6271 13.3755 0.0105248 21.5644
208.379 46.3723 37.0232 13.8258 45.8953 60.9179 29.8961 23.0709 6.26466 4.11155 0.0166392 20.5642
395.393 3.39268 40.2047 24.4251 50.2203 51.0811 37.2692 28.957 1.82681 25.7154 0.0166392 20.5077
31.9124 41.5547 39.6646 75.673 36.1953 50.4477 60.3941 1.92105 15.2221 36.3102 0.0184523 25.7582
31.9124 62.8192 25.3521 18.9555 93.8818 51.7899 26.2093 12.6471 54.8613 46.2984 0.00858902 28.7135
130.772 68.8319 18.5128 42.7233 27.0814 50.4613 20.4013 75.1162 26.2679 23.2642 0.0364991 26.5361
64.0992 55.4102 30.0032 72.2594 35.8099 50.5725 17.4474 57.9346 25.8282 12.9944 0.00911757 24.4968
87.0042 35.5748 25.0779 72.2594 44.8165 58.2513 15.296 31.4325 35.9158 18.6402 0.00911757 23.3557
256.752 50.5411 33.5218 35.7003 5.01427 111.491 14.0173 20.0372 37.0769 21.1566 0.0491322 27.8819
349.169 28.0164 31.9657 13.8795 11.2824 87.8915 35.8809 11.5923 20.9083 103.18 0.0939744 31.1006
299.916 11.3478 32.4262 15.5168 109.493 2.5767 45.6944 30.6685 9.0259 103.18 0.0602738 29.9233
151.203 15.7322 54.4927 25.9783 72.372 3.66834 82.7248 61.6496 14.8605 45.5856 0.0726038 28.6878
226.329 35.8815 32.6452 15.3986 40.484 39.0568 54.5079 57.2886 16.2451 14.3128 0.0484844 24.0306
180.175 60.2337 40.5733 3.01601 52.6147 59.1199 16.6249 32.7178 34.0483 22.1109 0.0588615 26.2034
257.407 20.4203 13.8694 76.0506 32.7375 38.0795 78.0514 8.01605 28.2281 9.83575 0.198385 24.3739
163.674 19.1739 53.495 66.0889 18.4118 33.2584 7.41115 83.0351 32.6664 14.9673 0.0556306 26.6762
142.169 13.7494 64.1662 71.9089 24.0517 48.8921 7.23089 63.9557 7.55309 9.17583 0.0034878 22.1114
147.842 12.123 50.6314 71.9089 13.9391 64.84 6.93407 63.9557 19.8953 2.24049 0.0120753 22.9526
217.114 18.6402 13.3346 111.658 33.9804 11.5476 43.4457 43.2902 41.4068 3.69239 0.011661 24.1072
190.666 36.3218 5.28346 96.3679 19.6651 32.9045 45.2006 32.9523 13.9639 4.16927 0.00674156 20.926
220.995 12.0603 56.1056 67.567 15.7184 53.5165 76.1944 5.05851 16.3832 5.12753 0.00669983 22.5828
261.177 7.48585 45.155 68.1571 54.6702 31.1548 48.2605 3.19285 14.9926 6.6235 0.00776633 21.335
241.325 6.52167 25.3045 78.7186 17.4879 58.4459 30.9345 14.3387 16.3211 19.797 0.000767642 19.8941
403.192 5.85626 16.7505 58.975 17.4879 71.7823 31.5825 3.51126 16.4012 14.3411 0.00128108 18.6627
339.881 5.81272 18.4546 72.2631 12.081 98.2844 31.4119 12.9213 3.43332 11.3319 0.00100257 19.5326
325.874 1.97883 36.1353 45.2894 19.6751 83.4264 27.2517 19.7421 12.8987 14.8142 0.00789759 19.4441
386.652 1.91315 62.5449 30.7926 25.5756 45.9098 37.7137 12.4313 8.33598 27.3451 0.00739949 21.4403
245.941 8.24475 43.398 20.9666 68.6086 72.1836 13.6775 10.5505 37.944 9.38119 0.00685584 21.1282
322.575 4.26402 40.3201 19.0231 63.785 58.4139 41.9784 8.09514 18.4542 11.9629 0.0171882 19.6782
327.901 0.757991 14.8627 54.9309 10.2768 98.2863 33.6937 36.7676 3.87934 1.75011 0.0142851 21.9499
226.149 52.3702 19.2184 7.784 102.182 11.6755 24.6741 24.3728 17.2801 8.74119 0.0895038 24.2485
218.757 55.6204 14.3368 4.50154 102.182 2.7805 39.4812 24.859 13.8134 8.74119 0.0576017 24.7742
302.295 4.67064 16.295 48.3849 81.6567 29.6378 39.5429 16.0288 34.4061 10.7471 0.0347523 21.2461
440.943 17.3591 4.7473 38.1068 55.714 62.8753 39.3342 25.2544 22.0476 1.81415 0.00118196 20.9569
472.869 24.0313 17.5926 10.8837 66.5122 60.3332 5.86784 24.6845 13.6692 9.29669 0.00118196 21.3925
232.588 27.9028 41.9738 33.2319 68.2319 17.1647 42.1631 16.9801 18.0499 12.2642 0.00386102 19.685
200.165 53.5555 18.293 49.5364 69.3723 24.5519 37.153 38.439 6.91265 69.8873 0.000823305 26.8191
182.145 23.3804 15.9109 58.1657 58.816 34.1709 58.7226 31.1691 6.62464 68.8365 0.0170948 25.5603
244.895 34.8067 16.9012 53.8617 57.7241 17.1612 71.8765 12.1753 0.323929 22.1833 0.00826476 21.6415
260.687 32.4115 41.4504 27.3671 52.031 35.6223 30.5991 33.8954 7.96372 39.3088 0.0790921 23.8219
215.068 25.3976 67.5077 39.7047 39.1308 59.2847 16.9756 4.27263 14.2307 16.9955 0.0463229 24.1509
204.076 20.0241 36.4867 28.1418 72.8927 47.8702 28.1791 74.3873 1.1678 15.2233 0.0708932 24.0911
506.695 4.88336 66.2216 3.63693 43.9882 5.22979 34.2874 37.4782 8.45938 4.08719 0.0217114 26.3635
444.039 4.01985 13.0386 12.9356 63.5894 58.8856 9.72423 63.7235 8.6152 13.6645 0.0089952 21.1165
428.497 2.42526 13.4264 64.3895 48.2371 19.5462 29.8852 65.8893 5.36338 47.7895 0.00456405 23.3369
437.15 0.150411 27.6081 51.1911 42.2533 17.2423 32.5303 65.8893 5.79786 60.3193 0.000450704 25.1528
270.938 33.6708 59.283 60.2506 17.8141 12.9484 28.0789 9.94546 8.12237 1.02745 0.0132068 25.9325
167.161 58.6992 21.8091 42.761 76.6889 31.6279 46.93 5.52924 13.1014 16.5816 0.123215 26.0778
201.167 24.1176 27.0171 53.5664 55.244 31.5603 61.9895 0.574023 11.6383 0.767865 0.061443 22.2401
191.876 33.2816 21.4956 45.9964 52.4048 42.6139 50.6618 11.3309 11.6063 1.72474 0.0258557 20.1522
170.22 17.3032 40.9937 78.3302 34.1776 6.70186 76.88 5.68816 15.7363 3.67806 0.0325325 22.105
156.829 35.4072 39.9529 52.8834 49.1458 23.3395 39.0706 21.5897 10.8007 4.67905 0.0287835 20.8326
263.983 6.07561 16.881 72.3556 49.4011 63.0031 40.5572 8.45585 13.182 4.45487 0.0447264 20.7813
247.125 26.9775 33.1156 46.7462 44.4078 52.578 34.3218 8.47443 11.9461 2.64443 0.00373135 18.6185
245.253 14.0411 31.6821 36.8171 47.674 84.9938 16.7445 25.9155 9.53018 11.9086 0.00373135 19.1044
182.039 22.6841 51.939 36.7437 80.5956 1.85338 39.7185 36.69 9.14067 3.10195 0.00694212 21.2786
144.745 6.8525 70.0734 35.9293 81.4065 5.62597 38.0678 43.9726 11.6549 6.80818 0.0075404 21.8026
223.867 14.936 59.6656 12.9403 80.4229 6.18982 73.2325 22.3606 12.0649 11.6738 0.00644671 20.6897
269.968 12.617 17.2663 38.897 96.8287 11.8633 20.7497 13.8498 36.48 18.6433 0.045655 23.9431
212.548 28.0497 18.8191 25.5482 101.587 5.66527 29.8006 28.378 48.3275 22.4619 0.0546792 26.1322
382.175 10.9844 30.5595 28.3592 100.411 2.8101 32.5043 50.8402 13.0291 47.0739 0.024794 26.2298
254.411 15.9893 33.8401 27.9417 52.3153 32.0913 40.6684 41.2778 15.4686 22.7204 0.109958 23.4478
269.11 15.0863 43.2553 6.10006 56.5118 32.263 55.2827 47.9206 9.48901 16.6314 0.0552963 23.243
344.787 4.81951 34.5832 24.2859 71.6456 48.7058 39.244 5.86048 7.69033 5.76758 0.0377048 19.4637
369.463 7.20136 48.0027 3.74752 45.5884 75.9533 64.6814 36.4753 2.48699 11.3531 0.0150268 23.9235
302.694 25.8187 14.4508 25.1981 65.9071 44.5573 52.0658 8.07195 9.85245 9.52207 0.0913425 20.85
355.409 30.4068 13.4612 44.4647 51.3348 26.9187 31.9915 30.003 12.101 12.6239 0.0949036 21.9634
329.682 23.4504 35.7783 29.3448 82.4178 43.4809 33.5341 20.692 11.6908 15.9752 0.0747008 25.9936
198.902 22.5342 61.949 12.6131 61.6369 14.6426 67.7969 16.0883 14.4036 11.7266 0.149214 23.5014
188.161 20.5618 47.0733 31.5259 101.074 14.6426 49.0692 62.4982 6.85024 13.3001 0.169617 28.3959
-47.2338 39.9063 39.037 44.8157 58.6178 83.0461 11.1624 46.7726 4.14516 7.53183 0.186567 28.8898
42.067 19.3388 52.1888 31.5199 54.4748 119.579 6.70927 66.7826 8.16298 11.6909 0.268238 31.4251
186.392 26.8565 50.276 19.0625 4.76266 96.1556 34.8601 60.4895 21.6013 11.015 0.0833545 26.279
394.975 19.2505 50.1929 4.5426 13.5316 60.104 35.4516 34.1775 14.6298 12.6875 0.0835275 24.225
269.641 14.0256 55.1723 28.5086 43.0296 67.2912 19.8398 19.3937 26.0567 9.99832 0.116621 22.5326
311.064 7.9398 59.3027 23.3289 43.4212 87.2661 32.0523 4.67584 21.6098 24.6836 0.0798912 25.5816
417.026 2.78802 2.26367 29.1344 42.5168 84.5159 40.2495 4.65058 17.4428 23.2489 0.0774327 23.296
367.65 10.2331 3.26603 27.8503 95.4088 51.203 42.2192 3.55463 24.2635 27.522 0.0525786 23.823
474.759 10.1018 17.1472 3.67473 75.9586 67.9539 16.1314 11.7976 43.8992 10.9331 0.0126335 22.7835
471.107 18.2901 24.2822 3.67473 32.7837 72.9336 55.8943 20.2433 4.40995 30.0633 0.00788272 22.9296
343.076 20.2932 14.7708 39.3452 42.017 86.9205 9.56315 21.6439 0.192685 24.8844 0.183132 24.6333
381.245 9.38291 14.7708 42.4473 58.3699 73.8755 1.34846 21.2964 20.2981 20.1692 0.278901 25.8544
314.727 23.835 2.44888 39.2289 46.5585 56.6039 10.9796 58.5029 10.1901 23.5155 0.0988459 24.3746
235.376 19.0093 13.9504 53.3606 64.2476 67.4108 8.18235 31.2686 8.28623 29.1352 0.15393 23.8429
276.048 16.9692 40.2202 49.7862 42.5896 39.4712 14.2903 40.5418 12.29 2.7633 0.113818 22.0133
180.643 49.5035 69.0073 11.0813 16.6114 98.5017 7.05988 18.6105 9.40517 13.5868 0.101655 26.3808
154.522 51.3212 35.5863 11.0813 41.8238 111.743 9.78804 29.2058 1.99062 14.6348 0.266539 26.9834
228.302 20.8061 12.2383 10.8611 61.6904 84.9018 43.7794 43.9636 27.5128 25.6186 0.608568 30.0021
328.301 28.0628 4.89332 9.41775 85.8755 45.7138 9.05177 47.0776 15.5563 30.6728 0.195663 25.9036
455.284 1.68044 5.81661 10.7712 91.6072 25.234 47.4235 22.9161 42.8481 21.6967 0.22957 25.4597
434.38 2.06005 24.8271 1.15483 86.8718 38.3022 35.1194 14.7834 10.7274 4.9038 0.0170221 20.616
355.491 7.88319 0.659082 47.5808 81.0949 47.3597 10.0479 16.1829 0.204998 36.427 0.00211902 23.2377
263.351 26.0516 6.53873 60.0458 78.7498 26.5701 21.7981 8.01546 22.5325 8.89308 0.00211902 20.0495
305.5 14.0531 18.6484 63.7241 65.7901 17.8849 40.2336 13.7499 33.8679 14.8963 0.0153004 20.9713
326.857 3.66972 16.9548 32.4916 68.2092 45.4289 10.5803 32.0705 42.9632 13.8893 0.0415141 23.9664
209.159 5.862 23.8772 67.1376 59.9534 41.9095 40.7547 23.7943 17.7553 13.9916 0.034686 21.2488
525.015 9.10411 33.9201 13.001 14.2062 86.035 14.3184 25.4183 25.8112 29.9407 0.00197132 23.4679
296.192 6.78442 33.5568 54.8365 33.7757 60.1768 21.2464 38.5732 30.9375 19.2404 0.00197132 20.0264
303.91 10.0021 13.7838 54.0621 37.5643 53.4512 29.1099 29.0022 22.1764 7.35508 0.00197132 19.3217
254.854 6.5937 26.4124 66.9205 41.1919 24.7899 86.876 27.0628 27.7634 8.69765 0.0343538 22.4604
227.384 13.2941 27.2615 35.8062 29.7274 56.0389 26.597 46.8568 56.7369 8.6911 0.108886 28.3936
157.291 21.8922 38.9123 47.5789 44.1307 28.9132 20.9372 48.8489 27.26 11.4153 0.119992 25.8438
163.362 28.7542 35.5275 57.8293 64.8139 14.7873 49.3899 43.1385 39.1199 10.6611 0.0445775 24.2652
131.197 44.3418 26.607 83.2808 33.6792 21.8345 53.5889 33.5731 7.98502 9.54782 0.0854531 23.8074
143.964 22.4206 29.243 92.3313 26.8393 28.5019 64.1849 52.7897 34.3482 12.8748 0.031476 25.561
90.9527 15.2546 52.2053 71.8502 37.5558 30.6843 38.535 31.7453 15.0507 9.208 0.031476 22.4697
186.659 27.6164 51.21 63.3916 36.3581 26.9236 53.0323 12.1955 11.4392 24.4854 0.00973696 22.0627
108.589 45.3492 48.9763 36.0127 30.1828 34.4464 67.4655 44.8725 4.84223 24.4854 0.00973696 23.2741
108.589 43.4624 67.7728 16.5354 39.2326 52.5144 11.5898 30.4777 10.8748 6.19275 0.0112367 22.3695
229.727 37.3084 27.8634 16.5354 59.1213 61.3251 65.2738 17.7148 9.95914 4.18826 0.00497735 20.9144
224.194 54.8972 12.2538 33.9609 20.1718 67.5076 57.7001 4.45601 2.46636 0.91368 0.0157707 22.0824
284.417 48.8628 24.7147 36.857 27.8656 50.8819 53.6437 9.48436 15.9442 18.6553 0.000760721 21.2291
375.275 20.6032 9.16301 61.452 20.1803 55.0366 47.1225 24.9847 8.73513 3.23251 0.000760721 18.1409
414.879 20.957 11.6289 74.0959 27.2622 20.3535 31.0351 37.8284 7.24533 9.82653 0.0433131 22.417
317.305 14.7229 6.61399 74.8137 20.39 58.0628 66.9138 5.31782 15.6021 13.9632 0.0143793 20.3308
357.484 1.44388 17.3 40.6095 11.1341 129.838 28.3363 11.1924 24.5387 18.9537 0.0557597 24.3059
343.049 7.03954 14.8778 53.7884 6.78781 87.8438 48.6083 21.831 31.2505 17.7017 0.0138139 22.1026
482.761 1.63521 8.28575 66.5818 6.78781 50.1039 76.7221 18.4899 23.9838 17.9854 0.0305721 23.3077
415.217 13.814 9.21402 25.6487 26.6711 86.5503 11.6797 6.65016 5.02133 37.1446 0.0328268 24.0198
408.048 11.1475 15.1935 33.1011 33.6886 102.472 22.1665 12.6321 5.02133 21.5087 0.0328268 21.2429
405.268 10.8904 12.3284 42.0396 15.5341 74.8831 32.5438 17.8505 14.4822 30.0995 0.146448 23.1152
455.305 3.48963 12.0226 29.9054 8.65332 105.419 41.7174 23.7 10.2101 9.20261 0.201596 23.4004
530.61 3.48963 12.672 18.114 8.65332 83.1043 74.7565 30.172 14.3871 4.81985 0.0824251 24.779
330.486 7.62278 14.9133 5.77921 86.1388 18.5393 74.2877 47.1674 19.3281 1.26177 0.124636 25.2111
283.617 7.82441 8.63116 34.1537 45.5408 36.6971 28.2612 97.1842 36.6223 29.9672 0.487332 29.5828
328.735 8.70248 5.40628 74.9404 36.708 48.5608 21.5184 51.3875 6.67537 34.4263 0.0947222 23.1205
182.254 41.092 15.2039 54.2008 30.2585 82.6162 22.295 22.4927 8.68388 16.5446 0.0549911 21.8192
270.725 21.3051 17.6943 54.288 8.66383 72.3478 62.2714 24.674 16.2922 14.6309 0.0843307 22.6074
84.2978 39.9743 29.2758 85.5651 20.1608 57.4192 49.9802 39.1903 35.5967 15.6034 0.15805 27.8208
146.406 29.3281 59.6307 37.4163 35.4788 76.3786 33.2478 20.5256 19.7605 9.33001 0.0335455 22.5996
309.916 18.1722 3.96198 65.5453 25.376 71.3378 43.8656 14.4809 13.1718 4.08313 0.00508428 18.9561
272.729 7.86187 22.8217 47.9117 41.7644 71.8501 67.9504 2.34959 26.255 7.63 0.0393872 22.4097
410.442 23.7215 7.19096 49.3051 25.0619 29.4182 58.6548 21.063 18.3556 28.6105 0.0184304 22.0489
319.677 36.4198 35.7813 17.5919 17.0819 50.6393 56.063 22.2753 4.14914 0.877303 0.00155285 20.7386
266.366 30.0687 58.9424 7.97865 15.9918 51.2503 48.9096 9.15401 14.1423 0.877303 0.00155285 22.1167
176.244 21.6072 59.3602 5.25936 20.8037 76.8218 59.36 6.41206 8.42249 7.42202 0.00430698 23.0535
303.845 26.1852 48.6785 6.53213 10.2845 76.4775 94.7212 3.09136 10.1798 15.5298 0.204441 26.7652
288.162 23.265 38.944 21.5916 15.7657 84.3062 60.7192 8.71475 6.9192 7.64463 0.105958 22.2529
277.733 9.12288 21.7218 47.0405 36.6522 42.8975 88.1096 14.2589 2.86259 84.0265 0.256804 29.0778
275.532 3.11528 34.9022 58.2433 40.1976 54.0529 30.3905 49.9701 8.84846 18.3811 0.0317746 21.0376
312.82 14.3422 41.702 49.0031 37.3626 15.5763 14.6307 69.3276 7.65448 2.7828 0.000897785 20.9741
345.461 12.3519 5.16956 37.3755 27.6983 95.5414 22.2213 34.5397 4.2198 13.6494 0.000897785 20.0912
321.17 10.9062 26.5638 42.6684 6.15389 81.9518 49.3989 13.8316 2.10857 15.9431 0.00388335 20.1967
311.072 5.45949 46.3146 13.3176 38.7085 79.8531 29.5139 13.8316 6.32738 0.773582 0.0100476 19.8566
303.99 14.5901 18.585 59.4246 58.331 24.1473 58.6205 1.46361 25.8305 17.0016 0.00375119 20.1965
272.605 18.6297 0.356 96.0939 72.2879 35.0021 16.7763 19.0051 15.3035 1.70467 0.0015757 23.6684
380.653 15.9542 22.6345 20.1208 31.762 62.1917 8.26177 19.9186 9.81249 10.0036 0.0015757 21.7291
424.949 12.3812 28.9947 31.7741 37.0293 53.7165 62.0925 11.4023 15.2887 47.4955 0.00135727 22.4975
322.118 9.5151 23.3577 16.4805 66.9569 42.1828 70.3097 21.7906 4.44454 8.29902 0.000574638 18.7946
284.741 17.574 22.9791 48.9477 79.1734 31.7291 36.0643 33.6126 2.43425 4.56153 0.00793506 19.9756
234.087 17.9702 23.4217 50.2862 96.6941 7.10289 8.04727 50.2109 7.30497 17.8867 0.00793506 22.1315
195.099 27.5387 22.565 68.5455 89.934 7.10289 19.5449 50.2109 29.429 17.8201 0.00717534 24.6461
324.894 25.5547 23.7735 31.317 29.2265 49.4022 44.2335 20.632 13.8561 12.5047 0.119028 22.0262
217.713 4.86365 45.2965 24.6688 47.7028 59.5068 38.2334 18.4971 16.5162 25.1511 0.00850311 22.5103
173.52 10.9943 74.9715 21.5871 35.4124 65.6879 36.9562 27.5466 20.3093 17.8259 0.0110972 21.3198
449.697 14.6127 19.9087 54.7362 17.5373 37.5152 28.135 7.93462 14.0331 5.0215 0.00234074 20.2542
324.747 3.11146 33.9491 50.7528 45.9392 45.9091 24.2077 12.5855 15.1257 9.73122 0.0112483 18.9631
180.493 11.3169 72.7616 56.2506 13.2862 36.9193 31.6267 47.9342 13.4965 1.46392 0.0341071 22.7665
249.442 19.901 5.10055 75.2753 22.4448 76.9688 0.985679 70.4468 12.056 2.87564 0.0655419 24.0569
342.634 9.8163 32.5225 47.1373 31.261 51.7259 7.27531 34.9283 13.8084 12.4006 0.0537224 21.3008
256.254 23.1722 8.92097 47.2428 25.9906 67.192 64.8873 76.868 27.3089 18.5253 0.10215 28.5053
186.377 20.9467 22.6594 53.9693 40.6331 29.4933 66.5176 66.9366 15.0395 28.9913 0.0226162 25.1674
232.324 56.5499 9.76427 23.5225 43.1914 45.7704 55.0889 24.2395 40.4842 12.2956 0.0140478 23.4613
209.44 21.1902 20.0008 36.4217 73.5435 13.0099 79.4315 29.8725 30.7203 18.0076 0.0618133 24.224
309.948 19.4814 13.0121 15.445 27.5599 120.886 17.8059 3.65039 2.77802 18.1009 0.0308939 24.0483
248.336 34.6608 13.8539 16.281 34.5463 115.538 40.6014 4.53743 56.8826 18.2971 0.021995 26.957
280.071 41.7968 34.7248 27.3641 35.4282 79.7639 1.05673 10.1818 19.5852 18.8616 0.0219722 23.9047
250.368 20.1128 21.5304 83.3658 27.8229 4.69232 67.5006 29.9339 7.76276 8.63721 0.102982 22.8197
334.071 6.51136 50.6021 38.8982 24.1069 7.73677 139.172 14.1861 16.0314 13.249 0.0862384 26.7455
336.587 7.89785 46.5307 9.18623 43.3924 82.6833 9.48969 19.8789 11.0921 25.6808 0.0133386 21.0857
222.076 29.6071 62.6136 23.0459 38.0284 56.704 23.4622 42.5143 2.09944 38.4697 0.0178336 23.6742
244.593 23.3769 57.1996 13.6851 22.31 91.8115 15.9527 48.3418 20.3984 21.3671 0.0315407 23.3171
377.447 19.1261 27.3313 15.1953 28.6835 61.8276 51.4788 25.2862 18.6932 20.3736 0.113043 22.8139
221.304 14.9149 40.0227 39.5559 6.25309 122.032 12.7692 3.40354 11.386 28.7043 0.0277997 23.8803
341.116 22.1124 57.7655 0.239798 8.95553 93.1076 9.73286 29.5643 24.3717 7.61577 0.0400946 25.634
83.8824 29.8866 73.4808 52.7183 8.95553 57.3753 12.8033 79.2349 9.96109 8.87172 0.0448614 25.3562
270.098 9.4409 18.0893 68.0701 31.6208 46.6852 21.2233 67.1238 5.47106 21.0455 0.0160832 21.6751
319.676 35.867 17.3692 21.2839 47.7768 71.1694 26.0956 17.9571 6.8853 43.8596 0.168948 24.939
289.684 51.3475 11.4291 14.2243 13.7929 94.8739 16.8652 26.1731 5.66797 34.9356 0.0594711 26.2183
362.969 17.3851 15.0435 47.8567 29.0642 47.0353 42.676 53.6204 19.6652 17.4558 0.113883 22.7463
414.048 14.1881 28.9552 58.0292 2.84484 31.2745 41.4254 59.7556 28.8945 30.372 0.102412 27.0754
381.214 1.33523 40.2545 53.5732 39.2563 40.9645 12.8555 54.1926 29.821 4.25986 0.104313 24.3372
375.285 3.26192 22.6662 29.0025 42.778 28.822 52.2135 39.8885 28.9204 2.52114 0.360723 25.1057
468.962 18.0724 13.1256 3.61673 56.1167 35.8422 17.3976 39.1834 19.9943 18.5058 0.475581 28.7002
337.966 28.875 18.1653 12.9113 56.0422 49.8269 11.6999 32.4128 9.03713 103.998 0.231681 31.8729
338.175 9.54184 22.5808 57.5262 31.5935 15.3633 82.6357 4.11704 8.28152 9.34632 0.097413 21.4655
581.334 1.67795 16.0731 8.88102 17.0204 40.6234 93.5548 4.66044 9.42795 8.87831 0.0780657 24.8611
592.767 22.7423 14.6338 14.519 62.2018 41.2246 22.511 16.3601 5.5402 3.7107 0.123234 29.1407
286.401 2.57541 7.69063 32.8103 68.0161 31.4226 85.7425 34.3141 17.0247 6.97138 0.111252 25.2096
358.754 1.94803 0.377202 66.7912 61.246 6.30945 69.7449 18.9988 16.1745 3.77819 0.112151 23.5391
214.194 10.7847 70.3806 1.61316 46.9011 35.7674 89.0518 12.0755 2.05752 11.65 0.370961 27.1424
186.051 18.0376 62.2966 19.3982 39.1545 44.5684 72.475 17.1584 5.48011 19.0922 0.0813376 22.558
147.08 27.7008 23.2098 44.1023 72.949 29.9269 27.9798 39.3342 18.15 33.2524 0.15508 25.8075
208.8 31.944 25.3928 47.1735 75.1581 9.78091 46.9632 44.2144 0.250047 30.4626 0.138342 25.7588
397.591 18.0627 26.0539 18.4997 60.7759 25.3195 13.4718 89.9164 40.4759 29.3583 0.143169 27.8939
181.957 23.9143 39.9185 18.6683 85.961 28.2282 41.7165 20.7375 4.26647 9.82364 0.0331501 20.778
233.702 31.4512 8.44603 20.3335 94.6535 17.25 16.0331 56.6309 12.7824 15.1991 0.0152594 24.1797
246.655 35.9059 17.9136 30.6236 84.4345 14.6766 27.932 50.6827 12.7126 18.3763 0.0262307 21.9713
231.65 49.417 23.8413 22.1795 73.456 59.3097 51.4105 18.1662 38.0375 1.72737 0.060737 27.9318
203.333 40.0621 12.1214 18.8259 73.2975 63.7848 32.8777 18.6035 40.6169 2.88461 0.00628886 22.346
259.949 63.861 6.54553 12.3756 78.1223 49.9566 19.4723 35.7188 9.94105 0.334305 0.000526579 22.6666
230.949 26.178 15.6253 12.3756 84.749 46.2463 31.4677 44.46 13.8075 5.81808 0.000526579 20.7964
216.178 15.4114 46.0505 41.0266 78.6731 35.5912 21.8588 8.97515 10.2807 2.6807 0.0168791 20.1746
222.375 3.20735 49.3709 45.9736 36.8173 29.0273 66.7439 16.245 11.8677 7.64074 0.00601272 20.2276
220.466 12.1326 5.22608 56.351 67.3919 47.2206 66.7439 11.7209 42.371 0.638861 0.0209822 24.5088
222.18 14.5232 29.4667 64.3434 88.0858 11.9893 22.814 13.5329 9.36309 0.638861 0.0110832 21.411
229.739 24.4897 21.132 54.834 92.9583 9.16835 48.2186 26.901 38.879 2.99814 0.0234225 23.8731
224.889 15.1542 3.99988 74.7351 26.512 25.9594 100.09 10.9228 23.1899 2.97602 0.00262692 23.2385
163.214 14.8434 9.28443 119.851 15.174 24.0208 100.09 8.51428 13.1287 2.97602 0.0337407 24.2707
178.698 14.5134 18.9829 102.665 29.2756 36.9274 63.197 13.2156 2.94035 8.36163 0.00478578 20.5017
305.356 21.0594 19.017 11.0969 43.1517 77.6862 68.3043 3.92177 7.68221 8.38446 0.0163529 21.6498
219.334 12.9615 30.612 44.352 66.5711 29.5623 55.0713 17.1649 11.5667 20.8762 0.0304905 20.7232
230.368 3.3654 50.9854 46.0341 66.8294 17.9415 70.8484 8.96806 7.4348 16.1423 0.00181736 19.708
251.044 11.1879 50.2677 48.6285 36.8589 38.3438 53.4515 7.96655 9.72389 23.3277 0.000404612 18.7573
583.737 3.31634 8.36197 37.5736 26.1118 25.4165 74.5111 30.0448 3.94287 5.53293 0.0103881 21.7309
175.402 66.9666 4.50929 34.484 38.1937 57.8759 29.3588 19.999 3.30192 20.6518 0.030273 23.4907
354.402 9.19464 10.0782 37.3622 53.1252 67.0352 36.2732 27.7041 20.9606 18.6923 0.0296354 20.7096
275.687 15.9483 24.2024 102.085 1.9192 20.9511 63.3653 21.4981 23.6371 21.4312 0.0505906 24.4244
354.055 32.8647 5.6898 65.9706 25.368 27.2623 69.8647 20.8087 9.36547 10.0066 0.239556 24.6713
292.355 22.8054 8.09782 71.2157 34.2951 6.54109 87.7292 22.1545 0.912796 11.0771 0.1469 23.576
287.132 16.7638 16.4933 51.9328 64.7774 71.7275 18.1343 22.4391 22.7903 9.53484 0.00178016 20.3174
360.331 15.9989 6.70905 54.9392 28.797 79.2346 31.3673 46.1179 16.6294 4.09528 0.00233663 19.8823
392.683 21.4286 26.1076 45.7605 17.1257 41.1244 17.7201 44.9554 11.0273 19.1878 0.137998 24.3318
293.295 32.0405 7.15893 45.279 72.0781 64.5712 20.8078 31.8303 7.03917 15.2715 0.0972647 24.1756
251.598 16.2687 3.09881 61.4285 57.314 64.2133 16.8024 42.4718 49.2657 8.87847 0.100314 24.9141
