-66.2476 55.2874 193.725 208.42 63.3391 14.1436 34.2709 0.0109341 49.0776
-68.9742 48.7273 200.667 191.588 26.9185 13.0983 22.8852 0.000877124 44.673
-69.0237 51.4977 211.954 170.574 41.4155 17.6775 9.45029 0.0195572 46.3703
-68.2126 69.683 143.532 212.544 35.8919 24.5638 2.37011 0.0124584 47.178
-67.5992 64.6564 192.224 199.86 26.6334 7.39614 2.7891 0.00287088 44.0209
-68.5156 64.1803 189.438 189.572 16.8574 8.11989 2.7891 0.0215608 44.7102
-67.1695 80.6361 180.644 178.09 27.488 1.61402 27.3346 0.0158633 47.9615
-66.3935 68.7366 205.045 178.09 4.29887 9.5536 18.6766 0.022183 46.9744
-60.7392 79.5802 127.189 221.391 11.114 6.24801 25.0822 0.00699482 49.9764
-65.2772 67.3527 153.468 221.391 19.3064 8.56286 16.0416 0.0022074 43.9801
-68.5172 78.3748 132.674 250.185 29.9868 7.30845 21.2659 0.00608784 45.5198
-67.2634 72.4196 194.22 154.925 61.8801 8.96829 17.8708 0.0157766 48.6565
-64.3309 68.4467 182.629 184.945 48.6438 5.60333 30.9078 0.00467285 47.2162
-62.1808 77.8082 169.268 184.945 73.7065 5.60333 3.11978 0.017926 49.6981
-69.354 81.3355 164.097 171.912 77.9467 6.87374 2.05534 0.00550436 48.6404
-68.0066 70.1932 145.651 256.962 30.4923 9.784 6.84744 0.00159456 45.0449
-71.7759 73.1459 134.672 245.65 30.2721 9.37749 10.5013 0.0258334 45.9908
-69.0034 82.8888 128.214 241.676 28.8536 8.15403 15.9365 0.00501603 45.0576
-68.086 70.3313 139.734 212.702 13.8968 14.6208 23.0946 0.00952819 47.7768
-66.1282 93.385 109.74 252.308 11.9957 15.1511 25.736 0.00901588 47.5571
-70.9319 92.4911 85.548 266.19 16.2375 11.2291 15.8132 0.00894134 47.6514
-71.072 78.6209 95.9796 275.68 7.18121 7.00511 5.5067 0.0101137 45.8108
-73.2264 89.5951 139.818 247.524 26.5968 3.49231 9.18872 0.0242958 49.9163
-69.8183 65.1197 109.288 278.705 11.0475 1.70671 13.223 0.0325343 46.3135
-69.8183 65.1197 109.288 278.705 11.0475 4.35043 4.62016 0.0325343 45.7714
-69.5213 79.7347 100.003 291.453 23.2951 4.35043 7.71933 0.051608 47.2035
-67.4692 67.4007 132.895 267.932 28.7112 1.40631 9.91202 0.112953 47.9698
-68.3414 70.5612 162.484 223.358 28.1023 5.1562 10.0373 0.0799818 47.0097
-68.225 67.4058 145.916 239.726 21.2576 1.06804 8.80188 0.0103636 44.1002
-70.2489 33.5906 147.162 273.808 9.69632 1.24744 19.7883 0.110233 48.6523
-69.2355 44.3808 154.471 260.352 21.6204 8.83457 13.6061 0.0450462 46.2187
-71.6263 33.3447 175.204 239.469 63.3313 23.4685 4.18982 0.111699 50.1321
-69.1681 87.4645 53.0736 329.382 40.4738 4.65002 9.44866 0.0275236 50.411
-71.1935 72.6264 65.0608 328.156 42.9621 4.03649 15.0776 0.0154131 50.7715
-68.7292 119.174 48.5189 296.684 7.26389 6.27946 5.50215 0.0773102 52.591
-65.6514 43.5422 179.264 244.581 20.967 7.93852 0.0741651 0.0845555 48.326
-70.8337 72.6434 120.116 259.729 20.7615 49.08 22.7244 0.012413 49.0686
-62.5906 86.398 115.047 241.423 38.4021 51.7818 14.9652 0.00178569 50.7727
-68.7008 82.0813 120.392 233.079 53.7337 37.0092 13.6546 0.0096857 48.9146
-69.648 68.5657 169.881 224.955 15.5221 14.0634 31.0869 0.000698627 45.2148
-66.6632 75.3087 142.308 223.338 28.8847 10.1406 22.0029 0.0161269 45.96
-64.9491 31.0992 151.853 282.838 13.0308 18.5475 2.55332 0.18825 48.8071
-65.5457 25.7068 146.219 304.961 33.7842 10.925 28.9759 0.216255 51.8993
-65.5457 7.52382 175.308 290.302 14.6862 8.35249 19.8981 0.190884 50.5902
-69.7753 73.9894 137.427 219.661 58.6019 11.8441 15.129 0.0314339 47.8936
-67.3579 84.0746 137.427 228.701 55.0005 3.00471 11.3097 0.028387 47.5006
-68.4821 47.0175 145.167 246.455 89.4407 9.73931 11.3332 0.00229552 48.8052
-64.651 74.7156 155.748 215.529 33.9211 9.70329 6.66673 0.00869206 45.1438
-67.6261 78.7832 171.154 208.422 13.6221 26.7003 12.6645 0.000922432 45.4587
-65.0828 64.938 174.848 201.244 6.75141 40.9066 25.1898 0.0149862 48.2586
-67.5172 73.1202 143.997 234.107 9.79774 2.14855 20.2077 0.00498738 44.1662
-64.8712 59.9827 193.298 182.969 36.4014 19.9366 8.65375 0.0170358 46.2922
-64.5361 50.3767 194.164 192.163 5.10224 22.5216 24.4492 0.0190095 47.3909
-72.7133 66.6901 213.526 180.813 16.5473 6.85576 19.7507 0.00721552 47.6438
-69.9206 59.5823 127.073 287.227 11.4341 7.71429 18.9678 0.089894 47.5169
-67.5671 60.6883 114.407 282.118 10.2435 5.16145 19.2182 0.0600832 46.6293
-67.0798 55.243 177.579 186.779 7.21225 8.23415 18.8347 0.0532388 49.2517
-73.7685 68.9919 166.307 219.592 12.1266 30.4207 17.9743 0.0173831 48.0256
-64.6379 70.7865 135.576 226.151 13.6924 14.3396 25.1131 0.0117433 47.2178
-63.1881 71.0108 134.024 262.461 36.8382 15.6348 13.6566 0.0339741 48.6249
-62.4643 53.5064 143.114 256.979 15.9169 5.01567 15.6767 0.0482569 47.0959
-69.1863 41.2498 145.27 274.444 17.9953 24.3509 5.92874 0.0693517 47.6049
-63.8752 57.9445 133.031 289.016 5.83391 14.7641 5.4542 0.181714 50.0921
-66.1103 52.3857 119.375 292.879 8.13049 0.477933 14.2986 0.101765 47.9005
-69.9331 28.8748 145.515 297.123 23.2264 5.72221 6.78033 0.194968 48.7363
-71.1412 65.4732 120.98 267.927 21.0275 0.265824 13.0497 0.137092 49.3518
-64.7002 76.6721 122.157 257.972 34.3075 4.12776 4.82725 0.00425953 45.1575
-68.124 70.9157 133.787 225.172 11.799 11.6797 18.9261 0.0103968 46.4064
-67.8199 73.355 118.455 275.006 25.1067 26.8644 38.1447 0.0118798 48.7586
-70.0221 71.9757 118.962 261.021 8.03108 14.4467 20.2259 0.0100754 45.5869
-68.5957 54.2649 153.993 259.169 27.632 19.7754 2.2051 0.141729 48.4946
-68.284 52.8152 167.565 240.834 50.7789 21.2316 14.6992 0.202954 51.7269
-65.3696 46.5926 150.844 231.069 5.69498 11.2238 38.0218 0.128105 52.4205
-67.8283 48.6545 174.763 231.264 4.99978 21.4769 24.1678 0.0880226 47.6663
-65.763 39.081 203.852 199.885 14.9715 44.1166 7.84089 0.12787 50.125
-59.7247 57.5347 142.956 261.993 29.9302 21.4375 13.6337 0.141988 52.6516
-69.1019 65.8038 129.648 259.384 32.0366 21.9839 39.1614 0.0409855 48.8256
-66.9527 61.7645 173.324 229.031 44.9878 9.509 36.5864 0.0625748 49.7464
-65.9174 53.4657 176.344 235.519 14.117 12.0443 13.8187 0.0853687 46.9162
-66.6497 46.9105 176.012 236.548 14.117 3.59893 27.737 0.0904017 47.2306
-67.6913 81.1421 150.928 242.224 9.82328 5.1538 9.15068 0.0689477 48.2048
-67.6256 93.5379 124.982 241.021 11.7043 3.15033 14.0962 0.0377467 47.583
-65.9603 59.4007 113.736 268.558 13.4209 26.9148 17.3583 0.119432 49.9712
-71.9136 69.7936 121.042 249.702 45.2538 14.3761 2.6803 0.0682496 48.4964
-68.128 70.6335 195.45 178.376 95.0201 10.5724 8.05468 0.0131258 49.3921
-69.0723 69.7186 198.759 175.301 39.8225 3.76356 24.5559 0.010606 46.7815
-69.2253 62.3483 196.47 184.662 30.029 1.65802 14.5748 0.0113187 45.1329
-66.618 78.8977 160.551 173.75 15.5678 8.23661 21.5297 0.0381174 51.395
-68.6235 61.9325 186.466 195.748 66.1949 2.69354 13.7316 0.0353607 47.3245
-70.4744 41.4892 187.205 193.966 40.1263 9.83356 2.06349 0.0373569 48.1078
-70.1278 69.3324 167.617 194.006 59.9584 11.0307 2.47091 0.00771869 46.1412
-62.0572 51.8811 197.541 196.793 63.7691 8.80351 0.348861 0.00239471 47.9674
-68.4537 75.6637 177.481 197.773 8.71355 8.06071 3.3047 0.00367227 43.9774
-68.5714 71.3418 186.297 196.139 34.9421 8.96473 10.3105 0.0107388 45.495
-67.855 50.8836 184.807 222.846 4.17951 9.54764 19.8233 0.0144671 44.8209
-66.8 46.3716 187.785 192.746 21.4173 17.1588 5.65016 0.00550711 45.6988
-74.7044 54.0589 200.594 205.889 8.91575 12.6728 22.5937 0.00747933 47.7398
-66.8689 35.375 179.404 231.126 9.66245 2.7262 8.15098 0.00376728 45.1157
-69.4523 54.7442 219.676 175.567 13.8566 13.8045 45.2855 0.00111374 46.9901
-65.911 58.1039 198.381 176.213 17.1368 26.6495 23.5889 0.00111374 46.1206
-62.268 49.349 230.102 176.213 24.1666 19.068 28.2279 0.00229454 48.6891
-65.9282 64.9355 215.977 166.611 10.8064 11.9498 14.4826 0.0397649 47.8374
-62.7806 45.5244 207.724 196.33 1.95103 17.8276 11.8563 0.0601377 48.2914
-63.6476 17.8859 207.311 219.641 32.9725 18.7132 10.5715 0.019718 50.0014
-67.1826 48.8628 204.647 191.24 13.7198 8.74456 36.3734 0.0557424 47.7167
-69.0922 53.6229 209.424 181.774 16.8201 13.971 30.4515 0.0217948 46.7251
-65.359 63.8291 186.453 188.563 20.0782 15.1974 15.1514 0.0462444 47.0707
-69.0601 25.628 189.025 197.88 91.5718 33.8826 29.052 0.0604326 55.2166
-67.4692 29.5704 195.338 205.044 40.9551 9.03782 8.78136 0.162569 49.1784
-67.2991 15.3457 229.9 206.156 9.24798 11.137 41.7556 0.105191 50.3488
-65.5815 18.0077 213.912 218.537 10.5341 2.1442 4.8267 0.236664 50.767
-73.9207 45.0198 178.032 217.981 3.62264 2.1442 23.3891 0.119089 50.9851
-68.4065 61.9718 199.194 180.054 9.55509 15.0948 7.1404 0.0529593 46.7777
-69.4168 63.0825 154.284 243.63 98.1324 10.2178 7.5469 0.0128582 50.163
-61.5941 59.226 132.087 234.428 98.642 6.90762 10.345 0.0100342 51.3817
-64.7765 62.789 156.091 238.034 66.6381 10.4483 14.878 0.00260347 46.9763
-63.3247 65.5175 177.374 205.531 51.9575 21.6639 14.4101 0.0136098 47.8594
-61.6945 73.4015 152.737 205.655 62.9787 12.6526 19.8054 0.0142631 49.59
-64.7079 37.5237 218.865 198.68 39.1402 27.1263 17.3746 0.14805 51.4837
-65.3105 16.9276 206.582 232.33 21.6543 24.6749 14.1364 0.137193 49.3308
-66.5461 80.1817 211.423 157.375 14.745 10.0207 12.5852 0.0104179 48.3413
-67.4482 50.6665 226.848 148.43 54.1103 41.4018 28.441 0.0551327 52.2083
-67.8599 85.7969 182.883 169.946 17.1393 37.9726 15.697 0.000343523 48.2127
-65.5866 50.0056 145.28 270.28 37.1867 33.9143 63.7754 0.0627573 53.606
-68.159 30.1313 186.939 221.041 49.0514 28.0246 33.8141 0.106487 50.8349
-68.7477 44.7774 201.618 206.304 15.6788 27.1026 7.28715 0.0556188 46.6345
-68.6994 42.8553 138.343 281.923 14.3393 75.3029 41.8863 0.0764588 54.6134
-68.1763 53.7215 203.187 183.98 5.35056 39.0912 9.96799 0.0031142 46.0583
-65.8092 45.4531 207.329 199.79 9.32061 16.2705 9.41706 0.0725485 46.6981
-61.9855 32.7674 230.889 177.748 4.1604 14.4152 18.954 0.0629086 49.6391
-63.4217 18.2556 230.889 195.913 1.49161 8.8797 18.954 0.0629086 49.6368
-65.4165 30.0651 229.516 206.906 23.208 33.0028 9.49328 0.114634 50.7465
-69.0164 59.9669 172.069 226.496 14.7962 3.20218 10.1555 0.108944 47.016
-67.9704 57.1274 148.279 252.661 11.2978 6.43145 19.1854 0.187032 49.336
-68.828 50.5776 217.101 187.721 28.3867 1.7112 12.9153 0.0275749 46.2177
-71.3078 80.8311 155.763 222.186 12.849 4.6983 15.853 0.0279778 46.5251
-73.5436 64.6664 207.627 158.632 14.0454 14.6056 21.4008 2.97648e-05 46.896
-71.5603 75.3532 162.94 217.406 10.835 27.6611 22.3897 0.0249437 47.7947
-69.8687 62.9455 183.323 211.627 22.3857 21.5071 24.1204 0.0666812 48.3862
-70.7844 62.6867 160.732 222.271 51.3923 2.24752 16.0074 0.0185236 46.2388
-71.0204 79.3409 156.185 204.888 47.4647 14.6817 7.62151 0.104211 50.3739
-65.1477 83.3272 89.821 281.036 57.2548 2.68606 10.9141 0.0525351 49.427
-70.3042 80.8669 144.792 220.09 9.48478 2.26211 6.57123 0.0600603 47.1745
-68.9276 76.1359 130.664 235.384 14.5992 9.15198 16.3767 0.0306153 45.9533
-73.217 43.4194 168.013 254.188 5.13953 12.5499 3.34655 0.0252911 47.209
-70.8503 61.2011 167.249 243.282 22.2412 19.4382 3.34655 0.0550034 47.5321
-70.0836 58.3989 191.831 186.145 101.185 6.8487 8.98023 0.00117711 47.46
-65.7756 54.8139 202.164 172.98 39.5323 25.6181 7.09724 0.00629482 46.2898
-64.5971 47.6718 229.447 166.736 32.041 10.8853 16.1348 0.0128744 46.6087
-65.6597 55.3056 236.288 174.436 7.84472 5.43273 10.0069 0.0111297 47.3134
-64.1915 51.5362 176.859 194.574 13.079 14.9957 10.0282 0.0148024 47.2804
-63.895 15.0216 253.698 178.9 80.0529 12.1144 37.4217 0.016816 54.7531
-63.8694 42.4677 237.955 167.256 23.8873 6.2282 25.0216 0.0150524 47.5942
-66.9199 51.7813 245.379 148.8 11.3657 29.8085 20.4851 0.0607306 50.7656
-65.3255 65.2503 204.846 147.448 49.6664 5.30853 5.89288 0.00968884 47.6374
-64.8234 74.924 204.846 149.228 36.9896 3.64519 8.41822 0.00968884 47.8193
-73.2983 35.1725 231.912 178.981 41.2005 12.3897 34.7231 0.0149406 50.291
-66.4922 51.689 219.943 157.026 58.9833 11.8431 7.36107 0.042885 47.9376
-66.2331 58.6263 197.638 173.192 4.81433 10.7738 4.97752 0.0139805 45.7564
-71.8929 71.1977 196.443 165.892 54.2388 42.2244 15.2937 0.0302122 51.3388
-68.0404 61.437 188.645 176.408 18.9833 2.20534 1.21887 0.0467867 47.4264
-68.6959 53.6798 195.325 194.552 55.0142 11.3565 3.52666 0.0251843 46.0246
-71.9913 57.7836 198.94 199.963 6.47145 5.36233 4.8293 0.032783 45.8331
-70.3619 31.2254 231.561 191.766 16.1112 6.99292 15.0788 0.0727572 47.5344
-71.1013 44.2837 193.293 233.901 17.978 8.29084 16.6843 0.034679 47.2573
-66.999 22.1684 189.762 244.915 23.789 10.5199 53.668 0.0769491 51.231
-67.8659 48.277 171.175 220.728 47.6959 16.7722 16.0358 0.0650485 47.3528
-68.9359 51.0955 181.833 199.706 29.5776 4.67038 22.4082 0.0663463 47.4381
-61.9854 45.0794 241.039 177.975 28.7533 9.03287 35.0147 0.00946539 51.1123
-63.2044 38.2904 225.856 160.948 27.2403 4.83162 3.66428 0.0184558 47.5156
-61.8968 51.8536 234.077 152.389 9.67691 10.9833 3.45101 0.0271657 48.5237
-67.3987 59.3793 128.393 253.785 30.271 3.37128 11.2423 0.0491922 46.3785
-69.0608 63.2271 145.681 255.183 16.5238 6.88036 21.9746 0.032644 45.7158
-66.4136 54.584 145.753 255.183 11.9562 11.1127 20.6377 0.0860068 46.734
-62.083 71.5467 148.35 229.888 28.7503 22.3158 31.4096 0.0920009 51.6958
-66.7345 35.7581 155.158 243.658 63.2383 32.1411 23.576 0.0581806 51.573
-71.5247 34.0259 190.255 263.968 18.2958 12.9871 16.9021 0.176132 52.2487
-63.7714 47.9737 193.328 209.204 29.8599 15.7452 2.92497 0.126673 48.9472
-65.8077 25.9172 223.101 215.052 20.7139 20.8115 22.2556 0.15513 50.5218
-65.8483 49.6198 145.822 239.133 46.9643 40.9898 19.2336 0.0381926 50.1989
-64.8263 35.1915 163.363 266.709 31.5509 29.4516 14.6469 0.187343 50.6238
-66.0932 0.898397 184.765 285.324 7.08447 34.0377 39.36 0.25912 54.7775
-65.2975 35.4047 206.56 214.062 65.8601 22.2745 4.36449 0.144407 51.2892
-70.7683 42.8635 179.162 222.728 68.4754 36.9372 7.64807 0.155792 51.529
-71.3352 88.8778 170.523 200.164 56.6572 13.0194 11.2846 0.0473705 51.9696
-71.357 73.6642 120.755 245.725 31.1441 1.26913 2.31522 0.0628266 47.8845
-71.364 81.9204 112.241 285.617 44.2672 3.01097 4.52052 0.0730194 50.6561
-70.9595 66.947 147.421 222.455 14.9734 16.5124 6.23754 0.012414 45.4398
-69.3225 38.0144 169.535 250.088 4.72755 12.8592 5.04899 0.0453804 46.1148
-70.6405 66.9998 161.41 242.291 3.47181 15.4595 7.44678 0.0131124 45.4202
-68.3346 53.3036 155.731 212.144 3.07553 0.777937 8.4182 0.00817008 47.9465
-70.8177 64.0648 155.731 235.652 16.5159 1.40162 7.24877 0.0199945 44.6318
-66.9858 60.5951 169.764 205.963 18.1757 0.40156 6.7483 0.000279773 43.5353
-66.7293 82.4257 137.311 224.66 16.5205 1.94162 11.515 0.0054685 44.691
-67.93 43.5058 177.908 225.207 2.0307 6.14562 58.6916 0.0736287 50.2134
-71.5242 41.9167 181.172 225.021 6.04067 5.37922 9.15884 0.088704 46.9022
-67.1781 51.4982 168.712 227.465 16.1465 19.1897 7.06983 0.0785702 46.232
-68.706 48.2796 153.158 259.218 46.4305 7.3265 7.88218 0.077687 47.2436
-67.5904 53.0062 143.374 278.003 1.34364 12.8605 11.1734 0.073822 47.1475
-68.5725 58.2573 156.401 255.534 18.7008 26.5184 16.6411 0.0119821 46.4954
-70.2231 54.3321 156.401 237.834 7.29756 4.90326 9.19012 0.00542024 43.8981
-73.8501 58.299 162.667 261.021 15.3279 0.742037 7.84794 0.00542024 48.2167
-64.9982 60.4069 144.525 254.648 16.0663 36.9407 5.85273 0.00542024 46.095
-69.0797 52.2682 180.141 223.829 21.5707 3.20153 12.8981 0.00365557 43.7266
-71.9022 68.1938 185.353 199.887 31.0759 3.93616 8.48027 0.0131662 45.6606
-71.2094 61.8644 187.259 217.256 55.5975 1.74044 12.6624 0.0131662 48.2481
-71.8905 58.2107 192.177 180.726 32.5304 4.05519 8.15291 0.000501932 44.638
-65.5363 43.9363 182.201 197.401 38.4529 14.5575 13.6204 0.00543844 47.0331
-66.8682 43.0488 204.569 205.461 52.9276 33.595 19.501 0.0027917 48.0609
-68.1845 75.7451 160.59 231.147 4.92997 18.5114 7.89201 0.00513755 45.0458
-69.2772 79.5968 145.443 217.086 51.1668 8.92231 7.7964 0.00106808 44.8117
-69.9786 64.5718 162.504 209.004 55.1303 3.94261 15.5382 0.00220254 45.1635
-67.7614 53.0971 151.087 259.031 55.1303 0.163398 2.02558 0.00145958 47.2875
-65.345 55.932 125.238 288.753 8.33893 12.4178 10.9044 0.0118325 46.1031
-64.3711 51.3333 136.122 262.931 60.611 14.3114 3.75229 0.0066883 47.7928
-65.3826 56.6593 138.081 228.248 62.5858 13.2991 6.95314 0.00720786 48.1132
-68.9379 65.4211 172.636 209.572 11.2853 22.9411 28.2224 0.00986041 45.9422
-69.644 77.1036 114.442 252.43 24.2091 1.15824 1.53686 0.000935291 44.6415
-69.5723 77.0415 131.236 233.867 16.151 8.45116 28.2518 0.000910457 44.9831
-68.1696 63.7898 155.619 233.996 29.3937 7.35689 11.3989 0.0038537 43.6225
-67.8325 53.6095 165.337 231.375 20.2109 6.886 1.86743 0.00963481 43.7888
-70.8737 65.4543 146.209 250.261 8.41582 24.6608 6.53967 0.00440752 44.809
-62.1605 57.5347 140.846 260.531 15.387 5.40182 15.6748 0.0289776 46.8416
-66.6788 46.0793 160.187 250.272 52.4497 18.2564 9.07709 0.153465 49.1867
-67.9462 38.6371 95.7472 302.695 16.5146 33.5941 12.9974 0.169364 53.2761
-70.8069 53.2636 131.057 253.642 31.5685 12.7578 9.3824 0.0813546 48.1615
-69.4184 54.1831 161.919 260.494 8.1721 33.9805 9.97998 0.0738449 48.5863
-69.1013 37.4905 256.99 155.929 16.3112 16.9599 8.40737 0.0312709 47.8209
-69.3758 45.9458 210.321 185.771 14.2235 28.1192 13.2435 0.00957501 46.04
-66.3326 69.4574 176.561 190.259 11.8661 18.9521 20.6433 0.0139793 46.3281
-69.6892 74.6309 182.004 178.672 25.1896 7.92349 9.988 0.00488203 45.0793
-65.6515 67.0731 177.628 218.69 2.7986 2.45891 9.56298 0.0114388 44.933
-63.6678 61.2352 154.656 212.844 46.901 5.39489 6.43707 0.0114388 46.444
-67.5518 46.3046 184.974 221.768 7.56367 41.3569 17.7852 0.00559948 46.666
-64.9018 46.272 210.412 185.274 11.0508 8.79963 14.5484 0.0226536 45.5856
-66.8325 44.441 203.18 195.478 26.2253 3.6782 11.0545 0.0288696 45.1582
-66.3344 51.8183 208.744 177.988 39.4339 11.8074 10.173 0.023287 45.8629
-61.139 31.7452 199.678 221.948 45.5579 11.7184 5.29044 0.0575954 49.6541
-63.5199 62.4897 168.086 238.518 5.54073 23.206 10.3756 0.0624694 48.3192
-62.543 49.006 153.371 264.077 8.65385 22.3337 25.7427 0.219812 52.8533
-60.7133 63.9782 137.689 238.117 8.81521 20.4113 20.8117 0.0440792 50.0177
-73.4034 45.9517 194.376 202.732 21.9031 5.04954 17.9172 0.0221627 47.0414
-74.5926 15.3197 229.574 162.221 55.7961 4.8197 11.8915 0.109405 55.4141
-72.034 13.9544 268.22 153.675 50.7019 4.7355 10.1669 0.194664 53.0372
-69.2443 13.9544 270.355 152.24 35.3805 4.54181 11.7846 0.089199 49.8074
-69.2443 13.9544 258.855 145.605 82.9462 4.42859 26.7162 0.141188 53.0081
-69.7137 31.4458 258.855 145.675 66.6061 2.78444 18.3679 0.0686037 50.536
-68.6363 64.5851 154.516 222.419 74.8866 8.66023 24.0404 0.0347882 48.2697
-68.2639 94.5221 111.72 254.512 4.03554 14.2581 4.04114 0.00381236 45.8707
-68.0316 51.8172 145.615 244.93 12.8961 0.866417 19.7303 0.00983893 45.8669
-69.7287 40.913 150.887 254.777 18.5051 9.72606 9.59252 0.00205878 45.9017
-67.6105 60.7818 146.346 257.136 48.3586 5.15095 15.4452 0.0285022 46.9451
-65.6836 53.4559 161.777 244.056 18.0474 2.73027 9.08518 0.00279117 43.6907
-65.0298 52.9521 202.024 200.734 24.5725 28.4767 3.83316 0.000925749 45.2009
-70.0198 58.088 169.011 205.139 14.5178 12.2829 3.57554 0.00905893 44.955
-63.8879 73.6137 135.452 254.007 2.79241 13.7288 5.69191 0.0283893 46.2797
-64.4123 65.8342 128.234 240.746 8.37336 24.5887 9.17137 0.0433587 48.2677
-64.4995 76.9135 115.542 259.332 17.1062 10.2743 7.69425 0.00449713 44.8598
-64.335 71.9526 117.924 267.758 9.77626 15.8749 9.86116 0.0064809 45.2662
-69.3176 64.2283 159.914 201.116 1.68869 5.53686 8.90013 0.00397642 46.0344
-67.7424 74.9283 143.882 202.587 61.2436 6.90542 7.3312 0.00928715 47.1129
-68.5379 76.1149 150.64 216.521 50.4999 9.76266 1.62706 0.00126376 44.6951
-69.3324 64.663 136.162 214.752 54.9859 9.70794 4.46069 0.00253171 47.856
-68.6399 46.7911 150.397 267.252 18.3329 9.19693 7.68505 0.00518526 45.0573
-68.1037 62.5624 143.6 249.338 6.70253 35.7636 5.80928 0.00101019 44.7174
-69.1712 64.3585 135.74 242.553 18.2065 6.12457 2.9321 0.0141739 44.501
-67.507 57.5048 160.622 241.646 27.922 8.21226 12.5395 0.013276 44.5937
-62.5275 59.465 152.174 230.982 27.922 2.52531 0.821896 0.0412467 47.2099
-69.5391 61.3679 148.053 225.604 21.3116 17.8592 2.37662 0.0288099 46.1769
-68.7631 52.974 176.917 221.754 3.90606 24.2629 22.1165 0.0910895 48.1363
-69.2129 86.3011 193.541 159.382 15.5206 16.0642 1.56485 0.0533835 51.2532
-70.5614 75.3751 200.514 160.487 32.1063 6.53752 2.80615 0.023354 47.6138
-64.7653 53.4386 135.967 257.679 53.3521 13.4186 11.9336 0.0152485 47.3983
-66.0201 88.7979 86.9879 282.263 24.3282 10.8183 16.2566 0.0264592 47.7561
-68.15 63.6706 115.029 268.441 9.13711 30.4681 27.5417 0.0472513 48.8935
-69.9972 39.6765 141.558 283.095 18.4793 9.11498 11.4908 0.12696 47.5878
-71.2006 49.503 133.266 286.55 29.5984 18.4295 16.0694 0.153888 49.5714
-70.6834 31.3126 140.853 278.824 14.8417 23.8382 1.23318 0.110751 49.7179
-65.3592 53.8795 176.465 204.79 18.0728 6.22789 2.06768 0.00531997 44.2348
-66.7398 45.9679 184.326 220.304 11.5257 10.9456 8.78418 0.0211933 44.4589
-66.6418 56.833 187.21 208.765 1.08926 17.1125 3.14815 0.0104331 44.8127
-69.8752 41.2715 237.189 189.822 35.4244 8.2095 9.86542 0.0119645 48.1903
-66.9231 50.544 229.528 176.247 24.5897 19.1898 32.3783 0.0076496 47.8983
-65.4589 84.9096 93.9268 285.044 10.3018 8.47609 27.6918 0.00179028 46.6262
-67.5546 84.9096 98.389 272.502 0.853243 6.34508 38.6423 0.0225052 48.7654
-61.608 57.1386 98.389 312.721 5.92948 4.38777 11.2339 0.0719198 49.6182
-62.1799 31.863 260.77 157.736 5.92948 4.93828 6.16348 0.0143177 48.4743
-62.1799 73.9897 83.7131 315.021 5.92948 5.36859 6.16348 0.0683746 49.3346
-64.6021 46.6965 207.548 167.773 7.89281 10.5858 34.5129 0.0477362 50.4007
-72.411 58.5264 127.33 276.789 8.39631 34.0583 34.9268 0.0535096 50.482
-64.7674 45.1564 171.469 230.99 25.6309 1.16513 10.7389 0.0212051 45.671
-64.7411 53.2747 135.561 265.248 4.60837 30.7799 3.33205 0.00247815 46.1989
-68.7555 54.5678 124.618 282.452 6.52449 36.5951 7.45474 0.110084 48.5403
-65.4992 60.7786 171.915 222.993 6.7982 14.0649 26.5163 0.0287955 46.1734
-70.4518 79.9538 149.172 234.282 37.1621 8.31744 23.9804 0.0144238 47.4284
-68.3364 65.6205 165.65 223.529 46.023 2.36996 0.838787 0.0187552 45.8296
-67.4352 35.8722 180.699 263.748 26.7876 4.32072 16.045 0.0349545 49.091
-65.7298 33.9465 207.198 223.415 17.9262 11.6883 11.3811 0.0169478 46.4857
-67.0722 52.0389 182.529 231.455 29.7901 5.8912 4.70495 0.0213474 45.3891
-66.4089 59.0033 164.702 227.93 20.8945 8.19003 7.44159 0.00615081 43.4097
-65.7408 63.6776 165.081 218.385 24.2331 4.97295 5.15181 0.00434786 43.376
-69.5316 48.4878 181.102 216.631 40.7701 9.13929 5.09327 0.0140628 44.9983
-65.3209 55.8441 166.411 235.752 18.2296 4.20922 2.82839 0.00558303 43.717
-71.1328 51.6523 146.447 225.264 53.2036 12.4241 4.8096 0.10013 49.9458
-62.3068 38.5663 164.842 274.376 13.0649 5.2514 5.43172 0.206055 50.7914
-62.3822 61.9464 139.129 272.974 32.8017 3.01328 4.98778 0.0413049 48.7835
-62.3993 62.1319 186.385 205.676 47.7115 7.02715 10.5223 0.00264921 46.5263
-64.677 48.7801 219.975 185.467 43.2468 8.82308 28.5839 0.0343965 48.8502
-68.2372 58.7669 206.569 188.38 27.1061 38.7946 20.5926 0.0341416 48.912
-74.1875 47.6588 185.807 214.915 21.8577 14.3607 17.6364 0.0184656 47.6163
-65.2389 37.7419 188.38 224.432 22.6204 18.1451 14.9305 0.0600722 46.9437
-65.6711 43.3775 219.183 200.648 35.318 7.20367 35.9419 0.00299865 47.9443
-70.3398 60.1937 208.207 185.843 1.85275 18.8185 28.0111 0.00475483 46.8023
-67.3829 88.82 128.694 210.638 33.1861 21.1195 15.4777 0.00354325 47.7435
-71.0103 64.5466 201.839 173.462 10.5706 20.0477 9.83667 0.00295836 45.3415
-68.6782 57.214 186.286 199.391 41.5802 2.64027 5.34341 0.00385624 43.9764
-72.45 74.1524 147.33 235.247 36.3213 20.8063 23.8824 0.0445165 48.9836
-72.885 42.8671 177.005 241.108 2.53293 14.9361 46.535 0.0542232 50.4361
-67.3169 45.2936 174.545 252.929 6.42239 11.766 3.29526 0.0176724 45.587
-65.6434 72.2292 167.911 225.732 14.704 6.73775 10.9734 0.00186016 44.3442
-66.0363 64.9012 138.415 239.521 57.6846 6.33036 8.58792 0.000865074 44.8791
-66.76 71.6228 141.978 229.444 17.9218 18.3469 20.7037 0.00191195 44.7352
-69.2311 84.5948 169.943 196.226 17.1647 3.86725 17.6551 0.0076537 46.1027
-67.2523 67.3361 139.61 244.059 35.9717 7.90631 16.5394 0.000411016 43.8336
-66.2404 70.0428 151.236 239.403 18.863 9.41027 5.08198 0.000411016 42.9876
-71.0505 42.7706 180.565 231.546 3.72658 3.18704 12.2911 0.0076143 45.1806
-65.0268 24.884 182.965 253.788 8.80995 5.51075 24.3942 0.0230937 48.7578
-63.3102 34.3637 212.692 213.961 14.8648 15.0443 19.7337 0.0373897 48.0744
-65.3501 57.5964 172.628 232.332 16.8635 0.7509 34.9461 0.0279953 47.4027
-66.1618 51.3011 168.734 217.59 9.31782 10.4055 6.60098 0.0482509 45.7727
-70.9237 60.2625 182.608 196.08 3.80837 72.0122 23.4117 0.00661863 50.8086
-70.8256 34.68 212.204 188.57 9.97372 10.3545 13.6016 0.0442852 47.3619
-67.1545 52.6049 175.452 224.376 19.0218 17.3494 13.5272 0.0500298 45.7373
-65.3549 69.1161 177.751 191.587 54.1753 3.81309 10.8652 0.0131949 46.1338
-74.6226 73.824 138.434 235.618 21.8233 4.53303 0.847468 0.00934243 46.8064
-71.96 65.2688 143.341 227.283 9.62175 3.97984 13.2061 0.00836201 45.7127
-72.3556 89.6554 116.772 260.71 2.86388 35.6918 4.41246 0.000293731 47.4058
-66.3733 81.8974 108.169 268.921 5.55631 15.9657 25.6306 0.000138479 45.2756
-65.7058 55.076 160.632 221.416 23.0694 12.4769 13.1167 0.00055787 44.0366
-62.8912 52.398 201.628 183.66 26.0153 28.1401 12.2048 0.000411309 46.0741
-71.1171 56.6427 181.588 201.744 46.6746 27.8326 15.0715 0.000759333 46.0976
-69.6997 67.5118 168.9 207.656 95.8367 48.8171 19.4888 0.00941807 51.9368
-63.8213 28.104 218.913 203.045 48.0117 4.64621 40.2848 0.000482397 49.3994
-71.5564 74.8379 165.874 213.372 10.9037 6.49191 27.1583 0.00231594 45.2474
-69.9969 63.5806 166.27 225.898 47.4922 31.6072 15.259 0.00655175 47.0953
-68.1716 42.3692 166.594 242.942 38.1901 18.5626 3.17645 0.0141321 46.3156
-69.0358 40.16 166.439 276.025 32.6478 9.98642 24.3201 0.104603 50.8745
-69.0706 46.7715 166.291 243.73 46.4324 0.687421 16.985 0.0699947 47.8947
-65.8544 47.5687 160.689 244.365 28.4262 7.39467 23.3664 0.0687811 46.924
-66.6875 52.8272 146.489 232.567 24.0252 5.26896 1.27087 0.0249702 46.3765
-68.1662 49.2656 141.815 244.659 23.1597 7.80864 2.58559 0.0377773 46.6195
-66.1296 54.0762 134.94 266.828 15.2594 8.22643 5.94077 0.019866 44.9851
-71.508 75.2136 128.956 249.282 29.0909 8.22643 1.32177 0.0248572 46.0208
-71.508 75.2136 128.956 249.282 29.0909 8.22643 1.32177 0.0248572 46.0208
-68.0685 78.5489 107.307 259.717 39.4891 5.33119 12.474 0.0120581 46.0113
-68.6859 85.437 100.426 251.995 62.7309 3.83896 6.46485 0.0120581 47.6939
-65.7347 94.4328 113.941 220.647 57.8811 19.4507 28.7556 0.0120581 51.1448
-63.8627 77.7333 138.143 184.827 105.596 34.9469 13.8399 0.00313155 54.8696
-64.1915 69.0285 163.094 198.336 5.31403 12.2057 12.0292 0.00313155 45.6582
-66.5295 93.4386 121.064 211.088 41.9468 16.2714 6.89999 0.00313155 48.1835
-67.0089 86.0423 112.444 235.857 35.6638 29.0791 9.59518 0.00313155 47.4508
-71.8153 93.7388 114.939 235.857 14.8171 27.0913 7.42858 0.00313155 47.389
-64.5064 86.9471 136.135 248.168 10.8979 10.0709 16.0341 0.0182725 47.8797
-62.8108 56.8272 163.338 234.551 19.2947 7.67779 23.4785 0.014915 46.2606
-67.2828 55.7382 165.169 232.36 38.9723 10.4273 10.7802 0.014915 44.94
-65.344 47.3567 147.244 264.295 35.7789 22.3842 1.68795 0.00281895 46.7323
-67.5377 38.0173 133.293 302.012 25.6051 35.6227 9.09226 0.033355 51.072
-68.0593 60.1458 96.0069 288.795 22.9687 35.9692 25.5452 0.0520079 51.0005
-66.7098 57.2419 149.509 223.502 27.4379 13.955 4.98457 0.0469891 46.8347
-72.5557 73.5042 143.253 223.524 26.9674 12.8501 14.6338 0.0516194 47.9387
-71.3469 50.1456 205.699 187.013 29.2495 2.92065 14.3525 0.00454589 45.0517
-74.2059 39.4749 177.719 255.349 11.6969 3.44579 12.2328 0.0618037 49.0263
-74.5607 54.455 129.02 267.396 32.4714 3.78074 16.8569 0.069627 49.6237
-66.7956 53.3642 111.945 305.785 18.1447 11.1076 12.5423 0.130539 48.04
-65.0205 44.9356 136.19 277.025 15.5805 8.6598 22.0742 0.161155 48.6565
-64.4242 34.3918 146.708 286.079 35.7773 7.71664 10.7752 0.0638729 49.3445
-64.9781 47.5105 140.425 279.61 30.3293 8.1862 30.9704 0.0619007 49.0711
-64.4541 27.9765 159.834 289.523 31.6347 18.3628 23.8382 0.218061 52.2572
-64.7481 29.5057 250.484 148.755 38.9718 8.30586 10.1053 0.136932 50.9529
-65.9349 42.0568 203.872 182.803 53.2856 7.45913 11.8886 0.118108 49.0261
-71.178 52.6947 233.964 160.538 39.6869 7.56383 2.40942 0.077201 49.5056
-69.4483 100.443 111.851 237.977 21.628 38.3563 7.11889 0.0121074 49.4864
-67.1261 86.8598 140.692 203.125 17.1985 19.2907 9.7506 0.0435555 49.0874
-67.2322 68.8923 116.642 275.928 15.1026 23.0487 2.97232 0.00405298 45.117
-65.6165 61.1093 116.642 275.339 30.608 12.9144 8.29664 0.00405298 45.6218
-68.0195 65.5658 122.448 283.146 10.7618 13.4009 7.79061 0.0143348 45.3447
-69.7797 74.3156 160.055 219.827 7.87296 15.1781 13.7928 0.0133099 44.9728
-68.6103 64.6886 173.485 211.086 25.8657 46.309 4.04627 0.013079 46.8985
-66.4322 37.1203 229.992 164.9 15.3983 21.7528 21.9774 0.00206657 46.9487
-70.1758 62.731 212.741 166.229 55.5231 2.9685 24.0389 0.00629038 47.3535
-67.5042 30.4509 215.019 206.863 40.6841 4.27412 12.0653 0.017406 46.8236
-64.5854 57.8359 214.374 173.173 12.731 3.8177 15.8679 0.00872379 45.4749
-71.5052 58.9061 194.209 183.552 68.356 15.8336 10.4096 0.00493651 46.9233
-64.5264 60.7831 192.679 182.61 37.8225 12.0942 12.9492 0.00277645 45.1526
-65.9197 60.8061 179.546 199.549 4.30478 15.9207 35.7166 0.00477511 46.3093
-68.7148 58.6506 175.724 230.809 5.05549 31.1591 10.4263 0.00477511 45.3465
-66.1673 66.1933 174.189 206.825 21.3 2.92289 10.4263 0.00477511 43.6497
-67.9429 66.1933 174.189 206.825 26.5677 33.5579 14.6953 0.0046198 45.6995
-72.9528 75.1943 174.237 200.002 7.75343 29.9054 10.0361 0.0104029 47.3285
-68.6445 61.8411 218.491 176.161 7.75343 24.2486 6.16261 0.0143246 46.6732
-62.2725 83.6104 62.5227 315.761 35.9292 36.5167 8.26516 0.0397322 53.0321
-62.8154 11.7757 188.091 258.545 19.0234 28.7567 0.0475559 0.0588474 54.0442
-64.0793 92.6636 128.535 207.856 30.5366 21.4044 22.6805 0.0351668 51.6202
-64.6192 50.7804 205.775 165.167 39.4299 12.0294 3.3728 0.0649327 48.8205
-68.542 48.0516 231.421 172.202 27.7061 7.47018 15.7072 0.0102986 45.8943
-66.5594 42.3932 142.852 268.484 93.9075 30.1213 19.8068 0.00285811 52.8802
-63.6827 45.0415 211.334 214.111 0.218086 51.0741 37.7454 0.00214618 52.6234
-67.7007 43.3334 156.566 232.392 8.92729 44.2393 35.8917 0.00214618 50.6954
-64.6188 56.0176 160.944 238.032 8.65013 1.32477 5.57357 0.0179089 44.5773
-70.1521 61.3633 161.193 233.403 35.706 23.4088 2.02309 0.0328055 46.5212
-65.7408 71.8824 135.962 245.846 21.8969 19.6327 3.23072 0.0262466 45.6676
-65.8928 64.5642 155.19 242.537 13.8286 5.19392 11.081 0.0197313 44.5126
-64.7417 56.6646 104.82 299.627 37.9056 11.5975 21.2209 0.0447155 49.3647
-63.5352 64.4064 155.639 210.936 14.8208 13.2866 12.8979 0.0737594 48.9491
-65.3674 61.1345 146.625 224.19 14.8208 15.0919 13.6698 0.00862096 45.8493
-68.9233 87.3755 110.938 250.072 48.4735 19.296 15.769 0.00862096 47.5468
-67.2241 84.1401 113.767 239.718 32.4258 39.3395 19.1767 0.000940528 47.9838
-66.3974 84.1401 135.776 238.687 27.107 29.285 19.1767 0.000940528 46.6192
-71.4662 43.3581 229.634 176.267 19.9959 2.74147 12.4572 0.000940528 45.1128
-70.4891 57.1266 239.419 148.905 13.5549 12.4917 7.70977 0.0171172 47.1507
-70.5025 22.532 276.9 163.248 12.3229 8.89005 5.97099 0.000871801 48.9264
-65.9542 111.51 47.1666 290.862 39.3331 5.92578 8.2164 0.0310958 52.124
-62.3557 82.334 46.3909 297.643 56.538 13.8294 5.81909 0.0278774 55.4608
-72.6936 22.5936 256.331 176.381 63.537 8.4397 5.71968 0.00368532 51.3603
-71.6788 67.6798 162.004 225.862 51.5114 16.8465 23.5957 0.029319 48.443
-73.2212 76.069 87.0341 285.294 20.9834 18.0752 23.1675 0.0219704 49.8331
-73.1828 82.3514 82.2311 277.381 97.257 4.05169 8.39997 0.00750162 52.1557
-66.519 82.8864 120.616 224.204 51.036 33.6361 7.05772 0.00650053 48.8034
-68.8315 75.0298 139.663 239.756 36.8179 15.5673 11.4898 0.00629658 45.1071
-72.2935 72.753 149.482 229.894 40.2424 15.3896 5.71297 0.00578857 45.7391
-63.6239 64.0544 166.302 213.374 17.2261 12.1318 34.6989 0.000104522 45.3383
-68.6686 83.4622 139.806 225.553 2.2953 9.99002 36.6458 0.00155558 46.3021
-70.1025 62.3128 139.697 242.255 24.3363 11.1608 23.9588 0.0027923 45.1873
-64.042 42.0118 207.645 184.909 11.5894 10.2711 23.2977 0.00696624 46.4501
-64.4271 52.0895 230.732 187.822 32.7313 10.5404 5.09868 0.00675067 48.5683
-60.5866 61.7501 229.494 151.552 16.7286 24.6506 3.62136 0.00160923 49.275
-65.0139 68.3969 146.161 220.175 57.1102 21.0433 8.88908 0.00194887 46.2189
-65.7363 58.1571 162.425 216.568 26.3446 23.9612 3.11259 0.0145504 45.6874
-67.5523 57.6085 159.114 248.529 4.78408 3.53115 25.6021 0.00540872 44.7727
-67.1138 79.0259 158.493 214.611 17.5365 3.93078 10.6262 0.0129528 44.8088
-68.1039 73.853 138.532 221.241 34.9078 3.58433 1.7065 0.038042 46.5537
-71.2078 53.6325 152.714 240.369 44.1811 5.12544 18.416 0.0110116 46.3689
-67.1531 39.8984 207.176 206.076 38.977 20.6393 7.8232 0.005295 45.9389
-65.5888 83.0998 107.129 233.648 45.7629 20.5282 8.45614 0.00437209 48.673
-65.6778 58.2164 127.549 247.089 120.26 20.5893 2.7107 0.173597 53.6579
-64.7632 62.4212 118.303 272.016 28.2068 19.4715 16.6683 0.0674269 48.0277
-69.1449 67.8317 104.416 281.276 5.42664 14.6303 8.41911 0.0275877 46.216
-67.2624 81.1095 89.4681 292.492 1.39584 1.95452 10.6175 0.0275877 46.9154
-67.4958 79.0992 77.1198 307.801 1.39584 10.6553 8.69101 0.103883 48.7514
-67.3754 82.0501 77.1198 307.801 10.9635 4.12772 6.20845 0.0785254 47.6667
-67.5396 72.3058 77.1198 307.801 22.9729 5.78098 8.90697 0.0620746 47.8847
-66.7559 71.4342 102.798 291.812 21.3268 19.4288 1.65149 0.0924052 48.0387
-68.9489 53.3096 178.094 214.768 40.8569 5.17811 1.32713 0.0682203 46.3675
-67.7973 55.6686 173.303 248.179 13.5667 3.56606 12.4567 0.056579 46.9247
-67.2048 67.8586 126.169 280.342 25.118 10.6315 22.9563 0.0662673 48.2463
-67.817 70.0071 132.426 247.54 26.0926 7.15232 11.5378 0.116958 47.641
-65.6547 61.6285 156.051 246.576 5.39702 11.14 11.7996 0.0797712 46.5532
-65.6288 87.057 170.347 204.006 11.4899 21.9915 13.2963 0.0284137 49.3427
-71.3346 55.8585 140.214 238.814 54.2925 31.8115 27.9961 0.192165 53.636
-74.1377 63.3667 140.97 230.567 39.1624 20.8878 47.7714 0.0537404 52.7033
-65.1335 75.2577 135.409 231.129 83.2721 9.07536 12.2392 0.143196 52.0156
-65.8143 75.0462 137.84 230.418 28.2095 25.584 15.9144 0.0269434 47.1165
-68.015 79.6751 135.543 226.264 4.94383 12.8196 16.4685 0.026529 46.4147
-72.053 76.0806 147.586 226.461 48.0971 15.0442 7.70335 0.0230617 47.1406
-65.202 32.8678 199.834 237.821 16.2003 43.6262 8.45677 0.0456234 49.9471
-62.1449 52.6075 219.834 199.712 13.7974 6.41484 8.31931 0.0070941 48.1638
-72.6006 61.1419 130.834 277.421 22.3727 32.8269 12.347 0.0355067 49.026
-68.9282 61.221 235.883 150.82 14.0504 10.1338 60.8919 0.00595602 50.4631
-66.193 88.9979 87.9945 263.967 12.6408 10.7464 29.0962 0.0886553 51.1925
-66.7592 96.1528 50.7031 308.005 9.37726 15.3889 23.1646 0.039876 50.7457
-66.6042 82.7521 65.8704 322.369 8.45993 8.52743 43.0998 0.0228966 50.5928
-69.3404 74.8151 121.946 284.129 5.13629 0.412148 21.587 0.0695221 49.0867
-65.1136 76.0548 133.625 239.48 6.80416 39.2685 13.4989 0.0126538 47.2795
-64.3506 58.6643 159.4 229.064 12.6466 19.3869 25.0084 0.0435067 47.2084
-66.2099 54.4542 173.356 231.554 23.4038 5.01438 25.788 0.0109355 45.3214
-68.1219 102.692 120.6 216.966 19.841 7.61614 14.1783 0.00446647 47.8626
-68.694 90.0145 121.953 240.246 11.6044 9.3561 6.59331 0.00018592 43.9083
-63.8248 54.001 151.343 248.057 39.8998 8.61118 26.1952 0.0121373 47.1171
-66.1774 77.4282 134.267 245.046 42.9772 6.6314 34.6185 0.0287948 48.3183
-66.0637 67.5954 175.547 201.657 43.731 24.506 6.87645 0.00224399 45.2891
-61.9004 63.0022 193.722 177.054 79.6407 7.64768 37.1916 0.00268582 50.4163
-63.0088 45.4826 183.53 213.506 46.7261 3.51775 53.0544 0.00214418 49.239
-62.95 50.3924 120.968 291.397 3.64389 25.0367 32.0491 0.0178354 50.3237
-66.237 75.0416 85.9076 290.506 62.7211 4.87181 38.1896 0.0186915 50.9964
-67.2092 80.3515 141.111 212.63 49.5685 4.65331 23.8763 0.0309156 48.0493
-66.7997 68.3525 141.111 227.937 21.644 5.59789 6.38505 0.0375126 45.5578
-65.0437 61.761 120.672 258.344 29.2808 5.89095 4.46858 0.110004 48.0536
-64.2864 61.6084 144.387 274.683 36.9735 3.76642 5.43805 0.0793931 49.8577
-73.5239 64.6788 155.943 229.936 59.0565 8.52415 2.33644 0.0739668 49.1909
-67.3875 32.5789 155.918 256.705 47.2613 42.0876 2.76356 0.202805 51.1354
-62.2698 31.5738 162.276 242.357 71.9377 14.8633 4.09731 0.225459 52.4147
-71.6617 7.07947 189.122 227.014 93.3189 16.0009 2.83082 0.214944 53.2576
-71.2031 34.8043 183.195 206.9 91.6915 13.6513 3.16831 0.214944 52.4763
-68.4605 39.2914 164.8 240.62 37.4226 12.853 18.2793 0.0795332 47.5818
-69.394 84.4782 101.19 235.229 30.7648 19.5702 8.59884 0.061787 51.6087
-68.4565 18.3068 208.848 212.499 3.91335 12.7084 7.77633 0.0467352 48.6867
-73.5513 27.2771 228.063 213.962 14.3284 8.29355 5.82347 0.0703029 49.6743
-64.5023 48.0268 151.375 254.407 7.14326 6.60504 7.14792 0.011126 44.9593
-67.2129 64.9964 152.575 238.784 26.8293 1.83344 33.5276 0.00818354 45.8227
-66.6749 76.1698 125.725 228.021 2.77671 15.2523 13.3255 0.00334313 46.5597
-68.5159 100.409 29.3118 341.75 28.8039 1.77563 6.64318 0.117451 52.0516
-66.9723 69.4813 121.434 266.028 20.2889 12.466 8.99141 0.142874 48.1721
-64.4923 38.7599 154.622 253.609 11.4145 18.4518 23.6903 0.106906 48.8592
-67.0731 37.8141 175.908 257.221 7.87461 24.0557 22.2353 0.000690939 47.0668
-65.3609 37.8141 175.908 219.133 3.19451 17.2205 47.0289 0.041166 50.9526
-67.4425 72.7357 121.206 263.627 28.2271 43.1061 41.1127 0.0351919 50.6948
-69.2229 71.058 163.505 223.952 61.5706 25.3178 25.9321 0.0871313 51.7325
-67.282 40.7776 217.558 197.529 37.9339 1.68909 35.9264 0.0163032 48.1083
-72.7807 48.8353 221.051 202.85 5.50562 10.5906 22.9594 0.0250933 49.1674
-66.3828 50.7574 182.899 206.047 64.7203 25.9046 2.18039 0.000222645 45.9419
-64.6149 52.7867 157.8 241 13.0769 18.779 11.6591 0.00394184 44.7284
-68.262 51.8127 173.784 215.398 27.1234 13.6945 13.205 0.00197573 44.076
-63.8479 64.1319 160.357 221.109 27.7739 4.6644 22.338 0.0122921 45.7357
-71.0767 54.0569 171.75 239.764 37.9339 20.6728 11.134 0.0044594 46.5183
-70.9985 29.1574 154.449 299.396 18.638 24.7556 27.8895 0.0151674 53.8449
-69.8355 51.5568 161.974 249.478 16.6865 20.5321 41.6782 0.0282323 48.2956
-67.1894 74.1514 95.1603 275.067 11.8021 5.61484 43.477 0.0017734 47.7963
-67.7651 65.5756 100.633 293.683 10.4613 3.96434 36.4736 0.0085688 47.4608
-67.8043 65.9981 114.975 268.778 37.3015 12.6244 20.3418 0.0419005 47.3191
-67.6312 80.947 120.778 243.439 15.5459 2.26046 14.1213 0.0310804 46.0659
-70.5226 85.6617 133.977 218.705 3.49969 14.9088 20.4487 0.0088803 47.1452
-64.2842 66.6153 136.396 240.175 22.6249 8.36848 15.8278 0.0462378 46.6771
-70.3363 73.0498 145.172 214.584 32.5338 24.1128 25.1453 0.0110397 47.6618
-63.6252 55.2938 159.051 230.608 61.7766 29.1405 11.6356 0.0881058 50.1107
-70.5779 31.4625 192.828 206.511 40.721 23.1467 11.5509 0.0872329 49.3171
-64.9678 59.2844 215.141 163.203 62.8611 15.431 20.163 0.0954427 51.8099
-66.4392 71.327 65.8404 313.827 8.42292 32.3316 2.61741 0.072595 50.8311
-65.1337 58.2505 144.17 277.475 29.9157 16.6569 39.3701 0.0637033 51.3941
-66.0456 46.1187 148.132 276.021 28.3821 11.209 32.9813 0.0681388 49.1929
-67.3815 49.2939 184.078 218.638 5.36189 8.82979 36.3906 0.0765811 47.7954
-70.9459 89.0851 152.179 198.943 35.3468 7.19048 8.16935 0.0404491 48.507
-65.5681 63.9392 129.922 226.921 31.0578 8.54142 0.292233 0.0337179 49.3743
-65.1937 78.1262 135.768 256.077 8.01427 5.93414 20.0948 0.00899757 45.9598
-67.2846 79.389 132.37 237.296 20.199 1.12622 1.56516 0.00899757 44.7839
-64.0431 64.044 165.268 206.089 41.1175 16.2415 2.0818 0.00899757 45.9582
-62.2507 61.2828 152.453 219.237 18.0525 7.63229 12.3978 0.00392254 46.018
-71.3636 55.0814 157.74 267.042 9.99702 4.7767 1.81744 0.00392254 45.9887
-72.0686 47.4791 179.31 218.762 42.9225 11.5249 2.1483 0.00790538 46.1224
-64.4998 44.7031 189.185 207.798 12.6946 4.66688 12.5962 0.0284842 45.4886
-67.5962 41.5937 196.517 205.126 3.13424 3.47838 20.9403 0.0165342 45.7056
-66.1575 59.214 174.604 210.287 28.4105 6.41407 12.8809 0.0451856 45.5861
-69.2563 77.1133 178.085 210.297 32.1359 9.47624 11.461 0.0356304 48.1067
-66.3983 75.4155 143.204 221.647 31.1735 12.8454 29.1188 0.0146477 46.7513
-65.7096 77.8418 156.374 226.019 60.2381 1.79672 9.61357 0.0602865 49.8231
-68.8102 57.3711 155.328 259.776 20.1227 16.0056 5.41183 0.0354258 46.2021
-70.1682 51.0957 134.175 272.507 21.6516 28.8202 6.23907 0.048368 47.5883
-70.7708 66.7097 98.9243 286.095 25.0254 9.87058 4.92738 0.0382838 47.1472
-66.0927 68.8987 178.027 190.378 38.9318 3.78059 5.69105 0.00871076 44.8495
-67.6955 63.5269 179.319 190.378 21.4072 2.27303 2.78165 0.00274187 43.8424
-68.8315 61.6223 212.346 191.78 11.3254 24.2652 1.91408 0.0131464 47.0709
-71.3669 47.6621 189.983 230.707 30.1856 12.5215 3.03335 0.0159112 46.7127
-70.3736 64.7694 172.253 225.861 35.7969 2.43694 9.95077 0.0192754 45.8793
-63.6611 47.3884 147.009 254.444 16.277 14.2915 7.15505 0.0362045 46.5898
-65.7115 73.8226 130.96 224.924 29.216 18.0611 3.08067 0.081591 49.2987
-68.6813 68.9592 129.587 244.022 12.4061 35.1293 2.61537 0.0426957 47.5281
-67.0749 56.3299 171.382 217.184 35.1594 11.7019 3.62588 0.0235762 44.8325
-63.5734 56.7533 176.543 229.786 5.3886 13.4997 11.3272 0.0128614 45.4577
-67.1181 57.0114 182.521 197.052 58.2839 8.88656 22.8602 0.0165765 46.6167
-67.5516 58.0286 173.17 225.373 11.1466 8.90583 40.9401 0.00915323 45.9025
-70.157 47.2498 209.143 195.284 31.7347 19.3141 36.7276 0.000499063 46.7622
-66.2229 52.1069 209.438 184.697 4.29064 28.1178 2.62867 0.0145342 46.0222
-64.125 42.3634 178.346 240.297 60.8409 6.06732 25.1669 0.0197514 49.4546
-65.6923 67.1938 164.864 226.859 61.7132 14.3044 57.9172 0.0225836 51.7236
-62.8382 51.0223 150.989 262.336 68.2977 17.1593 15.4341 0.00716649 50.3592
-69.7253 78.6512 149.905 186.819 103.058 10.3816 4.12629 0.00584761 49.6991
-63.4059 43.1855 215.579 177.587 35.6403 5.67882 9.20404 0.0319236 46.8507
-65.5104 37.1229 190.875 220.309 21.3362 6.99486 18.4529 0.0355276 46.1991
-71.8614 26.4265 234.838 190.261 55.3806 36.212 16.3314 0.0359551 51.9925
-68.1242 32.0022 213.729 191.061 64.5404 80.7128 0.10883 0.00841853 54.7391
-69.266 26.4969 241.088 162.125 36.4232 88.1439 3.62579 0.0156211 54.4587
-65.5276 49.8848 204.536 163.645 63.9756 22.8294 25.217 0.0117412 49.5303
-67.4432 57.1467 147.395 271.032 22.5781 1.13367 13.6803 0.00041526 45.3034
-68.5092 57.6646 116.146 287.551 22.3687 0.953806 17.0674 0.0340679 47.0843
-65.4033 37.2612 218.907 174.515 14.812 14.5327 39.6519 0.00804833 48.505
-70.4644 39.6322 200.354 207.992 27.712 2.78004 33.4147 0.000759619 46.2547
-69.1429 41.0659 188.556 215.962 12.3404 3.22613 46.4619 0.00864834 47.4274
-69.5109 43.5203 194.8 199.972 12.5606 16.0632 3.45146 0.095911 47.4043
-69.5751 54.7549 173.887 211.248 7.52711 19.7137 6.40635 0.0224701 45.3718
-67.9581 34.0667 191.314 208.564 41.9675 18.0133 20.1571 0.0427471 48.2749
-66.2757 57.0277 193.615 215.627 18.0813 15.3142 11.5144 0.0351174 46.4932
-65.3079 48.8243 183.683 215.58 21.7245 10.3311 10.3621 0.00261738 43.8282
-67.5254 38.687 178.716 215.882 23.1884 2.85276 3.81918 0.0529865 46.5695
-66.3983 41.8903 199.431 213.956 18.6232 10.3757 2.08354 0.00928962 44.6063
-70.3065 51.1505 176.948 236.228 28.5087 52.2638 1.74173 0.00313869 48.2582
-67.642 33.5213 202.026 219.129 53.791 2.79913 20.6762 0.101565 48.929
-71.6735 32.8971 209.1 185.942 39.0831 33.942 40.202 0.149194 54.0647
-66.3385 38.9414 252.155 168.809 28.9647 8.2567 7.74457 0.00978462 47.3835
-66.3385 29.3603 238.728 162.296 41.2999 17.0701 12.6739 0.009804 47.8925
-60.6573 34.8165 217.905 187.801 34.6707 8.17683 11.02 0.0153059 48.469
-62.1031 46.0048 197.078 206.969 40.1134 14.3374 3.0158 0.0144964 47.1159
-66.096 65.417 132.792 246.269 56.7015 13.8072 14.68 0.117332 49.1521
-64.7341 50.327 191.776 197.158 32.668 16.2434 12.2788 0.0790371 47.6846
-73.8816 57.2176 198.418 197.158 30.8547 1.11049 5.53241 0.0015388 45.8548
-70.2308 61.0208 204.759 178.804 7.51671 2.21703 17.4215 0.00645051 45.0057
-67.8585 6.34996 214.644 244.379 4.89484 19.749 12.576 0.12475 50.0906
-67.7668 57.3356 206.67 171.717 5.58742 9.09564 7.13671 0.00180441 43.9924
-70.039 75.0297 181.069 208.582 13.0048 7.75149 5.32424 0.00461105 44.9911
-69.5849 49.873 188.217 227.988 13.0103 13.2244 15.0261 0.0126484 45.2964
-61.9811 41.8933 201.128 210.835 10.3928 6.8893 11.2437 0.0185386 46.3943
-71.3851 51.5287 177.03 217.262 23.8365 3.96752 18.7754 0.00310696 44.7601
-70.6528 56.8996 178.129 196.155 16.8996 7.23423 12.4115 0.00466143 44.8925
-66.8741 78.622 162.23 205.358 22.3708 21.0041 13.13 0.00266722 45.1228
-62.6065 104.292 134.962 204.822 25.7616 7.95661 7.33628 0.0216507 51.6289
-65.7684 39.7345 218.919 198.619 17.7605 11.1366 13.5189 0.0660606 47.0004
-68.4666 19.5487 218.919 229.825 9.31595 7.98088 16.9268 0.184712 49.4243
-67.6365 39.9553 171.915 243.526 23.5693 9.00967 16.2396 0.18463 48.5279
-69.1014 17.8842 173.983 254.103 19.343 18.5905 2.64633 0.206305 49.4864
-71.085 42.6296 203.177 215.047 26.5068 49.1628 9.49347 0.0322957 49.5245
-71.4521 40.1613 219.585 201.862 32.4764 33.6862 3.11963 0.0447648 49.4164
-69.9605 41.1372 219.276 189.663 44.4053 16.0549 24.3949 0.0336055 48.2186
-65.4501 46.0963 196.057 186.719 35.2772 43.6334 68.5435 0.0200677 53.6147
-69.6642 66.5373 173.063 209.048 25.0735 16.1286 28.1136 0.0308838 46.8659
-69.8941 68.4378 171.614 200.506 36.8635 13.8046 27.2787 0.00101147 45.3359
-70.1541 63.0321 189.587 183.532 11.8649 19.4238 26.9264 0.0054241 46.2642
-67.1875 55.7721 192.946 196.352 43.4119 29.022 34.4457 0.0311416 48.8858
-68.9123 33.6929 205.326 193.364 53.4707 20.2735 33.2836 0.034565 49.8546
-63.0806 95.1969 59.6818 298.127 41.2389 18.7251 15.733 0.0663312 52.6053
-65.5586 79.6011 82.2966 294.775 13.4156 22.9368 4.38449 0.00845235 47.1757
-62.995 80.8495 98.9942 289.445 1.37254 25.5464 6.53756 0.00849237 48.4704
-67.676 88.1358 97.9943 250.536 30.1626 12.533 11.6826 0.00538074 46.8273
-71.7 54.8656 175.696 208.917 24.4985 5.96397 16.905 0.0157621 45.6567
-66.8446 61.4887 182.551 200.183 20.8131 2.36379 46.7514 0.0021592 46.1241
-74.3214 52.1922 167.176 217.101 28.252 3.46745 44.5144 0.00255042 49.3959
-66.0012 47.7888 157.822 256.268 9.28231 3.57918 25.1182 0.00223061 45.1088
-69.1796 61.1936 152.422 236.222 11.8769 40.7623 13.4747 0.00318191 45.8265
-69.7389 57.3333 245.191 130.237 16.9814 11.9727 15.4728 0.00540247 47.4916
-68.6724 44.3866 254.804 147.552 3.19302 10.7157 20.5794 0.0160269 47.8919
-68.4284 37.2889 265.718 134.894 51.6679 15.3583 5.35634 0.00976414 48.4525
-68.2885 42.3626 256.881 120.338 44.1139 8.47585 7.10497 0.0111845 48.4018
-69.8339 52.975 272.659 108.061 63.0745 14.666 19.0543 0.0109362 51.7235
-67.0481 1.30458 278.976 163.015 27.9925 7.34787 8.79591 0.114253 51.1542
-70.9368 52.2062 210.52 145.277 12.0679 12.6402 6.84134 0.00406918 49.4547
-64.042 48.4233 232.995 140.501 37.5399 12.1933 17.9967 0.00222995 47.6572
-63.2721 63.956 230.646 139.534 47.8112 8.14698 22.4826 0.0294733 50.8534
-65.6606 56.7683 219.335 144.736 48.7184 10.6544 15.8777 0.0157542 48.0753
-67.017 40.6676 222.792 180.42 15.2307 3.37547 11.6716 0.0208703 45.2704
-67.1273 34.9471 239.414 162.938 4.82057 14.1825 5.03837 0.0278625 46.8273
-66.8566 31.8604 229.328 207.342 7.16633 4.12382 3.26815 0.026926 46.869
-66.3946 29.3167 204.294 214.028 43.8037 21.0306 14.5522 0.0486322 48.2646
-64.7746 43.889 205.747 194.442 62.5286 69.688 6.09952 0.0448991 52.494
-68.0476 54.9348 214.955 184.495 17.0111 34.2197 18.6177 0.0297342 48.035
-66.813 41.6558 192.683 220.752 26.9589 6.77213 18.6369 0.0306052 45.875
-65.1247 48.9985 194.389 191.053 47.1119 19.7035 13.3776 0.00162268 45.7443
-65.1203 60.2472 159.762 219.333 37.2976 11.6885 24.2823 0.0043307 45.6281
-66.7061 66.2772 188.971 189.607 9.10317 15.4774 2.33238 0.0631771 47.2752
-62.7046 33.9993 189.573 214.299 25.0278 12.4844 9.2474 0.0532709 47.8767
-67.3195 46.8466 181.391 207.942 20.4327 10.6154 1.02694 0.015404 45.215
-70.1711 54.8153 180.262 205.631 14.7261 22.3964 0.508362 0.0181254 46.0526
-69.8449 51.1734 177.729 230.719 8.64614 14.8316 0.570776 0.0488583 46.0425
-72.042 48.0868 166.77 206.458 17.6046 37.59 2.11686 0.0210025 50.773
-63.8525 49.9132 149.321 258.574 3.29204 45.307 25.3592 0.188445 53.0563
-73.2437 51.5791 149.321 258.574 5.85577 51.7337 17.4042 0.0620879 50.9106
-69.8442 47.3398 181.713 226.773 20.5562 30.005 27.9513 0.0734562 48.6458
-66.7658 42.776 174.691 249.614 12.7266 18.8157 35.538 0.0145261 47.8139
-68.8313 56.3766 175.311 229.447 5.45791 7.38124 13.4577 0.00431251 43.5873
-65.073 28.0177 194.006 222.169 12.6966 16.0234 54.4807 0.0202252 50.8206
-68.2994 38.4262 207.237 178.039 18.6998 8.3599 1.8321 0.00982956 46.6373
-68.528 48.913 194.137 200.793 41.4262 67.28 15.4654 0.0401813 50.8213
-68.1246 61.7262 171.284 192.647 15.0747 57.2817 0.10246 0.00181971 49.8528
-66.5208 82.6055 173.46 162.809 23.9298 15.7728 5.02956 0.00181971 47.659
-68.1462 76.6022 173.588 196.869 0.645351 17.3237 7.07649 0.0041652 45.5428
-67.8552 84.0657 154.507 199.16 5.77877 24.1481 1.98135 0.0105134 46.8576
-67.552 59.9952 137.507 270.188 18.7741 6.75926 9.41108 0.00382427 44.3085
-67.853 32.2656 155.607 272.855 18.8286 25.6278 8.7466 0.0148839 48.6832
-63.865 47.8279 197.789 210.226 7.44882 5.2901 1.66771 0.0769302 46.9314
-68.6665 88.7062 94.9434 285.364 16.2579 10.4319 10.1792 0.0201897 46.7972
-71.9139 47.6032 233.545 156.403 6.31313 7.23312 19.7525 0.00654423 46.926
-67.9805 45.0851 205.367 185.983 10.9731 42.5362 29.1614 0.0145713 48.826
-68.0125 39.2095 134.818 287.823 5.25486 0.345125 19.6832 0.186877 49.5777
-67.8757 35.0042 153.057 279.728 27.6368 32.2283 30.522 0.207503 51.6712
-68.9144 40.0055 158.169 275.944 27.7644 6.40764 17.7583 0.144087 48.818
-67.8318 10.0725 168.07 260.384 82.8306 3.55646 23.2517 0.23622 52.2982
-69.4857 40.1862 168.582 244.4 17.4954 3.55646 19.571 0.0538288 46.4844
-68.3264 60.9931 166.689 224.453 20.1213 29.7301 0.717693 0.171968 51.0669
-65.144 70.0898 167.963 221.739 21.7623 15.0186 9.33356 0.00295569 44.6042
-69.3293 43.2598 169.374 256.998 20.4027 4.37455 6.41858 0.0249167 45.9865
-71.4576 48.1118 179.34 240.24 8.99086 7.46003 22.5431 0.00929541 46.0826
-70.4257 62.9106 145.953 244.943 2.83872 0.550133 21.5653 0.0413188 46.7929
-65.5947 61.8746 142.573 254.99 1.92595 23.5056 19.5427 0.0208583 46.5237
-67.6355 72.7894 132.636 251.337 12.4895 13.9832 15.257 0.00540876 44.2491
-67.9041 68.943 120.186 269.621 19.7634 11.1895 3.02647 0.00540876 44.2942
-67.9041 83.5964 120.186 259.646 27.4793 10.8329 19.8015 0.00540876 46.0142
-66.4185 68.6355 120.186 241.788 26.4224 10.9601 14.4785 0.00540876 46.3412
-66.0687 29.0571 217.3 208.247 27.3787 8.41431 16.6574 0.0289359 47.0757
-65.8523 62.1889 164.572 240.736 5.9587 8.90557 11.0084 0.0266885 45.1677
-73.024 54.9839 135.806 268.143 20.5291 2.14413 1.75205 0.00129254 45.8368
-72.8283 65.0457 109.755 278.311 38.9867 5.9715 36.8161 0.026389 49.9274
-68.9271 69.387 140.408 272.43 51.9305 9.38314 27.3505 0.0390972 51.6032
-66.234 46.5332 137.204 250.133 47.5099 2.09977 25.1387 0.0475034 49.2589
-69.2228 57.3503 118.181 265.474 79.8137 38.4892 37.1783 0.0419373 53.6359
-67.0567 43.1844 195.37 196.579 14.3027 38.3496 32.9825 0.0464957 49.7472
-62.6235 59.7473 85.0592 289.703 37.9272 9.1109 12.9883 0.0144873 51.5092
-64.0135 79.952 83.2329 289.703 47.3203 11.3479 26.2845 0.00256503 49.2434
-62.9489 84.1562 170.763 204.459 61.0848 14.1792 26.8598 0.00148982 51.1745
-65.4145 77.4353 90.0289 290.925 39.1622 13.4205 20.4306 0.00688658 47.9987
-61.5339 55.2148 127.591 260.981 4.94179 14.8053 26.1074 0.000537131 48.0438
-68.794 47.7022 174.507 221.21 21.7945 14.2731 20.2023 0.000160735 44.1814
-63.7817 58.9173 187.83 198.314 25.3032 31.8079 3.36711 0.00188218 45.7073
-64.7253 70.969 147.057 242.097 1.71012 8.06971 9.13628 0.00337968 44.2779
-72.9012 97.9011 99.6397 236.834 21.859 9.53081 4.74532 0.016897 49.3802
-65.8847 68.689 122.679 246.067 12.8472 8.1687 11.9485 0.0109045 45.4937
-68.5053 51.0501 189.682 217.938 30.3181 23.9751 6.69397 0.0178723 45.8556
-70.5182 57.2157 188.972 197.937 34.7723 2.66076 36.959 0.00765614 46.6049
-71.4366 47.789 209.962 183.958 21.8502 10.5886 9.24217 0.0096093 45.2652
-64.7953 47.831 173.268 235.143 19.4564 3.06764 9.30535 0.0515733 45.6338
-61.5508 49.7055 165.28 245.864 16.6235 3.56818 7.94181 0.00765548 46.1252
-68.151 54.0409 155.803 244.206 18.883 9.93677 4.1712 0.0254428 44.4393
-67.3895 64.2393 156.793 245.135 24.1597 6.15896 8.0347 0.00891553 44.3693
-66.3251 45.8345 182.614 244.257 20.7817 9.85257 8.0347 0.141304 48.5163
-70.3452 84.6416 108.608 259.551 4.8966 12.8968 24.796 0.0385496 47.8122
-71.1063 53.6909 171.814 200.852 37.2962 24.7068 20.9389 0.00122986 47.4093
-67.4266 78.2392 156.914 198.85 4.70901 21.1002 16.4238 0.000626707 45.5385
-69.8154 59.0932 194.99 191.068 22.2424 24.2289 3.77274 0.0147904 45.4643
-69.6466 30.7254 169.379 239.754 19.9416 1.21588 29.9185 0.0469984 49.522
-68.905 31.3161 187.562 244.4 62.2669 5.77654 3.8177 0.0961328 49.5498
-71.4964 61.8699 136.596 248.826 14.6362 4.63003 3.54645 0.171312 49.6813
-64.4074 52.3662 137.768 254.459 16.1407 3.72325 1.09572 0.0931015 47.4555
-66.4356 49.6368 213.284 179.617 33.8319 4.75967 16.4814 0.0631041 47.1705
-70.7023 67.5612 164.685 216.3 31.0496 5.13058 9.19508 0.00921641 44.3748
-62.2814 54.7867 159.018 222.074 40.5782 33.003 5.80024 0.0506051 49.4298
-66.5677 66.6532 148.529 226.863 28.6873 7.81974 4.37644 0.0493853 45.664
-66.4457 54.2791 142.037 258.406 16.5532 9.7387 8.66502 0.00538232 44.1951
-71.4135 68.9405 140.574 246.233 11.6763 21.2727 19.0163 0.00144419 44.9821
-66.4213 31.1664 224.809 186.329 2.50847 11.9498 4.00653 0.156244 49.8133
-62.5001 58.3858 150.458 228.138 2.67208 17.6717 5.6879 0.00581757 46.5718
-65.2215 55.0598 178.961 199.944 3.04084 28.1414 3.52616 0.0157614 46.7278
-64.252 50.53 175.57 248.173 4.44765 24.4684 60.4062 0.000397136 50.0538
-65.8016 46.8049 153.787 245.01 63.7179 35.2804 44.5266 0.0471565 52.32
-69.1721 48.4266 133.708 243.6 11.3888 8.22825 13.799 0.106221 50.5354
-68.4474 56.1593 149.378 238.955 25.0668 19.9258 5.70569 0.0189764 45.2956
-60.0425 66.7063 152.944 243.362 26.3214 1.36227 28.379 0.0249641 50.3234
-71.2219 46.9831 214.493 165.606 42.1947 9.7062 3.98054 0.0347593 47.4642
-69.6053 44.6224 207.212 204.162 15.6507 26.5251 17.8618 0.0361736 47.1116
-65.5295 50.4392 199.552 204.62 5.12767 36.9055 1.65795 0.0377973 47.4837
-67.4197 46.9033 180.068 223.453 40.4084 20.9017 10.0086 0.02113 46.0785
-71.8861 42.5334 185.668 226.219 44.8757 1.62774 11.6145 0.0456223 47.642
-69.8189 57.6688 145.435 245.135 21.417 5.35525 42.0658 0.0475287 47.9018
-67.7319 46.8493 187.312 240.112 4.64065 35.6219 3.0008 0.0271012 47.8128
-69.0246 68.581 139.581 252.563 16.2331 3.89451 56.0184 0.066753 49.5167
-63.9924 43.6516 214.666 164.144 58.4804 11.113 19.1728 0.0498774 49.438
-59.5569 41.0984 207.714 192.091 30.5005 8.66265 28.5885 0.0310098 50.5085
-70.5554 70.4636 185.379 188.413 10.3429 23.8019 25.6292 0.0156129 47.2893
-65.8682 39.2056 210.943 202.938 53.1165 2.10328 36.0588 0.0488711 49.5766
-65.8067 47.773 204.053 183.033 65.371 5.806 13.1239 0.0069651 46.2523
-65.9991 56.7397 182.527 174.59 53.0346 13.1657 15.4277 0.0479395 49.5831
-66.6441 59.3071 155.036 240.735 19.7786 37.2495 10.3497 0.0290169 46.6869
-66.7037 54.8275 189.128 185.8 20.6066 0.158125 21.4228 0.0161132 47.1593
-66.3623 70.4625 107.5 278.477 23.1872 3.52775 22.2622 0.14419 49.1321
-66.0901 70.081 82.4134 310.456 53.7506 8.26996 15.4365 0.115074 50.3785
-68.409 20.2542 185.329 250.629 4.91507 35.6631 27.1911 0.00112432 51.4513
-63.9277 75.637 129.541 221.26 11.2263 48.1267 5.23315 0.000252611 48.8316
-66.2676 71.0837 153.223 208.416 31.5505 12.4251 2.99059 0.00148368 44.3767
-64.668 51.2368 162.518 219.733 44.2064 30.9052 4.20069 0.0111977 47.4742
-65.5732 67.7176 166.724 237.372 27.65 0.504802 6.18636 0.0214515 47.1682
-65.9659 64.6833 172.249 245.044 13.3372 46.8745 12.6779 0.0796972 52.1669
-70.9316 50.5212 175.209 224.721 11.881 23.3571 11.6578 0.14427 49.0666
-71.1347 33.2869 226.072 206.43 6.99518 15.0543 9.36776 0.113371 48.8848
-68.7202 9.25499 241.16 211.276 28.477 10.7089 0.907483 0.0943753 50.173
-69.391 19.3216 223.413 207.923 3.48217 14.9559 19.8087 0.130892 49.1381
-66.1496 13.144 216.653 202.238 5.45948 14.97 7.58711 0.102707 49.7764
-65.396 33.2764 200.61 228.608 12.126 9.26301 7.41238 0.188435 48.9987
-66.6875 43.6951 205.851 192.623 14.3459 4.97606 4.64141 0.112051 47.3076
-68.6589 32.9417 239.24 183.315 10.9559 11.4415 3.28146 0.0645211 47.1102
-66.1154 40.177 219.989 193.295 19.4325 9.08472 13.1552 0.0692669 46.8185
-62.6356 6.24592 203.566 236.909 12.239 21.5167 7.3199 0.0968791 51.3771
-63.7448 6.24592 205.145 240.838 25.0112 19.4649 9.47484 0.130648 50.479
-63.3977 38.3564 199.032 224.663 29.908 12.4402 14.8974 0.0755219 48.4634
-64.0396 55.8791 131.091 259.418 19.5105 17.9885 20.065 0.0264622 47.4123
-61.1582 62.4318 131.091 254.663 19.6392 10.2722 6.01922 0.0595656 48.203
-65.904 37.9698 183.622 241.278 15.2375 40.4533 19.9628 0.0962199 49.5196
-68.8062 53.526 163.842 249.209 19.5388 2.59199 19.9628 0.0385887 46.0791
-64.4525 35.9439 208.832 213.469 46.2563 24.7575 5.18727 0.0407866 48.8272
-68.0737 78.8501 159.135 228.274 3.93631 0.35812 15.5501 0.00742062 46.0959
-70.0241 53.3757 171.135 225.888 51.9616 15.8238 3.58496 0.00912445 45.7892
-62.0203 89.0163 155.096 204.355 13.3098 10.5881 23.1225 0.0196182 49.9347
-66.5273 69.9417 148.592 235.161 17.7656 16.2679 15.0643 0.0131241 44.8263
-67.8127 55.2901 147.516 251.102 33.3939 24.2332 41.5975 0.00145732 47.5303
-65.5831 75.9191 122.967 252.391 71.7082 16.3487 20.5046 0.059166 50.2223
-68.8376 89.7291 142.662 211.13 9.20665 12.7262 10.5294 0.00747681 45.9086
-69.6629 72.0133 148.718 238.717 10.0553 9.79617 3.9693 0.0171716 44.2785
-69.472 59.7688 151.063 229.222 13.5999 6.68381 4.12828 0.0171716 44.5009
-68.179 63.4276 185.238 194.227 35.2515 3.46503 2.054 0.0171716 44.8198
-68.179 63.4276 185.238 194.227 35.2515 3.46503 2.054 0.0171716 44.8198
-68.4091 56.8574 177.715 194.227 53.0923 20.2574 5.28817 0.00321458 45.7245
-70.0804 60.6511 187.889 194.227 53.0923 10.5968 5.28817 0.00321458 44.8597
-69.1696 72.9426 187.889 201.991 31.1014 28.6433 4.24338 0.00321458 46.8877
-69.1569 40.2572 220.627 201.682 30.8167 20.0116 4.90979 0.00321458 46.3185
-69.0884 38.7663 220.627 205.475 2.60917 31.2048 10.7025 0.0100669 47.4619
-71.0088 66.1024 200.463 205.475 17.0518 41.2243 7.16599 0.0100669 49.2659
-70.4405 54.8684 218.9 194.131 8.02863 21.6566 10.5286 0.0100669 47.0077
-67.381 66.9848 193.056 196.056 8.02863 8.24514 30.9971 0.0100669 46.059
-63.7597 49.0517 202.329 214.96 35.6537 6.97874 21.6847 0.0203625 48.1881
-67.3774 37.8178 199.804 193.497 55.4822 7.56689 18.9971 0.0100829 47.1555
-68.3499 51.6188 155.514 261.553 26.1833 5.64194 31.9888 0.000245502 45.8558
-67.0311 76.6732 137.5 246.658 61.932 20.0036 19.1915 0.000245502 47.2719
-65.945 63.6514 134.04 251.645 66.5897 17.7452 13.6032 0.000245502 46.3886
-68.7686 52.688 181.981 226.862 19.2899 19.7893 21.6371 0.0239793 46.2214
-69.9798 57.0469 171.643 209.6 23.156 20.0836 12.8251 0.0233231 45.8743
-68.184 58.6991 151.2 251.211 32.7418 34.0814 22.2426 0.0220126 47.8644
-63.914 70.5524 155.896 216.885 30.1829 18.8395 8.74562 0.0551473 47.7017
-62.4256 67.9795 129.324 237.32 22.0534 26.1433 8.26226 0.0762364 50.148
-67.3211 50.6094 123.488 295.331 20.9167 32.3378 8.84846 0.17753 49.6373
-70.3715 38.7085 209.763 215.542 52.5515 35.7226 12.3731 0.0423581 50.8134
-71.0291 30.5543 227.789 203.593 4.44261 56.1907 11.3144 0.0876295 51.6529
-61.1477 7.99819 246.332 196.717 37.6548 4.60307 11.3879 0.0337038 52.546
-65.2233 29.7895 246.767 155.395 24.3069 18.5503 8.26059 0.0840528 49.1562
-65.8732 69.5525 206.752 187.26 29.6567 19.0001 41.4067 0.0377934 51.9301
-68.8542 44.1287 225.64 187.53 18.6375 67.8376 33.7206 0.0611199 53.3572
-70.3033 58.417 174.898 234.152 7.45364 4.76292 5.71839 0.132978 48.0316
-67.3756 37.7396 160.839 284.964 5.1744 23.153 9.79933 0.234951 50.8929
-65.7069 28.6362 160.839 274.17 3.08624 1.31064 3.90623 0.205648 48.9389
-66.5065 37.9547 163.901 262.438 27.713 10.9228 0.780757 0.147023 48.128
-67.7983 33.4795 183.443 230.158 58.3027 19.1433 6.75819 0.0327947 48.2521
-68.5274 65.8897 145.793 262.553 23.4311 14.0819 2.90449 0.0283683 46.3834
-68.4203 97.6683 129.601 237.333 35.5925 1.51791 4.70735 0.0696987 50.7137
-68.1469 82.6637 107.977 259.867 9.99918 4.13341 5.48232 0.0926908 47.6578
-67.3471 52.3298 160.674 246.413 10.6946 4.3402 9.5147 0.0107046 43.8731
-71.6803 57.1751 183.497 222.501 5.00471 10.9659 2.79707 0.00769334 44.7097
-70.4347 47.1347 157.478 248.482 5.00471 17.467 17.944 0.00667538 45.9075
-70.5217 53.8181 202.245 198.851 27.4158 4.42276 6.35276 0.00706077 44.5006
-63.5091 45.9704 202.245 203.853 5.73717 4.42276 6.80842 0.000666244 43.8996
-64.3567 54.8488 188.748 207.951 23.494 10.2479 8.34862 0.00106482 43.7058
-65.775 79.1866 108.774 267.209 24.0474 7.00559 8.34862 0.00609262 44.9989
-65.0206 76.4575 114.854 279.064 31.3515 16.6065 7.19823 0.00821673 47.0024
-65.2986 67.6654 137.895 223.616 33.7701 21.385 4.9791 0.00391449 46.2308
-67.775 50.7607 200.078 173.027 68.2336 42.8973 23.873 0.00129218 49.5341
-68.0745 74.2191 191.75 181.391 55.3327 41.6653 5.52445 0.0177985 49.7278
-68.4649 50.0641 195.735 180.051 42.264 0.431861 13.2096 0.00477028 46.3078
-68.0803 50.1677 202.76 177.969 49.0234 5.45839 3.54233 0.00153844 44.5934
-67.5561 61.6513 200.916 179.804 30.3745 2.97213 13.028 0.0727925 47.6965
-67.6115 57.455 180.802 209.653 7.57511 5.28437 30.9009 0.00785108 44.8978
-67.1156 71.9199 166.722 231.823 11.5542 11.128 17.5622 0.0127495 45.9002
-70.0048 51.3703 154.224 254.415 19.1506 7.40892 0.121161 0.0528083 46.8371
-68.9105 51.0179 201.746 200.009 40.541 2.19024 2.6515 0.0206363 45.5289
-69.3353 50.0719 205.651 181.458 52.198 12.2029 2.80449 0.061309 47.3449
-71.3003 56.7415 154.36 253.307 27.7908 14.4985 2.44773 0.0622577 46.9502
-70.1676 45.7617 160.712 239.198 19.4381 11.0076 0.257143 0.1144 48.0266
-70.257 65.0741 134.838 247.43 9.81735 18.7866 0.737948 0.0276836 46.0981
-65.5483 58.0599 200.144 190.052 39.7847 32.5603 0.922436 0.00964514 47.2057
-67.2778 50.2533 242.848 146.043 65.5882 31.7836 1.04429 0.00307411 49.1529
-66.0369 55.4743 116.459 259.681 37.4785 13.3085 18.672 0.00297724 48.2733
-69.569 66.6695 147.446 225.924 88.6451 14.5732 18.1792 0.00902886 48.3646
-66.8773 57.8457 158.135 233.028 55.3632 23.784 6.83338 0.000440674 45.2893
-63.7307 55.3833 132.017 255.54 55.2209 4.93905 9.43912 0.00389718 46.9313
-64.6537 54.7437 180.927 230.158 77.86 4.35885 12.0355 0.0173476 49.9377
-67.0991 62.6547 183.05 208.853 3.63638 7.35701 2.03382 0.00417842 43.4535
-65.3134 29.3004 206.992 197.34 46.5358 11.0854 3.70849 0.00530102 47.2284
-70.0042 72.8135 186.709 202.55 1.51654 12.6756 9.86853 0.0167594 46.4303
-59.3775 64.3598 152.747 202.542 10.0117 14.3153 22.275 0.0341786 53.0754
-68.139 66.1231 197.359 186.862 6.30664 13.8382 22.9431 0.0192243 46.2725
-66.281 12.5341 234.829 181.406 43.6361 18.1009 18.2101 0.108972 50.4849
-64.2093 43.1335 201.812 194.96 11.1158 15.2874 13.2566 0.0734557 47.515
-73.1814 46.5088 188.63 253.571 14.7483 28.9765 18.4443 0.0412183 52.5078
-73.1814 29.5894 191.894 253.571 7.35422 14.3113 8.86145 0.213505 51.0909
-67.4803 13.5001 151.004 298.629 7.35422 17.1381 35.4743 0.202932 51.3333
-63.5589 85.1009 147.755 222.662 0.947981 18.8338 16.7307 0.0359219 49.5236
-71.473 85.1009 142.586 211.853 50.3868 24.6445 46.6947 0.0350793 52.1588
-73.6817 77.0803 143.226 219.719 27.6006 29.5436 23.5698 0.0413354 50.3527
-62.5541 44.8803 225.275 182.023 57.241 9.49398 26.9509 0.0191435 50.086
-64.4322 30.2219 225.275 182.023 84.6174 9.49398 12.0913 0.0344436 49.855
-63.6445 28.6481 193.896 221.265 67.1282 36.9674 4.36478 0.00774982 51.1382
-66.839 29.7717 226.419 161.722 53.4736 27.6139 4.36478 0.0108608 49.8129
-66.1449 56.5607 180.857 221.792 9.01894 54.822 10.7836 0.0123275 47.7191
-65.6696 30.1404 195.454 228.188 20.2875 61.683 6.31891 0.0536019 50.5637
-65.9807 35.5751 207.872 197.17 14.6226 15.1234 26.3223 0.0604858 47.7557
-64.0011 84.4636 43.1875 337.401 29.956 5.09411 26.7382 0.0602221 52.5763
-64.5507 29.1741 214.473 167.597 45.9354 56.4026 5.16069 0.13764 54.9912
-66.4585 29.1443 216.016 196.828 120.209 27.9916 1.82797 0.13764 54.8551
-70.357 51.8109 207.443 166.017 20.7616 27.8681 16.7379 0.0904 50.952
-65.3392 56.4631 202.914 164.563 23.4183 15.648 27.4863 0.0226955 48.4236
-65.3392 44.9146 218.571 169.576 23.5679 25.2588 30.8005 0.0324639 48.9325
-65.7551 46.0259 204.693 187.849 26.2123 3.8598 41.3773 0.076572 49.2206
-66.4366 77.0137 119.217 253.293 8.74399 5.76486 26.4468 0.0667778 47.766
-70.7983 70.5437 114.17 287.244 35.7049 36.0041 19.8389 0.0192136 50.032
-71.9923 74.8659 137.52 243.067 15.8405 22.5588 19.7375 0.0221926 46.99
-71.3952 81.09 122.327 242.464 14.238 17.1271 19.6954 0.00212957 45.732
-69.9828 83.869 76.1504 300.862 14.238 4.46371 24.6845 0.00212957 47.0726
-69.3984 76.2581 76.1504 300.862 18.2203 2.7778 24.6845 0.00212957 47.4925
-70.7634 100.112 125.184 215.469 24.9637 30.3354 3.10081 0.012753 49.6231
-73.1738 71.0895 112.568 276.794 17.3743 8.848 9.01103 0.0996478 48.3422
-74.3986 66.3998 109.088 302.415 11.6134 1.10345 8.82449 0.103382 50.0668
-67.4648 54.21 142.84 251.061 17.4422 14.3802 9.47661 0.116434 47.077
-70.3501 61.0226 147.344 262.636 9.31144 47.4393 1.49261 0.0807686 49.5829
-66.8005 46.3581 175.93 258.932 25.6102 16.7565 11.1729 0.131079 50.093
-64.2741 26.9625 191.444 205.502 26.2916 18.6573 11.5135 0.101313 50.223
-64.1566 33.4889 173.265 232.754 14.3586 69.2757 9.25348 0.0668842 52.1907
-69.5788 31.6246 196.636 249.13 20.1194 28.9655 25.3853 0.0872854 51.1284
-70.6292 36.3701 208.103 192.081 30.0652 3.49811 6.4186 0.036889 46.5272
-68.5012 42.5966 178.51 227.637 5.53303 13.0119 4.8188 0.0242844 45.0551
-72.5318 58.9926 186.968 224.706 11.8164 8.2491 14.3399 0.0819509 48.5981
-70.7076 56.9665 199.838 208.373 13.3795 1.56021 24.4547 0.026549 47.051
-66.6967 39.3831 194.294 208.606 1.08219 24.2333 32.7291 0.00244437 47.7687
-65.4956 44.39 194.699 210.479 5.45858 7.75482 32.5971 0.0439506 47.0571
-65.8435 59.9144 167.378 255.785 12.7665 25.083 6.17995 0.121599 50.5462
-68.4423 24.7993 166.89 232.844 40.231 24.4674 1.60595 0.135406 51.1807
-74.19 42.6555 177.995 220.298 38.6839 5.81304 42.0246 0.166453 53.2306
-60.3433 8.58879 219.302 230.124 20.3445 18.9842 21.7534 0.0716791 53.4921
-68.679 58.2388 172.095 233.252 48.1737 4.60918 1.16414 0.0635753 47.6855
-71.6295 39.5546 167.123 224.568 15.2745 12.2153 7.15013 0.0846451 48.837
-69.943 34.4069 153.093 261.596 21.1408 43.6884 7.53079 0.136073 50.0166
-68.1642 30.7135 187.919 210.843 52.3042 76.7289 14.0991 0.1281 53.999
-69.9668 42.4721 210.34 171.711 38.5464 47.3718 8.59933 0.0460788 50.4403
-73.8932 50.9155 208.593 176.188 6.2426 13.2597 7.34699 0.0238816 47.8111
-66.3576 47.1787 243.049 154.899 9.00193 16.6348 27.0283 0.0492582 49.2217
-70.1096 46.253 232.697 157.773 18.9101 24.3316 6.82377 0.00305594 46.1092
-68.6948 63.6089 232.697 149.645 18.9101 27.1994 8.15807 0.0224059 48.6263
-69.0916 47.4716 213.157 193.424 25.3703 13.1703 8.02762 0.0371319 45.9468
-67.7875 47.8668 228.953 171.443 26.6148 9.16904 8.81367 0.0494449 46.7422
-68.9126 33.298 205.107 209.886 14.8127 12.8974 16.2054 0.0765915 46.8544
-70.8396 43.9124 167.981 222.115 23.8612 1.6378 22.5264 0.010394 47.3381
-67.0573 78.6577 145.196 241.592 11.6994 1.57342 6.94906 0.00151711 43.9791
-68.0923 68.355 157.337 241.592 21.929 2.91042 5.14394 0.00137936 43.6794
-69.3336 71.3039 134.331 234.402 51.0732 9.39626 2.30636 0.00145086 44.842
-69.4928 51.5284 222.6 163.516 54.1972 10.8629 3.61039 0.00305496 45.6885
-69.7309 60.7722 222.6 140.843 3.8947 7.85677 1.93539 0.00573859 47.2025
-67.4758 61.7101 203.03 179.208 50.8286 14.3559 13.4148 0.0055895 45.8651
-65.6331 63.1128 128.187 254.42 33.5735 23.6785 43.4212 0.0226199 49.3125
-69.6223 70.0505 142.992 223.403 48.271 4.90857 66.3627 0.00190616 49.3952
-73.2691 77.3055 184.579 182.786 9.93888 10.4433 1.41644 0.0108211 47.0353
-74.7634 77.8042 184.579 182.786 9.57315 12.9216 8.31179 0.0124391 48.1306
-68.3411 101.232 78.3302 275.794 38.1345 3.88202 2.18269 0.00671282 48.2103
-66.4903 29.2556 242.878 171.711 23.4684 1.80735 3.5442 0.0584265 47.2223
-64.1351 60.6274 137.129 252.618 15.9538 10.2953 1.42203 0.0822641 46.9978
-65.0307 64.7233 140.113 236.782 4.7596 10.1216 9.16574 0.0336572 45.8637
-67.0214 59.0187 166.307 228.682 6.10355 10.1835 7.44 0.0164676 43.8395
-70.4529 48.0329 179.955 217.432 14.2854 7.7209 14.2148 0.00388444 44.2759
-68.3142 51.1138 151.414 263.642 1.79368 12.0495 20.8861 0.0243231 46.2775
-65.294 51.0259 209.945 169.939 57.9888 7.26794 9.66826 0.0412236 47.4524
-69.1606 52.2219 148.531 253.967 8.17291 3.57758 36.3374 0.179757 50.4186
-67.7694 45.3924 202.54 179.642 25.8989 2.70879 38.4448 0.0609611 49.2895
-62.5892 39.3874 222.58 195.312 2.08806 7.27564 25.255 0.0294536 48.4609
-64.068 34.8782 189.505 228.073 29.4977 7.52768 13.6608 0.0543357 47.064
-62.3573 47.4325 189.39 181.318 39.0398 6.97827 11.98 0.0531518 49.7133
-70.5452 44.1561 174.814 228.839 67.576 1.13187 25.8053 0.103122 50.0501
-69.0086 24.3395 196.189 222.436 54.9071 3.62938 23.0867 0.155368 49.6045
-68.4091 13.6771 247.51 163.958 48.051 9.45504 8.88501 0.0261054 50.4628
-66.1914 22.0161 253.268 163.958 12.5398 0.78746 25.1524 0.0259603 49.1822
-67.0095 26.7761 229.456 154.314 26.8737 6.08268 16.0502 0.0607259 51.0409
-67.4915 30.5139 231.7 188.231 34.7538 18.1796 9.52963 0.00875472 46.9416
-66.6318 26.4323 234.551 177.485 74.4984 15.8799 4.75223 0.0271338 49.3075
-67.5018 26.4323 234.551 170.753 77.4623 1.45372 1.91481 0.106497 49.9462
-63.3256 26.3087 202.928 201.276 75.0953 9.1404 19.9398 0.056993 50.7511
-66.4208 22.1354 178.738 237.178 66.1358 17.8619 19.8051 0.190136 50.8032
-58.5398 19.7305 195.729 249.409 9.85234 2.35529 12.0513 0.0835632 52.4392
-65.5108 65.1135 168.132 236.606 7.59208 7.6823 14.5935 0.0135613 45.3079
-65.6681 53.8541 142.541 246.815 26.2093 6.87453 8.74692 0.053589 46.0519
-68.9512 82.9164 94.2277 235.808 90.3519 7.68292 10.7272 0.0491868 53.0071
-63.0301 71.1911 121.591 254.462 25.0941 7.76706 12.9011 0.0376434 47.1359
-73.382 75.0123 150.398 230.34 54.052 8.00975 18.7362 0.0315153 48.9577
-71.9097 71.5713 122.616 269.109 29.3638 8.59897 4.26556 0.00678365 45.6048
-71.0692 71.9041 130.007 257.931 47.1032 3.12819 1.97069 0.0252062 46.8389
-71.8766 51.6777 123.594 290.405 29.6824 4.73355 15.4751 0.11807 48.7258
-70.5993 76.2629 120.659 251.745 28.1502 6.5686 16.443 0.0841072 47.8737
-69.7596 32.9758 207.293 201.423 10.0586 12.8147 15.6372 0.127485 48.4183
-64.6985 33.5738 211.543 195.413 12.8382 16.6815 12.8903 0.0716054 47.5131
-65.379 20.2145 237.107 198.183 20.1203 11.5271 23.0396 0.0417024 48.9303
-67.1522 30.6145 237.107 164.291 8.43717 48.4319 21.2894 0.132338 53.1663
-65.3368 20.521 237.107 202.365 22.2094 29.879 38.0825 0.188012 53.6761
-65.4811 27.9276 120.551 299.964 8.30059 2.82112 1.31064 0.209831 50.595
-69.477 40.4769 85.138 372.661 13.524 2.37223 12.8666 0.273335 52.1194
-70.8049 50.0606 36.4432 412.116 18.2412 2.57022 13.4749 0.273335 53.9597
-70.5796 16.7169 89.2909 359.987 15.3982 3.03036 9.06537 0.236006 52.1474
-66.2375 37.5015 66.9793 370.152 19.5613 3.02598 2.0204 0.192625 51.6051
-67.2694 26.9857 74.3888 370.152 35.3065 3.254 3.83217 0.275623 51.5775
-69.3731 23.5412 60.0642 389.187 58.3837 2.82889 5.08984 0.379689 54.0589
-70.2193 19.4116 116.293 305.954 58.3837 4.14931 16.8856 0.27321 52.3584
-66.0985 44.519 105.365 291.536 36.2541 9.29754 6.92044 0.188354 50.049
-70.5941 55.2294 78.6533 351.34 24.9687 6.31279 2.6966 0.222408 50.8827
-60.9015 77.5694 97.2388 287.836 26.1337 10.0269 3.90029 0.154531 51.9503
-67.0161 29.7561 206.555 228.501 32.3926 19.1042 17.3788 0.063282 48.8161
-67.9556 37.6418 191.153 239.337 27.5377 16.7336 11.5995 0.0573987 47.5851
-66.5397 55.9214 178.471 219.761 18.5611 14.9616 21.496 0.0391846 45.999
-63.7785 66.2033 97.4663 300.305 46.9476 11.8127 0.93438 0.0197283 49.4694
-66.663 73.2959 164.257 229.903 0.660521 8.64042 2.25852 0.03678 46.8772
-67.6401 75.8103 161.971 219.454 16.1835 8.23722 2.25852 0.0283546 45.343
-67.3351 59.4788 186.143 215.108 34.4403 8.85564 1.99841 0.0152303 45.2929
-64.8021 54.0699 218.338 181.019 44.0479 18.1846 18.4455 0.0366364 48.9178
-72.6057 28.0752 232.03 167.999 46.2222 7.2505 2.09009 0.087224 49.8948
-67.621 40.5314 190.315 227.127 39.8919 8.76146 6.78839 0.0653118 46.6412
-68.3684 46.5122 192.803 204.763 5.21411 1.09423 4.47188 0.0267927 45.0093
-67.0544 53.648 177.905 214.53 8.74628 5.21963 7.76789 0.00946328 43.4856
-68.4065 65.787 194.563 185.019 10.0589 10.5822 8.27646 0.0143618 44.6743
-70.4742 64.0123 194.422 207.651 2.01052 2.43346 12.6491 0.0293695 46.6784
-69.7631 80.6939 164.659 176.582 18.4384 6.03134 30.2503 0.00560503 48.3922
-67.7414 58.3596 178.409 198.686 30.6359 1.72812 0.977132 0.00835827 44.7017
-68.5458 65.586 187.731 200.955 22.3687 30.6153 0.738307 0.0123455 46.4521
-64.1735 47.4772 199.233 184.805 68.4367 34.4544 16.249 0.00872425 49.2184
-70.5188 61.0474 162.476 215.16 1.33963 13.3436 15.6667 0.0419608 47.229
-70.1865 44.7515 202.626 219.768 24.0342 1.37842 13.6122 0.0179224 46.5382
-69.9927 60.5107 185.338 177.569 62.2642 8.07811 28.1771 0.0201287 48.4946
-67.8655 50.2378 196.399 188.576 66.7736 11.3773 25.1278 0.017992 47.5688
-63.2395 41.4677 195.038 180.96 63.8707 2.589 18.5959 0.0205099 49.677
-62.6993 71.5614 212.071 162.408 26.1626 8.44972 6.49476 0.017515 48.5932
-62.6993 68.5615 193.321 168.837 5.49711 7.16428 18.5472 0.01678 48.3111
-65.3162 51.7094 200.968 186.228 9.09482 22.7673 10.2788 0.00855548 45.4141
-69.1862 47.2367 192.178 186.228 30.2946 20.7419 12.1614 0.011226 46.834
-69.9283 54.8829 154.462 281.978 3.54594 47.1176 12.5714 0.000203214 50.1089
-68.551 83.9068 154.357 257.081 14.8628 27.8193 11.7549 0.000203214 51.1918
-68.2843 70.8258 126.751 253.608 13.1107 2.77453 2.88415 0.0573357 45.6314
-63.63 53.664 127.305 239.257 41.5986 5.98579 1.6561 0.0254151 50.0667
