52.9668 174.552 584.319 845.705 23.2376 3.8471 0.0172253 166.656
3.61688 173.771 583.848 837.466 12.7905 0.720266 0.0226996 167.177
5.32578 168.357 589.491 844.27 44.3056 9.74232 0.0624539 170.497
38.9384 154.259 589.661 837.001 74.0777 10.5858 0.0361121 174.071
-11.4454 164.865 575.632 864.932 50.1047 11.8952 0.0708834 169.861
-22.3295 223.439 540.88 841.887 41.4677 24.2366 0.00941282 168.31
11.355 196.651 562.437 839.46 40.6228 13.3157 0.041283 168.769
-0.367324 173.067 566.891 880.966 54.5551 9.08353 0.0338056 171.074
-2.39214 210.069 540.754 861.36 12.0266 13.6246 7.43552e-05 165.143
18.6836 208.071 552.189 840.052 17.3744 19.7349 0.0114788 165.499
-36.3367 201.14 575.12 864.796 22.191 10.528 0.0135338 167.077
16.4591 199.26 569.17 828.837 14.494 48.7742 0.0132345 167.05
63.1661 200.607 550.736 850.141 5.11165 3.68664 0.00195297 165.948
-0.607149 199.485 564.537 834.81 26.9792 10.7002 0.0047067 164.557
-24.364 200.767 552.961 853.606 1.87212 10.0865 0.0038099 167.368
-4.68435 197.474 552.976 846.563 19.3702 18.7517 0.0204182 166.428
-31.0274 207.201 556.406 846.784 29.7463 25.8002 0.00698889 167.001
-39.9852 216.552 563.755 843.173 8.03909 24.8312 0.00122809 164.119
-52.2587 223.223 553.63 842.444 15.4709 10.3831 0.00539346 164.647
-52.2587 225.877 550.285 837.672 19.3057 13.8342 0.00152469 164.836
-62.4996 235.106 547.178 842.211 19.9167 1.58569 0.00342468 166.361
-39.1552 219.295 567.617 835.013 16.4323 2.22937 0.0102613 165.775
-46.2558 219.295 557.914 842.234 0.645158 28.2038 0.000680443 164.97
-35.9476 217.719 550.58 837.259 3.23794 24.1219 0.00979275 165.252
-23.6021 219.913 547.569 823.267 8.5333 23.3806 0.000468641 165.015
-38.6085 202.418 580.831 807.458 10.5008 9.87485 0.0023055 164.382
-48.3178 188.972 588.864 833.62 28.6094 10.1743 0.0270952 168.301
-16.0691 186.613 594.162 811.559 53.5737 9.35118 0.0397342 171.061
31.6363 183.181 551.777 866.936 2.2845 7.70696 0.0439766 165.713
-10.4482 200.609 558.28 858.917 2.2845 4.36185 0.0439766 166.147
-12.0302 189.942 587.854 814.827 9.20618 1.36118 0.010025 164.43
-26.4235 208.122 571.651 814.827 14.904 1.36118 0.00424472 163.56
-3.25049 224.36 547.706 844.025 63.2799 1.36118 0.00424472 169.71
18.9207 138.408 550.229 910.131 0.700454 13.5527 0.131077 170.421
-62.9304 212.675 548.858 875.33 3.4815 10.0044 0.0435276 167.375
6.39099 187.989 552.459 850.663 7.00994 8.32729 0.0550127 166.215
-23.8656 189.082 553.108 871.592 7.14883 6.54599 0.0327997 166.875
-57.9015 190.537 569.897 843.077 6.14549 21.4435 0.0661651 169.494
-49.0678 186.934 563.64 876.897 8.03441 15.6577 0.0767759 168.893
-56.348 200.607 557.83 865.25 11.0944 3.39132 0.0237209 167.203
12.5656 190.778 534.046 898.912 20.628 22.0581 0.0581337 168.102
16.9621 201.953 517.988 893.049 36.0208 15.2966 0.0571131 170.956
-7.99972 208.085 525.893 895.626 24.6489 3.45395 0.0502436 168.298
19.2861 190.32 575.429 850.152 6.22361 48.0405 0.000808135 166.333
47.9992 189.879 575.447 845.419 8.38674 35.2205 0.0189411 168.774
43.0012 193.116 567.12 840.751 6.21366 9.47457 0.00248993 163.566
5.42049 193.116 569.207 843.419 3.30727 11.9273 0.00248993 163.755
51.7157 195.418 575.217 845.07 2.15231 10.9902 0.00248993 166.104
12.2494 195.418 563.057 856.635 1.826 11.4209 0.00248993 164
-8.54709 187.781 566.101 867.881 6.58861 3.93575 0.0394689 164.796
15.0842 191.975 570.623 855.879 3.76849 4.32078 0.0172508 164.102
-69.2018 210.087 569.37 856.364 11.0774 1.26336 0.00825645 166.857
-7.49924 200.353 568.367 858.371 47.9789 1.73906 0.00724656 166.912
12.4182 177.848 562.98 846.029 27.5765 80.8006 0.0400068 173.622
4.36125 166.274 568.11 888.269 46.7733 12.2519 0.0619508 169.327
-24.3161 180.43 554.236 876.334 16.8655 20.5059 0.0627642 167.53
-18.7511 171.002 560.974 908.645 11.7365 10.0491 0.0637401 167.805
-17.0647 188.228 552.115 874.485 16.9377 6.22123 0.0415565 166.13
-13.4838 195.42 573.058 842.374 9.87666 11.9088 0.0181796 163.981
8.83436 210.019 553.334 831.153 11.8372 0.682254 0.00320007 164.002
-11.9751 206.08 571.823 818.634 12.6547 6.58719 0.00028006 161.883
-3.90826 223.216 553.322 803.829 11.4365 14.8666 0.00616086 166.5
56.2075 200.452 578.116 805.031 6.21237 1.51735 0.00146412 166.2
4.34638 184.521 580.396 823.568 9.1803 8.56956 0.0306279 164.867
7.78944 199.3 556.556 848.061 4.35912 28.9976 0.0145518 165.196
13.2408 200.889 575.746 830.89 10.4097 9.81731 0.00308416 163.006
-0.539718 198.998 555.588 831.772 10.7962 6.7178 0.00407987 166.135
-12.9791 187.009 567.328 851.994 11.617 4.09018 0.0631886 167.112
4.00789 197.097 552.774 882.644 17.007 2.78581 0.0317685 165.987
15.4574 179.679 578.009 846.637 16.664 15.9688 0.0379341 165.92
4.1624 169.382 569.271 882.555 15.2717 9.19793 0.0740284 167.469
-22.4457 187.039 561.593 867.183 11.1629 6.74933 0.0290691 166.391
-22.2155 187.039 558.614 880.834 16.6183 7.80826 0.0589432 166.311
-4.8265 193.324 570.845 839.659 12.8931 2.68723 0.0371934 165.241
-25.3638 204.022 541.014 860.952 15.6055 3.26667 0.0418662 166.291
12.655 203.092 550.035 834.604 7.74792 6.01564 0.00927667 164.998
-17.9697 212.974 557.607 833.405 7.74792 7.26977 0.00870944 163.232
-45.1206 217.727 552.692 840.138 13.104 14.3372 0.0127697 165.014
-6.19034 200.572 560.845 843.958 7.77111 3.42947 0.00570623 163.544
15.4073 215.106 550.726 843.228 9.69556 4.19876 0.00268035 163.963
38.6986 202.547 549.381 838.438 32.3799 3.63718 0.000660497 166.219
29.3819 189.894 569.392 848.845 28.4599 3.36056 0.0130423 165.229
29.3819 189.894 569.392 848.845 28.4599 3.36056 0.0130423 165.229
33.6258 166.403 587.735 843.715 5.88438 10.63 0.0436027 166.413
27.0835 162.133 580.105 869.733 6.03445 10.8201 0.0535311 166.63
27.0835 189.781 573.821 857.508 1.34339 8.07981 0.013886 165.092
35.2594 176.087 573.245 877.703 2.07762 7.35347 0.0365884 167.011
43.0833 178.954 548.147 871.267 1.86852 9.63807 0.0617889 167.499
2.00174 188.542 522.145 911.177 1.22242 16.8164 0.0802357 168.501
-1.42159 190.539 524.181 899.152 25.7778 12.5085 0.0878352 169.69
7.74253 177.012 535.361 906.947 64.0053 6.14346 0.0848788 170.736
-39.9335 193.773 548.856 868.923 53.8901 4.34719 0.0582812 169.506
-34.5764 210.71 571.76 824.194 10.9062 2.43873 0.0091648 163.708
-9.46933 213.348 565.221 840.778 24.0502 1.15089 0.00135086 164.192
-36.0007 202.422 567.542 852.899 33.2797 4.59121 0.00560684 166.164
-13.5059 202.702 560.902 864.157 4.14096 35.142 0.0011214 165.714
-15.8613 208.595 576.51 800.737 23.3126 36.0807 0.000941541 165.538
-36.6653 211.516 550.43 886.57 26.2439 11.1686 0.0111563 167.571
-49.0534 192.243 583.764 839.442 21.6585 16.5465 0.0275366 167.684
-29.5749 196.044 584.696 816.482 11.1558 9.16658 0.0140587 164.643
-12.2472 198.934 575.494 825.56 3.89542 17.8143 0.0119932 163.794
-39.5965 219.79 571.533 818.793 6.93239 19.651 0.00537085 165.066
-42.8825 215.975 558.981 857.04 10.9525 9.09936 0.00629365 164.399
-2.40237 205.749 560.922 843.309 8.76085 8.22429 0.0117213 163.284
-13.4624 202.989 566.226 842.132 8.85752 7.58824 0.0200276 163.791
0.524812 195.483 564.019 879.496 1.785 5.44063 0.0207632 165.812
25.5786 188.475 568.746 832.202 3.10008 3.66399 0.0107501 164.174
39.2142 196.443 555.475 838.47 19.3721 3.51805 0.00444693 165.302
41.4587 201.807 555.073 870.756 23.6034 1.68347 0.0116872 168.093
-10.8042 204.52 573.542 811.655 9.89201 11.4602 0.00221498 162.744
-20.5505 214.023 566.939 827.562 9.18441 7.90546 0.00968249 163.876
-8.44535 201.834 546.362 871.279 5.22749 3.38606 0.0469068 165.778
-13.0685 190.093 529.051 915.66 7.22066 15.8625 0.0707905 167.267
-35.3079 201.634 545.19 879.513 42.3859 14.549 0.0448451 168.367
31.3352 198.114 534.16 887.271 7.20594 21.7148 0.0203875 168.154
-11.8748 194.805 582.079 785.087 17.805 2.67778 0.0437185 170.8
-4.12104 185.901 599.154 785.087 5.46433 8.67521 0.0437185 170.845
-24.4142 175.069 593.948 801.786 10.705 20.4141 0.0362083 170.324
-61.9008 205.337 578.185 836.795 15.8175 31.5076 0.012351 167.826
-30.6812 211.995 565.044 831.82 10.4922 31.5076 0.0068351 164.863
-32.4486 211.5 565.044 847.987 14.9876 31.5076 0.0068351 165.607
-31.4845 211.5 560.355 840.863 20.1514 1.91041 0.0068351 164.095
18.2007 198.041 568.703 839.089 6.69866 5.2182 0.0068351 162.907
-18.8501 208.672 584.405 804.235 7.95424 11.4118 0.00785832 164.836
14.001 198.666 577.632 816.275 5.27976 9.71244 0.00232201 162.398
-2.0122 208.867 571.062 831.403 1.97317 14.372 4.62567e-05 162.215
-12.0816 208.636 571.823 829.609 14.2942 0.502098 0.0169464 165.936
-6.71545 194.18 556.179 869.373 17.1575 6.18965 0.0465012 165.716
11.7019 158.984 555.168 940.643 7.23292 5.57396 0.0586161 171.612
1.76345 185.934 569.255 873.582 17.2311 10.9888 0.0546857 168.605
25.2137 179.154 526.656 940.611 9.87887 2.15195 0.0735985 169.03
-34.9397 208.023 576.347 809.677 18.2052 3.28174 0.0125045 164.803
-27.6579 193.273 567.578 829.797 9.45693 32.0135 0.0434507 167.795
13.6787 195.452 572.019 827.354 12.6549 40.4294 0.00646079 165.565
20.6496 192.954 562.119 849.199 2.56022 1.4896 0.00929069 164.157
13.0236 205.363 546.558 867.627 21.6016 6.08788 0.0116089 165.357
7.01353 194.879 557.467 856.199 9.64413 24.7849 0.000402845 166.231
20.6424 207.59 560.862 846.701 22.3364 15.0419 0.000260765 164.131
8.71768 207.849 517.728 888.903 31.6533 16.7482 0.0536336 170.777
-23.8915 195.693 590.905 808.721 32.2412 34.1203 0.0202193 168.923
-4.5641 184.913 575.916 837.493 29.3745 31.0853 0.0317788 167.542
-54.5103 212.837 570.352 826.394 22.1144 1.65801 0.00662945 165.181
-36.2827 211.321 551.452 852.8 13.2472 7.43434 0.0108309 164.716
-19.0174 201.096 564.282 872.972 66.876 9.49918 0.00528024 169.791
-33.8804 204.784 560.868 868.461 11.632 18.9813 0.00320469 165.898
-41.2693 209.379 558.458 868.11 9.64887 27.3385 0.00577188 166.359
-19.3391 200.48 567.914 858.686 10.8841 9.93467 0.00287803 164.127
-4.16784 210.928 564.521 814.762 9.00037 5.28128 0.000481475 162.119
7.49273 197.068 574.19 806.659 24.2974 5.87256 0.00418618 164.493
0.676403 205.724 564.357 838.971 12.6854 30.8342 0.00588906 164.581
-22.2493 199.136 572.704 816.69 11.3677 9.66445 0.00103498 164.477
-70.1237 219.004 562.227 842.774 23.1184 5.07331 0.0112813 166.352
-42.9418 217.525 548.533 843.725 13.1068 17.3886 0.01264 165.5
-5.61729 215.232 550.93 837.422 4.23453 38.0832 0.0124674 166.357
-26.8398 195.067 563.985 823.367 1.49616 21.5767 0.0372795 167.787
-13.1195 207.402 555.41 856.027 33.429 19.9948 0.0227544 166.754
-26.7704 184.283 551.342 888.354 26.5573 2.94001 0.0760109 167.639
11.7245 206.618 570.593 841.094 3.77032 4.48436 0.00779855 164.785
1.20869 188.421 565.077 845.952 10.2252 7.2164 0.0271029 164.501
52.6658 170.84 569.481 849.802 24.387 28.1043 0.0276649 168.87
74.8896 183.228 571.969 849.41 31.4619 4.68271 0.00255994 167.58
32.9989 189.885 565.513 837.737 10.6536 7.17739 0.00255994 164.279
43.0048 169.478 567.296 877.662 25.4257 9.56426 0.0115254 171.288
52.6001 185.297 568.554 839.463 11.2456 2.04584 0.0152812 165.162
16.1662 190.953 572.224 801.702 1.6499 28.2453 0.021599 167.812
10.9507 207.815 561.241 842.645 17.135 12.101 0.00763048 164.32
1.77564 211.01 552.615 839.571 12.9819 24.362 0.00763048 164.779
-31.6245 218.909 557.264 840.957 13.775 19.0222 0.00224769 163.901
-21.2943 212.351 557.401 851.535 13.775 30.6695 0.00224769 164.799
-42.7583 212.351 568.734 820.298 39.0886 34.4428 0.00253032 167.398
-17.1005 218.662 557.397 820.298 16.5194 71.4538 0.00144744 168.557
-3.89672 218.662 555.376 836.169 13.0085 38.7245 0.000566026 165.364
-3.27671 223.335 542.477 839.818 11.7237 1.55394 0.00153052 164.463
-24.0602 212.624 556.075 865.389 11.3677 3.06206 0.00153052 163.841
-12.9526 218.933 543.65 849.097 12.9169 3.65821 0.00323574 163.991
-30.821 218.933 553.004 839.471 9.92562 3.39965 0.00323574 163.234
-16.6596 218.933 546.319 833.499 11.116 3.19999 0.000257586 163.405
-24.5923 203.897 559.047 810.407 11.116 12.5162 0.000257586 168.136
3.58079 216.086 545.782 821.839 9.34808 12.5152 0.000257586 164.556
-17.4071 220.566 553.788 849.478 10.7772 1.57243 0.000257586 163.245
-25.9523 220.566 553.788 853.977 14.1462 18.2429 0.000257586 163.959
1.8265 220.566 547.759 851.921 15.0964 17.2479 0.000257586 164.587
13.1471 203.325 553.282 876.286 15.7319 26.6279 0.000257586 165.952
21.6739 191.964 567.754 846.163 16.657 32.4985 0.0105905 165.766
-20.4925 218.584 545.5 832.739 10.196 4.07816 0.0105905 164.748
-13.991 218.584 544.783 856.798 9.48916 8.40681 0.0105905 164.507
-7.96187 196.599 547.195 887.689 22.0161 7.90906 0.0224087 166.779
-4.5259 181.54 558.203 841.102 37.8915 2.87407 0.0676142 169.567
-4.07393 198.351 562.706 828.577 19.5148 8.11501 0.0149543 164.879
-36.0791 209.151 571.379 830.178 23.9839 13.1284 0.00122607 163.937
-3.04521 213.978 575.972 808.893 15.092 6.95218 0.0152706 168.273
-7.9858 220.564 555.543 837.327 20.6562 11.8466 0.00341047 164.883
-46.4263 227.346 555.686 816.539 3.34929 30.536 0.00255561 165.724
-42.1218 209.752 590.153 801.39 2.9824 23.7527 0.00887117 166.892
-39.803 208.94 577.495 814.151 4.19379 8.03279 0.0167987 164.925
20.1354 200.06 573.887 804.668 23.109 0.967831 0.00204854 164.257
-9.43873 201.224 563.814 849.467 16.3343 11.4316 0.0175528 164.164
-25.2327 217.803 538.014 897.155 6.45893 18.1403 0.0100653 167.773
11.9039 218.236 543.601 868.272 7.46831 19.8032 0.0113199 167.706
-22.6439 216.673 568.613 837.001 1.19398 9.36335 0.0112367 166.137
-15.9943 216.178 560.712 827.321 7.57069 24.9211 0.00302618 163.873
16.2473 208.048 562.199 848.164 0.823684 16.8532 0.000882685 164.136
12.188 209.678 564.342 816.705 0.823684 17.4762 0.000882685 163.547
-46.2451 206.232 566.678 859.779 17.2563 17.4957 0.00977076 166.109
-49.1289 219.594 556.04 857.403 2.98495 26.1445 0.0235405 167.746
0.915927 201.8 549.465 836.947 12.8123 6.69211 0.0227993 165.619
-14.8854 209.937 555.699 854.923 3.17704 14.7579 0.0191571 164.629
-14.4354 212.423 554.96 841.069 9.23245 3.57026 0.0226426 164.756
2.18846 196.369 569.642 827.764 15.145 4.22207 0.00557001 163.582
-34.6892 214.459 554.274 836.182 4.2459 4.54536 0.00150756 163.509
-38.0829 216.166 566.853 841.648 12.3062 21.115 0.00423135 164.735
-34.8817 205.948 576.079 831.686 6.26341 25.8977 0.0215503 166.319
-72.9692 217.818 550.619 832.918 9.33544 19.7432 0.0276929 168.581
-10.8961 208.641 554.345 827.335 0.578448 22.4348 0.0166431 166.027
-9.86018 208.718 557.062 823.159 0.578448 7.30957 0.015525 164.907
-2.00433 208.666 552.504 835.03 5.88481 7.00058 0.00322917 163.501
6.53401 207.827 556.902 817.536 10.9523 6.54068 0.0237064 165.959
-26.7578 203.799 556.879 864.221 5.33978 15.8896 0.00281334 165.38
19.1519 214.761 550.159 824.738 6.63007 20.4744 0.0131448 166.763
35.2317 200.731 577.65 812.609 32.8152 6.12247 0.00219006 165.519
24.5745 182.492 591.368 813.14 49.3674 6.12247 0.000472746 166.424
44.2461 182.492 591.368 813.14 33.4784 6.12247 0.000472746 165.081
43.8146 169.298 596.419 813.14 31.0505 7.46017 0.00314816 168.02
7.7867 211.646 534.941 858.261 0.6621 24.7997 0.0195864 167.577
29.8245 203.557 551.987 852.284 7.40292 3.7271 0.00773088 164.223
17.8421 171.744 614.622 796.837 9.795 33.5164 0.0144801 169.258
-3.31724 217.198 554.806 844.555 6.06165 11.0633 0.000485754 162.912
-10.5118 211.803 556.34 840.098 6.97595 17.0162 0.00400926 163.3
-19.9044 201.981 571.13 839.03 11.7055 4.1827 0.00653701 163.184
43.8152 186.276 595.193 800.023 11.5207 3.36093 0.000495247 163.859
7.48589 190.433 579.516 862.133 10.3414 3.93578 0.000397496 164.557
47.8274 187.154 592.762 787.767 14.3139 13.3907 0.00126063 165.115
26.9417 190.419 579.001 823.744 9.78486 0.537527 0.00662792 163.872
24.973 199.295 582.732 782.367 8.84469 5.02534 0.00289318 164.585
-7.61212 204.266 580.114 812.025 23.4251 4.95863 0.00418447 163.716
-28.3882 213.095 552.277 845.547 20.786 14.991 0.00208926 164.735
-68.7544 213.179 572.586 832.958 9.476 3.23337 0.0119755 165.656
-56.1939 215.782 550.39 876.967 43.5047 14.2781 0.0300616 169.873
-45.9554 218.132 531.818 865.143 17.4937 27.6608 0.0324297 168.741
-1.51969 218.132 531.818 874.347 21.8173 26.2138 0.0346257 170.138
-25.627 209.843 530.173 890.808 30.0737 27.9196 0.0318963 169.365
20.0119 211.486 536.334 876.757 104.364 41.8289 0.0271539 178.203
20.2766 209.657 528.469 861.368 48.4591 10.1213 0.0244694 170.53
19.8589 213.83 539.232 859.679 56.4302 41.4076 0.00320596 171.275
46.6451 213.451 542.049 860.047 27.566 40.3954 0.0173656 173.786
12.1514 207.663 543.798 861.524 25.0314 21.2885 0.0204135 166.911
-57.9604 213.026 548.684 859.885 14.0338 24.6848 0.0273129 167.272
-20.688 218.017 542.927 879.368 16.8759 5.59602 0.0121041 166.14
6.65982 206.793 561.17 833.171 1.51099 4.02093 0.00482242 162.923
-30.2507 205.794 578.088 830.166 8.81901 19.3949 0.0182231 165.743
-4.63576 187.703 588.737 827.42 17.1698 19.4638 0.0258992 166.369
-22.1433 192.206 570.573 850.429 30.1937 25.4507 0.0205389 167.217
-3.77063 194.244 560.914 856.442 2.11006 25.722 0.00653746 166.339
43.9881 196.763 551.134 865.571 26.8711 7.64963 0.0125279 166.745
-1.35828 197.752 569.063 831.8 25.3331 9.04743 0.0146953 164.427
-18.6603 186.886 570.835 841.253 28.0626 6.40647 0.0417128 166.359
-19.0254 183.195 570.207 869.047 30.5806 21.7459 0.0443495 167.823
-16.0119 191.778 558.012 820.656 32.3738 22.4322 0.0547785 171.319
32.5735 194.328 566.109 814.459 19.9109 5.23462 0.0113262 165.396
12.0743 188.267 593.851 800.784 16.2923 5.24984 0.0141842 165.152
-21.8906 200.378 569.884 836.088 12.6069 6.19726 0.00735669 163.647
-29.5649 197.675 579.442 841.016 8.32264 3.10398 0.0298331 165.777
-19.0454 199.636 582.679 835.242 7.15069 6.01976 0.0247165 166.205
-16.4637 197.065 578.818 801.91 6.37033 11.6426 0.00167625 164.63
-22.8109 202.858 578.803 819.749 8.73993 12.9913 0.000882508 162.64
5.45584 205.311 569.91 818.022 21.6131 6.20872 0.00208989 163.056
-10.3132 203.093 588.725 808.09 12.0265 4.64971 0.00429131 163.919
-2.14323 215.037 570.236 788.77 12.197 13.4087 0.00154959 164.749
-7.76107 203.985 590.309 780.934 12.2051 36.3056 0.00271887 166.599
32.9531 195.062 569.361 840.004 11.3616 5.71313 0.00461051 163.395
32.697 193.524 600.849 786.336 22.7364 2.08116 0.00916309 169.1
2.09244 191.602 577.041 860.371 10.349 1.84178 0.00493674 164.778
26.7613 170.931 588.601 830.576 8.95865 6.42822 0.0476482 166.825
-9.46437 184.689 578.181 836.976 5.99034 12.6353 0.0219038 165.06
-18.4362 204.353 558.385 834.931 4.27205 3.07186 0.0187601 164.089
0.748336 174.826 614.067 759.05 5.62793 10.4455 0.00108171 170.563
-4.53295 197.291 545.375 884.046 6.14836 1.12263 0.0253889 165.769
-2.16647 202.19 561.185 861.015 14.4527 7.68375 0.0151732 164.323
13.7424 198.646 566.383 824.416 15.6602 25.8247 0.00236426 164.545
-2.912 203.886 576.357 814.14 15.4454 17.9509 0.00285967 163.369
-7.49977 203.508 587.712 795.729 9.22399 15.6523 0.00448283 164.273
0.240286 201.945 569.588 818.636 11.4786 8.68645 0.00325644 162.839
30.6651 191.859 573.188 827.654 27.1796 9.35582 0.0224441 166.108
40.4885 210.601 543.822 841.669 9.06163 7.87076 0.00558872 165.947
16.8178 192.789 559.643 835.365 2.41809 6.27636 0.0243765 164.766
37.4933 188.329 574.8 856.476 1.77833 8.80959 0.0193793 166.26
13.6665 183.663 570.308 850.957 13.6973 1.58201 0.0237731 164.811
-9.14803 203.573 554.33 858.69 7.92592 21.6006 0.0215334 164.833
22.1982 191.901 570.869 850.969 5.55373 18.1123 0.00876914 164.225
6.44324 195.249 575.087 825.587 32.4294 15.7252 0.00240921 164.712
40.0217 196.751 566.36 834.912 26.7141 9.57623 0.00918736 165.427
-9.98475 201.817 571.45 847.547 36.905 15.6776 0.00782789 165.841
-31.6846 197.724 552.662 917.065 11.195 30.8033 0.0291351 171.489
-31.4508 198.622 581.693 859.731 64.9451 1.81917 0.0168507 171.58
-67.8322 199.477 563.167 892.65 39.9465 3.3235 0.024751 172.057
14.8457 201.382 574.761 826.923 23.1837 3.80463 0.00455374 163.867
9.10398 205.84 563.357 829.312 24.1641 5.65922 0.00120645 163.158
8.61811 186.437 565.524 857.157 8.80277 6.95793 0.0156835 164.958
23.2784 204.134 566.322 816.559 26.6675 1.35194 0.0101229 165.632
47.7792 191.877 564.439 841.538 8.53519 18.3508 0.0198991 166.019
16.0763 183.143 576.641 838.289 9.34977 18.536 0.0359591 165.574
63.272 163.51 562.488 908.552 8.60022 8.7936 0.0478888 169.85
63.272 161.279 569.981 864.163 8.87419 11.5572 0.0539488 167.565
50.7744 163.023 584.218 860.178 6.59124 4.49871 0.0334171 166.813
29.4029 156.39 582.421 860.026 17.0189 2.93304 0.046832 167.918
37.3256 179.639 550.877 847.89 13.5954 23.7447 0.0526529 168.985
37.3256 177.466 539.286 887.036 4.90499 10.0604 0.0572507 167.308
1.24421 178.003 544.887 893.751 1.44878 7.91501 0.0741518 166.307
41.4914 154.434 562.311 917.198 3.97278 2.11813 0.0734164 168.688
-1.74602 170.125 578.211 883.699 4.36268 12.5915 0.0438959 167.413
16.0862 208.838 553.211 863.199 2.97026 18.3668 0.00343737 164.858
0.0241512 195.14 556.09 867.722 4.81723 16.6266 0.0282351 164.774
13.8705 201.988 549.753 866.34 0.982972 1.18449 0.000786101 164.978
38.9766 204.426 546.833 865.674 4.98695 5.67986 0.0025222 165.079
8.91246 226.362 541.892 880.532 6.2069 0.995674 0.00412634 170.865
-23.8345 218.942 552.412 829.29 4.69497 9.90876 0.00773623 163.853
-23.8345 218.942 552.412 829.29 4.69497 9.90876 0.00773623 163.853
-40.4335 218.942 558.875 842.811 26.5751 9.90876 0.0093808 165.354
-30.5315 198.6 564.24 863.788 30.344 16.4126 0.0231383 166.711
22.4678 186.595 561.529 835.759 12.3311 30.0539 0.0231383 167.297
-9.0514 174.915 574.135 854.225 32.6289 26.7107 0.0489642 168.532
-0.446024 170.932 582.067 854.225 44.0242 48.5146 0.0446784 171.526
7.56793 176.025 565.969 854.225 40.6477 51.5822 0.0418301 171.375
5.99623 176.002 558.198 888.433 40.929 21.8442 0.0520086 168.838
14.3665 203.128 552.913 865.229 0.949786 33.1089 0.00124446 165.974
9.79901 206.992 580.508 800.477 15.8869 12.5527 0.00465967 165.035
-13.3361 207.486 574.887 799.95 4.90181 6.75551 0.00804615 163.771
-33.3015 207.486 576.625 824.5 3.57706 6.619 0.00385305 162.953
63.1839 174.066 589.745 808.808 14.5604 5.30142 0.000215324 165.488
-52.676 193.268 546.569 886.694 5.06668 7.18337 0.0665267 167.001
-50.7568 186.929 565.172 867.373 7.97035 3.27443 0.0610032 167.008
40.533 183.735 570.09 839.699 19.8147 4.65821 0.0195515 165.183
20.7763 181.486 562.198 857.658 9.4899 2.4502 0.018139 166.425
18.6546 177.3 572.594 856.387 16.959 2.11709 0.0319983 165.433
-10.2847 221.02 545.497 823.174 6.91886 29.2415 2.39088e-05 164.922
-7.03524 211.557 552.031 810.769 12.3788 31.4695 0.00561299 167.624
-26.2103 220.509 552.234 856.275 40.5524 8.07991 0.000422576 165.565
-20.7204 220.509 559.016 843.073 40.5524 8.07991 0.000422576 165.441
-31.2535 220.509 559.016 820.48 40.5524 8.07991 0.000422576 164.898
-37.2069 233.305 539.728 820.48 13.0562 9.81389 0.00443097 166.5
-37.2069 218.188 558.827 821.208 5.05404 3.84449 0.00443097 163.466
-2.15939 208.488 560.302 843.078 21.1749 4.10453 0.000514921 162.814
41.5714 176.269 591.644 844 25.7764 21.8646 0.00164278 167.333
-1.32581 202.669 564.847 829.164 39.4057 17.6462 0.009359 165.842
-5.65487 200.431 576.762 833.758 9.30731 22.0606 0.00263885 163.437
-8.37369 202.264 569.893 848.576 4.91553 25.7378 0.00152487 163.832
-9.04105 200.785 567.355 843.401 15.6012 32.1647 0.0163957 165.553
-29.9678 202.777 569.719 860.746 14.0513 31.0857 0.0163957 166.87
-29.9678 202.777 569.719 860.746 14.0513 31.0857 0.0163957 166.87
-29.9678 211.816 569.643 797.078 14.8381 31.0857 0.00942266 166.881
-29.9678 207.443 569.643 797.078 14.8381 31.0857 0.00942266 167.535
-35.2125 207.443 571.83 802.91 11.3858 18.2349 0.016393 166.092
-10.266 208.898 562.519 844.795 28.3333 18.2349 0.016393 166.102
-45.3694 216.077 557.962 864.237 14.2192 8.30102 0.00872158 165.299
39.6982 202.347 562.85 837.571 28.176 8.17096 0.000595808 164.663
35.6484 196.098 552.342 822.069 14.5027 21.3351 0.0136768 168.216
-28.1204 192.92 553.456 885.949 14.1527 39.0056 0.0303641 168.978
17.8537 178.14 557.311 880.77 11.4259 44.2241 0.0454189 168.288
27.2868 176.442 582.613 885.929 27.7207 48.3222 0.04789 177.626
13.0536 147.71 573.984 873.293 45.3075 43.2705 0.0937668 172.947
13.0536 147.71 577.128 897.93 29.5125 46.2248 0.0937668 173.011
-36.2065 163.389 559.488 899.183 28.7181 22.9319 0.0846113 170.575
-39.4948 160.733 559.488 899.183 30.0925 32.0688 0.109602 171.702
-34.5542 160.733 558.49 920.942 19.4704 37.448 0.109602 171.953
-7.4687 153.754 557.367 890.149 18.7085 12.1994 0.0867102 169.99
-10.8494 163.58 562.196 905.724 20.1595 17.0646 0.0727468 168.471
21.8115 155.155 562.196 905.724 20.1595 12.532 0.0727468 168.219
8.35768 147.213 573.246 893.42 35.466 7.3556 0.0670086 171.64
-28.0004 101.495 558.528 976.22 28.7638 6.18691 0.171968 174.199
-25.757 161.818 560.529 903.679 33.7511 2.32559 0.0902632 169.201
14.2001 178.981 537.217 902.132 8.636 16.2172 0.0431064 169.706
-28.6415 195.604 546.003 874.087 6.80491 5.89789 0.0490628 165.612
-28.672 164.084 534.962 942.045 7.65422 6.68139 0.102433 168.306
16.7954 160.002 534.962 942.045 1.72252 6.54773 0.102433 167.904
4.07506 153.902 524.738 942.045 2.54248 6.69145 0.112561 169.428
-33.94 170.665 498.441 982.922 11.7538 6.76473 0.112561 172.71
-24.5281 192.711 527.21 945.76 13.0327 5.18376 0.0624952 169.766
-24.5281 151.559 543.746 945.76 11.1334 1.05375 0.11411 169.12
-26.2564 155.697 543.746 928.217 1.92777 1.05375 0.150654 172.749
-45.7561 155.697 523.224 952.012 4.08985 10.0474 0.157127 171.273
-45.7561 155.697 523.224 952.012 3.75998 8.06916 0.157127 171.214
-17.8717 155.697 540.114 952.012 8.65927 7.42476 0.117396 168.475
-17.8717 154.594 540.114 955.321 9.24187 7.42476 0.117396 168.688
3.7983 164.614 530.865 920.09 12.4653 13.9952 0.117396 168.823
-17.1007 144.662 561.867 909.701 19.7852 9.76154 0.117396 169.278
-32.36 160.482 562.159 937.535 4.61716 1.86125 0.0723119 172.059
-32.36 151.052 569.725 892.702 5.92856 7.20419 0.11133 169.332
-2.98942 150.65 562.713 885.342 15.6342 9.20996 0.102475 168.648
0.233934 160.259 542.171 924.228 27.3805 8.70799 0.0990428 168.207
-44.1365 198.738 511.606 924.228 10.1987 31.3234 0.0990428 171.389
-44.1365 198.738 511.606 924.228 10.1987 31.3234 0.0990428 171.389
-31.9852 202.542 500.247 937.24 6.29605 40.0166 0.0990428 172.992
-31.9852 202.542 498.687 937.24 1.64998 43.4369 0.0975715 173.557
-31.9852 202.542 508.695 937.24 1.64998 47.5643 0.0561071 173.923
-31.9852 225.425 508.695 925.059 44.5387 0.163385 0.0334884 174.959
8.8366 203.411 561.38 846.041 23.3999 31.7151 0.0143959 166.344
11.914 198.301 573.555 822.669 2.984 3.06561 0.0104462 163.188
2.00106 215.915 571.64 802.93 4.94744 8.0063 0.00256649 164.472
-15.2155 225.494 569.38 798.154 8.1543 8.0063 0.00256649 166.459
6.7536 215.517 548.989 830.34 9.51315 3.72162 0.00194302 163.619
3.19037 203.523 568.497 830.314 14.0222 4.51957 0.00013554 161.755
-1.20401 208.5 557.16 854.266 13.3701 10.4253 0.00518093 163.616
2.60929 207.451 538.507 870.412 7.90345 29.193 0.0406503 167.922
-33.7034 213.032 555.306 822.865 21.6965 41.5994 0.00419144 168.122
-19.7284 205.101 568.66 821.257 12.01 42.4385 0.00794885 166.02
13.5059 190.835 588.304 796.785 4.94348 14.2764 0.00218389 163.698
6.89471 199.683 580.717 791.609 4.92716 13.8503 0.0107817 164.959
18.2334 191.519 558.235 848.319 3.84523 9.97858 0.0137111 164.869
59.1493 196.161 565.834 827.43 29.6257 21.0355 0.0167313 169.381
-2.54119 188.043 591.693 802.888 28.7055 0.58409 0.0070989 166.201
36.8412 211.346 564.993 794.87 21.9163 2.28828 0.00401135 167.559
12.6524 191.496 582.593 825.688 22.6981 5.04092 0.00160434 163.403
34.1353 189.746 577.937 808.638 21.8562 2.07459 0.00160434 164.44
57.2952 191.068 574.255 824.295 19.1299 0.459616 0.00760723 166.3
28.1413 188.3 571.053 832.958 20.8569 2.1679 0.0132296 164.693
-4.58366 191.714 571.053 830.757 20.8569 1.92883 0.00569392 165.629
45.7806 194.141 585.283 820.775 20.1936 6.01349 0.0134008 168.533
-50.8256 229.827 549.742 825.398 16.6626 2.16912 0.00374706 165.179
-48.3578 218.716 568.271 825.398 15.7061 9.77426 0.00374706 164.094
0.0958439 197.219 585.095 817.13 10.2481 26.1414 0.0004331 163.347
-4.50884 192.225 593.283 819.916 9.42331 13.146 0.00176548 163.627
0.0543347 187.701 576.206 826.375 7.66627 6.65448 0.0263096 164.369
3.06091 181.388 565.618 854.697 5.00809 22.5087 0.0342583 166.061
49.5334 174.346 564.892 867.209 13.9271 8.37623 0.0413478 166.404
54.4002 169.24 572.734 864.841 29.2545 1.55843 0.032718 167.932
-41.398 202.302 540.035 887.41 13.7252 0.643628 0.0258141 168.847
-23.4477 217.917 550.862 881.215 15.1805 5.06024 0.0153849 167.869
-23.4477 217.917 548.694 885.184 38.8648 19.196 0.0153849 170.565
-6.93888 216.274 543.223 841.602 17.7985 20.3165 0.00345588 165.508
-9.62872 197.552 587.616 798.57 16.3247 14.0991 0.0109776 164.985
-13.6524 197.197 578.012 813.277 25.7657 13.9097 0.0128829 165.249
-17.1062 216.487 552.734 861.133 7.08358 3.95072 0.0140825 165.087
-14.4321 212.263 563.385 846.901 12.0821 2.07179 0.00452575 163.585
14.1575 217.057 554.773 812.926 4.31282 14.6769 0.00686653 165.748
28.6678 195.657 586.335 817.454 12.3703 10.9368 0.00103116 163.692
7.21112 188.035 592.38 782.484 2.889 21.5774 0.00597595 166.417
-10.983 203.681 578.535 804.888 15.5089 30.647 0.000255843 164.022
-16.5306 203.081 567.217 829.399 12.5586 18.1375 0.00264226 163.798
-11.0582 199.672 588.849 794.761 29.8775 27.2185 0.00607989 166.601
21.3408 200.579 565.959 838.155 37.8289 9.51569 0.0078035 165.47
53.2781 197.725 571.129 805.765 10.588 8.18272 0.00353057 165.151
56.2108 196.528 570.08 827.47 9.92459 0.949316 0.00894148 166.342
61.3446 187.911 567.065 876.258 8.11509 5.78903 0.00579452 167.838
5.0781 196.73 590.596 792.412 16.3673 20.6611 0.00414631 164.915
-4.85873 196.896 573.368 806.776 3.98359 6.10817 0.0138507 164.529
-44.1574 211.423 596.949 792.553 8.82974 9.48705 0.00490966 167.105
-48.7349 238.788 545.374 797.908 11.1073 5.02567 0.00937258 169.357
-37.5548 223.825 549.073 842.563 5.47968 3.87999 0.00374592 163.631
49.2196 192.123 571.754 827.918 9.23159 17.2697 0.00139187 164.036
45.7966 199.479 579.761 786.894 4.4245 27.3967 0.00107896 166.375
51.1337 192.403 577.484 820.143 7.04119 13.5333 0.00687046 164.984
39.8354 180.962 573.928 832.553 10.6613 1.40996 0.00600871 165.541
31.8706 196.253 568.339 837.748 14.2127 12.9226 0.00435618 163.758
15.09 185.714 594.971 836.936 18.273 17.5293 0.00367857 166.063
-2.28414 209.622 567.495 820.166 31.5532 9.2007 0.00346472 164.25
22.2089 181.48 577.955 841.649 15.4655 8.55447 0.00124501 165.459
40.6036 184.557 595.342 816.306 22.0686 20.4564 0.00127018 165.654
-18.3861 207.046 573.592 839.143 5.34999 31.8597 0.000165135 163.754
-21.8509 202.18 571.142 828.335 8.26935 14.6143 0.021196 164.387
-41.2875 196.933 570.498 839.003 3.35466 5.53539 0.0293764 165.184
-1.25186 192.126 583.828 837.668 20.2815 0.571181 0.00783414 164.956
-6.71681 190.155 559.59 845.14 23.7951 9.61451 0.0373879 166.073
28.8868 201.799 552.992 842.438 37.9178 4.81838 0.0180443 166.843
-42.3845 216.335 556.188 816.399 3.38519 4.43902 0.00077898 164.667
-41.0145 229.158 560.748 834.3 2.41312 8.79186 0.00077898 164.926
-43.9862 224.642 560.748 827.361 2.62581 13.0118 0.00077898 163.465
20.9886 212.579 559.304 837.198 18.8378 6.01332 0.000609021 164.135
45.5824 206.966 559.823 821.227 23.9456 22.1035 0.000609021 166.307
3.66328 215.623 557.175 821.508 47.577 26.5603 0.0186319 170.508
-3.3992 213.224 557.493 828.315 11.4117 38.3665 0.0123869 166.479
-4.74535 200.313 549.284 865.591 1.43203 15.5224 0.0266066 165.107
-4.07621 205.843 566.047 820.521 18.498 26.7381 0.0138035 165.495
-8.26267 209.678 566.047 820.521 11.6439 36.3254 0.0138035 166.198
-23.2163 208.857 559.177 836.56 11.0224 39.6347 0.00979275 165.918
-51.7712 217.115 566.144 850.111 9.99814 52.1221 0.00979275 168.807
-23.0933 208.619 567.017 806.836 14.7746 56.8577 0.00265815 168.02
-43.8279 200.175 583.388 799.252 13.6056 19.7658 0.0224793 167.528
-32.6754 211.633 577.616 833.363 10.9674 35.7915 0.00113152 165.586
2.33488 196.601 584.545 803.335 10.9674 19.2067 0.00265401 163.626
-12.022 181.578 583.472 829.425 11.9173 6.89287 0.000348789 168.079
49.8648 179.197 585.399 843.152 25.4002 14.3166 0.000348789 165.866
51.5863 182.014 588.053 806.858 33.8111 12.1687 0.00412481 166.406
1.30231 195.758 551.544 870.187 34.3072 14.1962 0.00369217 168.801
48.4748 177.837 597.143 799.803 39.101 9.23224 0.00153006 166.836
-1.38074 180.27 587.603 811.209 21.2918 5.32403 0.0284631 166.56
41.8455 176.27 589.026 822.589 58.1332 8.42727 0.0213095 169.068
-0.5937 200.116 565.351 838.795 45.5485 16.4625 0.00300757 166.082
-6.72592 218.617 559.277 812.622 43.9215 45.2942 0.00895823 170.31
-21.1147 212.181 575.77 820.637 15.8795 7.47662 0.0128229 165.69
-39.9341 200.609 563 820.204 14.047 12.0742 0.0294553 167.474
26.2083 179.374 572.014 818.046 6.88651 1.58392 0.0583043 168.998
43.1238 158.1 580.092 834.182 5.21055 22.9505 0.0603603 169.081
64.3744 158.1 604.954 832.511 5.46412 41.8112 0.0319926 171.744
46.5307 171.515 580.153 834.313 5.96518 28.1423 0.0403358 167.6
16.6988 159.1 576.629 847.098 1.53206 17.0899 0.0561093 168.943
13.7068 184.882 576.408 832.065 2.98186 17.9171 0.050325 167.819
-13.3931 180.112 576.853 867.935 17.6293 2.96438 0.0399032 166.377
-31.4747 171.714 577.166 884.066 14.0596 7.17143 0.0573375 168.193
-32.4031 184.52 559.602 860.736 25.5828 4.87838 0.0660749 167.483
-37.634 193.986 559.207 875.619 13.6122 3.30797 0.0628903 167.476
37.9116 202.062 558.572 822.652 7.4219 8.89895 0.000507457 163.635
6.94754 193.548 562.095 841.349 5.60264 8.58749 0.0356184 164.669
-8.89661 197.557 562.809 848.156 17.2283 11.608 0.0324434 164.981
-0.246167 203.547 562.676 849.178 1.95369 17.3302 0.00981974 163.886
-8.22411 210.402 562.373 838.246 13.2729 16.9846 0.00126974 162.955
-37.7423 212.451 562.364 838.303 13.8097 4.00952 0.00276279 163.352
-25.3664 203.006 561.312 836.132 1.30541 1.6954 0.0104218 164.775
-42.2821 218.403 554.03 836.742 5.14932 14.6348 0.0166876 164.925
-15.7179 208.248 556.885 836.426 36.1108 14.7024 0.0251829 166.751
8.52801 204.082 570.395 836.302 25.6952 23.0254 0.000392766 164.126
18.9544 200.247 576.788 836.136 1.59495 33.0856 0.000392766 164.72
28.9671 179.894 571.924 834.549 13.6331 6.59568 0.0105249 166.377
-30.3317 211.69 570.728 841.259 19.2572 20.0108 0.00168561 164.436
-10.0187 212.274 554.371 842.544 31.387 29.5991 0.000797001 165.577
-58.1159 233.015 539.583 845.526 24.6591 22.7649 0.00449088 167.504
-43.8238 216.025 556.694 846.052 20.6173 20.6477 0.000563547 164.799
-29.196 218.409 578.098 840.82 14.7186 20.5604 0.00108315 168.317
-42.852 216.481 574.318 786.644 5.39243 22.0947 0.00128245 165.431
-14.7109 194.507 593.635 786.704 0.651329 7.11858 0.00463341 165.196
9.67802 206.859 575.301 814.815 60.3285 1.06383 0.00253626 167.467
-37.7492 213.377 563.078 856.079 17.1643 4.67402 0.00167408 164.088
-24.3102 197.965 582.383 869.437 30.092 14.0487 0.00244737 168.959
-40.1253 202.929 584.046 856.459 36.1365 5.58597 0.00290278 168.385
29.9126 199.281 576.55 820.76 20.1468 1.12157 0.00141379 163.93
57.9168 183.652 582.273 827.718 11.6308 8.88547 0.00586932 164.888
-8.15967 197.937 576.644 815.367 68.804 8.37669 0.00445317 167.88
-2.69364 209.335 572.471 820.785 21.9532 21.9789 0.00296063 164.536
23.1852 199.8 564.99 824.944 13.8649 9.35856 0.00321184 163.343
-1.45573 210.428 574.341 763.032 24.8817 5.2974 0.00331776 168.638
-19.8371 205.358 568.105 817.526 9.73389 12.7763 0.00402753 163.582
26.4006 189.669 595.404 811.252 4.3281 8.58914 0.0102119 165.536
50.2735 185.498 582.625 796.748 4.11639 5.97685 0.00628321 165.166
46.8157 191.469 581.012 801.635 3.01962 9.19626 0.0211026 167.463
-58.1601 198.82 568.63 826.366 2.43935 10.9457 0.0277607 167.99
-20.7198 200.752 573.298 827.834 1.67323 7.80997 0.0240396 164.503
12.6981 184.319 572.008 879.021 12.3418 5.16305 0.0261172 166.414
-71.3128 230.035 550.759 806.205 1.87822 10.8875 0.00492366 167.813
-74.0484 229.967 554.261 852.94 1.07641 17.5348 0.00492366 166.962
-71.7489 231.897 555.857 834.659 9.22395 11.3346 0.000437915 164.768
7.49565 198.431 579.473 803.719 9.22395 11.987 0.00171163 162.88
0.563221 202.971 575.097 815.036 25.3793 10.3745 0.00199426 163.412
-8.23894 191.682 586.144 787.271 23.942 7.84433 0.0121251 167.075
-1.83384 187.657 586.144 835.014 8.1314 9.76577 0.0164382 164.325
-6.57935 187.657 586.144 835.014 2.93139 10.0822 0.00552073 164.263
-4.22389 207.501 569.091 828.601 9.10891 2.28852 0.0174627 164.763
-18.9441 215.168 557.023 850.003 12.5845 1.77057 0.000391232 162.81
-65.0359 209.552 568.405 829.936 3.03012 1.08012 0.0158904 166.181
-65.0359 222.671 568.405 828.658 3.03012 2.54524 0.00337248 164.65
-46.0238 222.34 553.423 836.65 5.35247 24.7786 0.0062122 165.028
-13.6046 205.88 553.95 818.979 12.3762 2.9816 0.00514124 166.572
-18.265 219.305 556.899 820.099 16.5127 3.96921 0.00514124 164.014
-10.624 217.509 558.719 816.763 2.8205 3.96921 0.00605118 163.767
-10.624 217.509 559.097 816.763 2.8205 3.96921 0.00605118 163.762
-3.65622 196.731 559.375 834.436 4.54312 1.31588 0.0329465 165.116
-11.4874 182.722 568.209 872.419 17.0921 13.4527 0.0491888 166.283
-39.5099 202.241 565.622 863.456 1.26133 24.4192 0.0251434 166.572
-61.8755 206.99 592.009 800.728 27.8677 16.2412 0.0031427 167.429
-20.3905 192.329 602.739 813.449 33.2125 13.5062 0.00856294 167.973
35.7804 185.003 595.874 798.317 5.97439 0.0254908 0.0102011 167.213
6.12374 191.608 569.884 842.677 35.3643 15.9638 0.0102011 166.002
1.63642 210.927 541.911 849.202 13.0107 4.98187 0.0184963 165.189
-17.8502 168.208 585.511 836.004 18.4627 13.1273 0.0604797 168.494
9.50977 193.89 569.844 873.93 8.82043 8.77272 0.00151955 165.204
7.00112 199.639 567.935 843.479 10.3291 11.6142 0.00151955 162.71
27.4826 196.139 573.411 841.608 6.68591 3.63844 0.00151955 162.882
-15.5652 198.513 577.454 834.303 1.25487 3.98624 0.00151955 162.944
32.7464 194.29 568.551 823.85 12.0174 7.59216 0.00799806 163.845
4.70416 194.306 578.415 843.093 16.7889 4.84553 0.00242809 163.437
-1.74046 217.771 537.884 871.05 16.7383 2.26506 0.00593963 165.681
25.9389 194.669 559.109 847.851 16.5146 10.2042 0.000142192 164.247
21.6836 194.669 565.719 867.145 16.8304 7.54703 0.00361919 164.894
-2.01385 197.664 569.172 857.519 17.1008 21.9103 0.0120644 165.301
-10.5583 182.946 559.579 872.215 20.6786 28.254 0.0465695 167.32
-20.6724 196.334 579.404 828.473 33.7466 27.7982 0.0175299 167.043
-6.79276 196.931 571.448 816.541 3.54499 49.6554 0.0326192 168.714
34.924 185.771 580.514 811.704 14.1778 10.2926 0.000998082 164.144
28.015 187.34 582.283 822.503 1.35958 7.60131 0.0125621 164.053
26.8736 196.536 589.417 804.293 8.19824 10.0141 0.00087423 163.58
37.4457 181.849 596.236 792.327 18.9531 16.1492 0.00745378 166.124
55.1426 177.931 592.855 821.524 21.6636 14.7658 0.00390821 166.025
11.1206 187.656 591.191 805.527 21.6636 10.0951 0.000757138 164.011
21.9717 201.273 591.191 795.196 21.6636 11.6954 0.000757138 165.56
32.656 198.969 590.849 810.748 13.9724 33.4348 0.000757138 167.643
40.7138 181.179 595.213 790.879 21.0281 2.92413 0.00606037 165.885
1.23474 195.295 588.731 826.071 11 44.1935 0.00934495 167.257
30.347 189.995 554.072 874.498 12.0694 12.6092 0.00631137 166.652
3.54733 186.86 588.748 818.437 32.9981 2.69492 0.010086 165.557
-37.2035 220.531 568.004 765.002 12.0085 10.1516 0.00689787 169.617
-31.3746 203.81 582.419 809.778 5.33796 25.4953 0.00154525 164.123
-14.2868 205.961 560.192 830.264 1.89976 6.15786 0.0121364 163.703
-20.8924 212.875 552.959 815.493 4.42572 15.6339 0.0112237 165.88
5.53483 210.934 539.834 859.921 5.33512 16.2794 0.0112237 165.353
-31.5222 210.566 540.938 883.989 1.81443 11.1043 0.0138085 166.437
-8.48084 207.022 556.854 856.97 3.02513 11.8247 0.00103505 163.158
-57.347 217.406 561.875 870.638 2.38056 19.3682 0.00797745 167.397
-52.5276 204.208 575.246 855.886 6.19914 2.64753 0.014916 165.996
-14.5336 186.443 581.69 841.255 5.37149 7.73137 0.0300329 164.802
-0.750299 200.473 578.594 815.076 4.15824 7.30697 0.00787453 162.973
-11.9561 203.635 519.272 901.311 3.73137 25.0689 0.0511462 168.914
10.5382 178.16 549.994 887.557 19.9885 8.63591 0.064056 166.342
20.7279 163.664 556.939 891.325 24.5908 8.46934 0.0753509 167.234
7.479 190.156 556.156 851.017 22.075 4.5861 0.0389708 165.615
-19.8517 196.195 563.456 811.001 25.6795 21.5245 0.0505348 170.671
36.2087 166.05 595.6 847.857 1.97695 21.3917 0.0232374 167.863
43.6829 162.361 581.422 851.503 2.59728 22.609 0.0232374 169.034
40.7183 166.297 581.422 864.871 1.90355 23.4993 0.0256452 167.988
74.0794 160.942 581.576 856.393 7.98083 10.3578 0.02827 167.966
-6.08407 193.781 583.191 836.444 13.9135 9.91088 0.00378024 163.66
-5.96281 200.567 577.31 803.458 16.2608 5.02184 0.000147683 162.775
-9.79067 184.108 604.55 791.114 10.5458 5.02184 0.00704956 165.853
-28.9023 197.165 606.236 798.63 8.54496 15.1195 0.00144762 165.958
-49.1867 199.53 600.666 821.531 13.7271 21.0423 0.00351785 167.882
7.11753 205.098 573.852 824.639 14.5955 22.0823 0.00593928 164.543
-11.3798 207.279 589.915 793.834 1.94763 11.1792 0.00634037 165.677
-3.82512 216.441 567.336 809.938 3.19782 10.2462 0.000250373 162.827
-4.93221 191.477 585.769 830.424 8.50681 7.54493 0.013836 163.969
-28.9338 213.944 549.833 848.185 4.68112 31.6201 0.00290957 165.518
-28.9338 213.944 552.266 879.952 30.458 14.9074 0.0122506 167.792
8.07791 206.046 552.367 863.061 4.73966 14.7662 0.00221917 163.934
35.0592 172.985 599.748 773.023 15.7998 7.55605 0.0162237 169.484
37.1473 165.98 594.018 839.241 2.50138 14.057 0.0301201 166.761
53.8592 165.581 590.151 835.966 1.54486 19.2706 0.042793 168.559
-46.1579 211.567 538.232 877.294 4.27419 2.18176 0.0392265 166.225
-22.183 203.862 549.457 863.06 1.76578 8.99433 0.0491759 166.328
5.48936 185.225 543.634 866.026 6.19692 12.5382 0.0741959 167.722
0.333263 172.264 561.765 853.534 6.90382 12.8758 0.0691481 167.333
10.7837 159.818 536.909 932.466 6.7627 8.8016 0.0984855 167.325
-5.35956 167.788 544.129 919.952 17.8303 4.57232 0.0989959 167.672
-18.7223 179.545 534.743 907.973 15.3749 5.45476 0.0989959 167.851
-8.12732 176.595 552.383 897.045 14.1717 17.4295 0.0745295 166.963
-19.0649 189.264 550.921 896.168 75.9037 16.5891 0.0598569 172.273
6.02013 156.398 555.242 896.263 53.1825 32.4629 0.0971812 171.736
-0.036086 185.716 565.174 845.331 73.057 28.9215 0.0352918 171.161
-13.1317 199.391 565.174 845.331 98.8252 30.029 0.0181019 172.554
-42.7587 199.391 565.174 845.331 98.8252 25.9518 0.021514 173.889
-27.1953 205.165 565.174 822.245 65.3523 20.5916 0.00120174 169.255
15.7542 205.165 565.174 822.245 67.936 20.5916 0.0181368 170.465
38.6341 183.753 562.336 848.721 11.0964 7.19065 0.0173187 165.404
10.5042 204.362 558.071 841.624 8.2762 8.82773 0.0173187 164.029
30.3272 204.362 559.842 843.317 18.5999 5.93218 0.0158208 166.113
18.6903 205.88 548.021 843.317 30.6579 5.93218 0.0236176 166.782
18.6903 205.88 546.718 843.317 30.6579 5.93218 0.0304819 167.62
-15.99 205.88 544.715 824.655 26.4788 4.62196 0.0241024 169.461
-59.2897 225.073 552.863 879.197 24.2662 5.70559 0.0156765 169.905
-33.508 197.729 552.707 843.859 26.7154 5.51089 0.019544 169.676
-17.3142 211.693 541.887 857.209 24.0446 7.0257 0.0279035 166.039
-49.4536 191.431 553.383 887.355 7.90602 9.5585 0.061152 166.852
-10.7593 203.446 545.334 872.429 7.87053 8.67531 0.0386147 165.217
-44.2694 207.618 549.084 868.633 7.96145 28.8977 0.0307857 166.804
19.1652 198.011 525.554 890.56 8.45982 23.725 0.047604 168.523
27.7135 196.365 533.493 879.914 8.27073 20.1484 0.0472007 167.843
-6.92349 209.125 561.408 818.326 20.9763 8.82149 0.00953903 164.413
-2.73609 218.569 545.497 816.568 22.5929 2.20131 0.00666358 166.599
-2.48791 166.304 571.312 869.929 15.202 17.6636 0.0558802 167.506
-6.99521 172.061 582.939 857.909 13.7857 2.62161 0.0590166 167.116
-6.12297 167.977 580.817 855.14 13.7723 2.58978 0.0536552 166.656
-5.12621 162.498 585.994 869.737 6.72042 5.06351 0.0511862 167.455
-34.9696 171.079 586.537 864.379 15.3298 8.53965 0.0402005 169.325
-23.8675 179.044 591.522 864.379 15.3298 1.68581 0.0205682 168.89
-52.6757 182.207 580.842 862.835 18.6369 2.81624 0.0470175 168.635
1.84372 189.537 565.969 856.495 4.84766 21.3712 0.0293828 164.94
-30.6525 188.041 564.066 858.38 54.0393 33.1232 0.037248 170.944
-74.6855 159.341 608.032 852.815 34.1847 24.6749 0.107521 182.63
-17.5897 162.222 576.978 884.637 16.3393 2.82328 0.097571 170.54
-23.1844 162.222 561.208 907.606 16.6554 6.49655 0.097571 168.249
21.6525 171.934 561.044 835.323 13.6236 10.6763 0.0626718 169.258
45.6429 170.702 558.826 885.992 3.7623 8.04572 0.0467433 166.5
31.3781 155.087 562.965 906.718 7.49922 35.8959 0.0859417 169.849
69.6388 167.287 561.822 874.71 6.46193 33.1871 0.0298472 169.944
82.9308 167.287 551.98 874.57 7.73786 29.6319 0.0577526 171.061
35.8463 168.701 537.919 922.122 19.6855 24.793 0.0631517 169.962
4.91096 199.009 575.092 851.533 29.7075 15.249 0.00847811 166.238
44.0435 183.852 577.011 814.557 35.1488 46.0493 0.0257864 170.573
18.5401 169.055 601.389 805.95 24.1161 22.1919 0.0225861 168.755
22.9146 169.28 577.908 840.147 17.5721 21.7008 0.0440889 167.287
-19.4127 219.464 540.999 833.089 25.2446 6.59272 0.0245382 167.497
-19.1098 209.677 552.634 842.628 66.626 14.7603 0.00745971 168.79
-12.3463 197.938 570.115 823.597 35.9017 7.95767 0.0385055 167.706
14.632 192.976 572.862 842.747 4.07516 5.48725 0.00213027 162.811
-14.4611 200.382 566.522 834.735 3.23 15.4651 0.00332587 163.867
-46.1361 226.882 548.172 836.516 3.64663 13.5956 0.000855317 163.907
-1.3582 201.499 562.631 822.337 25.0005 5.51383 0.0112614 164.94
1.01243 189.371 567.182 823.267 8.66887 1.69306 0.0212402 165.951
27.0788 176.514 576.796 859.867 9.31636 5.61026 0.0215967 165.29
108.3 171.537 545.629 879.556 14.6002 8.67463 0.0347241 172.638
6.91585 176.49 565.012 871.609 20.0209 19.9377 0.0449597 166.648
37.6029 180.926 565.761 853.047 30.2971 2.21521 0.0264287 166.453
57.1361 180.304 565.283 851.862 44.0343 5.01541 0.0200482 168.22
2.9422 198.003 576.546 808.581 2.26363 5.26548 0.0226313 165.023
61.0859 179.338 581.317 815.913 3.40264 4.23661 0.0241622 166.601
-38.0074 191.975 571.524 848.764 10.011 10.5814 0.0218342 166.114
-10.1465 205.812 561.35 866.728 6.84374 9.35354 0.0200581 165.45
-45.755 211.393 559.242 858.271 4.29195 11.4647 0.0237893 165.324
-13.2085 214.608 545.521 837.066 17.8635 3.22897 0.0144346 165.261
-9.17419 194.578 583.929 836.329 25.9022 13.2835 0.000319486 164.199
-17.6404 205.135 570.49 839.905 8.32145 1.2634 0.00225512 162.786
-58.2738 233.237 540.845 825.112 19.16 1.65654 0.00202719 166.779
-4.28188 198.22 585.583 829.076 14.8959 14.2113 0.0010609 163.492
15.4134 223.041 543.288 815.514 34.6614 8.512 0.00176599 167.978
2.07607 222.084 555.22 794.322 23.8602 7.5274 0.000353277 166.185
-13.5163 196.244 596.075 800.567 22.8184 3.47261 0.00596457 165.11
-43.6765 198.97 607.758 771.088 44.6549 4.63308 0.00463847 170.116
-21.4026 201.878 583.131 771.088 9.88488 4.81215 0.00494263 167.076
40.8475 179.368 573.954 832.671 19.4615 14.4896 0.0261323 166.064
30.2507 175.553 576.43 835.012 1.71308 40.5461 0.0295385 167.891
48.051 164.179 584.532 839.721 11.3467 12.7663 0.0400686 166.828
6.56929 165.855 574.354 850.862 11.6179 13.874 0.0812341 168.382
-11.1815 173.069 561.807 909.955 26.8154 10.7489 0.0680218 169.163
-3.13013 146.033 567.93 903.561 33.9494 10.4607 0.0841158 170.89
-21.0129 158.333 557.645 904.394 30.3101 30.2844 0.0870866 170.926
1.88636 181.245 582.831 837.223 6.92751 27.5802 0.0229367 165.952
12.7009 179.762 573.974 855.38 4.25085 30.6868 0.0482722 167.242
-1.42546 209.377 572.613 824.296 1.44588 24.9878 0.00105538 163.805
-16.1161 201.899 576.524 825.131 16.7901 19.8424 0.000203922 163.085
-37.059 199.789 585.683 801.836 2.27909 12.9085 0.00975781 165.293
-37.059 204.179 572.736 842.929 6.64341 2.73009 0.0109319 163.989
-15.3522 202.623 537.544 871.55 16.6466 8.51321 0.040875 166.239
-39.2479 207.001 525.764 886.269 14.5555 9.04105 0.0815852 169.994
-48.5687 211.603 537.206 889.277 6.4682 15.3721 0.0494887 167.497
-29.1622 211.397 554.648 841.71 2.38899 36.9302 0.0260237 166.898
-34.8281 207.358 553.057 850.848 9.41888 51.1683 0.0300822 168.241
-41.2828 210.169 552.533 850.055 5.16322 37.7386 0.0269891 167.058
-57.561 208.175 570.482 855.37 15.5894 82.0538 0.0184066 172.641
-8.94878 195.114 556.932 854.449 7.97746 32.9531 0.0280429 166.203
16.8367 196.885 540.981 849.333 0.858581 20.7871 0.0547117 169.355
14.9897 189.772 539.692 907.253 0.2524 4.95439 0.0340116 168.129
-24.8838 187.993 543.025 884.451 3.31374 8.68852 0.063174 166.344
-30.7646 177.683 544.782 911.314 3.63262 6.82337 0.0937918 167.391
-41.3471 180.092 541.536 897.057 1.6767 6.71138 0.0804665 168.186
-35.4829 186.295 542.301 897.057 19.3811 5.85466 0.0804665 167.391
-4.07406 184.089 554.263 875.11 33.0839 5.82813 0.0640999 167.228
-2.89241 192.807 598.354 798.238 19.1523 16.7428 0.030126 170.423
26.7096 195.66 559.762 845.999 3.83416 11.5204 0.0165152 164.176
15.7053 211.223 545.649 845.693 25.7115 9.15263 0.0116023 165.879
20.417 198.794 551.421 865.322 13.2083 6.48738 0.0167772 164.726
15.4113 179.255 602.411 815.385 14.1064 12.099 0.015466 166.223
33.6162 212.759 565.687 824.874 17.7243 10.3868 0.00109273 166.489
2.51319 196.544 566.808 838.829 16.8536 7.01088 0.0244242 164.313
28.5815 177.396 579.89 818.611 4.55677 25.4779 0.0310123 166.859
-12.3331 188.605 579.064 813.051 8.99124 5.22556 0.0224619 165.477
7.57134 202.518 566.336 821.922 31.3009 7.22632 0.00669451 164.522
23.418 202.42 578.798 782.532 25.5654 6.98103 0.000806436 165.288
7.52205 202.791 576.747 794.378 22.2238 12.1487 0.000806436 164.016
17.3565 193.701 568.665 875.297 5.76611 4.14497 0.00765298 165.604
-18.561 211.341 563.55 853.405 68.6875 13.6039 5.15595e-05 167.545
-2.4616 195.399 572.005 853.07 35.3283 29.0766 0.00420796 166.926
-19.7928 200.673 576.437 821.078 44.0744 35.2684 0.0167521 168.396
-1.04099 199.712 581.296 841.933 9.60826 4.33881 0.00397777 163.954
45.6177 193.962 580.81 836.622 4.57391 6.22426 0.00281656 165.138
35.36 193.962 580.732 818.941 16.4835 9.75696 0.00281656 163.789
-3.12224 179.175 580.618 846.921 6.23364 20.8804 0.0475319 166.527
3.02765 181.026 583.935 830.949 6.14172 39.4365 0.0295667 167.083
16.7353 191.423 589.692 825.396 5.9422 14.7023 0.00131872 163.444
11.8283 199.376 575.95 869.585 5.45585 71.0097 0.00759947 173.009
13.9713 195.817 571.221 829.829 28.85 19.8703 0.0156851 165.598
-24.7271 196.697 569.514 817.164 43.96 6.03845 0.0213917 168.063
19.6255 190.372 561.589 839.361 18.46 8.81609 0.0267612 165.141
-46.1009 216.605 555.283 852.59 9.38579 20.3123 0.0132733 165.265
-55.5203 221.565 552.415 857.397 6.59407 25.0018 0.000787917 165.291
-10.6095 193.71 595.672 807.037 3.81599 13.2039 0.00300046 163.848
24.5163 197.352 555.846 877.604 9.2694 6.54899 0.00940671 165.333
-22.0428 206.843 548.117 865.828 7.37174 17.7221 0.0180369 165.126
-35.8829 229.252 543.763 854.587 13.0005 10.7945 0.00793053 165.864
-32.2347 215.379 541.629 838.881 6.33292 32.8388 0.0258864 168.032
-63.1534 210.507 583.137 785.156 31.9573 22.9346 0.0208391 171.082
-48.0884 207.435 583.32 804.26 36.8857 20.4801 0.00616941 167.329
-50.7171 207.763 590.702 816.326 36.8857 14.7985 0.00616941 168.022
-67.0243 209.507 590.702 816.326 13.2734 5.28032 0.00616941 166.687
19.2287 204.868 542.094 886.007 6.74589 20.6696 0.00189958 166.866
8.97143 195.85 540.285 887.044 8.45602 18.892 0.0287303 166.622
-42.9928 211.929 545.648 867.069 11.1992 12.3823 0.0332523 165.855
-9.12449 195.725 548.061 873.837 8.7118 30.4869 0.0341425 166.559
-23.0074 194.574 563.382 844.969 9.11265 14.03 0.024351 165.285
20.3228 188.804 569.04 849.942 7.11713 41.4248 0.0289767 167.001
21.5767 187.146 557.811 877.927 8.22209 20.2693 0.0296588 165.919
-15.1525 184.062 549.498 883.964 2.10311 20.3423 0.0515074 166.899
-15.4342 203.257 547.826 863.579 0.806839 9.39712 0.0134014 165.739
-62.0748 198.271 576.889 875.404 10.6146 21.5643 0.0405266 171.181
9.40553 186.847 552.792 873.849 5.78218 9.37573 0.0498411 165.159
-49.8093 197.725 550.315 864.342 43.787 11.9552 0.0533066 169.234
6.14058 191.743 525.576 885.734 59.5439 5.96999 0.0608745 171.527
26.8275 194.678 555.271 879.454 34.3358 16.2787 0.0155759 167.864
27.8145 188.665 557.712 893.505 19.8985 3.19415 0.025894 167.797
30.9342 181.517 559.589 855.394 18.1021 2.56379 0.0500565 166.386
-1.68392 179.877 574.691 863.497 19.4006 2.21796 0.0340566 165.868
1.10829 179.518 569.292 834.558 27.1898 8.88594 0.0530874 167.457
22.0035 178.558 588.198 818.941 2.58488 5.84032 0.0211489 164.831
3.22512 170.212 573.071 862.347 19.9699 21.0275 0.0349121 168.709
1.79548 198.265 573.758 832.189 2.91885 8.11514 0.00772753 162.822
18.3183 197.241 589.123 789.67 3.86398 23.8008 0.00620259 165.571
9.34248 187.795 580.337 821.641 7.64392 24.5589 0.0103894 164.88
-3.65768 198.545 564.199 836.471 22.3362 32.6194 0.029997 166.971
-50.6117 208.801 554.521 854.076 2.66876 58.8711 0.0132127 169.82
-31.725 200.572 552.255 874.63 11.3258 33.8752 0.024618 167.407
-15.8938 207.906 554.345 867.942 10.1488 11.2277 0.00959413 164.391
-16.5371 199.963 569.046 836.099 21.8851 5.16595 0.00959413 164.097
-8.47028 201.924 560.832 845.205 18.6281 3.28329 0.00959413 163.944
6.6419 201.924 560.832 845.205 3.9326 30.7412 0.00519729 164.53
6.6419 197.439 560.832 845.205 3.9326 13.6284 0.00519729 163.969
21.5857 197.439 560.832 845.205 9.96368 13.6284 0.000430133 163.366
21.5857 213.044 560.832 831.993 11.5898 7.74434 0.000430133 163.753
27.212 203.027 566.349 823.909 20.5351 19.9151 0.000430133 163.86
19.902 193.102 566.349 853.024 13.1601 19.2849 0.000430133 164.212
28.5016 194.046 563.099 804.521 13.5674 35.3403 0.0257111 169.646
19.2318 198.792 554.935 842.6 17.801 1.81922 0.0296363 165.694
21.5733 194.184 569.451 831.737 21.0514 0.894069 0.0174377 164.943
24.0253 172.712 571.842 873.469 2.81228 0.820133 0.0275292 166.774
24.6239 199.19 582.7 796.408 13.975 2.6493 0.00708348 164.874
29.4403 181.058 599.713 816.81 34.9904 10.9291 0.000937491 166.018
13.765 212.272 551.491 834.051 19.7509 12.565 0.00804716 165.084
19.6854 192.799 558.998 857.238 7.70505 16.495 0.0239768 164.697
16.0621 182.799 568.957 863.27 27.6892 14.1328 0.0326283 166.296
19.9357 177.14 562.519 858.692 13.8397 34.892 0.0343453 168.077
-3.65765 182.261 576.351 851.693 42.1163 4.95105 0.0244083 167.263
65.8138 191.755 560.671 865.986 4.48609 20.672 0.00242434 167.247
-16.4539 191.755 586.173 865.986 4.48609 20.672 0.00242434 167.594
-9.5542 193.54 570.296 843.453 4.48609 15.1989 0.022927 164.19
-4.08292 188.838 595.822 822.586 0.21714 28.2378 0.0047811 166.6
14.4256 188.838 588.68 784.91 4.67395 28.2378 0.0047811 166.522
-71.865 201.745 574.813 849.387 3.20356 15.9532 0.0138071 168.201
-12.5163 191.912 583.984 842.108 3.20356 7.55567 0.0138071 164.364
-12.5163 191.912 583.984 842.108 3.20356 7.55567 0.0138071 164.364
-3.39058 181.379 581.629 842.108 7.34219 7.55567 0.0138071 165.439
16.0643 181.947 581.629 835.125 4.62376 7.76353 0.0138071 164.212
6.10105 197.177 567.258 835.125 4.62376 8.2546 0.0138071 163.231
34.3009 195.995 559.793 868.375 8.91621 8.32625 0.00391955 164.831
-54.0846 198.583 591.781 815.775 31.1478 7.57946 0.00391955 167.366
-15.3032 207.136 588.138 823.041 29.7505 7.98148 0.00470702 167.183
-15.3032 208.744 572.99 796.224 23.7257 8.33296 0.00470702 164.778
-9.06493 208.744 572.99 796.224 23.7257 8.06828 0.00470702 164.688
-20.4601 208.744 572.99 825.493 21.564 8.4074 0.00470702 163.606
-20.4601 205.516 559.871 857.951 63.8299 8.4304 0.0317625 169.712
-9.41468 194.287 570.197 857.951 39.557 9.53428 0.000147428 166.351
-60.622 222.286 557.476 821.825 11.199 9.53428 0.000147428 164.217
-60.622 222.286 557.476 821.825 17.2582 9.90661 0.000147428 164.606
-41.2756 223.435 566.585 821.825 26.3209 9.90661 0.000147428 164.25
-51.2983 221.771 567.004 802.537 3.06083 19.0308 0.000147428 164.13
-44.8644 216.453 568.683 813.852 1.8698 10.8214 0.000147428 162.852
-38.7425 208.955 566.29 848.943 10.0148 5.55768 0.0221655 165.014
-47.9558 207.355 567.329 823.482 8.46793 4.03433 0.0455131 168.082
-34.6754 179.727 589.12 855.892 6.12017 1.55933 0.0370702 167.644
-31.1793 200.01 571.514 836.991 6.12017 2.6044 0.00310173 164.135
-31.1793 200.01 571.514 836.991 3.30331 3.30895 0.0119511 163.984
-10.9261 200.01 571.514 836.991 3.30331 4.0394 0.0119511 163.096
-16.3825 200.01 581.257 799.713 3.30331 6.96877 0.0119511 164.293
-16.5534 200.01 581.257 799.713 3.30331 6.96877 0.0120252 164.306
-17.9078 203.563 580.563 816.095 3.30331 6.96877 0.0120252 163.827
-17.9078 203.563 580.563 816.095 3.30331 6.96877 0.0120252 163.827
-15.6477 203.563 580.563 813.547 5.73489 6.96877 0.00357535 162.601
-20.204 203.563 583.825 790.657 5.73489 6.96877 0.00357535 163.776
-14.5953 203.563 583.268 790.657 14.2799 6.96877 0.00357535 163.98
-11.6215 203.563 566.195 834.196 8.97393 3.19431 0.00357535 162.705
-20.6582 203.563 573.154 833.662 9.11339 21.1405 0.00357535 163.567
-10.9191 212.079 573.154 803.049 4.59552 21.1405 0.00357535 164.085
-13.4153 216.211 577.615 803.049 7.99814 16.0625 0.00357535 165.317
7.9208 223.66 573.648 789.929 13.5658 13.7897 0.00109105 169.389
-16.8934 197.496 574.976 825.835 20.5451 16.3499 0.00848407 164.701
18.4584 208.849 558.703 789.108 13.7421 16.1322 0.012387 168.688
10.7557 191.71 581.367 823.819 3.01009 15.278 0.012387 163.848
10.7557 191.138 581.367 823.819 54.9573 13.9089 0.012387 167.289
10.7557 194.982 573.43 801.048 37.0882 13.7753 0.00909346 167.154
29.6189 196.698 578.778 807.881 12.692 13.852 0.000315009 162.919
33.894 190.947 568.516 862.673 16.7766 14.1023 0.000315009 164.824
24.1221 196.022 564.47 874.254 17.5554 13.2158 0.000315009 165.518
16.2114 208.733 551.021 842.189 8.07586 12.1227 0.00266734 163.641
-2.89576 220.56 551.842 837.356 18.32 23.6575 0.00266734 165.403
-53.7155 229.065 550.494 843.379 15.5581 17.6596 0.0074318 166.045
-69.7159 227.75 533.753 864.454 17.1185 29.3908 0.0232754 169.38
-46.2159 215.214 533.753 894.764 30.8685 12.1757 0.015126 169.629
-67.7684 225.705 553.292 863.23 29.0572 18.1617 0.000812083 167.355
-66.7095 215.363 562.877 857.737 20.034 24.4334 0.00427407 167.452
-39.4827 199.638 572.009 848.873 8.04884 28.3212 0.00662419 166.371
-38.3819 219.201 570.192 854.959 16.6999 33.5703 0.00613782 169.785
-16.5768 201.435 558.155 858.903 11.7914 12.5699 0.0220035 164.394
1.99477 209.543 565.076 867.556 1.66287 13.7084 0.00178037 166.171
11.4532 206.734 549.285 831.589 6.9386 8.21676 0.0178613 165.112
-29.0553 215.228 558.489 841.155 17.4743 12.1481 0.00220686 163.486
-18.3624 217.653 545.7 854.511 11.8626 16.981 0.0069201 164.62
-25.9657 222.62 567.505 821.901 12.0178 1.98013 0.000524562 164.011
-27.9436 226.225 565.654 793.22 12.0178 0.917767 0.000744792 165.323
-27.5045 223.892 559.877 810.165 63.3983 3.2997 0.00888237 169.503
-16.7735 219.062 553.711 824.539 37.8475 11.2015 0.000307741 164.85
-21.8755 208.249 570.112 828.471 35.1886 5.05656 0.00836094 164.88
9.60884 195.806 594.393 801.723 5.063 25.3666 0.00456469 165.281
-17.033 181.74 602.97 800.559 18.8873 13.8534 0.0252969 167.901
-2.98925 183.738 604.354 814.178 15.2439 33.5001 0.0155145 168.451
2.98963 203.022 549.694 872.079 8.853 7.4862 0.00189658 164.757
-49.2261 211.774 546.743 885.207 6.40832 2.58495 0.0248097 166.317
-33.2154 194.721 562.866 876.734 7.46788 13.3584 0.0403493 166.105
-2.37548 185.465 543.759 904.873 7.43056 11.7122 0.0475679 166.564
43.7561 179.117 537.598 877.61 10.0271 7.22354 0.0754344 168.99
45.154 153.124 550.205 900.213 16.0427 9.34057 0.0895824 168.183
23.7889 171.992 540.676 913.601 7.14037 6.50006 0.0761107 166.766
46.8192 189.934 545.581 870.161 2.1239 6.83176 0.00959605 167.598
-40.7095 197.353 574.171 834.64 21.0535 10.2868 0.00595505 166.597
-40.9963 198.144 579.389 836.586 26.3447 11.4455 0.0230196 166.451
7.03496 203.293 565.191 859.377 15.7411 1.67129 0.0150284 165.755
13.0947 192.991 573.28 839.876 16.4682 9.25714 0.0196543 164.385
21.6186 174.675 582.105 836.85 32.4212 15.8594 0.0435822 167.698
39.8679 183.668 582.629 812.528 7.12945 47.0927 0.0294029 169.415
35.5921 195.904 565.964 824.866 8.84479 47.0927 0.0174426 167.831
30.8331 192.947 567.431 859.684 5.59845 9.73629 0.0154311 164.985
11.6469 184.875 578.098 816.902 20.9011 27.536 0.0292271 167.155
-14.9629 179.573 567.565 828.769 24.5975 27.082 0.0815903 172.509
-67.6738 188.366 531.166 917.693 41.9683 6.06435 0.0941831 171.374
38.431 173.744 562.915 879.366 5.09322 10.4978 0.0468995 166.117
43.4708 169.899 579.036 836.906 12.3654 1.29714 0.045332 166.793
33.3607 166.687 587.993 836.906 14.7504 0.447817 0.0473193 167.621
-3.04534 174.427 575.108 850.122 4.30097 14.1223 0.0330676 166.833
-11.7224 171 569.016 868.133 26.4923 3.3452 0.0723084 167.418
-69.8753 184.765 573.447 838.061 10.3801 15.62 0.054957 171.215
-61.7284 209.249 573.393 812.715 6.34664 17.6517 0.0314484 167.978
-42.0216 209.43 565.937 819.687 7.50148 18.1502 0.028614 166.409
-13.8906 212.324 572.803 800.411 22.0789 0.744742 0.00186026 164.307
-18.3896 212.275 563.363 797.448 34.3209 0.744742 0.00877676 167.491
-17.0982 212.339 559.993 809.494 17.6255 23.9801 0.019088 167.07
-24.3881 212.406 566.593 814.897 22.5741 14.8125 0.000489526 163.529
-23.9064 205.485 594.855 801.73 13.5706 0.365253 0.00396716 166.193
-8.93997 209.421 566.795 821.524 21.5557 6.12796 0.00311346 163.185
-34.6558 220.96 566.795 840.725 57.4345 5.83301 0.00311346 168.559
-42.8505 222.682 540.215 849.903 16.3842 5.76045 0.0273842 166.607
-33.0646 209.889 538.162 879.184 13.3069 5.15962 0.0304581 165.904
-37.472 193.536 538.162 888.301 8.96909 1.29684 0.0640736 167.075
-23.6141 195.228 555.408 896.535 7.23397 1.91952 0.0440641 167.059
-11.8712 196.415 580.675 874.193 14.5485 2.06932 0.00143185 167.591
3.75091 191.861 593.392 781.824 2.50618 3.27262 0.00982873 165.385
25.5921 189.091 582.657 815.131 7.12644 3.52056 0.0110628 163.67
51.7476 174.006 590.71 814.891 12.8521 1.99555 0.00945288 165.704
32.1065 176.42 588.778 841.889 6.33096 34.1153 0.0221003 167.299
43.396 174.695 571.624 833.363 5.25179 31.6332 0.0411784 167.911
30.8737 183.944 590.246 840.245 9.54683 41.5235 0.0110645 168.106
-25.3412 207.519 581.302 804.879 16.4582 4.44418 0.0077523 164.238
-26.5707 201.546 586.999 803.335 4.579 14.1202 0.00682687 164.15
-7.39543 204.859 583.424 826.165 1.40512 6.685 0.00229556 163.806
-47.9579 214.794 560.192 838.763 4.1156 11.9811 0.014996 164.536
18.7804 202.972 558.466 846.308 7.69618 15.0817 0.00555061 163.641
10.3436 211.206 552.384 838.352 16.4759 25.606 0.00921579 165.568
20.1502 201.757 568.146 844.08 9.60741 2.28782 0.0133834 164.907
13.3747 199.64 558.254 853.465 26.3733 7.24588 0.0253699 165.681
-9.48781 203.495 559.832 825.179 7.25211 26.6632 0.0109086 165.47
-17.8069 207.705 573.45 796.173 9.28891 12.0852 0.0168461 165.726
33.2631 168.119 580.077 855.415 28.9763 8.20197 0.0245461 167.81
11.0149 183.65 562.047 857.155 22.216 9.37685 0.0430989 165.637
11.8084 187.985 553.007 876.189 30.825 10.7903 0.0526335 167.277
0.405927 203.087 549.936 863.4 6.76773 35.6226 0.013636 166.198
10.452 207.777 567.247 838.221 35.4989 14.9319 0.00028633 164.71
-52.4307 215.484 558.723 833.435 13.831 16.2343 0.00028633 164.702
15.7596 204.406 547.933 848.142 42.3478 7.37929 0.00336281 166.907
-7.43455 203.037 580.089 820.313 5.66085 14.6458 0.000290724 162.1
5.58448 201.635 556.095 855.518 6.32623 8.73488 0.000654463 163.343
8.16793 200.184 570.27 823.666 2.3679 3.66077 0.00384502 162.554
-29.1693 188.894 598.572 819.589 0.467349 6.14078 0.00331118 166.081
-32.9122 189.795 603.444 792.535 2.09061 12.4402 0.0200074 167.717
27.2198 190.561 585.199 807.419 4.03528 29.6775 0.00795317 165.215
18.4894 199.378 586.094 834.85 2.60108 34.0702 0.00675905 168.566
-13.6415 208.122 568.065 834.381 10.2505 11.2978 0.00390318 162.767
-1.46541 199.107 585.203 833.77 10.2686 2.0706 0.000836214 163.367
-25.4454 207.282 563.861 828.983 8.00831 5.77931 0.02317 164.321
-47.9547 206.049 547.805 860.772 2.90992 5.8246 0.0222813 166.691
80.9393 189.736 547.966 854.306 0.892446 15.1571 0.017729 169.519
58.1042 179.21 548.277 894.806 35.6644 18.3291 0.032854 170.478
64.4238 182.964 565.436 831.219 26.1263 28.4747 0.0451542 172.085
50.106 196.156 566.189 831.324 12.3159 27.6146 0.00828692 166.301
-30.7936 207.761 560.26 862.194 5.69329 16.3667 0.0186877 164.989
-61.3874 221.303 558.092 838.316 11.3076 9.37336 0.00303643 164.455
-42.5926 220.189 564.038 817.752 9.19008 1.05839 0.00136233 163.392
59.3241 193.18 556.195 841.408 4.96336 31.3018 0.00671906 167.223
54.0784 172.744 557.818 866.684 4.92694 7.62852 0.0580795 167.236
-10.954 210.155 557.412 830.126 4.13291 6.57593 0.0235085 164.737
-10.954 197.302 587.704 796.244 4.48024 6.08465 0.00636066 163.749
-14.5946 191.469 587.203 833.978 6.41774 11.8195 0.0188249 164.919
-16.6667 201.886 572.711 830.756 0.165473 52.3005 0.0129673 167.966
3.86496 192.441 572.711 824.431 9.40568 38.8064 0.0121005 166.134
32.7143 195.819 573.189 798.923 9.40568 9.47954 0.0121005 165.418
13.0604 195.819 573.189 798.923 9.40568 9.47954 0.0121005 165.191
0.182859 195.819 573.189 798.923 2.66926 19.4914 0.0121005 166.307
-9.74093 196.197 587.92 804.276 8.88217 3.20291 0.0121005 164.13
-20.2019 200.083 582.45 807.971 4.57501 23.0596 0.00654587 164.381
-17.4465 206.033 572.187 853.199 3.85483 3.24909 0.0104387 164.764
5.30734 187.671 583.848 823.317 11.343 0.825004 0.00900059 164.225
73.6956 192.507 545.85 861.368 3.56334 15.7134 0.00606394 168.423
-58.8603 218.705 553.565 832.765 32.3358 35.6094 0.00682307 169.056
-53.3046 221.43 569.064 839.194 52.7749 37.7976 0.00169561 170.127
-2.26062 193.455 572.109 860.428 7.07874 8.07254 0.012697 164.263
-51.9482 218.787 556.262 838.627 13.9111 29.9379 0.00103055 165.523
-53.9578 211.688 565.55 820.532 11.374 6.54773 0.00850839 165.187
49.8728 193.261 555.296 859.363 4.28937 14.5382 0.00852948 165.609
21.7678 198.778 549.269 885.991 9.86779 18.3076 0.00662243 166.742
26.9148 199.671 549.269 886.057 9.86779 9.35113 0.00758734 166.329
48.6277 209.004 539.726 877.069 4.06148 26.4199 0.0111175 169.837
-14.764 202.496 558.834 868.678 12.2773 26.2949 0.00645362 165.801
-16.9667 211.943 532.368 871.929 23.0835 0.664671 0.0102792 168.534
-53.4572 215.745 550.51 860.677 16.983 3.96425 0.0200668 165.704
-9.9958 200.317 557.391 872.085 8.46632 2.4371 0.0183167 164.542
40.9978 185.454 565.111 842.806 8.67372 25.1164 0.00920463 166.152
-49.9455 212.7 562.656 846.46 36.0264 41.8227 0.00463555 168.615
3.47362 169.335 566.404 873.07 64.0804 36.1218 0.0816047 173.232
7.61784 165.271 542.642 899.745 26.8548 77.6533 0.0806271 174.324
18.6013 176.756 543.709 894.074 61.2034 14.4152 0.0725285 170.491
-2.24238 164.152 571.508 878.313 5.91128 7.27233 0.0660479 166.365
