869.094 21.3706 10.7618 10.1835 12.6973 18.5888 40.0595 10.3052 32.6384 0.0590129 15.6197
764.773 24.49 19.1011 50.2178 11.7303 19.716 33.0292 11.1756 20.5246 0.105865 17.412
865.81 11.3061 24.012 2.98473 9.42542 17.2811 25.6412 13.1049 10.7 0.0412004 13.9377
745.597 8.41568 13.3523 58.172 9.44272 37.7001 20.4639 10.0931 10.7 0.0412004 15.3146
698.852 17.569 5.60376 58.172 11.6025 46.7592 14.3037 14.7456 7.57249 0.0191746 15.3514
633.756 21.3101 14.1512 13.4011 47.0287 39.7276 33.6558 2.29169 3.34041 0.199367 18.7343
785.331 8.80916 21.4869 26.031 67.5663 15.2769 4.17457 52.7612 25.2708 0.00476615 17.6604
615.944 20.9779 37.4811 27.6077 31.9106 16.7823 14.5453 37.9343 15.6778 0.00113083 15.5926
653.821 2.36582 55.2116 25.4795 30.3493 15.6116 17.8138 11.4968 28.2637 0.025758 17.2421
835.96 3.21286 25.5401 39.6461 27.2148 29.6914 28.8894 11.2567 6.40579 0.019395 14.7306
738.317 20.2351 37.5189 31.958 10.8085 24.5278 37.8075 44.6108 12.5489 0.0759645 17.9728
589.203 26.392 29.8528 18.6336 8.50707 31.6546 30.15 9.58164 2.35084 0.134134 18.3054
936.14 19.5494 2.1675 8.48291 12.0768 1.09543 24.4997 38.9785 0.780621 0.358023 19.9057
964.384 18.8813 14.0108 30.0511 4.8768 7.09989 20.524 31.492 15.2795 0.444575 19.8106
831.427 13.8979 16.4464 28.0702 15.7159 8.48887 43.9704 42.9654 49.652 0.506158 22.6474
772.272 4.80333 34.8136 42.13 22.9559 7.1057 35.202 36.395 0.256192 0.238009 20.0884
910.243 36.0291 1.6982 1.08808 14.8315 7.96659 15.8767 56.5637 5.16238 0.0371985 17.2614
790.599 16.6129 31.9819 19.5372 5.23992 19.3812 13.8436 32.2086 11.6431 0.0557726 15.3741
825.579 2.09455 11.7949 42.4141 40.2037 14.8022 40.0575 43.3779 10.5462 0.0478001 17.2048
960.114 4.10645 17.4585 7.2976 60.5583 2.42581 30.2731 66.3156 10.4699 0.0290597 18.2099
846.706 6.17995 16.3432 11.5759 48.7382 19.4183 31.0441 40.9051 10.856 0.0012762 13.7778
888.294 8.16001 12.8415 5.03046 65.8796 15.3937 44.2757 36.1464 12.7861 0.0380465 16.7884
728.796 4.47386 12.6687 14.3944 60.6011 13.3375 36.5119 36.0289 9.15366 0.0349703 16.2353
980.611 3.44314 22.0705 16.522 17.6202 21.5341 3.56053 37.5366 25.4664 0.115363 17.1344
887.891 11.174 4.8731 22.0846 3.5095 20.1918 20.7706 8.49376 16.7362 0.0796742 14.9027
896.589 14.4994 7.90083 7.84845 24.4447 19.9812 22.7508 37.1547 12.1474 0.163517 16.0702
923.309 8.40592 8.64662 12.3737 30.4333 18.6169 29.7602 22.8691 11.5707 0.164497 15.5062
782.747 20.4907 17.2018 11.4449 6.10775 7.61804 63.8877 46.7809 10.7381 0.22178 18.9566
815.259 11.9214 6.92592 32.404 16.9614 4.50294 9.57698 16.5234 12.0459 0.00116513 12.9143
971.134 10.0135 2.25784 34.6243 42.3781 4.08105 0.422179 23.7274 4.00808 0.00116513 14.9814
953.918 5.69787 6.94651 17.2914 63.3257 12.1536 11.2126 55.2643 19.1385 0.00703679 16.6214
932.384 6.95117 6.16318 19.889 38.4155 15.4569 12.9769 32.6423 9.94513 0.0104968 13.4383
770.736 30.0243 16.9362 15.2263 64.2594 27.1963 24.6177 15.0947 1.4094 0.0599776 17.46
724.948 4.0177 15.3148 10.513 38.7169 14.0549 21.9318 26.7148 37.7449 0.118666 18.8855
818.351 3.06585 38.659 37.0953 25.4472 6.9869 12.1092 5.32119 25.1806 0.0142891 15.4446
817.528 0.693602 12.3919 25.0791 29.034 32.8138 10.3596 22.9779 21.5821 0.0347204 15.6595
801.69 9.53878 40.9173 37.9129 12.0336 9.47294 22.2043 29.1627 16.2891 0.0352072 15.9665
1107.43 0.963552 5.96111 41.3441 10.8977 4.43777 22.6814 11.4867 13.6231 0.0331484 16.2669
825.36 3.03028 27.7129 40.5957 34.3927 14.5035 49.8218 17.5768 5.25403 0.0440538 16.4961
455.643 61.4126 64.6925 17.261 10.4926 13.7751 23.7327 8.43402 36.8834 0.00293187 20.2449
750.371 9.92672 18.5757 39.6916 18.2002 43.9422 4.98265 4.59908 3.75086 0.0249591 14.4913
751.738 14.506 27.418 36.9285 18.7663 31.6921 21.5489 22.7744 23.0477 0.0152566 15.4586
781.574 46.2728 25.0975 6.67378 22.0504 13.302 13.2652 10.645 7.02274 0.0296304 14.8696
690.962 16.6147 15.6187 15.3903 32.2566 52.5242 8.46105 21.3215 4.182 0.277202 18.5838
818.693 36.7604 22.5756 9.75495 6.58791 20.6867 22.5937 4.557 9.50717 0.0688326 15.1234
687.28 45.581 3.93182 16.6912 2.16577 33.9145 92.701 8.83168 26.9085 0.0423816 19.6324
630.217 16.1767 14.0521 27.848 3.4833 80.5125 11.8239 80.689 18.1327 0.117429 22.3886
804.057 35.6296 24.1081 12.7126 8.79786 65.1254 25.6062 17.0684 22.5477 0.228498 20.1929
784.399 19.1702 16.744 16.7428 11.1282 38.2761 1.25711 13.8425 10.1685 0.113431 16.1635
852.047 13.1036 15.8278 20.8279 5.45828 42.1324 8.56339 57.8935 2.75738 0.223911 18.2988
852.991 20.9245 14.7351 15.8625 22.3452 69.0704 7.17893 15.0977 6.63932 0.254626 18.6067
522.689 24.0232 9.40718 22.421 18.3819 66.2782 30.6515 12.5459 41.9831 0.0954893 22.06
959.631 52.5063 1.44546 1.8599 8.56344 58.8485 32.9915 13.0239 39.9891 0.0495294 21.8752
786.824 31.869 2.27249 36.5148 10.3588 40.7279 27.376 14.2141 2.39194 0.0482643 15.8305
704.658 46.387 4.04423 18.3955 53.4559 5.17768 17.7001 51.2722 12.8033 0.067966 18.9289
713.889 44.674 40.7435 10.8007 19.0912 24.2466 34.9317 39.0162 79.7879 0.445832 27.2867
661.145 35.5654 37.4129 9.16423 38.6183 19.2195 23.3274 1.34726 33.5172 0.217495 20.6645
691.8 15.4211 49.4748 6.4119 23.8692 40.5575 14.1828 20.4089 29.7421 0.107147 18.3486
805.216 61.7775 24.5068 13.8758 8.90834 17.581 34.7135 38.7722 5.78409 0.214803 20.6758
647.012 40.8955 38.9575 8.81689 11.7618 33.5954 13.7069 43.1923 29.6969 0.308044 22.1331
1199.88 9.81178 10.3491 1.51513 8.03506 6.89044 8.12826 51.9821 61.018 0.00274665 20.2411
877.847 9.51867 15.3796 5.86991 61.3603 12.8185 89.0214 1.42457 26.1701 0.00269795 17.5525
865.394 20.3803 13.2506 21.65 40.8888 26.6768 65.0391 10.7662 22.384 0.00269795 16.2701
846.714 23.524 12.8516 31.1405 4.1272 26.2753 19.0026 29.8817 22.4137 0.000472708 13.807
924.471 31.7785 18.5915 7.91375 21.5213 31.9405 62.8128 4.97649 23.6252 0.000531 16.0607
840.267 40.9718 35.1384 3.97914 7.28287 70.5062 5.34224 9.61674 9.27264 0.000974643 16.5595
839.939 21.3675 9.45014 7.32918 8.80069 59.0956 14.2313 4.4636 7.73621 0.000974643 12.39
795.786 10.1563 21.1558 5.15304 16.8063 56.3729 5.43503 14.5991 4.65621 0.000974643 12.6979
887.061 4.3915 29.0447 23.9267 6.45858 7.27468 4.47648 19.2373 3.17212 0.0331598 14.2822
898.358 19.8439 24.569 6.61666 12.9498 45.6961 22.9085 20.3797 12.6216 0.00403587 13.594
888.074 1.37168 36.0919 11.0932 24.5043 18.6384 9.41278 10.9272 8.18977 0.00242914 12.5488
787.709 11.7031 15.1087 15.9631 58.3746 8.38958 13.5579 11.8562 12.919 0.00534534 13.3282
805.387 33.2075 14.1956 7.18019 36.9412 26.8257 19.3474 23.7338 12.6672 0.0557466 15.608
938.93 4.28379 17.2316 9.50502 36.285 16.6489 90.2107 14.8845 40.5881 0.0218077 18.5603
853.867 8.52562 27.1468 10.6898 11.6282 7.1381 115.524 1.15873 31.439 0.0109952 17.8439
807.957 8.29867 42.1359 18.5239 3.71505 22.9166 98.8043 22.637 35.3503 0.00613776 18.7172
823.927 9.46652 35.5729 13.3365 6.4058 16.4738 17.9579 16.0432 31.2329 0.197393 17.5579
699.731 1.07882 47.3637 27.818 43.7346 63.9411 30.1956 37.1629 54.3635 0.0269853 24.5979
819.747 27.1679 1.34516 6.1901 40.2664 61.9172 35.206 56.3602 36.4111 0.097681 22.6461
722.887 4.17381 3.34733 17.0019 28.7522 9.86813 69.7022 52.1639 27.9076 0.0792601 20.4551
806.534 5.62145 16.607 13.63 39.5852 34.2153 54.0154 15.0483 12.6051 0.00713122 14.2509
854.914 5.99197 11.0022 17.8574 35.2713 45.595 18.4365 3.56912 17.6694 0.043891 14.807
995.973 4.73374 6.81122 17.7087 50.6779 35.6663 7.92492 10.8298 12.8795 0.0268983 15.4084
711.632 10.8329 6.59542 41.4874 58.4442 20.6904 9.65264 21.0071 1.92706 0.0638186 16.5411
807.863 19.5505 9.5671 8.38099 67.3113 15.0512 2.31689 58.4122 12.7572 0.280426 20.611
610.88 28.162 16.6857 17.3031 7.19621 6.91817 93.8652 13.4599 40.2804 0.255983 23.108
936.977 8.2865 27.8986 16.3703 4.3073 14.843 36.3195 12.7506 35.697 0.284978 18.5849
810.673 16.2159 38.5949 27.2034 26.5678 28.3608 7.98499 8.43479 63.7621 0.413206 23.2735
683.275 9.37463 1.47392 13.5922 21.8085 29.7822 25.5794 90.099 13.7791 0.454402 23.5756
676.789 14.0941 6.26707 40.6504 27.4417 30.748 9.60741 86.0389 9.68636 0.0093584 18.3582
738.962 8.02917 16.6024 9.44663 7.39867 63.5096 28.5038 55.9643 3.71975 0.0692563 17.8325
792.04 15.6365 34.9388 56.4112 27.7333 15.4815 6.28792 5.56185 38.8625 0.162153 21.2402
807.655 26.2235 18.3998 9.12407 90.3518 6.19472 15.4243 4.09045 7.55212 0.159965 19.2958
732.135 8.70889 21.6872 21.3804 36.2291 28.2192 76.7557 13.9928 10.8676 0.176226 18.5879
1015.22 11.1548 10.7911 8.94201 17.4635 8.65554 100.832 26.5954 23.7544 0.0046434 16.9057
653.613 53.2268 17.5146 9.90316 11.4907 29.536 102.621 14.2603 9.39264 0.0509428 19.3721
877.461 33.2216 8.69696 21.2307 17.0421 15.9314 4.81571 12.8027 4.24327 0.05787 14.6897
882.985 6.30656 24.3204 8.70817 25.0158 53.5683 16.9333 39.7336 2.48203 0.0208184 15.2677
556.507 21.2402 6.12378 7.98242 37.2817 66.1151 23.9383 9.94506 11.1524 0.00240766 17.2042
857.391 4.82058 15.3312 30.8234 20.2354 4.66942 16.0143 51.6564 61.2921 0.00240766 18.3275
898.797 6.78482 16.7039 11.1914 6.03796 26.4525 9.97219 12.038 12.8995 0.0624941 14.0485
949.909 11.7956 51.7708 4.19648 36.9882 29.1225 11.717 6.07861 1.36601 0.0209568 17.2207
860.22 43.8784 26.9545 4.94702 20.8698 31.2549 21.4908 21.2151 15.3481 0.0464355 17.2059
964.725 19.3045 26.5097 5.39107 0.838191 49.7567 10.6628 17.2639 2.59998 0.0532383 16.1446
934.252 6.8299 26.8453 5.9588 18.4613 25.2114 51.3997 19.4123 5.10103 0.175557 16.5731
1104.63 13.2987 15.5617 7.83073 16.0815 24.0208 37.3068 29.3634 6.5142 0.166047 18.3484
769.515 14.0364 51.3946 9.42385 3.89091 58.5299 36.1407 27.7135 7.1143 0.290056 20.6603
789.071 14.4197 38.16 8.04548 19.5703 55.8972 22.6123 4.17085 8.35104 0.0397443 15.2949
890.565 18.0331 23.7564 11.9139 0.943286 20.3258 5.88425 11.4521 14.8145 0.15239 16.5974
920.114 23.3322 18.6614 51.1711 3.80036 2.56672 16.5935 22.7385 3.32124 0.0573264 17.2521
932.624 15.7006 17.4124 23.063 23.8789 4.2651 66.4756 9.63585 0.433537 0.0728627 16.8781
894.571 0.036075 6.99579 25.998 9.21996 26.0671 35.6697 2.93371 15.4535 0.0243638 15.8621
615.167 66.6061 1.71891 7.46239 6.51591 32.8744 50.5407 13.8455 20.8588 0.193168 21.7223
756.461 13.4742 0.811844 74.4914 10.592 15.2275 29.686 0.327552 10.7211 0.162564 19.4554
896.827 37.259 2.9182 21.566 16.4101 10.5721 27.8001 54.4994 5.4835 0.0197065 16.3584
755.935 8.15253 23.3929 21.4436 20.8543 12.4741 13.3557 4.71223 8.12403 0.0848567 15.1273
737.625 9.1515 105.561 14.07 16.6032 21.7886 19.8775 22.8012 8.74939 0.0174157 19.8832
862.179 23.4854 23.7266 8.02442 18.0864 9.22563 36.4856 48.2276 20.8576 0.00103958 14.6733
973.799 10.5969 21.3362 6.35317 20.5424 3.8602 14.366 31.9236 18.2238 0.0184025 14.2992
843.305 5.60918 7.70134 32.8777 37.6759 16.3056 8.04938 2.36629 1.73884 0.0184025 13.7125
874.051 6.31518 27.8386 13.4239 48.3253 14.1568 45.9079 5.37428 15.8549 0.112211 16.8915
695.356 6.76989 24.1923 14.1559 32.565 17.829 35.6035 41.9675 10.8543 0.105341 17.4487
954.63 26.859 6.44015 19.4018 17.8682 5.02555 25.4496 15.7804 4.68645 0.062972 14.6963
907.922 7.93342 6.09956 16.4805 11.2768 14.4068 46.4003 18.697 22.3189 0.0944135 15.4166
803.917 12.6581 54.0684 12.8391 16.195 10.8365 72.3525 8.59568 4.59671 0.0352264 16.2903
654.509 26.3436 49.7455 30.8692 1.47611 12.5546 31.1432 7.70055 13.2218 0.0346458 16.9321
487.933 53.3062 24.6244 31.802 25.6611 23.7188 21.6998 21.5292 11.4859 0.0205379 18.0315
602.397 69.3051 9.51963 30.747 39.0793 4.84211 37.427 13.518 14.5031 0.0086946 17.8115
574.156 24.148 14.0766 57.19 15.8955 3.60503 22.4774 38.3618 12.701 0.00035808 16.5832
654.356 20.1256 5.46546 15.337 53.3374 35.5115 26.7118 51.518 14.7386 0.00254704 16.8657
659.727 40.7126 23.5878 0.687102 44.6969 59.0946 37.9395 28.9282 16.4282 0.00637326 19.1674
930.378 28.4583 11.8331 2.23947 10.772 28.7834 54.1738 4.29758 4.86 0.0269369 14.6997
657.41 9.28607 31.6414 2.19057 12.823 24.9632 50.6467 18.9568 21.8892 0.000184703 16.0428
835.235 1.27482 29.4242 26.1609 30.2981 18.7779 34.1721 29.7649 4.13126 0.0176812 14.9156
647.241 30.0803 33.2178 8.91045 54.1967 12.4436 34.4466 6.69367 12.8374 0.0468028 16.6989
655.671 34.4092 31.0193 14.4151 24.0378 27.3115 24.6224 1.88827 31.8318 0.00103161 15.5881
714.895 27.5938 72.5097 18.6043 5.28234 19.8764 30.4584 5.22437 11.1307 0.000359354 15.6661
694.674 20.8489 7.00206 59.9636 19.4974 46.9126 30.597 18.3679 30.0752 0.0171545 17.9572
751.908 27.4032 2.24644 74.875 30.8136 14.0532 7.78584 11.9614 22.8815 0.000178871 16.4472
864.261 27.3873 11.9129 15.6936 13.3728 14.5526 32.8457 15.8167 35.9886 0.00768096 14.7754
755.722 1.52422 26.8522 11.795 86.6009 54.2243 3.07022 24.207 18.3435 0.0102265 19.5823
697.226 20.8792 46.087 10.6689 52.7588 18.0136 21.6581 6.76554 3.39499 0.00280834 14.5807
749.457 28.2304 6.03962 16.7066 12.6002 70.3086 9.55495 40.3439 9.8158 0.000241632 14.6413
652.788 27.558 7.45475 8.03557 40.5722 29.2349 8.90092 32.602 10.6339 0.00195947 15.3603
645.378 26.5705 46.0431 23.4723 17.1476 49.733 33.8414 13.495 8.1389 0.00336626 15.8107
748.91 22.9996 9.73739 4.78774 37.9818 39.7547 61.0499 18.5319 10.7 0.0695091 16.988
770.696 15.4842 51.0795 15.1259 10.9552 41.8932 16.7258 8.96672 19.6738 0.143913 17.6277
774.11 7.46677 23.0313 0.256706 18.965 26.3535 69.0218 75.228 19.4361 0.189133 22.4971
768.707 16.4737 19.3601 21.7752 67.2685 22.9266 4.7472 1.61147 19.5258 0.169513 18.8348
760.185 31.1075 13.1442 4.66598 31.4969 17.9889 25.3785 3.27119 10.5408 0.129266 16.3101
838.424 26.8294 13.0841 19.2081 67.1234 4.852 36.1081 3.27119 5.64763 0.061247 17.222
701.54 29.5731 16.6042 17.9879 70.521 12.4604 35.7934 12.3707 2.59451 0.352629 20.9862
914.226 9.95767 5.66201 35.4362 14.4979 14.7412 29.9372 5.32357 40.3483 0.182701 17.8204
675.118 4.50261 43.5125 3.00382 25.2656 12.1509 49.046 36.3668 57.6491 0.0650943 21.772
886.047 2.61886 30.6942 0.393819 42.4625 4.73855 82.5624 24.9403 31.8549 0.170315 21.7582
925.272 7.01382 29.5845 13.1194 17.6157 15.7976 10.3275 7.32142 29.4282 0.207608 16.9677
855.485 3.24639 9.2695 15.7237 14.0065 29.1112 24.132 16.279 17.7787 0.429995 18.1996
918.957 7.05123 2.27592 28.7721 9.86533 75.237 16.1043 1.35458 0.334888 0.0358177 16.7429
1023.06 12.0686 13.5892 5.53955 7.21304 28.2705 21.3656 52.4499 20.1344 0.0783392 16.8379
1000.98 11.5451 19.4688 16.9829 10.6027 27.7417 20.4324 66.345 14.2862 0.281685 20.2704
667.688 8.67513 60.9773 25.7596 13.9428 20.0517 13.2125 16.398 21.5572 0.0529755 17.046
708.199 30.8548 34.8325 17.056 54.5199 18.4009 17.1521 9.46093 45.7335 0.0852119 20.1242
826.791 10.235 4.54669 7.27554 9.62685 3.42618 39.2916 4.57342 26.9587 0.0130692 16.3434
878.686 2.18074 19.3427 9.78612 20.9732 17.1764 67.1209 45.282 35.5748 0.0248298 17.8176
875.115 3.96352 11.3959 51.0395 36.5438 20.653 9.57511 46.7728 55.7401 0.204482 23.0144
870.692 17.1376 7.65714 17.3581 14.4773 18.5496 9.66685 37.2467 11.1501 0.354197 17.9748
824.525 15.2378 3.28253 31.0841 4.75223 5.66613 6.7342 58.4754 26.2884 0.0476718 18.5124
840.918 18.4729 26.9057 12.5129 29.0189 48.8862 19.4709 9.1859 6.2489 0.062492 15.5934
729.34 27.703 18.9759 0.440786 31.1035 51.2409 19.6346 22.6662 24.8166 0.0700589 18.341
609.144 30.8632 14.9302 11.8236 32.1226 40.2869 57.1835 82.6634 28.1613 0.136673 23.9588
849.11 0.505124 56.559 10.8557 12.4843 18.756 32.0554 20.7111 17.0948 0.0434159 16.5565
742.992 14.2393 53.9056 9.84889 6.59645 8.10339 20.3552 9.76517 3.17226 0.0200799 14.5654
784.476 10.9971 42.483 27.2423 18.5084 46.9935 42.9474 2.00642 9.46002 0.0346697 17.0557
762.775 15.2283 50.5674 13.0285 11.3995 46.4898 8.45506 1.44239 27.9254 0.044958 17.2199
809.218 22.5157 10.2561 6.97841 6.14515 40.205 15.8387 8.3273 8.63629 0.0637989 14.7173
1082.81 4.82201 7.53515 15.043 10.7375 8.86628 4.46635 5.37471 16.8459 0.00545876 13.0257
766.663 10.6229 15.7458 40.0347 0.965908 13.6286 22.3483 9.01707 22.6609 0.00219926 14.6074
668.252 19.0194 60.1908 1.42543 58.5964 25.3043 23.0217 4.13978 23.3372 0.00586996 17.9097
691.857 15.0201 46.6888 20.8756 27.3516 32.1201 103.154 34.9817 2.78391 0.0950014 22.4969
586.594 24.44 22.4919 30.8106 44.3629 2.86751 60.4354 36.8443 11.7572 0.164177 20.7501
787.357 25.0477 6.31859 13.6787 0.293623 20.5352 124.838 26.0533 21.4992 0.157736 22.129
664.07 23.0145 43.7027 18.2887 9.05072 7.89358 32.604 2.1062 7.19191 0.0637505 16.5134
847.061 22.0831 10.5842 8.51574 11.6171 45.5547 10.2535 77.9424 17.3072 0.026015 17.519
751.26 13.1306 34.2797 18.7221 41.6115 28.0659 66.3679 39.5981 24.6482 0.0458481 19.8987
727.304 11.1779 41.3935 15.311 20.9114 69.9738 53.6389 35.4837 35.392 0.372873 25.903
723.23 11.2009 10.3631 44.9494 14.3927 37.2992 25.4579 13.1593 38.1926 0.0706772 17.5739
716.933 14.972 29.4382 50.9834 16.2625 18.0994 37.8402 28.0808 43.5959 0.00683633 18.0323
800.379 18.275 17.207 37.3927 25.5401 34.2105 50.0107 1.07847 2.72742 0.00828818 15.5425
834.062 12.6021 15.1356 33.0736 5.16025 14.1587 62.4828 16.8883 2.43881 0.00291753 13.3869
955.668 1.07481 13.1313 13.8547 2.99137 3.00794 4.4601 9.76927 13.9135 0.00214843 14.1946
762.896 1.59671 17.5789 19.4256 50.9056 43.1087 25.7846 14.1244 21.1708 0.0422082 16.6062
933.103 11.8081 14.4931 32.1029 4.8059 40.1222 20.0824 31.3695 15.0536 0.01585 15.0395
1031.91 38.5617 29.8338 25.4956 4.91546 4.75778 24.6727 30.2718 15.2976 0.0128656 20.0905
799.965 28.3275 3.76212 38.8162 36.4479 9.4273 23.4289 30.0558 42.0588 0.120836 19.7475
631.48 38.8931 2.46483 35.4493 30.2246 5.85926 21.1687 15.5839 22.25 0.113692 19.04
1004.61 13.4571 4.50308 2.85913 2.17893 29.6099 67.3273 12.2581 11.0233 0.0644222 15.9063
886.975 0.123856 37.5631 13.7632 45.1617 11.3747 55.146 13.7623 4.39298 0.0486718 17.8574
845.687 11.1115 29.6988 28.3206 11.7681 10.9341 17.3411 6.4223 9.37788 0.016489 13.1601
866.688 21.3234 21.1554 28.9557 2.12788 55.3494 26.7677 4.02019 21.8384 0.0558915 17.3787
650.389 25.2306 14.2823 45.8104 11.9451 11.2911 64.0473 6.09571 24.7725 0.223178 19.9104
773.02 50.7081 10.6018 16.1473 33.8163 36.5635 72.0149 6.8037 17.9902 0.297683 23.2232
617.915 16.9972 17.1177 52.6785 26.1712 19.4086 30.7141 16.1848 64.2423 0.0253792 20.355
474.538 14.0532 8.79902 96.4467 4.84069 114.423 39.1792 1.83927 16.642 0.0701001 26.7639
942.202 3.05588 11.3645 78.2237 17.555 4.99527 23.6375 1.83927 12.3945 0.00722653 17.1659
794.274 20.0153 42.0872 30.6013 15.5147 9.57959 40.1823 11.294 16.8049 0.0609541 16.6515
874.349 22.2528 1.28351 4.37845 65.8524 0.1202 24.1808 18.7755 2.04658 0.0228624 17.0987
802.529 45.5674 6.45328 5.3073 32.5039 51.1614 15.4669 28.2847 57.7239 0.0629978 21.3458
756.285 16.9354 14.1963 16.091 52.2955 59.4669 23.1175 58.7673 0.823509 0.0442983 19.873
797.24 1.61799 31.2766 15.3766 26.0707 16.6274 35.7715 19.9825 15.4326 0.015323 14.3979
505.92 28.1114 13.0906 24.2805 44.6338 25.3827 34.4492 33.6895 1.49001 0.130833 20.724
624.15 0.242954 68.0003 18.5879 11.6685 41.2297 15.5995 16.173 12.7594 0.0538025 18.7017
610.146 10.2223 44.6812 23.378 6.0455 38.0712 8.77532 25.0966 16.4788 0.2182 19.848
785.552 10.2234 13.7557 47.8157 9.22874 2.77653 19.1834 1.50214 25.8015 0.0393034 16.4358
892.26 3.13863 5.58372 13.7448 49.0432 7.49173 77.3629 25.0353 34.5325 0.0340115 18.0947
1050.08 10.4426 5.58372 14.7636 42.2989 2.44653 38.0448 15.8037 66.8788 0.0307595 20.124
1048.69 13.3909 0.703218 2.76786 18.1232 26.0171 13.2228 11.2122 63.5584 0.0667654 19.2968
901.719 5.20194 41.1301 2.49592 8.27665 17.9315 3.25577 15.0406 13.3363 0.0836229 15.712
881.533 6.2871 33.7097 19.0342 19.9562 32.5919 8.76233 5.57125 6.99993 0.019013 13.5069
888.936 2.4134 28.4695 8.02704 30.5516 4.36633 4.10611 6.46063 28.6843 0.06546 16.2833
867.247 0.763838 44.8372 10.3429 22.2554 15.9767 69.5456 3.18359 7.78806 0.112775 17.752
866.579 14.4877 38.1357 12.5496 29.2271 23.4529 24.9668 50.9487 14.9733 0.000507494 15.3009
709.164 32.7718 53.683 14.8279 11.2174 32.0452 8.48634 79.7719 12.9851 0.0410178 20.3738
748.142 40.9878 9.52249 5.05182 11.2174 30.5421 37.4657 57.0321 9.23365 0.00178367 15.7928
888.175 28.7567 8.95361 15.9794 22.9666 26.3407 50.2787 45.7874 30.5699 0.0225138 18.0861
769.267 23.0527 26.4882 19.445 30.2021 6.49326 38.5803 13.3016 17.7348 0.00445125 13.9594
787.808 7.61455 25.8244 7.14895 52.9319 18.6403 36.3691 16.0987 32.9875 0.171165 18.4466
647.404 40.4682 3.63053 73.4871 29.1496 8.97091 50.2367 16.0163 12.8992 0.0510377 19.8388
800.025 5.69792 10.0699 21.9271 32.9515 7.04989 44.9773 4.26485 1.87111 0.0193195 13.8978
957.739 2.74107 9.03679 1.47399 8.92502 8.02667 14.3997 8.69635 18.1059 0.0707502 15.823
873.855 13.608 5.88001 5.3577 35.5198 31.2218 13.7371 10.7131 26.3602 0.00537383 13.6206
1066.19 5.50369 2.97102 12.6225 34.5266 19.9971 17.0932 4.05081 15.3725 0.00924022 13.6156
933.066 16.1263 4.18919 13.2832 26.2689 11.6208 19.5696 16.0425 1.12954 0.0155446 12.9868
987.054 13.9322 10.5619 41.7566 30.0836 28.8081 33.904 20.6312 2.97431 0.017527 17.5969
619.298 49.1511 12.2073 52.1876 36.3373 3.30412 23.4213 21.9607 1.07931 0.0179588 17.9801
760.3 17.9042 4.32561 9.23206 45.5653 4.66064 57.9068 4.33723 17.4293 0.0296871 15.8901
922.143 33.1527 13.152 2.28031 5.34131 16.0866 31.828 31.7294 28.6608 0.0465064 16.8804
846.246 36.7192 19.0755 0.851853 23.1321 18.6545 8.60817 1.9048 19.9601 0.326243 19.876
757.47 7.54041 23.5969 25.6556 44.0296 38.7957 18.5033 54.4472 19.4767 0.0112079 17.256
863.45 6.63141 15.9418 34.9064 55.764 11.0431 25.6883 8.44092 1.64546 0.00986555 14.6486
880.303 7.62613 1.74105 59.4676 41.3612 25.0493 23.8505 28.2057 44.4986 0.00149328 19.1019
724.108 6.59812 29.5232 36.5932 28.1951 20.7459 49.5788 15.6235 31.0795 0.015988 16.6047
685.274 8.48044 58.9205 20.2891 45.0222 1.44068 5.47277 12.5697 14.1421 0.0116499 16.513
666.027 7.05087 47.5689 9.34793 37.7084 5.37728 5.67396 41.8418 1.58278 0.0116499 16.8072
680.777 10.4742 38.9555 13.0643 46.4859 15.2649 107.228 6.24784 3.8799 0.0112363 17.9751
649.565 37.9101 18.4139 62.9739 32.2448 21.9845 16.0008 15.4292 7.45991 0.0823086 19.0347
835.36 12.7355 11.3033 74.5809 12.7646 15.2454 23.7471 44.1439 18.2343 0.0598639 19.0669
805.41 12.2038 1.94299 45.1586 30.2786 7.65855 65.9394 26.2473 32.6367 0.0331137 18.2555
863.632 15.6601 12.1212 17.4164 5.50561 8.06301 113.464 21.6153 15.8821 0.106892 18.4158
851.605 35.7313 20.5145 33.1543 29.2929 2.8543 42.8715 33.6607 22.5481 0.110862 20.5115
754.624 7.83796 25.7912 16.4706 9.83748 74.2989 30.1236 3.92282 41.3731 0.0164084 17.4033
896.837 5.51028 2.12751 10.2336 17.3315 49.0532 31.8336 6.84535 31.812 0.0666006 16.2139
917.65 8.70319 2.60609 11.0411 3.81259 77.8288 7.97587 24.045 17.3905 0.0390783 15.9716
901.024 9.64868 12.3653 20.0894 6.79988 100.202 15.6409 19.1187 6.35583 0.0201427 16.844
777.941 33.0604 1.77869 33.4237 10.5832 16.7005 2.21086 18.4163 5.64606 0.0014248 14.0824
648.617 56.9214 7.09889 48.9547 24.8687 21.7542 52.5991 10.926 5.64606 0.00948407 17.89
966.474 29.4091 5.42155 12.2045 14.6374 4.22967 57.1881 43.0779 3.88275 0.0182738 16.0759
857.699 8.93509 18.6086 17.117 8.23439 15.6566 22.2027 6.52956 21.1007 0.243712 16.677
658.462 2.50574 34.9817 39.2111 20.161 13.5624 15.8162 57.7815 14.5797 0.01016 17.4712
669.828 22.6567 12.9678 27.8519 29.9696 14.6561 12.9537 36.3047 7.06471 0.306041 19.4347
878.116 20.9928 2.39378 13.1116 50.2462 9.69618 39.2017 3.89982 63.6496 0.313444 22.1454
892.952 13.3209 4.70744 16.5536 11.8054 18.9236 65.5087 17.7067 29.1196 0.0426271 15.8621
861.289 4.69219 15.3773 6.3661 14.7106 20.2596 19.2507 12.919 15.3009 0.0128961 13.2921
923.739 27.4185 20.7653 5.84441 16.3625 18.5397 15.6499 3.07163 18.4931 0.00622117 13.4827
871.429 8.08098 23.932 5.88944 16.5129 20.9111 14.6523 52.6291 25.2515 0.280427 18.7233
819.374 4.70861 20.3455 14.632 35.9856 20.1702 22.9048 58.8367 19.1174 0.262398 19.1697
580.37 2.22821 49.5025 24.8524 19.1589 1.21823 8.90132 28.35 29.8105 0.101293 22.1567
788.504 1.633 28.3365 26.5242 26.5484 22.213 46.2596 8.50627 9.56943 0.114257 16.2618
800.978 20.1412 26.0615 17.214 22.0204 31.1499 25.2161 2.79131 5.15796 0.0754656 14.9506
716.303 9.93306 32.284 24.1253 12.3663 5.92412 49.2234 3.47306 18.016 0.00114003 14.1479
1028.32 9.82655 52.5304 8.67409 9.487 0.4545 79.2633 10.9444 1.92524 0.0026837 18.6425
998.024 9.00072 9.09701 20.2701 15.3417 1.84142 75.8569 35.5879 1.92378 0.0227893 16.2752
672.85 19.7935 29.6347 9.80059 16.9914 18.7965 78.6742 29.5444 12.7766 0.112366 18.4567
844.543 7.97706 19.6003 10.6242 9.88746 31.7944 42.3185 25.4579 23.5915 0.0649925 15.6642
851.084 32.7314 22.2068 34.9307 0.397908 36.7392 5.59757 27.0812 24.8448 0.0369016 18.8208
663.839 16.6452 19.7397 21.9581 10.2789 62.4218 24.157 4.43186 29.6723 0.000524719 15.228
904.669 11.3452 15.005 25.0804 9.53131 1.58036 72.1295 30.1398 19.7255 0.0605365 17.0805
945.835 30.6667 10.7207 1.47292 15.1217 30.9282 82.0235 3.44393 17.5228 0.0605379 18.3529
921.044 37.9551 19.4923 18.4316 11.2904 33.928 36.4229 12.0803 18.7792 0.118169 18.7263
912.841 25.7739 26.9118 16.6045 8.14794 2.97158 18.63 13.3042 28.8385 0.12051 17.2641
906.128 19.3193 28.3218 9.07885 18.7798 55.3692 27.0889 2.72947 30.7698 0.2385 20.3665
869.123 2.36505 20.003 2.70408 30.747 17.6389 40.0861 14.9008 31.5703 0.0998289 16.8466
857.578 13.9884 17.0714 25.9344 2.8995 31.9902 40.6313 34.7989 11.5216 0.023988 15.1035
922.06 10.8987 4.5704 20.4409 32.4831 6.72641 45.6249 12.8805 13.5531 0.0106639 13.3926
881.062 0.722657 41.0465 8.05766 30.629 36.6444 32.5307 53.23 36.3653 0.00291987 18.8655
1027.92 44.4876 5.56897 1.11466 13.9668 8.60078 50.1692 32.7717 18.4667 0.00800549 18.066
769.601 21.7826 6.55786 23.2625 10.9707 6.28815 51.9511 46.8411 20.2153 0.138711 18.5699
846.221 20.3367 23.1805 16.4825 14.8828 36.3543 39.8213 21.3357 8.36311 0.0049553 13.663
919.965 11.1893 21.8334 7.37939 4.81739 14.4568 41.239 12.6492 15.5134 0.00704237 12.9094
908.106 6.81922 12.7481 20.9085 34.2976 6.51879 35.1849 19.9461 16.543 0.0330111 14.2743
937.964 2.67168 8.50084 7.05521 50.2629 2.60636 13.9327 35.1585 3.46103 0.0806309 15.8027
1001.86 15.7152 4.35279 14.9384 54.5205 17.0898 7.06705 18.1466 27.9367 0.0977484 18.0057
866.698 9.46293 8.86777 12.6959 42.7291 25.6255 8.58688 7.84896 7.26306 0.0104711 12.5937
798.445 20.5505 7.57473 1.87139 52.9489 18.1886 36.6977 9.52367 14.6599 0.00437286 14.0467
671.263 24.3038 10.948 2.56557 21.3055 12.2808 96.0066 40.4466 18.6538 0.0310152 19.6826
797.618 25.2963 10.1036 20.4314 20.8793 23.9841 35.5479 31.8696 3.71753 0.00303374 13.3758
733.637 7.71426 15.1007 45.0851 41.4987 29.962 8.41475 8.64814 8.59239 0.0226971 14.8524
842.418 3.85877 23.6897 8.30522 48.2644 36.735 16.9701 8.15364 4.78273 0.00538842 13.2331
611.859 57.8301 21.1955 3.52334 53.8325 24.9938 15.0404 12.1313 44.5872 0.00538842 19.1421
869.958 35.8149 5.18519 14.4202 30.2229 36.0143 18.9722 11.0476 36.4874 0.0748678 17.857
751.127 16.3249 7.34084 20.5979 43.3002 44.7515 29.4006 15.1951 6.63895 0.155986 17.0355
686.458 41.3568 12.3874 17.8748 19.8501 35.96 50.1605 34.8726 2.70642 0.129407 18.6082
645.203 22.3489 27.7743 12.0496 12.7971 42.2013 89.1659 41.3359 2.87688 0.135133 20.7378
772.226 5.02054 9.75099 10.772 27.7998 12.1862 38.0459 8.7432 1.41717 0.223973 17.3663
645.233 39.7986 13.2144 10.6319 46.3908 5.58223 93.7612 5.8164 1.4553 0.169342 20.5161
649.968 22.3073 31.8401 9.57958 46.0127 3.07465 34.1049 6.27429 13.1928 0.0861711 17.3096
857.796 5.04756 32.5231 36.895 5.64365 25.6043 18.2449 9.19684 16.0386 0.201007 17.2325
729.834 9.09264 27.5896 23.3381 8.26565 50.54 10.8641 42.8125 5.64324 0.015688 15.3836
639.403 47.8886 33.7479 20.4854 13.9461 2.79426 16.1797 11.7921 11.7437 0.00607117 15.6584
682.887 46.268 3.31912 48.355 13.6059 18.2101 43.9052 8.5713 4.44962 0.0111553 15.8831
790.333 29.618 12.1152 16.2976 13.9057 25.1193 41.3915 3.24228 2.83709 0.00286017 12.8385
815.876 30.5416 29.6279 16.1614 7.38009 22.9027 69.4098 6.4138 9.24829 0.00178835 14.5309
624.884 14.14 47.4191 33.5472 14.0429 41.769 56.1027 6.8124 15.9846 0.00591053 16.7654
1028.81 17.1809 30.4295 10.6346 11.7757 15.9966 4.78609 23.937 12.1162 0.195996 17.7668
870.121 19.7386 30.2716 4.70481 12.6434 8.56164 29.37 56.0221 2.95059 0.517566 21.6503
838.942 8.93278 22.4048 5.01051 72.9271 6.63921 15.8341 2.95262 7.31546 0.21886 17.7855
833.565 5.31073 16.1821 80.9212 14.8456 44.6824 18.2911 13.2842 1.20402 0.0592685 19.8201
724.753 10.3366 9.39699 25.9642 56.77 11.0817 87.0694 8.32583 13.238 0.0232271 17.0377
904.388 6.04534 9.26019 73.7833 10.8284 6.90592 15.2384 23.7336 36.2418 0.0189558 17.9882
798.621 8.77054 13.2935 26.375 21.3674 20.0968 15.0604 27.9758 28.3451 0.0469661 15.6671
740.783 8.72546 35.4922 32.4041 8.76423 29.8472 6.38709 28.4915 31.6066 0.0449025 17.1461
1047.64 4.48396 4.33498 18.9856 32.6691 16.7467 0.530507 28.8111 13.4558 0.00837618 15.0303
1008.72 5.13886 20.2996 19.409 19.1355 30.3066 20.2473 26.477 25.411 0.0788759 16.8368
1027.42 3.46136 21.2646 24.7314 14.2768 46.3768 5.45883 18.6795 31.2369 0.0526559 17.9611
987.238 6.99282 25.0504 13.4 50.0912 2.02686 6.39204 16.2402 16.3068 0.0309504 15.9122
892.397 9.81665 10.8588 44.6293 50.6454 21.3737 9.70734 74.1182 20.787 0.0238932 20.6442
1084.58 3.08945 6.9702 59.532 12.1377 2.03662 11.8879 7.36619 12.3802 0.0235842 17.3596
861.745 2.47018 23.4013 17.5257 22.4084 26.9652 16.4951 1.87143 20.6309 0.273956 17.5743
748.171 16.5688 30.9761 32.9211 14.735 38.6444 5.21909 50.7167 25.2 0.0940755 18.9579
828.83 11.7202 33.4814 9.80028 13.1963 20.5623 16.4716 15.7431 42.919 0.136028 17.6258
676.122 12.1321 13.4834 27.9745 13.8561 31.191 23.5953 53.161 1.5958 0.27983 19.9396
847.522 18.513 17.463 43.9762 18.9343 8.93971 63.7567 58.2473 34.9597 0.172832 23.0178
683.375 2.4614 22.9465 12.635 16.3837 53.9349 74.4212 39.8699 1.06142 0.196528 21.0015
962.503 12.441 20.7569 5.24616 30.4336 14.8025 47.9665 45.7234 21.115 0.0994446 18.1305
920.533 5.66184 38.6835 14.7444 24.7768 21.0895 18.5136 43.403 0.366249 0.185933 18.9617
947.516 11.0737 3.30505 24.1702 30.0229 19.2276 83.1962 30.5863 9.31833 0.243596 20.7475
519.269 14.7182 17.4009 2.20314 72.477 23.5472 16.0004 8.93146 3.32202 0.137364 21.1379
674.479 20.9382 19.7282 31.8258 51.2845 20.6703 59.924 35.9113 6.58229 0.0821338 19.2267
749.049 21.5222 20.8392 10.0269 31.9399 4.28439 42.2141 27.2968 2.34049 0.0553152 15.7538
750.103 34.4327 43.1719 13.0161 9.24786 6.93527 53.4089 17.3854 2.16698 0.0700863 16.9531
909.73 2.98993 30.8906 31.041 27.9422 14.0328 29.858 10.9207 1.58353 0.155094 17.1901
764.28 3.91574 22.7521 56.4047 27.0818 25.7223 37.7559 50.7695 2.72663 0.479729 24.4314
741.761 9.01678 9.7147 61.8064 3.70843 30.0464 24.8385 4.66644 10.0603 0.203221 17.781
857.37 4.07249 4.19909 31.9091 31.0076 9.1193 10.4818 9.50447 9.94766 0.0415043 14.0943
587.007 22.3216 39.2454 27.3051 55.4475 6.45511 29.5732 59.8349 7.40089 0.00156685 18.0468
690.381 10.2589 20.1772 32.8505 15.1732 46.9347 61.7876 12.2005 8.82618 0.00113235 14.5261
684.469 18.5844 39.3567 10.8733 18.3639 18.3271 43.6111 39.5869 2.39305 0.0920322 17.4001
786.354 11.493 54.2972 20.7884 12.66 16.7213 10.4846 43.3286 19.9448 0.0547901 17.3248
787.477 7.49966 24.8135 32.2571 22.5679 29.9693 19.4943 2.44485 34.6356 0.0169959 15.6266
638.518 5.23657 17.5311 11.0299 87.4985 17.6933 9.79584 13.3556 13.9309 0.0845822 18.0269
671.183 56.0093 17.9639 26.5749 24.1568 57.3401 4.43106 0.873656 19.6421 0.260894 22.4211
705.168 24.0069 13.091 12.8772 5.94194 25.8375 11.2835 14.1743 31.3977 0.488857 21.8063
698.655 18.4464 31.6281 14.0785 64.298 12.2512 33.4971 10.1396 11.1697 0.14645 17.928
799.545 34.0888 11.2308 10.2711 49.1886 18.7481 21.4661 0.796522 10.5999 0.207988 18.2057
746.455 19.6051 9.74416 16.7787 48.4504 22.9362 9.69807 13.9136 3.39733 0.0472837 14.7026
618.642 39.1606 29.0027 4.02195 27.1783 9.41854 2.75478 15.9597 8.07368 0.00118051 15.6823
1118.9 7.68699 5.126 8.10422 0.987491 17.041 15.3607 12.6943 2.52131 0.0153473 13.7656
1004.74 4.22259 3.5714 25.5366 33.1891 27.9216 29.8777 19.8179 2.84032 0.0153473 14.5053
731.466 6.9564 13.2322 26.5068 24.5691 17.2688 44.438 20.1339 8.21338 0.000442335 12.9791
785.134 2.3606 30.035 46.1743 15.9355 20.7514 36.9598 29.2007 12.4512 0.0165531 15.6911
850.041 19.0651 2.0152 28.5405 56.9367 14.6485 8.15398 4.74724 20.3911 0.0147813 15.3684
788.024 21.6949 6.31662 19.9443 55.4003 36.8165 33.1835 1.06005 12.0213 0.0258011 16.275
787.693 34.7694 18.1373 16.7141 12.5531 18.9966 29.629 0.0825595 20.8674 0.00246157 15.2773
908.392 24.9142 15.751 16.7987 3.30588 40.1386 27.965 9.9721 2.23394 0.00212311 13.0531
935.03 20.4179 10.7515 17.5383 8.38587 45.0588 28.5589 1.61492 8.85509 0.000350382 12.6609
916.512 14.5263 1.46148 8.08704 6.87136 23.1363 28.7669 35.2634 7.15483 0.000350382 12.8543
948.917 0.840187 7.65567 37.4895 30.1283 27.4459 29.2837 20.2251 4.38924 0.000350382 13.6019
649.111 13.5645 19.8335 78.5616 11.3437 36.4988 29.6545 54.3485 25.9459 0.036416 21.0136
853.731 1.47659 17.4139 64.0375 20.3554 31.4475 29.5164 34.6499 22.6533 0.0240478 18.8487
735.11 5.2419 43.3616 5.54942 6.50485 17.7763 21.6538 36.3615 33.5263 0.00683085 17.0684
857.461 8.74412 31.2593 7.25362 9.63328 59.377 38.956 5.3805 5.16029 0.0628193 15.528
900.802 5.49624 10.1946 14.6128 18.8924 48.9638 27.8489 35.7505 51.4001 0.00457146 16.9521
882.522 20.0488 2.66476 11.8424 22.4545 34.1644 21.0934 41.8233 6.07936 0.0831813 15.8409
1051.15 23.5129 5.80335 15.4478 3.57887 33.4437 22.5124 24.8258 1.00198 0.316808 19.5531
896.691 17.9315 16.9919 22.5362 27.6673 31.4132 22.1564 68.9388 28.5457 0.0429599 19.3715
665.109 25.5688 16.3462 11.3652 31.7313 60.053 21.3256 53.7262 12.6441 0.0789028 18.9873
799.375 40.2167 5.11238 19.1169 30.9105 48.553 18.0676 11.2977 47.0173 0.104726 20.1183
874.093 55.4659 9.0143 31.9003 6.86964 18.8095 40.8585 6.11955 0.281942 0.124946 20.0945
857.923 32.7847 0.412113 12.1919 23.092 48.0345 29.7336 15.1758 16.8372 0.00200192 15.125
775.221 22.075 64.8829 5.12855 6.93726 25.4346 75.9991 2.50253 14.8424 0.0566386 19.2489
608.568 12.5637 82.6958 18.2657 3.77796 22.6056 17.6336 21.542 13.4494 0.156135 19.748
685.01 41.3362 6.58796 60.8683 1.86549 7.977 35.0743 18.6184 18.3386 0.0108339 17.2058
745.015 9.25412 6.58796 16.5825 33.174 21.0107 51.9164 37.1157 20.7896 0.00616754 15.6889
983.472 16.4453 62.1428 11.6497 1.46621 27.3425 6.11263 11.9697 21.6335 0.00195473 17.8623
743.977 17.9346 4.34111 7.59836 13.138 58.083 8.90165 31.3886 42.6409 0.0056359 17.5373
930.312 15.3642 14.9567 12.9511 21.7225 66.1513 8.53631 37.6014 3.59746 0.00733241 15.6319
718.822 15.2691 25.495 12.099 14.221 51.1087 22.1837 41.4593 9.63667 0.0295862 15.8771
943.638 12.1138 12.7416 21.1957 12.8219 34.9202 10.0387 26.8681 21.6735 0.0293486 14.6693
740.453 0.773981 42.0115 33.6572 12.8219 37.3637 32.9769 36.9732 24.0604 0.0570994 18.7579
778.064 5.96465 61.8545 24.9441 9.77226 1.81749 36.8362 20.3916 12.695 0.148327 18.4363
858.036 6.12825 18.3171 11.1916 24.8791 15.8551 52.1914 37.9279 13.4815 0.0517468 15.4906
692.539 39.8196 14.3137 11.795 12.5998 44.0725 18.1151 7.54481 15.3823 0.109205 16.9095
936.776 10.5366 2.61659 8.19194 6.25126 55.8905 98.1776 4.67438 14.7141 0.159868 19.8158
772.858 4.83802 3.08955 12.8063 9.62064 58.1118 47.2104 26.5871 13.3642 0.0342578 16.4738
646.119 17.6814 53.6402 12.5404 37.3241 2.07959 66.6866 22.4605 12.8414 0.0963463 19.3414
691.684 29.9214 31.3336 11.1975 14.1798 15.6655 14.1364 6.27511 7.16385 0.0215926 14.5857
676.692 46.2858 11.1692 45.8092 15.8147 31.117 43.2734 9.02595 26.0375 0.019616 17.9686
848.437 25.2372 1.87249 27.0076 11.4961 32.8062 54.6093 34.061 44.7608 0.097816 20.1649
863.861 7.73127 3.27304 26.4309 4.98389 18.3785 51.9769 17.338 17.7741 0.0808967 15.7447
868.598 31.5104 17.0804 8.04019 21.7002 10.1203 14.3899 14.6077 26.6199 0.0757124 15.9065
877.586 19.1595 38.4559 4.35221 15.3405 5.89556 44.698 18.8003 11.8266 0.0881164 16.0605
798.756 49.8368 7.81205 12.885 24.4627 45.4549 2.32169 22.8407 25.1095 0.0259439 17.6566
685.249 52.6195 1.11202 29.3562 27.4794 21.5384 23.1249 13.2401 22.0588 0.0492388 17.8114
831.353 6.32855 18.6849 17.8945 15.9065 44.6314 37.2337 12.409 28.5179 0.155458 17.1145
767.024 31.8813 12.4579 7.55907 6.59722 24.8477 30.5837 16.0776 22.5876 0.108125 16.8542
715.86 51.9863 2.76711 10.6888 26.3997 19.99 11.4101 4.2576 19.373 0.0132027 15.6937
649.993 65.7657 2.17914 22.0498 16.6523 22.0401 6.28861 9.24801 19.453 0.0377427 17.757
788.599 28.0361 19.8268 22.8553 19.0478 15.3308 22.0764 17.2498 23.6924 0.0464396 15.41
922.579 12.5812 8.89296 27.5611 20.8478 33.4417 6.56986 8.77994 45.234 0.0592086 16.9964
886.251 7.55347 22.9059 16.8131 27.9046 23.1887 41.5776 14.1307 6.06809 0.01589 13.3849
885.412 4.99386 56.8554 9.89035 8.21887 12.2479 10.7139 18.138 10.2603 0.0355814 14.8832
760.153 24.8206 67.2993 28.9789 8.71443 6.495 22.3377 10.7262 4.23972 0.0045463 16.1818
698.015 2.55821 42.0856 9.90056 17.4623 35.4554 52.4794 9.5516 14.0978 0.0107868 15.3984
771.329 31.895 23.9429 18.8389 4.10188 29.9963 28.9257 8.6627 2.86971 0.0460582 14.9178
809.387 34.3119 40.8755 5.44888 1.86733 48.0266 25.5519 36.9288 36.0784 0.126105 21.2479
764.634 2.16603 58.1261 7.70733 6.9891 42.136 20.3443 21.7933 2.92914 0.154246 17.6755
693.763 2.74023 61.3639 5.41569 6.9891 68.8945 31.2663 22.03 19.5371 0.0128453 17.7285
746.034 33.6232 18.053 12.6961 8.21123 62.8907 7.30893 37.6024 20.3708 0.114414 18.5046
853.699 29.9035 10.9739 12.6623 16.8357 7.09071 104.198 4.75975 10.9877 0.075064 17.528
669.522 23.677 16.1596 83.802 25.5687 32.0662 12.058 16.9535 14.3958 0.0486078 19.622
821.296 3.6118 20.8771 5.97952 33.3923 32.4574 11.2792 4.36732 8.94889 0.0436882 14.1841
867.326 13.0737 21.1735 3.7947 54.9613 9.9914 52.92 9.7577 51.8399 0.0146217 18.0845
803.904 34.9333 16.2066 26.2785 26.8178 7.64335 43.5792 49.7187 1.5561 0.018432 17.0705
837.661 34.2496 1.11921 21.4735 43.9535 4.83367 18.3644 60.1134 20.3846 0.0240523 18.4629
829.686 27.1406 4.63469 11.7126 10.9834 47.5435 13.9577 48.0882 9.62779 0.0346278 15.8454
915.055 27.7038 18.9542 3.46324 12.4085 27.5974 71.0443 17.8785 31.0815 0.0178053 17.2997
755.669 0.69549 21.9587 10.3459 13.6223 60.4862 61.5863 9.06376 60.4845 0.0178665 20.3327
621.835 52.164 11.6103 5.66575 3.12025 65.8728 17.3936 1.47645 13.0171 0.0577782 18.6333
334.064 80.4025 21.8421 32.74 58.6824 11.046 14.0816 0.803399 16.3674 0.0175524 22.4756
922.34 5.21601 23.6462 24.398 30.5946 25.4682 43.4369 6.27233 3.69116 0.00404214 13.7725
810.076 6.87783 33.5776 22.0967 30.8567 21.8336 32.2628 27.6031 7.86744 0.0466797 15.3305
898.722 0.91147 9.30325 17.2116 14.3862 2.97775 26.5286 39.1826 4.87934 0.0208085 15.1004
664.689 48.2375 6.1612 12.6452 14.3862 23.9162 45.8401 15.698 9.94362 0.0427263 16.4144
766.677 14.2814 34.0653 7.8519 74.6148 12.1787 38.3737 4.32671 19.3963 0.00162056 15.8209
902.833 42.8952 33.2012 20.5913 37.2039 6.03366 38.1756 2.95397 10.96 0.0071407 19.2732
711.255 11.6064 18.0213 0.503723 37.3537 64.2555 4.32545 41.9857 4.46797 0.133347 19.5657
791.933 52.3361 12.7733 7.22645 29.0758 14.7536 19.7153 25.2264 2.97283 0.121635 17.2451
732.593 10.392 13.4392 16.0517 59.3136 6.13017 10.4856 99.4333 11.3426 0.0394771 19.8234
808.99 5.43254 4.03664 57.4927 85.5241 11.6049 27.9708 40.3948 5.87639 0.0557279 21.7832
858.808 13.2149 1.38851 26.5168 53.415 33.6905 34.2635 23.828 2.97287 0.0513691 17.0511
892.985 14.3234 6.95227 10.7616 39.1571 34.6631 60.1085 18.0437 7.90877 0.031422 15.6088
971.152 7.27804 15.1023 12.1799 18.1249 26.1293 11.6912 25.3086 14.0581 0.00135395 12.0996
1043.52 6.92585 16.4877 4.54651 31.0001 12.6087 37.9124 38.7487 8.20157 0.0538612 15.9961
712.601 7.90783 40.1018 18.78 8.87465 15.0661 22.2201 7.64581 30.9013 0.111675 17.6443
611.147 7.46099 10.7711 64.1349 11.3971 27.3497 19.8155 11.4837 13.9839 0.14851 18.4713
965.423 5.04329 15.6393 25.8726 38.0199 14.5792 58.3014 6.7162 10.4784 0.173253 18.3719
822.934 22.9387 8.49896 10.1964 13.1871 27.4132 59.4708 2.90878 3.95975 0.0314431 14.3066
657.383 44.5047 8.49896 2.20496 21.5565 13.7683 168.149 12.0614 9.5318 0.0385378 22.7379
637.429 51.7999 9.83869 11.4846 25.157 39.8585 47.9422 14.536 6.37279 0.0912449 17.9452
526.067 52.073 27.0172 17.4893 15.6137 5.39879 26.9948 25.2066 8.96435 0.145961 20.674
770.236 3.23215 5.96441 28.5539 14.5193 23.9042 60.9825 46.9019 20.3247 0.286992 20.0474
741.545 16.0207 23.6263 38.9833 12.7984 19.2237 29.6434 48.6677 12.6611 0.0703821 17.0701
885.908 13.4699 15.5705 2.36144 16.0116 2.70609 3.65854 108.878 12.2712 0.00347309 18.8084
921.545 12.8018 28.0791 14.1157 10.5171 7.06349 31.9691 37.3097 29.4119 0.0229497 15.7998
738.683 15.6239 17.0735 33.8075 10.7147 5.55354 24.9911 28.601 25.3486 0.0169611 15.8501
727.445 24.9852 14.8705 45.6067 45.309 44.5396 34.0962 42.5561 2.79935 0.027878 20.1837
774.786 21.4041 16.037 22.966 36.4294 27.8653 19.563 22.3592 9.95289 0.00385719 13.4759
585.343 37.5395 10.55 25.1 17.6476 67.8469 37.7273 2.74604 0.500623 0.0984821 19.5134
854.971 17.3821 7.9982 6.06358 4.62729 50.7581 53.0132 3.69939 2.91568 0.0825315 15.6996
856.256 23.3275 23.4124 25.5378 4.75115 1.83649 30.809 54.5077 11.6427 0.318531 20.24
940.57 1.42473 89.4407 11.5601 11.3004 14.0655 4.4188 27.41 23.1012 0.17169 23.2773
834.879 17.9611 21.554 11.1962 12.6817 19.4933 7.41092 31.8482 8.02192 0.105056 15.4224
576.41 13.2975 27.2228 28.3903 56.128 29.263 50.5999 38.296 13.103 0.265418 22.2484
923.147 5.53316 18.2355 25.3246 17.2033 3.88349 26.8567 73.8559 11.0441 0.293647 19.8284
547.871 3.67263 68.3495 9.39359 7.45209 32.4326 14.8022 45.8931 2.92152 0.0755515 20.4879
659.032 22.9455 24.0032 7.42428 19.0193 35.3626 8.5857 54.2288 9.19154 0.226425 19.9551
818.59 29.7522 55.0757 10.1952 2.85712 21.5946 14.9174 27.1193 20.6506 0.13787 19.0063
810.227 26.1899 15.2423 7.5902 1.88883 31.1323 6.59051 28.2614 12.2205 0.00153655 13.94
936.029 9.01457 14.5425 4.85713 3.09316 21.5788 10.724 34.3901 5.04679 0.0254969 14.1145
749.211 30.2777 14.7396 13.0895 9.43861 11.0096 48.9047 1.86127 12.4561 0.00433729 14.0573
852.387 31.7572 14.3003 23.8059 14.399 19.0393 41.8992 8.81042 11.7168 0.191131 17.0935
864.476 26.8442 5.22084 17.1776 15.7986 42.814 19.3907 11.3704 6.95095 0.0564915 14.4969
711.16 5.88727 18.2763 19.2084 11.2489 37.6009 25.4376 1.49181 13.1082 0.000249342 13.689
951.701 9.85048 18.3093 20.6121 6.00467 53.2995 40.799 16.7194 16.2972 0.00875208 15.1016
843.761 9.8263 10.7216 51.028 11.3305 3.21971 61.8003 41.1289 16.5813 0.112384 18.6679
541.489 17.3869 37.51 53.1473 57.0057 2.37497 62.135 53.829 25.9967 0.0666094 24.585
944.015 2.83705 33.4013 7.39975 7.49112 10.0831 8.05383 0.232766 24.2154 0.00109185 14.4734
909.744 2.44545 14.7883 6.33768 13.0217 14.8749 8.71595 44.9484 10.7491 0.0125057 14.4704
522.273 2.12173 32.3687 72.8498 25.4411 52.9851 3.03791 33.3972 0.581322 0.0517386 21.6359
873.915 14.5095 7.16196 37.3938 20.1876 15.1405 40.4951 12.4874 0.259502 0.000476325 13.1756
767.166 1.37121 6.19591 21.3149 81.2785 3.07527 82.7919 16.7109 19.579 0.000281559 17.5587
890.557 24.394 7.18851 14.9899 23.4093 16.6096 32.3387 12.2392 19.9091 0.000595641 12.4771
766.016 29.2625 4.63987 31.1561 30.1657 56.7694 50.5983 13.65 20.2842 0.00367664 17.2444
736.269 30.3675 34.9991 6.58165 18.288 13.947 7.26926 29.3418 21.7013 0.0700142 17.0066
859.69 28.2652 38.8034 2.97797 15.6954 8.55875 20.5834 30.4267 24.5076 0.00264511 15.1622
738.366 24.9438 20.0507 0.860439 11.7396 21.6085 27.0472 43.7282 20.9589 0.00264511 16.2808
779.453 18.773 15.4038 34.5771 3.76842 12.2932 41.5256 29.1205 9.71137 0.00264511 13.8585
943.35 27.2095 13.2876 2.60525 5.93339 40.7311 30.2382 8.54397 28.653 0.0215122 15.6026
976.08 5.28631 12.3297 24.1249 4.89446 4.66608 22.7092 33.4022 16.1031 0.11764 16.0317
1041.12 11.1421 12.2107 5.3741 14.1375 31.3481 26.3691 29.979 26.6439 0.0709911 16.4031
977.51 8.6931 14.1168 18.1993 9.98708 21.9227 34.6793 41.9151 6.2842 0.0899238 15.644
1028.21 16.5149 9.02389 18.4191 13.2514 13.21 48.7763 23.2919 2.47445 0.00716707 14.031
813.965 26.0791 21.9124 7.80516 8.09519 20.6831 44.1045 42.4194 8.48838 0.000100542 13.4068
915.502 11.0897 17.804 8.98879 27.5561 61.047 3.20836 43.2903 55.904 0.0644877 20.9692
860.497 23.1231 16.2605 26.2801 14.987 10.2826 35.8816 42.4133 17.7309 0.191151 18.0863
873.995 4.65163 19.1092 16.2975 8.16151 28.2315 30.0974 42.6908 11.8152 0.0271004 14.6352
979.771 24.8349 7.04626 23.2583 27.9982 10.951 11.7945 68.2056 25.6233 0.0265856 18.6938
741.403 19.0732 2.04092 57.2816 18.5453 22.8189 3.72019 24.1637 21.3095 0.000471623 15.0074
750.998 38.6099 4.11973 24.6229 29.0748 19.0257 27.3097 6.94719 3.00761 0.0191472 14.4258
965.931 11.569 6.33679 33.9744 31.5446 63.7955 11.9824 16.3006 8.18738 0.0729072 18.8835
1033.27 20.3026 1.82738 3.84781 26.1956 22.5903 33.2869 2.06786 10.8468 0.0469181 15.364
761.436 25.0951 20.1905 8.91718 49.7323 64.1806 12.4268 9.17833 7.8045 0.02654 16.6945
683.754 16.4053 9.21566 14.0145 11.009 53.7953 11.5553 5.82298 4.96492 0.0081709 14.7314
1034.8 5.06924 13.3758 17.634 21.1558 26.9566 10.9959 5.50293 6.76256 0.111471 15.003
787.068 21.5257 37.7582 2.97817 3.34924 41.0568 67.816 13.0723 12.5784 0.0138126 16.1259
749.081 11.6689 45.5057 36.1724 22.4819 36.2248 28.9588 17.2728 10.1547 0.00189457 15.3739
727.43 20.3278 55.5109 1.75557 23.8992 34.531 15.6485 29.7172 10.7308 0.0150041 16.195
715.994 20.5528 56.3532 19.6022 20.8317 20.961 28.8367 9.7877 4.53379 0.0249854 15.5095
817.562 6.57533 84.4906 15.8079 17.1141 8.39097 12.0102 1.26478 14.7942 0.0112923 17.2813
704.569 50.1508 29.5825 12.5672 20.606 2.82253 52.7916 15.793 17.3349 0.0125383 16.6836
679.515 11.5694 54.0525 10.049 23.0706 3.67649 67.9165 9.94302 14.609 0.00626285 15.8308
930.086 7.79897 21.9074 4.37563 3.9416 38.9491 47.2969 3.18264 17.9543 0.00873738 13.9535
1024.86 10.0078 2.87931 1.74236 3.43927 59.4398 28.74 5.29218 12.7376 0.00893581 14.3909
1024.16 3.22832 2.93379 17.5876 11.866 34.7826 27.6227 8.51314 19.5955 0.0163185 13.8178
441.667 12.2825 26.4533 47.2783 81.5326 12.2652 6.96676 7.48804 16.3115 0.00521727 19.5062
610.638 16.9133 43.1762 19.7187 25.9338 27.3677 28.8503 18.5551 7.61115 0.00544203 14.9428
964.052 7.94502 3.24452 69.3824 19.967 35.696 32.0214 8.44059 12.7656 0.00544207 18.3043
644.79 20.6872 10.6699 27.8799 29.0579 27.9137 21.8067 5.15107 21.8799 0.00586505 15.1565
860.143 11.2829 43.3856 26.3971 14.7233 6.01584 51.311 10.1884 13.7177 0.0152206 15.2799
790.826 3.32193 24.9103 24.4832 17.4809 23.51 55.5602 14.5404 13.5938 0.0113612 14.1755
769.543 23.7545 21.0235 24.5247 23.4422 20.676 7.07544 37.8979 9.35454 0.0312817 15.1793
666.397 68.4872 32.6952 7.32207 18.825 12.9841 15.2298 20.0714 4.16987 0.0226454 16.9377
836.584 21.0914 3.22992 4.41066 28.9729 45.2901 23.9607 8.1049 34.6897 0.00331685 14.9483
548.116 60.2885 10.2549 3.0234 16.8174 17.973 63.884 59.3871 7.10869 0.00436728 19.8838
428.561 95.1959 10.2448 42.8373 4.9659 3.63335 80.7528 11.2601 49.2103 0.00773455 24.7526
474.755 62.8344 14.4783 51.465 25.1567 28.0253 43.3241 6.15074 34.6638 0.227945 24.3913
840.494 21.2584 31.2491 34.4149 5.3328 18.2093 20.3186 9.86445 12.2758 0.140398 16.7055
842.326 22.9916 13.9939 22.5566 10.9818 36.7813 15.9208 25.3199 7.40484 0.166418 16.2421
696.742 41.3237 22.056 11.0376 25.1373 31.1861 18.0521 32.1964 0.9978 0.0719459 17.0805
893.852 17.9861 21.9871 10.6166 37.2092 22.9384 44.1641 21.4303 6.48574 0.00452085 14.1551
754.166 1.23279 21.9611 9.15863 47.7503 17.6444 11.4078 10.4359 2.39089 0.00452085 13.9428
659.306 12.9671 44.9195 26.2874 8.61197 4.16255 100.803 10.4359 4.31056 0.00858091 16.9417
592.721 22.0651 34.8755 11.0246 26.6923 5.93385 79.5274 21.8816 4.31056 0.00858091 17.0507
989.215 28.6764 4.37052 23.405 2.01625 2.03491 18.9711 1.42968 13.1888 0.067615 16.649
844.718 15.4257 20.6104 29.4999 3.03493 29.6706 34.4684 1.50744 3.69297 0.0308656 14.4896
947.152 15.5668 15.4484 4.931 5.89189 30.3361 26.0342 26.0395 10.5958 0.00203651 12.5134
976.828 4.37865 1.95091 12.8243 21.6 63.2291 8.84379 23.9485 5.13048 0.0362298 15.1553
717.261 3.04072 34.3166 26.0555 11.522 53.8865 26.2777 16.8983 26.6776 0.0437838 17.0059
860.483 15.6484 21.911 4.0569 10.5742 56.5038 15.6096 13.0582 28.8971 0.0112954 14.8169
843.968 5.07819 9.06671 13.4523 2.34971 7.28414 45.9241 18.0542 13.2042 0.0026927 14.2737
886.936 24.0331 11.594 20.8543 23.5424 48.7885 23.6156 11.0561 15.1204 0.0108713 14.845
870.264 11.9613 11.4866 17.7188 10.0839 24.4572 16.0013 9.30099 12.1031 0.00373121 11.9323
818.128 16.3497 12.65 26.1456 28.6007 16.5495 20.1063 57.7642 4.15566 0.000234972 13.7266
709.97 19.1853 25.6765 53.7106 31.0326 8.94883 59.0776 58.4757 20.4363 0.00424794 19.7536
628.853 18.4505 26.1508 37.653 14.812 37.3979 30.2282 20.0847 48.4876 0.0490582 19.3999
637.836 27.0637 45.2788 36.0786 9.54067 36.6895 4.90438 21.5204 4.23823 0.0207508 16.567
497.072 8.52023 19.4492 88.1589 19.6827 46.7261 14.4725 32.9016 8.39211 0.0207508 19.761
566.429 15.4862 22.306 74.748 14.8166 38.394 71.2756 21.3536 1.51519 0.0207508 19.9723
897.489 11.1239 26.4719 37.4767 46.8507 4.43455 45.7882 8.73826 10.0269 0.0487412 18.1151
903.976 20.0324 17.3283 8.23383 21.3197 30.4708 21.1378 3.09995 3.04106 0.254732 16.7738
866.047 14.7868 20.7919 4.02986 1.30834 30.1374 12.6981 13.4049 21.3547 0.20427 17.5168
660.455 17.3897 28.0534 4.43715 54.1806 33.8668 14.3967 16.7656 10.8776 0.292243 19.4884
659.304 3.99278 32.8419 16.8458 107.583 33.7603 4.63813 30.0363 22.5137 0.0556955 22.0864
900.174 22.155 18.4353 0.743874 48.5093 2.35949 4.63813 8.66776 20.2342 0.0240375 16.0355
657.758 14.2497 11.1725 18.8326 19.1325 41.65 12.578 6.54098 19.6583 0.0228883 16.1504
867.965 16.421 25.5756 27.2656 14.1476 32.3888 59.6803 18.4836 30.9071 0.000599467 16.084
859.076 29.6543 33.9652 20.6346 13.3533 3.69267 13.4325 13.0578 2.86627 0.00467553 13.8937
675.525 19.9398 17.6042 43.0748 22.0916 1.93843 49.5846 17.5712 25.4866 0.00843778 16.496
748.862 10.8554 12.1942 33.2287 33.9125 26.1716 8.27733 42.7405 19.8266 0.00404388 15.0959
880.205 18.8294 9.77546 28.3005 50.0025 27.2865 4.89494 11.4572 18.445 0.00991833 15.374
845.065 22.9641 9.71402 20.2402 31.5365 37.1717 22.5084 23.0904 17.2785 0.0639633 15.9774
765.692 0.852279 26.0665 29.8592 7.27118 18.2874 82.1313 36.1705 15.1507 0.0173335 17.473
711.67 7.12484 21.8714 29.6279 4.10906 3.40666 60.1895 52.9966 10.3201 0.0115374 17.6202
822.573 12.0748 37.834 6.9855 2.69591 20.6199 33.7979 15.9384 18.9022 0.00549923 13.9608
942.872 15.9794 23.1747 12.6351 2.46918 14.5224 5.10159 36.792 2.26362 0.0039339 13.7194
602.77 0.225197 38.2576 16.8258 69.9107 28.7613 23.3789 47.0279 4.28767 0.0142721 19.7197
855.084 11.6134 17.6636 15.3985 36.5598 20.9996 22.2132 42.3959 4.0382 0.0928636 15.8572
890.135 11.9917 29.1635 18.4392 37.2952 17.4595 39.1284 12.5195 18.9309 0.0010115 14.0775
831.378 7.80979 29.1635 28.2925 42.9566 17.1694 50.305 12.2316 11.5163 0.0010115 14.5019
843.596 5.39462 37.3646 17.3691 12.3062 30.3732 55.3141 1.44997 24.7108 0.0010115 14.6231
561.359 18.3075 7.79744 23.3639 33.7329 63.9373 66.6071 11.2893 24.4945 0.250319 22.6511
797.291 8.82168 11.8883 30.4962 43.0442 37.7956 46.9139 52.7919 11.0687 0.207346 20.981
757.206 8.51257 7.05444 81.398 40.6694 1.74045 23.5216 4.16519 17.9591 0.464172 23.5255
804.983 27.3226 64.2748 2.59151 14.0384 37.8096 40.3923 15.2847 19.7388 0.00698002 18.2901
829.456 24.8129 35.9026 21.2172 26.8868 18.2547 9.2751 16.6188 30.7102 0.019454 16.4094
492.644 48.3156 35.6524 12.1775 16.9674 34.7936 46.7151 58.0686 19.5467 0.0271477 21.2559
581.986 48.5301 39.893 9.81366 0.679643 21.8533 37.0682 37.7476 20.0795 0.0278159 19.7221
309.703 39.2674 41.1252 6.54938 108.947 7.99065 25.8589 55.5401 16.5293 0.0190513 26.059
828.738 32.462 20.8152 22.3989 4.15418 35.7812 62.3322 34.6766 12.5271 0.067162 18.6135
839.637 24.3348 10.6814 40.1385 32.9582 5.21686 22.3206 14.4091 21.0697 0.0141188 15.2957
660.013 20.3387 36.9995 54.7443 35.2917 7.03503 33.8421 6.25513 28.7393 0.0211505 18.4888
911.145 1.79426 24.4415 19.8785 5.23483 61.464 40.8697 5.18221 23.3314 0.0130954 16.0193
1031.94 13.4776 23.4161 8.57597 12.3133 15.2915 17.0844 6.40688 5.35389 0.0461555 13.898
858.367 7.00364 14.4932 40.0585 8.55106 10.5778 38.0137 5.17 6.29711 0.00101057 12.094
988.154 11.8723 14.8954 12.1427 17.1513 18.4358 33.9137 4.49067 10.6505 0.00704559 12.4152
779.155 21.722 40.5646 13.9363 7.22065 31.9653 110.275 5.56056 2.61999 0.0293805 18.8263
727.508 5.13638 39.9269 16.0278 19.9058 36.3578 42.0252 7.06929 1.7595 0.00667786 14.1079
819.257 27.8854 13.0852 24.8442 1.22719 21.6776 20.3363 0.33615 24.2684 0.0267043 16.4999
765.267 37.3334 24.2994 3.9714 24.1366 49.2837 15.5127 14.3915 5.79079 0.0568378 16.0826
795.518 29.2087 13.6356 5.35477 21.5926 24.2478 0.328174 13.0275 2.17519 0.0218446 15.3156
752.13 40.9299 8.43944 32.7789 23.4533 25.7196 48.7876 46.0987 9.22436 0.00534212 17.0948
865.501 1.01943 10.6783 6.53236 30.4128 20.756 35.7571 50.5364 2.08889 0.0114179 15.3094
735.859 20.2484 13.2707 10.9073 23.2247 14.1273 35.7818 27.049 5.82077 0.0418944 15.1079
691.238 4.46954 8.37445 38.1022 20.6668 36.2823 3.90375 35.963 30.6012 0.00620604 17.2189
728.409 5.44649 5.45352 76.1491 15.6465 41.0803 10.891 20.3257 37.0086 0.0016523 17.1665
752.782 8.84882 12.8191 46.384 12.6743 36.9193 33.7714 42.8021 11.6567 0.0016523 14.8591
813.477 5.26997 21.3824 7.09633 8.20921 23.6736 105.88 42.5411 6.31601 0.014658 17.3173
702.543 11.2267 17.7617 23.0709 5.07347 3.52081 85.993 2.88196 22.5725 0.112165 19.1727
835.928 10.5276 9.9195 47.36 15.0461 18.2349 66.3049 10.6723 14.3669 0.101183 16.9837
867.328 19.2239 14.0405 32.8151 14.17 3.25477 98.0485 20.6064 12.5906 0.00495888 16.4717
870.742 21.6741 18.8137 11.5134 6.78413 34.8446 57.0352 21.243 15.0603 0.115645 16.8144
693.175 31.3852 3.54849 23.0459 18.7921 37.3773 31.5956 24.1025 17.3172 0.0146169 15.6672
553.47 5.94512 22.4822 32.9697 62.9348 14.3183 34.4068 27.8848 29.884 0.0177561 19.3288
638.703 27.4549 29.4295 21.6616 43.0786 7.33872 45.4677 23.6209 13.3678 0.0194056 16.4694
812.757 24.9521 17.2638 21.6268 103.175 10.5067 40.2498 6.52678 23.6781 0.126421 24.1983
701.345 13.7638 6.70535 52.0807 15.2594 17.1095 23.582 4.05593 40.7289 0.0608996 17.9622
1033.57 11.706 13.3368 20.6876 51.097 9.27711 14.5316 21.0191 31.7739 0.0616666 18.6715
873.638 23.604 3.88367 33.7071 12.1917 15.1832 11.3967 19.2996 19.9565 0.238753 17.5045
847.913 1.71875 9.07252 26.3386 45.4038 24.6832 9.08378 8.72088 12.2368 0.057608 14.8976
760.194 3.55974 22.3631 6.06646 76.8954 27.2213 8.74326 17.3791 4.50475 0.0295235 15.7247
639.332 32.6047 27.8232 10.755 50.9439 27.652 21.0152 0.36047 7.95268 0.0111167 16.2752
638.482 6.54026 44.2153 38.0337 11.9634 46.8968 38.113 5.82933 26.3419 0.0959594 18.9975
731.574 12.8006 12.7493 19.8779 22.0617 21.3971 6.83424 32.9362 37.304 0.0133561 16.8452
788.746 1.81025 6.85947 10.9968 9.72698 34.0628 34.3917 14.7651 21.0268 0.00176836 14.7418
807.421 4.69756 7.99635 58.0077 14.2886 45.3059 17.4814 36.1587 15.4205 0.0658971 17.4803
737.705 11.8964 5.09725 79.4174 18.6621 51.8375 7.93849 2.26118 4.58125 0.0698133 18.5463
888.641 9.00294 15.0072 13.4121 18.6812 33.7775 61.0352 28.3654 6.2515 0.0212516 14.6622
911.887 43.5497 3.30872 9.68418 7.04232 41.5766 6.64373 31.8767 12.0484 0.0154634 15.8724
878.891 42.1172 1.75956 7.65912 8.70757 38.0298 41.0781 7.60855 10.3331 0.0147349 15.0479
622.885 6.43254 25.9314 68.5623 28.8609 34.7095 15.6935 17.9619 62.3532 0.13748 23.1755
826.736 2.42273 20.4663 77.0992 33.9149 6.53581 0.540135 2.55252 34.7419 0.06854 21.4588
705.861 13.0822 15.7331 47.9857 15.3328 13.3471 18.8364 33.5376 22.922 0.00112262 14.8469
554.577 22.2281 13.7721 72.1346 7.75962 24.4885 13.67 47.0193 48.4525 0.00112262 20.3502
779.36 16.0271 43.2363 24.1805 24.1359 14.3602 16.7868 33.6118 17.6189 0.0122578 15.4788
585.859 6.65664 38.831 14.8703 44.2813 31.823 19.3602 13.8836 15.1186 0.141664 18.7033
560.645 54.3335 11.2596 3.75664 30.5709 70.7817 6.76903 10.2083 20.9983 0.30933 23.1655
643.246 25.6639 6.79723 15.0141 5.72119 99.9445 17.6413 26.9301 25.2081 0.0652763 19.828
637.892 41.846 14.6937 12.441 4.78814 61.8553 4.09931 8.03687 14.2992 0.115749 18.6404
696.863 5.88039 17.7513 52.285 29.6685 25.7041 7.84157 19.2973 2.25725 0.168141 17.5989
718.386 42.1504 17.1133 7.37078 33.9671 34.4127 21.8415 11.1862 2.82459 0.00831043 14.4183
749.351 26.4079 9.5516 27.5479 40.4233 54.48 39.616 24.1537 7.90885 0.00210157 16.2897
642.851 3.36612 17.7444 37.0961 50.6063 24.2506 13.5389 17.1682 11.6862 0.0160344 15.8448
851.165 17.6454 13.0151 19.482 19.2202 26.0255 30.5964 32.0474 4.06812 0.070375 14.9075
723.255 7.02498 1.77245 11.2206 5.66602 66.6578 27.459 17.3553 43.706 0.547057 22.3749
768.541 2.03734 15.4697 10.0436 50.5394 10.1285 24.4821 56.3522 20.9855 0.218155 19.5847
660.322 30.2119 5.68112 5.87469 33.3097 6.83489 30.5987 58.7878 28.4518 0.28441 22.7048
711.183 36.1872 6.29391 14.7067 24.725 22.2968 32.0446 22.4582 7.8794 0.00348318 13.9075
765.666 28.5978 4.28869 11.562 29.7605 104.813 5.92198 38.4783 4.68309 0.0095227 18.9267
972.851 12.8833 42.9509 1.87169 44.3707 26.3219 30.7719 36.3343 0.276762 0.0310766 20.491
862.279 13.7981 37.3968 4.21387 58.985 42.2977 21.1657 12.4251 17.8206 0.00441183 17.277
648.87 42.8385 25.541 20.1979 13.9113 58.0727 8.85922 9.04316 19.186 0.00441183 15.8827
589.508 25.8415 46.1097 55.6887 0.465271 10.6513 24.0668 10.5688 19.7002 0.00723411 18.1999
730.819 81.7094 5.73006 27.5333 23.2724 11.577 9.81574 31.3496 25.6672 0.093497 21.3671
482.655 25.2107 28.3885 5.72392 43.8953 54.189 34.5131 16.6727 15.7037 0.0127256 19.1717
851.492 9.17125 27.6179 4.29141 26.7604 56.3778 77.3258 10.6917 5.17143 0.0478752 18.0016
905.242 1.26588 37.5754 4.08961 17.2622 36.5435 35.7747 18.4488 3.01914 0.0676567 15.7875
958.508 15.3956 10.5844 2.81363 44.5891 30.1866 3.36553 88.2329 4.78424 0.0357878 19.1372
742.722 4.48368 29.4523 28.489 5.84533 44.9744 31.4072 24.1534 10.6609 0.0323343 15.4437
820.932 8.49618 14.4964 14.6357 10.8815 3.22014 34.4826 1.84543 31.0293 0.00244803 15.0444
938.297 2.0402 15.5656 27.5935 27.7252 22.5017 16.5061 8.77684 37.7754 0.00180141 14.4378
946.429 12.5111 24.2297 8.91099 55.706 19.224 29.9869 34.6247 14.148 0.00180141 15.9967
889.151 28.872 7.05999 14.6589 26.4027 17.8877 0.846241 23.6593 29.3907 0.150003 18.2168
690.353 32.4855 19.0904 5.40903 26.6354 14.6158 30.9476 45.2971 73.7842 0.0220309 21.6716
589.39 11.0975 29.9798 51.9136 29.0733 11.1557 13.6645 32.4039 15.7583 0.0529929 18.0547
737.107 54.1476 30.817 2.2843 6.8938 8.34793 2.35179 1.72494 8.09787 0.0478247 17.7277
808.77 21.8579 29.9861 15.6016 25.9961 24.7555 14.831 14.7175 2.79489 0.0462376 14.4832
867.032 18.2215 4.96101 10.7391 37.3844 29.9528 26.2643 15.3123 2.58362 0.000296569 11.9595
671.994 16.5398 36.1973 20.7934 39.1517 39.9111 32.2378 16.544 27.4429 0.00250509 16.1891
678.85 14.4622 34.9456 23.7393 47.0611 11.9764 29.9005 45.546 24.2015 0.0194166 17.7084
528.631 26.0368 26.4548 28.3119 33.665 42.0846 38.1359 6.22119 15.0912 0.0383198 18.0261
822.991 16.6373 15.9165 13.1461 16.8547 41.1245 37.1969 28.283 4.88388 0.023517 14.2103
770.857 3.41622 41.7196 26.042 6.19327 19.1903 27.7686 5.30641 53.614 0.0230263 17.8566
481.778 78.0298 23.5007 4.84787 46.9215 34.3075 9.9361 5.88227 32.1773 0.0615176 21.866
553.956 32.8456 35.9925 36.3693 30.6635 47.4612 3.42651 8.52658 34.9512 0.128745 21.4921
680.208 31.8022 28.8729 17.3876 28.0181 100.274 27.8811 18.2899 28.1777 0.134516 24.0142
553.129 35.8871 60.9617 24.8544 5.79787 50.0074 65.5065 30.8253 65.4512 0.0934219 27.1952
793.735 3.14531 10.7805 4.87205 3.08675 60.29 51.3865 12.7739 23.2888 0.219683 19.0703
905.95 9.0933 36.1895 10.3432 5.20238 39.3243 14.2224 10.0309 11.7972 0.118487 15.6043
890.715 44.3001 1.4152 5.67244 36.476 13.0469 61.8025 32.9284 21.6951 0.0287824 18.9883
858.485 13.4244 6.22928 54.4042 39.9849 17.8037 13.6156 19.1484 2.69708 3.24073e-05 13.8117
791.456 5.8032 9.33749 60.7873 35.4186 30.1598 4.39352 17.1558 2.10568 0.00877023 15.3165
781.478 1.33631 4.83452 61.3296 41.091 44.4 15.6158 15.6246 1.83577 0.0163539 17.0078
790.206 13.3917 34.5453 58.4023 9.991 15.7538 7.71276 18.0435 9.6567 0.114807 17.7024
566.228 16.4127 23.4062 16.3601 11.9549 11.1759 67.9662 22.6863 13.217 0.0588931 19.6914
692.811 6.44351 20.0171 11.1705 44.5072 24.1901 56.511 7.26471 13.4324 0.0232735 15.6259
800.497 45.8167 19.1203 9.66728 15.8083 25.1 43.3382 24.8225 30.5051 0.00465497 16.4522
678.412 27.2317 36.2646 11.896 48.2718 2.7351 65.8788 39.7665 9.55809 0.00399419 17.566
792.922 7.58659 37.2162 8.01541 3.24017 44.7904 26.5863 19.3225 34.4735 0.00101446 15.0416
981.934 10.9198 68.3104 2.98728 1.38421 22.128 5.64818 11.0401 13.1495 0.00744434 17.0814
1060.47 10.9198 21.6963 6.96604 18.4102 1.3254 2.02516 4.83688 7.96555 0.0128576 14.3783
942.913 18.0776 8.28654 17.9958 20.7781 32.0821 5.98694 46.9611 14.0904 0.0519794 16.0376
882.531 1.04795 7.16804 5.77208 17.8662 31.2267 65.5401 28.9275 2.47157 0.198386 17.8321
753.384 29.1762 26.2808 13.0039 14.1647 30.5565 69.2607 26.9301 7.66785 0.0690267 17.2445
832.25 39.0953 2.9865 18.7 3.55799 26.1877 30.8475 30.4653 8.56702 0.166171 17.638
832.577 34.6753 7.17007 21.1275 25.1194 33.0645 7.2761 38.4128 9.84265 0.296859 19.2319
696.149 6.51192 42.536 8.95833 50.0446 64.2179 9.36523 15.8555 2.26942 0.212384 20.1143
746.248 10.9575 42.536 11.7898 46.1186 56.3755 17.7841 23.9694 5.48575 0.12207 19.1079
864.434 27.4688 29.8366 16.1419 50.5242 4.26792 12.4465 16.6589 6.11354 0.267636 19.5052
782.129 10.863 4.99143 34.5082 7.34517 89.6779 8.69647 18.0629 15.3377 0.269353 19.8052
836.976 2.71555 5.86689 18.6663 25.23 83.0589 6.46799 6.515 4.61528 0.0580549 16.019
756.121 20.8344 7.89689 11.2315 17.032 66.0188 54.9267 18.6823 6.71685 0.0567673 16.6626
784.763 1.85629 10.5263 11.5185 22.3178 91.0253 65.6761 31.8861 3.67598 0.0565157 19.9485
866.203 8.79896 10.6107 76.7901 21.2099 14.6878 4.7879 39.6248 1.31502 0.0607992 18.9964
766.001 17.3015 3.94097 13.5132 17.6344 41.8228 28.1278 64.67 1.87174 0.0418023 17.3171
903.031 19.202 11.4748 13.3477 3.29571 16.1475 50.1444 22.6895 4.9037 0.128446 15.7129
764.866 11.1241 24.7756 30.728 6.80638 45.1082 63.7202 26.1436 1.48051 0.0335524 16.7848
927.852 32.1699 32.4279 22.0897 11.3581 11.7908 11.3503 22.2628 15.3983 0.00534241 15.6154
787.148 14.312 23.8914 13.5356 30.4892 11.1656 34.9425 12.7661 5.25706 0.0178206 13.2823
611.864 23.2877 24.2306 7.46863 49.5533 5.60703 4.77818 20.1267 16.978 0.0175682 17.403
908.161 3.50769 12.895 23.4826 28.1788 52.149 15.7128 17.2693 4.49332 0.0528181 15.124
914.244 22.2891 8.07518 14.5649 34.9417 28.0503 15.5995 35.1158 4.59085 0.062116 15.6358
739.808 34.596 3.83019 50.654 22.5951 68.6627 26.8313 36.6177 3.87832 0.161717 22.6373
707.898 71.092 4.07499 34.635 13.2704 16.5943 34.6154 9.34357 6.13581 0.17109 19.6975
552.926 83.7941 5.44518 23.7641 4.23052 43.4902 7.91856 18.1047 7.37566 0.199039 21.9583
682.58 20.4509 7.14207 86.2541 5.13586 5.99239 24.458 5.7524 18.0448 0.215943 20.034
839.426 18.1831 14.6867 65.2767 22.8814 11.2344 11.725 66.13 14.3481 0.00672851 18.7931
741.687 16.6488 61.3501 29.8347 23.2906 9.80704 30.4845 0.339362 37.0176 0.0191027 19.4992
956.625 16.1378 20.1112 24.8681 12.7238 12.1182 8.88614 85.05 18.3923 0.0945732 19.4292
819.176 2.27874 23.0515 47.5363 2.83888 30.7207 23.1138 45.3109 15.2909 0.112034 18.258
786.99 1.82891 23.5071 43.8116 21.9325 46.105 20.9288 0.197898 5.8862 0.230444 19.7682
798.137 15.3599 16.9599 43.6258 18.089 29.783 47.5815 6.5851 14.4371 0.0168806 15.1942
608.206 25.5376 26.5742 5.34326 32.2957 70.7281 7.36663 4.86561 30.0374 0.0356432 18.6768
626.204 56.2677 13.1427 75.6709 2.6313 17.958 11.9255 8.11896 10.8283 0.00356628 18.121
786.581 52.9701 11.891 2.30161 8.05462 2.2811 9.43512 34.4155 20.5218 0.0126946 17.3217
614.257 74.8348 13.7419 36.2621 76.8736 15.4095 5.70346 48.7284 10.9766 0.00303506 24.0785
626.514 17.7303 13.1764 38.6856 79.8397 6.73751 6.93642 19.0332 9.14275 0.083745 18.3364
580.061 43.5376 16.7758 2.45497 54.1213 43.6791 7.79894 9.03849 18.3893 0.0794907 19.2722
697.812 39.6541 3.34246 8.9409 43.7089 11.082 83.7618 31.8225 2.99943 0.0408047 18.5122
478.356 64.7391 9.79507 7.50194 29.4796 8.77299 65.2081 59.1156 2.70451 0.0161201 21.6375
472.583 46.3196 24.9076 10.0694 23.8734 23.39 139.08 21.0545 10.8609 0.040012 23.3775
743.51 42.1945 11.6895 7.19342 24.3299 14.9528 64.6728 21.3591 8.75132 0.074938 16.8826
801.205 2.57111 2.88451 9.63569 41.5281 18.213 50.2921 7.45536 27.1659 0.186047 18.2116
942.707 11.6644 13.8108 8.30929 11.1178 13.2381 30.63 59.3093 5.31702 0.0682954 15.7721
817.437 12.4677 5.93751 9.49691 26.9439 58.7027 44.882 45.9768 2.1607 0.0353122 16.9487
710.532 24.4076 30.3135 11.1652 39.669 32.1101 33.494 51.2172 19.0432 0.000371715 16.2699
702.486 49.5091 12.8368 17.7158 50.9885 12.8183 28.8102 10.1016 18.411 0.000371715 15.0571
786.542 23.0747 26.0428 19.3095 42.3082 34.8276 31.6963 42.0223 42.9739 0.0180954 19.8411
713.609 15.2914 7.048 63.4495 13.8405 27.4439 2.93281 29.6034 3.61251 0.00547227 15.2053
896.972 7.10586 8.85189 18.4255 11.8666 22.0749 58.728 3.82863 13.2384 0.0187369 13.5214
734.058 14.0663 7.20724 20.6374 36.2544 13.1222 51.4388 5.77396 13.3644 0.0049003 13.908
843.156 16.6226 16.3729 7.63743 5.36803 26.5642 35.4996 20.4525 8.46183 0.109044 15.2342
884.471 12.0786 27.1181 2.2746 9.03993 45.3878 26.6972 14.0625 13.1594 0.029885 14.336
563.51 26.515 35.5269 9.86611 28.5954 8.32528 60.7464 18.2662 59.9412 0.382667 25.0372
573.663 26.5586 52.6265 10.4101 50.6453 9.68889 52.0875 9.68712 79.9194 0.347526 26.9918
578.313 26.3678 30.0832 10.4259 73.3367 33.5308 48.6833 3.57931 28.9176 0.54453 26.3866
540.477 19.3702 68.4671 10.7695 15.2044 61.6711 12.647 14.0208 25.4845 0.24416 22.2178
465.952 35.7841 61.8584 12.2444 18.0539 46.8578 46.1964 57.2421 23.3661 0.096114 24.1227
619.644 39.1459 15.3502 16.2329 37.8765 59.8715 10.3094 51.5573 6.74816 0.0506254 19.2338
952.973 26.9591 4.52508 12.3527 28.9315 12.3166 58.0246 47.4437 16.6037 0.0496279 18.1075
919.323 17.2577 2.80778 28.6577 17.458 42.0547 12.3156 88.5527 1.03129 0.0318506 19.2323
705.473 21.1198 8.91234 24.7278 9.86251 34.9182 8.11596 65.2269 2.05756 0.00616955 16.5144
661.216 30.5947 15.8787 19.4971 30.3589 50.0831 50.9431 8.47803 9.0438 0.071641 17.3993
557.831 18.3004 18.2774 36.9407 40.1458 19.7707 31.7006 55.6713 1.01718 0.0686695 19.8797
648.97 8.64453 67.3604 29.7475 7.56331 18.6385 14.9037 31.504 7.61168 0.0294117 16.941
527.178 9.55616 57.287 38.7904 8.7179 3.94476 76.7233 30.396 5.86176 0.144212 21.636
681.85 21.0303 28.3637 55.105 16.3048 43.9278 28.0753 45.7202 19.4367 0.00614783 18.7235
532.564 11.1554 25.2046 47.6629 30.2752 24.218 31.2851 33.6241 17.2256 0.0022484 17.3557
833.564 10.9608 23.9386 31.2428 8.93338 13.9986 15.8344 30.7045 16.5036 0.00246708 13.3676
601.03 38.9986 10.888 50.5356 23.321 11.0228 25.7122 17.7532 21.0643 0.0254944 17.233
536.104 29.0824 18.2375 66.4229 50.4483 20.1432 42.4943 30.8235 18.077 0.0247224 20.8136
883.629 1.489 4.53958 44.2001 20.4616 4.18075 26.6175 29.308 16.0313 0.0029118 14.2937
714.203 2.69162 37.4286 40.6296 16.4414 4.18075 21.2142 28.6174 16.3789 0.00321815 15.3154
664.222 54.4858 54.567 32.1999 17.3863 17.871 20.976 4.30964 7.84348 0.0229211 19.4048
812.096 30.5407 51.0909 25.7444 13.0271 6.99556 9.21784 38.0406 55.6276 0.0229211 21.195
744.708 11.329 41.185 28.045 20.564 13.8723 58.2624 11.7235 41.4532 0.00354398 16.7903
707.604 19.9879 36.8868 28.8073 31.489 45.8474 54.6575 1.26789 14.7855 0.0245417 18.6231
773.576 19.2449 10.7202 2.33905 21.4051 67.3322 103.082 27.9653 5.48802 0.0476608 20.5528
883.148 40.041 2.45184 12.1847 15.8394 26.2774 115.863 26.112 5.30459 0.120707 21.9049
682.368 36.4001 3.67965 13.3637 59.2959 21.8335 56.7588 2.04299 14.6413 0.178408 19.8697
867.292 15.3036 32.6917 24.3031 6.91329 37.6341 40.3833 4.77083 3.40577 0.15455 17.29
853.09 21.7197 6.94864 31.8663 21.7604 49.1324 8.6164 18.3574 5.32765 0.0390985 15.2625
892.189 10.0185 35.4179 36.5562 24.2437 40.5737 3.77425 6.12689 15.7989 0.0136322 16.879
918.861 6.45788 9.56595 7.89085 7.56147 21.063 58.8519 13.9345 12.6274 0.11613 15.2675
719.341 17.7756 25.0831 5.75332 58.3808 32.5381 36.5042 2.76413 2.04134 0.0421059 16.2944
749.604 3.88668 53.4681 6.39354 61.7565 30.151 53.9894 5.37949 6.31515 0.0561778 19.2004
434.112 15.2428 86.2384 9.6143 50.6466 38.676 36.3737 3.103 5.40375 0.115397 22.6882
482.346 21.2718 94.4731 9.6143 50.6466 9.98464 20.2444 3.79339 15.7699 0.119862 22.0636
592.372 21.7091 33.7514 3.62942 69.5687 41.7724 19.7117 26.4334 20.3616 0.323348 22.7808
416.603 42.7026 15.3834 43.2742 46.6987 45.8785 19.2217 20.8538 16.3515 0.0252816 20.5521
596.352 28.9981 22.4055 42.0217 1.63135 42.8997 11.979 34.3608 25.2592 0.0418431 19.2098
833.664 16.4118 3.69826 25.0491 23.6912 17.6468 27.6287 30.6754 37.1591 0.0569694 16.8919
722.301 10.0881 17.8452 39.5738 13.5492 5.34586 14.7056 42.7229 27.5115 0.0693643 18.0726
1087.49 7.86545 12.8255 17.1209 12.3402 8.44911 47.7181 43.7363 8.68281 0.0894004 17.3732
558.112 33.4073 55.2455 19.7534 41.3365 10.8201 66.1646 8.40774 1.05213 0.0370473 19.4855
910.551 15.9139 26.2574 6.68787 25.5115 45.3526 50.3725 2.91596 5.31436 0.017199 15.6182
697.607 36.8423 28.7566 9.49974 3.27656 35.0237 32.6832 86.6174 1.16913 0.0354903 20.0771
539.971 34.7817 22.3494 11.9361 48.5182 31.8268 57.6338 34.4688 12.1699 0.0119198 18.6962
642.022 33.119 42.9789 2.49536 28.3621 17.278 31.6748 35.0878 6.62575 0.00515463 16.0019
326.825 11.9633 33.8954 102.678 3.05936 25.7918 116.418 49.0242 2.92322 0.0316543 28.8205
707.004 24.8515 10.7016 34.3805 3.05936 58.1654 85.9028 6.85363 11.9112 0.0726941 19.3287
619.704 29.5707 3.13228 50.0055 34.588 53.9593 94.944 5.7435 5.12336 0.00405421 20.5966
625.912 20.1576 28.8705 26.6715 6.13659 49.7934 60.6748 5.1576 6.23989 0.0441732 17.1109
595.85 40.4584 32.1923 29.7041 6.13659 50.0451 40.9235 3.81973 3.80676 0.0326802 17.5256
668.525 19.5207 42.4954 36.473 9.96271 44.3572 27.7015 8.92119 12.6038 0.0684521 17.2873
511.041 31.184 32.3447 22.2893 66.5626 61.9597 16.0242 28.7412 4.14054 0.0263694 20.8615
842.176 13.6459 20.3157 15.0929 56.5752 39.0422 51.0933 53.5627 7.07557 0.0334702 20.1869
604.385 12.7803 18.1487 21.8627 55.9619 44.6495 29.82 116.201 11.8064 0.0657013 24.2979
631.177 18.3204 20.1815 55.7762 15.9465 49.0979 11.8491 11.8877 23.4444 0.0276546 17.2608
921.8 4.26893 19.6422 5.3968 28.2512 104.229 24.1936 9.47185 13.1226 0.0553407 19.8445
908.317 23.3231 1.25199 24.6718 23.5195 32.887 16.2393 14.6571 12.1078 0.019296 14.49
810.956 37.4986 3.24548 31.0172 21.4439 23.4877 19.8099 41.6524 17.1837 0.0303054 16.8107
933.552 13.7963 6.48112 28.715 10.173 18.564 1.72415 18.0451 14.806 0.0269781 14.2814
805.224 4.3632 15.7008 63.3758 12.2773 31.1001 4.39477 10.6661 15.3167 0.0428604 16.0249
756.538 19.6813 23.7857 44.6427 17.3546 39.0738 28.6631 16.643 4.42737 0.0407731 16.1633
837.881 1.20533 17.66 18.0474 17.0175 15.605 73.361 44.7465 16.0935 0.000116746 14.9918
835.947 4.88056 15.0322 40.9555 15.744 4.98993 47.7197 66.0095 44.6923 0.000116746 18.0339
705.284 12.8781 74.3 0.100216 14.2649 11.7337 43.0217 24.1785 19.0139 0.0265855 18.8779
999.043 12.1175 21.5494 17.5406 21.5861 38.0001 11.3432 21.2492 10.5662 0.0781855 16.3665
707.445 28.0564 21.7941 9.71866 36.63 41.1019 12.4983 23.8347 6.38282 0.0176442 14.9398
879.203 28.462 23.2601 26.3056 42.403 24.1989 2.78857 21.5548 11.1683 0.050869 18.0537
802.043 13.7314 13.8829 22.3668 35.6731 36.2541 7.47651 14.2066 20.9498 0.151606 16.6862
806.089 11.4866 7.27609 4.05666 29.8032 35.223 24.8288 17.5644 52.1956 0.27601 19.9634
799.371 11.6038 24.7325 4.99125 26.8805 35.5342 20.9115 52.0187 19.2066 0.281447 19.3256
1143.87 22.5057 14.3802 8.15982 23.4992 19.0773 11.6215 4.66888 6.45365 0.0271357 16.7521
894.987 15.2347 17.3537 14.5789 20.1122 4.6681 6.53245 2.34642 3.94957 0.245839 16.8551
919.75 6.482 2.93984 42.7021 18.2932 35.1736 8.10748 30.9211 16.5616 0.158423 17.5709
963.507 1.7614 17.3104 25.1741 7.93328 63.6 22.4009 17.9818 41.7142 0.0406253 18.5286
1031.26 6.98231 4.84962 15.8256 4.91945 77.5319 17.5706 22.926 30.368 0.114605 19.321
770.834 8.74524 11.0305 26.0502 15.5519 43.4149 30.7755 53.5828 8.40499 0.130479 17.5995
479.795 5.49592 37.313 49.6849 26.6485 65.1167 46.5929 45.1241 2.96163 0.00918056 21.3587
604.399 28.6883 30.5969 45.8928 27.7509 17.8811 11.3586 5.29167 16.5316 0.00691559 15.8596
608.312 35.2669 18.6261 45.8928 54.778 22.4889 13.9698 5.92779 14.0277 0.00950536 17.091
844.833 3.03388 18.8087 61.4115 1.97936 4.47742 31.1473 36.3701 33.6327 0.00931159 17.7929
869.146 8.59469 7.77272 57.6719 2.70549 24.5617 6.26952 35.8614 44.2008 0.0296943 18.525
709.005 20.2611 14.2201 51.2226 1.80972 34.4029 25.7165 25.0327 33.9656 0.0176904 17.5458
669.499 0.574666 18.6757 43.4099 5.67987 2.86441 82.9352 23.7872 8.36282 0.0544284 19.4075
841.795 2.15439 8.65261 24.0945 26.797 13.023 38.8065 6.36606 3.49934 0.01177 13.0917
969.865 2.75005 24.3851 35.3662 13.8003 4.89652 33.9233 31.7356 6.19506 0.0191165 15.2233
829.562 5.43977 38.9392 4.3511 37.2187 25.1692 2.77166 2.86352 7.64569 0.00735463 13.8728
797.477 42.2499 0.432378 14.6618 36.0866 65.6971 14.6113 9.24715 8.90697 0.0332479 18.1675
821.078 24.8113 10.3529 17.7452 56.3916 11.3052 2.68146 27.8537 8.0417 0.00955298 14.7977
938.989 9.11708 9.06881 17.4988 56.2578 30.6134 4.77676 4.90491 14.6463 0.0119066 14.7448
709.916 7.81067 15.1489 37.2283 67.8856 18.515 17.3617 3.32008 27.257 0.0137754 16.6015
842.12 7.64569 4.79575 24.5133 58.4115 18.4259 10.6295 10.4458 2.49461 0.0294504 14.224
844.392 17.9409 38.7081 23.723 25.4135 7.96661 17.3802 18.6463 13.3952 0.0379489 15.3857
826.543 31.574 35.5967 23.5967 32.5011 9.65847 11.9 3.51318 5.18947 0.020214 15.6829
807.364 6.11279 30.0074 17.5508 11.9932 35.0176 32.1759 5.63891 1.54024 0.0889865 15.0557
761.255 39.9398 35.7472 25.0574 12.5885 9.45938 8.79523 5.58623 9.05046 0.0840531 16.647
778.988 17.0008 22.9632 23.6926 1.08295 55.8312 66.173 30.8624 28.7574 0.192526 21.7076
808.271 8.18878 9.37016 21.5773 24.1 41.4318 33.588 17.9922 3.49901 0.121938 15.5332
830.304 11.7033 15.2462 27.0117 42.7624 18.4613 32.1098 21.1038 13.2866 0.230542 17.744
797.434 10.1968 11.3064 37.7374 30.3527 3.08364 49.6203 19.8216 11.3239 0.0464404 15.5034
950.668 9.43781 25.2489 10.6101 48.6887 20.2897 37.7842 16.8519 10.3796 0.0613459 16.7197
771.408 22.0756 36.8559 6.72805 3.7275 22.1327 42.8559 1.52392 17.8725 0.0862761 16.7684
777.856 30.9223 5.91742 4.40514 13.1118 74.4768 24.7293 3.57313 23.4762 0.129192 18.2672
749.369 17.1981 2.89249 36.8329 57.8715 11.8967 4.63743 9.75966 26.289 0.0216911 16.3911
560.159 51.3099 7.50045 12.2708 36.0001 13.3875 6.4757 3.90971 16.1795 0.00267473 16.9376
586.354 32.4268 23.0225 6.47308 61.7295 14.9096 11.294 5.24121 2.30349 0.0014213 15.2775
698.88 25.0971 25.8865 3.96512 13.1344 30.3126 13.5198 68.0614 12.9732 0.013609 17.4386
917.225 11.3656 42.4584 10.0646 17.7053 12.5372 11.4527 55.677 6.02386 0.282624 19.3067
613.858 24.912 65.9824 10.6829 17.3471 5.25519 6.975 22.7593 3.18461 0.103488 18.5759
392.12 24.2401 49.6136 29.5031 6.60074 29.0564 102.678 6.79453 2.89312 0.0422577 22.646
878.467 17.3196 29.4388 20.4048 12.123 21.5646 17.5455 21.4673 4.43841 0.00624067 12.9906
728.649 13.8444 2.79537 39.9405 53.805 15.4716 19.0504 19.0754 19.4605 0.0030549 14.9334
738.434 8.8392 3.77762 11.341 74.3981 5.05967 62.6102 17.3176 22.8257 0.0155493 17.1912
882.584 17.8824 5.85811 24.6687 60.2851 6.4861 47.1632 38.4405 5.13711 0.0576677 18.0902
844.633 11.4527 7.81988 27.2016 20.5338 41.2015 13.2433 34.4011 4.14128 0.0427575 14.7197
983.918 20.7185 11.9777 35.2333 21.2233 8.02626 12.433 36.5408 10.9353 0.198192 18.6666
978.478 1.8123 5.60629 36.2823 6.93872 8.93183 11.0077 62.4815 6.16906 0.157056 17.914
1037.91 22.4906 6.38583 5.24785 22.399 11.4738 9.42305 51.5556 11.097 0.123529 17.3419
784.69 14.4283 32.4144 11.8148 26.8072 20.9374 15.9397 5.87925 38.5946 0.0805935 16.8242
687.125 44.4111 49.3759 6.84644 7.3249 67.4853 20.6368 26.823 1.67059 0.361827 23.6036
739.068 27.2411 23.7904 7.55066 7.19749 77.8156 12.6812 8.40132 11.755 0.377726 20.3341
1064.39 10.8218 9.88824 15.7656 4.38766 40.3428 4.44009 37.9724 13.8898 0.40124 20.2684
668.86 38.7191 5.9516 42.5879 15.4352 34.9955 30.46 9.39027 12.542 0.243713 19.2494
547.944 47.1453 1.2665 34.3829 45.0429 8.52162 38.8233 6.20539 11.0884 0.0985711 19.7973
859.854 16.5626 11.274 1.63857 27.736 67.5404 29.7473 6.04652 6.11593 0.0198364 15.0691
828.733 4.68928 21.6963 2.97399 41.3975 27.8007 17.7914 4.16858 15.0788 0.0326006 14.4365
935.171 30.1707 10.8771 39.5629 19.0133 23.3416 3.40146 3.4805 15.3773 0.0232439 16.6614
830.294 9.28148 7.46039 10.8104 1.3928 10.9939 38.1098 18.9329 6.70053 0.0211102 15.2146
1069.86 2.06244 18.4193 14.6399 7.37505 18.2294 10.7535 15.6337 9.08396 0.0295761 13.7755
738.518 22.7339 18.9778 6.09554 3.15286 71.8698 20.5862 19.8099 17.0207 0.0919247 17.3858
723.53 17.1685 6.06905 67.9907 21.2077 6.29858 7.60547 1.33954 35.5769 0.153571 19.8966
1012.95 7.58206 13.2958 10.4286 63.4611 8.15163 22.9926 10.8231 6.72084 0.140154 17.4145
953.155 22.9792 15.6916 7.04536 49.6713 8.84789 22.3538 8.84364 3.68128 0.0781516 15.8484
995.502 13.2472 45.2231 9.35924 4.43733 5.39203 40.6168 22.2676 4.12126 0.0610106 16.6938
671.87 21.4634 31.0522 19.8331 4.35497 12.1994 47.4743 60.5594 3.88553 0.0673895 18.6615
711.834 36.944 15.2483 9.03487 18.3603 68.4567 42.5632 31.8169 1.58532 0.0296684 17.7885
712.478 7.24099 3.88586 30.7036 3.14557 49.2935 30.8966 28.7168 13.7264 0.0153316 16.3803
870.816 7.28574 11.1691 16.3333 1.41713 19.4411 65.6919 54.1663 1.89337 0.171525 18.7117
680.509 13.183 14.5982 24.8904 8.64267 49.3733 67.7293 29.312 3.47273 0.196712 19.2742
318.699 12.9549 37.5667 70.1851 16.1225 15.2554 105.734 32.5763 4.9371 0.0121424 24.9176
617.779 12.8372 38.173 12.1801 5.22967 35.5594 37.6674 25.3155 26.6808 0.0219368 17.9916
722.764 3.68167 54.242 22.5769 4.36488 12.0571 23.7784 42.6471 13.8265 0.0062142 16.0351
884.041 33.5881 12.9096 15.3035 1.70562 13.4258 16.363 26.4466 18.4459 0.00794067 14.6248
854.673 3.31279 6.6615 11.9889 28.3701 24.1485 47.4369 40.7848 15.982 0.0208803 15.3336
870.467 3.41533 6.43292 11.8542 18.9107 50.8608 15.9663 30.8138 6.65363 0.142633 15.9752
874.163 23.1149 30.0754 27.8195 12.1188 24.1507 29.9403 26.3997 12.8919 0.0100648 15.3593
976.859 20.5696 8.02447 12.1134 9.79748 21.7405 8.38674 37.2834 27.1955 0.00119299 14.0472
838.953 34.8844 9.24783 3.49498 52.22 18.8161 31.8699 5.77726 10.4849 0.01051 14.7656
838.524 11.4807 15.1476 8.99653 43.8469 11.2225 41.8604 8.51836 19.9296 0.005989 13.4746
722.486 20.5006 8.91122 18.3568 71.0369 7.72517 24.5173 19.3921 15.9236 0.0679566 16.7445
972.673 6.13583 2.59272 5.91214 63.8331 9.76445 55.8147 12.1634 2.37813 0.0452034 16.2428
989.101 13.6407 3.40357 4.28246 6.57477 51.4739 1.62561 11.4254 8.48102 0.0452034 14.8433
853.423 3.0158 31.6919 44.7042 3.66824 11.4573 27.9233 14.5062 19.2111 0.0311267 15.6179
652.963 11.0263 38.9684 3.60417 0.991632 34.6664 32.7705 17.6736 14.1037 0.0204361 17.6212
670.527 32.4633 25.147 17.8623 7.62467 22.3637 12.6255 44.0647 39.6034 0.0291769 18.7948
816.98 26.7272 4.53247 12.5515 24.7111 36.2961 4.25296 9.75802 20.3916 0.0510522 15.3733
999.592 27.1391 6.0595 19.076 12.5315 25.3889 3.82034 19.5895 11.4785 0.199338 17.3463
958.583 11.701 4.51511 32.9665 36.6317 5.52563 13.8798 9.03364 3.61405 0.425047 19.3691
836.638 1.61374 13.3663 13.8041 8.98748 41.6925 38.6026 63.3219 8.04291 0.00436214 15.759
699.614 9.4117 16.3836 21.6844 42.2559 25.6361 43.0998 27.6516 18.507 0.0744985 17.0483
694.077 2.8734 8.78269 60.9543 23.1176 16.4873 42.6589 33.6711 21.1387 0.0197977 17.2249
906.093 6.86294 9.475 54.4288 2.3892 22.1321 46.2363 23.9541 5.98274 0.00126675 14.3894
1006.1 12.1467 9.68407 35.439 6.34802 28.4579 15.6853 30.7384 7.63213 0.0049528 14.2401
1104.76 26.4741 0.963085 1.90431 6.46368 47.5008 2.76309 11.7764 20.9291 0.0148195 17.3932
742.605 9.67137 39.8543 20.0676 4.44828 40.7718 7.71808 17.6891 15.087 0.0638246 15.9668
696.604 20.3043 34.9326 20.2032 12.915 9.53173 67.0693 24.7226 0.180226 0.00485447 16.1133
719.127 12.9676 66.4817 2.83281 6.63511 33.9151 13.1803 1.48302 28.0291 0.0462689 17.8868
685.707 45.2052 50.5348 17.6969 2.63645 12.2397 28.377 26.4515 8.55788 0.00395362 16.2838
930.109 14.5652 24.0118 2.35233 34.596 15.7901 5.92651 29.139 24.9477 0.00395362 14.5729
925.837 5.98309 11.7032 6.17049 49.9175 28.5127 19.3451 44.0121 9.07376 0.0508686 15.9551
835.476 3.0456 17.3331 22.0531 39.3939 31.4501 100.44 9.46396 3.51411 0.00626524 17.1173
894.04 20.7971 9.40526 26.9361 31.0248 29.8289 10.4961 5.79698 8.55174 0.0321682 14.3557
1041.62 6.92363 42.2001 13.3354 8.1404 32.8405 3.94486 1.94802 36.5111 0.0546829 19.0349
787.822 14.9267 23.3309 12.4097 14.1805 16.033 41.7177 24.8049 6.84169 0.0844072 15.1544
786.654 0.753573 40.998 8.94943 35.5169 10.1047 22.087 2.06513 10.1797 0.0919863 16.4244
766.667 14.5151 14.1109 54.4929 12.7187 14.0286 55.5551 4.27668 12.4633 0.052989 16.0761
758.949 33.0736 8.7417 44.0462 24.3857 20.4196 11.6668 14.4947 16.3146 0.0165346 15.219
988.647 19.4428 9.1419 24.3442 7.44156 13.1192 24.9981 3.7668 7.84517 0.00981405 12.999
971.239 12.1392 11.7633 20.9335 24.2789 10.015 40.516 24.717 12.0498 0.120139 16.009
961.248 8.90795 1.37976 22.9221 29.2309 36.0516 20.0009 25.2765 12.2197 0.0728567 15.8966
773.49 12.8128 20.8753 20.4665 17.6404 30.8552 31.8284 11.8296 68.6521 0.00726411 17.7834
797.476 35.866 0.457333 20.0295 8.93776 44.5068 46.4046 1.67745 51.2309 0.00726411 18.9812
764.13 34.5363 7.65465 19.3271 8.26234 22.0065 29.4614 15.1789 91.9667 0.428598 23.8288
932.161 7.27876 2.55026 21.0949 8.13969 17.9237 42.9692 21.2218 46.0138 0.415502 20.061
836.008 19.8986 5.41159 4.76959 11.2328 9.66663 65.9426 9.40424 72.3526 0.478513 22.4643
1014.76 24.443 1.39582 3.35608 8.85525 37.2905 69.2724 18.4233 53.7852 0.366271 24.4385
747.214 23.7575 13.8234 16.736 11.7271 49.8716 45.0159 25.3324 6.83425 0.0607369 16.0151
1037.7 31.3731 7.08912 3.00944 16.6232 19.581 17.2808 40.8426 6.48761 0.0351382 16.2211
680.671 17.0822 13.4543 47.5738 42.886 43.9404 36.5553 52.7514 18.4191 0.0292889 20.2112
825.783 37.3242 6.24803 0.807326 20.4147 4.65415 47.4916 25.3582 12.1027 0.15861 18.3113
896.048 25.7175 13.497 2.45239 20.3498 2.31847 49.2339 31.7331 14.5928 0.0374717 15.9835
748.865 32.8121 41.4582 13.4844 4.32579 38.5291 14.9039 11.8197 20.8903 0.0723606 17.0745
701.169 29.4936 12.9686 12.2579 10.2684 35.025 11.9288 13.4609 55.4941 0.0246493 18.5585
604.997 26.8939 39.5606 51.7203 9.29976 34.394 57.113 4.02257 8.85352 0.0230957 18.3184
604.488 34.4029 25.8409 11.8717 48.2302 16.4279 9.06013 4.91232 36.6816 0.00788322 17.3849
810.168 2.04372 22.7211 29.2529 80.2405 16.1399 5.87689 7.70581 5.88483 0.00220498 15.4037
982.49 0.351781 11.1631 27.418 41.8961 2.67448 21.3572 6.33247 14.9588 0.187611 18.0953
1018.74 0.519575 18.6942 22.0906 8.72294 15.0919 48.2406 11.7265 11.6432 0.389459 19.7146
870.966 3.86114 41.3672 11.5718 34.0541 22.862 88.3848 2.88135 30.4327 0.116402 21.3124
1046.25 6.74279 7.57574 9.22368 14.7329 2.3862 52.0411 26.3634 18.9723 0.304608 18.4692
746.501 24.478 18.5181 8.0893 22.0553 36.6649 49.7828 24.8469 27.0566 0.124305 18.1071
975.122 24.3109 8.1561 1.99997 6.39075 42.0367 13.3609 32.2279 8.70419 0.118562 16.5244
934.398 7.49497 32.206 7.14776 29.3835 27.4316 53.6702 10.9258 19.3849 0.0911738 17.3216
713.597 12.0599 39.7499 12.5424 26.2922 10.6865 21.1268 8.94067 0.260763 0.0134834 14.8417
684.672 44.8034 50.3912 35.5981 6.07823 10.2772 1.94936 32.1315 14.5548 0.00961919 18.5885
840.936 41.1243 7.27143 43.9824 9.70647 14.3196 7.82566 0.417386 11.4609 0.0586109 17.4075
741.22 4.55274 33.54 41.889 27.9393 25.3048 38.0907 51.7201 5.71399 0.0555652 18.3453
624.273 26.1181 10.6054 26.3386 30.7382 86.4665 45.4251 19.2903 4.48594 0.0139673 18.6502
828.529 0.263068 19.4421 28.4494 64.3084 19.4682 10.7111 9.36472 27.1786 0.0409592 17.8226
513.567 16.7442 6.2704 36.7685 32.241 42.4925 38.988 39.8159 17.1631 0.126443 21.6131
479.086 53.5919 43.1 36.7579 6.9186 88.485 68.3329 44.2136 4.98774 0.0991032 28.7424
385.09 77.0462 21.6192 47.4666 10.2071 83.5457 14.4776 40.1714 63.2387 0.127761 30.5004
553.835 64.6057 29.121 5.61597 14.4324 56.4338 1.81215 68.0786 8.19609 0.268327 24.9369
875.857 34.0275 15.474 15.3095 6.35868 37.923 19.5596 10.5027 8.60805 0.0707704 15.2781
903.294 13.1621 8.98794 11.4879 34.0489 7.24105 12.9289 22.434 27.2669 0.0103307 14.0337
587.115 13.0403 7.67657 56.0219 13.2342 31.6525 54.9231 23.0704 55.3845 0.0130166 20.7569
957.521 0.688737 4.58543 43.0726 5.36711 30.2933 32.5754 13.9455 10.3546 0.033549 15.2627
963.403 0.688737 23.7685 23.3678 4.86425 4.57682 51.1427 16.7719 20.0635 0.0161129 15.3312
1112.26 4.23612 24.8065 26.4995 13.7044 8.83742 28.4714 12.4147 49.4666 0.00733419 18.5994
683.5 12.8158 35.0024 38.3295 29.3401 28.7681 25.8444 11.1745 58.4667 0.015202 19.0568
600.268 5.69515 46.6237 35.2988 25.9228 38.8873 60.9671 9.81906 28.5137 0.0162251 18.904
823.718 16.9304 11.3623 32.8352 60.2075 10.6527 7.25575 19.3041 22.7074 0.0176612 16.0752
962.809 4.8452 32.8067 14.1246 11.4491 11.5991 47.0147 8.48697 52.564 0.012054 16.8973
1020.25 15.0929 24.6248 15.331 5.81986 2.34976 43.0114 17.347 27.6178 0.00225589 15.087
886.785 6.97672 10.7951 13.2867 25.4506 15.1222 17.6751 28.8872 3.69303 0.040897 13.6322
795.975 5.79528 27.4247 26.5906 28.0689 8.30184 55.0879 11.4745 9.85372 0.0252692 14.5103
870.168 13.6877 63.3108 1.88709 17.0306 6.13988 81.9082 13.149 8.93764 0.0332043 18.5631
781.915 32.0509 5.4288 34.5748 56.7997 11.3865 21.0003 2.49663 8.9152 0.0855681 17.4302
618.626 57.964 14.1804 16.584 17.0137 18.7137 75.7537 49.1093 9.0048 0.0135189 19.0348
801.168 10.3317 17.6913 24.2055 23.028 20.0643 24.5591 71.0443 17.1306 0.00601734 16.0096
927.278 2.1687 12.8129 5.85543 24.7483 28.3091 14.1553 27.4623 26.1219 0.0634686 15.559
676.569 5.82134 24.4223 26.1574 1.39793 7.78851 61.3306 4.67007 42.0956 0.00839781 19.1196
976.719 11.7757 39.5141 17.5056 13.7251 4.66041 66.1676 16.9814 51.599 0.0129814 19.7678
752.668 20.6509 22.0852 12.4352 31.3851 46.1512 6.96792 19.0869 9.91818 0.0417155 15.1229
568.505 25.7396 13.1569 40.6367 32.3488 26.7233 94.5036 26.3348 14.5324 0.00510515 19.0074
599.765 15.6655 10.8251 23.4257 13.3073 27.8336 40.6995 23.8651 8.39956 0.00391135 16.4154
571.808 6.41181 44.2171 18.8874 38.7596 33.4324 28.3189 11.6834 22.2183 0.00219481 16.4314
756.022 11.8804 18.0658 10.04 29.7415 39.8084 26.1856 28.9513 6.84569 0.000583237 12.9598
718.542 9.48226 37.9953 30.2448 24.6535 27.1662 19.2086 25.2957 7.53175 0.0432803 15.4914
822.657 4.19307 5.26908 50.1076 34.0491 25.015 19.976 38.3703 20.5397 0.0213954 16.4709
759.524 29.8656 4.9751 12.68 80.8098 34.8324 18.3016 48.1242 23.9704 0.324057 24.188
1005.64 8.42528 4.65455 5.57853 24.7902 1.32279 74.0316 7.01519 48.1409 0.0838317 19.0432
954.414 4.4677 4.48512 20.0444 31.084 15.0814 24.8234 10.4211 10.5462 0.0295299 13.2259
1140.57 23.9029 5.08138 16.8284 28.6624 6.74408 19.829 8.15547 17.4034 0.0370693 17.8071
997.076 9.84766 6.60386 20.1915 37.4223 14.282 18.0275 11.0064 8.48696 0.0961726 15.0043
835.038 22.7811 7.51701 14.513 25.0801 14.5365 62.3197 13.6323 11.4688 0.0198455 14.2009
830.827 10.0926 5.92346 17.3953 13.2539 13.0616 67.7775 32.5731 2.13607 0.00603143 14.2809
749.06 13.9849 44.0524 31.2086 28.6564 28.5151 18.9936 25.1828 11.3143 0.0116012 15.767
665.312 22.5556 58.1452 45.4204 17.7135 10.2002 4.67102 8.89781 47.7676 0.0296274 20.4144
591.553 16.8315 19.1877 18.2589 50.4176 20.979 49.6244 25.6554 21.9489 0.00980925 17.3707
732.409 4.92738 53.8356 13.3739 9.42492 16.7439 5.22612 43.3029 11.7666 0.0473769 16.9417
854.088 8.79933 29.7884 14.2209 8.28012 5.91169 76.0664 32.6032 6.83384 0.00179052 14.2541
520.754 14.3948 26.8798 14.0005 15.8126 28.1907 25.7525 100.29 17.6523 0.023168 23.7815
587.343 16.2296 14.9659 13.3322 28.3989 82.2432 77.1293 22.4907 29.8694 0.104303 23.0093
543.333 68.6478 13.8292 18.3129 24.1859 36.4037 19.2956 13.8159 8.02758 0.0439588 17.9443
720.664 46.7717 6.35296 14.6323 35.2892 17.5909 18.0198 12.3744 21.4037 0.00522637 14.8719
672.471 58.2862 11.4961 3.20894 23.9339 38.4337 15.9883 41.4558 23.2007 0.113901 19.9861
664.789 37.2201 53.2299 21.8163 15.5398 40.7622 13.6707 43.7995 27.2875 0.339325 23.8255
804.313 5.48959 7.96334 11.7422 23.0354 16.2638 56.1328 51.6282 17.0626 0.177048 18.4602
944.901 32.9402 3.65746 29.868 1.95947 41.9514 18.3401 37.4146 16.9749 0.220172 20.3947
914.199 24.1519 18.7025 11.3906 22.0919 9.03822 52.1248 12.7692 35.1404 0.236209 19.0902
860.4 19.8552 47.8169 16.0384 1.8728 2.71924 28.1725 3.03383 25.967 0.140559 18.6154
725.525 13.821 9.08791 11.737 35.8366 23.7856 51.4014 2.0443 24.8226 0.0991678 17.3822
908.596 12.0826 2.61031 31.9902 8.13751 4.75578 30.7005 14.5667 26.2886 0.0615831 15.7822
942.546 22.1433 27.5356 9.30605 0.0871057 1.02734 74.5539 18.5317 14.0467 0.196164 20.8802
638.987 15.3715 30.8286 6.31543 91.2936 30.3292 0.678625 6.30101 5.3429 0.0567975 19.0412
736.82 16.1221 31.0023 43.2764 31.262 9.53503 42.0878 17.4552 13.472 0.188202 18.8023
786.164 4.18687 32.6568 36.2831 31.4961 30.5994 60.9082 10.4008 39.7877 0.308409 23.3016
708.944 32.6937 9.57175 4.29576 31.0005 2.02493 30.9386 27.2472 6.96795 0.204477 19.2499
