-64.7921 10.5194 11.7131 3.80309 7.29064 5.43243 13.5018 8.22429 0.0129551 2.92176
-69.3713 13.2227 12.8072 4.8461 7.30504 5.37061 23.6549 7.13377 0.00459703 3.7651
-58.4433 14.0624 13.9425 3.00738 4.80177 44.919 20.0628 6.92638 0.331045 13.3756
-49.3993 10.2785 5.66166 2.51314 12.5137 27.8408 2.20107 7.64183 0.14575 6.72382
-59.7796 12.3674 4.97284 9.59695 2.82635 23.0717 13.3149 18.0819 0.213234 7.85618
-58.494 7.33399 8.78549 22.8889 3.30217 0.292186 12.8714 13.0685 0.160195 7.81039
-43.4506 8.31259 3.74008 16.7139 32.3194 14.2967 1.71101 13.7145 0.186359 10.708
-51.5668 5.34835 2.1223 5.29263 2.05118 7.31318 12.7487 14.3529 0.000388136 1.94208
-49.6896 13.2513 1.13922 5.70629 7.9758 8.40279 4.67847 37.9376 0.000388136 3.72767
-51.9613 5.71709 11.6599 12.5009 6.03837 8.1604 22.0047 15.2353 0.0479835 5.28654
-42.3662 2.60012 8.45241 7.75784 4.42735 13.769 26.1788 5.5708 0.105904 5.72401
-4.83349 8.95352 11.9609 6.26291 5.87179 18.6941 12.8338 13.1573 0.0198679 7.21857
-9.55079 7.11587 10.9122 2.58077 4.90445 25.8452 32.8 32.9626 0.000708049 8.40513
-13.2523 3.51055 10.0365 1.91825 3.62849 15.2039 16.3599 29.1663 0.0222612 5.58596
-67.6508 9.60902 19.798 3.02318 1.17718 15.2053 13.9085 22.2849 0.0134439 5.84752
-35.7576 8.27532 3.95233 3.07078 3.71247 5.87373 20.7439 7.22945 0.00121004 1.87957
-28.0676 1.6233 1.52311 4.28855 5.61361 21.3608 12.5415 19.6137 0.00238893 3.72768
-4.13299 3.06436 3.96137 10.6036 5.86952 23.249 24.6222 19.1164 0.00928443 6.17287
-22.8842 1.15421 6.24404 13.309 5.3272 7.67216 21.5465 20.1447 0.0200952 4.75022
-19.6583 2.18088 10.0387 8.82497 7.06411 17.8827 16.2307 40.8589 0.0122073 6.54055
-24.9973 1.53319 2.77565 10.6761 9.70186 17.1695 18.3505 17.8795 0.0122073 4.62184
-41.5922 11.7322 1.73237 20.066 9.34266 6.23298 4.72418 18.4989 0.0181537 4.97495
-43.1494 9.62896 3.89586 8.01014 5.62618 13.3367 4.79922 20.5175 0.0280035 3.71191
-14.8078 7.84275 2.86505 8.995 16.0295 6.45282 47.9588 22.0989 0.0753744 10.0702
1.825 3.23332 1.55579 15.9263 7.86976 0.265653 6.03062 6.20541 0.106897 6.71697
-24.4284 3.03479 2.67679 15.2665 5.44899 16.6196 2.87067 5.85457 0.45698 8.96972
-29.495 1.9468 1.33426 9.69974 2.97285 5.22301 1.68304 45.0158 0.0858599 7.24134
-16.4083 2.36326 8.52873 9.42948 20.3995 21.1146 1.36933 9.82177 0.0555941 6.91379
-49.4613 15.618 6.19 7.35954 13.8162 38.5104 23.4074 5.60867 0.0340292 9.92998
-42.648 9.99693 11.4401 10.1066 4.69147 26.6427 16.0114 31.4172 0.0382861 8.26477
-33.6206 1.52331 3.95995 12.8531 1.82009 11.2318 5.73296 16.0371 0.0567433 4.41847
-51.114 11.8017 8.89368 11.5137 3.25548 3.70539 4.77019 19.7407 0.00638912 3.30578
-36.5685 5.67689 7.61067 10.4335 8.5507 17.5238 16.7536 9.69949 0.00586447 3.50722
-52.8337 3.71678 10.2408 8.31499 8.87953 12.6112 28.5199 27.4132 0.0127018 5.77205
4.92941 12.9061 1.92797 19.8278 10.726 22.8125 26.1579 18.3609 0.0157238 13.4957
-51.0091 12.0607 2.99034 11.7476 1.59072 35.0581 9.24104 9.1742 0.0273435 6.10353
-51.3992 14.0678 3.25839 1.27074 2.6139 4.78576 25.8265 2.17901 0.0535402 5.2305
-34.646 7.68806 7.08679 11.6969 3.27698 16.6877 6.95087 12.2223 0.00826355 3.19617
-21.9455 4.59947 12.2246 9.55059 8.28904 13.4979 17.6037 10.0812 0.00113906 3.61946
-48.9697 2.60414 6.4698 14.8736 5.92968 29.1935 33.1548 6.91281 0.0648234 8.37172
-27.0845 2.22196 9.34447 19.1272 4.74631 28.9417 11.2036 33.5302 0.0581462 9.22907
-21.6022 4.15102 14.0473 2.0172 3.57028 22.8048 20.6759 10.7004 0.119888 7.52166
-26.6342 3.61001 4.70662 13.0654 2.28879 17.4111 10.5736 8.47466 0.0138401 3.32813
-32.6163 2.22685 5.31517 19.3538 9.64044 13.6627 3.52899 9.85744 0.0219433 4.22144
-43.5405 7.55016 9.26675 3.68771 2.48811 16.0043 35.459 7.19012 0.000541066 3.83364
-27.5697 4.32221 14.5186 4.2084 9.1224 1.97287 52.9861 12.7715 0.00974945 7.35102
-44.2386 4.27502 10.2423 9.80324 1.21245 6.109 51.0272 15.5963 0.0063196 6.43748
-14.7693 5.224 4.518 11.2441 4.11744 18.6485 24.7907 0.564307 0.0775652 7.0278
-42.6477 12.2393 2.97901 5.39727 2.32352 5.35988 33.7781 12.8804 0.212256 7.71913
-62.6874 8.2638 18.634 5.54601 3.92639 1.16545 7.8766 2.56708 0.0619956 4.88058
-62.3809 4.97698 12.3615 4.75403 8.04865 2.40716 6.40836 13.3526 0.141974 5.15822
32.4522 2.44879 0.741965 1.55276 7.52436 6.24923 10.9114 11.3842 0.0153585 6.18175
-71.6541 5.10859 15.005 4.41048 15.1952 3.61359 10.7574 3.0958 0.0662909 4.96802
-62.629 6.74839 0.945733 24.3545 3.07221 14.6268 11.1069 3.0958 0.0324698 5.45249
-49.9148 4.01708 5.11987 21.2209 7.86583 23.0297 1.16286 0.972166 0.146766 7.83153
-56.0332 4.54415 1.47657 24.2653 3.68576 7.19189 11.0232 1.14798 0.121465 6.35987
-59.9007 13.7497 13.8855 22.7204 2.2443 11.4985 14.6629 7.07522 0.146318 9.69979
-9.44092 6.58669 2.06017 8.07599 14.2168 4.77187 2.96663 7.87538 0.281355 7.21968
-48.2045 4.83326 9.97968 21.4652 8.16538 4.67548 8.43306 14.5195 0.281355 8.22839
-53.4514 5.62099 11.0563 5.75716 14.9453 5.01834 5.16662 16.0504 0.142362 5.48114
-44.413 6.32995 7.79364 13.772 16.5591 2.58754 4.50344 33.0576 0.0251493 5.65659
-46.1316 8.15628 5.60464 13.671 1.22045 28.6672 7.09774 36.3309 0.0244332 7.11712
-46.8721 17.6744 5.69272 8.65743 3.4406 17.0659 7.61546 15.8281 0.0336946 5.8869
-66.1301 15.2298 11.0962 2.50003 17.3629 9.97404 8.35099 23.0974 0.0144359 5.54764
-21.6338 4.64961 3.13357 15.8847 25.1757 7.72346 7.83868 11.1674 0.00721192 5.04921
-12.6723 4.40324 11.194 2.62905 19.4176 18.9305 10.4813 17.2229 0.00858631 5.88419
-32.1898 1.50951 10.9258 4.38525 21.756 6.5615 18.1808 7.90668 0.0074494 4.1086
-47.3857 13.0975 20.5637 5.23757 1.02274 11.0395 14.9472 41.1567 0.0235703 9.53091
-38.7494 10.8974 13.8655 1.05689 6.83341 5.53706 15.3391 10.0733 0.031175 4.90661
-62.703 8.42629 5.11543 17.0006 0.466225 11.3774 10.9859 4.65419 0.027064 4.35786
-38.4339 15.8629 10.8648 11.1858 10.1315 26.6563 3.29297 2.07576 0.0119434 8.25997
-61.1221 2.58076 16.6742 13.92 18.8012 21.7953 5.21636 10.5683 0.0187543 7.10926
-61.0834 5.15435 16.8276 3.77546 7.50649 2.23368 10.8212 16.665 0.0231835 4.01929
-53.1562 7.32862 6.10156 0.751105 7.09049 14.1614 10.0305 7.86192 0.0681646 4.36852
-31.4389 3.9778 0.562226 3.16919 14.315 5.01576 6.80422 31.2689 0.0242246 5.09217
-25.0656 3.98464 17.969 2.57839 4.38671 13.0158 36.8117 11.0421 0.0175097 6.77059
8.97731 4.09406 10.9866 10.292 2.70412 10.5537 31.5792 17.6518 0.12279 10.3727
-69.2498 5.23803 11.599 1.20211 0.807595 3.74826 26.8468 8.87602 0.0255385 5.46685
-31.8039 2.99411 7.66884 4.3853 11.4625 2.88964 4.66602 12.9096 0.110426 4.3624
-46.8195 1.66142 9.78106 3.10928 17.0996 9.76693 8.08756 17.4987 0.134702 6.07644
-35.1438 6.13343 9.93747 2.61742 7.78243 17.6957 10.7372 11.4854 0.0269712 3.83771
-58.9623 8.7714 4.98146 8.87551 13.8017 6.6598 7.42815 6.95631 0.0725533 3.99656
-54.8757 8.16373 8.15841 7.73635 15.9562 6.23548 6.16414 27.495 0.361467 8.95282
-49.7741 7.29141 6.03573 5.19031 15.0596 15.9267 31.0474 13.3029 0.044272 6.30615
-45.6667 9.90724 4.9939 4.50739 8.49358 21.5036 8.13836 19.4662 0.136965 6.26287
-53.0561 8.69238 4.36808 15.331 22.9498 4.50037 16.8741 13.2643 0.0854292 6.98664
-69.2377 7.0733 4.09819 8.79415 26.562 19.5112 11.581 14.2143 0.280817 10.09
-72.9839 6.25109 0.271063 9.10981 28.5296 14.275 8.50557 13.7704 0.258368 10.3937
-24.2774 1.07075 0.245734 12.6923 5.83014 25.6064 7.61044 1.74597 0.0654323 6.61107
-59.5822 1.92654 23.6441 1.55398 19.0661 2.73291 2.21651 3.80271 0.0813131 6.76143
-71.9588 5.65176 9.02545 7.63009 3.62247 10.1022 1.50312 2.47133 0.0332997 3.78974
-17.2211 7.58184 13.3402 9.08825 13.245 18.6982 3.73441 16.4201 0.0076933 6.48087
-20.5802 9.91088 0.401878 6.50182 5.85587 4.56126 2.81606 22.2388 0.00108225 3.32863
-60.5183 11.0793 4.79711 9.23113 8.31867 10.8768 13.0483 10.0463 0.048761 4.01339
-67.8946 9.74383 5.9321 43.3676 8.46875 9.56755 10.2447 10.1408 0.00257982 8.78762
-35.251 20.7054 7.52518 0.182722 17.2952 12.441 14.9426 1.21258 8.98235e-06 7.84801
-38.7415 2.67825 10.6692 12.7564 17.0058 4.17673 30.6929 5.25048 0.018894 5.78347
-38.4084 2.23244 0.299086 8.26271 7.82519 7.76008 18.1504 5.84401 0.00454585 3.49223
-34.0936 0.771002 5.531 9.77773 7.10469 0.524066 7.34117 2.25477 0.000641043 2.23316
-16.8897 0.845996 3.09335 10.8782 9.92444 12.2323 5.39213 16.3713 3.55558e-05 2.02412
12.5004 7.44643 3.16778 2.54095 12.3246 9.49924 19.0866 23.6947 0.0117272 7.0311
-54.9738 4.66565 17.2795 9.11271 4.32089 5.19777 30.5213 26.3603 0.0275237 6.66922
-46.69 6.70898 4.27476 4.09295 7.98399 4.03534 28.2688 7.2465 0.0177641 3.58226
-20.5055 10.3991 4.52538 9.25929 2.1698 9.52269 28.7723 3.11359 0.00316057 4.47278
-33.7297 6.01126 2.11389 16.109 17.3785 7.06707 14.8777 17.7752 0.0325646 5.49646
-9.03506 4.66041 5.24199 5.20106 21.6671 11.4669 13.0459 20.2228 0.0960056 7.29072
2.16749 4.58648 8.67657 5.74749 4.77287 21.8954 21.7044 6.8941 0.0695452 7.42585
-19.209 7.88941 1.34518 21.136 8.76318 21.4081 6.67629 2.30032 0.111656 8.09902
-50.3371 4.60406 0.539238 11.3928 9.67336 23.6679 3.24341 33.1406 0.142303 8.61545
-19.6608 1.24367 8.80226 14.3227 7.88595 5.39656 12.918 6.51057 0.0603725 4.70698
-53.5343 5.85239 5.29367 11.2859 5.70605 15.7735 2.02382 36.1372 0.0554571 6.02376
-16.207 3.56382 7.763 9.29745 13.8008 2.9191 4.07972 7.96317 0.0126507 3.03393
-18.0368 8.04291 15.3211 30.6226 7.63241 3.34033 9.73141 10.9886 0.00322104 10.031
-43.2851 2.4126 3.1198 3.85565 36.0525 2.77898 30.1677 7.22336 0.00100148 5.86583
-41.937 8.59467 7.54239 5.59551 13.679 3.19534 15.5948 5.15223 0.00333255 2.37314
-6.32095 9.17201 3.04441 0.268446 2.00329 34.2546 7.91116 2.5669 0.00353421 6.32402
-63.5393 9.76617 4.0374 21.2482 1.97725 21.9224 3.19446 14.5202 0.00166115 4.24568
-53.4603 6.55725 2.43826 20.1175 4.21258 13.2815 1.27705 12.2668 0.00165653 3.0561
-42.8685 7.76543 17.2041 1.93104 28.3206 17.8133 16.2075 19.944 0.00670666 8.50311
-42.0424 9.58408 11.4658 5.53645 10.5541 23.1848 12.0201 2.61949 0.0172784 5.10934
-41.8827 6.58698 12.9004 3.6419 3.53469 25.9641 5.24429 6.41929 0.0225468 4.22393
-60.4215 4.81164 6.54064 2.74308 5.62165 14.2221 12.732 14.1772 0.0286548 3.96355
-25.4006 3.17888 3.05806 3.95573 15.2077 2.91826 5.79667 2.91626 0.0348038 3.15041
-37.1289 2.45735 3.81464 7.67108 24.1836 2.41361 0.723377 8.39989 0.0518383 5.04988
-19.8158 9.98597 10.0083 2.50425 10.6085 7.18215 2.43258 34.64 0.183176 8.66721
-73.6125 19.0388 9.88492 3.68374 20.7938 16.5253 1.78054 21.8447 0.183805 9.73682
-34.9646 10.2253 2.16316 20.3239 13.4567 18.4033 9.81933 12.2462 0.109446 8.23578
-46.228 2.02311 4.22523 5.25888 4.59731 0.830883 1.53826 19.369 0.115473 5.95427
-13.3245 3.3513 8.85098 1.53612 39.2587 22.3713 6.40518 19.3736 0.000359028 8.08384
35.5238 2.01082 2.08118 5.09757 16.0633 2.90112 14.0526 29.7231 0.0060161 7.92367
-40.4602 0.565922 16.2574 1.43583 15.5419 3.7771 19.1031 24.7874 0.00478147 5.45437
-35.7393 9.38813 2.29857 5.44343 15.4252 28.8352 10.1444 6.67434 0.000923375 4.04055
-52.9704 4.94266 6.45598 7.41024 8.38363 7.20266 15.957 8.5185 0.00194911 1.84263
-65.9242 4.58491 12.5993 9.7137 2.16371 1.05683 19.548 12.9454 0.00591705 3.91246
-68.0094 4.93181 9.48838 1.23203 2.53937 8.84917 16.6097 2.02053 0.0600801 5.06951
-49.6443 3.96512 3.31689 1.79067 3.98317 5.07875 8.92351 2.35017 0.0481481 3.79924
-60.4448 12.7232 16.2018 2.27155 5.35054 14.5195 5.76788 45.9657 0.0103197 6.98654
-22.6411 7.16197 11.5982 0.31288 10.4042 23.6934 5.81923 11.4777 0.009804 5.46313
-48.9053 2.30864 6.62827 2.63576 5.53143 8.73733 18.6133 23.4917 0.045666 5.14325
-28.5796 8.32158 3.80912 5.35555 11.5096 15.4846 8.58479 3.72506 0.1285 5.2452
-3.9122 6.1432 4.17527 9.5156 9.83574 10.9193 16.283 6.65415 0.0860305 6.04454
-69.2827 12.2597 5.17942 14.8583 7.65025 4.21321 1.39684 67.6971 0.017804 8.34249
-66.6893 8.43516 3.43882 9.8468 14.2886 7.0808 4.95561 3.35994 0.00181516 2.0164
-70.6174 8.86623 11.426 8.16012 22.9884 10.4448 3.84527 3.86431 0.00181516 3.70601
-45.8823 7.74888 24.0589 9.03154 11.11 8.53183 8.34462 13.9403 0.00836657 6.53151
-50.5479 2.4438 23.923 5.26242 7.35942 21.6565 24.2602 8.41274 0.0234789 7.38856
-51.1548 2.19521 11.322 4.27099 11.3577 32.1157 12.9983 5.35682 7.81639e-05 3.83694
-43.4019 9.81071 13.5684 2.58147 18.4201 1.49936 7.42556 13.0714 0.00460847 4.07169
-40.2346 8.53357 8.3842 11.3405 12.2934 2.32705 29.318 11.7917 0.0133878 5.17661
-8.71039 7.88091 3.0395 7.96291 6.35461 16.7183 16.8093 10.7878 0.0156092 4.8092
-47.3676 3.69902 22.0025 7.07382 16.904 38.2909 28.6804 4.96848 0.0622208 12.8787
-49.4993 6.50813 19.128 11.1193 3.91818 35.379 9.32018 1.69549 0.216689 10.93
-56.8733 6.50813 14.8683 12.6099 6.02927 32.3618 15.9318 1.78281 0.0799461 8.47827
4.76419 3.90261 4.69079 16.472 7.91605 33.7795 10.6453 2.9292 0.0141623 8.05708
-22.0051 5.86055 6.62232 4.91211 2.09079 3.48793 5.47481 7.03102 0.0107919 2.10153
-36.7494 6.97871 7.86256 5.08147 2.32625 3.12863 27.9916 9.56912 0.0147182 3.70559
-10.0115 6.70774 9.69496 6.65834 10.6309 3.32958 2.53834 3.72634 0.097241 5.58251
-65.9889 4.76296 5.00441 0.0337702 5.32298 19.918 7.77135 11.8039 0.116524 7.92571
-38.9546 5.97257 2.1398 3.22686 13.1291 2.14239 35.2045 4.04559 0.0211261 4.88691
-37.4117 9.403 0.283964 4.0111 23.0398 1.56745 39.5228 11.0473 0.0472852 8.29186
-21.7215 0.352201 15.9497 2.07202 10.7321 11.0562 13.9067 13.5619 0.0342077 5.59958
-41.3625 6.65719 7.90614 3.2863 9.84563 9.91571 46.4331 14.2885 0.00104272 5.08418
-57.7547 11.6444 7.71756 5.51759 3.08287 21.4769 27.3641 19.3198 0.00103155 4.69515
-70.1545 9.86085 6.64079 16.6447 3.92823 24.9694 16.901 49.6487 0.0348805 9.3836
23.1464 2.27249 1.34144 6.13778 2.06898 11.9117 32.002 0.0890971 0.010829 8.16461
-8.40435 3.74634 1.09096 11.0968 3.85868 8.4845 11.7978 4.15656 0.010829 3.06253
-52.1076 10.3017 2.26797 8.55571 6.37796 4.32658 13.1652 11.3428 0.000863448 1.61647
-22.5881 6.99181 5.67776 3.37253 1.73821 4.30849 7.15025 16.717 0.00555454 2.47548
-46.5434 1.56031 6.82414 7.7154 1.73821 10.4195 32.4193 18.4673 0.0395144 6.11509
-10.692 0.575622 5.91598 10.8087 14.5731 12.7572 22.498 18.7191 0.169715 8.94556
-32.9534 6.66711 1.32071 7.33969 21.6068 4.90842 14.9847 19.5898 0.155515 7.12196
-45.2419 1.26197 2.77245 3.14488 16.9158 11.5925 0.202985 5.62663 0.141577 6.94011
-49.514 0.545643 1.68384 7.35367 25.1869 5.68617 6.34981 12.532 0.00685129 4.84103
-21.9682 1.41499 14.2216 1.00153 5.05726 15.6951 9.5703 14.8779 0.0687242 5.54696
-35.0229 0.898133 27.4066 1.77088 5.36254 23.5772 29.8343 16.7969 0.0079493 9.16372
-27.8475 1.63487 2.67237 11.4933 4.74446 5.41874 9.18028 2.80645 0.130159 4.66272
-42.2265 10.3591 1.35117 11.8236 9.31718 4.82932 11.0627 24.7978 0.138321 6.3928
-51.3127 15.8474 1.63514 6.40761 0.355296 8.25478 15.1145 14.6261 0.000294143 3.37523
-69.9314 24.548 3.42814 3.43408 1.97025 6.95875 8.62745 20.5938 0.000246029 4.30464
-72.6503 22.0543 1.37418 8.57385 0.774013 14.1656 0.668469 25.629 0.00213949 5.91059
-54.1502 15.5121 1.91157 6.69409 19.226 24.9568 14.6375 12.0671 0.0353124 7.28261
-28.9096 9.72152 2.78109 2.45858 6.91518 15.3079 4.64142 11.1007 0.010528 2.9504
-56.1588 6.04529 7.77444 15.2061 14.5949 18.3443 2.47669 15.4345 0.126249 7.10794
-52.9807 2.71545 6.94013 2.07224 25.9797 9.06959 0.497009 5.92598 0.181339 7.33263
-31.4237 8.01285 10.6225 8.07177 6.30165 7.25146 3.38916 26.3607 0.160729 6.69589
-40.1824 10.0529 12.8977 6.34724 2.3544 4.1107 27.6245 5.02543 0.0262271 5.09657
-67.1339 11.8684 3.24408 5.62498 26.4442 22.2576 0.381818 36.4042 0.0378968 9.18318
-60.4563 10.7718 1.87828 10.0367 15.8368 51.8918 12.4148 58.1269 0.075739 14.9236
-65.9773 12.2256 9.08242 10.4868 12.4398 12.8499 11.974 44.1602 0.139442 9.31653
-65.9072 2.09667 7.85626 3.15397 18.1548 22.5386 26.9025 11.6584 0.302438 10.8251
-34.5924 5.23241 10.2617 9.0105 15.378 0.193441 41.7499 21.7772 0.277158 12.4198
-70.6819 4.16124 15.9213 29.7247 12.2689 3.84636 14.7853 26.857 0.183924 12.1086
-37.4845 2.35135 9.48559 17.5686 11.3061 0.230658 17.1949 31.0354 0.0350085 7.48766
-30.6058 3.41023 6.76499 10.6596 7.00668 15.5227 3.83017 8.48565 0.0382626 3.52884
-25.0598 3.69897 10.784 5.44617 8.12666 20.4374 11.1322 12.1198 0.0463044 4.90215
-24.1494 6.56285 7.48252 1.82235 11.5704 18.5865 9.39626 21.0294 0.0568347 5.66698
-32.049 2.84876 1.82669 21.9231 3.81113 7.02179 12.5982 2.9424 0.0621086 4.85751
-46.7189 12.2687 0.380323 14.8531 10.1157 12.8972 29.7673 1.75147 0.0237254 6.82959
-12.701 5.97914 3.57418 14.4759 6.85631 32.9586 20.3213 1.19385 0.0217596 7.83915
-47.0239 2.87889 27.2697 4.9274 9.81753 11.2086 14.4001 27.9118 0.0133077 7.51691
-59.5173 4.52335 12.4014 5.03938 21.6946 4.71731 18.0591 28.9124 0.00465513 5.35917
-62.5472 5.74924 3.66668 8.03843 8.01302 10.8325 1.07004 41.7405 0.0460041 6.49552
-44.168 7.79063 10.48 7.97978 4.25838 5.74997 27.8588 65.7907 0.00103752 7.59773
-20.8963 2.54054 9.12226 6.77457 2.43997 10.6345 2.61915 37.6536 0.0020766 3.91996
-36.9495 6.10576 3.95694 1.70606 2.97886 6.95921 4.62407 11.2202 0.0152 2.43466
-49.2187 5.64232 4.17578 18.4193 14.896 17.4139 0.530134 11.2894 0.00690548 4.93537
-39.5959 12.3971 4.37324 13.7719 19.0583 23.3482 0.530134 5.08845 0.0175888 7.34567
-57.4179 16.1235 0.594638 11.9241 32.6669 9.68251 2.02844 6.06293 0.0175888 7.54151
-50.3976 11.5739 1.36592 8.88947 47.736 7.69216 28.2911 10.35 0.0569474 11.8653
-72.0686 4.52647 3.07281 3.39672 7.72095 22.1533 31.6985 3.28826 0.000554126 5.21056
-58.3247 6.02718 7.08346 3.80828 22.5027 1.91348 8.36728 5.61395 0.0373965 4.10878
-35.0859 7.3825 11.1042 3.59136 10.9783 0.766852 11.1914 9.69362 0.134351 5.65889
-46.4541 1.06153 3.68422 7.16666 12.7171 18.0232 41.0043 7.16098 0.0918928 8.49147
-9.99181 2.89346 1.90274 9.40042 6.85144 17.5044 13.442 14.7174 0.149767 6.58183
-73.747 5.26914 5.46575 15.2597 21.4402 10.1196 9.71772 9.95453 0.0879815 6.73903
-45.7412 7.04557 6.93135 7.82767 0.198768 2.96964 8.32417 29.2644 0.000259566 3.31189
-50.9902 5.60829 6.2335 16.9485 3.05245 5.12963 12.0413 7.66044 0.0374194 3.63156
-19.4964 10.2951 1.57024 5.89768 14.9556 11.9312 10.381 16.0742 0.0308797 5.25823
-63.1432 15.932 6.16814 8.96322 10.1598 12.4124 4.1895 27.3133 0.0326544 5.61743
-54.8798 9.26625 6.75329 3.21239 6.9197 13.079 10.9611 11.4075 0.0782698 4.2463
-66.6017 7.65539 6.76106 5.70306 3.26069 20.2148 19.8141 8.9968 0.0783663 5.57413
-36.5639 8.22951 9.22616 5.94548 1.02356 6.54483 32.7035 13.9666 0.0220831 5.27254
-15.2018 3.91141 7.93007 15.5691 15.3028 17.8612 32.3445 3.17074 0.0659022 9.40096
-43.8706 0.769428 9.1258 14.7792 13.9498 15.9896 5.48867 3.74333 0.0245297 4.91573
-71.164 8.87291 6.3125 8.12059 5.46452 14.6604 20.6309 3.73268 0.0302071 4.31977
-52.824 6.61754 11.1228 5.79758 2.12905 13.4957 23.5603 9.88663 0.0530349 4.97626
-51.8339 6.30939 13.0612 12.0967 13.3417 12.7711 23.8819 9.34045 0.104353 7.52168
-33.3779 7.0355 8.29334 10.3118 2.33326 7.00627 2.07422 32.7281 0.157168 6.90685
-41.0036 4.52249 1.07387 11.6391 0.707404 1.63395 11.731 3.62583 0.0757559 4.97267
-42.4441 1.40059 12.3153 16.1463 16.304 11.9716 9.57373 0.333145 0.0188927 6.13904
-15.1491 0.547935 9.86787 12.1091 17.0406 4.18038 33.825 10.9084 0.0950506 8.81273
-17.5863 1.74668 14.308 7.05116 8.54069 20.3721 26.7547 9.96297 0.0083305 6.05174
-66.0122 8.99999 2.51949 16.5611 23.3669 3.59685 10.5056 7.37402 0.187975 7.68678
-47.2824 4.27942 5.5936 3.44005 18.8471 2.93621 4.48171 17.2185 0.182156 6.03995
-30.8376 2.27181 2.87525 18.5024 5.83261 4.79955 26.8586 63.1264 0.0913225 10.6101
-61.6313 3.37649 7.12388 6.68374 4.51281 9.39444 9.88825 13.419 0.0995783 4.84708
-28.4445 6.31467 16.96 12.7068 7.17157 4.88199 26.4937 12.1759 0.184373 9.64664
-48.5925 8.22349 2.31325 11.6851 3.14823 21.5346 21.8277 14.9741 0.141987 7.23413
-71.0411 14.414 0.0882534 17.0328 1.80613 3.95574 12.5688 6.31369 0.139918 7.37125
-67.8898 11.3525 12.8595 21.8993 3.90873 14.479 14.1886 12.0577 0.0604022 7.67455
-51.6699 10.7735 1.42397 7.79619 3.93527 6.45454 2.44795 25.8074 0.0342917 4.30989
-48.0929 7.97349 7.89344 0.400239 4.59534 15.0545 22.6822 13.2683 0.014561 4.62385
-64.1903 10.0213 14.7664 25.6615 4.65193 9.88172 21.4485 25.2184 0.0728624 10.2843
-56.4174 0.969211 15.4277 12.8261 4.01112 12.4304 21.2632 27.8856 0.172208 9.10785
-29.497 2.13028 7.44674 3.1873 5.22534 20.6839 16.9218 12.2384 0.103942 5.7003
-27.6577 8.30485 11.8036 6.84912 20.3299 0.777586 33.1123 8.98381 0.0823797 9.10243
-23.201 1.69005 4.37803 2.98953 9.99995 16.3532 18.161 0.151434 0.0948765 6.56787
-67.8402 13.9129 10.4012 15.9565 2.29955 7.10563 8.82588 8.79171 0.112701 6.0909
-45.7927 11.5987 1.76719 7.53576 6.55584 4.17702 12.0662 2.06035 0.174871 5.35535
-4.25559 0.656695 0.67554 19.0665 1.57126 8.33811 17.3116 15.6126 0.0382135 6.44573
-13.171 10.5704 6.6474 7.84785 3.03546 10.418 28.6496 19.852 0.0531867 7.70713
-72.2859 12.824 10.7818 5.22192 5.02859 8.516 19.3584 0.413821 0.0232109 4.7165
-32.0032 6.39896 2.3706 10.265 23.7331 18.0584 7.59614 3.98836 0.0547944 6.06015
-39.8485 5.28866 7.5726 13.6819 22.7025 7.69186 9.16065 2.29455 0.26069 8.36665
-25.8525 10.2311 3.95356 21.1696 7.8613 12.4435 12.7074 1.66315 0.219501 9.08522
-40.3303 9.89698 12.5892 21.3563 2.93922 1.75611 14.7611 0.509209 0.0600887 7.83067
-44.8713 1.67707 19.6745 10.0069 2.80138 11.9844 2.63035 2.41804 0.0341419 4.79563
-60.6119 15.8593 13.1635 2.07347 7.27966 10.4351 27.2999 0.6054 0.00662624 6.01705
-70.4378 10.2654 10.1234 4.88246 16.8511 13.5806 18.3172 3.49286 0.0100598 4.3992
-71.8059 19.2659 4.18955 1.05199 20.8953 9.38384 19.9339 8.35434 0.048756 6.76669
-47.9094 13.6168 1.35409 5.05424 26.0252 8.30233 9.61721 9.54866 0.0627573 6.06157
-54.4003 4.95427 5.04237 5.13086 17.4397 10.8539 8.52079 40.4079 0.0660149 6.7856
-67.6051 4.47481 21.2678 12.3228 17.8399 11.4783 4.03052 7.68465 0.0249208 6.5967
-37.8107 5.363 19.9687 12.2364 8.3214 5.74026 19.747 22.9213 0.00023397 5.46687
-68.1801 6.70005 11.6812 12.878 4.4912 7.93865 23.4633 3.50193 0.0456125 5.09819
-73.7675 8.95132 10.2135 1.02072 23.7155 3.69755 2.81034 4.08332 0.0525418 5.26407
-35.6327 2.48607 5.69592 15.1568 0.802084 5.6155 7.3172 6.95552 0.0488024 3.87061
-29.5513 4.92385 14.7109 5.67662 6.42419 1.20859 40.4759 9.19572 0.00422447 5.4675
-55.372 4.23006 18.4841 13.622 6.42419 3.22301 40.4759 6.87865 0.00422447 6.34451
-50.1729 10.6017 9.3083 11.1263 24.3414 6.32018 31.9797 11.5047 0.0740421 9.10522
-48.6855 3.88453 17.8835 13.2141 14.1808 8.4145 29.8361 15.7532 0.0745612 8.83586
-17.8786 5.44151 8.18272 16.0607 3.18035 12.4582 24.5198 19.7246 0.0883295 7.85455
-30.6012 5.78418 14.2971 12.6084 6.9854 5.78189 15.2584 7.1595 0.0201145 4.58928
-33.966 10.871 10.0941 7.05952 0.124245 8.50967 1.76125 12.1071 0.0322841 5.47634
12.5607 2.77285 6.97989 4.29461 17.1785 14.9613 19.7903 13.1555 0.00504088 6.27696
-46.9077 2.63554 7.336 0.539478 20.5936 9.39306 15.8258 6.93886 0.00422412 3.85797
-51.2666 4.36992 7.43487 2.81424 1.50162 10.3516 39.6593 22.1678 6.25261e-06 4.26067
-67.0935 5.87431 8.26697 9.96051 4.1918 2.68524 20.706 13.357 0.00297602 3.07245
-39.4032 9.5107 4.22587 6.25523 7.50345 1.26684 18.3295 10.6739 0.00264237 2.46715
-26.3712 9.46502 7.53236 6.55493 5.35804 22.3209 4.50806 6.34007 0.00414644 3.45567
-46.1868 7.8464 21.2199 5.55911 3.42098 29.2945 5.71314 21.5934 0.0227127 7.72714
-72.8359 7.26693 15.6772 5.92572 3.73762 15.7322 13.1646 6.39115 0.0557507 4.99069
-31.3909 1.77431 13.5393 4.1679 4.08457 8.74417 7.52154 22.361 0.25236 7.06988
-43.8441 6.26965 9.45695 4.71413 6.58112 7.54574 6.10322 6.01709 0.0569846 3.08412
-54.2039 14.6075 5.83979 11.1293 13.8479 12.4613 6.87427 11.4593 0.0304092 5.06585
-47.533 4.93786 10.9732 12.8609 14.9238 15.5735 1.96365 22.2652 0.00825124 4.99475
-61.0185 4.19462 13.3335 7.74683 10.4357 24.9746 15.2963 1.28484 0.0127714 5.33788
-66.416 9.25524 1.50853 8.68706 29.0833 4.49354 5.56619 6.34882 0.00324519 3.88637
-39.6308 2.51325 13.2878 9.95303 18.3841 11.0034 12.8209 14.8331 0.00100609 3.96009
-68.2138 5.22657 7.73356 0.485507 16.0919 24.6412 8.30721 10.9203 0.000935654 4.42954
-25.3247 0.351056 10.2363 9.52903 8.50142 8.42836 0.215464 7.1412 0.00325636 3.69431
-56.4628 1.03631 1.40721 3.3502 18.7095 2.03669 3.00702 3.89076 0.00284752 4.11871
-47.5316 3.48984 4.78206 0.594745 12.5198 3.69072 10.0662 16.6049 0.0130479 3.73668
-71.1275 5.73444 13.0854 17.5216 0.184547 23.6842 20.3416 2.615 0.00262251 6.60997
-60.426 12.3884 4.02148 13.924 2.67804 3.10046 27.1552 25.7347 0.0360423 6.16658
-59.7584 15.0797 4.29514 13.1691 15.5959 2.63457 7.69163 32.8026 0.0540146 6.96277
-41.8831 6.82531 1.18844 7.48898 10.7968 3.1794 21.0601 16.3422 0.0101617 3.68869
-55.2386 3.29614 19.8972 4.39838 11.6523 2.96898 25.355 36.8218 0.0273234 7.59881
9.06777 6.75049 2.04303 9.31618 11.4353 1.03475 27.6298 30.171 0.0256205 8.68332
-23.1079 6.02266 5.56803 8.6602 7.25521 0.564122 9.13704 28.5367 0.0896333 6.05247
-64.5573 8.71327 2.83362 8.08038 10.4202 1.41548 18.9111 39.0189 0.0240163 6.19689
-11.0778 0.746836 1.01462 9.27307 17.4909 14.8409 19.8106 18.3148 0.129734 8.38786
-64.778 9.63397 15.8462 18.92 15.0186 2.19257 22.5546 16.1901 0.0548587 8.97511
-71.8831 3.98029 16.009 4.1715 6.52275 20.0712 4.89624 8.88369 0.0746971 5.50944
-68.5212 11.3882 2.33411 1.38249 7.36445 30.3034 14.2318 72.8205 0.0535445 11.6388
-66.7843 12.7968 3.67431 8.49978 4.68936 14.8099 4.88237 12.8912 0.0501111 4.10185
-42.4314 3.41777 7.57124 16.2559 3.29374 0.49261 9.47182 9.0262 0.0530477 4.50873
-15.9261 5.80118 1.97109 15.9348 11.519 22.7991 8.99839 15.95 0.0568138 6.99895
-40.4193 11.0617 3.66015 15.6255 13.1667 22.6225 7.27372 13.492 0.0254267 6.24538
-45.3826 7.93316 5.00964 17.1477 3.68518 7.30474 5.65593 15.1702 0.0341692 3.81823
-56.8125 2.38727 5.9235 16.654 0.360682 0.832446 15.9508 17.1693 0.052923 6.44278
-6.25948 1.25325 1.21032 9.1145 2.4443 7.8411 8.92022 31.5114 0.0413971 5.67239
-37.8421 6.2936 9.21835 2.66622 4.4484 25.419 10.0627 56.0536 0.0324623 8.1348
-56.7878 5.19668 13.5778 1.05459 17.856 14.3374 5.64218 2.01206 0.120164 6.22687
-48.9467 2.83228 7.54912 7.19887 15.092 5.60857 32.7753 6.58646 0.0376279 5.43353
-52.6676 2.08695 14.495 10.4108 10.3293 18.9887 22.3139 36.7551 0.0023957 6.89299
6.06668 9.55061 2.05463 0.463604 3.68621 3.37578 22.1374 5.41118 0.169688 8.4835
-13.5401 2.94739 0.786888 10.4276 0.988739 7.08878 30.9941 16.9573 0.131538 7.74341
-45.9198 1.55834 0.403598 8.21782 6.50536 17.5309 4.64792 11.4811 0.124668 6.46818
-43.3866 2.32115 0.586891 5.94377 1.71331 4.13406 26.2519 4.45877 0.0110797 4.64572
-10.2749 2.17372 12.5576 2.22174 4.73761 4.50754 6.26656 5.52979 0.0720807 4.33376
-64.839 5.68927 8.98366 13.9419 6.63394 8.17476 19.2137 0.91503 0.0901686 5.76286
-62.7739 4.04948 4.29623 8.25734 7.1358 1.50406 17.7263 20.098 0.136769 6.54767
-62.7739 7.25634 15.4068 13.4605 8.81551 8.3754 10.0702 9.36635 0.279871 7.91985
-50.9772 18.8474 14.7319 9.27874 9.75779 14.002 6.10348 24.4299 0.432579 13.145
-51.0095 6.15483 19.1968 7.37536 11.7848 18.9784 12.6304 18.469 0.462379 12.5249
-60.7278 0.853542 15.0945 5.63414 0.715742 33.2882 23.2356 13.1186 0.317265 11.81
-27.1543 4.62499 22.7041 7.04961 3.08882 18.9891 15.4499 10.4359 0.0163082 6.93756
-56.2622 4.78934 20.2009 1.40525 13.2262 16.7011 6.82217 32.4849 0.0442858 7.43903
-69.679 7.87275 3.90601 4.36562 19.0172 10.8719 30.9978 15.4112 0.0196389 6.10055
-44.4561 3.56419 0.740397 23.3962 38.0944 10.6401 13.5404 17.8255 0.0745119 11.6344
-12.9535 2.45858 8.14979 3.08202 13.8437 10.515 6.2162 1.45327 0.0281995 3.77944
-23.7508 10.7794 5.52235 13.8263 3.34205 3.12308 17.6453 8.62295 0.0166825 4.64627
-55.5744 4.35025 12.42 14.6292 8.67661 16.1776 6.58058 3.5136 0.00176174 3.13666
-46.8268 11.767 2.1186 1.04825 8.78386 3.66745 3.39889 14.2247 0.0098864 2.98447
-60.5005 14.391 7.37555 1.69412 6.43064 13.9834 1.73845 17.0603 0.00706657 3.57171
-63.1768 13.5546 11.0099 17.4627 16.3139 2.80005 7.64606 3.76796 0.0030876 5.06677
-35.5887 9.06825 5.49106 5.2862 16.1659 29.9891 4.45798 8.85654 0.0136291 5.28961
-62.4497 12.3405 13.8378 6.59128 2.96874 9.94256 7.05496 15.9051 0.233923 7.02383
-43.5678 5.20113 17.3371 10.8907 7.15801 5.14432 4.60366 5.43648 0.0957064 5.2879
-68.6108 14.0757 13.4746 2.3739 18.6532 1.1815 9.95166 8.54648 0.101967 6.61287
-57.1437 13.9727 5.18381 11.8696 18.4534 1.13357 4.69835 16.0981 0.0880789 6.40546
-41.8953 0.380872 6.67144 6.58044 11.2939 7.7605 44.4578 1.82054 0.0286824 7.08749
-58.6069 12.0658 5.91009 9.28749 19.3321 4.62392 30.7152 9.12245 0.0141534 5.68798
-26.9953 1.04936 3.88393 1.01142 19.084 8.86368 20.6291 11.7437 0.0264807 5.21765
-58.9464 15.2319 1.22262 7.68411 19.9677 18.7857 9.75579 17.1071 0.0180853 6.07539
-29.3969 3.9568 1.80855 7.404 20.7936 9.29714 10.7385 2.0355 0.0901792 5.29879
-5.266 5.45719 2.82452 12.7445 15.9681 45.1848 6.6706 13.4647 0.0376763 10.494
-26.2983 6.61541 3.7796 6.57323 19.2046 3.54069 3.7857 2.06717 0.0854247 4.68345
-49.668 6.45078 3.53012 12.1376 17.9212 4.67555 6.54801 26.7319 0.00272522 3.62925
-69.3264 7.73055 0.402901 24.4787 4.7081 6.21601 2.25164 14.3252 0.00434076 4.5242
-0.0242436 8.39952 6.80194 5.64615 4.1756 1.0405 36.2199 6.40512 0.00922046 6.61178
-6.58489 9.25737 12.3044 3.55907 1.09568 9.62238 27.3752 22.3518 0.00204195 7.04966
-51.8424 8.5015 1.1238 10.5852 3.75327 11.0878 22.3704 1.92954 0.0585701 5.01657
-39.9196 9.29019 7.73428 26.7743 4.89702 5.32329 11.1717 8.07285 0.0248146 5.97637
-71.1574 1.61408 10.2686 5.19955 11.6518 2.0838 16.5372 8.5455 0.000757869 3.43956
-36.8598 8.66516 5.14448 4.95361 20.1016 0.652213 8.32189 15.4405 0.00208561 3.27236
-38.4746 10.1529 7.51 2.68917 9.21366 2.86652 0.92946 13.3964 0.0021562 2.43616
-51.3398 9.44468 1.88167 21.0802 9.02041 17.0769 15.0302 28.0837 0.00146293 5.60293
-39.1301 11.0417 8.9698 11.5001 3.64463 17.4969 33.8136 5.34087 0.00450579 5.99104
-55.0931 7.24468 4.20588 7.64268 15.0343 8.45189 6.58948 22.6833 0.00715302 3.25308
-47.7285 3.78647 9.93204 13.3311 20.5977 17.64 10.3692 10.7033 0.0563363 6.69349
-56.1016 1.51191 5.81514 2.36726 41.7331 15.7279 9.94634 19.0479 0.205426 11.2126
-15.2524 7.09806 4.97095 9.41981 6.96058 5.6985 0.563557 7.09513 0.0388492 4.16633
-59.4714 4.96746 7.72756 4.13748 3.5307 6.04945 12.2852 18.0029 0.0181865 3.35547
-14.1121 6.53372 4.5333 10.6812 2.04772 6.96362 15.5539 3.58745 0.107907 5.28994
-53.6254 6.39351 15.1822 4.28324 1.69484 8.03763 22.6988 14.6434 0.0177617 4.42035
-54.1435 6.08098 5.20925 8.84965 11.6232 12.3279 6.33335 7.4116 0.0269399 3.10423
-53.6192 10.8815 4.42491 5.62885 11.8472 1.84931 0.942737 23.5837 0.0341579 4.56895
-53.7398 6.20713 3.97148 24.7979 22.6886 20.946 3.72171 14.2046 0.062835 9.14179
-54.1079 9.01242 1.15759 12.0097 36.6894 30.6173 23.6661 19.0308 0.00965467 11.6648
-39.8189 4.32845 1.50494 4.82419 13.3898 12.545 7.37614 21.7545 0.287738 7.61345
-27.2384 10.6808 0.898246 1.38094 17.4998 11.5009 0.402514 18.6408 0.51287 11.6941
-66.6529 3.30287 5.16775 6.78249 27.448 18.6905 35.5201 3.51982 0.328937 12.5951
-28.7512 3.25174 5.39983 8.77832 11.1033 2.71165 3.73747 4.55494 0.0161635 2.31441
-9.15324 4.72481 9.34889 7.73744 3.92587 17.1399 14.1196 19.8079 5.62126e-05 3.44461
-58.6289 5.06336 16.6985 3.53078 10.7914 1.4088 13.3965 7.69743 5.62126e-05 2.03955
-70.2242 7.05032 9.151 5.05749 12.8914 10.3725 13.1361 4.1405 5.62126e-05 1.71506
-70.2242 5.20048 7.02255 7.74116 7.73952 4.62403 7.30105 3.0441 5.62126e-05 1.18183
-29.6398 11.0568 5.62147 0.352365 5.27531 20.3816 15.2948 20.9141 0.0300389 6.2909
-65.9246 10.2772 4.69438 3.82348 3.47686 4.29391 26.2908 4.40607 6.94224e-06 1.7372
27.6231 2.31326 3.58247 7.91168 10.3012 12.7271 13.1677 4.40607 6.94224e-06 4.27459
-60.336 2.19958 6.08479 10.1432 3.92839 6.85146 5.9765 3.17338 0.0378878 3.65507
-45.0058 8.45737 4.09138 9.64701 2.02213 13.4789 6.92461 5.39601 0.0577723 3.63216
-71.0827 16.9143 10.0462 8.98157 7.07497 5.32138 29.2045 11.0751 0.0368129 6.34662
-71.0827 1.59544 7.3518 4.15665 9.37543 9.22905 8.76158 14.2294 0.334905 8.29912
-35.1428 1.21305 0.885224 5.38498 5.17765 14.0948 6.6717 19.0766 0.340558 8.25594
-7.16135 4.42911 2.69458 5.73658 3.51125 1.69821 7.59544 20.5268 0.0406114 4.32224
-52.9827 8.61959 7.24198 7.27312 14.5503 17.7004 2.18243 44.5109 0.149864 8.92099
-27.2033 6.41357 7.43574 19.6064 11.0429 5.4145 28.0405 18.6376 0.114219 8.91948
-47.0958 2.46374 3.20483 19.4312 14.7677 11.2305 12.606 5.71126 0.136781 6.69852
-45.3033 12.5909 4.38913 15.8171 11.0681 22.3773 18.5791 5.89623 0.031208 6.96909
-59.0562 11.4296 6.15472 14.0928 10.8947 2.20725 8.05157 15.3192 0.0206748 3.98678
-38.2138 8.79046 3.46253 8.27097 8.42272 17.2353 2.46514 17.3116 0.0172757 3.69845
-8.66215 6.50994 0.752181 1.23855 15.9974 6.07524 13.3588 16.3841 0.0121589 4.7389
-20.6236 6.08989 3.20447 9.85896 14.3121 25.3344 15.4833 17.6338 0.0124402 5.99753
-73.8908 4.0626 4.77281 12.0445 15.3839 22.0208 5.19182 22.7251 0.00487197 5.6018
-61.8363 4.68635 6.54395 7.4228 3.94486 6.91284 14.0203 22.8559 0.00855408 3.51292
-73.2055 12.7268 2.16202 6.94726 22.5686 1.64176 9.04121 7.08162 0.0482467 5.05113
-60.9839 7.33315 1.20485 22.1497 1.47746 5.41294 6.62348 3.05468 0.0751175 5.2191
1.04965 4.89108 1.00325 11.9298 0.464148 5.7856 1.57695 5.37911 0.0410792 5.26277
-44.6904 3.10591 1.12659 18.9912 12.0978 6.43112 3.53119 26.4872 0.00835177 4.66558
-28.0406 3.13108 6.52509 10.3654 5.77607 17.8144 0.978463 41.4923 0.00314754 5.12193
-5.61135 4.39932 5.26897 10.0223 8.66743 26.1488 24.1151 10.55 0.0108474 6.47937
-33.931 2.73324 10.9183 15.1698 2.8919 1.784 12.7743 31.1617 0.00638567 4.66349
-37.4829 5.2362 3.61614 11.0078 8.32298 6.38832 28.6004 21.8454 0.119831 6.77246
-28.3608 3.94869 0.869475 11.4068 23.5896 9.88936 14.3011 13.1518 0.039693 5.93289
-42.4866 7.42329 0.201338 13.3034 31.8708 5.46051 15.2225 8.91103 0.0165561 6.98912
0.924678 2.89352 3.37845 5.17373 21.646 13.346 13.347 13.3501 0.0202994 5.63952
-57.1805 1.18344 14.6286 7.61741 3.107 10.267 6.27868 35.9723 0.0497119 6.35399
-53.7458 8.5559 9.04324 16.4052 1.66841 9.769 4.60773 6.47634 0.207723 6.32218
-36.2059 3.82304 7.85048 8.01211 3.80575 2.68508 0.358193 6.47634 0.185295 5.63268
-17.402 1.58795 13.7986 7.17258 5.31676 7.44135 10.735 6.47634 0.170728 6.03286
-28.3097 0.865051 10.6256 12.4994 15.6262 12.4512 1.77653 32.9389 0.00139082 5.31884
-15.7771 3.07957 0.155788 33.7304 4.51514 9.39769 31.6424 3.8297 0.0245844 9.53379
-32.7343 3.71609 6.35829 28.765 11.2838 24.7368 12.634 13.3065 0.00168389 7.38744
-13.2028 3.03257 11.12 18.7661 4.10318 7.74191 20.6369 16.502 0.00168389 5.1326
-19.1184 4.21098 11.8132 20.4158 7.82986 6.21644 14.9737 42.0213 0.0374945 9.02089
-63.6792 4.66665 13.2553 15.0864 2.82973 26.0378 3.29979 26.6041 0.0374945 7.05892
-16.7296 3.2231 19.5322 3.81097 2.99851 8.42309 15.9715 4.83393 0.015074 4.79931
-69.5647 10.1195 0.799378 1.14764 4.84023 26.7421 18.7679 39.536 0.015656 8.14036
-45.6107 3.86598 7.4024 1.66552 17.4026 10.4465 10.0338 25.4156 0.0483338 5.32402
-63.8036 10.2279 8.2429 13.8634 26.8945 2.20855 25.3382 26.1769 0.132784 10.5887
-63.6387 8.93729 11.262 12.5056 22.6679 10.8767 10.1222 24.4153 0.128284 8.8552
-49.4512 7.36341 6.51852 13.514 16.8168 15.3556 11.4699 17.2432 0.368235 10.1407
-72.3794 21.4697 2.27807 2.55769 20.1644 7.76156 22.1159 42.2106 0.0237902 9.05709
-71.1537 4.50128 5.35804 11.1095 33.2442 20.9725 8.54387 51.028 0.0233041 11.1764
-55.6285 3.67662 1.88657 3.1951 24.8582 27.2209 3.20627 41.5027 0.0357298 9.11727
-3.29588 4.90515 5.60366 2.56347 25.2435 7.03613 11.509 11.0476 0.0159844 5.33299
-16.0766 5.96631 1.34014 15.1184 18.9243 13.5136 7.01848 30.9424 0.00857074 6.54347
-33.4097 2.04506 12.6799 4.08194 23.4542 10.4834 19.0992 16.2538 0.143494 8.20236
-25.1522 3.3587 6.96063 3.76509 13.3416 19.4012 16.225 7.49028 0.0780492 5.48396
-27.8837 2.35581 13.2215 9.22256 3.79448 3.75796 15.609 18.6296 0.0176676 4.04096
-19.312 1.95321 4.96706 3.95969 36.7215 12.3154 16.356 7.93756 0.0619429 7.91729
-46.5124 2.30774 1.13799 3.23968 26.0229 11.4673 11.5039 7.23764 0.00255096 4.09364
-31.0155 3.66014 6.34116 3.42625 2.76637 16.6062 1.92074 3.57187 0.0692029 3.95348
-40.8614 4.54615 15.3389 2.70337 3.38904 40.2626 1.29348 6.00811 0.219924 9.30725
-58.8195 8.95761 1.86957 1.80301 23.7003 11.0128 24.3279 7.24414 0.213675 8.46504
-45.3323 8.9768 8.27687 1.37647 9.35838 5.55589 3.88737 8.99689 0.197817 5.37919
-54.9734 5.24535 8.01719 13.7181 8.46482 11.0584 1.22282 11.8214 0.0446744 4.26473
-70.14 4.82677 9.22124 0.643734 1.04029 10.7633 18.8505 11.7877 0.0162503 5.14205
-70.2166 11.1123 6.71653 2.97515 0.73251 9.08011 64.271 5.83122 0.00310783 7.54153
-67.5626 11.1111 5.80211 9.17976 10.6887 3.10691 15.0018 21.0557 1.04709e-05 2.15786
-68.756 5.18099 24.1216 13.4288 7.2193 4.37594 29.3424 15.3086 0.000486318 6.44423
-73.8107 4.33504 7.50907 21.4168 5.19182 33.6458 16.8316 15.2573 0.0222527 8.29019
-73.2214 3.62748 7.30289 16.6917 4.99711 7.21009 11.8145 2.89549 0.000510796 2.72432
-50.0038 2.75425 13.0957 14.6473 0.272031 28.4947 6.57536 16.4751 0.00905808 6.25148
-70.3014 7.2713 3.98921 24.4215 8.03587 1.79145 25.6642 3.38712 0.00130148 4.64539
-56.0007 3.3679 16.2887 4.41885 19.6224 5.95764 26.9265 15.2565 0.0137099 5.9416
-51.5346 10.3313 6.68086 16.4121 20.4374 5.2715 6.16174 1.95432 0.231688 8.1985
-73.3353 6.68616 8.10662 15.3621 7.92944 5.31677 0.495364 0.691087 0.0848319 5.94658
-68.3566 9.36126 1.18039 17.8573 2.83604 4.92181 10.6824 1.92472 0.203296 6.68471
-73.4119 12.2506 1.68965 18.8433 2.83604 7.90851 11.78 7.34681 0.141442 6.1783
-72.9348 16.4945 6.10785 6.49504 2.14927 10.7049 2.87711 12.2205 0.0521948 4.39281
-24.929 8.61436 1.15098 3.44388 5.59128 13.1006 7.65421 7.51315 0.0117515 2.84255
-6.94285 2.9473 2.0975 9.57299 6.42466 19.5199 7.43893 16.2698 0.0297752 4.66797
-6.88217 3.91201 4.58702 1.2498 2.28331 16.6775 32.6941 2.91826 0.0382889 6.21117
-61.4773 4.27502 6.47176 5.48339 5.63976 24.6211 48.8701 22.6493 0.00411466 7.95916
-45.3656 4.13196 9.9542 9.53834 10.3131 17.2442 3.74948 9.22388 0.356165 7.94348
-70.762 9.81548 10.0969 2.29763 2.19668 6.74157 3.82733 3.9377 0.0678194 4.0225
-21.4256 4.89308 0.500182 8.21767 5.55605 5.38238 3.37182 16.1273 0.0402707 3.98662
-70.4211 15.6551 5.36995 17.6698 5.45479 4.34487 24.0421 7.02597 0.139354 7.27572
-65.6649 7.52926 3.02784 22.4732 8.46948 13.8398 21.2881 9.9242 0.181513 8.32278
-72.364 14.0529 9.22769 14.9177 5.00978 9.18098 22.5831 16.8005 0.18544 8.30942
-71.4219 18.0645 7.72641 6.19068 2.95649 5.33166 10.1495 11.2697 0.234175 6.61231
-22.5045 7.48666 9.77684 6.72406 3.48541 15.5504 9.40055 20.4181 0.0129475 4.37092
-46.0391 5.76119 9.04525 6.32545 7.47495 44.6385 6.77888 14.7643 0.0401794 7.27727
-55.8954 5.95317 2.11701 0.836127 6.31707 57.2311 2.74717 6.69818 0.0142545 7.97058
-50.9383 0.728559 5.07683 3.34268 3.18641 57.2311 20.4392 6.88173 0.0114618 9.2386
-41.7797 7.98202 1.33686 17.8509 6.32301 23.5721 31.2673 18.1656 0.0574711 8.55886
-41.9027 11.0853 3.73289 10.1839 16.6215 22.4601 5.73083 9.06089 0.0140365 5.05438
-41.5528 9.70972 1.34775 3.61233 16.3571 20.7292 23.0906 2.3035 0.06213 6.59934
-42.0619 2.44422 7.89572 16.3211 12.0185 5.60411 34.2294 24.0729 0.00640964 6.24116
-37.8612 12.5617 4.45539 8.49451 11.8779 10.0587 13.9391 24.3809 0.00640964 4.654
-55.0056 6.51581 9.12452 7.14138 6.97888 14.105 6.38651 1.59218 0.00296471 2.0402
-35.379 2.16538 18.4959 1.55287 17.4059 16.4107 1.75715 0.796733 0.0731555 7.05782
-52.2445 4.76973 16.4763 6.27091 2.8336 18.6998 2.64939 8.34819 0.0194842 3.93901
-4.02159 4.35357 7.86555 4.46197 3.19195 14.5657 34.1043 3.98436 0.0185369 5.843
-15.7801 4.12189 3.3936 3.87667 32.8944 3.71326 7.73431 24.0915 0.0407657 6.70697
-37.1503 8.28245 3.37117 7.44629 9.66975 6.88946 9.88476 14.2159 0.0169084 2.81191
-34.8305 2.86059 2.47264 6.57944 22.6902 17.788 3.4822 32.0879 0.0167839 6.0579
-56.9392 4.20113 12.273 0.737849 16.2286 8.80468 9.38134 39.4736 0.0167769 6.19892
-30.5687 10.4199 3.77794 10.1531 20.7062 12.4595 16.3026 19.7603 0.0171431 6.39782
16.875 3.94557 1.03591 10.4349 14.1774 15.0372 26.7703 11.0685 0.183519 11.0374
-36.095 2.3846 7.17124 15.1455 5.53801 8.06002 26.3312 1.59953 0.186373 7.17399
-31.4085 5.99124 1.22226 6.29069 17.1233 4.69976 13.2222 16.4528 0.201834 6.69734
-52.4478 6.09301 2.9258 9.71805 26.851 2.57132 3.66235 9.29513 0.226086 7.25163
-24.0656 5.09119 4.17084 1.39006 18.8945 2.96558 11.2652 29.3728 0.328209 9.17194
-60.3108 5.59251 10.651 1.22309 1.59858 28.494 3.90109 12.7926 0.38829 9.45884
-56.1707 2.91597 10.651 12.7426 3.55229 1.00293 14.4418 22.5677 0.201039 7.37806
-46.6599 8.70828 8.55266 14.742 13.5579 9.63686 19.9876 18.4652 0.00601413 5.16513
-70.7867 7.70833 13.259 25.4086 7.68483 0.853401 10.4228 10.813 0.0675039 7.43299
-53.4461 6.68288 3.98681 11.4938 5.66195 2.9539 13.8371 35.5689 0.047847 5.55355
-35.3941 9.07255 3.28487 3.59196 2.52645 23.5073 2.94368 2.99246 0.00244515 2.58985
-64.623 0.385113 14.1133 14.34 12.54 6.54083 5.66958 12.1611 0.0935221 6.78028
-69.8985 4.25955 23.1721 4.4865 4.6107 6.51427 10.0969 23.3167 0.0408262 5.87771
-60.6513 7.25874 4.85144 8.14539 18.1431 6.51427 7.91227 1.9372 0.0087414 2.90254
-52.543 7.79304 6.64752 11.587 21.247 7.4144 4.58458 7.42952 0.299687 7.79214
-30.6388 3.40703 9.24054 7.04401 18.4536 13.8795 2.04301 3.48516 0.406565 9.01391
-68.2013 8.38403 13.3621 4.54543 11.4822 5.14804 3.6294 18.1181 0.111066 5.43446
-67.7023 2.75528 3.55432 11.5855 20.7444 3.95985 12.8557 15.9905 0.0598054 6.29702
-13.3088 3.35686 2.04826 3.62208 9.06695 3.01123 21.5186 26.1906 0.0217799 4.91923
-20.9469 8.99139 5.03956 9.29499 7.73636 3.44175 30.3096 14.8463 0.191811 8.12073
-62.2258 8.88183 2.31321 0.545803 14.5889 7.3641 12.1127 13.0548 0.101686 5.88182
-26.8363 19.2357 0.333433 2.48085 7.99606 14.691 4.43726 13.1732 0.123743 8.29275
-47.5225 3.58156 20.863 0.468155 14.5305 6.74122 5.64681 7.14516 0.0997301 6.33385
-72.9954 3.3405 14.9424 6.44539 14.6258 4.53432 4.0498 6.57721 0.0507169 4.70053
-50.0672 1.63846 3.27215 17.0451 6.41143 21.7435 12.6689 54.0508 0.0596614 9.56399
-28.6274 2.82054 19.1152 3.01189 8.64677 14.3184 12.2389 12.3883 0.109036 6.72875
-33.6105 1.56676 6.26868 8.84434 1.74915 19.1196 12.1138 4.51267 0.0417315 4.22594
8.3135 2.57852 6.21799 19.8134 3.86334 3.30957 11.5174 3.58292 0.0459183 6.30212
-12.089 1.78155 4.65245 9.42637 21.4006 1.57827 9.26973 30.8188 0.0331828 6.32018
-10.0376 3.10267 8.33091 8.26036 14.9374 1.5916 5.67681 15.495 0.0334861 4.64121
-60.8316 0.679034 22.8852 22.6548 14.9167 3.52917 12.6699 4.57762 0.0842458 10.0177
-58.4273 2.73205 5.06032 1.70236 22.9316 5.15626 3.54433 8.84674 0.251339 7.28493
-59.3502 5.00193 13.3229 10.5028 15.8759 13.2656 38.5183 1.74495 0.0748001 8.7685
-71.6524 5.10574 4.20713 12.8083 17.271 10.6686 31.9574 7.69717 0.147246 8.58361
-66.4272 17.9496 16.7441 10.802 11.527 16.3421 0.397626 2.52575 0.0371481 9.21481
-55.748 5.65761 8.74348 13.1475 18.1572 5.47363 5.75434 24.5237 0.0709722 6.06313
-49.4612 7.1387 6.88033 1.96997 10.5406 9.48044 21.6863 22.5915 0.0301576 4.85164
-64.2082 17.9447 4.10462 3.73372 7.67594 2.85572 5.26474 10.8072 0.0679993 4.4335
-66.4126 19.417 8.30657 7.69712 21.1168 10.302 7.83417 4.77705 0.0327209 6.74462
-70.6583 14.3529 12.7077 10.3563 16.6086 5.73945 3.39499 11.1937 0.183344 7.67802
-37.3963 11.5258 6.71397 14.1845 7.37052 2.74477 21.4684 14.4158 0.133159 7.23523
-49.6763 0.873686 6.09065 3.31398 1.90976 18.3672 10.9988 26.6663 0.195239 8.13074
-52.6743 13.1565 6.95962 0.974989 14.7183 23.252 8.93182 19.9091 0.231637 8.98371
-58.2213 3.88532 9.85339 12.6276 8.67554 2.54957 3.33056 27.2321 0.0192092 4.40514
-50.0101 6.71735 4.46023 11.9719 7.35224 14.4604 11.7822 1.26708 0.0263579 3.69043
-49.7518 2.47439 5.70712 4.7865 1.29034 15.595 7.81785 5.21242 0.0280255 3.63355
8.35741 5.85882 2.97665 5.08941 4.3192 23.4533 3.3954 2.87197 0.0449567 5.93458
-54.7341 15.5142 5.2416 2.8556 3.70619 27.1049 26.4469 14.9236 0.00564144 6.01325
-66.9965 11.4003 1.63529 4.99544 2.3669 10.0144 8.74193 13.5006 0.0417402 4.05967
-67.2392 12.045 0.401071 3.29916 1.55428 30.735 76.3041 13.8162 0.0222697 13.2777
-28.4481 10.2072 2.70676 19.4003 11.9942 21.0335 0.560429 8.91646 0.0478258 7.68073
-46.5111 6.91426 10.2289 11.5956 12.1757 84.2193 4.30296 16.8902 0.000213845 14.5407
-72.7745 5.21951 18.8675 16.002 12.4925 13.4363 9.4512 0.820298 0.0016501 5.57926
-26.1155 6.24044 5.55978 3.59369 1.91339 3.4047 6.7662 34.5373 0.000591147 2.97584
-4.31671 9.35423 11.0114 8.54045 5.88784 11.9125 20.6748 11.1362 0.00158128 6.20115
-0.241951 6.94441 1.8574 34.5895 8.62288 6.00652 14.5978 12.0361 0.00549573 9.24092
-35.6674 5.27108 5.90305 33.9217 14.84 2.88173 25.5727 8.59978 0.0103194 8.7008
-29.9936 10.6257 11.6334 7.28851 27.4867 8.22383 25.5565 8.51689 0.0846575 10.2623
-35.4776 1.31969 1.71235 4.67319 24.4746 0.898656 18.5233 8.75372 0.0708176 6.39331
-39.8268 6.53895 6.76116 16.5145 6.38376 9.82638 25.6218 9.50055 0.042342 5.44896
-10.8912 4.61735 8.22403 12.5081 1.44602 4.98987 35.378 14.3283 0.00227048 5.30988
-22.7381 0.389838 2.00711 12.5081 1.16852 5.26529 30.4267 1.52212 0.0216264 5.74783
-49.9148 1.48539 4.92723 20.8547 7.27079 0.878749 18.3403 8.09692 0.0427842 5.54027
-69.2935 9.36794 5.05229 15.3055 16.4844 21.5346 14.2585 12.7055 0.00436291 5.4272
-68.6061 6.53573 1.56287 21.0292 16.8184 13.2257 13.1837 3.9222 0.0894638 7.22896
-69.0166 3.50474 9.1681 26.585 12.8883 3.54695 48.0899 6.79671 0.181273 12.2925
-66.447 4.01285 3.14528 19.3958 1.3537 5.88665 34.9863 16.0195 0.121361 8.4764
-40.0314 10.2839 4.69727 5.54771 5.54118 6.09841 0.697552 27.2683 0.00482991 3.46511
-63.5645 5.59757 11.3309 3.95245 8.04269 2.62041 11.7482 20.5376 0.0124848 3.51938
-52.8538 8.31275 14.79 1.4705 5.63322 30.007 18.3476 15.7591 0.0911114 8.00307
-36.3737 12.1638 16.7679 8.05927 23.3812 2.95076 17.0744 20.5819 0.0019713 8.50878
-31.2858 6.99197 7.13614 3.28424 19.3169 3.95851 30.4102 17.0327 0.00701873 5.14929
-8.86681 6.10801 8.6905 3.31511 9.8962 1.57602 28.7161 17.4964 0.0332017 6.32281
-60.599 8.93834 16.4158 1.56233 10.7766 7.08766 14.2741 8.0243 0.000480974 2.7091
-65.8499 7.25545 20.3873 1.32808 9.97195 6.81626 6.47005 17.3241 0.000480974 3.30396
-55.0196 5.00877 12.8022 2.04111 2.40918 6.8695 2.57138 29.7015 0.0139931 4.2044
-19.4596 10.6127 15.495 6.99423 5.37956 24.2068 7.69773 0.438199 0.0116406 8.05067
-32.4047 4.96739 5.66133 10.1636 11.3341 13.1071 15.4125 12.7415 0.00803203 3.33956
-37.6899 3.46261 3.12143 13.7886 16.9423 7.49477 16.471 13.8881 0.091982 5.91234
-39.2809 4.70562 3.67336 8.46614 16.8255 10.2559 0.960146 31.6327 0.00194007 4.05244
-35.8093 14.3979 5.2305 8.93585 6.05587 13.3781 6.38738 37.7168 0.00194007 5.4453
-35.0266 14.8299 5.70105 12.0033 9.08474 6.99836 4.07219 29.603 0.00194007 5.22043
-47.8209 1.82897 4.8317 7.81958 6.73873 14.8604 23.215 16.067 0.000718472 3.41159
-73.5895 3.09804 7.69547 11.1265 8.19296 23.6974 13.9741 1.21126 0.000718472 4.39245
13.2204 3.73789 0.462946 10.1634 2.38596 27.4888 3.68847 4.39284 0.000718472 5.13363
-60.7718 3.74823 7.44935 2.94159 8.13213 13.0573 4.32732 7.75077 0.14547 5.21744
-48.0082 1.08514 5.54502 4.6915 10.1232 14.8737 0.605303 13.9386 0.0727941 5.57104
2.87028 4.3901 12.3289 9.30105 8.74097 8.81808 1.51103 5.45331 0.00936005 5.11291
-37.837 7.14313 6.89946 6.00557 5.78025 6.25588 20.3692 21.0867 0.00254363 2.87189
-68.3187 20.9951 5.82082 4.07069 26.3044 3.39087 18.6452 17.2871 0.00114127 6.53506
-4.57062 7.36668 2.49504 11.2073 4.429 10.101 14.1557 13.641 0.0458597 5.41261
-45.8619 8.04166 2.86378 26.6411 4.36944 9.161 12.2045 20.4786 0.00910839 5.18939
-56.9255 5.28578 4.59269 15.7901 0.911118 28.9469 6.39779 2.66936 0.0220589 5.21483
-21.69 3.23607 9.22314 9.84579 2.77987 22.5976 13.9636 8.37725 0.0548846 5.38053
-56.8596 3.42131 5.77024 13.1066 10.8446 14.354 17.8297 13.8106 0.138485 6.71616
-62.4733 2.1798 17.0086 10.2435 4.37024 9.39193 18.082 8.24612 0.10744 6.14247
-53.3072 2.42585 15.0617 9.68188 4.37024 12.3059 11.6236 6.95534 0.167758 6.03334
-32.6938 14.3381 3.48503 11.6858 2.55619 10.619 4.16495 7.25585 0.205399 6.69763
-40.457 7.40479 11.7399 4.72234 9.17681 8.25226 3.70838 6.98855 0.0194226 2.82308
-70.3893 7.96968 13.5665 7.27425 8.03381 4.86535 12.516 9.53583 0.0154404 3.32138
-71.6361 6.43731 24.4207 4.46671 7.08395 5.55345 1.55167 7.52376 0.0299059 5.08458
-34.6719 2.36926 10.6246 6.60833 4.84067 11.9084 1.60336 4.91047 0.0861454 4.15805
-54.7157 9.09326 6.16269 24.728 8.13637 21.3228 3.70092 7.50394 0.137303 8.20224
-48.0837 8.49078 13.2713 6.68103 13.9717 30.5058 12.1669 7.73448 0.0476729 7.44229
-38.9799 9.40254 1.70485 17.4072 5.65911 19.5404 23.6847 18.97 0.0230154 6.61118
-42.0695 3.19812 14.5277 19.4344 7.0638 5.16671 18.6567 4.36231 0.0840376 6.67907
-45.1665 5.84074 8.13261 6.23246 7.68607 9.54253 32.8261 1.14111 0.0493276 5.44248
-19.7023 4.24601 6.07817 16.0153 2.58866 13.872 30.4156 2.18192 0.000601476 4.34851
-38.4237 3.36977 6.65107 4.94027 4.9908 13.9186 13.3638 36.6612 0.00158557 3.80988
-38.3385 13.4903 11.0965 0.626205 9.22034 9.23208 1.99302 2.33787 0.231608 7.53545
-27.5863 5.71918 3.0872 1.30092 6.44138 0.54963 2.93635 21.4131 0.0275918 4.39863
10.831 3.39419 9.79605 3.08203 6.26913 6.50497 18.5433 11.1471 0.177352 8.01466
-27.5631 1.72061 1.0658 5.49532 7.44248 4.60909 22.7345 17.608 0.106264 6.10286
-64.2882 1.59056 11.6785 14.1059 9.02461 22.1206 36.4505 1.98663 0.0156144 7.98312
-20.569 10.3487 1.19104 8.65626 2.05689 10.2077 22.2763 11.64 0.100848 6.43302
-39.3871 6.50119 8.78396 4.10318 8.31778 5.32187 24.1591 3.50065 0.232561 6.52347
-55.6449 9.54427 0.605285 15.7661 1.68212 37.9004 3.3554 2.90018 0.136922 8.56824
-52.598 3.80424 1.53437 28.7108 10.3154 39.3128 10.6305 1.45399 0.00664193 9.00285
-40.6085 4.44132 3.39177 23.7302 6.88134 30.4964 11.4113 1.93227 0.0224246 6.86456
-45.3282 15.7073 0.0635176 10.5553 7.76687 12.0932 24.2699 11.9805 0.0169524 6.92009
-35.278 5.87622 15.1539 3.78514 2.39133 2.4832 3.16726 10.3719 0.0228817 3.3741
-67.8096 8.86323 8.07658 3.06468 17.1853 9.99636 35.976 7.63677 0.0113803 5.5801
-55.2473 15.2731 4.03078 1.14255 19.2548 14.2768 13.5661 20.2322 0.0196854 5.93526
-67.7344 7.32774 7.37711 5.99698 21.2344 11.5901 9.74661 2.54346 0.0104272 3.82725
-61.0946 7.13455 1.93007 21.7666 10.1332 12.2332 8.61257 10.2465 0.00724958 4.0559
-26.7697 1.43427 4.01839 27.9188 4.4727 23.5008 7.002 18.8636 0.000608737 5.62406
-55.1906 0.2073 5.97538 20.2555 2.42068 15.5825 7.49964 15.4588 0.00205087 4.94006
-37.4482 2.38452 10.8704 15.3228 3.55725 16.69 2.84415 38.9667 0.00715607 5.69078
-11.0256 8.82809 1.29894 16.8678 7.97233 4.58612 1.53604 38.4054 0.00877565 6.70698
-72.4844 13.1476 11.1277 1.83218 15.133 7.53731 1.55518 3.15305 0.00332429 3.1461
-72.7805 9.5204 19.9776 3.54846 17.453 4.64193 1.17721 5.60336 0.00391462 4.42287
-21.1472 8.1084 1.68145 12.1972 17.469 8.21193 0.511412 18.0543 0.00689128 5.00077
-41.2866 6.91849 10.9517 9.43664 25.386 2.62448 9.91532 12.8183 0.0150214 5.25098
-67.1318 13.8449 15.081 1.57044 6.68822 40.4158 8.77188 13.9432 0.026382 8.28007
-31.5956 11.3302 11.9245 14.0665 7.42983 23.8891 20.0426 27.8484 0.0237932 9.96323
-73.2139 6.51864 13.7929 1.13447 5.27459 52.4701 11.2805 9.86167 0.0669835 9.66854
-57.1542 9.09185 10.7859 3.83424 13.2359 12.7743 7.31879 8.48668 0.00204743 2.3858
-62.1006 6.43933 4.77494 0.991018 23.8217 3.17553 9.07678 0.513833 0.00547188 4.1485
-68.3199 3.28573 8.64671 3.03346 0.469289 7.61198 19.5161 4.59138 0.0241571 5.05017
-63.7786 6.57461 10.6388 8.60435 17.3628 4.63658 22.6748 15.0932 0.0138958 4.88965
-34.248 0.683852 9.5723 13.0037 3.7761 10.4186 26.1641 31.2758 0.161775 8.96632
-9.89085 1.77549 4.81826 11.3741 2.66961 34.3916 13.3881 16.6727 0.235849 10.0454
2.76657 1.87615 9.85349 15.2525 9.37902 7.88046 18.9245 38.2914 0.0591634 9.526
-22.1971 3.53337 9.19565 6.3889 0.206795 1.90321 25.5082 33.9624 0.0528242 7.62721
-2.69381 6.34593 11.5638 4.72816 0.595981 19.1104 11.6684 3.12173 0.0160753 5.99145
-45.2206 4.75991 6.19635 12.7125 9.13387 7.06793 8.0544 1.71767 0.0223203 2.93554
-57.9884 3.42903 7.65551 7.62354 8.8606 10.5951 22.2171 6.40559 0.045448 4.56566
-62.7857 6.15695 20.841 2.05116 4.68918 2.75575 8.26334 24.53 0.0160803 4.82268
-30.428 14.1064 11.8961 7.72396 3.26407 1.5185 26.7253 19.3095 0.00391916 6.80364
-57.8882 5.26595 20.0236 3.95486 15.8573 2.03527 5.81721 15.8859 0.0451747 5.51749
-57.363 9.14835 8.35036 5.94324 7.64492 8.06027 22.4158 13.6845 0.00659841 3.2448
-59.3066 9.58361 0.664715 5.07732 6.2587 15.0185 29.2179 13.2611 0.0241257 5.54966
-22.9563 3.78931 8.30701 9.80996 16.2985 33.998 16.8751 41.9087 0.0208837 10.2306
-14.3842 0.608853 12.0178 6.84583 10.13 1.08047 22.4007 9.41828 0.0274693 5.3386
-32.8115 4.05234 2.1551 16.799 3.7087 3.22194 8.93434 11.9891 0.115894 4.92358
-70.2232 3.33045 21.0831 11.2821 9.90016 1.72264 12.1574 7.02236 0.00654421 4.60707
-25.0589 3.19133 4.73672 4.05893 21.5315 7.93628 4.01299 5.34181 0.027653 3.52587
-72.3248 4.3787 3.64981 17.3339 12.4658 1.10303 3.98209 22.8361 0.0235486 5.62894
-54.1726 17.9636 4.82944 8.05884 7.11378 2.94948 34.3687 24.9372 0.262248 10.2987
-65.1603 7.85813 5.64352 11.4714 12.3591 12.4326 2.46187 38.7495 0.150285 7.99914
-40.077 4.3241 7.6533 13.2913 14.9314 14.1834 3.01167 4.22046 0.0293531 4.21023
-36.3976 1.94797 12.3767 2.9789 10.4994 17.2905 3.78026 3.36097 0.0403269 4.06507
-30.1344 3.85441 18.0068 3.36193 8.74618 8.26228 3.20791 1.85734 0.0303344 4.19022
-37.5593 5.38752 4.30229 11.9202 6.78642 15.4701 9.5864 5.42501 0.0250532 3.21705
-27.418 8.35982 1.39639 11.2321 34.1521 16.3927 6.36167 3.47301 0.00207665 6.51608
-73.0472 10.6239 15.709 9.08273 12.2892 27.2812 12.9352 2.50387 0.0622103 7.99033
-15.7437 1.36415 3.71312 24.3215 2.83381 6.8081 7.04113 8.08027 0.0275937 4.61762
10.4274 2.64866 4.47667 17.565 3.67557 8.66568 10.3843 8.48884 0.0164234 5.1619
-47.328 11.3624 10.0637 7.29158 7.99799 7.64795 43.9968 30.2542 0.0300362 8.5029
-50.4767 12.222 13.8326 5.23826 3.22836 8.49083 39.3512 10.0307 0.0394854 7.17536
-41.5684 6.15625 14.9399 4.4822 12.1593 2.09574 22.9017 14.978 0.0597883 5.9163
-41.5023 0.705243 24.6403 2.47329 4.01924 1.55241 31.5923 4.83689 0.121356 8.49465
-45.2333 0.937822 10.8398 12.4941 2.5931 3.35507 10.0911 3.67672 0.347965 7.44653
-50.9185 5.97508 22.1406 7.15319 0.738412 25.6634 20.6899 5.75708 0.0773279 8.80515
-11.079 4.91654 3.43918 11.0122 5.33301 19.1074 2.828 1.41611 0.327439 8.25038
-51.1745 4.85248 1.98001 3.96743 0.218929 16.155 14.8029 14.5091 0.0228772 5.25988
-63.4558 12.3859 1.42751 23.4846 13.2764 16.0301 2.49113 18.0267 0.000953515 5.38228
-20.1758 14.0398 1.62888 9.55949 11.3111 19.0476 1.91943 15.5685 0.0319151 7.01324
-43.6877 9.08997 5.88697 6.12646 5.65661 29.4979 16.9874 22.4745 0.0233137 6.01751
-65.0343 13.1899 16.4375 8.54938 13.5846 11.5301 3.19151 24.7128 0.177929 9.14792
-62.1641 12.4603 3.4282 5.03548 20.3285 6.35434 22.5263 5.43892 0.0923225 6.08823
-46.7322 1.01529 4.85754 11.3464 2.08458 6.10273 5.93219 17.8748 0.0128145 3.60249
-58.5274 8.97687 3.18788 7.13391 0.574041 11.3116 5.24556 9.24647 0.0223563 3.36765
-42.7315 9.77626 1.51138 19.5594 19.9154 7.87041 10.152 24.2321 0.0318242 7.03745
-15.9927 10.2916 5.88357 8.10214 18.3422 1.75428 9.24198 51.511 0.00677498 8.15895
-63.7205 6.01749 4.0729 5.49058 7.86759 5.30934 16.7237 14.1564 0.0164058 3.47402
-42.8878 4.42821 14.4804 15.1371 10.6304 2.91265 1.81958 24.5051 0.115925 7.227
-47.9081 2.4683 5.14642 4.29801 4.43861 10.7678 27.3519 11.2164 0.0293653 4.62367
-35.0943 8.49092 10.546 8.33195 5.42271 4.84436 0.931098 9.9293 0.0647002 4.47589
-41.9883 17.9062 2.19182 13.7446 6.08652 4.23285 18.2384 14.4968 0.134656 7.713
-69.0311 22.9405 4.45122 16.3471 8.77404 6.36267 2.6533 19.9553 0.0301037 7.29213
-40.1143 7.54286 5.27345 13.779 18.1193 3.63047 11.1489 21.4304 0.0172528 4.83322
-58.5168 19.4842 12.0595 2.16313 4.45918 27.087 12.6485 27.5352 0.237711 11.3583
-22.8978 4.97694 3.73391 5.57136 0.950898 31.4139 7.7408 7.70117 0.0308944 4.96024
-27.6708 6.97563 1.27887 18.8877 6.51629 26.8285 6.04684 4.18147 0.023389 5.69911
-47.2587 7.52283 12.5756 3.62271 2.23195 16.9082 6.31811 5.29521 0.09131 4.69679
-52.7967 8.99625 0.996144 6.1682 4.8427 22.8965 10.7534 3.74806 0.0597285 4.86246
-27.4364 7.86828 9.29857 4.79112 21.9307 3.48809 4.65679 4.0388 0.0390243 4.77347
-55.8661 4.39611 2.60653 17.0546 16.4559 24.4334 9.52325 7.291 0.218091 8.83346
-43.3097 6.57687 2.51282 7.5166 11.4894 31.0651 14.3571 17.5199 0.0326023 6.17318
-2.92717 0.977566 1.45962 11.3937 9.49196 24.425 13.6665 14.9584 0.0310772 6.40319
-58.4402 4.03821 1.475 14.9387 13.3663 33.9594 30.7183 10.3623 0.0610187 9.8738
-70.1088 9.34504 3.94481 16.4583 12.1719 5.32954 5.04902 22.1491 0.0152308 4.34573
-56.2166 9.29869 14.9568 0.492675 19.6748 19.8678 6.65481 37.8293 0.00203467 7.28526
-56.2158 5.43303 9.87121 6.9679 20.2222 21.2301 19.7114 43.2945 0.0031103 7.75445
-48.7649 16.7426 5.91735 5.00626 29.5444 11.1197 5.7394 9.79957 3.18153e-05 5.17831
-61.97 7.6705 2.6697 0.128036 19.9067 2.12626 13.8177 13.658 0.0544722 6.43372
-53.6761 12.6433 4.08849 2.57114 9.48304 0.0523129 0.599142 23.7816 0.162471 8.36867
-19.0973 12.0553 5.54131 12.3423 10.989 4.76151 19.2875 7.4085 0.0253785 6.19873
-29.3796 9.91092 7.43663 8.14171 4.77549 5.54447 15.8943 15.8845 0.0215764 4.11409
-66.0583 11.6006 2.0925 11.613 18.8449 4.86997 2.11176 12.3622 0.0334375 4.58142
-59.1896 21.2429 6.28751 12.4704 11.1167 21.3921 0.469169 13.287 0.0109498 8.23721
-72.9751 19.8657 9.46064 9.44264 0.534427 22.6946 1.98658 10.8473 0.00983132 6.33715
-73.0314 9.36216 24.7919 7.20194 9.99031 12.4119 3.52904 2.64197 0.0325528 6.58855
-56.0674 5.14968 17.5197 9.09554 2.17311 8.06435 5.82566 3.18612 0.128732 5.38844
-59.679 6.53834 10.5908 8.08933 14.6061 7.77729 7.40226 5.29247 0.455301 8.42418
-17.419 3.60459 10.219 5.81298 17.5299 2.01755 35.9415 1.48666 0.0387154 7.04134
-45.8325 10.6118 0.97495 2.33559 10.2095 2.27564 2.35573 17.1323 0.0562122 4.60386
-58.5348 14.6827 11.691 20.8029 10.2113 3.50732 10.2949 7.20122 0.144388 8.74476
-15.5863 10.2261 1.08321 25.5755 6.42716 3.96892 26.6559 9.79078 0.173651 10.6
13.3072 1.65272 2.17769 43.0406 4.94333 9.78713 9.07897 10.3503 0.00794543 10.9438
-13.3553 2.7757 0.795969 16.5571 6.89699 40.0698 15.4849 3.97452 0.0216072 8.03349
16.9525 8.42521 3.88759 2.38546 0.425483 33.6838 10.2994 18.5066 0.031911 10.0982
-68.9096 6.45596 11.307 1.61846 26.0185 9.61226 22.2775 16.8877 0.14333 8.69112
-63.3389 7.30582 4.91978 3.23147 14.3091 18.5575 3.15838 22.5642 0.174186 7.1521
-71.6758 4.37669 7.60421 9.13665 25.2372 7.13652 13.1285 1.60292 0.0081072 4.85143
-60.1948 6.19172 15.3092 7.47473 3.22263 10.1748 0.486781 8.12745 0.030624 4.19926
-57.5531 2.80007 21.1315 6.55127 2.9475 7.46036 5.91734 7.75797 0.00684912 3.25846
-52.2709 3.5047 17.5656 17.9028 0.400137 7.04065 1.47209 13.6177 0.0425592 6.34833
-53.2553 6.16481 19.2273 12.5963 20.2267 10.3264 1.72027 20.2518 0.0218816 7.65478
-35.7041 3.60791 6.92482 9.83507 20.1689 0.0413892 1.2992 2.29631 0.00712007 4.99907
-35.7189 6.86441 3.27729 11.3323 18.4805 2.53838 4.38988 2.35633 0.10497 5.10575
-11.5726 18.677 3.05109 2.36426 1.68236 25.3425 2.79629 12.3758 0.0482714 9.44197
-48.8881 5.74992 13.7274 5.04964 9.33433 24.4907 13.4009 5.10732 0.0958513 6.30711
-59.7465 9.54919 12.8717 6.42127 9.30052 6.95562 21.9841 2.54823 0.0656564 5.27262
6.26726 1.18387 5.73399 4.75708 8.07711 8.35339 3.79638 32.9989 0.0379573 5.8768
-64.2127 16.1281 5.04197 5.25668 1.69346 24.2366 2.0611 11.2411 0.111038 6.29176
-26.1474 6.08999 3.44724 5.47156 5.99506 16.5444 11.4188 29.543 0.0518417 5.35786
-45.0738 4.28333 7.11805 8.09169 1.18799 26.3683 5.20229 19.3909 0.117813 6.44938
-54.9493 3.74573 4.51245 10.0735 4.56817 4.44063 54.4641 2.02365 0.0427078 7.43364
-17.8861 8.78053 5.92844 11.9476 10.7402 16.5638 22.6334 9.29916 0.000462491 4.92597
-58.4929 13.0252 6.76954 4.01262 3.47666 18.6736 59.2007 18.7674 0.00546394 8.51497
-27.377 9.62391 7.23025 0.204819 22.174 22.2865 25.3205 8.22736 0.0164632 8.41708
10.4681 8.4466 5.29751 6.94148 3.038 10.8019 7.85941 7.29594 0.124686 7.42996
-65.0861 1.76821 7.45315 1.73347 12.2985 11.737 4.20393 27.5846 0.134169 7.45193
-38.0483 4.52366 10.102 2.50024 13.4202 19.1998 5.64611 1.02555 0.01778 3.95103
-49.2717 6.4362 11.8285 7.57787 13.6377 26.3892 13.9334 13.2906 0.0101888 5.54609
-51.4347 6.44458 12.4637 4.01562 22.4774 1.47476 2.99723 9.85007 0.0231693 4.33867
-12.6964 2.49234 12.5668 3.75241 13.0626 2.3695 17.5434 19.845 0.0145423 4.91353
4.60973 4.15235 1.75206 4.10851 14.273 5.74417 16.2404 7.0168 0.000954292 3.18901
-53.8909 10.6141 15.3818 4.31485 5.1421 37.6877 7.12519 20.9413 0.000954292 6.32847
-58.0721 4.97679 1.62475 4.87995 6.80326 13.5855 5.73315 13.3455 0.00566795 2.94332
-68.1443 12.0876 7.00916 1.5622 6.98143 5.93 7.00579 4.54591 0.00284586 1.83121
-56.73 1.43621 2.41339 2.83087 6.79799 11.4835 10.6339 1.44737 0.0521297 5.31457
-23.7069 1.79886 16.9172 8.10282 2.6084 4.12956 5.0592 31.5588 0.138662 7.43835
-34.4495 6.38281 8.02053 6.62212 9.99449 18.0596 20.3742 7.02626 0.0830858 5.72289
-16.921 4.59933 6.8826 10.3856 13.0382 9.0746 17.4521 12.1918 0.0203543 4.54514
-17.9479 2.97302 2.16842 8.62606 24.3844 25.9028 15.4149 5.07362 0.086525 8.28386
-34.4065 0.679046 16.3486 5.7764 5.42044 4.19507 0.558735 7.14115 0.0887385 5.37873
-42.2189 11.6008 1.79687 6.75792 9.37819 1.43283 9.1585 16.6241 0.0342699 4.02292
-28.2106 11.6262 0.297275 4.13549 1.42939 9.00059 4.12162 22.9289 0.067445 6.04663
-47.8905 9.37878 5.60517 5.53509 3.02716 5.12117 6.66218 10.9002 0.00658938 1.76064
-72.833 6.00591 0.782255 9.25353 2.30792 2.17414 2.55862 14.4731 0.0297483 5.24287
-62.8103 6.82608 0.679665 10.0144 18.3531 0.860386 21.8626 2.16339 0.00473443 4.81646
-46.5943 6.92258 9.5179 3.5203 6.62445 18.3392 3.47807 1.44715 0.00813676 2.75011
-61.7573 1.76724 7.31468 14.646 6.53106 17.7803 23.513 7.30955 0.0307736 5.89402
-54.0835 18.5449 1.17229 1.34205 1.70515 8.4697 4.139 4.2122 0.0109592 3.88874
-57.69 8.32172 9.94943 1.20989 1.24503 6.69901 17.4826 6.19567 0.00923144 3.19352
-21.2211 7.49428 6.4588 0.952578 7.77618 13.9129 12.1869 5.30228 0.0106706 3.3482
-44.4993 10.7735 2.78621 7.20241 4.78373 12.5162 12.896 4.12363 0.00518601 2.28909
-65.4221 6.82313 4.57985 6.39323 18.2497 19.3788 13.7651 1.50183 0.00185221 3.85589
-26.5207 5.92735 2.60295 8.98035 13.9893 2.80351 12.0106 22.9396 0.00459332 3.36228
-66.6968 3.14197 19.4478 9.05671 13.6149 13.4812 3.62335 28.798 0.00659473 5.94787
-29.309 1.44425 7.95501 1.25869 5.56932 8.64495 0.889971 14.4189 0.0104154 3.25632
-7.31829 1.53702 8.94918 14.0755 11.5404 0.761653 16.993 3.31445 0.0644691 6.41695
-2.44385 2.77908 15.8174 3.80912 13.3737 6.15414 15.0826 2.66648 0.0301804 6.03558
-26.1988 4.99483 4.06166 4.20855 12.8213 15.1811 15.5334 10.3479 0.299372 7.57542
-58.3361 6.82542 7.72446 5.21961 8.70411 2.93882 10.7373 10.2443 0.0843297 4.02487
-70.1551 8.16306 10.2412 6.28583 18.9751 1.05433 3.85679 11.0345 0.0366547 4.58034
13.4025 5.64124 6.23252 6.0927 7.89578 16.6422 36.7889 16.7245 0.0771004 10.3402
-57.5542 1.17287 19.1838 6.57732 10.7394 1.13651 4.55316 12.0653 0.000145897 2.93444
-13.8391 2.5176 22.005 0.12346 1.47935 1.87641 5.31484 18.5138 0.00589234 6.3304
-35.6177 3.46934 9.45993 4.36358 9.91571 1.49846 13.3123 8.36023 0.000130744 1.24061
-67.9874 8.77841 15.9071 20.0448 8.56126 4.55134 4.21688 10.388 0.00613178 4.88254
-63.7464 2.42681 16.2807 20.31 8.77476 5.95871 10.6791 13.604 0.0209867 5.75738
-73.6189 5.50138 19.5165 3.47816 4.84393 8.19081 4.6428 9.42418 0.0315509 4.14841
-25.8428 2.12723 8.24113 0.174585 11.3893 18.2908 5.15705 14.3644 0.0449931 5.48361
-13.3555 1.95726 6.67201 11.9485 8.91793 16.7022 3.28543 14.0925 0.00354767 3.36164
-6.90233 1.5203 1.62805 13.053 7.55669 14.839 3.78802 25.9408 0.000477506 3.65633
-17.2567 3.97993 8.00198 2.78831 1.79711 14.5002 3.70625 28.7997 0.029865 4.84114
-36.7616 6.90671 4.88307 13.3424 8.11123 15.3789 16.8037 5.12194 0.123596 5.92178
-32.3877 4.23386 10.052 16.9008 7.5383 7.23844 10.4601 10.8297 0.0155848 3.84886
-35.9697 5.72356 3.72961 15.5086 7.02953 12.5602 19.6866 26.9663 0.00663578 4.76346
-56.9031 6.67171 7.39063 16.311 1.00981 5.09564 23.3445 18.2122 0.0152514 4.87623
-44.4321 13.0231 7.25757 8.839 2.7122 0.244813 40.0411 1.81419 0.23468 9.92147
-52.0731 4.6867 5.67774 7.08763 4.77009 2.16383 28.9252 9.71355 0.214482 6.87625
-39.7468 9.09373 1.55772 9.54994 13.3931 5.89438 8.78243 15.3709 0.0200202 3.54393
-51.9375 3.8771 2.07383 5.36673 10.8804 20.0196 12.7393 7.68032 0.00207184 3.03603
-53.4234 12.6083 2.19375 3.15535 9.04034 0.630385 67.0379 8.33618 0.0186287 8.82195
-17.6984 5.73609 1.84612 4.27402 16.6346 15.3179 11.7072 18.9174 0.156936 7.10947
-14.0284 5.91324 0.768991 3.04782 11.7133 27.2576 2.31104 31.3056 0.0401947 7.29852
-42.9383 8.67172 2.80189 12.7554 3.01482 29.206 1.1651 16.0122 0.0276153 5.54591
-61.8971 1.41689 2.54462 12.5993 2.65532 7.97524 0.356531 35.0421 0.0161867 6.9292
-47.2304 2.32044 3.92031 17.4388 6.16456 10.9123 10.9627 13.6015 0.0161867 3.78313
-16.2926 1.83341 4.92544 6.04232 12.4158 2.18969 3.67031 7.18715 0.0264412 3.00435
-61.3709 0.571353 5.91033 11.9551 4.35737 5.39004 5.51035 7.17959 0.034163 4.49175
-39.571 12.2924 13.6186 7.82613 30.0063 0.839364 8.45312 7.26526 0.0178783 8.25649
-42.9795 3.32646 6.33304 4.16789 22.4597 4.0978 8.46899 6.67221 0.0175656 3.29206
-54.5756 3.15972 8.03142 6.72467 6.4565 13.2013 16.9449 2.72526 0.0119664 3.20259
-7.60332 4.0139 14.8818 3.88963 26.0276 7.85048 28.7995 5.00497 0.0106701 8.34336
-61.9124 5.50885 6.31481 8.01275 14.2371 10.2592 14.5262 6.28246 0.00629562 2.95489
-55.9435 3.06097 9.39549 11.2976 15.5305 9.02433 10.077 22.4941 0.0252019 4.94783
-32.4475 0.655601 11.5756 1.9642 5.33044 21.5436 11.3357 13.6965 0.041489 5.22257
-50.2575 1.74239 5.2781 2.25261 22.5683 0.765272 3.45304 0.450081 0.125273 6.94665
-11.7507 4.67512 2.30616 3.62433 2.28594 16.2491 5.55417 14.9314 0.327437 7.61144
-47.1327 3.37545 4.94129 8.54552 0.615804 28.5378 5.25634 13.5373 0.228154 7.82562
-55.8794 10.6373 16.6998 3.99461 7.9665 13.8188 19.7556 9.53804 0.239371 8.41625
-62.2908 8.12985 4.51928 8.38625 5.50942 32.3064 18.5241 30.61 0.328221 11.6036
-22.4796 9.19026 4.04948 12.9165 18.0927 4.7815 13.1196 0.431626 0.220399 8.769
-1.95106 0.836668 11.3632 9.16828 26.4979 4.7815 18.4268 4.63966 0.0360893 7.92592
-22.0315 2.45896 8.46622 10.2227 14.4103 1.99246 5.39667 4.63966 0.0415358 3.89994
-17.4503 13.6562 3.86428 1.28186 12.3569 8.64118 1.3291 73.7501 5.8527e-05 8.96541
-47.1745 5.24309 7.5008 9.49199 8.21929 5.58106 21.3831 43.7753 5.8527e-05 4.24257
-5.39021 0.66694 6.23754 6.68482 10.4563 12.5094 8.94385 3.26107 0.0431351 4.42796
-54.8999 2.42687 4.40694 18.7539 3.21404 12.667 28.0123 14.2851 0.0493384 6.51772
-71.6355 13.344 11.2739 20.3456 8.91381 12.7689 2.86412 4.34898 0.0231489 6.02736
-39.4567 0.271621 2.45443 17.6168 8.61566 18.9133 5.55904 9.00543 0.0772 6.41648
-33.0451 4.75869 3.698 14.9721 3.41573 6.21757 10.1605 6.17292 0.0656836 3.75797
-37.8656 12.1223 1.22133 14.7449 4.10307 4.37028 26.1474 1.35327 0.090681 6.5917
-39.4224 11.1564 10.6252 1.77985 7.63795 2.19629 4.52361 33.7994 0.0346815 5.66341
-3.86475 0.85101 9.39198 7.25658 1.12659 3.60117 27.6828 9.40525 0.0426553 5.87392
-32.5383 4.54613 4.68222 3.09931 19.225 28.2962 3.81492 5.65619 0.0751847 6.15408
-66.501 10.1077 2.56561 11.2995 18.5141 10.8747 18.3204 9.66724 0.0446185 5.57714
-41.653 7.12113 2.56561 6.51592 0.100851 2.12496 26.3821 10.2576 0.119772 7.06161
-71.6611 6.65183 15.6025 3.57877 17.7038 1.24462 22.3063 1.5179 0.0287774 5.84861
-55.1694 3.76121 9.39144 1.61071 19.8848 1.80761 16.941 15.9275 0.324468 8.71849
-34.8779 5.58523 14.1929 2.9837 28.1255 12.4635 13.0837 3.89881 0.223126 9.62237
-54.6467 3.07534 24.3607 3.63287 18.1235 37.3925 5.39096 21.012 0.0423494 10.9031
-56.479 3.10598 8.3825 11.968 4.43904 14.0091 4.09962 0.357586 0.0600711 4.93619
-63.4035 16.6397 19.9527 5.36966 7.73338 17.6386 20.1693 15.9599 0.0134123 8.72971
-70.7447 11.6058 9.93294 3.39532 10.6441 32.7884 3.16116 9.65156 0.0841547 6.90588
-37.8748 7.771 5.95953 11.5817 3.53144 38.6608 2.63076 8.48232 0.0736396 7.04845
-39.004 5.99514 13.6039 10.9985 3.48527 8.54322 20.6911 5.74298 0.0945271 5.80075
-8.86665 3.84058 12.1694 7.71344 7.12231 4.2505 20.7334 24.9559 0.0864048 7.31676
-66.4617 7.49625 9.25079 4.48055 14.7459 3.48485 13.7747 13.0938 0.11919 5.48274
-38.4921 4.93921 2.62441 10.335 15.6097 9.85438 17.6401 11.3568 0.00434659 3.23631
-68.3263 8.3544 10.4851 0.637965 27.7691 6.84592 9.89872 2.7362 0.108554 6.95029
-72.4554 5.20406 11.4968 8.92121 12.4186 40.5085 9.33645 6.5983 0.000500744 5.90705
-28.5228 2.29052 12.5763 1.78562 17.8171 13.1075 9.62415 2.14624 0.000500744 2.89324
17.819 2.29684 14.8982 1.77793 5.28835 6.90105 4.35466 3.84996 0.00032563 4.38178
-51.4657 6.41974 15.134 13.3669 25.8392 3.09597 12.5768 1.78093 0.00032563 5.32188
-26.3966 4.10597 8.4797 1.12003 4.2494 3.55783 18.2848 1.53785 0.00032563 1.91711
-70.9952 6.03083 13.4276 21.8205 8.93792 8.70284 2.12862 4.29207 0.334656 9.08383
-62.9781 8.71384 12.1618 5.54952 1.99022 8.57474 14.0297 20.9862 0.119622 5.9047
-71.3657 17.9874 9.80312 5.17939 13.7048 12.4669 23.8217 32.676 0.146674 10.1082
-37.5751 6.77786 9.5103 9.08758 15.9386 19.7668 12.847 21.8188 0.116617 7.98488
-58.9081 5.79098 8.08773 41.2364 7.62669 16.5856 4.97074 12.5426 0.0558795 10.5405
-54.5978 3.42127 3.02239 26.7574 0.381203 13.4152 10.4869 7.20551 0.0208157 5.62817
-18.3167 3.79717 5.1513 4.97687 5.28552 4.22707 4.9568 20.4983 0.0751092 4.19418
-73.3871 6.39323 21.1659 1.59374 10.7022 5.37508 23.9833 21.7187 0.277491 9.88645
-50.5802 11.8793 12.1396 10.3756 7.32457 3.47168 19.0166 15.7456 0.277491 8.55031
-53.4381 14.2028 4.85086 7.8335 9.71442 7.9614 29.7215 15.0221 0.226744 8.35874
-64.5944 11.6973 10.8354 2.66177 5.04455 4.53663 25.4345 5.66039 0.169751 6.39067
-60.1925 18.914 3.91194 4.29987 18.1216 15.1901 21.5991 3.06624 0.380265 10.5248
-55.1643 19.5231 1.65794 1.27344 0.489564 5.92453 13.7013 16.7585 0.0997247 7.01606
13.9351 2.43605 2.11733 12.484 6.53681 9.80514 4.88344 4.2441 0.0900611 6.01644
-2.46884 2.36786 14.6058 2.30867 18.5998 14.4465 11.2377 28.9157 0.0177292 7.78797
-38.5464 4.20364 6.10198 7.36832 15.2049 1.60717 24.3752 27.6941 0.073799 6.63409
-29.663 5.08142 8.19007 12.5403 19.9765 3.49141 7.20521 17.7035 0.241984 8.26825
-33.2991 11.9477 9.7858 3.03952 0.460096 7.60343 0.400863 5.89321 0.0772167 6.06262
-26.5736 9.93783 9.12743 9.93514 1.9533 15.9153 2.4348 9.75797 0.0195989 4.6162
-41.3918 8.2588 1.46225 9.08023 10.8476 4.64933 11.091 6.87683 0.0626258 3.84833
-44.694 3.10113 20.3159 12.0698 5.44534 7.72664 17.2013 5.36523 0.26463 8.60179
-70.2203 1.07168 16.2089 4.77099 18.0006 32.0324 6.45277 5.93161 0.00752751 6.95049
-52.6935 13.8332 5.27283 5.65924 8.13565 3.64238 5.12104 6.18266 0.0778217 3.91443
-41.1592 15.1204 1.11358 1.61823 19.8067 4.10849 23.9953 6.00912 0.0479111 6.48387
4.45895 2.22877 3.73095 6.47978 19.1529 0.790637 29.9867 4.90787 0.0506333 7.29286
-47.7725 4.54042 2.22822 15.5648 15.0772 4.21666 23.1261 49.001 0.0120139 7.55601
-38.307 5.91738 7.53174 14.1959 3.80997 9.85231 3.49695 12.0183 0.000340275 1.58684
-11.5659 6.96127 4.25525 5.22095 1.47968 23.7477 2.34876 9.43602 0.000340275 2.97461
-26.1041 0.86401 3.87026 4.97986 1.22795 27.99 15.1378 0.761171 0.0131763 5.26385
-46.5439 3.7765 2.19872 11.1417 8.31981 10.0111 2.31241 1.18082 0.0274577 3.46361
-18.3091 1.8975 0.688382 7.16124 2.499 8.15861 18.2206 17.4045 0.0147969 4.24162
-20.9075 3.37483 6.68485 11.7525 2.34582 9.98552 1.92538 45.5729 0.0111874 5.55262
-50.2702 14.1818 9.10549 3.58708 9.52942 26.9755 4.01062 8.42895 0.00542565 4.72555
-33.9325 2.93699 8.21382 6.22648 17.2894 15.9126 0.49663 9.02666 0.00667529 3.80252
-42.0392 3.55699 16.7179 1.45572 13.5767 4.56996 2.78635 24.9785 0.0654737 5.80044
-22.9592 9.02234 9.70619 6.19664 18.2977 3.95148 10.4041 27.5228 0.000758596 4.84907
-52.2823 9.52107 1.39985 16.4952 4.75615 4.32612 16.3633 14.0435 0.042667 4.6117
21.5516 2.23418 2.88844 4.42239 8.02305 17.4245 12.8589 0.967875 0.0281949 6.25396
-45.4501 18.2732 13.0668 2.42214 10.4449 11.1755 4.83706 12.3185 0.0538277 7.39951
-68.659 9.54691 12.0012 5.18598 8.76123 17.7463 26.5155 29.454 0.051578 7.6496
-65.444 12.9121 15.9239 2.09493 10.7541 19.4764 10.748 73.5382 0.198764 13.9649
-38.0551 4.86879 3.32949 2.6742 14.4928 25.4116 30.9358 8.84321 0.0393383 6.82218
-73.0281 5.25227 28.2176 4.34658 3.92344 23.9103 3.05014 22.4812 0.111114 9.39203
-65.9936 11.5536 8.0455 2.88602 6.89284 9.87385 3.7583 27.0213 9.6545e-05 2.31718
-66.44 5.83481 6.93248 12.2195 1.28441 4.99542 11.719 21.3886 0.00372009 3.40371
-59.2515 4.15802 3.35207 25.4936 1.54485 5.53216 1.49223 30.7062 0.00286383 5.16529
-65.9535 8.40221 0.602424 6.58615 12.1998 2.97281 16.3712 6.32415 0.146656 6.29827
-62.2484 2.90697 4.06623 5.84277 15.3009 9.54131 13.8417 26.2425 0.114856 7.02542
-73.2737 8.63842 1.3342 2.62841 13.0477 16.8002 37.95 23.5765 0.379659 12.8814
-41.972 7.38043 2.67039 2.62841 23.0292 21.4273 2.15504 3.69527 0.328818 8.83395
-26.4056 6.43227 13.6153 0.226836 20.8019 16.5717 20.5597 17.2007 0.0885314 9.60135
-42.7214 8.68854 12.9487 6.96568 5.98698 10.6647 19.0351 26.5839 0.0331927 5.87556
-19.3064 4.47453 2.33581 6.9259 0.525958 0.434777 6.94924 22.84 0.0555808 5.71565
-8.77697 1.89725 4.17382 6.92364 2.37842 8.78759 2.10442 6.79018 0.000897976 1.57627
-33.8709 2.8683 4.26846 8.54947 3.72605 15.0604 7.5817 11.8024 0.0377547 3.42623
-24.7896 0.22085 3.39656 0.384603 18.5112 0.766611 6.8425 24.9487 0.0565546 7.44282
-9.43293 2.103 9.46306 9.90186 5.1502 3.27357 15.9992 38.1617 0.00756792 5.43109
-26.1729 4.68656 2.73045 33.3942 1.244 3.52472 16.3228 5.15761 0.00926362 5.95221
-39.2558 5.64007 7.75897 2.02522 8.41036 12.9653 6.8692 15.0163 0.0131099 2.80096
-37.6682 4.17395 16.0384 8.09765 1.32859 33.1182 29.0603 4.95433 0.0313308 8.33575
-33.6704 5.16221 1.98214 12.83 7.95166 18.0396 18.4655 19.99 0.0262329 5.25784
-55.5395 5.24671 9.23267 8.50536 5.10285 3.19108 21.5835 21.577 0.058315 5.16147
-49.6216 3.76297 5.85301 12.0187 2.26615 15.2277 11.5218 2.84316 0.0119164 3.05654
-37.3818 5.05313 4.46261 7.21566 13.646 19.7764 13.053 11.3205 0.0639714 5.12616
-45.4995 2.27529 12.4875 21.2196 6.56961 5.01171 0.456972 1.55689 0.00944286 4.75225
-40.8304 4.30966 12.0292 14.9713 3.33896 8.79557 2.53601 8.22629 0.011055 3.10777
-23.753 1.38158 10.8198 24.1464 4.56276 11.2384 27.6164 4.09247 0.0202898 7.18448
-25.449 14.2526 6.64581 1.26253 10.3361 18.5479 10.8803 5.65778 0.0817227 7.0262
-49.633 16.5469 4.27267 12.9464 10.032 1.71132 15.5705 22.8782 0.0146121 5.90153
-33.486 18.6339 4.17618 9.54187 11.5077 1.44867 20.6794 12.4263 0.0344977 7.73963
-67.1223 7.45672 10.2556 12.3018 6.56706 6.35116 1.38577 7.30907 0.026965 3.49917
-48.0066 6.08524 12.6433 3.16562 6.11769 2.03619 15.2437 52.9441 0.0115518 6.33206
-64.9379 6.63779 4.14138 2.18986 6.98744 22.0873 8.5068 48.0408 0.0232447 7.17919
-9.52097 5.00248 10.4824 4.8952 6.66926 26.494 35.0975 26.2788 0.050015 10.0117
-57.3332 4.65941 4.77811 27.9974 0.503943 10.5211 23.2448 7.32851 0.0406195 7.01496
-29.8218 4.00385 5.93047 10.6087 4.05849 12.4485 14.5167 2.77471 0.0559729 3.96788
-32.5806 6.44968 2.94942 1.54609 4.32491 13.9975 8.07569 5.1802 0.329036 6.77381
-29.3328 4.12971 12.004 0.504614 7.03536 17.2125 19.225 17.911 0.199825 8.17939
-59.1463 18.9529 15.4718 6.23536 3.36999 7.3518 11.8272 5.49585 0.0646353 7.10983
-45.1325 0.256803 12.2051 7.68322 2.08438 4.26156 16.4933 35.2542 0.0769563 7.47983
-17.1161 5.03218 1.79759 7.45648 3.81952 26.1692 5.73489 16.8821 0.00268199 3.59162
-24.7694 3.57166 12.1411 7.18027 6.0307 11.2691 14.0701 0.421391 0.0001938 2.60255
-71.3166 12.8421 4.43724 3.38601 6.16728 26.9698 4.31014 0.875173 0.114703 6.3404
-23.0591 11.3862 3.86637 4.59163 2.99731 13.7871 6.62627 4.29343 0.0296479 3.8655
-39.8523 2.37381 0.160394 5.9885 9.89327 36.4193 45.0171 2.95545 0.00900914 9.81769
-57.4797 3.21497 9.951 9.08895 16.6671 3.24218 30.9792 6.77173 0.0233631 5.47267
-29.9883 14.0362 9.89561 2.0787 1.21959 9.68994 12.9998 9.1022 0.035756 5.63865
-69.8529 8.39866 21.5233 1.34776 7.96524 6.73669 16.5169 9.33293 0.0273301 5.29473
-23.4513 11.582 1.45141 2.72513 13.5214 5.82225 3.67402 7.04265 0.0392028 4.24666
-57.7302 5.51215 9.3774 12.4864 3.3811 4.7916 12.8195 8.92734 0.044534 3.72496
-61.625 0.705986 14.6836 6.18221 3.88166 19.7853 13.3369 2.92611 0.00461957 4.31894
-41.081 3.67106 6.6386 20.6229 16.4285 5.27698 6.82722 16.6838 0.00833555 4.51598
-40.1517 4.72282 4.1013 7.08749 25.4163 12.5451 5.82275 14.8075 0.0295712 4.8791
-45.5681 6.38101 1.50235 20.1869 28.6503 9.75761 7.15727 34.1283 0.0189553 8.47477
-71.2411 8.15884 12.7334 0.643738 1.34612 2.59041 43.3531 21.1099 0.0620805 8.56606
-64.6936 6.46211 15.1224 12.1675 12.6345 4.53244 12.7856 5.06822 0.103416 5.96037
-33.5815 12.0041 8.21686 6.07976 4.02842 2.97491 24.635 8.66351 0.484162 9.83625
-60.119 18.4112 7.18097 4.47611 1.1989 16.768 9.18012 18.4524 0.322568 8.82692
-66.8974 6.28528 18.2479 2.919 2.07372 15.8849 5.1418 19.7401 0.122307 6.53448
-37.6477 6.71536 2.93972 5.56546 11.2178 16.4832 10.5731 17.1848 0.20137 6.53112
-68.2418 5.04937 25.5226 5.51795 3.43093 10.4608 4.82201 19.9197 0.00460916 4.89309
-67.0407 2.10437 6.2896 6.02408 2.70016 31.856 6.45713 9.98804 0.0507625 6.33212
-45.4621 3.37408 12.5153 4.87507 9.70551 2.809 1.81526 10.1157 0.077273 4.14456
-19.9168 6.92305 1.50846 5.2252 15.8111 3.23032 2.77662 9.87496 0.0185371 3.33668
-25.2954 5.41621 9.8758 4.85964 21.0377 4.36101 19.6499 5.40182 0.0185371 4.75499
-32.0665 2.50931 2.61288 24.0232 27.3768 3.40199 16.3789 3.05548 0.00220558 6.28948
17.8489 11.8523 0.351501 2.54769 6.70287 11.3479 5.17733 3.99023 0.072547 8.79253
-43.7386 16.8643 5.35335 5.6778 6.83208 17.9159 23.048 4.43643 0.179317 8.17712
-48.5867 18.6736 4.97582 3.24803 18.1715 7.87114 11.4744 10.9935 0.0282082 5.927
-59.324 4.98657 4.7654 14.8201 24.2814 18.4496 48.3807 9.3041 0.0636925 11.382
-59.697 8.47916 6.01309 7.1254 9.49046 11.8041 18.868 17.3212 0.150426 6.30614
-61.8998 11.0183 5.66159 4.66561 4.02854 4.01963 17.4895 22.9226 0.0121423 3.66925
-51.3551 9.41383 5.27018 7.85667 6.87299 3.9399 3.03316 15.7769 0.23825 5.86092
-7.42104 5.75142 5.27018 8.73861 14.4389 18.6144 1.9896 24.4557 0.0488232 6.96736
-60.1592 7.11604 0.416564 2.15116 11.8674 23.5465 9.72839 18.503 0.0938749 7.30177
-27.1534 2.75298 3.52746 3.28747 4.50234 2.75085 16.7491 29.4697 0.138938 6.47736
-55.3959 11.7352 4.95285 9.42556 1.09863 7.18011 14.7001 13.9041 0.158818 5.90798
-60.0333 6.42617 0.223653 27.1025 10.8555 15.2122 12.1028 26.7047 0.0848975 9.43347
-72.5431 3.42733 5.48088 45.3682 12.0622 11.6625 3.96987 7.31721 0.450285 14.6853
-73.8379 5.64326 12.8359 2.22045 9.78238 14.5741 15.5222 7.51818 0.00792293 3.86226
-48.3705 7.82874 7.84383 0.715718 13.8237 7.68021 24.2455 32.6232 0.00531445 5.47157
-66.5797 3.12713 9.45101 6.46577 14.8569 6.08469 24.2607 19.733 0.0101524 5.10144
-59.4271 15.7477 3.58282 9.8945 13.6942 8.14033 24.0033 16.3892 0.0528867 6.50072
-64.0538 14.9604 2.53414 11.3905 12.2563 11.728 25.3576 16.5062 0.00973105 5.48462
-72.0127 8.96808 13.7311 2.4392 13.4871 4.01755 22.8872 9.57051 0.0208772 4.7428
-71.485 12.8433 9.60194 3.46844 13.64 6.25166 25.1176 16.8392 0.0270999 5.44878
-66.5525 2.28191 4.79075 21.7879 4.70193 25.8787 8.77354 26.1895 0.0710012 8.40003
-65.8297 3.55802 0.668253 7.14735 16.5974 17.9389 14.6437 8.37719 0.000148453 4.16047
-65.7384 2.22763 6.20248 10.5109 22.3584 6.12087 29.8829 12.2586 0.184701 9.19372
-41.583 7.74468 4.34811 9.74894 1.99698 19.603 3.11828 28.474 0.169465 7.12374
-53.4159 2.1311 9.15728 13.9938 9.21099 24.7474 0.888289 30.1465 0.00508492 6.10783
-66.71 5.98542 10.9029 9.54459 2.93532 17.6243 6.40901 16.8239 0.00508492 3.40127
-44.2957 5.89753 8.78261 9.01438 1.89422 33.5904 5.14174 17.5302 0.00508492 4.69696
-51.5614 9.53333 7.62394 5.03974 21.4125 20.535 10.4421 2.98594 0.015978 5.07896
-43.7846 1.28411 12.5776 1.33926 19.537 9.69993 7.27257 11.8767 0.0401628 4.95682
-49.0059 9.85515 16.8484 4.48529 14.5384 11.8313 14.2007 19.2056 0.0479835 6.92267
-43.6257 6.47572 13.6034 2.79897 11.947 10.1676 10.2157 8.1037 0.0859915 4.85033
-44.2753 13.237 15.4025 3.62761 3.91731 10.41 34.0241 4.50126 0.0729012 8.07571
-67.7595 13.3783 6.36008 6.17586 21.9667 11.9892 39.0482 9.07245 0.11795 9.48261
10.9996 1.02587 7.56221 6.61603 26.7475 7.81954 15.3062 10.6057 0.121206 9.47392
-27.0399 3.75666 0.858887 16.3222 12.0975 16.8921 23.305 5.86535 0.118655 7.63022
-56.1847 16.7026 2.15334 2.40398 20.0474 18.0522 7.31054 10.4508 0.0165031 5.3581
-51.3903 13.7822 9.0878 4.58267 9.4584 9.59726 1.67112 14.8774 0.0207242 4.11129
-66.6375 2.23667 10.6909 9.65406 5.27978 3.73336 4.38336 14.2521 0.0011338 2.52059
-29.0173 1.65551 5.03148 4.50615 8.49543 8.12713 9.12707 15.1104 0.0208414 2.99859
-66.9812 3.58084 17.673 17.7713 7.46901 21.4535 9.50334 4.96636 0.0185036 6.43181
-65.008 9.00266 16.8107 11.1937 6.25186 3.52257 25.8141 5.57976 0.0209163 5.4124
13.8382 7.89218 3.89134 6.43909 7.80129 4.0547 16.9924 7.50762 0.00278466 5.08403
-24.0433 5.87273 7.02871 6.08156 7.78995 20.7481 22.298 18.3133 0.0377196 5.92543
-11.7926 3.02147 12.8108 0.801094 6.30724 22.7555 16.7772 10.7823 0.0373458 6.26936
-46.6506 1.24966 7.46463 4.21229 2.74909 41.3737 10.3302 25.6059 0.0147271 7.09083
-51.787 9.58024 15.8365 5.36206 10.894 17.1701 19.5344 26.6468 0.0172872 6.94217
-19.5538 2.34245 14.431 4.92393 2.51319 2.93401 2.96867 27.3396 0.0432935 5.1809
-29.6904 2.07039 6.28544 9.40912 3.61825 5.70967 12.7266 2.18539 0.241602 5.86566
19.0916 2.37045 0.709025 9.86412 20.7809 15.0976 16.1307 12.5356 0.0501748 8.87295
13.231 2.36858 10.0454 6.75196 9.66457 9.86287 12.2887 24.4021 0.096242 8.31519
-43.3536 2.41489 8.58454 17.1249 9.97755 13.967 11.985 28.0292 0.147574 8.02496
-61.4871 2.33647 10.8766 1.35945 23.6791 20.356 22.8192 4.31451 0.0116109 6.64473
-18.735 2.65635 3.30973 6.79527 27.4964 11.8867 1.38584 20.874 0.0116109 5.4432
25.1806 2.94184 3.91638 13.0471 10.2662 7.70674 0.939407 11.3125 0.00534215 6.0406
-12.4221 2.083 11.798 17.2238 8.7413 1.62048 0.701642 9.68488 0.186196 8.33051
-50.982 6.08013 16.5754 6.20389 12.5942 9.16354 12.8781 50.8617 0.0099817 7.1728
-47.0207 3.3895 12.1606 1.6561 15.4943 7.29462 17.1699 17.8282 0.00266153 3.53363
-30.0023 6.86101 2.59337 8.91126 15.0184 11.6252 22.5641 11.4438 0.0129693 4.42984
-41.7324 5.33841 1.14128 13.1664 14.4118 15.5533 17.316 30.0188 0.00831652 5.79571
