1547.96 776.495 769.146 249.416 61.6594 1.74251 0.006795 229.359
1779.87 738.372 756.364 270.278 21.2425 7.51607 0.0058938 227.56
1842.27 724.863 775.132 271.895 70.0926 7.98976 0.0215805 232.024
1834.58 724.863 775.132 291.66 73.5156 7.98976 0.0281403 232.796
1592.38 797.747 718.926 301.283 37.4438 26.975 0.0218187 229.635
1604.49 809.042 711.193 313.869 27.9845 11.7575 0.0372003 230.734
1561.72 794.454 755.057 274.751 33.6053 6.38897 0.0113325 226.626
1499.94 793.842 763.547 296.917 21.859 57.2363 0.00518957 230.068
1581.55 789.455 682.771 408.911 43.1023 25.0021 0.00692389 236.655
1354.39 836.057 715.098 320.728 35.4614 29.119 0.00713902 227.985
1468.63 837.565 709.908 297.959 10.9147 33.2332 0.00947908 228.368
1468.63 832.662 686.21 317.549 33.0805 33.2332 0.00501774 228.492
1370.62 854.052 704.279 299.442 44.9984 16.9176 0.00216279 226.399
1314.08 849.64 704.279 303.076 39.1197 18.746 0.00311629 227.992
1436.94 829.585 691.877 329.273 42.2901 11.114 0.000754969 225.598
1460.37 826.211 705.104 321.395 31.1409 21.9376 0.000754969 225.053
1405.49 834.047 728.695 311.329 24.1847 6.53543 0.00745062 225.6
1585.78 803.023 705.61 320.067 20.3837 3.12126 0.00605413 225.43
1419.21 799.351 725.919 352.706 21.6318 1.89494 0.00147229 229.553
1584.34 783.018 734.562 319.362 21.466 7.36533 0.00549897 225.087
1599.75 799.039 718.22 319.057 21.714 5.17394 0.0090087 226.039
1580.35 779.363 716.424 344.517 33.4957 2.99487 0.00812095 227.906
1643.7 786.819 722.992 295.435 37.2018 5.31759 0.0179786 228.03
1513.91 841.023 692.36 304.952 20.1801 12.6848 0.0192572 230.212
1529.85 810.678 703.467 326.933 0.747642 5.56203 0.00744191 226.099
1474.5 797.213 745.513 330.445 14.6117 10.3556 0.00274371 226.527
1424.47 844.624 695.174 329.59 10.4375 15.6287 0.0240351 228.617
1352.91 858.663 703.463 330.062 5.62947 12.6951 0.0137128 227.14
1161.28 877.815 706.851 326.174 35.5626 7.58623 0.00389966 228.953
1578.84 762.263 753.353 305.022 34.8698 17.7907 0.00379198 228.104
1528 781.22 740.912 310.791 26.1891 11.0394 0.00874047 227.371
1597.09 800.113 715.245 325.58 8.14519 15.2068 0.00763806 226.333
1568.44 795.035 717.508 340.411 16.1909 15.8305 0.0188438 227.454
1567.52 811.546 693.688 352.342 14.9374 34.64 0.00513329 228.89
1507.4 819.891 729.293 290.668 20.0709 4.12074 0.0172471 226.844
1359.56 825.347 756.916 287.031 26.1659 7.79421 0.0164896 227.663
1397.59 828.686 767.359 288.264 24.4403 7.93702 0.0435962 230.096
1492.91 810.583 721.548 330.164 27.5732 35.9355 0.00605267 227.543
1812.36 733.001 753.955 315.1 4.3212 2.64954 0.00855573 228.682
1715.68 750.648 738.862 301.432 0.3865 5.56759 0.00664242 227.582
1715.68 750.648 724.776 316.342 13.194 15.2728 0.0058255 227.692
1692.05 764.883 725.795 322.106 22.5361 10.2695 0.00344752 225.644
1653.79 764.883 726.35 323.693 27.7914 8.44054 0.0043527 226.069
1758.38 754.255 714.295 339.784 25.2645 6.4769 0.0224444 229.827
1758.38 753.294 754.563 304.477 1.31 0.770528 0.0234385 230.09
1758.38 751.918 752.345 327.053 36.6105 7.77776 0.0385055 231.352
1719.53 750.744 722.698 356.719 16.1577 1.15417 0.0195509 230.269
1434.17 797.575 787.037 255.399 15.2331 31.5919 0.00306689 229.235
1611.76 765.918 761.199 288.395 15.2039 34.1306 0.00443676 227.21
1486.69 803.195 749.369 297.427 14.8958 27.8043 0.00399723 226.073
1572.25 790.441 763.861 282.37 0.81955 22.947 0.0116402 228.864
1560.2 790.484 760.823 261.655 46.1759 12.3525 0.0186943 228.663
1560.2 783.387 760.823 261.655 78.4699 12.3525 0.0186943 230.158
1622.18 778.569 771.456 278.278 85.7614 17.2941 0.0123064 231.875
1576.97 771.674 771.456 277.27 30.1172 13.7553 0.0102658 227.081
1562.04 771.674 772.84 294.551 41.9429 4.25424 0.00813512 227.535
1597.12 771.674 770.731 281.745 41.9429 7.08772 0.0228136 228.216
1597.12 778.639 750.371 284.079 41.9429 7.08772 0.0163706 227.291
1675.55 766.37 753.433 295.22 29.2201 5.643 0.0174674 227.208
1558.55 783.327 726.335 335.443 45.4544 12.8787 0.0177708 229.181
1489.26 801.548 735.114 320.65 73.0105 3.17613 0.020072 229.169
1468.92 795.741 739.771 289.967 4.70451 0.831498 0.00186661 226.896
1468.92 803.984 741.401 312.029 28.0656 5.69346 0.00310502 224.96
1590.71 773.86 755.448 285.745 12.629 5.89298 0.00598129 225.244
1471.94 817.925 722.671 318.535 12.0613 6.0925 0.0115756 225.235
1373.74 837.449 711.155 326.899 15.991 6.78112 0.00522532 225.084
1373.74 837.449 690.382 338.476 51.7575 5.55893 0.000739444 226.903
1396.66 837.449 710.295 330.2 40.8383 9.64798 0.000389501 225.264
1212.46 882.837 685.039 332.686 30.2231 15.9348 0.000389501 227.02
1325.86 835.353 732.78 313.982 81.3973 12.8791 0.00147894 228.382
1428.03 823.754 736.629 339.432 11.962 27.6374 0.0298475 229.832
1376.71 854.229 740.66 326.477 2.40459 9.95654 0.0616805 232.159
1376.71 854.229 721.927 339.28 19.165 6.40347 0.0480339 230.403
1548.59 796.637 736.397 343.662 23.4464 3.55964 0.0651421 233.042
1603.59 788.251 736.673 354.943 43.253 20.4204 0.0283176 233.136
1590.78 783.058 726.112 354.419 11.3812 35.4953 0.0493721 233.997
1793.71 757.19 728.064 306.954 22.3104 31.0276 0.00559979 229.96
1665.04 773.925 730.456 312.101 30.5531 29.8614 0.0139422 228.21
1587.91 797.271 707.857 306.478 14.8726 18.1081 0.00985684 227.334
1612.29 785.064 729.317 317.093 23.8639 19.1395 0.00511917 225.88
1500.25 804.269 734.759 298.673 54.8817 20.1724 0.00234142 225.913
1537.01 793.265 732.763 307.326 63.9657 0.657958 0.000370982 225.697
1363.6 831.937 733.6 279.707 19.0136 0.657958 0.000602392 225.418
1339.52 845.32 736.909 276.059 19.0136 5.10975 0.0037025 225.622
1385.4 845.32 726.127 284.797 33.881 4.9997 0.00645622 226.175
1647.26 794.537 713.268 307.729 6.01494 14.0763 0.00179516 226.093
1439.36 802.088 762.147 296.896 101.269 5.59771 0.00347166 229.945
1398.1 821.86 763.339 270.25 118.354 15.0106 0.00877437 231.233
1444.71 803.514 758.016 295.465 89.3585 10.8675 0.00157465 228.52
1307.9 833.237 758.325 275.589 71.6222 2.00637 0.0035207 228.581
1394.28 845.71 743.225 245.215 69.0638 3.78881 0.00924601 230.59
1400.31 821.489 749.433 268.922 52.0754 32.5552 0.00224956 227.879
1515.53 815.173 726.158 273.479 26.2728 0.742328 0.00307984 226.137
1630.42 778.844 755.748 292.098 5.01202 9.24013 0.00109171 226.075
1291.29 871.365 710.582 295.578 0.0688811 5.68306 0.00109171 227.632
1376.32 865.654 705.614 308.41 2.8217 3.49972 0.0028037 228.478
1243.23 865.654 725.987 293.234 15.7868 3.49972 0.00423134 226.226
1234.62 865.654 722.282 284.066 36.5115 3.49972 0.00319654 227.398
1260.17 865.654 722.832 287.897 66.4537 14.6798 0.00313601 227.895
1618.88 765.796 733.313 338.217 26.822 15.1601 0.00229058 227.081
1231.3 902.435 686.774 311.745 40.7156 15.2499 0.0112879 230.96
1145.7 902.435 692.78 329.792 53.5687 14.9965 0.00753385 230.471
1239.53 896.085 691.577 331.229 58.4739 12.2249 0.0138161 231.818
1276.45 896.085 669.296 323.66 102.278 13.163 0.0129452 233.908
1438.34 857.122 674.755 322.882 80.947 10.3508 0.0205306 232.396
1442.88 829.987 690.54 342.1 7.17413 15.7156 0.0160421 228.374
1481.81 829.787 691.937 345.365 4.00896 11.8118 0.0238645 228.587
1442.33 825.355 699.866 338.377 21.8456 8.94283 0.0105748 226.557
1540.85 807.38 677.935 366.958 39.2851 11.256 0.00131497 228.249
1572.67 798.104 704.768 324.922 37.6439 0.965578 0.000994328 225.225
1395.24 836.922 708.422 304.656 28.3744 7.86754 0.00342628 225.185
1499.62 818.488 736.73 286.885 39.1392 8.46871 0.00118473 225.92
1354.44 835.723 753.439 282.801 28.5404 3.4493 0.00230874 226.176
1354.44 828.082 742.347 290.571 19.9232 12.5334 0.00267173 225.497
1396.49 828.082 735.406 287.212 49.779 15.0124 0.00402358 226.082
1359.96 835.569 738.593 269.538 64.1593 22.1872 0.00318127 227.944
1359.96 835.569 744.245 269.538 69.7456 16.6183 0.00318127 227.631
1362.78 844.02 731.894 273.481 49.0428 30.0971 0.00318127 227.897
1370.01 844.02 723.646 311.474 35.3006 22.1905 0.00318127 226.693
1370.01 844.02 720.908 325.644 9.11301 1.94941 0.00171191 225.685
1370.01 844.02 724.165 287.677 2.95474 4.71261 0.000474936 224.42
1370.01 844.02 724.165 287.677 2.95474 4.71261 0.000474936 224.42
1370.01 844.02 724.028 290.608 2.95474 11.3731 0.000474936 224.547
1508.13 790.464 723.811 301.5 38.7335 20.1894 0.00143664 228.239
1545.97 780.674 767.702 287.21 79.1445 2.24486 0.00129973 227.959
1604.88 793.459 724.62 298.535 28.9563 25.2356 0.00134508 225.701
1639.68 786.648 724.62 318.105 28.1992 22.8639 0.0012449 226.703
1643.49 784.633 700.085 369.033 80.3198 25.1922 0.00291341 233.906
1644.45 786.377 728.81 319.259 44.4995 2.15094 0.00329688 227.887
1619.37 779.077 711.183 318.731 76.2011 17.0356 0.00258709 228.325
1536.57 779.166 752.713 305.33 67.1768 45.8303 0.00453484 230.48
1451.48 816.914 767.139 257.294 57.2698 30.2712 0.00280925 229.87
1266.43 834.53 770.695 262.61 22.9765 29.0419 0.00350309 230.438
1359.48 831.361 736.016 300.723 7.66537 31.31 0.00485993 226.794
1341.15 827.761 732.258 328.529 24.5009 10.1269 0.00319849 226.747
1443.74 834.429 698.265 324.315 28.353 19.9636 0.00127669 225.299
1446.15 828.263 703.814 316.378 37.1793 11.161 0.00421314 225.466
1446.15 828.263 715.025 309.761 53.0702 1.71068 0.000967218 225.159
1636.76 758.136 746.103 309.761 29.6536 6.37008 0.000967218 225.485
1617.8 795.255 714.499 288.421 24.2491 15.8205 0.00532191 226.855
1441.07 827.383 675.245 345.45 11.1046 36.4304 0.00180197 229.753
1410.35 827.383 674.402 388.889 26.5483 3.93544 0.00180197 230.594
1368.9 862.144 670.654 368.768 41.9132 3.93544 0.00180197 229.351
1469.77 821.599 720.004 300.856 55.0848 8.58039 0.000567402 224.775
1452.62 808.492 700.625 336.95 52.1956 4.19441 0.000567402 228.042
1430.48 830.025 688.775 347.222 49.4418 1.31498 0.000567402 226.591
1548.7 780.096 738.14 327.322 45.2578 23.9218 0.00221071 227.712
1619.3 780.096 738.14 296.586 45.7774 21.1975 0.00111812 225.73
1507.49 796.495 740.051 292.923 48.8508 39.0514 0.00606413 228.24
1657.08 782.968 740.051 255.179 67.446 44.1487 0.00768891 232.173
1452.97 824.622 740.051 263.423 53.472 32.1216 0.00448617 228.583
1390.74 820.32 748.872 294.804 91.9779 27.6606 0.0102272 230.42
1374.9 826.344 742.963 292.689 77.158 47.3226 0.014891 231.855
1382.64 840.626 745.874 247.387 4.82381 7.167 0.0206194 231.727
1629.74 769.129 741.468 295.967 50.4456 17.9603 0.00894303 227.48
1579.54 782.549 741.892 303.129 91.2597 17.2026 0.0154177 229.583
1584.68 796.127 727.532 301.178 28.8612 19.9174 0.000223666 224.705
1504.73 804.614 734.049 293.238 15.1004 20.1968 0.00192914 224.576
1521.06 806.741 731.101 300.155 36.7993 20.2786 0.00107202 225.109
1477.39 817.197 729.415 293.383 49.3854 20.1503 0.00382336 226.058
1518.41 796.478 747.539 279.147 21.9531 1.90057 0.00313334 224.766
1494.24 796.478 758.87 273.496 19.2033 3.40972 0.00371551 225.141
1474.59 807.711 762.949 288.094 25.6409 4.83153 0.0236053 227.54
1509.92 823.087 732.971 283.681 21.783 9.0204 0.00903486 227.208
1475.18 809.668 737.668 288.061 29.2514 27.7409 0.000946114 225.307
1527.64 812.01 692.159 338.652 30.8936 5.72473 0.0133943 227.707
1728.05 768.303 742.638 263.784 22.2024 9.53678 0.0215477 230.953
1690.21 742.865 738.815 339.021 23.5615 5.14143 0.0135569 229.84
1657.35 770.275 738.394 285.644 28.5163 6.76587 0.0018903 224.93
1657.35 772.02 733.94 309.474 28.5163 9.49971 0.00813806 225.851
1713.41 725.884 770.126 306.709 12.5019 9.88443 0.00256197 228.461
1755.92 730.404 753.349 291.256 5.54396 13.7113 0.00967769 229.352
1800.68 725.614 753.582 299.152 21.231 11.9903 0.000247498 226.322
1792.89 743.753 746.673 304.801 42.4049 15.3118 6.20125e-05 227.841
1661.29 754.033 756.226 283.742 39.2347 28.5637 0.00096126 227.105
1661.29 757.575 758.593 301.249 23.6596 48.869 0.00282506 228.847
1719.34 757.575 737.479 287.863 8.65323 40.3839 0.000835909 227.458
1701.9 757.575 737.479 309.304 24.0005 40.3839 0.000114717 226.833
1701.9 757.575 737.479 291.546 25.9345 40.1624 0.000114717 226.954
1561.35 784.476 742.617 303.199 10.4086 32.7929 0.00186228 225.788
1557.74 765.743 743.653 312.664 6.11318 25.0096 0.00094505 228.655
1405.11 817.887 723.763 332.045 9.42499 9.16672 0.000128 224.464
1405.11 817.887 723.763 332.045 9.42499 9.16672 0.000128 224.464
1405.11 817.887 723.763 325.911 9.42499 9.16672 0.000128 224.21
1405.11 817.887 721.799 325.911 38.9239 1.08692 0.000128 225.408
1405.11 817.887 750.069 281.105 38.9239 5.78672 0.00420019 225.701
1433.46 808.992 748.556 286.809 46.7689 10.0126 0.0012564 225.355
1543.6 792.843 723.758 277.342 16.1796 32.5279 0.00111186 228.857
1637.49 776.201 737.921 289.528 17.8234 53.331 0.00233185 228.097
1590.23 787.129 738.365 289.528 3.52689 64.8916 0.00149655 228.859
1574.29 794.092 746.328 265.082 10.7059 44.4879 0.00249482 228.214
1540.45 787.895 731.937 303.243 6.9373 33.9555 0.00418256 227.154
1514.59 791.484 769.359 262.472 17.1143 38.3148 0.00691337 228.543
1509.22 800.445 741.806 302.516 15.6586 27.7818 0.00687735 226.108
1364.73 837.207 732.075 307.253 7.32858 57.4271 0.0102401 229.589
1364.73 831.308 715.096 329.789 7.32858 23.4726 0.0100823 227.824
1417.35 845.503 725.928 296.986 9.30851 14.0694 0.0191445 228.032
1457.17 826.372 724.209 299.447 11.6914 23.056 0.00587837 225.746
1613.61 769.102 762.714 284.341 32.246 22.3943 0.00543623 226.745
1447.86 831.458 727.625 315.489 40.0689 15.2974 0.00802632 228.03
1504.99 811.256 727.463 309.103 26.849 15.8267 0.00184978 224.789
1388.01 842.237 701.19 298.944 26.555 6.60969 0.00154481 225.473
1179.11 881.329 720.493 294.77 21.0396 4.83598 5.39998e-05 225.872
1635.89 793.886 708.254 294.77 20.6016 4.83598 0.00238942 225.852
1441.07 809.815 764.927 303.098 1.28445 17.3736 0.0118903 228.679
1385.39 823.264 762.752 275.953 13.6859 68.9889 0.00020929 230.294
1339.4 823.139 746.991 292.185 29.4652 13.4957 0.00314148 227.053
1455.91 820.541 698.127 348.252 5.41769 18.5257 0.00282595 226.037
1639.32 797.955 690.614 344.605 18.3538 7.07301 0.00540171 227.101
1658.67 790.896 720.366 304.415 14.6559 9.18324 0.00848183 226.892
1521.38 801.663 736.894 290.735 46.3896 12.8928 0.00399384 225.394
1510.08 803.444 736.644 266.068 9.04535 3.19171 0.000744973 225.356
1441.08 825.157 733.697 298.213 26.7978 10.4939 0.000565335 224.441
1418.34 839.456 718.829 295.599 4.77201 8.47803 0.00094878 224.509
1329.43 850.639 724.181 301.113 8.16897 3.23349 0.00222203 224.716
1298.32 851.548 727.86 295.402 8.44164 8.03735 0.000514005 224.506
1287.67 870.443 743.067 227.508 7.31688 13.2964 0.00159748 232.209
1287.67 844.054 769.6 256.289 7.31688 9.03958 0.00108255 227.841
1568.89 809.671 669.999 359.638 12.7776 6.28596 0.0115436 229.405
1556.59 809.671 662.139 386.511 29.5772 18.6612 0.00339094 231.157
1266.33 859.758 739.49 303.067 29.3424 15.4149 0.0171252 228.617
1457.58 836.585 725.329 304.976 50.7885 7.88241 0.0148332 228.816
1456.99 809.208 757.683 278.281 16.0769 10.158 0.0208231 227.539
1645.53 798.607 705.877 330.478 6.01228 1.09669 0.0146101 228.339
1675.99 757.29 733.583 314.588 9.84317 8.09747 0.00475278 225.915
1484.32 806.432 731.464 315.488 27.541 3.81629 0.00230371 224.411
1581.62 798.036 730.016 294.783 4.15841 16.5852 0.013125 226.735
1499.87 800.513 761.094 306.277 4.6975 7.84327 0.0196121 227.484
1581.5 789.988 722.398 300.846 41.0556 5.45727 0.00254145 225.001
1581.5 789.988 732.492 301.909 2.05303 3.2216 0.00140164 224.143
1496.14 802.949 736.665 312.203 2.72722 20.6125 0.00223535 225.162
1308.66 851.247 713.287 331.16 10.2403 3.96936 3.81911e-06 224.108
1531.49 813.523 716.953 323.766 0.204566 12.7609 0.01969 228.296
1431.49 830.238 699.787 343.619 20.7594 13.8611 0.0016985 225.348
1427.58 826.03 732.773 316.759 3.28296 14.6163 0.0136722 226.492
1399.47 816.61 751.047 300.446 13.4662 6.39283 0.00430493 225.323
1375.04 819.759 733.328 302.275 2.09952 22.7948 0.00446762 227.831
1716.49 724.355 771.206 314.241 10.9855 6.40951 0.00333694 228.942
1703.75 724.355 779.006 314.241 18.2232 5.67572 0.00931498 230.33
1687.67 739.482 767.979 310.894 57.5981 5.67572 0.0146802 230.037
1687.67 739.482 767.979 310.894 57.5981 5.67572 0.0146802 230.037
1630.65 777.155 755.427 305.877 44.3278 3.25209 0.0122602 228.458
1551.21 791.035 739.841 329.486 19.9984 14.4249 0.0137456 227.131
1597.94 791.433 717.659 291.871 4.36029 2.97913 0.0125847 228.245
1532.67 782.916 759.775 289.211 33.7569 22.6351 0.00466944 226.622
1678.88 786.4 713.348 281.348 5.63393 19.9416 2.87985e-05 226.828
1647.96 781.275 730.397 279.005 8.8337 17.2613 0.000110769 225.046
1673.51 773.085 734.259 277.597 32.0085 2.76149 0.00178533 225.695
1479.41 800.866 733.454 280.332 7.7202 18.4994 0.00356933 227.688
1495.86 793.695 754.308 298.585 26.6411 5.93445 0.00356922 225.141
1503.42 801.807 752.374 298.682 14.4815 4.89546 0.00339509 225.199
1779.55 742.562 746.13 297.768 30.8397 3.44774 0.00820872 227.275
1461.04 809.488 754.178 303.933 14.516 2.14406 0.00850239 226.291
1475.68 809.755 743.953 300.614 3.5834 4.20973 0.0148003 225.937
1537.88 814.465 714.518 313.362 6.16748 9.60074 0.00332614 224.981
1465.27 822.025 725.704 295.138 32.2084 9.9407 0.0073422 225.394
1452.34 815.019 724.014 316.507 67.4663 8.5058 0.0123837 227.728
1440.57 815.349 718.498 316.014 39.61 9.12769 0.0122011 227.505
1499.63 815.045 738.473 276.873 43.5158 1.99209 0.00777101 226.471
1546.67 817.941 709.045 282.874 50.1225 15.5541 0.00959522 228.812
1547.28 823.482 707.637 301.199 54.1875 11.5114 0.0166401 229.225
1390.9 841.46 720.373 333.303 0.0618899 13.9897 0.00897973 229.173
1451.98 817.544 743.591 290.797 99.5045 15.6005 0.000177563 228.135
1447.79 814.732 753.256 277.407 23.2995 13.4499 0.000596876 224.864
1427.01 806.81 764.215 277.322 27.0824 23.2209 0.00093913 226.295
1448.26 816.421 744.771 279.843 27.0543 15.3113 0.00047771 224.522
1471 805.019 739.026 281.31 27.7316 22.5797 0.00300866 226.26
1356.32 811.8 768.084 276.509 28.6994 29.3306 3.29731e-05 227.905
1477.24 808.339 754.76 302.007 38.4632 37.3214 0.00116814 229.228
1518.62 800.829 737.811 284.764 20.6035 20.4277 0.00195335 224.92
1370.68 836.973 728.066 275.149 24.4614 5.75003 0.00908319 227.526
1636.45 796.694 728.733 275.761 7.78012 45.9065 0.00760767 230.614
1338.19 858.071 729.9 276.411 32.44 23.5993 0.00823759 228.545
1583.47 796.156 720.265 324.244 40.1042 3.72458 0.0053077 226.01
1377.79 840.326 702.825 314.321 38.4515 4.97413 0.000823593 224.847
1702.61 771.757 713.419 310.705 38.4812 12.627 0.00337545 226.579
1614.41 771.757 742.194 310.705 41.4926 2.74776 0.00337545 225.661
1602.31 781.927 744.824 290.597 49.1509 5.01966 0.000593903 224.844
1663.02 759.859 746.531 287.34 29.6243 5.48709 0.000627395 224.795
1600.12 786.025 759.249 273.075 49.2813 18.6778 0.00606282 227.956
1548.29 800.884 695.899 350.65 7.18587 7.12253 0.00419064 226.003
1609.43 781.884 730.059 294.199 99.786 29.7886 0.00231664 229.091
1783.21 725.155 750.403 327.089 31.6016 19.4104 0.00338964 229.339
1819.05 725.155 758.866 291.507 35.5688 30.5646 0.00269372 229.065
1678.91 757.779 743.839 335.684 29.6979 38.1364 0.00407276 230.288
1685.11 757.779 749.48 311.105 28.1963 1.85796 0.00170297 225.981
1621.7 757.779 749.48 302.688 7.25328 1.85796 0.00101918 225.79
1621.7 757.779 749.48 288.99 7.25328 1.85796 0.00101918 226.594
1686.7 754.115 774.591 262.669 6.85473 7.99321 0.00270949 226.466
1596.48 785.657 750.807 257.535 25.0022 4.46371 0.00102441 225.525
1517.72 796.66 750.807 271.346 40.4786 7.35223 0.0010039 224.831
1517.72 796.66 750.807 264.007 38.4882 7.35223 0.00112563 225.254
1517.72 796.66 750.807 264.007 38.4882 7.35223 0.00112563 225.254
1517.72 796.66 761.446 264.007 11.7386 7.35223 0.00152355 225.049
1511.7 779.689 784.643 251.092 13.6091 7.37816 0.00147289 226.913
1558.34 779.689 784.643 251.092 3.66525 8.05208 0.00206208 227.202
1605.45 758.919 784.643 281.184 15.4885 8.01156 0.00588682 227.172
1397.5 838.391 693.439 322.441 11.6959 7.74004 0.011861 227.919
1278.4 863.464 716.803 299.797 26.6967 4.47854 0.00722644 226.375
1469.33 818.202 728.5 292.822 42.374 13.9085 0.000525338 224.501
1627.86 777.261 736.296 344.744 11.0443 5.391 0.000499839 228.023
1486.32 816.126 733.346 273.552 17.1196 19.0099 9.41855e-05 224.609
1227.17 874.655 733.04 292.947 1.90362 13.1191 0.000743027 227.464
1656.84 778.201 733.412 260.549 6.53449 41.4489 0.00103202 229.65
1656.84 764.321 749.53 266.866 61.1952 46.6973 0.000828969 229.484
1687.44 766.164 738.015 272.736 37.2962 33.0712 0.00147925 227.932
1687.44 754.627 757.691 282.808 64.9158 49.0124 0.005724 230.541
1695.66 758.249 749.437 297.346 70.3785 16.7948 0.00556809 228.246
1610.57 768.102 760.915 294.309 39.0184 7.19047 0.00071428 225.402
1664.69 759.758 757.532 261.509 64.5508 8.85533 0.000146957 226.442
1755.75 756.25 748.056 291.584 102.54 15.6127 0.00675486 231.867
1795.11 774.589 712.292 256.304 85.3232 13.1994 0.00675486 236.097
1621.66 784.031 702.125 325.513 4.88823 12.8034 3.35159e-05 224.821
1576.55 796.899 705.224 340.822 77.1568 9.05385 0.00572302 228.654
1607.56 792.18 701.067 341.283 34.2035 8.70815 0.00649033 226.696
1577.11 802.332 741.626 294.236 75.5765 10.4805 0.0016682 229.698
1574.94 783.07 746.196 282.107 12.9811 24.8042 0.00196253 225.478
1591.83 773.331 770.92 261.693 5.14604 24.8042 0.00508055 227.456
1591.83 777.635 750.255 283.653 17.1732 8.4546 0.00340089 224.747
1563.09 785.984 749.712 293.42 58.6991 17.6775 0.00452421 226.736
1529.72 823.083 694.46 298.692 58.4352 9.47805 0.00258604 227.294
1537.85 784.681 766.317 269.87 59.108 8.53977 0.00965958 227.467
1470.01 818.481 741.657 260.631 28.531 22.4321 0.00732945 227.822
1376.8 834.369 730.81 284.163 49.7706 21.4522 0.006771 227.386
1392.59 844.592 703.599 311.219 21.8265 14.9923 0.00694766 225.927
1381.12 849.557 712.884 312.252 20.7768 3.95188 0.00725789 225.767
1389 825.74 721.735 339 5.89145 16.0346 0.00674411 226.617
1340.59 840.972 698.959 336.058 26.9429 8.9083 0.00391767 226.84
1824.02 739.438 753.469 257.129 27.7778 7.13566 0.00329445 229.017
1749.68 736.349 762.402 277.963 63.0285 5.38093 0.00278824 227.69
1461.87 817.232 762.402 243.546 63.0285 21.1972 0.00278824 229.285
1389.69 828.158 763.462 268.111 37.1589 11.9374 0.0187529 228.617
1364.06 820.857 759.017 282.425 19.2509 8.30418 0.0238954 229.579
1617.62 778.193 726.701 305.162 24.9597 14.6615 0.0119545 227.142
1730.57 768.14 735.971 291.666 32.597 14.9279 0.00914716 228.145
1704.96 769.387 712.823 326.088 5.74196 72.8822 0.00914716 232.073
1704.96 769.387 712.823 326.088 0.366612 72.8822 0.00987288 233.315
1186.96 877.013 712.823 336.243 0.366612 72.8822 0.00987288 234.918
1320.79 853.223 703.432 325.321 49.0372 38.527 0.000325544 227.767
1312.2 853.223 703.652 325.321 49.0372 23.506 0.00229544 227.304
1428.51 838.444 716.062 290.306 20.2886 26.3262 0.00445563 226.579
1450.98 828.182 726.25 294.351 10.3346 17.0705 0.0108923 226.158
1271.76 874.072 700.142 337.361 24.8671 7.54006 0.0102414 227.73
1369.53 876.343 688.085 327.367 24.6144 13.555 0.017731 230.875
1652.5 793.437 689.814 358.728 12.6795 1.52402 0.0270075 230.325
1614.4 791.398 709.107 358.728 23.1 10.5468 0.0270075 229.462
1480.27 815.987 723.904 324.736 31.391 6.08051 0.00968318 225.912
1523.67 816.192 705.816 293.742 0.352036 18.5121 0.00384022 227.824
1586.51 779.23 752.567 289.265 107.806 14.6434 0.00726402 229.407
1599.07 778.041 724.107 323.563 43.1432 13.6123 0.0222549 229.853
1692.86 779.917 736.321 281.086 37.0163 14.382 0.000301375 227.226
1641.97 775.07 736.032 294.32 12.0925 25.1618 0.00188613 225.439
1592.64 786.232 708.918 321.226 35.5412 8.30526 0.00205571 225.742
1593.8 803.498 691.992 312.703 21.8556 3.84407 0.000532028 225.377
1588.77 784.839 751.419 279.513 13.4566 5.22015 0.000391359 223.969
1666.91 759.553 740.714 287.492 66.2468 29.6608 0.00143863 228.3
1685.41 759.634 749.596 308.766 68.4474 25.5557 0.00929366 229.716
1738.82 751.717 732.163 334.375 23.7497 30.4161 0.00682269 229.124
1720.84 753.064 739.068 335.679 54.0895 20.1821 0.0208469 230.97
1719.63 754.489 736.833 350.295 36.1202 13.76 0.027644 231.213
1659.42 767.294 735.577 350.622 11.8511 16.7145 0.0377379 230.514
1632.74 765.001 720.706 343.32 14.2445 22.1858 0.0140352 229.805
1582.91 773.986 741.325 332.61 28.6478 2.1235 0.00918591 227.311
1674.1 772.505 720.327 349.335 21.5273 10.7666 0.0137239 228.415
1542.37 771.831 779.224 256.584 14.2202 8.76482 0.0019189 226.894
1611.61 767.246 743 299.124 15.7952 19.4956 0.00683857 226.91
1540.78 788.355 751.399 292.111 19.4015 24.2259 0.00569428 225.97
1524.66 789.366 748.545 297.779 20.2738 14.1112 0.0155913 226.901
1546.56 792.867 735.508 293.649 5.43232 26.9837 0.00254708 225.521
1402.1 816.496 747.265 301.665 70.0669 16.7786 7.43645e-05 226.847
1516.53 797.291 739.306 297.251 68.8323 36.5915 0.00153477 227.809
1504.42 807.247 716.177 296.825 35.3847 12.9608 0.000943505 225.106
1549.97 800.328 718.297 291.017 73.2473 17.5532 0.000193006 226.206
1543 794.591 730.145 298.344 51.7547 16.1018 0.0070961 226.563
1632.39 770.692 742.628 291.189 18.431 12.3397 0.0113412 226.608
1427.51 835.735 721.261 307.888 19.6264 11.7989 0.00132242 224.962
1732.96 739.347 759.33 296.409 22.325 15.3312 0.00265723 226.504
1302.23 867.912 686.894 332.601 37.2896 15.3193 0.0160278 229.278
1302.23 867.912 736.153 281.017 13.4069 15.3157 0.0141771 229.271
1302.23 867.912 681.803 356.052 26.3705 15.341 0.00257233 227.669
1396.53 837.166 691.135 343.037 27.1107 15.4553 0.00257233 226.208
1376.33 845.332 678.242 361.763 18.9188 15.0218 0.00499187 227.776
1526.1 790.303 753.337 285.065 12.1708 14.8222 0.0110682 226.264
1526.1 798.283 741.962 290.346 10.572 13.5026 0.000936442 223.908
1453.6 803.689 754.516 288.244 61.5033 5.85616 0.00579543 226.748
1460.52 834.106 704.566 289.62 62.1379 0.671092 0.000579947 226.615
1473.27 812.059 722.006 298.512 93.7045 9.09501 0.000579947 226.598
1432.48 830.184 721.696 297.618 9.81208 27.1776 0.00803542 226.462
1431.13 830.76 702.531 320.122 15.404 22.526 0.00520157 225.972
1450.9 829.798 715.404 318.521 19.7378 8.9865 0.0187655 226.535
1412.4 816.651 753.348 291.383 63.7928 12.299 0.00251936 227.075
1410.14 809.46 767.619 302.392 6.25668 22.6317 0.00633113 228.355
1484.44 801.322 750.443 293.73 22.1911 28.8282 0.0143046 227.562
1491.72 817.971 739.972 293.654 2.89518 56.8181 0.0209018 231.046
1407.57 841.987 736.516 298.198 27.5239 15.5005 0.0211314 228.499
1508.2 801.755 724.91 298.413 124.72 6.10654 0.00401866 229.178
1526.55 792.74 726.475 329.429 62.2943 17.0587 0.015969 229.325
1507.7 803.18 715.754 363.628 14.2079 15.8201 0.0215777 229.375
1583.94 797.109 715.754 302.28 6.4578 15.8201 0.0219796 229.415
1609.16 785.469 726.087 319.153 0.745022 15.7488 0.0105206 226.769
1611.18 786.038 727.855 315.877 18.0843 25.54 0.00106051 225.447
1592.46 793.884 708.418 301.438 28.3903 9.92832 6.36741e-05 224.566
1623.39 791.707 722.774 301.496 4.18595 8.06773 1.8265e-05 223.86
1666.4 789.102 721.774 300.779 37.1488 20.106 0.000379115 227.218
1528.15 788.009 765.884 249.163 80.3438 24.043 0.00157727 228.796
1651.3 752.842 779.201 273.894 79.0326 5.868 0.0105161 229.292
1654.68 761.88 755.414 257.412 18.6638 17.5513 0.0032415 227.837
1662.84 771.675 740.791 279.667 30.6952 12.5905 0.00124809 225.255
1484.35 801.754 742.186 283.919 22.4234 5.04691 0.00346163 224.861
1607.76 797.294 682.275 356.105 6.50181 3.97775 0.00242951 226.598
1634.46 776.532 718.468 305.001 32.174 7.70037 0.000518505 224.93
1415.94 828.148 720.427 276.513 17.9834 60.5976 0.00165429 230.302
1446.38 830.559 723.022 336.336 28.1413 46.2239 0.0300769 231.388
1538.93 798.288 713.806 290.974 51.7271 6.63452 0.0189661 232.576
1562.03 794.064 725.884 292.039 72.7782 18.9334 0.00808673 228.105
1532.56 805.376 738.11 289.937 26.5459 19.207 0.00878095 226.191
1265.5 856.812 727.002 286.556 16.6518 5.95206 0.00594551 226.977
1566.76 799.607 716.775 313.306 7.62178 2.52312 4.75771e-05 223.091
1540.01 811.731 715.476 281.9 6.33815 21.0418 0.000666051 225.873
1405.61 801.982 757.047 286.735 45.5103 36.4707 0.000666051 229.015
1401.87 814.64 777.275 264.266 59.7039 39.4771 0.00233644 230.851
1393.13 866.269 699.441 297.037 22.4659 4.84113 0.00176533 228.36
1354.66 819.175 763.035 308.371 33.9498 35.8776 0.0036482 230.434
1403.46 842.299 704.691 309.617 15.4528 2.24374 0.00787737 225.633
1365.79 838.525 720.835 304.913 7.61892 9.20896 0.00382547 224.729
1275.3 848 732.695 313.448 27.5066 12.1137 0.000111018 225.636
1356.74 846.398 724.435 258.281 105.813 12.1128 0.000160855 228.969
1360.61 841.577 750.125 280.021 66.9963 13.1098 0.00101959 228.652
1346.89 818.14 745.164 315.034 3.28802 7.43875 0.000736666 226.452
1436.2 807.942 749.432 314.088 29.9485 16.6441 0.000572486 226.177
1330.89 843.838 701.758 313.867 5.98674 32.9371 0.0049317 229.376
1346.17 849.723 717.081 291.346 1.88222 3.83974 0.0052144 226.128
1346.17 861.565 699.456 284.626 4.68801 1.17155 0.00552699 228.303
1362.7 861.565 706.745 280.226 7.77552 3.63694 0.00241408 226.845
1301.25 869.732 719.562 292.703 6.54474 2.24537 0.00437805 226.941
1328.63 855.571 719.193 300.471 44.2829 9.53881 0.0192849 228.271
1448.16 844.265 695.445 337.719 14.1561 10.0287 0.0332656 229.4
1359.99 863.978 696.309 301.764 20.0042 16.4222 0.0108955 228.039
1424.73 845.057 702.014 302.386 46.9547 12.073 0.0146469 228.249
1336.95 841.186 695.233 357.146 2.94339 17.1307 0.00228162 227.659
1595.7 816.896 695.898 300.836 15.4047 21.6397 0.00641196 228.694
1104.73 908.164 685.326 333.171 42.9036 2.68566 0.0102754 231.118
1070.28 908.164 690.604 330.187 42.9036 1.83366 0.00353116 230.869
1403.19 831.013 719.388 299.48 39.3285 19.2162 0.0147307 228.274
1451.55 831.013 712.342 288.957 39.8459 3.12023 0.00094331 224.957
1501.94 795.363 734.968 291.349 38.5578 11.2817 0.00153363 225.536
1366.55 839.13 735.479 259.508 37.686 7.36784 0.00636788 227.934
1475.75 793.696 755.265 260.872 32.0533 13.5052 0.00683975 229.15
1471.41 795.629 770.103 260.872 19.7235 17.8705 0.00722 227.538
1290.42 829.927 767.743 294.871 16.4463 18.01 0.00521803 228.991
1417.43 817.197 769.516 272.413 14.8381 4.9688 0.00423235 226.737
1364.9 826.276 754.115 277.076 12.5289 11.7851 0.00988887 226.905
1816.58 744.007 727.144 321.025 21.7342 12.33 0.00159178 227.655
1627.28 773.479 725.621 321.025 13.4456 12.33 0.00109621 224.579
1676.65 754.611 746.058 328.198 23.4136 8.1533 0.00323811 226.806
1640.43 780.139 741.289 309.897 0.976139 4.78005 0.0171003 227.348
1690.02 768.28 748.176 318.414 26.7022 7.17546 0.0105824 228.907
1493.7 785.807 750.17 307.978 2.29596 14.1131 0.00903246 227.669
1598.04 768.722 759.458 309.485 37.3953 37.6153 0.000459122 228.351
1411.12 824.876 728.567 300.35 51.0817 17.0771 0.00111499 225.414
1534.12 798.845 720.558 302.416 8.98225 8.23044 0.00241609 224.482
1511.91 823.924 721.405 290.899 30.5123 16.6543 0.0103298 227.324
1408.27 803.164 732.023 336.825 14.1079 38.5334 0.0126207 232.262
1523.7 804.793 732.023 298.503 18.713 53.3357 0.000632353 227.099
1545.05 799.972 758.667 255.263 37.8106 42.2084 0.00509149 229.721
1602.07 780.779 765.537 267.983 19.7196 23.2156 0.00707526 227.423
1618.21 791.049 737.281 320.96 36.3942 14.8475 0.0217629 229.198
1528.75 812.618 695.432 348.174 46.8068 22.3897 0.0154905 229.358
1680.92 773.865 706.201 313.893 76.6675 26.9072 0.00512619 230.016
1655.48 793.405 703.752 329.919 35.9608 23.4998 0.00480703 228.468
1504.88 800.347 745.961 290.413 21.5675 8.23459 0.00690984 224.974
1472.05 819.814 735.366 282.625 45.0803 5.96622 0.0215257 228.092
1517.23 794.471 758.738 282.648 70.5581 10.2709 0.0329623 230.508
1526.05 802.903 759.882 283.735 47.0653 18.7729 0.0339726 229.831
1509.36 787.642 749.534 279.74 35.3732 14.0041 0.00656388 227.454
1574.71 784.245 733.792 294.852 6.93023 6.18448 0.0154761 227.717
1601.08 802.606 682.496 359.87 9.43438 15.4902 0.00412933 227.488
1598.95 801.482 686.761 346.175 5.23792 3.27719 0.00412933 226.278
1583.54 790.293 725.975 329.385 29.7531 13.366 0.0135115 226.819
1613.29 771.593 746.023 300.84 32.8628 8.36181 0.021646 228.044
1495.84 787.034 742.483 300.936 20.9545 17.9509 0.00212272 226.615
1362.33 825.959 755.872 292.173 25.3308 18.5252 0.00606467 226.981
1302.44 825.303 762.524 274.246 16.6656 9.05972 0.00219536 227.946
1313.65 822.068 793.377 261.6 6.94623 13.421 0.00570585 230.471
1276.16 845.541 739.634 281.53 3.11991 9.79337 3.39235e-05 225.782
1341.28 845.541 739.634 281.53 3.11991 4.61868 3.39235e-05 224.627
1341.28 857.049 709.031 283.744 16.1245 4.95788 0.00282731 226.096
1349.48 854.785 711.261 343.2 8.03278 8.98944 0.00656208 227.984
1304.48 875.294 691.495 345.138 49.5459 12.8227 0.00681571 230.226
1298.6 862.376 693.132 326.993 80.8008 34.6069 0.00274583 230.213
1349.11 861.554 696.706 334.206 16.0597 7.61405 0.0123027 226.973
1309.38 852.312 695.441 345.759 9.87648 5.54157 0.0135603 228.282
1438.54 836.832 715.324 314.964 8.01219 24.0785 0.000246316 225.664
1780.39 751.743 717.854 322.039 7.73735 3.72012 0.00480269 226.865
1403.15 834.426 717.235 357.887 3.80585 11.7481 0.00405664 229.266
1275.4 861.71 711.715 304.279 39.3622 14.7396 0.0185426 230.032
1482.77 850.437 707.645 302.391 21.7913 8.59805 0.037381 232.143
1526.45 826.846 718.135 306.926 11.5516 35.2584 0.0181043 230.047
1484.54 826.846 716.803 308.816 9.43146 25.7605 0.0383682 231.348
1381.56 844.593 739.416 317.812 9.43146 28.8863 0.0383682 230.46
1353.22 852.681 740.602 306.134 9.2105 38.2995 0.0307856 231.168
1407.53 854.026 685.853 368.062 16.8863 31.2804 0.0290874 231.841
1375.29 853.193 686.315 376.977 8.68366 24.3052 0.0208052 231
1640.55 792.346 755.697 277.457 6.60462 29.5509 0.01258 231.944
1535.59 819.393 682.451 323.797 2.11032 32.1974 0.00633028 229.282
1482.27 827.085 721.409 288.918 13.4283 17.0314 0.0153845 227.476
1436.62 829.752 734.294 298.298 14.0372 17.0263 0.0027917 225.732
1317.76 844.454 742.308 281.891 7.7259 16.763 0.0036802 226.18
1325.21 835.091 743.836 310.278 23.7513 15.6004 0.00811381 227.17
1346.92 860.526 704.345 318.231 22.6255 18.4432 0.00155386 226.286
1478.71 809.159 718.965 327.525 42.4959 9.85396 0.00450979 225.819
1473.96 824.363 729.888 285.371 39.3946 3.00619 0.00289378 225.507
1607.46 786.281 736.381 333.441 7.62931 10.6833 0.00461668 227.623
1530.96 793.042 747.157 258.713 56.0829 13.2501 5.23393e-05 226.088
1577.65 780.241 753.841 252.496 54.8041 19.9074 0.00696114 229.496
1632.58 775.874 737.824 287.852 54.8041 13.253 0.00221351 225.88
1632.58 764.634 742.491 294.4 51.1898 0.429264 0.00221351 226.807
1510 811.454 725.257 269.715 60.729 29.759 0.00655031 229.428
1537.11 822.55 674.417 344.579 38.5301 11.9353 0.000165958 226.477
1514.18 822.022 688.288 342.498 43.8915 17.0991 0.00326541 227.164
1461.16 822.022 703.827 342.498 43.9097 26.7597 0.00326541 227.556
1475.79 819.693 707.138 322.429 48.5987 31.1651 0.0103877 228.342
1537.07 799.494 725.673 317.027 37.3285 42.4663 0.00788144 228.15
1590.64 809.492 704.744 341.312 45.9244 51.4496 0.017907 232.965
1705.92 777.913 699.022 326.031 38.567 17.3911 0.017907 230.255
1640.82 791.68 712.758 323.062 23.7098 19.8012 0.0150303 227.852
1395.12 833.3 723.734 347.566 41.9367 3.20298 0.0212619 229.526
1633.08 789.382 732.814 299.688 36.9822 2.29842 0.0236241 228.197
1535.76 784.086 743.668 288.822 25.2347 22.2273 0.00268963 226.378
1525.3 799.839 737.004 312.957 16.7712 25.6969 0.00153329 225.514
1627.94 781.224 699.836 335.001 39.9093 26.7611 0.0030829 228.272
1447.33 811.113 714.917 323.476 26.2423 16.1036 0.00293184 226.148
1498.61 817.57 734.672 261.429 17.3406 15.0691 0.00102127 226.048
1572.22 802.952 729.081 298.393 65.9075 6.65154 0.0173347 228.155
1525.09 812.339 686.852 362.141 3.45769 8.35152 0.000390222 225.828
1451.66 833.591 680.228 341.491 3.45769 8.35152 0.000762005 225.286
1451.66 833.591 680.228 341.491 38.3891 2.28616 0.000762005 225.935
1422.11 833.591 680.228 341.491 38.3891 1.35314 0.00108708 226.935
1449.48 794.973 737.433 326.143 24.9912 1.0031 0.00163723 227.195
1416.56 801.636 751.535 318.734 30.8008 1.78816 0.00123771 227.04
1569.28 749.15 788.942 292.776 20.3098 6.14108 0.00756231 230.081
1563.65 795.11 733.362 288.985 34.5299 2.10917 0.00942549 225.971
1546.76 784.222 756.066 291.61 26.0486 1.41601 0.00112487 224.722
1513.1 833.503 705.152 291.705 18.8451 7.63358 0.00297989 226.924
1437.02 823.013 723.891 306.797 29.2721 14.331 0.00396134 224.907
1400.06 824.072 729.691 325.847 42.3328 41.4058 0.00179201 228.597
1515.41 784.384 761.068 278.86 4.95972 48.3809 0.00361992 228.855
1543.48 796.78 741.117 294.016 7.48932 3.63308 0.00379236 224.294
1525.08 793.099 721.216 332.829 6.06259 3.7097 0.00675763 225.833
1349.03 824.973 746.441 314.788 29.0747 5.66463 0.00414889 226.737
1334.73 849.525 746.232 272.188 30.6234 20.0331 0.0103528 228.365
1356.55 850.111 703.237 324.927 40.1392 12.9595 0.00798864 226.677
1489.84 849.288 675.508 331.145 61.0646 20.7452 0.00845501 231.545
1588.74 797.113 709.964 309.834 18.9238 15.9478 0.00203571 224.947
1538.01 786.568 745.343 287.418 49.6732 8.07901 0.00657475 226.42
1686.3 759.197 747.98 283.486 7.64944 8.51926 0.00697441 226.159
1575.99 793.198 762.618 293.331 10.5752 12.2231 0.0254966 228.556
1486.02 825.666 714.572 293.331 14.5317 8.54609 0.0053092 225.29
1531.33 788.711 770.197 278.506 10.1672 0.607842 0.000660998 225.894
1356.88 826.725 736.746 331.693 11.4166 13.9867 0.000660998 226.41
1379.62 830.463 746.752 287.437 16.59 19.4233 0.00473922 226.018
1258.21 857.471 711.097 316.784 16.2972 14.8707 0.000859127 226.021
1285.26 874.107 715.525 291.731 3.45078 20.8822 0.0053179 228.025
1285.26 872.661 718.051 259.506 58.7784 15.369 0.00372357 229.946
1404.78 824.355 722.417 266.435 40.1933 8.54922 0.00194956 229.156
1613.24 783.991 737.027 288.391 29.9514 16.5475 0.0016985 225.02
1593.66 780.274 736.489 286.388 32.6657 15.9108 0.00094075 225.128
1543.82 768.2 788.71 286.015 49.2463 18.7206 0.000117572 229.164
1530.46 802.25 743.763 289.077 19.462 18.4183 0.0113128 226.222
1527.81 791.03 745.353 296.595 7.21592 4.25252 0.00932647 225.374
1538.84 791.03 770.616 275.805 3.65505 2.44434 0.0214968 227.854
1522.83 790.807 769.215 284.618 5.71463 10.0371 0.0258697 227.939
1547.19 781.885 752.936 320.038 18.2277 3.09112 0.0309822 228.582
1518.8 781.744 752.936 320.038 37.526 0.761378 0.022125 229.575
1431.01 831.353 755.578 284.924 46.1972 7.86683 0.0261063 229.691
1611.66 788.58 745.32 296.793 40.123 3.46304 0.0376641 229.441
1537.24 781.695 761.387 318.415 32.0266 2.57615 0.00987809 228.068
1669.16 752.099 750.224 323.044 16.6209 0.768995 0.00615112 227.216
1459.69 798.489 748.069 322.354 46.0991 8.50726 0.0106325 228.069
1410.88 818.631 726.021 335.062 6.51498 4.14405 0.00335844 225.456
1590.21 780.875 724.766 305.97 28.9861 9.59613 0.00621092 226.296
1741.05 784.859 721.478 313.542 19.0484 26.7092 0.0263381 233.567
1559.28 801.989 743.289 269.919 16.588 0.21604 0.0168847 228.693
1515.43 788.356 775.119 291.271 17.5715 4.32989 0.00773979 227.292
1582.53 801.171 716.775 298.43 17.4582 15.7069 0.0109771 226.671
1649.46 777.818 738.754 306.286 31.5161 9.8125 0.0124991 226.683
1616.1 788.417 702.145 322.986 19.8118 33.9336 0.000804562 226.697
1351.93 836.545 724.509 316.882 38.2845 11.9376 0.0096939 226.803
1349.05 819.885 772.549 314.855 20.2281 27.1606 0.0167574 231.873
1480.05 810.955 751.361 278.189 16.3505 52.2602 0.0225319 230.932
1544.13 791.058 738.36 345.648 4.1246 38.4292 0.0149439 230.404
1605.03 784.256 721.293 343.62 10.8395 46.225 0.0167288 230.024
1446.08 845.061 716.135 316.831 80.139 19.6572 0.0132145 232.662
1451.01 831.355 703.934 302.422 60.3065 25.3966 0.00678338 228.148
1649.49 782.548 718.135 317.198 40.2833 6.37682 0.00456328 225.935
1591.29 811.509 715.788 302.948 28.2588 13.7874 0.0102749 228.025
1461.69 816.392 765.669 242.099 37.6834 3.3383 0.0170082 229.811
1375.81 839.387 730.112 317.691 31.8032 9.61185 0.0123688 226.947
1375.81 839.387 698.71 327.934 36.5158 9.99928 0.00616192 226.655
1400.86 827.039 724.836 313.198 5.25875 10.4676 0.012221 226.136
1437.61 832.465 722.285 284.312 64.1557 6.19179 0.0150265 228.246
1489.82 809.96 732.433 336.813 76.1798 8.24685 0.00668036 230.727
1644.06 776.191 755.89 251.558 66.7374 22.7197 0.000860074 228.308
1613.36 782.524 728.48 291.318 17.4042 12.8324 0.000930843 224.483
1337.33 843.981 709.506 355.036 27.8016 37.6916 0.000733854 229.605
1418.68 849.116 649.546 365.54 23.4077 20.5915 3.43081e-05 228.852
1434.07 811.379 722.042 292.1 1.01348 13.4077 0.000420002 227.502
1422.74 810.928 732.705 327.986 9.1736 22.4549 0.000408962 225.662
1461.78 795.624 740.452 291.121 7.79314 29.7631 0.000845919 227.717
1490.63 795.624 723.812 320.816 6.99722 28.6776 0.00368924 227.469
1502.55 816.183 717.979 309.229 10.7153 19.0342 0.00918503 225.735
1544.42 812.647 687.216 352.465 16.1325 16.1255 0.00480237 226.749
1613.71 785.511 733.011 290.953 18.5843 18.0639 0.0120086 226.778
1442.13 814.981 706.183 350.368 20.7099 15.0541 0.0189073 229.665
1405.42 829.952 709.738 341.95 20.3095 4.80876 0.00214502 225.241
1431.92 820.136 723.098 338.969 18.6799 6.0901 0.00178406 225.583
1445.57 832.148 696.306 347.564 23.4991 7.2881 0.00802464 226.379
1470.15 829.333 714.399 335.811 18.4848 5.3351 0.00689649 227.113
1423.43 830.618 737.573 306.906 27.9536 4.32217 0.0105526 226.685
1413.85 828.233 751.744 290.076 3.86103 2.85396 0.0197326 227.374
1412.44 827.516 728.465 285.533 4.91857 6.41207 0.00510838 225.435
1457.76 818.083 715.442 319.132 13.2482 6.73111 0.00457518 224.437
1561.28 813.139 731.795 305.175 4.83847 11.3207 0.00323035 228.394
1466.17 823.003 737.221 277.453 7.63328 9.76623 0.0016436 224.943
1342.12 834.777 753.584 270.999 17.3114 6.19325 0.00211653 225.671
1327.61 831.076 738.151 308.93 18.0707 3.71344 0.00196783 225.545
1332 828.693 778.046 239.813 0.908926 4.56152 0.000670201 229.085
1372.65 833.451 745.271 289.215 0.908926 2.77764 0.000670201 225.415
1388.1 831.938 736.14 277.079 31.6658 2.95026 0.000366757 224.475
1394.58 814.913 760.113 244.227 13.8008 3.64144 4.84251e-05 227.24
1631.03 791.189 719.671 294.322 13.6296 6.50979 0.00172466 224.823
1513.07 804.951 732.458 303.914 11.3791 4.72266 0.00307143 223.912
1484.75 822.529 721.634 295.463 20.0028 10.2783 0.00175889 224.409
1480.35 795.055 746.213 333.395 22.663 32.9467 0.000971369 228.658
1648.82 757.683 751.849 313.5 12.6721 21.4716 0.00265541 226.369
1596.61 776.763 738.818 299.263 7.40228 18.7803 0.00265541 225.162
1612.05 783.791 723.796 308.955 17.3227 21.8572 0.0209511 228.813
1612.05 792.085 758.178 289.785 4.40735 19.261 0.0326864 230.155
1648.4 775.85 707.74 334.061 17.5268 19.9095 0.00750242 227.379
1489.21 798.8 744.213 278.536 47.9736 21.8618 0.00889634 228.142
1447.87 799.857 765.365 308.051 33.3243 12.2652 0.0226389 228.863
1477.5 805.043 742.958 301.718 63.2969 7.70903 0.0331546 230.409
1539.56 787.955 743.018 313.35 73.8019 11.7094 0.0159226 228.802
1469.31 806.408 730.778 304.109 87.3305 9.03438 0.00644007 227.866
1476.48 831.934 731.743 276.217 43.7508 17.0808 0.00975352 228.69
1440.6 830.522 706.213 316.685 28.5913 23.4879 0.000761501 225.033
1446.35 816.672 717.784 336.963 10.2968 18.6531 0.00125518 225.218
1407.5 841.934 693.505 334.291 23.7703 18.2873 0.00861118 226.736
1483.32 831.627 695.187 291.785 1.27795 20.0673 0.00797893 229.8
1706.12 768.362 728.077 317.098 13.0515 14.5536 0.00376824 226.199
1426.86 850.298 689.657 306.009 7.95413 12.0996 0.00188489 226.053
1391.22 843.285 705.362 308.796 6.85827 6.1935 0.00862352 225.826
1368.33 851.875 719.64 285.946 3.42241 2.42439 0.0160372 228.105
1218.26 861.306 734.966 339.345 30.2696 1.32691 0.00350317 230.968
1524.46 809.366 706.42 329.265 12.0979 47.8537 0.0073814 228.259
1492.3 809.302 756.334 292.563 56.4186 8.67917 0.0247751 228.754
1560.34 810.075 732.743 328.759 19.094 11.5568 0.011685 230.472
1456.39 812.975 726.829 338.68 5.48945 11.3722 0.00627795 226.16
1598.21 805.111 719.853 320.1 34.4096 40.0268 0.0132372 230.622
1594.08 793.052 717.194 316.844 83.7467 32.5314 0.0113098 230.204
1434.7 815.831 741.217 298.874 8.94286 22.762 0.00660037 225.825
1367.36 829.515 756.081 281.429 99.2364 21.3386 0.00933325 230.652
1634.85 761.796 781.043 234.52 69.6054 14.1983 0.0145446 231.612
1634.98 781.688 723.243 266.776 129.107 19.4001 0.0132502 234.509
1669.65 774.873 723.243 283.142 112.889 73.6207 0.0080665 235.883
1578.54 774.873 762.9 281.687 92.8168 22.893 0.00242702 228.926
1533.5 796.606 759.837 254.548 154.537 0.783402 0.0073348 232.247
1569.02 777.738 751.878 283.531 101.137 0.783402 0.00744557 229.253
1421.9 831.059 761.485 241.133 51.5236 6.02997 0.00790639 229.771
1451.44 834.597 739.47 288.081 48.9203 5.70114 0.00956416 229.138
1560.88 798.677 740.855 263.726 69.5147 4.7613 0.0160085 229.298
1411.45 803.378 722.358 337.535 23.1298 10.3958 0.00239991 228.971
1409.6 825.769 739.45 282.943 19.6031 21.6352 0.00239991 225.408
1442.49 799.224 739.641 325.964 21.4546 17.7215 0.00438867 227.301
1571.19 766.074 749.27 313.177 45.1158 10.9341 0.00384652 227.811
1570.3 782.952 742.169 309.08 25.1397 15.9075 0.00940146 226.014
1406.87 835.775 745.026 294.743 38.4357 8.50517 0.0123313 228.078
1608.41 787.436 735.685 309.744 9.15841 12.235 0.00996317 225.802
1579.22 787.141 735.888 312.11 5.53213 9.83742 0.00515567 224.763
1587.1 776.601 740.453 322.496 4.92961 20.6853 0.00740825 226.491
1638.35 752.994 742.772 316.218 44.611 21.112 0.00491118 229.196
1671.94 757.529 756.376 314.289 25.2135 16.7023 0.0168278 228.06
1741.06 749.048 748.321 298.688 46.0379 6.78878 0.0209982 228.814
1294.88 841.152 735.968 315.127 55.7577 16.53 0.00254921 228.135
1294.88 854.708 734.646 288.665 10.1677 16.0704 0.00297132 226.012
1242.22 876.158 714.874 304.001 37.768 31.7414 0.00857854 229.2
1417.32 841.852 705.906 305.502 34.5254 23.4423 0.00328348 226.272
1329.09 836.322 701.209 346.986 38.1057 15.2225 0.00596664 229.628
1329.07 850.848 729.34 324.627 38.8525 3.86897 0.0286992 228.994
1369.56 851.156 731.555 308.409 40.2319 18.4502 0.0344821 230.045
1369.56 847.559 723.787 328.563 29.448 14.4395 0.0277572 228.795
1618.75 790.221 752.099 285.87 22.1755 23.3799 0.00066755 228.457
1543.33 777.911 752.736 293.694 4.44617 4.61497 0.000336323 224.507
1505.39 815.864 669.37 355.09 5.09759 10.3411 0.000463211 227.789
1533.48 827.784 669.37 355.09 39.5466 2.3308 0.000449874 227.616
1523.77 811.04 719.782 352.03 1.6148 1.98753 0.00101331 228.926
1695.23 795.601 707.055 322.141 8.89789 0.469986 0.0149148 230.879
1704.2 767.435 711.253 326.192 1.40018 7.40966 0.00214953 226.049
1595.87 780.045 734.354 321.547 5.49129 14.8508 0.0103725 226.072
1556.03 780.877 746.259 307.066 15.0227 14.8184 0.00394817 225.216
1586.16 772.254 775.711 262.828 26.1134 17.5338 0.00233839 226.563
1505.53 795.478 766.535 262.503 8.7267 19.6925 0.008444 227.224
1602.44 784.175 727.872 271.288 91.161 8.32164 0.00252343 228.695
1612.42 794.202 713.659 287.629 75.8998 6.30982 0.00204073 227.207
1505.78 808.765 739.208 273.067 132.622 12.9666 0.0179858 231.617
1513.97 801.008 773.375 246.318 172.581 31.2805 0.0207775 236.559
1518.9 803.379 780.235 226.203 182.626 15.2344 0.0278666 237.693
1527.75 770.075 818.422 211.633 43.762 22.3381 0.0104357 234.291
1716.72 773.23 749.929 288.228 42.3131 29.3997 0.00823551 231.951
1622.88 773.23 725.867 307.368 38.0761 17.2307 0.0139605 228.92
1596.72 782.541 743.515 308.999 34.164 17.9187 0.0144522 227.065
1717.11 757.634 757.829 302.94 37.9166 16.5474 0.0264543 229.594
1621.81 788.18 741.972 308.087 36.1527 15.6882 0.0220004 228.519
1703.99 767.815 725.761 323.885 22.6309 13.4712 0.0171024 227.765
1676.38 766.511 727.891 323.299 29.9608 20.325 0.0022562 226.295
1620.77 776.8 737.767 306.691 25.9536 22.9671 0.00100618 225.225
1501.85 797.621 751.174 282.465 15.0517 50.5179 7.42456e-05 226.758
1532.83 792.241 752.951 260.473 13.4395 41.6261 0.000173714 227.263
1592.12 785.745 717.281 318.463 47.6977 6.92664 0.000173877 224.683
1588.79 777.241 715.54 301.074 32.1766 7.64889 0.00146185 228.416
1652.47 787.435 706.824 335.824 26.4465 2.63101 0.00237166 226.276
1499.7 801.015 705.579 324.427 8.84001 11.8265 0.000714439 226.046
1585.78 790.349 717.145 325.613 34.8079 32.7044 0.0076267 227.636
1380.03 827.635 723.872 333.873 11.3047 9.49381 0.00432838 225.689
1308.73 868.597 696.356 321.081 7.09847 5.38859 0.00481885 225.828
1280.99 863.181 697.015 308.639 74.9026 22.425 0.00523275 229.921
1603.74 820.29 706.613 305.395 38.2843 23.2004 0.00308647 231.652
1521.99 814.675 730.291 284.682 18.416 24.9438 0.00264593 226.145
1477.56 798.597 739.946 308.745 9.52567 15.8376 0.00764583 225.999
1553.2 804.715 722.747 292.756 9.76991 17.3323 0.00287622 225.007
1449.58 809.093 732.82 303.186 34.6056 7.33863 0.00345486 225.117
1449.58 819.438 735.521 303.186 34.6056 6.32776 0.00650312 225.337
1387.36 833.665 744.418 273.819 73.1833 14.9479 0.00584286 227.931
1347.02 838.017 744.418 286.141 62.7669 3.2209 0.00470816 227.08
1549.76 813.621 717.128 315.982 11.5061 9.43787 0.0052019 225.875
1582.56 792.272 737.943 285.603 23.9198 13.1322 0.00498106 225.26
1564.03 774.296 761.402 301.951 11.224 13.4718 0.0121771 226.71
1607.86 784.183 724.14 306.91 51.2541 10.6969 0.00251935 225.534
1486.06 801.405 744.074 308.17 6.07935 18.2414 0.0111504 226.166
1466.63 793.587 766.772 301.644 21.3156 6.22574 0.00870555 226.936
1555.71 762.338 759.793 288.119 16.4904 5.0139 0.00259708 228.307
1575.83 788.153 767.148 276.363 19.5146 4.48515 0.00180336 226.694
1495.7 788.153 771.978 278.358 24.6299 3.35323 0.000394058 225.237
1495.7 818.785 724.966 295.159 21.5381 3.46318 0.000101 223.59
1553.13 785.995 736.189 282.554 5.43289 8.99811 0.00126712 225.497
1602.49 790.032 704.871 338.293 24.6457 6.00245 0.0047983 225.762
1602.49 790.032 719.008 329.75 7.48517 5.28342 0.00445256 225.028
1502.01 788.469 736.785 309.206 7.48517 5.28342 0.00354094 225.905
1502.01 782.908 760.201 299.141 15.4505 5.28342 0.00187367 225.45
1712.65 769.082 741.646 299.141 19.3596 3.10304 0.00131488 226.691
1660.62 768.546 756.869 291.624 17.954 10.0305 0.000890577 225.603
1575.99 780.323 755.517 291.289 2.71537 7.25912 0.00118538 224.545
1478.04 792.204 779.836 255.313 22.1688 30.0696 0.000127962 227.365
1495.26 792.204 779.836 255.313 22.1688 15.1731 0.000127962 226.218
1616.82 787.336 771.259 255.313 2.05628 15.1731 0.00113914 229.842
1499.43 787.336 790.717 237.004 2.05628 48.6802 0.00202799 231.766
1499.43 787.336 790.717 237.004 9.9776 52.5523 0.0012785 231.378
1539.09 812.605 724.351 285.683 20.3992 46.3332 0.00118184 227.659
1419.46 847.118 701.292 310.994 22.0565 1.74273 0.000368961 224.892
1413.71 821.821 725.468 317.433 56.7375 18.1373 0.00193011 226.444
1459.12 845.215 686.127 326.254 12.1842 17.4899 0.00077146 226.155
1461.77 839.535 694.011 338.045 23.1132 26.828 0.00350736 227.87
1460.86 845.16 688.851 321.04 25.346 26.4253 0.000381221 227.036
1501.78 782.804 759.101 312.987 19.4978 20.495 0.000318476 226.529
1345.03 833.481 736.279 299.296 56.1683 23.3659 0.0117186 228.799
1506.05 793.712 734.472 337.954 13.3152 21.4995 0.0235412 229.104
1506.05 797.107 728.128 349.225 25.3915 18.5669 0.0195412 229.124
1637.72 762.698 754.317 283.4 13.8534 24.921 0.00158766 225.955
1633.9 762.698 770.622 283.4 10.4109 24.8043 0.00437237 226.975
1550.63 762.625 772.973 290.352 2.47267 10.5548 0.00254374 227.68
1576.32 788.734 735.908 295.631 0.542013 7.8816 0.00065475 224.533
1607.02 788.734 725.64 311.31 0.542013 7.8816 0.0011005 224.946
1648.44 773.838 746.406 267.954 31.9253 7.8816 0.00136761 225.483
1570.53 779.274 745.228 292.697 50.784 51.4871 0.00119232 228.618
1628.23 777.114 753.265 296.474 34.437 62.0034 0.021489 231.784
1672.74 772.583 742.829 305.903 34.5181 2.77582 0.0266265 228.29
1575.17 788.257 744.078 305.219 40.9074 42.6842 0.0180545 229.536
1575.17 790.182 746.665 296.687 40.1915 61.9029 0.0120262 230.758
1426.27 815.453 742.09 282.388 25.916 61.1276 0.0107214 230.95
1378.79 823.186 776.422 241.448 35.3831 47.67 0.00842863 232.181
1535.11 803.052 728.973 295.052 15.244 4.66168 0.00139214 223.647
1513.84 801.256 727.648 304.624 14.8822 21.1359 0.00136252 224.485
1559.83 792.283 720.253 325.988 5.17743 4.33174 0.00460611 224.732
1507.28 804.225 709.201 344.59 15.1835 7.16768 0.009489 226.36
1518.88 807.254 717.744 336.336 28.4898 4.43069 0.00476346 225.767
1514.89 814.656 720.899 316.306 40.5639 34.3722 0.00518851 227.834
1465.96 813.938 734.75 296.287 112.921 28.1902 0.00168869 229.575
1512.84 808.02 726.406 295.441 112.921 24.3477 0.00233613 229.073
1432.5 838.233 702.897 313.92 26.1775 30.8122 0.0039244 226.63
1382.43 834.578 710.121 321.684 4.36778 24.8861 0.00380113 226.11
1398.43 834.244 703.304 325.686 9.58963 21.3462 0.00277075 225.507
1399.86 831.731 719.943 308.735 9.58574 8.02111 0.00317643 224.235
1414.37 831.166 713.673 309.149 33.2809 4.65247 0.00326818 224.719
1461.35 822.207 721.004 282.783 19.7953 28.6158 0.00239012 226.42
1578.09 796.183 734.516 326.277 9.36413 5.68705 0.00515026 226.872
1588.05 790.725 738.197 284.464 37.5569 13.2331 6.81601e-05 224.282
1678.14 784.768 697.078 314.599 17.2275 9.70257 0.00861462 227.889
1590.2 792.305 704.868 319.352 8.1703 18.6258 0.0126445 228.338
1661.46 795.54 717.727 290.088 10.2027 11.3005 0.00554426 227.686
1592.82 791.741 706.931 330.947 18.7194 9.99071 0.0127113 226.865
1590.76 802.985 716.765 303.701 24.3349 2.05184 0.00762523 225.951
1590.82 784.218 729.751 313.044 38.14 19.6164 0.00337693 225.769
1567.26 793.438 738.362 314.543 12.539 17.6544 0.0139244 226.441
1551.26 796.1 710.866 352.442 1.621 3.77289 0.00985309 227.088
1477.92 830.624 677.205 332.704 1.621 3.01225 0.00819153 228.307
1269.32 874.263 702.234 322.514 32.2621 5.90571 0.00966324 227.27
1216.15 896.235 711.81 298.878 25.5328 11.3098 0.0054499 229.882
1150.2 914.111 707.705 298.14 15.6506 39.2247 0.00653283 233.487
1328.85 853.937 723.824 282.945 10.6546 40.4024 0.00629987 228.601
1397.46 838.154 741.12 282.911 12.6845 16.2751 0.0118158 227.072
1437.17 820.853 745.59 284.848 0.0541184 13.0749 0.0188189 229.374
1383.57 827.201 748.807 274.962 14.3058 11.0328 0.00486254 225.714
1401.39 821.87 750.812 282.279 72.5521 11.1227 0.00484293 227.373
1512.22 823.794 716.663 299.124 4.78591 9.23913 0.00474073 225.727
1576.91 782.951 759.122 275.513 6.93825 28.6912 0.00448662 226.658
1535.07 791.952 751.483 269.359 4.39422 34.6385 0.00501823 227.759
1472.57 809.534 726.805 284.701 8.92913 1.78507 0.00252851 225.663
1377.09 834.17 743.503 290.784 63.5356 25.5349 0.00357833 228.249
1430.14 833.366 703.002 320.514 42.0741 25.3889 0.000238529 225.543
1755.43 759.011 714.458 301.515 8.25783 27.2376 2.16625e-05 226.823
1383.47 841.691 716.943 292.154 62.0176 28.0087 0.000123533 226.482
1417.71 832.788 717.62 298.626 26.3584 15.9549 0.000186212 224.026
1628.56 784.375 714.455 298.197 47.0465 5.93466 0.00124301 225.68
1425.8 829.89 719.877 313.568 49.0106 4.85622 0.00410713 225.598
1505.6 791.423 744.757 307.932 2.80004 8.33302 0.00500697 225.348
1479.96 801.057 740.783 292.753 58.0129 2.98629 0.00797256 226.795
1535.48 788.751 742.632 294.003 90.9103 21.4518 0.00121708 227.724
1527.9 789.009 731.535 306.196 43.5176 16.6543 0.00288078 226.308
1661.88 749.785 754.382 310.151 34.2119 7.01411 0.00370513 226.764
1667.72 749.785 751.099 298.003 5.55228 10.3745 0.000489457 225.519
1657.05 750.988 747.264 308.376 3.62254 11.8082 0.00310428 226.768
1491.3 815.345 711.466 307.306 14.2372 11.9703 0.000211719 223.519
1507.51 818.508 711.323 307.306 18.4863 4.95773 0.00060014 223.679
1589.69 791.297 732.885 293.689 15.2738 6.37221 0.0048038 224.609
1598.72 804.899 717.067 291.633 13.0579 5.59197 0.0120861 227.1
1581.74 801.692 727.092 282.367 49.1998 8.76352 1.05219e-05 224.846
1583.64 788.025 733.003 307.205 57.4244 7.74182 0.00281801 225.719
1645.22 766.347 738.124 311.95 45.5983 2.78435 0.00135369 225.52
1637.75 767.062 734.578 316.294 20.2663 29.4773 0.010123 227.816
1573.94 778.9 739.71 309.823 53.2969 8.47636 0.0158877 228.044
1625.13 797.975 718.712 323.607 96.4322 3.14511 0.0202011 231.886
1619.57 787.842 706.964 298.549 46.9807 4.80611 0.0116616 229.524
1713.56 771.823 691.557 357.062 10.1456 18.6905 0.00173263 228.023
1471.74 821.808 703.378 309.386 19.5414 3.28245 0.00355454 225.108
1529.73 792.4 747.06 281.382 41.0079 2.49892 0.0084702 226.207
1494.08 801.885 756.181 290.521 45.8171 19.987 0.00309084 226.92
1426.86 824.025 682.535 327.277 7.49525 17.942 0.00157713 230.088
1378.53 825.911 751.596 286.716 7.97955 8.43659 0.00572373 225.591
1421.7 816.559 743.03 304.24 53.9387 17.1106 0.00753613 227.184
1305.4 829.828 764.095 292.499 16.7077 0.657873 0.00360902 227.911
1633.72 776.044 753.39 270.103 27.4399 5.15036 0.00231804 225.346
1672.65 761.777 733.178 320.783 25.9952 6.88587 0.00313797 225.52
1641.45 764.402 736.83 306.41 29.3325 9.77655 0.0047114 225.947
1573.03 783.273 735.245 314.903 32.5363 5.55424 0.00569323 225.332
1573.03 783.273 738.03 314.903 4.04059 5.55424 0.00569323 224.934
1573.03 792.65 725.115 307.668 25.3434 5.17836 0.00611507 224.843
1605.75 792.65 731.218 311.001 1.90721 4.36976 0.00574702 225.912
1554.21 798.648 731.777 320.817 24.5641 13.4374 0.00631602 226.047
1507.04 814.356 710.99 339.718 34.381 9.34586 0.00577491 226.468
1468.14 814.183 723.173 313.246 38.9027 7.78187 0.00577491 225.227
1535.98 803.077 723.173 309.985 38.9027 14.1693 0.00440133 225.295
1513.43 805.948 749.518 321.222 8.67234 43.1983 0.0321235 230.817
1509.68 811.17 749.206 287.733 15.3068 17.7745 0.0212085 227.709
1552.58 801.46 742.289 286.804 11.2952 7.79883 0.0435793 231.459
1497.6 821.454 736.558 302.237 2.77091 3.4583 0.0220436 227.678
1392.34 835.14 746.589 306.618 2.75463 7.33765 0.0254413 228.042
1347.74 843.402 763.038 260.316 19.1312 8.02746 0.00212645 228.306
1380.4 849.017 721.982 305.84 7.1218 4.3049 0.00700305 226.076
1354.09 848.53 716.147 300.287 32.4375 22.1144 0.00735568 226.783
1491.1 833.238 697.119 349.617 41.4088 30.2081 0.014923 231.022
1409.91 843.551 697.119 333.441 32.4766 53.156 0.0207113 231.509
1497.55 828.624 690.843 369.032 22.7958 17.5695 0.0196452 230.215
1475.52 828.389 698.869 336.809 19.8999 39.6031 0.00874716 228.271
1495.44 814.933 742.379 285.401 48.8132 11.5004 0.016284 227.517
1510.2 821.693 718.704 288.49 63.0192 3.6031 0.0236398 229.689
1465.45 809.473 711.502 315.286 32.5976 2.24236 0.00592575 227.093
1546.67 785.38 778.7 263.648 8.84309 4.15548 0.00150491 226.36
1548.51 789.156 780.578 248.518 17.7638 7.77865 0.0061875 227.87
1640.56 764.074 733.434 281.318 14.2873 10.6608 0.000109738 226.808
1724 768.52 732.51 268.325 52.681 11.2308 0.0025716 228.136
1612.28 769.006 766.248 272.349 23.1668 11.1562 0.00257268 225.509
1732.17 747.519 764.929 264.812 11.4563 12.1478 0.00262145 226.627
1585.77 787.125 764.929 267.363 11.4563 11.8786 0.00291114 226.466
1382.92 841.475 744.177 258.111 13.0526 1.92206 0.00235641 226.797
1389.64 849.557 708.644 275.224 60.5613 7.60154 0.00193697 227.436
1403.76 823.745 747.553 298.826 42.0482 12.7991 0.0063126 226.699
1335 848.668 735.327 301.547 16.5243 6.23837 0.00536257 226.031
1494.53 824.155 718.901 285.557 9.35035 11.2896 2.34938e-05 224.082
1508.36 792.575 766.514 295.218 14.8165 16.2088 0.0132085 227.15
1383.64 798.756 767.882 290.218 35.9861 12.5545 0.0146624 231.448
1388.13 800.366 775.479 282.35 69.8198 14.1879 0.00157457 229.723
1472.97 803.139 749.184 275.244 45.7097 2.06127 0.00144189 225.31
1435.11 824.618 735.543 282.28 101.697 1.09155 0.00222101 227.981
1393.48 817.941 743.504 296.572 74.2008 11.4368 0.00820755 228.148
1370.04 832.774 761.361 263.248 73.0766 3.8426 0.00891213 228.987
1249.81 846.265 767.092 271.165 27.7202 2.87063 0.00880197 229.045
1249.81 846.265 763.947 273.876 27.7202 2.87063 0.00872803 228.837
1335.48 845.376 761.41 243.769 38.8197 2.87063 0.00860013 229.54
1431.39 827.479 722.044 297.952 36.883 11.6863 0.00756523 225.758
1413.9 815.871 760.723 293.45 12.086 18.997 0.0238401 228.273
1398.6 813.348 752.951 286.971 25.8614 12.4741 0.0101328 227.111
1462.44 841.521 669.506 332.853 12.223 7.31353 0.000782175 226.084
1400.82 841.2 717.479 261.371 30.7388 11.5852 0.0135851 231.486
1441.82 838.62 693.117 342.005 32.395 18.5929 0.0213232 228.88
1550.5 813.591 688.781 344.591 6.57538 21.8393 0.0104944 227.653
1612.07 810.656 703.145 308.482 25.2715 15.3136 0.0181423 229.239
1517.71 811.886 725.715 269.745 25.2715 25.3015 0.00365852 227.419
1516.17 800.264 733.066 299.778 24.841 34.4532 0.00731208 226.941
1460.31 800.264 734.77 303.537 27.3872 25.2766 0.00265342 226.886
1357.25 830.451 726.943 317.049 65.4895 16.0738 0.00580267 228.053
1463.2 835.224 697.491 310.782 77.672 16.8151 0.0118225 229.232
1388.81 858.893 666.743 392.549 49.3339 17.2174 0.0134903 234.373
1695.61 753.252 763.886 293.469 19.937 18.8552 0.0168729 227.951
1645.68 772.096 756.289 282.143 29.93 12.6388 0.0103848 226.702
1687.13 760.181 742.811 267.578 26.3481 47.4213 0.00102802 229.505
1600.75 785.314 741.713 293.152 25.131 32.5414 0.00323189 226.46
1560.47 811.63 720.589 290.259 38.3551 25.3317 0.0053351 227.491
1445.18 796.653 749.334 315.528 12.5705 15.7556 0.0115208 227.908
1487.68 809.235 740.987 302.718 5.54916 14.6061 0.00806533 225.448
1404.25 834.234 747.726 299.982 8.28997 24.7634 0.0118039 228.664
1240.88 852.321 731.633 296.741 16.261 14.0751 0.00151656 226.993
1516.97 815.29 707.217 317.674 6.87626 28.2772 0.00175206 225.433
1376.63 848.042 720.478 321.375 12.4448 12.6558 0.000245866 226.242
1376.63 848.042 706.696 296.649 12.4448 21.9742 0.000645366 225.3
1411.66 834.902 714.819 304.088 12.4448 17.9594 0.000542951 224.14
1495.19 790.539 779.244 265.453 84.0104 40.1054 0.000539399 230.861
1456.96 813.3 733.799 285.44 36.2019 6.67238 0.00131424 224.493
1285.67 863.694 693.499 333.253 14.2301 11.7508 0.00314787 226.013
1232.3 880.107 681.948 321.953 21.2603 9.29325 0.00335917 227.77
1243.39 873.585 732.533 293.064 93.9296 6.05468 0.00718172 231.127
1274.67 873.585 669.263 334.229 130.549 2.21282 0.0119843 235.506
1308.81 883.636 684.49 311.641 86.6293 6.52627 0.0087951 231.13
1734.86 741.481 780.946 268.539 84.167 7.83533 0.00451397 230.141
1301.41 868.708 683.414 306.976 67.8834 2.79762 0.00566432 229.61
1345.82 856.391 707.268 305.761 10.8957 11.8358 0.00634743 225.782
1394.37 850.587 712.449 314.68 14.1268 3.91872 0.00890655 226.426
1385.9 834.513 703.389 322.101 9.72463 10.8874 0.00306371 225.328
1397.93 835.372 723.018 317.231 4.5903 20.4752 0.00246685 225.479
1444.94 828.246 720.254 276.082 35.8187 1.39586 0.00186668 225.885
1425.08 836.149 714.453 293.193 7.32567 26.7432 0.0013548 225.633
1441.61 837.116 701.352 307.658 24.4696 2.11553 0.00813941 226.086
1497.97 791.887 763.039 286.138 16.0106 7.52377 0.00319925 225.125
1675.88 751.484 756.879 267.82 18.2264 11.6158 0.000420759 226.286
1525.8 796.393 746.425 274.106 19.1815 11.1663 0.0122821 226.929
1518.73 780.757 768.27 272.128 15.0535 3.38315 0.00708031 226.727
1520.83 780.673 754.474 270.388 15.0535 11.2364 0.0046263 228.134
1510.79 834.258 694.701 326.452 27.294 1.32911 0.0171126 228.469
1565 812.068 697.101 347.588 14.3092 21.6611 0.0170307 228.451
1479.67 805.615 717.716 332.842 43.5852 4.57884 0.00380107 226.125
1482.49 807.519 751.577 285.688 40.3969 12.3015 0.000891989 225.354
1502.25 818.398 708.225 301.679 31.4052 10.6567 0.000208447 224.089
1389.93 848.531 720.03 276.572 75.1331 6.20253 0.000596436 227.113
1420.74 838.9 717.208 267.073 54.5063 5.93595 0.000195962 226.404
1360.71 828.7 736.509 290.778 20.5361 9.79585 0.000143873 224.281
1519.49 816.782 691.455 337.398 21.4877 5.55627 0.000857489 224.64
1556.29 813.085 674.696 344.155 33.3789 2.8095 0.00135954 226.867
1595.75 814.497 675.407 342.997 56.1043 11.7094 0.00404269 229.157
1497.13 821.427 680.981 356.195 43.5545 9.14987 0.00122472 227.02
1504.66 825.228 680.981 345.005 11.8766 6.04808 0.00420179 225.935
1467.22 840.435 680.393 322.519 21.8712 6.80732 0.00106831 225.568
1469.25 845.193 680.393 330.484 21.8712 6.80732 0.00475684 226.892
1426.43 832.054 721.405 301.558 38.1861 21.3572 0.0064195 226.29
1427.6 798.228 771.537 287.259 11.7693 20.37 0.0012799 226.878
1427.45 837.9 703.681 292.213 70.7205 19.9746 0.00127435 227.338
1391.13 836.72 716.782 283.191 12.6169 5.02653 0.0011096 225.117
1443.49 823.08 706.208 320.851 35.8213 6.96966 0.00823284 226.323
1430.93 829.895 726.915 304.971 18.7376 7.70209 0.00492032 224.829
1495.14 815.305 726.792 330.697 55.0227 2.79695 0.0267726 228.973
1426.03 828.495 730.062 314.746 47.2012 6.3043 0.0409546 230.307
1426.03 840.027 722.673 281.25 75.8287 6.3043 0.0272703 230.924
1469.53 830.475 733.604 279.716 51.7019 2.46714 0.0173388 228.554
1463.61 808.017 747.898 283.852 48.1798 6.3706 0.021609 228.379
1509.66 798.472 709.912 299.016 48.402 7.74053 0.00196758 228.734
1482.24 822.468 702.499 330.825 46.3714 12.4317 0.00502583 226.282
1412.93 828.006 727.674 299.777 15.1011 11.574 0.000316944 223.539
1437.63 820.446 724.819 295.894 14.1845 11.5043 0.00137114 224.117
1433.8 838.095 709.146 318.896 7.59955 44.5178 0.0230832 230.124
1421.57 832.395 690.461 316.148 15.3959 27.5628 0.00271524 227.93
1415.33 826.289 723.826 315.994 40.4213 7.39921 0.000498464 224.52
1583.18 761.463 751.042 316.207 8.80906 7.72221 0.00728821 227.759
1610.89 797.995 728.312 298.923 6.79691 1.6234 0.00121349 225.696
1376.1 843.785 715.094 317.025 7.31312 1.6234 0.00255108 224.719
1376.1 836.324 724.072 306.55 39.8186 12.9132 0.00319374 225.399
1313.61 869.11 718.027 280.157 39.5791 11.909 0.00924485 228.497
1354.07 848.155 738.266 268.652 13.366 9.44478 0.0014598 225.971
1264.56 868.908 728.01 291.773 8.51999 5.76128 0.000846655 225.872
1288.13 868.908 697.879 326.456 3.06502 7.20486 0.000864254 225.27
1369.03 855.966 675.515 327.869 3.76898 11.0015 0.000999673 226.26
1369.03 858.33 677.041 327.869 3.76898 18.463 0.000999673 226.392
1646.3 794.806 690.354 349.045 3.16769 10.248 0.000164793 226.26
1613.43 784.129 707.673 329.835 8.45103 6.94835 0.00195798 224.906
1447.25 816.72 722.003 322.845 24.8407 8.4145 0.0043433 224.861
1587.12 802.058 719.241 318.571 13.9729 4.52745 0.00826805 225.819
1612.13 801.08 705.236 314.516 34.0624 15.4669 0.00407192 226.456
1573.31 803.118 705.151 321.794 26.0656 33.9685 0.000217705 225.896
1555.68 803.118 697.494 321.794 26.0656 23.2564 0.000217705 225.532
1474.5 801.139 734.472 320.228 8.37556 10.615 0.000206724 223.995
1474.5 807.51 706.357 331.41 18.6285 10.615 0.000206724 224.952
1517.31 821.875 697.714 329.629 2.21649 20.8415 0.00022053 225.319
1555.41 815.916 690.59 338.147 6.18762 15.1177 0.00189656 225.818
