1209.37 32.2056 56.0949 77.3354 54.0732 34.993 77.8967 12.366 33.4848 15.7355 0.0797189 34.1462
1156.74 24.4749 73.8989 74.7213 65.2424 53.6149 34.9048 11.9387 51.035 32.3027 0.0351469 33.9766
1109.47 38.5132 67.8848 63.9628 69.6695 53.3729 48.8122 20.962 4.40184 15.9891 0.0220004 28.1383
1147.85 45.6774 50.1295 57.6717 69.6695 53.8 48.8299 26.1231 2.0014 16.035 0.0228982 32.5134
1188.75 50.0029 39.455 61.4778 64.9456 70.7619 49.6695 4.35509 9.17207 5.84611 0.176716 34.2143
1215 10.5267 76.8359 55.3836 64.7554 71.7198 52.9904 6.95263 11.5032 39.4238 0.0208158 30.2621
1194.91 9.67707 75.6419 79.0391 60.5456 65.406 24.2193 57.3837 10.9427 25.272 0.0892909 33.4085
1133.56 12.5695 85.3393 67.5152 62.7781 71.8216 26.0741 50.2137 9.78936 25.3342 0.0797725 33.405
1130.33 25.2697 81.5904 68.4966 49.2866 90.6299 14.3382 46.3094 2.26158 16.6186 0.183333 34.4694
1137.1 47.9733 67.4326 71.4244 41.3231 95.9882 13.985 24.8361 5.8525 9.88521 0.00849259 35.8345
997.904 56.6942 81.3842 54.6242 50.8425 96.9225 31.5726 62.7503 10.6814 12.5135 0.00178975 35.8131
1229.63 11.168 92.7901 33.8732 73.3104 67.1803 25.2456 45.5193 16.8132 7.18668 0.00213425 30.5252
1270.51 5.6353 85.126 26.7734 90.622 65.4516 37.7762 53.7155 18.6165 3.50831 3.89561e-06 30.4287
1072.95 36.1332 90.5906 34.9551 75.3948 62.4909 54.264 12.2964 30.2518 8.40078 0.000646612 30.732
1121.69 29.6743 86.1199 38.9476 77.1105 69.1767 51.9255 22.6087 29.5655 22.7785 0.000419449 30.963
1199.39 25.3731 39.2381 106.762 50.8695 45.3501 47.032 12.1292 42.7709 26.6848 7.02407e-05 33.9883
1204.61 30.7124 39.8405 101.349 47.368 40.3104 87.5113 6.66593 37.8385 26.772 7.66424e-05 33.732
1245.49 24.4173 37.3895 92.7303 68.4924 49.942 50.4242 6.66593 9.5806 34.1145 1.28421e-05 29.6579
1275.66 24.5627 40.4084 92.7303 44.1959 55.7189 49.8199 11.5716 8.95028 11.0056 0.00039569 28.3329
1244.1 24.7282 40.4084 114.077 36.5285 47.4606 58.1018 6.74534 1.53202 22.1513 0.000385189 30.4828
1208.97 16.2994 70.0286 86.3755 29.869 58.2947 53.8756 27.4034 3.1863 22.3254 0.000381108 30.9702
1214.73 23.2391 57.3959 90.7666 28.1788 73.4695 52.9081 13.9073 3.1863 11.3791 0.000429651 27.0639
1162.61 21.3764 71.0194 97.1367 38.8082 48.8801 52.0679 40.8091 7.82064 5.60891 0.0010956 29.5505
1238.13 17.6204 54.4753 71.2712 57.8163 58.394 51.0442 33.9275 7.53144 7.11291 0.00173452 29.0531
1198.13 30.8497 72.9729 60.0753 53.5299 55.4298 48.8647 19.2726 11.3486 7.70844 0.00496037 28.6691
1220.83 15.1558 65.3545 73.5624 58.9833 78.3877 11.5292 59.5786 11.3175 9.13688 0.00112901 30.0926
1205.46 15.1558 65.3545 80.9074 56.0088 66.1966 31.9173 91.159 11.2442 14.1421 0.00860838 32.7484
1252.07 13.7908 59.7676 80.9074 51.4227 66.1966 49.7772 22.5832 9.87015 13.6711 0.00678279 27.0257
1252.07 15.6133 59.7676 80.9074 51.039 66.1966 47.2885 19.0617 9.86212 30.9494 0.0167118 28.8624
1271.6 10.1937 48.8036 80.9074 51.039 74.8384 42.3723 38.238 8.59308 30.9494 0.0305282 31.2366
1271.6 10.1937 66.765 80.9074 40.6407 71.1687 42.3723 19.3806 8.59308 27.7548 0.0345933 29.718
1290.82 2.40732 67.4365 80.9074 39.1238 58.4966 75.5719 8.43367 19.5056 19.3636 0.0345933 31.3758
1269.21 15.1668 68.4698 47.7246 68.0275 58.4966 58.8305 5.21557 33.4822 22.7483 0.0583871 32.1578
1269.21 15.1668 70.6278 53.1356 61.9745 53.3487 59.6117 7.61338 40.625 13.0162 0.0572614 32.3688
1258.95 13.603 60.4248 64.0036 69.4285 56.6786 44.0909 3.28673 44.8958 12.251 0.0187154 30.5651
1284.32 12.521 39.5425 88.465 69.4285 48.6483 57.5677 12.0114 42.1481 22.1588 0.0013624 31.4664
1284.32 17.156 32.6847 88.465 68.5981 27.1963 75.7571 7.54675 32.1034 21.3531 0.0013624 35.2194
1265.4 18.0099 32.6847 88.465 69.0049 76.7133 6.59715 27.8743 61.2824 22.789 0.0013624 38.8305
1259.34 18.4399 36.1444 86.7845 68.8798 69.5597 13.1574 56.8543 6.25114 15.8276 0.158715 35.0127
1234.67 12.1579 47.3154 87.9403 61.8609 68.1307 40.489 42.0223 4.69186 6.48365 0.162103 31.3621
1211.16 4.10248 85.6418 43.6914 70.4605 52.7657 65.9958 32.5614 2.5468 4.73047 0.150643 31.7541
1217.61 16.5254 96.2957 26.4285 72.795 50.1385 71.0778 41.2091 13.7839 4.47834 0.00323917 32.5115
1119.06 35.5157 82.5504 58.4881 75.3398 35.9488 63.9861 37.0845 1.98758 4.01299 0.00899229 30.6456
1128.33 38.319 85.5471 45.0004 61.0959 57.9586 51.1576 16.5774 10.4414 3.68852 0.00779847 28.9496
1186.61 15.8034 68.7406 69.2295 60.5169 79.2538 36.0908 12.1604 14.9955 5.03013 0.0076665 27.992
1249.69 11.2213 70.5039 72.7729 46.909 81.0978 14.4636 8.80755 18.9507 5.28294 0.00341608 29.488
1196.4 10.6578 72.2279 72.7216 46.909 89.3068 27.3868 16.7602 33.0427 7.57383 0.00208035 30.4534
1186.05 13.7847 80.5368 58.7318 55.0213 84.8846 21.325 21.5443 12.075 4.20833 0.00912182 29.271
1248.73 2.81013 85.9897 57.9684 68.0559 45.2417 66.331 33.1191 17.3062 8.61518 0.00587631 29.166
1224.16 9.07146 70.3834 75.9689 64.1197 61.1221 42.2178 10.3899 4.73192 9.57338 0.000265477 25.7672
1227.46 18.3572 45.6929 99.9614 42.9483 69.2068 37.457 16.0885 9.57316 8.5253 0.0110162 28.4083
1311.73 16.1173 45.2094 74.6941 35.5435 102.809 39.5093 14.3496 3.3137 26.0985 0.0063488 33.6841
1311.71 10.8993 45.5763 74.6941 35.5435 102.809 41.2373 14.2075 3.3137 7.53721 0.0295677 32.6616
1228.08 13.3245 55.599 74.6941 35.5435 102.809 34.5234 14.2075 3.32921 7.53721 0.0863927 32.2119
1198.39 13.6944 52.6541 104.445 33.9394 85.3029 37.7087 15.163 17.7716 2.99271 0.0713258 31.0561
1204.78 7.75232 77.7915 104.445 12.674 84.8162 33.5 13.5149 21.1913 0.737779 0.115104 34.6941
1207.54 7.76654 74.3133 105.135 12.674 84.8162 34.6523 19.2003 5.71132 15.1201 0.0530127 31.997
1199.16 16.4041 67.3787 76.9909 42.1613 65.1419 47.251 18.9663 5.71132 15.8692 0.0568779 30.8572
1177.35 10.1698 60.2505 90.7063 45.4397 82.1967 52.3663 13.2715 2.94825 5.57334 0.164332 31.406
1164 18.3318 63.7962 90.7063 45.4397 71.7309 39.5776 10.7552 6.06707 5.19521 0.142029 29.8383
1181.58 12.0945 58.8332 90.7063 45.4397 84.0646 40.1842 11.1207 6.06707 8.3787 0.125654 30.4343
1229.45 13.065 59.258 90.7063 36.381 84.0646 22.5189 14.7927 5.66835 5.51292 0.104743 30.4785
1255.25 13.065 59.258 90.7063 36.381 84.0646 22.5189 13.4063 3.79134 5.51292 0.104743 31.4099
1198.05 4.08055 69.6861 90.7063 27.9472 99.6496 14.4646 19.1913 3.81524 22.1251 0.269483 36.2573
1193.41 7.00063 68.2569 88.7954 41.7859 96.6536 44.3415 19.4551 5.19542 16.4077 0.213992 38.5965
1202.03 19.5701 70.6578 76.8877 29.6258 83.933 60.7648 14.7554 1.8085 4.83907 0.051328 30.611
1203.76 22.0635 54.8249 82.7253 32.1394 83.7241 49.0696 21.1876 1.44182 16.9036 0.035436 31.1682
1213.77 30.3056 58.0608 78.0154 32.1394 80.6954 38.9697 22.0255 6.7497 5.01573 0.0454045 30.0297
1173.84 31.4554 52.827 81.1332 40.9851 77.5803 48.3409 3.64754 9.30867 2.26352 0.0222099 28.7139
1188.5 31.97 57.399 81.9518 64.4157 42.5738 65.2787 3.64754 10.7263 40.1528 0.0110697 31.9016
1185.07 31.3883 57.7929 83.0528 71.2997 36.7402 45.7081 9.37436 4.48178 45.8952 0.00107318 31.5608
1224.59 23.6066 69.6039 82.001 44.3407 50.7512 49.8144 44.7508 17.6745 41.6619 0.00315067 33.4043
1164.98 21.4973 75.3433 82.0338 71.9992 37.3848 56.7359 39.7163 17.7207 8.29147 0.0139663 34.479
1176.31 24.3022 62.6487 82.0823 57.8619 48.2492 68.8658 7.69106 3.98476 10.6684 0.044247 28.3932
1268.49 13.5018 53.7154 82.0753 41.2236 72.7735 50.5726 23.6242 23.4451 11.4201 0.00498031 28.6558
1260 9.48535 56.3527 90.3275 41.6185 81.0916 38.2297 25.4321 36.2792 2.81773 0.0236575 30.5766
1289.72 5.48314 50.9903 98.5085 41.1474 81.932 26.2267 27.353 11.3958 2.81288 0.0283589 30.221
1235.83 20.1386 50.7492 87.43 42.0526 76.2082 26.3917 38.0227 21.1225 4.62234 0.0420749 30.7514
1314.28 5.4457 54.3064 79.1171 58.5744 57.1967 36.6213 17.9761 22.2869 8.12073 0.00794498 29.1224
1318.37 5.4457 61.2193 73.3265 58.5744 61.9684 45.9105 20.6511 8.87384 9.27512 0.0053153 27.5947
1318.37 5.4457 61.2193 69.2112 62.3434 56.5332 55.2723 17.3622 2.68048 15.2449 0.00978346 28.0281
1328.26 5.4457 61.2193 65.4944 62.3434 46.2798 52.9182 17.3622 1.97987 15.2449 0.00978346 29.658
1328.26 5.4457 61.2193 60.7651 75.1121 35.1349 68.7477 23.2048 3.04336 3.98574 0.00331927 28.774
1328.26 2.38255 61.2193 69.4439 75.1121 33.4381 54.6279 18.2463 3.66724 7.84528 0.00331927 28.8107
1245.03 20.6142 69.9556 41.177 91.575 45.7636 69.3263 16.1612 4.29076 11.9302 0.0299161 32.3822
1178.47 16.3652 83.7027 45.6574 91.3997 48.4065 36.5378 36.4621 4.34875 15.1399 0.0253731 29.918
1236.78 4.85975 84.8144 39.5341 91.5512 46.7787 49.2095 3.5723 3.85946 24.0462 0.0019583 28.6733
1196.72 17.257 84.0471 22.8103 109.677 43.1583 54.9433 38.3761 10.7682 37.7564 0.0019583 33.1408
1254.1 11.974 92.9937 18.4264 107.668 10.8215 67.9056 56.7037 7.33523 40.4729 0.000509742 39.2098
1254.1 19.7021 76.5547 33.8231 114.269 10.8215 67.9056 56.2494 4.29272 12.4176 0.000509742 36.9574
1236.15 14.0174 72.4433 34.6136 116.404 30.0907 48.1411 34.0947 8.57488 8.74764 0.000509742 30.5981
1229.48 14.0174 73.364 30.2074 111.277 38.9642 51.5011 21.3114 8.57488 30.8472 0.000387839 30.8985
1183.08 34.117 69.4685 36.3522 97.3148 46.6022 44.3738 29.9212 3.34715 6.82442 0.00128797 29.0117
1184.34 34.117 70.9171 36.2355 84.0045 46.5818 55.7573 35.3176 5.31049 2.91845 0.00418224 29.6963
1085.77 41.6885 89.3891 41.7282 73.3586 42.6213 57.8354 31.3514 19.0161 5.29629 0.0165879 31.2654
1058.74 28.0004 106.108 43.2359 84.3203 44.0103 63.914 16.0495 6.92515 18.3763 0.0368949 33.9668
1084.09 29.4972 88.4761 38.073 88.9695 55.3022 62.2211 3.16178 2.00566 22.813 0.117312 32.7464
1061.41 40.3866 89.1169 17.4206 96.4613 64.9195 42.861 27.0374 5.72695 6.30296 0.092223 34.1251
1087.28 40.5782 88.5554 38.7623 71.0336 65.7949 37.6703 26.1974 4.60955 6.42774 0.0301289 29.8644
1024.36 54.8843 87.1986 43.6609 71.4798 71.9882 37.5728 19.3143 15.9563 23.1364 0.044544 33.684
1234.97 11.1424 69.2445 67.3596 58.0784 59.3707 54.6834 35.2901 5.49147 25.4919 0.0279485 29.0641
1188.02 17.6499 73.2727 63.8814 62.0842 72.0438 37.8837 9.32884 30.7901 2.48914 0.0386343 28.9517
1171.09 16.2849 85.3814 63.8814 52.2839 73.132 42.9495 58.1811 0.781146 24.7901 0.0313941 32.1468
1155.04 18.3459 85.3814 63.8814 50.8306 73.132 45.5845 71.6186 15.9693 5.31407 0.064232 33.2162
1096.49 25.0637 102.494 60.5739 47.1123 68.9 46.3019 54.1853 21.629 8.45612 0.0213709 33.811
1149.99 12.8662 109.401 54.0987 47.4948 66.4767 45.7412 47.9355 39.6105 21.4133 0.00897927 35.0246
1123.01 27.1885 74.7513 77.7079 44.602 68.3646 52.5545 63.5996 26.4033 19.5812 0.0982021 34.6822
1138.48 23.0083 79.9817 71.043 47.2783 64.363 50.5286 33.6003 47.8011 8.26485 0.147157 33.434
1157.24 31.3493 57.9682 78.1232 53.1198 60.8494 61.8663 17.9054 14.836 4.50669 0.226695 31.3516
1192.01 27.7845 63.819 61.4951 59.4805 69.3827 54.5149 7.61759 13.8273 4.54367 0.0655792 28.641
1279.62 8.03369 77.1497 57.0167 55.3403 40.8781 71.123 20.6832 2.12753 17.5722 0.00676056 31.5037
1189.83 22.4539 77.0666 57.0022 55.2432 54.5498 71.123 9.83677 6.89519 6.02986 0.0156783 28.2891
1196.22 22.4539 76.7528 76.5355 40.2186 47.3524 67.2339 9.74739 10.508 3.22515 0.0156783 29.4806
1170.08 26.5247 73.5692 82.3814 26.6167 100.867 15.6075 31.1474 20.8354 2.9676 0.0156783 31.9914
1138.07 22.2362 79.9394 81.665 36.8907 85.9468 19.1166 24.4911 31.3799 5.44308 0.0229242 31.6575
1112.22 23.2645 80.3161 91.1491 24.1724 91.8083 26.814 33.5725 19.9563 8.36904 0.00391258 31.9022
1111.76 27.0573 87.6172 78.2861 24.1724 104.361 22.4399 2.29761 12.1178 5.99147 0.0623736 33.5101
1087.86 23.0752 92.7812 84.8419 21.808 101.994 21.3955 9.12479 4.54613 5.61784 0.210108 35.7365
1062.15 24.9188 88.1188 93.7461 4.0394 93.8791 35.8194 49.8144 22.9989 15.6873 0.112674 40.3577
1162.36 11.1359 90.4025 82.3493 22.0883 97.9968 32.5626 20.0143 14.4934 15.9785 0.0628713 33.0905
1112.83 14.5056 87.4132 87.6951 25.4958 90.2159 50.917 5.9309 6.882 9.18951 0.0787364 33.4243
1157.6 14.0929 81.0787 72.4413 58.3417 60.5576 47.817 0.180377 4.50068 17.1073 0.10396 31.2672
1112.16 24.1842 77.078 67.6242 58.2484 56.819 54.1175 8.24526 4.91014 6.86938 0.0667599 31.2354
1171.56 22.0232 73.804 68.4871 58.782 57.9791 56.7443 15.6118 4.74278 7.95526 0.0348498 27.159
1149.87 16.6127 95.9546 63.2038 60.1223 64.9847 31.3452 45.3065 0.753574 4.60415 0.00565084 30.8833
1173.8 16.2587 87.3112 57.7067 71.1257 68.3513 21.1825 33.0448 29.9701 11.2289 0.0174263 31.5868
1191.17 24.3343 76.2485 51.976 55.8118 77.0238 33.7271 29.9799 27.3709 18.9781 0.0105891 30.1781
1196.4 17.8938 76.2485 60.5235 55.8118 80.2936 29.1294 7.24243 10.4745 19.1648 0.00719007 27.762
1204.27 22.5846 76.3876 67.5817 55.8118 60.8395 31.2806 21.7484 1.81048 13.7327 0.038255 30.2414
1168.33 15.946 83.3112 68.3574 63.9664 70.2733 33.4867 13.0446 13.8921 20.4129 0.0761163 32.1187
1158.54 32.7824 70.9393 72.5977 46.6859 53.8506 65.4902 10.5015 10.7971 18.2506 0.0257537 29.1278
1136.34 32.7824 66.6363 77.7057 47.6455 66.1904 65.4902 10.8446 3.42893 22.636 0.0257537 29.826
1133.03 28.3621 66.8427 76.1262 53.5825 57.8467 64.336 10.567 5.00986 11.3266 0.139839 29.7172
1195.86 3.64875 56.2927 79.6405 78.4332 54.5989 64.336 15.4498 4.90777 22.169 0.313889 33.7192
1198.31 1.13031 54.4002 81.4191 71.4965 54.4025 71.7434 26.7354 14.4714 46.8868 0.296133 36.5874
1204.97 17.1814 56.1501 64.3264 76.6122 62.1943 54.4511 12.6374 39.8766 36.3119 0.169626 34.0753
1174.08 22.0842 45.6609 64.3264 72.1381 78.0957 63.8477 14.049 12.1494 28.551 0.354704 34.7377
1269.58 28.083 32.6771 61.8571 79.6299 78.9636 31.8697 10.6102 3.59907 18.9123 0.266437 36.9695
1205.23 21.0138 58.2686 72.0793 51.6956 65.0783 67.1305 7.90864 15.0924 16.652 0.123318 30.3902
1072.33 32.178 69.7376 68.2312 66.6623 66.1336 53.486 23.9408 12.5632 13.1488 0.0599777 32.6909
1119.56 35.2881 67.9278 72.0804 50.1647 65.7083 51.1844 17.6529 10.9841 4.92243 0.0130403 27.5606
1076.56 44.7161 72.5804 66.754 56.5369 52.5773 71.1766 13.0864 14.197 6.065 0.0105879 28.9647
1189.24 21.25 69.1965 61.7916 57.0807 70.468 54.9283 1.8189 4.09067 10.1049 0.00659645 27.3369
1253.58 22.6111 56.2001 63.7334 48.9748 70.0965 64.5655 18.6618 9.64984 14.368 0.0107263 30.0472
1220.27 18.6282 46.637 87.3877 59.5067 70.362 39.7414 26.2483 29.8744 16.4106 0.00327446 30.1557
1210.6 20.0514 52.3418 75.2992 60.8667 68.5469 46.7581 6.29511 22.2871 8.91492 0.00119399 28.0859
1213.23 19.9857 59.7442 73.0544 64.108 64.159 50.4249 26.8119 4.48631 8.91492 0.0140861 27.535
1213.43 21.9195 60.8148 62.0886 61.9715 76.7652 49.6806 15.7264 13.2719 30.5691 0.00850025 29.6263
1213.65 25.1114 49.4613 68.8915 62.879 88.7134 37.237 14.5121 8.03874 42.8399 0.0627007 33.8272
1212.98 35.2084 50.2148 71.6079 61.6806 47.6034 63.4309 15.5579 4.39313 39.3703 0.0154113 30.9404
1208.47 36.707 53.1479 59.4871 66.4226 52.9083 63.4037 53.9389 22.6378 5.09719 0.0154113 32.8375
1242.86 32.743 56.962 63.4972 60.3878 52.4924 43.65 45.0763 31.1634 5.09719 0.0154113 33.5621
1184.26 45.6852 38.1766 78.4039 56.7661 70.8459 43.4163 38.7854 34.6805 22.2275 0.00617467 33.1278
1202.46 27.0501 38.1766 83.1936 63.6445 77.7079 23.1833 40.6025 20.4614 18.899 0.0947632 33.3623
1149.36 33.3206 44.4991 98.0245 47.9581 70.0226 35.6185 41.732 18.5539 31.1238 0.286907 35.5237
1154.35 37.533 43.3397 81.3881 45.8037 69.8378 68.2375 19.7396 41.529 18.411 0.411119 37.8941
1187.98 10.1307 45.8707 87.1007 50.8458 74.1686 86.4934 10.6793 43.8321 25.1002 0.528085 40.2958
1196.28 27.1686 30.1711 89.7002 51.9347 64.3125 79.4292 21.9274 30.0508 26.8144 0.442982 37.3558
1214.24 21.9992 36.5987 84.355 53.5636 61.3955 66.7594 59.1518 31.8994 22.9171 0.305829 37.4539
1194.74 42.636 22.2285 85.9892 44.4257 59.3966 88.6533 34.1714 46.5677 12.7913 0.292725 40.8872
1173.78 16.8315 45.0795 99.9815 41.4136 59.1495 105.566 27.5607 2.24921 24.4385 0.556077 40.7619
1180.39 10.6264 45.7588 113.097 16.7156 58.7947 92.5773 52.156 0.294751 27.3391 0.469253 40.1835
1104.88 10.3339 49.307 106.35 86.0525 29.9098 66.2034 10.5036 3.03995 12.6033 0.333609 38.2817
1166.46 12.3987 54.8052 101.432 72.8086 33.4918 76.8316 15.2737 3.01757 54.7286 0.19418 39.1868
1144.96 7.83463 64.5186 81.0673 45.8673 123.611 23.9575 15.7688 2.96052 32.7467 0.477798 38.8025
1086.75 26.6267 77.0511 81.4721 21.4471 113.618 32.2143 27.8721 2.94243 55.8836 0.307364 38.0905
1117.38 28.8633 62.7007 82.5528 23.4606 113.618 21.5082 51.5658 2.27982 48.6251 0.191335 38.0673
1109.23 36.3058 69.4979 76.5278 21.3528 111.721 33.9233 28.6152 2.32259 25.1525 0.153715 34.7902
1075.95 42.0279 71.0024 80.3227 15.424 107.575 27.4555 50.8603 4.84252 25.4251 0.10804 36.2535
1074.89 37.044 81.2903 80.3227 7.67979 132.848 18.2163 15.9016 8.08742 17.1301 0.126596 38.3732
1187.85 12.0785 71.7185 89.2716 10.9274 127.237 12.4895 13.8698 9.21796 22.8277 0.065581 35.9628
1210.72 7.61474 54.8892 91.1181 53.0008 91.7036 23.9047 16.2297 31.9582 4.40724 0.0810977 34.2151
1257.95 13.5694 54.5265 92.9736 40.5404 79.9936 28.9729 22.2404 23.3804 27.1586 0.0184924 30.6593
1299.58 7.6949 56.3098 92.6053 31.674 66.2117 45.1777 35.8989 25.2164 26.9011 0.000592597 30.7904
1282.01 6.66196 68.8742 86.6536 31.2728 71.151 53.8689 16.5057 14.1646 28.9558 0.000592597 29.1598
1285.87 6.51803 68.8742 79.5815 42.7766 71.151 50.838 8.6865 14.1646 28.9558 0.000592597 28.6944
1285.87 6.90532 61.7666 79.5815 42.7766 57.6203 53.1421 6.26737 7.76516 16.2425 0.000592597 28.6196
1285.87 7.6257 61.7666 81.1235 46.9213 48.6818 57.3107 11.5593 7.76516 9.14666 0.000592597 27.8281
1291.28 4.16703 53.9005 95.8445 43.2592 53.7632 61.9938 2.96389 11.7315 3.80688 0.000592597 27.573
1164.53 7.81525 78.0534 78.4066 57.1213 64.5071 54.054 27.5929 26.0723 4.90323 0.193049 32.7007
1178.89 6.95532 78.0534 78.5482 54.4249 38.2627 73.32 3.73768 30.4475 10.3144 0.178756 33.9273
1168.66 6.83572 78.0534 74.1682 54.4249 61.627 73.32 7.76516 15.4245 20.4687 0.0691525 32.8612
1221.54 6.33591 49.5166 80.3529 78.7386 29.281 62.9175 36.6522 2.67316 20.4687 0.19642 36.0557
1244.32 9.8211 48.8203 80.3529 78.7386 36.2116 79.632 33.1819 7.87804 2.70974 0.238668 34.7245
1246.63 11.4529 51.7772 80.3529 71.8738 31.4852 55.9988 36.926 84.1885 13.5327 0.264924 39.9224
1187.55 14.3935 48.9792 86.1887 81.0217 34.3379 55.9988 35.2825 27.5553 9.91373 0.177323 33.9854
1214.34 6.56531 48.9792 86.1887 90.0612 34.3379 55.9988 37.7714 2.22958 10.739 0.190085 33.9992
1210.1 7.20336 48.9792 86.1887 81.7653 40.7996 46.293 34.2388 6.33277 9.56791 0.276238 33.6269
1225.71 11.5605 39.3826 89.6434 83.1968 38.4328 52.6061 36.2187 47.2736 24.2165 0.176223 36.5651
1207.09 9.95243 54.269 89.6434 53.3302 53.6561 61.4669 38.178 29.2906 17.1298 0.194892 32.9859
1205.45 19.5373 59.736 65.3136 64.2815 53.6344 74.0583 40.2279 53.6638 12.1762 0.201247 36.4731
1175.52 40.9877 66.0361 57.1289 48.8769 68.5493 54.2279 43.1292 16.682 9.10487 0.122056 34.8303
1169.9 17.4085 93.9406 57.1289 48.8769 71.3158 30.4986 63.1005 4.83764 4.60807 0.020899 31.1915
1162.61 27.2329 77.9623 57.1289 59.5275 71.3158 26.8885 56.4023 13.5911 15.6558 0.0806546 31.8685
1187.98 9.4558 83.541 45.5165 67.3551 94.1984 12.0544 48.1823 5.12032 7.21682 0.140089 32.7686
1163.8 8.98445 98.2589 34.5372 60.9059 91.5851 18.6413 49.0446 16.5994 13.6874 0.149825 34.9801
1187.35 9.55869 91.369 34.5372 63.0521 91.5851 31.0352 49.6116 29.8406 21.3987 0.143511 35.2216
1228.55 9.55869 84.8286 45.2609 60.9166 74.0512 31.0352 59.8791 95.9829 27.0352 0.129177 40.8341
1178.98 9.55869 83.4487 50.271 61.8951 90.603 31.0352 53.6036 78.5381 15.3122 0.129177 38.9491
1214.47 9.55869 79.3415 50.271 62.2144 81.1125 19.6223 50.8726 35.361 11.1736 0.0710924 33.9716
1190.79 9.55869 74.5813 58.981 63.4607 86.426 23.4626 49.176 3.43357 18.1939 0.102568 32.1103
1190.79 15.0671 62.3568 77.5176 55.2267 78.4993 41.0946 17.9049 5.5513 13.9269 0.0700094 29.263
1192.51 12.1896 65.4581 76.6595 52.9099 83.8731 25.7633 9.33002 30.3779 13.5701 0.17565 32.4643
1233.61 7.98853 62.0053 81.0407 51.5068 67.7282 42.4556 13.5861 7.83403 15.5623 0.0111722 28.5643
1233.61 21.8052 62.0053 74.8247 38.3409 71.0559 47.279 22.4779 28.4636 15.5623 0.0111722 30.0026
1233.61 21.8052 62.0053 67.7419 35.8918 88.6813 38.1935 11.8555 4.48763 4.61887 0.0500656 30.0589
1182.97 21.8052 67.3254 75.2516 39.6367 96.4129 27.8752 11.6397 1.6613 4.61887 0.0690286 29.5946
1169.05 21.8052 72.4693 77.7621 14.413 110.274 27.8752 7.00139 5.91549 4.61887 0.0375673 33.2085
1169.05 28.4886 77.1953 75.2153 14.413 110.274 12.9922 36.7985 23.0572 4.61887 0.0375673 34.9242
1169.05 28.4886 76.3481 75.2153 21.459 110.274 12.9922 24.4247 16.5718 4.61887 0.0375673 33.3469
1196.72 28.4886 76.9955 65.6138 21.459 100.495 33.7619 17.3059 25.124 6.16558 0.0674485 34.3845
1170.78 25.3673 81.4669 48.0824 48.8226 87.135 41.1175 37.3667 27.1508 21.211 0.126371 33.9537
1223.55 20.336 72.9426 54.8207 39.2646 74.705 65.235 1.07963 12.0054 9.69633 0.105051 33.6944
1191.36 18.5885 71.6219 54.8207 62.517 62.0288 58.433 18.441 5.34028 5.01644 0.102793 29.5904
1228.82 21.5035 62.6607 54.8207 77.7514 65.2168 36.6669 36.2913 25.8221 5.01644 0.0806899 31.295
1221.94 18.3028 62.3315 51.8656 71.4578 74.6912 26.7007 19.1997 16.9863 21.2555 0.095907 32.6896
1140.23 24.122 68.7022 91.8749 47.4304 71.5909 34.8195 19.1997 16.8283 12.63 0.0330272 30.4475
1145.06 24.122 66.4457 81.7906 65.1288 60.6577 32.5725 34.5792 16.4852 5.3738 0.0252483 29.9695
1310.25 6.07086 66.0245 67.3153 64.06 48.7433 37.5696 34.5792 13.8291 1.63919 0.00918533 30.0925
1310.25 6.07086 66.2632 71.0968 64.06 50.8481 39.1707 46.6998 2.54283 6.25336 0.00918533 29.8142
1310.25 6.07086 55.6458 68.3429 64.06 59.4786 40.1329 66.5366 7.64215 9.01908 0.00918533 30.6595
1310.25 0.786073 64.7916 77.7509 72.6646 31.0337 63.1258 34.7661 6.67089 9.31237 0.00625045 30.7206
1310.25 4.44609 60.3113 77.7509 71.9371 31.0337 63.1258 34.7661 6.67089 5.43562 0.00625045 29.7104
1310.25 4.76567 60.3113 77.7509 71.9371 30.4911 63.1258 66.5396 5.2769 3.99003 0.0408281 34.4755
1310.25 14.7664 35.0912 77.7509 74.485 45.7585 59.0834 8.57351 9.18737 6.52923 0.0408281 30.213
1281.41 20.6448 38.2797 83.5799 70.0286 53.7528 48.4029 31.4323 11.512 6.52923 0.00285663 29.3335
1214.77 28.0953 47.7287 83.5799 62.8708 51.0898 52.2528 28.2895 10.3742 8.47148 0.0908476 30.0515
1174.05 25.7571 51.5961 83.5799 66.8302 57.4688 43.7604 19.0959 9.53172 10.619 0.0683874 29.1831
1174.05 15.6078 65.8339 83.5799 54.6701 52.9653 58.6841 4.01948 9.53172 2.65947 0.116885 29.755
1170.07 16.3451 59.4662 89.0867 49.8175 61.9417 62.886 13.8308 10.1573 4.63667 0.32738 32.5468
1211.48 7.12612 59.5498 72.7253 58.5526 58.3831 75.7133 27.617 12.4747 14.0697 0.410994 34.7097
1103.3 46.7805 56.1908 61.7997 64.4375 58.3831 62.8048 34.3816 3.14016 7.92187 0.180653 32.8799
1156.75 8.54591 95.3146 49.1956 75.7561 61.6754 33.2652 38.6135 18.8757 7.92228 0.0328381 31.4764
1180.97 17.2505 68.3519 50.2265 97.5064 60.0069 25.2997 38.0137 26.6019 7.87966 0.116895 33.4985
1176.73 18.8505 77.3297 55.6046 74.5313 29.6679 90.0313 16.8402 23.6028 7.14247 0.0763728 32.2648
1182.23 21.9442 71.3687 51.4271 70.0353 45.2477 60.5609 41.9314 26.6073 13.8773 0.116408 34.6358
1150.4 31.5266 73.2553 54.2409 71.8446 53.3118 60.7671 40.2491 25.4536 10.383 0.0924841 32.0287
1230.06 17.657 75.7646 50.3355 65.6489 46.8616 77.9086 8.11531 14.9617 9.39674 0.110461 31.3908
1222.13 9.40823 63.818 68.1697 84.2754 53.5549 27.6485 37.4989 3.02754 23.8075 0.00488901 31.2767
1222.13 25.8338 45.9053 68.3599 72.8543 69.3141 35.8047 21.7325 5.63552 15.7126 0.00848604 28.7192
1231.13 21.6337 61.5618 60.9533 72.7631 48.8665 45.3955 13.0585 4.63065 17.8096 0.00632432 27.8599
1073.48 11.4815 94.824 78.1576 77.4197 54.6058 25.9976 23.7454 7.80481 31.5578 0.00218793 40.7504
1074.71 59.9302 73.576 42.4866 69.4081 41.3975 74.1271 7.35746 7.73464 14.4422 0.000720123 31.7715
1114.23 36.7176 74.336 42.3908 87.9599 52.5257 63.3011 6.3821 6.76286 10.4957 0.00377947 28.6124
1017.72 51.831 78.114 48.3876 89.1189 41.9898 53.4496 7.10872 23.0996 12.1905 0.0366962 32.04
1000.66 49.6964 79.2523 44.4969 81.3531 59.4339 63.8271 6.19001 49.4198 20.2781 0.0189711 36.9105
1034.67 49.6964 79.9551 40.7488 81.3531 56.672 63.8271 24.5542 45.1593 17.8466 0.0216494 34.8252
1064.25 40.3582 90.4654 33.1929 82.3174 57.3411 48.9201 78.0852 20.5387 14.5322 0.0493442 36.2026
1058.22 49.7513 78.1035 47.85 84.2536 60.6122 25.5375 43.6316 13.8277 16.9143 0.0139193 32.4126
1011.93 47.94 79.0105 58.1432 80.9656 58.5771 38.8586 1.01008 13.7338 17.6484 0.140045 34.9729
1071.32 39.387 82.956 34.3582 76.743 79.327 49.0237 17.183 21.717 40.5437 0.0733646 35.8308
1125.05 31.0052 80.6914 37.2341 68.3647 62.7012 49.0968 18.6196 16.1978 51.7526 0.0949687 38.8477
1118.26 26.6672 84.4544 64.1875 72.5098 36.2636 46.9489 42.1643 0.110464 15.8841 0.0445874 33.4735
1139.33 28.6278 84.4544 50.8183 93.2817 31.3045 51.9099 0.15537 11.2345 18.6822 0.0267605 33.1471
1193.06 29.4181 42.8107 86.7193 74.6691 31.3045 60.0486 10.939 4.09492 5.4684 0.0106132 29.6563
1186.23 29.469 52.3373 75.8251 76.4144 38.7064 58.7945 14.9579 5.23577 14.9197 0.0190299 28.33
1180.44 31.0965 47.2035 71.7443 70.6038 62.5762 56.5522 42.9309 17.7999 36.2571 0.00195588 32.54
1199.28 34.7227 51.2574 65.9282 77.169 43.554 49.1023 35.5341 4.56027 47.7423 0.00266593 31.3206
1191.96 42.2694 39.6902 65.1327 84.1286 40.553 62.0744 40.1683 3.81802 22.9353 0.00143306 31.4717
1212.31 29.5926 60.7002 53.2624 74.4426 62.0551 22.9411 15.1553 3.15872 55.329 0.000103977 32.8499
1225.5 18.789 65.7329 57.5829 74.4426 53.8681 42.0086 12.4207 3.78193 19.6294 0.0592356 29.3249
1245.63 8.71854 64.4943 59.6267 71.0406 71.0411 43.0794 12.8496 4.94983 14.0659 0.110235 29.1744
1245.32 8.71854 68.4361 67.3545 43.1154 82.7721 45.1722 16.166 5.46825 25.5039 0.0971298 30.3685
1245.32 8.22217 65.7326 71.2161 43.494 77.1242 45.6228 14.6917 37.9506 0.320296 0.205016 33.7552
1195.21 15.1786 59.0442 90.8518 36.7647 77.1242 50.4296 19.8857 34.2777 11.1281 0.225491 32.4102
1283.98 0.757632 52.3211 90.8518 45.4523 69.2782 43.7477 23.0968 27.6432 14.3409 0.202372 33.2563
1250.83 2.8653 77.3952 77.3042 50.8252 72.6581 14.1027 16.1653 19.8093 9.63997 0.0197214 31.6325
1266.48 3.00049 68.5758 69.5174 74.2056 56.3022 40.9855 24.8562 13.103 3.31895 0.00585955 27.7878
1255.79 3.00049 80.1637 58.6406 78.6849 48.9794 46.0595 21.7343 23.0347 3.31895 0.00662599 28.3895
1262.7 11.3548 68.2588 47.7375 87.8082 56.1931 55.011 12.9659 20.4596 5.49194 0.00103114 28.3456
1217 11.3548 68.2588 57.3574 85.505 43.9652 64.8397 20.6579 8.78311 5.59225 0.00317322 28.0694
1293.09 1.65492 75.9898 53.4569 74.2797 42.0603 50.6886 24.2635 35.7892 3.74073 0.0207128 31.5575
1302.03 5.07142 60.62 64.0928 83.4787 49.0982 41.0872 22.188 26.5364 8.6539 0.0239331 30.1988
1289.55 9.27147 51.3757 47.7858 91.2204 66.3562 33.0285 29.6973 5.33699 6.24778 0.0451265 31.8759
1211.25 11.6657 67.7723 55.4587 85.3361 62.928 19.3801 71.738 4.21991 30.669 0.194392 35.2583
1181.82 18.6391 74.7951 58.5682 78.6942 57.8303 27.4352 42.8017 10.8201 4.72644 0.0705955 30.3922
1191.14 11.2426 67.1604 76.2591 54.913 65.4454 49.7462 26.9371 29.9247 12.9911 0.136217 31.0871
1229.47 9.33275 73.996 75.4257 54.913 60.6808 44.9867 40.2921 29.5075 18.2736 0.0605456 31.226
1078.02 43.1881 60.991 86.0955 73.044 46.6884 38.3904 42.7708 9.49894 4.22522 0.00735626 31.8878
1064.73 38.5591 74.6182 86.0955 60.8719 36.6668 50.5144 26.3286 7.93733 4.22522 0.00735626 31.0169
1130.27 31.7779 60.898 85.3795 62.5992 41.6098 60.9903 21.6131 19.9191 12.2774 0.106365 31.0119
1142.72 29.9109 89.3396 49.7961 61.1207 63.4556 54.6076 16.219 18.4008 21.3225 0.000397542 28.9513
1077.91 29.9109 89.3396 55.1565 64.3127 64.2464 61.5856 20.8376 21.5691 19.7252 0.0295538 32.3294
1151.19 29.5135 76.75 43.1018 64.3127 90.2124 36.407 4.88096 25.1916 17.8412 0.014065 31.4735
1166.55 29.6912 80.1932 52.5922 59.8361 93.6041 10.7051 17.865 29.7001 18.8957 0.00229132 33.1583
1124.74 35.8738 79.1425 58.2263 43.9117 73.1886 62.1608 19.2973 4.4898 16.8214 0.00229132 29.2708
1080.32 34.1964 92.5411 61.9582 48.6242 54.5743 63.3104 17.7983 20.9311 25.9763 0.00229132 31.0399
1135.43 35.2846 69.506 61.9388 54.248 54.5743 63.3104 24.1413 20.2284 23.33 0.0545415 32.2462
1140.49 34.5067 73.8185 61.9815 62.766 48.0865 59.1379 7.25431 20.2642 12.7752 0.0407113 29.2996
1120 39.8398 69.902 61.9014 59.6164 59.4691 60.5884 11.0112 7.85345 10.8266 0.000315358 26.2094
1121.96 46.551 63.4587 57.6929 55.1012 72.7423 58.7974 2.41272 6.69285 3.89707 0.0165477 29.36
1122.89 34.685 85.0438 63.2487 41.8839 71.9967 40.4081 30.8135 12.7402 7.27698 0.0236708 29.8549
1154.55 20.7861 78.3903 57.9843 60.0859 71.1906 30.2818 6.6386 5.02864 10.8121 0.0178652 30.3955
1186.34 11.8274 85.7374 59.6879 52.7987 73.4083 45.7312 39.4116 15.1734 20.2756 0.0654222 30.5768
1116.31 25.8141 92.9905 60.1967 41.084 89.2968 38.1604 1.48018 10.9619 7.49387 0.123117 32.2218
1095.71 40.1689 88.2701 54.2848 33.8778 89.2968 55.8305 12.4869 15.5888 9.62156 0.247266 35.5722
1076.28 43.4107 81.9513 55.2346 56.5041 59.9119 50.8203 14.9895 32.8303 22.8739 0.0884032 33.6112
1035.45 45.7429 98.6244 55.4607 53.6857 57.4624 51.7165 16.7058 2.73167 34.1988 0.109926 35.5453
1000.79 55.2146 81.6354 55.4036 73.3637 66.5103 21.7164 24.2341 8.54281 2.18526 0.0009005 30.5688
1245 3.99582 79.4383 37.7901 86.2009 73.4175 21.7164 25.3962 19.3708 7.78088 0.00655998 31.3332
1209.38 3.99582 84.3625 49.2829 72.469 74.8105 13.1189 54.8225 15.4715 22.4326 0.196418 35.087
1256.64 2.72814 76.6483 46.0541 76.649 74.8105 41.4029 6.36123 9.75113 22.4326 0.102676 31.0473
1242.77 11.321 81.6329 57.3953 57.772 54.0149 61.9141 12.5709 34.8351 17.893 0.000160781 28.3182
1242.77 10.8941 57.0641 92.1319 61.4006 54.4398 48.8334 13.4861 16.9397 26.0393 0.000160781 28.9627
1262.47 8.32137 85.2229 43.293 73.9408 54.1863 45.4302 12.81 3.01557 22.9559 0.000160781 27.1671
1254.03 8.32137 78.2974 55.9498 65.5597 54.6305 60.1218 15.2595 9.26551 27.7754 0.000160781 26.7968
1132.4 28.1563 78.2974 55.9498 65.5597 53.1213 53.9769 12.9145 13.7326 22.8833 0.000160781 28.3587
1193.27 37.0267 55.151 63.6257 65.5597 38.9037 68.8894 29.9324 15.1214 10.5079 0.000430736 29.778
1153.54 37.8153 54.0787 56.4754 84.3927 60.0126 59.1717 1.28986 17.1658 8.3429 0.0205546 31.1074
1142.12 39.7368 54.3124 67.6599 69.278 45.6402 80.6832 11.8888 11.3243 10.5679 0.00982143 29.8965
1110.5 40.1011 69.2385 61.5725 72.7028 45.6402 51.0194 6.17585 19.6401 0.313593 0.0360736 30.2507
1115.71 33.5786 68.8218 59.6186 71.6996 54.3264 64.3053 11.8753 20.3655 12.5864 0.0280326 29.6294
1109.25 37.181 67.045 91.0741 50.8498 47.304 45.8182 8.662 35.4681 13.4276 0.0274059 32.1493
1199.39 35.3756 52.0506 63.2814 68.8537 58.8689 51.2285 17.4845 6.44434 8.34212 0.0275578 28.2366
1286.14 16.2638 43.1404 58.4901 78.2742 70.1897 51.2285 9.14139 5.79479 15.2568 0.0282362 31.1715
1303.94 7.58655 54.5208 62.5192 78.2742 54.773 52.6741 3.47797 4.68271 10.4584 0.0363587 28.6108
1261.14 7.58655 56.2085 67.4756 69.1913 66.252 52.6741 6.09646 2.07605 12.3409 0.0177496 28.7882
1264.9 7.58655 78.0472 60.4774 60.0914 45.8637 62.2502 7.9875 45.1271 2.63531 0.0338101 31.2473
1264.9 7.58655 67.8151 61.7302 68.3036 75.2931 26.7607 26.4645 45.1271 0.883672 0.0688954 32.6985
1274.82 11.9054 51.2642 66.2961 62.9689 86.9369 26.2668 27.7056 29.2597 23.7199 0.0274688 32.427
1289.51 11.9054 54.9455 70.2125 59.7635 74.4208 31.1057 28.7683 26.8456 20.2246 0.0193194 30.2057
1267.17 11.9054 70.3391 75.8405 45.9384 71.0039 30.6768 4.90685 45.767 17.7997 0.0193373 32.1648
1283.8 1.82258 70.4519 78.6284 39.5644 73.1932 30.6136 30.3445 33.8504 13.2769 0.0184314 31.6867
1297.4 8.87092 58.5265 59.5206 51.543 74.5554 47.1504 13.7193 29.3892 21.1465 0.0198843 33.0576
1218.42 18.0618 57.7648 65.0392 65.9296 65.0195 37.2791 49.78 13.2957 19.8219 0.0146435 31.5484
1233.23 13.0575 57.7801 52.6855 84.9206 68.1593 41.0324 33.2765 15.1712 12.9409 0.192813 32.0471
1267.26 1.17048 58.9856 88.3069 52.8066 64.7024 43.0079 11.4232 22.6478 6.32592 0.0629732 29.9725
1106.75 39.8568 77.7212 72.3662 36.7432 77.4668 43.7143 22.319 3.24074 2.3492 0.0576223 30.2768
1042.41 61.0514 58.2946 76.422 34.3904 101.14 32.8357 12.4194 8.82796 10.3918 0.0725786 32.7402
1153.63 44.4527 57.8211 76.422 30.2677 101.14 15.3779 17.6266 7.98207 8.35493 0.0173456 31.7184
1091.29 42.3712 62.7778 68.0906 46.3368 101.14 27.6929 24.3266 8.19735 8.56272 0.00178397 30.471
1125.1 22.0616 90.6452 65.1052 30.9004 101.14 23.2455 30.1395 13.6901 9.12426 0.00178397 31.2201
1127.79 32.5546 77.0806 61.7651 60.8857 38.6434 84.8186 8.78968 28.8175 12.0766 0.217861 34.404
1123.72 36.3625 64.3353 62.8686 63.2445 40.1182 94.9346 11.0121 32.6145 20.1206 0.118728 35.6186
1147.83 36.8714 59.8163 77.7642 76.1962 40.1182 51.2443 11.6464 9.62586 20.1684 0.0486784 31.527
1137.17 26.862 78.4471 70.8953 72.2963 35.5468 59.1977 15.1356 35.2484 25.117 0.0543556 33.0263
1076.97 37.8863 72.1193 65.7611 86.263 35.5468 43.017 15.8198 25.3254 21.4741 0.00484292 32.3126
1076.97 32.5312 73.1087 70.0314 69.886 67.0155 50.5698 1.48055 31.3298 27.9974 0.00484292 33.8416
1216.47 13.687 59.3813 65.9595 78.5993 71.061 45.2779 1.48055 18.0256 37.8046 0.0281052 33.5829
1216.47 17.6276 66.2153 39.4684 82.9356 73.5614 45.2779 4.95806 27.9978 37.8046 0.0281052 33.9771
1220.19 16.4884 75.8789 43.4752 93.3073 54.2537 51.9181 34.3016 23.2348 29.6649 0.0225471 34.0815
1220.19 16.4884 78.4481 44.6606 77.8441 54.2537 51.9181 22.7391 37.6515 18.03 0.0314199 30.5673
1220.19 16.4884 87.3233 44.6606 77.8441 54.2537 48.0157 16.8373 37.6515 16.122 0.0314199 32.5614
1220.19 16.5683 85.3498 31.8128 77.8441 65.8664 48.0157 4.35929 64.5113 2.53989 0.0314199 33.5138
1220.19 16.5683 85.3498 31.8128 80.4606 65.8664 48.0157 4.35929 64.5113 2.53989 0.0314199 33.694
1220.19 16.5683 85.3498 31.8128 77.5549 65.8664 47.0623 4.35929 33.3192 2.53989 0.0340418 30.8367
1202.54 16.5683 85.3498 49.2828 70.0148 59.7885 53.5721 4.35929 22.676 21.8254 0.0340418 29.9632
1202.54 16.5683 77.6269 49.2828 70.0148 59.7885 53.5721 4.35929 22.676 21.8254 0.0340418 29.4948
1205.95 32.076 63.713 47.844 79.1068 50.3842 43.5861 20.9574 17.3518 28.6658 0.011537 30.9095
1142.6 31.1005 67.6309 55.4913 69.636 68.4854 48.7106 37.087 10.4388 23.0793 0.011537 29.8829
1161.23 31.6239 75.0662 58.8346 65.4734 69.9268 13.8361 10.6554 4.15067 6.02539 0.0128771 30.4223
1132.8 29.5155 81.6297 58.1232 61.062 75.8387 29.0266 22.1719 5.17517 9.63792 0.0128771 27.9779
1126.63 20.8626 81.6297 60.6574 64.0033 67.2444 51.8348 34.4161 27.4342 8.6471 0.121485 31.8959
1162.16 21.1518 81.6297 52.9793 54.9075 76.5779 48.8582 41.2043 15.9294 4.51565 0.174018 31.8916
1117.99 28.8966 84.8502 58.9368 62.7178 60.6641 39.7867 31.4147 23.2549 13.8397 0.0876761 31.1943
1175.38 13.4344 73.2084 66.3785 83.7282 32.1542 76.9745 14.4354 19.3484 15.0198 0.0225585 31.4513
1195.31 4.90338 90.8306 70.5704 63.0065 31.7719 83.1146 24.4358 11.2325 5.6202 0.0310392 32.2852
1217.22 24.4705 78.181 53.9009 54.6242 66.5315 55.8009 26.3351 4.70102 4.87472 0.0247812 30.1472
1226.57 14.8798 76.8396 59.8129 51.0604 87.6296 13.3282 27.1978 4.49382 41.5409 0.0100311 31.7788
1256.75 10.1211 74.5941 69.956 49.9641 55.6223 53.7086 20.4952 3.945 38.3778 0.0959008 32.4377
1256.75 7.68654 81.8655 63.3205 52.7102 66.8737 43.3292 11.348 4.07335 38.3778 0.0382952 30.5808
1256.75 7.68654 78.5195 56.027 61.6811 53.4335 56.2389 11.3573 11.3643 38.1126 0.0520387 30.7249
1273.78 7.68654 71.0625 49.1168 51.9046 78.7407 61.7987 30.9031 28.5349 37.5451 0.101024 36.1797
1273.78 8.82577 74.0324 44.4289 60.4683 89.6651 33.0326 20.8265 37.0757 50.0387 0.0975056 36.5104
1273.78 8.82577 74.0324 44.4289 72.2727 89.6651 25.6721 18.2506 40.2779 43.8879 0.0647395 37.813
1273.78 5.8091 61.6618 54.1434 68.3897 89.6651 18.5506 21.1212 43.7971 16.782 0.0785565 34.4215
1297 4.19557 62.5651 44.9752 68.4429 91.7877 21.1332 14.4613 29.1026 19.9474 0.0846916 34.853
1312.46 18.1307 60.9039 49.4166 59.9819 51.7343 56.4434 7.41221 19.1601 6.0236 0.0855084 36.7544
1299.76 14.7378 37.2721 76.2486 53.7442 90.5501 38.0591 2.75109 19.1265 8.61189 0.0859675 32.64
1199.11 27.6369 43.4737 98.1978 42.9716 73.5838 45.1872 6.30819 31.1844 14.9146 0.0852002 31.3266
1218.78 24.5577 43.7505 104.191 17.9284 96.6798 35.1535 6.21163 9.34019 27.634 0.0687359 32.3109
1308.68 8.93066 43.6101 104.191 16.4645 96.6798 39.8891 6.67927 9.34019 10.2222 0.0490441 31.85
1323.33 11.4645 36.1223 100.379 41.9091 57.9285 45.9606 24.5898 9.27611 10.9507 0.0222456 30.8008
1308.18 6.69183 49.0745 91.3177 46.3248 65.1707 54.2996 25.4861 13.6008 18.9371 0.00585951 29.1084
1314.05 9.0619 44.2873 91.5918 45.6091 75.0742 37.0269 26.9202 6.82942 0.356612 0.0505358 30.7306
1283.19 7.27399 45.7551 104.212 43.2699 58.0352 39.573 51.6297 28.2623 2.41241 0.0322882 32.6922
1295.21 10.1837 31.451 104.778 50.145 68.008 39.2196 4.56856 23.564 30.732 0.166175 34.7518
1249.59 9.62723 49.2557 88.6602 55.6957 63.8183 57.082 4.21508 4.54651 40.412 0.0127707 31.0503
1282.65 10.3335 43.2095 94.0529 54.1264 53.217 56.5289 15.7413 2.69086 48.8934 0.00309677 30.9546
1333.19 3.29657 58.4796 87.2577 53.5536 39.1714 48.5882 16.0905 2.74856 28.4065 0.0365718 33.736
1343.82 5.28215 48.8519 91.5679 49.6519 51.0228 55.5609 18.7222 22.607 14.754 0.00292848 30.096
1328.31 6.73314 42.2245 87.3872 59.7084 52.3293 57.9138 11.0466 16.9407 32.8651 0.0113419 30.6588
1317.02 6.88752 47.2513 77.896 66.3614 61.3912 51.3835 9.77262 14.1933 15.2912 0.0306965 29.6348
1332.54 7.51868 49.6195 79.8551 66.3614 56.5731 36.4512 1.88544 18.3393 35.4944 0.0271538 33.3026
1335.31 8.67499 50.2954 77.9673 54.027 67.7055 33.3171 15.7664 29.941 36.2808 0.013949 32.5751
1293.55 10.3523 46.2694 89.5403 48.8469 63.5239 40.9947 9.93448 32.4565 8.89492 0.00353262 29.397
1293.55 10.3523 48.2337 93.1336 53.9247 56.2855 40.6439 7.02727 18.3036 8.89492 0.00353262 28.1747
1282.5 10.3523 37.543 100.427 49.5419 60.8525 35.4592 9.11309 9.91676 5.77556 0.00353262 30.972
1305.18 10.3523 38.8709 94.8215 46.1346 49.7179 80.3062 9.11309 11.566 7.58726 0.00353262 30.7558
1318.72 19.046 34.239 98.185 34.0376 58.3463 73.2606 19.7575 8.96737 5.37256 0.00102534 31.6183
1318.72 17.0689 34.239 98.185 34.0376 58.3463 76.5679 23.9818 8.96737 14.3614 0.00102534 32.5095
1314.86 14.1982 37.4117 98.185 45.5503 53.9648 63.8939 20.2474 8.29866 4.82344 0.0336966 30.6365
1314.86 14.565 33.0793 73.8732 64.0188 65.0153 50.3465 18.9157 8.32102 5.34181 0.0416271 31.5457
1309.54 14.7931 46.7456 93.4762 43.1973 63.8209 47.035 14.9676 7.72519 10.9864 0.0282056 30.4936
1132.05 17.5235 90.6474 38.2531 88.9127 54.931 36.2715 54.5457 0.414488 10.7256 0.0271426 33.6024
1158.56 31.2195 79.3337 62.0808 67.8161 50.5526 51.0465 36.6624 0.921309 4.60723 0.0218224 31.2979
1185.61 23.2784 73.4407 57.7181 75.5842 58.683 33.8825 27.187 10.7479 4.76364 0.00667169 27.1978
1183.44 24.4183 69.2422 57.1653 69.1975 64.7821 44.2559 24.5144 25.8102 5.81588 0.00133006 27.0913
1161.63 42.0471 71.4338 52.4479 54.7712 73.0421 41.5847 15.0908 39.357 3.68833 0.00133006 31.0078
1081.9 53.5329 68.4134 54.5229 65.0551 64.3046 42.2789 21.0405 64.9486 10.0867 0.00133006 32.3581
1058.93 51.7752 68.827 48.8814 72.4086 72.6511 51.6377 20.0014 4.38929 25.7259 0.0384691 32.0493
1095.59 53.3849 59.1837 63.9309 57.1811 79.0099 33.6095 24.5972 11.1617 13.7504 0.0357029 30.2368
1150.67 15.3863 62.7695 87.5707 59.4403 74.5642 41.0003 25.1341 14.4613 4.87179 0.0686059 32.5221
1139.77 34.2622 55.9065 81.5495 52.3084 70.7057 32.2659 21.5613 2.70824 5.95864 0.064155 29.5447
1107.39 25.7793 74.9993 73.239 51.6717 73.4866 27.8144 71.1076 8.46132 6.09002 0.052773 33.6449
1134.31 26.0448 68.5424 74.3892 54.8985 71.8135 39.9989 61.211 5.74865 2.49973 0.235922 32.9633
1159.98 16.4427 60.6847 79.0616 70.1075 70.596 35.2432 62.6448 4.20983 6.96909 0.198099 34.4054
1178.03 16.059 43.1589 92.8927 66.6115 64.2783 19.6609 84.1521 1.81107 14.7395 0.312143 36.206
1230.28 5.76948 46.432 89.7452 57.1973 73.8619 21.1005 84.1521 2.04288 11.9302 0.167509 35.457
1235.06 5.76948 42.8323 97.9055 46.5204 71.6593 44.4627 80.146 3.87177 10.4426 0.261267 34.8771
1232.29 5.76948 58.2835 97.9055 27.7032 83.255 42.9117 55.9528 12.8165 10.419 0.176216 32.8276
1266.44 5.76948 44.097 98.7916 38.9879 87.9259 32.6571 35.4421 10.945 9.82279 0.0887499 31.4682
1249.29 9.28709 58.3557 89.7226 48.7541 56.4154 55.807 5.80442 3.71326 9.61298 0.112699 29.1964
1306.68 9.28709 50.7541 77.611 40.3188 91.637 37.3237 32.5274 14.2811 10.3472 0.125549 32.9416
1250.57 32.1316 57.6591 71.8554 39.7766 90.9403 6.91762 17.7583 9.41647 10.5573 0.0081471 34.985
1246.13 15.0005 59.5501 86.2567 33.698 108.942 4.48571 28.2084 8.52844 0.468436 0.0124836 33.303
1246.13 10.388 52.4905 86.3412 33.5432 108.942 4.95297 24.3492 1.4376 3.8544 0.0675801 33.981
1137.1 27.3918 55.8331 86.9594 31.0136 111.66 23.4686 25.6283 5.32306 14.7085 0.140677 33.3929
1138.95 27.3918 50.3895 99.4651 33.5661 87.9646 39.1634 25.6894 5.16528 0.406187 0.253903 32.7942
1129.13 50.8944 49.5141 87.578 32.8026 77.7913 54.1753 25.5732 19.8206 2.41414 0.100343 33.2165
1144.59 42.2636 51.9694 97.4584 12.5399 82.3011 56.6322 44.3601 38.359 0.382824 0.171942 38.0906
1073.21 30.3921 66.6611 100.033 26.0658 83.1598 45.2362 47.8726 4.86048 2.94615 0.322905 35.0863
1067.02 63.3879 51.8521 91.2919 32.8988 74.957 54.0805 19.0367 1.70148 3.82548 0.188291 34.4772
1080.31 54.523 58.849 90.664 35.2407 59.1763 40.0586 22.0317 16.1283 2.55561 0.130467 35.7412
1060.57 55.8035 39.4879 101.848 31.6044 96.9788 24.7898 59.7142 10.8541 8.01251 0.122868 35.3566
1107.02 58.8853 39.4879 95.0358 34.7422 96.9788 24.7898 39.9886 25.6482 19.5425 0.118941 37.5914
1143.39 45.7969 39.4879 93.8905 36.2805 94.8519 25.7082 36.532 3.89246 38.1508 0.249205 36.1665
1139.96 45.7969 40.1103 92.958 47.6888 78.619 40.5204 34.459 1.62648 35.9611 0.270457 36.431
1091.74 27.3296 71.1352 81.7257 48.9022 78.619 46.8981 34.459 3.91535 31.3668 0.209553 34.1347
1074.19 26.1248 76.1587 81.2618 56.5294 71.3277 9.83125 70.6365 4.21469 22.3225 0.185294 38.3993
1134.38 9.71198 74.0825 64.2629 56.4209 76.7667 55.4682 30.2969 7.73742 11.792 0.266144 34.0225
1148.49 17.2598 73.9222 64.2629 56.286 74.7569 49.9844 7.95085 32.1994 2.86165 0.27103 33.1121
1138.32 18.0282 73.9222 61.5858 56.6032 93.0586 51.8536 1.08753 35.058 18.2754 0.301844 35.7845
1157.15 16.9734 81.2945 55.9918 56.5539 70.6235 58.719 26.1027 66.9549 16.6992 0.249493 36.4145
1160.8 15.1331 77.5595 68.9476 56.5403 63.6686 58.5958 17.3164 30.5024 34.5519 0.250143 34.2438
1256.58 1.89363 80.3539 61.5569 56.5285 63.6686 39.1542 15.5962 7.95489 46.3974 0.0643439 32.4163
1284.55 5.33531 69.5104 64.2008 56.53 55.8573 57.4661 20.4704 7.46134 48.8318 0.0656812 32.042
1277.14 3.22597 81.0418 54.8702 56.6184 74.5637 36.2085 33.6927 23.2955 28.9338 0.024832 31.0263
1297.93 1.01378 64.5009 68.9859 56.8833 81.0096 52.8518 5.33453 1.43866 6.34796 0.0469343 32.2074
1314.15 3.81697 62.2367 73.4012 56.3822 57.2075 47.4352 11.9247 4.66369 19.3986 0.0171489 28.1664
1307.12 4.44592 64.0103 74.4225 57.5558 60.8041 43.2826 4.45019 2.15695 37.7522 0.0168365 29.9143
1277.47 11.6641 64.978 76.4459 44.0854 69.1346 45.387 58.8857 0.706818 9.40128 0.00937469 30.3601
1273.65 17.7784 57.2212 73.3961 45.4854 74.5203 41.3937 76.0617 5.37131 4.03446 0.0040064 31.2964
1269.88 17.7784 65.7291 68.8152 44.4754 59.0393 57.4734 4.67241 2.8456 10.5378 0.0216922 29.4194
1267.95 22.8607 68.2825 72.8967 46.7788 51.1991 55.0647 10.4976 4.80921 15.3782 0.0183552 32.7434
1188.04 23.4336 63.0215 79.5868 54.4804 55.3799 56.8515 11.6051 14.7532 9.17494 0.0517547 27.9544
1239.59 24.9808 45.3731 77.4516 64.3479 57.8791 43.5494 20.405 33.79 17.1587 0.00636159 29.716
1234.95 20.8685 45.3731 83.2644 62.1684 60.7411 43.5494 1.74989 0.509867 0.438832 0.0100109 29.2693
1220.2 22.8911 50.4704 89.329 58.8191 58.1542 46.8176 3.43674 12.2798 3.90749 0.00396852 27.2425
1213.71 31.359 49.4261 81.823 58.9768 57.0301 30.6195 8.93283 9.45403 20.3801 0.000744557 28.9056
1185.9 36.7469 38.3689 81.3006 54.4953 71.0802 39.104 4.01133 12.0624 7.63665 0.00557032 29.5772
1208.61 26.3562 48.0796 80.234 50.3569 80.316 37.0353 4.01133 16.6534 21.2786 0.00491108 28.9249
1193.75 20.6113 60.9484 84.1328 56.9177 60.6168 39.678 36.5691 17.7441 10.781 0.0125995 28.4065
1257.03 13.657 70.8273 61.7261 59.2136 62.1302 62.0082 29.8826 9.65823 8.06495 0.025183 29.6323
1171.75 29.8028 60.3153 61.7261 58.9847 86.1366 28.6756 17.6552 10.4358 37.3428 0.027957 31.2239
1099.61 24.9096 71.0803 86.5425 44.337 69.2471 58.3106 20.4727 25.4368 17.6249 0.0755886 33.0429
1319.78 7.61924 57.21 91.5054 50.7646 28.849 53.9592 17.4128 44.9548 7.26443 0.00101671 35.5897
1254.97 9.17843 55.8122 93.4847 50.7159 55.3271 59.5898 16.6035 75.2674 13.8677 0.00024677 32.4855
1262.87 3.10195 55.3978 100.978 38.3064 52.5374 63.2013 15.994 15.1968 16.4549 0.144119 31.6487
1270.35 3.10195 45.6623 101.443 43.7813 63.2146 46.1287 31.7413 12.9931 6.56798 0.118146 31.1591
1322.22 3.10195 55.1486 77.9296 47.3669 63.5953 43.728 43.9491 23.2065 6.56798 0.045721 31.8092
1311.32 3.10195 58.8744 73.8451 41.446 70.684 65.8653 29.1832 5.8193 18.0339 0.108702 32.5975
1336.34 14.9429 40.2906 73.6912 57.7018 57.8617 61.8485 16.1274 2.82885 11.5078 0.00138562 29.5662
1270.21 15.7927 53.1604 76.995 59.6692 57.201 39.5229 6.59224 14.547 23.5346 0.00138562 28.2514
1227.94 14.2498 59.3351 83.4054 62.2222 70.6332 33.6401 42.7015 14.547 14.0176 0.0031387 30.2086
1225.83 25.9574 48.3577 85.4597 47.7853 77.3454 23.2062 35.0635 24.1337 16.0851 0.000633071 29.3057
1261.79 24.5503 43.6092 89.3774 34.1737 99.702 17.0408 33.543 16.5876 17.0482 0.00185159 31.8672
1233.99 24.5503 51.5031 98.1794 22.8684 90.163 33.4666 33.543 16.1577 11.1888 0.00239651 30.2427
1149.17 48.6081 51.5031 94.9285 22.8684 90.163 33.4666 6.97519 16.9211 8.60915 0.00293537 32.3956
1158.94 61.3335 6.66504 107.724 28.579 90.163 39.7967 15.6058 26.158 8.5595 3.08761e-05 36.394
1143.08 55.7252 20.8917 106.008 47.1591 75.9358 42.3878 23.2509 15.3123 20.1575 7.44622e-05 33.6232
1141.09 50.2064 36.03 96.2195 47.2595 68.3837 48.0366 12.6498 20.6742 21.6231 5.50354e-05 29.7755
1118.04 31.4036 73.2678 71.6386 56.4215 60.9691 53.593 12.8389 44.4981 53.0085 0.00078771 32.3943
1194.74 14.1005 79.5401 47.976 69.6259 72.941 41.8808 28.7354 10.5053 12.1882 0.0112924 28.5396
1202.79 11.0049 78.817 56.0989 73.3912 47.4986 56.4836 29.847 6.89591 12.4458 0.000967678 27.7045
1275.46 19.861 59.8143 61.9531 76.8998 49.9753 33.436 50.7763 4.42629 13.1152 0.0141257 31.5945
1245.72 18.619 57.955 54.0506 73.7583 69.7979 47.1814 12.1035 1.39487 11.075 0.0966955 29.8774
1248.42 13.0704 67.1244 62.7327 70.0072 52.0113 42.1202 14.6132 4.74895 15.2085 0.0445334 28.6006
1244.13 1.18814 73.4097 71.3206 61.7282 57.3659 48.0924 61.3494 10.1744 6.21601 0.111457 31.8503
1292.21 3.45579 81.5361 62.0884 43.1315 51.9083 74.1245 41.1502 7.44339 11.0726 0.0261562 33.0224
1275.76 3.54683 74.4585 66.4154 48.9343 83.7529 24.1997 43.1932 10.0924 28.4031 0.0235201 30.7933
1290.39 10.1265 52.7891 89.0219 38.2225 66.6486 51.6309 28.9751 12.2799 2.8659 0.121148 31.2123
1311.69 12.8006 48.1347 84.1597 28.5445 96.4399 28.6079 42.3491 9.19254 3.82684 0.00451855 30.9731
1291.52 15.5615 48.1347 84.1597 28.5445 93.2384 34.997 26.6657 3.68222 3.18417 0.00451855 29.6935
1273.1 13.0945 52.8268 89.075 59.0029 35.4773 61.0574 16.7485 2.90843 10.3202 0.0286626 29.4676
1325.8 5.70553 57.5869 62.2502 74.8376 39.0371 71.4184 7.54895 4.385 3.11093 0.0205004 28.9998
1318.17 2.38072 55.2186 67.9034 78.8366 39.0371 65.8466 7.54895 2.86615 3.11093 0.0456857 29.3276
1318.17 9.23196 57.404 60.5822 75.0143 39.7662 66.2012 14.9115 11.3889 67.1506 0.0949605 36.4231
1320.06 6.03541 56.2879 59.0347 73.401 42.5134 70.2493 20.4994 1.57125 43.159 0.0458572 33.1075
1362.27 7.2591 57.4773 56.6009 73.7205 34.9149 67.1821 9.69051 8.45604 17.5156 0.0265665 33.1198
1300.17 2.3693 56.662 54.0266 77.4878 53.1876 64.5506 53.0287 11.098 16.6611 0.0865764 34.1647
1253.21 6.15129 69.6433 54.6173 78.747 51.0519 61.5322 34.8997 8.87581 10.2454 0.0737135 29.7686
1242.23 13.193 63.6533 64.3868 78.1066 54.2216 59.0499 3.53182 20.1425 12.3788 0.0883897 31.3787
1249.37 1.81684 51.1219 78.2401 53.8629 94.0884 42.2486 1.43468 53.9928 18.9844 0.206877 36.6659
1267.98 10.7364 66.4397 64.1782 60.9142 68.183 48.3386 18.4962 55.3321 18.9844 0.0366339 32.1994
1184.87 30.1685 62.4331 70.7522 61.1464 52.3368 41.0137 22.0445 61.2698 4.18046 0.0204345 32.5611
1161.51 30.206 59.4073 78.4605 54.4553 61.8388 46.8676 26.6484 13.228 17.162 0.118181 30.1408
1122.06 36.7221 61.7426 87.9651 25.7606 83.3961 41.4049 28.3357 5.09774 21.112 0.101197 32.0067
1156.3 18.5411 81.4581 86.7313 27.4252 77.1431 39.0055 24.5254 10.9718 8.41599 0.168129 32.5684
1265.54 11.1812 53.3086 93.1818 29.529 101.277 19.1726 48.362 1.09882 18.9359 0.00515006 32.0148
1262.64 11.1812 53.3086 79.9705 57.5224 69.925 33.161 52.9805 20.3756 20.1619 0.0528458 31.3291
1173.65 12.1281 80.6979 35.3212 81.6039 71.5442 49.01 32.3799 10.7219 17.8965 0.151085 32.8913
1061.81 31.0451 92.224 43.099 60.1198 68.9227 78.1666 38.7408 13.8314 16.5727 0.234215 37.5553
1061.81 32.9555 92.5211 38.1127 64.7679 78.5471 72.6254 31.5111 18.288 24.3912 0.355483 38.522
1172.76 22.9588 86.1395 49.1213 63.9122 67.4898 53.5702 22.6714 18.7988 5.30831 0.140906 32.7916
1141.84 30.4916 77.7617 60.6775 47.6164 77.8662 47.8004 10.1363 10.6958 19.5059 0.0221561 28.69
1093.46 36.2433 81.104 46.197 60.422 86.6506 31.3745 10.3164 14.4636 19.316 0.0333611 31.4311
1126.72 37.3753 74.8707 50.2913 61.7034 71.4703 34.8413 56.7571 22.9203 7.97617 0.0266761 31.6949
1155.61 14.3999 72.1766 86.3224 46.8619 75.0666 37.0291 11.2075 22.3668 8.16827 0.0251179 30.319
1180.81 23.4847 70.9504 69.5152 45.8995 75.1797 39.7331 36.9031 15.2592 2.92515 0.00398982 27.7339
1139 31.3792 70.8453 60.3444 52.7608 71.1361 50.8714 22.4434 2.00186 23.4858 0.0137959 29.7488
1184.01 19.0539 69.5812 81.6535 46.1298 74.1706 23.5623 26.5094 3.03247 13.4707 0.0391393 29.5143
1156.28 19.8367 69.8225 103.563 46.6799 60.3287 35.419 21.2545 11.7772 11.4085 0.0328993 33.3594
1176.32 24.5098 69.2655 73.0729 53.9558 70.8705 13.8953 16.5937 20.0095 6.01048 0.0611118 33.2538
1080.45 47.4914 69.063 60.3195 55.0186 93.7592 28.9393 22.9457 1.40533 5.02223 0.0321569 31.4036
1113.97 24.8327 76.3427 69.0005 55.5211 87.7294 27.5261 19.0002 2.8362 21.5298 0.070937 31.4616
1293.34 22.1249 28.0938 85.22 53.2287 67.2454 50.051 18.7668 5.61253 48.4656 0.0956188 34.8577
1272.37 18.2412 18.836 115.351 53.2122 62.4327 31.7181 22.0428 1.76162 49.5223 0.0950417 37.1089
1265.33 18.2412 27.7972 115.351 53.2727 65.4243 24.6529 29.0445 27.0393 53.5215 0.177024 40.9839
1271.16 23.7749 32.3347 107.509 22.4896 81.2392 56.6135 34.535 16.0904 56.3318 0.100449 38.5304
1227.64 20.8546 28.9659 104.858 40.7474 88.9452 21.3868 47.8834 17.361 32.9458 0.269804 35.8006
1225.07 12.1209 39.486 104.858 38.5693 92.7782 37.7399 40.3761 20.2032 19.0658 0.107332 35.515
1149.37 21.1191 53.0832 111.638 45.838 59.5235 39.4424 14.1152 10.1428 10.6649 0.0875793 32.2848
1088.29 33.5775 59.045 115.906 36.0025 59.0796 35.9652 8.97345 15.4267 5.70897 0.0314174 33.732
1083.18 38.3489 68.4082 36.419 104.231 64.1802 48.9832 5.33417 7.34756 3.64559 0.291144 34.9526
1168.68 24.433 84.2308 51.9789 44.3465 97.6429 35.2687 27.5211 8.39449 13.5725 0.124773 32.9909
1179.68 26.1257 40.4601 67.0968 53.6497 97.2173 39.1742 44.4518 5.59058 25.3662 0.39037 36.8281
1177.16 26.1257 40.4601 60.808 69.2046 97.2173 23.6381 58.0636 12.3845 22.7792 0.450687 37.6506
1205.63 22.5435 30.6392 103.969 29.1319 97.2173 23.6381 72.5674 16.7304 16.282 0.282911 35.7856
1177.34 23.999 34.4603 104.949 32.1519 93.4883 17.0694 82.2087 6.59697 19.8045 0.456514 38.8735
1172.07 25.5081 52.5828 96.4097 27.4631 80.0355 39.9508 31.4385 11.1202 2.34537 0.19685 32.5239
1215.82 6.99447 56.3071 85.8684 33.5016 97.7431 52.4867 19.2015 0.674085 1.27535 0.180908 33.2143
1192.14 21.2239 48.1455 92.3076 36.1697 93.1371 25.4694 15.2158 3.38089 1.65719 0.189064 32.1946
1244.15 22.3328 50.9793 87.4418 34.832 88.2655 21.7133 30.3306 14.5078 2.6095 0.0865948 31.4887
1244.15 20.4786 40.3351 87.3873 33.3088 94.1249 52.9063 10.2841 22.0134 10.6301 0.067486 33.1826
1264.5 18.0432 26.7065 109.494 41.2493 93.8022 23.2275 22.1508 27.2185 16.118 0.101659 35.4731
1201.96 11.1128 55.6532 104.448 28.7606 91.8075 14.9532 34.3357 28.4818 2.1452 0.194233 34.306
1201.96 11.1128 59.2752 109.654 26.4906 60.3045 61.2215 17.9096 31.0704 3.80392 0.231162 33.9126
1217.09 6.42677 57.7257 102.215 24.7776 69.3618 65.2205 40.4387 26.269 11.3927 0.113686 34.4794
1230.25 1.27871 59.8458 102.215 52.7858 53.8476 64.5568 35.5346 34.2134 12.0569 0.0837612 36.7414
1232.32 4.93438 46.6784 103.494 56.3825 65.5574 43.7026 23.3116 7.82513 12.7257 0.0824677 32.2994
1250.54 11.2129 55.5665 75.252 55.1315 74.4893 40.2858 42.2343 7.94303 22.0369 0.0758806 30.3961
1251.97 14.1048 54.7597 71.3834 66.1719 67.301 50.401 10.973 11.785 11.6905 0.0486062 28.6169
1245.02 11.3466 68.021 76.8615 54.0286 58.9458 45.9214 36.7016 16.2017 1.04832 0.0197948 28.3611
1226.26 11.8274 81.1498 65.5088 58.7141 53.8959 49.362 12.1673 3.13785 6.97144 0.0181296 27.002
1226.26 13.4847 60.3858 69.4834 58.7141 70.5767 37.26 24.0469 17.9398 8.07406 0.0184088 29.638
1230.79 16.3622 65.5796 78.9575 32.8346 88.9861 32.5871 17.1791 25.5518 3.90992 0.0785013 30.4527
1145.48 37.1741 59.1488 80.635 20.8723 111.346 19.1246 19.8299 29.3129 17.2087 0.00109102 33.1563
1163.43 38.1938 43.7518 108.996 21.7303 92.6452 24.3928 4.14741 12.1539 30.5157 0.00109102 31.7654
1224.15 28.4424 48.1834 99.1045 17.698 93.3733 30.1123 26.7699 10.4141 25.1655 0.00610515 31.2925
1227.05 25.7343 51.4298 97.2374 17.698 90.4577 30.1123 29.8033 10.4141 39.1432 0.00941512 32.558
1133.12 43.1884 51.4298 93.2835 27.1256 89.0878 22.2953 25.0711 18.4077 23.5055 0.00364226 31.2334
1153.28 48.9672 46.9196 84.5269 45.2158 75.4207 28.2099 26.2995 34.7744 40.5946 0.0371422 35.2973
1159.24 43.1046 48.895 81.5254 42.0434 79.2017 25.0419 10.5397 10.8257 16.7093 0.0167515 30.555
1159.32 43.1046 52.5852 79.7283 51.8106 55.0934 51.7911 19.7192 9.41322 18.065 0.0167515 29.014
1159.32 43.1046 52.5852 73.2736 56.7453 65.7593 35.5238 13.4742 14.4112 22.0016 0.0018714 28.392
1159.36 43.1046 60.9643 73.2736 56.7453 68.6096 22.2815 39.2071 12.2577 19.2711 0.0018714 31.5704
1157.32 43.1046 35.3852 64.2162 87.6535 62.4287 23.8887 6.76279 8.25673 33.7481 0.0018714 35.1643
1157.32 57.2476 21.1227 64.2162 94.4999 57.8457 33.6498 1.24617 7.14408 43.3011 0.0018714 37.6738
1142.93 55.0978 34.3618 64.2162 94.4999 60.1647 35.7171 14.8897 20.7465 24.0319 0.0018714 35.7588
1015.29 76.5772 52.3851 49.3111 71.8254 68.2253 55.1685 21.776 8.03129 5.56292 0.0560138 33.4858
993.73 67.3804 73.8793 49.3111 71.7184 53.7245 52.2031 25.2428 10.5771 16.0246 0.00589259 30.6376
1003.03 62.913 72.7035 50.0461 61.8211 71.8396 49.6664 25.6092 10.5093 2.43351 0.00589259 30.4729
1024.47 62.913 68.2666 41.156 86.8957 55.9956 42.4934 20.5508 8.79459 26.2131 0.00579816 31.269
1098.09 58.225 66.2212 43.5821 76.2368 50.8111 40.6956 29.0134 6.8734 21.4396 0.0265558 33.5846
1020.31 58.536 71.7025 55.6507 77.7152 44.9122 37.5582 36.0659 14.8455 28.1938 0.0363129 34.7208
1072.27 51.7209 69.62 54.0981 76.9278 50.7873 43.7049 27.7099 12.6379 18.7206 0.00623016 29.3679
1084.48 46.3534 80.4679 41.5114 81.2776 53.5935 42.3453 1.67744 20.8164 8.32915 0.0230596 30.773
1074.96 49.6961 80.4679 45.9462 81.2776 47.5152 38.3742 1.67744 36.7929 7.14643 0.0329518 33.8599
1074.96 47.3984 66.9288 54.6263 78.711 55.3449 39.5553 33.0435 27.2447 11.769 0.138704 33.5984
1159.21 41.7375 47.4965 71.9715 75.373 52.1142 33.4865 23.4353 20.8359 3.4228 0.0629488 31.605
1101.64 36.1865 42.4359 70.9158 88.6268 71.3051 36.0153 10.4137 6.86873 10.8116 0.324036 36.774
1115.06 55.5407 32.6498 54.3617 87.298 71.9329 56.7814 7.09399 10.9213 2.35136 0.27501 36.0733
1140.39 15.3999 70.694 71.886 72.7258 64.8283 44.3652 28.4171 28.6332 0.595446 0.355072 35.6417
1186.89 17.5326 61.0558 80.0166 40.829 68.0443 66.4495 36.5729 26.3984 0.783716 0.177704 33.352
1207.27 16.0028 60.1368 93.1335 36.6803 53.9769 66.2849 39.3314 20.7406 4.84315 0.11316 31.9907
1218.41 11.1289 60.5894 95.5891 30.9491 71.6257 56.046 60.9937 12.5094 9.67849 0.071111 32.889
1189.68 6.6235 68.178 100.627 38.7903 63.7709 59.4567 22.9346 10.103 18.2255 0.0929694 32.0098
1223.22 10.0128 58.0109 103.998 40.465 54.3691 57.7063 33.742 3.68115 25.4958 0.0889286 31.8146
1159.91 16.4011 54.6358 102.877 37.9948 62.0956 57.2688 13.9008 15.3281 9.38143 0.103763 32.8139
1095.67 49.2116 38.2339 100.542 37.6122 73.1525 55.0966 36.2248 7.33585 10.517 0.206383 33.1952
1159.14 34.8423 23.7223 88.0021 66.2485 80.3484 45.6058 56.5192 26.1596 5.07015 0.127404 40.1149
1124.46 36.464 79.3791 47.5383 62.7826 72.8663 50.8603 26.8564 11.3802 23.0172 0.0586634 31.2628
1288.45 7.67193 50.9737 101.036 35.9563 68.6411 56.4824 31.7616 2.55635 13.3682 0.0406058 31.4731
1246.08 6.34891 49.0615 97.9243 39.275 69.5234 52.3157 36.5526 2.81088 13.9981 0.146608 31.0707
1236.71 12.9416 49.3507 89.2841 63.6356 59.2875 53.8051 27.8804 1.65256 31.9798 0.00162494 30.5652
1257.48 12.3414 46.7168 75.1986 71.162 62.1381 47.6247 41.4146 2.82191 14.2654 0.030251 30.5488
1277.91 17.8344 29.1589 107.66 53.7753 57.438 49.6561 25.046 18.3365 12.1875 0.0695663 32.5842
1295.95 14.8733 43.2662 96.4636 53.9995 51.2104 50.5839 34.514 11.8036 10.0919 0.0409643 31.5512
1270.94 23.3409 26.1126 98.4919 64.1974 39.8036 68.4215 16.2704 26.6425 16.504 0.0350565 33.1942
1253.21 23.2873 36.8415 82.1277 68.4322 37.9127 71.8133 36.8608 20.9632 17.6575 0.0125372 32.9495
1314.34 11.4215 50.9557 65.8855 62.6311 53.6122 77.2262 25.1174 28.0542 7.95681 0.0116103 32.4655
1314.34 11.4215 45.6645 66.7739 75.1804 60.8666 48.8677 15.8021 25.3344 3.36387 0.0145191 29.9088
1314.34 11.4215 45.6645 66.7739 71.4302 60.8666 48.8677 19.624 25.3344 4.82303 0.00669517 29.3129
1203.21 30.921 45.6645 70.8156 71.969 62.1412 49.6402 30.4975 6.69582 4.82303 0.00199887 27.8875
1203.21 35.1277 61.9875 63.4162 64.6996 60.2184 30.0371 18.6031 7.19078 3.7157 0.00695258 29.2524
1203.21 35.1277 35.6002 75.1364 91.1585 57.0895 31.0809 18.5413 7.19078 2.14766 0.00695258 32.3486
1145.52 44.382 35.6002 72.7906 91.1585 57.7787 36.6519 35.9424 10.7107 4.74512 0.00695258 32.7279
1164.96 44.382 35.6002 75.7186 73.6613 59.9731 42.4452 39.9157 25.8143 4.33473 0.03775 32.1117
1087.89 38.506 57.6796 81.6337 58.126 56.6059 44.7786 13.4969 8.05365 7.45334 0.0240644 31.4675
1192.54 31.9073 51.9565 77.7031 72.4843 34.2394 52.3186 13.7663 12.4682 5.53842 0.0462354 30.3682
1188.18 27.9521 55.3227 61.0902 82.4526 36.1925 69.3285 13.0882 8.04273 2.49387 0.0168283 29.2589
1206.2 20.8575 62.0519 49.2626 92.1462 25.8075 82.3901 16.5095 8.85532 4.8912 0.0168283 31.8902
1186.78 28.0297 76.4566 41.328 94.1571 34.3351 52.9111 7.43334 13.6956 5.04926 0.0317361 30.0365
1186.1 36.2949 64.947 41.718 98.007 39.2743 54.3276 7.43334 21.3287 26.6859 0.0349129 32.8828
1186.1 25.4836 74.5946 35.0478 98.007 39.2743 50.3741 7.43334 21.3287 16.7919 0.0645447 32.0015
1239.02 15.4048 71.1314 48.0013 90.6648 44.0156 42.0569 3.41944 21.3287 52.7427 0.0217259 33.1482
1144.82 21.382 88.9818 52.89 91.0678 37.1648 42.974 3.92799 20.1826 58.6441 0.0090042 35.0333
1133.55 31.7478 67.7646 55.1261 92.9661 42.0645 44.2761 4.03353 15.8595 2.58764 0.0129694 29.5231
1142.8 39.0625 55.146 60.7057 89.5786 50.0465 37.7332 37.4037 23.3281 9.46438 0.00832986 30.485
1142.8 41.0704 40.8869 100.48 55.0695 54.8121 43.5211 22.7644 3.1772 7.89416 0.0026291 28.4989
1142.8 53.9299 32.4441 79.0329 61.3457 65.816 41.7091 31.5801 2.91987 7.89416 0.00161209 29.6076
1046.53 68.7252 40.1561 82.192 57.5349 58.7717 41.7091 31.5801 2.37046 1.39585 0.000322485 29.7302
958.495 68.3833 64.0528 61.1415 64.4786 72.6913 34.6407 27.0177 1.61687 3.83496 0.00176893 31.6829
1112.66 38.6389 69.84 61.348 60.542 66.4 34.6407 39.993 1.58577 4.56581 0.000680155 28.0206
1084.57 41.0859 66.7022 66.8457 55.1841 83.1977 34.6407 30.2116 2.50956 17.2531 0.000680155 28.8082
1117.79 47.7852 61.9066 59.5432 60.8408 70.9539 34.1211 13.8738 0.305606 0.229896 0.011615 30.1372
1059.61 53.8442 70.5206 56.0772 64.534 72.3779 43.3779 2.20412 1.17849 7.69238 0.00612659 29.0606
1097.51 53.8442 69.8174 54.7059 64.0832 59.7705 30.1023 25.9611 0.143697 6.79597 0.0170556 32.6186
1114.35 53.8442 72.1552 51.5654 50.559 74.6415 37.6001 43.6363 10.7422 15.2225 0.0441082 34.3822
1074.54 53.8442 73.2996 67.0866 42.9839 72.8734 42.6596 48.3313 11.1623 6.02868 0.0212491 31.9896
1107.74 41.7676 59.6793 72.864 53.0465 71.5505 37.4224 48.3032 3.73602 8.46614 0.0768407 30.807
1120.57 36.6738 60.8287 77.8942 47.0171 74.0253 41.3657 32.2274 5.60121 9.05283 0.00482561 27.9863
1212.97 21.5396 56.4174 75.5571 62.1216 55.6286 42.9098 31.1971 4.14675 17.4774 0.0174649 28.5682
1212.97 21.5396 69.846 58.7979 59.7067 78.9711 26.5647 18.7608 4.03107 1.16601 0.0255355 28.2009
1152.81 14.9508 84.6336 78.4921 42.9967 67.5554 50.661 4.63702 4.19377 5.97771 0.0199202 28.3462
1243.97 17.6609 52.4854 105.846 37.1293 56.3625 39.0849 31.3221 6.98694 10.3783 0.0246183 30.5089
1230.9 15.8765 54.0524 107.377 30.7873 64.6624 52.1271 23.5707 4.95895 14.3587 0.00611975 28.8526
1232.34 12.194 55.0533 107.377 29.0577 57.7459 61.3789 52.5117 4.55978 9.99778 0.00397048 31.5309
1177.28 25.9593 49.104 108.64 38.95 57.3858 62.4274 57.9851 1.35274 1.75626 0.00332632 33.0443
1253.64 27.6985 50.4376 76.5134 55.2634 52.2749 59.4102 5.73055 1.35274 1.87625 0.00529411 28.4135
1253.64 32.3458 44.4916 75.9675 50.0262 54.9185 59.4102 5.73055 7.09287 6.23276 0.00233174 29.2679
1269.36 23.254 40.7073 84.4369 56.2376 55.8612 61.4286 8.34018 3.93885 2.67506 0.000239165 27.0204
1124.98 33.1367 70.212 87.5652 34.7333 53.8835 56.4951 39.1306 8.74989 7.98536 0.000239165 29.5712
1163.31 33.9237 60.842 85.9763 47.2913 48.6537 52.5111 0.306612 0.698665 7.31946 0.000239165 28.6987
1212.14 15.6872 72.0717 66.6592 69.6013 24.7572 78.1123 19.8187 3.34283 5.82556 0.0771418 30.9135
1212.14 16.2177 69.6292 79.226 64.9583 24.7572 92.1536 23.4599 1.47036 5.82556 0.0161888 32.4575
1212.14 16.2177 67.5103 78.9004 55.1875 44.0176 81.3813 0.563282 5.59464 5.84926 0.0111907 29.2863
1172.98 23.8731 66.3224 57.4972 75.8471 32.8037 96.0648 12.6863 8.40096 9.21972 0.0677933 32.5921
1260.33 11.0574 74.6461 57.3729 70.7452 36.0939 78.3632 6.94549 2.98944 9.21522 0.11393 31.7261
1296.96 8.07936 27.444 95.6489 77.7957 17.9101 78.3632 8.3543 7.1212 9.22273 0.210836 34.9157
1207.56 6.73847 36.858 95.6489 77.7957 17.9101 104.347 7.98129 34.7337 9.23084 0.2117 38.6447
1186.49 19.8886 52.1568 96.3181 59.16 27.7923 71.2227 8.22927 22.7675 9.55093 0.100898 33.4505
1269.06 13.0004 58.1788 73.2314 57.5349 52.5996 63.6401 25.119 3.56944 9.74338 0.100898 29.7884
1269.06 10.9041 56.2385 83.6967 60.5299 51.5082 49.258 19.8358 7.87422 1.31784 0.123035 30.8918
1269.06 12.8588 54.4797 83.0621 58.5057 60.9768 35.1113 8.29558 7.87422 1.31784 0.105253 30.898
1203.24 12.8588 55.0929 82.6405 51.0628 70.7133 44.6678 53.156 9.64462 16.9483 0.164698 32.0902
1206.11 13.4908 45.0772 98.9954 49.8635 69.7182 43.0423 19.7555 25.8307 8.29314 0.140529 31.6666
1266.12 6.53774 45.0221 77.4952 45.8745 90.4653 43.0423 11.1751 30.1726 7.6411 0.217243 33.0994
1244.94 5.73853 45.2807 86.2486 46.747 90.4653 34.3062 20.2265 17.739 7.476 0.256168 32.0924
1261.95 5.53556 44.6051 83.947 45.4069 90.2761 39.5709 23.1428 15.3944 19.4218 0.223116 32.3342
1261.95 5.53556 45.5445 83.947 43.1528 81.8646 53.7159 20.5329 13.1204 41.4516 0.261478 34.0944
1261.95 6.92732 33.7941 97.1035 54.3485 69.0074 54.8711 0.590127 7.96507 35.1806 0.277498 34.6956
1337.01 13.8077 21.4132 91.8769 42.7608 76.6551 53.7247 19.6599 7.20917 29.7462 0.220041 35.9226
1372.19 5.21033 20.4332 87.7299 51.6165 84.7533 38.8619 13.9873 6.01364 69.014 0.232654 40.5381
1279.7 20.0186 24.1368 93.293 61.1965 62.2149 48.1406 17.1199 10.2979 7.54697 0.140638 31.707
1300.4 24.9632 20.3536 111.845 41.7251 79.6277 31.8777 16.4689 11.8866 8.21296 0.0998788 36.5466
1300.4 24.9632 23.1857 92.8185 48.6467 79.6277 26.0051 25.4015 11.6335 10.2049 0.101335 33.9
1166.2 9.64066 80.8222 73.4148 58.7105 77.3476 26.0051 30.5529 12.3508 10.1822 0.0929721 31.17
1172.33 21.1094 75.8046 67.5577 59.6515 67.4398 33.6457 24.8709 21.4118 3.40335 0.011152 27.7885
1174.31 26.9896 71.1042 89.5542 44.262 67.4398 10.3529 22.2048 34.939 3.8446 0.0113275 35.26
1197.46 26.9896 62.3249 72.6695 40.6455 92.6471 35.8715 24.182 17.9543 10.7006 0.00270295 28.828
1167.12 25.0636 61.8795 81.0287 40.6455 90.1662 21.289 40.8462 14.4303 10.7536 0.0345402 30.5987
1166.65 24.9959 62.5949 79.7349 40.6455 82.309 26.3819 30.8911 10.6943 18.7852 0.00984435 30.6145
1145.72 24.244 66.4078 86.2637 41.709 73.8273 39.4805 30.4693 13.7034 4.61688 0.0997348 29.8584
1159.13 20.8801 75.486 80.5955 36.1772 69.9251 46.4912 32.0557 0.667029 4.52718 0.0997348 30.564
1151.65 25.3281 72.2289 83.3355 46.9076 66.749 46.6466 17.9759 10.2385 6.82576 0.0125521 27.6708
1124.67 37.5344 72.3408 73.2295 41.1663 59.9198 48.4066 26.0572 8.73726 6.70254 0.00490189 29.0428
1122.36 34.0365 82.0873 68.8938 34.7346 62.1111 56.7882 37.6951 11.5021 6.2721 0.00216153 30.5704
1122.38 35.5755 74.583 74.2954 28.5876 88.5903 39.0545 7.32552 2.94291 6.8616 0.0082684 28.7091
1132.34 31.5215 76.2993 80.7719 29.7536 65.9717 61.0039 27.7081 2.81979 2.97732 0.00753126 29.4314
1099.13 30.8589 75.0042 100.267 26.3582 62.3684 61.5773 30.3633 4.88063 6.83456 0.00724946 31.4489
1087.11 30.8589 75.0042 100.267 26.3582 60.1459 62.2706 12.4933 6.06872 5.77486 0.00611057 30.8243
1143.24 31.7435 71.6288 95.9247 26.6387 55.2173 62.4334 9.26101 5.23164 9.18748 0.00516973 29.6498
1169.94 31.7435 58.881 96.776 26.6387 58.823 62.4454 9.26101 7.23816 7.51507 0.00535371 28.8847
1174.68 18.0794 66.342 93.0478 26.6387 85.5619 62.9439 58.5381 7.23816 7.51507 0.00837009 36.6087
1158.8 20.6895 67.6714 98.1873 18.0751 100.425 24.9739 51.3404 5.83088 23.1185 0.0378492 33.7703
1189.48 19.3386 75.4469 88.1449 53.9427 44.1507 52.4584 49.2424 11.1504 6.91439 0.0247521 33.294
1208.91 22.508 50.4529 92.7793 69.3526 21.9887 68.2066 28.0155 7.68672 32.7835 0.0263114 33.147
1187.18 21.4371 59.2295 70.3985 70.4639 57.5399 69.174 2.64791 9.56844 12.4897 0.0243899 29.9541
1202.85 13.3121 62.9475 76.9328 60.4603 57.2424 67.7733 8.42165 3.22571 23.793 0.0245711 29.7158
1249.54 18.8398 58.4086 67.4625 54.6251 69.0183 62.1868 5.83114 1.39511 25.5574 0.0246009 29.7456
1249.54 16.3572 69.6679 68.6353 55.9926 51.2592 70.6553 42.5845 18.156 4.95374 0.00827987 31.0538
1248.75 10.0192 63.6918 73.0317 66.4797 47.457 63.8785 20.1186 14.4938 21.0612 0.00322819 27.7481
1117.96 55.2829 46.7219 76.0745 56.936 46.3977 74.0308 19.9211 12.6953 5.79037 0.0393189 31.3551
1086.19 56.1972 42.3012 88.0153 46.7114 52.2322 65.3603 37.1193 6.6241 11.9915 0.0677466 33.1491
1067.51 56.1972 49.6105 91.8852 55.3504 41.0602 65.8324 45.7256 7.08593 14.7876 0.0658318 33.1926
1190.18 26.095 59.2748 70.7118 63.0209 46.4873 62.5074 43.2398 47.783 27.2102 0.0903293 34.7728
1242.23 25.0769 44.2241 70.7118 63.0209 60.7558 67.29 5.77021 10.6872 16.2476 0.0164528 29.8467
1243.3 17.6811 56.0758 70.1611 71.5052 52.017 56.1627 20.9978 9.92768 8.86965 0.00449429 26.6966
1243.3 17.6811 46.4606 76.204 70.0785 50.1897 57.6798 24.5498 6.09658 16.0491 0.00226553 28.5323
1163.33 36.4089 46.4606 77.8938 66.2113 54.5435 58.1225 5.60787 13.9927 7.55158 0.0369171 28.6702
1242.28 20.9229 28.7516 84.7996 77.2127 58.8635 43.3092 24.6746 2.49723 8.62731 0.242354 32.8768
1242.28 14.2494 47.3004 93.9355 77.2127 37.5208 48.9745 61.6695 3.69869 29.7472 0.017785 35.4084
1273.57 16.2694 36.5652 104.815 46.255 55.3472 45.4902 65.5839 11.0968 15.8986 0.0236334 32.9868
1267.1 25.9446 35.9768 115.531 38.1163 46.6129 51.0697 46.0436 9.03329 3.46793 0.0277321 34.948
1258.43 23.1448 32.0322 126.853 31.145 36.3934 73.4946 32.9499 29.7952 2.97587 0.0297043 36.8883
1175.86 30.2141 38.7269 71.8442 95.9715 37.0242 53.0601 18.9283 39.214 8.40543 0.162774 35.0541
1176.81 29.3671 51.7055 72.5142 82.2688 47.2623 39.9451 25.8523 14.4908 24.719 0.0998441 31.9762
1087.21 48.9814 55.0736 64.1861 77.5532 52.7457 41.8187 4.55703 21.179 14.0065 0.0914135 33.0399
1087.21 54.7039 57.0298 66.2802 77.4941 58.2083 39.6776 4.55703 21.7017 9.9645 0.0522032 32.2105
1010.08 62.1297 64.3726 57.6892 67.6817 58.7309 51.7589 3.95924 22.4425 9.38685 0.0464736 32.5583
1074.42 50.0536 61.1905 62.7269 58.751 71.5485 56.8541 14.8722 2.55673 23.6884 0.24995 34.238
1023.14 50.1515 63.2488 69.2601 69.5834 61.4488 54.5114 17.0121 5.71395 47.0063 0.0792233 34.7609
1062.24 52.1392 48.3709 77.818 72.871 60.6518 55.31 10.8145 6.10109 78.4181 0.10512 37.6303
1147.43 52.1392 47.6368 68.7188 77.6693 23.3197 78.3755 5.49637 8.52304 14.6854 0.0363244 32.9966
1110.91 52.1392 53.3312 67.3484 79.3564 36.4373 58.2047 29.6285 53.4839 7.05498 0.0461535 34.3036
1130.64 36.8637 51.5077 63.9907 91.9386 39.7986 72.4278 9.45135 20.1889 12.3634 0.301452 33.861
1300.63 7.99137 54.7826 53.9174 92.8744 44.2111 49.892 36.7516 25.1155 15.5146 0.00322626 30.8454
1262.08 14.8188 67.0979 53.9174 87.5386 40.1301 48.1536 19.5718 9.58019 7.26203 0.00555767 27.7767
1291.49 1.9741 66.1452 60.5547 87.5386 22.185 74.5819 40.417 20.6717 9.95886 0.0467163 32.9453
1258.81 9.41514 62.8378 51.3313 103.257 21.764 74.5819 24.1521 10.2669 12.4947 0.0678883 31.7838
1265.18 9.41514 76.7601 45.293 103.257 21.764 63.2491 25.1158 15.0032 12.4947 0.0678883 33.9348
1248.91 4.54472 75.9508 46.4289 92.8701 21.764 63.2491 49.6398 15.593 13.8714 0.114988 34.63
1231.87 4.54472 87.2708 46.4289 85.3408 21.764 63.2491 36.241 18.6551 13.8872 0.0842144 34.5104
1235.71 3.22463 87.2708 46.4289 88.0962 35.0275 67.7951 36.241 17.9783 10.748 0.0363825 31.3211
1146.05 16.4587 87.9343 52.8257 85.2593 30.7349 52.1813 20.32 17.1466 9.13427 0.0370209 32.257
1144.12 20.6732 96.9838 46.0027 71.3271 50.4378 66.7647 20.32 50.5041 1.84131 0.0357418 33.7361
1135.51 28.3915 78.4259 46.0027 91.6134 46.9689 55.8267 8.45532 39.451 21.6298 0.0374303 32.1159
1134.46 26.3633 74.6049 42.5965 81.0146 56.5616 58.445 18.8309 4.04418 37.4643 0.0523664 33.4174
1135.13 25.0052 80.4034 62.755 79.3671 48.8709 51.8146 5.35205 23.2851 21.6987 0.0488274 31.8391
1125.61 35.0022 65.9324 54.176 91.9475 46.1979 41.4636 17.6819 28.5059 33.1793 0.0424198 32.8351
1144.22 33.7387 66.9764 65.1865 84.5601 26.306 65.3641 6.60351 2.26951 26.0197 0.0144075 30.1776
1146.02 37.0408 65.5744 51.7398 84.5601 28.9731 77.8827 11.828 5.9468 49.244 0.0433405 33.4556
1114.12 37.2933 83.2726 51.7398 69.9159 48.808 62.0435 9.6466 6.7274 9.26545 0.0533131 29.5053
1115.18 32.4474 83.2726 46.655 64.4506 58.1361 62.0435 6.50486 9.04392 5.90041 0.0605698 29.8723
1171.27 28.5787 68.2756 28.7495 104.873 40.4589 65.2679 24.5996 2.06063 20.7042 0.112361 33.3591
1189.53 28.5787 71.3852 28.7495 104.873 40.4589 55.4838 12.5377 2.06063 20.7042 0.194301 34.1688
1161.83 26.0776 77.6438 28.2754 104.11 48.5921 48.4651 13.2593 12.9962 17.494 0.110547 31.8835
1171.15 26.7745 77.4493 36.7037 104.11 43.8654 50.8761 3.90025 16.8778 15.3514 0.0428195 31.7979
1150.62 27.2072 74.9572 49.1811 76.1249 67.4166 51.2156 11.3536 11.2175 40.0412 0.00219666 29.8663
1236.58 18.4773 68.7618 43.1767 85.0866 59.4362 33.0069 34.7024 12.9457 28.5763 0.00219666 29.8496
1122.37 44.4917 62.8694 50.3292 74.8268 70.2297 39.6819 21.6024 2.92466 63.2992 0.00219666 32.2131
1199.4 33.443 62.9161 47.6293 76.0525 67.1273 36.8399 19.7581 5.20439 3.70844 0.0285929 29.0529
1206.17 15.0455 66.6462 53.7496 88.1888 56.8867 43.7617 34.5791 4.53167 11.2675 0.147398 30.8227
1192.27 13.3898 62.6291 53.2661 88.1888 56.8867 43.7617 28.9329 6.70286 3.34064 0.276293 32.5769
1246.4 20.844 47.2888 65.8723 88.5532 49.3385 32.9565 38.6926 3.88234 6.70786 0.171737 33.2555
1140.51 31.6315 64.3181 75.4875 63.839 49.0961 49.9314 22.5998 2.32933 4.26546 0.152029 30.7321
1166.41 15.5859 64.6461 76.9641 65.0959 79.7397 40.3602 2.31018 13.2583 1.85199 0.152029 32.7071
1164.79 21.3327 62.9922 77.3498 61.2235 72.0687 35.2893 8.9705 11.5034 7.21659 0.116 29.5839
1240.02 11.2351 58.7871 65.9891 63.9698 76.8996 38.4233 44.5565 3.91576 5.24518 0.0691967 30.0319
1236.13 12.8506 58.8378 76.1158 57.8054 74.6595 28.2517 33.0725 20.3194 1.81025 0.145002 31.1064
1211.79 6.41039 70.8698 74.8527 75.9482 49.0505 38.4385 49.2449 18.8787 20.2938 0.139062 33.5564
1247.17 3.38907 69.6829 64.3502 83.1076 57.3938 37.2934 43.7075 39.911 18.0398 0.0113632 33.0017
1288.91 1.95512 67.7448 46.8957 74.6482 56.2916 60.7148 48.9872 47.5766 5.4322 0.169218 36.0522
1112.15 32.6422 87.4018 32.7073 77.9628 72.9189 55.7737 21.7687 22.7146 4.61918 0.169218 33.9991
1102.16 24.6629 89.0111 26.9322 106.948 34.436 57.154 35.5114 26.4309 1.56605 0.265217 36.3879
1072.93 27.7466 98.9109 50.0837 85.3034 35.3318 55.9989 40.8288 34.5516 6.4501 0.0361649 34.6677
1169.48 20.1292 73.2799 64.9352 80.7593 29.7168 56.7877 47.5907 27.3273 9.45385 0.0565063 32.5975
1253.21 21.033 50.9196 66.1102 83.1883 23.4468 73.9895 14.5016 25.342 8.96017 0.0515684 32.107
1251.17 30.0403 43.6268 63.6253 73.2116 50.389 66.4008 20.9178 19.0161 14.1127 0.0282271 31.4385
1246.28 2.54061 78.3681 55.2623 77.0591 59.2517 52.6568 22.7217 28.2515 26.2435 0.0177885 31.0436
1215.29 13.5568 80.3397 64.4595 70.4068 55.2508 38.5462 39.4704 10.5221 54.9988 0.0295215 33.8627
1189.44 12.9201 85.389 40.1086 90.6057 55.1703 35.3865 31.1164 8.33115 66.7159 0.0295215 34.2293
1157.52 22.8152 84.7081 40.1086 87.4392 70.5253 36.7716 1.76931 2.64122 26.8165 0.0599746 33.2111
1165.6 19.3561 72.928 65.258 63.6835 70.8828 35.7787 17.71 28.8444 36.4566 0.00390746 30.5409
1220.64 21.2078 60.5738 65.258 65.3338 69.8047 35.7829 6.05242 21.5774 11.3819 0.00390746 27.2613
1234.63 13.979 52.6632 86.1762 64.4871 61.5307 50.8464 7.53643 6.58177 1.83666 0.00390746 27.9529
1236.7 3.18214 61.6276 79.0957 61.1062 49.1993 65.1098 22.8679 6.55408 1.83666 0.0597712 30.9499
1164.73 15.747 63.1778 90.629 48.0205 61.1662 48.5921 18.5043 15.5388 2.67105 0.101096 30.6381
1196.76 17.4706 65.7077 66.6474 49.6696 71.9511 71.9063 11.6769 27.8581 17.4337 0.186072 32.9166
1180.25 30.5678 62.6861 52.7526 55.3166 75.0899 60.7982 11.9088 36.2884 17.6647 0.197536 34.6458
1093.4 45.6431 73.6238 48.2534 58.8152 86.7375 29.9801 27.0522 8.74978 0.586562 0.0922102 32.0781
1056.58 43.7697 67.5643 79.0366 67.5582 49.4183 40.6465 25.5063 1.32426 8.84199 0.048761 31.057
1056.58 49.8429 67.5643 75.2341 67.5582 49.4183 46.0886 18.5216 15.5478 8.84199 0.0488711 30.607
1048.66 51.0987 63.5513 65.9716 60.928 60.5282 47.2102 19.8961 23.6907 22.7124 0.030334 32.5866
1015.31 51.6122 71.4642 65.3075 67.1024 63.7461 49.7735 5.37122 13.4678 15.2993 0.011984 30.0995
1015.31 60.6797 54.7168 76.5449 67.1024 60.6789 34.1276 7.07012 16.192 15.4975 0.00665146 30.7978
1015.31 60.6797 48.9554 79.9515 74.8786 57.5301 35.094 21.0274 9.03492 15.5265 0.00545216 31.2519
1077.48 58.6017 48.9554 65.5784 71.7286 56.968 55.66 19.6056 19.0746 16.5596 0.0234298 30.654
1088.26 50.7299 54.6807 65.4112 60.0885 68.9452 41.4015 11.544 15.0157 20.5616 0.0312407 31.2244
1161.45 33.8628 52.5128 63.7493 60.0885 91.6695 33.4315 13.6395 15.4729 23.261 0.139157 32.6001
1282.18 8.78384 73.8275 50.8373 58.8994 90.1799 19.2169 26.595 8.91115 17.9289 0.0778894 32.4785
1174.75 12.8234 90.2272 53.7354 59.7649 69.8916 26.8705 71.4479 1.92573 11.2229 0.0729978 32.5507
1144.95 4.52552 104.8 52.4351 60.7009 72.0768 29.803 34.346 4.12874 15.6257 0.138805 32.7786
1275.1 8.73991 64.2229 56.4737 54.8847 80.6353 52.2185 39.8962 22.3287 41.8092 0.160549 36.3063
1288.29 12.9559 49.1249 79.1583 54.7894 75.0741 44.1403 39.7904 27.1811 38.5485 0.0533562 34.503
1018.02 52.3341 78.3471 68.8832 30.241 83.0794 41.1051 54.8795 14.4175 45.9425 0.00036706 36.6207
1150.99 32.3229 77.3984 72.4081 33.1579 78.2083 38.2923 43.6604 3.73223 20.217 0.00036706 29.2461
1148.71 24.8757 75.0213 75.1864 51.2481 64.5456 39.6569 35.9484 5.04639 33.3044 3.85266e-05 27.9901
1177.94 27.4476 67.481 69.236 53.2208 55.5964 45.4726 39.1718 26.9122 14.9776 3.85266e-05 29.4672
1116.71 33.5179 70.2598 47.4809 67.3941 86.0087 40.5509 13.7164 33.2757 4.78604 0.0788293 33.0318
1091.12 36.0372 85.69 41.9597 68.6304 80.6743 47.1863 18.7105 8.952 8.06821 0.0769421 31.7499
1091.12 36.7623 82.3825 41.9597 58.2748 83.8969 43.8046 6.96165 8.11328 11.3908 0.0660773 32.0769
1125.18 39.3171 75.3124 42.8065 67.5218 83.3193 38.7434 5.12272 8.11328 3.27391 0.000259672 28.134
1104.91 30.5884 85.1612 42.8065 60.3696 83.3193 41.4379 1.10164 8.27412 0.459245 0.00375792 31.408
1171.24 30.5884 74.2204 51.5853 60.3696 83.3193 42.6048 1.10164 6.47032 7.23796 0.000120144 28.1079
1145.97 41.7106 44.8787 98.8574 29.5814 81.9262 43.9505 36.2765 6.47032 5.53134 0.00376692 29.4086
1145.97 41.7106 44.8787 98.8574 39.0483 73.3658 45.8681 36.2765 6.47032 5.53134 8.90101e-05 28.4157
1058.96 50.5733 69.3583 99.0699 24.4244 78.3215 35.4216 48.7877 11.3248 4.28297 0.000318191 33.3227
1133.8 44.142 68.4204 79.4556 31.0088 79.3987 19.2805 48.0276 20.9107 26.5194 0.000340833 33.61
1096.65 48.2896 62.8699 84.57 44.589 37.8146 74.6186 20.4176 4.58581 20.2381 0.000778716 30.6919
1075.44 48.2896 65.0897 84.8123 55.8083 37.8146 65.4905 9.15107 10.1074 59.0053 0.000701202 32.5522
1075.44 51.0171 49.3142 96.0374 52.7078 36.5588 65.4905 9.15107 18.7032 44.1097 0.000712812 32.9824
1048.82 50.0707 61.6383 85.0638 52.356 46.5497 63.9299 7.33937 21.4123 25.6777 0.000451906 30.2568
1115.86 53.6314 54.9349 72.4721 60.2216 55.2296 54.4301 17.3532 13.8472 19.0285 0.000427023 28.9935
1069.65 54.4658 53.5337 85.5357 61.2724 39.3698 59.1415 20.068 7.07959 17.8027 0.00378493 29.389
1346.64 1.22813 54.669 83.3886 54.375 51.9302 50.4183 9.68728 7.68403 13.8794 0.000961249 28.0904
1270.63 16.5806 59.5144 76.9609 48.5417 51.7639 52.393 6.77937 8.42766 11.0472 0.000312813 27.5333
1272.71 3.53512 58.3237 90.0968 51.3395 49.6472 62.1444 20.6069 9.85704 29.218 0.00143845 29.2501
1274.15 5.88902 69.4358 81.1891 43.3861 78.8976 41.9675 31.8686 5.10422 42.4187 0.00150215 31.3596
1246.78 13.4513 66.178 78.333 43.5434 81.2776 36.4439 26.2497 6.65089 53.8215 0.0209213 31.7248
1328.89 2.5124 58.6027 79.2488 38.5036 102.615 14.5556 42.7822 6.4615 18.4242 0.00564879 32.9101
1312.03 11.4006 56.5307 66.7367 43.3236 87.3103 38.5234 33.8232 6.19655 52.5119 0.00786146 33.2548
1342.27 4.31975 52.294 75.5387 49.9872 81.9455 38.5234 22.2469 6.94545 24.0069 0.00919028 30.3831
1315.6 4.94883 53.0935 81.7121 57.8521 60.4946 48.3911 13.9637 7.23385 9.90382 0.0108553 27.3932
1309.85 11.9104 50.3213 81.7121 53.2602 59.7019 48.0907 7.286 7.75804 5.81638 0.027547 28.3828
1321.11 11.9104 46.2225 87.8517 53.2602 53.4652 40.6693 3.75773 5.8179 5.0449 0.0161362 29.8933
1256.6 20.0334 45.4715 91.5392 59.4735 54.5411 49.3196 20.1488 7.85944 14.9199 0.0134461 28.9528
1289.15 17.4046 41.3384 104.802 37.6057 53.5704 51.631 12.3317 7.00571 1.2475 0.00920297 29.6991
1222.66 11.7029 54.02 100.698 48.0016 65.1402 47.1949 18.6762 8.28953 1.64084 0.00796362 28.8253
1166.08 32.004 56.8516 105.595 31.7867 69.9486 20.6452 3.84943 2.53526 4.845 0.0288842 32.7614
1169.84 27.4217 56.4413 113.645 21.3489 69.3211 43.7945 7.6054 2.73262 40.5017 0.105993 34.6703
1082.46 48.3203 65.174 81.1293 32.2409 88.6731 40.3806 8.1141 1.65915 15.5876 0.104653 31.7815
1082.46 48.3203 63.5082 70.2979 39.5462 88.5455 40.3806 9.4849 1.65915 2.48179 0.0259785 29.8417
1100.85 49.9856 48.9696 79.0749 43.4742 95.5469 26.4611 4.21818 5.50507 8.63552 0.0176635 30.3115
1100.85 49.9119 49.7435 78.0318 55.1253 87.7556 32.414 19.8405 3.70928 11.3072 0.0923346 32.0519
1148.38 35.684 64.9257 63.9405 52.5334 94.804 27.8259 41.7969 11.2306 24.9648 0.0674746 33.5077
1206.84 16.0823 64.9095 65.0891 51.0385 94.9373 23.7424 26.1517 15.386 4.35902 0.0940877 30.6386
1279.49 23.111 45.17 61.8254 46.6846 96.7352 25.4455 24.7334 26.4023 11.208 0.071571 35.1808
1139.43 30.6986 70.1223 75.4035 42.3396 88.2765 9.47908 7.08041 14.888 1.2072 0.0790773 34.0356
1152.34 40.9446 58.6978 71.5538 56.1458 64.1891 53.2537 42.3226 5.49301 0.772613 0.0287416 30.5982
1159.21 32.2771 70.6708 77.5161 50.8365 51.0829 51.5999 35.0391 7.53439 7.11484 0.0287416 29.347
1135.74 19.5174 67.3114 79.373 68.5287 54.8024 47.4136 34.9717 13.887 10.242 0.107743 31.2882
1234.38 18.9526 61.8497 90.0449 39.8014 59.0171 53.9173 43.6315 15.4391 33.5458 0.0168815 31.8031
1209.58 23.0166 56.0071 91.194 43.8994 48.6293 54.6989 12.762 5.4364 75.7897 0.0272275 34.9714
1213.03 23.538 58.9282 91.0485 37.8325 48.1594 61.6052 26.7567 23.8611 34.8412 0.0334454 33.2315
1107.1 37.6816 71.1318 83.769 46.5385 53.9702 53.9695 34.5964 10.3668 21.6943 0.0459978 31.0068
1132.89 31.9944 80.2352 82.4924 46.5416 57.2912 54.0287 51.5559 8.61532 18.4084 0.0552896 37.1722
1124.2 34.1112 69.7742 83.7052 50.9967 48.2952 52.9049 0.195106 8.73892 26.1422 0.00229872 30.0194
1136.67 31.5393 60.357 82.8081 56.8535 64.5522 47.3177 21.4221 4.9633 11.7209 0.0141932 27.8012
1192.2 34.866 55.9731 78.508 49.424 64.0141 47.4752 54.3407 12.0834 22.2954 0.0123453 31.1697
1155.21 18.1317 88.0992 74.5224 57.1531 56.2573 24.9775 32.7651 16.3271 27.1747 0.0363814 33.7642
1135.53 15.6955 98.7428 60.3389 49.3825 71.2323 34.6496 31.7441 18.6205 8.62269 0.0973591 31.7903
1201.75 12.6396 65.5685 88.4885 28.4054 80.8199 47.2048 29.4064 13.3212 5.54908 0.143297 30.562
1226.37 14.916 60.5009 95.7616 30.0985 85.999 38.7664 28.32 21.47 11.5948 0.0253538 30.5974
1221.01 0.147949 60.5009 95.7616 47.1477 76.3424 38.7664 27.0782 22.9317 2.84275 0.133936 33.4998
1234.71 4.49477 89.6474 50.6945 50.6505 79.1141 42.3709 7.55885 4.48875 8.9728 0.167548 31.6948
1231.29 4.57962 92.9229 42.4342 64.0998 69.3313 52.1647 33.7582 12.4939 11.5176 0.251537 36.1632
1187.84 5.6057 93.2668 42.4342 61.4172 56.7887 68.9551 24.9288 10.6345 10.7706 0.277623 33.9994
1209.14 6.18297 85.416 42.4342 59.6946 76.5385 66.1582 4.39066 35.8896 5.66094 0.210165 33.5609
1243.32 3.7735 85.416 44.6568 73.3002 60.2828 48.043 5.3795 3.79465 18.425 0.117233 30.3326
1226.79 4.12579 85.416 30.5307 84.4957 65.6419 40.0022 21.0215 2.62093 10.3302 0.0201313 32.1436
1191.11 4.03182 85.416 59.0591 70.9188 66.7626 49.2901 9.45961 14.3642 25.8948 0.0807012 31.3796
1192.07 3.03032 85.416 58.5835 61.1766 71.682 54.6982 16.2831 14.3498 16.2976 0.0807012 30.8854
1247.04 11.1496 76.0729 65.8883 59.8858 57.0486 45.6526 47.9139 6.26221 29.5818 0.0124837 29.8467
1247.04 11.2313 66.4742 66.7855 62.2335 62.2934 38.3282 49.5211 4.07015 24.4995 0.0124837 29.2839
1241.31 10.3822 69.1316 65.3885 68.6315 65.2938 28.346 8.69509 14.4394 5.97082 0.000410833 26.4796
1268.2 11.9198 64.4106 58.8556 63.5197 65.2938 45.69 9.41298 12.5337 2.37726 0.00419475 26.7244
1279.3 8.55169 78.4855 58.7119 66.4733 60.0247 39.4521 15.3382 1.25215 10.9892 0.00431573 28.4896
1268.38 4.87532 78.1497 55.4246 57.4372 87.9706 31.3444 22.3117 17.4882 17.8336 3.31631e-05 28.3085
1245.88 4.87532 74.3541 61.0176 65.9549 74.1597 38.1651 4.17636 18.8344 11.887 3.31631e-05 26.7432
1260.49 3.56792 77.7927 63.0982 59.9804 67.3447 50.7687 1.2894 35.5725 4.42933 3.31631e-05 27.8563
1271.63 4.65957 66.7892 63.6884 65.2861 56.0372 59.1571 7.46282 28.0385 4.42933 0.000733945 27.5822
1218.18 23.4269 68.2224 53.8762 67.7144 61.5434 49.8317 10.1536 30.5069 12.3451 0.00482576 28.0102
1315.35 0.569461 75.5125 56.8967 57.7428 69.2331 53.3672 7.71441 32.1052 1.26042 0.0237988 31.508
1268.07 0.569461 72.862 56.8967 76.1698 72.9626 31.7042 17.0147 31.9327 2.39667 0.0131742 30.9889
1268.07 12.4429 70.1009 45.8896 76.1698 69.9471 31.3536 13.6144 29.1699 13.9926 0.0141226 29.7749
1268.07 10.3971 69.2767 57.0975 76.1698 73.7631 20.0277 8.44777 34.9553 2.00998 0.0114179 31.4876
1250.82 10.3971 75.5314 57.0975 72.7011 62.6872 20.0277 16.3488 46.8439 20.0602 0.0120862 32.8152
1108.32 14.6296 88.8529 60.8035 60.1072 75.1222 35.1006 25.1348 17.0183 15.0442 0.140265 32.9369
1127.4 14.783 85.7364 57.8478 59.2273 81.8462 36.6931 20.8532 19.9331 17.8537 0.119199 32.2694
1129.17 23.7659 67.9122 57.1269 62.3783 94.6645 42.0533 26.4523 9.35675 23.5718 0.200935 34.3606
1140.76 9.68873 64.1849 56.3865 71.8558 100.378 38.5259 17.4152 16.1008 2.22662 0.343219 35.3881
1130.61 29.8977 66.9981 56.3865 75.6015 83.265 37.5879 7.59303 17.6043 5.09484 0.343219 34.9043
1135.93 19.2596 63.5 56.1061 82.3367 83.265 35.5422 16.1184 4.11807 17.4437 0.308401 34.0569
1136.58 23.1559 63.5 104.139 35.8386 73.7244 31.6942 14.6938 23.7622 18.9452 0.196838 34.4871
1134.41 22.4418 63.4467 99.3403 46.4232 69.7835 28.5167 31.1731 22.0227 9.21176 0.164361 33.3606
1066.77 47.2247 63.9729 102.561 30.4673 69.7835 25.2067 71.0548 11.9563 2.77104 0.0487691 35.3707
1068.31 48.9785 66.2473 78.2116 70.4038 39.961 24.632 60.5174 9.57924 2.77104 0.0180107 35.5244
1099.6 44.0669 57.9707 75.4184 67.6657 56.3733 23.8435 37.3628 2.26822 4.48993 0.0129297 31.0569
1083.46 32.9352 68.9969 73.636 76.7265 60.6787 24.9395 28.4216 22.7373 5.3344 0.0107243 32.2853
1132.14 32.853 70.04 59.2584 72.2165 62.647 40.541 40.1718 14.9058 2.2289 0.0110255 28.5038
1135.35 35.6784 62.4971 66.5803 67.8569 57.5519 42.9962 47.5223 12.6505 10.6928 0.0110255 28.914
1146.44 29.9473 71.2548 65.8553 61.8589 63.103 34.7218 3.60374 8.49452 11.6776 0.0538705 29.3897
1105.76 28.9214 82.2695 97.1329 37.2264 57.1297 49.8782 3.60374 6.54265 13.8165 0.00633171 32.3491
1128.63 28.9214 75.7286 72.2393 41.4279 71.0688 36.0193 54.7197 6.79339 33.3545 0.00633171 32.7544
1129.18 33.7974 75.7286 70.213 43.2479 75.0686 50.8658 50.0792 13.1296 20.9855 0.0604592 32.937
1207.74 11.3377 90.6843 61.6271 47.6663 69.2666 46.109 50.0792 6.99782 16.7124 0.0743309 32.3602
1178.24 31.6574 59.973 75.1615 57.7035 55.6263 55.8353 30.1419 4.41625 9.42585 0.00376997 26.8679
1178.24 21.184 70.9618 73.4403 64.1012 56.389 41.1644 35.1964 9.68762 15.7344 0.00146157 27.1498
1149.83 24.3472 63.3022 81.3988 61.7611 64.8217 54.8907 5.00243 9.68762 6.1539 0.0145636 29.1834
1123.1 31.6596 62.8948 82.5572 56.1653 68.0049 27.9756 9.3171 16.929 26.3668 0.0101419 30.455
1142.32 29.6985 61.061 76.6102 66.0075 57.8442 46.9057 4.31956 8.81408 11.13 0.00819541 27.3198
1142.32 31.7439 64.5661 65.7077 66.0075 57.104 53.4745 27.0872 3.78252 21.8092 0.00819541 28.1896
1142.32 31.7439 64.5661 70.0458 66.0049 61.4412 47.5897 15.716 3.78252 21.8092 0.00819541 27.4451
1146.23 31.7439 70.1267 68.4802 50.4725 86.2284 39.2634 16.996 3.78252 21.8092 0.00819541 29.5164
1141.26 25.8182 74.9374 72.0208 45.9742 76.8789 39.3128 18.4555 7.06761 22.8375 0.00387471 27.8699
1141.26 24.8978 79.6899 77.7089 44.7514 74.1893 39.3128 9.45353 19.6774 15.848 0.00387471 28.4309
1291.06 2.87001 57.7872 70.7305 66.3298 63.9586 38.2108 25.7663 29.3402 17.97 0.0925945 31.3746
1281.7 15.0694 52.852 58.6733 79.9195 70.8671 40.8928 11.9184 8.44872 5.5501 0.00423456 29.072
1282.14 16.5214 62.0049 60.0993 51.6916 92.2527 23.2067 14.9995 8.95846 4.43965 0.141877 34.2104
1302.54 7.4335 59.6533 71.653 51.5727 74.8996 40.8313 31.2271 6.8052 4.75052 0.0266843 28.3387
1201.91 33.3349 61.0929 70.0596 46.0425 73.3399 43.4735 20.365 27.4844 6.74861 0.0110144 29.3694
1121.65 36.9615 64.9511 71.8065 66.0351 52.3712 47.6636 73.9879 0.798532 8.15664 0.00116889 30.665
1220.7 17.7288 65.9233 75.5878 54.8257 61.2495 35.089 17.3149 6.19716 7.85034 0.0322588 27.9611
1188.11 16.8794 78.6954 69.2952 60.4278 63.1176 42.7109 15.9236 8.12594 8.49526 0.0249835 27.5493
1212.31 17.764 82.6489 61.9885 44.306 82.4362 26.6999 49.4545 5.42487 18.2648 0.0510315 31.7331
1163.85 20.7559 82.6489 81.1721 36.0948 60.4697 41.4159 33.6822 3.74971 21.666 0.0285126 31.2959
1163.85 19.899 82.6489 96.0627 22.8139 68.47 61.2065 41.1615 3.23617 10.8295 0.0112766 35.1663
1169.25 18.3232 71.5465 70.3825 52.2002 69.9214 33.7645 20.4233 10.625 25.4386 0.0419366 31.769
1190.38 20.1225 49.7394 93.1215 43.8574 81.5736 42.1111 16.0607 39.5798 44.2817 0.290485 36.6755
1305.15 7.62565 47.5571 93.4471 36.7884 80.8256 47.1473 56.0815 29.9621 9.94748 0.122706 37.5688
1342.67 7.62565 37.5075 84.9002 49.0925 82.1863 21.6645 90.7762 47.3105 1.20898 0.0642908 39.3756
1198.4 24.9872 39.3667 109.522 40.7251 82.4353 18.3093 19.2968 19.7459 17.3773 0.120517 33.7288
1122.08 36.6476 45.4149 102.363 31.6752 93.5483 36.7418 33.3121 39.961 2.98932 0.150447 34.9407
1130.06 41.3678 39.2203 97.5891 18.5505 99.9048 35.2755 28.8645 8.63033 15.2704 0.147976 35.943
1136.93 43.5997 48.0877 94.5857 24.4321 103.088 24.9577 32.0497 10.856 16.8287 0.0231539 32.4768
1143.48 43.775 56.6413 83.6112 35.6446 79.9209 35.5786 49.168 15.1457 25.4479 0.013323 31.8458
1111.26 43.6314 47.2439 74.328 61.2358 78.3805 42.9783 20.4908 15.1572 42.9659 0.0563702 33.6488
1099.38 43.5506 68.9076 76.5873 37.0809 81.6488 41.2224 59.6402 5.99174 2.39654 0.0382172 32.1178
1129.53 43.4884 60.3293 83.6693 40.4248 76.3435 44.9106 25.5684 7.07278 25.419 0.00594885 30.3192
1147.64 43.241 48.7818 89.3321 39.5177 79.0533 40.7239 11.7862 7.23343 27.9585 0.00594885 29.2765
1120.29 41.4439 62.6294 78.7533 41.2238 84.4839 22.7601 32.2964 4.7709 24.4069 0.0161004 30.184
1103.99 40.7925 69.642 71.0573 42.1401 78.7128 37.2005 13.0702 6.26299 35.8003 0.0326497 30.8285
1100.58 26.1758 84.189 63.5113 64.599 56.107 53.4263 24.8529 9.30221 6.36853 0.00995079 28.6387
1093.82 27.262 79.1023 59.5101 68.5568 59.3484 57.3576 32.0426 34.4297 2.46681 0.0010075 31.9873
1097.72 27.2663 76.1735 54.7029 74.0242 73.1655 50.2858 17.4893 26.238 8.48792 0.0346082 32.9056
1097.46 32.3664 93.7513 45.2382 65.9604 73.041 48.5726 22.5002 11.3461 6.36762 0.018891 30.8253
1157.4 37.0631 68.0062 45.6027 58.8059 74.7267 52.3473 16.2167 5.24457 4.51558 0.00315627 29.2202
1119.68 37.8245 64.9032 57.8233 77.7491 69.1339 38.0454 4.73371 15.985 28.2095 0.0505465 31.2415
1170.21 34.2362 57.3438 66.3346 71.7055 54.0937 42.248 10.5316 8.87093 6.71143 0.013334 27.3099
1194.37 22.0027 61.736 59.9277 76.2907 61.0813 32.9536 14.629 10.9231 8.07259 0.0614467 29.8176
1181.78 21.7673 72.3983 54.1532 69.1678 57.0739 71.8487 20.2125 0.898033 9.32161 0.0604203 30.2512
1175.88 29.3205 73.1477 56.7275 77.3833 53.8933 38.1681 8.93645 8.75858 10.1593 0.0198024 28.4454
1117.34 38.2856 77.8125 46.2606 69.9235 54.8186 56.6103 31.7894 14.702 41.6739 0.0283822 32.2868
1079.01 38.2856 79.0529 48.0185 75.4976 62.3032 55.0705 15.1491 6.68212 7.76365 0.0231785 29.0826
1074.37 43.1458 74.94 58.3316 78.1592 43.5799 54.6221 45.9307 2.40172 6.41761 0.0057295 29.484
1153.84 41.8577 76.9131 46.5429 65.7384 47.0251 44.9378 52.1636 16.2316 14.0919 0.0201441 34.5639
1118.34 39.5927 67.9701 65.7065 65.0207 60.0441 46.4683 27.6653 6.76882 4.63232 0.00247406 26.6229
1082.41 17.3699 100.535 53.3906 67.5782 59.5371 47.6395 14.6745 21.4286 0.226448 0.203174 34.4572
1102.25 55.6051 66.8556 38.8292 69.9782 79.0145 39.6488 16.6208 43.976 8.93072 0.143626 36.0886
1098.74 45.0137 78.8553 52.6444 72.4166 58.4196 41.6057 27.4472 13.2706 5.77996 0.271877 36.1879
1028.82 43.1248 78.1836 49.7103 72.3261 77.0827 50.0706 3.82784 15.2679 4.25452 0.149279 33.7615
1103.12 30.2856 65.3445 65.8307 87.6521 65.8331 29.9563 38.5897 1.69091 2.1061 0.0537444 34.038
1214.84 16.6584 77.0761 50.503 80.0998 49.3009 41.1485 29.4746 10.7273 6.95643 0.0331679 28.5399
1215.94 6.87498 90.4047 50.503 64.0341 62.5087 46.1667 8.14806 14.7072 22.4186 0.0273662 28.9235
1215.94 23.545 82.1364 45.7655 69.2426 70.6615 29.2794 8.1793 17.012 18.5164 0.0620126 33.4392
1247.67 5.26393 82.4812 40.3289 81.3344 40.8506 76.7144 14.5477 13.2323 21.4901 0.0507664 31.0918
1247.67 1.87183 74.4499 41.8977 87.8482 64.0923 59.0654 16.7971 15.3587 14.0048 0.0761137 32.3902
1238.61 10.8004 71.4695 58.6637 66.3546 49.8097 64.2503 7.76501 10.1171 11.7602 0.07414 28.7274
1248.4 8.27777 85.6811 66.5066 58.4702 42.2295 64.5861 0.981487 2.38158 11.2031 0.0390614 31.2371
1282.18 5.56595 71.6928 71.8827 37.3209 78.0082 57.5828 25.892 7.188 15.04 0.00751265 29.3848
1255.79 7.19971 68.1641 86.0053 34.7561 92.2506 26.5875 6.24954 18.4487 9.4087 0.0154744 29.7064
1248.91 15.2479 48.9949 110.968 34.7561 81.0508 21.2196 6.28219 33.9741 2.30632 0.0538361 34.9268
1284.19 10.302 58.6848 98.7868 27.1268 89.183 25.1964 10.4271 30.9137 9.22121 0.018636 32.9207
1275.71 4.66106 62.2101 98.3469 21.0305 87.1262 39.8828 3.66359 24.9216 8.45851 0.00163374 29.5445
1285.05 7.69216 44.1032 98.3469 47.6523 76.2952 44.2572 7.75507 25.425 6.4405 0.00450045 30.1951
1286.94 18.2867 39.1731 98.3469 29.8768 83.7529 33.0832 5.81316 43.0072 16.4242 0.00222653 32.0977
1234.01 21.9933 50.2728 99.5329 27.5283 74.14 69.8751 7.51147 19.3778 20.4816 0.000898762 32.0385
1267.11 21.4317 50.2728 99.5329 27.7384 70.0058 28.7445 2.76644 20.6084 24.5602 0.000898762 32.5775
1219.61 29.3415 50.2728 70.4971 54.0901 76.9092 47.9667 8.10623 3.65692 27.3859 0.00661961 28.8658
1234.76 26.1386 50.2728 70.4971 63.6642 65.085 42.196 8.82664 23.4898 10.4623 0.000278038 26.9505
1186.51 32.4404 45.7683 83.2487 69.0255 59.8549 42.1928 6.49749 17.6966 9.33107 0.0318712 29.59
1181.9 29.567 56.7917 84.3044 59.3574 48.6937 42.0908 12.499 10.7759 15.4066 0.0165055 28.7262
1181.9 31.2444 51.2443 97.0497 52.2579 59.0077 38.6106 28.2128 7.13267 7.71041 0.0227008 29.7646
1101.45 55.8941 31.62 97.0497 49.3407 54.8753 39.0863 34.7724 10.8753 10.8018 0.0261712 34.6526
1189.6 33.8639 26.7755 97.0497 60.5963 68.9681 37.8283 6.1818 1.44382 11.3198 0.0166238 31.6121
1214.06 22.6743 57.3086 86.7179 53.5185 47.724 58.7542 33.4556 11.4149 14.1333 0.0317422 29.2367
1223.68 18.8079 48.1353 90.0423 64.8042 49.1027 53.1921 35.9463 13.7194 15.7789 0.0871162 30.9945
1193.63 18.7656 50.0262 107.561 53.5687 43.6497 50.3688 38.5818 10.6233 14.8686 0.112349 32.7455
1193.92 14.4914 50.8879 95.1652 43.4238 68.7969 55.8218 21.9233 16.2079 14.8534 0.21372 31.2228
1182.72 17.8061 51.46 95.7789 48.0131 40.1205 79.838 38.4953 50.9031 10.6879 0.25311 36.4198
1130.66 38.6807 44.0862 96.4377 61.8084 29.4872 60.2573 65.1704 61.0162 12.6057 0.235584 40.0119
1153.96 33.7396 68.2885 47.104 61.594 87.7277 33.6233 2.44703 47.7078 4.38559 0.0037099 32.3715
1173.4 40.2371 54.134 61.6237 64.9242 68.3098 36.8828 13.7931 33.0939 4.85563 0.00391114 29.1522
1179.25 36.6781 53.8359 61.9625 72.6754 63.8095 43.58 11.2368 13.9178 22.1176 0.00391114 28.1576
1188.33 22.4658 58.3458 65.694 73.4238 57.8983 58.1731 0.960803 8.03842 6.15858 0.040054 28.8884
1127.41 41.9292 48.8526 75.4543 63.5169 51.0498 76.0538 24.2217 7.86022 26.1048 0.0488388 32.3753
1116.55 39.7544 63.9616 74.3066 78.4923 17.987 79.4543 31.3515 38.0519 19.9464 0.0851206 36.062
1104.71 36.308 59.1044 69.9336 87.1448 33.8617 75.4917 16.3954 29.7372 19.4241 0.0982965 34.0965
1145.83 30.5354 68.055 72.1064 63.0485 33.8617 93.8909 7.60933 27.369 25.9506 0.226572 35.7686
1094.39 27.7053 73.6088 75.8928 67.2726 57.0509 28.9746 78.4741 15.8122 4.77217 0.0310013 34.8147
1069.55 41.8887 63.7335 87.0421 66.0202 41.4156 64.3359 35.4241 26.5063 9.0529 0.139278 34.8397
1005.64 53.2266 70.4508 76.2809 64.5954 28.2061 93.4993 17.2276 26.5063 6.10325 0.272068 37.487
1014.99 48.7846 83.6732 75.5975 63.8829 20.7187 93.6032 15.3193 21.0457 13.1103 0.248258 37.9865
969.88 51.6935 84.0593 74.7227 56.8482 43.8751 76.2104 38.0986 33.5687 17.3121 0.103971 38.578
957.311 64.8049 70.3472 92.4468 44.5709 42.5223 54.9549 33.8433 28.4797 16.6813 0.0638766 37.5649
1013.2 45.397 70.3472 92.7005 52.8597 41.231 55.7863 21.9187 23.7242 8.63657 0.0304224 34.6716
1091.49 41.8911 67.1289 98.2962 47.2094 50.2522 50.0428 14.2938 15.4262 9.15346 0.0939658 34.4635
1093.09 48.893 50.7067 94.6238 47.5604 54.6786 56.934 13.4671 16.3063 11.2504 0.0721918 30.5315
1095.92 44.2374 60.344 84.6537 48.2205 48.3178 83.8216 7.22791 21.8611 1.32397 0.11209 32.9409
1088.47 54.7837 31.5254 120.031 42.8786 51.5539 56.498 24.4111 14.974 10.4974 0.0713122 34.1474
1134.2 31.1254 72.051 71.7304 41.9574 79.6476 52.1402 24.4111 4.23665 11.1533 0.107379 30.3513
1115.58 44.8684 67.0538 77.0879 41.5195 69.75 58.03 30.2218 3.3542 6.147 0.0786167 32.5092
1142.48 11.9723 86.699 77.1552 48.4483 56.8914 75.9021 15.4778 13.9594 2.41161 0.193965 33.2028
1144.16 7.45285 106.414 64.4574 47.3646 56.4955 54.8154 2.07735 55.0051 23.7459 0.22541 39.3556
1128.09 9.56249 103.112 62.3771 46.926 63.3264 52.8537 21.5466 55.0051 1.03603 0.136866 35.5048
1198.07 4.14217 92.8708 79.8557 38.1975 57.9163 56.6577 10.6122 28.7968 21.608 0.0966909 33.6393
1215.68 12.6965 80.2786 71.9832 46.8363 56.7665 61.1211 2.98183 22.5285 19.9904 0.101436 31.6599
1243.77 5.23006 80.8845 60.4714 63.4838 52.5018 61.7314 19.6247 17.134 14.5324 0.0747006 29.616
1255.1 2.03233 79.8865 57.9312 83.8662 55.2313 47.0639 16.2788 10.6171 23.5082 0.0351277 32.5787
1255.1 2.03233 87.5791 32.7219 83.9942 55.7019 40.9789 18.4485 25.611 12.496 0.0152109 31.8115
1271.99 2.03233 88.839 41.1982 84.1646 52.2577 38.1405 16.5421 6.79645 16.4234 0.00071663 28.0857
1243.93 4.1754 84.6194 43.6567 96.4694 43.5011 50.4161 5.92657 50.1 13.4971 0.00171836 31.6808
1179.6 30.7782 85.6079 39.8638 57.4008 72.9079 55.2858 13.399 3.43543 11.7502 0.00200359 29.7816
1215.62 16.7055 72.3044 42.4535 81.4662 66.3101 34.5242 6.48293 5.2679 10.535 0.00456656 28.2684
1194.81 23.0427 81.8563 26.0635 82.3035 65.1037 39.6654 40.8597 4.83716 8.3274 0.000111246 29.8074
1197.38 12.857 93.9473 26.0635 92.0454 65.638 30.0426 52.2718 10.8977 10.8435 0.000111246 30.3313
1216.56 8.49389 92.1368 38.9924 73.7941 67.5842 27.4409 20.0066 31.2857 9.45123 0.0146356 30.8383
