77.179 1.97399 25.0326 9.19008 21.0139 6.84751 43.7971 0.00402575 7.98864
166.321 14.3448 0.681085 5.66873 11.7338 16.9892 26.6135 0.0214011 9.31136
68.3306 7.22044 1.03992 4.35645 17.2044 41.7175 16.6599 0.114056 14.9668
49.6709 29.7067 12.4844 30.3006 2.81543 2.54902 3.8307 0.00125802 5.9462
6.30929 10.1984 19.669 20.4807 15.509 12.3907 3.53297 0.0137129 6.58531
36.7003 23.7956 14.0877 11.2033 27.5024 3.56981 6.92789 0.067091 7.14343
83.6452 25.5276 1.91992 4.33691 13.4905 1.49789 19.3471 0.020949 8.50357
47.7901 9.82114 35.2191 18.083 9.12545 46.9151 17.0676 0.117694 10.9914
-1.81727 6.64515 36.4153 16.3234 5.0438 18.1514 13.6718 0.159428 9.69071
101.067 10.6618 30.0601 17.9528 25.6514 4.42502 39.3109 0.0296308 10.2286
118.496 8.71891 16.5148 6.02933 29.7885 13.9354 14.3619 0.0296308 6.79574
25.6721 7.43432 11.9891 36.2144 32.5147 5.24344 10.8741 0.16277 9.42395
-34.6219 15.2776 50.1161 20.5736 13.9493 4.14588 13.637 0.0196483 8.22096
70.5407 12.8006 20.1625 16.8681 28.8726 4.87987 16.6698 0.0411446 6.95693
103.404 7.44845 18.2001 4.91023 14.3171 1.85693 4.22803 0.045513 6.6099
131.639 2.49605 17.0579 12.2298 11.3234 3.48847 26.5028 0.0193523 6.7353
100.436 11.084 12.944 5.59973 11.9627 6.88283 23.1683 0.286834 10.5001
20.1394 26.8825 29.3948 24.5212 3.72925 11.2749 12.8043 0.180471 10.2383
-73.1106 30.9824 34.5888 14.9691 13.3673 6.94974 29.4692 0.0273796 9.03542
9.3428 14.3724 41.107 8.77307 28.5744 7.4525 39.6259 0.00129128 8.22389
25.8878 4.65269 29.2282 12.9067 39.2633 29.2524 2.6997 0.205669 11.0725
19.7394 4.4703 9.93498 10.0264 60.5307 11.7755 16.661 0.45594 13.6825
59.0903 4.49972 38.3945 0.694502 28.7523 9.60359 16.8421 0.060337 8.77809
126.07 5.5823 17.7454 6.61087 30.3456 10.5292 14.6429 0.0140485 6.14195
111.89 25.8492 4.79805 18.9779 1.23447 12.3192 12.2298 0.0327393 8.03198
76.5313 15.4734 5.99259 41.5158 4.35598 10.3799 17.9305 0.113184 8.53017
106.702 10.7023 7.03633 30.7389 2.18431 14.9177 19.588 0.00296388 5.88025
49.3141 20.6234 2.38819 28.2669 19.1862 12.5921 23.4552 0.161157 9.80067
159.196 13.1467 22.0996 8.79852 23.7962 18.4497 6.97803 0.00243749 7.72956
71.4298 11.4427 17.1648 18.3891 37.6062 19.8627 7.41325 0.00243749 6.21435
26.4589 12.9714 31.6106 13.2372 27.4877 18.5235 4.913 0.00208119 5.75072
77.5205 18.8736 35.9457 3.23777 8.9752 30.4638 21.0486 0.0267357 9.77057
60.9244 6.80537 36.9993 6.10789 23.783 30.8751 28.6974 0.0146835 8.91197
-4.07895 21.6172 21.7875 11.3847 37.8291 13.5658 41.2859 0.0540707 10.599
-51.3995 52.8648 5.25829 20.3783 9.79373 16.358 31.6118 0.0332643 10.3447
-66.0378 23.8036 14.4004 16.5945 6.01596 38.5288 18.0181 0.0267868 12.6666
-61.6212 23.5935 28.8376 23.6681 42.6436 29.6922 5.42867 0.160802 12.9753
-34.1415 47.274 2.42435 32.2211 2.65238 44.0365 18.9681 0.181675 13.7622
49.3859 9.31937 18.4481 29.0307 4.83406 6.43906 26.7668 0.127127 8.72188
51.378 9.42519 38.0018 1.79297 3.95935 11.6547 26.1913 0.1414 10.2332
215.734 1.9966 23.6427 9.9939 12.2086 14.5372 11.6348 0.0860364 10.4142
167.83 3.17315 23.1564 12.0555 19.0055 18.2907 7.20344 0.0551206 8.09802
192.205 4.6677 4.60229 9.76746 13.2372 37.5483 22.4612 0.0320402 9.4539
133.061 17.6456 5.08061 13.2781 31.8545 12.2067 22.155 0.0502138 8.73461
201.951 1.99448 9.89904 22.5363 30.7328 5.77717 7.81684 0.0682293 9.46037
123.693 7.16255 16.3983 24.6865 0.874507 8.19458 13.6954 0.0531398 7.22216
77.3601 10.6012 11.6936 17.0793 27.5538 2.4094 9.12787 0.133758 7.73856
119.603 4.82873 3.15838 14.3276 49.3799 5.57158 7.90573 0.0737308 8.53312
90.5959 6.53169 11.9631 9.46507 25.2956 6.53005 8.94713 0.126712 7.84508
55.8139 1.88294 7.27988 37.7557 41.8054 11.8648 14.8807 0.0419672 9.65068
-36.8938 22.7315 7.39961 24.3456 26.5616 17.5917 10.9971 0.0215076 8.83784
-55.4515 37.4461 12.5759 41.2698 31.7161 23.0792 22.7228 0.0601186 12.8764
-21.3086 26.8693 15.1131 37.5681 28.7267 7.24291 30.3781 0.0710358 10.7933
-35.038 63.0625 4.06171 8.18068 1.71041 9.07595 43.1875 0.048188 13.2875
67.09 10.387 28.4558 11.4297 16.4851 33.8918 3.50449 0.034518 7.54984
70.9743 32.4087 5.20063 31.6453 1.8483 38.9489 7.31348 0.0148877 9.94053
84.6034 14.1146 29.0034 11.6938 15.725 29.786 7.04114 0.0191766 7.48724
25.3255 15.7556 15.0922 6.68614 16.4375 19.7084 2.30378 0.0549769 8.59839
48.4604 34.1821 15.7646 4.95912 13.3018 5.34084 16.1696 0.23046 10.3322
30.1326 31.2747 13.2199 5.83215 14.9241 14.2684 9.50693 0.0626234 7.82111
45.7837 7.2759 11.7416 13.7147 42.7469 1.59409 9.75358 0.0335577 8.02979
44.542 15.2641 11.3914 8.14674 2.42604 9.10991 9.89055 0.00609985 7.61175
-9.4259 4.75619 9.64519 42.0198 16.4555 18.6511 4.36846 0.00206893 8.34166
85.9517 7.21177 16.3857 12.5872 2.53998 28.6983 6.35052 0.0340341 7.78313
41.3918 32.2384 18.1535 20.6906 6.57667 6.06721 4.27058 0.00368093 6.15373
179.725 6.58138 6.20284 14.8743 6.52901 13.2906 4.3578 0.00367589 5.2693
144.156 1.17901 25.093 19.5088 10.5332 14.2696 8.85663 0.0189769 6.58933
128.064 8.77285 29.99 15.8356 11.2993 5.0392 19.7735 0.0801805 8.86082
85.5763 5.08288 28.1902 20.3561 4.89557 26.4377 10.0278 0.0454574 7.35464
-63.8685 12.0105 54.0412 8.9339 38.2504 17.0707 16.9788 0.0407551 11.0067
104.489 6.77541 14.0271 27.2115 3.648 29.2533 11.1524 0.00531098 6.1306
-0.932388 23.8669 34.0219 9.56356 10.1188 30.4775 35.8841 0.10514 11.4
25.6048 25.9589 33.4981 13.7598 5.20272 16.9849 42.8237 0.226129 12.9163
0.524788 22.0575 28.0237 27.8346 4.12854 29.064 53.4692 0.211466 14.2626
-28.9704 26.4897 9.47357 38.0563 21.4314 25.6616 16.038 0.117812 10.6362
-37.3883 17.8989 30.9485 25.0774 5.07933 31.0002 4.26351 0.112115 9.84796
42.0092 24.6478 28.1171 28.5102 0.139991 13.5145 19.9644 0.0845485 11.5924
65.1491 5.49744 17.0691 38.4221 24.7258 14.2051 32.1985 0.00178514 7.73276
25.9863 20.2423 20.4859 5.83595 29.9613 35.0272 14.3761 0.0142791 8.35156
-63.8121 40.2055 22.4686 14.9774 25.4526 8.80052 18.2838 0.0583415 9.22723
-56.3685 26.1327 26.6708 5.2955 28.5883 11.1274 8.72525 0.00495973 7.26897
27.7982 22.8462 35.0435 13.5286 15.943 32.9128 6.77845 0.00274297 7.95388
66.1277 13.3359 22.6043 31.4692 12.8738 16.9095 5.63749 0.00274297 5.80431
17.9677 14.7775 39.8777 21.6398 13.2422 6.0169 11.4681 0.00122844 5.9131
173.415 6.74802 4.1665 27.0846 19.1475 6.0169 7.99621 0.00122844 5.26807
161.107 8.2213 4.1665 23.0255 18.5755 2.20639 4.00996 0.00122844 4.8547
43.6052 7.1925 36.0337 14.6649 45.7964 10.7894 15.4738 0.00137429 7.866
43.6052 7.09637 18.4315 23.0311 36.3334 4.32252 0.375011 0.000270757 5.83279
79.1945 7.93724 4.4688 42.2713 36.3334 51.5146 12.4004 0.000270757 10.3496
100.849 6.75815 7.36413 14.9201 11.4717 31.0559 8.52434 0.0283624 7.71111
99.6968 12.9962 28.3454 6.53684 15.5749 22.4119 8.79856 0.0635728 7.93441
70.2378 20.2717 19.0857 4.8274 44.7536 63.7792 13.3121 0.136929 14.9307
98.4455 8.71221 16.7743 28.4716 7.22144 19.6806 23.4039 0.0177593 6.93963
71.17 16.8181 17.0619 8.56515 9.19089 28.9786 20.6827 0.0107584 7.31521
-23.6504 14.8848 35.1849 11.9531 16.9987 20.1265 16.8867 0.0196942 7.76829
16.8187 4.23914 46.3239 22.9301 17.5518 10.8191 7.92424 0.0124223 7.23908
58.4209 12.0527 34.0018 21.6596 16.9642 18.893 13.6781 0.00597992 7.11049
9.50396 14.8158 22.9103 19.9304 13.4828 27.6575 17.5799 0.0281612 7.86079
56.7874 21.8387 24.1662 35.7611 6.86463 10.2137 4.49489 0.0147488 8.24424
155.656 8.78111 12.9485 27.466 6.1402 13.906 5.4772 0.00369878 5.68869
188.718 13.504 4.77742 14.8528 14.3667 4.71416 10.1805 0.00274623 6.1795
177.317 5.20064 3.94986 17.6673 14.7413 31.5684 7.4314 0.00146506 6.27317
180.416 4.73815 3.20541 17.4554 23.7905 6.80818 8.42004 0.00161138 5.18797
117.196 9.64053 28.2696 1.67851 18.8536 7.82298 3.08293 0.0121807 6.16051
18.7784 22.2618 10.8715 24.9014 11.0352 10.5343 11.6319 0.0275009 6.37822
34.005 16.5209 4.17146 41.3397 28.5507 12.5259 1.28287 0.0743402 8.9652
-11.2594 1.93556 19.1764 34.1895 33.7614 10.5852 18.9231 0.0504762 10.5754
17.8265 33.3461 17.3893 4.88518 12.8157 12.0396 9.87484 0.0894184 8.35337
99.7281 6.96666 35.9059 1.90655 9.11034 19.2875 26.6045 0.00597985 7.56655
85.3236 5.64971 23.7799 13.3792 22.0507 44.098 11.1473 0.00148796 7.04413
97.3251 5.12018 15.8024 6.77859 30.3929 64.2358 7.90953 0.00111628 9.21159
135.086 4.77889 23.2378 5.71849 16.3865 44.2573 8.68693 0.00973217 7.84183
14.2776 22.38 22.5787 5.92317 19.7536 44.2573 22.0555 0.0599327 10.5237
-14.6627 19.4872 17.5271 17.2537 15.1463 31.7348 12.7523 0.0337029 8.81117
-13.1087 33.0593 12.2969 11.7035 15.7503 10.5554 5.35645 0.00279535 5.64755
30.4368 14.2308 27.7259 24.9272 30.0169 9.34631 1.65165 0.0390927 7.97455
80.1107 25.9729 28.3462 0.835202 22.256 4.06451 14.5109 0.0236893 9.19816
-29.3426 29.598 26.1867 10.4135 29.1358 2.42653 6.24501 0.0166815 6.97393
-31.6948 21.6555 34.1798 7.80293 33.8955 39.7613 20.9365 0.00311938 9.6737
-11.9558 6.66594 49.2169 9.50125 1.99192 14.7317 4.13042 0.0015803 6.60687
103.475 26.2043 10.2663 19.9013 24.8045 30.2038 6.60766 2.28348e-05 7.73966
-15.4784 10.3911 10.4371 64.0608 0.279725 31.776 27.4633 0.00551825 11.8778
123.404 15.9359 15.147 31.4982 16.395 27.4594 20.6745 0.0125433 9.99753
92.8463 37.6865 4.51129 4.55347 16.8069 4.94358 14.2298 0.0200928 8.60118
68.6173 26.666 7.56297 19.0165 11.043 8.19027 13.0084 0.000547673 4.82398
76.5346 14.0779 14.1725 18.2142 7.18732 11.3882 6.92908 0.0200997 5.42479
72.389 12.2707 11.3199 21.786 6.71657 4.58574 9.09492 0.0772327 6.77099
113.561 18.9166 3.2296 45.185 6.74148 4.81042 15.4986 0.087534 9.69648
71.0821 5.80412 23.5251 20.1561 5.73467 7.79042 18.9021 0.0160073 5.92572
115.342 10.9769 18.7471 7.8291 12.1768 21.7392 16.2638 0.116465 8.39409
80.3341 14.3115 12.7468 22.5272 29.9869 23.0593 7.86438 0.167481 9.53731
33.1194 5.10355 26.7033 5.18438 28.2355 3.59518 1.84431 0.158921 9.31131
67.7744 8.44541 26.8745 16.7093 20.6081 56.5197 4.41811 0.0315525 9.65097
-44.232 28.9637 40.931 18.6418 10.3346 41.9225 7.5539 0.11685 12.0885
-36.8594 35.7989 27.3155 11.3286 1.96128 4.66022 13.9863 0.0601538 8.72064
9.27125 29.6761 6.51029 23.016 15.2534 17.1352 24.0996 0.0113838 7.45965
76.6795 34.3244 9.63091 7.37711 10.4698 19.5776 30.2346 0.031468 9.64222
102.05 20.2896 8.88167 1.10236 14.9764 2.29847 21.6607 0.0606519 9.04504
82.9977 8.12698 24.935 16.4572 15.8818 16.7577 7.90576 0.0602155 6.71036
134.334 5.36589 24.935 14.2488 17.0319 24.917 4.3991 0.0450574 7.65408
177.853 7.04945 27.3625 13.3115 7.14931 4.1979 17.9669 0.070108 9.70795
115.583 10.721 26.7226 14.3871 14.5542 4.22072 18.1844 0.0652641 7.86431
143.544 5.12461 8.40323 9.65222 56.0858 15.854 7.21389 0.0138801 8.30247
36.8253 8.00952 31.1479 3.54828 55.4627 19.3909 7.4679 0.00189044 8.09484
62.1447 6.39025 18.9938 1.30763 55.8986 19.2534 5.07457 0.00780172 8.62943
141.953 2.48669 28.6151 1.85475 10.736 15.0632 14.5566 0.0278355 7.4024
-1.31137 17.5739 23.1349 3.20383 23.5153 24.0837 23.5435 0.172841 11.5469
102.915 5.18954 14.7318 11.4239 7.86963 56.662 21.0213 0.033017 10.3197
14.2037 31.8835 14.0727 33.0015 5.45673 33.9432 10.4014 0.14636 10.9153
137.539 27.2326 2.85312 14.9802 10.926 25.0838 14.2031 0.0551027 9.87581
107.216 26.6168 3.06268 11.8137 37.3466 40.342 11.2888 0.364634 14.8985
25.1263 25.3907 32.2116 0.0962801 19.5466 20.0076 15.855 0.114699 11.3621
-4.67214 14.3055 10.1719 24.0468 12.2893 47.5581 16.4427 0.184283 12.7315
7.84421 37.1077 16.9445 14.353 6.48299 42.7509 16.5279 0.0580038 10.4801
91.422 34.6388 3.87316 19.4935 11.2362 23.6865 17.6067 0.0147213 9.25762
91.6056 14.5148 7.10213 15.4883 14.3832 13.0079 6.69206 0.00087557 4.43319
-40.2611 24.8451 33.446 17.082 26.2463 17.9681 5.08772 0.00087557 6.59274
-7.12239 26.3383 31.1591 6.08662 15.1481 1.60327 4.7223 0.00156382 5.50412
-28.9095 16.3629 41.5539 1.8931 36.4782 2.65527 2.57819 0.019408 8.21201
-25.1926 30.5798 20.4359 6.5083 12.4384 10.3241 23.6524 0.000520918 6.56648
168.763 4.99077 4.70187 18.687 22.1773 20.5861 12.5113 0.000520918 5.51603
139.607 3.39847 22.0871 20.9115 23.626 24.6752 25.2765 0.00842427 8.41553
113.801 2.60863 12.4911 29.1346 19.301 19.5906 7.62095 0.0788938 7.60473
135.451 8.26208 12.4737 45.4523 6.61403 13.4344 10.3227 0.028941 8.5793
-44.3021 27.3784 25.3741 22.0597 7.81813 12.2466 14.1278 0.0145337 6.95479
-57.8815 18.5641 20.0439 37.1183 5.93431 21.2352 14.5489 0.00948922 8.43485
-32.2363 21.2676 27.3717 27.8077 10.6267 29.1209 9.20756 0.0178091 7.90507
-59.5932 10.3781 28.327 39.3533 3.23373 15.0833 13.151 0.00522343 8.5074
-25.076 6.18505 32.2599 51.6412 33.1828 0.324477 11.7089 0.141296 14.3483
20.9692 5.05333 23.5681 32.1788 25.0968 14.698 12.5623 0.0390589 7.88703
120.721 7.27137 36.6552 9.75584 8.73263 31.9632 2.85642 0.0871522 9.91874
-31.4851 31.9393 28.4153 8.01561 19.9342 48.9177 20.5 0.0122663 10.4217
-44.9739 38.2671 10.5446 27.7583 27.4558 47.9091 10.1741 0.0631313 11.9732
12.7927 23.8911 24.0094 6.01209 28.9027 28.0636 24.0892 0.241866 11.9514
81.8427 22.0865 19.947 9.84648 19.6364 14.9393 17.1877 0.296942 10.7769
96.9677 10.5614 3.98548 29.2417 11.8496 2.91069 9.55403 0.0527345 6.52412
150.594 5.0873 3.98694 9.07856 46.1395 0.880547 3.13953 0.0533215 8.38815
70.0496 4.62208 35.0628 2.3228 52.2388 14.0112 14.2815 0.0158432 9.16123
73.5728 20.6506 16.8062 5.70658 44.4702 7.15788 11.9572 0.00228099 6.68484
74.6929 14.4266 20.0968 2.93496 24.001 39.2992 5.39357 0.00269349 7.19311
76.2686 13.7984 18.7757 20.3958 6.96418 10.9889 11.25 0.0196708 5.54897
-49.4496 14.4808 64.4901 2.59715 7.42853 38.316 2.47598 0.0159901 10.768
125.146 16.4523 7.04303 18.8581 30.7995 13.2354 15.7726 0.0342568 7.96994
72.883 4.12969 6.42609 11.366 32.6912 13.9804 11.0625 0.0140857 8.06452
164.96 11.2616 22.4302 5.82953 29.5898 5.17283 7.81512 0.0849685 9.68076
44.6021 16.9989 6.48709 2.62767 56.7248 2.24513 11.8688 0.197508 11.3183
55.9156 10.3344 18.1092 16.5602 23.6547 20.3638 12.4863 0.294639 9.99559
-17.5668 24.8323 18.2655 6.93405 17.832 7.22582 10.3606 0.0772613 8.63931
-30.0014 24.7124 15.9856 12.1004 12.3336 0.802068 14.5779 0.024854 8.64383
-35.9669 32.9132 9.47738 30.807 3.45913 21.465 12.1241 0.0938425 9.57961
34.6448 34.6301 4.47992 27.9233 0.803251 15.8901 10.9756 0.054745 8.87515
109.436 20.269 18.9114 17.3501 7.30078 15.8026 5.33781 0.000902439 5.76589
-19.1366 25.6988 18.5683 13.4546 13.8212 26.3123 14.2012 0.010366 7.51526
-38.7608 41.2941 17.7811 28.6631 22.2466 20.6791 13.5487 0.045974 10.3898
26.5408 6.24349 36.866 33.1431 1.40139 21.2228 30.562 0.0177594 9.43138
24.357 22.7388 0.17391 45.7715 6.33486 20.898 30.3426 0.0117644 10.1593
24.357 13.2467 2.22916 50.0411 6.33486 20.9632 57.8636 0.00594693 11.3706
72.4286 28.563 2.80586 13.3685 13.7493 28.062 21.9161 0.00138701 7.45934
77.8065 3.8567 34.4412 13.9426 7.34292 25.7773 1.87995 0.00606157 6.15436
116.268 11.3586 15.3357 10.6627 15.3909 21.9532 7.42379 0.0276364 6.33947
84.6894 11.1405 10.758 32.2712 5.58771 23.8312 10.9163 0.064516 7.4739
37.9874 10.9575 28.9364 31.9764 8.24509 3.41794 11.7244 0.182227 8.97418
153.565 4.66209 15.6942 7.2233 33.9018 5.82201 5.4629 0.0322114 6.63933
165.61 1.40984 11.5692 11.0154 16.2243 1.56864 18.4045 0.120367 8.60932
125.907 7.4233 12.1113 11.7567 56.7297 2.86444 5.92549 0.0566847 9.10537
-6.07561 17.2531 14.8798 14.0382 29.0873 3.09729 8.18679 0.0748576 8.45272
35.647 0.71707 23.3488 25.5554 11.4258 25.5966 5.04555 0.0243795 8.25488
43.8371 0.70607 12.1635 36.0603 24.2253 4.75056 2.79817 0.0145097 7.58777
82.5348 1.97523 12.3324 17.2369 13.2382 10.5479 17.7021 0.0182068 7.28436
-23.4733 29.2806 8.77257 17.9559 2.28198 27.5507 17.1859 0.000310028 8.05587
99.4682 21.8056 7.33586 17.5964 0.638982 8.75368 7.7291 0.162045 9.29308
106.833 5.03731 6.12748 16.5764 38.711 14.9681 16.0965 0.0148347 7.21971
217.721 2.31999 12.3021 13.4951 6.17617 12.7727 10.6953 0.00851306 6.77803
45.3661 27.2252 5.25396 25.0025 8.43526 14.4571 10.6953 0.00122806 5.25644
71.3038 15.2824 3.54129 29.348 6.24275 14.769 11.9943 0.0382465 6.96796
61.1385 14.7225 13.459 53.5361 2.50444 29.516 17.2771 0.0251282 10.2212
76.1628 6.99601 3.24794 34.5506 48.0422 25.7423 23.5988 0.121561 12.6194
184.729 4.68409 5.44002 16.6251 45.9095 5.45797 9.93755 0.091687 9.92259
132.161 6.09404 4.49611 21.5942 0.683171 33.4238 0.393588 0.0155698 8.97235
92.6663 10.83 12.9309 21.538 17.7886 40.2997 26.0336 0.0118791 8.44461
2.44028 45.6605 2.85838 8.4166 11.0465 0.584058 15.2285 0.0681326 10.0447
-63.0792 68.9127 6.66839 9.44734 12.5125 0.617803 12.3808 0.0349859 11.1914
-48.5225 29.1438 30.3137 12.3042 14.8694 17.4525 19.7379 0.0992035 9.63421
-7.45716 15.2398 43.241 14.6702 0.780681 14.056 14.7408 0.25694 11.3611
63.9116 20.287 41.0414 0.759372 13.8764 10.2078 16.4738 0.0555012 9.99176
89.4122 13.7244 22.543 12.651 57.579 12.0578 21.4094 0.149348 13.5885
-4.87513 4.068 53.3669 14.1701 14.91 1.41889 29.977 0.441216 13.9889
63.6663 4.79874 31.1076 25.7535 12.0051 57.1222 41.8601 0.073094 13.5267
-39.4571 4.94085 32.0152 22.5519 31.9157 6.77662 13.5049 0.0878204 10.0883
61.0046 4.24189 31.3726 6.041 28.5265 29.6357 6.35924 0.000297692 6.03277
27.1342 27.4474 7.33815 11.7281 19.463 6.15675 3.69988 0.0615578 7.35214
33.7087 12.222 19.4437 28.5851 12.8062 6.69527 32.4547 0.0276183 7.55113
149.807 10.3946 11.208 0.759671 22.2251 13.4152 13.579 0.0651189 8.45162
131.645 9.43685 19.4176 5.80379 35.8576 2.38171 24.6318 0.0548939 8.76375
89.8368 9.81371 8.29265 17.0846 29.0653 2.14377 23.4687 0.0441087 7.54606
105.497 14.9288 7.33997 49.5572 3.83706 13.4434 1.51097 0.00294842 7.40848
67.8663 9.41451 10.1439 36.3449 21.173 16.9012 5.62067 0.00294842 5.54909
191.996 0.581824 26.1773 4.56419 18.5938 10.2422 7.23476 0.00244324 6.92721
86.2762 0.801659 21.7212 44.2952 4.95251 16.5431 16.2109 0.00244324 7.127
51.7745 5.86513 18.8922 36.9176 43.526 8.52112 11.8015 0.0737414 10.3685
97.9111 10.5365 2.62674 38.4637 11.5474 9.1117 0.978519 0.132999 8.34314
78.7251 11.4753 9.92562 13.1666 21.5861 4.57354 12.0657 0.0571221 6.80858
95.8646 13.6766 9.86866 34.9584 8.01531 12.7757 10.4153 0.0144648 5.95059
-54.4879 24.2516 9.54057 24.1291 26.5568 9.00542 22.4217 0.0126778 9.13008
-11.0991 23.67 4.94477 20.8574 38.5339 6.85816 18.0994 0.051011 9.26011
36.4577 26.0272 5.09441 37.9247 15.1623 19.9121 15.6223 0.0228049 8.01744
-8.62181 32.4954 10.2156 24.8598 30.066 30.198 7.83163 0.0823003 10.0964
7.53463 10.5477 22.7452 4.89161 28.4896 7.83775 12.0795 0.115798 9.54248
85.0868 7.24833 8.80313 30.9124 43.464 1.33786 14.3928 0.00868018 7.73354
127.912 14.7542 11.1358 27.2475 30.0692 7.86995 14.6504 0.000195666 6.82383
108.123 20.9372 23.7286 7.49464 9.72688 30.4532 4.44922 0.0512466 9.11063
97.1393 2.98571 16.4152 24.0111 14.1988 16.2951 14.2373 0.00165719 5.0188
110.46 5.83747 15.7126 20.1726 34.4659 18.4349 11.8919 0.0250951 7.32618
110.46 5.65738 13.7959 10.4171 2.91919 8.58504 32.3809 0.217247 10.8719
2.07191 27.4597 2.04847 28.3234 25.1045 23.3335 36.1851 0.181032 12.6886
-57.6869 39.3139 29.1864 6.59651 9.56896 12.4762 17.1009 0.00881538 7.67601
80.8283 14.8472 15.3515 9.79644 21.7694 7.60484 26.778 0.0246673 6.93572
113.536 10.6542 11.6295 8.88458 37.1877 6.50035 43.8655 0.0225732 9.00123
86.3563 3.40834 24.7352 0.358772 32.0199 25.5625 22.6882 0.123491 11.2181
45.9339 25.5469 7.02372 0.80852 33.3726 20.5126 18.8248 0.0224714 9.39799
-12.2875 39.3967 7.90204 18.9502 33.3824 24.426 21.8624 0.0791449 10.9343
67.622 4.99544 16.8635 6.50209 33.2688 14.1235 13.5576 0.0550937 8.10642
48.1501 2.55956 12.31 24.2878 33.5375 12.7092 23.1949 0.0899379 9.69037
42.6707 9.52031 37.813 24.1259 33.7146 32.6701 14.1271 0.0442046 12.0077
3.01879 34.9412 31.1934 14.9397 32.0105 20.714 30.4256 0.0053853 12.2485
8.57563 45.586 15.3038 19.4028 2.06866 27.7578 15.4834 0.00991077 10.0284
12.8274 30.619 29.5304 14.2505 3.40238 18.7576 5.86437 0.0487429 8.40955
85.5047 21.586 14.5543 17.2602 21.6816 20.1962 6.19527 0.0195206 7.04463
112.139 12.9811 24.7439 13.5849 1.86419 24.4227 1.34184 0.0331559 7.89189
105.45 17.2775 4.11859 18.5465 22.1877 0.114026 4.49764 0.131706 9.23063
168.321 15.7401 0.69788 1.5656 37.1717 6.97546 39.9447 0.0860945 12.4268
101.488 15.6402 9.60179 14.58 38.7159 5.88331 13.2318 0.0854709 8.23606
10.9867 20.0021 15.9383 16.8123 34.1342 11.1034 5.09808 0.0381849 7.1558
13.7891 24.9483 5.29927 29.9238 18.0614 19.1388 15.8566 0.0330614 7.81763
36.8763 27.1248 9.1427 21.639 25.8309 30.679 29.2566 0.127442 11.3376
-25.495 28.2169 22.4626 13.465 28.0657 45.5696 11.4255 0.0671689 10.8408
41.1919 23.7251 32.9098 0.701329 57.7126 7.48493 7.50793 0.0798397 13.092
52.4988 7.05726 43.6212 17.0429 9.98154 20.7018 17.0845 0.0063351 7.25662
32.3602 11.5299 40.7611 24.3658 23.7117 65.3329 43.6092 0.0737949 17.7058
16.944 8.26773 11.9415 24.1665 32.6678 34.7512 45.8755 0.0581697 12.8921
-69.2568 39.2298 15.1375 24.8981 20.1442 47.4443 7.44213 0.0900075 11.811
-64.8966 28.9866 23.2154 12.9469 7.86755 39.8928 34.4047 0.0903466 13.1379
-36.8148 9.35709 55.7802 11.1255 0.551755 6.44247 37.8138 0.0696326 11.7495
-3.25982 8.37221 55.7802 2.79517 8.81928 11.7371 23.5597 0.0237747 8.7188
13.4926 5.57635 48.7379 4.15677 10.5738 16.215 25.6067 0.0323595 8.72169
5.28542 8.04192 48.7379 19.4418 2.63137 14.3601 17.2984 0.0323595 8.35184
56.436 14.4448 9.11701 35.0936 23.9127 20.2346 18.7084 0.00457638 6.95434
103.248 2.54734 21.5319 19.2714 28.2664 27.2544 16.066 0.00216998 6.76972
45.1872 24.3537 15.4694 15.7773 41.6863 23.0552 14.4885 0.00111153 7.87948
-35.2862 34.0977 4.53569 2.10975 23.6261 37.0989 9.88143 0.00496744 11.1106
75.6865 6.73345 8.03093 31.0413 11.7413 45.8691 9.72138 0.0109057 8.0682
93.7242 2.96702 8.08723 23.6052 20.3139 19.5487 25.1559 0.0513729 8.50909
133.833 6.83667 0.667548 26.9624 27.2521 27.8686 17.0968 0.0544758 9.57476
161.651 8.08401 0.808457 34.4387 9.66175 60.2226 7.20123 0.0416351 11.6053
244.897 3.18198 8.40733 3.92683 11.8107 14.8607 1.49499 0.0135509 8.15721
63.0559 3.9006 26.0153 19.5662 31.5774 5.95151 7.17083 0.0229376 6.37747
43.5946 16.6265 31.3398 3.29405 24.8479 12.6864 5.62038 0.0161808 6.44759
2.89941 28.6157 26.2403 10.8868 11.5278 11.0311 6.15949 0.0145871 6.16405
46.0682 10.4753 17.9837 18.5284 29.5577 9.10803 12.0697 0.00282455 5.25991
134.253 6.17263 16.9539 6.84431 26.3357 26.3917 0.894623 4.60729e-07 5.09426
125.338 1.58385 18.6642 6.80811 48.9829 14.1645 16.3156 0.00439606 7.6013
211.678 1.58385 19.5266 6.52312 15.0342 23.6529 13.5822 0.00439606 7.87357
41.6401 9.59736 22.4674 13.1911 22.8991 15.6539 17.5348 0.140324 8.68392
98.7882 8.84279 17.6741 1.77035 16.3301 12.7989 59.3325 0.0249505 10.8783
64.7756 9.85072 24.9731 15.995 3.75853 6.29838 22.7927 0.000336385 4.9183
4.12037 20.6702 42.3943 6.90876 18.5875 4.33493 12.6579 0.140385 9.37992
5.36399 9.23315 28.2057 8.97895 59.2843 5.45498 32.4958 0.0368055 11.0802
103.646 8.95774 19.8801 9.40541 18.4936 12.8684 6.49893 0.023171 5.59776
88.9361 28.3854 13.9485 25.5928 16.5423 13.6651 15.2942 0.0269164 9.55549
94.173 17.6842 4.93239 34.0615 8.43725 4.73658 68.8086 0.0038592 10.1428
48.7892 27.356 4.57363 35.1789 10.8401 3.80823 26.7174 0.00540021 7.19048
22.8117 19.6823 2.34368 51.1348 5.34471 4.6555 47.2685 0.00169566 9.10733
-53.4654 43.1488 5.19244 20.9278 9.22157 11.0571 6.73927 0.000309983 6.01916
72.7559 10.9722 3.93623 14.8501 54.7479 13.5526 14.7899 0.0255103 8.90899
136.353 3.29466 7.46523 17.5182 31.0469 21.8042 2.66149 0.159821 9.03989
-26.3464 15.8418 11.9536 41.0467 6.05709 37.7082 5.65802 0.0381542 9.78603
22.4998 12.5079 27.7132 43.3251 22.8286 11.2505 35.4287 0.0347055 11.5818
68.251 9.83878 20.5582 12.8356 25.387 6.20586 29.5042 0.0484885 7.70899
51.5986 30.1641 30.8155 5.5295 35.2339 27.4256 22.9162 0.149224 14.706
89.5808 0.748121 12.5219 33.0189 27.3088 0.993485 32.0974 0.177526 11.3432
17.606 6.93786 38.2267 17.1124 15.9169 6.05118 21.923 0.102563 8.52587
-13.8562 2.91017 48.2968 7.28689 15.3902 12.697 19.1817 0.105776 9.85947
76.0581 12.6598 21.1988 21.1679 29.2221 11.2995 19.5524 0.154305 9.68484
87.6452 21.7969 17.8869 8.38295 17.2056 16.6214 2.88887 0.0400451 7.09894
53.7934 22.9743 12.5373 1.43862 22.9518 11.3131 5.10875 0.0293374 7.32943
49.7568 14.0638 5.81885 21.0583 30.7858 9.18914 18.6773 0.0254479 7.34981
-28.8742 17.786 9.03415 31.9433 37.4293 7.77078 53.4073 0.00739424 11.4843
-43.7852 47.6639 12.7455 1.36545 29.8759 11.6557 35.2121 0.0277447 11.0338
12.3199 39.1824 5.74714 25.044 10.099 11.6325 5.83763 0.0128668 6.8015
-35.1102 27.6846 22.4351 45.7533 37.3137 4.74697 24.4069 0.245732 16.102
-68.9982 13.7567 20.5909 30.1661 38.0543 11.0837 16.8187 0.125912 11.9432
156.842 20.5748 18.0532 12.93 9.79278 14.0278 25.1689 0.0167766 10.0591
83.1787 12.0784 22.6812 22.6239 1.25135 5.82017 40.9518 0.00292726 7.51124
-29.341 6.28284 49.2743 8.10188 18.6533 36.2319 25.2792 0.00407412 9.75016
54.7445 11.0399 22.8852 15.3634 3.44751 6.24914 8.51021 0.0153578 5.59177
123.861 7.92587 7.07528 25.7203 11.6378 15.7316 4.26565 0.00510754 4.90938
33.4386 12.6304 27.1495 21.578 5.25219 13.4455 4.26565 0.00118029 4.57602
75.023 6.50885 32.3791 21.5576 9.00205 15.9162 4.2886 0.0161947 6.0182
9.85309 18.8148 43.2266 26.0207 3.04792 24.1987 17.3741 0.0162451 9.94546
16.0861 39.3917 3.19892 23.1746 11.4391 15.3589 23.077 0.0462424 9.04168
-0.661422 21.3615 12.0336 39.8944 15.2882 17.4927 61.6505 0.0328864 11.8706
97.6831 11.8095 15.5844 41.9798 1.64944 10.6981 35.4242 0.0166162 9.18175
9.04064 24.0334 30.547 23.1139 17.2105 12.8415 2.49191 0.0606704 8.53337
-30.2941 9.15937 48.1235 5.06207 24.5249 5.4376 12.2552 0.0181675 7.69581
41.346 3.64989 38.7824 26.2638 12.5501 8.62408 24.1387 0.320414 11.7273
63.065 14.4522 2.41044 31.322 21.4274 1.16658 13.2144 0.139354 8.9371
59.8114 12.8687 8.2998 28.507 10.258 38.2938 4.09639 0.0364865 7.97523
188.505 4.11808 1.41688 21.8454 2.50109 0.896201 8.11245 0.0516323 8.18891
173.451 18.9343 4.86286 34.1301 3.85062 3.11272 5.5806 0.00133074 8.31859
44.7211 13.5354 18.5545 38.5901 3.32145 26.0763 8.47234 0.052793 8.12219
69.9073 19.868 28.3455 16.0752 3.76482 23.6461 0.216841 0.0529413 9.38972
141.285 2.58693 17.0957 9.98894 21.2847 49.8961 9.78758 0.0747997 9.92574
88.0534 0.689813 27.2007 5.53882 23.7811 21.1461 10.5613 0.0540911 8.27941
45.1494 8.20843 23.3699 34.9451 8.92046 31.5446 15.4575 0.0465794 8.55956
24.7724 2.54566 55.7653 18.4674 16.2174 19.2833 7.79564 0.259884 12.5917
29.5501 4.9868 46.1467 27.8838 29.4446 13.0915 4.40577 0.218526 13.3317
34.1786 12.0902 38.6214 2.61671 33.751 9.98997 23.1288 0.11693 10.0698
90.3597 1.3896 33.3833 6.01607 33.8652 9.1435 17.5843 0.0597976 8.46005
63.8929 1.3039 63.064 8.8264 8.31644 18.6363 38.1988 0.0459202 13.0764
21.3398 3.93011 15.4744 24.6992 4.70469 18.937 40.611 0.124341 12.6127
54.1899 7.46358 18.1797 29.5404 15.3907 10.3492 25.0103 0.150664 8.89486
55.6544 26.721 32.3222 10.9327 8.58272 8.53934 11.088 0.0427315 8.59603
50.8869 1.21972 26.5597 25.3084 2.10393 1.34572 26.9585 0.151888 10.523
93.1158 5.6867 4.17581 22.649 10.9063 2.44289 2.94189 0.144715 8.59636
131.634 14.8027 22.6052 10.5553 0.830783 2.3671 2.61744 0.0710864 8.46967
12.054 9.38803 5.59136 44.4755 1.3272 1.69537 4.03255 0.0284484 8.67791
173.152 1.26751 15.266 13.0098 3.1236 20.769 1.37421 0.0288382 7.47976
221.445 1.59093 6.63452 12.7593 3.67384 34.0012 25.2832 0.265635 13.0939
221.445 15.4218 5.70013 6.96084 22.7469 54.1759 14.086 0.0522119 14.2985
37.7178 14.8881 22.5277 11.3835 15.6466 21.1868 17.1646 0.160701 9.12208
32.539 26.8444 19.7727 11.4749 21.4849 12.701 28.0234 0.0230516 7.94295
-14.0695 23.0027 45.2568 12.595 5.41503 27.1871 4.23234 0.00843281 8.1667
-35.4856 13.3213 28.2129 11.9332 13.5497 0.520618 8.89752 0.0520059 9.55942
9.22212 1.80508 37.7006 32.5453 9.72375 3.26246 7.85728 0.024179 7.34497
94.774 23.051 36.2955 2.60839 11.6016 7.11255 1.58852 0.00489415 8.68647
-33.7922 5.11859 22.8546 34.9678 14.6042 21.7889 7.68764 0.00489415 8.59282
-35.4687 18.031 20.1747 34.9852 20.1029 16.797 12.6144 0.00489415 7.1682
-9.74605 25.7574 21.3483 29.565 2.9868 16.6548 12.6144 0.00489415 6.47614
47.0233 37.6205 15.8843 22.8846 5.69729 22.9552 10.5787 0.00489147 8.87871
25.4889 25.8128 11.0373 25.8858 17.3661 50.3342 16.2679 0.011738 9.42646
-13.5129 37.6656 24.437 15.5763 13.4133 45.811 6.5053 0.0368384 10.6236
-2.08246 21.7694 26.5009 27.1164 36.5313 24.7121 25.6891 0.00669891 10.521
108.613 18.4251 7.97533 25.3461 20.5061 1.60248 20.7328 0.0242246 7.58485
64.831 14.0537 22.9021 1.55406 21.454 38.0473 3.84204 0.0736724 9.41585
6.37025 16.2017 20.4303 13.1653 21.9339 47.6371 7.64211 0.175905 11.2749
9.17728 15.0642 21.2398 22.5166 27.3384 16.8911 17.713 0.226482 10.3064
129.154 7.99696 15.6671 2.77944 21.7949 11.2275 11.4796 0.144077 8.3527
170.726 4.98634 21.2627 6.04354 3.30654 42.4515 12.5284 0.157112 11.1614
117.685 13.7408 29.4295 24.3129 16.4835 40.197 37.8718 0.420381 21.3388
46.4516 2.86152 27.0186 24.5865 13.337 2.69761 61.3981 0.200897 12.7781
86.3969 2.97155 24.1079 22.2206 17.7573 3.42059 36.7238 0.0400188 8.23719
182.511 2.65358 2.33971 27.5875 39.7203 7.16099 11.8304 0.0598332 9.77868
98.1034 5.88456 5.40829 28.4391 26.77 16.8197 11.8304 0.152434 8.74339
100.133 5.88456 4.45171 14.8088 43.7501 12.3569 3.01293 0.0368269 7.72405
100.133 15.4858 4.09006 31.3401 14.4556 22.9839 3.01293 0.0477505 7.51378
68.3448 11.1296 3.26685 23.1981 8.10509 48.2359 1.71772 0.105636 10.8404
116.118 3.70481 8.78288 21.2708 8.02507 41.9635 28.6534 0.006384 8.72556
31.7406 15.056 15.7866 19.4392 9.15727 7.51464 5.9763 0.0165809 5.65312
-5.81458 25.9954 31.5378 16.1575 12.0399 3.6925 15.91 0.00299652 6.0454
164.989 14.8277 20.6801 12.9067 12.2404 7.23535 8.40204 0.00268782 7.14445
93.7057 12.8674 0.971605 10.275 25.3381 11.2596 3.62726 0.00270924 6.52432
101.652 15.6823 4.01932 32.3838 12.9786 8.94971 7.48432 0.0144257 5.78264
119.66 2.68255 27.7232 2.7646 10.1657 1.31845 15.0654 0.0102283 6.45809
36.8303 15.8426 25.389 5.29 36.7325 18.3879 10.8542 0.00230329 6.35046
44.6419 20.7375 9.27077 45.3171 1.88071 13.6372 24.8726 0.00230329 7.38115
49.3132 17.5224 6.82291 24.7692 21.1326 18.159 8.69968 0.00230329 5.43551
85.3891 10.7359 47.3158 1.78348 0.800876 21.3733 2.67643 0.0163938 9.26736
102.194 3.4004 8.67025 23.6833 53.7153 2.06428 1.92777 0.214057 11.1123
87.7037 3.76032 9.79864 15.6512 37.8813 4.83816 2.80841 0.363596 10.4277
-18.8038 7.25966 45.9087 29.1603 3.59739 6.9267 36.0491 0.0559727 10.3618
136.592 5.24938 23.4998 23.9031 7.01352 5.88725 7.90013 0.144474 8.45789
112.669 8.33996 15.6882 15.6172 7.01352 14.7515 6.41936 0.0900584 6.88914
117.977 8.87726 16.0368 24.0114 11.8699 7.10811 12.3617 0.0619636 6.62298
-26.8114 10.2071 23.7142 42.8716 8.50169 9.7795 14.5954 0.024259 7.90497
-9.43593 38.0009 20.2288 1.68054 10.2789 7.6896 30.2873 0.0191325 9.11628
5.7388 13.6955 53.0394 18.6631 12.0492 11.7967 11.5054 0.085375 10.3775
-43.1624 19.0094 39.4031 25.8091 20.7296 9.76235 21.1225 0.176069 11.1825
185.695 3.8111 18.6922 0.952922 20.7296 2.83593 49.4595 0.00794923 9.9803
46.0902 9.3635 20.2802 42.8571 11.4086 6.43293 7.77775 0.00855306 6.02958
14.0236 9.63858 12.7363 29.0029 18.8674 5.87048 2.59731 0.02723 6.96654
30.8421 20.8377 14.7751 34.1493 3.90075 31.8073 4.51074 0.0258325 7.76439
52.7596 20.8377 12.2998 30.5844 7.92953 43.9608 1.10333 0.0148581 8.52983
95.9256 1.52731 31.7801 9.61964 16.3554 1.8352 34.4447 0.0129947 7.69494
111.571 2.59892 10.5126 15.1218 24.8971 5.37754 12.9772 0.00702276 5.62269
128.578 12.5197 11.5237 20.6342 28.4171 24.5609 2.59856 0.0293777 8.07199
14.5855 24.069 12.722 18.8355 4.51965 56.0998 12.7284 0.28535 13.0344
157.448 2.03285 22.6461 6.72446 12.1842 15.0009 13.869 0.259268 10.0535
82.1541 11.1819 12.1378 9.91791 11.5787 18.1253 39.0327 0.200447 11.1296
126.758 3.26322 15.4244 28.0741 0.164511 16.4953 41.6639 0.138334 11.9242
53.2424 27.1733 18.937 8.99033 24.1887 3.54063 9.11887 0.229661 9.60468
-15.0658 20.0586 28.6696 17.6287 23.7725 2.67945 7.99951 0.17314 9.07974
135.633 11.5299 6.1241 35.6707 12.896 5.71169 7.76658 0.242279 9.80717
126.004 18.4142 8.26498 14.2789 29.0324 6.00932 5.13583 0.0596477 7.57207
190.853 15.8654 1.70274 8.66897 18.2184 2.62299 2.24729 0.0656919 8.8288
-25.7915 21.9296 19.0637 19.2931 19.6029 55.2825 25.0461 0.0257964 11.4217
20.4918 38.893 18.9478 0.835946 17.959 49.4832 7.00086 0.0773539 12.2348
4.8466 14.2298 34.8791 2.26366 18.9021 58.0117 3.45081 0.18963 12.7239
71.0583 25.078 21.0344 6.4344 19.5977 6.88844 9.13312 0.247036 9.71726
85.2721 8.65044 5.59209 24.3742 27.8152 13.5632 12.7493 0.0507613 7.26223
21.5659 26.9841 9.25621 8.80886 19.4921 2.63814 13.4751 0.157043 9.51371
-7.96621 39.6626 3.9361 32.5325 19.3756 15.084 44.2868 0.00268598 9.97988
21.9719 26.1036 2.47429 32.1505 19.3927 6.52262 24.4054 0.00497346 7.06239
89.2019 4.11756 13.3432 8.04897 20.3406 19.4024 20.9569 0.0474659 8.53989
110.347 3.53062 22.3736 2.2466 26.077 11.7604 91.4297 0.0452432 14.1763
65.5699 13.1941 26.2318 14.4925 38.6465 9.28487 3.15227 0.0233656 7.48129
36.35 12.5577 10.4187 9.60214 60.1664 2.02895 4.61022 0.0351022 8.98675
90.6883 7.15773 3.10894 36.1902 20.0427 5.94464 2.014 0.407683 10.942
56.3166 1.54113 21.7495 27.2242 38.6608 0.491433 1.17977 0.237425 11.4636
157.065 17.4649 8.95818 19.4735 2.84458 15.6884 17.6772 0.159003 10.2143
52.0997 21.7997 4.0632 18.397 12.4425 19.7476 27.8429 0.099017 9.68446
54.9887 13.2331 5.52614 20.9758 45.0849 18.1389 15.1809 0.247941 11.1351
3.29569 25.7955 12.3619 46.2685 3.18135 17.4759 8.53835 0.0661222 8.87993
-8.18957 21.214 19.8079 19.5731 23.5074 33.8605 3.37579 0.0638338 9.01917
56.731 13.2334 8.3313 41.2779 34.359 16.4323 2.55151 0.0143491 8.33896
68.4107 16.1213 8.3313 24.5893 16.6511 25.8199 28.4461 0.0143491 7.79978
109.714 14.4717 10.0355 8.88731 14.6397 43.6094 1.90046 0.0073646 7.60289
118.984 8.46469 7.74645 25.1518 14.6397 13.691 2.06613 0.0387253 6.1706
169.457 1.78979 15.2681 11.7064 11.9694 24.4276 18.9494 0.0994571 8.96209
64.6107 18.001 36.3897 10.6134 13.1789 4.82148 49.1979 0.0991424 11.7986
14.2576 22.5672 27.4795 14.4509 13.9026 0.776477 7.94204 0.0123038 6.174
149.632 11.1482 16.1271 5.17607 10.9514 0.883381 15.3335 0.0143898 6.66426
-0.759543 1.77436 43.8013 11.7339 34.3111 19.6756 8.47787 0.0576223 9.55409
49.0174 8.80114 21.4402 12.7411 24.8169 32.5194 8.60023 0.030903 7.73402
32.265 5.61912 41.7948 19.6718 2.12837 27.9543 20.6029 0.0163212 8.43964
50.5713 1.64752 20.2851 24.6661 31.4269 9.62447 41.6827 0.0769906 10.6284
143.957 1.64752 22.93 21.7072 7.72411 5.84053 35.8797 0.148635 10.3771
140.271 11.1061 12.7188 6.00431 9.56739 18.5564 13.7717 0.117689 8.38519
131.294 4.35589 4.18613 13.1748 20.7759 12.1615 1.80286 0.203213 8.99158
132.499 7.28345 25.0896 24.6483 19.3263 6.8734 8.82577 0.154445 10.1454
-18.471 20.3433 19.2547 35.6161 14.0781 15.7018 3.96268 0.117135 8.73207
113.237 6.04296 7.09943 14.2264 63.0414 0.217684 9.50741 0.000182348 8.21127
73.9073 25.3466 15.406 11.2528 0.0912337 6.50733 6.44316 0.00884274 7.47748
92.8986 33.9817 3.78113 35.2497 3.55101 5.40838 6.44316 0.0131322 9.1923
59.6817 15.2265 3.78113 32.5533 10.1123 1.53225 6.42437 0.128273 8.10651
60.8742 14.2736 11.6218 13.0814 10.2109 8.73726 3.65578 0.0994754 7.60371
60.7356 22.9209 7.14967 25.5722 11.0413 6.82928 29.5418 0.252805 10.4815
46.8849 13.7406 17.2967 20.695 12.1792 36.12 21.1484 0.000754377 6.71942
56.6797 9.32762 5.41316 30.5626 0.987769 26.8795 24.7174 0.00355801 8.71173
54.7783 8.12506 29.1444 14.5554 2.93212 17.2349 8.36416 0.0122795 5.97804
-13.367 18.7264 28.8609 15.0959 38.7803 18.6218 3.75718 0.000228454 6.47836
-22.8286 19.3863 35.2003 19.5035 23.4533 60.2088 4.52042 0.00136178 10.1004
-54.9309 25.6453 32.6885 22.3719 6.28276 37.1289 3.5377 0.0283582 9.17087
64.6491 5.18317 42.0019 11.294 5.77144 24.1331 14.5566 0.0335031 7.79373
14.2571 9.85998 24.8029 23.132 9.71659 21.0951 3.16638 0.0425297 7.24198
106.806 2.2022 18.1794 27.8795 8.62337 11.1842 27.5711 0.000646772 5.58123
109 8.84805 18.1794 14.1067 8.6129 13.6945 7.82894 0.0124367 5.13095
136.809 22.1369 7.98539 7.55554 8.51045 44.4898 15.8548 0.173144 11.7308
42.0103 7.76893 20.725 19.7791 17.5572 7.1596 0.815154 0.0210202 6.16941
20.1423 20.2435 22.6745 10.1211 16.5277 13.9065 6.61777 0.000263163 4.47443
19.6226 31.071 13.6811 14.7582 18.7655 16.5713 11.2656 0.0402568 7.36945
-61.8833 48.4802 25.3375 13.5827 26.8959 9.61333 2.73353 0.0152062 9.36238
9.30765 8.98883 7.1437 46.5848 29.8533 8.39478 23.3242 0.00339849 8.36835
15.5131 28.2862 1.82913 44.483 4.27145 7.59531 21.9156 0.0575507 9.09311
31.9069 1.69934 21.13 31.1953 4.48154 19.3189 10.4052 0.0407897 8.26967
100.01 1.51686 21.3545 43.8971 12.0512 8.50439 6.26616 0.0300436 7.79139
60.4482 17.8736 10.575 15.5386 31.3418 4.85599 9.59961 0.203973 8.79573
44.9517 7.45829 43.5667 6.15551 31.7058 29.568 12.0988 0.184887 11.7543
52.9631 15.2862 16.8401 23.8556 10.4922 38.8147 7.2757 0.110105 9.04783
10.2583 30.8833 13.431 28.8582 32.5967 10.7782 14.412 0.0131535 8.58991
58.4287 14.2161 8.10844 27.6325 34.9978 8.78333 25.3931 0.00628619 7.23058
46.8104 22.2787 4.02204 25.714 59.8113 11.1029 23.7554 0.000177791 9.75979
0.123994 27.1067 9.88994 33.38 13.367 21.0644 21.4102 0.0592016 8.88484
-19.2828 46.1994 8.06803 17.2667 9.24101 20.4289 10.0631 0.0998564 9.52406
41.0057 23.4652 13.0474 12.2443 9.34875 10.8589 11.1642 0.114856 8.03272
100.391 11.8993 4.67068 19.3491 34.5133 14.3565 25.3335 0.0232035 7.90698
137.602 7.55221 11.3318 29.4092 20.8975 6.01881 50.0529 0.0622787 10.6457
-2.16804 12.5336 15.6971 51.7448 25.525 1.13411 17.7514 0.00152919 8.34386
123.008 11.7901 13.9863 8.33678 68.7686 12.6571 4.7394 0.00152919 9.82797
139.569 3.68524 15.1072 2.13787 13.9783 12.8868 13.8911 0.0287275 7.26768
117.175 6.93055 15.0576 41.1882 13.1057 6.88024 13.3438 0.0473455 8.05915
42.07 20.3477 8.31284 35.5081 18.2792 2.71577 20.04 0.0149259 6.8847
35.177 36.4829 3.82826 35.6615 6.54186 16.2343 2.44946 0.000575465 6.90263
54.9675 21.3955 7.96498 23.1313 43.5181 2.44114 27.1208 0.000575465 7.68676
17.4224 17.416 6.6414 23.5694 59.7188 8.8047 25.8834 0.0033829 9.72124
-66.781 21.94 24.2425 42.3344 17.6724 24.2615 14.5721 0.0745888 10.833
-0.35001 6.56925 27.2246 55.223 17.3038 11.2233 10.3989 0.223891 12.4235
90.4856 7.40673 21.1265 10.9512 6.39375 10.2771 7.09426 0.209644 8.48051
100.23 12.6475 10.3759 16.2279 3.84927 19.6762 5.83598 0.0602917 7.14345
141.301 6.49816 20.515 0.570226 3.3007 22.3117 7.07519 0.0969904 9.5395
37.0473 6.52549 17.4858 20.8051 15.6601 25.6859 6.69248 0.0285907 7.46804
-35.8461 22.8751 5.96038 28.8246 22.4052 19.5422 17.4469 0.0143753 8.99991
65.8351 5.40259 24.495 25.4681 10.0797 16.0106 34.138 0.00493857 6.96657
-16.9485 5.35448 16.006 60.4729 10.3353 36.325 10.0682 0.181873 12.8524
7.29292 10.341 28.6538 28.9667 9.64114 20.4301 30.7827 0.0293587 8.65881
51.0064 12.0615 14.4954 23.1255 27.4722 0.881755 13.6467 0.0152656 6.43769
65.189 8.11487 16.0659 29.688 23.864 8.14732 4.52052 0.0194315 5.83088
85.5377 14.3332 9.41744 28.3393 23.7639 8.14732 5.82874 0.0251709 6.12899
10.2228 25.8243 33.9125 19.5233 6.80738 14.548 15.1499 0.133476 9.84766
-34.6433 32.4121 34.4877 5.25429 31.3936 5.77219 27.9272 0.335709 13.3969
58.9558 35.8944 13.5479 0.200512 29.9703 14.1633 26.5884 0.169352 12.9151
85.2618 8.82073 21.7771 4.30067 33.7571 22.9813 2.27491 0.0031853 6.24238
62.3573 5.87812 32.1629 5.48616 24.5397 24.4355 4.57531 0.000968487 5.63295
-15.2884 5.09931 27.3 20.1459 17.9461 5.23897 7.38429 0.10628 9.1922
101.856 4.25789 24.2033 4.16204 40.2045 4.97187 18.8881 0.0595398 8.20716
47.5111 5.51072 34.0853 9.33217 17.7407 5.47701 25.1886 0.0192498 6.88965
-10.7903 42.1862 3.12682 9.48877 26.731 30.921 3.03184 0.0347974 9.5987
-68.3981 24.6054 17.7952 44.4932 29.5652 22.3296 7.09168 0.00491966 9.49148
7.39423 15.182 28.2552 46.0058 6.848 1.34039 5.09175 0.00042824 6.70927
-48.1538 19.4768 35.7575 24.3698 12.1573 10.993 13.7373 0.000537543 6.00762
96.7584 22.0506 9.3779 17.4724 5.39689 5.67228 16.75 0.00256454 5.41697
102.949 3.12056 17.3749 32.9356 60.8336 0.727875 22.5277 0.00358114 12.5895
109.124 9.15457 11.0295 27.6538 18.1578 13.2652 25.8591 0.00354543 6.11781
117.797 3.73523 4.61921 38.5819 15.1793 7.93504 8.31485 0.00244136 5.05532
75.6259 3.55147 12.1982 4.37471 24.8288 8.72959 8.56987 0.00244136 7.0855
68.2703 4.14179 13.0239 11.3289 23.7069 6.59845 7.16982 0.0377775 7.29197
10.0379 32.363 5.57231 10.6896 37.3866 4.40671 5.68159 0.060619 8.21442
113.78 21.5044 3.75304 39.2592 8.68528 42.2358 4.29465 0.0478589 11.1504
-29.3734 21.8027 17.6642 16.7659 17.1368 4.73932 5.15151 0.0548101 7.89386
31.0773 7.94993 39.2148 37.517 5.71299 21.2405 10.1986 0.011067 8.59915
71.6243 11.327 5.45733 56.2648 4.14756 0.731999 36.9691 0.011927 9.56098
213.675 10.76 5.45733 16.0228 7.22842 6.24977 38.7078 0.0459207 10.4695
213.675 8.05638 5.45733 10.2416 7.22842 7.39429 42.2686 0.381311 13.7289
75.5854 4.74113 4.98562 20.3393 28.1079 35.1951 11.7714 0.307699 11.5055
72.0803 10.4214 26.3517 4.32337 38.9207 31.1986 18.2466 0.101128 10.4994
56.7424 21.4399 23.2115 5.05015 27.1883 25.3691 23.2624 0.11457 10.2577
88.6974 3.83625 15.2072 1.7617 30.9932 12.2566 19.9491 0.0810505 9.45939
162.632 2.35074 9.29752 16.1739 29.1829 12.9705 6.86423 0.0829953 7.72176
83.508 18.7042 0.433921 17.176 14.8182 13.6316 2.62572 0.0066809 6.78608
54.4572 23.8489 17.1445 19.7458 44.4513 2.48168 11.6916 0.028924 9.50463
8.40801 13.3951 33.6411 11.8703 41.4758 9.81483 23.5186 0.0308869 9.00314
-2.93826 38.2391 3.09245 18.9301 14.1399 23.4688 22.5132 0.0375869 9.30362
-45.7968 23.2036 10.7976 30.2927 34.301 6.86888 36.7242 0.0373793 10.7539
-65.8456 23.1198 25.3184 33.0923 12.7413 17.111 26.045 0.0360132 9.57418
93.6777 19.4485 8.84857 23.5715 6.64969 2.17386 31.8892 0.0309094 7.8366
79.6484 17.6413 1.2477 38.3036 14.1742 30.2986 13.5542 0.0102884 8.12587
61.9604 14.9741 36.1049 23.4753 4.62055 34.2904 6.47211 0.00426372 8.48985
61.3948 15.4457 10.6262 26.9941 30.6274 50.886 5.53426 0.0324986 10.1295
57.4325 1.92161 28.3384 23.1079 4.42449 23.2856 28.5548 0.068828 9.36872
-5.06609 35.9199 29.7011 12.5657 7.16248 1.0067 10.8584 0.230152 10.9232
84.1057 15.8937 11.6476 19.0998 4.71726 5.16758 8.47734 0.0947403 7.04672
69.6085 14.3649 18.3083 17.6931 13.421 2.27991 3.76863 0.0813868 6.63769
125.384 12.8421 15.2019 11.3919 18.4456 19.9799 23.4161 0.039739 7.86987
77.9833 14.4743 5.39556 25.0544 6.87309 41.7857 44.8719 0.0238141 10.8926
83.2001 19.6759 17.2131 27.9492 17.0022 36.0232 27.1105 0.0325212 10.8723
-37.7377 34.0112 3.86527 38.2905 20.6974 10.6186 38.7338 0.0093687 9.69201
-45.7175 43.394 12.1104 34.4195 9.80219 3.38177 33.8137 0.0168797 9.64498
-0.586907 20.4676 21.2493 50.0885 16.2296 16.3078 3.42543 0.0458329 10.2297
-44.3907 47.2232 19.4702 13.1112 24.0172 5.09523 3.7513 0.0725359 9.24478
56.6292 18.7929 0.199312 8.58435 65.9527 5.97468 23.4736 0.0208891 11.7068
-16.2655 17.3812 33.9352 4.83993 24.1696 4.41498 48.2305 0.00416331 9.14438
69.8601 12.7949 37.1868 13.2355 20.3502 4.4931 46.0715 0.00775143 9.49366
275.425 0.290023 5.07864 8.40546 10.8838 4.32841 22.3698 0.000792152 9.0616
188.129 3.30188 4.13881 2.39827 17.3151 15.7629 17.9823 0.0441608 8.79661
131.095 23.2969 9.66484 3.03817 34.8379 17.996 4.79667 0.0742588 9.78299
154.211 12.1122 3.50875 5.27799 30.7532 33.6869 7.7357 0.0909798 9.77869
141.095 3.52369 11.3868 7.91581 31.948 29.893 3.44913 0.068179 8.48507
-6.47718 9.85693 26.0565 9.46578 21.3223 16.1445 25.5404 0.0319884 9.33028
72.1381 12.4615 21.378 20.4126 20.9264 8.76914 14.9148 0.00173004 4.96429
60.6379 17.9558 17.1077 9.59277 7.94471 32.4413 7.61092 0.0784785 8.39615
59.4242 20.5988 9.92732 42.5827 14.4601 14.1953 21.2244 0.000245044 6.90346
57.2009 13.9503 15.6474 32.2833 9.1531 23.3413 14.1887 0.0147892 6.63119
77.8611 2.13855 9.70909 27.0035 3.49059 19.5379 16.7414 0.0965414 9.33026
-64.2274 26.1808 27.9088 11.3433 16.3644 12.0323 15.8643 0.211705 11.4211
-70.5146 37.615 32.7864 15.3596 39.2264 10.2002 13.8409 0.119286 12.0233
25.5942 31.0376 20.7614 11.2779 38.9288 12.1366 1.17291 0.191748 11.259
32.5963 17.6561 5.88106 17.8003 21.762 19.5871 5.09551 0.0369587 7.65976
4.9388 46.2797 16.5852 7.05733 12.2339 19.3901 8.41202 0.293105 11.7679
22.7401 9.88003 43.3307 9.12279 20.2948 85.3151 11.5305 0.0426294 13.8761
23.4021 3.63843 48.8684 9.36506 8.06371 73.2464 14.3208 0.0193173 12.0227
16.4924 38.4603 15.2952 11.2495 6.4381 37.2515 30.2434 0.0142272 10.2162
112.965 7.88959 7.73697 8.6322 20.6483 15.6683 29.0858 0.0488226 8.53322
32.9811 19.6833 29.3284 16.3778 22.314 6.30356 14.9374 0.0376185 7.42867
21.196 13.4055 34.2579 31.2876 7.32906 0.448041 11.5427 0.0110915 7.3818
96.1992 12.682 37.3785 27.0952 1.57265 2.26627 16.851 0.0853335 11.5219
94.3405 2.83862 26.0043 25.6334 6.65923 3.86175 16.2758 0.192016 8.87608
101.684 11.5087 19.3045 19.8291 2.68304 10.1233 29.0893 0.0471337 7.85671
122.946 10.4796 23.2092 16.1972 10.7609 8.0593 5.79353 0.0417399 6.45573
248.785 0.639721 4.15521 1.85653 7.9426 4.56405 2.37606 0.0707318 10.0909
248.785 0.639721 9.04257 9.46125 7.9426 6.23556 16.6224 0.060649 9.61264
49.6195 23.7539 13.3551 3.29171 34.5463 1.76583 9.39165 0.0566672 7.9281
53.1467 27.8759 7.87474 3.84153 70.8733 4.72706 4.22202 0.0389461 11.1228
95.3991 21.7209 1.7684 26.0187 18.8089 19.8662 14.739 0.0288423 7.9563
19.6411 22.3202 33.3138 17.2168 29.8681 6.00455 10.7127 0.00856746 7.88156
7.40106 28.4775 16.4874 13.1594 9.92207 8.57041 12.3395 0.00141703 5.1269
36.879 8.79029 29.2612 9.56566 19.2857 6.97499 38.7776 0.0666262 9.11172
50.7454 11.1355 29.5677 26.039 7.33557 7.65954 8.68399 0.050053 6.66704
69.246 12.9854 24.6327 10.6853 23.8936 8.35933 10.1561 0.0571867 6.69269
60.554 15.7062 19.3144 2.12921 46.6982 1.90363 32.3906 0.0368989 9.76845
96.5404 2.08126 27.0728 13.1515 31.6801 5.0801 6.11459 0.00335898 5.36038
14.3249 21.7019 32.6916 11.9133 40.7466 4.22837 11.9975 0.00850814 8.19434
71.6327 15.9627 32.9401 14.7301 6.36386 13.6995 5.32134 0.0591632 7.61432
69.394 12.3893 32.3269 2.11085 9.90919 4.05206 9.14018 0.172035 8.84506
146.315 2.0818 23.1507 0.824601 1.46815 33.0335 10.2549 0.0360494 9.85659
53.9687 24.0324 16.6337 7.96695 21.9863 19.3437 6.69108 0.00292335 5.6756
82.9674 21.9237 10.2886 7.63184 20.509 19.0256 11.7186 0.00292335 5.80909
101.306 28.541 6.67515 3.37236 3.5263 3.66358 5.93491 0.027187 7.798
71.5123 18.9389 14.8511 5.06241 11.8108 7.3459 10.3641 0.0205642 6.16709
144.094 8.42575 10.8445 20.3877 9.06308 8.26843 7.75254 5.81144e-05 3.56548
189.82 6.58261 10.8445 7.50325 17.4616 9.00008 11.1416 5.81144e-05 4.66199
189.82 3.24544 7.66953 17.0133 21.523 26.2858 3.32961 0.00135009 6.27477
84.3258 7.6594 1.26766 48.6227 9.56648 11.3555 30.4478 0.00216638 7.55491
81.2359 10.8301 6.6114 31.6322 19.2901 12.6578 12.7485 0.00496048 5.44265
152.779 13.6188 8.9151 22.6333 3.6899 9.14638 15.1416 0.0177707 6.72093
102.735 6.1694 16.2227 20.9387 12.8752 6.47494 56.2573 0.0972733 10.4008
18.1279 1.6075 10.8346 20.308 17.2936 48.6365 20.3422 0.157151 14.5228
57.4861 11.5501 38.7246 26.0913 8.95891 52.6009 5.42193 0.0781705 12.6214
108.01 2.02586 30.5804 11.2394 1.60485 1.81461 19.644 0.0526838 8.04751
73.0479 13.2393 6.35998 34.765 7.93089 8.5886 47.0849 0.000707299 7.30008
12.4914 12.0422 42.2009 11.4291 7.99637 0.241244 15.008 0.210173 10.625
84.4182 3.76748 20.8279 3.78096 30.7822 2.13806 40.1276 0.143449 10.9283
77.579 7.23072 30.5576 8.52636 9.37123 76.7704 26.3128 0.157645 14.0791
110.055 21.7796 1.09362 2.01607 66.3005 13.3495 36.9835 0.301953 16.6007
10.993 20.3818 39.7767 7.15254 24.2165 31.4912 18.886 0.442668 14.5544
-14.3148 5.59935 35.7771 15.5295 27.4824 30.4592 7.1129 0.0687665 9.71196
-8.96926 2.91768 36.2377 5.49761 51.4257 27.2447 9.20196 0.0109147 10.3624
-1.71722 9.68121 37.3346 7.69397 44.746 19.5143 30.3927 0.000110938 8.52183
96.9229 20.5683 5.82251 22.5915 15.4785 23.3997 46.0776 0.0508776 10.5401
71.8612 18.1956 5.27755 22.971 14.0379 5.23034 24.5322 0.00466835 5.95153
115.588 16.2048 2.115 20.5262 8.67276 6.04906 43.9448 0.00285885 7.80835
100.512 6.98546 22.8435 21.0356 25.4036 42.1294 6.03643 0.00347162 7.85231
80.2881 8.12977 23.5065 25.8566 9.84695 21.5801 7.95397 0.00187461 5.14613
107.224 3.05795 41.7335 27.1274 9.8914 14.7085 13.2082 0.000663032 8.29031
7.45785 6.36288 29.2906 38.7114 5.88485 57.1698 25.3884 0.0029071 10.7594
141.191 6.776 19.3882 28.5026 20.6414 85.7441 9.69327 0.00787752 14.1543
-63.9175 24.2141 17.0502 8.30716 44.498 25.6076 13.5662 0.00695564 10.2726
73.3434 5.80555 13.6741 26.7096 41.6129 21.3174 27.7833 0.147409 11.5061
24.4751 10.8634 14.2928 23.0848 2.64794 8.51864 19.3961 0.102755 9.47473
121.582 8.11978 28.3741 7.11252 6.60203 9.56611 27.966 0.0784622 8.54675
57.4218 11.6097 20.5637 26.1221 8.24604 9.13024 12.1263 0.0906102 7.03584
92.9429 8.25453 19.9737 3.10026 12.9551 26.1745 9.11565 0.134415 9.01232
144.06 18.9031 4.12473 34.3172 7.34876 7.49256 29.1023 0.00644319 8.70162
151.141 2.69714 6.5248 38.3078 11.2477 21.4734 17.8988 0.0366645 8.19048
109.065 9.5917 3.9409 18.2965 23.6085 16.6315 0.97707 0.00255359 5.69585
66.3578 12.7505 1.93434 28.7309 18.402 16.3223 2.00097 0.00255359 5.96375
118.948 10.8052 7.37534 4.96381 26.3946 16.1798 6.18329 0.00645363 5.98339
168.602 3.13178 17.4275 8.9569 24.9583 13.7804 25.0435 0.00704392 7.07119
143.368 2.14657 17.4275 7.23651 36.8319 7.51086 18.6668 0.000992187 5.92365
-44.5225 11.8099 13.3147 34.3324 11.8003 3.58705 20.8588 0.00464955 9.23228
106.164 20.9314 5.24281 25.8736 1.24102 13.9633 12.4012 0.00972301 6.76001
-40.7136 27.6333 28.5218 17.8808 18.6263 15.1196 22.2099 0.00802195 7.53279
-11.591 13.5983 33.9016 16.5794 6.10491 12.1356 48.328 0.0157148 9.54234
145.449 8.57622 18.7821 11.49 0.897635 0.974989 7.46477 0.00574914 6.18121
161.88 1.08173 10.4671 18.5045 21.8959 13.6377 2.46094 0.00911659 5.96557
117.379 9.72013 11.0223 19.8809 18.9158 1.92228 15.5516 0.0494346 6.64731
97.0847 8.41759 19.6916 11.8868 5.38642 10.0965 6.84487 0.0189404 5.45399
55.7961 17.2757 19.6894 26.4478 18.0584 13.7098 10.9976 0.0193369 6.54683
53.1158 17.3237 9.16787 26.7501 54.3596 4.23682 3.2395 0.0185419 9.06192
83.3548 16.1107 12.8887 41.6413 16.1111 5.16619 10.0113 0.000328944 6.12251
79.8881 21.649 15.9566 39.0669 0.851955 30.4996 10.519 0.000328944 8.67842
15.7843 23.4299 29.5538 7.08419 16.6168 0.440455 8.68368 0.000328944 5.44686
13.2274 13.0716 43.3559 15.6542 12.3562 1.85525 16.8751 0.0654199 8.32555
48.46 10.1549 42.5048 12.6712 10.6528 7.62872 22.9628 0.0372781 7.84868
23.1749 7.75642 48.8877 4.5916 17.2949 4.73726 27.0221 0.120617 9.82789
82.9597 24.732 18.0485 6.32001 15.7589 4.89834 55.0262 0.0490073 10.8135
-10.5267 26.1685 33.7432 7.4884 10.5551 4.60823 38.0643 0.000107135 6.99341
-31.7624 8.24556 48.6831 4.29913 7.3026 4.46341 1.17076 0.000107135 6.45863
4.80387 19.3883 13.6623 23.7943 21.3456 6.33958 27.812 0.121411 9.38601
-27.2192 36.5622 0.544028 28.5551 22.0078 10.3097 7.577 0.018402 8.28919
44.4443 3.84814 20.43 4.85829 35.1428 24.8086 27.2786 0.0188818 9.9674
119.761 2.46349 23.6474 3.45806 3.10431 8.88353 15.5092 0.0110265 6.8923
139.503 7.18433 3.91437 35.7041 1.62335 44.9492 1.65675 0.194306 11.681
82.6091 6.83072 13.9065 27.9029 11.6987 21.6433 12.742 0.0137471 6.04981
37.0153 5.54118 32.3527 24.0237 21.61 27.6698 18.2718 0.00123157 7.03556
32.4605 20.7207 24.5489 19.1166 30.7448 6.64742 22.6631 0.00117298 6.82285
30.0658 23.4191 22.5241 4.44482 17.8612 9.10621 14.9344 0.00392916 5.77218
65.2297 14.361 26.7661 2.94416 18.7042 15.2575 10.9901 0.00283428 5.53404
-54.0336 31.4707 27.3385 4.00623 1.67772 20.4198 20.4188 0.000478118 8.55992
162.667 4.04091 16.6764 21.8987 14.268 0.651997 18.8931 0.00377214 6.48013
64.0489 13.3015 20.0716 22.8956 24.5374 27.1472 3.32743 0.0231033 7.37612
106.049 19.802 10.6009 17.5742 26.6459 28.5033 54.3814 0.00904393 11.3236
-50.343 36.337 6.93292 18.9647 30.5686 17.5386 27.898 0.0188526 9.61774
119.31 10.1237 8.8208 23.5395 4.76676 10.9865 6.76824 0.0633922 6.47774
73.2429 14.4561 4.7178 17.5886 7.67922 30.6505 5.22764 0.0405648 8.16329
126.154 10.8278 11.324 7.05479 21.6565 43.4794 3.60222 0.00474626 7.38606
101.222 7.97261 17.7392 22.1378 17.0637 38.607 0.942373 0.00104835 6.60946
138.724 7.97261 24.8638 8.76516 2.68771 40.0407 6.39945 0.0120008 7.96137
103.018 17.9501 4.72641 24.2238 18.4366 14.893 4.47227 0.00682962 5.66586
73.8027 3.81415 23.9761 15.2846 30.0808 22.0606 11.9693 0.00962928 6.62682
60.9171 0.849491 35.8355 11.9266 19.3212 28.0811 1.56291 0.000933989 6.63669
42.3505 1.91978 40.1204 17.1634 28.391 17.2076 10.0307 0.00261339 6.86968
41.1155 7.63947 43.383 14.6887 31.313 1.08174 5.41741 0.00620722 7.52065
28.9545 17.4716 29.0374 9.48612 18.7719 4.02952 46.0476 0.00659662 8.12963
85.9126 6.77662 25.4778 3.4059 27.0955 27.2074 35.471 0.00628973 8.60375
187.163 3.05641 39.764 3.89424 6.59134 8.20651 17.4407 0.000758469 8.79964
73.8053 16.4628 28.9433 1.4376 4.43772 3.56678 14.5283 0.000758469 5.78065
2.45863 8.15397 40.0385 14.7737 9.64121 18.9707 13.7405 0.000758469 5.81209
15.6008 26.5866 27.8656 19.4775 7.91997 7.75016 13.6616 0.0268197 7.12937
47.485 20.4799 21.8106 16.1648 28.6576 0.969837 14.6465 0.00448371 6.51896
13.7311 24.3914 4.20952 19.4101 20.3171 8.88674 11.2384 0.00448371 6.20821
55.0009 11.5367 4.70558 6.57631 67.5735 26.0156 18.7969 0.00448371 10.7951
89.5236 8.76959 3.92591 22.9114 5.70947 20.7993 6.0782 0.0727237 8.08406
217.769 8.53869 3.95899 16.0894 7.82433 23.4588 7.38645 0.181598 10.696
155.748 1.646 4.81677 30.772 14.3405 8.485 9.77866 0.545271 12.9304
85.8691 3.72993 35.7409 9.45949 11.9607 34.2684 11.4875 0.0418259 8.21102
100.376 0.806206 25.1854 20.4218 14.5881 23.1729 12.1351 2.4713e-06 4.9601
131.807 9.37865 24.1637 13.9971 14.9342 56.306 9.38894 0.00105616 8.78492
174.52 2.83213 4.75785 28.7206 39.5944 34.1616 9.28457 0.00358153 9.7637
174.52 2.83213 4.56336 31.7588 40.8207 30.5124 12.3948 0.0122587 10.8749
75.4846 6.52438 15.3419 37.7619 14.3412 23.2614 6.32806 0.00823194 6.28351
62.2259 1.94125 22.4958 30.2202 21.4514 13.5577 23.375 0.0150343 7.44983
76.6585 18.2916 10.2591 3.05765 38.3138 7.657 3.14739 0.0235757 6.96994
-29.6963 21.0257 12.4976 6.35605 41.9616 6.37197 15.1842 0.0151823 9.3036
-28.1218 18.8771 13.8193 35.1043 13 7.23835 22.5535 0.00839439 7.38547
20.7669 37.5982 11.5554 9.49606 4.91177 7.86257 50.7326 0.00493301 9.52158
213.87 1.31629 10.5191 13.8253 11.515 11.3503 48.5674 0.00848718 9.57734
-15.8271 42.705 11.2346 8.95529 22.7783 13.3867 1.37585 0.0167174 7.60221
-7.43735 9.67869 29.3984 36.2561 16.7934 17.9302 1.10648 0.101359 9.39537
-44.1321 36.9394 21.2526 33.1317 12.2388 13.8768 12.5724 0.214533 11.1791
-0.649981 30.3968 21.4787 33.3663 6.17935 14.5731 9.20949 0.077978 9.01393
29.1622 12.98 18.7223 35.9325 4.60485 40.612 36.409 0.00936086 9.85949
79.1238 5.204 18.0623 31.6799 22.9668 2.42615 44.4412 0.0342138 9.33699
80.238 16.4341 22.0505 26.1282 4.19479 19.5591 15.9529 0.0251512 7.55152
10.5612 10.5446 7.66841 46.5609 28.8158 19.845 54.6853 0.0390594 12.8811
133.494 8.70773 2.13919 5.43143 34.9407 20.8296 9.31922 0.116668 9.41347
76.0708 23.5955 1.02025 24.7505 3.7259 8.57581 26.9115 0.04613 8.84305
36.7438 16.6738 15.2708 5.55785 61.3786 4.54447 19.5618 0.0285024 9.47689
87.4004 16.7987 12.0739 8.63887 40.1724 15.4655 0.784999 0.088226 8.81941
45.0965 4.88919 18.3871 0.665341 39.4992 17.8712 4.70569 0.0665857 10.3368
8.77288 33.9924 9.10574 6.85649 16.0345 27.7788 12.7986 0.19967 11.1113
39.4551 21.1282 1.86784 19.7238 11.2952 60.982 9.6137 0.578509 15.8765
194.45 7.63083 16.5459 12.6627 1.96236 20.1377 47.325 0.204749 13.8121
70.4556 9.66223 22.8366 10.6872 19.9592 30.8885 36.5417 0.283405 12.2466
5.78958 3.23738 39.7271 30.804 22.0779 21.2793 22.8352 0.0701664 10.7051
127.881 5.98049 7.38964 23.2846 29.066 9.45123 6.11217 0.0534207 6.78288
145.368 9.46055 22.1261 1.78243 24.292 26.7722 2.67029 0.00196373 6.98028
157.879 5.64035 12.4129 15.0104 18.4625 4.34318 32.4509 0.0443755 7.95274
-59.6411 31.4769 3.34586 14.8026 25.5789 14.76 33.2941 0.00101138 10.5517
-64.4931 38.5634 6.95907 14.674 39.0943 19.1962 22.4387 0.0540324 11.0095
58.7824 43.0421 0.163441 34.2117 7.43849 26.9538 27.1573 0.0541875 14.3378
-7.60604 36.3562 18.3988 17.1117 22.0821 25.0975 22.2469 0.076181 10.3499
-34.8335 19.112 41.1324 3.84713 24.2892 15.5952 10.3623 0.000576719 6.42404
-35.6873 34.9524 5.51626 22.4882 9.43222 7.4986 4.90814 0.0215963 7.33759
-25.6092 54.5527 1.53046 25.2272 24.531 16.9303 13.3738 0.137037 12.2128
-11.3034 20.642 14.2235 34.559 10.2114 23.1679 9.57554 0.224301 10.2749
38.4839 3.91059 23.1138 44.3409 8.2541 7.11992 8.43088 0.199474 9.29353
-35.1072 9.54379 19.6529 44.1003 26.8002 21.5523 10.4238 0.0326338 9.91688
3.64196 23.697 28.7522 42.5543 11.795 20.3603 16.7384 0.115916 12.6042
79.7143 7.61968 3.02583 17.5568 54.2435 32.2705 8.86279 0.0816656 11.1519
43.5501 11.3263 12.1462 18.3117 54.2435 11.9778 8.58626 0.117841 9.84854
4.26245 17.8916 17.6043 9.61939 56.8707 12.3912 11.3091 0.0691107 9.8488
56.8107 26.0123 3.4737 19.8938 13.6548 6.80442 23.4216 0.00999715 6.72079
41.796 32.8667 2.45446 33.4028 3.9482 45.6515 22.7345 0.00999715 10.511
40.2622 29.0531 9.73065 48.0152 3.36818 30.9588 23.206 0.00999715 11.0163
37.9812 14.4217 2.58877 47.1801 9.53238 23.9686 10.4462 0.0513451 8.58175
103.993 4.50026 22.2089 7.16278 22.213 16.458 0.908007 0.00313385 5.48344
28.3331 25.0517 9.89036 43.6466 6.88324 16.2304 22.6153 0.00577446 7.74301
101.319 4.86217 20.7243 15.9609 15.6919 13.4495 3.51754 0.0244685 5.5589
111.99 17.2142 11.6598 12.7036 2.49741 16.6316 6.66471 0.000177339 4.77371
118.29 17.9265 17.1446 21.0346 8.59804 6.36258 7.80441 0.000177339 4.95861
-73.3648 35.3041 24.807 7.71745 20.5353 1.85186 16.559 0.000177339 6.58153
63.227 16.8718 28.7778 13.176 28.2087 4.37512 3.79144 0.00345333 6.00362
150.062 5.55439 27.1674 18.7111 9.30337 7.0971 3.56127 0.049932 7.62255
-45.5552 30.5597 17.1528 35.1134 7.467 3.76217 2.07949 0.141796 9.28178
-40.0203 16.3029 39.4865 17.1611 5.31961 7.29869 10.5575 0.143007 9.25421
115.779 7.63471 25.6881 6.82016 13.0607 27.3941 33.7214 0.0387206 9.08224
67.7699 6.33366 14.0916 22.349 3.36564 18.7355 4.16752 0.00088231 5.35764
95.4527 14.8788 19.0895 0.613505 6.58368 5.71243 5.71406 0.00088231 5.71759
143.518 12.9799 13.7483 25.2569 15.6585 15.9271 6.49191 0.191025 10.2026
99.7249 5.11781 24.2295 13.2469 8.2236 38.6238 3.23494 0.217806 10.0366
136.446 6.69726 4.8233 9.20836 36.877 10.0699 6.75216 0.0769656 7.65798
83.6304 12.1359 38.9239 3.7835 10.7712 8.33312 2.19514 0.00572798 6.08371
69.964 13.6392 23.7893 15.1124 6.75914 10.2322 5.18043 0.00500877 4.64458
67.3967 7.39015 31.8948 2.59333 15.8682 3.36215 24.2047 0.00907335 6.69278
64.6033 11.0548 42.5879 8.25883 2.96212 8.41189 31.9583 0.000585376 7.01523
71.3784 31.578 12.0849 3.69049 25.3665 20.9416 11.9958 0.0404376 8.80367
20.0577 9.86319 16.9919 47.2416 7.15457 24.9418 27.4472 0.032506 9.37949
-7.48308 50.3362 9.83042 21.7426 6.51732 18.4226 16.5278 0.00502409 8.95953
-73.9764 31.8827 46.6248 5.08865 2.54804 7.40046 22.1434 0.00811568 8.88478
19.0653 31.8827 34.2611 10.558 2.54804 1.371 22.353 0.0110607 9.02117
11.6826 23.635 17.224 8.5108 15.4848 52.8484 23.3067 0.00694272 9.84891
-21.2371 32.1025 32.1525 3.75282 12.4275 13.3967 7.88495 0.0150179 7.19138
34.7829 18.7664 22.4973 3.76062 35.3932 60.2931 12.93 0.000892617 9.83504
36.3022 2.33451 32.6113 11.434 13.6448 14.5128 2.92194 0.0333582 7.13649
47.6751 16.2494 24.552 17.8688 6.20827 6.00735 42.4771 0.000776869 6.73935
-21.567 30.8556 27.0321 11.3447 10.4441 25.6442 10.1925 0.0104551 7.26839
32.3827 27.8121 26.5356 9.51513 11.5227 37.461 13.2455 0.079233 10.0125
72.7685 5.03107 1.95764 15.9961 26.3369 58.7582 42.4533 0.191434 15.7691
-7.38571 21.3157 4.78524 9.89089 49.2698 27.9045 25.3351 0.144467 13.3712
139.809 5.79551 1.75643 27.2656 21.3992 49.5946 20.5048 0.000623881 8.76918
129.008 2.95142 2.40443 29.7657 15.2274 63.759 7.51739 0.000623881 9.03818
94.7918 22.3409 16.066 6.4282 10.8156 23.7393 15.2394 0.0537866 8.23874
35.1569 25.021 18.354 29.0809 3.15262 8.01821 37.5408 0.113301 10.3877
133.611 24.5208 17.3442 19.7416 12.938 9.55878 37.5788 0.36998 15.5898
69.5564 14.978 22.6349 7.3779 11.5382 10.2491 0.646816 0.164605 8.63221
138.646 13.3404 3.76622 0.223829 23.9216 1.3473 8.00801 0.0847331 9.87537
185.154 6.97578 5.65647 25.789 2.26292 12.4871 4.09393 0.118089 8.6127
85.4577 1.17801 23.3699 15.9271 12.1199 30.7442 1.50745 0.00578365 6.85775
14.9499 5.87071 41.3495 17.0978 1.58065 30.1098 6.65904 0.0102098 7.70698
27.0191 17.7355 36.143 5.23871 2.52847 8.9142 19.7378 0.0192304 7.38898
40.2928 5.16563 13.9493 46.051 5.42277 17.1938 10.0602 0.0148146 6.8847
66.1969 4.54358 11.8191 36.3713 3.95664 7.4142 12.7671 0.00253997 5.31595
5.72543 5.24108 29.296 16.3935 9.83438 28.0647 10.9644 0.00253997 7.35786
-3.57299 17.2052 27.3196 27.5174 7.53459 12.2421 23.4401 0.0314399 7.6513
121.496 3.63864 29.3427 0.892113 8.13493 17.8588 13.2722 0.00572603 6.77821
168.359 1.76774 8.08649 4.34171 10.2824 5.02963 12.275 0.0329044 7.57294
206.268 3.64611 10.5689 5.18274 13.8957 5.02963 11.1331 0.0328635 7.09732
96.2395 2.90903 26.9045 20.9372 9.9199 12.4957 8.33574 0.0315831 6.05862
128.082 15.4257 13.2941 13.4351 5.2824 6.42679 7.55749 0.0234167 5.90444
102.807 8.12189 14.0732 35.0319 7.46564 7.45841 11.763 0.0109898 5.47097
75.0786 14.3244 8.27816 35.1741 9.31147 6.48885 21.4544 0.00930662 5.99682
144.855 6.89058 14.1606 9.21827 18.1428 8.58672 16.0487 0.00435987 5.17583
116.346 20.9596 2.59895 17.0968 4.51807 2.76283 19.2476 0.00435987 6.45273
76.1584 9.51076 33.3138 10.3369 14.7783 38.4578 11.8927 0.012555 7.79093
37.8625 6.93617 21.6356 22.7588 10.4509 12.4563 11.139 0.00989488 5.73387
166.035 7.77435 14.4026 5.53081 36.4551 2.06937 11.9158 0.0264289 7.62385
1.72946 25.3424 6.09703 42.197 28.9748 10.0296 4.62496 0.317975 11.7916
-62.7647 33.0314 26.2861 14.6795 30.0739 38.5945 2.47335 0.14189 12.0545
-46.4017 1.13839 26.5247 12.2589 62.2896 39.7542 2.58944 0.343175 16.987
29.66 2.97556 28.1607 6.56712 23.759 23.844 29.2085 0.524831 13.9106
34.6953 4.40831 6.37084 60.3005 15.8294 24.2224 52.2503 0.211037 15.2039
-21.3719 25.6239 1.62919 60.9912 16.3558 20.535 25.3689 0.230064 14.1766
-50.3458 14.5004 7.52516 60.9912 13.2568 20.9801 25.3689 0.43386 15.0982
-10.9545 11.2888 8.21932 42.7183 9.94173 40.6677 15.1582 0.321491 13.1566
59.708 4.02525 14.7061 27.0811 36.7102 17.762 22.379 0.132534 10.1656
27.3798 17.9973 14.7671 21.6319 20.0654 4.35538 13.0979 0.0470732 6.69825
92.7721 24.327 6.55105 14.0419 35.6024 24.3531 12.547 0.0682818 9.65292
91.8634 0.514058 8.71452 50.3575 24.8773 8.40346 22.6784 0.00443421 8.71679
90.9643 0.514058 4.68201 33.1571 18.6282 15.9965 20.6412 2.34657e-05 6.63227
89.7 21.4152 7.17393 10.9113 18.0053 17.7279 14.6766 2.34657e-05 4.83338
113.711 6.64389 2.91672 27.4555 16.9857 15.2958 15.5619 0.39686 10.9174
101.516 9.61591 0.6437 51.7305 11.0331 17.0938 6.81062 0.0112883 7.83507
177.326 2.55493 4.30139 29.1414 3.58018 7.30563 2.95846 0.0216518 6.32912
108.803 5.73416 10.1293 23.7689 5.88613 14.5795 0.944104 0.0216518 6.13695
135.808 9.75496 15.6315 26.5597 12.7467 41.3164 15.581 0.00981666 8.7779
63.9709 25.3648 4.29769 24.4878 9.02882 15.8571 15.2347 0.00424552 6.02155
-56.7375 16.9787 59.905 19.3776 20.9585 11.9027 18.3463 0.0343148 11.6068
-31.28 2.46636 63.8767 12.6632 14.5338 10.1103 21.2941 0.12109 11.2091
43.7035 36.8868 18.2468 8.43936 29.841 3.25416 4.65457 0.279226 11.3785
38.9034 11.7809 24.4917 15.4224 20.1711 9.83153 10.8671 0.340764 10.0423
127.992 8.28342 17.7049 24.6777 9.33869 32.7825 39.7013 0.0927553 11.3028
21.4226 8.01367 40.5043 14.0715 6.39803 4.29471 1.18381 0.0723929 7.48745
-3.21223 11.1244 35.2387 18.454 43.5891 30.0797 10.6606 0.00671196 9.59356
25.4053 7.16506 38.2593 17.4112 41.426 12.511 5.44566 0.00671196 7.90737
13.7017 5.59074 32.6277 6.55134 22.6442 18.7123 7.09693 0.00137867 6.3398
91.1298 9.49704 6.68896 9.85546 23.0625 6.90749 2.75274 0.00137867 5.204
185.345 7.79021 7.95198 14.2028 14.6385 2.82567 14.5541 0.00137867 5.34788
12.8605 27.415 20.6508 7.72449 12.0923 8.96838 34.786 0.0266647 8.37679
32.6517 5.90761 29.4231 24.8271 5.22159 16.4463 25.1259 0.0198157 7.45656
138.28 2.14413 40.9677 24.2664 4.93337 1.26856 4.14043 0.0407589 10.4422
134.671 8.31823 31.5599 5.31319 21.2384 7.81666 29.4593 0.118572 10.5479
125.39 1.33741 33.4348 7.56026 9.30031 6.63896 55.2714 0.0564413 10.8278
83.8599 16.7092 20.6603 10.1627 12.8812 6.9526 14.6189 0.0724668 7.03261
92.5339 7.6047 5.26517 25.4512 31.2544 1.21249 22.1903 0.000208141 5.83456
127.165 7.19077 27.2416 3.37144 10.669 11.2575 21.5745 0.000231176 5.3415
111.541 10.9987 18.3654 18.9245 15.7969 23.6895 29.6522 0.00612742 7.39229
90.314 23.5544 9.83731 6.64838 37.2729 2.92999 29.4836 0.00989143 8.23152
73.5754 23.9059 7.80679 5.97384 39.4454 8.82634 7.35672 0.00325043 6.17451
156.951 8.25125 18.0452 6.16814 26.4618 29.8462 35.2485 0.0103574 9.5653
126.382 6.77817 3.57666 7.44479 23.0989 15.1184 0.368246 0.0617091 8.72555
42.2448 8.46979 41.4808 4.41704 23.2445 15.3696 12.4066 0.0461174 7.76151
13.9951 6.21203 18.3538 25.3314 24.0831 4.94137 4.41251 0.0299329 7.10699
57.7786 2.6098 28.2782 11.2255 41.449 2.3638 5.18222 0.024077 7.19363
123.969 13.3938 3.50332 17.2084 23.9188 6.99038 17.1529 0.00801996 5.9714
127.075 10.6471 6.5735 8.6018 32.5895 11.9359 6.03907 0.05077 7.00448
114.781 4.08383 30.0519 2.71018 19.7801 1.39594 20.1117 0.10193 8.75295
37.4016 16.8685 10.4704 38.0782 26.6241 17.8847 1.86161 0.00417839 6.90826
16.4475 14.2683 21.4318 27.393 2.79514 44.0111 17.0585 0.181055 11.3727
70.9955 11.8831 3.10685 43.2765 3.39986 35.6855 14.3797 0.386021 12.7612
54.9412 37.1104 17.5071 25.1723 11.8167 2.57823 28.8079 0.250059 13.4026
69.8927 5.20431 13.1531 17.2026 31.3481 0.893496 3.69598 0.106612 8.14721
52.3057 15.8298 11.6147 12.2962 51.1196 27.7534 3.63678 0.00563506 8.17924
-24.9362 13.8364 22.2622 41.2353 4.90984 8.83783 2.14578 0.00184065 6.08341
9.79461 13.8364 21.774 41.2353 4.97755 6.92606 4.88742 0.00184065 5.33356
75.4518 5.57818 3.02494 22.7283 28.0184 2.91574 13.563 0.0862855 8.64768
95.8335 3.65111 12.584 26.8395 24.9703 13.3286 13.365 0.0415792 6.91784
158.162 4.31171 0.448902 8.99766 42.9336 8.51586 19.8377 0.288712 11.9209
117.809 0.985725 19.4566 20.7392 10.9725 1.05966 5.12428 0.147677 8.25096
66.8544 6.56872 37.2072 15.5453 1.82674 25.6939 2.01064 0.0358837 7.8054
10.5853 28.4724 16.7073 27.0887 22.9666 9.56553 22.0631 0.00308461 7.13693
23.0827 19.4875 20.0011 16.4493 18.6023 42.2163 26.6342 0.00345202 8.51748
-32.1522 41.6293 9.24829 13.6752 22.4325 35.1186 17.2901 0.000402852 8.0222
-21.4513 9.41103 39.3226 15.5494 11.6136 25.2608 22.3901 0.0317526 8.98987
36.6393 8.11949 43.1661 11.2119 15.0932 13.8007 1.77847 0.114155 8.4323
-68.0229 50.2492 19.1239 7.21898 17.188 32.3385 3.12587 0.315623 13.7442
175.984 3.4202 6.66295 13.2551 16.165 1.05709 1.08325 0.22757 9.63831
105.889 15.2244 7.54132 12.6676 6.01395 5.96509 10.5605 0.0816466 7.3158
49.2497 14.1322 4.16606 22.5541 41.2772 52.6228 6.76276 0.187339 13.0441
-41.7225 17.5766 32.2122 3.03352 75.8368 12.1431 11.0405 0.157501 14.2937
68.7724 21.2355 39.2681 8.77978 25.1079 17.3329 13.6006 0.291385 13.944
5.47924 17.2018 26.9293 21.0312 21.5088 18.8619 29.3471 0.118698 10.095
-41.7331 21.0392 53.3357 12.924 9.4687 17.7959 42.7053 0.169688 13.5461
10.6643 4.3005 39.7501 13.6194 7.33486 11.5177 45.0361 0.242532 12.3328
13.5834 9.91953 20.0313 21.9533 21.3601 20.0637 6.2101 0.115568 8.54777
106.594 1.09093 19.1218 13.2877 15.6615 12.5005 15.3297 0.013017 6.26143
144.467 3.95726 16.3462 13.1565 18.5612 4.67455 12.5 0.013017 5.38165
67.8353 7.36482 14.1485 11.7327 38.483 17.6335 43.5724 0.0189541 9.69072
171.103 11.4816 12.1595 8.16528 14.0867 2.15305 14.4461 0.0235319 6.89643
120.225 7.10122 14.7688 11.8293 16.1986 2.69698 5.60249 0.0662326 6.31666
54.3767 9.94645 7.09287 1.56998 14.1821 13.1263 21.2569 0.129521 13.1816
102.919 14.7386 10.55 2.23983 18.1168 8.58635 30.0451 0.0516257 8.83077
138.46 14.142 10.55 5.61563 41.9428 2.45983 20.1737 0.0867542 9.50224
141.499 21.4788 1.40873 4.28147 16.5266 11.2473 4.78584 0.197252 10.0613
99.007 7.20082 9.22424 3.9707 18.6025 34.49 26.0335 0.410416 12.7165
120.12 3.90315 28.3723 11.2668 7.29545 10.6481 49.2003 0.178519 11.4069
105.823 9.54013 23.9004 9.34106 10.1766 13.7438 14.6197 0.26796 9.47588
123.212 10.46 19.8013 1.00085 13.9332 18.064 17.358 0.0499669 8.24827
33.2061 29.0197 6.62682 15.5931 24.2501 6.08815 13.1005 0.0147847 6.38907
167.412 11.4653 17.7241 8.28957 10.8349 9.8254 9.23294 0.00300956 5.77284
145.477 7.50596 23.4595 6.10117 14.8094 9.52439 15.4471 0.0112845 6.10262
-24.7923 29.5554 25.4473 17.567 3.8866 20.1279 6.76703 0.111295 9.00602
9.48707 26.3664 16.9225 12.3323 22.4139 21.1857 1.32471 0.209462 10.0462
14.3172 24.8521 17.9053 9.73518 26.5848 27.2503 31.201 0.0122384 8.8221
35.729 23.8305 36.6938 9.28235 14.8018 33.9199 7.30706 0.190875 11.7364
22.9973 7.58973 1.17776 34.5123 30.3623 27.6226 1.93706 0.325852 12.8701
79.684 13.656 17.4315 19.105 12.3223 22.0568 7.48862 0.153375 8.22518
167.383 7.47432 7.07164 28.6961 4.3721 19.7383 17.7781 0.0870682 8.80673
93.2512 11.4848 31.0031 8.14842 6.01323 22.185 0.246584 0.129576 9.61115
-70.2791 22.4066 27.1316 45.3749 3.62964 31.2422 2.9833 0.216757 12.6181
113.049 9.32252 1.98407 9.15189 2.63203 9.99329 5.08317 0.236107 11.6534
-52.1363 43.9571 8.15831 22.5694 12.8125 44.4383 5.90504 0.106407 11.3851
-2.47483 28.8997 0.407847 35.571 7.48377 32.9492 1.51362 0.156226 11.9258
-56.5467 55.8436 11.8895 36.9632 6.98694 17.143 1.08648 0.0123996 11.2548
-21.5688 33.5904 27.0114 22.1419 3.47904 15.9642 0.87571 0.0122946 7.78922
-11.6408 33.0332 10.485 31.1774 3.07175 3.96001 0.905918 0.000413179 5.60139
-21.8462 37.5538 10.5929 41.4054 6.81545 33.8963 1.12459 0.0402318 10.5488
-1.14998 24.5325 16.9283 15.5841 30.2004 12.0977 6.22886 0.0962504 8.1835
64.6298 3.38388 6.27393 30.8332 11.7385 34.2026 23.1658 0.0729461 10.3717
45.9205 15.9962 12.5818 5.0681 5.22183 6.64764 4.9287 0.0219937 7.8823
70.282 21.3539 16.5427 3.27678 8.03842 24.5668 4.0324 0.0385529 7.75051
74.6989 8.79823 31.9542 4.26234 31.2183 6.78323 23.8834 0.245976 10.7018
75.6298 10.1883 15.8138 31.1212 42.994 23.5588 14.1509 0.0362087 10.4309
45.3368 15.8056 26.8453 7.26234 25.7224 18.1387 9.12473 0.300647 10.3338
75.1969 9.76672 10.3523 20.0648 32.6432 9.68269 1.94519 0.197762 8.73931
112.859 4.77085 6.16445 20.7282 17.1817 12.4883 6.30663 0.0428501 6.43451
37.988 4.78832 19.8408 34.3824 8.18697 5.67923 10.1942 0.0642815 7.06603
21.1194 0.893089 28.1187 9.06332 26.1416 4.33943 8.18149 0.00729414 7.76516
101.08 0.419988 31.9982 9.06332 27.1076 9.10207 2.90945 0.0386833 7.49545
121.132 2.80036 30.7985 19.3974 35.407 5.94731 0.28939 0.0114086 9.15093
33.7418 6.57707 30.7601 10.4077 53.8138 0.975397 0.28939 0.00401979 8.75447
31.1586 22.1686 28.2361 20.9366 24.0423 9.75018 21.5704 0.103507 10.0279
68.3337 18.6415 7.46317 30.0662 14.84 18.7754 25.4867 0.0512392 8.29258
169.666 5.01937 14.6406 23.082 13.7399 33.8924 27.32 0.00516629 8.76654
195.923 1.26144 11.1395 13.7168 12.9497 20.0152 22.1018 0.00516629 7.17089
201.891 6.86902 7.98367 14.4604 9.27776 27.9128 10.6447 0.00745036 7.30732
104.25 8.31117 7.62854 24.2553 12.019 4.55411 21.4993 0.00377041 5.29595
128.965 4.66538 3.84869 27.2401 16.1955 4.55411 17.5534 0.00377041 5.41276
66.5023 10.5531 3.78163 32.821 12.8932 8.08683 11.406 0.00377041 5.3927
79.5738 12.1156 11.463 42.9721 20.5803 8.08683 11.0339 0.00249059 6.397
52.855 5.70234 6.08784 31.3119 19.6583 4.16494 4.62952 0.00107961 5.45394
94.3156 2.85254 0.762304 34.1266 15.6424 5.48791 22.0552 0.0276617 8.41886
98.7239 6.37941 29.4727 7.53381 29.6637 18.6946 28.8787 0.014987 8.14838
-32.1474 15.4721 21.0029 24.9734 34.5934 12.2079 33.8806 0.0606019 10.7018
112.057 7.18057 10.01 10.7632 21.8734 2.7451 1.66147 0.0323138 6.2473
165.858 7.36412 1.29682 0.509768 15.1095 3.19003 7.3182 0.00804845 8.3891
91.2071 18.7101 8.53743 21.7259 5.94928 1.66171 2.30012 0.0864179 7.29225
-57.4463 38.7113 17.6042 40.4775 4.63249 2.45894 8.75831 0.125553 10.1043
-71.7665 30.1003 7.5394 56.9263 13.655 3.53775 42.4209 0.187799 14.096
-71.7648 34.465 13.7611 32.5017 16.9845 6.45294 31.9674 0.146671 11.5238
7.99565 13.5431 34.0361 16.77 22.5535 8.41057 28.4074 0.00929252 7.30319
16.8416 4.32658 40.5037 12.2153 13.9097 5.2348 2.62748 0.0530697 7.1005
61.1367 2.26909 41.3631 12.77 20.916 14.4488 26.9538 0.12158 10.0697
53.1951 4.00609 35.3061 28.5829 25.7519 18.6189 9.83174 0.0502774 9.28157
-38.6792 13.114 27.5979 42.9135 10.7147 24.3794 3.285 0.0313292 8.92796
-32.4486 24.2842 30.6435 17.4922 25.8681 22.7611 7.20376 0.0214515 8.04509
-4.45416 22.9664 20.3378 27.0725 23.3767 25.6858 1.83709 0.0038944 7.12695
23.5443 26.5976 17.5258 14.3741 40.6129 17.0016 2.37706 0.0983762 9.68155
57.8885 3.60585 5.23 30.5019 16.3137 13.1767 64.9355 0.0155645 11.947
136.704 4.84635 10.0602 14.6384 43.0121 19.0615 18.7901 0.00624819 7.54785
143.072 2.89152 6.7679 25.2163 31.2962 17.8999 6.2414 0.0123717 6.71126
110.296 17.545 11.0552 22.0086 1.60163 24.9438 2.7222 0.0161741 7.09718
-35.9799 27.5151 32.268 7.63413 5.00946 8.10714 7.61914 0.00693619 6.42828
28.2643 8.99465 34.2216 6.21605 4.44827 9.49449 17.1893 0.000364721 5.65659
61.6149 16.624 30.4175 9.15025 7.32667 14.3679 20.2934 0.000364721 5.40717
3.21095 23.639 35.6459 17.6286 1.18706 22.6965 19.5902 0.0245822 9.02436
18.8716 15.8777 17.045 40.02 4.85413 3.1937 27.5832 0.0285011 7.84378
75.5919 16.9581 7.1598 29.4177 13.5809 1.13018 17.1429 0.00223815 5.43509
10.6594 29.0431 11.5564 20.8177 4.82158 24.4408 1.67798 0.0211252 7.3354
-50.6921 50.1 6.40539 31.111 24.0549 4.70508 1.67798 0.0280987 9.44712
-39.8623 46.0733 5.92996 23.358 8.12083 2.53657 7.10215 0.00182064 6.26207
10.6585 32.8411 18.8349 20.0349 11.0867 4.58905 23.0677 0.0762285 8.70144
