5090.8 27.0262 12.3343 16.4658 18.5979 6.02632 10.345 73.2562 18.1079 31.8317 0.0138923 13.6331
5107.97 29.3633 11.1129 14.4677 8.44467 4.45161 61.0022 38.2725 16.0898 15.0381 0.107053 15.6602
5017.98 30.0119 14.1379 13.2657 29.3633 18.638 10.3207 25.7322 5.18845 12.4101 0.0787347 9.11327
4951.78 26.1923 19.8613 51.8551 8.40977 15.8037 13.2514 25.6243 12.4564 1.14005 0.0148732 10.5016
5180.16 5.73654 32.7315 12.0593 2.52023 16.3624 13.3413 14.6923 9.49135 7.56827 0.0814749 8.35224
5111.93 7.08973 22.7203 20.873 6.04188 23.9657 8.19837 16.8321 11.8083 2.99615 0.0898496 7.84219
5088.61 4.10292 23.5894 16.5694 8.85602 39.2269 8.47412 6.80799 14.8876 2.59235 0.0054742 6.70588
5149.56 26.0372 8.48568 9.8457 9.36945 27.3449 12.1768 7.75686 4.15597 4.11046 0.0018791 5.25324
5043.91 14.096 5.91942 34.7414 24.089 20.0013 28.4594 13.2031 18.5065 5.55871 0.00143696 7.56956
5059.1 24.5797 3.13974 18.2742 22.3011 36.37 17.5602 14.8938 22.6472 11.1266 0.00143696 7.93958
5075.51 22.0069 11.4076 10.703 29.0441 22.4808 26.7865 10.6941 19.6167 13.2059 0.00271052 7.13566
5011.51 23.0657 5.4233 39.787 27.6154 13.8842 13.075 20.0383 22.4756 3.95044 0.000584295 7.87008
5157.89 7.76067 13.8582 6.69776 29.5149 21.4674 17.049 8.28393 1.03532 1.48721 0.0257285 6.3612
5162.1 20.6093 11.1339 6.61253 33.0519 5.27629 9.19638 24.2766 5.32365 1.88093 0.0162366 7.28217
5115.32 9.28218 11.1339 3.03199 43.051 4.62964 24.3456 41.9132 5.44678 3.05936 0.0217062 9.31848
4983.51 9.41818 47.5344 3.48728 27.3878 27.822 25.3206 6.99092 17.2677 1.19721 0.0235801 10.5129
5023.25 10.6485 42.2321 1.1926 35.7643 8.88574 10.6504 30.6588 48.0815 1.29113 0.00756589 12.0519
5065.23 4.41203 33.194 17.1206 6.80885 3.99542 18.9768 58.7553 26.7465 8.40474 0.0831209 14.5024
5148 5.96162 16.4949 24.9713 14.8299 8.44731 11.5131 60.076 14.6832 5.35389 0.112535 11.1367
5101.43 22.1897 18.4207 12.7368 24.1677 6.91107 6.87074 0.473065 15.7946 9.17302 0.116444 9.86808
5082.22 34.1117 5.18176 30.9228 16.4365 14.3807 9.10592 22.8539 13.2749 16.5967 0.368817 12.8921
5033.75 44.5116 3.41919 28.9375 2.07537 16.7869 35.2491 5.98798 9.58164 6.2272 0.296711 12.9816
5065.5 40.994 9.03485 23.6489 11.9033 11.9233 20.0154 15.2172 27.0376 2.81686 0.227392 11.9254
5009.29 7.03545 30.1599 33.9729 7.63483 15.6053 39.8645 17.2375 14.2552 5.21301 0.149696 11.7139
5003.97 5.11484 36.5469 36.01 13.3562 9.75958 32.7845 15.6563 13.5127 14.0888 0.00139823 8.71577
4991.16 15.7111 16.6168 51.7514 5.00274 13.639 1.901 46.0189 9.8271 10.0263 0.0127482 11.1474
4949.83 28.3638 7.87462 42.8533 11.9301 25.4531 7.8271 31.6899 11.4984 8.89205 0.00916485 10.0808
4910.92 24.1574 15.7405 37.4885 19.3094 43.0748 3.6137 9.61237 5.86448 10.7064 0.00916485 11.0942
5065.93 26.5561 4.80156 19.4284 28.4868 42.5651 18.5189 10.6173 0.963178 14.6823 0.0336816 12.053
5012.03 14.9329 25.5407 13.5711 23.142 31.6809 8.52887 18.2096 17.4526 19.2842 0.043804 9.64713
5065.44 12.9434 29.6447 21.4262 12.3439 25.3681 8.59872 24.19 5.71924 20.8258 0.00172482 6.75644
5197.34 10.6255 4.96964 30.5692 7.13631 29.4183 7.1462 29.322 2.57464 2.57102 0.00701394 7.55137
5194.27 4.24412 3.87207 31.335 16.1257 16.8706 4.96094 3.15956 1.45246 6.60504 0.0143957 6.07047
5047.44 18.5061 15.3156 18.8809 15.3289 13.2157 26.6159 23.0488 4.88643 9.28296 0.14681 9.93613
5077.25 27.8366 1.93794 21.5666 20.8811 19.0179 16.5523 16.8331 31.2368 6.43007 0.0706168 9.7022
4997.16 38.8644 15.822 30.1637 37.0078 8.07738 3.49032 17.2994 3.29678 5.36368 0.39254 14.4752
4964.13 26.8768 12.812 33.8338 29.8389 1.59148 3.49032 20.159 2.07963 5.36368 0.201476 13.8258
4997.24 45.7374 1.15378 19.0113 18.7136 41.11 8.15959 58.6691 1.62846 32.7778 0.390714 20.8362
4891.01 34.7277 22.8049 31.3619 11.2502 49.8817 11.2835 33.8176 5.49108 14.4937 0.170293 16.6766
5047.83 31.7076 7.90506 33.6383 1.9747 50.3014 12.8696 8.96494 11.1944 7.28942 0.292183 13.8248
4963.63 56.7333 4.39772 41.7676 1.9747 11.3514 36.076 1.66685 1.9036 4.13118 0.335507 15.6379
4952.35 71.0054 3.82503 52.1384 2.05093 14.5068 19.4043 6.73971 2.27748 4.13118 0.309123 17.1775
5098.29 31.2024 12.9719 13.0186 6.52102 17.9785 49.1536 8.61787 3.0769 8.33473 0.24998 11.9137
5103.42 18.0147 19.4604 11.4898 6.9446 18.0501 39.3164 11.8815 13.4475 6.7123 0.0998426 9.04407
5175.04 13.4633 4.86023 22.5403 19.7055 14.7886 38.5404 3.60779 5.04128 14.724 0.0190841 8.10469
5114.17 10.9962 10.339 20.2894 13.2483 13.3402 40.2815 13.9785 10.1304 20.201 0.0699597 8.97592
5117.86 17.4526 13.5205 7.47257 19.6907 18.2503 15.5076 13.9796 12.0323 2.3409 0.0804362 7.57196
5159.91 18.2925 3.03497 11.0859 30.0055 16.8725 8.96293 11.8693 31.1396 10.1376 0.074604 8.89138
5121.01 15.2212 0.901176 29.5769 29.8238 16.7558 7.39466 24.8423 20.5987 6.39785 0.193406 11.2343
5128.8 20.8635 5.04251 28.9617 3.29212 16.7558 17.4166 43.6954 17.0769 6.39785 0.103469 10.7415
5194.8 15.35 5.04251 33.3259 0.455195 19.0068 12.18 20.2366 5.10898 10.3042 0.320566 12.3326
5181.41 5.27936 5.04251 31.6483 5.26928 18.5675 23.7225 23.7953 6.57395 21.681 0.310364 11.507
5146.64 8.62073 20.8812 20.3901 13.8199 2.99617 19.8896 33.1785 6.10951 2.55185 0.495897 12.9746
5192 15.7842 4.91234 24.8131 13.4636 9.49966 29.1674 16.0015 5.03895 27.3804 0.0318141 8.96798
5146.8 13.0384 16.1564 16.8777 14.9674 15.7878 8.78753 9.6587 3.96138 4.29201 0.0185317 5.31975
5203.92 19.8009 9.4291 13.8352 9.8947 14.6009 29.3877 4.09088 8.77603 14.6145 0.0878161 9.12111
4994.85 17.6509 18.2959 1.77044 21.2279 69.5647 10.5615 15.9852 7.42262 8.47149 0.051457 13.9458
4950.09 46.4388 7.76425 9.66944 11.0859 53.4675 17.6576 14.8169 12.8024 6.75696 0.230828 14.6496
4904.1 46.4388 36.6217 10.3439 16.4501 44.3976 16.5736 29.0745 21.7278 3.85991 0.0917484 17.4346
4953.74 26.9839 12.0403 10.3304 44.9215 23.4493 14.4925 8.51756 19.9676 14.7783 0.0206675 10.8633
5092.07 14.3342 10.9018 12.6786 45.1075 2.6825 7.03996 10.7906 19.6149 15.5506 0.172506 10.4448
5040.48 11.0325 40.5775 12.5564 29.3679 2.6825 11.3305 16.2074 18.6657 15.7082 0.0765015 9.9796
5081.7 12.5204 25.5128 16.4076 6.28774 24.1826 6.51124 31.3428 36.0143 12.009 0.2049 12.2604
5003.29 3.54948 45.7397 14.5532 30.866 22.3249 9.24319 12.49 6.85548 16.5974 0.154625 11.3125
4966.92 12.6112 45.7297 9.43693 28.7413 22.3249 14.4603 13.8824 7.78259 4.9279 0.0867519 10.0743
4997.11 14.5505 33.0854 1.24734 32.2933 27.6564 18.5606 20.1468 9.15554 25.4218 0.0276024 11.0647
5020.82 18.9149 26.6062 6.24978 30.3704 20.6154 30.9082 24.0946 11.0017 15.6765 0.00517573 9.10782
5062.58 8.99836 23.4667 25.2604 20.1365 25.9903 18.7402 18.6939 11.3964 17.6411 0.000769698 6.98566
5163.29 1.89607 4.3999 40.0934 8.50803 19.3857 11.6439 13.1174 10.3277 17.2811 0.000404245 5.49537
5239.49 2.14322 3.49898 22.787 22.0149 29.8091 4.88414 26.4295 7.58691 24.28 0.000404245 8.3613
5198.89 7.31939 7.01592 16.0689 16.3512 34.1297 1.50529 18.7581 5.16619 15.2093 0.000404245 5.48185
5127.27 13.7186 13.1958 9.06327 35.5736 1.61296 4.99 0.148234 5.16619 43.059 0.000404245 10.1521
5077.59 21.4904 26.5437 4.75829 2.20061 39.9867 23.8441 8.48128 10.7866 31.7211 0.00914343 9.70814
5174.86 19.0269 11.1409 10.9871 4.97392 26.7168 23.8564 21.5124 10.7334 26.0801 0.00264735 7.84561
5098.56 12.7542 32.6025 15.3515 3.6185 18.9125 23.57 21.9629 22.9044 11.9769 0.0396863 9.06272
5066.15 7.34043 32.4681 44.3362 5.77815 11.373 27.1882 19.0136 1.68323 10.6486 0.00673957 9.81721
5090.97 5.27527 21.4595 45.5926 1.70585 12.4711 10.0506 2.95312 42.9948 19.384 0.230524 13.4977
5085.57 11.6678 12.8088 25.2456 10.1807 15.0077 33.669 5.68278 4.15656 5.95059 0.350178 10.8289
5135.94 18.3221 1.598 24.6873 18.1978 9.881 12.3942 7.49429 16.7606 6.97313 0.0539005 7.69622
5197.53 11.2749 7.65694 16.7766 20.3783 12.2334 3.34649 26.6775 9.3989 5.54915 0.100858 8.09098
5202.62 14.2032 9.98245 14.3609 30.8313 2.98746 17.4235 2.70257 11.6581 2.28335 0.0912713 9.22944
5097.63 11.9415 9.44272 15.7755 51.4616 2.98746 10.5304 2.69329 11.8913 9.88091 0.0144166 7.49566
5076.7 12.6386 17.5133 20.7066 22.9364 8.45728 47.4988 2.18454 10.141 22.4662 0.0249075 9.14718
5113.07 8.7695 14.4663 29.4782 2.02068 21.7888 46.1307 5.21582 12.129 11.351 0.256558 11.7468
5128.4 3.47517 9.63779 49.3061 12.4547 11.282 28.5153 2.56499 0.60556 6.51254 0.0763244 9.72157
5001.86 47.8448 16.5992 7.79948 20.9666 5.12015 6.52572 4.77737 18.6499 8.54625 0.0289054 10.0623
4875.05 71.1502 30.3129 0.395141 9.9237 4.62141 26.7184 10.4899 52.1913 21.9966 0.0024938 16.6776
4992.2 40.2111 21.7002 34.2613 16.7143 11.9551 13.169 37.1477 15.6167 21.5523 0.000120747 12.7829
5072.34 31.6974 5.36564 40.9865 11.6147 10.3499 4.14993 8.42831 24.8703 17.7919 0.000847811 8.41906
5163.75 5.87984 0.757718 21.4747 14.2813 27.8977 10.9054 1.5643 24.76 17.2338 0.00165587 7.91367
5102.79 18.2361 36.2939 9.68941 20.3476 7.38836 19.6917 6.1377 14.4964 35.5759 0.00414322 9.45313
5089.95 7.79878 35.0422 6.07388 20.2182 17.2736 23.3115 10.9678 8.38428 47.236 0.00607225 8.89058
4972.12 16.2454 25.6553 36.0467 6.47117 12.6028 19.0161 49.307 41.0869 30.6204 0.00388087 14.9248
5031.43 10.5344 19.2435 28.6754 5.8851 15.519 41.2017 38.7839 8.38985 21.5841 0.00261847 11.343
5066.05 3.95577 7.60846 64.1161 1.12032 13.9202 1.87608 39.8017 9.3215 14.1881 0.00433865 10.6995
5100.12 7.2998 13.3689 43.9692 7.03306 8.94533 15.5891 39.2501 2.93217 10.0807 0.0733721 9.3647
5060.19 3.99374 30.4767 28.1769 10.725 2.8123 30.695 39.0245 4.75294 9.68951 0.0260301 9.96738
5039.65 12.1265 17.4005 28.6092 30.8154 8.70151 37.6687 3.90111 23.0323 32.1072 0.0483837 11.7713
5196.92 13.7319 21.6913 6.41821 18.8052 14.9211 4.63631 5.65779 34.4082 4.22445 0.0365359 9.18219
5252.78 7.63097 6.79381 13.2265 10.4614 22.3378 7.77454 16.438 7.36206 12.4261 0.0307424 6.78675
5073.33 5.99637 30.8256 12.0805 13.188 14.3225 45.3464 2.00797 32.624 11.9578 0.244418 12.756
5099.15 20.7966 21.8401 7.2292 12.8085 4.22581 40.8614 3.46972 3.72975 13.5635 0.227559 10.9822
5047.84 27.8961 18.2998 7.2292 16.826 12.5012 32.6719 23.3155 8.72197 13.424 0.173246 10.9912
5097.48 12.1524 12.0674 27.5105 12.8872 24.2417 14.2324 8.49437 9.08039 6.43248 0.265456 9.18386
5185.48 18.2918 9.54358 10.1617 14.2364 16.8096 30.0759 15.705 0.963957 0.997069 0.121079 9.52981
4994.6 13.5601 15.8743 40.8754 20.0584 5.79365 8.13578 26.0376 7.0521 5.66232 0.0765004 10.5599
5083.79 11.9212 22.7406 18.6965 15.7018 25.4647 9.65524 7.28039 16.0666 5.47829 0.0355276 6.62722
5250.38 4.38666 8.6298 0.175514 20.6321 0.639969 16.1526 22.059 2.10404 9.86737 0.0144379 10.5398
5185.02 6.58137 3.38698 14.9428 19.3755 4.34639 52.6211 5.82706 3.08874 9.25139 0.0168826 7.79567
5043.67 11.6308 58.95 1.40447 18.3717 1.84332 15.8871 17.2613 1.83016 11.4939 0.15189 12.1385
5198.08 0.683975 18.735 19.825 3.50961 18.0064 43.5426 17.5904 1.39647 7.56973 0.00438367 8.38706
5125.52 11.0402 23.1769 16.1436 12.0007 31.0623 1.53259 56.7568 1.51241 3.57028 0.0313135 10.7155
5104.21 11.3295 1.08165 17.2456 32.9235 10.5631 6.98942 22.6497 8.9479 7.15405 0.0707964 9.72168
5121.2 17.7338 1.08165 20.4093 34.4808 10.7743 7.10693 13.933 16.0005 4.00338 0.080855 8.48785
5147.69 31.5083 2.66353 14.5377 19.6555 7.85958 12.7456 30.1706 1.39681 20.5975 0.0817514 10.4337
5105.62 14.0408 30.2209 14.9512 15.9182 9.99214 25.1774 14.8827 20.5554 39.8217 0.0401987 10.5724
5099.09 11.2406 13.9532 36.7692 22.7184 17.2625 12.148 13.4201 38.7857 17.1239 0.0718119 11.5637
5174.99 11.6941 8.46241 23.0305 8.07341 18.8262 4.04232 6.71417 18.6479 7.04343 0.0614905 7.5508
5105.4 34.833 6.58957 24.172 6.97827 14.5836 13.7198 8.2264 10.96 21.0898 0.0532304 8.91863
5193.52 3.34744 6.86851 16.5556 41.1205 3.37011 32.6267 16.562 26.6631 17.2686 0.00455982 9.57288
5193.52 3.34744 6.74876 42.5599 2.58516 17.9858 32.8716 21.1531 2.15697 8.36673 0.00455982 8.70999
5052.24 3.97758 6.79604 25.4049 37.599 19.5126 30.6129 26.7304 3.40312 17.7187 0.0295606 11.3719
5088.88 4.24013 8.76375 32.7519 32.0375 8.77313 9.00705 49.6078 25.0892 18.6793 0.0425356 11.8306
5023.44 11.6463 33.7778 26.0413 13.1864 7.0312 15.425 26.7216 23.5722 6.06122 0.0544729 9.75727
5012.77 33.9706 9.81063 36.6733 11.626 19.6342 18.2864 56.4488 8.86197 43.3466 0.0171957 15.3563
5035.44 25.4757 23.8769 30.6851 4.44681 14.7398 20.1409 8.46076 18.2549 12.3133 0.00866574 7.64746
5032.37 1.48171 24.0007 55.249 17.1384 11.8825 18.1821 5.20852 24.2591 17.9685 0.00870863 11.0267
5024.5 9.3571 25.6038 26.4818 21.0766 1.65615 18.4291 11.312 23.7663 38.9895 0.0159337 11.8064
5019.12 43.9005 26.8376 3.83069 7.79307 14.6353 11.3481 7.7148 8.31684 8.41146 0.0161286 8.70908
4974.3 28.8071 23.869 2.87305 14.8103 40.0205 14.8678 43.2564 13.7664 4.96546 0.0139127 12.1112
4999.68 41.9106 12.4896 24.3882 4.63761 31.1013 28.1837 8.82517 2.36373 16.4732 0.0139372 9.60508
4860.88 47.7582 10.687 44.364 6.67165 54.7733 10.7535 19.4332 2.27527 4.07551 0.0114532 15.0641
4927.97 45.3076 26.9848 13.2372 3.24558 40.8454 2.8257 13.003 5.58891 5.94325 0.0219756 10.0948
5048.67 35.136 11.9576 19.515 4.27966 19.0002 15.8897 38.9264 26.9538 40.6242 0.0191285 12.703
5002.71 39.0889 19.5188 19.3138 4.10838 11.1019 21.8393 47.0784 19.4517 23.5229 0.00704616 11.8223
5018.38 32.0716 15.3879 27.5743 2.64013 26.8164 20.668 19.1614 0.700301 67.722 0.00704616 13.1165
5066.8 40.7079 4.78398 16.8622 1.34061 21.2282 22.4213 16.1048 23.171 26.8757 0.238046 14.2614
5043.7 7.48648 29.2348 15.8285 1.81387 34.7296 13.6636 22.3178 19.7225 5.82044 0.280299 12.9292
5007.51 13.7369 41.5314 4.90661 7.4701 23.6763 39.331 25.0266 16.2076 6.04288 0.0683424 12.0613
5128.59 27.1548 17.9189 3.12457 3.68329 23.3978 9.51848 50.4907 18.1671 9.00005 0.0652938 11.816
5084.26 26.5113 36.4874 0.96774 2.25244 11.6758 24.5429 26.478 20.5618 13.3868 0.0206044 11.1904
4947.06 38.8639 29.2936 2.16849 10.9341 20.5271 42.5379 6.62417 2.24108 10.0207 0.0252642 11.2504
4935.05 42.5729 20.0936 4.68419 36.382 11.131 38.1628 8.49147 43.4317 5.24315 0.00796399 12.3499
4943.23 63.5686 6.49939 9.70694 22.0632 15.6532 20.4302 9.95749 2.3603 4.16656 0.0359796 9.83353
5053.13 24.5473 12.7431 23.5039 10.7834 12.0268 44.5209 15.9875 21.3074 13.3565 0.0627529 10.4027
5053.13 21.235 30.1827 33.2122 8.53994 6.72116 13.9239 0.521128 20.2244 14.0837 0.0147901 9.6698
5085.15 19.8275 17.815 25.1475 11.8294 19.9 22.805 0.78969 13.1296 15.348 0.015696 7.60501
5100.62 3.99254 30.8366 11.4039 32.3044 7.82862 15.3087 24.2886 46.7021 5.68718 0.0198604 10.0027
5130.42 11.6027 15.4424 15.6445 23.7303 2.51199 23.9602 13.1618 3.3951 5.80639 0.05396 6.96445
5096.18 27.2627 8.75188 16.5599 21.6655 2.79867 23.9602 13.0827 22.405 5.80639 0.00933702 7.27567
5156.8 13.6583 12.6397 12.781 33.9018 2.58029 25.7676 14.6989 10.406 31.2711 0.0125538 8.60345
5190.12 9.86751 9.14897 3.28314 27.2539 10.3582 20.3453 16.5965 22.0715 0.848705 0.0125538 7.21209
5172.04 4.19655 7.31144 4.6371 35.6859 13.5494 22.5551 7.91186 16.195 21.7348 0.137107 9.33143
5166.54 3.48157 7.88711 10.5312 30.5294 18.7498 25.6951 45.5224 7.85415 8.72487 0.134823 11.3657
5055.53 4.32883 6.20345 29.0137 21.233 22.2891 17.1437 9.86265 18.4763 9.0481 0.208891 11.7123
5067.43 18.5544 5.19083 28.1724 1.67068 18.796 17.0374 5.92376 1.11945 8.07894 0.0731388 11.5671
5229.37 7.57095 12.4686 18.7418 1.38544 21.35 12.3251 5.45572 8.58912 7.04392 0.0874823 8.01032
5167.22 11.8122 4.91468 28.579 14.6556 6.68174 21.0352 10.4501 3.92054 11.6818 0.0394406 6.52084
5167.1 21.773 11.7718 9.4096 20.4844 12.5206 23.756 20.8787 6.2022 6.74101 0.200409 9.94054
5233.64 9.6588 4.60138 8.43146 17.7332 22.1401 31.4528 15.5448 5.48385 1.84792 0.169574 10.0225
5264.05 1.58405 3.28182 14.9137 4.17888 10.0074 25.7035 15.3082 2.78829 2.6107 0.347923 11.4924
5152.67 26.63 1.05186 7.44587 26.8539 17.4473 2.93073 15.617 5.84377 4.86442 0.177857 9.96376
5129.68 8.52023 10.2021 19.4894 53.6649 12.3545 9.39462 25.3223 9.96985 4.40521 0.280379 14.931
5038.02 15.1978 7.10796 18.9532 30.7468 25.7048 20.9691 22.2601 7.43091 19.4076 0.164034 11.3805
5031.6 3.452 49.9315 16.0987 17.3787 23.5191 2.71562 1.25516 4.0221 28.6379 0.0512717 10.8288
4999.47 7.92298 40.9787 20.5657 20.8253 27.6627 5.03291 1.12654 6.44291 1.98876 0.041213 9.22636
4977.01 10.6409 30.1346 17.9559 40.3442 12.8948 3.63154 15.065 23.1441 12.6426 0.0615288 11.2439
5095.25 7.53891 36.9196 22.3636 34.9147 8.95997 9.74009 8.96042 11.3534 17.4081 0.0751758 12.7978
4913.35 27.447 23.8529 47.2584 2.26633 37.8938 7.90976 6.17162 12.303 6.02216 0.143868 13.1339
5035.26 0.43903 64.9073 13.5391 25.1675 4.43683 9.62687 16.1211 5.17607 0.85118 0.131452 13.5884
5080 27.9542 9.84496 13.5391 20.78 47.3534 8.53019 18.1872 6.45262 1.74464 0.149844 11.8091
5034.75 54.5452 4.24035 6.27663 18.668 22.5911 14.5281 6.97766 9.809 5.70356 0.116802 10.285
5014.2 38.5227 15.3412 28.8323 11.2573 25.3611 8.10745 9.7804 1.58343 19.9368 0.0738011 10.2512
4967.99 31.7008 16.5383 26.236 17.1447 49.5321 7.41715 21.1824 26.1268 15.6815 0.0178867 13.0797
5025.32 38.3117 2.70497 28.9411 4.75964 15.4873 24.9011 9.53166 1.86742 36.3069 0.0301994 10.8452
5073.12 28.6531 2.88585 26.4231 5.98301 3.59501 35.612 34.1926 13.4374 58.1803 0.000719451 13.0851
5117.63 7.94418 11.5724 26.679 20.7857 11.9604 14.7807 30.3115 0.754186 4.66691 0.0411346 7.57322
5113 9.05371 15.5749 29.4066 3.6064 10.7719 26.9515 24.8422 2.85318 2.85466 0.0747468 8.48209
5116.66 9.05371 9.7148 38.9549 5.17198 11.1966 28.5318 53.1111 13.4062 3.3825 0.0364979 11.0553
5093.37 3.70214 11.203 35.4838 20.534 10.4898 8.60275 9.29695 10.8878 14.7014 0.00426167 6.5742
5059.13 24.7005 14.1892 11.1331 9.02377 16.8825 21.0329 26.9007 14.1202 10.089 0.258859 12.6503
5060.37 35.4193 16.6707 10.4502 2.66845 19.9112 22.8616 19.3208 11.3106 0.645146 0.159521 11.3872
5050.7 44.5291 19.2654 3.92822 13.7916 5.64745 23.7938 16.6345 11.6399 5.14957 0.104324 10.5077
4923.91 44.5291 29.3118 5.5574 17.9655 14.1074 32.6592 9.37 19.1983 4.43032 0.0402114 10.9273
5004.32 50.8914 22.1246 4.16923 10.3649 11.9317 33.2421 5.84104 15.0789 4.43115 0.0328013 10.128
5052.38 17.4288 30.3129 5.89291 10.1492 14.2732 23.598 3.90371 14.2828 3.86417 0.0717825 9.58913
5073.2 15.1348 10.5861 30.4626 11.8275 32.6527 5.40367 25.3771 12.5132 6.29802 0.186681 9.90944
5176.13 15.3318 3.88578 24.6527 12.1084 8.60621 3.69213 39.2181 8.37848 0.498721 0.18805 10.9415
5210.7 11.4216 10.1621 19.2455 16.2914 7.66136 3.37702 31.522 2.41152 23.8188 0.240575 11.5513
5031.53 18.4917 9.86621 33.0166 11.4793 16.6608 27.0479 17.6406 28.8582 5.48977 0.0837331 10.4569
5010.36 26.2941 18.6856 26.6509 3.09693 21.9725 42.1251 14.1257 12.1269 12.1923 0.0068863 9.28001
5103.77 16.1866 29.6714 18.8591 3.42967 12.6141 13.9059 6.40505 23.5252 10.6318 0.0384988 8.33194
5053.08 34.0114 6.55885 38.6009 1.2433 9.58105 16.3735 0.428905 12.6016 9.38789 0.0500674 10.2971
4984.62 38.297 47.4142 0.339067 9.80005 9.66717 16.6 25.8496 14.9554 17.4101 0.168943 14.5303
4949.29 37.2447 48.9418 5.91257 17.8271 10.0062 33.9437 27.9338 19.4872 15.6375 0.158188 15.7875
5037.69 27.2897 46.377 7.64193 7.47616 16.3862 12.3977 21.5196 17.81 25.8799 0.197733 13.3135
5037.73 14.0702 12.0734 20.1875 45.9494 9.97351 9.31673 37.9863 11.8312 12.5083 0.088846 10.9294
5014.39 1.99461 33.1495 25.0213 31.1711 10.393 18.9722 26.8951 22.781 16.2177 0.00275618 9.95331
5021.78 25.7898 35.4359 4.5383 20.522 13.0062 19.863 7.87399 22.9407 20.4773 0.00494614 8.3541
5040.05 38.9467 33.533 11.1066 1.23534 17.6601 26.1868 26.9126 22.1333 7.26626 0.0160363 12.4341
5001.73 14.6301 44.4307 28.1963 8.96744 12.7488 7.66278 32.6346 22.8829 5.20349 0.0545241 11.021
5143.56 21.4241 21.3413 8.02721 18.4236 6.44218 10.2787 10.1376 20.1376 6.4463 0.0155886 7.26186
5154.66 21.0967 5.64662 6.7803 28.823 12.2255 8.63535 28.4114 13.652 5.25338 0.0104124 6.81243
5144.26 17.4892 10.5668 1.71614 27.6473 13.3031 7.66895 37.1146 21.45 10.0893 0.0435097 9.49853
5057.87 34.5045 6.8588 7.03637 22.1325 37.8479 8.88142 12.5306 36.1313 21.5778 0.0625334 11.4793
5163.64 18.6218 8.40751 12.5994 25.8759 19.5746 24.8084 10.4548 31.4208 2.19026 0.0241568 9.42911
5164.57 16.4084 17.1224 16.3496 14.2479 4.4303 24.8084 25.0619 20.4481 7.53658 0.0328317 8.54061
5187.3 13.7304 4.82777 1.59751 29.6611 19.6115 7.96196 16.7671 4.03169 40.2785 0.0221691 9.16277
5072.94 4.66264 53.1068 3.64123 14.4123 20.9297 7.95319 2.42816 4.03169 24.5695 0.00754875 8.32319
5061.17 6.19262 42.6529 2.7981 29.6684 5.97589 13.3272 20.0281 20.9703 12.1715 0.0278684 9.06233
5094.43 12.957 24.5975 13.6255 17.6616 11.6778 9.03639 23.8311 1.07743 5.97357 0.0307173 7.13379
5108.71 24.7053 7.46249 33.1517 7.37384 7.88235 13.066 2.84436 19.7744 41.8359 0.0334033 10.5365
5040.47 40.0229 11.7013 29.5815 4.6504 8.68654 15.9515 31.7854 48.9333 10.3546 0.172582 14.5452
4969.62 23.1009 15.2657 30.6578 26.8274 19.5436 12.4502 24.736 7.55319 1.31164 0.127791 11.0974
5027.56 19.6017 22.3052 29.5414 38.2058 23.3937 1.16596 2.51634 4.59019 10.8269 0.182976 14.0951
5079.27 21.1869 13.3671 32.6358 24.0118 17.1665 8.8378 22.5903 0.570707 53.8158 0.0413007 13.5438
4932.61 21.2892 30.7613 33.5625 5.90655 16.2347 1.92212 45.0492 12.8935 37.8969 0.0770557 16.3681
4988.06 34.6993 21.9761 33.8101 3.18627 18.7852 21.4468 12.8246 17.5439 35.5441 0.0876111 12.5835
5137.89 33.9939 13.1092 14.9834 0.134833 19.9135 15.7181 21.7933 3.41006 16.3459 0.0536605 11.3411
5077.24 20.5329 12.8664 33.826 10.7114 14.1953 24.7845 30.9826 15.0365 30.5985 0.180118 12.862
4988.93 25.7983 8.25615 27.6498 33.8564 5.678 16.2149 21.4855 6.81958 21.319 0.297195 13.4943
4986.58 9.6021 7.22521 57.1386 3.25815 15.3426 26.8753 4.6193 7.49584 27.8348 0.177468 14.4748
4981.09 14.5637 7.95807 69.6809 6.19629 28.4092 3.63537 20.8927 4.2117 13.2297 0.38776 15.226
5061.48 15.6384 4.09881 50.6065 4.70294 23.1575 0.881183 14.7457 17.3273 7.24467 0.161358 11.156
5102.11 14.6519 2.2947 22.9111 33.4172 10.7076 7.95226 30.4651 51.703 30.603 0.0511211 13.2387
5222.22 11.1267 8.63403 2.74976 7.37755 30.8969 46.4528 5.25033 18.0915 13.654 0.124467 11.9953
5153.67 15.2901 8.21372 6.54032 10.6692 22.765 24.0372 17.997 15.2813 25.7029 0.0116651 8.33669
5139.99 10.6141 10.9682 5.89524 8.80712 26.2754 25.3992 8.30085 0.572768 33.0033 0.0685068 11.1668
5115.58 10.6378 32.1162 5.93963 0.95172 16.5885 28.2922 22.6304 8.18656 3.70355 0.00381867 7.91809
5115.58 7.41844 30.7065 5.86477 6.67742 12.7063 48.483 38.4828 29.3957 11.4988 0.00670283 12.0433
5109.84 20.9798 10.0823 5.69426 28.4562 16.297 8.78164 16.1519 3.56109 10.9482 0.171067 9.04396
5148.62 7.3083 13.1819 7.51391 13.4784 21.5122 21.4232 35.7122 41.9815 22.4339 0.00108684 10.36
5110.32 1.74487 22.1689 14.9285 16.5737 34.9626 11.0177 26.9995 24.3219 22.2027 0.164964 11.7401
5048.98 20.1258 2.19363 27.0513 26.6103 27.7644 17.644 14.3741 5.90716 31.4477 0.0280027 9.84876
5128.05 30.2363 7.81518 5.55498 18.2192 10.5003 20.3595 15.9793 7.36729 4.71973 0.0339622 7.36079
5010.83 6.93284 21.0676 23.8935 3.64085 39.1496 29.9489 19.6216 9.71664 15.4776 0.00699329 11.6517
5038.89 11.6898 22.7246 25.4349 24.9404 11.401 30.1914 4.72009 8.03104 3.42138 0.00898587 6.74168
4958.32 35.2941 15.48 26.5335 13.7233 27.5236 18.4612 5.37016 3.70632 16.7874 0.121675 10.7615
4917.31 38.9747 25.2751 20.3295 10.0185 47.2742 13.691 11.8406 26.6015 26.6009 0.0244507 13.4271
5174.2 3.32697 9.71627 19.5952 8.59802 24.8658 15.2571 4.30002 18.357 103.308 0.055111 15.5367
5214.61 13.306 5.76809 8.06849 14.3105 14.3298 24.0261 15.2271 2.09979 13.6237 0.102464 8.20125
5248.66 7.92729 15.5914 9.34924 3.00663 14.5758 4.30295 39.4472 36.7506 2.00075 0.239504 13.6042
5142.92 5.43838 15.1479 19.4573 9.93567 19.3701 22.1718 32.8006 14.1347 3.99604 0.0125313 7.1458
5086.66 12.7526 9.63576 29.467 9.31353 13.074 32.0138 13.5639 17.7446 11.4622 0.0331078 8.11694
5177.47 13.6182 5.51843 29.1313 21.3566 2.49366 24.7806 12.7382 16.7742 47.4065 0.02692 11.1594
5115.57 24.2956 21.2453 9.70171 4.19334 6.91633 24.2891 10.392 6.38497 11.5522 0.0140752 7.54485
5115.78 6.52283 44.2204 6.97788 6.26901 12.3599 4.50096 8.27392 7.99693 21.1429 0.00169955 7.49266
5140.87 25.0136 28.7588 3.67325 6.80406 13.2996 2.16919 5.94102 16.2327 5.67673 0.0469589 9.8605
5062.88 37.4048 7.46532 1.90875 6.84143 35.193 23.7818 7.9216 3.7433 15.7518 0.124574 11.5377
5254.02 0.329154 6.78673 13.2833 4.98306 47.1908 25.7485 1.66144 3.53775 28.6449 0.0673239 12.4355
5322.44 0.329154 6.32988 7.1872 5.01748 16.7723 24.6327 12.9242 0.637244 31.2812 0.136364 12.8536
5165.26 21.7989 9.93654 10.5889 12.4894 12.8898 9.08017 7.05801 3.80534 19.325 0.0801277 8.44626
5140.86 26.1867 4.28832 7.58953 17.1205 30.6005 21.8095 13.3375 2.38581 15.4644 0.0717478 8.91116
5110.26 14.7 4.28832 1.46403 55.4179 11.3341 24.8681 7.71905 22.5208 40.4337 0.208322 14.1959
5062.98 33.1044 4.59459 18.9963 27.5825 4.17025 45.7025 14.0702 25.0987 21.4255 0.131752 13.333
5057.94 19.3085 11.5695 15.377 12.9889 19.9355 28.5442 1.96441 38.6961 26.2114 0.0955837 12.888
5051.57 18.7161 30.5021 18.0041 3.98212 15.8189 20.9821 20.823 9.45243 16.988 0.129558 10.0352
5064.31 33.5769 22.2373 11.1721 30.3409 13.3836 9.89333 0.720153 4.73734 29.3758 0.35407 14.1004
5116.62 21.926 17.8029 13.2171 18.7701 24.8031 11.4143 5.5166 25.4739 17.2697 0.374635 12.415
5023.14 25.5069 16.1785 11.4091 33.1208 3.20855 37.5112 2.65753 3.03842 16.5025 0.378383 13.7146
5002.14 4.28049 22.6007 23.4673 23.2223 15.0368 40.1904 0.808018 5.5418 17.4209 0.230074 13.5823
5089.4 11.4935 16.3203 5.84179 16.3976 48.9258 11.4486 0.808018 23.5199 20.5747 0.0500213 10.5682
5315.71 5.43157 3.16888 8.86131 10.3654 12.425 14.9346 9.79617 31.3522 5.47611 0.100829 10.4817
5016.02 6.49915 53.8181 5.81626 4.69347 41.48 1.95745 13.7481 2.08674 10.4966 0.0208457 9.64495
5010.25 6.55991 25.5022 5.96723 39.3197 17.3776 15.6991 32.2434 14.0524 43.693 0.017214 13.4827
5066.5 10.0835 15.4996 17.2451 38.6787 10.0971 18.9701 7.07298 15.7966 14.6135 0.0880814 8.68982
5200.24 4.54335 15.6317 14.6065 20.7823 40.8464 9.00237 33.5334 22.5035 6.0214 0.0147778 12.1363
5107.71 3.35763 23.1924 22.4038 14.846 28.868 12.9149 12.7664 19.331 3.71684 0.00815244 6.3897
5077.33 19.8289 22.2689 16.1178 12.5536 15.6119 9.3938 91.5208 39.9409 9.95656 0.0259719 16.9248
5034.73 18.852 24.9801 38.8971 4.87695 1.90373 28.7886 35.0202 38.1124 2.98508 0.0256282 12.5112
5071.56 8.02667 25.7052 38.8971 5.87035 3.20576 11.6019 55.4568 42.4623 21.4836 0.00343308 13.0521
5084.89 14.4919 22.825 12.9979 21.5902 9.70997 23.6126 3.76837 9.48911 8.79824 0.0291131 6.48057
5081.19 16.0996 6.28021 34.3979 37.7119 2.26332 4.83459 2.14257 3.92161 3.39626 0.0148099 8.05999
5032.4 20.0861 21.6914 17.1451 23.6694 18.521 7.42492 7.02481 6.21738 3.40035 0.0206563 6.55902
5168.74 8.15507 14.7315 24.7335 13.3273 6.84923 20.3583 19.0938 1.25857 10.653 0.0051076 5.70912
5196.55 6.79244 12.9405 26.4035 18.176 6.07513 15.3682 0.644999 12.6512 27.986 0.0494512 9.33536
5114.11 8.94505 16.407 38.1272 26.319 6.07513 15.6947 15.4793 10.0509 31.3074 0.0186054 10.1769
5016.85 15.2244 11.4586 44.5166 36.3884 4.84523 12.2171 11.1044 10.4799 45.8237 0.0186054 12.187
4962.26 17.0559 11.4586 59.7281 20.0528 6.57389 13.0736 8.2359 44.287 51.0251 0.336677 18.9888
5023.24 11.8032 10.1839 8.84955 61.661 16.6148 17.0232 21.9949 26.0527 37.2869 0.31359 17.0858
5105.44 5.4076 0.400053 8.08675 52.6235 15.8392 13.5012 22.5829 3.40506 18.7618 0.456759 14.0469
5115.04 10.7672 17.507 10.6875 37.0076 8.47649 24.04 5.47106 6.06583 55.0286 0.342478 14.0455
5205.64 11.3881 17.8656 0.532223 28.9163 19.9685 1.94989 19.1839 69.562 46.9918 0.158076 18.8015
5050.8 14.2278 20.3454 17.2806 32.241 29.1981 7.41643 7.53101 19.9863 34.7076 0.196297 12.511
5206.48 8.65539 9.79645 4.4745 21.0802 10.1425 11.2781 29.2254 6.92198 10.2054 0.232373 9.72997
5137.43 18.917 10.0463 4.33174 25.7918 18.0216 10.7074 6.63396 19.5478 8.59995 0.0139514 6.50329
5113.81 13.5554 20.956 5.94776 44.5183 2.6211 9.14581 45.2906 9.68201 7.95424 0.103484 11.1747
4968.31 14.8193 75.5484 7.27651 24.5406 0.972041 4.63305 45.1788 21.0545 5.01267 0.188231 18.2999
5019.74 17.0437 30.0757 16.0436 33.0925 18.5103 5.26286 58.9953 8.82555 6.42233 0.0393085 12.528
5065.61 4.86855 30.3274 5.01509 29.7991 20.0365 11.9123 23.1837 34.6349 22.9292 0.000883063 9.21098
5083.42 3.90066 30.2719 9.14569 4.30545 58.3999 8.44861 44.2545 22.3026 32.6437 0.000883063 13.3135
5109.91 28.5389 11.8501 9.17432 6.27957 50.9586 5.52957 3.82497 23.7104 3.56984 0.0126348 8.8531
5108.16 24.749 16.2491 7.58085 17.0278 37.259 3.20041 12.4309 31.7436 5.65288 0.0126348 8.59076
5139.72 16.5503 6.10667 2.14925 34.4799 32.1595 1.68234 10.4019 37.3802 4.19075 0.199461 11.8581
5180.93 13.8303 8.08017 3.41127 32.6321 25.4615 12.1343 14.3483 17.7326 5.9164 0.0720789 8.53221
5089.28 4.2167 15.766 52.2553 13.028 14.2262 13.3245 14.9536 13.9767 14.8526 0.060971 9.80331
5082.71 24.4119 16.2668 16.0575 24.1617 27.7609 5.89247 10.7487 3.15848 32.831 0.0757609 10.1748
5095.17 25.1468 7.25468 8.72361 25.5628 13.7704 34.1831 6.9987 16.0309 27.3981 0.259066 11.8812
5095.5 18.4297 5.63659 8.08021 33.4523 7.28052 31.741 68.9368 3.10994 36.4481 0.337672 19.0528
5082.57 17.5808 3.53222 4.57231 45.3201 1.59665 40.6204 30.8866 39.5689 18.3248 0.29563 17.1487
5103.72 13.953 17.612 12.2957 24.4357 6.85979 24.1441 42.7933 19.3003 29.6624 0.0326015 10.8554
5073.05 5.00983 25.7101 22.2045 31.805 2.60126 20.2669 45.5483 13.4698 8.60827 0.0369732 10.5427
5098.84 8.75752 30.3105 12.0737 21.697 8.46988 18.5346 24.3044 6.16034 5.70374 0.000469467 5.09132
5078.41 4.21175 33.8603 23.9196 9.73669 11.763 12.3583 10.4005 11.6364 5.70374 0.000469467 5.38107
5127.34 1.33772 36.2101 11.9767 29.8551 10.5253 5.07194 12.1957 5.24319 3.16172 0.0525681 8.15483
5120.54 6.61738 27.123 8.00167 20.9643 11.4059 13.6525 14.3767 15.4924 15.4968 0.0804743 8.11018
4917.75 32.2013 33.0679 24.0089 25.4766 19.3005 6.31187 6.29221 11.7893 16.9625 0.0499776 10.863
4956.71 31.9242 28.0752 3.65721 34.2235 23.7991 35.0455 18.492 7.34067 30.8754 0.00336288 12.3408
5020.62 7.73897 22.6288 39.3081 25.5731 1.44111 7.62318 19.4519 5.97906 43.4218 0.0165088 11.5597
5092.78 5.21846 10.1974 8.38462 12.2267 67.3928 14.3601 13.3576 5.50171 7.09903 0.0587888 11.4154
5067.5 30.9502 22.4199 5.61954 14.2517 2.26578 27.9237 35.4164 10.7585 6.15036 0.0169145 9.52039
5135.37 13.0787 25.2206 9.46612 28.2872 13.0136 15.164 14.75 7.52205 20.9842 0.060801 8.74254
5112.07 1.67112 9.634 2.60476 26.2929 46.3536 29.4172 12.4314 13.9609 35.1018 0.146044 14.6058
5181.5 6.3815 10.1573 21.2614 3.76851 17.2477 37.1855 11.979 28.7287 2.71614 0.0821394 9.41765
5117.58 0.744392 23.1977 27.8191 13.7725 23.3659 24.578 18.151 17.1425 5.62367 0.00284066 7.50129
5112.82 11.7043 13.3366 31.8205 8.12353 1.39489 26.4676 4.35695 10.6172 8.76314 0.0297988 7.71423
5090.34 16.2294 25.3437 15.8206 23.4053 19.9374 2.76788 27.4949 22.3247 3.52104 0.00492046 7.80478
5191.39 11.34 7.62139 4.05931 22.8443 23.7795 19.8824 9.58561 23.2813 9.72432 0.00712964 6.46876
5183.33 2.04049 30.2728 4.10149 17.9397 2.36944 19.8348 1.25019 5.93291 3.00479 0.000977169 6.47221
5159.95 11.5069 22.0354 5.29325 24.416 11.2547 35.3159 11.491 19.0357 9.77058 0.000314384 6.59024
5124.12 9.49891 14.3077 4.21593 34.9982 7.26152 35.3159 9.40498 11.7426 1.89036 0.000440321 5.71289
5135.27 25.3342 17.2348 7.47356 15.0566 16.5364 31.9453 11.3411 35.5797 7.79097 0.0593057 10.6873
5096.94 5.77014 27.3381 14.6097 5.89524 6.73024 38.9552 16.2001 2.76832 1.3588 0.116622 10.2837
4999.64 29.1693 21.6032 45.1133 17.793 22.4405 22.2353 9.16373 2.38374 1.3588 0.00453897 14.2854
5001.88 39.2128 18.8643 24.7788 28.544 5.13048 24.8982 8.88552 4.01545 26.4676 0.0128249 11.2274
5016.12 37.5742 7.01199 20.6284 28.544 24.3641 8.37638 6.21736 5.57831 9.5338 0.017437 7.78909
5050.88 37.5742 14.3919 15.2348 26.6678 17.2114 10.225 27.78 2.87848 4.03147 0.0137958 9.17116
5141.73 18.2183 15.7392 21.2297 14.7574 16.1021 2.64511 7.67796 13.2384 2.04057 0.0180767 6.78718
5134.11 1.24734 20.4501 13.2734 42.1657 0.215182 25.5491 14.386 5.40001 4.35468 0.0289622 8.94205
4999.64 28.9773 13.4667 19.4873 25.1789 16.062 18.7979 18.9701 6.48909 1.14953 0.0110979 7.53456
5117.01 18.8028 21.873 11.022 21.5379 4.45854 15.4215 25.3057 18.9011 4.04827 0.00092024 6.26612
5108.56 20.5164 2.81361 31.6347 18.275 6.69756 15.7912 47.5222 7.09866 17.5126 0.00507373 8.86417
5172.05 13.7689 3.99505 26.7309 19.5391 11.559 8.36468 34.3943 10.4917 7.49938 0.000654939 6.04874
5134.72 3.90502 3.78481 43.4788 20.6887 8.53849 5.57662 11.5243 24.1611 7.49938 0.000654939 6.44397
5153.74 6.43356 9.58797 43.4788 16.9096 6.90733 5.57662 6.90933 14.9052 1.88255 0.0251412 7.60939
5146.36 19.3008 1.20991 34.4337 8.89914 14.5351 20.6859 40.8106 17.239 6.13214 0.0255248 10.1394
5127.21 11.1349 13.8215 15.9045 5.58462 26.1662 4.94626 10.9363 12.7451 8.43767 0.000258354 5.87186
5035.6 11.6567 13.8215 53.18 3.74725 33.2577 6.5006 10.1827 30.9991 19.2863 0.0172099 10.7829
5089.9 17.9153 27.1393 14.1836 11.1177 31.7589 18.585 12.2124 10.1341 17.2476 0.0199552 8.14117
5080.49 31.7994 17.4224 12.0367 28.8776 3.81261 11.0652 9.44887 0.95486 37.2564 0.133368 11.941
5168.17 5.73533 8.73498 15.501 48.6518 2.61062 8.79859 14.7768 6.12777 32.3029 0.0191071 9.05112
5239.36 3.41642 15.6933 9.42289 27.148 6.08056 2.36804 14.2989 14.6963 31.9474 0.0191071 9.11492
5177.65 6.70042 8.87583 10.6264 13.6902 18.101 36.6885 47.3679 26.2153 27.8129 0.0191071 12.6302
5133.72 8.80229 5.24052 8.94261 34.5655 9.1548 28.8279 39.6497 5.39932 31.8855 0.0110299 10.142
5088.87 13.3348 5.87044 8.94261 41.5427 20.1446 27.7272 19.343 7.51396 34.0852 0.0110299 9.76745
5121.94 9.11745 11.3807 12.3584 33.4132 5.20816 6.65522 16.4134 0.926969 23.7119 0.0110299 8.01663
5120.53 9.44147 7.80428 21.2512 42.9714 5.20816 9.08732 15.0988 6.44381 1.42827 0.017146 6.78345
5067.09 11.8061 6.13318 28.1226 26.0821 14.1393 16.6107 21.415 19.3904 22.2886 0.0511551 9.62049
5044.27 38.3136 2.72855 14.0283 41.7386 12.5975 7.77527 12.2968 16.7899 9.25759 0.0310392 9.23184
4968.42 56.7313 8.19902 14.5411 16.8254 24.6109 41.6035 7.56883 10.7123 2.01638 0.0332774 12.4504
5196.8 5.18631 4.80142 27.9582 20.8941 20.6868 25.9611 3.46791 31.2154 36.2848 0.0767163 12.5951
4910.77 70.0701 4.80142 1.16972 24.8742 6.79937 14.215 20.0726 10.0831 3.54473 0.0580126 14.1231
5037.96 9.37897 21.5264 14.8579 41.4107 12.4483 3.36367 39.6308 14.0811 2.30534 0.0740957 10.5653
5049.52 10.2966 43.714 11.1925 29.927 2.98779 5.82593 13.7249 19.1649 3.63136 0.0859286 9.95193
5193.36 4.39744 6.92157 9.26636 26.9956 11.5832 13.3596 17.91 9.06264 83.4518 0.0162397 12.3066
5182.87 10.9283 11.4071 12.8187 21.3728 9.17239 27.3784 12.8208 4.94451 0.330573 0.0095288 6.2528
5183.5 8.06634 3.50809 13.1392 44.8197 12.6491 14.3282 21.0932 31.3477 6.79469 0.0177757 9.37377
5109.11 2.74818 19.043 18.2908 21.22 4.2842 20.2366 7.22458 6.87891 21.1698 0.0404554 8.78366
5117.05 9.97648 15.5911 19.9855 15.9315 9.51914 40.9973 11.1482 5.87626 22.412 0.0127392 7.32992
5086.82 19.6457 15.3959 18.0899 4.9635 9.88439 46.7798 0.791184 21.2693 14.2314 0.0158799 9.56099
5074.17 7.91268 9.04787 27.5902 18.9812 24.8333 4.02717 47.1627 20.9755 3.93132 0.0118727 9.85222
5168.78 17.5289 10.115 22.9507 3.53875 29.7658 12.0997 16.4106 12.1017 5.05973 0.0260668 7.38376
5131.74 24.9123 7.32783 2.88959 20.3586 36.871 14.612 12.845 1.25708 5.59742 0.0326011 8.03723
5068.6 8.20539 16.4546 21.6613 16.8092 18.9788 14.5982 6.81318 9.04102 4.74737 0.0351032 7.52311
5049.39 32.7383 16.6269 7.64713 13.4736 28.5359 14.6011 26.2181 11.1811 7.82401 0.000497668 6.56687
5078.28 12.1111 18.401 37.4003 10.147 38.9779 14.6856 28.2394 10.5156 16.189 0.00956297 11.5648
5204.54 11.6717 34.028 1.31123 4.65159 23.1549 19.2734 25.8255 20.3712 9.58102 0.0569509 12.2764
5086.1 23.4324 8.56343 40.4174 7.77897 12.7602 14.0093 30.7619 2.28965 1.27725 0.144931 10.4657
5091.3 22.4523 12.4015 40.4174 8.93772 3.11042 11.3966 35.0094 8.28897 2.0475 0.36241 12.8699
5060.42 3.45094 10.3438 42.5473 7.29401 33.0224 17.6533 21.2844 56.3497 20.9152 0.145039 15.2222
5059.08 32.9192 16.7244 40.8944 3.9201 11.1516 9.83854 16.9749 45.123 13.1804 0.342299 15.5844
5038.11 11.9791 34.1168 2.88282 24.9033 10.5112 0.973004 16.2227 36.0898 8.96805 0.11138 13.8872
5036.98 13.4531 27.6579 11.8937 24.9033 9.06916 50.2369 5.44092 5.10985 6.86238 0.121792 10.3218
5009.11 2.67055 57.0457 6.16276 23.7621 26.3318 38.2317 24.2854 3.68704 1.77181 0.361962 18.3289
5015.25 7.3083 63.8937 5.78422 1.26576 9.42686 24.8451 15.0917 3.38721 2.53826 0.142991 12.2046
5162.56 6.36479 20.3203 1.98801 14.296 47.7916 7.52966 64.4803 3.95371 3.80796 0.0093726 12.5897
5136.18 33.3018 19.5024 3.14175 3.13431 12.8805 7.38289 64.4803 3.60173 13.4446 0.784214 19.893
5116.47 13.8084 14.3388 20.7322 16.5412 20.4258 8.80186 59.4818 3.60235 10.0491 0.185373 12.0094
5098.48 11.9433 7.00095 17.763 37.2013 18.7978 31.1648 5.30239 7.61306 30.775 0.197158 11.8944
5167.57 7.88361 14.8323 18.6347 17.1023 2.43004 32.4192 0.788957 8.37638 35.5101 0.184281 11.4029
5041.24 39.0916 16.5668 8.45747 24.8122 6.12847 21.8883 14.7918 7.59337 28.1829 0.326667 13.2291
4997.03 64.6066 21.5653 7.90062 34.8803 3.49835 25.8678 3.99597 11.2775 21.9662 0.315381 17.5498
5072.57 6.44132 19.8035 13.6685 41.6991 11.0739 21.1771 23.6658 4.51814 21.0617 0.237455 11.5121
5082.7 3.0404 10.292 7.16496 58.601 3.97744 26.0904 27.2219 2.19486 11.1717 0.0286457 10.4033
5162.46 3.5161 12.1278 18.5821 17.5097 9.25767 14.0665 15.4392 38.5292 1.69057 0.0448496 9.04753
5124.96 20.4928 9.23345 15.4153 13.2228 1.01164 39.0908 37.0091 19.8589 12.4207 0.0978691 12.0629
4858.13 76.3654 10.075 10.1945 15.0406 10.8312 11.3931 53.3146 18.0883 14.6775 0.0232813 15.3098
4859.13 82.4593 5.17845 23.2473 13.9286 6.06105 11.0543 13.4464 10.8931 16.6578 0.0557431 13.5354
4922.6 63.2816 16.1785 13.1968 6.24622 29.4954 11.1897 1.22145 21.5293 13.4801 0.104139 13.1355
4869.34 60.2172 7.67237 15.8256 23.623 35.4517 3.05728 3.19852 16.5724 50.9823 0.0067226 14.3475
4893.74 69.0657 4.65167 0.221397 22.8878 38.8016 2.0712 32.3795 16.4004 7.9026 0.0151754 14.5823
5115.6 29.1659 5.92093 19.5813 12.6709 35.2839 2.52976 12.0375 5.95613 63.7736 0.0204112 12.1873
5121.4 3.25956 30.9755 5.65351 40.3955 2.23325 4.58702 11.8475 3.70613 22.41 1.92256e-05 6.49616
5115.65 17.5011 9.23783 4.66749 29.3219 31.4722 2.20433 13.055 5.30479 18.1834 0.0287542 7.66862
5074.78 12.3788 26.3333 13.7436 9.08761 43.8915 10.5767 21.2783 3.22718 14.9404 0.000750349 6.76445
4941.56 21.9489 38.4601 28.4985 4.63654 21.798 0.953139 35.8247 1.72195 27.9041 0.045351 13.5208
5151.99 3.95749 26.322 5.42768 35.1792 6.08961 8.20173 1.06563 2.9608 9.52218 0.00902046 6.60766
5110.35 10.5861 17.4694 4.65632 23.66 9.03137 3.63567 28.3321 8.46379 11.6956 0.0872738 10.8622
5026.61 15.0353 37.7129 28.428 7.14165 0.251288 16.4719 33.8427 6.83185 11.1171 0.0112748 10.2037
5006.34 14.86 6.85227 42.3985 11.4739 34.0633 5.04925 42.9682 6.37925 10.5509 0.0112748 10.6127
5000.09 44.7651 5.58366 44.2271 5.54616 10.427 19.9262 2.21787 7.0794 11.4079 0.135379 11.3213
4996.12 33.0341 21.6578 5.03328 29.2243 22.3252 10.228 29.5331 9.47378 17.9145 0.0503861 10.1109
4974.29 22.3185 36.2101 13.0488 3.09521 35.6293 18.681 24.6256 53.2418 20.7166 0.000612152 12.9086
5118.49 7.23351 21.7394 9.07366 4.09004 66.0255 18.0446 30.5456 12.1082 4.9269 0.00373388 11.9893
5164.56 6.25627 23.4393 7.37595 7.81066 53.6952 9.4658 28.2211 12.2195 9.44672 0.0494667 10.9055
5207.98 9.69208 6.77808 9.66924 3.59661 48.1386 19.324 14.7557 9.35465 17.4933 0.0604322 9.55821
5124.48 10.8941 13.9563 1.8788 48.3482 3.64136 5.36325 22.4775 34.0918 46.4507 0.0625344 13.4175
5111.31 7.17821 13.9563 5.52716 40.2088 9.64613 9.62701 2.41286 23.9463 23.3658 0.0292177 9.44577
5122.06 11.0932 21.1695 9.83368 22.85 16.7297 20.4184 6.78241 35.082 28.0396 0.0335095 9.26609
5096.79 11.1073 21.1695 10.4221 39.6453 1.81386 7.31372 6.02717 21.337 10.5991 0.00918308 7.50178
5123.26 9.12258 14.2394 13.2866 27.2159 25.7956 28.7353 4.08468 0.672014 9.19179 0.00310899 6.59016
5119.02 9.38312 21.6356 9.97566 17.7573 38.4176 7.93354 9.71777 8.12941 16.2348 0.00568743 6.06121
5143 10.7714 17.4371 5.45933 33.7404 3.92496 17.3535 11.3317 16.1398 22.9148 0.00843852 7.04731
5070.02 11.4221 27.1214 19.7194 27.1424 11.1818 15.1092 7.77205 43.0794 12.6773 0.00960615 8.76221
5152.6 9.04495 8.60845 40.8818 8.27441 6.5103 11.9017 7.74595 24.8354 13.6933 0.00789256 7.0677
5204.18 7.10155 21.0862 25.5103 2.44208 25.2482 3.59906 18.354 19.2402 19.4337 0.0137262 9.38008
5108.67 7.48281 21.0862 25.2671 6.48563 33.7572 2.58856 30.9344 2.70296 24.0439 0.0274068 8.83829
5084.38 8.4357 25.5698 4.05865 13.3074 20.2005 19.0897 7.55697 16.0398 36.5543 0.0336512 11.3605
5126.57 24.3483 29.7157 0.69757 15.9012 13.1013 28.781 14.6789 2.80608 11.0485 0.0310364 9.89919
5160.16 3.71093 51.8799 10.8215 7.25381 6.18361 15.59 12.2124 21.5353 14.3397 0.00015103 9.02529
5098.85 3.73018 46.242 11.594 6.54323 11.4754 11.4823 13.9585 24.2063 1.97001 0.00015103 6.75106
5041.15 9.65637 52.511 17.9201 17.4148 7.22278 16.4707 9.96067 11.2203 4.05068 0.00015103 7.12697
5075.26 33.2743 9.96746 11.2667 17.4148 11.4195 29.38 5.08896 10.2127 7.43177 0.0292684 7.28737
5048.03 34.282 10.0213 6.76137 30.9592 19.2614 28.6269 30.6868 26.805 2.97505 0.195454 13.7348
4976.66 4.52284 9.98777 41.9182 47.1293 12.5842 23.2118 4.15001 15.9639 2.91312 0.149935 14.0075
4971.35 40.6611 9.55546 32.3076 23.3788 14.062 16.8117 9.99394 12.7559 9.9419 0.0151903 8.72029
4993.31 40.6259 10.7778 30.3056 30.0358 7.20075 11.6549 7.93628 16.0546 16.3031 0.135415 11.5903
5053.49 33.635 11.0824 21.0206 31.4297 11.467 6.01268 14.5026 7.89463 61.3973 0.113676 13.8537
5162.91 8.67062 10.8947 10.0449 47.2452 2.01291 8.82935 16.2931 5.9227 37.7092 0.254931 12.5003
5230.43 8.83315 4.34423 0.419034 29.4 19.2313 3.82602 40.5965 3.52657 10.2081 0.275962 12.3585
4989.08 18.9324 9.40179 30.6675 32.4238 13.0847 23.8548 1.7835 3.52657 11.8541 0.323453 13.0836
4949.69 44.9347 15.1816 23.1211 38.4364 5.64806 16.4281 9.60606 3.52657 39.4929 0.0482882 13.0264
5030.41 24.0915 13.5062 10.9513 20.2239 25.804 29.6338 7.31877 21.4995 3.0939 0.00459359 7.80959
5008.17 20.2929 59.5271 5.4664 17.6039 1.81404 22.3756 8.84298 3.81349 13.3435 0.177344 12.63
5076.35 10.9532 35.5206 16.0409 13.2829 27.8466 20.1206 13.7749 25.4904 17.5356 0.190777 12.2937
4980.94 14.7618 55.6821 19.9974 6.81257 34.6761 12.457 5.29701 2.54942 33.4586 0.00192043 11.4075
5056.56 32.0543 39.2553 18.5468 13.176 11.8216 4.81503 21.5877 25.1651 1.69396 0.0237685 13.7429
5062.62 6.34874 39.0856 18.0995 15.6603 7.0764 3.07493 22.7701 53.7523 38.6284 0.0175628 13.7008
5068.28 34.913 7.54679 4.747 5.63013 33.2646 12.5174 22.6939 11.3418 2.71632 0.000394457 7.66342
5077.31 7.65505 14.5208 15.0625 34.6606 13.3644 24.2277 1.37881 19.245 26.0837 0.000217842 7.40024
5190.59 16.5346 9.18979 5.27149 14.9503 13.8177 22.939 18.9838 17.5976 24.2033 0.000518661 6.78253
5019.74 25.7848 11.6449 27.2533 19.9531 22.9086 16.7515 0.332916 6.17126 2.24373 0.0265281 8.24317
5041.19 5.56074 8.527 57.3998 14.9021 15.6562 37.2181 4.67961 7.77231 14.9273 0.138886 12.4631
5042.86 16.8595 12.9179 33.7904 18.266 22.0152 32.3591 35.2998 6.5075 7.21894 0.0983422 12.5519
5050.36 23.4197 20.5222 26.6612 20.2238 8.78433 18.4051 28.9571 3.74371 44.2273 0.411199 15.5501
5038.57 15.3592 13.3775 24.6056 23.1694 5.55255 28.6992 19.1584 6.84722 38.3904 0.556071 15.6421
5178.13 18.4486 9.40798 28.4424 10.1231 22.5238 5.23803 13.7524 14.9793 12.6854 0.109242 10.2199
5083.68 13.1266 11.3721 24.3126 16.3818 27.0778 12.9506 19.2454 11.1837 15.3105 0.05655 7.82984
5143.9 10.156 29.3584 11.8987 33.5648 7.84923 2.06927 21.5916 61.7943 17.8292 0.00856981 13.3378
5062.66 3.85869 15.9767 12.4402 41.1677 8.00322 6.91817 31.9183 33.2708 3.6051 0.00817734 10.8122
5130.63 2.13628 23.5724 10.9242 28.0239 6.53216 3.70034 11.119 53.3068 2.91008 0.0527984 11.2985
5159.08 8.70202 8.35927 15.2637 25.0849 5.02899 13.9211 7.45251 43.0075 1.71445 0.242195 11.4821
5080.82 9.94727 11.8186 25.2834 26.6997 29.5155 15.6454 16.4393 22.7835 16.447 0.337886 13.1723
5156.33 18.9049 6.07458 10.7307 19.2555 5.8531 19.2058 27.6925 13.3209 5.92175 0.245257 10.3363
5193.79 6.33757 10.7287 30.8203 2.32243 10.1444 17.704 27.2751 3.99376 2.89817 0.0650152 8.04428
5156.75 6.23638 16.7425 8.94852 28.6018 5.45241 18.701 16.6014 20.5959 9.20973 0.19757 9.30811
5099.83 10.3315 7.73502 23.8155 32.8694 16.8615 29.3928 9.81887 18.3757 2.1948 0.194873 10.7775
4913.34 42.3361 29.7597 22.1128 10.1027 6.12364 19.2075 31.9065 23.1017 1.74825 0.0367594 12.323
4931.34 41.1175 37.4446 22.6132 10.792 6.57033 10.8002 2.38427 34.2135 16.0138 0.0133282 11.8493
4979.38 29.8913 34.7287 22.7929 10.8538 17.6056 12.6807 20.76 46.9029 3.63412 0.0425754 12.0904
5061.26 30.4791 2.64111 18.0826 13.8469 31.5414 9.93129 10.0833 13.9223 5.20805 0.0425754 8.07382
5106.3 8.41664 6.16926 22.9894 18.9573 43.1114 7.07188 1.67771 8.92091 1.6706 0.0786606 8.54938
5171.23 4.32333 20.61 25.2911 10.1 13.1176 5.068 22.8447 11.5372 1.68763 0.0630928 7.7433
5196.65 7.08594 9.41345 15.5619 12.2215 18.7719 12.5373 19.2044 12.5689 10.0598 0.126813 7.79076
5202.1 3.39289 25.195 4.65708 17.4366 15.1513 9.30958 34.7441 14.9315 38.4962 0.203134 12.8391
5184.47 4.27423 11.5803 6.46482 14.0606 18.3842 18.4568 47.0941 10.3408 20.4345 0.283765 12.2533
5084.65 4.29202 11.0462 15.4611 19.0614 22.4664 36.9301 40.1998 12.3344 3.77783 0.269882 13.6389
5133.6 5.59435 14.9384 11.0991 18.1672 17.2612 4.04653 18.6607 15.223 17.8141 0.258658 11.3073
5106.19 5.38562 31.8742 3.94931 23.9786 2.58306 4.53318 35.6965 8.07951 10.9112 0.0344412 10.0733
5099.52 4.30584 27.4184 1.26848 22.8534 2.89768 23.0104 31.7205 12.1432 1.74115 0.0424918 11.5702
5082.24 0.887656 40.0671 13.4754 20.9423 13.8465 9.08896 28.9462 8.68371 0.519809 0.165142 10.9105
5072.35 0.887656 43.2009 25.8254 10.203 9.25009 15.4837 17.1695 6.03211 2.49652 0.0734732 9.13991
4948.51 7.70489 36.9945 39.6349 11.8782 21.141 17.9315 9.88041 3.39254 2.1714 0.00111012 8.64447
5096.73 7.52276 19.6354 15.5728 24.589 13.6294 15.9327 8.88928 3.39254 0.605703 0.0427831 7.02106
5222.3 8.52045 6.9551 5.71 24.7 8.40638 13.1041 14.3509 3.50033 0.749371 0.0323199 6.89309
5167.64 2.87669 23.6974 14.774 22.5562 14.7158 10.9206 12.029 3.98382 12.0521 0.0232784 6.1458
5022.15 4.92285 31.8876 16.4695 27.1899 8.29531 27.2633 19.2723 8.15475 3.49379 0.0949144 9.78864
5096.23 3.62045 32.2903 14.2438 24.1826 8.73762 17.3765 1.4741 20.7159 8.34407 0.186451 9.97481
5130.26 8.77324 31.5632 4.14661 3.91774 40 9.53527 17.4599 12.4011 32.5874 0.331056 13.0897
5157.23 9.03818 19.9399 2.38661 15.8238 41.3473 18.8415 6.30566 16.8337 15.3791 0.358308 12.5071
5127.61 4.07068 6.52758 24.0049 21.5451 29.8963 23.9059 9.94508 10.0495 2.29587 0.093688 8.42475
5142.25 9.4651 12.1317 28.4936 22.4196 12.5384 15.1339 23.1379 26.6772 26.4328 0.0286674 9.61474
5099.41 1.03132 14.3578 19.6772 19.2852 6.70913 2.7242 48.5099 9.88453 23.617 0.0779609 14.7192
5225.02 2.61307 10.6283 15.4896 13.9399 8.64483 27.9889 63.7689 1.87433 6.18008 0.0469259 11.8246
5104.17 15.6036 24.7465 8.21462 14.8212 3.19333 27.2363 34.5262 5.08881 6.18008 0.0590345 9.14734
5162.37 24.9477 20.5333 1.78027 7.14082 34.5051 9.99481 5.71104 4.24265 11.732 0.0109546 8.18604
5141.95 4.06692 21.6477 5.80335 25.6804 9.19753 29.025 17.0912 7.97357 24.5123 0.030577 7.96832
5079.85 13.6851 26.4356 2.99898 31.8934 13.4606 11.4084 14.0748 18.6812 1.41523 0.0913885 8.85951
5177.54 2.23227 21.6818 7.56892 32.8491 23.6528 8.67155 1.07625 30.1862 28.5534 0.15785 12.7549
5086.12 18.7272 12.9293 20.4621 10.4879 27.5966 19.0639 16.2353 1.99911 31.1452 0.187808 10.7473
5067.9 4.60744 34.294 10.5491 16.8368 34.883 31.4775 34.5489 5.24547 20.6336 0.0287445 12.4569
4988.58 29.4206 18.4155 18.6521 2.99327 56.0759 4.9892 16.0893 10.5428 20.8468 0.0136251 10.5114
4966.29 56.6468 1.61255 27.5039 4.26982 42.8193 12.2575 12.0173 3.35624 27.9232 0.00358139 11.6779
5063.01 27.543 11.3848 27.6737 4.6441 7.08668 14.4804 48.4296 7.04743 52.3314 0.00358139 12.2699
5231.91 1.38287 10.3663 30.8626 9.68761 11.1226 9.18992 5.40187 25.4076 60.9296 0.00349197 11.0424
5256.44 1.38287 9.94493 10.9596 22.3475 22.2755 13.077 4.39367 46.1396 1.03445 0.00145463 8.68423
5132.26 1.0254 10.5109 22.0678 21.4765 24.5128 61.3271 1.47515 41.2737 19.6418 0.0532578 16.61
4979.26 25.3876 13.8256 13.0204 24.0507 40.4316 40.418 7.07573 55.6879 1.98818 0.0650104 16.881
4915.25 73.7341 13.9114 0.801568 19.8474 23.3221 12.5402 7.34259 51.1836 9.5841 0.00698267 14.3445
4919.72 29.1634 19.3831 49.1894 4.40266 33.3912 11.3834 6.01418 45.0895 1.89047 0.00855576 12.834
4941.55 11.7367 21.4387 50.5027 4.53355 38.3697 11.3285 2.71093 40.9149 12.5606 0.00833686 13.326
5063.94 17.118 23.0044 31.4014 4.40403 21.7188 5.11834 11.8443 13.7957 5.78012 0.139586 9.18397
5166 30.9776 2.06824 22.7083 9.18452 13.5103 14.9836 10.1699 6.21514 4.86487 0.138272 9.64843
5202.54 21.5033 3.32549 8.52254 15.4875 3.56119 11.4123 37.6176 5.98092 8.59278 0.0430758 9.40478
5195.37 16.8212 14.2516 5.77301 15.5054 23.1774 6.55843 19.1485 6.26815 21.5391 0.00550481 6.92484
5049.63 50.3638 14.707 8.84394 7.05546 23.7872 13.7904 27.9977 15.2287 30.7457 0.466661 16.1856
5090 28.1364 19.1697 8.17381 17.0888 0.923037 19.2727 55.214 15.2458 15.4273 0.546862 16.8906
4877.58 38.6363 46.3546 15.8562 18.8962 10.5038 27.941 33.8804 7.28377 35.8492 0.248002 17.8311
4930.36 25.4744 44.5114 22.4363 12.1207 14.6923 25.1236 33.8804 15.3942 43.9554 0.186029 16.828
5031.71 2.76795 42.04 24.9364 16.1272 4.67991 17.9666 15.3689 15.9845 15.8319 0.143363 10.9187
5036.32 21.2977 37.1612 23.1883 5.13451 3.86548 22.997 13.9906 5.88947 23.9565 0.040493 9.71626
5006.94 13.3921 7.34331 35.5542 23.5756 25.6553 22.0076 4.42055 4.88982 28.3309 0.0276853 10.3513
5112.98 28.0868 7.34331 6.7696 13.8283 10.6857 26.4975 4.46552 7.96181 23.9201 0.00772039 7.95916
5063.09 26.5447 22.6421 11.5913 16.0203 5.53344 20.548 49.7407 5.17342 29.4794 0.0300343 11.3168
5039.71 25.8212 35.6078 8.63784 6.17563 9.53905 19.6 14.8146 26.6761 14.884 0.0218485 9.63763
5039.2 5.70596 24.6111 34.6698 9.62195 9.15071 26.174 20.4464 20.4296 3.47562 0.00723026 8.40922
5089.03 8.595 25.6911 23.3002 26.3445 8.54729 25.825 19.718 21.4407 8.41589 0.0280061 8.91797
5035.42 30.1968 7.9801 28.6599 28.0519 7.3567 8.46056 19.9098 6.36409 31.1858 0.00897514 8.7409
5103.67 41.872 4.37442 1.02807 31.0969 13.163 17.914 18.2575 5.62186 22.0117 0.0581281 10.9919
5080.46 27.0906 14.3874 28.0937 18.4455 8.2455 7.58485 17.6513 18.5984 18.4219 0.00600607 7.98881
5005.78 23.2419 30.5311 13.1935 24.0779 8.94372 29.2324 8.56035 22.066 19.3745 0.0017064 7.99278
5091.48 8.48203 33.4103 13.5009 14.2779 18.8253 19.0611 14.8505 12.1929 19.0902 0.110364 8.88105
5089.33 13.6255 24.4604 1.03441 16.5454 15.9128 21.1405 9.48653 11.6619 10.4822 0.0445279 9.13654
5099.25 16.6887 28.4982 5.3736 20.614 23.0648 22.988 36.1085 13.5187 24.605 0.045003 11.5971
5119.26 17.1536 19.8595 13.0819 12.5321 26.9839 25.2519 10.2707 12.6877 8.84899 0.000506611 5.64371
5142.72 24.5656 9.05127 12.4675 12.9835 20.9041 8.95482 10.6855 22.6754 9.66908 0.000506611 5.64177
5138.87 11.2026 17.0001 7.02547 38.8878 12.1267 2.6111 7.87926 25.7162 13.6152 0.000506611 6.38836
5034.27 24.5202 7.9796 5.9429 36.8374 3.69107 64.2322 15.4804 8.43001 17.976 0.0204827 12.6964
5047.24 25.7959 22.1606 4.62946 30.4914 0.10251 12.8004 3.08896 6.17201 19.712 0.013474 10.4064
5030.96 12.5539 38.698 4.81386 26.7933 3.40343 45.2469 10.8462 9.21075 63.4513 0.0417717 14.1321
5102.82 20.7092 43.4359 7.7004 13.1986 0.711175 28.8793 14.3233 4.33373 9.45081 0.0887015 11.8931
4935.06 29.7582 34.4628 27.9354 7.08731 13.1622 19.9867 17.0719 20.5256 6.41217 0.0190885 9.88603
5069.23 32.8179 2.2147 24.723 23.9933 4.63105 17.9633 17.0033 22.1032 2.45347 0.00478839 7.77352
4887.37 51.6287 29.6938 18.7159 24.1753 1.43057 27.9041 18.5148 18.2197 6.95791 0.199013 14.8485
5063.05 14.1496 11.7278 17.4018 34.3402 22.8801 12.6155 18.6374 33.9563 4.35756 0.20218 11.4706
5085.18 28.8326 5.14068 16.3282 8.40879 10.9836 60.135 11.6889 8.70108 5.7577 0.0182804 9.87011
5066.68 10.0316 4.83579 41.3918 7.65312 23.092 39.7068 8.16498 28.5323 13.74 0.136951 12.1781
5028.36 25.6071 1.50769 13.5577 7.2656 32.9236 42.9746 30.2918 20.1698 27.8628 0.111116 17.728
5191.63 10.1731 0.808445 18.0777 6.78884 14.827 24.4619 23.5983 10.2613 6.20215 0.0770192 9.14852
5145.09 28.4162 4.77008 8.62452 0.46135 51.7271 30.378 3.90717 2.06878 6.10665 0.0515293 12.2898
5203.61 19.835 4.08818 12.0438 25.1735 15.6205 10.9026 5.77658 11.3524 2.3594 0.0367984 7.70273
5070.02 22.2675 32.5383 20.0846 22.1262 9.27075 4.13612 15.7501 6.96615 20.3027 0.00726937 9.08673
5014.81 1.6948 39.383 33.5567 7.18003 9.29972 7.9209 19.0703 10.9842 27.9239 0.0898321 12.3952
5191.14 4.92681 1.0605 35.6244 3.74756 14.4568 10.2917 6.29738 10.2342 17.3777 0.0791574 9.00487
5113.53 6.75867 27.392 15.4648 9.14743 17.0458 29.139 3.88077 16.6086 16.4027 0.0516992 7.95458
5077.33 6.30178 25.5166 13.0239 13.4227 36.3889 5.36386 7.35708 13.9995 31.7141 0.149575 10.8006
5201.42 10.8255 1.70398 11.2769 3.582 27.5824 16.3708 22.6898 2.10833 41.8779 0.248785 13.2141
5225.84 0.735962 0.395456 16.8866 4.25921 10.9125 8.8937 25.1104 11.7715 41.5213 0.59311 16.0631
5068.19 22.1892 4.20159 16.6585 53.2587 6.01528 15.5405 20.4315 23.0584 0.522968 0.39951 14.8046
5087.53 18.4063 21.7052 0.83056 27.2389 11.7085 22.1559 25.9962 27.3742 7.97537 0.462383 14.3848
5133.15 31.3148 8.44463 2.1345 42.6457 0.867572 27.4698 19.3665 7.33889 10.6537 0.522264 15.7348
5086.76 18.6586 9.77665 16.6224 21.8284 2.85947 35.7208 16.5617 32.4787 19.3324 0.0812854 11.204
5046.31 14.8825 36.0276 6.84121 40.0292 9.40909 7.46229 9.23695 23.2052 17.1904 0.0436414 9.85045
5013.38 18.4244 33.0945 6.84121 37.3184 17.1083 4.26987 10.1823 17.0817 20.4548 0.0492109 9.73881
5126.49 3.22499 7.4667 36.5825 33.0832 9.399 10.9675 16.6107 7.87136 8.0099 0.0287939 7.61272
5099.76 3.22499 7.89861 38.3569 35.3314 1.39186 10.5857 26.1051 8.33045 23.9163 0.0643191 10.6036
5148.97 15.5212 25.0996 14.2919 14.5827 19.2963 7.55089 25.5835 9.33785 22.9392 0.160503 11.0512
5099.73 11.793 22.0258 13.5345 12.193 25.2729 8.80137 57.9166 7.52571 10.4824 0.170115 11.6962
5127.29 10.4459 16.0911 7.62049 19.1951 31.4393 9.76882 2.40604 20.4595 4.96366 0.0272901 6.94712
5171.42 10.1894 15.8317 1.44283 29.7341 12.5858 50.6098 0.220432 3.36181 6.33741 0.0673536 11.2672
5056.76 11.097 18.3036 5.3894 53.051 4.20771 32.4833 5.83095 16.4733 10.6662 0.0985144 10.4677
5065.45 12.1313 18.0936 6.40516 26.6885 19.3446 18.934 42.1353 13.9225 9.81796 0.000504668 8.27539
5125.11 2.85108 30.6744 7.82521 21.9186 24.768 12.3385 17.6968 5.6957 16.1184 0.000504668 5.46523
5100.12 5.94218 42.1556 32.0402 11.3506 17.9266 1.93943 22.7229 4.65262 32.3117 0.0157065 12.869
5095.54 5.37567 24.781 19.4529 22.3156 11.6145 6.74727 10.7711 1.87892 16.0915 0.0144121 6.62869
5003.93 19.659 19.2634 26.8629 24.176 18.9058 39.8885 11.8148 8.79142 26.4165 0.0144121 10.9059
5175.13 1.41364 1.58619 29.8012 8.39052 16.2865 26.0408 30.4154 0.779907 22.6708 0.0185704 9.85469
5245.31 3.07651 5.81316 12.6034 21.8429 17.0154 10.4068 8.08472 17.3623 27.937 0.00391997 6.72741
5219.06 11.97 7.20565 5.31286 16.2384 43.2 10.3674 24.049 21.3721 15.9666 0.0311652 10.4277
5180.32 3.51271 27.5864 6.11661 3.90096 38.0719 7.07959 6.29554 25.7588 24.7464 0.0378377 9.41953
5156.8 22.074 0.628416 14.3206 9.66162 4.05219 35.4313 11.5802 23.3758 3.62014 0.00840779 9.23524
5214.23 3.93796 7.88538 10.477 19.2099 36.4248 9.22616 12.5622 1.67041 20.9452 0.00433062 6.42053
5181.18 1.04359 27.7686 3.79322 25.3819 19.7959 9.91994 13.2976 7.66446 11.3752 0.00280931 5.92045
5102.54 5.09834 31.7239 4.48984 17.696 6.96548 18.864 20.5391 4.86038 22.771 0.00280931 8.0273
5099.04 13.3709 11.7193 19.1726 23.9182 14.493 10.8315 23.3677 4.00549 7.72059 0.097025 7.69112
5118.32 3.76089 16.0386 29.9747 11.0174 31.3563 3.62221 29.9652 6.95003 10.2129 0.178367 9.87051
5102.45 6.29296 19.6012 18.5076 7.16878 40.3579 8.18409 22.6215 14.6264 7.90065 0.163618 9.57018
5228.83 6.69679 2.13034 20.7336 23.9168 17.8369 13.0411 9.74745 6.83602 4.0493 0.0324277 6.83957
5184.36 8.70894 8.59585 20.2933 24.0991 13.7352 0.35186 12.4231 18.8636 9.44524 0.00763264 7.05334
5207.96 4.24286 3.16733 3.52421 32.2541 14.935 6.99154 39.2646 3.51572 35.7647 0.00285227 9.23133
5201.8 2.66503 14.8555 8.47042 34.4136 0.838547 2.00318 64.5932 20.0757 9.48572 0.00426806 11.274
5119.13 7.60769 14.6158 3.34998 52.592 4.44215 2.51239 33.189 15.0709 10.3673 0.000764365 7.76954
5093.61 31.9762 4.95978 16.1863 29.9493 18.7046 9.75249 5.68533 23.0697 0.634288 0.0207285 8.90295
5019.51 18.2701 15.3176 17.9324 26.0657 9.88258 11.4942 4.10652 7.04208 4.582 0.0292389 8.99257
4987.2 32.1744 9.87603 12.7673 30.2134 27.8907 14.4907 6.99437 14.8121 1.69315 0.00166815 7.37818
4962.77 46.6071 9.93995 10.9903 32.398 22.789 20.2307 3.37685 4.07848 2.94379 0.0254646 9.05299
5240.28 12.7868 4.08532 1.10999 30.0749 28.0301 3.54729 15.6938 10.8153 18.6022 0.0805084 10.4187
5160.49 7.14857 5.95833 19.4605 13.0676 7.07701 16.3874 9.52935 17.5763 24.5253 0.0796753 10.3204
5061 5.15313 11.4691 33.432 29.216 11.9496 4.11281 31.572 1.37291 10.2905 0.0148963 8.65251
5093.59 8.50673 6.1667 22.4213 25.8884 12.6491 28.2089 3.00812 3.22663 13.3886 0.012613 7.12275
5136 3.08536 27.5077 4.01943 21.3317 25.3435 7.9159 7.59495 5.93611 36.1248 0.0543431 9.01964
5230.47 5.82865 12.3133 4.16531 19.6675 35.5697 0.839651 32.3619 2.27453 29.1037 0.0670423 11.3731
5201.77 5.36375 9.56086 17.8212 12.0298 33.2152 6.96091 3.74099 3.6665 7.39775 0.100625 7.30527
5148.16 13.9428 7.27426 12.438 12.2054 21.7336 27.1968 5.43477 13.6889 2.68297 0.156945 8.61316
5195.81 12.0718 20.6202 4.07873 6.71508 23.2318 9.65343 27.5167 32.5722 24.5686 0.0884865 11.3971
5165.54 8.48394 13.6459 4.37857 11.2499 17.9898 7.78338 36.4542 6.29558 6.62306 0.208683 11.0272
5165.54 3.51946 24.5093 6.43921 19.3936 15.0468 6.03464 5.59861 17.4959 13.1686 0.250269 10.2088
4976.45 13.6186 24.2127 27.4908 24.6027 13.4625 15.8246 19.3575 10.7409 14.9538 0.407789 14.0981
4943.18 34.6776 25.5341 39.0952 5.38887 3.22549 25.3805 11.3634 11.6792 10.2856 0.163445 12.4593
4962.13 23.3828 5.24278 60.0523 16.4931 4.61809 29.1193 11.9431 6.57059 0.440973 0.0965239 12.4995
4982.41 16.0978 25.7629 42.8712 12.284 6.9887 13.7109 17.3054 12.6378 2.71358 0.0463831 9.46119
4906.16 3.39027 47.0863 42.8712 23.9238 21.5888 7.30305 15.1332 10.6197 21.7942 0.031292 14.3695
5231.04 6.23334 9.76687 11.8968 48.2514 6.74166 16.5865 16.0215 6.38907 18.0344 0.0362277 12.5541
5030.13 19.7909 9.0235 14.1045 40.6049 9.83842 30.3352 4.1837 4.7173 12.1403 0.119355 9.88391
4962.98 30.0363 31.3633 13.0342 23.7399 27.8804 2.13135 12.012 6.11947 15.4407 0.044015 9.65017
5011.79 15.54 14.9861 54.4038 7.04093 23.5739 5.62275 7.36985 3.08106 4.49369 0.0508179 9.06931
5146.06 5.03957 6.0561 36.0538 8.30992 26.772 6.94383 9.63898 22.198 6.37454 0.0614013 7.69504
5076.47 13.2199 7.85751 38.7627 6.66539 26.8591 5.86645 35.5302 30.143 1.00354 0.0225512 10.0414
5086.94 34.0253 1.77483 28.4454 6.58497 12.6375 19.1946 27.2132 34.7591 7.84282 0.0652379 11.2316
5076.79 39.0862 1.77483 17.5151 20.2795 9.80993 26.2963 8.82459 61.3057 28.5236 0.0198115 13.4504
4992.86 29.7497 16.8838 41.4777 17.7342 19.2082 2.90169 27.0116 23.1801 15.1954 0.0193728 11.5649
5118.59 13.1932 10.9081 21.3124 24.7291 22.0608 3.27197 25.5671 16.6764 26.6162 0.0190929 8.41309
5072.34 38.8487 25.0544 8.68788 5.29449 8.02427 25.0092 12.9726 27.1445 6.76764 0.0922199 11.2366
5054.92 27.0499 23.4831 12.7896 24.2971 19.2271 13.4443 24.7062 35.3755 6.76764 0.0343111 10.6042
5012.86 28.1209 19.6187 16.5013 16.1505 11.4418 19.6713 19.0235 23.9057 15.0645 0.0379015 9.54246
5101.41 4.63834 11.6016 33.2759 15.4893 6.64475 32.8041 17.4687 35.3197 10.0219 0.0129992 9.04598
5087.1 21.851 14.8728 10.6225 14.5385 26.3613 20.3761 1.31592 19.7648 2.79702 0.0638022 8.36248
5119.86 18.5122 13.7907 5.29427 14.0511 37.7692 19.8232 3.37461 12.6229 10.0286 0.0689808 8.18119
5053.49 18.372 5.75123 22.0434 21.7291 24.3436 24.4079 22.4373 9.06722 8.2399 0.0860239 9.37933
5032.84 20.5351 32.7818 6.05361 18.4371 24.3329 2.75505 32.2962 2.44444 3.45043 0.0516737 9.16881
5077.4 16.8706 15.2947 15.1931 25.4087 19.4183 19.3521 41.1476 2.59179 11.1484 0.0750803 9.86636
5137.6 10.5642 5.87637 10.4172 36.5221 27.3168 6.99502 30.5628 20.7146 14.9802 0.0762799 9.9723
5186.89 10.1537 3.17531 2.78331 39.1642 17.9247 12.2829 24.9788 22.2393 3.29207 0.125808 9.90037
5156.76 12.0836 26.0936 3.40631 19.5302 4.21384 10.0975 32.6849 6.43179 25.3145 0.0144144 8.71768
4941.5 19.3099 24.1559 20.713 24.7585 10.0272 3.99844 38.2895 1.91978 20.39 0.0767914 15.2826
5229.13 15.1403 4.93886 14.6365 5.42438 8.3536 14.4509 8.23104 26.0806 8.72407 0.079741 9.55871
5017.89 6.61574 54.5066 28.9629 9.07701 20.0016 3.96704 3.30151 9.38329 2.65505 0.0557487 10.7603
5049.58 9.27252 54.5066 7.92498 3.0096 17.5497 44.1027 3.79769 2.13857 6.35557 0.0507885 10.7114
5049.58 8.83898 42.3942 7.75804 17.5636 16.512 22.7894 3.79769 19.8575 10.2688 0.0418115 8.37847
4966.82 30.5633 15.9257 2.8198 49.4021 14.6963 8.31009 3.56662 46.5682 15.6855 0.00572204 12.03
5109.36 16.4029 10.563 8.67902 46.6852 28.2901 5.79196 18.8512 24.7581 14.4 0.0640246 11.817
5117.94 23.995 13.9728 5.23967 45.7986 10.4724 3.28951 39.9676 14.2521 8.207 0.000521237 9.67196
5047.37 21.6344 18.9008 5.52356 36.6253 15.4482 18.065 20.6531 26.5964 4.86083 0.00514031 7.88595
5125.64 3.98235 25.3807 13.0613 16.9629 25.8555 18.6313 8.07125 24.8274 2.96402 0.0196527 6.97873
5097.04 8.68962 36.2461 15.4995 23.7525 2.18167 31.053 2.40313 11.728 50.8796 0.0240937 11.7251
5039.62 2.50832 30.7579 18.3796 29.0119 6.78248 35.0003 22.8858 5.7692 30.6493 0.0243515 10.8419
5038.14 14.4241 25.8238 3.42749 41.8382 16.9289 8.82177 13.6307 5.03919 33.2642 0.0320974 9.58415
4963.71 36.8698 20.1068 10.0805 39.1155 8.44866 8.84823 10.7387 8.19828 34.4133 0.0320974 10.6358
4999.4 18.4308 49.0605 4.08689 23.546 4.54955 17.7047 5.40057 36.1579 46.3373 0.0238214 13.4977
4994.41 30.8876 15.3061 9.05704 31.2366 19.3707 24.3144 6.56596 10.2232 25.1399 0.00983742 8.65222
5094.95 23.4285 14.3405 19.2533 19.3297 43.5738 6.53206 0.289247 33.317 9.12264 0.0135356 12.0931
5109.29 17.9513 19.3925 24.2668 10.7352 16.4328 8.69494 5.0917 33.2799 26.8 0.0134326 8.82033
5085.49 12.5994 8.48065 28.6272 22.1937 19.056 14.0009 9.45473 17.8612 14.7009 0.0162715 6.80602
5067.12 11.6023 17.9819 19.1719 23.3601 12.7632 24.282 11.2893 2.73075 13.2941 0.0104476 6.33994
5211.83 11.1305 13.1184 15.4152 16.9593 5.44233 3.48162 17.6478 11.9846 11.0373 0.00806331 6.72291
5200.94 10.7675 4.23575 10.6424 29.8133 14.8704 10.7998 9.97323 60.0528 19.1179 0.00187035 9.39129
5126.48 9.21849 27.9367 22.3025 8.39985 10.3243 20.833 10.8005 55.5459 10.7837 0.00553827 9.30716
5046.35 10.0494 25.7606 4.67687 46.3581 19.7604 31.556 32.7317 17.8374 11.819 0.00563153 12.2331
5092.22 7.16156 17.9887 16.3146 23.0236 33.3008 35.175 47.5252 18.7405 14.3997 0.001017 13.5959
5073.87 12.3072 17.8998 10.4024 24.0167 8.68861 31.0287 11.1201 2.56059 10.9815 0.0211578 7.55968
5127.99 10.8662 22.3999 20.4295 30.9255 15.7097 20.8494 23.2736 18.8367 19.4864 0.00596483 11.206
5192.64 6.56339 21.2279 18.7407 6.19174 15.5946 16.2997 14.5448 23.5764 16.4446 0.0303482 7.91643
5174.82 10.5446 9.48865 8.47672 9.48142 19.5708 29.8326 19.7382 7.14489 16.5769 0.0188353 7.42986
5156.62 13.4305 16.3042 14.6075 7.0226 23.5217 16.3751 4.89871 4.86925 45.7476 0.0760673 9.74997
5181.71 2.83346 16.4797 9.49162 35.9035 3.25305 13.1649 23.3752 2.54557 21.0861 0.033049 7.9769
5139.9 9.1593 1.58824 25.8783 27.0192 2.70455 23.2908 26.115 13.0307 5.49179 0.0575568 8.68712
5172.98 7.6332 5.2981 25.2237 19.9215 11.0152 14.2401 15.3178 33.5176 9.95135 0.044504 8.05307
5132.49 6.54149 10.5739 16.4021 11.448 24.1629 33.5948 6.76836 11.6296 33.0955 0.0590289 9.60381
4967.05 21.538 42.6561 3.52265 33.9863 26.2151 0.550511 5.04643 9.88174 10.8375 0.121322 12.0838
5028.77 22.3033 25.1047 5.80595 18.7916 45.3251 2.27892 30.3202 17.0247 4.61567 0.141855 11.9047
5067.9 13.9567 25.4174 19.7584 16.2648 12.9491 10.535 4.00882 57.0975 4.43706 0.0769424 11.1209
5146.09 3.40542 29.8475 3.68957 19.2788 29.2754 16.6465 3.03473 14.5328 8.6712 0.0455961 7.63248
5083.47 11.8287 40.7988 7.87896 20.7325 12.5586 9.15579 6.98059 23.6298 9.45601 0.0395256 8.32174
5053.3 2.39897 50.7498 9.03617 14.7433 23.1931 4.07765 21.6614 2.20978 55.3378 0.0788289 13.1962
5117.41 30.9506 11.3357 8.6684 8.51289 19.2465 7.81625 10.064 46.9436 2.47647 0.0331028 10.3369
5153.43 27.8327 7.20194 0.468406 8.2723 41.8656 11.5236 10.9094 2.52791 12.2635 0.0398592 9.39066
5287.79 2.77273 8.66395 7.88745 34.7969 2.0669 27.0537 11.7009 2.39295 11.1556 0.130138 12.2598
5231.42 2.77273 8.39525 4.2077 23.6593 12.8099 32.44 11.8619 6.53288 15.2376 0.106877 8.52993
5238.79 4.3231 14.4302 2.91233 8.83897 28.845 22.702 3.62978 30.7712 9.63545 0.0126186 8.08885
5226.79 10.0941 4.77803 2.91233 24.2185 19.1827 9.74801 7.70805 25.8779 23.9662 0.0377126 8.8313
5226.79 5.33881 4.77803 12.2859 20.5576 9.06877 10.5109 36.0329 5.11747 23.0279 0.00970429 7.62728
5223.59 5.33881 4.76529 8.63299 27.1055 20.2877 3.09327 24.3572 1.73003 15.2221 0.0161618 6.96681
5175.23 2.86893 12.5662 13.5573 19.7593 17.3348 5.90102 17.6572 19.0523 24.7825 0.00253362 6.86364
5197.95 2.36454 6.30914 42.5282 14.0751 15.2932 20.3153 6.19801 19.2978 5.43599 0.000121306 6.9791
5169.91 11.0848 5.56355 30.6801 3.13551 13.181 10.1325 15.8087 27.0002 3.84883 0.000121306 6.0787
5169.91 4.71698 9.66327 27.6038 1.62045 10.69 15.3874 24.2657 11.5164 0.865899 0.0155715 8.30635
4836.05 89.7702 9.94346 17.8131 4.99559 13.0744 16.427 40.6436 7.49667 0.68792 0.0266012 15.1961
4977.85 37.3478 11.1096 45.0995 13.9382 13.9288 13.4584 24.5326 9.16657 2.72698 0.0765711 11.1119
5043.72 28.0761 16.6815 8.31324 25.5593 17.6051 23.2284 8.56086 20.9668 0.321392 0.150428 10.6808
5141.65 7.62472 7.43169 13.2395 32.8015 23.8464 17.8044 6.5498 23.5106 8.21831 0.0158122 6.85836
5124.17 5.01308 23.1453 7.79059 37.8261 1.8632 12.0264 4.55632 32.2602 10.6035 0.0153635 8.43373
5127.1 2.57838 26.6829 14.2527 26.9442 12.7652 17.6435 2.49008 12.4059 11.1342 0.00984229 6.12943
5066.59 4.3406 30.5722 11.8289 31.1866 22.5865 19.2438 7.68344 2.08057 0.562423 0.00171128 6.69713
5125.87 1.32044 34.1331 6.90125 22.4769 24.4928 9.52164 41.9403 4.21348 12.0887 0.0987632 10.7806
5235.37 4.68947 7.06191 14.542 16.3498 15.7109 3.56348 44.4087 6.10057 3.87597 0.0998893 9.1506
5156.8 4.48363 42.26 6.49142 10.4991 7.53859 37.1965 2.64329 4.04421 24.6745 0.0704235 10.5506
5170.31 2.40558 21.5114 12.6137 20.9848 2.67138 20.3989 6.10443 4.31018 5.25059 0.131801 8.24171
5192.21 7.7375 17.0065 1.00644 14.8284 7.59293 39.7395 16.7796 10.7836 12.6472 0.0170369 8.31588
5272.31 4.27357 4.17191 8.46028 32.9425 4.49648 11.3981 32.7682 10.5472 5.59108 0.00783565 7.83344
5064.51 1.88496 8.21664 30.5542 19.5575 27.9657 9.74424 14.4502 1.74569 6.28433 0.0692908 9.96068
5175.29 0.977118 30.3478 29.905 1.43193 4.99714 5.98999 26.4915 19.986 20.4035 0.0861999 11.9616
5081.32 4.94305 28.4807 29.1481 5.99145 14.8262 2.89649 5.13443 54.1773 26.5808 0.192469 14.5615
5041.99 6.12553 19.6255 13.1805 30.6221 26.7585 12.8651 7.72647 32.4177 3.06898 0.0345626 9.90293
5091.11 5.73782 28.1243 20.0584 37.8982 8.35536 18.994 18.5576 8.0748 16.4202 0.0541268 10.1411
5058.98 5.73782 31.2824 4.31792 17.5885 22.0526 1.70739 36.2977 8.0748 8.64906 0.0939635 11.978
5028.22 27.8183 47.6646 6.74942 11.4446 18.2613 13.7669 10.6009 27.1529 11.9713 0.0362661 11.2189
5172.76 4.57535 15.3332 10.825 3.66502 55.3693 20.6633 8.42877 34.0472 2.42225 0.020676 10.5841
5045.52 14.4271 19.0984 16.9389 6.66109 48.415 11.9027 6.0484 19.6103 7.8333 0.0977109 9.94841
5105.38 7.43063 12.8843 20.1347 35.3004 6.02143 3.48269 11.6884 19.0607 0.0326878 0.0487776 10.0738
5167.65 25.1867 3.80829 2.44784 21.8761 20.4321 4.33513 3.51138 17.9731 3.85752 0.187265 10.6464
5187.41 20.8803 4.63597 14.6947 18.9444 17.0609 9.00394 2.47055 9.65172 9.66476 0.0515189 7.5304
5181.27 11.7154 2.92788 16.758 6.51242 37.4834 13.8524 1.51503 4.7099 13.7383 0.071736 8.03641
5124.71 10.8256 21.5678 9.3736 13.9218 13.3494 22.6968 1.35324 59.7109 48.6879 0.186838 15.8705
5080.32 14.0331 38.3369 4.19737 33.9066 3.131 16.5166 1.29969 27.5811 13.4563 0.201091 12.4173
5163.28 2.14318 42.8743 4.19737 1.44916 24.2859 18.0998 1.15381 16.7396 56.5066 0.167741 15.1807
5134.57 0.693326 19.6569 10.6913 45.5955 16.9643 23.8292 4.16525 8.27128 6.3171 0.0468353 9.54885
5091.35 19.514 17.5347 18.9324 12.0142 26.8759 23.8261 8.62226 6.05794 7.23323 8.26655e-05 4.82418
5123.06 18.8418 7.54235 23.9185 16.6031 13.5772 29.276 24.5994 9.69819 13.2074 0.0385154 8.27284
5082.8 9.76043 26.7889 22.8545 29.3051 4.95443 3.31897 7.39955 6.92982 3.17095 0.126376 9.03013
5091.88 2.14036 34.7484 10.9771 17.198 11.6868 52.527 5.26879 5.52045 20.2734 0.205373 12.192
4888.86 38.1472 33.1005 16.5238 8.12028 22.098 18.4278 35.5805 8.54906 6.55043 0.0381481 12.5058
5011.27 22.1621 33.3154 18.3357 17.8973 19.8978 8.14523 9.15399 39.5955 9.465 0.0155368 9.37156
5064.84 4.97563 41.7305 18.8924 11.2861 34.1698 0.933138 13.3255 40.3898 10.6507 0.00492983 10.1113
5140.95 10.1543 13.9277 28.5383 4.06271 7.65553 29.0274 7.04208 9.88998 48.1143 0.0255221 9.7341
5141.34 4.22923 21.973 30.0389 3.52855 15.9199 12.3494 12.5919 13.5019 18.9173 0.00528497 6.41101
5088.65 6.52743 21.9628 41.4095 3.76184 11.3349 29.1202 19.0872 17.672 4.10433 0.00623544 7.73026
5139.23 6.79678 11.239 41.4095 12.6122 9.26163 18.4148 4.84459 25.691 9.54228 0.0790993 8.79473
5175.78 1.43498 11.497 31.2071 10.3161 8.56812 6.73399 14.2163 19.9795 17.8976 0.00223083 6.91085
5207.74 6.74012 4.98374 4.1658 11.8438 13.6588 34.1898 24.1947 24.8261 17.9133 0.00076895 9.06654
5136.03 4.83698 7.30849 31.2181 13.1051 30.9536 14.6627 12.619 4.98452 14.4192 0.00076895 5.21111
5119.05 6.10568 26.4805 18.3702 13.9379 13.982 14.8704 12.3512 2.71783 19.4222 0.00076895 5.08428
5121.37 3.01384 1.07625 20.6993 32.2219 2.76574 8.62398 35.4629 3.02286 7.26715 0.00076895 10.1207
5170.78 4.85143 9.12119 7.85016 28.2641 27.1057 33.437 2.51524 1.84934 17.2036 0.000699536 6.68247
4978.2 12.0499 43.1645 7.85016 40.8417 25.6801 19.8175 13.0199 9.62524 15.3008 0.000699536 10.2967
4970.8 9.60454 33.087 17.4572 32.6462 25.3488 38.2725 10.4191 33.4783 13.7031 0.000699536 12.4715
5091.38 8.40745 10.5923 10.3945 40.3032 24.8967 44.465 16.0315 34.5135 17.0794 0.000699536 12.4116
5096.27 24.9505 4.11568 12.1432 43.8354 3.20729 17.4755 11.0633 50.5794 32.6659 0.16607 14.4821
5151.61 22.7122 5.3794 8.33833 41.5743 7.96256 40.9791 5.37809 12.9627 42.2717 0.140881 15.4833
5135.65 6.45131 9.3436 15.5214 39.2495 12.3136 11.5161 69.6309 18.7829 11.5782 0.0658212 13.5624
5243.42 4.01624 5.23338 12.0799 16.1811 11.0332 39.0083 2.62797 11.4141 8.24961 0.177878 9.37492
5217.87 14.5024 0.962705 18.7581 18.4339 14.0329 27.1468 10.2511 11.0452 5.34689 0.165434 10.037
5158.91 13.3076 15.1428 20.1302 5.06637 16.6765 16.8901 10.0469 36.072 16.7921 0.00140316 7.10804
5102.5 12.6574 8.06435 41.6336 7.04606 6.62143 6.04307 15.3486 19.1782 14.1727 0.00941668 7.8786
5199.91 11.9996 12.3515 22.3503 5.52739 5.70469 10.8915 13.0108 27.1321 9.46313 0.00553758 7.31193
5191.17 8.04427 7.57538 3.96493 35.056 9.53387 14.7676 13.2433 32.5698 15.802 0.0312172 8.40275
5192.26 2.94121 8.32639 6.04598 44.6259 17.1761 7.39209 12.8127 42.7466 11.9328 0.0379669 9.85532
5160.23 6.67938 8.31108 4.39238 31.0317 25.8714 8.77763 27.7248 33.9277 2.29886 0.029219 9.10854
5121.65 17.7375 5.73202 23.3757 23.5414 18.4511 3.42058 3.71981 17.8047 4.51083 0.0990116 8.26869
5139.26 9.70056 1.4325 28.0253 20.5093 10.6052 14.137 20.0989 25.1893 1.16784 0.051587 8.83717
5194.28 7.77048 12.0034 16.3494 16.4588 8.70472 35.5614 15.1529 23.2558 10.5704 0.0368902 8.17676
5203.99 9.53526 8.72212 4.90972 22.6136 24.1305 10.7134 13.1828 8.74779 14.0226 0.0222695 6.2036
5217.3 9.95369 13.8504 10.6559 1.83601 21.7712 32.0498 4.69927 7.61151 23.3135 0.141371 10.1373
5208.82 5.98612 5.20163 16.5516 14.9544 11.3758 48.5883 20.6631 17.0051 29.4857 0.000259406 8.90497
5253.65 6.36621 8.18664 13.1887 4.3925 22.818 36.4366 5.21337 3.82808 8.54195 0.00409654 6.73471
5245.08 4.84472 8.18664 19.898 4.73106 21.3716 16.5702 3.09698 4.58912 5.83625 0.0267535 6.30498
5236.27 0.905656 17.1773 2.31754 19.9278 22.4376 19.5714 15.4858 12.5067 20.8459 0.0220926 8.32097
5169.47 9.9444 3.02474 17.3626 21.7526 24.0212 19.6132 8.98578 7.71889 14.3354 0.0268629 6.41985
5105.26 6.45366 24.6577 19.6492 23.6631 14.3724 18.9729 33.1914 12.7936 20.4564 0.0226961 8.88827
5105.05 9.84005 37.0632 18.501 12.4015 11.7791 18.6045 27.4265 16.2402 9.69445 0.000858654 7.33293
5221.24 9.6669 0.799117 20.9799 11.8934 20.9044 6.40004 27.4004 36.2149 1.38611 0.000792633 8.144
5179.61 15.5249 8.01852 6.93407 12.1419 3.7404 37.8778 28.0503 7.18414 16.9353 0.0282663 9.32724
5180.59 5.83009 18.7739 17.9748 18.4723 15.0437 5.82838 27.447 9.16755 23.5418 0.00449425 6.80483
5093.17 12.3662 11.786 19.2473 44.4856 9.65185 12.9791 8.21779 11.419 8.79013 0.0106829 6.75812
5102.32 9.51582 19.5127 30.5089 9.81994 13.1826 27.5435 10.9419 7.14728 17.8044 0.0122031 6.54605
5106.51 4.61989 30.8656 22.9122 23.8202 13.7677 24.7208 7.68857 6.24773 17.726 0.00225633 7.41775
5142.71 30.3974 4.55952 19.4671 16.931 5.01931 20.2945 0.859852 11.9184 21.1828 0.00215388 7.93931
5016.24 19.3212 1.94105 11.7889 59.6375 28.2961 4.34039 7.13352 2.69773 10.5377 0.197272 13.0311
5064.83 23.522 8.3186 10.2094 50.9453 10.6662 3.38027 26.7716 0.779528 31.0782 0.0986386 12.0255
5054.97 15.0623 9.97527 10.2094 29.3106 14.7261 18.5434 28.2924 1.23302 26.2221 0.116946 12.1434
5083.75 7.70018 10.5261 40.1588 25.5104 30.0783 22.9736 10.4693 19.4451 16.3787 0.0347121 12.5483
5074.56 7.12187 23.7488 11.3897 14.0023 21.9545 51.19 9.55744 9.89851 24.0334 0.00483328 9.6484
5114.69 11.3307 11.9622 13.0843 35.9358 24.6055 17.365 5.55222 12.966 10.6955 0.0800993 8.39108
5104.07 18.4985 7.37011 12.0195 28.8179 29.6373 5.92074 19.6301 4.03573 50.5891 0.241722 13.0172
5080.56 23.3854 4.38814 7.56573 32.5024 29.9349 11.0621 47.7297 5.63377 30.5961 0.248705 14.7192
5154.02 18.3463 1.32648 5.56602 25.7813 31.8705 3.93252 16.4698 18.1188 36.6112 0.0443932 10.5449
5049.56 23.412 6.0881 10.2987 35.4335 29.9528 4.67279 5.32427 21.6488 19.0336 0.0436021 9.57094
5082.43 13.741 8.50591 12.3538 40.3402 29.4256 9.61416 24.3598 13.6096 33.8677 0.0176995 10.2445
5068.84 17.5506 22.9317 9.26564 15.9925 22.0663 16.8854 15.4459 5.54223 7.60656 0.111238 8.19389
5044.69 23.8168 21.0248 2.33662 35.5326 18.4901 16.98 25.2196 12.3945 14.3853 0.0210937 8.84914
5053.1 18.9514 23.7476 14.3865 24.0384 13.3072 23.2866 13.8107 16.4019 12.3277 0.030647 7.64607
4998.17 9.05387 40.4026 9.52981 28.6978 21.7296 39.0533 4.80668 10.6919 5.33993 0.0631197 10.9789
5023.56 11.2863 53.7232 2.07684 20.5599 10.8065 21.4408 39.8503 11.2296 2.11213 0.0144334 10.5464
5065.43 10.8281 35.7941 9.97389 7.08711 13.9992 22.5606 29.4841 21.6385 1.92384 0.0188789 9.20436
5076.08 12.9341 3.82733 43.8744 13.6109 29.973 19.6063 40.4455 18.5088 2.38662 0.0415989 12.4702
5083.26 12.7969 22.6679 29.6629 12.5921 25.9308 12.1984 5.10027 22.1019 37.0459 0.081289 11.0761
5058.25 13.3927 21.877 20.4273 12.8386 21.1309 23.5839 11.208 18.4654 31.2775 0.271253 12.0846
5041.83 37.1992 9.18741 14.0287 14.18 14.8333 28.8887 23.6518 12.3941 9.37398 0.179676 11.0081
4977.82 38.1046 28.633 10.6702 3.70904 27.2475 8.49676 19.7058 25.3786 3.83132 0.0678143 11.2449
5081.26 12.2025 33.4143 25.5278 4.14729 5.19015 10.4702 10.5982 18.4288 6.57096 0.0205207 8.09108
5028.45 14.6378 34.8669 23.3588 3.26157 4.45181 23.7619 29.2151 15.4009 6.08821 0.109656 11.3307
5011.47 29.0653 37.7458 10.8729 9.49685 21.8953 6.0752 22.9619 9.46664 3.6367 0.0686044 9.39069
5151.74 20.8054 7.02869 18.5886 29.2533 20.2473 8.38742 15.9792 16.3456 17.4944 0.0934275 10.5722
5143.26 1.07163 14.565 36.8265 19.3046 6.6073 10.0619 35.2533 17.1201 0.780701 0.26395 12.5808
5123.63 11.4913 16.2748 6.22416 28.3551 20.4337 26.4858 1.91408 0.324976 5.78745 0.24634 10.4404
5007.29 8.94038 37.8292 3.11135 48.7416 14.6881 12.4622 10.9217 18.1115 6.59517 0.404548 13.818
4983.97 12.47 49.2076 6.54146 20.7092 21.0297 18.5672 15.5648 21.5717 4.90764 0.161167 11.4754
5047.51 11.9028 38.4127 12.4908 20.6674 18.3949 17.8159 41.7498 19.4813 34.8 0.0183329 12.2202
5066.8 18.8623 29.7916 12.5852 14.0514 14.4194 15.1454 18.0847 20.7776 22.5217 0.0157797 8.13415
5107.35 21.7957 23.3712 8.53506 1.64763 19.2917 13.3602 4.3429 19.1817 32.6941 0.213367 13.3488
5127.77 36.5815 16.2543 5.96603 5.37584 22.5001 16.5742 41.2891 28.2125 37.9889 0.341922 17.749
5082.76 15.6308 31.3331 3.10968 27.9519 13.7767 21.8397 24.8769 12.0069 2.08734 0.449756 13.3029
5191.71 29.6292 11.3201 1.8131 5.38549 2.34319 40.552 37.7463 1.71088 13.3297 0.00593173 12.1447
5129.59 21.9386 8.96961 9.94307 25.4458 6.65809 3.40545 48.7136 4.18307 22.1337 0.0628396 10.551
5140.79 30.089 1.22364 7.85973 23.4268 18.4603 7.73163 24.4014 7.10502 2.7378 0.0180719 7.72575
5059.21 37.7366 14.6134 20.1066 31.953 0.603515 6.8393 12.9524 10.1875 1.05967 0.160807 12.2958
5045.98 20.3187 29.618 13.428 48.3435 6.6238 8.21682 2.53847 11.5204 8.61857 0.0989974 11.951
5079.18 5.48906 28.1434 18.2752 3.02172 27.173 3.25562 29.6512 15.0533 2.14435 0.0244314 9.55418
5123.18 10.2085 23.3303 14.9466 11.4542 21.6851 17.2025 35.7898 2.35709 8.35095 0.0729218 8.55223
5134.08 13.7338 15.7438 18.2625 3.5075 4.75705 58.5514 21.3686 38.6634 20.4564 0.0583169 13.7932
5115.98 13.5393 17.2444 9.56889 25.0111 2.8895 13.3671 22.3986 10.6085 25.8616 0.0407554 9.04569
5016.8 14.0218 20.8343 13.1563 29.4419 15.5385 11.6405 19.1416 17.5812 15.1445 0.11367 10.9028
5056.48 16.0129 19.1449 13.4146 29.196 7.15872 17.2788 25.4596 1.88939 20.9769 0.100633 9.7549
5023.63 30.2271 3.84175 25.0972 27.5484 13.2019 12.6687 28.8129 12.7427 11.5935 0.409511 13.6936
4966.31 29.0862 28.6982 25.5697 38.2145 5.81893 7.10907 14.8574 7.91312 13.7275 0.138792 12.2763
5006.29 37.2486 22.9087 12.5966 21.3895 21.2682 18.061 8.76104 12.7294 2.71138 0.135696 10.117
4945.28 8.80567 18.6892 26.5145 43.9338 32.2743 11.0006 14.1647 0.185627 1.01096 0.0698677 14.5902
5010.34 22.7097 8.78679 9.68899 30.4626 33.2787 6.44263 18.7276 29.6247 18.6222 0.00547135 10.5398
5325.93 5.13691 3.96164 6.76321 14.187 10.6235 11.6095 9.87207 12.9868 22.373 0.0234085 9.11075
5104.23 7.61703 11.55 9.74643 31.5508 17.4721 7.81015 30.8809 21.8624 37.514 0.00402793 9.93887
5112.44 16.9752 18.6439 22.3081 24.5771 4.32686 8.97406 5.33363 31.6584 4.58525 0.101006 9.6559
5005.77 17.0107 17.0777 33.6529 1.25955 40.5283 11.6333 11.9797 1.32379 4.80174 0.0892268 10.5716
5035.73 29.7651 23.1183 16.2298 8.63587 15.2626 15.8262 16.6074 6.45408 4.02303 0.0590476 8.04872
5029.22 12.391 33.5546 10.6032 2.76584 35.4833 6.1431 28.2272 5.34382 14.8552 0.0728547 11.0851
5022.97 16.6511 27.0851 27.7626 3.00454 29.4115 1.17763 18.5312 6.99431 7.39609 0.0754133 9.73228
4860.35 41.0453 19.2954 37.814 13.63 18.4979 39.8838 17.1238 11.9556 22.8228 0.0382095 14.6379
4916.46 36.3933 16.7617 36.0426 11.1589 3.73376 35.985 12.9049 14.2282 39.5696 0.0679999 14.5414
5043.94 24.7868 0.98888 38.189 10.3603 21.3391 32.4069 37.7205 14.4428 4.85276 0.0191383 11.5553
5041.5 16.3943 8.21473 47.6956 9.89015 15.4427 39.8866 2.84152 12.5614 4.76254 0.0226598 9.21852
5091.55 12.0043 3.52569 32.5977 18.4855 2.99092 19.6547 14.5429 5.79797 7.09743 0.2551 10.9912
5027.42 9.68814 30.2618 35.5881 13.6617 12.0232 21.1646 14.0432 24.102 25.1004 0.221306 12.6023
5000.51 42.919 26.0039 6.88954 31.4695 10.2694 17.065 12.1076 34.6812 32.7449 0.0165844 13.2643
5138.43 6.82014 18.8658 26.3889 8.95456 20.0294 48.2222 10.748 43.6241 32.2136 0.000841571 12.6659
5068.79 7.52398 30.2055 23.7463 19.6563 9.74978 22.0445 27.1521 3.12873 11.4308 0.00135322 6.56241
5090.12 17.7624 30.0067 7.74788 22.7897 6.63252 19.2554 6.70507 14.0277 11.2872 0.0179963 6.88302
5178.13 15.4362 21.0274 5.09433 11.3825 11.5317 1.99603 36.2927 13.9715 3.16918 0.0764703 9.8589
5161.78 10.6851 7.91853 15.473 27.9237 14.989 15.068 20.8307 8.82741 3.3981 0.173078 8.4248
5206.93 1.8616 18.547 16.2717 22.0671 10.6994 5.99623 14.1594 26.6405 15.3048 0.127387 9.878
5126.28 1.8616 21.9689 38.878 0.73033 4.54748 35.4938 8.826 16.0373 5.31531 0.0061166 8.13496
5150.22 7.63069 23.5567 10.5624 10.6201 4.99934 46.4061 5.81948 9.41104 20.6176 0.0061166 7.41815
5104.86 12.7368 8.03286 24.7184 21.2149 17.6768 33.5559 12.4158 14.607 6.21282 0.189408 9.86712
5095.74 10.4225 16.1398 19.9556 28.8027 24.2212 9.7741 7.61112 15.375 10.1614 0.141325 8.76121
5074.65 5.37586 15.9305 16.2775 36.3104 4.00332 29.9865 15.9807 3.81618 9.5079 0.366623 11.5599
5180.44 15.153 4.86276 21.4522 28.9414 3.57481 6.31663 9.94231 63.6981 29.8401 0.0959934 14.0382
5084.61 27.8246 14.5636 10.0524 14.9728 16.1528 6.46134 8.73253 6.98285 17.8504 0.0258937 7.63628
5143.37 3.45628 11.5495 30.7017 29.4172 27.3858 2.42591 4.71997 4.89017 31.1884 0.0646472 10.7975
5069.35 20.0352 10.2635 11.5 35.6923 14.2226 13.4185 5.9061 5.76665 6.60287 0.00243063 5.24098
5070.51 17.3584 8.88766 23.9813 19.4269 32.7582 18.7865 11.986 2.83899 38.5037 0.000466258 7.94628
5070.37 21.6202 17.0104 33.6276 14.9981 9.52811 9.61561 23.3867 1.84728 6.16312 0.00335723 6.60121
5039.55 19.5693 11.1597 50.6828 2.06396 10.3547 11.6341 15.5674 4.01166 24.4526 6.82189e-06 7.0551
5024.43 18.0711 19.5268 48.2424 5.04496 6.19529 24.8737 23.1614 5.48481 1.60394 0.0155588 8.81179
4991.67 20.7139 37.3172 22.3471 18.1813 16.7007 22.2892 17.6093 16.9767 11.4404 0.00265572 8.64351
4998.92 34.2325 39.5105 19.2202 0.171963 8.3875 19.2644 18.0224 1.80503 5.90001 0.000362983 9.37385
5121.58 9.76356 17.124 26.4512 14.4001 11.3504 19.0813 7.01386 39.7197 5.9146 0.00102004 6.50491
5101.18 13.5645 15.9481 20.7608 5.86766 26.1964 36.5361 10.6118 41.0412 8.44359 0.00257759 8.88685
5024.24 25.6269 22.6556 10.1368 18.0745 32.1771 23.1682 9.05087 41.4051 2.96043 0.00182164 9.12441
5005.02 41.1632 17.9488 9.31746 18.4217 35.3095 11.4966 8.06051 20.0673 1.80473 0.00143858 8.13543
5058.91 25.4276 24.8883 12.4248 5.69339 21.4588 21.5739 48.719 12.3765 1.33254 0.00191302 9.4282
5063.8 14.371 6.02709 23.2676 20.4688 34.8681 9.95637 25.8949 59.0312 7.09087 0.00709061 11.4954
5084.11 19.7388 8.63539 25.779 31.3564 13.6076 12.0832 37.9159 8.4971 3.38638 0.0174621 8.76531
5001.17 37.5868 2.3422 16.0124 37.1296 18.461 25.3509 28.593 8.86666 12.2889 0.000892687 9.49679
4989.62 44.9204 2.95247 9.35731 15.3319 35.158 15.9555 1.67579 13.3918 13.2738 0.00193452 8.92647
4994.4 50.2992 7.15658 3.64105 24.2823 33.4665 11.6634 2.65716 8.03283 26.6899 0.0645151 11.2572
4994.4 16.6027 11.9912 43.8855 22.6511 7.67674 39.0126 2.3625 11.0146 28.1054 0.0731439 12.1515
5123.98 22.2307 12.2284 6.74991 21.8343 3.62627 29.3818 19.0461 2.12118 13.5348 0.0770606 8.79172
5116.34 20.7576 12.9243 8.69424 24.6381 14.6152 3.32579 12.9281 10.4075 30.3562 0.0471172 8.80975
5142.09 6.4015 25.9697 33.4798 2.51605 9.57993 16.6366 14.6686 15.5496 3.75107 0.0123727 7.21143
5096.02 19.1887 10.0066 26.4097 12.1527 13.2453 16.9854 15.6115 42.0122 2.53006 0.02121 8.65354
5098.42 13.4647 25.3721 24.3845 12.2816 5.74299 29.2215 14.8014 8.80911 4.76845 0.00528341 6.15972
5065.76 9.36823 11.3534 26.1137 12.0591 21.6518 25.9899 34.6363 19.4873 39.8804 0.026006 12.3857
5144.69 9.63673 6.38965 27.1702 12.2865 15.3573 30.8795 17.1702 11.9349 58.305 0.0143998 10.475
5240.49 6.15214 0.564692 17.3864 8.26181 17.6387 18.4964 4.18729 47.6015 16.3377 0.189809 12.5598
5140.22 7.80787 24.4255 18.934 9.84591 0.279334 42.0679 9.45204 14.9769 4.90572 0.156092 10.6703
5022.25 3.85129 47.311 24.9299 6.10142 12.4811 28.3811 6.78625 25.6335 7.08871 0.30929 12.9228
4969.44 10.2893 38.4252 47.1664 6.63323 16.114 49.9295 8.99305 15.842 5.81551 0.00622585 14.0969
5055.92 10.4934 29.1892 30.1121 7.17156 14.9023 36.4663 7.21607 18.1797 14.9367 0.00622585 8.06331
5025.47 26.0053 29.7498 15.5954 16.159 14.9023 25.049 5.00959 12.9649 15.054 0.0233443 8.02823
5115.81 12.1605 28.9731 19.0839 18.7273 4.69413 8.19797 23.1218 17.614 19.5052 0.0238158 8.5035
5127.1 9.90585 40.388 18.2934 2.04218 33.2614 6.05699 6.90058 16.3788 14.9006 0.0115866 9.86143
5012.68 8.55757 35.1496 11.2522 3.64631 31.116 19.7572 27.2256 24.509 14.7271 0.0209069 12.3264
5030.61 2.80744 56.228 10.4224 2.40906 32.4206 9.81082 24.4372 16.6956 24.9916 0.104722 12.5706
5134.5 3.09434 39.9852 3.41252 28.1826 28.5391 8.18051 15.0333 1.75936 26.7597 0.421164 16.2776
5150.73 3.83667 7.64615 23.5568 17.6811 18.8603 19.1457 10.1179 13.8239 6.08517 0.308688 9.48427
5128.6 5.46959 13.0734 30.6417 4.74295 22.1711 32.9523 10.1293 17.104 1.65568 0.217674 10.2685
5126.86 7.62662 22.955 14.0469 17.6163 15.4947 54.3983 10.3215 21.4014 4.57577 0.0578021 11.2596
5097.32 14.6874 37.9249 4.36272 0.616771 10.3774 27.8909 36.4708 13.5064 9.35477 0.131257 12.5968
5086.45 14.9872 27.2799 0.807463 10.1183 19.7227 26.3803 16.2772 5.76629 13.971 0.145949 10.9752
5101.25 12.8642 37.1817 2.74333 21.0307 21.297 10.5589 7.41255 9.12615 19.4948 0.0576017 8.57467
5189.97 9.25271 19.1009 17.8363 8.84296 23.3938 18.4151 3.16692 9.81102 42.0462 0.165098 11.7474
5043.97 28.9584 12.2341 36.7385 4.15174 18.0988 19.3853 27.7386 2.59678 14.66 0.0753697 10.0794
5027.47 15.2182 18.3264 29.3582 11.0257 11.3021 19.1611 17.2844 1.38999 30.5486 0.0469779 10.4873
4970.6 27.9819 20.7711 8.60607 24.6208 8.6727 47.4829 11.6045 6.32892 19.0489 0.00446176 10.1873
5002.99 16.5655 33.2757 11.9049 15.4626 4.11211 51.6664 15.8293 32.1244 14.4088 0.0529267 12.9711
5148.55 3.15797 4.95311 11.3793 42.355 34.1689 5.9271 9.40484 20.0957 5.42512 0.303112 12.0676
5167.32 2.54967 3.64623 4.56485 46.4538 30.4733 5.9271 9.22909 19.9151 18.4924 0.0361218 9.37611
5188.94 0.758503 19.0342 1.5872 4.54921 31.134 20.7946 4.9905 38.9945 16.1745 0.0166267 11.3881
5158.4 11.1633 5.40096 11.8409 33.168 4.12466 28.3469 13.8163 14.9313 17.2498 0.00235891 6.2941
5029.26 16.5633 4.46981 34.0349 40.7823 11.0383 14.7432 8.05007 4.32229 16.7661 0.0269968 8.91398
5083.02 33.0363 4.06129 1.36569 30.6288 12.8651 20.389 1.55637 23.9247 9.33231 0.0321026 9.72869
5046.99 14.72 26.2816 24.0631 14.6481 12.098 10.2425 15.6895 30.0066 0.789353 0.0873193 9.9403
5028.46 6.79635 27.0672 11.3089 50.8412 11.8373 23.1665 7.56743 3.48864 5.02057 0.0100761 8.35301
5050.49 28.4771 42.2237 17.0744 6.8785 6.21323 2.20089 7.56743 7.06093 46.6671 0.0164986 12.8269
4943.79 41.4404 40.431 20.9505 6.61665 10.5606 3.80789 3.55016 3.87267 19.6075 0.0384331 11.5111
4962.89 7.48345 37.6586 45.0545 5.73359 14.9495 3.58632 17.8312 8.9779 6.9295 0.108189 11.7294
4989.77 8.95206 29.6918 39.3377 8.50677 17.0436 7.05636 27.6711 40.4306 6.59431 0.192403 13.7724
5037.64 6.41624 40.5405 12.8474 20.8676 15.0365 5.40313 17.866 24.6701 11.895 0.255036 11.8308
5097.78 4.37716 19.7565 20.3813 22.4256 30.6891 24.5653 8.09837 10.8765 39.8332 0.039855 10.4914
5162.48 4.50797 20.6615 3.78474 23.2262 24.9059 19.9585 8.09837 19.6207 39.8332 0.0243932 9.25567
5164.4 4.91167 26.4239 5.73854 39.3996 17.1066 10.6734 11.23 19.3252 20.2928 0.00518187 9.05333
5088.04 4.26232 25.4328 15.9541 34.3025 7.51615 8.37627 30.2018 19.9285 8.71956 0.0200891 8.17221
5175.66 9.37509 8.13778 32.3941 30.1347 7.51615 27.0755 22.6067 17.0967 5.04423 6.59287e-05 10.0625
5188.96 8.20559 16.8955 22.5569 13.673 17.4393 9.60075 35.0447 14.3262 18.6134 0.00994558 8.55289
5121.95 10.1989 8.79235 25.3572 7.4486 28.2872 7.27512 6.95398 5.18472 0.508136 0.00178974 5.72856
5129.94 5.23979 1.00748 39.9179 24.6103 13.3033 12.8711 4.82354 3.5263 2.9319 0.00422218 6.17712
5038.5 36.4949 1.95715 34.6246 8.17919 19.6794 24.4507 7.29456 18.5144 3.86888 0.00219494 7.62075
5093.73 5.55382 1.39607 35.5467 17.5074 15.0769 13.4744 7.30744 13.6154 5.90735 0.021145 8.65169
5100.44 4.34163 0.86772 36.0211 17.548 41.3453 12.6014 13.9486 10.0754 44.8374 0.103351 13.237
5042.78 39.1732 8.12248 12.3775 36.3503 4.18197 29.7026 9.96382 27.8804 8.60397 0.0762975 11.198
5018.12 46.5335 7.59717 10.9028 25.6356 0.510302 31.4044 5.72481 8.07754 7.93738 0.0595269 10.2817
5028.35 23.8643 14.9382 32.0443 12.1121 16.5459 18.1254 11.0307 18.2476 7.24939 0.0998268 8.93464
5054.95 14.5407 19.7124 27.1797 12.2141 1.98159 32.7978 8.83528 19.6397 23.9822 0.290255 12.956
5147.35 8.45935 28.2897 29.7109 11.9011 14.23 24.4933 3.61163 3.247 25.8044 0.00186667 9.53788
5063.63 9.63341 19.191 16.6303 10.4568 29.023 30.392 14.4268 8.02598 9.21906 0.00508152 7.37801
5054.62 8.84906 31.2203 26.1966 8.25013 18.737 33.2058 10.6075 9.33204 11.5851 0.00998023 7.42005
5057.13 3.3244 43.7192 16.1382 3.41061 42.4311 7.78568 6.18569 14.1885 3.81419 0.000266979 6.85839
5025.46 22.5123 27.3494 25.3907 6.20767 29.7549 5.9192 2.77388 5.88164 2.21756 0.000266979 5.85503
5176.49 7.42266 21.9103 20.0478 0.967156 46.9589 15.6388 7.12245 2.24631 7.59587 0.0231878 9.99444
5176.65 7.58623 33.9681 10.8665 1.1645 10.7302 10.8899 76.9899 12.2744 5.18455 0.0144463 13.2289
5204.73 0.505632 15.4471 9.04362 9.14913 12.6098 22.9443 41.4521 14.0563 2.57396 0.0522253 10.2233
5225.03 20.3624 10.3823 2.99042 16.9367 13.223 11.7376 4.76178 16.1104 15.9615 0.335074 11.995
5129.09 9.21428 23.5679 6.61931 7.2058 26.7614 39.5682 15.8185 11.6494 4.36069 0.189378 10.4964
5130.4 22.5406 9.62642 13.7677 11.8477 35.7571 19.1296 21.3658 6.94767 23.9506 0.0435989 9.62318
5099.49 29.6583 13.9179 20.8143 3.54017 4.21823 23.1753 27.5772 1.02947 17.4779 0.0351281 9.79564
5091.11 29.312 18.3897 5.71271 17.4977 18.8061 4.40537 58.684 11.6503 5.62001 0.0134631 10.2077
5114.24 36.4996 7.59561 9.74338 13.8365 26.1973 3.98822 25.1061 1.33172 9.03527 0.0689643 9.44967
5112.76 54.4985 6.80373 9.84972 6.88507 25.7267 5.3608 16.7506 12.0392 9.48695 0.190039 13.1495
5076.86 54.6874 4.45858 12.1548 7.98961 14.7558 17.0562 4.21082 17.521 4.55845 0.189538 11.9332
5102.28 49.4742 9.35066 19.6356 4.99805 2.57011 15.5349 33.1182 25.2437 37.7596 0.531248 18.4789
5110.6 17.0505 10.2106 23.9637 7.10147 44.3972 4.96223 10.0876 26.4956 13.3168 0.393512 12.9082
5007.18 34.0964 12.7399 47.6549 4.44942 10.4906 25.3111 11.8446 16.1335 10.3081 0.293824 13.0868
5037 31.2988 8.86603 48.6662 1.24685 19.7249 3.42008 24.3556 25.7637 8.28087 0.0622034 11.797
5080.17 18.8907 11.664 49.3549 5.00589 20.2422 3.63192 26.1677 10.298 12.1665 0.0320403 9.70439
5020.43 29.7434 8.91622 25.6917 30.4024 8.61908 3.60486 41.6792 6.51915 18.5323 0.0903787 11.2094
5005.42 20.352 9.27552 18.5067 41.8344 0.854185 14.2381 26.6198 4.81622 30.3378 0.0410129 12.3776
5150.78 17.1877 6.38067 16.5512 23.8295 11.4466 7.98682 8.66016 13.9849 16.7385 0.0355312 6.98975
5179.08 16.7169 15.8819 10.9426 3.73966 17.8295 19.1189 10.6288 3.88027 26.4545 0.114066 9.40935
5155.52 18.0446 3.66183 24.3459 18.9595 8.15593 38.0667 15.1617 15.7315 10.5284 0.0143205 8.27842
5112.63 13.0426 22.0122 11.8246 29.2218 9.96321 16.0728 40.2671 8.16996 3.72357 0.0858257 9.48346
5098.8 9.90337 41.5985 11.0034 20.3791 4.41 42.3702 29.8478 1.05803 3.43518 0.00212994 11.0503
5169.94 14.6235 29.8503 10.1858 7.43739 9.35454 13.7696 20.7903 12.0473 2.95918 0.024901 7.89807
5022.33 15.4933 31.3553 25.805 14.4912 14.6196 4.44061 6.65063 9.24359 12.7603 0.000599502 6.15994
5131.28 7.4181 20.2223 23.2643 15.6625 4.28681 2.23329 16.3888 5.49843 9.40313 0.013405 7.10856
5146.77 12.4805 15.947 2.6505 47.1887 2.0976 8.92776 9.64865 7.20114 7.64674 0.00121245 6.05103
5025.66 9.64921 32.7439 8.47331 37.8028 13.6907 28.3567 7.91739 11.8124 5.78743 0.0190832 8.15469
5205.79 4.91671 23.5022 0.274196 5.3582 50.5774 10.0056 5.13669 7.66287 2.53258 0.009434 8.62322
5048.19 7.12972 8.68524 40.3313 5.07287 48.8622 10.1416 2.66907 15.7647 0.630601 0.0591937 10.7467
5004.69 30.4884 3.71001 40.3313 2.70926 49.0175 4.37513 25.0753 7.28963 9.02798 0.0307674 11.1052
5103.54 27.0448 12.167 22.7896 11.9752 47.8614 0.482545 7.88753 2.28434 2.56113 0.265907 13.8029
5112.38 17.889 10.0108 17.3091 16.4942 44.7297 1.68801 4.19337 3.92439 14.3421 0.0863975 8.95543
5140.98 4.48581 15.1411 35.3512 11.0946 7.44327 23.6712 4.92905 3.95479 18.6211 0.0199631 6.66163
5053.86 13.6079 8.16612 35.6299 14.0758 26.971 17.1946 3.80108 0.589969 24.5701 0.156289 10.8328
5107.5 24.0098 3.00716 22.8982 4.99098 41.2528 23.788 48.9694 10.3617 3.48816 0.0921596 14.1874
4942.82 20.4805 53.0273 20.9102 7.58046 30.0568 26.9945 9.90458 18.3948 1.11298 0.182254 14.7257
5171.38 4.3151 16.2503 18.6949 21.9462 17.0154 2.81731 2.14114 19.7748 29.8189 0.0841767 9.65978
5161.07 2.61341 18.8506 19.0815 12.0757 23.366 12.299 23.153 8.84453 1.02771 0.127215 8.40476
5167.27 13.7693 28.3661 6.82712 14.9447 12.9801 21.9113 10.4077 10.0378 6.82254 0.0138675 6.94772
5150.04 8.31599 14.3915 10.3715 14.095 27.5734 20.6607 44.9542 23.3817 9.82318 0.0455959 10.374
5147.77 4.33698 26.1233 8.98783 25.6857 26.6815 8.65626 31.4031 15.9255 7.78443 0.0345177 8.92393
5083.8 5.47604 5.77466 41.0875 11.5719 27.6738 9.87225 9.00199 10.2721 7.6818 0.125909 8.78919
5041.21 14.3534 5.74446 44.431 2.3163 19.757 11.735 8.19172 44.241 27.6637 0.42895 16.6089
5155.32 4.91178 13.3411 27.0207 2.94898 5.84123 4.78279 25.3392 2.19022 9.73637 0.370277 13.6732
5156.85 15.8383 3.89057 32.1481 2.91787 21.5083 6.06348 37.2841 9.62629 3.72937 0.178689 10.3612
5196.52 3.82532 19.7084 10.7366 22.0626 24.4419 5.81204 2.17547 2.42284 6.82715 0.0875488 7.85036
5076.43 0.224554 28.8404 7.28321 23.2086 28.977 8.13566 10.0464 0.838299 10.1533 0.166553 11.3644
5135.69 17.5619 10.9575 3.02722 36.5259 28.0828 14.3697 12.4918 3.18337 14.6536 0.00579723 7.38237
5158.57 1.89804 10.9575 7.83193 36.7494 31.7369 20.4369 11.3328 8.75518 17.0239 0.0820883 9.778
5059.21 31.6945 22.4981 7.48867 19.4798 13.8212 22.4776 13.6643 9.2617 1.00854 0.259479 10.9458
5028.64 14.0487 35.9418 5.60034 35.3408 17.8009 19.5874 15.4451 9.30703 6.12828 0.235162 11.2211
5039.56 7.72884 26.423 23.7149 36.4082 2.50684 23.7499 27.835 7.8704 13.7865 0.179435 11.8445
4985.87 18.678 6.85206 36.6557 26.5539 20.25 20.4456 24.9596 12.1709 13.8939 0.00306168 9.38013
5028.42 22.6533 5.8615 51.6329 17.9371 18.4931 10.1473 7.31308 10.6367 19.038 0.0695369 10.5741
4966.63 18.4122 18.0069 39.8262 17.8258 25.2534 24.3064 9.27927 4.28495 19.8464 0.0248439 10.2178
5128.83 8.46427 19.0819 6.55445 28.4402 19.2121 23.6786 16.938 1.93076 5.52696 0.0849946 7.80883
5179.06 3.67167 6.35695 21.9418 6.10818 9.96434 2.90026 33.4643 6.13243 7.04452 0.271835 12.5371
5189.98 12.4449 14.7671 14.5068 7.83413 16.1581 1.94971 29.2683 3.02883 17.6177 0.143525 9.90823
5071.46 8.29336 13.3446 23.5221 32.1942 7.14022 6.19022 44.2982 33.8997 31.1393 0.0906538 13.4901
5125.45 5.2249 13.3229 17.034 20.4667 19.8546 7.17629 18.5363 19.7515 17.7413 0.232773 10.1818
5120.7 8.69389 4.8631 31.2394 8.37485 19.6724 8.32756 34.8446 25.984 18.832 0.000345861 8.21192
5004.69 16.9126 4.96831 28.6204 34.7095 4.55621 3.17957 17.9531 10.4951 10.0715 0.0243644 11.6731
4998.7 16.6585 16.1322 37.9922 19.6276 9.57708 23.5747 8.82537 3.91059 11.8035 0.0481249 8.71033
5087.51 15.0544 31.8802 9.25224 3.32791 18.0701 3.17884 23.0216 12.9822 10.3475 0.195171 11.8268
5045.17 16.1448 25.7899 14.1747 13.3625 28.2842 15.1667 6.44412 18.999 4.29733 0.0859611 8.51443
5086.51 27.373 18.1995 18.5902 6.77077 36.9914 14.9589 22.3779 4.33235 20.5224 0.0786854 11.0614
5125.96 7.3626 12.1032 38.8209 3.53117 37.2286 17.691 21.2947 4.33235 8.94111 0.0477048 9.69725
5118.08 11.5472 15.9484 23.8671 3.53117 44.4186 17.9848 5.09003 12.943 21.8358 0.0102032 8.28922
5030.14 16.1411 17.6478 25.0296 18.4508 38.9506 26.6056 5.52416 34.0411 22.386 0.000128372 10.4162
5079.69 22.6433 16.5409 0.300831 29.0848 21.5127 30.1783 35.8112 17.3569 15.0644 0.0115631 11.5448
5150.63 18.0181 9.38098 15.0034 23.1624 5.36939 18.8051 30.7273 16.0093 11.9396 0.00842305 7.22272
5206.9 2.25083 4.19019 19.0197 28.3975 5.35966 11.7604 47.1255 27.6439 17.98 0.0145566 10.1244
5195.51 12.989 2.04533 13.5501 34.7097 2.51675 2.01895 39.3229 16.1462 37.7105 0.0363773 11.9342
5236.97 2.96034 12.4546 22.0561 33.3169 4.3227 13.5733 10.8069 12.4342 25.2015 0.0520253 11.625
5137.85 17.1844 8.64312 6.5016 7.54182 33.1044 20.9653 12.2172 2.33078 24.7594 0.368449 12.1016
5252.45 12.1795 2.73716 3.23293 16.5551 24.6491 7.16229 11.2569 6.78797 32.6227 0.302235 12.0873
5172.68 25.6244 8.89769 1.01232 16.2593 42.6812 2.54326 4.35303 3.62832 29.16 0.362608 13.9636
5105.54 10.9925 19.9939 10.5235 35.6082 23.7647 8.055 29.4783 24.7471 9.58917 0.0823575 10.6129
5168.66 6.76695 9.85043 24.1269 15.1355 21.1886 11.9144 15.1106 39.9839 1.52045 0.107316 9.64245
5084.83 16.4038 19.768 14.1365 13.7395 14.6977 17.0294 6.73736 23.7104 8.3385 0.0806205 8.59134
5147.69 9.3208 13.6962 23.6806 13.1995 1.35842 11.7522 22.7119 37.2886 8.73382 0.119585 11.0915
5136.2 11.8781 15.3273 11.1295 13.0766 18.633 13.8474 15.2019 11.6622 29.6261 0.00414528 6.9217
5093.27 17.0956 29.9667 18.2064 17.1896 23.4155 4.03669 8.99423 6.58461 0.652079 0.00423343 7.25969
5070.17 1.84799 18.6107 30.324 22.9814 18.6597 20.5288 10.0957 13.7072 16.2101 0.145775 9.91514
