1543.27 19.9933 59.2405 67.222 52.9984 13.7477 21.3519 6.61475 0.0454657 22.5564
1476.38 33.2895 50.283 64.1307 78.2356 14.539 25.9774 17.1448 0.0811967 23.3995
1517.27 5.43803 50.5863 100.359 69.0637 8.71649 8.79494 3.40976 0.104286 23.6841
1569.58 10.2416 50.6589 70.6583 55.4331 60.3004 11.2008 3.48944 0.0095645 21.9079
1539.34 8.55575 84.3929 50.9755 59.1048 36.3497 17.0815 2.119 0.0014569 20.3869
1414.28 35.4273 84.3929 50.5674 55.9749 39.2315 3.20496 22.2681 0.067605 24.5007
1358.88 44.2689 97.8896 50.1375 40.2574 72.3181 5.76068 22.0545 0.0181582 27.4715
1359 57.3572 75.0915 57.6285 43.716 55.0865 38.8359 8.17658 0.0358064 27.4341
1353.96 24.6791 76.9322 79.8428 66.7476 39.7131 11.9716 19.7256 0.0534245 25.2316
1341.35 47.4664 48.8807 77.7365 89.7885 20.8736 43.4983 2.15125 0.126577 27.8133
1350.67 48.9742 65.9526 75.4635 62.0823 20.8736 48.5204 6.90856 0.0362649 25.7932
1277.91 61.148 56.5841 71.1095 72.1138 27.197 4.37878 2.32366 0.00315297 22.5314
1357.02 22.4565 71.5695 101.368 52.0736 11.9084 50.8205 21.0395 0.00315297 27.0443
1358.65 34.7577 99.3729 42.2978 48.8665 37.6727 48.5435 18.9302 0.000845964 27.2542
1440.4 20.3395 79.7337 81.8505 55.7431 1.77889 36.9657 11.0149 0.000845964 23.7984
1476.39 15.7739 79.0689 68.7931 53.7708 13.0621 59.0627 9.45716 1.78316e-05 22.5965
1442.95 20.2354 84.0941 78.1085 43.4525 13.0621 59.0627 2.30091 1.78316e-05 23.8712
1498.14 16.7176 60.0448 74.2144 74.3791 34.8399 18.6917 7.73519 0.0096885 21.3823
1412.84 21.0324 61.8414 77.2957 72.3499 14.9525 11.9055 12.9675 0.0024549 21.3342
1467.78 25.5399 52.0664 67.3717 92.4473 11.184 15.5385 21.1256 0.0116762 22.0738
1443.23 32.7437 32.668 75.8626 107.208 7.84312 7.97474 7.31462 0.0518154 24.1755
1485.31 32.0614 37.8912 47.4463 118.916 16.799 10.0565 9.0723 0.108278 24.5072
1473.04 27.4953 49.2529 53.9766 106.231 13.6636 10.4385 14.1213 0.121525 23.6513
1428.02 36.7609 50.149 45.2187 109.9 18.1644 9.80957 13.9177 0.227187 25.4894
1485.02 48.3369 50.149 52.9641 88.9332 11.051 9.85854 15.9544 0.203014 27.362
1443.23 22.6527 58.5161 52.7916 105.282 8.22375 9.27891 9.57457 0.162758 23.8619
1403.41 42.3382 69.5328 54.5727 74.7703 18.8504 8.48277 6.58103 0.0759585 22.7351
1447.17 45.6816 49.4687 49.5513 88.3583 14.7806 9.84994 10.654 0.0161798 21.4568
1607.04 10.3403 36.7302 80.8799 74.2368 29.0486 3.82093 7.68692 0.0770355 22.4461
1574.37 0.925164 67.314 86.4641 23.8659 26.9788 7.60727 17.4819 0.0671505 25.9898
1443.47 18.4398 77.7449 68.1103 52.5697 42.9083 20.7815 9.56381 0.211808 25.5674
1512.65 9.74817 63.4733 61.2202 57.8529 53.2973 25.4451 24.8066 0.0707392 26.1384
1553.5 19.772 58.7525 64.0024 61.6097 61.7373 28.8893 28.3799 0.112132 28.1153
1506.55 18.157 74.7861 73.8492 34.1553 37.9879 14.3973 33.3941 0.0287065 24.5056
1271.22 61.0592 70.5802 73.5006 49.629 37.7904 12.4605 12.9689 0.00696685 23.9815
1313.37 68.6311 56.5282 83.9602 58.22 42.7857 10.222 17.0955 0.0252714 28.2007
1442.36 23.1287 63.5845 92.3047 49.9916 49.4764 75.4353 21.5557 0.0925829 31.0204
1430.26 23.4985 56.5444 106.118 28.8305 42.1252 3.15373 19.0264 0.0103188 23.211
1492.52 35.2899 49.1959 69.9429 69.6198 44.5431 19.4584 24.0515 0.00551165 23.2648
1558.87 10.738 48.1567 87.1235 65.4392 55.4627 8.04472 21.0433 0.034755 24.5375
1562.05 4.74926 38.4159 95.466 54.4392 34.4809 50.3194 32.6632 0.11218 27.1637
1710.69 3.78221 41.9828 74.8553 51.9907 31.4866 45.379 39.2269 0.0192527 28.6911
1628.94 4.44153 30.8169 82.0686 65.1019 14.0163 33.4054 37.271 0.0251508 25.6904
1545.05 23.0619 18.1084 93.5422 71.6405 28.8149 12.0472 21.163 0.0561441 23.2415
1642.55 1.98275 24.1129 93.2932 70.2725 28.8496 2.47382 19.96 0.146701 24.8379
1633.62 0.990363 4.31762 96.8666 74.7867 32.2104 15.5523 15.3117 0.144924 27.2149
1502.66 15.919 59.2232 64.2331 65.4839 27.1931 27.5782 3.66929 0.129147 23.9751
1513.06 5.16078 52.3865 66.0486 93.6684 45.7517 11.4027 28.1708 0.0456236 25.3626
1519.97 5.19168 52.3865 66.0486 93.6684 45.7517 14.384 34.6749 0.0448321 25.9193
1592.15 17.9217 28.5128 95.9843 58.3001 26.5067 10.3081 7.73509 0.0203582 21.2082
1619.96 14.6762 28.8385 72.3482 96.5344 29.9918 9.18455 6.26532 0.056909 25.0526
1618.23 13.0071 29.0432 55.2152 97.4714 24.8044 3.74406 10.8747 0.0951356 23.5174
1232.52 98.5454 28.7255 78.9758 67.1724 13.5529 4.62381 9.1292 0.0737966 26.7473
1296.26 97.4755 28.6824 71.5193 56.9712 15.332 15.0166 5.14302 0.0499597 26.6838
1346.67 78.2997 28.7716 49.0795 104.978 16.1962 2.8814 59.4845 0.127593 30.4468
1421.17 78.2997 30.5334 35.0013 97.2555 51.3289 15.7079 9.83096 0.0117704 28.2925
1421.17 56.3843 32.9864 53.8952 96.6967 38.5394 6.15492 5.60538 0.0617588 24.3053
1440.3 62.2498 29.2395 56.0191 97.7813 30.8586 7.20569 10.2653 0.031057 25.0215
1544.29 4.89395 81.3031 51.0419 74.1358 25.32 11.7554 17.7164 0.0571919 22.4161
1640.48 4.89395 56.8263 31.4388 91.0742 31.8551 22.5955 0.537195 0.00378615 23.7536
1620.15 4.89395 56.8263 47.313 83.8131 31.8551 22.5166 2.24479 0.0123502 21.8798
1627 10.2079 56.8263 57.5693 57.4889 41.2776 24.979 11.0782 0.0327163 23.4833
1612.92 13.969 45.0864 65.6866 49.1554 60.2303 26.1011 3.28934 0.0636331 25.2408
1536.05 28.5958 28.2569 92.8801 39.9887 55.6606 29.6139 3.62725 0.0198845 24.2587
1581.1 21.91 44.0453 79.155 46.4868 40.5299 32.7122 9.01224 0.0017367 22.0794
1609.35 14.5369 48.1022 80.8334 41.3729 21.3577 50.6706 9.41252 0.0017367 23.6514
1602.56 4.41649 46.0185 72.6652 81.9177 14.186 54.9997 12.2513 0.00823099 23.7735
1485.69 32.6047 46.9688 66.1416 75.7092 20.8349 13.0489 6.18738 0.0577985 21.5392
1486.59 31.3896 46.6014 84.2345 54.3697 40.0059 48.3938 9.09801 0.0427945 24.7167
1381.8 68.3947 48.5966 73.8219 27.6365 72.317 29.2989 8.94215 0.057558 29.0688
1376.22 58.7088 38.1904 92.8007 58.4267 31.2828 21.616 8.54642 0.0243161 24.0783
1331.12 86.6245 32.6112 68.4441 64.5941 21.484 3.93671 4.76387 0.0631906 25.2077
1331.12 86.6245 29.757 69.7036 51.1934 22.327 1.98615 7.35331 0.0547043 27.1182
1205 86.6245 36.9679 95.5533 63.6768 6.93023 0.449098 6.89878 0.00508403 25.795
1257.48 86.6245 14.1312 95.5533 63.6768 6.93023 0.449098 6.89878 0.00508403 25.9513
1257.48 97.2395 14.1312 95.5533 64.0035 10.9534 0.449098 35.5346 0.00508403 27.4014
1257.48 97.2395 14.1312 106.476 69.8113 10.9534 0.260813 35.5346 0.0524736 31.9639
1204.75 90.3238 32.0761 103.933 64.027 1.28364 3.71986 33.1143 0.0692716 30.4565
1298.9 76.2237 9.52604 107.452 89.0463 7.34743 0.433642 32.2016 0.165184 31.152
1298.9 92.2434 11.2821 78.5622 97.7587 24.5966 0.433642 25.6456 0.143959 30.2226
1275.14 92.2434 20.3189 87.6615 89.262 11.0065 8.17078 34.8052 0.130864 30.4605
1418.96 44.6476 41.6568 65.4829 78.4389 58.2016 9.01242 10.3976 0.205147 25.9363
1320.64 40.1425 53.8776 65.7282 92.2619 40.609 9.35609 11.2131 0.205147 28.0048
1313.87 47.9645 97.7812 24.8939 98.6094 7.86257 5.73268 19.2565 0.0959658 26.5022
1445.75 26.7621 91.2478 22.6009 93.3085 35.5053 3.36879 13.7275 0.0166003 22.9582
1486.29 17.0056 68.0782 52.4892 85.8414 8.45947 5.53417 7.75663 0.00402437 19.6098
1483.69 9.93338 97.6485 44.7434 63.9969 37.311 5.53417 11.7376 0.0545972 22.6331
1386.52 16.2168 84.8619 42.3083 93.8777 31.1302 37.5266 11.3037 0.142506 27.0188
1407.71 16.399 93.2665 42.2993 80.8364 21.9076 4.04606 11.9924 0.159418 24.4591
1440.18 14.6899 136.031 16.0334 79.3041 20.9212 5.87532 9.49288 0.0111042 27.9476
1440.18 16.3913 82.6564 42.0438 87.0604 20.3545 5.70723 8.5673 0.0210475 21.5349
1541.12 15.4108 49.4057 61.1565 87.2719 20.2954 7.97998 13.2088 0.0395534 21.0995
1531.34 11.1279 57.0132 55.2606 80.2852 10.7435 3.99666 9.51131 0.0288025 21.9588
1561.48 10.3392 50.4152 69.0131 85.011 27.5499 12.0055 3.40622 0.0441627 21.7401
1625.07 12.8752 40.1025 51.9219 82.6148 27.5499 19.9885 11.075 0.0492678 23.2401
1634.77 12.1232 49.3885 69.9707 57.2653 26.0067 26.9351 4.04232 0.0630756 24.1158
1556.32 7.5916 54.1294 64.7033 81.5161 3.17066 17.8094 44.4937 0.153761 26.1757
1565.69 15.8275 41.6755 84.2171 62.7533 2.67688 51.7457 39.9318 0.221592 29.7815
1555.23 15.9849 29.9413 91.3511 65.1111 8.06812 31.0214 8.29155 0.175592 24.7018
1507.65 21.3239 29.5331 96.5171 62.0868 14.4107 63.8377 8.20525 0.375495 29.5608
1437.67 17.2129 61.0594 74.8875 72.6339 33.5123 17.5127 9.24371 0.0203373 22.3153
1341.32 52.1202 46.0416 62.8277 87.4546 38.6083 61.5498 2.40839 0.166392 29.9844
1341.32 37.0013 54.2339 68.0046 83.5915 33.6947 6.4634 3.80848 0.180512 26.9949
1470.05 23.7866 61.9908 77.4504 64.8306 7.48188 6.4634 11.5543 0.0187501 20.7159
1513.86 30.3916 49.6887 89.07 50.3472 21.4153 6.4634 38.8232 0.0233663 24.5426
1481.44 25.5946 16.1517 82.3146 96.6178 35.9807 12.664 23.1436 0.326949 27.0099
1455.69 58.8752 7.8137 74.1391 97.2836 40.1446 4.91377 9.55601 0.403476 29.1744
1508.64 34.2831 7.8137 116.517 84.7349 10.7061 11.308 9.43307 0.300519 29.7165
1463.8 17.3421 45.8884 93.0779 70.9458 18.9078 21.637 17.7793 0.233812 25.2121
1557.13 4.83801 34.1079 95.4811 70.5694 10.0619 17.9476 79.5205 0.131039 28.9978
1502.89 16.7782 54.3394 96.0864 29.8338 47.7606 36.1137 43.6071 0.032526 27.1121
1531.07 8.05512 76.2129 79.0846 45.34 41.0439 39.3336 12.7581 0.00908475 23.8444
1474.66 8.05512 76.2129 56.5058 77.5296 50.9526 14.6101 8.04954 0.0325423 22.8622
1474.66 8.05512 76.2129 56.5058 71.8411 65.4329 14.6101 5.99224 0.107688 24.5952
1474.66 6.63425 72.8621 71.1757 65.8577 21.614 9.02528 28.4992 0.131065 24.1437
1493.27 11.4351 72.8621 76.8585 53.358 12.798 28.444 28.4992 0.131284 25.6198
1410.04 35.9404 37.643 70.7884 88.6022 12.798 28.444 23.8229 0.111398 27.0043
1410.04 35.9404 43.7128 82.6525 72.8142 17.5524 33.2716 26.7813 0.064282 25.2325
1465.87 23.6251 46.1112 78.4311 69.7532 22.9126 20.5528 4.05695 0.251064 25.2588
1449.78 31.2769 62.3745 69.4624 57.6735 11.902 27.4202 5.09872 0.0456507 22.8599
1494.72 18.5738 62.3745 79.9724 57.1969 22.6561 27.4202 5.75519 0.148252 24.2661
1529.72 28.968 30.962 85.0216 65.5015 23.0911 24.0986 0.674669 0.153152 24.4781
1509.4 41.2326 23.7478 101.258 34.8202 46.9082 21.0145 16.1554 0.0563936 24.8698
1551.55 16.5971 25.1478 93.9701 69.0534 35.9794 29.0426 3.1076 0.109387 23.9302
1535.88 26.1764 41.7734 76.3218 68.0579 33.3018 27.8891 6.21527 0.0372439 22.5283
1558.85 21.9087 60.7971 36.2182 92.7373 35.9497 5.75191 8.557 0.0193551 22.1071
1503.69 18.3685 61.0397 35.4558 110.885 34.1173 7.75254 7.28 0.0235875 23.0299
1515.77 6.66944 66.6095 40.9592 84.3412 46.8189 19.0103 8.88188 0.191813 25.497
1515.41 15.2223 40.2747 70.5717 84.9387 59.5735 21.8135 5.83196 0.14355 25.482
1544.34 8.69331 55.3539 66.6931 53.9526 62.4758 34.2431 4.80928 0.200291 26.3786
1530.53 25.6829 13.0799 108.518 55.5653 32.7989 2.67357 29.7021 0.106143 24.9589
1462.9 26.9244 37.1859 103.104 45.9682 32.704 72.6378 35.6554 0.329876 31.753
1442.91 4.43714 76.6143 94.3642 49.5299 13.3346 11.4521 34.9878 0.106458 26.0526
1442.07 35.9757 42.3248 100.816 40.3122 46.8429 24.7721 33.8867 0.0362287 25.3848
1595.05 9.69451 38.0975 111.345 24.3214 30.6926 5.16651 30.25 0.0147821 23.7812
1595.05 9.69451 7.65458 145.833 26.9467 30.6926 5.67449 22.495 0.0261712 25.5766
1510.18 9.27624 39.9511 118.873 41.4922 1.76469 12.3157 60.7392 0.041867 28.2313
1427.39 27.983 28.488 122.665 43.2064 23.2603 15.9111 21.409 0.0265047 24.8794
1422.31 41.812 33.4469 118.319 21.4014 49.5731 34.5462 14.2547 0.020396 26.0062
1524.83 19.3678 105.566 15.1813 82.731 1.20105 4.28029 11.0904 0.00546459 24.8207
1460.43 16.0307 76.6854 22.2522 100.568 11.103 3.50814 19.9476 0.0308637 26.9714
1468.69 22.3086 67.0667 53.7645 84.9482 15.1316 8.97995 9.05018 0.00157549 19.319
1480.54 16.3808 60.2982 68.101 74.3726 14.3773 8.50449 7.0302 0.0248429 20.5955
1451.16 46.0995 38.2542 89.3504 54.091 23.7821 4.85858 5.27483 0.0289191 21.7178
1435.27 39.8773 28.3316 129.797 31.9262 13.027 26.0597 5.96784 0.0167108 24.8401
1342.31 56.2294 33.3623 123.945 29.1834 13.346 3.76694 5.54427 0.0364858 25.1429
1285.2 75.4199 33.3623 108.001 32.2711 6.38818 10.5005 9.26915 0.0528866 27.4062
1180.82 90.3717 23.2712 110.599 41.6619 17.0124 10.0882 22.1437 0.144558 36.0836
1398.42 36.6376 32.0358 93.2007 78.5148 12.6107 7.74233 0.976966 0.0893642 24.338
1536.75 22.8735 38.4044 82.3683 78.3257 4.08094 12.304 4.65395 0.0587852 22.2165
1566.11 16.2907 43.7129 81.3099 64.6903 27.7563 2.23604 29.3755 0.0587852 23.0287
1601.97 19.3937 53.8959 78.9789 40.4636 16.4231 3.32288 0.806147 0.0576018 24.7726
1321.03 37.8921 83.6572 110.403 30.2775 1.48241 24.279 11.073 0.00349527 30.295
1342.94 35.1671 73.2867 115.75 35.479 5.57982 19.3992 25.8989 0.00950565 29.7298
1393.39 27.2664 40.3919 118.516 35.479 29.8152 3.0756 6.13986 0.00950565 24.4046
1464.22 20.596 43.4081 113.137 39.166 20.0902 29.7907 12.6859 0.00950565 23.1668
1503.63 33.8137 29.678 80.3516 81.6625 19.333 10.1414 23.9524 0.046319 22.925
1419.03 28.0486 47.0245 92.6513 72.2342 18.1206 22.1365 15.4636 0.0878029 24.1359
1416.85 23.0159 59.6839 94.8853 71.4541 5.55094 22.2498 11.3482 0.00215914 23.1956
1377.78 68.1788 34.7505 66.2138 84.3564 11.8929 7.95329 5.64599 0.00671718 22.2648
1380.03 56.3519 42.4152 73.9423 64.0088 3.255 5.08285 6.55844 0.0042581 21.739
1462.53 56.3519 42.4152 75.5764 49.11 1.23886 4.48345 6.55844 0.0244918 24.7601
1461.33 52.9412 41.02 54.3842 67.6715 14.648 1.86205 20.3322 0.0127328 23.6257
1428.59 52.9412 31.908 64.0151 102.795 41.8105 1.86205 16.0052 0.0583263 27.3328
1432.33 43.0063 18.8341 82.823 103.248 34.7791 27.57 9.73547 0.146724 28.1621
1453.9 24.4756 16.4995 99.9652 97.7996 23.1296 8.21737 2.47819 0.273496 26.1979
1464.88 11.7065 49.5664 93.3562 59.4501 47.1688 8.85075 8.87206 0.342227 26.1334
1393.94 5.6319 77.382 72.0865 81.9892 68.7722 22.3172 15.5769 0.204512 30.3329
1453.77 2.43023 79.9988 60.7066 103.512 2.80284 23.1621 28.0674 0.102987 27.5369
1457.57 50.4853 28.1695 60.3479 97.7319 14.4736 32.3088 29.1457 0.0517205 26.0519
1455.15 45.3211 25.0237 76.0528 94.6309 15.2603 19.4164 48.9714 0.0642951 27.0904
1446.9 37.944 34.3122 68.6258 94.8229 21.4624 14.6922 30.1066 0.0190117 23.8703
1327.74 71.1119 64.0062 30.5091 70.6084 9.97114 3.38741 53.9913 0.036049 31.9328
1371.6 73.3094 61.0344 28.0224 97.0092 9.57263 12.757 40.8197 0.0226671 28.4798
1483.64 37.648 25.1214 67.7949 100.014 7.11566 6.91594 21.2111 0.0187383 23.1238
1420.48 33.4582 47.2729 62.8145 82.3519 25.3971 28.6479 4.90532 0.0178248 24.0416
1462.02 22.3364 73.2892 65.351 65.6335 40.678 9.77716 1.05146 0.0161323 21.5595
1424.09 25.7769 95.9596 45.5376 56.9589 53.7526 17.1818 24.6457 0.023667 24.8151
1424.09 12.8419 95.9596 45.0978 64.5979 46.9603 40.2142 14.3624 0.0836112 26.4939
1472.35 22.9095 54.9917 47.9703 91.4444 28.3772 39.5003 26.9915 0.109429 26.8713
1498.94 13.5952 71.628 69.0144 66.9024 29.5055 14.0146 20.1494 0.0914797 23.4572
1506.12 13.2282 64.001 52.0909 79.985 32.806 63.3501 17.0661 0.0170644 25.9173
1521.88 22.9813 67.2375 9.95053 102.747 41.6563 48.153 16.558 0.0136479 29.7207
1569.61 15.0068 66.3599 40.359 89.1655 7.63454 25.6773 23.4936 6.8762e-05 21.1263
1535.61 14.9403 73.1306 40.359 83.9467 10.9389 22.8504 16.0236 0.0440435 22.5074
1533.87 12.9414 59.6301 72.1953 68.0382 32.0978 0.149496 2.67852 0.0558918 22.5931
1609.11 13.9924 58.5438 49.042 60.4754 28.4946 23.2917 9.94641 0.186617 26.8731
1539 8.00411 58.6224 51.6302 102.978 1.4118 18.886 5.69573 0.106029 23.5102
1586.91 5.00287 66.4043 60.8852 67.194 23.5707 18.0627 8.15674 0.0433456 21.6138
1550.53 20.8548 49.8982 54.9607 80.962 51.8324 3.70385 2.39286 0.0183625 21.9638
1546.12 18.2181 59.3663 77.5022 45.9625 19.5677 17.9392 4.18299 0.0647932 22.7411
1607.67 15.0691 40.5879 61.3486 60.6256 71.8152 16.1232 20.9891 0.0407459 25.7417
1618.06 3.63536 40.8207 49.8855 99.2697 50.4118 16.5425 21.7087 0.0743644 25.9864
1607.64 1.85761 41.8929 55.1843 89.9377 28.8947 19.9034 29.5952 0.127504 25.8602
1557.23 1.6293 56.3425 71.9283 74.6427 6.3828 12.6593 16.3302 0.0885798 22.9937
1637.99 5.94156 41.805 57.8628 90.633 4.91973 12.7699 12.1059 0.00191823 20.7271
1708.65 5.79568 37.1053 56.8786 68.6185 6.26992 27.4594 6.19788 0.000994395 23.7244
1664.93 12.9025 5.4479 97.5958 72.7137 5.30681 11.6503 8.32406 0.00133701 22.2792
1562.2 15.2041 50.2506 65.4929 71.9286 8.88667 18.3079 2.60058 0.0037725 19.9876
1583.47 24.9434 42.1932 45.909 100.974 5.90328 20.4685 16.3386 0.0244475 23.4318
1575.94 21.4409 47.5755 49.1014 98.2675 10.5016 52.0781 7.15817 0.000905536 23.5179
1624.58 20.4542 35.2486 47.9815 90.2121 11.0781 31.8497 17.5104 0.000905536 23.1065
1595.23 11.9929 50.1648 52.7803 77.3522 2.58372 13.5411 8.24428 0.0266351 22.6512
1599.69 13.5444 38.2304 52.9404 104.916 32.2921 8.34348 0.765085 0.0300277 23.5527
1613.55 35.1739 28.2688 50.1078 80.8396 51.9799 8.34348 11.4946 0.238862 28.6917
1596.7 2.271 51.493 50.8222 82.0125 41.1562 21.5518 2.49194 0.384863 28.4635
1563.45 7.07149 55.2282 63.1297 76.3791 59.5988 4.88551 3.34429 0.129145 24.1464
1522.57 3.82462 56.7931 64.3705 74.2246 74.759 2.74173 4.48947 0.0558968 25.2689
1509.04 7.90771 116.728 17.0958 77.0535 26.5948 6.75957 5.35306 0.118949 26.1795
1540.6 14.5074 98.8133 3.40156 104.959 41.6047 6.5756 1.90665 0.101811 28.3401
1544.76 13.2124 93.6203 3.40156 111.312 5.39524 18.6996 23.5415 0.126298 27.7008
1527.63 14.0663 101.413 48.0584 35.0144 18.0233 5.58157 29.6165 0.00282733 25.243
1370.02 30.9047 107.953 46.5032 57.5721 39.4733 0.924441 37.0677 0.0953781 28.4942
1448.69 22.3897 74.5402 52.8704 64.9328 29.1908 13.7839 38.3161 0.0250622 24.4467
1455.02 14.6239 80.5751 55.3507 66.0414 29.1908 4.96162 29.3279 0.00372683 21.9684
1455.02 17.8638 76.4576 67.0653 66.6447 8.86454 2.85694 21.0975 0.0187162 21.457
1500 3.48558 64.9117 84.7477 44.5818 25.3832 1.57665 17.5828 0.163376 25.8429
1542.89 6.8432 59.7973 74.3641 60.7435 31.0744 9.87198 15.707 0.12413 22.7607
1524.36 13.4516 56.2156 66.6443 77.1314 25.5415 32.7383 4.40277 0.107486 23.2584
1527.27 22.2041 34.2177 48.2695 86.3936 37.0209 39.848 5.02704 0.0692564 30.2654
1468.54 22.1424 69.4313 53.5431 84.037 16.9666 16.6947 9.60202 0.00230757 19.8715
1468.78 17.0883 60.6169 53.1866 89.7127 16.9666 21.1813 18.8247 0.0389601 23.6631
1555.7 16.7969 65.838 39.4707 73.7188 21.4605 1.35376 14.6678 0.00870667 22.0112
1595.62 16.7969 60.3776 38.9849 86.5538 23.9932 3.34518 12.1743 0.0156536 21.5609
1508.93 21.2472 69.3944 42.9081 92.2013 3.64446 4.80002 7.14264 0.0156536 20.7804
1449.94 42.7371 70.0258 33.4969 87.8466 13.4738 7.25548 7.41171 0.0621367 23.1427
1427.45 6.07356 97.9441 57.0758 59.5275 43.5337 10.7215 15.0252 0.097033 24.4023
1480.97 42.56 55.4961 66.5647 62.3045 12.6452 9.42778 18.4234 0.118732 25.275
1555.58 49.251 9.46409 81.908 71.4081 13.4568 6.73583 28.9899 0.0793688 26.1192
1510.13 56.7658 16.4065 83.4944 74.24 11.4733 19.6342 3.23175 0.171579 27.1522
1473.89 36.2868 11.7764 82.4649 85.8268 5.78543 51.0021 3.54227 0.235832 30.0898
1490.17 43.0488 18.1407 95.6223 85.7779 3.65556 34.7673 3.50304 0.18656 28.1288
1500.17 39.4095 1.52373 96.2632 89.0062 14.7113 40.4876 3.93993 0.174258 27.6045
1509.32 43.4749 1.52373 96.2632 89.0062 16.1728 19.0848 3.77577 0.205742 26.8164
1492.52 39.721 18.3999 104.87 67.4869 13.5983 51.7146 29.9383 0.132043 28.8895
1435.69 30.6467 34.9094 94.1308 58.6774 21.4178 44.3701 47.5595 0.208349 30.1548
1427.72 26.8242 43.8024 96.6128 52.4274 27.5087 6.45495 28.8294 0.0624299 24.6068
1371.61 43.5743 23.3943 118.125 60.2603 26.2515 6.23466 22.6058 0.117553 26.2187
1375.18 28.6984 36.2953 122.389 44.4352 36.6256 7.96727 7.99828 0.249478 27.12
1417.13 53.7869 18.7358 86.3044 78.3229 38.0274 8.48098 6.47529 0.17334 25.1231
1516.45 46.8501 7.89629 71.2408 81.1651 29.4468 5.24238 4.25778 0.0930382 25.4007
1452.46 47.6732 30.0225 54.4375 90.4775 5.70331 11.7308 1.2882 0.0693713 25.6878
1368.62 45.0685 62.0275 51.9695 93.8258 9.52693 3.0221 3.08283 0.00382429 21.21
1464.3 59.3194 7.23253 83.8869 82.4655 33.0969 13.36 4.09583 0.00737302 23.8089
1509.89 15.5933 37.1686 84.9091 89.9277 30.424 35.9829 15.2843 0.0135474 24.7999
1441.51 8.56396 61.3352 71.8953 85.1892 43.3363 31.4591 24.4901 0.0165839 26.8116
1705.71 9.30149 24.8234 92.4094 44.4293 45.386 3.85609 6.92741 0.020528 24.2407
1494.78 12.1154 77.0832 75.6016 44.216 7.17909 3.08215 6.37824 0.0792101 23.5073
1532.02 15.6845 20.5369 116.932 64.2652 7.44043 6.32738 2.69143 0.0828349 23.2706
1563.35 14.0144 12.424 109.922 60.9164 13.0358 7.55729 2.4956 0.0951883 23.7501
1571.7 17.1261 19.7699 94.5603 76.713 23.6724 14.0686 8.17549 0.167444 23.7903
1531.3 28.7974 35.4442 77.109 60.7632 30.2869 7.42624 10.6321 0.197338 24.5281
1531.3 36.2321 25.9583 90.7151 60.7632 29.7176 2.40365 10.6707 0.0399258 22.3853
1496.83 56.7209 27.29 88.0853 23.19 27.9918 3.38434 8.60514 0.0399258 27.2893
1497.48 25.1634 43.6239 111.549 50.3913 5.65703 19.9163 0.67841 0.00028948 23.5185
1431.83 26.9569 55.305 96.1383 45.6978 7.05693 19.7776 9.09811 0.00028948 21.0392
1540.44 25.7081 71.879 40.1683 68.1229 6.45454 9.4004 4.41109 0.0302043 22.7198
1416.82 49.2265 38.8595 70.3319 82.9111 6.43979 13.583 3.12233 0.0218846 21.8256
1474.68 42.8849 40.9413 57.5461 107.376 6.38341 12.7304 1.27844 0.0409775 25.1745
1488.82 36.2121 64.2888 39.0662 93.2966 6.49723 1.54474 17.767 0.0299996 23.1793
1470.95 50.5303 55.1313 39.0662 83.7066 6.50492 3.57469 16.4634 0.0319174 23.7475
1389.23 45.9642 78.3427 36.4831 71.6302 1.36378 25.5261 13.0385 0.0269409 25.8583
1307.63 53.2155 78.3427 43.8735 88.0908 2.68217 40.8398 4.1228 0.0234874 25.8206
1255.86 52.0448 99.6898 43.8735 81.7923 6.92555 29.6487 4.1228 0.00498991 25.9035
1206.53 82.7291 80.6531 26.2837 80.7304 13.7604 22.0043 1.88055 0.000814051 26.5897
1308.37 57.1635 91.0386 26.2837 91.2691 20.7847 14.0477 6.70502 0.00421159 23.9674
1532.96 9.65334 26.5572 115.264 53.7314 21.058 3.7891 19.5579 0.0266222 22.9491
1520.22 8.506 26.2913 127.896 52.88 24.9458 7.21995 24.6433 0.0651413 24.9831
1513.96 9.41607 55.4426 100.277 39.3049 43.3937 1.85394 12.8362 0.00781492 21.3672
1556.68 10.378 28.6353 84.2578 63.9857 98.0811 3.72899 23.4406 0.0117347 28.8324
1656.21 6.35284 17.6039 97.5143 62.387 40.6582 3.0947 19.7252 0.0043397 22.3208
1601.23 5.49087 9.39053 99.6491 77.6945 23.432 10.0231 8.08211 0.12383 24.3011
1695.88 6.37098 5.08986 75.8227 89.3625 24.7124 8.55304 5.68805 0.182971 25.7861
1695.88 4.9945 10.0662 68.4414 89.1167 29.8511 3.09989 4.16376 0.180344 25.797
1674.26 3.78776 10.0662 79.6747 101.127 20.67 17.4561 3.33636 0.0581237 25.42
1596.16 29.1668 8.95659 90.1511 83.4355 8.31291 3.95439 31.711 0.157599 26.7747
1596.16 10.786 14.2921 86.012 93.0679 6.79173 4.50063 13.2554 0.176201 24.2239
1636.35 11.2822 15.6593 40.8884 111.03 28.8298 5.80701 14.3621 0.199334 28.6889
1652.76 4.50407 26.2007 58.639 104 36.7014 0.966563 15.3607 0.113325 25.7456
1690.73 11.089 28.7354 58.6871 84.8362 11.9613 4.21069 19.798 0.251188 28.3904
1503.38 6.93449 60.4548 62.8436 94.3507 4.0826 7.96714 5.98142 0.143186 22.9491
1572.17 34.3238 31.2165 80.7543 59.8914 17.0466 34.8017 7.63178 0.0836348 25.4631
1523 27.8032 55.8372 67.5418 42.7215 41.6242 4.91919 31.6829 0.0499829 24.8784
1373.88 24.9027 43.7586 112.413 42.987 58.2482 31.2397 27.9131 0.0448499 29.6445
1481.02 28.9655 39.5004 112.413 27.0984 10.0244 40.1683 21.8651 0.136079 28.2776
1320.72 67.0072 46.4751 91.4283 51.5286 32.723 35.8774 30.0075 0.0801426 28.5755
1314.44 40.6227 58.8386 89.1669 64.0304 27.6289 35.8574 29.9819 0.263238 30.2998
1423.92 28.6272 58.0554 51.0661 98.1497 2.83703 33.0311 29.3976 0.207885 28.1827
1480.74 8.09966 41.8509 90.4551 67.3337 35.6195 29.9676 29.2942 0.430731 29.0976
1456.26 21.4238 68.5557 82.0879 51.7768 50.9615 6.29221 29.0746 0.0894703 25.2456
1431.51 40.0279 63.7295 55.3804 66.3637 37.6264 6.86255 28.3324 0.0277964 23.0852
1598.58 6.30448 73.0601 46.1256 75.5578 8.63375 10.0089 25.6946 0.218646 27.5578
1420.15 42.9009 74.5432 36.936 68.0823 44.0501 29.2378 18.2862 0.0237551 25.2022
1470.8 31.1038 86.5992 31.297 64.3731 58.7089 19.2611 17.1266 0.0237551 25.2404
1398.14 54.2401 71.1408 29.535 77.4859 50.1122 10.286 14.7341 0.0237551 24.8891
1432.02 54.2401 53.3699 32.0728 103.987 17.3181 2.67031 6.26549 0.013056 23.0675
1413.04 36.0907 60.372 27.3175 108.632 36.1474 2.79141 18.9363 0.0224991 26.1518
1413.04 48.2259 65.3411 27.3175 100.328 35.8995 2.79141 7.2705 0.0224991 23.6388
1332.47 36.6392 95.4044 37.6578 91.2801 13.9066 57.0519 5.31403 0.0224991 26.8971
1211.19 76.9451 80.9593 44.362 88.3035 0.0366538 36.6273 4.37598 5.35461e-05 28.7968
1239.61 73.264 64.8139 49.8728 89.0704 8.24412 28.279 3.88606 0.0907149 27.5503
1429.93 73.264 17.1281 69.07 91.8784 12.4638 6.14357 1.13745 0.0118998 25.597
1360.58 73.264 23.4708 62.9805 97.6994 22.2349 2.47953 4.74574 0.0174127 24.035
1407.54 90.8837 10.7061 64.4598 59.133 22.7983 5.62263 4.91423 0.0004883 25.689
1371.38 90.5572 15.7344 68.4292 69.0859 20.9062 8.66036 8.42034 0.229098 30.429
1561.61 9.89993 45.2039 70.1375 77.6639 20.0901 13.3535 10.3521 0.0951837 21.9882
1489.16 30.1601 39.4999 72.0562 75.5554 27.8376 11.409 15.791 0.166295 23.78
1545.19 28.2291 23.4451 93.099 68.0212 26.073 13.6414 14.8412 0.0944333 23.3637
1416.39 3.31413 79.6123 84.0706 73.8878 38.9661 25.3129 23.8278 0.130694 28.5404
1546.74 29.2281 34.4584 69.2076 69.0539 0.241182 76.7721 18.6764 0.0286425 29.3638
1471.1 33.4487 34.1534 106.041 55.6948 5.61055 19.3491 18.7215 0.0612219 24.1343
1528.45 33.2311 34.54 82.326 49.2163 18.3376 17.5448 3.15211 0.0240762 22.3964
1528.45 23.7465 34.9148 102.452 49.2163 20.1318 8.9151 3.15211 0.0240762 21.0491
1663.52 15.1099 18.4576 84.5452 65.7581 18.6569 1.47961 3.15211 0.0182295 22.1917
1564.81 13.5436 43.9419 84.5452 49.1451 31.5701 31.1141 3.15211 0.0156952 22.1815
1600.85 16.6587 29.7741 100.212 53.3969 27.8885 20.8046 3.21512 0.00100722 21.053
1597.11 8.24082 25.9322 119.067 47.0775 24.4684 39.6926 9.0895 0.00100722 23.2349
1588.38 14.8013 41.4707 79.0333 61.8733 14.9853 23.1385 25.7743 0.0129653 22.0911
1665.22 18.1739 2.85412 96.6148 52.5267 21.3698 34.1765 23.4369 0.00633256 26.9165
1568.94 9.09829 48.3484 102.558 48.1941 23.4286 14.4639 2.06805 0.0268156 22.5336
1595.58 28.7697 38.8374 49.6499 69.2288 23.8769 14.8401 7.63567 0.0762051 25.001
1531.73 15.5004 50.1853 53.0031 89.6311 19.4284 15.9151 2.99896 0.0371988 22.0824
1616.92 6.97677 50.7989 39.0584 95.8773 43.0408 12.4474 5.53776 0.0639303 23.7153
1408.55 29.878 57.7246 89.8327 56.9297 22.9177 12.8817 4.22186 0.0496718 22.2256
1487.6 33.7892 51.4856 82.6002 45.785 4.37465 3.233 1.99996 0.013464 21.891
1534.02 15.2737 59.3294 53.7434 88.6603 19.4681 47.0513 50.9507 0.0122093 26.1892
1557.91 12.3975 75.7175 41.2572 75.5553 0.125965 8.78182 14.8094 0.0162882 23.3038
1388.06 53.2817 55.4606 49.4393 84.9267 21.4176 4.26796 5.39081 0.00233879 20.701
1385.75 55.0163 21.7383 114.02 49.9798 12.8653 3.5154 33.7071 0.00269377 23.822
1420.4 29.6646 106.781 15.5049 53.4731 26.6283 10.6533 29.6507 0.00651192 30.0927
1479.77 51.2499 13.5069 114.728 46.5517 15.3483 7.25488 9.61925 0.000190823 22.1391
1461.57 29.665 13.5069 125.763 44.5505 9.45773 13.3098 16.3117 0.0165698 25.2315
1448.63 29.665 24.1322 128.689 44.5505 13.5694 0.529838 14.9334 0.0205566 24.2385
1445.92 20.3646 46.966 119.995 53.6173 16.1386 3.92371 7.48303 0.000341334 23.026
1452.97 15.1223 56.6522 119.995 33.1617 14.8854 2.61981 14.7627 0.00603629 23.2141
1454.61 7.01845 61.2905 121.659 40.6156 9.39167 15.3649 8.19319 0.0113712 24.5896
1432.92 10.9641 65.4715 115.964 28.4244 31.5351 21.5546 5.94012 0.00763898 24.0791
1386.64 11.7254 67.765 106.568 44.4242 26.9923 8.74029 4.67992 0.0320469 24.7173
1379.76 9.39653 74.5483 97.9083 38.1232 34.5405 10.4887 8.40346 0.0269095 26.7889
1439.89 15.8022 75.1057 84.447 35.4866 42.7055 35.5208 19.7591 0.00548247 24.6056
1434.14 8.51537 68.2742 89.4182 27.9599 87.479 12.2106 8.89582 0.291979 28.3955
1460.65 14.9916 67.631 88.9115 48.6013 16.8659 6.41841 4.58989 0.00326051 20.0677
1458.58 10.1823 71.7392 88.9115 48.6013 17.4959 7.14401 3.11756 0.0484461 22.0703
1437.8 9.53005 71.7392 88.9115 52.2035 40.005 25.8384 1.80772 0.109131 24.6986
1409.27 28.7906 71.0696 53.0235 82.424 47.6496 17.5217 2.24026 0.180366 25.3793
1416.95 37.3375 57.225 37.7789 105.856 36.3842 8.02531 10.5949 0.217744 25.8257
1523.22 42.4761 27.5038 49.5575 89.6148 41.5766 23.0445 27.298 0.0385895 26.3492
1501.85 41.1358 8.59793 113.292 44.1752 41.0115 14.0858 24.7182 0.0287928 24.5893
1488.65 40.4651 66.9969 29.7034 80.3452 33.4712 1.0316 22.3677 0.0166848 24.0644
1572.54 41.4878 41.8729 47.8084 69.7787 41.5764 12.0704 12.8102 0.0521416 25.6863
1505.6 49.378 46.2877 38.6574 70.9028 46.1497 3.61582 19.0048 0.0579344 26.1238
1483.25 32.3023 39.6042 96.7389 44.6866 46.5695 10.1667 5.27591 1.89911e-05 19.6743
1465.26 32.3023 36.9716 92.8231 49.6728 46.5695 19.2302 5.27591 0.0100462 21.9577
1434.3 33.4248 58.2634 78.2033 56.1532 27.231 46.2661 12.4981 0.00360391 22.8396
1475.94 28.1883 61.5098 45.6792 86.3559 9.73275 2.26675 11.6449 0.0650104 22.5095
1351.57 49.3863 61.7182 73.8311 74.649 26.834 28.6404 2.87456 0.0422729 25.311
1364.77 40.5631 74.1852 61.4427 66.2692 40.7601 28.9807 7.8685 0.0214633 23.6818
1550.09 3.02778 72.7319 59.5223 74.6649 30.2908 26.1787 1.14505 0.0889605 23.7676
1485.53 18.4539 78.9793 54.11 73.8258 13.5151 41.8269 0.214322 0.0503647 24.7044
1402.81 43.5763 46.3765 88.1521 76.602 7.63646 24.3255 27.9283 0.0244654 25.7199
1519.94 8.77836 45.4399 83.4194 72.5327 24.2777 17.5648 12.4085 0.101146 22.6995
1507.17 8.77836 49.2629 83.4194 65.718 37.0126 4.57444 14.9638 0.215941 23.9686
1620.17 1.91275 51.3758 50.092 86.0376 5.27954 4.4813 3.70111 0.117656 23.995
1654.89 1.24745 11.9536 70.7389 126.227 1.82693 16.3038 0.271929 0.0563349 29.3905
1687.83 9.25752 30.6571 99.0517 10.3351 58.3921 24.2552 6.29915 0.0566857 28.9376
1440.7 16.1482 69.4029 80.8678 60.282 42.2467 36.9912 31.3754 0.0522719 26.0484
1458.98 36.9794 25.1923 116.488 24.8209 28.4712 10.4721 1.14128 0.0474886 25.3337
1530.66 22.7264 31.6445 95.033 48.8366 19.8407 13.5209 9.71869 0.0397591 22.3659
1475.59 10.0316 64.1497 91.3776 52.2997 56.8016 31.7208 0.837734 0.0423547 25.2359
1447.92 14.7933 65.7439 84.0761 49.6217 46.0036 46.7554 6.36383 0.0539608 25.3425
1374.39 19.2992 56.1681 101.996 48.7874 31.4121 21.3106 21.2004 0.287388 29.2147
1450.67 41.1901 45.5258 89.8585 44.5431 29.6927 71.3706 5.46517 0.132706 28.4201
1555.24 21.0296 30.6314 97.8883 61.5408 23.0056 36.9899 0.454996 0.126841 25.8692
1481.98 20.4239 28.0859 72.8549 94.1616 44.0789 27.5389 14.019 0.307951 26.9791
1491.06 18.9409 35.4819 82.7986 95.073 20.1378 49.2851 6.14679 0.407541 29.5956
1446.42 21.4579 40.6043 93.6911 77.5853 18.392 14.4278 10.3595 0.249591 24.8454
1515.54 2.9797 78.4844 53.6482 81.9406 14.0922 8.85231 32.6136 0.0152416 22.2759
1502.16 22.4874 64.943 48.4578 101.25 16.0801 7.54788 14.7496 0.00763224 22.1565
1410.98 26.396 71.7618 54.5178 88 18.3528 42.5481 8.48576 0.0226564 23.8282
1301.2 29.633 68.505 73.7464 103.356 7.23408 5.02074 19.3147 0.0428097 28.2288
1680.02 17.7618 0.458486 59.0725 99.7839 26.3119 6.2702 15.4194 0.18351 28.8357
1573.46 3.93647 44.3069 61.6296 103.344 31.6142 11.496 24.5311 0.118136 25.2601
1609.3 4.93459 58.5995 52.6963 77.1999 22.8 3.6344 16.1053 0.125604 23.4127
1583.98 7.16832 44.3438 72.0655 79.9643 15.8046 3.62593 30.2016 0.160439 24.2781
1600.64 18.6281 21.0297 96.8356 58.131 9.8143 3.32637 11.2298 0.091569 23.0995
1531.15 10.7234 25.9211 105.614 54.3565 8.59094 3.20162 11.3153 0.14433 25.64
1570.63 2.53124 57.0186 94.1805 43.0708 10.818 10.4652 94.0494 0.0342381 29.3176
1562.93 9.21822 59.8802 98.3542 21.2843 10.445 3.60319 99.7119 0.0210265 31.6228
1424.46 31.3937 41.033 101.189 52.7275 14.908 14.845 66.3484 0.0390793 27.3871
1424.46 31.3937 49.4738 101.189 48.9228 14.908 16.8768 46.6607 0.0390793 25.5053
1458.32 19.853 49.4738 91.2007 74.4817 9.66072 27.266 44.287 0.008914 24.9484
1503.32 12.6638 48.2746 85.425 73.3831 11.9741 11.3277 26.8024 0.170678 24.1904
1606.9 12.1711 30.7305 71.3082 80.003 45.3966 9.83858 73.9204 0.0230537 27.6354
1569.59 18.1533 19.5927 77.6595 81.5969 60.5339 7.47398 37.4992 0.0230537 26.625
1426.13 44.6794 47.8614 69.5188 73.6557 3.50165 41.7774 7.49183 0.00522158 22.8893
1336.08 62.8502 55.1499 69.1116 56.1297 4.33876 31.3301 4.06818 0.0121968 24.605
1381.71 51.9885 54.8767 63.5877 70.2793 32.7479 14.6623 12.4516 0.0024224 21.2636
1329.55 56.3547 54.8771 63.5877 67.1062 25.1164 7.51482 12.8748 0.0160581 23.2135
1329.55 50.8817 54.8796 76.5554 66.8846 46.9928 16.5986 15.4152 0.00519232 23.4543
1395.24 56.3495 54.91 55.5606 66.2769 50.0623 7.81788 2.80184 0.00624712 22.3647
1494.39 38.3785 52.0303 62.2119 52.4655 49.2501 8.26558 7.76083 0.0549497 23.3328
1425.07 41.9522 59.5128 70.0161 59.4702 51.775 8.9584 2.06472 0.0820457 24.1095
1408.83 20.5053 76.973 80.1955 52.7187 54.6074 9.75565 5.61423 0.0474556 23.5659
1462.63 2.03972 65.0337 92.782 62.954 47.0899 8.84057 35.2714 0.0134733 25.6527
1475.11 16.0357 68.2602 76.7396 40.3476 52.078 12.6057 30.4303 0.0272853 24.4196
1478.89 23.9092 37.1513 86.3041 65.6709 14.0686 7.48227 18.2645 0.128232 24.2552
1439.16 34.6344 44.6296 88.9496 81.2857 12.1277 23.7876 13.9509 0.189957 26.9261
1436.08 10.7453 61.5214 75.5796 83.6298 21.7717 11.6227 20.3234 0.186067 24.745
1442.59 14.5905 61.5172 86.6965 64.1464 35.7244 25.3972 23.4791 0.243632 26.622
1449.88 24.291 39.9644 104.42 66.5912 26.965 17.0536 27.4726 0.0750696 25.2338
1406.67 30.4675 44.0825 91.4893 57.9459 43.8044 12.4229 23.2611 0.173828 26.0076
1393.8 25.3022 77.2375 71.5733 54.7012 57.4956 6.37092 16.8126 0.238626 26.6351
1374.44 35.3184 89.699 36.188 83.4353 33.9337 7.05108 17.2279 0.013196 22.8429
1329.31 40.7439 83.9211 39.1174 105.156 15.2305 7.94077 29.4844 0.013196 25.4283
1431.21 35.5424 73.6376 31.646 113.195 3.70458 3.25455 36.0228 0.165407 27.5452
1424.57 15.651 86.4022 37.1893 103.73 8.68317 5.0479 21.2097 0.192139 25.163
1290.76 21.0168 107.799 43.4417 105.495 14.1396 4.44666 11.8367 0.129599 28.2893
1292.67 26.5065 112.237 49.4924 91.6189 5.67725 5.01416 5.72855 0.0928782 28.0269
1419.32 12.4643 107.527 19.3723 87.5844 69.9862 5.05971 15.6285 0.0906595 27.2405
1466.47 7.9665 93.7802 46.3125 75.9667 37.8638 4.95776 29.2189 0.0669165 24.0163
1515.4 15.913 65.3532 29.9229 109.967 37.8638 5.07394 17.035 0.116404 24.6792
1576.33 13.7639 56.3094 52.9253 74.3137 34.5406 4.88462 10.8833 0.0503292 21.6325
1578.34 32.8298 56.3418 64.7661 62.9341 20.454 10.666 39.3799 0.0285023 29.6871
1538.86 25.5482 51.5724 62.2322 64.6749 28.1203 24.5363 18.6864 0.058513 23.3044
1557.54 17.8517 52.8984 55.699 70.0643 13.3003 2.77135 20.8717 0.0175819 22.1404
1653.56 3.5332 33.1578 64.0304 88.1434 3.21829 14.8823 1.70081 0.0131436 22.5218
1609.96 16.9374 40.9047 67.8333 67.1997 17.7676 38.2351 5.52174 0.0101315 22.3436
1473.95 16.9374 65.3285 60.9323 84.7831 30.7778 21.63 5.66248 0.0160204 21.5738
1469.29 25.5823 70.6494 71.4446 50.4076 32.1591 14.0428 10.4408 0.144642 24.3547
1497.95 28.0658 52.3269 76.845 52.7798 28.5 20.3904 12.2053 0.0593933 22.5634
1501.98 22.9906 36.9504 114.159 46.5661 6.06014 24.0562 10.7608 0.0413493 23.7949
1505.24 15.4195 41.922 110.035 37.7363 32.2279 7.42952 15.4223 0.119469 23.6262
1420.21 20.7027 67.8417 77.0089 63.6343 20.9784 5.22441 16.4012 0.0156961 21.5151
1470.48 12.0504 88.313 54.8414 72.1879 27.4408 4.48335 11.8469 0.0785002 22.663
1422.74 6.9165 97.1107 55.9832 75.4874 24.5395 2.12348 7.71196 0.143112 24.1693
1496.46 11.6135 77.0785 54.5806 79.0713 12.2752 10.3383 10.7878 0.0483759 21.1757
1605.42 10.6301 23.9897 115.3 40.4159 2.65596 4.04009 1.52698 0.154078 25.8842
1438.64 21.69 28.5325 123.504 62.7013 13.7714 14.7496 5.44485 0.157183 25.3135
1563.79 15.8322 16.7685 112.743 55.3667 15.0772 19.4033 16.0695 0.256338 25.8243
1489.57 18.9907 21.9609 118.175 53.8761 10.8436 16.6782 16.0695 0.136177 25.0604
1524.55 7.33328 32.444 118.074 58.7528 6.81111 16.5837 3.50404 0.0680926 23.6331
1518.91 25.7128 25.0907 111.315 52.5214 13.6271 17.799 23.0582 0.126996 24.7377
1482.81 30.2358 35.3855 101.135 52.3388 5.56623 10.7354 20.1715 0.0642546 23.3645
1451.62 55.5048 8.14008 108.239 51.5198 16.1898 13.084 8.46467 0.047414 23.8878
1453.49 38.6521 16.5885 113.416 52.2958 47.5666 16.2303 4.54619 0.000493958 22.1443
1482.94 24.2834 43.3096 101.516 44.8378 43.9514 46.0776 1.92659 0.0283255 24.6132
1468.86 17.5775 43.6282 112.535 40.8492 7.1811 2.74155 1.03658 0.014779 22.9248
1485.72 24.5042 52.7122 84.0126 51.3012 32.0782 3.27686 19.8754 0.0238919 21.4297
1477.32 40.548 44.6374 67.1986 53.4361 24.439 10.5137 11.0029 0.0589784 24.0177
1507.18 30.4336 57.1999 74.4703 37.69 13.6255 44.0415 20.3699 0.0156968 25.877
1564 15.1681 24.7007 107.246 41.1693 52.9733 37.167 31.348 0.103437 27.021
1446.44 29.3343 42.9167 85.8767 43.4229 88.9714 23.6077 32.3278 0.0358112 29.2449
1528.56 38.0693 42.8528 72.2618 60.9408 21.8747 25.6525 38.3505 0.0169983 25.0088
1508.63 17.5111 61.4874 64.2863 51.6194 32.2365 22.5534 19.1386 0.00324032 23.1902
1535.83 21.9605 58.4096 53.5596 59.5283 58.276 9.64035 12.5646 0.00324032 22.0977
1535.83 18.8921 57.5183 69.2063 61.0536 58.6994 13.4745 19.3059 0.00324032 21.9627
1541.27 23.8952 32.9826 72.8986 95.7807 31.5213 18.3107 6.33579 0.00770638 23.0944
1519.36 23.3525 41.5851 76.9303 66.4276 44.3565 18.3107 2.3461 0.00770638 21.0951
1519.36 30.8898 46.3205 76.7822 60.3014 33.6625 19.1974 21.3018 0.00770638 21.9858
1519.36 30.8898 45.6231 76.7822 50.9955 33.6625 19.1974 8.6768 5.56038e-05 19.7866
1518.09 8.69267 63.6254 68.9008 77.8422 32.6802 13.1823 28.6812 0.00379991 21.6064
1504.04 10.868 66.8549 80.2677 65.6008 20.7156 16.4978 39.1016 0.0362784 24.1049
1473.02 6.65097 66.5079 97.3246 58.3333 19.372 21.243 28.7384 0.000172047 22.7172
1473.02 9.98204 61.9174 107.145 33.535 0.0919771 2.30795 5.86287 0.00324714 24.6504
1402.28 31.6508 69.2369 71.1932 52.8695 12.7829 23.2304 11.3798 0.0109466 22.8952
1380.49 33.2908 71.2029 66.0413 58.3304 22.7044 9.97446 11.9745 0.00237787 21.678
1439.91 35.7857 80.6705 59.1227 46.9003 24.6841 26.44 9.97728 0.00380672 22.7108
1504.9 33.9543 80.6705 44.5719 52.8536 15.3185 6.25343 8.50072 0.00644838 22.9956
1442.78 23.2113 79.5706 57.4237 75.7215 23.1974 6.81009 28.6284 0.00644838 21.8018
1553.43 11.5095 83.3817 36.9212 79.0077 19.1373 15.3243 22.788 0.0431576 23.1872
1550.4 13.4639 64.122 53.2631 86.8843 13.8582 10.1053 11.8527 0.0584765 21.8311
1502.21 21.9714 59.6934 51.4376 66.1594 29.6779 27.3258 9.84081 0.0731742 25.0623
1553.42 6.54069 57.1941 60.3061 66.1353 57.2626 20.6426 11.2679 0.0223173 23.737
1623.44 3.33498 57.1941 60.6522 66.1974 26.8667 18.3226 8.52571 0.00920709 20.9286
1460.74 16.0471 93.3304 47.6738 68.6446 8.17433 19.6592 9.49977 0.0407925 22.5196
1429.21 15.1445 86.0857 73.8973 55.3461 9.01886 8.64267 7.90565 0.0495275 22.5089
1479.23 17.1445 82.2571 57.1738 65.1042 8.19741 9.59949 4.96721 0.0268137 20.9823
1485.75 20.299 55.8267 57.1738 105.374 27.3249 2.00977 24.5818 0.0143586 24.0355
1539.86 18.898 79.3324 57.0307 57.6989 26.7585 12.122 11.6135 0.0202753 22.8655
1454.65 18.007 74.9233 67.9514 48.4521 31.7869 10.0701 27.1217 0.0158239 23.2382
1494.52 13.4432 80.6683 46.6731 98.5506 16.9885 7.72595 46.2477 0.0103674 25.2784
1548.42 9.89996 80.6683 52.498 74.0376 6.58108 9.74594 10.5052 0.0190584 21.4445
1506.88 11.1186 80.4061 52.498 69.4084 24.7134 9.13477 0.178249 0.0455143 22.1926
1514.96 1.66926 65.2999 69.116 74.3325 17.1298 3.97206 13.9616 0.000817541 20.6362
1514.96 12.7436 58.0564 73.8037 74.5449 17.1298 3.97206 11.0499 0.0424785 20.7759
1650.27 10.0012 61.5952 49.5872 80.3614 13.79 12.0976 1.46422 0.0246364 24.2815
1666 7.35604 42.4201 48.1743 93.1154 17.6884 5.05089 4.23468 0.0246364 22.1038
1666 7.35604 42.4201 48.1743 87.612 21.9245 40.4209 7.37978 0.0246364 24.3824
1616.41 4.69649 50.9113 51.0902 90.2798 26.4864 32.4466 16.5842 0.00990112 22.9171
1609.08 5.22534 27.0261 123.523 19.8628 30.6415 14.1916 8.61612 0.00990112 23.7005
1575.62 12.3832 11.4727 125.458 33.8605 29.0904 8.09087 4.04645 0.0938521 24.7467
1580.08 17.8561 13.1957 139.477 32.1961 33.7707 6.90722 7.4674 0.00514792 24.1077
1584.16 8.18742 13.1957 127.434 32.1961 39.9841 12.6767 2.83547 0.00514792 23.9294
1566 0.34445 34.9326 127.434 32.1961 35.4579 12.6767 6.00833 0.00514792 23.6325
1569.81 10.605 20.1961 127.434 35.1075 35.4579 1.56146 3.81205 0.00514792 22.1912
1583.22 10.7551 20.1132 127.434 28.9528 44.7821 1.56146 3.81205 0.0221497 23.2295
1584.98 9.91258 6.41669 150.978 28.9528 26.2332 1.56146 6.62084 0.0387982 25.6601
1583.78 11.9069 94.619 63.0299 30.7667 9.62427 9.02881 20.1237 0.00453731 27.7921
1561.17 11.1113 64.2938 82.9877 30.5353 20.2232 14.6281 38.9377 0.0303866 25.3463
1579.4 5.53268 41.1713 98.1479 30.1835 24.6761 19.7675 24.0756 0.183033 28.1031
1529.81 13.4753 57.7379 84.5058 41.8095 17.2732 41.3511 25.9681 0.0794175 25.9779
1536.59 9.50532 62.1266 74.8203 46.4524 73.7742 34.5763 21.7436 0.0111604 25.3692
1619.71 5.54948 64.279 68.6236 52.3926 42.5509 2.35432 17.5298 0.00892829 22.2068
1465.1 16.3686 59.0452 91.018 47.3207 32.1864 12.5185 3.94347 0.0201939 21.3641
1553.29 2.61211 41.2431 76.1672 77.7199 53.3183 13.2275 29.8147 0.0664363 25.7869
1550.71 7.04208 38.8502 73.3088 85.5958 14.7813 13.8365 4.56377 0.105526 22.8209
1533.6 18.5127 57.2469 55.9799 86.7405 12.2891 18.5565 13.0585 0.0769709 22.3817
1475.22 6.44169 62.6055 73.5735 84.191 23.6253 30.5009 4.80812 0.144393 24.4326
1484.23 13.284 78.5971 67.5669 50.941 41.8015 11.3325 17.1587 0.0403176 22.3298
1457.17 22.4445 69.7582 58.906 79.8899 23.1611 13.1323 12.3374 0.00961815 20.5579
1461.75 7.14673 91.6959 66.9063 61.3338 19.5218 9.44288 13.9328 0.00884684 21.2525
1460.64 21.3466 90.6362 56.7425 49.1773 17.7512 19.6493 6.80599 4.42671e-05 20.5089
1460.58 9.96803 89.9339 29.9695 85.4658 30.7806 7.7739 14.2634 4.42671e-05 22.0309
1492.94 8.01956 86.1192 59.2535 73.9221 8.47028 15.0676 10.3577 0.0735431 22.8758
1486.25 6.63259 71.1358 96.061 35.633 18.9843 22.7331 46.2177 0.0194304 25.7877
1486.23 23.3493 64.3986 109.471 22.6915 29.78 10.052 76.6703 0.00712772 30.5366
1503.94 39.0104 64.586 57.9515 31.5513 63.959 15.0129 37.1064 0.00232786 27.1233
1388.47 30.7758 87.7059 63.8128 46.5045 32.2027 17.0379 4.93577 0.0408662 23.4857
1544.13 6.12909 78.6443 64.037 62.5611 12.2756 26.9963 16.229 0.0143288 22.0416
1490.78 25.184 57.6836 63.2236 62.9445 28.2117 48.7569 4.72724 0.00492225 22.93
1455.41 35.1478 46.6423 87.2714 56.0027 26.698 12.1268 2.63618 0.000350051 19.4254
1551.67 18.6126 37.5373 88.5582 62.386 25.1183 38.3206 1.82795 0.0236268 22.6294
1613.52 6.78652 38.0317 84.6559 68.2036 54.2255 22.0486 1.74015 0.0342291 24.26
1641.57 7.35618 30.626 86.5003 66.5222 20.521 19.4367 4.20171 0.0361902 22.0129
1545 8.3819 23.0331 89.7731 72.0072 46.3507 14.1069 4.13057 0.0638951 25.5488
1627.92 3.89699 7.13271 92.8162 73.0088 72.0916 27.6344 3.97352 0.116588 28.5085
1189.79 75.2619 69.7925 73.8549 66.7304 46.6869 15.7165 23.8091 0.0638742 29.9901
1221.53 84.6809 57.3824 76.3087 69.7399 21.6337 16.9111 23.3126 0.0847029 29.1676
1356.36 51.7348 50.5933 62.9282 106.428 5.05574 11.7956 4.47588 0.0348632 25.292
1384.17 31.5761 84.845 42.4995 83.4246 18.5092 12.071 7.37369 0.0475892 22.5829
1397.78 35.2432 70.862 55.9825 79.9578 27.01 7.92692 8.54326 0.0711394 22.5711
1386.01 35.7759 78.126 55.8061 79.829 15.9884 13.0439 0.289189 0.0432789 23.5103
1324.58 54.7112 73.718 53.4464 69.5408 23.4658 3.12542 2.6689 0.118428 25.1421
1453.77 54.7112 33.7211 59.2797 79.7583 25.0877 2.07507 5.62222 0.0315734 22.4794
1433.2 53.0127 41.4089 41.5095 89.7754 28.222 2.53361 4.30722 0.027788 23.7742
1338.93 73.9215 41.4089 52.8955 94.3458 23.1732 14.4232 2.83593 0.0778814 25.3113
1393.13 81.2014 43.1487 50.0263 52.4472 11.5424 15.0212 2.47297 0.0596392 29.0667
1410.03 44.2486 48.1899 60.2666 65.5271 42.1868 14.5424 8.59345 0.0667364 25.1558
1405.97 56.047 32.0714 67.4888 75.2456 45.852 19.2595 23.3415 0.072215 25.7518
1409.87 33.9421 46.0457 58.2944 99.5523 48.6428 10.1894 7.29338 0.0428867 25.2559
1570.08 10.27 50.776 56.7766 84.653 29.7169 5.8359 9.87081 0.0296592 21.0074
1564.82 2.28205 60.5156 38.8932 105.614 1.69793 9.8685 7.42162 0.0375368 23.7763
1533.66 27.4147 62.8972 56.4353 68.7957 32.8986 6.98739 6.27419 0.00413459 20.9202
1617.92 24.2612 31.5003 70.1787 79.5917 18.8187 14.1516 33.5841 0.00412831 23.8566
1504.49 20.9084 60.1293 67.931 64.9097 20.8322 25.5454 28.2809 0.0151581 22.2768
1573.2 14.7902 54.2768 53.6851 71.3889 16.5084 12.4632 14.9645 0.00953708 21.2818
1574.52 18.6344 62.1341 54.9223 61.9587 25.1542 14.0345 9.94139 0.00903672 20.9071
1495.16 30.2681 50.4929 58.6922 75.6611 24.9416 1.84329 38.4178 0.0253291 23.2296
1507.07 12.1323 92.5186 78.9333 19.0702 5.39809 11.8553 18.0125 0.00217501 25.5638
1512.95 27.9359 25.9984 102.739 54.0147 14.9376 0.150127 23.6827 0.00217501 22.3444
1511.85 25.0113 25.9984 106.932 57.6708 32.457 0.150127 4.27659 0.0202582 22.683
1513.57 10.5016 70.9799 74.1487 50.4803 26.6007 5.94113 7.09584 0.0428955 21.1084
1495.22 5.85079 84.0357 69.6953 52.149 12.7771 22.6875 16.5932 0.0186274 22.4222
1493.18 2.94838 87.4809 67.4758 72.6029 11.1274 29.9477 27.0833 0.0687682 26.1163
1532.6 2.94838 62.5584 56.0977 75.8153 18.8538 45.6853 18.4897 0.149358 26.9144
1528.46 5.18744 81.4023 46.4899 76.8053 34.4878 31.1959 5.18129 0.0606082 23.2114
1534.32 2.88325 62.2559 47.1086 102.069 17.939 24.7734 4.77273 0.11237 23.8035
1496.42 9.65767 76.1915 10.3076 125.979 41.0804 19.9522 29.8489 0.226703 28.8496
1558.46 6.67201 19.671 139.341 18.755 21.208 37.4045 9.4171 0.0305169 27.6529
1602.54 15.7471 19.671 125.559 26.6263 11.648 84.5829 6.77921 0.00657528 28.6648
1581.9 9.98433 13.2242 113.298 57.2194 36.0664 21.4024 21.2108 0.051811 24.6738
1593.77 11.4992 30.2855 80.128 65.1629 27.9049 30.8061 19.7076 0.0131655 23.6523
1628.67 10.8803 25.9774 93.1359 66.6354 25.3205 14.2245 10.7138 0.0116313 21.5046
1607.18 12.263 45.6114 67.6388 60.4977 41.024 16.0494 6.2196 0.00344729 20.6706
1583.79 3.86777 60.3634 78.9149 66.7409 42.5182 8.1906 21.321 0.00556372 22.9469
1531.6 19.4859 47.8706 68.487 83.1304 27.1238 21.3555 42.984 0.000772538 22.7824
1536.61 24.3355 40.2719 62.8698 80.6331 7.64008 24.8707 3.59575 0.00495389 21.2841
1563.01 15.8643 42.9168 44.0473 91.332 16.8711 15.4385 14.0114 0.115085 25.7407
1529.01 17.094 45.9602 42.512 110.545 6.04632 36.9356 1.69285 0.265928 26.7938
1457.5 22.997 52.6102 54.8237 98.4872 45.899 5.10584 6.29177 0.104529 24.2291
1410.56 21.9786 55.7689 64.9985 84.9729 44.9835 2.09859 9.21697 0.225645 25.896
1540 13.4851 34.1191 66.3117 75.5539 67.6243 9.34781 12.4466 0.254001 26.0056
1527.15 10.1899 56.6676 71.3785 61.6198 47.4592 9.68946 22.8913 0.250121 25.5125
1516.25 3.62783 58.6448 51.5254 79.6874 73.0581 23.3393 9.66094 0.298277 27.4432
1487.71 14.7151 55.7207 72.7158 65.5529 66.3168 39.7826 10.2053 0.432366 30.7544
1487.94 19.7676 75.5453 58.8929 76.4512 16.8713 15.2506 8.96676 0.143825 24.4604
1406.47 25.0507 94.7206 55.4239 72.5165 3.72594 24.525 9.40622 0.0866016 25.5189
1346 45.3213 73.3654 64.5171 66.5659 71.2535 25.9482 5.47193 0.136884 29.3261
1434.91 30.3298 73.3654 64.5171 65.5821 38.5796 28.8565 3.75919 0.136884 25.6922
1474.17 11.7909 64.5124 67.8632 63.1451 43.2295 54.4099 7.12552 0.136884 26.5704
1409.85 12.8388 79.1601 66.9041 59.0339 4.50869 58.4992 4.29613 0.181196 30.7711
1405.54 20.1015 85.5426 69.1611 69.9063 26.5441 35.4017 16.743 0.22632 28.3188
1353.47 22.0416 93.8197 63.3127 72.6082 2.73087 9.53977 17.4642 0.100201 25.5152
1473.2 20.3933 26.0025 76.1925 104.739 65.7836 5.81188 8.41917 0.203431 28.8038
1472.03 20.6223 33.4379 67.4826 104.739 35.7688 22.9739 20.9448 0.314501 27.1441
1511.04 7.66297 54.6749 71.0822 71.9334 42.1326 36.2311 13.3469 0.150134 25.0922
1590.44 4.47466 62.0614 62.4679 72.5293 36.9599 9.60112 40.4443 0.0201551 23.4113
1550.93 24.5007 39.7269 51.2485 89.8602 34.5148 18.5174 36.2981 0.179369 26.5098
1560.84 29.7671 34.797 51.9623 80.449 37.4969 19.8663 46.3241 0.0567524 27.0176
1484.07 61.5201 32.6996 50.8683 75.133 44.4598 22.7524 4.46488 0.0307672 25.8303
1341.79 61.4806 35.9958 86.4556 68.4956 22.8337 27.7288 24.0155 0.0205314 24.7466
1433.57 52.8304 19.6509 92.1133 78.1605 2.8992 46.1119 21.3282 0.0811252 27.3092
1391.84 52.362 21.8099 92.1133 84.7963 1.9906 16.2893 12.4187 0.157389 26.1151
1462.42 19.2171 49.1632 106.122 27.0055 69.6137 1.78806 16.7999 0.115291 25.7451
1628.18 12.2778 20.2555 104.479 38.028 61.8528 6.99997 13.0405 0.103738 24.7822
1590.22 12.2778 20.2555 104.479 36.4853 62.4443 6.99997 22.9598 0.192936 26.233
1531.53 32.6306 24.2799 69.6126 64.2555 66.5996 8.66424 18.9533 0.277089 27.5607
1591.65 30.5033 34.0362 37.9529 80.8125 94.6444 10.438 15.3902 0.345939 31.9013
1417.84 26.3107 75.1129 36.8887 119.881 6.63869 2.6183 23.4326 0.237298 27.0662
1492.91 13.0806 61.9563 61.8315 99.6262 6.63869 31.4368 5.70653 0.360689 27.9649
1461.23 9.78922 46.8422 59.4401 121.581 20.7115 23.8672 7.19121 0.401073 27.3586
1501.47 14.4388 49.1765 44.9676 121.719 3.16349 18.4644 7.03688 0.181571 25.0572
1521.81 5.98956 48.8046 69.4653 70.197 34.552 6.3061 6.29044 0.239569 25.3908
1537.81 11.8518 48.6478 81.0396 73.2282 5.27168 3.16461 7.24466 0.0609105 21.3421
1548.58 37.3644 38.0042 57.8958 74.602 9.77246 20.8617 12.121 0.0314069 23.1249
1560.79 9.63872 69.7152 43.1326 85.4445 6.07313 14.2249 7.16065 0.100817 22.7372
1438.7 18.5571 71.1328 50.3193 93.9965 30.5257 7.32756 11.6424 0.0559793 22.7245
1477.65 21.2813 85.4989 41.034 73.9517 14.678 3.6972 6.09001 0.0340141 21.319
1459.33 15.8745 82.4356 41.2071 80.1047 23.4049 1.29941 10.0465 0.0352253 22.2119
1451.94 15.5742 56.6531 64.1646 94.5518 10.5701 9.63603 46.7463 0.177574 26.5804
1529.22 15.5742 49.6381 56.9519 103.233 20.6886 0.732388 11.7437 0.24739 25.4604
1497.68 7.07715 52.7593 52.7997 120.359 20.6886 0.732388 19.9081 0.421478 28.2725
1627.8 7.07715 41.3329 64.4696 74.1251 10.5505 2.82112 23.5509 0.208361 26.0336
1531.19 1.75766 43.18 84.9745 74.1251 5.84022 2.82112 29.5088 0.189095 26.3867
1531.19 1.75766 43.18 84.9745 74.1251 41.3364 2.82112 29.5088 0.143513 25.2779
1627.16 9.83076 29.5314 84.9745 74.1251 35.3876 2.82112 29.5088 0.155788 26.5375
1623.18 3.43525 34.478 69.267 95.5989 44.6306 18.0486 19.4559 0.199967 28.7127
1629.32 5.45457 23.0354 55.4987 106.654 38.5534 10.1399 15.9143 0.049622 26.2311
1582.56 15.6677 22.6087 54.5439 98.0494 38.2556 11.4165 8.55526 0.162134 25.9682
1635.05 14.2788 21.8882 64.4558 67.0562 83.3511 17.2922 9.18791 0.245865 28.2525
1672.57 17.0611 31.1917 63.712 64.7663 21.5923 18.3861 8.97364 0.122151 25.8956
1538.82 7.26751 34.7728 76.6089 108.643 5.94384 5.00259 0.681825 0.197911 25.1035
1549.79 18.3723 33.9032 76.3628 91.6213 19.9206 0.824605 14.4315 0.199136 25.0146
1549.79 13.0549 36.7698 88.6745 72.4384 42.5872 15.3591 7.83675 0.112986 23.7689
1603.22 9.30343 40.2173 67.5692 63.9906 47.2253 6.23723 10.2531 0.0589792 22.9884
1534.11 22.0856 38.9513 84.0149 48.1763 5.29828 19.4777 11.0827 0.00945024 23.6795
1565.93 23.1219 28.8883 103.371 70.5887 13.255 2.55985 10.5007 0.00784366 24.6677
1372.74 58.8952 47.1388 69.8968 60.9737 23.4014 16.0119 10.2193 0.0155239 22.3575
1313.02 70.4644 47.0039 89.9119 48.4044 18.5941 10.037 9.48367 0.0253681 24.0511
1313.02 81.6292 40.1514 80.0677 36.2456 6.36153 5.01494 15.2427 0.0193257 27.3118
1255.92 78.8771 38.5782 78.077 72.5307 4.35102 5.01494 15.4863 0.0193257 24.8343
1255.92 78.8771 40.9092 80.3994 72.5307 13.6017 11.7146 15.4863 0.0193257 24.5726
1556.27 44.2851 24.9316 102.103 26.1758 8.84041 1.45165 15.9182 0.0368466 27.0809
1463.12 18.445 42.7855 111.9 54.4749 34.3921 1.37703 13.1603 0.109356 24.5893
1418.84 41.7265 55.6629 72.4902 63.1103 40.8233 2.56926 11.7786 0.107309 23.7476
1393.45 57.9779 21.9655 102.327 64.7088 34.2661 8.49086 16.4446 0.141531 25.8775
1372.32 64.5136 32.7702 93.9941 68.0368 39.6796 0.682052 1.38769 0.159243 28.6268
1372.32 62.066 25.2195 87.8567 69.972 3.7874 4.69778 1.38769 0.0574581 24.1192
1367.02 62.066 25.2195 79.3973 77.1636 5.36399 20.7744 4.49075 0.0574581 24.889
1484.58 65.8257 7.18965 77.7335 71.507 5.36399 5.32874 2.66273 0.0574581 25.3424
1494.06 37.7331 19.2734 72.8945 92.8454 40.6869 0.939682 3.43912 0.0328212 24.0593
1545.36 29.3024 21.5808 70.684 91.4215 8.54869 3.45777 21.1969 0.00932925 22.3264
1523.73 28.7883 37.465 83.1609 69.0229 28.0997 3.26837 26.7219 0.00296725 21.2847
1471.43 21.8273 49.888 55.1438 100.668 23.3826 12.4441 28.9758 0.0177714 23.8327
1414.43 22.962 70.1139 53.0975 98.3815 24.0522 1.56343 14.8043 0.0050844 22.2763
1441.44 20.5754 68.5656 48.7028 100.919 17.9685 1.56343 13.6349 0.000832778 21.0717
1425.88 17.7535 68.5656 47.8696 107.388 3.4663 20.3578 12.7091 0.00457531 23.6348
1456.21 14.4171 66.4931 54.3605 104.102 3.8452 42.7161 14.6147 0.00457531 24.4195
1417.8 21.3219 65.592 60.2066 98.0717 10.2124 32.3662 10.1767 0.0378258 24.1968
1629.11 17.6959 35.8033 49.3515 100.165 7.87559 18.1026 13.6988 0.167076 25.6103
1625.56 11.043 38.0033 46.735 100.75 8.24613 33.0418 14.2306 0.0969038 25.1208
1469.24 17.8627 60.0335 43.3959 104.465 12.7522 11.1633 15.6154 0.0273164 23.4657
1485.21 39.3117 66.6397 14.5501 115.345 12.3926 4.27369 20.8451 0.0604831 25.5332
1422.71 39.3117 73.4783 27.6502 105.217 5.98002 6.52175 6.73576 0.186324 25.3098
1317.42 47.2066 64.5894 59.8002 84.5833 3.763 3.16227 19.3376 0.186324 28.4583
1317.42 50.7736 81.305 60.8163 70.6682 5.78349 6.34398 26.3054 0.186324 28.0902
1489.31 55.3001 45.4853 26.5095 115.544 19.9739 3.84849 23.4945 0.300473 29.5499
1150.54 90.854 61.2445 73.8445 88.6566 13.4827 27.1843 27.2002 0.0273639 33.7703
1150.54 90.854 75.8269 62.7495 66.126 49.6206 7.00367 14.9805 0.0260278 30.3871
1312.51 90.854 45.2314 67.8023 51.071 43.052 0.742894 14.9805 0.0260278 27.9569
1312.51 90.854 37.6515 67.8023 47.4202 64.0243 0.742894 14.9805 0.0260278 27.9717
1312.51 90.854 37.6515 57.3552 52.0724 51.8452 0.742894 14.9805 0.0260278 27.9554
1383.03 57.2923 59.8422 57.3552 61.2238 38.381 3.27051 25.4887 0.00349587 22.843
1415.33 18.2859 75.6182 68.9336 61.2238 18.8319 15.0948 32.2052 0.00373728 23.3657
1370.45 30.3758 77.5 33.7684 97.4659 27.9323 19.6604 17.7053 0.0168302 25.6703
1356.64 24.162 107.753 38.8542 75.2097 25.331 21.9437 0.29895 0.0288744 24.9697
1449.55 43.2597 72.5047 46.3514 55.9152 15.9459 23.169 0.78379 0.0800754 26.2044
1350.03 44.081 66.0163 54.6959 93.0455 15.985 29.6908 0.681963 0.0243343 24.4677
1314.17 42.5017 79.1499 44.8129 97.6992 9.87193 14.6076 12.4621 0.049591 24.7339
1612.81 2.21368 71.1597 58.7773 39.9441 45.4234 9.46252 27.6925 0.0811961 26.4108
1543.38 6.98034 76.661 80.62 27.1609 50.1918 26.5697 12.745 0.0939497 26.0044
1454.09 63.2947 29.3484 65.336 45.9397 66.9492 16.4725 9.79553 0.0325288 27.1955
1331.04 53.0034 79.8289 43.7931 88.996 8.09307 28.6796 3.92343 0.0452667 25.3345
1373.03 46.8027 34.805 89.8941 89.4884 8.09307 14.8033 12.3477 0.0255138 24.5297
1423.81 46.8027 34.805 104.195 45.5868 24.1675 10.9526 14.0289 0.0577108 23.4357
1464.55 17.7406 48.305 94.4105 52.4026 30.673 8.417 11.9426 0.076558 22.824
1438.46 45.1885 54.3384 84.0211 38.3921 37.3 6.01379 19.1418 0.0948831 25.0764
1462.09 37.8063 52.2833 79.1964 44.1823 7.18201 18.5732 16.9815 0.0151149 23.2743
1422.96 47.004 62.8572 55.4918 46.6483 55.8144 12.416 7.84188 0.00927799 23.8282
1388.76 26.344 67.4602 74.0947 60.4384 23.8432 7.34478 37.7748 0.017891 24.6766
1423.23 18.3854 84.3078 45.7195 82.5152 24.1732 83.9534 20.6387 0.061353 28.9818
1546.49 24.6395 64.4437 36.5804 77.7108 21.5272 65.0689 19.9641 0.0200537 26.6741
1549.04 14.013 74.6844 39.0185 78.9952 23.2771 3.42727 48.487 0.0315385 24.249
1389.24 42.2472 81.0343 30.5924 73.5978 12.7286 20.4056 46.2115 0.0218465 27.8984
1423.31 42.2472 79.6653 27.5212 76.8498 18.0544 19.2695 62.5105 0.0688979 29.3589
1288.92 18.0074 126.784 35.0394 86.5598 24.1241 20.501 44.8622 0.0457114 30.6001
1278.74 19.8842 121.578 53.5697 57.1211 49.2463 19.2158 15.616 0.248915 30.5147
1392.33 17.9255 77.2208 84.9745 58.246 44.081 4.74431 25.3716 0.195089 26.8695
1431.51 10.2806 72.4315 78.8154 56.1351 70.0964 11.0969 27.381 0.280169 28.2061
1380.58 38.1652 40.8535 96.7367 76.0729 53.4833 14.0832 28.7187 0.273798 30.6389
1536.94 7.39411 25.4816 83.144 84.6934 56.3529 6.5403 31.024 0.264583 26.9466
1533.28 22.4449 30.1186 84.9496 79.9707 11.8469 3.18649 35.345 0.00300792 21.8864
1501.65 35.6616 42.3245 84.7351 44.8956 25.2789 11.4449 14.9246 0.0084296 21.3277
1460.14 35.5772 23.7455 89.6092 59.5933 78.386 6.96604 33.6786 0.00167689 26.5435
1482.59 33.488 43.6144 85.8107 34.9257 41.5278 6.93138 26.6684 0.0109704 23.91
1528.41 12.1705 47.3951 97.3917 43.8552 27.0691 15.7787 23.1978 0.00432141 21.4885
1479.25 42.6821 36.3627 98.9804 51.4969 19.9822 14.8269 9.68404 0.0184484 23.4453
1506.95 13.7844 36.3622 100.705 53.2671 59.9209 9.30511 26.953 0.0321802 24.453
1407.57 44.3841 50.4603 100.839 15.4977 38.8377 30.2026 5.43636 0.0257549 26.4362
1352.54 58.5818 27.7113 84.0191 58.5805 44.6079 16.868 18.8855 0.0238338 26.4193
1437.86 68.6459 25.3729 88.7749 49.3434 22.3693 15.3666 24.7371 0.0141604 25.6945
1469.79 59.7665 9.85429 88.6176 66.9671 13.8386 11.6518 8.05316 0.0699395 24.1239
1448.15 42.055 32.1876 89.8255 57.1322 72.9747 16.6808 17.745 0.00249924 24.2403
1507.23 22.604 30.8142 94.3938 61.3717 29.0091 11.2855 29.2307 0.0144407 22.5677
1559.16 17.3704 24.0081 80.6696 101.915 21.7914 12.5246 0.496464 0.067621 25.1028
1583.96 14.9534 37.3159 96.4965 40.6232 38.7568 17.655 1.85088 0.0348998 22.3199
1590.26 18.3192 31.009 90.9622 48.425 38.0491 25.943 7.07869 4.89556e-05 20.5115
1617.56 15.7623 33.5259 90.744 47.9242 31.6627 12.1277 4.98689 0.000538529 19.9946
1579.26 13.2183 21.1749 115.376 44.5164 30.3855 9.10044 19.4773 0.000538529 21.0774
1574.72 19.0182 28.0314 89.2784 50.5281 34.2881 34.7871 20.0799 0.000538529 23.0278
1579.14 10.4604 49.2931 91.2165 45.9714 20.0354 15.9126 18.7551 0.000538529 20.2127
1535.88 11.321 32.6798 92.6417 62.1057 40.7327 8.13277 50.5892 0.00284165 24.8001
1541.7 31.0366 42.4395 90.7586 26.5275 42.0461 10.7537 0.933322 0.00177639 22.4569
1564.27 30.5846 38.2273 91.6475 13.3183 46.8604 9.08942 11.1655 0.0147198 26.3085
1571.25 22.3121 36.507 71.3809 68.3918 35.9759 18.5615 27.3635 0.0853185 24.1739
1584.85 5.4062 43.1146 75.0179 88.5229 30.9256 7.99393 10.0437 0.0352987 22.4456
1694.15 9.03784 22.031 75.3764 59.1667 29.9821 4.47648 1.63256 0.000800585 22.241
1595.64 11.0952 38.8512 84.9082 71.4172 35.2284 11.3848 12.8579 0.0117451 21.7422
1665.47 4.57161 31.2539 101.883 52.6276 34.4944 2.22937 27.0132 0.0431044 25.9303
1577.38 6.64769 47.5031 84.8084 51.0687 30.4272 5.38863 35.0289 0.0311728 22.9811
1537.57 14.4303 52.7702 93.3859 48.9399 26.1516 19.8229 5.4657 0.0889764 23.2213
1554.89 5.46964 40.6179 115.578 54.1245 3.7561 2.87535 16.035 0.0148455 23.2978
1585.28 7.17226 28.8477 115.498 54.2356 40.3717 9.44431 23.4786 0.194762 28.3215
1581.68 5.80939 32.3666 111.541 56.5921 26.6953 6.9608 8.02236 0.0906498 23.5755
1566.6 0.954568 51.6783 111.681 38.905 27.1528 6.79197 13.6255 0.0231409 23.2439
1415.06 10.8389 65.1995 114.848 50.2185 21.0007 9.72128 22.2974 0.116777 27.0968
1448.58 53.7174 37.604 80.3693 45.2883 8.17265 43.6934 46.8495 0.0174518 28.5045
1452.3 33.7606 52.1796 88.3475 58.3471 16.9457 28.1586 15.1109 0.0345809 23.4157
1405.52 32.4365 63.1689 97.2862 63.6063 1.64821 29.053 23.6357 0.00110436 27.1071
1385.44 33.3757 44.1381 89.8237 74.109 1.64821 40.4279 11.7956 0.00622569 25.2096
1507.8 8.05204 64.5332 63.6645 89.4754 0.714803 34.5966 12.5956 0.0711592 24.5368
1532.84 3.82869 58.1556 64.1414 79.0764 1.63724 36.6376 10.5429 0.114324 25.6095
1571.71 16.4434 52.3945 61.3116 76.0214 9.92721 17.4145 56.5695 0.181719 28.0325
1602.98 25.7439 52.2824 51.7661 83.6289 2.73866 6.78205 62.7935 0.04606 29.5132
1544.78 27.2399 57.361 27.0286 102.987 13.7782 22.4511 64.2474 0.0209708 27.7118
1603.71 12.9431 52.0723 27.2506 120.94 10.9146 27.9914 25.5625 0.0990939 26.8386
1294.44 46.7156 82.1689 41.5779 120.182 31.0606 20.3202 11.7283 0.190319 32.7475
1324.43 52.2235 63.4908 59.6121 100.604 26.1278 14.6962 31.4779 0.301134 30.235
1337.21 58.9686 61.8864 47.0484 94.9236 11.0502 16.5536 60.6843 0.0384246 28.0971
1490.36 32.5541 51.634 48.6711 91.4349 45.7856 7.91738 50.0652 0.105257 27.298
1534.97 9.72454 62.1763 44.3149 90.5517 41.8624 6.8952 37.5992 0.20698 26.1378
1574.99 2.27725 44.0293 98.0945 60.6118 6.62163 11.2212 8.68747 0.0100771 21.0373
1586.36 6.97353 37.6674 100.167 65.3533 7.14708 2.04832 10.5953 0.00229166 20.7338
1655.41 1.01663 48.0187 73.9669 68.3182 10.8887 2.04832 5.50307 0.00153736 20.4987
1661.3 9.34881 18.7316 79.3545 70.0425 25.711 2.04832 5.41938 0.000399967 21.1036
1559.8 9.47731 57.7755 89.1109 53.7179 22.9182 14.7684 4.28923 0.00113756 20.1355
1402.39 43.0555 31.2644 103.128 65.7166 33.844 3.34212 2.69511 0.0153706 22.7971
1430.23 34.907 59.0163 68.0333 64.6436 63.3954 5.12142 3.94317 0.0576266 23.6166
1493.32 29.2621 35.5976 80.5022 64.1247 43.6121 16.6575 3.79714 0.0766724 22.9281
1514.63 9.44812 31.2731 104.592 65.5051 27.5054 9.37172 11.3561 0.151921 23.4254
1480.18 8.29446 82.6499 58.4847 77.446 46.9418 5.16529 6.24818 0.150367 25.1511
1538.22 10.3299 75.9877 40.0758 85.2402 51.488 2.0522 17.5578 0.105015 24.7874
1597.42 23.5235 69.4171 21.6471 69.2747 64.2563 0.276243 0.949211 0.0521453 28.391
1456.58 39.5491 55.9746 56.2113 75.084 31.3145 7.55538 10.6921 0.0226244 21.3053
1467.56 16.0494 60.2648 61.4116 89.8215 66.2116 5.54518 11.0094 0.00396553 24.226
1539.6 5.39826 51.1574 67.4494 89.0247 35.8458 4.33665 10.8281 0.00681305 21.3695
1510.64 7.21398 52.4006 86.1121 82.9114 20.1146 18.0063 14.9852 0.0071049 22.3987
1448.87 38.5615 75.3129 62.0083 39.9177 35.7324 37.9171 13.3572 0.00442339 24.5214
1571.29 10.4133 77.258 68.6974 45.3688 18.6486 65.1946 13.3892 0.00879434 26.3065
1556.52 4.01512 52.1901 62.5304 101.62 8.15714 17.9802 12.5742 0.00783565 21.9819
1580.82 3.4353 55.4391 84.4021 55.9885 21.8878 13.981 11.8575 0.00632122 20.2304
1580.82 2.15287 49.6555 92.1501 43.7966 21.8878 10.855 11.8575 0.00632122 21.3036
1481.34 13.0699 41.7397 84.5184 82.7557 21.2695 1.23488 6.97458 0.00102629 21.4519
1540.83 16.6378 39.7832 105.483 44.2739 37.8191 4.9975 12.8281 0.00102629 20.2908
1530.6 18.3565 23.4622 108.941 46.5265 41.2564 1.64096 13.4994 0.00102629 21.6806
1530.6 18.9708 36.6829 110.557 41.8302 45.6516 10.4034 20.9717 0.00102629 21.7738
1560.61 21.6524 51.6061 82.4384 41.8302 27.6477 11.603 2.07387 0.00102629 20.2527
1499.36 7.17911 86.3766 103.159 24.6478 21.3827 28.7767 2.07387 0.0115072 27.888
1511.92 9.87134 79.2341 79.2181 33.498 31.782 34.8124 8.97724 0.013515 23.4389
1492.77 15.6769 64.167 86.2989 48.6467 31.7317 11.0701 5.80922 0.0183607 20.7583
1495.68 21.4364 63.2583 71.6016 62.6722 26.4079 25.879 5.5504 0.00711928 20.7173
1525.23 24.5194 60.5151 72.6441 38.9093 20.9048 0.499366 0.68636 0.000206293 21.6357
1598.15 18.5164 43.4017 72.6777 58.6564 20.9048 10.8329 0.390523 0.000206293 19.9866
1509.86 33.6932 41.1117 84.6858 58.6564 13.0478 14.7844 0.390523 0.000206293 20.3391
1278.39 70.2131 43.0251 52.7086 92.6551 24.8582 16.1405 3.14935 0.000206293 24.2485
1384.75 70.5148 47.2163 38.3084 78.9673 11.9279 18.2813 18.8441 0.0319608 26.1668
1347.85 74.9843 45.6955 45.9833 88.0598 3.97844 8.46912 7.36279 0.0331498 24.2803
1322.58 50.9685 51.3587 114.511 11.8954 49.5619 23.0556 5.74817 0.0485311 28.0811
1331.7 71.5437 53.3053 61.4953 68.5166 42.5525 12.1709 15.1414 0.00791461 24.3422
1412.05 35.2665 68.2423 79.2436 56.6361 18.3128 2.90221 4.04848 0.0266588 21.9925
1554.18 10.5758 65.1638 65.0032 60.1317 19.3164 6.58765 10.1953 0.0235642 20.3873
1622.81 10.5758 55.7914 48.5493 63.4286 20.234 1.57388 7.81043 0.0235642 23.1095
1530.88 17.8572 54.9407 76.9472 62.399 21.5868 1.57388 0.741679 0.048591 21.6282
1599.89 17.8572 29.7625 69.7854 71.4394 29.2184 4.63697 15.368 0.0754986 23.0313
1389.67 56.1794 38.5038 79.2975 55.7022 30.1645 18.9138 15.8766 0.106893 25.4181
1547.34 18.7874 39.5877 89.9836 50.9478 37.3171 6.64597 15.2333 0.0983831 22.6987
1434.62 18.4911 61.514 98.6344 49.393 17.8953 13.1938 0.344076 0.0349277 23.0773
1434.62 29.1727 68.6389 51.1593 83.841 17.8371 9.6987 41.113 0.000904848 22.0333
1483.53 37.8312 55.8882 63.5067 72.3622 23.6651 15.9447 36.1363 0.000904848 22.8938
1595.8 12.4991 59.1781 61.6538 55.6751 34.6849 30.0725 9.85604 0.00513586 21.8442
1407.79 36.002 31.8265 84.0809 73.6414 18.755 29.6142 15.2991 0.00675319 25.4995
1503.63 4.15495 50.4578 84.4082 79.4554 23.1423 15.7277 13.2289 0.0235618 22.6919
1456.82 6.63686 48.5092 84.1862 86.5406 21.4934 4.57241 13.2006 0.268478 25.134
1487.09 22.8152 48.5631 100.517 49.2496 19.2707 4.17772 40.8515 0.0439474 24.2364
1490.99 29.6567 39.1441 103.37 35.1356 24.2105 12.4411 39.0714 0.113649 26.2216
1483.49 19.2855 36.7361 105.488 41.2821 55.6908 5.66407 5.47912 0.0108111 22.6393
1486.87 33.8817 22.9435 122.683 29.7204 45.0432 8.36178 0.609554 0.116149 25.1581
1500.29 23.3918 47.5717 47.8513 91.5025 50.6552 5.42791 10.1289 0.143764 24.6096
1549.42 4.57398 66.3294 76.4183 78.6328 2.73523 9.44785 22.4548 0.12468 26.4591
1540.39 5.05351 54.1864 76.4595 62.2409 12.4569 14.1374 24.4499 0.0354598 23.3556
1541.75 19.5385 61.2003 54.4909 89.8496 31.3988 8.33562 23.9843 0.000618061 22.2516
1488.27 8.6205 98.5733 35.0208 86.0379 31.3988 13.8192 28.71 0.000618061 22.3827
1478.76 4.8593 92.4923 40.3937 93.8307 14.7915 12.4193 47.8599 0.000618061 23.4911
1517.42 9.05142 92.4923 53.2861 72.5426 7.72243 17.5006 32.5657 0.000618061 23.2354
1438.33 6.57854 108.36 39.1233 74.9535 0.983179 12.3589 15.1831 0.000618061 22.5683
1468.52 0.816666 91.8808 61.1472 73.7545 0.983179 13.2086 11.9184 0.00353318 22.8076
1495.41 4.34255 80.135 62.6304 70.0057 0.336446 13.1347 9.4688 0.0357225 23.1752
1429.78 0.952638 76.5102 92.849 75.6389 16.3298 13.1347 6.34201 0.00195515 24.9379
1436.54 7.3989 79.6352 87.3775 48.2273 16.8299 11.9514 2.275 0.00266125 21.6579
1419.56 22.4074 76.3014 85.6093 53.5387 11.3849 5.31478 2.59701 0.00163583 20.881
1486.27 27.8616 74.0886 63.265 48.5267 17.8635 13.058 9.38235 0.00539121 21.1067
1518.74 25.6065 59.0514 36.3829 115.94 17.8823 4.22469 5.06516 0.0240748 23.7714
1415.77 26.4989 94.0339 34.7348 87.9177 19.3888 9.55121 3.41741 0.0658706 23.1139
1539.43 13.8824 65.7646 58.739 80.5561 38.4498 15.803 10.8571 0.0488369 23.2777
1553.74 29.1728 48.5869 49.0879 78.9283 28.7433 5.45163 1.81102 0.0214482 21.5346
1507.84 25.1811 67.9041 49.0879 68.6481 14.7596 5.08749 4.22694 0.0198593 20.7961
1574 22.7698 75.8461 40.9653 61.033 13.3366 24.353 7.83032 0.0166035 24.0409
1501.5 17.4634 59.5725 65.5158 82.2912 8.6723 28.8469 15.1485 0.0156663 21.7483
1400.83 56.0372 45.5918 74.7772 70.4841 14.6 12.3296 19.0588 0.151922 25.5119
1489.41 23.6171 45.944 104.539 53.9275 43.4434 10.6138 3.2934 0.100552 26.0223
1459.15 19.9868 40.3865 96.4798 77.0759 35.1976 1.42103 8.15257 0.0710863 24.0462
1410.25 23.5498 79.2845 42.6663 92.6973 35.1976 28.5889 7.42684 0.133074 25.224
1393.07 24.0422 84.3168 42.6663 94.0479 33.0434 18.3822 41.4989 0.159696 27.6522
1316.84 15.6189 89.6622 66.2864 85.9947 37.4899 19.5926 36.2924 0.213825 30.354
1373.52 21.9651 73.3459 84.2735 83.2013 3.6912 1.939 18.2379 0.0687791 26.6077
1374.28 40.2487 94.4104 33.2859 82.8515 2.2818 24.5304 26.0077 0.0311934 25.8747
1387.02 27.3661 96.1434 41.4613 83.451 12.7926 23.4249 12.2542 0.00472051 22.4776
1328.2 35.2531 72.0727 75.9066 83.3715 25.3352 7.8068 51.9757 0.000147233 26.5288
1524.09 7.57644 69.6027 55.7433 83.6501 41.2611 10.8467 40.6595 0.000147233 22.2428
1452.99 34.7574 59.5865 60.0756 84.6663 42.1654 6.83054 38.2315 0.000147233 23.6276
1485.64 31.8449 53.5537 63.1933 83.2255 8.11353 2.55641 31.2089 0.0796738 24.0479
1464.66 58.6236 46.4956 41.3477 83.9476 0.799193 5.7695 27.1247 0.0238159 25.9637
1559.17 50.1887 22.3247 50.0917 76.3413 16.7712 5.7695 11.8764 0.0349806 25.517
1499.88 46.2032 45.6407 60.1023 69.4834 21.3292 0.479425 4.56665 0.0349806 23.336
1499.88 46.2032 34.5284 60.1023 69.4834 18.308 4.42538 6.13169 0.0349806 22.7098
1499.02 30.0471 20.0161 88.912 80.2482 16.7478 30.4012 13.2489 0.0383766 23.8574
1636.25 30.2409 20.0161 60.8863 80.2482 24.1242 2.27341 43.4397 0.0382031 26.6563
1525.57 21.4427 64.7881 58.9616 64.0562 31.2598 5.57361 23.7233 0.0349915 22.0249
1528.9 20.7004 44.9698 74.7692 62.4876 24.0868 2.55492 3.39606 0.0361108 21.0497
1517.89 28.3182 50.7066 76.2165 52.8366 26.9465 5.65399 6.20225 0.0261032 20.8357
1497.45 27.2988 48.0496 85.5902 56.1465 10.9557 3.72698 18.2626 0.0496863 22.0503
1507.19 50.5771 25.8903 69.3391 62.8777 13.076 7.69993 31.3034 0.0330009 24.9812
1469.53 41.1975 63.4772 62.1431 57.1194 22.1562 16.0003 8.2055 0.0285971 22.8262
1405.23 41.1975 60.9559 59.5097 68.5723 30.2635 23.4075 2.63295 0.0378747 22.8691
1513.2 0.897404 71.7633 69.5852 56.7369 40.184 25.2828 20.058 0.0481711 24.8622
1569.54 7.45416 36.0624 80.762 82.3517 31.8002 23.9082 6.00074 0.0793422 23.1625
1557.24 10.1835 29.7843 83.1907 82.0428 33.1629 30.629 11.9758 0.106948 24.3661
1514.95 6.13765 31.7652 90.7532 87.7829 15.7295 16.6622 12.2138 0.0553155 24.4509
1519.88 18.6144 32.6095 67.3994 107.438 24.4829 8.6261 6.72181 0.0527961 23.5906
1513.91 21.8625 32.6095 80.2319 96.349 27.5327 8.19124 1.11347 0.0360275 23.7265
1586.67 8.77741 32.7217 63.2727 88.6155 30.0036 12.403 30.4645 0.154712 25.2721
1586.33 10.6085 37.2162 54.6249 111.828 10.1788 9.56972 14.4341 0.323081 26.2675
1601.58 21.9642 36.6626 41.4036 108.072 12.3025 10.7025 9.20116 0.176832 24.911
1586.15 14.7196 49.786 46.076 97.4509 14.9282 4.11536 8.29763 0.077747 22.2321
1482.4 9.05909 86.1168 37.7217 78.3798 74.0001 1.53285 20.4684 0.0153089 25.4208
1658.23 16.8385 43.7683 50.8167 82.3887 25.559 3.89632 18.0208 0.0310274 24.1808
1611.26 6.98414 46.1874 66.0346 67.6266 41.6544 11.8486 1.60731 0.0473655 22.1124
1560.2 21.1438 38.9493 61.1151 88.8658 35.2773 15.5466 3.09163 0.00445801 21.1101
1642.01 13.5087 47.6281 68.7492 38.4412 51.159 6.98305 26.4212 0.0111889 24.6909
1576.8 13.5087 61.0338 65.6486 49.5355 39.0568 10.8879 26.6163 0.00900314 22.1143
1547.6 4.99824 64.9482 66.0145 55.3528 48.4552 15.1413 12.1286 0.0149502 22.181
1529.59 11.8513 54.4759 74.759 73.6709 31.5002 12.7231 24.1077 0.00997708 21.2764
1523.49 3.5418 54.1063 64.5175 76.208 59.1646 12.0584 8.12824 0.00782782 24.5697
1493.12 3.15434 79.7215 71.3258 57.7331 59.151 20.2325 9.94171 0.0120962 23.17
1512.42 3.47818 96.2618 71.3927 13.6802 72.7353 27.2875 2.90806 0.00565406 27.26
1616.74 7.90627 38.7058 66.6666 86.7228 26.0575 3.95078 20.6876 0.0140027 21.6053
1575.8 14.6664 56.3455 52.8138 71.9153 23.5318 2.42238 19.6021 0.0167 21.4166
1614.97 15.0575 23.5598 68.8257 81.0717 38.2407 7.89271 16.6915 0.013836 22.877
1510.71 14.8129 40.5071 77.5343 80.1954 36.3878 11.4121 17.6825 0.0822057 23.1413
1530.02 43.6922 25.1866 76.1442 58.8609 36.5006 6.63778 9.75596 0.103808 24.1409
1544.02 24.853 16.2122 94.3515 66.325 9.02267 10.4836 11.1534 0.175823 24.9941
1570.96 21.4821 29.6205 86.0326 49.5592 6.0442 23.3232 6.88195 0.0613008 25.3224
1531.14 6.14433 25.4689 111.737 63.6988 8.32582 28.7889 9.02203 0.300077 26.3192
1431.73 12.679 82.1218 30.4879 121.13 8.75225 33.966 21.7724 0.17554 27.3312
1438.12 17.0234 44.9941 87.792 81.4255 10.8645 32.4788 29.457 0.0339295 26.2075
1472.21 15.5575 55.6316 87.9201 79.3309 11.7729 23.6295 25.6406 0.0397258 24.7452
1458.82 30.1654 58.4143 92.5428 54.4397 12.1516 10.8676 19.2156 0.0355938 23.9335
1464.98 25.3603 46.6388 92.5428 54.4397 18.1166 14.4172 7.71413 0.0826977 22.4252
1465.26 15.2973 69.6258 70.5196 90.5245 19.2697 5.9886 12.3233 0.00413267 22.8648
1463.28 6.97856 83.7389 48.9122 90.9138 22.0623 6.97892 17.5156 0.00413267 21.3351
1487.41 4.33288 97.4451 54.6413 57.2819 25.8972 1.197 16.6045 0.00244515 21.2229
1452.84 17.2516 92.3939 33.1766 82.4581 44.6339 36.9608 7.94832 0.00765673 23.8237
1452.84 19.7443 92.3939 37.3788 80.3635 32.5854 36.9608 7.94832 0.00190397 22.5172
1501.7 7.74154 104.269 59.22 40.0208 8.13372 56.9121 33.4315 0.00719535 28.4169
1501.7 7.74154 84.8589 84.936 43.5838 8.13372 56.9121 12.8464 0.00735643 26.2723
1448.93 37.4967 70.5789 57.7214 58.8164 8.13372 46.801 13.1967 0.00735643 24.0502
1473.08 11.8292 62.3587 77.52 58.8164 34.2388 27.4865 12.287 0.00735643 22.5512
1524.7 4.75848 82.5713 65.1029 70.3013 11.0723 8.41364 4.83745 0.00103073 19.9423
1560.08 3.7945 85.9671 49.897 60.2291 17.4234 6.40062 7.40615 0.00533068 20.3023
1537.89 6.98497 88.0622 49.6738 67.1469 17.5527 19.2729 8.99614 0.0168919 21.418
1528.67 8.0234 72.4156 49.0153 93.4899 3.54878 2.83076 9.43178 0.0170411 20.8767
1533.17 3.00462 80.9357 50.3717 89.7272 26.4968 46.3838 9.30499 0.0161611 24.7615
1685.2 6.49921 73.794 48.032 33.4736 71.4772 47.9068 46.8602 0.00324133 33.5611
1685.2 6.70116 71.8003 42.4914 54.5772 45.3945 40.2022 34.3679 0.0724867 32.3618
1504.29 7.34695 96.5118 44.1822 60.4094 22.0769 11.7873 18.2183 0.0460723 22.9634
1581.89 8.52586 47.4438 71.9448 72.1597 24.56 27.6976 12.4143 0.0691416 22.6229
1402.49 6.83918 101.338 72.1085 55.0463 17.4325 20.4216 8.06999 0.0605966 24.5502
1579.39 6.09587 53.9367 81.2751 18.2399 73.9509 1.40731 18.2351 0.0493303 29.2473
1607.46 12.0359 49.0995 50.8403 97.7757 13.4717 9.07555 16.4539 0.0738111 23.3195
1594.59 8.22292 49.0995 47.7236 101.022 20.5386 14.7715 16.4495 0.065862 23.0159
1576.58 7.97727 92.674 25.1649 68.2159 35.5705 18.3205 12.0105 0.0586577 24.7717
1538.47 18.2136 74.748 29.3061 85.1702 28.815 5.86539 2.17688 0.0296984 21.8787
1598.84 8.23496 67.4372 38.0291 79.8159 44.7207 7.20733 17.9543 0.0263623 22.7166
1573.11 6.48614 78.947 36.5541 74.6354 25.5338 18.3396 34.097 0.0338403 24.0617
1511.24 12.9244 79.9241 29.9406 93.436 3.94296 20.8323 17.3518 0.0257639 23.1146
1504.22 31.4373 62.6487 33.6879 105.018 3.33004 7.05771 18.1293 0.028282 23.2535
1560.14 10.3018 69.5435 31.6354 109.665 15.0444 13.0436 4.41958 0.0900379 23.5397
1517.2 16.5566 71.1254 20.8943 118.886 5.7381 21.7712 6.47744 0.0491137 23.97
1479.6 23.2769 65.8673 42.5225 92.4377 43.2205 14.3746 22.0573 0.0264687 23.4447
1616.54 4.47646 64.267 61.4783 52.3077 89.8419 2.00565 9.35718 0.0331428 26.2504
1600.35 5.56039 61.0428 55.4753 66.3915 47.6364 6.21886 5.54831 0.0227697 21.408
1580.81 3.11752 61.0428 58.1047 80.144 33.4113 9.60873 5.21748 0.0519895 21.5633
1587.5 18.3863 36.1254 69.5588 77.9666 35.3146 6.75811 0.736983 0.0219616 21.603
1568.19 25.0387 44.5621 65.787 71.8709 30.4089 6.77496 12.1697 0.0212322 21.3866
1555.66 22.2394 32.5603 65.7657 80.3875 64.6951 4.18505 62.4081 0.0304133 28.2267
1647.07 13.9282 20.233 74.8792 74.7454 28.3806 23.4947 82.7173 0.0481456 29.8066
1563.13 22.9254 35.6419 74.4949 81.6224 20.427 12.726 105.969 0.160172 32.3929
1575.9 14.2841 57.0359 71.8958 76.6674 5.63785 9.3438 17.2297 0.1112 25.8254
1578.39 14.6378 52.6485 74.0955 73.6547 41.2639 2.35317 22.9273 0.134231 28.2648
1563.28 4.12943 43.8279 73.7326 83.8095 42.7102 6.11119 11.8094 0.216831 24.6985
1631.52 0.816793 44.7807 73.6836 55.6931 70.9239 4.42996 13.4249 0.264764 28.501
1520.36 26.3304 64.5088 64.5861 49.7422 16.0751 12.873 0.474963 0.13602 25.6955
1490.42 21.9008 49.7182 104.934 52.2823 3.70227 30.3285 5.24768 0.277994 28.5986
1361.28 42.8556 29.0724 114.693 56.4941 2.27768 15.9394 11.1993 0.185093 28.224
1344.71 57.3565 31.931 123.645 41.4954 9.04303 27.7059 9.79711 0.252307 29.4222
1331.22 26.7837 56.0775 120.542 36.8525 6.1383 41.8152 4.3807 0.205213 31.1314
1483.93 2.03736 72.4447 75.8724 65.4651 41.601 4.13892 8.70576 0.0155307 22.0053
1552.06 15.6204 67.8734 63.891 59.0645 34.3294 5.67176 8.69533 0.00660509 20.2934
1486.59 26.4135 58.7605 81.4226 38.0579 41.4598 1.21291 5.4412 0.0118191 21.5305
1319.96 29.6491 67.9673 94.5522 60.1719 35.7955 18.6242 7.83169 0.0136288 25.1786
1405.77 18.0402 85.2804 48.4029 91.3923 19.0701 3.65647 18.7518 0.0178834 22.5342
1518.73 16.4446 76.2293 38.3825 100.158 20.4105 2.38692 11.3393 0.049973 23.3546
1483.31 22.7203 74.8597 53.2696 73.9959 13.9825 38.821 9.32413 0.0775572 24.0499
1495.49 29.5282 55.1706 60.8973 71.5024 18.1635 12.2126 5.31293 0.0767314 21.9095
1495.49 27.7263 52.7181 61.1748 74.4471 19.1355 18.1171 6.668 0.0446459 21.5117
1456.88 35.195 52.9972 67.8523 74.7062 26.5026 6.31958 3.25077 0.0549688 21.6318
1554.16 40.3235 50.7585 33.0214 80.3337 39.6916 6.37753 5.74735 0.0390934 24.6598
1487.54 33.6376 69.584 33.0214 74.0407 37.8746 8.22059 2.7515 0.140474 25.181
1407.47 34.8097 75.0881 44.9129 88.5555 31.3485 8.01494 9.97737 0.108273 23.7791
1448.7 34.885 73.7302 36.961 88.4535 26.2323 8.97757 3.3727 0.0283935 21.9279
1418.24 33.5057 80.077 31.7366 108.338 10.0862 8.01411 1.3976 0.0103599 22.971
1368.26 37.3249 80.077 46.8823 96.7711 9.46992 3.50985 20.0601 0.00509193 23.0041
1457.51 20.9471 78.8886 51.1483 81.5079 47.7014 0.433854 1.41456 0.00610207 22.804
1459.58 2.62012 73.4942 80.8299 72.8366 40.4341 12.4356 9.02319 0.0174134 23.4966
1532.1 14.9161 56.7073 57.3221 71.5255 45.7203 13.0973 9.03689 0.0324782 22.0184
1479 12.7158 68.3781 81.5058 54.4073 16.1364 4.88084 4.00919 0.0166712 20.3975
1524.91 22.308 38.7558 76.1579 69.6955 68.5945 5.57597 11.1185 0.0573304 23.9589
1603.21 16.6771 42.7078 76.4805 48.0043 19.9832 54.9193 4.43574 0.00537179 24.2413
1622.36 13.1384 40.8198 79.7808 48.7534 33.531 9.20613 3.1519 0.000687307 19.9636
1613.27 16.1632 50.4819 62.504 66.1235 39.9004 8.15525 1.53627 0.000687307 20.5603
1521.86 15.6993 53.4174 55.509 95.0152 32.7618 7.34135 25.9727 0.0344565 22.916
1535.69 21.6705 63.5696 58.6612 68.1712 9.55521 1.96076 21.4367 0.014094 21.3273
1393.28 32.5024 65.2136 67.1692 76.584 10.7439 2.00886 3.35229 0.0227676 21.4681
1382.89 32.5024 55.3085 67.1692 96.887 15.2541 2.00886 3.35229 0.0191149 22.9105
1428.26 48.2279 63.3199 42.0146 61.6415 21.122 2.00886 3.35229 0.0346069 24.972
1482.05 37.2763 69.9788 42.0146 82.6867 22.7664 22.1499 3.35229 0.00831281 22.8872
1404.47 30.56 61.2172 54.3826 77.4415 23.7641 39.8403 3.35229 0.0313531 26.2143
1391.5 32.5612 56.0324 54.3826 96.0684 23.7641 39.8403 3.35229 0.0313531 25.7872
1385.97 43.8284 42.8203 80.883 83.0721 29.5312 13.0879 21.8546 0.0192678 23.8444
1376.4 54.5911 47.5756 92.8611 35.1243 67.6 1.90145 6.31356 0.0550322 25.3657
1388.27 74.0658 43.8811 57.1402 70.139 21.995 19.139 26.0097 0.0120604 25.672
1428.98 29.4958 41.2419 95.7214 70.4023 8.28606 0.846627 9.12175 0.00138899 21.0479
1420.35 15.1659 47.16 87.219 80.8986 36.6254 25.6385 1.74873 0.0106226 25.8323
1592.99 14.5273 44.3437 70.8394 56.3778 56.2084 33.6638 37.3015 0.0127351 25.5808
1590.85 17.6077 30.3508 100.794 54.497 21.0149 12.4915 22.8024 0.00607956 21.9464
1469.31 18.6171 38.9703 102.612 49.4579 40.2817 11.4687 39.0002 0.00282596 24.1959
1478.49 26.3691 54.2449 97.4933 31.2729 24.4094 5.13825 30.035 0.00461637 22.5569
1431.45 23.9071 53.3852 84.546 72.9977 32.5447 6.16057 9.87145 0.0425213 22.2488
1502.54 13.058 52.942 79.6624 70.9654 26.4762 5.54273 23.3746 0.00466216 20.6486
1414.56 23.5755 90.5004 52.0801 66.7188 17.9995 39.796 18.5359 0.00466216 23.3089
1481.81 9.14212 112.14 34.0058 65.2547 25.9872 38.0296 18.3581 0.00226215 24.1166
1461.9 7.00747 112.14 25.1721 70.4994 17.2726 12.4196 21.942 0.000876194 23.1035
1434.31 8.15823 66.7702 78.1852 59.4253 42.9248 8.9637 3.42346 0.315883 27.0225
1449.77 23.8987 44.4089 98.65 71.1374 10.9766 8.65596 6.02924 0.288997 25.731
1416.21 32.5127 42.6388 87.5518 82.1622 20.8539 56.5371 14.6597 0.238568 28.7784
1467.76 21.3683 41.1263 92.4152 80.54 5.38711 56.9471 40.9644 0.172551 29.5819
1338.51 43.5674 32.5324 94.0587 85.9915 18.4947 25.7376 29.5163 0.173388 28.9266
1643.41 13.3621 17.9057 91.0834 58.8013 75.4761 5.12671 23.5631 0.00477067 25.1537
1411.22 60.5907 15.3582 107.059 44.9954 75.1928 10.9203 12.0865 0.172753 28.0349
1577.39 38.0031 9.88991 105.198 37.9633 75.1928 27.1006 8.45312 0.0705438 28.2901
1577.39 5.94541 59.5082 82.6935 37.9633 34.878 14.3717 1.16516 0.0354417 22.4764
1577.39 5.94541 57.0268 80.3763 43.8538 34.7352 16.2818 16.0012 0.0372205 22.4479
1372.65 61.9065 57.0268 60.3193 46.5887 36.4915 13.452 26.4374 0.0295391 25.9687
1372.65 61.9065 57.0268 71.6396 39.096 47.9647 13.452 26.4374 0.0517765 26.4609
1417.57 36.4143 53.2935 82.1343 53.573 84.9692 13.452 7.55723 0.0404488 26.0348
1465.22 14.829 74.8955 80.5804 38.5534 48.0557 16.9767 11.4276 0.0404488 23.1129
1492.04 17.8451 84.1707 80.563 40.0606 67.6952 2.22562 9.09927 0.0125175 27.6002
1443.4 2.87425 88.5406 90.5496 37.2999 46.3627 3.21346 8.72431 0.0125175 23.5779
1439.97 9.69089 71.4085 91.7956 45.2222 40.8422 0.976852 11.1334 0.0163428 22.87
1437.61 9.69089 82.0831 76.313 66.7844 8.13518 33.2544 14.6069 0.0271856 23.8625
1464.79 21.2465 54.9772 78.4635 56.2073 39.4965 33.7145 22.2366 0.0726518 24.9898
1522.21 0.67127 89.7789 59.5568 55.9094 29.9096 32.0948 15.8785 0.041307 24.4206
1529.1 3.57096 100.824 48.1616 55.9489 29.47 21.1181 9.74654 0.0248095 23.2044
1544.69 3.57096 90.1531 57.9709 55.8771 3.87909 23.6745 9.74654 0.0369378 23.6787
1611.17 2.04108 73.2766 62.5982 55.9297 3.87209 33.0146 4.26082 0.0697749 25.4371
1541.24 6.74241 73.384 84.4845 51.9658 8.31822 5.78632 5.09874 0.123239 25.3198
1533.12 1.41753 54.616 78.9281 62.5357 27.8035 8.91746 6.65325 0.0397478 22.814
1497.71 20.464 51.6524 80.5447 77.2955 33.569 10.0931 8.96071 0.132865 24.7058
1462.61 6.84373 83.4607 61.9466 64.3036 67.5046 12.1021 11.8435 0.239033 27.0542
1297.85 12.8159 86.6872 94.0859 48.5439 53.6633 3.39353 20.4472 0.0523061 30.4692
