5480.81 4.46503 9.46942 15.929 3.34661 51.7474 13.0546 8.59615 31.0961 3.23093 0.0447124 10.8815
5469.84 14.2272 9.19907 7.11452 4.719 66.3346 5.4795 3.92491 23.3937 3.29353 0.0219737 11.1076
5447.04 17.9274 3.10862 1.45164 13.1755 59.4021 2.70992 16.0847 13.9915 24.8182 0.00445329 9.39485
5443.75 28.3285 1.48275 5.45205 13.6556 46.3099 45.7705 8.78113 15.9394 7.1291 0.198322 17.1574
5478.76 23.0277 0.769663 6.69489 15.7653 15.5159 50.0984 9.06859 29.1629 10.3099 0.28848 18.1291
5446.6 18.7415 8.20754 6.12421 23.8094 18.3866 3.2196 25.599 2.98051 5.02564 0.00103706 10.0222
5399.39 18.8775 7.40807 7.43535 26.9768 16.7382 45.9933 21.9269 17.6694 15.3811 0.00456208 11.517
5394.35 18.3422 16.4509 2.18729 18.693 18.8007 31.0113 19.6035 23.4161 8.92866 0.0181408 11.2773
5413.71 12.145 6.28697 8.47334 30.342 45.594 9.2406 14.1835 21.6038 2.99788 0.00136813 9.88752
5491.61 10.7618 1.24679 2.1149 18.994 32.9262 9.74924 12.0787 6.37623 15.7648 0.0454869 8.73881
5464.68 9.35983 5.66294 0.807175 21.0685 43.2337 13.1242 14.9243 5.66365 32.6934 0.052572 10.6709
5431.91 16.0795 10.5766 3.48693 18.5051 3.28837 28.9785 38.5576 10.6186 5.806 0.0349155 12.5734
5447.24 10.6207 12.921 7.07917 4.19812 61.1932 8.40018 56.2558 12.6791 15.3702 0.080262 13.4141
5395.35 23.2148 1.45586 7.33742 4.14105 3.49633 12.2461 30.4672 5.82325 11.2264 0.10249 19.7213
5413.3 6.21176 15.5643 5.7944 3.18113 52.6856 51.5715 39.7156 26.7887 3.41472 0.182136 16.6442
5421.84 11.6317 17.466 4.36171 5.64909 30.9259 75.2374 17.3048 23.5583 15.6004 0.161724 15.3476
5437.46 5.58876 16.599 7.00978 17.6094 38.6007 25.7283 30.9274 4.53553 11.9768 0.0724722 11.525
5396.08 26.328 1.18618 7.36683 17.0057 20.8927 21.0329 3.40709 30.4468 39.0943 0.157933 15.7143
5467.85 10.9766 10.6713 8.77375 19.2877 30.0098 32.2151 16.2153 20.9203 10.6527 0.0717665 13.3518
5437.47 8.18081 11.379 9.34803 1.59368 28.9068 31.2338 14.5331 13.2963 7.39072 0.0231675 10.4919
5478.94 2.94274 2.27221 7.52098 35.6293 33.665 31.2298 1.7409 29.6409 9.331 0.00847629 11.8872
5435.25 8.58343 11.838 10.0989 14.2521 29.4205 37.3856 0.374899 10.643 0.65804 0.00163632 9.19182
5345.06 15.6775 34.831 8.79503 10.6568 25.6785 18.2141 7.24195 8.22699 19.9287 0.00502016 13.6674
5462.11 0.794308 23.2159 2.31567 8.26665 57.603 2.24526 10.7573 9.88648 13.6479 0.0011145 8.80149
5461.86 1.12979 18.5424 1.27779 11.9252 44.1568 1.16107 12.4448 5.74215 2.30541 0.0122863 8.66757
5511.1 8.16084 9.42431 0.345813 15.646 29.6955 8.43684 0.894432 2.64223 4.65484 0.021271 9.93352
5456.41 3.98217 15.6691 6.68826 15.3941 37.0661 32.4666 3.2492 6.62522 7.36204 0.00306716 7.71097
5413.2 18.5534 3.26835 9.4436 18.3294 53.0361 12.0817 56.5875 7.25275 11.8684 0.00407448 11.4673
5338.51 24.8233 5.41884 11.1571 11.1293 31.9672 20.0203 30.1458 7.43064 12.6011 0.0219809 13.5059
5410.58 18.9109 8.95645 10.4754 9.22735 48.5546 7.95711 22.3873 2.09596 16.613 0.0921403 11.2417
5435.15 17.5396 6.20816 2.36124 10.5009 50.5462 5.1357 26.1284 5.06486 0.658796 0.16208 11.5389
5455.01 15.7735 2.33924 6.54794 12.6102 46.2591 11.7484 1.3824 6.01531 12.7438 0.116151 10.0502
5458.6 9.1797 11.7953 2.23462 12.8974 33.9159 5.10533 28.8467 10.3938 10.0504 0.0985751 10.0828
5507.64 9.30824 6.08958 0.952584 19.9764 25.132 26.6329 7.62065 2.50632 8.35827 0.111921 11.1988
5513.85 7.89178 8.82404 6.34992 14.9382 32.8656 28.183 6.77358 7.77951 4.43154 0.0215621 10.7327
5468.34 4.51326 6.09029 18.2187 14.1196 23.7851 26.5061 17.2507 17.5982 32.4473 0.0573703 12.404
5507.18 1.70022 6.11416 12.7066 15.9547 24.4297 11.0211 17.0096 21.9578 18.3131 0.0907507 11.5725
5531.46 3.35075 2.77746 13.1389 9.72477 43.7326 10.6474 16.1341 32.0233 13.3463 0.114021 13.6111
5515.58 0.254329 1.35661 11.0674 6.5232 42.1895 12.2317 18.4209 21.2085 4.15743 0.0256706 9.57502
5502.18 1.36154 3.79197 9.19705 16.7102 30.2533 13.1333 17.2 4.57263 8.8437 0.0369866 8.14937
5475.15 5.98089 9.47643 7.63052 16.4279 29.426 3.98038 13.7337 12.477 19.1382 0.0436995 9.02751
5405.21 24.0111 3.95842 2.60047 4.28389 54.2129 9.15601 17.4535 5.05254 20.8965 0.0336366 10.619
5477.48 16.275 4.71938 0.562769 6.67652 22.749 15.6597 22.0563 1.02144 19.9978 0.0259251 11.5117
5388.71 24.1455 6.46082 5.05078 9.30736 65.1015 11.234 41.6726 27.6731 11.0854 0.00648729 12.0089
5432.45 12.6564 5.35782 14.5948 18.6434 22.6859 11.9624 3.97779 4.99864 1.67635 0.14054 11.0652
5415.18 12.4602 5.73647 15.7612 4.46511 54.6191 24.8912 11.2822 10.8588 3.26064 0.196184 12.4797
5421.81 6.33858 13.5788 13.8842 12.9231 15.5422 39.459 17.4779 22.4581 5.96712 0.267427 14.1841
5415.93 28.4627 1.80929 1.04196 32.3232 5.3151 2.69761 9.01768 17.423 19.0079 0.135304 14.948
5423.35 15.6696 8.21573 8.54405 24.9316 4.38093 39.2852 5.78578 26.8388 35.3835 0.154368 15.8395
5376.66 20.3191 0.475613 10.4004 35.4434 18.8673 81.5997 2.80595 19.9064 28.9135 0.0617127 19.6104
5415.55 12.2556 5.47429 13.4646 10.495 43.2221 23.1551 6.82813 9.67558 20.6017 0.0332436 9.95779
5419.53 14.1018 13.6886 8.26049 0.688729 37.2031 65.7099 5.77996 3.97066 32.1965 0.0293125 13.876
5491.37 6.25683 9.80242 10.5142 9.75896 33.698 59.7327 0.216466 12.1028 12.6338 0.165122 15.9324
5467.67 6.58914 11.4829 13.3246 2.57765 3.94374 82.9033 2.69188 49.0846 25.6822 0.292712 19.7517
5410.94 3.52258 15.919 17.1126 12.1832 33.592 5.31764 24.3827 7.21242 12.4729 0.203767 13.4407
5370.15 10.1764 17.6988 17.2929 2.13606 50.2265 9.78668 19.8249 5.21986 6.01866 0.117449 12.8734
5385.35 8.23619 19.2316 21.3221 4.76937 51.0972 0.961452 27.4502 5.33625 8.83466 0.0281574 12.9443
5505.56 4.76484 0.836433 15.505 2.89532 39.2463 10.7187 9.29996 36.7561 9.88009 0.087966 11.3316
5544.29 2.87432 0.78554 0.897454 3.76005 63.7475 11.2327 3.84785 22.0798 9.64486 0.102217 11.3255
5523.85 2.63891 3.17719 1.62659 3.76005 46.4901 6.02304 0.351671 16.6033 8.36825 0.234777 12.149
5508.34 4.29407 9.82781 15.5967 11.6534 32.6803 5.81256 10.2755 26.3819 12.173 0.0328198 13.0522
5496.99 6.49289 8.82737 1.04012 6.98752 42.0567 11.3911 14.1527 14.7684 8.75513 0.0328004 8.36797
5453.68 5.77036 17.2334 2.28178 8.51451 58.7474 37.2179 33.859 9.21418 2.64614 0.0177762 11.2507
5404.39 5.00215 29.6029 1.18076 12.4458 37.0185 10.5469 18.2699 7.4836 11.2323 0.0609107 11.2355
5431.41 11.5052 16.0792 7.12446 8.89942 46.2809 5.40716 5.84656 14.8186 3.14077 0.0394644 9.0525
5414.93 5.42904 11.9653 6.50908 19.2426 58.4955 6.85962 16.7046 19.0246 0.874639 0.0111316 10.7849
5430.41 4.83908 22.4324 1.50239 10.3283 51.7799 38.5781 14.7909 22.0054 6.11608 0.0246856 11.3429
5478.23 6.07379 6.93976 12.0539 21.8054 30.1411 29.373 3.39462 22.4295 1.73643 0.035222 11.0805
5520.64 0.490838 0.994537 15.0671 19.6878 2.23536 36.64 2.66665 6.12781 4.3527 0.138899 13.9482
5503.02 3.15215 7.91546 5.35877 20.5444 36.1098 29.1581 1.55271 11.8355 3.48328 0.000440311 7.31556
5481.5 2.23694 10.8402 8.22206 2.18605 43.6723 15.2509 19.201 6.74694 11.5497 0.012662 8.15281
5537.09 0.989769 6.06164 9.72017 12.4569 12.9968 13.0534 8.06626 13.1316 24.8054 0.000752054 9.19161
5523.36 4.09105 10.1224 2.53629 6.88339 50.4579 26.9535 2.29066 28.6942 31.0079 0.000861125 10.7378
5495.48 3.18452 5.10583 6.42864 21.6417 30.5432 12.3191 25.2259 17.3084 7.01585 0.00183464 7.23015
5499.38 1.02227 6.61128 0.56382 29.5252 36.271 2.53113 27.7697 20.9266 21.2341 0.0218611 11.5908
5466.9 1.1661 6.43603 5.16212 25.8396 35.2865 20.6665 10.9443 18.2991 11.9975 0.0921611 11.1309
5446.34 2.78131 4.4323 12.8542 30.0992 43.2631 56.946 31.3401 4.85248 15.5577 0.0719179 17.1156
5479.89 13.0777 2.57038 3.88721 2.72718 41.9521 66.3696 45.0294 5.26842 11.2014 0.0626353 14.2391
5482.46 9.14941 6.151 2.47692 6.25273 58.3492 23.3345 18.2564 2.73573 9.82582 0.0421819 9.08876
5468.57 5.16672 18.8472 2.65202 4.08914 38.2262 32.6213 23.0948 5.38639 9.02672 0.062671 10.7579
5476.75 2.62722 6.6205 12.7074 6.81892 50.4479 0.725587 53.4223 21.9978 3.87835 0.0210489 11.566
5496.47 0.867104 3.78641 10.711 14.0388 56.5873 18.8381 28.0951 7.43864 2.26779 0.0168347 9.62094
5473.92 3.02055 7.89698 13.742 12.6556 29.3808 9.54622 7.70405 6.28803 12.2259 0.0125774 7.39384
5469.39 5.50214 1.70264 16.0648 3.18222 59.1855 19.8042 7.70405 21.4613 7.34709 0.0271949 9.70415
5477.25 12.9608 3.03154 13.8797 4.24174 37.4536 2.37048 1.96397 23.262 5.80127 0.0839972 10.8307
5412.39 18.5472 3.36757 12.4935 12.1113 39.8912 15.2175 14.0379 32.165 25.8743 0.0290576 11.3853
5430.46 12.6691 12.5876 11.5642 10.7377 42.8173 27.767 29.3973 26.0929 2.50164 0.0319944 12.0439
5492.81 9.13711 0.377852 4.34849 25.0448 36.0029 12.3516 21.5292 28.2475 12.1281 0.0419769 11.1679
5522.57 3.58481 0.808873 2.80435 25.0448 29.1466 5.67837 24.9576 23.7785 32.0694 0.0164994 11.1114
5526.96 0.17302 1.59019 9.16372 3.77552 70.2432 10.4718 9.11109 10.2806 9.24217 0.0260941 9.90815
5530.7 1.34095 1.73658 7.28543 26.0393 20.3965 6.93805 14.9609 10.2806 15.5577 0.0078954 8.7582
5500.17 5.291 7.60316 3.56379 27.1496 39.6976 7.48934 13.587 20.6922 0.782924 0.00828184 9.96819
5408.83 19.3289 11.4607 2.31004 14.103 42.149 18.9756 14.9297 29.6476 2.05685 0.0172912 10.0067
5432.37 16.5621 2.66243 16.8321 7.90598 18.5585 23.3357 19.9387 59.6375 25.376 0.00146836 13.4358
5408.99 22.9433 0.539656 2.27474 32.1027 30.534 24.359 20.4426 71.2982 18.2195 0.28235 21.1826
5398.61 27.8417 0.943387 2.45015 33.3721 49.4017 20.1978 6.72197 54.147 16.1728 0.104966 19.126
5353.31 12.7685 23.2746 1.55271 18.3128 47.3509 5.63079 8.84346 2.73879 15.52 0.104966 13.1839
5417.59 5.39812 24.5818 3.14058 13.428 33.6444 37.8137 17.5439 20.9954 4.37373 0.0229318 11.0666
5395.6 25.1339 14.6519 6.54044 20.2477 9.26339 13.5359 23.6883 4.33389 4.40563 0.0040938 12.1647
5406.42 17.3401 10.0265 10.7026 9.91084 22.8421 24.8389 17.0976 11.0475 5.53827 0.0003571 7.81667
5359.73 14.5104 21.7582 6.18779 4.93258 40.7093 49.1355 1.76537 19.859 3.6125 0.00628819 12.3356
5370.66 15.7552 18.5969 4.19462 16.6884 37.0119 17.655 20.7835 20.1998 3.43631 0.0304581 10.8963
5372.98 17.8024 19.0405 3.11612 14.6627 27.2901 29.2387 22.7121 18.6762 4.29891 0.143252 13.1669
5333.74 26.5012 12.3902 2.04472 17.3608 52.3455 39.7384 5.67629 55.4408 10.2464 0.0759735 17.3389
5437.32 14.8247 9.34186 1.25441 3.60071 48.5151 34.0382 12.3969 31.733 11.06 0.137627 12.9468
5395.57 6.42801 22.03 0.730095 9.12636 48.239 9.37558 6.28112 8.10571 19.9046 0.128947 12.7841
5391.87 3.35214 28.1143 9.19395 0.132654 59.8386 8.11701 5.85136 7.98918 0.733615 0.16395 14.7258
5434.5 3.76828 19.4363 7.51741 3.57563 67.8409 19.3881 13.7427 2.86924 0.286488 0.0410389 11.4395
5455.02 1.83251 5.2001 8.1249 9.25053 55.6323 25.4332 53.3355 35.7948 35.1928 0.143612 18.2888
5514.28 0.923825 3.66293 10.5688 10.9018 19.9011 49.2986 49.7421 36.0012 34.9409 0.0217288 16.0626
5498.44 11.5111 1.53476 5.84837 10.7165 23.5368 33.6323 50.428 29.3356 17.9894 0.0241594 13.3068
5514.02 8.31849 3.04035 7.86854 21.2302 30.9844 18.132 4.7325 6.09921 13.1156 0.0442 10.6643
5478.23 6.75635 5.4514 6.74525 14.862 19.0137 19.6833 48.0567 3.4031 13.0931 0.129085 11.9379
5524.91 0.846895 7.03369 7.95059 10.8538 15.069 28.5542 33.8607 19.1491 1.12811 0.000469684 9.76729
5408.82 18.2054 7.59522 14.5413 11.7048 70.5843 30.6539 39.0013 14.2265 2.57892 0.000469684 14.0715
5324.82 31.7505 6.78368 13.3999 9.39794 59.6225 39.3025 28.2176 25.9989 5.71865 0.106694 17.1622
5381.96 32.4236 5.63722 19.5379 8.93373 10.7142 1.87162 13.0441 11.943 6.74228 0.184146 15.7944
5381.37 27.2855 1.93366 6.22427 13.8187 20.531 15.6353 22.3653 9.89028 19.913 0.159508 14.336
5482.5 14.889 4.85866 0.727524 10.521 22.0267 53.9961 8.50554 2.7894 18.1229 0.127551 12.6849
5456.71 1.62441 15.2615 0.878964 5.649 52.6853 7.83865 2.66889 14.7469 14.7059 0.175174 11.9377
5456.37 3.29471 24.4823 0.878964 6.90778 58.8759 3.03516 3.9246 10.3422 15.6606 0.135229 13.1296
5421.15 16.71 8.51572 5.54328 5.19871 47.0579 18.3147 37.8204 43.7253 12.2466 0.324059 16.5302
5419.4 21.0608 9.70954 18.7148 11.1007 27.7863 9.51421 49.3866 26.5342 22.0993 0.045336 17.9045
5419.87 18.2422 11.2871 1.3129 8.52948 39.7063 8.79233 44.7878 23.0965 31.1416 0.222136 15.6274
5420.4 10.9643 7.37813 18.7365 9.17388 42.3386 32.1633 4.95291 3.92415 10.9079 0.0692926 10.9235
5416.07 10.3396 12.5463 8.84055 2.51351 60.7486 35.8482 58.11 3.92415 10.9079 0.0585636 14.5089
5441.05 12.3435 4.40827 7.53108 0.81407 54.8561 23.4425 43.0522 12.8045 14.4576 0.0664571 13.0502
5448.58 19.6278 7.00676 3.38843 8.80369 63.2695 32.4056 33.2861 8.55946 8.66113 0.0196324 12.3844
5377.13 19.8365 13.2801 8.98099 7.18866 69.3634 27.7545 27.6461 5.87581 4.18195 0.0100436 11.807
5366.51 7.58268 12.3829 14.2588 14.6579 47.8804 15.3919 22.9415 11.4918 1.88403 0.0517073 14.2696
5474.45 1.59975 13.2252 8.33768 0.694549 42.9596 4.19493 20.6643 8.81197 9.50531 0.026675 9.5156
5412.63 5.96926 13.9365 15.2478 5.74561 34.6399 32.3021 54.7828 7.11096 21.8729 0.000644912 12.448
5363.29 33.1811 4.72368 8.71444 14.3601 32.8298 33.7876 7.59735 18.8995 5.16724 0.00237767 10.0601
5397.11 32.7715 4.64751 2.42885 11.4028 28.6243 33.8147 1.96942 36.0601 1.34846 0.00277096 12.0158
5435.01 7.45705 13.1481 12.6022 16.2327 20.6476 8.58088 12.1433 79.0952 7.35587 0.0535363 14.6389
5471.57 7.90586 0.760047 15.3433 17.7816 24.9511 12.019 5.21795 25.0759 13.3651 0.000140942 7.89051
5379.7 15.5728 17.8721 11.191 24.963 14.2878 11.3878 17.7623 15.3901 11.8897 0.202333 14.9844
5379.7 22.3722 12.7568 11.191 14.1107 7.94101 3.64066 35.4214 7.56483 1.66744 0.150835 14.5345
5390.06 17.7795 7.08561 8.13519 18.2643 39.7521 9.00787 6.9936 9.5692 16.5739 0.136637 11.5522
5478.43 4.63753 18.8151 0.699705 15.0715 19.5962 10.5247 0.672583 9.69661 15.1875 0.058514 11.4395
5477.08 4.55868 6.03496 12.2416 6.9117 32.6377 24.6701 18.0697 11.4122 18.4174 0.123433 10.5586
5492.6 7.30551 11.4657 12.352 5.08294 21.9575 45.854 17.9433 3.58444 17.1251 0.159443 14.6125
5464.69 12.6521 0.542277 2.18134 17.0642 70.9923 50.6499 8.81395 26.1175 0.585982 0.00824434 14.1498
5479.76 3.27339 1.35771 13.5092 5.97525 52.285 15.3133 19.2429 26.0977 22.0368 0.0744887 11.7134
5415.95 21.2536 6.52276 13.992 1.31585 37.1336 19.3931 16.5352 8.63773 23.0403 0.0128082 10.4939
5497.68 4.86076 4.39442 7.54945 12.7394 44.6635 49.4905 13.843 9.34695 16.0817 0.0214402 9.78386
5497.68 5.06326 0.541218 16.4189 3.5267 51.881 1.32214 3.1278 7.35162 0.73838 0.0622125 10.3597
5512.83 5.19815 0.541218 11.5007 4.38226 50.9539 16.1562 7.38347 4.54771 14.3524 0.0483615 9.10416
5436.35 5.09932 12.1567 13.0185 8.13998 25.5899 15.2454 6.89538 4.54253 12.308 0.0769417 9.89281
5441 1.36845 20.5611 6.32562 12.1625 24.1153 11.0867 10.6877 4.52968 10.4839 0.0380874 9.49063
5441.96 2.81351 16.5671 10.4376 8.79827 11.4757 5.87878 7.82389 19.7711 12.6626 0.000133581 9.2108
5427.93 3.26388 14.3866 21.4274 1.58835 27.3148 6.57618 10.0685 14.8012 10.7287 0.00117607 9.53312
5420.05 3.62573 22.5082 11.664 15.8248 26.5948 10.3243 13.1864 14.8785 13.2558 0.0151531 10.2329
5382.16 15.3848 13.3523 9.6297 5.12842 23.3934 3.2001 16.7066 25.3396 21.6165 0.0345265 13.3922
5363.01 19.4571 16.7473 10.5912 6.78419 37.2586 11.916 22.9476 12.507 12.3778 0.0377306 10.9851
5393.31 14.9492 14.7281 20.9606 0.56564 47.3933 11.0039 21.2401 15.0948 7.36044 0.0035 11.3192
5445.63 3.27946 5.55337 23.0354 6.94751 51.3168 22.627 31.737 25.1187 7.01624 0.0677715 13.3709
5463.59 7.74797 2.9133 5.05376 14.7365 39.0544 12.8837 3.62922 7.20321 7.39906 0.0707595 8.76905
5504.02 2.35785 4.34142 2.84893 10.3643 74.1717 19.086 36.1287 6.19791 9.22901 0.0113709 10.5016
5457.17 4.79518 8.08679 3.56152 18.148 51.8745 15.988 16.9323 18.3541 12.3138 0.0191979 9.14324
5514.79 6.33224 6.89075 2.0442 20.7489 12.5396 9.09699 8.97463 30.7117 18.5435 0.0286577 10.9228
5477.31 1.53927 5.21966 10.3918 34.5889 29.7572 80.9371 27.5276 26.0513 11.7737 0.00304888 16.7486
5462.16 0.52852 4.31728 8.59283 31.2393 25.337 50.9137 31.8873 24.6074 22.2243 0.0404728 15.8781
5422.42 0.909081 21.1872 12.4533 8.62768 25.9064 32.3919 42.5839 19.258 25.7271 0.060689 15.1772
5435.37 5.69093 25.5462 15.4143 1.18565 20.5374 13.145 10.9909 24.9289 38.6597 0.0247137 16.0511
5358.89 23.1375 11.8417 14.8867 12.0637 55.3318 19.3611 24.117 44.1586 5.00621 0.0282297 15.0773
5333.49 29.7435 12.8467 6.4236 10.9557 67.1383 8.12079 3.49229 1.67445 4.58434 0.00605914 10.7628
5474.15 5.99272 17.285 8.17491 13.6829 11.5149 21.8127 11.5941 23.9625 2.03261 0.0120562 11.1416
5450.45 9.73175 15.9745 9.40025 3.78364 60.2559 19.0403 11.4499 8.03699 7.58758 0.0136039 9.92396
5506.28 10.4291 1.80427 10.462 15.5838 61.5944 9.71091 11.4499 9.7828 6.94829 0.0140979 11.861
5453.48 21.4626 5.86517 4.54048 15.9081 17.7007 6.73021 1.83185 4.93639 4.64993 0.000303099 8.40581
5449.84 25.1246 2.98591 1.08006 0.493591 41.6965 2.23826 15.2554 2.47521 12.3333 0.00127189 10.4278
5398.37 13.0273 4.67199 17.642 10.9002 64.8687 7.68199 27.7536 1.07617 20.1108 0.00927291 12.1214
5363.67 25.2023 8.14269 13.9145 18.3336 6.71192 11.3157 28.3693 13.2251 1.90103 0.00877329 11.8789
5361.69 27.9499 8.22398 16.4143 10.1801 11.0486 12.3746 23.0423 13.2251 5.6649 0.010591 11.6207
5443.29 14.226 9.45474 9.55571 11.5392 11.5083 12.2482 6.93959 2.17837 2.30641 0.0176767 9.17171
5491.72 9.67366 9.05408 5.04524 4.6981 21.1753 15.9686 10.4659 1.49563 0.897747 0.017197 9.32311
5434.15 15.4805 8.06347 3.0611 27.9686 28.4831 30.4225 6.28696 2.46395 5.31519 0.0248142 9.69428
5445.79 19.4759 4.25307 0.933332 21.4868 26.942 33.0111 5.05321 29.4597 0.67452 0.0595931 12.087
5514.91 2.68406 0.67924 2.19049 28.7982 17.0549 5.14422 9.86204 87.1895 10.0665 0.032314 15.0147
5453.21 8.67397 8.84239 19.1866 0.616289 28.6079 25.424 4.61781 57.593 4.16026 0.0442224 13.9476
5412.77 12.61 7.68028 9.29799 28.3852 33.8262 29.4249 5.5366 20.4261 17.0854 0.0123953 11.0264
5416.05 14.2805 7.78283 10.2124 14.5776 24.6599 26.5791 0.737307 23.2308 16.6001 0.0442067 11.1911
5398.94 11.2226 18.2529 9.79381 8.14187 17.0394 29.9772 13.0972 7.1871 13.5549 0.00537017 10.0481
5422.95 15.9101 22.1541 8.35905 3.93707 47.1599 6.52414 9.44458 4.73588 13.6142 0.0714625 13.8034
5482.74 10.6495 4.4875 9.71388 11.7478 48.5306 4.22208 12.3504 4.20722 2.92196 0.0717359 9.56536
5478.75 10.8799 13.5053 1.46796 4.71141 39.5425 32.6072 27.0544 1.68446 12.0862 0.0328303 11.2746
5490.91 8.97402 2.97683 3.33217 5.54271 40.7901 8.60514 26.259 3.35349 5.83252 0.0293736 8.50695
5429.76 11.2464 11.9611 9.63542 15.5828 18.6735 9.98513 13.1129 7.83535 8.05738 0.0239659 8.55741
5388.17 22.2828 3.03658 14.5657 23.8013 7.44069 33.3858 16.6132 7.57823 11.9773 0.0338827 12.3147
5365.26 28.8339 1.50411 22.2303 6.14922 35.399 54.5311 15.7066 1.79337 36.1568 0.0420774 16.2166
5484.02 13.4378 1.33031 4.59761 15.3871 19.3404 19.3872 1.40769 4.79802 12.1741 0.0511389 9.59971
5436.4 10.8002 7.1732 7.01435 18.9115 6.68098 53.685 17.6726 3.40712 7.67772 0.0124526 11.1311
5436.4 15.9646 7.1732 9.32266 11.0305 20.6029 12.593 24.008 29.4989 19.7213 0.0124526 10.5111
5410.07 18.3365 8.84192 7.06404 9.56623 34.6339 1.4014 29.0069 18.3111 19.474 0.023192 10.6415
5398.8 15.7674 15.7272 3.09093 15.8939 58.0282 11.0262 5.70628 19.7183 9.71952 0.01652 9.95862
5421.2 15.3077 10.4761 3.64802 17.7488 36.1308 11.5155 20.2445 13.1522 13.3326 0.0141666 8.51916
5451.59 10.5533 16.6591 11.8179 3.96901 27.3546 15.1421 67.8685 7.88033 12.5409 0.00732517 13.4875
5444.7 13.1982 2.03722 19.9209 12.9775 8.17597 13.0905 1.86781 14.6513 14.9076 0.0043871 10.2456
5501.64 2.68755 1.07954 11.9621 9.83616 42.5037 13.1502 8.57759 0.235724 7.40431 0.00254134 7.52353
5513.84 7.40376 0.697851 1.54822 29.8639 38.1591 9.43321 4.81664 7.09458 8.26291 0.0168756 9.44146
5505.98 7.6418 1.58648 2.66103 6.84621 39.9059 17.1978 2.92575 4.57601 16.3669 0.0718593 9.33052
5446.01 8.14535 7.84761 7.86834 3.01125 24.5872 20.1004 10.4102 4.27466 30.9951 0.00722133 11.3383
5512.82 5.4563 8.13026 6.45354 1.76591 28.3986 54.2519 13.6824 11.9749 16.2985 0.0427391 11.6452
5484.77 7.86463 10.5621 4.73341 2.55536 68.0958 39.1894 13.3265 10.6988 47.4593 0.0321811 14.3178
5499.77 7.53699 11.7844 0.685162 7.054 63.4876 18.5027 16.3528 15.6366 25.2393 0.00649982 11.1846
5434.38 19.7386 5.0506 7.08573 1.92519 73.2874 74.656 7.07829 26.5964 14.6202 0.018391 16.2106
5358.7 12.9721 25.2341 3.57356 7.74016 37.5716 2.42909 12.1353 24.5079 16.2338 0.0618374 13.1148
5376.96 21.9627 5.40847 19.7904 5.13193 62.5448 38.6513 43.27 27.5629 46.915 0.0599526 20.2834
5429.62 3.73774 6.98242 17.8635 1.82716 22.8232 32.7387 8.82158 26.9782 2.16992 0.299889 15.3165
5536.82 4.20708 3.20845 2.68139 6.97323 54.3304 32.7689 4.21679 17.9631 20.1746 0.205812 14.0979
5442.73 2.94513 13.1179 4.66448 9.99018 10.1845 34.1925 21.5384 9.18872 7.90311 0.008629 12.7492
5461.28 9.02514 13.1704 9.61087 6.82502 22.7128 48.8473 29.552 18.7973 1.22624 0.0444469 12.5458
5439.35 7.80449 12.9165 11.3504 15.5194 36.5125 5.1101 37.6377 54.0615 22.3471 0.000447598 12.4179
5435.57 5.71057 21.9523 5.09349 8.67392 34.9248 37.3934 16.7707 24.5451 16.6965 0.0124316 10.9733
5456.47 1.63995 22.9468 5.72359 3.94524 47.3977 17.0489 7.73 12.3829 25.4172 0.0898748 11.9353
5443.01 2.40406 14.4881 12.2489 5.43586 4.79772 7.81991 4.72853 10.9488 11.9333 0.0100402 12.3044
5451.46 4.8515 14.4881 12.8851 10.6129 20.4721 15.129 16.5548 19.0787 8.47244 0.0322945 9.75168
5412 4.8515 16.0531 4.83807 14.7723 34.0807 15.1647 22.9427 8.10554 15.8237 5.75769e-05 8.87223
5433.59 15.8877 7.41144 3.90689 15.6736 31.1961 10.2738 17.1494 3.0245 0.339188 0.114942 10.5862
5474.87 4.07153 2.59377 7.43611 18.3147 64.8896 15.0535 18.0637 12.5877 0.339188 0.0766877 12.1193
5451.48 4.28973 19.5269 11.3706 4.08741 16.8916 30.4413 6.88464 35.6649 2.20549 0.123469 13.6633
5482.03 1.15909 19.3105 10.7391 4.17779 16.8916 26.7233 11.1474 29.7255 4.49984 0.0607309 12.9474
5403.88 7.00721 19.7666 14.865 9.03202 24.1897 52.8386 22.3732 17.5914 5.68504 0.0676248 13.5559
5385.59 7.44951 14.0054 16.1481 3.41461 24.5433 36.6021 27.7074 42.6406 36.896 0.0720742 19.1778
5370.06 28.4602 19.8762 2.2887 10.2159 24.2668 30.828 12.0852 2.64884 6.995 0.0584174 13.1932
5377.38 26.838 11.0452 11.5402 12.2826 13.7257 54.0182 0.947071 11.6765 2.60787 0.0842008 14.1597
5372.26 34.0172 4.95199 1.76001 22.2108 4.86043 8.45641 2.20942 13.3928 23.6337 0.207589 16.3769
5373.4 12.1925 16.7342 5.84635 31.9142 32.1281 10.1389 1.47426 17.7019 20.828 0.298827 17.3567
5397.33 10.6837 11.3369 2.13451 34.3606 58.5412 9.36567 18.5615 2.52623 10.1981 0.0319985 13.6901
5383.62 15.1285 7.34358 11.8605 20.1221 50.6774 17.9318 3.93085 2.52623 13.4475 0.132129 13.2212
5427.61 16.078 7.79296 8.12052 19.1027 30.6089 40.3991 0.990665 20.8713 8.59226 0.231401 14.5951
5384.83 16.6356 2.77308 15.9454 18.7813 28.1936 80.3831 3.22272 6.70044 10.5118 0.155287 16.5146
5469.58 13.5847 5.02114 6.661 23.6382 54.1313 23.9429 13.0104 16.8047 9.8466 0.0555767 14.0519
5360.55 23.4399 1.56061 18.4029 3.50573 43.1921 13.4995 15.0102 9.93023 4.1744 0.0013328 10.2855
5379.11 22.9893 6.93933 3.58976 44.6846 17.587 59.2216 13.7389 8.22499 10.8108 0.0374801 16.4416
5387.54 15.1379 12.7653 2.85148 42.0265 44.1822 26.469 22.7047 2.03886 30.6586 0.00546261 16.5955
5369.01 24.363 10.4044 5.8872 21.6805 47.0355 31.6556 2.82731 3.7729 11.3101 0.0241893 11.4868
5374.37 23.6954 18.2276 6.4966 9.70211 10.0635 38.0697 10.4529 0.192684 23.6956 0.0274066 14.559
5315.88 17.8788 30.3361 5.05907 9.53787 12.9717 52.8673 23.3141 4.73401 23.9133 0.000114804 15.1416
5274.22 27.804 25.7905 20.2343 3.70572 40.7691 26.9014 21.4702 7.76164 24.8982 0.000114804 15.6187
5305.31 27.804 30.023 16.5454 3.70572 41.4957 34.9528 6.86183 17.5437 17.3996 0.000114804 17.6027
5243.7 45.3905 9.58985 2.30666 21.5874 13.7975 22.2068 39.4762 17.7566 15.965 0.00931668 17.8936
5411.85 16.7568 10.4752 0.674272 30.6012 28.2579 5.42959 15.8823 21.1375 28.8662 0.0183928 11.9014
5410.2 22.6082 16.2911 2.15548 0.531133 23.471 30.3826 0.117768 8.95587 21.0867 0.015943 14.6091
5347.59 23.6986 11.8474 4.66577 18.3665 28.3503 34.1601 6.81394 25.0277 40.9303 0.00613582 13.691
5363.82 16.6948 19.0754 1.34962 15.8929 34.4961 13.3602 6.80419 0.598307 7.85585 0.0419986 11.3177
5318.22 19.5979 13.6106 4.02048 27.3174 54.2734 10.0891 7.5353 13.3859 9.74469 0.0222536 14.6031
5390.67 13.6485 18.867 3.39695 22.7123 48.0424 27.2187 16.9169 29.57 4.02911 0.00153249 11.3649
5389.25 9.79593 22.5142 1.57038 17.9036 37.4966 11.5669 19.6204 15.1848 13.4678 0.0108373 10.0651
5381.38 14.4691 17.1074 0.733485 23.1708 30.0119 13.9545 17.0892 7.47356 17.4298 0.0802611 12.1198
5394.81 18.253 12.7536 2.32679 21.6264 32.7279 41.9233 1.78232 7.01753 17.4298 0.025995 11.1196
5434.99 18.7522 0.259744 6.18102 13.7186 46.4454 41.6456 9.82703 13.841 6.41187 0.0279326 10.8214
5427.34 15.3281 3.26598 7.49839 20.5306 38.6567 14.8275 17.7907 38.725 8.473 0.0031087 9.49351
5382.84 13.0807 23.3587 2.78836 14.0189 14.0495 31.8169 15.7958 4.64319 6.41917 0.281256 14.2963
5398.36 8.58152 18.5097 6.25143 10.4449 27.1361 2.34741 4.92134 15.3204 36.3934 0.215887 15.0389
5458.61 2.39792 13.188 1.32067 19.8047 12.3832 30.3592 38.0958 22.4318 8.25258 0.296891 14.9181
5444.85 14.3719 3.6529 10.6312 12.3242 12.0202 28.2314 40.1684 16.3399 10.0937 0.225385 13.8536
5493.97 5.34187 0.995467 17.7414 10.4444 12.2805 13.1483 16.3751 5.33358 15.5996 0.00281419 8.87018
5514.27 9.41029 5.18366 7.13308 6.57371 47.1028 6.16059 32.433 2.64288 26.2972 0.00691476 10.5165
5511.74 7.75579 5.79087 1.05576 6.57371 67.4739 4.13907 11.7145 3.31066 17.5468 0.0277086 9.68603
5467.03 14.1776 2.92596 3.87944 7.69264 54.8755 43.2874 28.6407 3.64907 6.87511 0.0197575 10.393
5450.02 18.0127 4.02183 15.6582 7.61301 24.0051 34.5602 23.0969 11.0289 2.1735 0.0766975 12.2649
5409.94 30.5637 6.74843 7.27773 7.9041 24.7971 17.3367 4.66049 13.6792 24.7804 0.208642 14.0243
5400.5 13.621 14.7851 5.75967 14.694 24.8332 22.3106 0.474043 24.1941 13.1298 0.216909 13.8315
5397.27 14.2556 15.4478 1.00702 24.4441 24.8771 17.613 13.1241 71.2705 3.82764 0.0414819 14.7412
5409.13 16.1649 2.89336 3.39131 30.3044 24.9202 6.23057 11.2563 47.1746 4.90581 0.0803756 13.5649
5485.7 9.34268 2.94802 3.60864 4.85509 25.7449 51.3293 9.29341 9.71439 3.35896 0.0134024 10.2567
5561.26 2.52262 4.61777 3.19395 9.43037 25.7319 6.92678 12.9771 2.47862 2.41598 0.0391262 9.77755
5518.52 1.19121 7.6815 12.2182 4.99522 25.8885 11.5162 28.7556 11.2244 8.23831 0.0394722 9.98384
5433.68 16.1558 7.20685 6.27395 5.5138 21.1624 7.21691 9.27806 9.75781 1.14622 0.0128579 9.19878
5498.21 11.3098 6.36133 14.2308 1.14584 45.8965 3.2614 42.8187 3.74203 5.07607 0.0491735 13.6352
5443.76 12.8801 3.91918 10.7003 15.0517 42.7532 1.66406 8.46985 30.4999 6.31191 0.218209 12.9405
5434.12 19.7297 9.93932 3.96436 10.5799 34.2064 17.019 4.17915 28.2684 0.824985 0.222858 13.16
5477.55 6.49438 1.94612 4.62034 27.0983 29.7213 21.3827 4.40558 40.2734 24.1403 0.0168346 11.1897
5468.78 6.85432 12.6658 5.13276 5.44846 27.2742 13.2311 5.96137 36.7828 30.2745 0.0110945 10.8868
5484.51 8.93768 9.05814 21.6362 2.36566 12.1591 7.90107 4.36441 55.0185 36.9894 0.0630097 18.8204
5455.21 9.32962 5.21113 16.5956 0.867234 24.1061 92.8798 2.62805 29.2583 33.3579 0.126852 17.964
5376 31.1599 9.45117 8.53549 13.0575 21.6477 30.3451 20.9096 12.5742 17.1523 0.159753 14.1891
5398.3 20.5457 1.13065 17.741 12.5989 24.549 13.1731 38.6778 12.3307 4.9397 0.0353272 11.7959
5474.22 20.0476 4.32106 9.19965 5.45395 7.35312 31.7869 55.4823 28.6519 39.0491 0.0367577 19.0465
5349.68 32.9485 3.51333 15.2427 0.607308 36.1775 31.2269 7.95289 30.5155 5.89292 0.000830254 11.9016
5491.06 1.62139 6.08846 25.9167 2.81325 39.7379 49.9946 27.185 7.48039 25.5869 0.0588535 16.1488
5447.38 4.17135 6.18629 22.2631 3.02662 34.1014 49.5035 32.3849 11.9025 23.0391 0.0650664 14.1463
5490.25 4.17135 8.13062 10.8595 5.12833 21.5921 5.4925 35.3305 14.8353 39.135 0.178964 14.3163
5490.25 8.1801 5.10227 9.49137 14.4662 46.4165 27.2716 14.8949 14.9337 23.8839 0.0216082 10.6197
5462.99 2.41835 12.356 2.41635 14.208 43.457 2.58772 3.85784 14.0541 51.3923 0.00754091 11.0856
5462.99 1.56161 14.2361 3.29141 14.0222 53.5339 4.85909 21.0443 16.0771 13.2723 0.00754091 8.65509
5473.21 1.56161 12.4917 0.819599 19.7153 66.427 4.36353 21.1349 4.95388 16.4716 0.00754091 10.363
5399.89 9.60213 19.0089 1.20782 22.7558 49.1928 4.18074 12.7724 16.0754 13.8135 0.0100481 10.1865
5464.87 10.3678 7.80272 0.743249 21.952 34.9336 13.5473 10.0433 18.7566 14.1306 0.14067 11.2379
5405.88 34.2337 3.46355 5.27245 6.5027 19.5425 50.6823 25.7649 8.35382 14.5429 0.0285466 14.1643
5374 31.672 1.11873 7.41841 14.2282 27.7945 61.4806 5.96913 10.5009 17.9752 0.0198192 12.7551
5431.19 15.7944 1.6989 8.12447 9.40799 17.7996 72.5733 25.1091 12.0037 16.6486 0.0300413 14.399
5444.71 23.8988 1.56489 2.98302 16.5302 19.1501 88.0302 33.5932 5.64619 20.9272 0.257766 18.8008
5322.28 28.8223 1.67849 5.50009 29.654 32.1483 88.0302 4.37607 6.68724 11.6952 0.125775 20.9056
5371.71 24.0594 1.68494 2.23602 18.1989 26.6176 49.182 15.9909 0.948278 7.49406 0.018514 14.4699
5438.37 17.4954 3.70307 3.57024 17.0684 19.9035 43.535 18.9333 7.85736 17.8859 0.0369738 10.9133
5438.2 13.7386 5.84249 1.00522 12.9463 19.8587 20.9876 5.04078 12.082 3.97173 0.00628974 9.6667
5429.45 18.6453 8.72831 1.13088 6.10212 39.5237 3.39703 31.4765 15.5221 5.09456 0.0011181 8.82198
5483.83 10.0391 1.5784 16.3876 6.17993 22.8967 8.63465 6.90554 23.0968 1.54155 0.00531445 8.69749
5449.1 17.3216 1.80948 24.7836 1.2083 18.1848 31.2681 5.5083 39.2836 11.1617 0.00945491 14.2337
5456.71 8.99181 1.80948 20.2066 13.3608 22.0555 33.987 9.6386 0.545914 13.0482 0.00880198 10.1532
5385.83 21.9362 5.66704 14.7181 6.83796 30.5895 12.8049 1.99213 7.97625 22.7841 0.0103847 9.84869
5407.24 7.34782 12.8593 8.25831 13.2387 49.0308 43.3746 1.61252 6.62558 13.7704 0.0100191 10.8793
5474.29 11.7485 9.47694 3.22204 7.63617 37.0513 27.0274 15.2228 8.30046 60.8213 0.00129329 11.4832
5470.8 7.50105 9.11635 3.46842 17.3072 24.6586 21.0826 13.0279 23.9486 1.46884 0.0541285 9.55081
5406.06 12.5956 14.5518 5.02304 16.6894 32.8305 66.4641 9.38497 16.915 23.6986 0.0133868 12.5029
5422.88 13.9114 17.1477 1.45359 15.5845 32.7417 68.7632 9.44757 11.2175 33.8407 0.00627961 13.3197
5406.68 15.1111 14.818 8.89918 20.0605 26.7231 31.716 16.9433 22.7545 4.32225 0.0032684 10.3618
5426.25 14.4339 11.669 11.8702 18.0052 7.06685 37.1187 16.8552 0.72113 23.7611 0.00217776 11.9016
5444.24 12.7115 4.00566 13.1016 8.1197 29.6906 67.9583 9.862 53.9421 17.8113 0.00638813 14.0673
5484.39 1.71395 4.07241 10.3459 21.3244 15.7421 91.5398 14.4439 29.5159 39.3066 0.00915135 16.2959
5516.35 1.82136 1.61662 5.03156 18.2618 28.268 89.2886 6.88991 8.72044 22.9475 0.0288187 13.218
5438.39 15.3859 0.400095 21.5154 15.2099 30.899 55.1752 26.0131 6.17415 4.12906 0.00527847 13.2462
5417.82 14.7993 0.400095 14.2839 3.84743 32.4578 37.9441 33.4112 3.64037 11.8251 0.00907311 13.0902
5409.16 19.0073 3.48038 15.8247 5.26727 34.2984 46.2186 17.2807 3.07504 6.08705 0.0311159 10.8633
5397.04 10.1624 8.84115 27.1273 11.1497 33.0986 6.0095 18.4036 3.52557 5.77143 0.0699158 12.5458
5425.96 13.8908 7.93388 10.2846 6.48149 37.1416 33.3052 13.1688 16.3697 4.42291 0.029166 9.37967
5471.4 10.123 8.62575 1.71394 6.0906 41.7494 27.1951 14.8704 0.825704 20.5183 0.0185017 9.57928
5476.61 11.8203 9.87504 1.07458 6.95649 45.1558 4.83015 3.72169 3.0441 36.4361 0.00255473 9.16822
5480.74 3.96424 8.77703 1.39328 9.38183 36.3156 16.8209 4.34226 4.31265 23.3484 0.00589251 8.46869
5478.27 7.16408 8.08783 6.3292 10.18 50.0056 20.4643 4.57506 13.6033 31.8327 0.0613332 10.421
5489.45 1.01671 1.85647 9.24234 6.28491 38.8283 15.7289 16.4394 55.6727 27.2923 0.0730714 15.0106
5504.32 2.66731 6.68368 8.17173 4.20958 72.7632 17.7499 6.23083 73.1537 14.5601 0.00683233 13.6621
5511.02 4.79037 6.89936 11.9746 9.53914 49.7783 8.59866 18.3188 35.3957 7.26311 0.000510012 9.71495
5459.29 15.1391 2.48614 14.3116 1.37685 72.5905 10.94 34.0341 22.0837 12.4582 0.0195133 13.0019
5450.45 14.6621 5.04929 3.65726 8.88129 35.1747 8.9694 3.09291 89.0275 0.719092 0.0185045 14.111
5461.91 7.07749 11.8108 3.66993 1.45406 55.7487 53.0177 15.4659 58.2358 0.315825 0.0105924 15.1232
5462.7 10.2623 11.2905 4.34922 10.3491 39.4719 45.6928 7.36876 40.9868 3.10542 0.0155851 11.1168
5443.64 9.93213 24.2234 3.34801 4.35504 21.6295 38.7985 27.4393 6.24958 3.17258 0.00781448 12.0919
5396.6 7.57668 27.9694 5.26682 10.4551 21.623 54.5294 26.8201 26.9733 1.4309 0.000398698 12.8056
5367.45 13.5373 20.9088 5.80734 26.2753 36.2989 24.4951 1.86265 11.2618 13.3112 0.00859372 11.4492
5377.51 10.2317 20.6819 3.28841 19.053 24.097 16.9691 1.52208 5.48092 6.99437 0.00627086 9.91715
5433.47 3.51706 18.2889 7.74546 17.0443 41.624 11.0237 32.3779 7.20557 27.0844 6.84437e-05 9.19367
5458.29 14.8311 1.04795 8.34077 10.1985 48.1959 21.6915 38.9733 12.8938 1.30682 0.0352403 10.7861
5446.03 7.86897 9.73561 0.995335 28.4927 13.4329 15.4113 37.4172 12.1171 1.47326 0.0223972 11.0459
5463 11.5036 15.5158 5.02982 10.0475 46.8392 12.5836 1.22347 17.4969 25.335 0.00708199 11.1007
5465.59 10.2974 2.51182 8.528 30.8412 50.9147 4.1627 1.72015 28.3592 33.0335 0.00958148 14.0937
5465.19 9.00371 1.55882 2.5953 19.3203 50.8013 8.6241 1.89175 1.52482 40.0236 0.0029575 10.1091
5455.04 7.31204 10.5208 10.3243 2.67862 71.2212 6.56339 5.28771 48.5798 23.8422 0.00188834 11.4994
5436.17 10.2234 5.99167 22.7969 9.88844 53.9761 7.48293 10.7465 21.1456 30.5246 0.0217941 13.0768
5417.61 11.4209 9.20975 3.7485 16.5821 67.4883 52.2178 21.4845 9.04464 12 0.00136531 12.2015
5527.58 1.71149 5.62523 7.54548 1.66791 49.8253 51.0651 9.69984 3.31174 9.02203 0.0177172 10.0387
5508.06 1.74938 3.93135 3.4626 23.083 10.7008 42.3391 15.3132 2.33818 1.34939 0.0133073 9.84979
5558.41 1.44607 2.15408 1.80614 27.2156 22.6461 36.2197 27.3156 4.8272 15.2222 0.0189608 12.2958
5428.95 5.52627 16.441 10.0124 18.4779 32.6137 34.4665 12.4364 11.5182 6.74775 0.0836649 11.4434
5396.68 12.309 14.6085 4.98538 25.3317 35.1597 9.88527 8.04947 16.9641 19.6168 0.0787768 11.6445
5434.05 12.394 0.943741 9.63962 23.3295 51.5578 16.1638 32.4001 2.89454 33.7671 0.0396866 13.6604
5444 9.62801 0.943741 8.50409 20.3149 46.7978 7.71629 61.2022 4.82714 32.4848 0.0187904 13.8415
5494.67 3.2651 2.39145 13.8096 31.2116 1.52662 12.8135 38.0803 13.7291 79.842 0.00974129 18.6309
5494.67 2.33828 2.39145 16.4922 20.9353 8.60762 2.9079 36.0724 13.2742 27.6135 0.00974129 12.1086
5474.88 15.0528 2.01329 3.29939 21.7515 14.2118 0.816313 37.0915 14.1735 35.7225 0.0194346 12.9644
5470.28 16.1556 1.72572 5.57275 18.624 15.821 19.1325 61.2789 12.7894 29.9051 0.0194346 13.6687
5434.23 16.8058 1.72572 2.75981 22.9184 18.2601 17.883 49.5135 11.6776 32.629 0.020254 13.3609
5417.06 18.9175 8.45075 1.21848 25.7281 16.2915 62.6929 0.786224 38.4806 22.5386 0.00737867 14.5265
5380.17 13.4983 11.4194 2.25257 28.6397 30.008 45.1592 14.9218 17.627 8.28703 0.0291144 13.1748
5471.32 12.706 0.722942 2.48365 29.6489 22.8217 30.626 1.85251 20.9861 24.2565 0.011655 11.1242
5471.32 9.4297 3.68337 1.76451 22.5887 12.9462 31.0423 13.5904 54.6731 2.06717 0.000974905 11.3683
5486.29 3.06941 9.61356 2.03052 27.4848 38.8488 23.4996 1.28495 15.2099 31.461 0.0202877 11.3605
5378.31 24.8667 6.00483 2.1595 19.0276 65.9017 32.4104 2.09095 27.7054 23.539 0.0344629 14.803
5392.54 28.9954 1.50155 2.48314 8.44902 37.3123 17.1816 8.7923 9.43073 25.35 0.00635171 10.4295
5532.03 2.18672 1.143 5.06423 20.7778 38.041 12.5062 33.6164 17.8499 23.7813 0.158317 14.1251
5523.11 4.69057 1.04201 7.07716 5.19711 51.9175 23.8539 15.2584 31.2536 13.8326 0.0716133 11.1557
5411.47 17.5588 8.04063 11.5436 8.95871 54.7364 22.8466 31.1626 38.5444 2.49412 0.0572651 13.5291
5411.47 9.03736 7.90747 20.4054 9.57201 29.6336 6.39008 50.2407 13.4222 10.5536 0.00688644 11.4089
5424.26 7.53421 8.5006 13.0135 25.6486 33.0208 36.5301 22.3489 7.84734 2.87791 0.0564977 12.3184
5470.48 6.04618 11.5844 11.4004 1.17464 45.5783 46.5002 16.0272 7.19689 3.87902 0.0101981 9.84468
5455.3 16.2571 6.97004 5.25851 15.2529 32.7512 10.0455 13.5646 6.17023 3.58375 0.0106104 7.63342
5452.65 9.27738 7.00318 5.3142 6.30976 45.848 28.5798 23.2104 28.6032 37.2806 0.0603569 13.1439
5464.56 3.94283 10.7762 2.26144 22.6927 41.7192 14.4903 13.0291 17.6985 2.629 0.0475559 9.30039
5450.52 4.28152 9.25441 10.3255 27.6219 34.1594 26.1716 61.7346 22.381 18.9601 0.015346 14.7665
5440.54 8.43566 5.4538 7.94321 8.37972 62.8682 12.7632 12.8731 21.8472 20.6192 0.0438361 10.8002
5484.48 8.25865 3.54158 9.57168 13.2997 30.2748 1.06745 32.8226 15.622 6.19598 0.182882 12.0832
5472.25 6.34204 2.41624 12.1981 12.2102 28.1959 15.1318 8.6717 9.83913 2.39318 0.0411938 8.27692
5519.79 2.12757 2.87312 5.85136 17.7729 29.4327 0.499995 12.4532 7.2313 9.13208 0.0335418 8.58154
5414.31 8.55079 5.35413 23.6894 28.9 31.4109 19.2412 34.2353 5.95222 17.7099 0.0186694 15.5646
5423.82 7.15033 0.532464 12.0367 50.5377 19.8935 71.7637 1.11639 16.8252 17.7546 0.00572681 20.1339
5448.67 8.98697 7.50698 12.3106 4.85743 70.3835 47.6786 11.6377 14.5563 43.1658 0.0101929 14.1588
5379.62 18.5948 0.849894 22.7332 8.81425 51.2162 9.58252 33.7991 15.3782 24.5687 0.0524142 14.7492
5430.12 3.1933 6.38866 26.1788 10.5184 21.1903 29.7971 5.5804 14.1743 7.92523 0.236255 14.0745
5400.73 15.0263 11.213 3.46463 8.09727 23.1706 22.2832 2.44649 22.944 0.847229 0.00830981 11.7574
5421.06 16.1026 6.259 10.6812 4.18645 23.721 25.8274 14.7248 1.96449 2.50652 0.146737 11.9342
5494.84 3.5054 17.8257 0.754152 7.47066 26.2097 37.8641 27.286 31.008 11.8541 0.216516 15.6985
5526.12 2.23643 6.8442 1.5836 5.04988 34.954 17.1898 28.6624 30.4754 12.5479 0.15451 12.5179
5509.95 2.52133 6.88697 11.7555 3.60916 33.6847 31.6124 22.8439 63.5951 14.1445 0.00584803 12.8641
5498.72 2.7422 4.93853 1.71435 29.5507 39.0722 9.88734 8.86812 54.5013 28.1676 0.0200241 12.998
5412.32 6.35575 3.01279 3.04798 33.3062 30.7079 26.9555 0.741993 15.0235 8.47428 0.364226 17.0674
5435.33 12.2946 3.79754 12.2174 19.3659 48.121 40.7614 20.5454 9.66587 2.6911 0.0286507 11.4872
5442.68 12.6071 3.95631 4.43543 18.7452 39.5806 19.8705 26.9477 1.36933 32.4562 0.0449513 11.4392
5403.13 20.5539 6.33127 0.693732 30.0977 61.0133 12.1282 24.234 33.9395 29.2396 0.0495736 17.2632
5489.71 4.69554 12.888 0.693732 21.8694 33.9279 13.4128 5.44972 17.1325 26.7707 0.0079565 9.78989
5473.03 0.646085 9.39646 9.32673 10.5704 26.5406 61.9339 9.28635 8.89399 18.7084 0.0426802 11.9532
5450.26 8.38121 15.1178 13.8557 12.4079 6.84801 44.1002 12.7038 1.29195 25.9798 0.118045 15.0452
5458.33 9.12343 10.0334 8.10973 7.89031 35.8941 33.6134 7.15275 5.28509 13.7486 0.14714 10.5628
5486.92 6.52837 1.58103 5.5845 25.8651 30.1847 6.71136 3.82551 25.5636 10.9054 0.144636 11.3693
5520.63 9.33649 0.788598 3.66569 12.6771 26.7184 23.8356 18.2235 22.4653 3.53005 0.15008 11.8135
5438.13 9.58648 16.8149 2.95127 12.1577 29.2959 31.549 22.3914 10.5335 10.9126 0.174106 11.982
5431.66 5.74485 16.8022 18.0689 8.80777 21.7615 5.70678 36.9971 20.5145 6.59454 0.0841526 13.2515
5369.44 7.9207 12.6874 17.032 19.756 21.5146 45.7193 40.521 0.755159 5.34484 0.00885256 15.593
5430.04 10.1341 19.9807 7.88452 15.6972 5.58501 16.0282 7.36075 19.4565 3.87564 0.00315993 10.459
5515.86 2.75447 3.61976 9.70748 9.65191 8.80282 48.0587 10.7278 15.5735 6.64187 0.00315993 9.71748
5532.12 2.75447 7.07238 9.54225 11.0587 31.9645 68.7677 19.9601 7.06414 19.7571 0.000616186 12.1228
5421.78 6.79748 5.9732 26.3668 5.04226 32.8038 26.9853 11.9247 15.4437 3.00681 0.0125386 10.6292
5421.7 4.95644 9.20681 16.0778 5.61455 46.764 42.2989 11.4978 9.40527 3.21956 0.0166209 10.8562
5480.99 3.08892 10.218 8.51205 17.7186 34.7115 10.8713 27.0473 7.16268 21.1729 0.0297578 9.59347
5470.48 7.53882 2.08641 9.34344 10.0514 54.7521 31.3624 22.7751 7.02409 72.2905 0.0064931 13.9216
5514.64 8.7995 0.490486 3.31036 13.4726 33.9487 39.0499 18.4796 45.6902 35.8211 0.00839397 13.6467
5453.15 2.98953 13.6423 1.43043 16.2288 34.8412 24.4951 6.04531 31.9816 35.4035 0.00128951 10.9802
5520.2 0.899773 8.8539 1.0284 18.8429 21.3295 23.702 1.3411 10.6481 21.2652 0.00868604 9.46405
5434.58 10.2517 9.75096 4.86429 26.2984 15.0483 79.3383 44.2917 9.4747 9.40632 0.000273835 13.0957
5438.65 17.0914 1.55691 0.440305 29.6144 9.62623 42.4493 18.501 9.72564 4.48237 0.0350999 12.2602
5472.67 13.9715 4.54785 12.2569 13.1083 29.9081 16.1642 3.21267 4.38366 6.4885 0.00175308 7.90254
5445.99 13.0613 4.78032 1.78217 14.8634 43.2246 16.3311 33.2955 1.90061 9.84427 0.0550406 10.2802
5442.33 5.42139 14.8875 9.43995 18.8987 37.6199 2.64235 14.3261 5.42161 7.44539 0.0102278 8.3017
5493.75 9.58989 9.10708 1.84263 13.1737 35.3758 39.1927 16.5536 16.5187 20.3471 0.0151694 10.6234
5483.31 7.16271 8.30644 1.29772 15.0908 45.0535 44.3436 17.6309 3.11592 20.6092 0.0249364 10.4712
5373.83 15.3937 21.0017 6.40224 11.9906 9.22132 59.3085 2.48283 42.2026 23.6804 0.0561767 16.9252
5355.22 26.4991 17.9628 9.0182 5.79605 17.5008 5.14538 25.7443 31.7208 16.5932 0.0486134 14.6395
5397.98 12.4811 17.7419 6.36544 17.869 7.44985 13.2057 49.3643 33.3268 7.5771 0.00877881 13.5831
5494.53 3.66446 11.6043 4.10441 26.4741 18.5453 0.509303 66.3855 28.634 4.84237 0.0590243 15.8197
5439.46 2.64469 16.5362 12.9492 11.6142 21.7964 15.1393 5.23194 43.2401 32.3481 0.0113151 12.5482
5469.32 2.51289 10.8987 9.76473 17.4099 27.1056 14.7915 11.9212 48.3881 10.429 0.00982336 10.2191
5474.43 2.23421 7.47527 11.6207 14.5999 25.6657 16.2187 23.857 17.2849 6.60215 0.0152989 8.63148
5480.72 3.97128 2.8332 10.7478 28.4835 18.6208 10.3875 43.248 28.4428 3.93787 0.0361507 12.1368
5479.11 0.058263 8.76746 10.1178 12.7925 15.9733 25.1152 14.5673 32.5558 1.21861 0.00377009 11.69
5481.29 1.6508 8.91187 9.14409 23.0366 11.3024 29.3233 35.1555 24.0795 38.4681 0.000430106 12.2738
5397.45 10.4532 16.1222 1.63717 16.6925 37.4213 23.6135 21.9009 1.19008 33.8677 0.0223437 12.6042
5467.22 9.26156 11.9757 6.7186 9.12279 37.5698 15.4083 3.2811 3.72028 15.9079 0.0868822 9.75946
5346.02 23.9734 12.2613 7.80296 13.6602 18.5224 18.1662 33.1159 4.34922 18.9132 0.195946 15.9221
5328.76 26.9373 18.9667 5.84553 18.0498 35.2491 12.7059 21.3737 13.8471 3.98687 0.213236 14.923
5445.59 14.3921 8.87552 7.90454 5.7291 8.76701 57.9199 24.7387 17.0085 1.88746 0.37601 15.4186
5460.1 14.046 4.71897 7.58358 22.2567 3.45798 0.927299 42.7769 7.9332 3.32495 0.232258 15.1162
5454.49 5.33615 4.18848 14.8692 8.77452 39.5445 10.8568 40.8562 30.1769 3.88188 0.138054 12.8612
5452.12 11.0841 3.87066 11.8755 13.2079 53.6711 4.85955 29.0357 25.0436 1.08392 0.0633188 11.5496
5526.59 3.50435 10.0075 4.74515 4.16881 73.7672 18.4796 24.2639 24.3962 15.7798 0.0557881 14.9231
5442.86 5.3728 7.80582 13.2596 19.3616 27.2591 28.3894 17.7917 37.2203 19.7829 0.00398346 11.0112
5464.86 11.1926 3.87493 5.89849 21.2127 11.3546 19.9472 11.3322 21.5803 2.5636 0.0117061 8.88034
5465.8 4.9844 5.79054 8.00865 15.1468 38.1311 4.92556 1.05651 29.1253 13.1439 0.0101143 8.73638
5474.55 0.373822 1.88398 12.2018 15.4934 40.2542 10.0996 24.1236 3.79491 7.4003 0.0303602 10.4389
5501.53 1.32452 9.4637 0.646191 14.2532 49.5879 14.6999 4.70294 12.9837 2.66435 0.0329714 8.64957
5500.71 0.994 8.10998 0.963204 17.1671 37.0293 24.0041 13.9782 15.1751 17.5795 0.0322721 9.64351
5452.26 8.17491 10.5399 11.2206 17.6139 30.0553 21.4007 15.2806 7.43301 23.5089 0.0591438 10.8253
5450.38 13.6138 8.3315 7.77297 0.666981 39.6243 5.07642 15.6677 9.96368 43.8652 0.0294034 11.8818
5400.37 25.3677 0.616698 12.0737 16.0282 20.1693 16.7002 33.5861 20.499 26.3265 0.0980764 14.5122
5415.31 14.3965 11.9219 11.2025 4.17342 27.8152 30.6448 3.07933 34.0059 24.7053 0.0321942 12.4105
5405.47 34.1451 0.77715 6.81364 7.85298 37.9009 7.468 11.277 7.87909 21.5098 0.132238 12.8438
5392.47 15.473 9.34344 4.17747 26.6885 36.0861 12.5578 0.606969 7.89245 19.6937 0.0704203 11.9371
5439.1 12.8313 7.35116 9.59715 1.45485 38.7646 23.2523 10.5209 50.9897 24.4696 0.0334689 13.1748
5449.27 4.3782 7.44303 13.2711 6.3045 25.4205 7.24057 13.7798 13.4972 16.8907 0.00111711 8.78379
5437.53 7.09493 7.78463 6.32714 15.0301 47.9394 19.648 25.0521 13.7246 36.9151 0.00111711 10.3069
5490.83 5.83015 7.3054 5.15358 26.2836 40.3899 10.958 27.9452 39.8502 27.9839 0.0176431 13.4809
5485.37 5.43101 8.82525 5.17703 4.19785 25.3306 9.11073 14.4267 8.19009 22.5108 0.0450428 9.95683
5502.49 0.784812 7.63735 6.26417 14.0932 41.7567 6.77886 94.7778 17.5952 22.4569 0.0135395 14.6293
5475.5 2.38915 6.04259 5.04419 0.764466 89.0837 16.8533 21.4843 3.57568 4.60731 0.0189166 12.3292
5497.07 0.405796 11.5027 0.924087 9.38946 48.6738 19.2033 4.06398 20.6478 14.9499 0.00545142 9.03742
5507.4 2.65204 4.44488 2.55314 30.9716 44.0568 5.74927 6.62395 28.5417 11.8506 0.0112066 10.2435
5509.88 2.65204 3.6769 6.10632 25.5697 29.2621 26.9072 7.35035 20.3837 8.33729 0.00924883 8.59604
5516.1 2.03846 6.78255 4.3457 14.887 15.044 56.9097 2.21448 19.5645 27.0438 0.0361701 12.2517
5503.67 9.74655 3.66268 3.38565 11.5929 1.82596 105.639 16.9831 15.5518 17.1325 0.039448 16.616
5468.59 10.8548 2.79258 10.6943 11.0246 12.8802 10.3709 8.65553 12.046 7.7704 0.0476261 9.47089
5471 10.2048 2.9027 1.65389 12.5831 25.9825 0.517047 40.8143 26.2318 6.62652 0.0442294 12.8823
5437.85 15.8293 8.93683 5.47742 23.1131 23.1644 14.2979 16.9111 15.6595 1.12912 0.0134319 9.36861
5429.96 12.424 8.97449 5.66206 20.9417 22.0639 32.1037 7.59198 1.53972 25.0311 0.00553902 9.32748
5421.75 10.8227 16.9293 5.46297 10.8063 5.0756 41.3417 18.6367 1.03115 31.5607 0.137388 15.3905
5395.27 5.94483 22.9649 11.2845 15.1546 34.7406 7.12979 34.1216 40.0411 28.6116 0.14942 17.0629
5371.15 6.66936 27.0197 5.45796 26.6292 32.3063 22.4576 8.60427 13.4854 15.6544 0.0782237 13.8675
5391.16 9.995 23.3362 3.58632 7.51567 60.3898 27.0615 5.42071 1.18345 25.6547 0.208072 15.2719
5391.95 14.5947 19.7506 1.93734 5.10403 46.7058 63.8073 2.16721 22.9812 10.7584 0.0891023 14.4998
5373.1 19.9029 23.0792 4.7124 3.20994 33.2413 8.93255 17.5632 10.0271 15.2462 0.0171635 10.9878
5433.47 7.4742 8.92431 3.32974 18.3886 52.3427 19.3585 31.6306 13.1268 16.0936 0.0579245 11.6801
5421.37 7.86308 20.2406 3.87401 2.8597 44.5223 4.7785 48.1798 26.8087 12.959 0.22129 15.0092
5399.03 6.13004 18.2523 17.3237 16.4785 13.2371 22.7642 17.4918 23.9686 13.1593 0.215574 15.2464
5436.32 7.30745 0.278036 12.1135 12.7901 36.119 30.5897 10.6027 5.28145 7.22383 0.430484 15.4691
5498.84 8.96037 1.04826 15.1687 1.88397 46.579 45.8525 8.40053 22.032 5.30285 0.0540914 12.0975
5394.68 12.2695 15.6803 13.056 13.3073 30.3825 13.6193 6.9707 13.9415 3.60707 0.0839602 10.6972
5392.51 10.0261 17.7562 7.33655 11.6359 45.467 20.6229 23.4197 21.8822 4.25162 0.141839 12.7348
5476.43 5.24528 8.80307 10.9721 12.5352 6.53394 27.3868 6.40187 16.8092 5.97461 0.226709 12.4691
5448.59 4.20768 6.15217 17.0294 19.2 28.451 4.36374 3.77548 24.3911 10.2416 0.104632 11.5644
5489.85 4.09591 6.15979 8.07838 5.9349 46.0575 21.3753 11.774 3.38208 22.0927 0.0393429 8.7473
5502.48 2.72505 6.32343 4.36405 24.7239 10.8763 7.99223 11.5014 7.19927 7.78214 0.132875 10.3951
5453.04 2.94804 5.34196 1.04883 23.6535 34.674 18.1936 10.676 27.0344 5.83221 0.368111 14.6544
5451.14 2.89104 3.82203 7.41941 23.8627 33.0498 19.6598 4.93899 14.1092 16.0158 0.114196 11.7521
5434.01 18.0507 2.02467 13.3265 19.2336 36.0982 13.7656 7.65175 25.2476 10.7201 0.10427 12.3393
5412.48 18.7676 8.40193 6.74412 13.3147 24.0085 35.4376 37.5271 8.46462 4.88808 0.188687 13.073
5415.66 17.853 9.15693 4.32279 16.6274 9.28336 27.6566 30.2396 0.554043 4.34927 0.123661 13.2299
5415.68 12.3477 14.178 0.641984 25.9702 19.5873 26.0966 16.3296 15.4843 9.02634 0.03392 10.806
5435.19 16.2045 3.44074 10.0407 4.36691 40.3148 21.098 17.6811 11.289 15.0436 0.000302405 7.55609
5495.31 3.71104 3.94268 13.1601 9.71881 20.7876 18.0614 21.1562 9.09327 26.6506 0.00038198 8.14234
5450.1 14.0516 8.15119 12.0896 0.730486 17.5537 17.753 11.3291 8.78633 46.4963 0.019491 13.3147
5495.07 6.97984 6.27553 0.665666 9.00723 46.2895 11.9357 6.1383 14.402 60.8015 0.00885917 11.5884
5504.43 9.8161 0.560947 4.41377 7.63336 47.9959 68.7484 3.9268 20.3625 18.0794 0.0152761 12.395
5501.79 9.56244 1.76883 10.3907 5.64687 30.288 34.9251 6.75073 1.16455 14.7746 0.0273774 9.59928
5438.27 5.36909 20.7598 1.44003 6.28511 63.1001 21.304 5.38532 9.3285 7.52424 0.0156889 9.31889
5429.29 1.11358 25.0106 1.74741 12.8344 45.7346 48.335 10.4446 11.9906 0.332797 0.0676723 13.5411
5501.36 1.39111 4.47971 7.37709 14.5181 28.5513 29.8103 3.99642 14.0979 6.66648 0.212517 11.1471
5496.31 6.52713 2.34962 5.44507 14.7711 30.9218 22.8607 3.99642 31.1988 15.4193 0.0443335 9.74337
5508.33 5.03753 2.38891 1.62671 17.3168 38.3768 11.2622 30.3618 18.8214 2.97738 0.0421541 9.40495
5501.26 5.4417 2.62185 1.05145 10.8042 70.3807 22.0785 35.8487 29.1257 3.10079 0.0957133 13.8466
5487.24 4.8287 1.97865 7.33134 9.94192 58.3948 18.0348 44.7174 18.0788 4.96212 0.0508687 11.2971
5478.63 1.05625 7.03967 17.1166 18.8761 15.9013 11.8891 29.1205 15.0726 23.2733 0.0117909 11.1927
5471.04 0.811883 3.4071 19.0724 6.27181 49.8146 29.0302 29.0252 6.75313 21.2035 0.00447946 10.9269
5543.09 2.73775 6.33144 10.4674 3.98036 12.5164 7.6958 26.7541 41.6288 16.9566 0.0133258 13.5368
5359.47 25.8548 6.25955 2.75226 24.5921 44.6854 32.4894 3.76636 17.3553 6.13199 0.00906572 11.1052
5315.27 33.7661 16.2548 2.75226 34.4154 4.26195 33.6855 18.3371 23.562 13.1049 0.00170657 15.4221
5365.88 21.1332 13.3216 0.331312 27.4289 7.66712 68.5133 32.3637 16.6589 7.3879 0.0479504 16.81
5400.77 25.2132 11.3328 2.53634 19.0363 23.0575 56.1713 13.7673 34.9479 16.3996 0.026001 14.6429
5377.24 25.8268 13.683 2.55215 21.6283 18.5106 30.2809 15.7505 26.7186 18.0657 0.165479 14.8483
5332.1 31.7336 9.31492 8.01186 18.6378 17.6627 17.3226 18.4505 1.05309 23.4134 0.0674544 13.7073
5322.67 35.5702 4.08252 5.30433 16.5613 38.4386 15.8771 15.396 15.4788 38.5294 0.0871883 15.4584
5342.14 39.7693 1.81064 6.31719 16.5613 46.2761 9.63345 12.8913 3.41378 47.3214 0.121469 15.8228
5424.83 16.2375 10.9316 0.650798 6.89829 45.6981 25.6036 18.7647 9.90865 15.7344 0.0789869 11.2465
5410.87 21.1441 12.1317 4.57536 4.70322 54.0947 17.02 23.0389 12.6151 8.56947 0.0412039 10.4953
5406.13 14.3456 8.77756 7.63963 8.10129 42.0009 69.9987 12.7041 34.8879 8.11504 0.159439 15.722
5398.48 13.9717 8.38397 7.02586 28.5618 21.2252 13.6894 40.2954 54.5114 8.10469 0.143039 16.6549
5439.54 5.57278 10.6656 12.4338 21.9327 12.4319 7.93648 15.6885 7.45861 8.0019 0.249513 12.7323
5380.95 17.5585 19.0275 11.986 1.43385 68.3234 35.3759 13.1853 3.63351 8.00436 0.0891609 15.2066
5412.57 5.89764 14.1813 10.1683 9.68718 62.0553 23.2012 8.17845 9.36395 7.98221 0.104278 11.7041
5457.9 7.93648 0.873218 5.1335 6.79712 45.7139 22.4868 15.1687 13.1167 7.97561 0.0844846 11.9718
5448.51 17.0195 2.38783 2.59752 14.6625 32.4818 27.8516 29.2174 12.5798 4.60254 0.00565023 8.8992
5433.36 28.3877 1.42482 4.03296 4.42715 69.4507 22.1293 9.72535 17.673 7.79332 0.0296653 12.4344
5404.51 24.3278 2.51097 3.13126 6.12188 27.3171 38.8161 4.90785 11.5382 20.8539 0.034902 12.8082
5363.52 26.5796 1.62574 6.11858 3.93382 62.9118 21.9028 27.6769 12.9594 41.6833 0.0150097 15.8567
5334.21 32.9766 0.508532 8.23438 11.8329 41.0407 24.3514 21.5887 1.02937 16.2679 0.166609 17.1829
5399.47 32.9599 4.41349 7.77995 17.2534 4.86796 10.4864 25.0538 15.5646 0.214852 0.096773 15.4377
5535.49 3.72378 2.87618 9.07263 10.0461 29.0902 41.5062 27.0859 25.3138 12.1897 0.00770176 10.8607
5513.66 5.05137 4.07913 6.03027 26.0959 9.31301 27.4266 12.4939 0.819856 9.58183 0.0211172 10.0956
5473.66 13.9436 4.18351 6.82386 6.85471 32.8073 30.3128 4.82466 12.0573 11.5768 0.0251565 8.67345
5467.65 11.2079 5.38836 6.38381 10.7115 42.7743 55.4878 12.6004 6.69014 7.62953 0.00174648 8.41679
5418.76 16.775 5.15191 16.3757 0.749006 6.48919 17.7101 42.8239 21.7693 13.692 0.000282763 14.075
5440.78 6.94245 7.87076 17.5429 7.64569 13.7115 2.13337 2.14832 28.1243 8.2612 0.00536406 10.5746
5464.28 4.20836 1.28012 23.9469 18.5487 15.3657 38.0778 5.15958 8.22654 6.73209 0.159352 13.8281
5445.6 12.2494 7.34257 6.01356 7.19937 28.7613 62.4801 3.94499 15.8662 40.7129 0.0948587 14.198
5432.19 9.18793 8.98872 8.78733 15.8433 22.9854 10.0907 7.4048 9.23273 11.4647 0.0318221 8.6178
5432.14 12.3572 11.1164 4.41857 7.9355 22.9188 36.4428 2.37359 2.74346 10.6216 0.00177821 8.84191
5452.04 4.58373 8.26507 19.7818 12.4237 21.0349 25.3773 28.4854 15.1069 9.34813 0.05159 11.4372
5494.86 1.41423 8.67675 1.21221 21.3104 64.5067 1.79412 30.9233 38.2477 14.9864 0.0372133 14.1161
5485.61 6.58203 3.11136 8.52635 4.7903 68.6436 9.1746 4.98476 6.5311 7.3353 0.0061551 7.20233
5442.23 18.1717 3.15622 16.9397 3.80079 52.9686 8.26176 9.6901 12.0267 17.431 0.0123549 9.95141
5418.68 21.1388 6.32873 10.9245 12.5459 33.8831 16.8738 5.55519 17.0527 18.3822 0.0114421 9.45576
5377.71 31.1535 2.95937 2.11404 48.0327 2.2593 27.9126 8.63949 4.67601 12.2577 0.00384877 15.256
5388.78 22.3895 3.54382 13.3154 22.9994 21.1873 13.0635 3.49614 26.6018 17.9517 0.0387248 11.952
5379.68 8.32225 14.9206 31.1146 3.57642 29.7202 28.8944 21.8309 49.3308 9.08661 0.0321266 17.2596
5360.78 22.9359 3.87112 20.4816 14.9469 26.9304 0.810409 3.00944 38.3796 31.8693 0.00739152 14.3462
5408.37 24.7155 8.40683 4.79384 12.6027 41.9197 9.67383 0.379525 16.1765 6.99095 0.00382139 9.18764
5383.91 26.1427 8.75307 6.40361 20.9849 33.6145 15.672 0.381546 8.47775 40.8086 0.0289678 13.3889
5416.58 16.4548 21.9318 4.91048 2.57852 58.5013 25.8105 11.6926 18.1809 28.095 0.0269543 14.5072
5458.95 13.3072 7.10832 6.88638 10.7479 33.6935 16.3517 9.15894 30.4708 15.1492 0.101904 10.8149
5466.15 17.6946 4.14318 2.05125 12.901 33.68 4.3443 0.655858 42.5631 21.6922 0.0153406 11.5854
5512.89 7.01868 8.71686 3.74345 4.85754 30.1061 29.4294 6.2623 9.51262 13.4983 0.142258 11.1129
5478.56 6.23828 8.71019 6.42757 9.18883 38.0416 14.1369 23.8656 9.51262 12.2821 0.0858872 9.23095
5460.2 10.1184 3.68034 17.2816 11.7058 23.63 1.34195 25.6545 12.5325 4.63622 0.0345705 10.0202
5459.83 9.47951 3.68034 14.0513 9.41131 34.7483 6.48392 28.5729 47.0751 9.67067 0.151515 13.386
5413.84 5.7904 22.3982 3.43922 4.32043 51.1102 15.2064 0.551354 6.74928 2.14018 0.047233 10.5507
5427.57 6.0565 3.42217 34.5165 5.0543 55.6131 30.1305 10.5236 15.6581 3.86368 0.00418796 13.6792
5429.29 11.8511 2.04711 6.10369 5.69335 49.0291 52.7397 2.44156 0.69716 4.07961 0.00418796 12.4596
5438.46 8.69588 5.78861 4.51507 17.0325 37.8622 22.8 9.76239 6.75459 9.13787 0.13103 10.4559
5475.27 6.56886 12.2286 2.03907 2.96486 53.9552 0.324216 19.7432 5.18344 7.71074 0.105825 10.8296
5413.56 15.1818 2.55521 19.5376 8.94835 51.8652 5.84384 19.042 5.94393 32.9685 0.162304 14.2722
5441.52 5.77926 15.8054 18.0289 4.33452 21.7533 29.4121 18.8609 0.855931 15.9564 0.184144 14.152
5390.05 19.791 14.5154 5.45337 9.09209 71.7392 10.1654 20.7637 10.8613 16.7847 0.161762 14.9028
5385.46 33.4012 6.60173 5.70196 7.79283 29.752 9.76136 20.8766 4.41665 15.945 0.101205 12.1602
5412.84 10.3063 14.6117 13.0111 10.068 57.4569 4.92588 20.6781 19.5339 29.0477 0.0387602 12.5983
5448.46 18.0652 9.78067 2.3745 10.7609 24.2739 20.3146 16.2484 3.79189 17.3146 0.00506883 9.02359
5457.67 5.75245 9.12573 11.9831 9.31178 19.8577 25.2661 29.7373 17.0012 9.68891 0.0295239 10.2683
5396.02 2.55955 24.4831 2.60825 18.4787 29.0011 54.8073 17.5982 1.9221 29.5354 0.00283878 13.7597
5461.52 2.39344 26.146 4.77778 1.48676 7.25487 16.2882 14.1357 16.3684 23.9285 0.00559656 13.7455
5444.15 5.66133 8.91118 12.9087 14.2177 55.4522 24.1614 7.82724 32.116 25.8753 0.0193935 11.9799
5397.4 13.0248 18.5339 3.44948 11.5848 48.0384 5.2588 2.5756 22.8728 26.7175 0.00134973 9.51258
5394.44 20.9606 11.013 3.70542 4.23347 69.9432 24.7203 5.58661 4.9893 8.17779 0.00819468 9.68399
5407.56 27.7869 10.4763 1.41645 3.96667 30.2243 20.7104 7.487 4.77782 8.69042 0.0278774 10.7739
5383.54 22.2269 8.1516 15.6415 7.50065 46.6863 9.1064 8.941 5.25116 9.98528 0.0104129 8.94614
5493.76 10.5848 2.43786 3.58253 15.5925 44.7015 61.7258 13.6716 5.06275 8.89591 0.00452833 9.97189
5446.38 14.1357 6.73884 2.26849 11.5048 52.6774 12.5629 7.97563 3.69569 19.6617 0.00837687 7.81611
5496.49 3.40714 4.94541 2.27985 1.39574 61.6196 5.02174 12.6953 5.11183 22.5242 0.183413 11.6411
5407.34 22.2491 2.18344 6.27247 5.87707 41.5968 27.768 12.6152 10.9032 14.7573 0.248724 13.385
5402.29 18.9133 13.3233 5.38025 6.50963 41.9759 5.82873 9.56403 23.4304 36.3567 0.0577978 12.0739
5437.67 12.6823 0.494571 14.5456 6.65891 35.0259 9.7874 6.084 3.03933 33.4507 0.0437991 11.5963
5394.06 25.8529 5.43446 2.56367 8.08957 41.9497 28.2809 7.86848 3.63697 42.9189 0.102491 13.672
5468.75 4.71431 15.2194 10.2112 6.71639 33.8234 31.8264 10.3875 47.0933 5.12819 0.180273 14.65
5443.5 8.73079 8.72914 16.8054 8.1459 18.1128 30.2792 9.06447 23.7361 3.60007 0.0983382 11.4993
5406.31 22.0103 7.94461 7.46667 6.804 52.3671 13.9057 6.46351 9.66939 1.0494 0.0996865 10.4376
5364.13 11.3218 16.2235 15.9694 14.6344 56.8087 16.5379 46.5698 31.727 36.8573 0.0996865 19.9311
5326.13 24.484 8.49016 21.019 16.3196 52.6085 14.3853 33.7153 21.1716 0.264561 0.00206071 15.2055
5341.55 19.6954 4.10053 19.0924 10.3182 40.3477 8.90674 7.1862 11.5835 4.11535 0.00343879 11.8331
5442.59 15.7853 0.901203 12.2899 14.2594 25.0949 15.2375 10.1366 2.22941 3.88426 0.0189629 8.50818
5451.66 11.7623 10.8207 6.25864 11.944 20.4029 16.8472 3.84671 4.72186 13.1521 0.00230253 7.32065
5471.85 5.85282 10.8207 9.85604 12.6554 28.051 98.797 2.68309 25.2974 4.38981 0.0145507 14.0093
5471.85 5.21026 9.10974 12.5001 8.14139 14.7671 71.4319 5.92503 2.97078 23.5409 0.00739995 11.6543
5462.43 10.1198 0.62599 19.2139 3.26216 38.41 15.6692 27.1777 6.00096 57.39 0.117777 15.3502
5456.74 13.3958 1.26199 19.1502 1.40824 4.08127 40.0795 24.845 1.71666 4.44944 0.257703 15.8288
5499.52 3.18217 6.4145 5.09209 0.556273 43.377 29.6059 6.93716 17.1673 18.8167 0.0365539 10.7091
5507.37 4.73975 8.67458 2.19015 6.98762 36.0634 7.71153 4.59602 39.5676 15.242 0.00756006 9.14941
5501.11 3.4742 2.72715 11.0303 12.9232 60.1236 29.3679 11.2899 30.8813 4.60305 0.0204446 10.9444
5422.51 6.75861 16.874 2.36312 32.2273 27.2948 31.0332 21.0856 16.3417 13.1718 0.00644616 11.15
5514.86 2.98088 8.06681 4.16101 21.0801 18.2491 0.554913 33.0329 16.3245 4.38379 0.00248221 9.38751
5377.04 12.3933 10.7515 13.4909 20.1128 36.6418 5.67961 5.38165 5.945 13.8042 0.0238769 10.5259
5497.88 5.8272 5.88868 3.54156 13.819 32.694 15.9694 22.2101 7.44404 17.7807 0.0500062 8.83129
5406.46 12.8947 13.5887 10.3629 7.47484 34.0497 22.6463 51.0703 0.266918 25.9 0.013719 13.1939
5495.04 5.9427 5.34756 9.71555 16.517 23.7531 16.444 28.0842 29.3131 14.2838 0.00229687 9.12142
5466.14 15.8226 0.776444 11.7921 3.65873 51.6206 10.2788 16.4297 1.74201 19.9222 0.0793676 11.0182
5488.31 13.1615 0.776444 18.2409 12.6081 37.479 10.2788 15.1242 3.22982 18.1226 0.0955885 14.5102
5385.33 17.8597 4.70122 13.4618 10.5794 43.4606 23.2699 3.19483 10.4597 10.9183 0.0239759 10.1201
5385.33 17.7402 12.6109 4.75039 14.0641 43.9903 21.9954 15.3295 13.5051 8.47757 0.0239759 9.60337
5415.39 15.1259 16.9976 3.91301 16.1534 51.1647 33.7429 19.3744 4.70046 13.6212 0.000675286 10.3606
5367.85 20.9082 15.4512 1.65389 26.4659 12.3487 26.1879 6.0331 7.30135 20.9246 0.0900321 13.1536
5395.53 7.27673 20.2213 1.14807 25.0178 25.8922 64.4473 2.31465 6.98535 12.6589 0.00371405 12.3241
5387.66 7.983 20.2213 4.16836 25.3111 22.3861 43.9901 23.315 1.71743 8.9157 0.0499824 13.0189
5439.87 5.46249 13.3745 3.12945 4.85911 48.1138 28.6101 25.4222 29.6399 16.5922 0.0370722 12.5115
5467.26 9.30624 12.9231 4.58758 2.04183 40.3508 17.5672 30.3817 4.34197 7.12686 0.0331508 9.60296
5451.1 12.7728 9.76041 1.72961 9.20235 59.3168 10.6872 38.1377 9.06131 32.0837 0.0318176 11.7973
5393.55 11.6521 10.4185 1.28978 20.7846 53.4204 13.1079 17.8611 18.6228 1.42669 0.00346421 11.0762
5409.07 27.0751 4.1171 3.03839 9.9863 33.4338 41.5726 5.35527 3.78064 3.74889 0.00346421 9.04752
5504.1 8.56455 0.856158 3.35056 9.92905 45.7738 38.4163 12.3261 16.5842 1.67675 0.0152988 9.271
5495.05 5.6468 3.4231 6.39396 21.4931 44.8668 38.7217 29.1345 32.2576 6.98693 0.00668252 11.4076
5363.62 31 4.74886 2.54748 23.8451 14.8622 38.4141 5.46942 43.0983 32.8574 0.00128995 14.0985
5372.17 30.8591 4.34265 7.34492 18.2295 28.044 37.5214 10.4623 21.356 36.6113 0.00982517 12.96
5451.25 6.00042 8.24635 16.7707 20.3345 37.8822 36.0494 56.3558 17.4611 37.2758 0.00108698 15.6303
5514.55 2.0009 3.00216 6.64776 23.6831 17.8946 36.8127 7.76549 18.8207 43.7293 0.0231754 12.1571
5506.68 3.83306 1.41563 5.63475 22.5136 18.9675 5.7218 16.1704 10.4878 7.43671 0.0300203 8.37678
5516.47 8.42435 2.5205 1.98669 19.0846 40.1515 10.5348 3.85635 7.5175 5.16597 0.128503 10.5601
5468.05 18.0346 0.796376 1.84366 21.4048 35.3732 9.16147 1.79481 3.72719 4.18458 0.195433 12.147
5435.18 23.815 7.8274 7.66288 17.4204 13.3676 17.5366 17.0078 4.55505 7.85516 0.164725 13.5142
5425.83 15.5307 6.70969 2.48797 13.7594 18.3797 6.27309 11.9305 12.3602 11.4223 0.0597284 10.9445
5404.82 16.9281 11.316 1.60748 30.6922 3.82688 27.6731 25.5749 2.58489 8.91017 0.171732 14.214
5450.96 13.7462 5.83366 1.91524 9.95658 49.0637 17.2144 23.9735 26.1819 12.2256 0.0153758 9.59561
5479.29 14.6184 3.48736 1.60721 5.9639 57.1568 37.0239 60.4464 16.0234 5.12378 0.044784 14.0979
5485.85 7.95214 2.08644 0.581752 17.2439 9.70305 0.6178 16.0811 10.8399 7.36358 0.0319124 12.3031
5461.18 6.12849 18.0746 0.624143 27.7602 15.7301 11.8896 23.0398 21.3781 33.4868 0.0632829 14.4907
5435.56 9.72922 11.0206 1.37843 32.1343 15.7301 4.46809 59.6168 43.9093 7.34718 0.0499003 15.4484
5462.92 3.93212 9.40817 4.54662 36.7569 10.9993 28.6297 71.9261 23.3298 16.0709 0.162189 18.5193
5440.97 8.99524 12.6774 9.81491 17.7088 18.9777 11.7111 27.454 5.85024 62.6971 0.0350546 14.0583
5400.54 2.96707 13.8787 16.3727 15.6141 26.699 61.1193 5.02602 9.31498 17.473 0.0604658 14.5247
5482.96 1.4996 1.58283 14.1491 18.2875 34.5704 19.2689 23.745 12.0487 6.80718 0.318183 15.1139
5441.73 16.4451 2.72927 13.4424 2.38151 37.4456 22.6635 7.17508 12.8841 19.1798 0.119141 11.215
5414.78 19.2089 4.87767 4.08349 11.4952 49.0667 18.7702 31.1036 1.47354 34.7552 0.0604221 12.6441
5419.1 12.5702 2.12994 15.2056 19.746 24.8475 17.6457 11.8485 14.1308 2.64868 0.0343198 10.0929
5428.47 12.5702 8.13373 9.50537 2.74368 41.465 16.8294 8.16483 5.96028 9.83239 0.199482 11.0407
5471.49 13.926 9.30985 9.56962 2.89094 27.2449 10.2851 7.18657 10.3183 20.5073 0.335916 14.1138
5425.38 8.25763 24.6566 0.784176 11.5082 54.675 10.241 27.5775 13.4565 12.7928 0.0710383 12.8843
5441.62 12.8979 15.2711 7.38226 10.4077 37.7041 9.68638 26.3624 15.4053 13.9798 0.0680337 11.4848
5457.38 5.71744 13.8965 5.07121 2.99354 36.9273 10.62 3.61311 56.7429 18.2082 0.0094231 11.6734
5440 22.7905 1.01765 9.05154 8.18481 37.5077 6.09672 20.9047 18.2897 18.2692 0.0617573 11.1351
5520.33 4.83316 3.7504 6.73939 0.399876 72.2556 0.428229 30.8934 32.8952 18.3645 0.0195469 13.6
5502.5 2.26128 7.35499 13.3828 5.25529 55.5017 6.73838 15.8529 27.2547 14.104 0.0452992 10.7774
5524.66 1.67492 1.31418 9.13676 8.48584 32.2312 63.1729 16.5851 27.5867 15.0179 0.0473235 12.7085
5519 6.10109 3.76381 5.05632 3.14384 42.1107 25.9193 20.8344 9.17508 15.1242 0.0470627 9.5451
5423.08 15.1636 8.50822 4.4874 9.75545 49.8797 31.8817 22.6963 2.6889 27.3934 0.0367896 11.203
5380.47 15.6578 20.9643 2.76738 3.19061 46.9273 41.3064 7.22125 7.63611 21.9439 0.00841941 11.4764
5415.04 16.7041 4.2155 3.4692 6.34088 31.0603 8.02699 21.7405 16.1794 12.118 0.0121144 11.7565
5452.88 9.78798 2.95409 8.86714 16.1534 39.1739 29.009 9.75289 3.9836 7.08766 0.0619662 9.1412
5457.03 17.206 2.0477 7.11284 2.631 48.5692 30.7348 1.32459 21.2539 15.265 0.0160832 10.2117
5450.88 16.2166 12.3106 0.855073 3.8415 63.9036 14.9113 39.8439 20.5907 4.22349 0.000980302 11.1597
5420.44 15.8592 24.726 1.90091 4.46195 30.5664 17.8446 10.5808 19.1064 2.87323 0.062344 12.8853
5475.4 3.61979 9.30559 14.5236 5.19133 8.20767 52.5199 5.99006 12.6055 1.127 0.00959054 11.3428
5481.16 6.54298 2.26402 16.5875 9.22419 25.0723 20.7013 10.6314 10.0802 3.1766 0.00598211 7.53698
5449.38 7.48035 12.0626 8.59726 2.36391 47.8446 7.40419 12.0382 34.2298 3.1766 0.0023202 8.40375
5472.95 13.8426 1.83648 10.3602 2.27355 34.5826 18.7693 2.09987 11.0949 54.5579 0.0745319 13.4502
5444.28 10.8927 6.53938 0.69108 4.60353 35.3006 32.9267 23.9517 24.8276 34.8105 0.093324 16.2219
5498.81 10.8927 5.33089 3.96165 6.74004 23.2579 52.2495 2.97433 31.0714 23.0328 0.148416 13.9549
5467.05 10.6988 6.04363 9.1671 18.3858 30.7911 39.6215 15.3712 30.08 22.0108 0.0315436 12.0961
5397.33 25.0628 5.1803 1.21284 12.9317 39.3815 17.571 9.34569 3.5634 11.9659 0.00336291 8.35307
5337.94 33.6871 10.5441 4.88133 5.74155 40.0986 14.7466 24.5765 3.00362 12.7387 0.00944251 10.7221
5410.74 16.9093 4.92405 13.1111 0.620633 25.5832 72.4756 10.2159 0.691653 36.9031 0.0223263 16.3965
5377.21 19.0739 4.08145 13.1815 14.3506 26.8652 57.0027 26.0898 0.31945 31.3837 0.00811867 15.1576
5378.72 19.1771 20.5331 0.982617 11.7554 19.4437 23.4209 42.4561 0.31945 41.5457 0.102647 17.424
5355.12 18.9496 14.8602 5.28569 17.8879 27.0087 37.7686 0.119847 25.5474 19.7059 0.0542314 15.1611
5327.87 19.2666 24.596 4.88874 6.44285 29.2174 24.5375 18.8861 8.96396 3.04813 0.0210006 12.701
5473.22 16.4521 3.72289 1.14546 19.3846 24.7134 8.95964 12.0269 7.92205 28.178 0.0104666 9.50256
5453.15 11.1254 6.61865 12.525 8.95589 46.6238 15.0706 12.221 3.17313 20.466 0.00746757 8.10292
5400.18 22.2783 5.77009 12.3464 6.54715 36.9111 9.2512 41.7705 2.45323 58.2964 0.0584804 15.2488
5378.17 31.4563 8.27422 11.2893 7.48998 12.6545 80.1356 33.6789 4.03818 41.2242 0.0608113 19.2133
5268.29 42.0881 6.86545 0.604337 26.873 19.1547 53.551 34.1431 13.5068 28.6025 0.0767182 21.4886
5319.04 29.1203 10.0605 6.19329 23.0674 44.931 31.3469 6.61295 24.821 39.1415 0.115801 17.8596
5299.24 33.189 12.5586 8.03939 22.3504 42.126 32.497 25.7117 16.1003 19.934 0.210895 19.0715
5417.71 20.9714 12.5586 0.345945 22.3504 41.4209 2.67155 2.5674 24.1969 0.556338 0.412469 19.2465
5431.21 22.5841 2.00354 7.47869 18.2541 26.8904 58.3813 32.7777 18.4483 19.9737 0.0128007 13.6504
5419.05 5.98665 8.77827 16.6919 11.3376 27.0782 16.5232 14.5469 30.7822 31.677 0.0299368 12.9708
5371.45 20.6097 18.079 10.4488 5.30932 27.5808 41.8899 6.04889 14.7989 25.6519 0.064963 13.5308
5471.79 13.7863 8.74253 2.88971 1.99161 35.2173 23.2641 14.0579 38.8169 25.9124 0.0214363 12.3293
5482.9 3.4047 5.54328 4.39748 13.3276 52.3302 7.91002 52.3557 6.74119 37.1908 0.00244949 11.0527
5486.41 5.28184 5.96909 12.4923 7.23668 61.876 9.29944 12.625 17.511 39.41 0.00559867 10.4497
5446.28 10.2555 3.9856 20.736 13.8542 37.0888 1.49141 0.496797 10.7184 12.2565 0.04033 11.402
5422.58 10.2813 3.09434 17.5229 18.998 37.2176 6.45972 0.0988799 9.75956 3.86431 0.0187899 10.7151
5476.33 14.8555 4.65561 2.39241 25.748 47.9956 19.4574 21.4588 26.3646 11.244 0.00975272 12.5841
5372.73 19.9248 17.6735 2.19955 16.6198 30.1333 9.15406 18.4667 7.78123 24.3052 0.0051909 9.96183
5371.47 28.1129 11.8718 3.3075 14.744 27.2494 16.6983 51.3992 27.9716 28.4268 0.0188946 14.7206
5446.09 8.01667 22.369 6.56199 16.9702 12.5217 11.1128 17.3927 17.3591 11.2797 0.0177548 11.9402
5448.24 7.71139 8.85578 14.9582 7.19737 27.6455 2.94947 23.8143 14.5248 25.6351 0.0135139 9.957
5496.13 2.74871 5.5112 10.3745 14.0283 35.8227 16.9556 16.4281 9.4899 21.5337 0.00560829 7.70315
5468.47 9.11451 13.8657 1.38335 6.44774 34.636 21.5437 4.25147 14.0726 48.3673 0.102041 13.1801
5444.09 14.6654 3.67368 0.0954333 25.3028 38.6265 4.88657 4.83544 22.5665 18.7428 0.077501 12.2209
5441.8 18.9922 5.10181 0.224895 18.8315 18.867 23.6225 12.3501 4.64849 10.8462 0.0821472 11.2055
5463.2 16.1897 11.824 2.54104 13.7296 19.8273 14.8479 9.39723 9.23527 29.4349 0.120461 12.9834
5499.67 0.916912 3.16167 11.242 10.9802 60.5891 40.961 7.69462 3.72425 8.29064 0.112657 12.6069
5544.4 2.1192 0.454307 11.7969 0.416914 54.6957 18.4215 32.9572 3.787 20.134 0.0904897 13.8257
5428.61 11.6322 1.93423 23.0107 7.79864 53.6497 8.95754 8.51132 11.2403 51.5929 0.14916 16.0569
5384.72 23.3646 5.11087 16.4053 6.93491 46.1872 3.3164 29.5759 0.384924 1.68364 0.153199 13.8564
5409.27 15.7832 2.59941 14.1979 4.68453 67.7884 2.79582 13.0401 7.94366 25.636 0.146641 13.4105
5392.11 18.3184 0.92619 15.8315 4.91399 60.98 13.1582 12.4281 27.6372 26.8446 0.15443 15.5125
5412.24 19.0066 3.03609 8.98642 6.17214 79.44 37.5373 8.21193 40.7827 13.495 0.0589041 15.7731
5470.79 0.147126 4.41431 9.42112 11.8547 55.5669 14.8252 7.00963 30.2411 31.6377 0.163973 14.9145
5448 13.2257 5.5591 5.27751 11.1972 49.3511 3.01589 11.5984 9.78033 33.1931 0.101395 10.9511
5398.86 16.4313 7.58947 7.37635 32.8805 34.8892 5.36051 0.86926 12.3512 21.7886 0.00603563 11.1882
5428.97 17.3166 7.84263 2.33902 14.5544 36.7876 14.3396 18.3966 31.7568 17.8887 0.0144272 9.97756
5424.87 12.6786 2.91468 7.59463 11.1459 55.3701 14.4338 18.6689 7.2163 9.04472 0.0212081 9.43242
5442.54 25.5364 4.61578 3.34973 5.81804 54.7167 26.0237 15.0699 18.614 1.10898 0.0236254 11.7832
5457.22 8.61837 10.59 8.30666 7.06683 38.2906 33.2005 14.9562 16.1377 5.73496 0.0145672 8.48739
5423.93 23.7267 3.25836 4.57752 18.0291 25.5382 33.021 18.8968 16.625 6.95895 0.0139852 9.90331
5416.79 21.6564 6.62866 10.324 4.77239 57.3178 0.622959 70.1046 22.1339 18.8642 0.0139561 15.0233
5419.93 19.2677 6.14907 6.83653 18.8979 31.2371 19.2934 3.92007 1.94491 23.3713 0.0354044 9.96254
5365.06 20.9892 9.88613 13.4066 13.4281 11.7382 24.5844 15.7382 3.60849 4.59021 0.110929 13.0142
5409.41 19.7967 13.1909 2.78177 8.13915 14.1588 33.2955 15.3216 7.08301 15.7255 0.0189339 11.3456
5424.75 19.7188 9.76041 11.1453 10.3338 30.4663 6.99378 13.2397 9.22116 7.50684 0.124758 11.3117
5444.28 25.678 0.858109 2.96479 8.93388 43.5218 15.019 30.7969 10.3671 5.60837 0.0869918 11.6258
5369.95 32.2173 0.858109 20.5193 2.84888 19.7412 29.926 12.8157 5.36732 5.44342 0.0781719 13.5423
5308.99 33.1563 7.92809 16.3149 4.55118 51.3711 9.17192 15.7481 11.2613 34.8625 0.000416899 12.1572
5325.43 38.5431 5.71025 9.34879 15.9798 22.2647 19.3161 13.1441 21.357 15.0851 0.00450347 11.4447
5359.95 35.3175 6.78746 2.60212 17.1965 42.2235 17.3743 15.4588 24.1103 19.8082 0.00450347 11.5604
5368.32 34.8838 9.74651 1.4655 7.50438 34.7542 3.99719 8.05813 6.03788 19.7283 0.0469651 11.8007
5415.73 26.0859 1.65001 7.62699 12.857 47.4575 12.5084 13.6516 19.7096 19.4004 0.0125451 10.2109
5399.87 25.4767 4.46203 9.87756 10.3936 15.6455 27.4308 0.679443 17.2972 13.7989 0.0194736 11.3432
5393.43 26.0729 1.22823 6.98065 6.55118 28.9368 18.4022 16.1811 4.02643 23.8406 0.0168524 11.5045
5381.42 19.7782 10.0436 8.18675 13.2397 43.474 14.3618 11.354 6.18321 2.69336 0.0322217 9.11416
5306.35 29.3871 10.4523 19.2625 24.1014 16.4559 13.6631 19.4834 42.2255 14.944 0.0669177 17.7407
5294.05 38.4389 14.9335 12.7005 10.1008 14.6728 20.0949 11.3848 68.4748 12.5713 0.105962 19.2099
5480.35 10.289 6.69149 2.02288 12.1546 38.8909 8.63442 10.188 28.4592 8.34172 0.0612999 9.29806
5470.83 8.10424 11.2817 0.287519 13.4612 17.9471 2.02621 0.561107 7.06019 6.72486 0.0229851 10.4363
5412.96 9.03265 10.5031 7.21446 17.1378 25.4084 1.5326 8.84299 10.1038 3.02549 0.0408744 10.2022
5437.55 6.7582 3.19945 7.59786 26.0281 29.108 3.94612 22.8253 28.2658 6.84158 0.00970005 10.7035
5481.19 8.71164 4.53184 9.67161 11.9718 27.6843 10.7407 130.415 7.80663 6.88765 0.00623009 15.7235
5480.19 9.04347 1.63679 6.23722 11.6584 28.577 13.1304 14.0649 0.921379 17.9615 0.0626437 9.76486
5537.77 2.9675 3.45266 1.96602 12.2354 37.0901 9.35425 13.5027 7.49364 24.8481 0.00411667 7.70288
5474.46 5.87707 0.772768 11.7425 10.2058 29.4303 31.8307 9.10451 2.98609 3.72594 0.0424858 9.61507
5500.83 4.22766 10.2999 2.50017 10.5114 33.416 53.5935 8.07356 11.1186 2.59019 0.0265082 9.64275
5491.03 6.83146 4.72814 4.08278 25.9051 20.4461 43.2524 18.5552 8.29584 1.03605 0.0598387 10.9008
5491.03 7.91984 5.91602 3.99241 30.3546 14.8332 26.5116 27.5342 13.5632 0.276516 0.128238 13.9887
5433.7 17.7617 11.5527 3.09609 30.6446 40.5853 2.3636 0.205423 22.4463 3.81482 0.040308 15.585
5400.24 15.4981 18.043 3.87591 26.5742 34.3529 4.77973 17.6595 28.2712 27.423 0.0193275 13.4555
5462.5 7.80098 15.0095 2.12848 3.64125 26.8478 27.2423 10.8215 2.84397 22.4034 0.0393321 10.788
5501.68 5.75041 13.3079 5.06872 2.00022 37.1427 72.197 21.2954 2.56556 22.4567 0.0148444 13.7005
5482.36 5.75041 6.14648 11.968 21.0704 23.621 34.9466 11.1795 56.1654 27.0913 0.070756 15.5149
5489.97 8.50552 6.58625 7.40365 15.7101 18.5068 27.4898 16.9632 15.333 21.8255 0.145782 12.169
5444.49 8.59202 15.0047 14.786 4.62553 15.367 19.0034 22.918 16.9443 13.5392 0.0614915 12.1416
5409.93 32.6366 8.63816 5.88014 7.07233 26.409 33.6547 39.0997 3.07228 15.8903 0.267492 16.7569
5377.76 27.835 14.1579 3.79537 7.16392 33.1536 19.3674 7.58093 8.65465 24.4967 0.356166 15.1542
5362.74 16.6016 21.2415 3.13832 20.653 38.6616 26.8422 11.8455 9.37284 55.6359 0.0820842 16.0303
5357.75 6.85503 33.323 0.93212 8.15867 43.891 43.175 1.34479 16.5853 38.8434 0.0131351 16.0712
5403.63 17.397 17.7326 1.54558 7.49569 64.3695 16.7715 15.7038 0.127441 12.3521 0.028056 12.2126
5407.06 5.00095 25.812 2.86454 20.2651 49.1755 22.4492 17.721 5.39552 4.29158 0.0151119 10.9977
5409.19 11.6689 14.3364 7.29861 21.1879 38.6717 21.9746 0.645615 10.3409 26.837 0.00224414 10.0992
5409.85 11.7312 3.25724 5.98516 20.8037 37.6716 36.5853 10.0453 10.9467 23.3994 0.00224414 11.4917
5413.39 7.55432 15.1491 13.5515 20.6106 16.0876 67.9171 7.70344 1.1939 8.81675 0.00224414 11.8544
5414.62 7.95763 15.2582 3.73623 20.3993 12.8431 30.232 2.01105 21.7183 16.5409 0.122654 13.204
5421.24 18.1447 2.41359 21.7908 2.46465 32.0508 20.7956 14.399 24.2739 17.2434 0.116014 13.1771
5420.61 14.5761 15.1273 12.6366 10.0845 34.6002 6.87177 16.4134 13.3389 17.096 0.081175 12.0431
5495.7 17.8333 4.40183 4.52832 5.64852 41.4876 14.8037 9.4667 11.2015 23.2858 0.02555 11.456
5396.73 10.2196 13.8243 9.29165 13.4259 58.9767 10.6962 17.1095 10.9908 17.9969 0.020477 10.5173
5401.37 11.1399 10.9552 7.92357 11.5629 67.8237 12.7393 25.7602 12.929 50.0825 0.00983846 13.827
5433.42 12.8403 2.92987 9.31215 10.5578 31.4481 1.24563 7.56134 2.63386 1.61909 0.00166295 8.08335
5474.2 8.02648 6.6524 8.7382 15.0468 44.9693 4.10028 29.2549 11.7219 28.2341 0.0044425 9.18856
5466.33 8.96262 3.56125 5.36545 4.86128 57.2566 1.71782 12.2741 6.3627 34.5065 0.177155 12.3123
5474.39 9.55212 6.35832 7.17303 10.2327 40.1979 6.6378 13.0774 4.1109 48.5212 0.0390227 10.6632
5501.77 0.986608 2.15054 7.92487 10.9534 57.761 10.0085 7.98946 31.9568 27.0061 0.0134816 10.4875
5515.25 0.837043 6.8631 2.20648 12.5984 53.2347 17.4757 3.3185 18.7509 46.9158 0.0136238 11.2356
5497.45 5.64686 5.10249 9.21799 14.8397 7.20408 0.243352 1.83336 15.8892 29.8783 0.00165925 11.1239
5498.5 0.977042 6.60404 5.34968 21.6288 28.1296 55.3259 7.10902 13.3124 43.7121 0.00473342 11.958
5470.63 0.623611 17.1658 9.865 6.27378 30.4838 12.5951 23.775 24.0255 16.6312 0.044467 11.3529
5464.53 3.48023 15.2621 9.14012 1.38458 20.6052 41.6317 5.71386 15.0815 12.0669 0.0494335 11.6627
5429.84 6.69363 15.6106 5.37685 17.6702 15.5806 25.7976 6.22755 18.0488 7.93136 0.140297 11.4521
5440.49 8.50988 11.7099 3.52492 19.8807 11.9263 22.5765 38.3259 38.998 14.7711 0.232284 15.4213
5436.37 2.22422 8.53312 10.5149 8.6211 44.4886 27.6362 10.27 8.99302 0.317817 0.154137 12.7254
5508.61 1.81774 4.10113 0.464209 7.12153 56.9771 16.0677 22.8479 18.9025 4.43734 0.0187047 10.0617
5416.22 16.6481 8.08753 0.464209 12.9799 36.3488 4.95387 12.0602 11.5729 22.6706 0.00199909 9.34164
5460.06 17.2222 2.07843 8.72531 5.98176 20.6225 28.9433 34.5192 28.7956 23.3829 0.15627 14.5714
5391.48 21.0892 9.44288 10.1994 11.1759 14.0462 3.79068 60.7994 12.3342 47.8366 0.179848 18.4972
5429.19 19.3963 5.22751 10.3395 10.0704 32.8055 11.4906 50.3166 12.0572 23.4839 0.284713 15.471
5444.94 12.8055 8.40771 6.7299 2.37316 38.3895 27.3153 19.8944 4.36789 57.5813 0.00970059 12.6301
5482.06 7.18839 6.23221 6.74977 3.64501 71.6437 3.02359 2.10459 16.1295 11.7306 0.0891188 10.5257
5487.83 2.00983 8.9852 6.7703 8.45954 52.6674 8.6692 21.044 16.8617 23.365 0.015825 8.9484
5424.95 16.2446 10.7278 24.0975 14.0125 35.9992 8.92129 1.12162 14.2965 17.3591 0.0263889 17.3352
5383.95 16.1751 4.86389 22.9995 9.289 49.1058 12.9349 0.400292 46.2378 9.20465 0.0108243 13.5579
5360.09 20.8746 17.5411 19.2566 17.9316 25.4257 11.5826 12.7495 39.1424 4.29799 0.00799427 15.4949
5240.32 28.2442 38.8314 5.36239 2.65306 24.6677 19.1158 27.805 30.9733 16.1595 0.158002 21.7951
5336.05 22.9073 14.1186 9.19257 6.10598 41.1344 10.8954 8.06877 6.78155 8.56342 0.0302101 11.0914
5353.09 9.90494 23.5186 14.9505 7.85172 34.2537 21.1991 17.3708 9.06548 16.1833 0.00477821 11.5778
5386.07 8.32764 17.6298 9.06107 17.492 32.3516 16.4277 17.3829 15.6282 28.3671 0.041131 12.3209
5417.14 18.5923 1.61255 1.66884 9.78164 24.2644 53.4114 4.23971 38.5503 28.8601 0.103686 18.2826
5376.33 31.6659 5.84545 9.3994 1.65395 45.4858 40.8509 0.888266 2.1029 26.896 0.0444768 13.7758
5344.19 29.7374 3.24446 9.58824 25.3615 27.489 41.0049 1.29038 22.8571 22.1572 0.0450052 14.7659
5457.71 3.3391 23.8455 12.7059 13.1494 6.36368 37.7742 0.394927 4.0854 1.55394 0.0387707 15.6042
5432.23 9.94643 10.1786 11.4686 5.41054 72.7513 10.928 8.72914 10.3022 1.65745 0.00128479 8.40065
5417.02 9.03307 13.4673 14.8063 11.9632 55.4899 8.32727 44.4881 7.67715 3.09717 0.0228134 11.9199
5473.05 8.10194 2.72783 4.53222 4.45786 57.1354 1.21975 13.5857 1.89087 13.6673 0.0560704 9.96128
5476.48 5.66058 8.90637 6.6714 18.4093 18.2252 11.9782 10.8946 15.6981 8.30331 0.00725032 7.37013
5420.46 13.9348 4.82026 7.34224 18.0791 43.02 16.1997 27.914 51.9548 12.1275 0.00748134 11.9433
5488.79 9.00509 3.26904 9.56401 10.9946 39.3482 3.28158 30.6607 69.8492 16.5172 0.0073568 12.7828
5507.74 0.576727 6.84759 3.81023 14.5391 32.9616 28.8351 7.11027 21.5599 4.9535 0.000692205 7.4073
5414.37 8.38452 4.43675 8.8498 23.7057 41.0308 44.9858 3.86357 38.8184 10.7042 0.000692205 12.6877
5456.13 8.16271 10.0337 13.1229 5.2373 47.7861 43.4441 9.51513 16.0185 6.88012 0.0789125 11.4383
5502.84 5.99777 1.7852 11.069 16.6931 20.1274 3.2504 73.0575 19.7284 10.1499 0.0581902 13.7245
5504.17 4.66533 5.35917 8.38445 8.12487 48.2128 8.66328 35.4929 21.4299 6.67765 0.0534852 10.0362
5519.47 3.64138 9.03561 7.25681 2.87482 48.8419 0.498242 25.521 4.12766 3.24762 0.0544337 10.6944
5437.32 4.49846 8.76182 11.505 2.87482 34.7011 9.46134 18.4132 35.5762 3.24762 0.27234 14.2926
5476.95 1.41057 11.355 10.698 17.0559 39.3666 13.6438 15.0846 40.3954 27.753 0.169231 15.6945
5497.98 1.88333 16.7099 1.4811 8.28976 27.2777 15.4668 1.45734 12.6109 29.0868 0.139073 12.7916
5430.41 12.9342 7.12509 0.313777 21.0444 73.6569 19.1899 11.5564 20.2993 15.3833 0.0130478 12.8406
5421.99 4.06127 29.9925 0.483201 1.46063 41.2532 17.4315 5.11569 12.7309 3.75886 0.105152 12.5584
5382.58 10.1677 28.8757 6.1597 5.56863 30.8715 7.9983 7.69627 3.06808 8.11963 0.00600483 9.54612
5442.68 7.94683 9.20197 5.88367 19.9532 24.0128 30.3084 50.1085 8.61628 46.4366 0.0153304 13.7666
5373.2 12.0799 15.1311 4.90318 12.5753 27.7417 22.0472 13.0223 7.93607 44.1553 0.00495406 14.024
5365.9 15.6055 25.8965 5.08516 15.8766 21.8555 5.23351 18.9701 2.01618 48.5543 0.00234962 13.1695
5394.03 19.6889 9.01009 4.32004 15.8971 52.7488 27.6676 2.09775 25.9978 13.5694 0.00295444 9.99909
5380.52 28.2754 7.663 4.54757 15.9633 39.5312 11.7383 6.83704 14.6632 8.23112 0.0820437 10.6241
5463 4.00536 6.74828 9.1053 14.6114 53.3834 15.0802 6.62246 19.0085 13.9683 0.0515215 9.56488
5512.9 0.909323 7.48863 4.37425 17.2148 38.0049 24.0463 35.344 2.08516 25.6169 0.0641505 11.9468
5437.11 4.28848 17.8726 2.21534 22.8593 12.2227 29.2457 35.8521 14.4139 14.926 0.031901 12.1876
5435.22 6.89935 18.6269 4.76206 22.1765 12.2227 42.1857 30.493 45.6747 17.7549 0.0862264 16.0339
5507.49 0.554488 12.2014 1.82518 3.33115 28.9601 14.9757 26.7013 6.1086 14.1023 0.0587794 11.2377
5473.36 8.3917 10.8626 8.11194 6.05512 39.2731 15.3287 8.20856 3.11454 4.65079 0.0173365 7.45978
5350.18 18.0815 22.8004 3.164 21.1261 25.0218 7.24469 6.18171 23.0267 25.5391 0.0108326 11.9766
5389.43 13.9827 22.5233 7.62822 10.1411 20.4234 9.4405 3.73298 27.6745 25.2949 0.0106346 11.7677
5374.23 15.2377 11.4805 4.59379 29.0747 28.499 8.81003 2.75386 44.9424 4.68432 0.00857882 12.1197
5387.66 18.8681 8.94639 1.94167 29.9911 35.1926 9.92336 10.0733 31.6138 9.89679 0.000668792 9.7316
5435.37 14.0516 11.2895 10.5343 24.4847 19.8906 19.2369 8.96511 1.88205 5.5771 0.0026749 9.86095
5498.44 13.1781 1.65577 3.00919 2.02345 59.9889 28.1036 3.58542 6.43857 16.1819 0.00412537 9.11231
5439.03 13.0494 11.5826 0.244783 8.76613 49.2229 7.05774 15.6984 23.5865 12.1202 0.00377401 9.10659
5420.37 9.76244 22.0403 5.62734 11.7397 48.9979 31.0571 26.2658 0.586062 4.93428 0.0086217 11.5594
5467.98 6.90449 9.70549 6.43632 15.6616 30.0701 55.9118 6.47661 10.4349 20.5721 0.00803842 9.70886
5453.77 7.80968 17.4203 4.10073 8.40262 46.6288 2.41838 12.573 23.0264 8.86228 0.0117947 8.7999
5519.83 2.63163 7.61308 3.75508 9.51974 47.299 13.3588 53.0196 21.208 11.3646 0.0355683 11.484
5462.09 2.86675 5.46354 12.4537 12.5463 36.0492 31.5322 5.52453 31.1672 4.70117 0.0672323 10.9245
5546.47 1.70034 1.819 6.18588 8.30537 28.4244 14.1649 12.9171 21.8862 2.72453 0.187903 11.6421
5546.47 1.70034 2.71766 8.82925 1.16919 28.23 20.5656 20.8393 52.3234 2.26522 0.293465 16.7335
5540.95 5.17286 1.64006 5.31163 7.79199 21.9554 15.5623 1.55715 42.9004 0.890672 0.139208 13.3973
5484.61 0.508095 3.87612 7.85279 22.4941 17.2706 35.8182 2.24935 37.4675 6.45205 0.11172 13.227
5492.22 0.0997569 6.20336 9.82024 21.4983 7.89228 21.0874 28.1845 36.0937 25.4293 0.109564 15.6248
5449.8 2.70135 9.50937 2.48895 26.2489 20.3605 31.9752 35.1812 29.7417 28.338 0.338465 17.4845
5474.1 8.25011 6.52978 5.24619 6.13363 23.4011 20.2299 47.707 22.4053 2.16211 0.0640119 12.3883
5436.54 17.2435 5.36114 7.45075 4.72799 41.6765 72.4971 23.4482 16.4484 4.68348 0.00543229 11.8148
5492.55 4.09573 3.369 7.21713 9.35329 14.4665 17.3285 21.7761 22.5267 4.23744 0.261398 12.8011
5512.38 8.99795 4.41476 2.52124 16.5158 24.9122 34.6904 34.267 19.7507 6.11814 0.14876 13.2272
5442.06 12.1961 4.13874 4.26687 18.2274 23.6848 11.4008 0.943384 9.18906 7.34826 0.124703 10.7452
5435.98 11.7708 4.02369 8.66198 13.0206 43.7633 1.75491 2.23805 62.2171 1.75355 0.0306917 12.4209
5481.67 11.0488 9.00292 1.96287 12.207 21.7678 1.05729 18.1035 1.78227 8.66007 0.617879 17.7053
5464.13 3.08424 3.58375 16.7179 1.06286 35.7357 143.252 6.75727 3.199 4.10495 0.179381 20.3102
5470.53 2.0136 12.106 4.13164 27.0762 9.19053 15.4094 7.05427 7.17093 26.9946 0.0407927 10.8026
5467.19 10.7432 10.9284 0.763861 21.464 40.233 13.9887 32.0177 4.14659 3.46092 0.153264 13.1763
5439.82 5.69943 6.13782 17.8759 9.15496 56.9432 10.0763 40.0147 21.3185 16.4966 0.0666146 13.1379
5462.68 3.26682 3.56076 20.2924 23.2978 9.87492 9.31555 4.34606 5.51515 42.1377 0.0641693 13.8115
5462.68 8.53695 1.33585 16.683 14.0371 59.0267 8.85275 6.67334 7.30687 19.6437 0.0506981 11.2865
5453.32 9.41685 8.74056 22.6296 3.48136 33.7179 11.8849 18.1069 5.46062 20.8586 0.0825291 12.6439
5427.41 12.3586 15.5204 11.8068 5.14401 39.5577 4.61763 17.2089 9.98375 8.90782 0.010656 8.80361
5425.14 9.73751 16.8111 14.445 10.0678 36.995 10.5255 8.23692 10.3236 18.2495 0.010656 9.77645
5453.91 11.5501 8.80255 13.1387 0.758617 38.0403 5.39011 14.7142 9.51337 16.6011 0.0365881 9.82819
5372.98 11.9693 19.1788 6.91115 9.16265 44.2805 3.2922 24.8146 3.76044 6.8331 0.0344048 10.8282
5376.27 15.1513 22.9518 4.43114 12.9054 26.8329 14.1228 17.0644 5.30903 10.6681 0.0238606 10.1094
5402.49 15.2524 17.3949 1.58092 23.3588 12.8925 10.2798 9.84659 24.1084 15.0727 0.0178486 10.9544
5444.57 5.79756 16.4866 6.39691 5.26682 39.0794 9.40913 6.51116 82.2768 19.7662 0.0884151 15.2365
5408.32 1.87131 31.337 5.37412 11.4491 28.8676 17.8447 23.778 11.4391 62.4881 0.00322535 14.7366
5480.76 1.87131 23.3976 5.37412 10.4727 25.57 7.41519 35.4892 23.2156 3.6527 0.00322535 11.6036
5480.76 1.87131 14.6017 5.37412 14.0805 18.38 19.9426 18.0144 21.3183 14.2818 0.00322535 8.80264
5457.16 5.81297 14.7158 3.90424 33.0756 16.0027 15.4665 11.6329 27.2587 10.2835 0.00322535 10.4397
5509.3 8.18823 10.4169 1.65802 5.01989 32.085 12.111 5.17809 46.5372 21.4327 0.00490589 11.3681
5514.09 5.12558 3.14445 5.17242 8.35095 51.2433 37.8616 5.11187 28.6295 26.9422 0.00435177 10.0786
5514.09 3.0658 0.652038 10.8927 5.4393 49.323 11.376 4.55188 7.70105 52.8561 0.0280441 11.4163
5487.2 7.45313 0.619955 13.44 9.57323 43.717 17.348 1.51443 7.10031 13.3393 0.00592829 7.83458
5538.28 3.56186 1.7689 5.61292 2.58191 43.5148 39.1994 6.66155 9.10292 4.88848 0.0177468 8.89322
5537.54 10.0375 3.52084 1.64114 7.37455 25.5451 25.1714 10.8949 7.42837 16.7947 0.0418248 11.0967
5513.12 4.49264 3.60238 15.6303 6.72062 21.9652 13.8464 4.33423 9.0802 27.9056 0.0336555 10.3119
5479.67 4.49264 8.73109 4.81275 27.0114 22.1919 5.43758 20.473 0.811683 4.93541 0.0434223 9.54943
5451.01 12.6071 6.7494 6.52397 9.49518 45.376 8.08931 24.0022 9.20596 16.4844 0.359876 13.8869
5425.9 4.72118 13.2301 5.12708 23.9815 12.9951 22.4911 9.45271 2.8159 1.49011 0.070102 11.2348
5457.02 6.3625 17.666 4.25954 15.3913 14.6054 0.317526 17.6591 25.7925 5.95962 0.0531528 12.058
5492.62 2.8323 10.3817 8.11743 16.1411 22.6217 8.53929 12.119 39.661 10.8937 0.040962 10.5437
5512.15 1.83326 0.974479 5.02307 10.9668 88.0554 3.27177 5.21689 39.661 9.09699 0.061411 14.4538
5528.61 3.11663 10.1474 3.94574 10.1888 41.4953 7.8095 2.92817 34.2356 5.23553 0.061411 11.4003
5481.05 2.26513 11.6115 9.64495 16.3374 24.0058 10.7369 0.978789 2.77913 4.0851 0.1016 10.3234
5454.95 7.07239 7.8739 10.2206 29.5391 33.6494 7.25919 41.6897 10.2641 4.65342 0.162314 15.3267
5464.57 9.48633 2.53125 5.12195 19.0185 26.1848 26.3607 1.12601 11.9924 5.52428 0.0677995 9.64441
5542.27 3.10879 0.788835 4.88904 22.348 7.80174 17.2418 16.3167 13.3224 8.98391 0.0136137 9.74141
5541.48 0.447902 3.52798 5.25121 12.7498 25.6178 3.41923 16.8747 17.1873 14.8916 0.171415 12.1135
5458.27 0.311138 18.8248 3.49632 12.7498 43.35 1.45879 18.0267 10.3036 17.5911 0.0946521 11.6925
5444.09 0.894025 11.3682 6.31862 17.2701 55.8425 9.4673 26.3263 10.1456 13.6657 0.105612 12.3077
5422.28 3.55864 19.0688 13.7089 2.76227 66.232 41.0118 1.17776 4.72673 11.0315 0.00878661 12.056
5421.34 0.639142 26.6851 3.99668 0.42811 61.1052 25.3306 1.17776 14.6609 18.4086 0.000248708 11.8897
5352.09 12.2427 36.5863 7.8941 14.4217 6.93629 29.8169 17.1896 21.7695 16.8788 0.000248708 14.9933
5335.58 21.0878 31.5279 1.17873 6.6257 51.0994 31.4776 8.12524 6.15413 16.0814 0.106508 15.1876
5467.22 1.63897 8.10157 28.0109 8.94282 25.1962 30.3512 64.2623 3.00794 7.57225 0.00387378 14.7878
5435.18 4.75465 5.49789 23.4834 11.2685 37.9109 44.4632 59.7664 0.835458 11.2594 0.0936072 16.9281
5434.22 4.69025 13.0203 12.3814 7.33558 48.2608 2.16087 21.9225 16.2127 5.72553 0.0303079 9.51517
5484.25 1.39941 8.99668 13.6561 2.66672 40.0932 26.8663 15.9947 12.7542 5.59609 0.00178121 7.8279
5479.95 1.61832 12.5698 15.6406 6.59618 19.8872 6.19371 12.6179 44.4927 3.7684 0.0571188 12.3754
5441.34 5.63923 9.02415 23.8303 1.99113 40.1199 3.23209 26.2001 38.8544 45.2079 0.15744 17.6589
5363.55 8.63726 15.3007 24.4151 3.93337 41.3892 3.52911 3.88634 23.7852 35.131 0.116638 16.4861
5441.96 14.0129 10.241 12.2464 5.80588 40.2835 3.03313 48.4192 24.0472 14.2624 0.0722973 13.2897
5317.77 28.3464 16.6426 9.72227 8.84773 59.9117 4.51911 8.88323 15.8148 3.60484 0.00816505 11.2077
5322.93 29.5531 15.2351 9.76752 12.9198 13.8803 15.2104 45.2362 10.9044 24.9552 0.0411636 15.431
5369.66 31.209 6.27841 2.57987 4.58286 12.4891 25.0612 35.1392 23.8056 54.7512 0.0445104 19.903
5361.07 31.209 4.98137 1.08225 20.3356 46.7099 28.1567 19.6531 6.78745 59.968 0.0299774 15.8224
5298.63 41.1746 8.16157 10.1041 23.7706 38.6095 6.97504 39.2712 4.75182 49.9471 0.0184749 18.0406
5430.81 10.0252 6.22627 13.2741 11.8614 16.0783 30.1612 60.9334 0.857312 15.9357 0.00352987 12.9355
5544.85 2.65134 0.351467 9.76818 14.6161 23.8324 28.9581 33.072 3.13884 25.2693 0.00395683 11.1933
5501.38 3.77441 3.42397 9.19841 15.0061 26.2876 20.6069 7.42681 5.61928 15.2961 0.00456001 6.89269
5449 11.7289 3.56167 5.02417 4.78347 86.8521 16.4936 2.25761 14.6741 7.40365 0.0106042 10.7529
5487.6 2.24275 2.50028 24.8177 1.53754 30.4251 1.50964 3.67349 6.85997 5.87433 0.000705294 8.47623
5487.6 4.30302 2.99279 24.8177 1.53754 28.0221 29.9633 3.78774 7.02232 9.10183 0.0852666 11.7314
5457.61 7.35972 2.68976 22.7477 17.538 30.9911 9.98578 9.76768 22.016 9.76452 0.0559576 11.9056
5462.29 6.1596 3.17003 12.6082 5.19549 45.653 18.3164 35.5078 22.0729 11.7148 0.0210881 10.5394
5514.23 1.17104 4.67756 7.88572 17.8078 52.298 2.71373 26.1282 10.4205 0.105419 0.0225444 10.933
5439.52 9.36637 15.6464 7.70467 4.75314 38.8114 13.9512 8.02764 35.5036 3.93209 0.00977259 9.16036
5539.34 3.06767 9.93962 0.882017 15.3189 25.7154 1.73859 8.02764 35.3807 20.4499 0.0131377 12.0427
5555.28 7.1431 1.65735 0.452141 19.5417 36.3527 4.51314 5.79905 29.7116 2.22368 0.011548 11.8663
5470.41 8.11403 13.2129 13.6519 2.82361 49.1189 25.0008 49.9501 13.7683 5.18742 0.00215762 12.2536
5403.06 3.01246 17.4135 14.342 10.2789 69.1874 21.3346 9.34317 4.20826 4.60193 0.000865099 10.6673
5366.92 22.6731 16.541 5.33928 2.88296 40.3126 25.553 2.87688 6.90663 8.08767 0.0036666 9.43978
5287.15 32.7339 16.5755 10.9737 4.92659 45.5238 30.003 8.06691 11.68 2.33558 0.00152343 11.7611
5394.33 27.3375 10.3872 3.62397 4.63537 42.7108 29.3767 4.24329 12.5573 14.2947 0.00542003 9.86269
5463.36 1.89258 11.5141 10.9634 10.9044 22.9302 19.0133 21.3769 20.155 7.39729 0.00155687 8.34996
5430.95 5.47053 11.6835 4.04281 11.8032 39.3707 25.7092 25.9615 32.731 9.91652 0.00125531 10.828
5488.82 7.13124 11.9557 3.90396 13.7579 42.1134 43.6578 4.33896 55.6862 7.96908 0.00399928 12.6031
5346.2 35.674 16.2726 6.77322 11.3154 38.4243 22.8462 24.9707 32.7931 14.3254 0.00733978 16.1683
5416.12 17.7193 10.0355 0.794103 8.99774 45.4344 15.7322 32.3676 12.2136 13.3599 0.0185014 10.3672
5462.09 8.28936 11.4975 8.45617 4.60033 47.0547 3.25881 25.3735 10.3062 30.0905 0.14504 12.3059
5479.58 4.46805 18.8313 6.36594 5.75736 47.5822 20.7743 8.86735 12.4477 44.9638 0.0157015 12.5647
5421.14 2.20319 20.9628 3.07916 11.9782 41.7509 5.55974 15.7456 1.76297 13.734 0.0913323 11.1657
5437.17 2.03345 19.7492 3.32859 12.0681 48.1085 22.1906 38.5289 10.3779 52.344 0.0215591 14.265
5500.41 2.69797 5.81722 4.08571 14.3794 50.6835 50.8087 39.2407 45.6923 3.49915 0.0574499 15.2439
5522.03 1.07962 2.57504 11.621 19.3296 16.1144 47.2359 53.6902 13.2957 4.14818 0.0111998 12.8944
5487.15 6.20652 9.15679 0.37363 10.3856 26.2236 70.4226 25.6397 12.7296 4.12288 0.0300233 12.6454
5439.9 6.11085 11.8951 9.58298 10.6232 14.5072 13.1534 39.0589 17.3383 2.85291 0.0546386 11.9458
5511.59 4.21591 6.91278 5.97836 14.0452 26.3097 11.6525 37.1373 9.17718 9.44068 0.0105474 8.51076
5507.17 4.30368 6.51971 1.82461 13.5888 57.7108 3.6544 11.5381 11.3049 6.47368 0.00948321 7.38925
5470.59 11.0625 3.46428 0.944026 10.1481 55.9115 21.6962 17.9363 13.177 31.9137 0.146846 12.7583
5430.63 13.8774 1.63014 8.77878 20.5395 40.1852 15.5641 21.054 9.56104 13.6267 0.000104106 7.59114
5440.78 7.59284 0.436126 11.4914 29.2032 10.4445 23.107 35.7374 11.0264 20.6224 0.0127416 13.3929
5404.73 25.2378 5.06476 3.6885 12.0135 14.9413 25.4941 5.02556 7.26057 35.1412 0.0265308 12.2539
5345.93 29.7932 4.00795 9.37547 9.23552 70.5115 27.735 3.32989 6.3373 14.8318 0.0142187 12.2667
5378.91 23.4795 4.99328 1.49257 12.76 53.8427 5.66433 12.9543 6.86931 4.47106 0.023465 10.2586
5383.57 23.9706 9.60258 2.24951 11.6014 77.0493 6.70748 4.95168 1.15765 12.8653 0.00869683 11.0203
5347.09 26.7758 17.1854 2.02704 10.389 27.912 10.8715 35.6293 32.1997 8.08838 0.0163084 13.078
5363.88 20.783 17.6476 4.69348 21.7358 35.2085 10.9393 10.1401 22.439 9.30839 0.00918312 10.3581
5358.01 24.1152 12.0864 0.984657 13.0188 49.5841 7.1724 12.2363 9.30499 2.77556 0.0428123 10.8762
5328.88 28.2944 12.3742 10.5843 17.9024 33.0204 12.6791 11.3683 8.56395 21.5144 0.000269114 9.86243
5379.69 18.2061 12.6768 13.6573 17.3676 20.2594 67.7973 11.8521 15.5417 2.99907 0.000269114 11.7096
5366.9 22.7862 15.1716 0.975154 17.0414 24.7197 25.2325 10.7929 43.3466 5.28291 0.000269114 11.0692
5351.79 19.4052 13.9377 7.66173 18.3967 24.7197 23.157 31.0082 12.5599 2.34756 0.000269114 10.3551
5381.3 10.4007 7.77341 22.3977 19.8479 13.7672 21.9639 25.1177 19.8454 10.5 0.00909847 13.2473
5386.57 25.45 13.5919 2.79593 7.65808 52.5836 68.6241 16.2694 12.399 7.06595 0.00640326 13.3268
5383.94 19.9428 15.5684 4.28615 5.94766 66.4582 14.8493 9.3776 16.6168 9.02493 0.0063306 9.70839
5387.27 14.265 17.4811 0.849683 28.5756 7.26513 41.7447 17.9463 11.1466 8.23649 0.220075 15.1744
5415.98 8.64614 16.427 2.23001 22.4613 9.96457 21.8901 19.1006 7.76407 9.50122 0.0857072 11.7367
5440.1 7.96626 16.8689 2.98614 18.1677 0.736839 20.8058 18.3601 4.48452 9.40975 0.154552 13.7625
5483.31 1.51936 10.8412 4.70252 7.21582 42.2297 18.2362 18.5452 18.664 1.29599 0.162182 10.9606
5477.38 7.62233 3.23675 12.6595 8.68962 23.0008 1.34728 56.4376 3.48912 10.8777 0.0071549 10.5202
5521.73 2.54238 7.50764 16.7854 7.60726 22.2558 5.47402 38.5969 0.986785 14.0679 0.137379 15.3067
5522.82 5.66119 1.14309 17.0342 4.70857 27.0673 27.034 11.5977 50.3809 16.0485 0.0818484 14.6196
5384.99 21.8594 1.91165 19.1943 5.25888 43.964 30.5062 25.0429 3.09263 0.542308 0.0990169 13.5397
5402.89 31.2484 0.968765 4.27012 2.69967 48.8942 22.4157 22.2185 7.5066 15.5118 0.0914332 12.5424
5427.16 23.7413 2.94704 6.71205 16.0375 18.7883 25.733 23.1252 25.3695 21.7812 0.124422 13.439
5448.7 15.2726 0.982309 24.1027 2.9118 22.1633 2.61623 32.9838 6.80696 11.9929 0.0860155 13.3934
5444.89 17.9967 11.8059 7.29156 8.01637 49.1535 52.4793 23.0709 5.90257 9.17444 0.0717659 14.9964
5465.04 6.16768 4.68727 15.3869 19.5822 37.5981 3.3732 38.3965 29.4051 16.179 0.0468731 12.9103
5406.5 22.0289 3.03499 9.45793 8.36341 29.2905 16.304 47.1764 10.303 5.06272 0.0760416 12.2056
5455.2 15.385 1.73938 10.5931 9.82266 17.3975 43.7535 27.5725 16.8873 1.8009 0.0271377 11.4531
5400.45 42.4106 1.25334 6.83072 16.4589 24.0056 3.61703 20.6739 21.5897 23.6298 0.181063 18.4343
5490.11 10.5694 6.32684 1.29974 7.96908 62.1791 16.997 44.8216 20.8665 15.1309 0.10535 13.7887
5446.65 10.3827 8.61511 8.86073 24.9551 42.3101 41.0651 17.1937 10.4818 3.71481 0.00919444 11.2389
5433.09 7.2173 10.618 9.35127 22.6332 43.1884 47.9784 16.1587 4.72754 32.7059 0.0494818 13.9522
5442.22 9.12118 5.32631 5.95873 10.7166 28.6678 17.0002 42.7945 1.56026 22.9788 0.405422 15.3451
5438.31 4.01625 3.36276 17.9692 5.71604 21.1193 23.5759 28.656 2.74597 58.4149 0.217797 18.0791
5407.52 21.336 5.66086 11.7116 9.53079 41.1889 34.1164 5.82673 18.5655 39.2098 0.342987 17.5703
5406.85 17.9736 2.80108 27.0472 12.9982 16.5043 45.5845 6.9954 30.8897 5.2493 0.0239228 14.6283
5446.95 18.2164 8.2489 7.93991 0.610674 37.5541 23.6384 20.1697 29.833 16.0947 0.134908 13.6255
5411.76 17.1151 12.7623 6.22311 24.7806 6.69398 44.4949 25.1456 51.1647 11.731 0.00617807 14.9114
5432.16 17.3092 10.9085 6.13938 19.28 32.3299 4.77628 15.4875 53.8787 25.548 0.0261351 13.9393
5382.34 14.6989 8.86147 18.7432 18.3941 47.3942 5.35187 20.7624 9.49171 53.6875 0.00244664 14.0663
5433.84 5.33892 13.8861 2.51986 10.9695 43.1394 59.4602 11.0223 7.7564 44.8954 0.0973471 15.1234
5505.77 5.40125 4.54053 12.4827 1.65459 61.6735 39.1846 17.5886 3.18676 14.2705 0.0693669 12.5515
5492.65 5.82517 1.21638 6.88756 2.4194 45.852 31.0269 4.39943 9.36088 21.7613 0.0676524 10.8737
5472.28 11.605 1.27649 7.83063 4.0377 56.3634 15.54 12.7045 2.39526 12.2973 0.0171082 8.29372
5516.38 1.78099 1.08762 11.0981 3.94063 20.8581 9.32084 6.45325 11.1144 13.1584 0.00261322 8.74106
5508.51 2.97192 1.96016 16.4062 4.7711 23.2034 6.08652 25.5961 12.7929 5.75462 0.0372669 9.66382
5525.91 5.51114 3.90461 7.0181 3.4105 22.5757 13.2721 24.4786 9.58218 17.6033 0.0720684 10.8206
5486.25 12.6369 1.99914 5.00141 9.11987 42.3508 8.79725 4.94421 28.0474 26.2613 0.00116621 8.35533
5451.94 7.78082 11.881 1.53249 13.2951 49.1992 44.5818 1.75682 22.5159 5.06251 0.07251 11.5893
5502.95 0.82635 10.1717 4.49453 4.30054 49.354 33.3333 6.1384 17.2451 31.5599 0.0091167 10.322
5489.8 1.10949 11.8154 3.94927 7.16556 39.2265 30.4401 3.14996 8.44421 43.4009 0.017186 10.9886
5449.31 4.09509 12.8659 10.5055 11.7758 24.5378 4.26934 5.78326 60.4446 34.8418 0.00167157 12.4489
5402.51 4.16107 22.483 7.38666 5.01377 31.4651 2.86674 15.3118 6.14435 15.928 0.00889654 10.6972
5470.54 2.26193 18.5201 1.16314 13.821 41.5361 6.26122 30.3816 12.9988 5.31981 0.0137862 9.1471
5502.13 6.27789 10.6974 2.52375 5.2831 48.6876 12.9565 13.0794 1.98293 18.5851 0.00383213 7.87741
5412.91 4.2577 31.2962 1.04901 5.20191 30.0617 20.1965 18.1278 36.0483 23.2296 0.00136379 12.731
5438.73 13.3904 11.9279 1.65371 9.3292 34.3414 0.695787 18.4624 36.0483 15.5178 0.133642 13.2378
5391.27 21.3839 6.55786 12.4696 9.23686 48.6396 2.97281 44.6107 12.4559 37.0255 0.0953397 14.7932
5464.71 12.6683 2.4184 15.9846 0.369835 44.8481 17.9756 38.2469 1.15016 13.9378 0.00183732 10.4638
5454.18 8.74857 3.59633 11.7309 7.55995 26.6843 4.87606 37.8312 21.1603 8.42621 0.0018095 9.46788
5453.58 19.393 4.28579 13.2675 4.07679 52.0251 9.68693 31.3811 2.20379 1.76825 0.180945 14.524
5385.72 14.8864 4.28579 22.8554 3.59454 69.515 5.16847 17.3963 10.757 0.609139 0.121892 14.691
5433.81 17.617 3.43513 13.0228 5.09982 63.4441 14.9197 18.5391 4.22874 9.92511 0.100146 11.5123
