86.0277 16.8148 17.4593 2.57496 4.20873 10.6822 16.7074 8.00211 7.44022 0.00529744 6.66535
57.8092 24.1286 12.1565 11.872 25.4508 12.0032 24.2285 9.02737 1.84139 0.00244002 5.83945
50.7755 8.63821 14.7294 14.0196 32.842 15.4079 2.63572 12.5083 33.9907 0.00423667 7.35855
54.8424 7.24931 30.7417 15.0169 41.8125 32.9137 19.3606 9.27597 29.2214 0.00339662 11.1444
86.6504 28.2269 12.4737 20.71 30.4755 11.5986 14.8046 38.6056 12.7689 0.00936646 10.793
76.7418 28.7287 10.42 12.092 17.007 21.4206 24.6858 21.6052 6.59256 0.0233395 8.31179
68.1057 5.43417 10.9393 7.67492 12.8124 38.9132 54.651 12.3453 2.51304 0.100879 12.2478
90.6801 9.1933 37.0953 5.26774 20.2298 28.4711 22.9286 13.3248 3.89304 0.324509 12.785
29.0811 16.3578 23.1552 9.57436 28.899 2.63975 27.2021 8.93853 3.89304 0.219371 10.0814
38.6698 13.6771 26.3622 3.07104 32.5347 4.651 38.1887 22.9662 9.13718 0.122257 10.9577
-61.4065 18.3202 12.7355 18.5643 4.35608 16.7668 38.7389 9.15076 4.36194 0.0656187 13.2
16.7191 15.2098 7.08365 41.7765 30.5068 2.90566 10.724 37.9726 3.52079 0.0174391 9.26873
-63.9413 39.8111 28.3314 5.35996 15.0595 14.4896 34.4608 28.7357 5.12064 0.0254019 10.7063
-73.2705 41.8043 40.3379 9.83024 10.3125 15.3354 27.0823 15.9252 10.3973 0.0345923 10.8081
-74.3131 44.1884 21.2855 15.1591 5.42936 9.77033 32.4501 24.618 18.0837 0.0354785 11.2571
64.0657 5.98055 31.1221 11.9778 19.7075 7.80915 10.1955 49.5001 24.8399 0.023785 10.1265
153.036 7.55777 24.7954 10.1248 25.5958 27.3684 2.92893 30.6824 27.8022 0.14251 13.0193
133.923 13.2128 24.4678 5.13575 22.2475 34.1687 10.8716 18.0863 30.8901 0.114715 12.1376
58.2859 5.65187 20.3288 20.3443 17.0109 37.1226 18.6417 12.0583 28.3877 0.0343499 9.16492
-31.2933 22.2848 23.6631 3.52984 53.9049 3.96317 0.269519 23.3262 5.55824 0.00446876 9.39028
59.0166 5.55756 17.2239 25.0017 17.2326 29.8028 0.520586 20.1185 14.2028 0.00500248 7.19689
-5.67137 9.30726 16.1799 27.7852 17.1209 30.9265 0.441833 10.7728 2.10803 0.00296805 7.206
37.0685 21.4066 14.6067 21.1128 15.962 22.0258 7.87224 5.12262 3.30578 0.0274814 6.1025
35.5348 6.55513 29.9613 32.0197 16.7843 6.45562 15.1438 18.8351 2.20952 0.0473885 8.05422
63.1364 3.45821 38.7542 9.12771 35.2631 14.0463 7.14321 13.8293 0.349347 0.0837128 9.60344
57.6341 6.08346 33.3765 17.7031 23.4396 34.1577 8.74129 13.2902 4.59952 0.126252 10.0938
115.48 7.9467 18.7111 1.02355 39.6927 14.7668 1.61804 9.7531 10.0176 0.106889 8.74129
42.2811 43.6895 23.9513 0.246821 16.4403 9.59907 15.8769 13.0046 9.16838 0.40097 14.4079
123.29 19.797 3.60207 5.62372 15.8725 27.6034 6.89857 5.2596 27.0114 0.0396871 8.14089
231.935 15.1333 3.32414 9.61848 9.85611 35.0213 3.56576 0.809202 18.1412 0.0386791 9.87547
222.491 7.71714 12.9281 9.35175 10.4476 4.08087 42.6182 13.4932 20.9127 0.0756686 10.6814
122.746 14.751 8.13343 16.8042 8.19735 4.57692 18.0758 10.5872 45.884 0.00190634 7.98879
107.707 10.1275 25.9357 6.77756 10.7326 8.74827 24.4885 1.55783 21.082 0.0030932 6.37641
38.1386 8.21377 38.2228 18.1972 21.7968 8.61038 2.075 18.6695 12.2914 0.00479257 6.67536
20.7729 18.6591 22.7008 13.8909 27.679 19.1231 5.09346 11.5031 10.923 0.0106429 6.17553
65.4623 14.5112 18.4732 17.5771 31.8398 8.66233 2.92081 16.3464 26.8134 0.000110068 5.96607
101.444 9.39328 14.8043 4.29081 26.4633 15.7892 7.82172 7.17792 26.5937 0.00423821 6.11293
230.576 8.74339 11.8683 7.88443 2.6421 10.2821 9.31601 35.071 2.71248 0.00834454 8.26446
16.2282 14.1588 26.2073 16.8921 27.1205 4.85907 15.3065 23.9667 6.47352 0.000472188 5.8713
183.088 14.9729 14.5832 14.2736 8.14113 4.60928 5.56812 52.031 12.0127 0.000472188 8.7681
105.38 0.813321 3.94918 8.98371 55.9913 4.39213 13.2679 20.4759 8.50236 0.000472188 7.53684
109.424 11.9867 25.3652 6.76311 5.62174 8.63725 6.33757 41.803 36.9028 0.0400641 11.1459
81.5996 27.4365 2.08237 3.24911 20.3433 30.2975 2.3545 10.5427 12.3804 0.116734 9.66577
120.588 6.79065 1.8868 45.6879 21.6668 2.05425 52.913 1.84998 17.2095 0.0319656 11.618
8.57676 4.1079 15.881 32.8418 35.9708 19.3764 38.1933 3.59492 14.7737 0.028121 10.3395
38.8694 7.0221 20.7835 25.9284 38.0425 5.69459 22.4685 1.09746 9.55044 0.0270625 7.97619
11.0938 24.6665 12.1754 16.737 37.7193 20.0443 5.32725 2.29328 8.33922 0.0726374 8.24089
128.719 25.0524 3.85623 6.01107 46.4313 14.9283 12.7596 3.63859 12.4688 0.206779 11.4303
43.9259 19.6789 18.1266 3.95789 29.1817 23.4212 14.0686 8.47146 4.43494 0.146448 8.82289
72.0081 27.2906 19.8399 6.4587 3.60955 26.0832 6.993 9.65822 8.58323 0.0132837 6.78031
106.31 5.79033 12.3329 19.3356 17.6588 23.1495 28.668 6.828 5.3478 0.0473996 7.16214
62.2793 8.36405 12.3238 49.1316 24.7841 18.0058 25.7027 4.93392 15.6399 0.0419912 10.6604
-45.9035 32.3655 6.45262 28.2023 4.03803 13.5684 37.6758 17.6173 14.3403 0.0622787 11.3608
-33.2696 19.1173 12.5143 15.2815 31.7098 21.2976 21.0592 23.4146 3.30905 0.0179286 9.08657
269.318 8.90683 1.17935 12.9992 10.4873 18.7733 20.031 4.97841 10.5961 0.0120964 8.29495
85.181 14.5847 24.2856 21.4891 13.8882 22.1995 8.83958 14.0397 29.1927 0.0124998 8.12514
91.2017 3.23792 35.5143 28.902 5.2265 20.1446 3.54135 42.1793 6.51315 0.00599185 9.2363
143.993 9.36296 17.358 22.4576 4.77573 24.296 0.572998 29.5556 1.72263 0.000293717 6.92896
85.5452 2.22626 24.4092 22.2778 2.40684 30.0251 0.572998 30.3663 1.72263 0.000293717 7.44061
190.512 7.16014 4.25801 8.61984 6.48457 35.8816 19.7997 19.0505 4.55226 0.0515231 8.32612
79.6565 14.0127 3.97543 15.605 19.5419 25.8181 9.83335 24.4529 12.2768 0.064579 8.4086
139.33 6.32784 4.80714 29.7752 25.8618 9.52156 24.9384 9.78629 18.3242 0.0791977 8.76609
85.6283 15.5182 10.0148 10.8601 28.25 24.2026 9.24214 5.96859 31.0326 0.0350177 7.95624
128.125 4.82305 17.8507 4.27716 7.18361 53.6712 3.40526 6.79819 43.2753 0.0557433 10.8874
33.0962 7.53196 8.38048 3.48486 37.1959 38.9433 13.3343 1.78799 24.3796 0.0260316 10.6521
103.368 9.21705 2.26158 17.8971 13.05 26.6401 12.4543 1.30526 29.9003 0.0731744 9.2929
130.148 9.21705 18.6413 9.89389 37.9328 17.9909 6.46364 25.617 15.7538 0.00347967 7.57339
57.6686 14.1043 9.80019 32.0295 16.2672 2.29979 3.9416 13.9616 40.3345 0.0122336 8.4561
35.3238 8.39953 27.5985 30.5104 7.76471 0.840312 17.7994 5.49809 18.0228 0.0483136 8.46061
38.5244 6.8818 24.5927 41.9653 3.20371 50.335 14.9305 33.4669 8.42461 0.00318161 11.2153
64.8982 4.04557 25.7982 12.7276 35.683 39.9697 15.2007 12.2252 36.348 0.00699769 10.6369
4.10324 27.9356 16.6213 18.8904 15.3995 18.1333 4.56824 24.4303 31.3202 0.00297045 8.01899
-0.580814 37.2423 20.6458 7.82175 22.5508 12.4633 12.7909 9.71917 19.0253 0.0278611 8.21653
92.7442 6.40043 11.6377 6.92558 66.9423 9.89944 6.10968 7.3666 30.0957 0.010338 9.22244
37.0785 11.5267 13.2939 32.2563 27.1637 13.1445 5.76055 2.8108 33.9028 0.0937849 9.44283
177.889 7.37798 2.82813 8.65554 38.6987 32.667 5.07632 4.94279 2.4555 0.326288 11.9197
24.9053 38.6438 7.49209 2.282 18.4337 18.5749 5.2065 5.8339 12.819 0.131759 9.76558
115.105 12.9809 36.5622 4.18361 6.1897 39.3186 14.4432 6.41216 16.7566 0.340626 13.4095
76.7575 18.5867 8.5576 7.5441 67.6507 2.54515 8.27515 10.8564 5.76813 0.424984 13.5977
159.881 16.6562 18.0782 7.41664 22.9293 31.7882 5.77099 20.9327 6.16743 0.082457 10.5679
174.118 5.74899 21.8611 0.369228 1.72633 6.76338 15.0611 13.9349 16.4792 0.0109616 8.76129
275.757 7.14207 8.61843 15.2291 11.0424 5.12857 36.7468 6.1997 8.61821 0.0110327 9.5711
9.79264 4.85435 10.8756 30.3007 40.0386 5.06456 28.9753 14.8695 9.11768 0.0538846 9.64697
-15.0453 5.81258 10.4268 40.5726 32.3512 21.3061 14.0872 8.86484 64.7457 0.0442987 13.6062
92.1763 0.792297 17.5759 15.9205 26.3541 20.526 3.57546 3.61928 39.9254 0.103868 10.2319
153.711 11.0442 17.3979 1.86096 21.6322 6.2607 2.76834 9.05311 17.2642 0.163475 9.15832
183.518 9.92869 3.97357 13.6962 33.2801 5.81159 8.32166 41.7019 18.2779 0.110338 11.0092
140.312 4.0373 10.9981 19.0401 23.8258 1.84175 4.53799 23.477 6.12597 0.088927 7.98673
110.503 9.74762 19.9358 26.6916 25.8207 4.01646 4.06559 6.21409 37.9389 0.228568 12.0064
85.1107 1.90412 30.7194 10.1807 10.3725 9.72361 5.47182 8.58119 18.308 0.316016 10.7399
148.187 5.04866 12.0956 20.9049 24.5274 13.5299 16.5226 10.4181 25.4335 0.223524 10.402
24.6654 10.7358 12.0665 18.6832 35.3558 26.3058 10.2757 20.8352 28.7008 0.197314 11.6806
161.036 3.93213 18.2238 12.0987 6.77239 4.43453 7.5539 2.48736 21.9128 0.0654205 7.75291
118.488 3.2148 3.89474 13.844 7.61371 30.0342 5.61231 18.8083 2.66593 0.277668 10.6223
168.558 7.61278 1.19404 23.7077 2.30349 4.89341 2.97043 2.45768 13.3095 0.0382707 7.95953
193.071 12.9833 1.45887 2.01665 6.75547 33.981 0.380521 12.4832 9.88044 0.0916025 10.1878
49.1024 19.3182 19.5232 31.6467 1.28126 18.4071 9.01502 12.161 17.0477 0.0209812 7.74701
65.8373 23.8825 7.81681 16.5541 14.0919 37.7458 8.5949 14.757 14.7156 0.00320167 6.65143
20.394 11.0914 8.85201 20.0203 23.7471 34.9772 30.0689 12.252 8.47886 0.0348329 9.21993
47.2361 10.9313 12.9473 14.5694 36.8829 20.7602 66.9974 3.67307 9.4461 0.0108775 11.0302
1.51185 12.8662 7.82323 29.8313 32.1902 9.61792 31.6473 18.3373 18.1949 0.00135875 8.15898
94.7591 15.8216 6.62881 36.2801 7.4692 3.64748 12.1609 28.9147 11.6912 0.00173439 6.68207
92.0119 13.9715 18.2513 34.2867 8.90071 28.035 4.49248 25.8953 15.1793 0.0601948 10.1169
91.0304 9.98076 19.4428 18.0292 20.1236 48.8593 5.52369 23.4063 16.7445 0.047509 10.481
91.8573 8.3218 20.5993 8.81884 25.6069 3.92021 27.334 44.1865 6.77044 0.0483558 9.85948
119.346 8.06637 25.271 9.97589 20.7406 17.0089 57.4861 6.90618 6.82344 0.0575275 10.5848
120.559 11.2675 14.3651 10.0203 31.5609 6.96652 4.31405 8.94667 19.5583 0.0883693 7.64649
-16.9107 32.3173 11.7389 18.1546 14.9402 18.5324 11.9405 10.4262 35.2553 0.000429276 7.28336
-31.246 11.8133 8.543 54.7497 5.10813 4.65004 52.4277 6.51486 20.3178 0.000571324 10.0736
110.983 37.6909 12.4401 6.54994 12.1388 8.7328 11.2892 5.39508 12.2143 0.000951491 7.10993
132.804 35.2399 1.97587 13.5211 18.3677 12.0961 7.43832 5.39508 12.6325 0.000291511 6.99624
109.085 35.2399 1.97587 12.9317 9.69426 11.8842 5.69713 9.13168 16.5674 0.000291511 6.34751
75.2797 20.6864 20.9842 16.8865 11.8346 13.4733 5.86357 9.13168 15.3386 0.000291511 4.78743
24.5355 20.6864 23.952 16.8865 11.8346 13.9285 8.18576 5.55559 10.1546 0.000291511 4.33983
60.3769 8.68022 16.9287 32.1007 4.49017 20.9579 30.8202 18.6702 12.1708 0.0513492 8.80907
100.813 12.7005 4.38042 41.9476 10.1979 11.2824 40.6379 17.8813 18.698 0.038559 10.0914
24.644 10.006 13.699 39.1439 2.13105 32.5279 42.6804 13.3856 37.1212 0.00964886 11.6449
-5.32788 2.48267 27.1501 30.2236 2.86325 34.6244 26.0422 8.2238 1.95506 0.0532651 9.94157
11.1455 12.2671 44.5477 6.32664 12.3662 6.42738 19.086 9.9286 7.3824 0.0808154 8.4232
51.0909 1.01635 41.4651 21.5241 6.16419 2.65188 23.1051 9.55163 9.68484 0.0745857 9.22412
56.6774 21.9307 46.6837 11.3693 3.87371 15.799 4.52839 14.198 17.4984 0.0336105 10.439
-8.46534 2.51162 27.2308 14.689 45.5034 11.3668 26.2432 13.8069 7.2788 0.0358555 9.5733
4.14264 12.1674 19.9766 14.5442 40.715 6.30517 18.7043 22.3392 7.30807 0.034383 8.38043
28.3449 46.3298 12.0923 2.50879 1.30092 49.5933 13.7206 2.24709 12.6218 0.145551 12.7328
26.4275 23.2122 4.39281 13.1042 19.1987 14.2959 4.47061 0.655034 4.60015 0.0457067 8.07836
34.7608 0.801413 17.31 33.1942 23.8187 3.12251 8.16006 4.43759 11.8459 0.0776289 8.53614
94.13 1.65853 6.28537 38.1052 17.013 23.1021 10.6815 4.16582 35.1659 0.0538153 9.28046
54.4762 0.896664 25.9961 21.6353 20.122 18.3886 26.2843 7.11169 46.0501 0.0898038 11.7433
2.60468 34.8286 23.3462 21.7844 6.32699 3.54753 3.72785 14.9634 18.2946 0.139814 10.5711
31.081 18.8503 25.7979 14.3099 16.0955 5.59777 2.49201 4.30633 13.3083 0.144013 8.59455
24.5143 33.4391 19.8847 7.46485 5.88821 5.87794 14.6433 1.53845 2.54002 0.0836701 8.91524
48.8863 28.0576 18.8142 10.4077 7.73179 2.97048 20.5667 5.12815 6.82754 0.137446 9.18215
115.641 15.2691 28.0522 19.5642 16.732 3.67512 2.86179 2.37194 4.74017 0.00391747 6.62237
2.84035 11.7832 44.6299 7.00901 6.52854 26.7529 27.4754 8.2623 4.82715 0.0159676 7.95607
40.8873 12.5947 3.46032 6.25317 27.7334 31.9948 3.0297 6.41888 30.0069 0.215135 12.3858
86.6865 13.2384 28.1496 29.5907 9.75334 2.56173 39.4357 25.7344 5.51278 0.0946975 11.9258
74.6963 14.1646 3.86507 13.8021 47.4136 9.12067 8.72739 2.12285 21.8041 0.0558684 8.37708
123.091 21.1976 0.970895 5.43151 15.0668 10.2666 22.109 20.7049 25.155 0.0127133 9.21431
103.191 4.98468 30.8375 9.05177 43.8988 5.00299 21.1943 20.9808 32.5081 0.0550926 11.6834
162.135 4.61491 8.49513 21.6346 36.7618 17.6437 16.3287 17.0526 36.8049 0.0280241 10.4933
42.8544 4.61491 12.5131 31.3779 24.0813 6.09867 27.0724 3.5903 52.1555 0.0140313 10.2968
173.173 14.7816 11.1099 11.641 17.9901 11.9681 16.0124 14.6885 16.1638 0.00699395 6.62499
97.1928 14.5858 19.8249 6.20992 18.5058 9.93308 8.82838 23.4991 11.5291 0.0232305 6.79569
98.99 10.8229 31.7087 6.04944 2.95074 2.00131 9.57752 8.65793 9.4721 0.014612 6.99776
23.8448 6.72532 36.0532 24.6093 13.8833 14.4377 6.59249 24.2892 1.72657 0.036209 7.95832
87.1066 30.1606 4.20171 47.2585 20.48 7.23793 2.82333 5.71751 4.716 0.0532482 11.6471
-33.6672 28.4172 24.8343 17.2981 4.11498 14.4698 2.25153 13.0826 15.5794 0.112641 10.0002
-30.5022 21.6832 11.7298 32.9537 32.6625 3.69317 7.00267 2.26993 8.72402 0.0360954 7.74849
42.215 19.1955 6.79128 29.0986 7.80378 4.14026 19.8925 12.987 18.738 0.00667479 7.07332
92.1416 7.08644 10.8976 26.1584 15.4829 8.78208 14.8502 6.44815 68.862 0.00667479 9.81258
78.4802 16.025 23.8867 7.4181 1.54552 11.8619 15.6214 43.4513 20.2249 0.220645 13.13
130.323 9.64452 19.5103 11.0911 21.6274 19.5406 9.51775 3.68667 1.5662 0.213732 8.90506
65.9558 12.3711 15.8343 5.47865 21.3843 21.8514 11.3531 14.3507 6.92082 0.0743024 7.5683
-39.4178 19.1245 35.1839 29.5346 7.05731 31.1007 11.883 39.5473 20.283 0.0586124 12.2867
-47.3334 23.9152 46.3288 15.1116 10.8453 26.8866 20.0076 20.4339 9.56924 0.00323277 9.0814
89.9714 4.56864 0.622423 12.6958 14.6381 18.379 10.4402 12.4962 8.31232 0.0726483 10.1675
184.615 17.1764 7.13994 15.88 20.002 12.4249 25.4841 5.90981 8.32499 0.0593776 8.88805
22.9336 24.5919 2.31044 25.0997 43.1272 4.61751 3.52976 1.0497 13.0153 0.0364684 8.52505
-29.3106 13.4331 25.2041 24.8961 5.27302 41.3381 2.25678 10.5951 8.73583 0.168641 10.448
24.5293 4.0539 56.6581 6.84822 15.5046 11.6796 12.7238 22.585 0.620448 0.00389269 8.15617
140.322 0.49801 13.8006 21.3334 6.93933 8.85833 0.325551 4.94608 7.44351 0.0183574 7.20974
96.6199 13.675 28.156 16.6608 18.0225 19.9303 20.3579 5.00871 5.30091 0.000393658 6.06063
61.1128 7.27582 10.2041 5.61672 9.13578 30.0628 64.6471 36.4084 10.5651 0.000393658 12.6203
50.6197 14.9546 21.2249 7.37167 30.4167 4.73652 26.0779 40.9885 3.54613 0.0771071 10.3969
80.3239 40.2654 12.5043 5.29128 12.6146 12.8442 3.13264 68.5073 7.64171 0.00143742 11.6747
105.654 22.8596 7.07709 8.50737 13.3935 5.92954 5.25001 24.9005 19.5839 0.00143742 6.76006
135.597 4.45979 10.1368 49.5726 13.4685 3.16252 6.39157 24.4677 39.3411 0.000121274 9.15788
-14.083 13.3557 15.9473 47.3392 11.1231 1.19957 3.69102 8.50268 39.6843 0.000121274 8.2182
-64.1925 20.1796 29.1397 28.8776 20.8448 1.57611 7.59171 16.2381 13.2788 0.000121274 6.75296
51.9223 42.9522 8.43357 23.4977 10.7145 4.17338 7.39049 11.4124 13.5018 0.00323321 7.8751
25.6533 12.9718 10.889 23.7103 33.2529 26.7463 7.39988 20.3422 16.1311 0.0349584 8.54767
-4.48776 36.3576 2.0514 28.3131 12.8099 20.3212 5.98494 13.5755 10.0396 0.180057 10.331
90.5356 2.21752 5.3744 42.9527 25.1675 2.45223 7.54983 5.15538 6.16536 0.0152002 6.45441
-53.0358 40.0091 5.93766 31.629 11.8454 7.44123 14.45 18.8512 15.5964 0.00365462 7.83536
42.5831 28.8251 17.725 4.60702 8.05896 1.96218 30.2879 20.1672 7.00659 0.141978 11.2558
27.2202 44.8389 6.15497 13.2409 9.26547 33.6777 7.09564 23.7623 10.3018 0.146441 11.2178
0.904221 25.8762 8.56582 7.64865 50.3177 5.37456 3.95716 23.0291 6.7913 0.0952516 9.82521
-7.54784 26.4607 8.81516 6.44083 28.8902 14.3446 16.5713 48.4059 29.0857 0.022491 12.2894
23.9585 28.0243 3.37823 10.2966 39.6785 35.7683 8.52912 43.6088 17.2767 0.0771044 12.9802
191.315 5.02482 8.93294 8.96481 7.31807 9.16009 16.1702 12.4175 4.49881 0.0422103 6.71299
11.8375 20.9925 10.9571 51.0279 3.3755 29.9283 11.5091 12.1509 4.53131 0.107367 10.381
72.4661 22.0891 15.6781 12.9986 19.4166 22.7986 2.78744 16.1525 3.93813 0.148689 8.74704
-4.63897 24.8741 35.1476 7.23588 7.11141 3.44534 5.73823 16.5274 31.1958 0.0188706 9.42747
112.374 12.4356 30.1627 2.57034 31.6722 9.79692 9.46342 2.42959 5.58332 0.00966597 6.65817
-13.0056 18.9734 33.1425 36.7763 7.51795 2.46776 48.97 33.7724 4.03033 0.100841 13.9473
60.3638 17.3601 2.22385 11.3307 26.0674 21.7497 15.2072 44.2823 10.7219 0.0921873 11.2484
25.5558 24.7175 11.776 4.55348 10.6166 40.5096 16.8912 11.3715 13.7177 0.0626021 9.37322
5.74933 50.9703 12.1741 3.86735 5.65327 20.8179 32.1574 11.3776 15.7543 0.0496804 11.0916
-14.4478 32.4448 3.12008 19.6473 14.687 39.8411 34.3887 8.20366 6.29907 0.0122917 9.47808
74.1069 1.63258 26.0916 21.4834 21.5628 33.9673 17.5914 2.83737 17.7084 0.00955118 8.04294
117.057 8.21004 16.0992 29.0772 5.95765 9.41456 7.73544 14.9857 7.3094 0.0292168 6.15489
-38.7787 25.9023 39.146 11.9004 8.0423 5.33325 9.1767 15.5832 26.1906 0.00323862 8.07205
27.2482 4.32145 40.9425 14.4428 7.29716 17.6329 34.0791 21.1603 20.5798 0.0185709 9.47477
89.8807 5.7087 43.7164 8.36707 3.60413 22.2538 19.3905 18.6528 12.4163 0.0315847 8.7397
47.2519 4.45432 14.8243 41.6934 13.5465 1.65294 6.38999 8.86724 15.5681 0.0379751 7.54146
17.2824 5.95796 28.2123 24.9203 14.3125 7.36181 24.3575 12.8084 21.4237 0.012524 7.67486
309.768 6.69852 12.683 31.4073 3.21021 10.6786 23.246 23.4077 22.6296 0.012524 16.9564
149.173 5.5715 16.6591 3.58017 14.5758 9.45751 22.0297 19.6854 17.8133 0.0816193 8.76247
171.77 13.4277 1.2217 15.1988 7.84456 13.0257 10.8567 0.606587 26.2413 0.202045 10.7811
17.4272 16.1337 15.8742 25.5332 8.24802 7.88553 24.2973 26.6176 2.15177 0.0450488 8.82244
-64.5845 23.3027 32.5135 28.6125 13.7264 19.9118 3.19304 6.60886 6.77867 0.140538 9.67125
141.505 29.2691 22.0331 4.02711 10.2242 5.5218 6.53504 10.9971 11.5126 0.0777208 9.95342
-45.7679 21.3846 24.7701 5.6244 47.6343 10.1828 3.66056 16.8595 3.92863 0.0139772 8.13185
59.0843 39.6483 14.8975 2.13902 28.2014 11.1183 7.29418 2.78113 24.5195 0.0419049 9.90525
-49.9395 47.4818 6.41304 2.67586 43.5258 21.3059 15.6954 3.4454 13.0261 0.140679 11.8533
-30.5378 32.8148 30.5966 2.71224 40.2674 11.0445 17.505 3.62152 8.31635 0.0213223 8.99695
94.604 12.5151 5.5476 19.1453 38.274 2.71412 5.0455 12.4941 28.9848 0.00471041 7.01599
108.722 17.9463 8.81811 18.8554 8.6334 21.086 8.42609 9.70507 8.18892 0.0439418 6.34468
94.6753 6.233 15.9291 24.1746 6.20856 27.2386 41.3824 45.0189 8.38284 0.0280349 11.0348
-0.976377 19.733 11.554 38.0798 14.5283 31.1355 19.7375 3.28824 8.35696 0.000330507 6.4998
4.8248 12.2968 6.33495 33.366 20.3783 5.80269 6.59917 2.60263 8.51896 0.226705 10.0968
128.526 10.7811 7.30116 14.9321 8.1713 41.5655 100.508 27.2624 2.2231 0.0100608 16.5916
131.216 2.93485 9.61301 10.0767 15.7825 3.83656 52.5399 2.76408 21.7523 0.00307268 8.76116
101.5 16.5684 19.4508 11.9157 12.6919 24.1013 4.3823 7.32173 48.1207 0.00729848 8.41107
193.946 15.2631 4.69291 12.4493 10.1288 21.257 3.6867 68.6053 25.6733 0.0525813 13.3001
37.0739 7.03745 5.59403 58.7599 12.9495 9.51577 15.3357 6.63889 6.99502 0.142914 9.35583
162.348 9.19272 27.073 19.6539 17.1902 10.3157 2.40452 12.6899 10.1264 0.0827511 9.74378
138.151 7.00364 5.90922 39.5149 22.4285 11.0953 1.83796 2.76266 30.3071 0.00432418 7.71107
52.7796 12.5334 2.56693 5.45504 15.5574 45.5538 9.73398 7.23413 56.1873 0.206549 15.1489
127.148 9.94344 6.78956 14.7767 29.897 25.4486 22.9434 18.9919 22.7468 0.0511804 9.38843
66.3489 2.8126 20.4134 2.54944 30.3562 30.8943 24.7001 11.9391 7.37013 0.288695 11.525
49.8739 22.3418 34.2093 1.2486 14.1231 51.9332 19.7884 20.7852 10.6417 0.116745 13.7463
142.582 6.21177 2.91418 36.4466 1.28566 10.8933 19.1026 4.69693 37.6789 0.115153 10.7346
177.141 2.80015 12.9016 20.8261 6.20563 33.0773 13.8747 13.4976 0.321056 0.023769 7.95375
160.516 15.3506 6.69053 11.9758 26.8497 4.94531 13.2327 2.35593 11.8395 0.00658132 5.76555
231.432 17.2177 5.98062 16.5671 15.23 20.8588 3.32464 7.1819 10.1035 0.00720664 8.71762
162.481 6.62861 43.7777 2.6767 8.24794 11.1169 14.855 26.929 19.9463 0.00600026 10.0712
149.833 6.65857 31.2717 6.33336 11.4602 2.19743 12.3753 11.7609 41.0241 0.00438205 8.48482
51.753 43.8015 15.7807 3.91485 3.46855 0.380623 31.9261 10.1865 13.3309 0.00408474 10.3946
26.1219 42.1176 3.68486 9.07279 9.73928 6.05621 16.2466 32.1834 9.9809 0.00393232 8.83228
67.3015 31.3651 4.31361 4.48937 8.59717 23.9827 30.091 12.2466 34.6566 0.00854572 9.96917
36.3278 24.8725 20.6449 5.51543 29.0338 7.82622 9.92511 14.4378 25.373 0.0900837 9.2821
-7.35866 2.6971 60.4926 5.03258 38.2998 11.7849 6.47064 25.7434 9.32485 0.100334 12.1674
10.338 0.763871 39.0192 17.0437 15.4849 8.99041 9.62813 8.02685 21.6991 0.094729 9.59491
44.3065 11.8568 15.8385 41.7002 6.94167 23.7009 4.14166 17.1823 4.60593 0.16837 9.49934
-33.007 16.2785 7.66159 35.5169 1.83962 29.3816 5.10545 13.7224 16.4229 0.0644097 10.6248
-53.2824 33.5538 7.32601 20.5646 4.06055 31.8999 13.264 2.58178 18.2633 0.0241 9.46557
-22.6676 29.2771 4.70166 16.4371 41.5546 23.3016 8.54512 1.45952 17.8999 0.0184461 8.77339
136.087 14.0956 4.85901 4.45904 25.9742 8.63506 5.56532 1.78265 14.0536 0.00611415 5.72792
21.2175 35.6227 13.3835 10.6789 2.06352 21.4248 5.28851 1.66146 33.0534 0.109795 11.1518
226.585 16.7736 1.41615 3.43576 23.4851 25.5885 9.82811 2.09605 27.2793 0.101408 11.4851
131.291 9.38603 8.41779 19.1867 16.1271 3.04588 20.8639 1.05804 6.3229 0.323687 10.2008
152.526 4.87278 8.36271 10.5388 43.2389 7.38179 27.8684 1.40165 5.27723 0.0251107 7.55569
154.011 2.79345 1.3082 25.1425 17.5659 31.7082 24.8972 2.6964 5.21783 0.00564121 7.0713
75.9837 11.8995 15.8247 25.2918 14.214 6.76209 35.6635 14.5051 19.9712 0.0284133 8.24075
68.5748 40.5452 9.57478 9.52699 8.53678 10.2865 23.5235 9.98595 17.2735 0.0712027 9.70488
24.6127 35.2087 6.27865 29.604 13.4517 21.0862 13.2658 7.42969 5.7827 0.236397 10.4467
0.808563 9.92738 17.9799 48.9257 12.9646 30.19 12.7907 2.29506 21.1339 0.25146 12.5073
-35.5786 7.76354 28.3611 28.1382 20.0473 8.76998 16.3443 3.43197 1.99349 0.0691812 8.48918
156.498 3.20768 0.155451 40.4916 16.4582 35.0391 6.59851 3.22862 5.85574 0.0288699 9.57141
62.571 1.25183 7.71185 48.3381 6.32783 32.4693 37.0401 2.05154 13.4904 0.0254314 10.2925
62.571 10.1221 8.75125 62.9455 6.32783 10.5903 33.7066 1.53567 8.08231 0.00390905 9.24236
89.3278 11.4746 3.34861 53.4948 11.708 8.2228 27.8931 35.3557 4.60419 0.0480073 11.0063
98.3886 11.4253 27.3985 9.01731 21.6907 7.74927 21.4154 25.7279 7.81591 0.554103 13.9104
31.7749 13.5113 25.845 20.4115 25.2041 6.23577 17.4486 8.38569 26.7815 0.0867508 9.04245
105.235 15.4664 11.8375 12.323 18.8867 14.3495 40.4912 2.84767 18.6141 0.0646705 8.96074
106.444 15.1026 9.52271 14.5637 15.1415 13.8936 3.76727 18.2469 17.156 0.0672079 7.5197
98.2818 3.87988 19.0281 26.7219 3.75853 14.4171 29.1784 3.18529 3.13772 0.0709254 7.82619
-17.1135 19.7937 50.7372 17.3303 0.626771 0.909064 48.5618 8.95456 40.0029 0.0460083 15.1808
-55.6763 6.7149 43.0854 33.6192 21.5684 9.20536 28.0969 8.46555 27.2127 0.107496 12.2433
-2.93696 9.09435 42.6765 34.2427 13.1517 20.7696 22.714 3.50709 4.31951 0.0724374 10.7011
-12.4326 27.6076 25.8939 16.0362 22.9582 18.4271 8.94757 1.9742 35.9122 0.120908 10.9695
5.38624 10.875 34.4455 9.53776 8.83373 29.0924 6.39447 1.56721 1.6118 0.00469854 6.32726
28.0448 3.95315 46.2278 13.5095 13.075 36.4173 24.4503 7.73369 4.6927 0.0208499 9.03467
-39.0309 7.52009 34.0017 8.18977 9.69132 40.5974 5.89289 4.41612 11.9262 0.0123778 8.77891
-74.847 2.48877 55.7107 37.9199 2.77194 22.7528 7.29341 10.6233 12.8537 0.00912449 10.0141
-0.254738 3.18406 32.9106 48.9284 4.50257 1.41013 23.086 9.89812 9.96962 0.0141265 9.06216
14.1564 27.9835 8.24142 28.3247 14.7254 3.22676 2.66373 16.0101 10.9949 0.0476724 7.99015
-35.595 5.37576 29.4698 56.2558 1.93547 27.8031 4.80053 13.1759 4.26462 0.0341711 10.0898
64.3273 5.74825 27.6716 12.1068 5.74124 11.4113 6.50146 14.2289 17.7384 0.0834195 8.41777
67.2709 9.60133 24.1846 18.4981 8.84022 25.2936 20.6566 23.4994 16.2557 0.112112 9.53263
155.509 5.21471 12.581 22.8918 3.38439 9.51866 17.6628 26.4523 6.49877 0.0541417 7.93331
25.0425 13.7346 26.3728 5.22414 2.36013 13.5541 12.4883 18.0498 3.24756 0.00393163 7.82997
102.989 18.2609 27.5892 12.3165 11.9387 22.767 3.23441 14.5635 16.6113 0.00501532 7.25294
207.568 0.876865 16.675 11.0569 2.96741 1.54379 39.5821 2.86333 5.11683 0.00418743 8.05278
100.929 3.55052 6.91376 12.4256 51.756 13.0768 26.8824 24.7236 11.0785 0.00814703 8.7862
130.229 6.52839 4.54353 13.9825 23.2571 20.2013 21.0529 5.6034 23.1684 0.0365973 7.55179
25.2068 4.59485 17.7989 14.7225 47.9716 25.9902 4.83292 17.2381 20.9593 0.0163878 9.16123
69.1146 2.64113 44.8914 8.56754 34.4249 26.0136 4.93657 2.23451 23.3155 0.00255483 9.20389
1.1123 2.64113 53.3731 3.04786 32.5469 26.0136 4.08116 14.0929 11.9966 0.00687758 8.81973
23.7432 35.7991 25.2668 6.12531 22.4255 2.60838 14.264 18.4532 23.8216 0.00915245 9.18827
105.692 19.9388 9.39995 13.3029 13.9388 33.147 19.4922 3.55935 37.2653 0.00974821 8.70767
170.033 10.4765 12.8564 10.824 17.2618 36.9855 9.08997 10.6835 6.51102 0.0237385 7.36449
117.945 8.7661 16.115 9.22612 13.9888 37.71 26.2387 11.1443 8.99353 0.0129951 7.20027
71.4333 10.9305 2.74217 27.6258 21.1562 10.7879 5.42538 5.03025 11.5304 0.0246765 6.22946
88.3952 8.53314 20.1569 6.54192 27.9445 5.16133 10.246 2.63302 21.7108 0.0206133 6.59751
176.442 3.3429 11.6188 34.4617 4.41271 6.76048 30.7291 1.28908 11.7549 0.0928864 9.57631
103.989 5.52162 9.07091 2.8851 13.6387 11.7203 33.1568 5.31712 10.0095 0.0583046 9.63944
93.7773 16.1931 21.1648 3.25319 23.9025 17.635 15.3112 15.814 6.46998 0.0132089 6.509
65.5748 25.3486 19.1314 2.23482 15.0992 0.510261 16.8551 9.60911 12.9976 0.000427344 6.88496
195.469 19.8929 1.14608 16.6789 7.88603 10.0407 2.86783 26.2572 12.5865 0.000427344 7.37739
120.868 17.2343 7.74672 23.087 11.1828 9.09124 5.19895 7.60986 6.18559 0.000427344 3.98275
148.128 23.2003 7.74672 22.2413 11.0443 6.68732 4.40846 4.92184 2.3764 0.000427344 5.43916
115.423 6.02688 17.5405 36.5614 11.0134 8.62822 14.8614 10.8997 27.3737 0.0674555 8.97647
-27.4656 28.4924 13.3105 26.7737 6.77096 24.731 5.82107 30.1163 9.78675 0.23995 11.9063
-37.7515 18.8149 3.41172 45.8999 6.7193 25.0262 26.9351 25.7601 14.3635 0.0827702 11.9216
-9.95305 17.1834 4.74812 54.3527 19.4431 28.8419 16.7153 26.7893 11.5552 0.0926543 12.2918
-71.5267 3.04339 16.6643 66.8285 15.5707 11.9024 24.2089 9.79313 6.74501 0.000251397 9.23803
-15.7637 19.7672 1.81118 64.243 17.9866 3.9319 31.6256 8.65259 10.7467 0.00262818 9.62312
48.9406 31.5292 1.81118 26.9911 6.86985 30.0056 20.9215 8.65259 10.8933 0.00262818 7.38155
53.9753 10.918 7.40155 34.7612 18.1833 8.18939 7.3528 9.22317 5.51427 0.0109138 5.36019
53.4089 0.942798 25.3744 3.22351 37.6791 21.2812 28.5211 10.8506 6.02077 0.0354251 9.34392
58.1124 5.67067 40.3014 2.61064 1.77713 40.2141 37.6424 27.7906 17.2326 0.00376428 11.0576
138.155 1.82368 39.3858 6.97921 9.95696 12.1958 42.7614 16.6417 25.84 0.0357181 11.2284
-12.7661 11.4557 45.4459 6.55765 30.8529 6.59075 23.7318 10.6003 13.1946 0.00824269 7.85417
58.8616 3.42402 47.3326 4.75728 27.1698 13.3002 4.06261 26.7803 29.4527 0.00391863 9.13965
73.1932 18.3276 14.5663 15.3385 34.2091 6.60668 19.5767 23.3835 6.69744 0.0104118 7.22185
135.202 13.5747 3.775 17.4572 38.2915 2.45534 34.4458 46.7506 46.5583 0.00116245 12.9673
131.02 18.8192 2.1039 20.8285 26.3023 52.425 12.5718 30.1215 33.2507 0.00222118 13.5308
-45.6396 15.1562 31.1409 11.0537 29.1806 16.7594 9.87595 26.2131 51.5563 0.00222118 10.9039
99.4477 4.94517 13.3644 36.1748 9.34641 8.92062 11.2337 13.1958 36.2397 9.27197e-05 6.20238
9.80979 30.108 2.82557 26.6643 1.36502 8.85666 13.7351 2.39658 16.1085 0.00109403 7.43503
1.02883 12.5266 8.1959 31.7278 48.7497 21.03 17.3422 22.9443 11.0063 0.00147871 9.22604
20.8009 12.6915 16.0608 35.9082 24.3645 5.06748 13.9842 10.1452 9.35612 0.000993614 5.4172
4.59491 21.9176 15.5954 35.7444 31.5068 12.3977 11.6025 10.6471 5.91165 0.00193851 7.0085
35.5961 18.8851 19.5685 14.4953 14.622 18.6848 13.7189 40.5573 12.9015 0.00150191 7.45892
36.35 34.6567 17.7034 11.6705 11.2118 7.9515 12.3609 22.6531 21.3909 0.0879646 9.91643
-4.17465 23.3542 16.7179 9.79541 38.0881 16.2808 2.83987 8.99441 5.22372 0.0757147 8.06984
-58.1196 25.0212 6.40702 33.3408 44.5257 11.0912 2.19774 7.34913 4.08027 0.0678108 9.63322
-67.2098 0.592375 7.29744 43.7069 54.9504 13.046 20.3445 4.11102 7.82686 0.0960257 14.1584
-35.4669 1.97526 30.9182 54.7712 21.0486 7.40806 15.5303 20.7719 12.0893 0.277506 13.9642
97.3792 3.99103 10.3926 17.0672 19.9154 9.28739 8.65105 12.9191 10.637 0.070629 7.12413
195.373 1.63157 4.15558 35.706 34.1961 56.2189 13.5173 13.0127 1.43219 0.0520376 18.4365
5.57924 10.0853 24.9909 23.8545 10.7391 20.8684 34.3758 9.19131 2.39887 0.109364 9.44573
191.821 2.57438 1.9151 34.2685 23.4489 10.2348 16.6213 11.3954 6.22195 0.016694 7.56621
20.7495 17.6943 9.55044 36.1386 38.2654 0.657879 15.4116 19.3109 8.45805 0.000141771 7.39394
2.48561 21.015 34.1119 14.6053 13.996 24.5249 2.61051 16.1455 0.914093 0.0236806 7.98004
-67.0891 31.7334 30.9423 2.98027 19.1953 19.7963 11.9488 11.4931 0.884484 0.0152201 8.42984
10.2316 11.1405 30.6601 41.934 12.1343 17.2326 12.3263 5.58895 3.63847 0.0558581 8.85697
-10.1017 19.0045 32.3592 13.0424 13.8766 12.7435 32.8745 3.2282 22.157 0.0907023 9.95854
42.0933 13.795 39.8482 25.0333 9.71658 13.7131 33.4873 5.23474 8.72157 0.0635719 10.4093
-30.1879 27.1263 2.859 28.9493 48.5944 2.78281 3.7122 19.9717 16.162 0.0303944 10.0793
6.34611 16.4766 22.8242 10.8082 56.4155 2.15414 7.82322 4.51882 2.70903 0.0216768 8.02423
0.046288 22.5625 4.16423 8.71727 33.3835 28.655 0.831754 4.43979 0.602098 0.0580738 9.97086
-13.727 32.7845 8.96067 1.2045 33.7054 29.0615 16.0521 28.6299 6.69584 0.00827052 9.77744
227.984 15.2691 1.38577 9.36886 20.571 4.80651 13.6339 12.1047 6.69927 0.0195037 7.75334
20.627 39.6907 6.42794 10.5783 13.8211 9.06888 13.929 5.89876 6.79266 0.0243406 7.12038
17.2383 25.0881 14.1915 11.055 33.0088 23.0286 19.2862 2.74726 41.8855 0.174994 12.4074
65.8213 28.8649 8.85928 15.1161 15.7452 30.2274 8.4852 20.0606 19.117 0.0527217 9.0337
87.0083 2.22498 9.12724 7.32401 41.289 29.8803 15.3763 11.9715 33.1949 0.249975 12.4825
142.098 16.9373 8.80274 4.43798 11.9781 53.6572 11.9297 10.332 34.9645 0.174319 12.6139
-33.12 14.9029 3.31448 52.9748 14.7923 38.2071 51.0094 16.887 2.31462 0.0287186 13.8699
-37.5483 56.1014 5.71947 31.8557 8.46297 11.8153 23.5544 17.4024 10.1552 0.202169 12.9067
-6.62918 24.2791 30.2163 5.93261 6.18985 26.1792 32.1857 22.7817 12.9027 0.167647 11.9701
5.41688 15.4728 13.9832 28.3551 11.7616 28.8217 14.794 14.6453 24.5948 0.353404 12.3628
227.45 14.1438 3.72647 4.5114 22.805 24.6427 3.91655 5.1853 48.796 0.15297 13.0129
172.055 6.99732 12.7411 3.2261 28.5765 26.6239 3.91655 16.7513 20.8497 0.114014 9.5328
127.654 6.1054 18.3446 3.80299 24.208 43.4554 4.03507 2.69907 11.0809 0.0261507 7.60903
130.722 21.755 5.6066 13.9614 42.5547 3.91866 3.65547 18.8811 9.76661 0.0670583 9.43336
140.931 10.8846 14.9681 8.79061 14.0033 11.7852 10.1889 7.50666 24.1972 0.102477 7.94183
33.9983 31.231 12.4026 15.9067 11.1904 15.3868 5.88267 6.5607 22.8545 0.0285379 7.36938
42.2816 2.59583 14.1786 25.5418 30.8391 8.32466 16.0588 21.9832 33.7494 0.0823415 10.6599
52.6841 13.0338 14.4114 8.36495 43.4855 7.054 11.1225 17.1605 3.73103 0.00693061 6.20636
81.2696 8.90349 13.6199 2.91009 85.9255 1.34942 3.03532 10.7076 4.99077 0.00169557 10.0743
104.097 3.96891 13.4725 21.5786 5.83525 12.3186 16.2908 8.35131 4.99077 0.00169557 4.82629
60.9272 3.89367 9.32316 24.9967 18.2702 31.7493 12.9202 11.095 5.616 0.00485977 6.13431
48.3755 26.9264 15.5334 13.2384 6.70289 25.3885 15.1822 15.5139 8.04576 0.00394252 6.21047
23.9193 26.9149 2.28951 23.0884 7.90162 10.1837 24.8932 7.24851 24.6174 0.00558445 8.13713
-45.6095 21.9543 35.7601 2.15997 20.2917 33.1103 2.14958 1.03956 11.0099 7.72654e-05 7.06222
40.936 2.45329 29.5278 4.5827 15.3658 35.4274 14.4091 3.39795 26.9721 0.00305199 8.09366
22.7086 17.0242 14.7164 15.9324 14.5964 42.0921 7.93893 3.39795 30.4674 0.00363618 7.66776
83.4969 26.8469 8.92362 2.18418 26.0545 15.0953 11.1718 29.0544 6.37777 0.00591053 7.45572
104.895 30.9457 6.21053 5.38949 17.5233 5.43286 18.5821 12.783 8.64184 0.00216657 6.36208
84.4127 12.093 11.6012 3.16018 17.7815 42.7451 65.6067 44.3287 39.8264 7.94919e-07 14.9579
104.989 8.06042 31.9406 0.98064 8.99873 43.1981 19.1131 21.7973 24.8084 0.0049328 9.75139
158.011 4.46565 17.2855 15.6554 9.23433 10.4319 18.2464 1.29239 9.63884 0.0349344 6.40283
116.505 22.2775 16.0677 9.76814 6.07306 3.72938 23.2713 6.86591 4.1612 0.00217583 5.9361
0.25205 6.49908 57.9307 8.1526 14.6558 25.1553 19.1046 4.25534 8.57241 0.00989783 8.31697
125.535 4.54067 29.5441 6.87917 10.0039 41.4517 2.2471 24.0306 10.798 0.0432918 8.9839
76.1554 2.89137 8.83189 18.7605 13.7683 13.2367 13.1881 22.3368 2.33107 0.0891295 9.12708
75.8912 3.01737 39.476 6.34772 5.67042 31.4804 10.2317 34.8023 29.0555 0.128443 12.1618
81.0705 10.1274 56.8409 7.64579 8.75853 8.87274 3.15188 28.0016 15.0886 0.161104 13.0647
68.2036 3.28685 8.62134 17.9569 13.3913 1.52346 6.11215 8.76651 34.8523 0.0967501 11.992
-11.4058 32.2908 18.9067 8.33075 12.6085 53.2912 14.4107 3.87554 18.4234 0.0254507 9.89786
92.4673 3.19788 18.9248 16.8239 4.94435 23.436 7.07802 16.2132 8.65595 0.0452082 7.15078
92.2558 28.7317 3.86097 11.5768 4.94726 15.8166 6.30481 12.7847 20.36 0.0974763 9.27603
0.419712 32.1627 28.3037 18.3877 6.91836 11.8134 1.58209 3.85207 12.7989 0.00801272 7.15305
34.2364 12.5735 46.6366 0.348009 13.8336 5.08638 17.8144 11.2603 16.1448 0.000362535 7.41916
124.552 2.29774 41.3466 22.9151 1.78462 12.4714 3.61132 4.22233 42.4301 0.00844248 10.3147
98.3168 2.16562 20.7923 35.221 10.4926 13.0225 6.88527 3.68868 31.6172 0.0152943 7.54494
131.507 19.169 1.45609 20.4667 16.0782 13.6661 5.27907 4.74775 2.37254 0.00263106 5.15649
-22.1363 14.8044 11.0789 47.6047 0.632773 12.1141 7.85437 6.6898 3.52366 0.023519 8.27471
-1.2749 18.7754 0.299482 54.3455 23.7053 5.36371 45.0676 7.65508 6.10154 0.0051401 10.7692
29.9622 37.0027 2.03831 17.3901 27.9027 7.74514 26.869 5.38746 1.9797 0.0232929 8.36809
73.6907 24.2568 6.14408 5.93085 29.3571 23.9674 22.5784 8.98141 3.23894 0.019413 7.38527
55.4496 35.333 0.885244 12.5504 16.125 35.319 20.5871 6.93724 3.61005 0.0536673 9.57626
69.2619 22.6867 10.4483 27.2935 12.1107 11.8662 17.0412 22.4272 3.74238 0.195661 9.81015
68.0263 11.126 5.65859 33.728 22.2397 8.42737 9.08688 10.8585 4.16345 0.000735769 4.47855
139.955 9.21391 0.744819 56.0528 14.243 3.18262 5.33587 13.7404 1.53299 0.013903 9.21155
110.753 11.1322 16.8684 16.2474 30.161 3.25614 15.2527 7.89611 8.35035 0.0361407 6.60551
23.6629 14.592 14.1144 15.9261 27.5765 11.1257 23.9481 18.9771 4.6425 0.00160591 6.20841
50.3365 18.0966 13.9316 24.8689 29.6109 8.73973 38.4242 0.325057 3.77001 0.00160591 7.92894
23.1323 26.1444 11.1218 31.3286 11.1122 19.2695 22.7587 19.3902 3.75358 0.0145477 7.72085
-12.7361 42.0146 20.8275 10.479 22.3947 12.1647 8.87491 2.123 2.22319 0.0254216 7.99341
-28.0501 31.6326 8.42894 49.0315 7.89637 14.688 5.20735 18.823 9.12741 0.0127318 8.28176
18.2872 5.02976 16.4953 7.27336 16.5732 52.2475 12.0233 6.11892 9.23463 0.0524758 10.0214
84.1091 4.88063 41.4671 3.01893 6.39143 15.5716 29.8681 5.88189 1.2435 0.450646 13.1435
139.924 5.04242 21.1247 18.1878 15.6563 24.704 15.4112 5.04339 2.96561 0.242622 9.90056
205.755 1.23205 13.4861 1.00384 9.96871 0.122694 16.004 7.83397 28.2702 0.448802 15.2411
57.8529 36.4539 16.8855 9.27181 26.5345 1.59498 1.502 7.13933 26.4394 0.29258 12.9205
30.9134 17.6347 15.7267 2.47329 27.6504 31.7531 24.3868 6.5142 23.275 0.515744 14.4507
-1.56368 44.1269 19.5655 8.02021 23.4618 25.2995 11.3393 6.22249 13.5645 0.0780222 10.3578
93.684 19.415 33.0272 1.94028 15.7078 10.8004 9.37071 44.9018 19.9861 0.0153161 10.5891
75.381 20.6497 15.8469 7.20703 17.0582 4.08762 8.987 23.177 13.7854 0.00604369 6.64345
121.895 33.1575 9.25619 4.63031 21.9172 16.5978 5.14043 6.7286 20.3824 0.00484018 7.85697
142.102 14.6102 5.57214 6.3618 11.7859 31.1226 16.703 20.4076 20.1253 0.00254491 7.06704
-24.4567 12.2741 16.7511 22.7495 28.291 29.0898 13.0969 17.3192 4.573 0.00159028 7.10517
75.9047 14.412 27.5907 10.9332 22.124 19.3903 5.19109 7.3029 16.1756 0.013035 6.3844
37.0435 34.8603 18.8009 11.274 6.93417 21.5874 32.2772 1.22047 17.6474 0.0211664 9.44059
180.533 8.15574 21.4036 5.17503 5.80409 12.4949 29.2926 9.79435 19.245 0.00657692 7.33561
60.1659 26.2253 19.3828 10.3445 40.3593 14.7778 23.0111 15.258 11.8382 0.115168 11.5806
50.3514 19.1373 4.6585 17.3528 20.0269 13.8706 21.1716 20.6982 14.6211 0.136179 9.71242
51.4034 17.5441 37.0508 14.2977 27.3804 6.94129 21.2813 33.0834 0.482453 0.199886 13.834
47.8818 22.7183 3.23224 40.9538 16.8181 39.9121 58.7521 51.8632 43.6943 0.187341 24.1014
62.7706 5.33663 25.5892 8.75237 32.921 2.06652 17.9047 54.7055 60.5919 0.0318165 14.8983
87.0424 1.72257 35.346 19.9085 19.6032 1.25961 4.19839 31.139 12.8148 0.0322035 9.2237
2.65905 23.7976 16.6458 12.1735 36.5565 5.75819 4.67959 16.8263 17.7899 0.0178257 7.516
15.9117 9.23865 37.7191 14.1999 11.9105 43.2356 6.29734 15.0509 43.8291 0.00816366 10.3062
40.0814 22.4208 15.6703 19.9492 5.51324 42.2389 14.6504 34.5624 0.107116 0.00825756 10.3039
39.6401 11.1637 12.0023 39.5567 9.60816 24.9917 7.16616 18.2043 10.9285 0.0115927 6.73282
97.5356 4.25574 1.52607 23.6469 11.3789 29.1382 6.46547 8.21104 34.9526 0.017274 8.86187
-55.6508 11.0868 10.2478 25.4507 26.635 16.7009 2.71774 29.5916 3.56965 0.0197715 11.0011
-23.0254 30.3037 21.2863 25.2395 12.5817 23.4553 3.85829 2.88942 14.4 0.0328848 7.88382
59.0211 5.73819 19.7721 33.9702 18.4855 24.4297 6.62424 10.3789 4.60909 0.0173454 6.52923
73.5463 1.90183 19.314 26.4742 14.682 37.5711 7.23167 7.80793 4.62424 0.00499317 6.14443
-18.1608 17.9338 17.7803 17.633 18.8396 27.1448 15.5056 7.40769 4.44224 0.00499317 6.34765
26.3613 37.8957 13.7801 10.3202 29.2889 4.24842 12.7484 7.44305 36.4699 0.0561224 10.3619
125.538 17.8348 11.0565 6.05421 27.6536 12.5681 6.03686 14.9745 15.7995 0.00449418 5.86238
108.196 18.0698 9.29842 13.9601 28.5153 3.62228 3.12251 5.75397 18.7846 0.018281 6.42777
117.312 14.41 6.69952 17.3128 45.2825 24.9606 2.70552 41.7705 31.945 0.0526684 13.5252
47.1206 4.58821 20.5585 12.8298 23.7319 6.50516 1.13323 24.1196 29.2854 0.11197 11.0004
61.2152 1.75711 26.5474 27.6064 23.2655 13.1608 7.38646 27.7289 31.1367 0.203322 12.1915
17.4351 36.1556 3.83238 18.5615 31.0776 55.828 17.8534 3.43601 6.53311 0.245189 15.4166
-3.1941 29.3103 31.5425 0.871713 13.1773 48.5932 6.56216 36.5389 10.0044 0.0148633 11.5873
139.613 14.6623 4.7434 15.6038 13.1059 30.4892 14.034 1.25561 23.236 0.355432 11.7284
125.357 14.1843 7.05636 10.7888 12.579 55.3489 13.3388 3.76618 16.6092 0.277735 11.8143
125.199 24.6139 5.88626 11.3748 14.8668 2.53922 4.38199 3.88935 22.2458 0.332937 11.5873
187.274 4.01655 10.5603 13.6279 15.6904 2.5301 6.17092 27.9075 21.2382 0.294265 11.4157
144.662 11.0843 5.19616 3.03775 17.9166 17.4885 5.58798 28.1633 14.6581 0.287038 11.1256
83.8057 15.4688 3.46504 14.5477 21.8642 7.17524 18.6594 18.4492 51.094 0.230474 13.2011
90.2276 14.6459 3.2481 43.5002 5.30613 40.1245 25.8999 27.2963 21.125 0.235629 15.1329
65.4355 28.554 18.4809 34.8143 18.0919 18.2701 5.43856 6.3953 2.26031 0.246618 13.0676
137.239 0.312404 4.37993 18.3268 34.525 28.2119 28.5527 18.7234 16.1344 0.0352021 10.6263
100.226 8.33093 3.98798 17.1177 27.3584 24.0957 40.8376 23.5174 21.5568 0.0309065 10.4408
171.276 3.66723 4.37958 13.8223 18.1893 15.9077 14.0446 23.5174 32.9789 0.0508641 9.16835
20.8252 14.4506 4.82699 30.5136 20.9177 30.9066 8.68095 6.00744 7.32494 0.0415067 7.50561
103.628 22.146 5.45877 9.9345 21.1142 4.43665 62.9641 9.21796 3.12074 0.0540146 10.4845
141.646 11.3541 23.4522 25.3402 4.80885 26.183 27.6911 5.7746 18.9642 0.0154765 9.83262
64.2036 4.86323 17.3776 27.0424 13.2709 24.585 10.1972 10.3113 27.4999 0.0241373 7.45593
2.36998 53.7956 13.3974 14.2954 23.5023 26.7702 3.8482 22.0177 7.2207 0.0972147 13.1164
54.8305 16.8752 19.4533 1.23727 0.775939 36.6126 4.09155 34.8962 13.749 0.0132398 10.864
71.1984 9.59819 15.1643 24.604 15.1844 4.35164 20.0968 5.99776 15.4092 0.00312701 5.38038
-40.0026 41.1359 11.6937 30.007 23.9961 21.4342 16.9835 16.8381 12.9443 0.0596973 10.8998
127.057 17.3595 6.48558 1.55469 6.26565 31.171 20.902 4.77714 0.95219 0.229826 10.8744
75.7082 10.1573 0.599758 19.0997 31.0935 42.9801 10.8732 5.99497 12.8951 0.000313926 7.41219
107.442 21.137 6.52253 23.4543 12.241 2.5232 21.7232 37.0303 21.7566 0.338025 13.4604
86.981 17.8429 10.1245 34.0266 4.69576 5.43331 11.1952 21.1533 9.71305 0.176772 9.56687
-24.4246 19.0593 31.3255 24.7207 14.4445 13.7724 5.39905 55.8582 37.5996 0.0964067 14.0539
-40.0961 2.79805 37.3797 9.88448 29.2102 31.3595 8.24163 27.5987 16.8602 0.120739 12.1678
-14.2513 17.7339 28.8899 22.4748 14.7252 22.1293 7.4535 2.49509 59.9159 0.00853869 10.2998
-16.2953 18.6894 16.9744 32.7884 19.2195 5.3375 4.20642 4.96856 55.5176 0.0129535 9.96713
90.0515 12.5969 13.2447 39.0384 16.4301 35.8313 8.59738 16.5565 20.3109 0.0367324 10.7919
82.9774 14.4232 15.2326 21.1091 24.6267 13.5564 29.4434 17.9757 11.8222 0.0203378 7.88305
128.673 12.6486 4.0877 12.0953 24.9224 25.74 26.629 19.614 9.47329 0.0287289 8.11619
143.827 2.65999 5.99221 3.15277 36.3924 20.5071 22.0291 15.3285 11.6941 0.0108576 7.57859
185.857 6.36818 5.31428 13.4343 49.9729 30.1612 1.06598 13.5857 17.0851 0.00296241 10.2659
137.071 6.73811 5.27593 23.614 17.9 31.3637 8.49159 14.0834 17.9991 0.00296241 6.09551
28.1685 7.05555 26.9988 32.8971 13.8078 6.89702 15.2654 30.5444 15.291 0.00279102 7.40833
-23.473 39.3515 5.69094 35.4624 19.7172 18.5326 17.8486 9.25536 15.1041 0.0300075 9.46964
18.2572 4.53543 8.64181 17.5933 36.2329 41.4879 3.76453 6.25153 14.6337 0.255129 11.6523
178.85 13.5213 1.23349 4.90456 16.7662 22.3898 8.33724 7.82494 14.2306 0.00830842 6.44243
77.6034 13.2626 5.13352 6.10682 9.62073 19.2793 18.8986 12.652 31.805 0.032467 10.3405
123.849 11.0129 30.8014 15.2196 12.3689 7.95158 33.5364 9.11325 24.3225 0.159845 11.656
40.8754 0.759478 19.1905 13.5002 46.7392 5.05926 18.519 6.57385 21.1778 0.394637 12.8884
20.6615 13.2205 24.4625 28.2923 31.7604 18.2938 14.3667 6.56849 1.82881 0.436352 13.1032
-34.4991 8.52275 44.8169 30.4389 8.84413 4.95859 21.9508 14.1648 8.21633 0.172262 10.8103
-73.7731 26.4827 21.5647 18.4757 41.0674 16.4698 15.6498 10.248 19.69 0.0315789 9.69881
-26.9662 33.1504 8.04066 26.1931 10.4081 20.0146 22.885 34.8603 4.41419 0.0664527 10.5555
-25.8061 6.54497 14.0809 63.8158 6.89847 25.189 20.672 44.631 5.59215 0.0253116 12.4483
83.5694 12.0149 4.7722 46.2933 16.2894 7.7026 0.760273 7.50326 35.6855 0.0886764 10.4493
143.976 9.02581 10.3306 20.5595 9.94168 1.77108 51.5678 24.6696 1.79481 0.0762817 10.7026
144.963 6.84962 15.0883 23.4294 2.61228 11.7121 18.5069 51.2903 20.2367 0.152663 12.3509
134.336 11.3974 23.1134 4.81113 30.8613 4.9272 16.899 0.592753 19.9096 0.0338795 8.44714
34.8838 2.00253 38.254 2.38473 36.2526 29.9581 18.0639 7.58135 2.5318 0.0335185 9.34388
-36.3209 5.93437 3.44985 46.9361 49.1614 5.13925 13.0651 12.8154 18.4952 0.0680758 11.9196
-29.1591 15.7749 36.1451 27.5102 24.4848 11.1934 9.93705 16.6184 5.64253 0.0164884 7.91217
96.8259 11.8975 12.8816 21.6028 2.41345 10.415 36.4854 20.2231 20.3935 0.0226453 8.93632
29.8746 4.78499 19.6814 37.3464 10.8766 14.2972 3.51449 18.1998 22.0292 0.00267952 6.76727
139.898 0.966316 15.0708 11.062 34.6937 15.69 8.61023 18.7114 21.7958 0.015459 7.6034
128.123 7.17131 12.504 4.95548 21.4489 31.0881 4.7454 11.9536 20.6686 0.0223225 7.03853
126.796 8.09925 15.4234 8.1156 33.8985 16.2194 18.4996 17.2664 4.16787 0.196381 9.53542
42.959 12.9217 22.4353 15.3232 8.86686 21.173 31.4605 34.2463 8.90031 0.00331711 8.10429
55.2839 6.25479 53.1934 10.443 1.9158 31.3255 16.8906 42.0814 6.08143 0.0507575 12.4449
98.6091 8.45141 14.6972 5.67155 21.8417 43.1437 15.0096 40.6603 8.75167 0.0421318 10.2522
91.9459 31.4486 12.9113 2.28972 33.1988 12.3426 16.5242 25.3656 8.36999 0.00107116 8.23585
183.661 1.58218 12.2198 15.5966 20.4234 4.28189 4.47017 21.1703 21.2593 0.00687647 6.77984
36.1039 14.2619 15.4373 13.1339 49.433 15.6746 5.6899 6.72102 40.5386 0.0412806 10.0653
101.203 7.53107 16.9527 4.26425 35.0325 4.38471 18.0572 18.564 4.44393 0.187653 9.31762
132.533 18.7828 12.9412 12.9832 14.3685 12.9894 9.20198 26.8068 13.6248 0.314743 11.1095
153.915 17.7506 4.23511 4.04187 26.1806 6.8463 27.4215 7.72988 39.9956 0.0483606 10.2327
87.8889 10.5068 19.8316 13.876 12.3774 4.95258 41.3466 22.3157 19.6287 0.100125 10.3494
87.3241 20.5775 21.0614 8.63615 37.9085 9.27489 3.89086 17.165 15.0816 0.0654182 9.19743
45.1555 25.3951 7.59377 10.9219 37.5047 20.9084 16.0753 9.80062 51.6387 0.0220372 10.8753
28.2818 31.5823 3.11512 25.322 13.417 28.9951 39.2626 10.6136 57.3332 0.0201719 13.5151
23.6559 23.2766 21.4558 10.1371 31.0243 25.7448 9.94212 33.0058 2.30025 0.0755589 10.2502
99.758 22.8179 10.3941 31.2083 30.0925 17.9358 4.43797 44.9427 4.55442 0.0454687 12.9695
72.8576 23.0414 23.2946 15.5485 26.8972 8.61049 10.892 21.5919 9.78609 0.116967 10.0158
69.7028 0.718203 40.1762 0.914919 15.6166 9.29664 10.6111 4.28272 7.15936 0.200763 10.4685
63.3795 0.807093 16.6112 22.2253 26.5103 9.83868 16.2002 11.1685 22.0387 0.360338 11.7357
-4.04532 14.4245 51.287 14.8649 14.0628 6.52551 4.68026 3.52704 5.38999 0.140641 9.53799
-1.02635 15.5107 24.2543 7.54998 6.57433 4.1115 46.7282 8.35445 14.6527 0.0422791 11.177
71.084 6.28539 16.4586 17.881 21.2702 41.38 24.9824 10.2709 13.8699 0.0166271 8.33621
-6.48714 17.9087 14.1237 21.6379 59.6197 36.7647 24.0681 4.88215 30.8867 0.0515748 16.0404
-15.5919 19.1563 9.75157 31.2153 18.103 31.4076 35.2625 0.589021 42.855 0.0263448 12.5029
-45.7743 21.9914 0.00887708 54.9399 21.6886 5.96565 25.1494 19.4732 17.0536 0.26424 16.3635
48.9798 28.7763 8.0362 9.50656 25.8967 8.57101 19.2153 12.4944 6.62145 0.0788639 8.05309
-17.6961 34.8551 8.32067 2.45159 32.8102 48.8959 5.27603 11.5146 7.56895 0.0834891 11.1787
256.219 6.10568 3.80394 10.6106 7.69785 22.5173 4.66955 11.3179 9.91066 0.0183094 6.98785
130.765 14.0545 6.83679 16.6309 34.2543 31.318 1.53203 26.3205 7.71806 0.0164939 9.09876
27.224 10.4735 16.0922 22.1014 36.1964 18.1771 4.98233 7.36352 14.7523 0.0394146 7.35857
102.394 13.1562 28.9493 14.2023 16.4926 2.14914 7.35427 2.71002 40.0659 0.0201383 8.85546
75.3593 12.0071 22.7299 10.8517 35.9153 10.5553 1.99373 13.2068 3.41553 0.00403145 5.64757
19.2402 15.3316 4.15745 42.5747 14.7451 12.587 21.2461 18.6293 1.55628 0.000283017 6.35954
19.2402 19.1169 6.38707 12.8332 19.7509 12.5778 44.4038 21.2862 6.60602 0.000334944 8.31037
10.7998 30.0811 14.0133 12.7168 23.7439 2.13177 11.6984 0.174865 23.887 0.000881494 7.60576
18.6633 19.0821 13.2559 7.50862 25.3818 12.1138 6.36528 0.0611914 18.3858 0.000710967 7.506
27.2339 13.5732 20.296 43.6251 10.9244 6.46108 5.06188 3.13901 2.6543 0.00113761 5.42619
27.2339 20.6263 24.5457 18.8908 20.0628 7.25359 10.9538 36.596 2.6543 0.00126878 7.04087
-48.1322 36.7437 25.9463 22.7149 4.65685 26.3093 7.78723 0.225369 22.4892 0.0095473 9.5427
-65.2895 3.36374 24.7123 35.9289 22.6022 22.4948 3.23872 9.71667 30.8304 0.0152394 10.6048
-67.9873 17.642 24.2739 13.6858 25.1244 14.8554 13.7046 15.6317 13.3226 0.0381162 9.45775
1.05186 12.6963 24.4561 6.79499 31.2215 17.6083 14.8527 18.1786 5.46363 0.249991 10.6247
8.59456 16.7021 24.4411 51.7001 5.55555 24.2554 0.722408 9.7637 26.0348 0.210559 13.9669
-6.11615 39.4377 24.5219 4.03763 16.2846 10.0026 20.862 10.856 12.3179 0.267217 11.7805
-37.1356 63.3812 24.7496 24.5402 13.3996 31.8035 15.7565 5.65469 27.6502 0.45739 19.3769
-70.8089 3.94777 22.1494 39.9852 9.47291 24.7584 57.8907 8.53143 9.40872 0.276862 15.3263
-38.3231 36.0592 17.1067 4.58397 19.8604 54.4393 40.4459 23.4385 22.0224 0.0290917 14.5664
83.3448 1.624 7.14209 34.1193 14.9302 29.6196 9.61127 20.946 3.2459 0.146308 9.45492
243.318 5.53564 2.84545 16.4288 7.09553 23.1318 3.30775 12.1199 19.3385 0.301871 11.5386
213.873 9.42996 10.2295 15.1439 6.46466 21.2037 14.586 2.7495 27.5505 0.128525 10.123
95.3947 9.85979 17.2331 19.3763 25.0758 9.38706 20.2546 25.1226 25.5093 0.0146427 8.11125
45.8211 14.1274 23.0954 14.394 24.3344 11.2612 17.359 0.456116 10.016 0.0164833 6.66187
98.0061 19.2874 17.3557 2.03104 23.0375 4.60053 29.9641 10.2698 4.81894 0.0841088 8.74499
70.001 32.008 15.6146 4.6197 10.31 10.7656 6.6654 9.03753 6.04562 0.205906 9.60347
132.766 6.95656 4.61716 21.4716 14.9891 11.7835 58.5768 26.7174 8.57416 0.365567 14.0618
115.498 20.9449 9.64348 16.0181 29.2089 5.10201 38.6533 81.6815 34.3434 0.243373 19.9311
30.3312 9.43003 24.0565 6.10373 36.5799 16.4074 35.7399 7.19675 3.72079 0.0158075 8.01916
93.7576 6.95414 24.3075 11.4368 6.64039 14.0733 18.8355 2.6098 5.5291 0.0261705 6.14199
84.1614 3.28241 22.9648 12.8756 9.61042 16.5296 9.24586 6.76992 4.59796 0.000193146 4.1319
131.148 4.17557 21.9112 27.9256 4.95681 26.2414 13.7106 7.16099 5.16854 0.0161348 6.66351
139.838 17.0527 10.2148 38.1346 0.277246 17.8734 35.8476 5.58568 4.16105 0.0178009 10.8335
7.16333 14.8011 19.5095 30.4249 8.21571 22.7286 17.7283 0.642185 15.3863 0.0047206 6.89068
-22.3987 24.9193 44.1018 4.91576 24.4559 29.7314 4.02843 0.9497 5.3137 0.146628 11.4198
-17.6708 20.1775 30.4706 10.8642 18.8021 22.3356 13.7675 1.95571 17.1225 0.0861755 8.86896
-19.3577 11.8521 9.19317 49.4363 11.8608 18.8507 7.98205 20.037 7.92436 0.0485618 8.69915
203.078 5.45859 3.97644 46.51 15.6593 1.75302 18.0876 26.3748 53.8424 0.00224252 13.6101
71.493 4.12499 12.352 46.51 17.5657 5.45262 16.7351 47.2653 50.8296 0.0565626 14.0655
50.5413 1.79523 1.37754 53.7809 22.4142 25.8433 18.5117 1.45373 35.7758 0.10106 13.1086
-58.1841 29.9927 9.39859 34.7171 34.1151 19.6556 44.947 25.2567 30.9828 0.00104595 13.0458
96.1657 26.3345 6.08072 26.2685 26.2112 1.6257 5.96522 10.4374 6.74076 0.0248482 7.79638
96.5284 7.94893 20.4049 25.2137 21.6807 11.1788 16.7649 16.3536 12.337 0.0376238 7.41959
91.2309 19.1343 22.9841 23.8574 4.73731 23.3475 19.796 20.7727 9.65708 0.000454647 7.37839
141.032 5.26458 10.846 13.2287 23.4353 15.0918 5.1761 21.8717 12.9301 0.250888 9.46698
167.728 2.73356 13.9576 28.1548 8.52145 20.3399 11.3095 10.1758 7.23315 0.353414 11.0901
57.6693 0.146743 29.9959 14.2458 8.15601 12.3707 9.24383 5.40529 26.4587 0.139659 10.9503
85.8524 0.28429 20.9403 40.6667 2.32572 10.2482 15.0371 30.7264 26.8867 0.300338 14.2454
94.0584 8.5209 19.7754 15.4408 2.27113 8.02586 18.9849 22.3849 24.1986 0.113512 10.2147
116.77 18.5779 22.8654 12.0338 8.38745 5.14691 11.1437 14.9769 20.3591 0.293853 11.0846
-17.2176 30.2845 19.3638 13.4818 11.2687 19.8244 48.7097 7.77843 19.4193 0.0450435 10.6111
-2.48684 29.3301 3.65809 32.8426 18.5729 7.45734 1.12575 18.7104 17.8199 0.0126369 8.15464
-2.82193 12.9455 43.972 12.4849 7.65149 20.9286 14.5132 15.8566 7.31636 0.00658737 6.8641
-7.93697 12.8007 48.6207 16.5488 26.4534 5.05182 13.9376 8.19869 12.6561 0.0274382 8.70543
26.9791 15.8933 2.71137 25.7941 9.85207 6.92335 40.4896 24.5651 1.83162 1.42257e-05 8.41002
-16.2779 3.1439 25.0256 48.1727 31.3881 10.3762 20.5285 17.8524 0.295242 1.42257e-05 9.09556
-67.5756 36.8167 14.6855 19.0056 20.5128 13.1631 15.8767 27.8086 3.23734 0.00531498 8.11893
52.7708 19.3159 8.61238 7.7221 10.7531 14.2205 22.1174 15.3411 8.90043 0.0918816 9.32911
56.4534 25.4064 27.9205 12.2666 12.7337 24.5171 22.6625 27.9753 24.547 0.0186335 10.7893
152.386 20.5948 6.90785 14.3468 13.7121 21.4544 7.32972 9.32492 25.0198 0.133344 9.53892
39.0014 0.944595 10.2154 13.8121 20.9555 41.7745 17.1051 17.6032 23.0858 0.456116 14.2472
170.986 13.834 7.45349 6.7112 6.45594 43.2794 2.73109 9.63531 55.5387 0.120619 12.6613
73.5898 17.1419 22.92 4.27488 5.77721 33.7029 9.75203 20.1407 30.8248 0.102748 10.5945
1.24692 9.79816 25.2751 27.5146 49.2184 16.2851 0.984521 61.0933 14.6292 0.00333521 13.2457
-8.49738 22.0304 4.68975 50.8599 24.5921 14.6462 6.54026 20.6489 11.4039 0.0501879 9.85497
163.406 7.77317 20.0914 19.8632 5.07064 5.29976 1.29994 13.1011 15.7684 0.0814676 8.49765
188.853 6.99322 5.85123 15.551 3.24335 2.55162 30.8229 11.1632 1.04155 0.00375443 7.11232
170.979 3.35713 26.4679 4.61627 31.3122 5.87252 12.1186 6.59251 1.90087 0.142775 9.29314
203.705 3.0554 9.19095 12.4038 37.6273 1.299 3.66468 6.85247 2.3348 0.0827462 8.34973
104.599 26.1681 9.00744 2.30334 35.9406 9.1619 2.2201 19.7721 1.58319 0.144949 10.0623
97.3612 22.1228 2.50398 18.8215 30.6791 27.8762 3.76946 17.1994 7.42427 0.0388442 8.57202
23.7833 43.108 11.3567 12.251 6.17162 35.8594 12.2208 2.79733 15.632 0.161659 10.9628
-32.5344 38.7529 17.3259 17.9555 25.8309 15.3148 29.6156 1.38054 11.0172 0.124848 11.0593
-19.75 26.0925 19.245 32.3 11.4457 13.9299 22.0614 20.3796 6.56992 0.0472718 8.81523
144.025 26.0472 2.60048 19.2563 7.69765 11.3453 30.562 10.1198 16.8668 0.20728 11.2672
36.349 15.0723 8.4441 51.4347 17.198 1.8176 15.6457 19.1903 16.7995 0.18245 11.3906
48.8835 22.2014 9.75201 33.6488 2.09102 10.1875 4.78494 33.6143 9.15344 0.0628837 9.3851
107.401 21.0276 8.06204 14.3009 4.47789 14.7576 33.0406 1.76368 6.2266 0.00423213 6.54608
39.885 17.6764 28.6314 14.6544 10.2775 8.48986 11.9447 16.6645 4.28339 0.0351476 6.86489
5.37851 17.0214 18.8806 5.35981 33.7284 32.3729 1.17983 26.5411 3.99374 0.0181341 8.97564
42.7053 9.13659 32.7699 15.6032 42.1519 12.0555 18.7692 10.4995 4.06292 0.228581 11.7072
12.6174 21.9004 36.3878 12.1552 40.6726 14.6558 6.29196 11.5857 4.58939 0.502618 14.5729
-13.137 33.8199 26.304 12.5666 25.6739 17.7288 20.015 11.0728 10.3845 0.0982335 10.1583
123.673 22.963 25.4956 12.1993 2.21772 13.1563 1.27381 10.5795 7.04606 0.167109 10.4687
88.7557 20.2505 22.9865 27.6845 2.78101 9.69421 1.86598 9.60326 7.90904 0.131764 9.48919
90.9821 8.60559 23.9649 22.326 14.237 19.6553 1.78211 17.1631 0.973594 0.121038 8.82144
116.402 9.81843 13.0188 5.38992 8.91564 36 6.68087 18.9939 5.80925 0.0267747 7.05407
75.1517 19.9802 16.102 6.32995 5.33004 32.0725 6.47591 7.57055 5.72401 0.0663688 7.46099
121.568 11.613 17.8884 7.28705 7.40576 51.112 5.09787 9.14757 3.97092 0.0731561 8.38776
-4.91049 8.77969 35.2611 15.3028 13.5541 8.80783 29.014 17.4002 32.8433 0.0258423 9.97185
146.738 9.72875 25.0981 6.63266 1.87866 6.15024 39.392 6.79867 6.20519 0.00695375 7.55407
150.068 8.2485 27.1527 13.3034 14.336 10.4221 31.5177 3.08203 7.17403 0.0137519 7.48483
127.798 8.2485 6.86113 5.70701 29.1295 25.9407 18.5666 5.58641 4.73475 0.0649891 7.39653
116.765 3.93915 6.86113 17.3516 29.058 2.00669 28.8141 20.8516 7.48626 0.0789814 8.90594
59.3161 9.46353 1.59339 37.2339 19.4271 7.16538 14.2523 6.24854 10.2118 0.0984558 8.20363
-35.992 15.5343 18.7812 36.5958 12.0388 11.1418 1.8651 4.0643 9.84395 0.147304 9.44579
-14.1096 7.05219 11.8498 25.3367 24.4362 24.4909 10.6877 6.63306 25.7226 0.0710659 10.1228
15.2162 35.1104 16.4563 15.9742 11.2518 26.8779 4.35099 5.94033 87.169 0.0429508 14.3918
7.02676 46.121 0.919435 29.0793 12.799 17.6754 20.4689 11.5316 50.4285 0.00565358 12.2739
-19.2296 13.667 33.625 11.9517 9.82599 49.5706 6.78225 8.85034 17.3685 0.00521071 8.02681
3.81385 31.3942 10.2655 27.8501 15.8367 41.0522 3.35349 11.1784 42.9527 0.0231893 11.437
-8.28652 31.2333 24.3407 38.6036 5.8867 32.705 5.21049 8.64464 10.0678 0.155956 12.4498
36.7552 13.294 18.0021 18.8112 24.1451 24.1475 12.7964 13.6828 7.36932 0.0488213 7.24966
58.46 46.562 15.1977 19.6816 13.6784 9.97479 20.6467 4.20223 25.0985 0.0727869 13.0718
35.1416 17.7027 19.0785 13.4662 3.73367 6.46917 15.4352 9.2383 4.24442 0.0717367 8.35907
-42.3655 24.9071 8.42621 26.4348 27.1343 11.1655 21.491 4.79939 9.34342 0.22115 10.8536
91.7153 13.9375 0.582667 18.7576 39.0161 5.89119 13.8403 7.00435 6.73329 0.355666 11.2009
-2.78745 19.2452 17.2719 11.8709 28.6178 59.1509 12.8717 56.8194 8.59651 0.227201 17.1189
37.3995 22.2484 29.3513 3.65353 9.72769 29.7614 32.4208 40.4355 40.4736 0.057787 14.2251
31.2302 33.327 9.9363 3.37577 3.59551 4.46247 23.4316 10.0451 61.3755 0.0495513 14.4881
93.7248 22.371 1.27902 12.1426 24.3566 16.0262 0.638505 10.2281 89.3889 0.0771034 15.3564
116.865 31.6296 7.49962 9.78399 9.57762 16.1044 15.4699 7.39103 71.8632 0.00707189 11.9089
112.354 13.8619 27.7082 6.23056 29.3332 3.86641 20.5793 8.38219 2.44314 0.00707189 6.84328
94.1302 13.4276 13.6824 13.0346 13.6905 24.8082 22.9464 28.5107 22.2788 0.286977 11.9759
114.906 13.4276 5.06381 35.4695 14.7773 14.0366 15.0156 44.7319 2.88127 0.027592 9.44109
112.694 21.0869 17.305 3.79595 23.2024 17.0445 13.027 11.7995 14.0824 0.0196539 7.17476
-32.5546 15.3844 22.5892 20.7761 31.3808 4.4003 55.4133 12.0604 13.5009 0.0170314 10.5587
44.5493 32.3542 19.5745 11.4959 41.3159 2.08915 21.4564 32.5326 6.45639 0.0374339 11.938
-66.9969 37.3432 11.5866 2.60461 51.9734 14.0072 20.0793 25.989 24.4644 0.0396835 12.5233
34.7363 42.8998 3.04282 3.88136 50.7752 5.53467 16.9208 27.2054 12.5722 0.0495324 11.9202
-25.0179 30.7422 8.99016 34.1867 36.4661 27.2149 21.1599 10.6774 3.52148 0.00165058 9.80066
-32.3727 31.5774 10.3558 18.8504 9.20077 21.5397 7.97183 12.498 5.76529 0.000418646 5.84368
10.7072 28.8715 8.95134 4.19377 25.5662 15.4807 9.08204 12.2184 5.10061 0.000418646 5.72201
262.122 6.95666 2.51835 6.17212 5.2164 18.921 5.68556 11.6878 5.57748 0.00323015 6.29492
63.5683 21.7569 23.6457 6.37892 15.1316 11.2316 6.39451 27.974 2.9038 0.00533349 6.59667
88.8639 26.6056 1.39002 41.0149 5.84653 4.24735 3.24365 0.597425 12.2382 0.00477485 7.8937
120.711 12.6947 7.8625 16.2745 26.4577 14.6435 3.57415 9.20729 19.2606 0.00200035 5.12788
25.1937 28.1932 7.891 5.65145 23.8344 11.276 40.1657 1.03864 3.90654 0.0378463 9.26989
-23.7933 27.7736 10.5883 7.04602 23.278 11.6359 24.3512 14.9523 30.8614 0.0656077 11.4538
1.36328 4.46191 28.7955 38.3973 18.3554 3.7256 24.4724 31.8974 17.9168 0.0695199 11.1753
129.495 11.817 5.39474 9.03982 21.4717 3.82575 13.4079 19.1412 21.9535 0.058239 8.45771
111.893 2.43405 6.45628 13.4519 9.40214 16.3128 17.924 14.1358 5.37369 0.0337967 7.96688
145.446 4.45551 25.6714 13.6361 22.1896 20.2342 28.8738 3.06624 17.8515 0.100819 10.3738
89.525 1.84374 9.45649 10.6064 29.0014 36.4894 38.1445 5.64634 1.90147 0.0459355 10.0609
87.9365 20.0396 4.37499 24.7155 13.866 35.6425 6.55394 2.98057 4.96144 0.371461 11.1993
140.19 10.3674 5.2367 21.8421 18.2443 11.5592 32.2856 8.31821 10.0978 0.00226522 5.76567
131.502 19.4242 2.09551 27.1149 8.49398 47.3191 2.85047 2.2034 19.9298 0.358405 13.9042
39.9612 18.0978 27.054 29.4796 22.5945 20.1315 11.0603 7.6937 4.69029 0.068455 9.63499
24.5831 2.75308 18.1049 55.0756 6.08139 0.180015 2.49379 5.0563 106.56 0.104256 19.0134
127.144 2.88296 8.56223 17.3684 23.127 37.9564 10.6014 15.9618 47.0341 0.00625164 9.56845
93.6772 4.41147 17.3247 18.4875 27.9048 17.7215 19.0838 13.0794 0.67065 0.0204587 7.01445
-19.8574 44.1095 11.0088 13.8625 21.15 18.3229 47.2793 3.2053 10.5017 0.016175 10.31
76.1712 31.4909 17.5184 13.7067 14.5267 6.1218 12.4743 15.1148 37.026 0.100322 11.1025
93.0201 17.2275 11.4721 32.0714 8.12386 7.30403 15.2192 17.1468 10.6684 0.0513323 7.60504
78.952 26.9243 10.984 30.108 9.24913 5.76435 0.077351 20.6944 17.9421 0.00194994 8.80488
29.2469 37.9551 6.60382 23.8942 2.10791 8.35773 1.24467 11.9291 12.1714 0.00194994 7.16903
72.6378 6.02525 14.5907 22.4593 19.5597 10.7991 13.8516 20.3764 7.86749 0.0322548 6.67954
12.9672 3.54853 20.4345 17.2845 25.6516 38.6703 6.52791 0.616053 19.0205 0.392685 13.0209
58.739 21.982 15.3104 15.9806 26.0917 7.51224 39.4322 11.0781 1.01127 0.0485784 9.13607
136.706 2.91839 24.5746 27.7708 12.1973 24.8276 38.2571 1.88086 2.38939 0.000124621 8.21313
136.047 13.6497 20.5913 36.3933 6.56817 6.19161 44.9875 8.64158 5.90271 0.00293052 10.2363
35.1145 8.83232 18.9459 13.4996 15.8939 11.9115 25.3342 21.2753 19.0607 0.0501803 9.22942
35.1145 12.9652 36.4083 14.3843 6.91842 12.8179 52.1896 38.6942 18.3635 0.0154053 11.8422
77.0332 11.6888 15.6785 25.1861 14.2555 20.0907 5.60462 16.6451 10.3232 0.0445541 6.73998
178.991 11.7983 10.1505 24.3139 3.61606 1.86946 8.78019 24.1069 14.464 0.106224 9.78428
109.62 14.3535 10.0938 16.5218 5.28395 19.4663 31.9692 1.44472 31.8274 0.0245138 8.89012
116.699 27.6522 6.85616 5.18197 19.8005 23.5312 2.80524 1.58826 2.48831 0.0027494 6.17768
36.7818 18.3334 18.1563 11.363 29.0154 11.8238 16.5101 28.8283 3.68751 0.21211 10.377
-5.05042 34.3427 5.96315 31.0662 13.5115 16.6546 8.1931 50.7118 4.74809 0.290791 13.7478
42.5024 43.6025 5.63964 20.7673 15.3505 15.0348 15.0203 31.8098 4.61622 0.0973911 11.243
136.911 21.9682 23.3858 19.8155 11.6872 2.36592 12.8399 1.53062 2.92227 0.180419 11.3694
54.879 3.82821 4.79975 34.6066 27.5148 5.37816 7.60317 14.369 17.1638 0.158567 9.52967
131.598 1.9946 1.67351 0.77022 39.4942 32.0991 62.4347 12.6599 23.2548 0.138005 16.3402
71.508 4.03438 16.8862 9.74018 18.4745 1.81656 8.90785 12.1305 0.958791 0.237692 10.9659
-3.52867 23.1752 24.6072 21.8766 5.92524 11.0052 15.8309 6.86257 23.1033 0.0752605 8.84615
174.695 8.48791 5.68207 6.84081 8.15344 12.8557 23.521 3.21403 4.50125 0.171795 8.7286
13.2712 21.4159 18.3585 22.966 29.214 9.48585 18.1807 19.4548 9.55787 0.131455 9.61192
29.6941 4.47384 20.0232 19.7348 26.6395 3.45331 4.11954 21.3519 13.9704 0.138763 9.71916
34.799 13.8212 16.9767 20.368 15.5243 33.3436 41.9315 11.9131 8.32653 0.0998081 10.5481
-9.21005 7.97428 35.6955 26.4506 35.4137 18.4815 7.44103 10.8337 8.57209 0.45163 13.7474
5.35782 27.5951 22.6734 8.16116 60.9318 8.36764 5.69453 4.06033 3.45248 0.04195 10.3467
-11.219 38.5827 16.8177 10.6081 24.7467 22.4553 11.1497 3.80871 11.3448 0.0233656 7.86633
35.0454 32.1318 16.7151 16.8377 8.42131 27.8558 1.96535 7.16272 5.25906 0.0214797 7.20869
-22.9134 15.572 16.0389 12.9626 21.0742 62.9116 2.12609 9.05697 10.3745 0.0224558 10.1435
107.239 8.91143 11.0659 30.3062 1.49181 16.2459 9.75596 1.94037 13.7639 0.023819 6.57155
96.7923 23.7135 20.5315 6.32333 19.3457 5.40526 19.7057 5.17687 8.8127 0.0253977 7.07911
91.0807 12.9526 2.63085 14.3722 24.2511 11.111 3.72937 20.0193 8.80121 0.0227323 6.99196
105.035 10.9965 7.46574 9.09986 19.0191 4.51424 7.73404 18.7986 0.569065 0.0464542 8.08846
85.732 8.24052 5.55832 3.68791 54.4522 12.5199 4.81828 6.00874 3.33385 0.0430014 7.7051
58.4997 34.0137 8.89112 41.2435 0.133118 8.60472 3.79868 39.6899 6.955 0.0563883 13.2013
-21.8689 30.7879 23.5494 5.03104 35.5173 12.3521 32.2955 25.4698 10.9121 0.0645911 11.1243
-58.2068 30.6303 18.9928 2.0982 42.4964 22.7157 18.5182 54.3478 13.5091 0.00602722 12.5793
199.605 0.0394534 19.27 6.86471 31.6351 11.1024 0.0234966 16.1156 22.0104 0.0157076 11.8233
52.8002 1.39426 32.6919 6.7157 9.78239 11.1024 1.11206 11.2393 36.6435 0.0142031 9.88555
100.696 7.07923 20.8343 62.078 11.5657 2.09515 2.81509 7.0283 28.7294 0.0022243 11.8823
99.7522 4.84413 11.0148 31.0365 14.0295 2.09657 23.7756 8.59061 10.5927 0.0022243 5.56488
-11.1095 10.2951 11.5392 26.962 20.7504 8.7845 5.07277 54.6108 9.37822 0.0657897 12.1212
77.3907 14.9149 47.392 1.13279 3.27777 35.2257 16.7091 12.4424 1.40753 0.00767901 9.95823
44.0223 14.5204 32.0017 1.13279 9.22006 68.5508 8.06626 13.6486 1.40753 0.00767901 10.3776
-52.1812 11.6291 18.5253 6.67974 48.0847 0.771629 10.5155 10.3969 13.8407 0.00657322 10.3766
44.943 2.51233 6.0121 60.6693 20.5296 9.84404 40.1929 2.04522 5.06241 0.0216837 10.4112
-30.3262 18.5752 17.8596 19.7756 33.1084 17.9888 2.65583 8.80439 52.769 0.0128608 10.4161
-40.9501 27.0858 15.4952 12.3324 58.6676 19.2887 3.33601 35.7396 37.6075 0.0128608 13.3305
156.371 4.47044 17.0586 25.4038 14.233 13.1756 4.64299 7.72817 12.5969 0.0661564 7.2024
-2.14972 1.10203 22.3063 52.7679 2.47793 11.5317 3.90215 1.17758 3.72525 0.00942927 8.16662
88.2672 8.93661 16.4585 22.4833 8.96152 35.3219 25.733 11.5627 11.352 0.000271031 5.99103
144.092 12.6295 20.4734 14.4587 12.5148 19.4681 7.28285 57.8839 18.4912 0.116914 12.6233
69.1232 1.79842 7.35686 39.2793 9.18166 17.6455 4.35813 0.649346 28.3764 0.000533287 7.03965
124.159 4.68181 1.08673 10.51 16.7394 31.5817 7.52983 25.3193 6.7113 0.0176956 8.36895
137.075 1.85305 12.0494 11.8278 20.71 9.62974 35.6244 33.1766 1.50621 0.0180099 8.93152
117.601 0.982892 4.07209 44.0595 19.4894 40.562 35.1642 20.9438 9.27127 0.073027 13.9248
10.7482 9.56751 12.9611 43.4975 26.9891 16.3747 47.1168 44.6908 2.05728 0.167044 15.7949
13.3565 27.8933 1.46846 2.18632 49.1797 12.5777 15.9529 4.45807 34.5903 0.242844 13.8833
-54.1041 19.3681 26.0581 52.6681 10.3045 11.1322 1.54452 3.44416 10.0133 0.242209 11.9306
-33.3847 33.6461 6.62746 4.14918 53.4479 7.13008 25.451 19.8026 2.00728 0.263882 13.514
142.189 19.8543 4.34174 8.82647 26.8851 4.88833 24.2786 3.43848 7.25043 0.347268 10.9114
141.179 11.8696 22.0599 14.2133 2.53222 15.7585 3.06155 11.0985 59.3733 0.528689 16.0215
33.5416 11.483 29.381 25.5373 8.26785 6.55916 9.63385 8.02927 15.8934 0.0206882 6.50937
41.475 1.98714 20.4735 35.5186 21.9228 23.8325 6.23549 37.6143 11.0778 0.0005936 8.00608
55.9264 10.043 36.4228 16.7457 13.7204 4.49246 40.076 2.31799 4.86404 0.00118162 6.88994
6.62776 24.7552 36.4228 18.9952 4.17193 3.5632 8.06947 14.0687 11.2643 0.00118162 6.74702
75.7657 25.5207 15.9763 1.89777 21.8089 17.6902 26.7476 9.57054 4.74565 0.00118162 6.44296
209.841 11.6456 7.25117 9.26089 8.61711 10.8069 23.0824 3.44162 11.7292 0.00604446 6.21092
27.758 20.9522 41.0801 11.1128 18.2863 6.40632 14.0211 24.0791 31.3498 0.00585225 9.70145
-42.7494 32.3918 17.612 1.40166 30.0754 3.61271 15.8954 7.38241 5.47288 0.00850327 8.18329
67.9136 28.0697 20.0848 4.50544 13.3685 3.72256 5.62313 15.3781 11.1969 0.00644932 6.67245
49.4579 20.2526 13.2095 10.2416 13.1927 14.0675 11.6958 10.7985 4.31515 0.0181325 6.07893
23.8052 31.4256 4.83256 17.0449 35.7309 5.5032 11.2402 13.0818 24.3122 0.00108727 7.04098
-55.8878 33.753 11.8281 34.6645 19.0326 9.10767 25.7304 3.71045 8.53203 0.024989 8.35565
196.346 9.97506 18.4091 3.25949 23.3765 20.3112 11.4462 12.5995 20.2981 0.0294943 8.76605
26.1372 9.29193 18.9207 6.5168 22.9534 26.0709 8.78344 31.9535 16.4359 0.0284579 9.43892
76.7955 25.172 3.72519 6.59774 65.5071 2.07682 6.36054 21.4718 6.73301 0.0159781 9.88411
99.2424 4.40523 26.6661 7.21175 15.8246 7.28189 5.29753 4.0949 7.81741 0.0433158 6.23918
76.8256 14.2883 25.5787 19.4539 16.0486 1.19025 9.51206 2.12532 8.17495 0.023956 6.65121
6.51138 28.0999 22.1473 39.4763 25.5854 10.5262 21.314 19.6936 17.9203 0.0695947 13.4835
104.494 10.0714 8.6737 12.1761 20.1512 5.69019 20.8071 24.3886 35.2987 0.02012 9.14343
57.0638 25.4478 11.9162 19.7968 31.0839 3.53477 19.2295 11.2895 1.10551 0.061735 8.62097
28.5189 8.86147 25.1857 9.24362 36.1022 17.4812 44.4402 7.31003 10.8702 0.0251105 9.31754
24.4551 3.69048 23.9383 23.4286 34.2579 3.98546 7.08573 5.55284 6.42541 0.0598881 7.41256
-62.4582 4.00766 21.6006 10.4298 56.6795 9.84637 17.6864 7.32199 4.17388 0.183456 12.5938
40.0291 5.94522 11.4502 17.1372 25.2865 49.3682 21.9897 8.74327 10.5232 0.0795925 10.3179
109.255 8.67936 24.8334 5.56915 4.43276 16.1087 6.0207 4.53361 8.35601 0.0544858 6.84654
71.0699 12.9984 12.8963 17.8324 21.3894 7.29061 9.81981 9.4638 7.19378 0.0357383 5.87321
117.158 7.98365 15.3805 13.8911 17.2417 15.8814 35.5562 17.8875 7.82664 0.0633848 8.28139
184.319 4.92688 8.20358 8.89122 29.7436 8.94415 20.7389 20.6539 7.70079 0.131596 8.85978
66.5587 15.602 3.10556 41.2782 20.0457 19.3816 21.2555 24.1096 29.165 0.222428 13.2876
92.3933 9.46554 10.1559 26.1546 37.5524 4.701 15.643 16.5472 52.2443 0.0959089 12.0866
-70.3332 16.7197 32.1166 13.0288 50.5488 12.524 10.7599 1.09491 9.8644 0.14151 11.1596
-49.9394 17.7282 30.5006 14.5773 19.5527 15.2284 29.1074 4.2465 3.99778 0.0326616 8.36932
15.3632 8.12822 5.27877 33.0865 16.2685 9.79215 3.9794 2.59932 14.0122 0.00286165 6.87014
71.5136 10.183 18.6413 11.1846 16.544 18.9373 6.70779 13.7535 27.8221 0.0139709 6.92328
82.4729 14.8734 22.5882 33.4764 5.84965 40.9947 6.70779 2.71231 10.1584 0.0184089 9.45252
-19.9692 11.2024 24.2367 30.0496 8.35402 61.7411 11.2672 4.22864 13.8833 0.0199332 10.2252
8.82468 5.48771 23.5065 37.3185 19.603 18.5014 0.907567 7.0298 32.7101 0.00867624 8.55569
37.3809 7.2495 24.7099 6.48773 43.7448 21.0289 19.1822 18.2094 4.67974 0.0842863 9.51435
158.048 8.16988 5.23451 21.9755 16.381 2.82301 0.542491 21.6603 22.0658 0.00987807 7.71725
10.3199 11.3413 28.2721 28.9085 23.5043 13.7187 29.7346 0.140676 16.8895 0.00952667 9.40497
69.653 22.1851 4.54649 5.24359 33.0811 20.3943 2.84035 2.45001 18.0254 0.0491313 8.07578
100.279 0.473673 0.774303 11.939 19.5836 34.9103 7.38482 4.82816 4.23935 0.262945 11.7526
83.0686 27.9883 6.16462 3.60436 2.6072 29.3791 21.2453 13.1331 14.7006 0.141191 10.8736
43.4185 25.4815 27.5692 1.1913 18.9939 17.1088 62.6297 22.5698 22.202 0.0714967 14.3696
53.0067 9.11001 35.3909 1.37841 19.9504 17.9983 5.93982 3.85825 18.3858 0.0542117 8.01335
62.9156 19.1992 11.2684 1.68761 37.7738 3.94177 52.7281 21.1752 4.96994 0.00072133 9.2037
120.315 18.4943 20.2698 8.03653 34.1278 5.91683 1.7425 18.0785 15.3133 0.0148525 8.17465
109.379 2.67473 23.8441 2.93001 34.8517 2.34456 3.65577 13.2652 24.6261 0.00387437 7.11905
187.477 8.06162 21.2769 11.479 13.5403 1.71304 3.00156 23.5493 7.98558 0.00254159 6.75301
10.9278 15.9837 15.1642 29.0391 15.0153 2.63847 4.63281 19.5658 8.25427 0.00494009 6.42436
169.033 6.2864 44.5852 1.79846 16.1602 3.4814 1.57178 11.3776 2.9973 0.00386773 8.81396
-9.39095 6.17661 39.0679 10.006 36.8079 7.106 0.827035 47.2207 4.1848 0.00391456 9.77156
50.028 11.1986 27.7272 14.2533 22.3224 29.8247 22.2991 18.0993 12.4444 0.00370984 7.50852
120.266 8.47588 17.3043 8.42813 5.41796 27.6469 15.5722 15.9366 20.5889 0.00353272 6.47185
36.3702 13.1895 42.2443 14.5475 4.01825 12.2446 0.424306 15.3426 17.2395 0.00163031 7.41135
134.352 12.874 21.1528 20.4407 9.04652 22.1274 8.08986 35.6013 16.2303 8.00133e-05 7.4187
69.1802 5.5522 29.904 10.9341 8.28328 14.2896 16.5402 5.18519 7.38411 0.0112739 5.66848
-3.40577 14.2627 34.9746 18.0797 3.35271 20.1793 25.7124 5.92997 6.31617 0.00871677 7.04697
-0.420764 8.76024 40.9689 10.3828 2.96949 20.6213 20.874 6.79522 5.49936 0.0714277 8.72034
-28.5483 9.67421 38.583 22.5405 10.7673 14.9214 38.7774 16.6896 9.00299 0.0791835 10.3666
9.58494 35.9917 13.8788 13.3246 35.6698 5.77759 41.7911 16.8506 25.041 0.0213613 11.5868
45.1692 12.693 41.109 2.84655 20.4875 13.0604 13.537 23.5809 14.7141 0.0455179 8.93685
25.4306 14.1093 36.8388 4.59828 8.89286 26.2057 9.13884 7.12022 41.8831 0.0662903 10.2872
80.0986 5.16383 6.02377 40.2568 9.88641 19.6462 24.6638 3.69194 43.2803 0.0130974 9.2485
41.2558 4.12386 21.1721 38.2376 18.6366 10.5928 31.9896 10.4131 5.07032 0.105039 9.46527
183.129 12.5644 3.19494 36.1436 14.6754 9.29257 10.8866 41.9461 25.3947 0.159581 13.9367
49.8783 15.8689 11.5595 4.39342 55.63 11.7408 2.46532 29.6529 34.6934 0.213098 13.4359
133.247 1.66186 11.6389 4.51537 44.3369 16.8497 9.55906 11.0915 29.0432 0.0495274 9.03794
194.256 7.93336 5.2484 8.61924 10.764 14.9291 2.78685 10.9345 18.3317 0.0454051 7.18565
129.057 1.05833 29.2429 23.5546 7.00804 4.483 18.5314 10.485 19.176 0.0295165 8.07909
66.0949 14.1195 10.0008 12.7645 38.9689 8.95786 21.087 14.6495 26.251 0.0458973 8.77108
66.9866 8.96911 23.2967 17.8494 19.1006 5.6248 25.6759 6.2431 0.0913327 0.0322229 8.01853
101.067 9.54113 34.6399 3.94248 26.749 13.2795 6.84922 16.757 11.5931 0.00519428 6.63127
110.254 3.20009 16.4631 9.5742 2.29928 25.9629 10.9525 8.03565 7.26183 0.0126627 6.66892
149.492 18.5037 2.23936 29.0795 9.6688 5.47527 28.774 5.21692 1.73031 0.00179589 6.73292
137.249 0.917084 7.66159 31.9938 4.88512 10.1183 50.5365 10.4653 7.55892 0.196621 11.3111
17.5502 13.637 18.5389 61.0355 12.2392 17.7252 9.67971 12.2743 8.61719 0.0150285 10.0623
26.4134 27.6282 8.50889 32.9361 8.88028 15.7622 6.46563 11.3498 22.3283 0.0598917 8.4226
106.376 11.9643 19.6266 3.85747 18.406 9.59233 6.03606 16.7952 7.22347 0.0221395 6.19317
32.9542 22.0345 14.8757 6.55282 22.4118 2.54071 6.43579 18.7998 5.73011 0.0263807 7.59817
1.65025 15.4443 33.4833 23.9504 2.66902 29.6505 22.1447 0.0898297 20.1908 0.101009 11.8547
61.0042 15.2354 5.38125 48.4496 10.9757 16.473 5.03282 3.85668 17.7142 0.107943 8.99082
120.146 26.3662 3.05556 31.488 15.0302 14.9413 13.8399 4.0055 27.8462 0.353236 13.4851
130.898 6.66047 17.0247 6.69066 23.3681 8.3915 12.7729 4.05599 15.9631 0.556054 12.2895
123.075 6.91992 15.5178 6.09264 25.1915 15.2053 10.1809 3.31493 23.2691 0.350734 10.5782
161.51 11.6914 2.82939 7.74859 6.69027 26.4414 6.85723 6.52656 9.31101 0.11836 8.10398
-10.1614 8.8795 35.3519 18.5151 14.058 22.3021 19.5744 19.2433 21.9143 0.0237281 8.83439
32.837 8.03329 36.5603 17.521 28.6671 40.1598 2.55813 12.14 12.0419 0.0370333 10.417
30.6786 23.696 14.6405 15.26 28.1678 10.9256 12.8484 2.73317 2.47852 0.368712 10.9297
-27.561 28.5346 18.2308 36.659 16.4082 21.6548 5.68168 3.11138 45.6952 0.0196791 10.747
-32.0055 22.5791 4.24333 40.8745 19.1036 9.24887 4.73181 7.25781 60.2151 0.0153487 11.3176
-47.2069 33.5452 2.70714 36.8428 12.7292 12.223 7.4152 8.31932 44.2385 0.0607326 11.4213
-27.8884 28.8523 13.2477 23.7593 2.49548 31.6721 7.4152 8.37073 22.8272 0.0838316 9.9912
-65.7925 28.5979 9.59061 33.6278 23.0278 36.1179 9.39417 29.0042 5.72858 0.0492006 10.9487
14.2601 10.8479 16.958 37.3 10.6496 21.8973 9.13195 13.7028 0.696826 0.0576036 8.04733
-1.99921 19.3906 18.636 33.6754 10.2818 17.2665 18.9805 0.589875 1.79504 0.015527 7.41818
-24.0398 12.7268 30.9472 41.0277 9.7179 12.9836 21.3538 5.65136 3.57948 0.00947725 7.47416
-3.56616 7.95654 32.4384 16.3571 17.6014 13.5194 21.5876 1.25874 3.54808 1.48016e-05 5.21726
67.0793 2.54184 19.1869 29.5212 26.9311 44.4645 16.4857 5.95177 20.177 0.00227418 9.40868
93.909 34.2441 7.6476 6.44354 8.78595 22.0769 19.8699 9.82169 10.9282 0.00145501 6.70163
30.4617 30.2459 26.1783 4.67126 5.82441 26.5246 16.0053 11.3791 36.5017 0.00227704 8.83485
52.1745 30.7461 21.9332 5.00134 29.366 23.0011 6.98782 13.4683 17.8968 0.00497577 8.36513
77.2591 6.90736 44.3845 12.3316 18.1533 44.9788 10.9638 15.2426 9.99354 0.000891158 9.98433
70.8515 2.7269 23.499 4.56783 8.80707 18.563 10.6869 33.3638 2.7168 0.00168938 8.16333
50.8079 12.9607 38.4868 13.5353 16.4499 4.23517 19.4744 0.897513 52.9013 0.00267228 9.94586
52.0878 4.82309 23.9976 25.2163 15.3641 21.9359 11.4243 7.62657 23.5649 0.00154304 5.88965
-32.5047 27.7447 1.30187 27.413 14.5457 47.8405 7.5923 4.90841 31.3622 0.0145546 10.703
11.927 33.1262 0.523786 14.4792 18.0485 29.4202 6.08639 7.01583 27.5777 0.0103266 8.99728
-60.73 33.8056 10.272 5.77145 12.1012 49.5296 1.13193 15.3412 21.4962 0.0480957 12.1994
52.8378 25.0304 6.84689 8.25944 22.5327 52.1244 13.4008 6.51257 5.15836 0.0706241 9.66701
46.3025 20.4407 1.93702 19.162 13.637 36.2835 16.7711 11.844 17.2114 0.045199 8.94125
83.6949 3.56134 8.00325 21.2808 18.0515 22.1963 0.17208 8.39 21.5777 0.0384201 8.75276
91.0406 17.3381 10.8908 29.7255 23.8652 2.78458 21.6092 10.3526 12.7924 0.0925084 9.00765
136.568 26.4184 3.91556 0.970291 7.26834 3.402 25.1471 39.3363 42.8877 0.0406135 14.4528
60.4164 25.7911 4.86845 34.1501 4.93513 35.268 24.2698 2.22011 20.3008 0.0588561 10.5434
95.2846 24.6921 0.686589 7.31962 4.29021 16.5532 7.61366 31.7792 7.9066 0.0410798 10.4231
97.4992 26.1673 22.7595 2.40304 10.5632 22.7099 24.3481 12.5273 1.16485 0.0126523 8.51045
97.0616 21.0766 0.332405 16.345 20.1942 14.3987 20.844 18.4808 15.3824 0.000565593 7.07284
134.812 12.682 9.9767 8.74151 10.0161 4.60539 17.8998 29.9735 14.9932 0.000649654 6.74701
166.522 6.28514 18.0152 3.46499 16.4834 2.81885 26.9051 19.7083 19.3581 0.000120448 6.54865
119.428 11.3847 33.0163 1.28367 2.52696 7.44434 28.5962 60.7672 19.8258 0.00152359 12.1029
168.093 3.89879 25.808 15.9936 10.6033 9.81131 22.7137 60.7672 72.8904 0.00249442 15.524
124.526 15.5546 10.8226 21.7826 10.6033 38.7466 19.3394 36.5034 14.5177 0.0272508 10.6206
-73.9981 9.8882 53.3506 22.3671 5.45022 31.6536 4.97214 13.0226 22.3718 0.190207 12.4982
-69.5398 7.03952 57.8288 8.59445 16.4013 25.0864 11.6833 21.0948 5.7777 0.184407 11.7345
-37.8009 37.5494 34.6166 16.9996 28.4158 5.19722 8.89884 9.93564 4.06394 0.177999 11.6686
-5.61762 15.2803 35.0701 16.7184 14.8942 15.0285 14.1201 5.01214 1.54045 0.103947 8.28174
227.515 13.8662 2.11708 0.298095 18.9279 16.9289 26.1236 1.19332 4.54411 0.00173957 8.28934
-54.0956 33.6019 28.1899 9.55665 27.6231 21.2532 3.05129 16.1785 4.85408 0.0633827 9.20182
-47.0634 32.4879 22.6616 11.6803 17.5937 23.12 15.3669 25.6108 5.69239 0.0519304 9.34587
-29.9272 44.4299 16.4537 11.2397 11.109 39.1353 5.74259 54.0818 4.21394 0.0195164 12.0784
4.32531 5.04504 14.9366 22.5345 27.3081 61.6025 27.2984 35.3628 7.64418 0.0105117 13.5609
89.02 21.3945 2.26027 12.9167 28.6287 30.2157 31.1538 68.1303 27.1117 0.00211231 13.8892
146.275 12.9431 0.195984 30.6116 13.2265 18.8238 40.9149 20.6332 11.0373 0.00416635 9.81687
-25.5737 10.9858 40.255 4.91907 15.308 8.8646 20.8183 39.8591 5.25792 0.00415295 9.46179
17.4316 11.9244 22.1513 18.0853 26.961 10.1193 21.925 23.4215 22.9264 0.00882347 8.07124
114.492 3.7533 23.9233 3.93242 3.18002 22.6222 9.3364 14.0333 12.2533 0.00910472 6.85059
-43.759 14.1622 30.0178 30.3698 11.6719 39.5302 6.23284 19.9095 25.4976 0.0502564 10.8691
-5.40064 10.2779 26.1198 24.8968 11.116 41.2383 6.58631 15.9559 1.46712 0.006468 7.46407
-6.89818 28.2855 15.794 34.0028 6.95633 14.5678 11.4946 8.31749 15.2061 0.0161055 7.14869
-61.2323 20.571 25.2496 49.0832 16.7032 10.1358 15.8222 2.44152 11.126 0.061055 10.0015
1.03547 14.758 12.2802 13.4663 29.0216 24.9642 11.2932 5.42682 7.97159 0.0314333 7.46007
37.4619 47.159 10.2806 5.46053 7.26518 12.8864 5.65986 4.88644 6.04597 0.0782264 8.98911
134.709 10.7691 39.055 4.28828 14.6286 10.9537 18.1213 16.5026 10.3894 0.247632 11.9252
115.812 7.34708 46.3916 2.59661 7.90079 9.97172 20.5945 6.75074 3.345 0.0215127 8.06419
76.6896 8.46319 4.89787 54.6728 1.32206 6.92894 22.1708 19.4751 15.5197 0.0237738 9.07448
105.613 6.7932 15.7658 15.6062 14.1502 11.9014 7.28834 18.8059 7.96476 0.0260108 5.97916
-20.6772 44.3953 2.6763 25.905 38.1151 25.568 6.57688 21.4297 22.6346 0.0951923 13.6135
-61.0083 49.927 2.90004 24.324 26.9266 13.4036 17.3196 14.9089 37.8766 0.122663 13.2686
61.7932 33.1066 12.1695 11.0603 11.3168 25.2668 8.5941 18.9195 24.373 0.0100721 8.21736
42.0529 10.1919 16.6961 13.1304 28.2649 3.26843 36.4972 1.00694 19.7139 0.531567 14.3222
-13.2957 17.6715 22.8599 5.98796 49.5822 3.89033 23.2453 0.233418 11.8623 0.366816 13.7638
-67.5239 17.0619 28.2033 18.9842 21.9096 1.22071 38.6604 17.2339 39.0758 0.0297064 13.0602
-58.9232 15.5207 17.6889 51.4389 28.0155 18.1016 14.7504 6.67884 14.6553 0.0181349 9.83354
-53.7811 13.2192 47.4867 35.0411 9.28211 9.34062 9.33107 8.35451 29.4746 0.026743 10.1743
-30.5517 12.4358 13.4233 22.4553 13.9797 15.7193 12.4076 6.34467 15.0923 0.00746019 8.25804
-14.7353 10.9177 21.9576 15.6613 48.1849 3.69653 33.6876 11.1573 17.8149 0.0251113 9.91329
21.6341 12.1229 25.6298 31.4059 13.6563 15.5581 11.1747 19.3154 20.6405 0.0352755 8.25122
-54.0221 16.2007 15.8058 48.5082 11.779 24.6491 15.6182 24.5155 6.5778 0.0619542 10.3126
-15.3539 40.5923 14.4699 29.8829 20.4799 36.8293 13.0606 25.7622 1.25602 0.0377265 13.3194
68.7334 23.2059 16.1044 7.5673 6.29908 19.8844 10.859 7.74777 22.357 0.158339 9.53409
190.425 4.06628 32.1964 3.05022 8.49979 12.6145 82.808 18.0029 2.42663 0.144331 16.5654
7.04149 3.30177 28.2006 1.6144 14.6744 13.4791 49.5771 1.19417 3.40493 0.156085 13.6652
193.43 9.85864 0.818674 1.28389 11.7262 38.5817 19.2975 8.57375 19.378 0.431422 13.6293
126.815 3.95445 8.63038 28.5165 31.9726 2.48487 4.18373 24.7125 15.8525 0.361482 12.2211
14.9317 8.84107 4.92252 25.7638 14.1217 1.50933 35.4386 54.8582 9.42101 0.497604 17.1023
45.3038 24.0387 12.7575 16.8627 12.1707 3.15849 18.4551 20.16 4.50764 0.19031 9.96424
34.7449 2.9174 0.212209 65.8075 11.8938 3.84738 27.4564 21.691 7.68548 0.0399361 11.6583
-20.7295 6.36874 25.7191 33.8528 16.1464 5.8648 12.5257 22.0117 6.77959 0.0216145 8.02161
31.4014 6.20848 5.63705 47.5135 35.1162 6.99877 7.71766 18.9215 18.6369 0.0419631 9.42201
44.6535 6.8862 4.89852 20.3635 31.6906 5.00185 18.8659 17.0715 4.78516 0.0453169 8.55934
124.797 9.21826 24.2746 18.205 4.9272 19.9619 9.6637 9.15653 12.6929 0.128344 8.3025
-12.3491 11.6148 31.8588 18.5522 4.65081 42.8199 3.20091 49.1238 10.5646 0.0482211 11.7148
-36.7332 8.65065 40.479 33.8265 5.62736 43.888 9.95145 8.98798 1.55218 0.00541783 9.13574
65.6802 2.74763 22.3483 6.60126 21.2737 38.7446 18.8725 12.5988 5.52718 0.0084485 7.36984
125.877 20.3406 20.8909 15.3926 6.31119 2.07875 19.5196 0.813377 4.89501 0.00465006 7.10325
36.1888 18.2049 42.32 2.71432 16.3067 13.3548 8.27692 30.7835 5.94374 0.00602051 8.03205
-7.25869 34.9206 13.1112 15.6499 18.5772 15.7681 4.63387 19.1733 9.13479 0.0185562 7.22946
-62.2991 20.9493 35.4504 12.1886 15.289 35.6111 14.4985 13.2442 14.3036 0.252565 12.1684
81.9942 18.8369 19.6003 4.02953 12.5574 33.1471 17.5385 17.8013 7.17044 0.0497562 8.25803
103.934 3.75836 22.596 17.8861 11.941 16.8944 24.2963 7.06537 26.3083 0.107953 9.01527
105.384 20.0442 11.3263 25.7044 2.32772 6.79047 10.9028 7.69744 14.5532 0.018697 6.73897
109.557 7.14253 5.16134 7.26701 16.7345 14.8528 11.439 12.038 2.04794 0.024698 7.23583
90.7832 4.51159 20.0741 17.9755 23.7903 10.5897 14.1717 13.5053 8.86445 0.0261443 6.07166
102.975 9.04002 4.74164 49.7077 2.56047 53.2302 30.9148 38.6768 15.9381 0.00043173 13.7957
159.848 1.21189 20.0234 9.05919 26.7922 20.7372 17.5078 42.1933 6.01525 0.0318347 9.77119
161.917 7.13141 9.26502 10.7258 13.8354 2.44108 11.291 10.4278 0.00604746 0.0289952 9.03464
-17.9885 12.0874 35.8394 10.1497 32.32 1.47235 14.3214 6.67517 30.0318 0.0810068 10.2653
57.9922 11.7954 17.7908 44.686 16.8025 1.6008 12.6759 52.536 31.4747 0.124971 14.6329
74.5852 13.3055 25.0141 20.2777 18.8859 2.09632 19.2545 10.4851 34.1568 0.41097 13.4415
176.58 19.5328 10.6958 3.7826 13.4957 2.79555 6.73201 2.21381 3.36543 0.166513 9.27198
170.411 8.50213 16.6021 4.09251 13.0503 15.7488 15.0999 71.4683 2.55395 0.297298 14.5208
129.841 2.83018 10.9398 27.0797 19.7098 4.63025 15.3553 54.7271 4.24101 0.0130476 9.11248
138.013 4.97673 5.47359 7.86824 27.2907 42.1569 12.7317 33.0368 3.99101 0.0437732 9.62153
58.6092 36.1584 15.4301 16.1682 3.58031 22.1576 8.92438 6.48905 5.94498 0.0352088 8.04259
171.437 21.6579 13.5551 13.1897 1.64149 9.2427 10.0766 17.7892 4.32443 0.0715967 9.2064
74.8947 12.4244 7.50449 9.81338 64.1354 6.17549 10.1168 20.0194 4.32443 0.00605163 7.90603
84.7721 12.1452 8.76296 2.83608 54.1893 1.6532 2.32609 50.8264 7.34418 0.00605163 10.2006
89.0263 33.7923 3.79438 28.0732 13.2399 9.52537 16.0938 12.3265 13.7451 0.0550773 9.3882
-18.8201 6.83215 1.84896 27.4337 40.8234 35.4581 17.3543 21.4398 9.97365 0.136477 13.3522
-26.738 32.5324 4.56116 6.86206 27.7716 40.3565 11.5962 13.3128 24.5911 0.136197 12.3596
-11.2518 17.6488 16.9204 8.53617 20.3184 35.2218 15.3767 5.87584 26.1361 0.0214271 9.12421
139.425 21.7585 12.7012 11.423 20.6626 31.8635 20.9268 2.89307 22.4109 0.0143046 9.82551
123.439 3.9259 12.1671 32.0792 12.3202 8.90895 10.6006 25.6432 9.55123 0.039132 7.22628
12.4657 28.0465 12.1645 31.0169 23.6634 19.7124 15.0728 13.4721 13.7962 0.0481538 9.18192
61.1481 23.1831 21.2074 11.5594 15.3584 28.4815 7.04763 11.0873 10.3866 0.307724 10.6481
69.2564 25.1785 11.8975 26.5161 8.56588 31.4737 6.75164 2.8126 3.84673 0.208649 9.94197
47.5225 16.7026 11.4589 29.1903 34.8088 20.5863 6.33914 7.83143 11.2462 0.0273997 7.80307
84.4986 11.3403 6.7513 9.54802 24.4882 9.69388 14.7329 21.2406 11.526 0.0138806 7.03766
19.5298 2.48295 37.2312 6.6703 32.1707 20.4125 4.59372 0.889789 1.66423 0.0611468 8.62223
256.403 12.371 8.31508 9.45069 20.7124 17.3512 14.7513 8.39956 9.45889 0.0792449 10.6137
187.665 9.06882 9.75918 1.02412 15.7354 14.6775 1.50846 16.4652 11.2859 0.245251 10.44
93.2727 5.20656 7.31195 22.4103 18.6288 6.55134 30.3946 17.6401 13.3158 0.305259 10.8397
-43.5847 20.9034 15.0999 56.0662 17.6067 6.36528 10.9289 2.81182 10.2272 0.114343 10.27
20.2286 9.73958 40.1357 23.8355 22.0332 12.5039 12.9025 11.166 38.6712 0.131142 12.0483
-24.9618 7.37901 20.751 48.0808 1.29609 23.5577 35.9001 27.5338 2.0084 0.132061 13.0907
-67.9739 24.3683 18.5072 45.1042 14.0395 29.4816 35.1426 1.92855 0.540564 0.0155224 11.4303
80.2145 31.0076 3.0115 18.5343 9.39966 9.43784 17.5384 29.1062 9.43457 0.0694234 9.45133
114.193 8.41228 4.03068 14.64 32.1031 5.96938 54.6893 37.7813 23.0896 0.0683136 13.0019
-28.3977 19.3909 29.1231 26.3109 35.407 4.93035 18.3677 6.49009 3.44847 0.00717353 7.69501
79.9966 17.4912 10.7776 12.826 45.7245 7.6576 17.0999 10.9028 15.5459 0.0322651 8.02214
16.8481 0.874377 34.2421 14.2069 40.4121 14.8557 0.31495 14.2325 5.24281 0.0595005 9.91857
-12.4525 4.16287 40.9815 21.5058 16.4066 3.5115 2.28502 4.09808 20.7771 0.240399 11.3268
117.269 3.73674 16.5143 21.1346 12.7875 22.5581 4.64371 2.84983 14.191 0.118102 7.56459
76.6822 6.62272 3.3557 23.0635 33.6547 7.26995 10.8327 56.0698 34.0176 0.127413 13.6272
-10.8827 5.19907 27.4155 23.3872 43.4834 17.8196 9.49168 32.3257 18.5382 0.0422299 11.0437
-44.3936 27.2468 22.0234 20.9347 22.5797 27.7481 6.74967 35.8249 41.4634 0.0339244 12.4195
-54.8214 31.2483 26.3035 19.7139 16.419 59.2403 3.31993 9.51493 8.60428 0.0234509 11.2491
101.452 14.1244 25.5533 4.07167 27.2818 31.6221 12.1526 4.28064 18.7086 0.0363303 8.87514
224.914 4.86078 9.39592 3.01778 17.3835 37.0519 5.86744 9.43318 4.71368 0.100446 8.86674
120.474 0.749354 16.0116 1.33527 24.1179 22.9127 17.3593 12.335 3.13203 0.207278 10.3159
156.136 8.86635 10.4298 3.2467 29.7515 20.6629 18.2668 3.6692 6.75114 0.113349 8.12805
165.691 3.85244 1.20526 10.5117 42.5783 28.7373 9.65268 0.344836 6.01248 0.145078 10.6758
34.2176 5.49766 15.1981 13.611 34.3474 1.80337 6.97686 18.836 6.39736 0.160803 9.96559
80.8658 4.53614 20.4001 30.0163 32.928 4.53978 5.70735 32.5348 6.62302 0.0420386 8.94576
83.6632 14.4026 21.8212 20.2607 25.11 3.56943 9.49829 17.622 6.75287 0.0676469 7.86489
3.61246 21.862 40.8688 11.1487 22.5666 4.39974 6.55207 13.6952 2.42094 0.0691278 8.8086
34.7496 41.7069 3.93864 12.1373 11.298 16.5057 47.0101 5.19813 9.46793 0.0365372 10.1353
77.3292 32.7747 5.12571 3.52718 3.65149 51.571 14.1145 16.1143 15.3116 0.0030439 9.07464
116.754 0.140677 31.5031 15.2064 0.674467 12.8246 24.9573 34.3596 25.2711 0.0313488 12.2586
213.059 3.34066 17.5882 11.5085 10.6071 5.03043 47.4006 31.1958 10.0581 0.0209113 10.442
139.29 3.93598 3.37244 6.84017 32.6592 3.47391 2.99829 34.9579 4.74364 0.0769369 9.76112
17.7864 34.4291 8.66046 22.6425 41.6425 4.14976 8.48865 13.3499 12.0946 0.0742945 9.94826
52.0752 22.0857 15.8564 40.739 15.0303 12.6174 14.6778 13.6069 23.5802 0.388624 13.9738
-4.05384 35.5158 16.7575 25.1778 42.7075 11.4681 5.98394 16.124 10.6442 0.280467 13.7361
-70.1604 36.8838 1.89381 22.6096 37.1439 17.4699 6.53127 1.21429 12.8037 0.0268751 9.44612
213.225 2.40596 13.6247 4.33765 36.1018 14.8458 2.67868 8.09858 16.614 0.024876 7.81857
141.728 2.1466 15.619 11.8161 33.7829 35.6669 21.8074 6.125 17.154 0.0174487 9.09229
161.222 17.2641 16.1422 9.21856 34.7668 13.6555 4.32226 30.3225 19.2235 0.033895 10.9603
131.164 22.9565 13.5188 17.132 22.4163 0.421344 25.2841 8.64032 14.3013 0.0151877 9.29694
44.172 6.70092 35.6637 17.5449 16.0218 4.22977 25.6635 14.9178 23.4639 0.00722698 7.7044
-45.4422 1.31646 36.2129 19.0315 15.3827 25.3713 9.3294 13.7193 28.5779 0.0513498 11.2927
-7.98395 23.8425 18.0532 51.0535 24.1572 6.91979 25.4672 38.7758 22.3706 0.351848 18.4308
-29.8424 31.128 11.5579 41.6098 17.345 23.0734 24.6988 34.5619 48.0506 0.110876 16.1924
7.05833 25.3889 15.171 33.6946 14.5614 16.1644 5.08892 23.5747 2.82459 0.0100173 7.30247
-50.4091 32.2503 17.9773 35.9277 16.963 10.6543 4.63558 27.0258 18.6502 0.0141995 9.19453
-9.26642 12.9058 38.4222 28.8822 6.7916 21.0262 5.3333 22.8328 28.5889 0.00473784 8.85351
-33.8776 41.451 5.05831 45.4235 14.098 12.2942 31.1665 26.8369 10.7877 0.00572378 11.1541
46.5804 18.0218 14.6446 4.2021 14.7727 14.6887 35.7698 18.6406 16.6686 0.0509457 9.91087
79.7947 16.4829 8.00835 34.8646 5.35218 16.8097 39.1664 3.3197 12.2587 0.0803507 9.39375
96.3437 11.1344 32.5176 23.1301 6.80131 15.2967 20.1167 29.4904 2.45104 0.0688501 10.3195
32.5869 29.905 20.4922 20.1198 32.1754 15.631 18.0745 13.0876 8.69258 0.0185607 9.69073
1.64274 17.8195 36.4583 21.6203 38.577 15.6571 3.46391 13.3927 8.23338 0.0303547 10.293
67.3484 23.7397 10.1585 16.2094 26.5167 18.3002 18.9865 21.9612 1.8625 0.0922539 9.24815
32.3828 14.4368 14.2926 30.0405 7.36354 16.9842 11.9154 28.6409 1.8625 0.0844313 8.83167
105.582 19.0624 9.81307 15.3285 9.69042 40.5988 14.641 5.76906 6.04857 0.254099 10.1787
89.9142 11.4398 14.2605 26.038 23.532 17.8852 20.0667 9.53902 4.73218 0.0371868 7.18804
68.96 15.1993 10.722 20.9755 20.4653 7.43957 32.4687 2.26308 11.0212 0.0436299 7.5122
38.7095 25.532 19.5232 12.885 19.0646 5.02611 2.14151 6.02405 30.948 0.0131172 7.58747
76.4682 10.3155 17.5492 10.7667 28.0071 4.64846 6.84536 23.6615 48.0197 0.0184706 9.62897
64.0385 12.8847 16.1137 14.1566 20.1218 38.3152 1.6628 26.5138 9.32463 0.05982 8.95301
73.699 3.06464 9.73682 39.4659 18.193 17.1888 38.9247 18.5008 15.9858 0.0111988 9.01576
135.828 1.39563 30.0624 7.1218 20.0998 13.5624 30.7289 15.5002 2.45992 0.110344 9.68929
168.82 8.52054 11.6827 2.85701 62.1488 2.7586 0.95208 25.484 13.2237 0.0152994 10.5983
128.727 13.9532 15.5332 18.2174 31.3096 7.00337 1.72864 10.0996 13.5165 0.0602371 8.19385
