14017.4 19.8828 8.0332 4.24318 13.7227 2.48898 19.715 6.35711 18.9022 11.8804 0.355426 11.9263
14017.4 6.46707 18.5629 1.04385 8.30043 3.2605 12.515 32.8174 13.1672 13.2047 0.264982 11.5049
14059.6 0.313175 9.00086 5.92584 17.6657 10.2461 6.03633 21.5185 6.32424 3.32336 0.347923 11.4831
14025.9 0.313175 14.1405 15.9611 27.1443 3.43355 17.0276 19.5531 9.61107 4.01793 0.238932 12.4082
13865.5 0.83034 12.8694 14.9391 29.372 19.9387 8.90217 43.7529 5.76215 16.2589 0.104462 10.5429
13877.8 8.62861 8.52156 6.6802 34.7852 6.96546 10.3447 34.7375 5.60749 26.916 0.07214 9.63075
13980.4 13.6916 10.1244 13.3915 30.5716 6.96546 10.8198 23.5499 5.89214 13.1631 0.0655752 9.02009
13861.5 21.9238 1.48886 17.1742 13.9747 16.8222 30.3161 2.41701 30.9177 29.8759 0.272921 13.1629
13894.5 10.3664 22.9503 5.29545 17.3723 27.4114 16.5727 24.8736 4.89614 15.5072 0.0890626 8.35207
13894.5 18.9627 18.5966 21.1719 2.2846 7.13932 39.2664 37.1842 3.88996 11.8913 0.17919 12.2514
13897 8.63002 11.6682 38.2525 4.10332 6.62633 9.32473 13.1214 9.60479 12.5429 0.0736314 7.86006
13856.8 8.90552 11.5288 0.908837 14.5442 35.0563 5.4445 33.6601 35.5571 7.95806 0.130215 12.6783
13950.9 8.71823 7.55659 0.323968 17.6416 9.13613 5.14399 39.8956 2.6631 5.09956 0.202934 11.0999
13897.7 6.54381 13.1195 14.6626 19.5503 42.5764 4.90116 15.9164 5.28601 22.2727 0.209753 10.1582
13980.3 7.0444 10.5044 6.67379 13.981 14.9635 16.5874 74.4021 6.10043 7.0676 0.0753021 11.5066
13881.8 18.3553 0.0493593 41.2008 12.359 12.8673 22.2826 29.6238 0.597448 16.8643 0.0035971 10.6069
13968.3 13.7975 7.53534 31.7295 6.10988 10.6651 9.57011 9.09451 1.13396 30.0335 0.305712 12.2141
13971.4 3.38187 4.45148 7.37444 17.9847 25.7122 23.1305 7.24785 0.647016 2.47284 0.206903 8.57111
13792.8 8.41304 44.5763 6.96261 13.8085 19.1924 7.93221 8.7937 1.82129 8.75928 0.0133343 7.31021
13797.4 7.71676 40.4072 18.0005 14.8755 14.4034 23.0414 7.84182 5.56442 32.9871 0.00940766 8.60274
13683.7 12.0726 55.0363 0.329976 12.8849 47.5052 1.24569 20.8256 8.53178 92.0434 0.000500822 18.8969
13683.7 18.4262 61.5001 2.32225 14.9672 47.5052 1.24569 1.55686 4.55323 107.415 0.000500822 19.6609
13759.8 55.7223 11.7668 7.6427 14.4875 28.47 29.3178 3.2863 7.32144 53.6762 0.000500822 12.4352
13664.3 17.6695 15.6428 53.1914 17.5795 12.1737 16.9814 6.74691 7.60568 30.6883 0.00300514 12.0367
13694.9 33.264 21.0174 38.1275 1.41905 12.5909 5.24052 14.2915 5.37165 40.5923 0.0039005 11.9474
13661.1 20.6364 9.25497 47.0803 2.72734 39.6851 9.12833 3.64499 14.5157 8.94958 0.00745189 12.5818
13849.5 34.8012 4.23353 25.6563 14.8042 0.290968 7.95855 27.2454 10.3507 23.5893 0.000302467 8.87712
13727.7 36.96 12.3503 40.9921 13.7523 17.4696 42.7423 38.8355 13.7429 25.3617 0.0071733 16.4491
13801.7 18.1625 4.78391 18.6706 11.2808 18.4762 33.9011 18.4332 16.8923 1.41558 0.0144748 8.85588
13873.5 33.6531 5.07825 12.3986 10.0889 18.253 13.2166 24.5339 10.0468 8.6849 0.038005 7.56375
13867.4 5.13524 29.597 21.1415 8.22826 8.63372 8.14823 6.77186 3.8946 5.34523 0.0389249 6.89111
13851.2 0.429682 29.597 46.6836 5.08594 7.8451 8.72762 0.888196 0.240831 15.2498 0.00895361 10.5123
13879.8 12.8748 9.35272 51.5297 5.08594 5.74975 26.0403 17.1397 11.943 12.2801 0.00423295 8.26365
13906.5 6.1357 18.1762 38.5715 4.36368 8.50551 8.68049 17.222 5.60176 2.74532 0.0488382 7.47195
13866.9 1.90001 22.7335 33.0458 7.97207 25.3592 20.1129 2.35437 27.452 0.296837 0.0171024 9.24812
13870 2.56976 16.905 26.6466 9.5044 13.529 22.2141 19.3721 18.366 1.48966 0.0118567 6.98907
13675.3 48.9738 2.97122 23.563 14.5362 33.0177 5.17915 0.51941 37.3564 8.41163 0.146639 15.7591
13845.7 23.8977 0.985374 17.0225 9.4408 37.8937 5.79676 53.4912 3.78629 1.65653 0.125408 11.9551
13860.8 9.35353 10.208 11.3374 9.81544 33.7759 35.5414 5.04719 28.2734 10.665 0.0116092 7.97129
13872.2 3.48823 4.68038 23.7104 16.6964 8.13259 39.1209 12.0682 0.315637 24.6159 0.0105009 8.92821
13852.7 14.6327 0.970186 14.9562 23.1436 33.5038 47.3346 2.64013 41.138 2.12025 0.059177 13.0163
13844.7 21.4176 18.1811 26.6892 17.5245 2.19253 36.4922 14.7532 10.1477 10.7214 0.011297 8.45939
13844.3 16.8524 8.21292 19.4564 37.2053 34.2522 17.6529 12.2419 0.455923 4.36882 0.0295968 10.1049
13978.7 6.4188 7.06945 22.3162 3.41838 29.3151 42.2489 17.0609 1.96149 34.8699 0.00725469 10.4248
13961.8 18.9905 0.811776 21.5372 14.0011 20.6042 4.08949 29.0227 9.06023 32.5566 0.0171372 9.66672
13916.8 6.71122 5.4645 4.66035 16.4497 55.8999 2.83957 1.7766 47.2286 4.84208 0.0525008 10.5717
13831 6.5646 35.607 8.74143 17.0607 28.3135 11.4346 12.8413 1.77668 11.8847 0.172269 9.3731
13820.6 10.0673 7.88505 6.70462 27.4623 26.6149 32.1506 4.25506 4.19068 6.2864 0.290665 11.0912
13809 6.57435 18.2214 23.9788 31.6581 7.49546 20.2957 8.88503 15.1449 1.4662 0.33988 11.5794
13862.4 6.57435 16.3912 37.2299 24.3784 5.34798 29.4268 7.21415 14.7024 8.04911 0.0394604 8.76677
13894.3 6.99024 7.92862 22.7216 32.0639 7.98823 33.6666 9.03346 15.3281 18.719 0.0492869 8.50673
13892.4 23.0214 10.3341 11.9955 47.6722 5.38928 5.92929 9.94191 26.6832 2.13762 0.00698602 8.90786
13869.3 1.87525 1.46712 28.4606 20.2585 20.1836 15.5347 9.53506 23.0301 0.638568 0.227776 11.2977
13835.9 4.37039 13.7753 23.5263 16.4917 12.0913 54.1755 6.90308 6.6432 18.5031 0.0493456 9.45684
13778 1.42285 34.6873 14.5838 24.9954 28.5885 18.4449 12.3194 6.45395 3.41067 0.00974372 8.23796
13915.5 2.14107 27.0795 16.649 23.0289 20.3458 24.2133 16.4306 6.10331 5.99007 0.0733784 9.3893
13912.1 3.16221 18.3031 3.19228 29.538 27.3544 11.1759 4.46674 2.18863 8.38068 0.0597574 6.87302
13918.7 7.81184 19.4585 17.3756 27.2474 9.6695 13.4702 8.99029 7.90573 2.83566 0.0213363 5.96228
13889.1 5.64259 16.7865 16.6963 17.8441 9.66768 20.4913 0.823499 33.1681 16.745 0.0394812 8.84316
13814.1 23.0865 20.7181 25.1557 4.64548 19.3011 26.2158 15.3605 33.6338 39.7125 0.00702185 11.0613
13846.9 39.3031 9.59457 10.5118 8.6663 24.5142 25.648 13.7472 17.6349 52.5874 0.174905 14.0435
13844.1 21.3747 10.5431 14.9713 7.34727 28.2814 48.6334 5.46652 16.1026 37.7198 0.0321923 10.9721
13935.7 11.779 6.78024 13.8224 1.21621 57.3374 2.64725 10.0483 9.28293 5.86245 0.0581911 8.07919
13907 23.6745 2.04891 16.5114 1.6124 32.2984 12.5643 18.6066 15.9125 20.5174 0.0119277 7.91577
13862.8 15.0949 17.7832 6.53887 7.74508 34.3609 17.3102 17.6618 5.41161 4.21767 0.046568 6.77817
13844.5 3.1385 31.4722 16.2081 5.97561 25.0602 1.36859 25.2884 3.97854 3.52453 0.0480942 8.48176
13844.5 4.41281 0.352343 12.7071 58.7801 11.7273 18.6442 10.5477 5.47211 8.98348 0.146254 11.1909
13840.5 15.2688 7.69524 22.1355 45.2308 11.204 11.0539 5.42122 3.20408 4.97657 0.0894857 8.43638
13931.8 13.9654 4.45417 7.56981 26.2904 9.86622 12.6565 11.8224 29.7162 18.9319 0.0371048 7.93809
13876.8 2.31896 4.45417 25.9736 47.2842 14.237 11.0281 4.39461 14.3826 8.09917 0.00668989 7.23596
13896.5 3.41861 4.45417 22.056 40.714 2.77304 18.8633 30.618 16.0455 8.83098 0.00299604 7.50156
13845.7 34.6885 15.7854 30.9127 9.43104 14.6082 23.4436 18.4377 2.2663 3.14604 0.0362457 11.2151
13831.4 5.00503 35.8158 8.68005 16.2158 9.82642 49.3586 26.873 4.78726 8.16601 0.0333821 9.80944
13875.8 17.6528 30.8997 0.549653 11.0018 17.4613 23.6818 18.772 41.5828 13.1768 0.0765592 11.6922
13875.9 16.9951 13.3935 8.29595 9.78412 14.2075 30.8915 1.77482 46.6351 22.6156 0.181291 12.3927
13910.5 5.44399 9.22061 11.5782 17.9194 17.3187 15.0521 25.262 13.9525 9.95006 0.0698633 7.25796
13896.8 10.6073 10.455 20.4026 17.6685 11.8152 15.0326 4.53086 7.34621 14.3682 0.0708715 6.64039
13916.6 3.06012 5.88462 21.1349 34.782 3.44439 10.6502 11.8245 26.9621 3.55723 0.0122541 7.03231
13895.6 4.2439 13.951 14.9114 30.2068 6.69032 36.8358 35.7104 16.7932 10.5149 0.0581943 10.1823
13743.5 38.5162 26.931 13.8235 7.48646 11.7815 11.0292 2.66296 17.7225 2.22557 0.0466956 9.81579
13810.8 27.2183 16.451 24.0819 12.2153 24.0075 11.6515 21.0118 8.64654 10.4104 0.0328557 7.92819
13845.1 4.77065 26.5457 1.0801 12.2153 27.1168 14.298 44.1915 9.47598 24.89 0.244792 13.1736
13913.7 19.2723 16.2539 3.48724 43.4297 2.93948 12.9341 19.132 21.4748 30.0754 0.365966 14.789
13771 17.219 8.95805 14.3763 25.8173 30.9494 7.56656 15.2491 33.8064 28.0625 0.00662806 10.7838
13881.9 10.5685 8.25272 35.45 5.79561 11.0366 21.0109 22.2972 26.7868 2.56353 0.0424159 8.34247
13950.6 17.2595 9.9515 1.83385 11.5778 29.8749 22.8607 6.94058 19.4833 10.2626 0.0364249 7.43371
13870.2 29.7497 19.0244 1.73017 13.5743 11.3225 14.8725 3.50703 6.85516 11.8973 0.0158904 7.0525
13755.9 18.1598 51.9544 24.5718 23.505 5.94096 8.69421 4.1225 10.2039 22.0911 0.0595692 12.8392
13841.4 4.46282 20.4371 43.7056 3.37524 9.47843 33.2799 5.41146 5.22236 21.2079 0.00918846 8.15775
13930.9 5.33563 16.2933 16.8359 35.4063 8.99011 17.1044 21.355 31.4051 26.1206 0.00658197 9.57315
13878.3 2.09972 18.9734 20.5086 49.4267 9.60572 9.95535 29.0268 38.2201 47.2011 0.00695815 14.3317
13840.4 17.5136 4.31028 20.1981 42.2777 9.3052 24.4501 11.7958 36.4206 31.305 0.00102237 9.93154
13765.1 12.9652 9.69615 35.5604 34.1201 12.3966 25.0497 11.7958 20.7126 38.2427 0.00102237 10.5776
13771.5 18.8845 36.2246 24.4552 4.00846 12.3966 24.086 5.57529 9.21772 56.428 0.00457016 11.1092
13910.5 4.0963 5.37764 21.8807 16.8708 13.7272 25.3571 15.2883 5.43638 57.481 0.00521295 8.94201
13895.9 19.4033 10.6275 11.4924 11.9248 18.2421 35.8273 6.89935 4.884 24.8624 0.00232954 6.09858
13821.5 17.0292 6.65377 16.1439 35.1504 5.35456 33.7604 36.5214 6.59301 21.3099 0.00125415 8.83494
13914.7 3.13228 11.9466 26.2754 0.732107 9.20793 44.184 25.6858 18.3354 40.5849 0.00759086 10.9689
13786.4 15.8355 16.8806 19.6402 26.4129 2.5986 11.0302 1.23013 10.6341 32.9739 0.0397858 11.2182
13828.5 25.9013 21.1754 3.93883 7.23708 11.183 13.5369 10.9322 7.35359 23.9348 0.121172 10.6221
14007.4 18.0194 8.36277 12.0656 11.4384 21.0863 4.39074 20.41 7.46238 11.5872 0.170591 10.0662
13705.1 15.3331 51.3681 16.7981 11.9288 27.3571 8.94878 15.7711 6.27408 5.44559 0.0758103 10.6192
13735.6 0.695604 17.1652 30.6931 22.1542 17.7445 19.7423 31.2381 6.98462 4.6519 0.0401629 13.0229
13788.4 15.6924 12.5368 24.0802 2.47075 33.3565 2.40984 27.8443 4.35868 44.9665 0.0342904 12.4299
13763 30.0432 25.3847 7.64873 4.35155 14.9588 40.1764 27.6528 24.3169 34.2195 0.0354349 12.927
13775.6 21.9402 34.8391 15.4441 4.89863 25.126 16.0473 9.23487 9.44905 13.5374 0.00780137 7.27106
13925.1 8.61042 18.0134 13.7841 22.1514 11.1937 52.4659 2.57057 13.6208 2.01801 0.0271241 9.27178
13885.1 11.0703 33.364 15.3921 4.78338 8.65835 8.2045 6.05854 7.42961 29.8714 0.025757 8.34242
13864.1 29.5575 30.672 0.831563 7.51435 17.9676 13.8262 16.3437 7.61789 2.45199 0.0138171 8.26059
13609.3 48.8063 2.21352 25.4628 20.7467 40.5873 9.1359 22.9072 7.68606 22.0747 0.0558423 15.106
13790.7 44.3226 1.90242 10.2234 14.4148 48.913 4.31513 0.547729 6.29321 19.5036 0.0452729 10.7758
13897.4 7.69251 7.50091 11.5817 12.7244 33.2305 10.4611 21.5388 12.0753 24.9401 0.15389 9.27755
13966.9 14.6962 12.8346 5.25514 12.3087 12.2275 7.22482 18.915 4.99754 25.2379 0.140698 8.93341
13898.6 13.7214 17.6372 8.95368 9.11577 22.3679 8.08182 31.4288 5.9206 32.9169 0.109499 9.62833
13994.2 16.4399 2.75425 15.1217 6.82712 10.77 37.2213 9.74396 14.1638 13.4647 0.018049 7.52404
13959.7 8.69905 4.424 21.9057 6.10152 13.8758 6.12274 9.17934 10.1566 18.0584 0.018049 6.2252
13892.7 19.4698 2.99288 4.21451 1.17921 28.9426 44.6339 13.9737 30.1513 15.8402 0.0219746 10.6601
13824.9 13.3216 2.91598 30.7637 30.1239 7.57582 9.70449 14.4202 11.4235 16.221 0.299048 11.4389
13821.9 51.9724 23.0586 6.36218 25.5134 3.34328 10.0051 21.4336 2.316 15.6521 0.00540535 12.5072
13826.1 31.9597 0.893701 1.43829 17.5743 7.83856 24.8152 14.7825 18.5603 7.25913 0.0111501 9.9979
13913.7 14.6369 13.6006 3.24557 11.1221 16.2051 39.4678 35.5698 26.6572 0.917049 0.00611698 9.22778
14017.2 4.46769 8.99441 3.74834 12.5462 3.12889 34.6486 6.35172 1.95296 21.6987 0.0144246 6.93021
13935 7.15389 11.6746 8.92514 30.9058 5.29615 4.89342 69.5384 10.2136 55.7338 0.0986635 15.079
13905.1 20.8738 17.7654 0.662547 38.3529 8.99998 36.2419 46.9651 41.3627 35.8436 0.135735 21.4146
13824 23.6872 32.6993 7.30419 5.14035 6.18715 35.7211 8.76521 9.52201 8.10653 0.0964795 9.21011
13905.8 14.6472 26.8029 7.00009 1.80627 16.633 20.1043 23.4248 2.62441 7.89321 0.00706214 6.47064
13939.3 7.22318 20.4263 7.98391 3.78991 19.3238 13.1721 14.1421 9.36823 25.2324 0.00993139 6.3616
13934.3 4.60032 22.3331 10.6438 15.3912 7.84124 12.1177 16.0751 3.99079 9.96571 0.0703782 6.64091
13843.6 16.8613 11.1019 12.9107 35.1397 8.41799 19.1221 4.66443 10.6975 19.5637 0.0248443 7.09622
13887.4 13.3436 25.8424 23.139 3.27378 10.1722 21.7937 16.9662 9.97906 9.26125 0.0156544 6.91269
13964 16.7739 25.12 8.03782 1.82627 13.3833 16.2353 36.106 10.4054 2.67609 0.0160386 9.17092
13949.8 15.4564 6.98383 2.32577 8.8274 22.0298 3.39341 5.11204 13.503 27.2766 0.0184941 8.17456
13760 14.8746 18.3595 23.1909 37.7127 21.7472 5.04382 1.22709 15.9274 11.477 0.0135538 8.96195
13979.8 17.8152 18.303 4.89628 18.171 4.14451 26.6132 11.2079 15.0907 12.9872 0.378103 12.5513
13955.7 10.7817 5.42991 13.2454 9.25308 13.8102 4.33287 33.0165 12.7784 13.3672 0.326326 10.4717
13993.6 2.88161 8.68233 2.2182 8.28984 6.8068 57.7652 0.912623 13.4813 12.7478 0.192084 10.6923
14001.2 9.61432 10.7783 4.45638 3.78102 4.65009 57.7652 13.8699 14.023 12.3932 0.0495998 9.321
13967.6 22.2371 5.34268 3.25978 1.7863 17.9921 20.6699 26.6651 25.1884 8.97023 0.0175114 8.68679
14039.9 14.8739 0.199173 12.996 30.556 15.2577 34.5411 9.53068 9.56114 5.12591 0.00511499 12.492
13869.5 38.2289 6.69714 8.37068 17.074 11.8002 14.8642 3.07207 2.54087 45.5374 0.0470069 10.5514
13792.5 34.6926 2.27543 30.6587 11.3339 8.2061 20.0017 8.01302 32.6402 50.1659 0.0477215 13.338
13857.4 6.22072 6.95716 34.8349 30.8076 21.1973 1.99974 7.57227 8.17937 15.3642 0.208072 10.4445
13819.8 12.3371 12.1049 19.7524 10.7901 41.8503 6.05926 16.3698 1.40236 27.0254 0.102659 9.99986
13770.4 20.0868 19.9169 13.8893 8.94399 10.5818 23.9902 26.049 15.596 10.2259 0.009602 8.96562
13893.5 10.3326 25.9728 9.92268 6.2757 11.558 41.464 5.65693 10.3005 10.3451 0.0212721 6.70609
13854.6 3.80158 22.8225 12.4514 36.1692 10.5341 15.0341 14.4009 8.137 13.7426 0.0234217 6.88401
13837 25.2245 3.50632 23.8224 16.246 12.3223 25.0374 32.865 15.8268 2.63692 0.0517123 9.15505
13840.3 23.2709 25.4432 6.18819 32.9857 20.464 11.9217 19.9817 26.6921 8.57089 0.0481601 10.5649
13827.6 30.6548 7.28159 24.8434 14.9127 37.8922 8.14973 8.52168 25.5599 1.4544 0.15988 11.411
13981.7 5.89958 7.9743 3.29499 12.7171 26.628 3.66672 11.7869 14.4871 21.5361 0.213682 9.41778
14015.8 2.48901 4.92669 39.0137 20.7524 3.53167 3.76926 17.4665 11.332 5.71287 0.258175 12.9982
13953 0.221815 17.8694 12.7426 11.3046 12.123 10.4795 4.11363 12.6732 6.32564 0.093465 8.17251
13996.9 8.43994 10.1507 17.4102 13.5161 18.4554 8.69307 6.42164 16.654 6.6826 0.0235914 6.16174
13924.3 14.7343 5.60208 20.7226 3.18883 26.5899 30.6288 6.14345 10.7024 0.956349 0.161828 8.97917
13825.6 17.1117 29.1339 12.7422 4.57282 6.69728 56.0921 8.8534 6.66484 13.3156 0.044882 9.307
13813.3 16.918 10.4317 14.1814 15.7233 33.2404 8.70017 9.24202 15.9872 21.929 0.209314 10.7879
13836.8 4.77145 46.4673 11.4796 10.7524 13.4337 21.0385 1.61385 14.6734 9.5017 0.0125513 7.56067
13661.6 14.438 24.586 11.0407 43.3504 11.0404 35.9639 8.53928 14.1883 14.5021 0.0020619 12.4962
13750 13.3567 37.4819 20.131 24.4662 6.55504 19.5118 33.1574 26.9349 23.992 0.0598597 12.8126
13875.2 7.29057 30.2757 2.62708 14.2879 6.02157 22.9241 29.6868 16.9325 7.05948 0.0318233 8.27198
13936.9 10.6472 16.8172 11.2578 9.62221 17.2293 13.9118 24.8118 48.2924 1.05882 0.113317 10.7622
13927.1 8.2582 6.23358 24.0197 26.823 7.50318 28.3588 24.8862 46.4443 20.3599 0.020574 11.1202
13920.6 4.5335 1.99943 21.7351 19.0792 29.2221 17.392 35.5853 18.4414 21.5076 0.0161192 9.11057
13883.4 11.824 12.7918 6.64157 11.5859 21.207 28.9031 7.75509 6.46046 12.3164 0.274843 9.35585
13873.7 24.8373 7.58597 31.9047 4.89211 2.80978 33.811 39.5862 16.6011 9.13543 0.181055 12.7923
13886.8 5.73353 8.9327 18.9588 6.00583 11.2045 43.378 18.7467 10.5132 10.3678 0.0472726 8.08552
13903 4.92502 14.4584 9.95828 15.519 19.6023 40.2236 13.1415 7.37132 6.12229 0.0553249 7.05999
13916.6 12.7941 11.6962 26.1929 15.4694 12.8727 11.2198 26.4654 18.4828 12.3039 0.0561636 8.25828
13731.7 9.83799 27.7027 31.9006 14.6901 39.9846 12.8389 14.9523 13.2649 10.7644 0.0179868 10.0229
13994.7 7.22656 7.55965 5.08307 8.68924 7.71257 22.6344 11.347 18.0681 2.69581 0.0381086 6.76241
13841.3 6.09698 29.8786 25.3201 5.5263 0.411041 29.0342 14.1872 15.5003 10.631 0.0619513 9.83462
13866.4 14.2662 20.4575 3.6039 11.7061 30.911 14.6406 17.0987 22.1837 1.824 0.123919 8.96677
13859.3 1.74594 5.7398 22.7049 35.319 13.6216 21.4671 9.27931 39.746 7.55534 0.116585 10.9486
13881.8 28.6501 6.64433 9.26316 1.05811 20.7495 29.9445 10.2863 10.4821 19.7295 0.0995448 9.56285
13872.6 11.6682 21.7541 8.74106 21.0272 12.0726 15.1327 11.8854 6.89514 2.07289 0.0615974 6.5225
13909 3.09375 13.6777 4.42095 39.8339 16.3825 3.11258 29.5164 7.73445 14.915 0.0215363 7.46426
13855.8 10.4238 7.69948 31.2365 18.7375 0.852474 32.3305 23.4266 13.3784 11.796 0.0588254 9.34761
13896.7 16.843 2.8796 29.6334 33.9348 17.5103 30.6361 8.65463 12.9839 34.9859 0.0731207 13.7094
13939.1 9.03016 16.1959 12.567 9.46694 25.6958 22.8178 1.91802 30.3543 9.42387 0.0431903 7.84122
14010.2 8.58453 11.7973 8.13794 0.350844 29.557 32.1778 6.42136 19.9639 10.3568 0.0762967 9.87005
13966.6 8.82348 8.10166 8.69396 6.73308 50.5032 32.8098 3.32259 6.28175 4.49843 0.0718772 9.36845
13962.8 8.0863 23.1571 3.81753 15.131 10.7883 25.5954 9.69189 6.93629 6.42022 0.0116502 5.54008
13975.8 4.17049 7.9955 6.27429 12.5604 32.2675 2.98262 51.1695 9.59417 5.98122 0.152697 10.0556
14002.3 3.8903 12.7815 6.08078 13.7277 22.6521 1.14565 22.0401 17.3558 1.99697 0.0446801 7.48906
13875.9 2.93739 19.5826 14.1076 15.2448 18.2958 8.52383 27.6231 21.0698 1.0328 0.134646 9.47075
13850 2.65057 5.97927 26.2554 21.5882 33.3557 22.3477 28.3553 18.2292 1.87804 0.0983196 10.886
13881.5 6.4977 4.16568 37.8358 2.88512 30.141 24.002 28.9837 34.8413 4.98995 0.0679055 11.2479
13736.3 21.617 20.1479 48.6283 18.1763 20.7317 17.4 23.1708 17.1101 5.43617 0.0669935 13.1109
13555.9 36.7223 23.3168 46.8015 33.1802 20.9867 16.6419 17.085 22.4337 20.1771 0.196903 20.0151
13685.5 19.338 27.5117 13.4463 9.4168 7.30719 28.7086 23.4565 11.9301 8.7319 0.15434 15.7841
13969.2 10.9188 22.372 24.5286 9.74039 0.541614 10.3487 35.3135 3.92148 14.6387 0.0771168 11.6408
13900 9.90374 2.22703 8.19415 38.4864 16.2824 3.20464 3.00581 7.4549 2.61984 0.143508 8.76659
13945.8 7.18014 8.52343 8.66814 49.3616 31.9504 5.82051 3.12558 7.19603 10.9307 0.131336 11.3007
13854.8 7.30413 22.2239 18.1906 28.4561 4.18176 8.99288 33.1693 0.438475 10.2367 0.0187117 8.11234
13880.1 2.03917 0.592799 17.7653 22.6194 48.3211 23.1052 1.71156 4.13345 5.06002 0.0441561 9.59916
13931.8 6.17705 2.96067 5.74236 46.1484 17.09 21.4071 4.47567 4.88417 3.65869 0.109247 8.09176
13879.3 20.7507 4.93207 22.1804 26.7419 9.34754 27.2708 10.8603 11.3988 13.7939 0.0791598 8.49852
13873.1 8.48638 5.59612 30.1475 28.272 0.67281 24.5239 4.51679 15.0076 7.12675 0.0581073 8.46277
13928.8 10.2632 0.820175 42.1666 11.3828 16.0368 16.1201 5.2981 10.1181 5.4814 0.0979943 8.72615
13858.7 8.49575 9.00183 39.3242 9.68338 23.7262 27.5194 29.3926 7.14137 3.24629 0.00226617 7.63267
13851.7 20.9165 17.12 32.4799 9.80821 16.4086 40.0581 6.18183 6.27803 1.76215 0.00676613 8.92558
13859.7 14.173 11.4955 34.8142 8.07205 8.04066 16.8476 11.8832 7.11415 2.47575 0.0515869 6.96463
13872.6 9.33748 35.5217 3.89751 24.7471 17.5477 8.79469 2.08569 14.2318 7.29682 0.00231118 6.00374
14041.4 0.719845 13.9288 14.172 2.15546 23.0858 9.45496 3.07277 5.6836 26.3969 0.0131714 7.78737
13925.8 7.98686 23.4882 2.05368 11.425 30.1489 16.425 4.09679 6.70811 18.5774 0.00325475 5.49885
13967.7 8.05276 2.46509 18.1982 11.4236 24.2638 15.64 12.607 10.8975 14.6677 0.00325475 4.83506
13967.7 3.65355 1.25531 6.3044 7.38413 20.2898 29.3364 5.58205 7.2804 15.1264 0.0605037 8.05213
14046 1.24063 11.6049 7.56903 10.4715 15.472 17.7301 0.373 10.3381 25.8248 0.0143564 7.88842
14065.7 0.522447 6.59036 10.3359 5.76576 15.624 19.6022 21.22 37.8857 11.8377 0.0323852 9.68648
13983.3 4.76725 5.50208 8.79188 48.6781 30.9069 3.7361 37.3951 14.3176 11.2601 0.0109869 12.3633
14016.1 5.9728 7.26578 12.6516 28.2312 3.33268 18.1545 7.39128 8.05008 17.1454 0.0255189 6.90428
13910.8 22.1572 2.4163 13.8826 16.2799 7.62778 30.1865 19.2649 17.4082 11.1119 0.0499712 8.0242
13882 15.9925 14.4207 13.1643 9.61198 19.5078 25.3023 28.1473 3.96078 2.35467 0.175483 8.97325
13877 4.23726 4.884 35.0861 21.5985 10.3163 27.4727 28.3405 23.4368 2.82425 0.127 10.6768
13882.4 9.4806 2.03683 16.2726 14.4651 39.5036 21.5418 1.11813 24.3839 6.20684 0.192684 10.4061
13849.1 4.21968 8.37067 15.4772 25.7014 15.1621 14.6535 4.85499 27.442 16.9755 0.0128698 8.81077
14049.5 2.27992 3.03776 30.6049 10.7367 18.9509 17.8146 0.356913 17.6766 13.2483 0.0143685 9.65053
13905 13.8898 29.8463 8.95559 4.39565 19.4914 9.80443 4.51432 19.0794 10.6434 0.0208102 7.03075
13788.1 6.82946 15.6777 19.8087 38.2538 9.20081 10.1458 12.6036 5.70068 5.43402 0.0207273 7.92244
13804.2 32.9678 22.5824 2.25018 12.3942 9.85691 40.67 8.73704 12.5772 25.0369 0.009523 9.02871
13948.8 15.392 0.564159 9.32323 21.1068 12.517 31.6455 3.87939 15.698 29.7137 0.00612732 7.75966
13912.6 5.50222 26.8681 6.3318 21.1422 4.42485 12.0533 18.0165 9.65789 14.0493 0.00593837 5.81902
13954.6 5.85389 13.8176 11.6986 9.34372 15.7141 12.5079 0.712731 4.49882 25.2113 0.0799055 8.14989
13713.2 29.4783 16.9661 11.9853 19.7638 27.7606 20.8093 8.67982 1.70182 28.5773 0.00133636 8.98655
13730.5 34.7644 39.3315 22.0878 1.0224 5.0627 21.2389 10.0102 0.207894 10.7608 0.00335655 10.4919
13717 29.6096 41.357 2.93499 12.7338 18.3478 18.7254 13.3219 5.74649 5.58501 0.0136403 8.60442
13753.6 18.1026 31.6362 30.3961 6.35904 27.2892 19.461 15.0057 17.7407 22.171 0.0150833 10.0696
13822.6 34.2506 2.08401 13.0806 15.233 29.4543 12.7111 10.4976 10.4454 2.53915 0.0149598 6.85461
13909.8 10.2208 3.42534 30.1555 14.5094 50.6469 8.44513 30.9197 6.83093 1.32921 0.011147 10.4352
13883.7 5.05541 4.29272 17.7877 7.10001 10.9271 47.403 10.6878 4.26034 10.1843 0.0507111 8.62204
13910.7 19.1217 26.2923 8.58163 0.0967844 23.3779 16.4892 5.76869 8.2041 8.40048 0.0181738 8.25808
13921.1 0.965714 1.94119 7.66483 27.7677 5.66855 36.5165 10.7849 0.268841 3.04693 0.0936207 10.1718
13890.8 6.37646 23.0051 6.17603 40.7482 14.6579 4.50374 4.82669 41.5489 15.6446 0.0723123 10.3983
13867.1 6.56248 23.6849 1.38533 17.1352 15.1116 29.6556 19.2113 20.7126 7.23484 0.00743502 7.41734
13973.8 3.20739 20.7133 6.47577 41.8721 10.7735 12.0373 22.1024 3.29888 3.41732 0.0188219 8.5715
14024.9 3.4045 12.3794 20.671 13.4122 6.58358 11.0153 14.6022 5.23367 3.46879 0.0163705 6.20919
14024.9 0.667002 6.56988 28.6317 13.4122 6.42259 7.48258 11.7247 1.48728 10.5751 0.0175246 7.06494
13917.4 8.37685 13.1281 10.9657 25.1682 4.36663 7.34005 12.1736 1.89339 19.9615 0.0282884 6.83417
13848.6 6.64856 29.667 10.1896 17.0757 23.0372 18.3939 12.2156 11.1162 36.0364 0.0354184 8.71843
13757 27.5334 18.4832 23.6901 12.7626 27.1779 4.8804 36.4028 14.0679 34.5338 0.0358713 11.6123
13866.1 5.08974 2.42944 34.8073 28.3126 9.17636 12.6333 31.3118 8.58244 48.3386 0.0649535 11.9653
14031.7 8.20306 2.39771 6.18307 9.58213 8.31595 44.9422 22.2809 24.284 6.04946 0.100775 10.1819
13895.4 2.99385 7.09862 12.741 25.2194 36.5286 2.8439 20.5482 2.83571 10.1912 0.111284 8.41411
13753.9 16.8574 50.4173 12.0558 1.83251 20.8217 2.20448 8.02218 15.0517 7.17139 0.0279951 10.0427
13776.7 20.8827 25.512 17.7473 43.645 11.2051 11.7701 8.15616 15.6029 1.77265 0.0131601 8.9842
13865.8 25.5007 9.28165 14.01 4.81236 17.9167 22.8639 16.0205 6.2797 22.4109 0.0131601 6.93212
13870.4 32.9928 4.41612 12.2178 10.6543 14.8415 15.4505 1.51417 14.4826 2.69515 0.0585584 8.05634
13943.6 8.59635 2.30441 7.32763 18.506 35.4966 28.7985 13.2638 43.9602 3.02477 0.0162747 9.2538
14018.6 13.9762 7.41191 14.743 15.1387 8.91486 5.93685 11.4062 7.62947 16.4435 0.0175492 7.0056
14021.6 12.6199 6.11465 10.2085 8.14578 10.6396 31.4618 6.08205 6.47123 28.1715 0.0107214 7.30791
13851.9 4.96561 13.9475 22.288 21.913 24.4873 5.77513 20.43 3.53309 44.8343 0.013372 9.01379
13977.3 4.16375 12.7991 6.22066 7.27854 40.6016 11.0832 24.6946 3.53309 0.611781 0.0289645 7.12494
13958.2 11.6814 25.9692 6.62005 3.26826 18.4726 10.5974 16.4108 22.5773 4.61618 0.0186778 7.32966
13935 13.8299 6.84747 3.13097 21.3593 13.3126 7.05692 18.2468 20.4047 3.84201 0.0201079 6.61139
13922.9 2.43958 5.44678 4.96403 17.0049 13.4993 3.49214 18.3624 12.0421 19.1644 0.0155292 9.65829
13946.7 6.48944 6.12313 17.6793 22.1497 20.0869 13.4135 35.5782 12.7799 14.7787 0.00248028 6.39999
13932.5 7.84719 4.91423 35.7785 16.4011 21.3559 9.242 26.6736 8.82891 3.38325 0.0420315 8.15641
14001.8 2.68123 1.17675 16.1809 14.8205 19.8806 2.62926 17.3594 12.2342 6.9803 0.0429229 6.89737
13857.4 6.65193 19.4706 7.29985 14.728 37.7354 5.09225 24.2072 11.3711 11.6074 0.0624357 8.04781
13767.8 9.34611 25.8289 17.4393 17.1822 34.9936 6.88063 16.7686 30.0032 14.1504 0.276531 12.9644
13759.5 6.16445 48.3175 4.31488 25.6259 13.7371 10.2003 12.529 0.503121 6.88121 0.328821 13.3863
13720.9 6.15591 34.4544 24.1424 22.9191 29.1457 3.87226 18.3186 17.8718 6.55186 0.00244855 9.46031
13800.1 17.1223 14.0079 20.3252 11.7969 37.89 10.1291 23.9295 55.1554 27.105 0.0523657 13.2336
13799.3 26.525 13.524 28.6646 30.2073 2.74741 20.6289 0.206439 8.83257 32.3928 0.0958005 12.5356
13811.1 38.527 10.3453 1.05618 14.7217 3.90492 31.6689 23.6921 8.88879 5.28669 0.03606 9.62395
14018.9 9.36885 7.01311 12.7655 4.71659 6.73246 23.1209 22.2904 29.9155 3.80041 0.060242 8.74182
13745.6 25.0954 19.1679 31.0972 0.259067 37.569 17.1068 15.7514 32.4177 7.49886 0.116585 13.3758
13746.9 29.3609 11.2167 17.9608 8.86781 27.8597 46.2872 36.2261 37.5488 8.12131 0.0791445 15.2671
13738.3 32.2628 5.33407 6.26741 19.1008 39.0109 60.4164 34.6127 13.4901 34.6519 0.0146179 17.7447
13841.7 21.9292 11.1465 8.06343 7.29279 2.26704 60.6956 8.51607 4.28422 14.2411 0.036723 9.54779
13892 10.4547 16.6414 12.5082 13.4756 0.689732 55.6283 8.44572 4.16983 8.58197 0.0886879 9.15762
13877.3 15.5512 11.0293 22.0939 7.60997 36.5073 14.0191 12.1707 2.80621 19.1933 0.00355369 5.94938
13881.7 16.0814 11.6416 2.68038 16.4815 39.4285 8.40121 13.546 0.359261 32.4924 0.0885256 10.0606
13842.6 9.66524 34.1131 0.205617 11.7509 57.1987 7.18018 8.57894 29.5325 2.18748 0.150553 13.0585
13944.8 9.1339 39.74 1.37709 7.37707 21.5509 28.9068 12.976 8.68741 8.64314 0.0749319 10.8107
13870.3 3.13767 22.588 9.93496 2.79319 32.8913 24.633 52.9052 24.8646 6.26147 0.20948 13.8078
13838.1 19.2679 29.048 10.1001 27.94 4.34025 26.4895 31.901 20.2796 7.01454 0.296207 13.5259
13894.6 6.44792 18.4434 9.99642 7.6051 10.441 39.6359 8.73496 13.7862 32.1077 0.283656 11.3651
13964 5.90571 6.94831 9.68045 7.01907 32.6285 36.3628 10.7749 6.86245 38.3914 0.018775 8.4895
13996 5.96967 1.36705 1.8754 20.6541 29.3131 11.965 5.25177 8.52703 6.13463 0.0355297 6.33496
14009.9 5.09405 4.87043 1.36031 24.393 21.9714 22.1413 12.2964 11.0905 3.08234 0.0756316 7.48403
13998.9 3.82599 15.6083 7.54257 5.10994 26.1326 10.8867 1.50984 10.6349 7.87294 0.00390595 4.97686
13902.5 2.86399 17.9237 15.9013 22.7932 14.821 5.46242 17.4752 2.7929 10.043 0.0315795 6.1753
13986.8 6.00145 9.58118 29.4338 25.4578 20.0574 16.5765 10.45 17.4128 13.8053 0.0200607 10.6623
13967.5 8.13443 15.0946 14.7137 11.2295 14.7177 21.3106 5.39191 32.3378 15.7329 0.0254621 7.61017
13922.2 6.09266 8.11609 8.96697 33.3746 19.9188 5.63792 28.3417 16.3829 4.61126 0.00630737 5.99743
13827 22.4865 4.53526 1.83529 42.3906 23.1081 14.4938 27.7082 14.8135 6.13076 0.0581605 9.77112
13829.9 37.9958 9.23465 0.693453 5.57875 42.5493 9.74533 5.11602 17.4953 18.0452 0.044341 9.92145
13819.8 34.7946 11.3088 9.45092 5.06452 27.1882 16.8039 8.60006 4.6592 11.8653 0.00635876 6.26631
13812.7 39.8511 1.76465 11.8856 19.6867 26.292 18.0539 14.6882 5.30948 0.380878 0.016221 8.33862
13870 1.15026 0.994575 44.7887 10.581 58.5372 17.6296 8.20739 4.88657 8.14389 0.0552302 12.6222
13858.1 19.0009 7.88665 8.33318 18.6475 42.231 1.97261 0.578054 20.8341 9.10219 0.0443665 8.78354
13800.3 10.7082 34.0818 8.33381 13.1368 18.2121 21.0922 19.8351 8.26637 12.4939 0.0559071 8.32538
13770.5 11.1832 14.5903 15.3487 10.6602 28.127 40.6098 11.8742 9.01981 26.9507 0.0263888 10.9938
13872.4 4.93798 11.9999 17.8264 13.087 44.3185 4.28954 24.482 8.30881 24.6004 0.0215954 8.10342
13929.9 11.8968 12.9606 8.76172 14.2534 15.4115 22.706 27.9223 3.426 29.2023 0.0551153 8.31031
13832 14.9583 12.8292 14.4861 39.6707 12.2617 1.67683 15.3186 4.40809 6.46504 0.0243175 7.07957
13870.4 22.3408 13.2397 6.82964 23.2387 19.0305 15.7701 12.5701 21.0111 3.40509 0.000535366 5.17264
13923.8 5.1319 18.9756 5.46508 12.6853 11.4944 14.4769 53.7635 5.01971 9.21876 0.015951 7.88963
13888.7 15.8802 27.4208 6.70625 6.85387 22.2877 13.8306 6.56003 6.80346 16.076 0.0261319 6.53181
13896.9 4.56049 26.1495 13.9021 19.0982 10.5099 36.0847 7.01419 7.15223 4.92327 0.00870622 5.94519
13828.8 43.7469 4.17467 3.91897 20.0224 18.1475 18.4296 0.568563 21.519 6.15112 0.0405522 9.51742
13902 17.8745 1.44171 4.22231 22.0269 1.31617 37.3313 23.2781 17.5981 28.3015 0.132786 12.2424
13894.6 19.0443 7.04418 4.74721 20.4885 6.29657 12.7543 11.9866 10.3267 13.2187 0.21001 9.83626
13894 19.8847 1.63966 20.765 12.2954 11.3448 21.0766 7.88937 20.9918 2.85983 0.0222428 6.8788
13955.8 5.84026 19.1187 21.0335 9.06452 22.592 19.8385 11.1069 7.80882 11.4755 0.00185881 5.53576
13860.2 21.7625 19.0614 4.5791 22.5721 3.82974 32.6837 5.87906 7.14227 22.3592 0.0155024 7.4343
13741.7 20.7876 30.7496 24.1108 43.826 14.7806 8.12752 20.1411 21.4084 5.30123 0.0522744 12.9043
13662.7 34.6963 8.59681 51.0533 8.14869 12.2955 34.7886 28.2286 15.3768 13.4134 0.0491901 13.9106
13974.5 12.5466 6.52422 13.7575 3.11901 18.6999 28.6468 12.0826 19.2248 21.7029 0.0539812 8.2181
13889.4 6.03659 11.979 18.0492 15.1338 20.354 37.796 4.64241 15.1075 4.35394 0.0557367 7.25726
13892.4 15.3649 7.45002 11.2004 5.48081 33.2367 30.6743 6.36466 8.4781 23.986 0.0866567 8.50711
13824.4 15.5435 14.2682 11.5937 8.36832 14.2507 26.5725 29.0576 9.86471 20.4598 0.0856615 10.1509
13810.3 18.6816 10.4446 12.4909 8.46155 23.1477 25.3801 6.28037 4.85611 21.7682 0.00335598 7.31476
13755.6 18.4597 29.6396 31.9609 9.28817 3.86703 36.3559 20.9731 5.49587 25.206 0.00134992 9.37971
13639 24.8791 14.4736 38.7833 28.2744 3.97057 25.5286 49.4443 6.71298 20.0188 0.01841 15.6406
13677.1 15.5046 23.1763 15.4223 49.054 14.9222 40.8222 25.0898 21.2478 23.5863 0.2264 18.5413
13877.5 22.9584 26.084 8.90376 4.3422 13.3865 2.58761 29.0102 21.967 24.5015 0.214932 12.4308
13913.8 14.111 6.29704 6.90575 11.2677 27.1118 15.7626 5.72483 11.4239 9.53135 0.230076 8.63446
13845.7 23.4273 7.13479 14.806 21.4202 10.4858 19.2483 3.39887 7.50079 12.3098 0.148754 8.63467
13806.6 36.8541 6.1066 4.72851 28.4227 2.80527 13.3972 13.3417 16.0402 6.79199 0.0659824 9.57354
13768.4 8.4774 12.0068 54.6868 21.475 2.82152 6.00723 23.8659 17.9598 25.9018 0.0382639 12.1222
13765.4 2.77313 22.8341 52.496 5.7539 10.6122 7.96855 31.5526 5.82232 17.5484 0.0612292 11.6829
13916.5 5.01719 10.6269 24.4014 10.3101 10.4057 10.2546 9.77115 7.09206 13.5809 0.106198 7.37883
13805.4 2.44012 11.3087 63.6032 17.252 2.60831 8.28149 22.093 2.49691 19.2839 0.0146843 10.6561
13908.1 5.97314 5.38968 11.8348 60.1077 0.0663521 17.1412 18.4475 17.4857 4.84801 0.130733 12.2285
13860.6 10.1731 12.6759 11.272 44.1628 7.22014 12.3993 4.13427 15.3322 1.30531 0.356868 11.216
13821.5 12.0529 9.16188 12.0464 31.9279 20.9751 13.4665 16.888 29.7557 5.64025 0.00188094 7.2297
13816.6 22.5729 8.68879 19.3792 16.6568 29.0374 7.52267 0.285831 24.2577 17.9552 0.098872 10.6591
13953.7 18.4343 3.80885 4.54059 38.4634 17.1497 0.882965 17.5183 25.3928 12.5054 0.0104632 8.67776
13931.9 17.7336 0.879036 1.55776 20.8349 30.9173 16.8099 7.6767 28.9886 2.60255 0.0477281 8.83176
13923.2 2.36395 1.45172 9.66916 10.156 24.4743 17.7352 4.76062 10.9789 19.0325 0.173911 10.6113
13911.8 9.1304 26.485 21.6183 0.591667 19.519 17.7542 30.6159 23.8888 7.37854 0.0443392 10.1783
13922.3 10.8581 19.2314 18.0196 7.17855 15.4472 17.0194 23.5212 2.35949 63.7196 0.029088 10.967
13838.8 13.9008 23.1925 3.30647 2.96234 38.4262 41.3095 3.35997 17.4451 41.3625 0.00538576 10.6915
13881.3 14.1305 12.9569 9.87575 2.06491 24.7717 5.3703 1.83428 8.53985 38.5973 0.000678074 8.62564
13848.6 7.97361 13.5659 25.2737 16.7821 21.8929 35.6754 3.63302 10.7022 15.627 0.0110633 7.07856
13853.5 16.0512 9.52384 8.6727 9.42981 15.7747 48.1465 5.10693 6.62554 28.1289 0.00329754 7.71262
13902 20.57 9.45642 11.7286 7.34908 13.6802 8.57623 40.8513 1.63399 24.3987 0.0439995 9.05103
13874 4.46887 0.492765 29.5661 24.5366 10.0424 14.9019 13.7442 3.55081 5.66976 0.00757428 6.92626
13910.4 4.46887 12.2519 23.5211 23.6879 7.2334 6.46123 13.4029 1.45752 9.4829 0.00107341 4.66356
13970.4 5.60967 5.32537 18.3829 21.9257 8.18002 28.3325 6.07569 9.86473 5.10769 0.0550392 6.35237
13821.9 13.0772 25.182 3.76073 31.4597 15.6822 20.3671 2.06007 11.4048 17.7359 0.202981 10.3962
13844.2 16.8395 6.28354 1.00145 54.7479 25.1761 5.78775 1.17457 3.43133 14.9607 0.108568 10.6556
13921 20.3763 10.8791 6.40315 29.4549 5.25983 41.0003 1.17457 9.3964 17.1306 0.00289623 7.63429
13940.2 3.54557 14.9469 5.22912 18.9698 5.10257 32.4763 38.1968 9.01446 17.6756 0.0940917 9.55373
13966 6.06708 1.14176 13.4944 27.0145 5.52539 6.50005 25.1376 14.8205 20.4408 0.0276019 7.88055
13967 3.17162 7.11515 6.58964 22.9541 10.458 6.50005 24.2034 16.0859 20.6562 0.0510987 7.89708
13928.6 4.05118 0.995105 12.7572 17.6342 18.3544 7.72484 43.3484 54.0185 0.655891 0.107187 13.5582
13897.3 9.08671 5.23417 11.3793 21.4708 14.6897 12.5655 13.6749 5.57644 3.26801 0.223361 8.63621
13788.9 14.5159 10.38 20.6671 23.0524 20.1035 13.8477 12.5322 12.855 14.6389 0.138331 9.87635
13895.9 14.7952 20.9187 18.3387 13.5031 32.6947 21.9987 21.7209 0.783611 35.0124 0.0476822 12.388
13852.9 19.1926 13.6382 13.5552 3.82202 12.7205 29.8626 32.997 5.90943 22.11 0.15382 10.7029
13883.9 10.2282 7.75985 32.4566 24.8011 9.06046 30.3715 8.21229 8.33564 22.9021 0.00583857 7.32401
13770.5 13.8901 24.8158 21.6683 26.7163 9.72449 20.9718 28.4391 4.76129 28.9498 0.0636841 10.8113
13826 13.2574 18.0293 11.0744 38.824 8.09231 11.5153 52.7844 8.42175 0.943301 0.0864694 11.1407
13892 3.97632 4.51113 8.99512 55.701 9.84254 7.50562 1.90119 5.47111 4.43599 0.0725083 8.14003
13964.6 4.69198 2.61995 8.26912 65.3518 3.23716 6.12094 3.13835 13.8871 3.2811 0.142355 10.8406
13940.4 0.604832 2.61995 14.7506 57.9374 2.53731 16.115 2.50166 9.81243 10.8954 0.0721519 9.81017
13889.2 9.27118 8.2704 34.696 21.9639 13.6758 4.94357 12.2249 21.2562 2.39241 0.0836947 8.38643
13896 18.2086 8.59629 21.1702 12.5873 17.9786 12.2068 5.04748 7.00021 24.2105 0.133882 8.44277
13843.6 15.3333 16.6567 16.8509 25.3447 9.84065 26.0455 7.31743 9.0105 17.9272 0.00452671 5.93405
13865.2 1.83372 8.48291 40.8536 16.7213 9.66415 44.9483 6.72976 11.4999 27.0099 0.00405148 9.02636
13833.2 36.3626 21.509 36.2047 15.3879 4.31836 2.57993 5.74891 20.2243 5.90498 0.0307311 12.7729
13786.1 24.2291 14.3098 24.3176 29.9947 3.83798 2.42136 25.9004 9.12523 1.07469 0.218836 11.8148
13932.8 14.9314 14.9317 12.1258 13.0648 6.91979 23.1262 14.4296 19.5713 8.90942 0.125456 8.23396
13832.9 6.76457 26.2389 2.64448 34.9794 24.5034 20.2877 38.7093 12.9229 4.58687 0.0259846 10.0043
13819 4.81327 31.0998 20.3675 1.52509 11.4625 16.0923 39.4144 0.705497 10.7592 0.364985 13.7915
14002.5 7.16064 19.3822 19.3456 1.84329 5.16152 17.694 21.4138 57.0513 16.4869 0.0508622 12.749
13897.3 3.95201 8.70023 44.0798 12.0857 20.5271 4.74178 15.4519 15.205 20.1858 0.0567903 8.88212
13964.9 5.0622 7.87955 24.7198 4.90116 2.33097 44.4733 17.6118 8.65434 11.5134 0.0107674 7.06874
13884.4 27.6294 2.01303 8.4568 2.01711 52.8981 53.0629 7.42401 5.70102 7.78457 0.0906429 13.8513
13831.2 8.06073 13.7336 36.68 14.0298 23.2262 22.5292 5.0901 5.59171 4.70012 0.000317579 5.23938
14057.8 8.57191 2.24136 2.96031 18.3567 36.3595 14.4854 8.2372 23.5216 7.66398 0.142086 11.2455
13930.5 20.5724 4.36519 6.33706 16.9062 48.8721 27.4838 8.78507 15.0847 21.7236 0.301303 14.5755
13768.8 20.9176 9.76884 18.7093 39.7242 28.7231 0.286344 8.81068 30.4223 26.0413 0.134209 13.954
13777.8 14.1882 32.5906 31.5938 8.69352 42.7881 1.48377 9.54556 27.9572 30.1084 0.0226196 12.7432
13794.2 19.5216 36.1388 10.2943 11.8742 30.8379 10.8578 6.62978 7.67695 54.5445 0.081842 12.1854
13857.5 6.20888 36.5247 9.95705 5.39463 11.4559 26.3178 10.8422 20.6919 29.4452 0.212642 11.5289
13665.3 17.474 27.5054 13.2715 26.6806 18.8738 38.208 25.6952 20.4696 11.6846 0.134482 15.5328
13646.5 47.0797 13.1529 36.4892 28.7649 8.09843 4.35229 13.7528 11.1089 14.137 0.175042 14.1754
14005.7 5.9275 4.00533 3.46359 12.8867 2.91745 52.3962 10.6483 5.88563 23.2316 0.219415 10.7227
13996.7 11.9387 1.18604 8.26646 15.9079 12.3174 35.0677 11.6332 5.50808 31.553 0.17276 10.4092
14021.3 11.1073 3.34491 13.6497 11.8525 13.6244 16.6123 10.548 6.53392 14.6459 0.0545582 6.91632
13845.7 16.7644 1.03253 19.9383 2.60577 22.0933 3.369 37.5816 13.3832 37.3212 0.712778 17.5896
13836.2 27.194 3.89284 23.344 21.9188 9.05675 9.3775 38.9366 22.5618 14.4268 0.103053 10.8543
13814.9 28.7766 3.61884 4.1362 4.59715 44.3955 13.4009 33.8921 15.4559 11.8403 0.0421541 10.6346
13872.3 28.9588 6.36182 19.2258 26.1343 2.31055 14.7169 22.0698 17.5498 3.71217 0.122265 9.85524
13850.8 28.8039 10.1268 14.254 11.0903 8.20854 25.8522 30.4182 7.62498 47.8208 0.330967 14.2495
13891.3 28.9265 15.8319 9.86232 28.2183 2.33404 12.4241 27.9869 3.38281 31.214 0.123227 12.0232
13891.4 19.3992 5.6903 20.0536 21.8627 6.49625 9.64089 1.52695 8.45373 0.999537 0.0782545 7.91219
13826.8 1.56588 33.5448 25.4561 11.9676 26.5451 7.16005 14.4542 31.9089 6.31986 0.249984 12.2342
13803.4 1.56588 21.3632 34.3809 10.1985 10.7325 25.1476 21.3993 6.2355 10.2573 0.176545 10.7218
13834.7 8.44762 20.4358 39.2295 4.20632 14.292 16.7824 22.91 9.2361 21.8 0.035319 8.8022
13872.3 11.7489 9.6544 28.8665 8.10683 22.8884 12.7925 21.048 10.8647 25.5039 0.0317166 7.67702
13831.8 22.0656 6.97306 16.2755 5.59779 73.238 2.28952 11.9239 28.887 13.7114 0.0346316 11.6113
13741.5 45.0119 8.49305 6.34565 27.9511 18.1833 22.0681 10.869 9.84957 7.66504 0.0125086 7.95881
13746.7 45.4953 28.8852 7.76675 12.1316 34.1129 48.2985 6.61976 12.1454 10.887 0.0517571 15.6148
13894.7 7.18401 22.3944 7.48678 9.83982 10.3933 24.8014 20.3414 14.0407 9.64675 0.0352626 6.95815
13707.5 19.1488 43.2105 7.99934 21.7718 33.2807 12.8447 0.167017 6.16766 35.4214 0.255272 15.834
13818.1 17.6871 29.3871 24.1626 5.68636 13.9821 15.9408 6.25794 11.5683 5.59993 0.0977246 8.44243
13918.1 29.0299 4.45493 1.2738 10.7838 9.26089 11.9928 1.90708 11.0076 4.6627 0.0286447 8.3871
13922.7 29.0299 3.11463 23.6816 6.01989 9.26089 12.1543 11.5061 10.6741 18.7929 0.0286447 8.05834
13932.5 1.43095 1.5438 22.1153 30.8372 4.44363 7.37804 74.315 11.668 28.5057 0.0286447 13.2545
14022.5 1.43095 4.84974 16.7383 23.6805 4.44363 3.08806 50.2858 2.07651 30.3529 0.0136066 10.1302
14057.7 3.90468 0.77197 6.06422 31.0276 5.36173 13.3471 15.2206 42.1626 16.7477 0.0136066 9.82429
13996 4.30054 5.07794 4.48703 37.6278 9.30629 21.2041 20.5692 16.6925 16.2993 0.064381 8.59077
14021.3 1.2544 4.83997 0.272478 11.0463 20.3676 37.9504 9.96706 12.1312 48.3537 0.0332694 11.3082
13846.2 28.96 23.3135 5.65519 20.0885 22.299 11.8612 4.74206 44.8751 12.9859 0.304047 13.5319
13856.1 3.9567 3.87479 8.52508 33.4585 13.4725 43.7636 16.8475 26.9852 0.910874 0.0342737 10.8447
13800 29.5573 5.24518 12.7779 18.2643 12.7395 27.9874 23.4922 20.5488 16.6004 0.0385203 9.52148
13933.3 7.85512 8.09829 11.523 23.8634 4.11423 60.9193 11.6201 7.18742 6.16453 0.176329 10.557
13919.6 16.4214 5.10174 11.8473 7.6693 19.8661 11.8822 14.9893 25.7169 28.2224 0.0200652 8.14476
13954.7 24.1344 10.448 13.8039 17.2403 3.41707 5.24387 1.01812 32.237 30.5185 0.00368395 10.2524
13794 21.2797 5.92257 8.69171 31.431 31.9745 24.9489 12.2412 9.33628 32.2188 0.158245 12.0655
14061.5 2.11444 4.27152 3.80318 31.5662 4.40234 2.79923 19.2382 6.06526 9.06884 0.200425 10.0435
14016.9 6.35311 1.00579 3.59715 40.356 7.8563 2.59735 11.8397 18.3391 4.29911 0.0457313 8.14863
13924.6 8.93835 9.19492 9.38745 47.3253 9.47316 3.68414 10.2351 9.83091 11.2449 0.0800158 7.81088
13979 8.18755 6.57486 2.15481 43.0709 10.8512 29.0704 21.953 6.01539 12.5001 0.0206552 8.7535
13985.3 8.93894 6.57486 18.2221 1.44376 6.3242 29.5199 5.74792 39.452 6.98801 0.00836248 8.02539
13857.9 4.09513 15.8834 15.9215 34.2813 3.66201 32.7546 5.82903 26.2647 7.6145 0.00127004 6.88423
13980.7 8.14075 7.49863 24.8225 40.1897 1.5244 24.3991 5.82903 38.6027 1.81533 0.260546 16.7392
13894.1 3.74414 8.34076 29.4979 29.6108 1.5244 24.3991 9.43692 57.6713 1.81533 0.430636 15.9108
13824.8 39.7471 1.81405 9.85401 31.7308 30.8121 14.9465 16.4784 26.8502 9.23617 0.164037 12.8865
13847.1 23.2722 25.1289 14.0689 17.7204 7.89621 11.8466 25.816 0.493096 14.8129 0.0377532 8.84594
13707.4 8.45826 47.053 9.95925 29.5988 10.8792 50.7731 11.9472 15.2159 2.72769 0.00199223 11.2704
13834.2 6.49837 34.1261 7.58234 32.8073 9.77471 9.1194 13.5541 43.2922 5.88623 0.0532371 10.1038
13828.7 12.5111 36.3257 4.83519 15.9294 20.8951 14.2448 9.38533 1.64174 34.0196 0.00645441 7.88951
13763.3 23.1475 16.3037 21.7913 24.2859 3.13623 17.0899 29.3015 8.19527 24.691 0.011872 9.40848
14004.2 13.1032 5.76761 2.82403 7.27577 16.3013 24.4988 14.0232 49.4991 30.8711 0.00343309 9.95965
13972.6 8.61964 6.87859 2.05353 26.0856 37.5177 6.86526 3.58001 78.995 28.9 0.00343309 12.6862
13969.7 8.36131 2.31416 2.7284 22.1708 37.5177 11.7292 6.22256 62.6477 19.2069 0.00346774 10.1013
13890.8 5.80699 9.14141 13.4656 15.1967 16.8161 29.5769 9.00584 7.65201 18.2282 0.0708746 7.47064
13902.3 12.7403 22.1938 7.30787 9.46329 33.3774 9.61928 6.79295 8.56214 21.1698 0.0835861 7.77452
13818.4 13.7423 29.034 4.42922 4.81513 23.2914 23.7001 13.4091 9.28226 9.08022 0.125187 9.31047
13767.6 11.5916 51.54 5.20629 2.52581 33.6798 14.5958 16.8015 10.1248 10.3152 0.224547 11.9925
13766 0.451257 10.3012 0.986477 27.7155 56.0039 19.0547 28.2892 18.2446 21.6568 0.516444 19.3964
13883.3 13.2865 1.41584 30.3037 7.42094 19.2943 19.351 21.3777 7.21814 19.6442 0.31331 11.1007
13835 10.954 52.6881 4.52803 5.12127 17.2201 22.1337 13.6556 6.60823 12.6347 0.188596 10.9824
13810.2 12.7652 41.9363 13.6577 6.80429 21.9802 27.0673 17.0085 22.9221 11.0268 0.080708 10.5681
13699.7 32.0355 39.9093 20.8487 9.7504 31.4436 14.4716 32.8345 19.7791 13.1824 0.0639296 14.0429
13952.1 7.70666 2.27131 5.76851 20.6886 11.1393 6.46817 20.9378 5.26182 11.5738 0.174354 9.00663
13880.9 9.93637 22.1728 2.19213 26.9604 10.0769 4.37183 31.4616 6.4403 12.6716 0.0798607 8.59772
13798.9 17.1086 9.8019 17.584 35.2139 7.50129 3.97561 6.40832 1.35883 43.4003 0.0979906 12.3133
13849.5 30.2701 7.82699 14.567 16.7256 14.0717 6.74059 46.6201 3.8618 8.8355 0.069738 9.33047
13938.7 6.94023 2.92415 10.0871 38.4537 16.2571 11.8299 34.9522 4.38734 16.7426 0.0217451 7.78153
13956.7 3.77572 19.8078 14.3526 9.22387 29.5016 7.12666 18.6594 16.349 0.627767 0.0242906 7.09061
13907.7 0.362694 12.3853 9.43288 10.4588 39.4255 6.13933 3.80164 5.63496 41.1027 0.0447362 10.1886
13910.2 10.704 3.78258 4.55452 11.1962 36.296 11.9217 23.2885 23.549 19.3536 0.0458241 8.9446
14002.4 13.2139 2.58567 6.26476 3.90695 27.7255 24.7589 32.6292 17.8366 16.4722 0.0379675 9.36978
14037.6 11.6373 2.5323 8.39319 4.81367 26.3677 4.59051 12.6929 34.0686 12.866 0.0189726 8.42239
13976.3 1.0473 6.38703 24.1864 3.43357 18.4068 3.52681 21.036 12.9845 3.66131 0.0520033 7.55444
13842.9 16.7793 37.3327 4.17239 7.74154 3.96309 41.3941 17.5537 3.00461 11.3537 0.0224321 8.59239
13914 44.5728 11.9808 6.82103 6.90415 13.1326 6.20662 23.7179 7.65041 0.447238 0.295208 13.0184
13830 42.8339 10.37 5.26485 22.5493 8.54872 6.19011 24.8981 30.7395 1.38402 0.170489 12.0917
13873.6 13.05 5.55363 8.71662 16.4322 12.9635 31.406 24.1471 15.8692 10.589 0.13235 9.46502
13929.7 15.8027 1.48088 15.7515 12.3468 7.68035 13.6052 27.791 7.17662 4.88863 0.0854093 7.91315
13828.8 22.2747 25.3119 14.4864 21.7085 18.8844 4.42603 35.3729 6.85979 9.08896 0.0397059 9.02309
13877.9 3.97157 2.77753 43.1363 7.98628 14.5357 36.9305 5.74523 8.12412 5.29206 0.0941012 8.70978
13860.3 7.69495 7.75217 7.6505 45.4296 10.0273 35.5576 8.26146 1.63672 0.0883657 0.0313061 9.28697
13713.9 22.2993 12.4809 15.2946 31.8789 28.6768 46.8418 27.7355 2.69969 4.1924 0.008197 12.695
13885.3 0.803394 8.31193 20.4833 9.59541 40.7908 16.5955 2.03374 26.356 1.00242 0.028226 8.90306
13984.8 2.97116 2.25601 40.6523 5.44883 7.8238 22.6703 12.7202 2.81411 7.18254 0.058092 7.91236
13915.5 20.5972 7.91511 8.82702 4.30043 29.1412 27.8798 18.0178 6.05958 41.5513 0.266336 12.3179
13835.9 29.5 7.27834 8.73487 5.55259 22.6785 57.8972 8.43104 16.1233 9.08671 0.0608835 10.2816
13753.6 24.307 3.18748 25.2806 16.035 11.2495 34.119 16.7584 24.6288 5.00976 0.0421955 11.0081
13683.7 35.3238 6.50005 32.178 28.3433 16.8497 28.3248 10.7782 9.54604 18.9916 0.061269 11.948
13768.8 8.59839 20.8362 54.1367 13.4915 14.4794 14.6957 22.9682 8.62917 12.0719 0.113435 11.6979
13808.6 13.9197 19.3246 27.6001 25.6031 14.3933 29.1187 10.2626 10.0048 7.04636 0.0976959 9.40051
13851.9 5.12091 18.2054 10.7169 40.256 7.28265 7.35244 2.56074 29.376 24.6702 0.0290873 9.60907
13848.8 4.92853 18.2919 15.3315 13.5996 8.50036 40.4596 29.6233 25.5021 34.3334 0.0329114 11.586
13909.3 11.7953 32.0239 6.87711 15.1364 25.3992 18.5178 25.8865 16.6019 26.5003 0.0496236 11.2478
13743.2 30.7974 14.5791 27.0803 2.15536 12.2713 18.627 31.027 17.2489 13.6281 0.022803 10.4917
13814.3 32.6282 13.9918 22.8947 37.3194 11.1497 11.0992 12.8268 28.2499 4.90561 0.0243651 11.1556
13749.9 11.4704 5.73583 40.2452 9.79749 29.4189 7.10586 24.8689 16.4635 13.8222 0.309225 14.0336
13670 39.6812 4.68866 37.1686 11.0856 10.0429 17.695 17.5125 24.7874 10.8787 0.148176 14.7084
13863 25.5723 3.42595 42.7194 11.1962 17.1236 27.6997 25.6035 0.790914 18.0136 0.102857 13.4666
13815.1 17.382 7.35657 33.1287 5.73293 25.584 18.9943 48.7186 14.5293 6.10507 0.0696537 11.0487
13881.1 4.99616 9.65704 32.0706 6.25762 21.5244 7.16863 17.0797 14.7861 0.77723 0.00464422 6.21136
13858.4 5.31253 39.2802 6.05363 14.2508 14.0224 6.66756 19.8456 18.2873 1.03365 0.0755132 8.85709
13867.3 6.4092 40.7317 6.06119 10.5101 22.9908 13.3764 21.8054 18.6295 4.23282 0.0395761 8.15516
13868.8 6.4092 45.8155 5.78065 4.03844 13.0001 8.43632 50.5788 18.6317 4.23282 0.0107641 9.76939
13841 5.93234 8.96395 14.6338 13.3039 4.50152 15.5363 8.25565 18.4313 36.8628 0.00281142 12.4902
13826.4 11.19 8.49127 16.2335 23.0401 17.5572 19.4197 10.714 19.8081 9.85212 0.0172407 7.42307
13952.6 5.39337 4.01682 19.2798 12.6425 8.67623 21.6397 25.5025 15.1715 8.56295 0.0172407 6.23648
13837.2 6.94074 9.41481 24.1748 10.7141 27.8319 9.24944 23.057 19.8386 7.18471 0.130877 9.55573
13850.6 3.00277 21.8736 25.6474 6.4435 46.0738 18.9283 30.4295 25.3971 16.7897 0.0277984 11.624
13827 4.48961 15.0969 12.8238 39.869 19.6343 18.296 44.0372 17.9455 7.91065 0.0286329 10.6143
13945.1 8.74874 0.790334 15.5144 1.48384 44.4249 10.9326 18.1663 51.1887 17.8649 0.0851841 12.3012
13924.5 7.30939 9.06102 8.16732 14.8869 33.8771 14.6136 23.2994 49.46 19.9654 0.00843708 9.2851
13895.4 7.65365 10.9961 21.9425 7.21648 9.86345 4.00394 37.707 30.0994 18.1512 0.00152146 8.52126
13881.3 8.08412 16.0814 11.4517 33.2058 5.9829 8.00972 29.6539 21.886 18.0351 0.0364172 8.48734
13900.3 7.06597 16.13 12.3374 17.2688 22.9597 3.13601 17.2709 9.79479 20.42 0.0708185 7.5439
13835.2 2.79344 27.3158 8.32733 49.4474 9.72152 10.0791 16.8668 6.96 20.2306 0.0308785 8.89581
13902.3 4.21456 29.1329 6.93477 51.4117 13.0454 4.35744 28.4149 12.1091 27.6572 0.180851 15.0279
13951.6 11.5685 25.4504 8.63938 33.303 27.8236 4.12994 20.2037 21.7637 22.483 0.182346 16.3496
13852.8 25.659 5.41227 10.1783 8.9293 38.7446 9.89121 20.0494 37.262 30.5757 0.000112597 8.6602
13898.4 17.2013 10.4956 15.7137 3.8557 39.7209 6.59851 2.84451 24.1743 2.88545 0.0305933 7.34386
13918.9 4.21718 8.42172 29.7124 2.58596 34.0292 19.8511 0.240356 10.1058 5.25404 0.101068 8.93572
13836.3 11.1061 8.70789 4.87776 34.2129 24.2293 14.9179 3.601 20.0023 24.3838 0.140211 10.7134
13929.5 4.18415 7.38246 24.5943 33.7108 13.2089 2.19625 13.901 7.03672 12.6545 0.0833072 7.98085
13928.7 3.48676 12.7792 10.6524 48.3565 10.9854 6.96514 2.83822 11.3397 10.2578 0.0405074 7.39912
13962.9 5.36208 5.19912 19.3869 14.9432 12.1736 13.7355 8.69801 17.0456 11.961 0.00104092 4.33272
13900.4 4.5358 15.9925 6.57271 12.3045 42.2195 25.2165 3.77719 2.70295 6.06639 0.266538 9.6341
13942.9 4.08937 8.73252 4.08491 9.50875 26.8118 52.1445 3.84909 1.44556 7.37991 0.385981 11.6058
13984.4 0.252109 0.576418 0.710219 7.59681 27.6981 47.2443 7.47168 39.3068 3.29704 0.176392 14.1596
13918.8 9.62165 11.6259 11.0776 23.8723 30.1367 16.2764 14.0972 1.92429 8.79907 0.0216852 6.19083
13918.8 9.62165 9.36527 12.9035 15.7304 10.7487 26.7707 44.1905 6.20263 24.8982 0.0466956 9.20736
13901.8 24.0591 8.90113 8.48504 10.5442 21.4002 34.3536 22.4518 5.04103 23.9569 0.101263 9.87971
13881.9 8.24041 16.9643 25.9607 25.2936 6.0668 29.5313 7.60295 5.19349 11.9518 0.312784 10.9598
13875.3 7.44698 11.7337 35.1315 6.22747 8.66372 36.9133 2.8528 9.03248 3.79012 0.0854281 7.98427
13927 3.41685 11.3995 11.978 7.70529 8.61404 36.4978 5.02906 17.6753 7.10764 0.187394 9.01095
13933.1 22.541 1.88568 4.12339 23.078 9.5456 8.73402 6.86599 19.6962 32.7842 0.00618023 8.2258
13919.5 3.50054 0.0886231 10.5563 64.4308 5.8991 13.4486 7.67862 38.6916 16.8315 0.00618023 11.4452
13864.1 52.0481 1.44 9.84866 10.7571 16.4063 21.2806 21.1034 21.374 8.30396 0.0707786 11.8076
13759.1 24.6599 1.23044 8.74674 26.1832 45.8683 19.0198 12.072 4.34728 0.962474 0.0689593 11.4438
13818.7 8.9949 4.81771 33.7637 5.75914 21.3043 43.9908 9.0072 3.69711 4.44399 0.0777458 9.43142
13942.8 3.54567 2.92597 47.3999 2.72868 10.0819 63.9217 8.61312 7.59633 3.85241 0.0923408 13.36
13795.3 1.3949 38.9343 2.42858 38.6307 9.64586 25.9358 7.59172 1.83887 32.6814 0.00880733 10.3652
13768.7 23.6957 14.5924 18.8037 28.4449 15.7334 55.1151 5.06371 9.28369 0.541498 0.00785825 10.4964
13880.6 4.73126 6.5276 17.5757 18.8392 33.5604 44.6132 12.4027 4.45919 46.401 0.0447628 12.001
13937.9 13.7797 9.57867 12.5266 0.765377 31.4167 21.3724 11.1002 6.39536 43.8195 0.0225899 9.08904
13895.9 5.44067 14.1437 31.2295 10.8562 15.938 6.31546 16.9493 18.1068 23.3314 0.332739 11.3451
13966.4 0.601674 21.6907 3.50302 16.5274 29.8399 27.2066 4.51372 6.59418 22.4828 0.0278822 8.3007
13981.3 5.31556 0.250235 30.2305 16.3115 4.03438 11.8903 35.2427 35.0826 22.7807 0.0356442 11.6423
13952.6 5.58575 4.57294 22.2684 35.8751 5.02643 22.7463 28.2301 88.2245 7.0413 0.0852899 16.603
13790 44.6812 41.0772 38.9147 5.16771 3.47036 5.36635 6.51434 17.4971 1.04168 0.212542 19.6723
13632.3 51.0323 14.6498 26.812 18.6869 7.7582 38.9107 3.82041 23.7804 2.4795 0.105374 13.9767
13683.8 24.5013 17.9661 27.557 20.2446 19.6907 32.2114 0.372026 47.9572 3.37274 0.20945 16.7794
13700.6 38.0748 30.693 2.3502 7.18262 22.9722 10.7543 12.9174 21.1249 16.309 0.18207 14.477
13865.9 10.0599 32.5151 5.64 15.7431 9.13362 39.6696 12.217 1.4161 16.3459 0.000654091 6.39291
13946.9 21.1154 15.1941 11.9415 17.4157 2.44567 23.7632 52.9108 34.9219 16.2859 0.00272611 12.8548
13997.2 9.65061 0.905661 5.31684 5.39399 8.95749 21.3331 10.5341 5.01207 15.8132 0.00731473 6.96557
13997.5 1.45309 24.3073 9.7387 10.0196 4.91312 53.0731 0.698034 20.0285 13.6851 0.0118465 9.98136
13962.2 15.069 15.9031 5.4883 16.29 8.62713 20.9157 4.64961 12.5368 15.7801 0.0476174 7.17441
13960.3 27.1152 5.71033 5.6408 5.94035 4.63172 50.6647 20.2209 26.9974 8.86019 0.141455 12.3265
13962.2 32.1042 10.0554 15.431 7.2572 2.94733 29.5194 19.401 7.80118 3.14292 0.00354916 9.70434
13953.3 21.4375 3.82407 2.28214 6.0035 21.0163 27.9082 27.8613 10.5751 5.24144 0.0488487 8.2916
13919.5 19.6409 4.1464 2.08082 14.3854 31.6932 30.8913 3.87097 6.58856 3.51232 0.0178159 6.57335
13923.3 23.1543 15.1635 2.01013 5.66473 44.2357 23.8841 8.99026 5.09005 7.0354 0.0183438 8.35949
13798.5 7.98817 24.7601 18.0205 26.364 10.8763 31.541 3.09367 24.636 12.2183 0.0158121 8.52577
13821.3 3.8129 28.1809 14.7351 5.0121 37.0806 22.4609 4.48297 4.73008 5.78439 0.017642 7.15716
13901 0.627966 17.4467 28.376 4.03774 7.6983 29.9864 15.5262 50.0536 6.12159 0.000750136 9.07934
13862.2 20.3994 18.3527 21.0991 4.68389 13.5932 10.1416 10.8127 69.1021 6.20529 0.00506373 10.3031
13951.1 12.6706 3.44788 12.6317 10.09 23.6673 6.68442 18.608 36.493 3.23541 0.0104305 7.11327
13904.9 21.8804 5.13834 37.3096 8.9901 20.4818 2.49596 14.342 28.604 9.391 0.00397638 8.55013
13933.9 18.1427 26.4392 15.8963 36.0505 9.96384 4.90534 15.7769 7.1627 18.1535 0.0465785 13.7376
13839.6 8.06552 6.91755 18.0097 20.1045 22.3289 17.0853 4.50555 2.34746 28.0776 0.0309726 8.58535
13913.2 3.69243 7.20041 27.2038 39.4515 3.92871 6.08086 7.91634 25.669 26.905 0.0650708 10.0648
13882.5 1.44172 2.17906 32.0048 20.6515 3.92871 5.02564 21.9247 16.3287 31.7884 0.0301765 11.1205
13913.7 7.10919 2.70901 26.7866 12.5247 19.1497 2.69722 19.2908 7.13573 8.89938 0.151976 8.40199
14064.2 2.21081 15.5186 4.04096 9.52616 10.455 32.9904 27.4628 2.31745 22.8595 0.025138 9.95486
13892.5 12.1442 19.7006 12.038 29.4585 5.50052 34.9988 0.365994 2.73006 3.62204 0.0190854 7.7267
13780 26.9071 27.0666 12.1164 29.118 8.98664 7.91221 16.0429 2.60282 6.84791 0.252805 11.0265
13800.3 38.2486 6.20231 20.7727 20.173 9.35695 15.5077 5.55822 5.84754 11.433 0.170993 9.81762
13754.6 25.8113 25.4451 13.9514 22.3742 8.59973 9.66842 8.74004 7.88374 0.0350297 0.00468409 8.74222
13676.1 19.3814 53.4438 13.4255 6.92693 11.0668 16.6781 1.91758 15.6699 0.887868 0.00425687 10.9058
13813.6 11.9014 18.5522 39.8841 28.0468 2.9368 10.5699 5.81817 23.4342 5.84687 0.0525087 9.73879
13830.8 6.0864 22.14 40.3633 33.8233 6.21384 3.06963 44.8703 43.4195 15.6546 0.0483909 15.7893
13816.3 3.29665 48.2604 28.1521 1.93617 10.5348 7.42143 16.6111 25.6158 1.54005 0.193783 12.7243
13842.5 3.62623 22.6788 34.8417 6.5011 3.18114 26.1724 9.61521 77.8433 1.47475 0.230436 15.7406
13863.1 6.69881 16.0391 32.8073 1.09512 26.8959 20.0119 2.44417 24.1177 2.20351 0.13787 10.0644
13861.8 8.16373 7.48865 8.51808 44.1219 13.4197 28.3699 8.34212 6.14053 0.883929 0.00527934 6.47235
13983.7 8.14329 4.99438 8.75692 3.97893 16.8638 44.6058 19.8561 7.08642 7.88297 0.0328894 7.29158
14027.7 6.60948 0.671 7.97678 12.0984 14.4295 32.4482 13.9457 8.51866 9.54183 0.0303931 6.94062
13969.4 7.28561 11.5743 3.58772 16.9509 13.268 21.2147 10.5679 11.4468 5.8699 0.0321805 5.57394
13938.3 7.68752 8.45931 4.86955 11.5056 20.4939 27.3696 12.0792 9.64464 10.5145 0.010414 5.33012
14019.1 7.55337 12.8087 4.99408 16.953 3.59355 27.7373 22.7923 1.11347 13.8888 0.000655623 6.20999
13849.9 4.93531 7.41736 15.0244 12.3665 33.9451 36.0533 6.34499 20.3915 22.5897 0.0622767 10.1826
13962.3 8.9585 4.24867 25.4612 10.5656 27.3702 11.8332 3.58303 31.1538 17.479 0.0536255 8.67754
13819.6 14.5297 21.2447 20.639 12.1114 13.2142 38.7403 1.72126 24.4804 4.20681 0.136383 10.1131
13898.2 15.6672 3.2605 31.5463 3.1173 8.48717 52.7975 14.7602 32.2125 21.8485 0.0753462 12.222
13841.2 0.602388 48.9327 9.55378 6.31241 4.47621 32.278 8.6467 3.19144 11.6221 0.0106288 8.46095
13999 6.0681 18.9868 2.9747 12.0139 10.0651 33.367 32.5129 10.6253 12.5244 0.000688809 7.06479
13900.9 11.5718 16.372 3.84989 7.46822 17.1665 31.0778 28.5604 21.4184 10.865 0.00133604 6.80302
13734.6 16.2258 40.8982 7.62081 16.4165 9.26512 30.7171 24.4381 21.3367 21.7473 0.00463273 10.3635
13795.7 23.6401 17.0806 27.1145 15.3428 1.08854 31.8962 10.7634 20.0702 15.6788 0.00385087 8.33267
14001.7 0.346734 4.83395 2.11306 22.3411 6.01644 13.065 18.2285 13.0237 2.28956 0.020792 7.77539
13874.6 19.4723 2.40976 12.9733 12.7763 21.4246 28.6195 16.7299 22.511 8.45884 0.00584728 6.79609
13847.9 11.8485 15.3487 11.3476 10.0891 38.8895 16.224 22.4316 15.4803 7.84091 0.000619053 5.738
13771.9 27.9336 11.6903 12.5859 35.3848 21.3824 7.49487 7.50448 10.358 0.923569 0.00500479 6.98924
13836 27.5214 5.22611 12.6076 22.7102 14.2764 14.7188 16.8907 12.7213 6.60933 0.00500479 5.81746
13922.5 11.9958 21.271 12.626 11.5982 20.6734 8.53932 37.1265 6.14504 6.70852 0.0448896 7.76155
13892 7.48919 18.858 11.8479 15.7576 18.0636 18.619 30.6771 12.5545 7.74839 0.00439799 5.73549
13747.8 32.0098 17.62 5.47808 16.3091 29.4081 21.1406 5.67181 16.3 12.9321 0.00439799 7.76089
13861.6 14.8719 18.5674 15.9145 18.8991 15.438 4.17739 45.0936 8.59052 6.76439 0.0789003 8.93353
13813.8 6.02026 5.99821 20.0679 43.0937 20.9282 3.08783 23.8235 10.9909 7.82214 0.039953 9.2742
13847.3 19.6978 9.42222 16.32 30.9962 17.4528 38.283 6.82882 10.0327 10.1587 0.00955684 7.74242
13862.1 13.8734 11.1922 9.06556 10.1337 35.2742 49.2317 3.67373 3.97798 21.8079 0.0102081 8.50016
13892.9 8.90817 5.44699 12.0061 39.5003 15.2179 22.1018 8.53203 4.68008 35.0922 0.0168384 7.85063
13903.4 16.704 0.284918 20.8296 25.964 3.52533 17.1489 13.2049 11.8416 12.1175 0.0186628 7.50695
13900 11.1929 4.19032 1.29845 29.1711 5.79069 35.3368 18.821 8.94372 21.1521 0.0262218 8.74303
13871.1 11.074 17.2084 12.9397 27.6077 2.55224 41.5594 16.7126 12.0023 24.287 0.00712217 8.15952
13893.9 8.64524 15.4352 3.14107 16.3932 7.30439 34.565 21.826 14.3882 39.3458 0.0738746 10.7226
14042.9 3.12229 0.210686 8.42567 32.1076 7.6787 18.1013 1.09866 24.7856 9.31422 0.0612672 9.79418
13991.9 3.74779 6.25483 30.771 28.1007 2.09452 9.78494 1.28726 25.5727 14.4256 0.031809 9.68901
13873.7 14.5985 14.0216 23.9022 28.0426 5.10057 9.52284 30.716 20.3399 11.0791 0.0043081 7.47588
13890.9 23.1674 25.2682 2.15945 11.9274 3.85406 11.0953 31.445 20.3837 10.9404 0.0530413 9.75172
13854.8 5.42878 10.661 21.5302 17.952 5.06155 10.3294 65.1103 14.9039 40.4649 0.0851816 14.1145
13841.5 8.23644 31.7285 19.8279 13.1127 14.3852 17.3542 15.4074 1.63459 10.3118 0.12571 8.63452
13857.2 14.4109 32.974 6.98634 6.33802 11.1265 8.49694 65.5208 0.626078 11.7065 0.0105159 10.4744
13886.4 9.01879 35.1831 2.81417 18.2454 14.9296 7.58893 24.0092 19.632 2.29479 0.0473486 8.31909
13895.7 9.81222 3.73373 29.4908 16.224 12.2367 5.1674 11.1574 10.8244 13.3618 0.135761 8.30269
13922.4 10.8142 8.15169 19.2532 24.0395 31.83 5.59168 69.1736 11.2439 9.50012 0.112823 14.9149
13907.2 9.97258 6.71685 12.8605 4.69094 28.7572 17.5991 12.7995 12.0326 18.9226 0.000664299 5.26615
13850.9 15.7601 11.0723 51.7888 9.55904 24.7802 11.6805 1.87362 7.71631 6.04645 0.00911895 8.93224
13779.5 19.978 16.1804 19.0539 31.0434 27.5924 18.0124 7.20865 35.4412 9.60408 0.0164629 9.69556
13695.7 16.0953 17.3004 17.5592 40.2936 43.6673 6.33568 10.442 41.8625 17.5539 0.00355584 13.4976
13721.1 23.4537 16.3739 30.4531 25.937 24.6155 15.3263 8.6401 39.4284 10.2683 0.0241951 11.301
13788.2 29.0761 8.49473 29.443 22.4771 10.8144 17.4843 1.40269 9.93098 6.92292 0.0395797 8.12682
13777.3 13.3104 16.0829 41.1087 16.8903 20.6895 6.37316 1.12262 17.2034 8.09101 0.0719625 9.81038
13725.9 19.574 19.4356 34.6388 8.10493 37.6535 12.3397 0.247529 11.8895 8.93931 0.0266144 10.3575
13909.3 4.19087 8.88471 30.186 5.76241 29.3747 16.2603 5.31596 13.864 3.1195 0.0491371 6.69208
13912 11.5361 4.66175 20.0339 11.0015 28.7039 20.0005 5.70672 12.4707 10.2538 0.0511314 6.44838
13987.1 19.8267 0.97996 2.42243 3.54289 21.1102 8.78946 7.75551 4.98907 5.71578 0.0463264 7.99223
13794.1 29.8455 1.16439 36.2354 24.9822 7.72548 16.8912 13.0466 13.0281 5.43572 0.0244207 8.68375
13807.5 26.6994 12.1863 28.0246 19.3639 4.0915 19.1276 7.37614 32.4581 8.3998 0.0838769 10.0315
13762.1 34.0385 30.621 12.4202 5.97499 12.9408 15.3505 12.3173 19.0143 26.6361 0.0481349 10.5189
13834.5 19.4545 25.0187 4.76814 47.421 13.638 14.2348 8.92962 20.7566 3.93318 0.0687199 10.3505
13899.7 34.7079 20.2462 3.53578 20.6714 6.45415 10.7694 12.6797 6.28474 1.26924 0.000867096 7.65065
13773.8 33.1487 7.14067 21.6648 18.2016 41.5078 16.0692 3.56905 3.55829 5.6724 0.000867096 7.03667
13780.2 43.9318 12.8809 16.7396 38.6329 3.81463 12.391 12.0155 6.33094 30.4321 0.000867096 10.0035
13737.1 22.3019 24.7982 24.6958 23.8039 27.6868 8.44834 9.52918 9.15517 24.8305 0.0231812 9.61392
13803.8 20.3524 24.9209 23.298 9.38274 27.0142 20.3148 11.3296 4.09002 17.7124 0.00366838 7.07283
13835.8 11.3757 12.6492 55.9252 4.55079 18.6052 8.21605 14.1621 10.3208 17.2477 0.00366838 8.15075
14040.1 15.1392 0.849622 8.31701 19.9698 7.9688 31.5903 14.4837 22.6877 17.2368 0.0492891 10.8307
13950.2 2.94117 22.5786 14.7879 1.46734 17.3211 15.3106 20.858 7.30481 2.38629 0.00321274 5.50578
13938.6 2.79929 23.0672 27.8247 2.498 14.295 15.048 49.1548 16.3985 6.3007 0.00234466 8.94961
13930.1 11.16 5.37271 15.8429 4.78006 13.2756 4.72625 37.5271 0.786037 13.5005 0.0477756 8.80841
13850.2 39.1259 6.94428 20.9283 1.57484 30.0083 6.25942 1.45639 10.1972 13.4497 0.044457 9.38802
13886.9 16.8469 6.72473 7.24514 23.3713 25.8794 38.9892 4.64902 12.2952 17.0079 0.0483968 8.4165
13922.5 10.5663 7.80212 22.3714 9.77259 2.92107 13.7079 0.260082 11.0254 11.0678 0.0510461 8.59341
13835.1 31.4288 23.9409 8.13489 8.21914 9.38189 23.3941 3.72758 1.1609 7.49231 0.0253335 7.59254
13956.1 17.387 9.23648 6.70629 13.6906 2.41566 36.8472 4.02617 1.44053 13.894 0.0216109 7.07922
13804.5 12.1739 24.1608 14.0307 7.14063 10.6328 27.5805 3.25966 17.9605 25.4609 0.041123 10.181
13788.6 8.02918 16.2528 29.617 11.1089 24.6572 27.0305 13.4132 4.36857 15.4434 0.163085 10.272
13718.1 35.8467 11.3985 35.8788 20.6905 25.6811 11.1201 3.5286 10.8608 2.88936 0.00170074 8.20815
13889.8 19.1476 11.9317 6.09793 40.706 10.1886 6.39519 11.2175 6.48713 12.4221 0.00268906 5.54186
13914.5 4.88735 12.0075 20.0099 23.6108 13.3274 3.98314 18.2013 6.70259 44.9835 0.00342598 7.54308
13805.3 13.1001 15.926 27.2769 14.8947 3.40069 44.69 8.10558 13.1287 6.52732 0.00642474 7.46197
13875.5 9.96917 6.3862 30.9259 23.3707 6.10913 22.1699 13.109 27.2144 8.44344 0.00235124 6.49565
13908.6 3.91072 25.5086 5.16685 14.4939 11.731 18.8799 8.86033 13.7273 23.2669 0.0437667 7.55914
13796.9 2.31985 49.7588 19.4683 25.0018 28.145 28.2802 8.52989 10.423 3.10344 0.00687229 12.0819
13965.5 6.86392 13.3389 10.5471 9.40271 7.27601 22.7075 22.0679 6.43732 21.6526 0.0776606 7.67531
13892.5 5.49448 15.8779 18.6914 4.22043 1.58872 21.8921 18.7225 10.2191 13.0317 0.00965668 7.83481
13893.1 4.6382 41.0821 15.4126 1.6625 20.0541 17.7186 1.85471 16.0125 5.17816 0.00965668 7.62326
13752.2 18.6667 17.4688 30.45 10.9878 11.408 29.8482 9.11267 11.5848 5.30187 0.00965668 7.75658
13763.7 18.7231 26.6897 9.4394 19.0826 2.68029 53.6435 10.0612 18.5393 8.81126 0.00894228 9.54544
13756.6 23.4026 21.391 7.93061 8.69513 18.2418 23.9087 32.7617 10.856 10.9701 0.000705182 8.39885
13746 25.7599 17.7048 4.5519 33.7129 11.7142 12.774 29.5217 11.3561 19.4856 0.000705182 8.59395
13731.4 23.2438 19.7441 54.0266 21.5807 11.3875 12.0026 8.95051 11.588 12.8769 0.00980896 10.9069
13850.6 3.86442 18.3217 55.9927 3.0577 0.853256 5.03285 16.8745 5.35769 19.7131 0.00285121 9.23363
13876.4 12.5665 20.0495 12.8879 4.26606 21.2674 6.29782 8.55916 18.7964 30.8441 0.0117953 8.03219
13966.9 9.30624 8.97661 0.565765 36.6369 9.76256 17.6346 19.9588 17.0004 10.1396 0.00888087 7.0925
13981.3 3.03755 8.08393 3.29417 20.2352 25.2531 17.7658 1.36138 22.3782 21.8564 0.00470241 6.64948
13939.6 9.57155 7.43782 13.1234 27.0019 22.4923 19.3523 13.9268 4.53464 39.3111 0.0114309 7.90516
13801.2 51.5489 8.03345 6.47205 15.7164 15.4746 4.77469 47.0403 18.4344 5.0347 0.0741932 11.8994
13630.6 34.966 10.078 47.2168 46.8575 30.0687 8.15631 17.7074 24.5508 14.1489 0.075117 19.3086
13630.6 20.4162 17.8957 20.8011 44.4063 46.1459 4.30478 9.12041 29.6422 15.9466 0.177197 18.2427
13693.3 19.6844 30.2571 14.3274 42.8532 22.7954 24.4074 3.2333 44.9928 30.902 0.00344117 14.3492
13827.7 17.4976 14.5881 15.7712 33.7978 44.2193 14.161 10.4757 11.1808 10.0241 0.00809379 9.60098
13840.1 20.6772 10.7693 10.5187 39.8677 16.7019 17.2938 8.33752 10.6158 14.5261 0.00547472 6.48714
13897.3 4.88405 5.36852 39.7037 12.903 13.1766 27.1116 6.01603 10.7803 1.55883 0.0586827 7.5649
13906.5 10.9936 4.23823 26.6203 13.9742 7.48601 51.3887 28.1852 7.21938 6.26193 0.0223297 9.08359
13967.8 2.508 7.7914 13.3048 26.1708 14.9418 28.5561 12.5419 14.6629 9.84397 0.0545586 7.25989
13891.1 9.88782 10.5006 19.9551 26.8146 13.2875 26.9868 10.2801 21.9113 9.09546 0.032765 7.31002
13908.4 24.1983 11.2693 26.0279 5.05187 19.219 17.6686 5.99116 8.72089 6.16198 1.94201e-05 5.2197
13872.3 7.83387 7.6916 31.5477 26.9915 3.55299 20.2572 20.5701 19.3429 15.4004 0.000216082 6.37909
13816.1 9.3935 32.3848 14.4035 5.11236 9.35738 29.7051 19.9712 9.85778 38.3672 0.140834 11.8649
13856.8 3.50779 42.2093 20.2557 5.45288 26.2828 13.9958 18.3467 13.1795 13.4457 0.209318 11.672
13822.2 7.43448 22.4305 5.41433 20.0082 28.6343 9.93839 17.65 10.0699 9.20758 0.105705 8.81698
13848 7.41357 5.03882 6.85755 17.082 41.1772 23.1148 11.0973 21.1969 10.389 0.0289744 9.05743
13780.4 15.6301 30.7563 17.4454 9.37214 29.5334 3.84473 18.2846 8.51576 1.66671 0.032267 8.05388
13883.4 7.55745 13.3875 23.5154 24.8005 24.0351 1.03251 7.5583 5.48402 7.46195 0.00297287 5.39306
13851.7 14.7967 30.5248 13.581 24.827 3.9228 15.136 3.27336 4.19599 5.61759 0.0590136 7.71132
13860.4 7.14982 33.5125 26.8358 15.1964 8.5055 5.05766 12.9493 1.45388 2.12166 0.0364902 7.95339
13814.5 12.1973 35.4277 3.36334 44.7601 11.3877 14.3181 8.79836 9.0054 19.2091 0.0258874 9.12957
13860.3 2.95288 32.7268 14.9416 4.44561 31.5013 3.51633 15.9877 2.93255 12.192 0.00309947 6.2205
13818.9 25.0318 36.0784 7.14323 7.71074 23.9722 11.694 5.72512 0.728296 6.00587 0.0343418 8.18414
13818.9 22.6314 39.9928 4.34662 11.2319 49.5507 10.5717 5.72512 0.728296 4.55724 0.0654298 11.8327
14024.3 1.31351 3.45081 5.64659 6.84132 45.4024 11.5575 12.6369 18.1118 5.39405 0.0640592 7.90793
13995.8 10.2461 10.7769 9.97055 40.8104 6.83307 1.37687 36.829 16.0772 12.2809 0.00773669 10.2472
13948.7 12.7024 4.55438 12.4877 18.1802 17.8955 4.44332 9.09155 15.5783 14.864 0.00773669 5.46089
13863.1 8.99021 15.1587 7.40141 42.0673 23.7714 8.52532 12.8493 15.539 14.1823 0.00773669 6.76578
13883.6 8.75613 38.1086 4.02299 35.0336 2.0833 16.001 9.15059 5.81667 36.4752 0.0638202 11.1519
13784.3 13.1415 31.6161 0.521711 39.7451 20.5359 9.40991 24.9315 3.02126 25.1313 0.080143 11.6737
13752.9 8.62895 23.8974 18.7496 49.4976 11.8589 4.35465 20.9142 19.9915 21.6299 0.0733469 12.1287
13824.6 23.1272 16.131 21.6261 28.6175 7.15568 11.7246 31.0556 26.6556 29.8459 0.0109911 10.4923
13808.2 12.6489 18.2608 37.308 22.0851 1.22396 31.9404 23.0591 18.5339 28.0128 0.00449913 10.7306
13789.9 12.8525 29.707 38.0976 11.4528 0.983109 9.81054 33.3038 48.6362 40.6406 0.000839314 14.0572
13812 13.0178 42.5777 37.5634 9.75657 4.8264 22.3391 33.3038 62.214 20.6253 0.000839314 16.9429
13843.3 13.2733 45.2959 5.83974 15.1885 14.1723 10.4938 14.4612 20.4741 12.37 0.00892547 7.98187
13909.2 10.4117 16.9163 14.9386 0.382293 17.5063 21.6741 7.61933 17.1815 40.819 0.00579729 8.9338
13936.3 3.44044 4.08416 5.64471 7.91347 70.1238 9.12323 23.1831 5.69647 10.7017 0.000917778 7.4379
14006.6 6.17505 2.1705 10.2694 7.48043 30.6661 30.5941 24.0038 5.25805 17.921 0.0134203 7.604
13906.6 1.68628 8.12876 31.7251 17.6123 35.1385 14.6105 6.64145 15.7673 28.8336 0.0641307 9.95927
14030.4 13.1662 9.49956 5.77522 17.9138 14.9058 5.88779 2.51971 27.0439 8.28793 0.0209439 8.06095
13975.6 8.95154 12.2722 6.29436 20.761 12.7598 15.8114 9.16973 32.513 2.35973 0.256019 10.0897
13870.4 4.01312 23.7829 10.7798 17.6319 16.1394 14.4191 5.20184 16.9575 15.318 0.126684 8.52602
13837.5 9.42452 30.2886 4.14135 13.7995 9.84057 31.1283 7.6584 1.1735 12.1928 0.0665542 8.42516
13878.9 21.31 15.273 7.35688 27.297 21.4189 41.968 9.52234 2.01158 43.3978 0.0575061 12.8909
13898.6 5.13001 7.66521 21.0902 33.418 4.05147 19.2446 9.72934 29.1153 25.0783 0.0105412 8.12929
13998.1 0.647884 7.66521 3.81363 31.9546 21.8969 21.5245 26.7718 11.3851 47.5017 0.0212985 11.2655
13912.9 0.6537 11.0997 5.70531 23.4097 15.2087 12.3611 29.419 4.75217 33.2821 0.0130658 9.01701
13862.4 8.72275 29.3909 5.76474 8.31917 9.8532 13.1785 26.9971 4.49152 79.5759 0.02828 13.4876
13716.5 22.7852 52.7911 10.6237 15.1509 10.6956 4.60295 18.4962 4.62668 34.1179 0.0747499 12.5991
13744.7 38.316 28.525 8.84288 9.91964 27.2927 14.1333 14.4164 17.1077 14.2245 0.0342461 9.51237
13939.7 8.81064 1.84352 14.0428 21.5303 5.14796 48.6618 3.46565 60.5201 5.96163 0.015993 10.8671
13846.7 11.365 14.3459 34.1105 8.91797 6.16923 7.6068 5.29733 44.5823 5.36921 0.0163254 9.33421
13893.3 25.337 3.80641 3.96589 18.4097 39.9399 22.5696 8.26854 11.7459 8.99351 0.0111953 7.22456
13879.4 18.6482 2.50206 18.6813 4.13398 39.5005 17.204 14.0157 27.5055 5.8583 0.0126919 7.60379
13822.4 16.9788 9.31612 14.745 5.13442 48.8484 11.1429 3.88417 21.2759 19.3022 0.0248311 8.76614
13816.1 19.8702 18.9206 22.7246 7.42287 5.83432 21.0554 22.6433 13.0006 7.49442 0.00132396 6.30359
13859 14.5066 3.54723 23.8271 5.99174 31.9137 48.8517 15.6687 1.52264 20.1229 0.00528351 9.2523
13818.1 25.5464 9.15072 1.67547 36.5606 13.182 3.17111 24.6029 9.53888 5.21667 0.000212558 6.52666
13809 28.4712 19.9599 7.57881 32.1244 0.780276 10.2619 25.0545 2.85597 1.72525 0.0261369 8.80962
13887.7 31.1703 1.95306 3.47803 18.0093 4.30595 26.3715 44.2394 5.02025 1.69894 0.00881918 9.05005
13856.7 29.9461 1.95306 3.47803 17.0109 22.5932 26.3715 44.2394 5.02025 1.69894 0.00881918 9.19633
13842.1 41.6278 1.38214 8.16313 24.164 10.7108 25.3982 23.4606 6.92285 17.1973 0.0268963 9.38338
13857.6 25.6984 5.23561 4.59956 27.7643 5.36663 28.7641 37.7486 4.68498 7.09089 0.0417992 8.95527
13887.5 7.09133 23.1705 5.3492 39.8472 2.04914 6.39281 1.91517 8.4966 26.8578 0.043699 9.00092
13899.9 15.0397 15.1382 4.19208 21.0862 11.8882 14.7221 2.47652 8.3827 11.9259 0.0284995 6.2144
13944.6 5.53185 14.7568 5.2734 4.06065 37.7382 8.50928 13.5967 4.90175 18.2538 0.000651884 4.81646
13869 12.5424 18.5921 11.5788 14.7035 27.1137 7.43537 19.3603 7.76671 13.1873 0.00640418 5.38712
13913.2 11.0927 12.9472 9.50955 14.9184 7.73231 18.1743 40.5184 13.7149 12.2833 0.0152718 7.24294
13796.3 13.5902 24.0236 18.7403 23.8349 7.03884 17.0704 37.0944 11.006 5.68833 0.0173153 8.27083
13832.5 25.92 2.87054 27.7923 19.1763 14.849 12.5857 16.0875 9.70596 3.81505 0.0549417 7.63487
13809.5 16.8605 9.92032 28.3071 19.1339 10.7863 29.4549 2.96 10.107 6.71751 0.0364957 7.41681
13843.5 22.1126 0.434455 25.4833 20.0484 37.7442 37.035 21.4196 14.4852 34.2867 0.0182376 14.4086
13980.6 0.580243 3.93445 33.6292 27.2928 7.09124 35.7625 16.9928 5.68054 11.4663 0.060193 11.524
13907.8 10.1995 11.3748 43.6749 6.82445 4.56543 9.71362 12.105 18.9028 8.98779 0.0271852 7.80676
13824.2 9.4676 12.9743 35.9838 16.6348 1.6138 21.1685 12.9011 24.7091 12.0513 0.00290496 7.81656
13887.3 2.43839 26.6268 8.83393 19.8324 7.53952 12.1125 40.4453 46.0976 6.03251 0.00354933 9.5612
13866.7 1.16409 28.4091 3.29126 19.9179 30.3073 33.5194 7.98385 13.2173 0.530222 0.0427123 9.27735
13830.1 16.2025 27.5409 7.06174 10.6076 24.942 23.9247 23.8322 2.73238 5.98659 0.0233168 7.24836
13734.8 22.5881 27.4245 3.53243 31.5606 20.6268 35.147 6.95778 2.64056 16.1872 0.00295224 8.75622
13789.7 24.3069 26.2725 7.51882 13.9268 21.7814 44.6831 24.1488 8.59897 11.377 0.00119056 8.72747
13855.6 14.7054 21.1446 1.29791 24.242 15.1541 14.9797 4.19656 0.778563 20.9132 0.0389854 8.33056
13819.2 20.9567 36.4159 11.2684 4.31693 15.2909 32.9723 3.20417 26.431 21.3588 0.0300442 10.1865
14007.3 2.84312 6.95071 0.210414 5.21411 20.975 9.81646 14.9983 12.1214 47.6905 0.159589 12.9744
13748.2 10.3042 7.33861 52.4604 16.7698 6.65381 15.892 27.1667 32.5877 30.5833 0.099069 14.787
13673.5 44.3677 7.26766 34.073 13.0415 5.9869 12.8719 13.8241 43.4988 26.9813 0.00882789 13.6379
13870.1 23.7888 6.73234 27.8292 6.13799 38.239 12.9643 17.6811 31.9776 2.78441 0.0475295 10.3528
13842.9 35.9172 6.9532 17.5108 15.15 13.8908 5.59681 10.9182 2.90395 5.27105 0.0466605 7.41904
13798 26.9307 24.7392 15.1411 33.0544 1.52621 40.1678 20.2878 7.14599 4.2669 0.13493 12.9224
13651.1 55.5367 15.9981 22.8297 14.0931 4.32043 41.4084 6.59977 17.108 24.6107 0.0932902 14.0415
13724 19.305 10.1692 19.74 7.22521 43.2267 41.4084 8.14784 12.8724 39.7967 0.312181 17.203
13745.5 48.4512 24.7343 29.0544 30.9301 29.3461 6.12998 3.69461 12.6377 13.7413 0.16949 19.2987
13856.9 38.507 12.3111 27.4948 15.3412 13.6191 9.81018 8.07505 2.39236 13.7413 0.0732983 10.9058
13869.8 14.2473 25.7989 2.39939 23.4678 11.7773 12.6188 11.5446 20.3033 26.1716 0.0603584 9.0079
13930.7 2.9612 18.9559 0.355424 5.21727 38.8571 6.36575 26.2367 1.4769 15.732 0.259177 11.5171
13905.4 12.1576 6.1967 14.7152 8.29875 19.5196 2.12397 26.9526 28.0694 38.2485 0.385072 13.9369
13888.3 2.4515 14.5508 41.045 3.54563 4.83579 34.0124 18.634 57.5264 17.0375 0.11385 13.9612
13890.3 6.2542 9.67112 24.6216 5.11954 28.6295 9.97385 29.828 8.46422 47.8592 0.0674715 10.659
13869.8 13.6945 0.528631 19.2048 39.3527 15.4956 11.9476 13.6298 27.308 2.65631 0.0055308 7.8595
13829.9 15.754 3.76356 19.5855 39.4142 11.2714 35.9792 21.1502 6.34635 8.65406 0.0055433 8.1555
13790.7 34.2457 8.99513 15.9259 20.3828 36.6367 8.45094 11.2499 6.5021 5.70934 0.00661641 6.88086
13941 35.7667 13.8072 17.2356 2.28082 27.3092 28.988 8.764 1.44897 14.1147 0.026727 14.4373
13702.3 29.0176 15.3088 19.4381 32.5196 13.2781 12.7784 8.88399 5.86971 13.6287 0.0713231 10.3889
13724.1 29.6425 14.9982 24.6614 7.00595 24.1885 9.69922 8.95712 10.9502 13.9248 0.059151 10.1087
13812.9 13.8311 45.5151 3.58621 14.6874 23.6116 17.7753 15.1467 3.78084 14.2114 0.0522716 9.05279
13902.6 14.6032 18.7725 14.4349 0.241467 7.4572 21.2401 8.16804 12.5615 11.8761 0.0336035 8.31759
13740.4 7.23743 32.7111 24.8441 17.9854 26.4677 12.7396 8.16713 14.298 11.0909 0.00450187 8.2086
13771.7 18.6524 26.1217 26.5536 18.1895 33.6173 5.63974 7.69545 41.2557 10.9825 0.000361373 9.27044
13789.6 22.5368 15.5512 35.7156 21.8478 6.11451 22.52 11.9116 29.6587 11.1819 0.000361373 8.14979
13807.5 22.5368 16.9602 32.0175 26.9312 2.63061 5.18733 10.2913 15.5986 38.2885 0.000361373 9.09857
13680.5 15.5441 23.968 28.3085 16.2184 32.1046 7.99635 52.3726 11.2424 32.4189 0.000361373 13.6302
13823.1 25.5969 29.1596 11.2332 23.9959 10.9801 15.7031 42.7703 12.4641 37.9026 0.0159454 12.568
13822.8 26.636 10.5128 12.151 30.8995 8.87307 3.47691 13.3304 1.66049 7.97615 0.0702421 8.21032
13873.5 19.2227 6.47246 11.2256 33.7833 28.928 10.5486 9.31471 0.938823 14.6827 0.103101 8.88581
13869.7 5.97884 7.89711 1.13029 31.6933 12.5314 25.6221 9.19679 6.55885 27.9045 0.184293 11.4342
13753.3 20.4454 8.18004 14.8698 11.9596 1.76962 24.5656 16.5772 6.92461 2.56502 0.00583201 12.6652
13932.6 6.06984 6.71969 12.0726 10.358 36.5399 6.5199 8.07218 18.985 5.98097 0.0186887 5.75383
13886 1.28875 9.3573 21.4535 1.11201 26.1173 8.51631 45.3938 18.2641 4.71944 0.0826996 11.2681
13958 4.30867 13.0736 19.9193 11.8506 10.4212 8.5226 25.9996 2.67811 26.0801 0.155417 9.18581
13919.3 3.53336 10.6703 12.1542 28.037 9.5459 46.1108 8.68272 12.1872 36.7956 0.0374455 9.63515
13934.7 10.0647 29.3531 8.60973 24.4087 9.49082 34.4143 20.0862 0.332219 21.9029 0.0524862 12.4738
13934.7 3.46034 10.8347 12.9439 24.4087 9.23072 30.137 9.49918 10.4914 30.6318 0.0151683 6.97766
13948.7 2.67812 14.1511 19.28 15.1225 16.87 32.366 10.5789 9.19248 3.1928 0.0296877 6.51657
13963.2 2.76752 21.317 8.81662 7.72808 24.3981 20.9955 22.4855 17.0964 7.26613 0.0893448 8.24409
13889.9 7.79256 23.214 4.31531 21.4492 12.9743 20.7666 14.9402 12.9515 17.8256 0.0934522 7.99568
13975 1.57646 9.11847 13.8672 21.2179 6.05175 7.10252 14.8259 9.93331 18.0447 0.00367494 5.52531
13974.3 20.4924 6.69478 2.57957 19.1832 11.5271 26.5664 22.8713 6.75415 21.4149 0.00294415 7.32406
13957.1 9.18993 6.33465 18.826 16.6909 20.9931 11.7893 1.17984 27.9082 17.6329 0.00552639 6.68241
13889.6 10.5178 4.67657 18.5359 10.3722 52.8643 13.6561 4.80224 42.4508 12.3928 0.0258335 9.68073
13795.8 17.9266 19.0546 23.7542 12.1342 27.9227 29.8059 5.98134 6.56752 1.26879 0.00934411 7.18057
13922.8 2.28883 21.5531 22.1168 15.303 0.439744 25.4224 40.6522 17.6657 13.4658 0.0108701 9.74928
13854.1 18.0796 15.0387 24.0185 3.07749 1.25205 59.4708 3.01931 12.1477 11.3328 0.0155027 9.15431
13800.9 30.2178 19.047 20.9409 2.80764 40.0994 8.39057 7.77761 18.6879 7.85112 0.0196278 8.45313
13783.2 27.1002 17.2529 13.8538 20.6406 30.8867 24.4187 4.38133 14.9148 10.7565 0.0161175 8.01976
13906.4 15.7285 15.0745 23.0195 10.5232 12.0759 12.726 21.4704 13.6494 5.8345 0.285044 9.94689
13844.5 12.2384 5.91714 21.3657 23.0313 14.6736 50.8919 8.1811 11.6047 7.4161 0.596132 14.7714
13819.7 7.91551 7.24758 21.5429 19.92 21.7997 63.8395 27.3619 2.79842 6.51216 0.266758 15.1941
13817.1 21.6076 10.0513 22.444 16.5632 1.74232 14.5339 24.9072 9.2553 4.81607 0.226035 11.0378
13779.4 17.1686 2.85989 24.824 37.878 13.0667 23.303 5.54184 8.58403 34.6018 0.0554016 11.0693
13877.9 15.4381 1.14758 34.7997 31.8996 14.6782 11.0493 21.3419 28.7645 6.48194 0.122445 11.8432
13765.8 6.44431 42.6763 16.7459 30.8577 11.7145 5.84188 23.551 4.60991 42.3198 0.098104 12.8895
13925.9 7.60159 34.3449 3.88914 23.341 29.0481 2.68631 0.65667 19.8621 4.53285 0.0162288 9.21877
13822.4 13.8693 13.8868 8.29647 50.5913 14.0301 8.07236 1.72088 18.8716 27.427 0.0122608 9.01787
13843.1 24.0692 5.54566 16.8183 12.8081 29.2366 15.4739 0.695455 17.5077 23.5271 0.0238793 8.40023
13780.3 48.5461 7.52673 6.77212 13.3542 52.7878 10.482 4.32368 3.7133 14.2123 0.0139372 9.76134
13735 5.71806 73.908 2.7697 22.7365 16.7913 25.9467 13.2562 13.6597 6.46958 0.106182 14.1005
13681.8 8.84763 47.8698 13.5264 31.7883 16.9059 18.5302 13.7582 13.0974 10.4631 0.0348756 11.4151
13808.6 8.01675 16.8496 19.146 22.7689 14.28 17.7159 23.4909 23.4677 2.33541 0.0144302 8.22841
13858 8.50551 13.1582 28.5353 10.0262 11.3598 19.6743 37.2664 11.2813 3.76269 0.00657164 6.89766
13902 1.43655 8.26846 43.9785 12.5555 18.5609 3.25149 26.2118 6.37278 2.66452 0.00413253 6.85271
14009.7 4.08335 4.93374 14.1262 15.1895 5.57953 33.1395 27.063 11.7959 9.49014 0.0011487 5.85424
13941.3 6.54615 5.8034 14.1262 11.1341 13.5374 46.6991 12.5629 8.81288 12.7157 0.0011487 5.36002
13864 14.3764 14.4916 8.74442 14.3925 12.818 30.1645 15.2745 19.0054 2.49596 0.00415944 6.00578
13839.2 26.8799 8.1267 26.8491 14.1608 30.3642 7.46028 6.16379 12.2326 6.44688 0.105171 8.68186
13841.8 3.70136 8.71576 28.2466 12.1968 35.4635 19.3089 17.4142 6.45535 32.5704 0.0719744 10.1092
13843.3 7.00386 8.32643 20.9208 29.929 32.3288 14.0672 1.9291 9.5685 12.1896 0.00138816 6.06443
13811.4 18.2974 11.966 13.6276 33.0485 35.0284 13.1729 8.36937 17.3333 25.6945 0.0688615 10.2147
13803.9 25.8883 16.3448 15.9077 31.999 19.9929 18.9065 15.3531 4.53323 18.3755 0.133389 10.542
13839.2 19.9228 0.848773 8.11667 19.0117 11.5424 46.7929 7.99116 5.72399 22.2883 0.087054 10.8698
13872.4 13.7976 21.8875 1.54472 6.44386 25.44 39.7663 15.7355 4.22739 24.1032 0.000984605 7.33399
13842.4 10.8588 15.9643 5.91465 31.0708 22.9448 30.8535 2.69701 19.9322 32.7633 0.000984605 8.12514
14022.3 4.27823 15.0425 0.470845 3.85493 11.9331 11.1417 4.02458 16.6916 28.8643 0.0248426 9.53454
14012.8 7.52125 37.1568 0.470845 5.24092 5.01297 7.66223 6.83614 3.48746 20.994 0.0248426 10.5718
13892.6 3.92559 25.0623 1.24626 20.9472 16.6994 16.6619 6.54324 32.1839 2.60849 0.0248426 8.11258
13858.1 29.052 29.46 6.42115 4.73436 13.6405 7.25787 27.7327 16.685 1.86495 0.0681049 9.84213
13929.1 18.6053 9.13712 4.80104 9.46202 31.2749 28.9152 7.79707 29.7646 9.39155 0.0143488 7.62526
13914.6 17.0629 1.07929 6.34882 14.6723 43.7561 9.22634 15.1962 13.4379 3.10416 0.0143488 6.71399
13918.9 16.2403 5.01782 16.1485 32.1897 9.44692 8.82532 20.7417 3.00702 2.48983 0.000841563 4.96624
13838.4 11.5843 13.2666 16.3209 15.0334 21.3224 8.09995 22.6209 3.36888 14.6713 0.0302124 7.2624
13849.7 7.02923 28.8031 23.972 19.6925 18.7506 14.3971 6.06914 2.54711 36.3602 0.000774807 7.46995
13937.2 13.8765 9.70355 20.4388 6.05945 19.6101 12.3372 14.6121 3.80488 5.49713 0.0142617 5.12198
13821 39.0699 8.69707 11.6254 10.0806 26.1827 5.42384 6.5542 11.8028 5.99998 0.0109697 6.67338
13741.7 39.812 2.58486 21.8469 7.93584 37.1201 2.42541 13.9957 2.97222 6.47009 0.0812367 10.5244
13708.9 27.4928 24.6256 8.79135 3.55098 43.4685 21.108 1.18558 1.02009 33.2974 0.0843719 13.8945
13856.9 24.4547 16.5041 4.09931 4.47199 24.1144 38.9447 0.928425 17.2033 21.0982 0.164911 11.3038
13945.7 45.023 2.51506 1.22427 4.94308 23.5232 51.6673 12.1044 10.6562 10.9829 0.240221 16.2844
13870.6 8.85864 5.50144 15.5716 2.78585 26.5535 22.5315 5.32001 17.6821 16.2468 0.499278 13.0739
13914.6 10.6673 26.8006 9.9876 13.3967 19.001 12.195 29.0021 0.463389 8.09877 0.151123 9.78742
13955.2 10.3179 14.3323 1.73256 3.54719 19.001 4.68162 26.9365 25.9552 33.4891 0.0311047 10.6105
13969.1 9.77801 3.32304 2.88756 12.8418 35.8553 11.7754 41.1601 11.082 18.2582 0.00957113 8.00547
13955.1 18.8514 14.8666 1.78906 9.61524 2.54939 15.1556 3.77208 21.7237 9.68136 0.000255136 6.68794
13895.6 0.851533 25.7396 0.811491 29.336 13.3291 51.6736 1.34591 24.9849 7.2188 0.000255136 9.11958
14022.1 0.954201 10.2088 4.0312 4.37707 4.43718 18.6976 31.8777 46.3528 17.9702 0.0576129 12.2249
14029.8 3.90424 3.38031 16.9815 11.6212 9.32529 9.0851 12.3014 27.9453 15.0814 0.00754458 6.71897
14055.3 6.66673 13.8927 10.1351 11.3001 17.2935 6.10773 3.6083 12.8782 15.8553 0.000285439 6.09323
13987.8 20.7625 1.15593 9.3304 11.3001 17.2935 5.48851 3.6083 12.8782 3.48245 0.000285439 5.33143
13883 20.4854 15.1754 7.86626 10.6078 16.6048 7.67198 25.6594 14.6627 3.64511 0.0497143 7.33542
13873.3 15.8019 22.8118 22.3085 27.7317 18.8145 14.7006 23.092 1.81583 7.37915 0.0879592 11.3508
13916.3 9.77753 19.1355 12.7135 19.71 5.51875 24.2116 17.6283 14.1798 6.19942 0.0878708 7.55175
13894.2 12.9241 3.38583 9.64457 6.26513 62.5569 9.52581 3.91677 30.3702 3.85784 0.0171439 8.47267
13705.5 22.6787 20.7254 36.7561 7.42917 53.0097 3.37446 2.59846 13.2476 4.84474 0.0895291 12.2323
13886.7 6.34054 16.2374 11.0643 4.55214 42.6921 26.0485 0.682443 13.5578 5.2442 0.154463 9.38848
13858.9 0.942155 40.5155 31.6268 1.41959 13.1753 15.9047 3.97589 14.748 8.2795 0.174381 11.5801
13828.4 17.2616 24.5281 23.1136 5.23893 44.6611 5.49507 8.33645 24.6264 16.1592 0.074568 10.4815
13810.6 33.6768 13.5251 12.9979 9.40075 18.8642 20.65 20.1773 21.516 10.1519 0.104395 9.61287
13934.4 5.11768 22.5071 2.93788 10.2212 14.3716 21.023 9.57716 4.1876 16.8943 0.00978199 5.70739
13919.1 3.46309 15.9035 4.00113 24.0421 2.84556 7.93576 30.0917 1.83443 8.70601 0.00978199 7.35382
13855 6.93491 15.6368 3.66038 41.3228 13.2723 16.2839 11.9389 19.9137 26.0925 0.203486 11.0041
13910.8 3.84955 34.3738 12.2626 26.8635 4.0101 6.68439 1.87632 42.531 18.814 0.499345 15.8139
14010.8 11.4006 8.18094 10.5337 9.10584 8.2349 7.42387 6.72201 16.7082 23.3084 0.277258 10.6107
13818.4 8.14171 13.6976 39.1404 10.505 3.05581 43.8478 17.5099 47.5424 21.6143 0.0265953 12.7577
13841.6 35.5697 6.18872 20.5407 30.5413 3.03515 2.08332 24.89 7.16653 37.4064 0.0588958 11.9309
13754.6 41.512 14.1615 5.45575 37.8277 18.8765 4.85286 4.31963 32.9605 29.5495 0.04635 12.2458
13831.8 12.4843 16.172 19.5105 6.806 23.9117 16.1009 29.7451 0.439274 9.07782 0.119446 9.60621
13848 4.09587 4.64635 18.5132 16.2177 27.3935 41.2749 1.34283 13.1791 3.01968 0.018788 8.67985
13905.6 4.09587 12.7263 19.6718 16.1273 32.049 51.4926 17.7859 7.73039 12.8816 0.0026831 9.99008
13769.8 16.4916 34.2483 22.8471 2.6346 44.6252 4.05837 48.3709 5.93885 8.35692 0.00121437 10.745
13827.9 9.28805 33.6563 26.1373 5.69231 38.9637 10.421 2.65477 5.1173 12.2128 0.00114159 7.13155
13817.8 0.839566 15.5281 32.265 0.603608 38.4415 2.88168 2.7299 5.60072 18.34 0.00417505 10.1446
13833.9 1.2656 16.0526 26.8373 10.0999 32.5554 2.65227 17.0937 8.71708 5.93221 0.0214172 8.01238
13735.3 59.2782 21.0018 8.04612 0.888614 23.1246 42.1499 27.0687 3.63138 31.7548 0.00116915 14.6533
13673.8 32.5763 31.4304 27.2166 16.6751 19.2608 22.6569 4.51888 10.5166 18.3217 0.00116915 9.39256
13813.3 30.9867 26.3177 23.6865 19.9139 19.2608 17.3855 4.03487 41.2357 59.1636 0.00116915 15.8077
13849 30.5791 10.3754 15.3548 5.66904 30.2787 19.5606 21.9529 9.257 22.2712 0.426364 13.1692
13807.3 30.8181 30.169 16.2681 2.82958 25.786 18.7114 18.5742 0.707853 8.1177 0.207211 11.9989
13841.1 28.3983 18.9513 4.08944 15.0648 26.2244 6.35873 29.7655 10.5814 6.39947 0.274073 10.9842
13933.9 21.4564 5.09625 19.0392 24.8736 26.5502 1.87853 5.13674 9.54617 26.6661 0.0804698 10.4015
13912.3 10.1043 27.38 15.842 3.07069 29.6789 9.05908 9.80646 2.73337 18.1437 0.000303422 5.49884
13729.5 60.7426 6.15952 31.3943 14.7284 9.68905 8.04986 16.6664 12.6417 8.33798 0.0532817 11.5673
13841.6 10.6609 11.5158 28.1388 35.8444 17.0999 15.1818 24.2955 43.453 3.9132 0.0959303 12.6084
13879 3.47881 11.4217 22.7506 38.733 17.0999 16.9981 28.1495 33.8415 45.7379 0.0961972 14.7474
13879 4.53366 12.5123 13.4035 48.8833 18.4784 10.5895 15.9175 45.3268 9.22712 0.0866027 11.6783
13881.2 16.8632 10.6099 19.6204 20.0434 15.4981 25.2644 35.9327 8.95723 12.9087 0.114501 10.1247
13976.5 0.414389 1.7904 15.6743 17.8057 15.5963 12.2288 10.6771 2.86597 42.3779 0.113096 10.5186
14029.5 2.01671 19.9871 3.18876 12.8934 7.95558 9.53278 13.6743 10.186 22.3261 0.0535911 8.23235
13740.1 50.8101 3.26668 11.9804 16.8939 40.8777 15.3432 21.8897 8.09204 21.4085 0.0520284 11.6261
13771.4 39.3044 5.39541 19.3934 30.1696 4.6859 24.1462 40.2845 16.9062 0.562202 0.0799836 12.6591
13831.2 41.1969 3.3785 11.1817 15.1972 17.6501 47.2837 4.02207 16.7423 5.13553 0.0416175 10.0977
13835.4 21.0964 6.29442 7.10887 59.3342 13.0175 8.30949 9.20717 16.4946 7.74519 0.00052544 7.00538
13776 24.2904 2.65542 14.8874 61.6379 0.808966 9.61917 22.5965 16.4857 14.9194 0.00121929 10.0337
13745.1 44.0823 22.8686 10.6851 33.0512 2.57899 2.89608 2.12238 8.31 55.7641 0.0023821 12.6306
13820.6 21.1962 14.2247 13.2672 24.8494 19.4429 8.58108 7.56858 19.8607 34.3017 0.0029702 7.71006
13906 17.3599 12.7244 9.37301 21.4402 22.7928 14.104 1.44895 17.6749 15.8553 0.0029702 5.88949
13832.6 34.2525 14.4326 7.51364 11.7079 13.7823 11.573 0.242522 3.18574 50.2926 0.00753462 10.7347
13796.9 17.5195 16.5267 14.7095 26.9109 30.5697 15.3933 34.0045 47.7056 47.4479 0.0924357 16.4975
13819.7 28.3757 8.21342 5.77691 26.835 42.275 14.9257 17.828 12.5745 13.0349 0.127316 10.7071
13842.2 15.8006 3.92918 10.2756 29.0109 20.0488 39.4381 15.0662 11.3081 5.96836 0.110166 9.4904
13821.2 37.3088 4.05678 15.1647 13.5482 19.8979 8.74412 10.1101 25.0106 1.63378 0.0258511 8.20769
13836.5 9.99323 12.8403 44.9429 0.52296 10.5704 25.253 7.94824 43.1308 14.9886 0.00349402 10.0995
13870.9 4.05419 0.267611 30.6143 33.0923 9.29586 7.26531 9.30991 4.69754 32.34 0.0514101 10.4706
13910.8 17.3127 5.75057 29.4942 9.48512 17.9858 3.38496 43.4895 16.1013 17.6022 0.0691872 10.227
13957.1 7.36681 29.0471 6.02604 8.3948 4.98237 8.3518 38.0892 28.7713 6.07806 0.0720621 10.1267
13937.5 3.82511 35.3192 3.1928 12.4996 4.98237 6.55869 25.9065 10.5222 39.3964 0.0655039 10.7926
13990.5 5.0689 27.4843 7.87345 6.8477 5.33947 24.1282 29.7236 26.0764 56.1932 0.0388682 13.4743
13948.7 5.82587 20.3118 19.3816 6.71879 10.1645 35.6008 17.4247 23.6298 32.2744 0.0499742 10.4703
13825.9 18.3753 18.4088 5.05421 17.1597 21.2703 39.452 10.4815 20.5056 10.7828 0.0544858 8.90607
13857.9 5.80329 19.9129 5.80361 18.0349 18.2156 34.7455 6.74215 24.2269 10.4901 0.0200948 7.72915
13847.2 8.64988 19.52 8.85096 4.18623 4.14196 43.0171 8.18223 2.11163 18.0288 0.0594307 10.381
13864.8 9.04273 22.8493 21.4968 22.1722 10.8872 35.9749 3.93856 8.51612 5.3933 0.0470121 7.92295
13805.8 7.26797 20.8594 24.2795 8.9483 45.1819 11.3188 5.3515 7.76448 10.4832 0.144305 9.45863
13793.2 15.7288 15.9734 1.26027 26.6023 42.8867 9.19397 25.1761 5.97505 2.51689 0.0746297 10.1829
13831.4 29.8514 14.9741 3.7016 8.99482 31.6347 32.8349 10.5583 5.80306 15.0112 0.0348566 8.32295
13836.4 30.9909 12.916 11.2299 10.6389 26.3396 10.3452 24.2421 0.252993 1.22175 0.0308007 8.46596
13799.1 31.0426 5.37749 10.489 10.5305 23.4571 11.0951 13.4439 6.61269 4.92493 0.0924878 9.23125
13830.5 12.9392 14.0215 13.7067 13.764 33.8813 21.622 32.5956 3.61729 6.45402 0.158059 9.96218
13689 22.4093 39.1716 13.098 13.0717 41.971 21.3519 52.65 7.74098 6.40641 0.0677835 15.6385
13785.2 15.7726 14.2498 15.4616 8.55187 66.2023 11.7839 11.2813 6.70127 20.9505 0.04409 10.4259
13744.1 51.85 20.4134 17.616 1.11647 21.9468 13.5861 19.2584 7.48551 31.2043 0.0909547 12.9481
13712.3 45.7834 21.5047 17.1368 15.5012 16.2961 30.3092 19.9891 8.10125 3.4659 0.024891 10.1597
13728.5 36.5376 23.9782 2.73955 31.0642 13.6746 23.1411 28.4053 3.11744 7.60258 0.0308737 10.0818
13875.4 11.1365 15.46 10.8123 19.1944 13.6769 16.2285 36.0092 3.23431 10.0718 0.00816928 6.25502
13917.7 0.254199 9.69492 8.82987 13.7138 16.2538 15.6701 20.9604 4.42911 6.70092 0.0167744 7.7152
13905.2 3.88545 15.511 9.56549 25.1826 15.1088 5.92534 29.0804 8.49412 7.18863 0.0122739 5.90859
13945.9 0.316854 13.4546 10.0171 25.3667 21.1701 10.4491 49.6304 12.8274 12.6249 0.00576648 8.74304
13925.6 5.13241 6.26852 12.6863 26.906 6.98483 15.1485 56.4089 14.1851 23.5192 0.0153709 9.57557
13944.6 3.3114 6.26852 13.981 26.906 16.4902 21.9737 40.9176 21.4037 34.9643 0.0159265 10.4023
13893.7 9.75691 0.987971 29.8343 2.08525 20.2159 23.3163 30.7465 45.3995 4.5184 0.0128946 10.5996
13978.7 13.554 14.0191 14.4226 13.6807 32.4534 5.94107 12.4574 40.8708 10.6724 0.0315198 10.6448
13881.5 11.6196 4.59364 11.0836 5.83722 27.5892 35.8432 11.9028 10.9664 41.1268 0.0291311 9.84642
14030.6 11.7586 0.822338 2.53707 15.0904 31.2295 37.9616 5.78648 7.54143 19.7481 0.00417861 8.98666
13783.4 11.9409 49.4638 8.354 12.6166 10.7665 40.0422 0.809158 6.12773 23.5995 0.0223284 10.3055
13971.9 4.95493 1.48468 17.9874 11.6984 16.9304 35.518 15.8614 22.3513 20.9036 0.0939033 9.49285
13970.2 1.35828 14.7228 6.0886 25.4151 7.36028 27.234 11.3815 8.98945 1.02421 0.0191402 6.17125
13969.4 12.3058 7.77613 7.61665 12.2534 12.8671 5.024 12.5123 4.14083 14.4801 0.0504568 6.65471
13894.4 15.4707 7.68322 1.07023 38.3565 11.7197 2.22081 5.49187 18.4864 10.1906 0.122334 9.64681
13959.9 4.61697 14.5471 0.743336 17.6576 30.1726 4.73242 6.67738 37.2928 25.7041 0.427761 13.8221
13861.1 5.03463 26.1228 14.2376 23.3699 29.8384 7.73372 8.22546 57.8063 6.69875 0.114667 11.9116
13774.4 4.58298 20.8669 11.2807 36.5581 45.4045 0.283106 5.73904 37.7177 24.3799 0.0456508 14.2452
13915.4 10.7111 35.5902 8.45974 16.5634 33.0545 7.1882 11.3752 20.6491 37.7144 0.0226164 12.0869
13903.5 13.6959 9.24439 7.91918 51.6833 16.1613 7.33383 6.60382 18.8682 41.603 0.0607847 11.4045
13864.7 13.0425 13.8946 8.7164 42.6982 6.17097 5.08655 21.0227 18.7479 13.7814 0.00104365 6.35586
13844.2 23.6311 4.71749 8.69047 24.7663 22.2547 22.9034 8.72177 14.2713 10.0654 0.00296798 5.7667
13888.9 15.8066 3.54378 12.2023 23.482 2.7983 50.4713 19.5492 4.12647 0.763365 0.0433025 9.01783
13938.5 15.686 1.92839 11.0346 51.3423 1.81081 23.2307 3.278 8.58576 6.64304 0.0419003 9.14415
13965.1 21.5782 5.28159 3.11177 26.7805 5.5493 30.0973 23.0934 6.00131 4.2465 0.0952511 9.31874
13917.6 6.61986 12.1912 7.98123 16.4326 12.8312 28.8525 25.7185 3.8878 10.2281 0.166803 8.38044
13917.6 14.0824 0.860863 13.4502 27.2294 29.7463 8.73295 37.3331 10.3313 10.8129 0.352879 13.0076
13925.9 11.2861 13.2038 16.6612 16.0171 13.9073 7.62168 21.6913 2.70455 13.0746 0.173333 8.2519
13912.8 5.32259 21.3812 1.91073 14.4548 34.7832 3.33816 11.2009 8.81853 9.43733 0.00932991 5.75794
13851.9 5.20089 17.4829 11.0076 44.2852 10.6956 9.21964 18.4569 7.54988 20.094 0.710243 15.665
13955.2 6.3717 13.3962 12.1739 30.5483 15.101 4.5126 38.5199 16.5029 11.9454 0.0261705 8.47477
13912.7 5.71745 13.8259 7.00113 27.9507 4.98454 20.2965 34.8341 4.47379 6.56719 0.00415368 5.95677
13870 23.5092 3.80655 19.3977 14.8568 7.24793 7.66686 30.1341 6.96956 2.18879 0.00757086 6.58989
13871.7 35.9025 3.0453 7.06171 13.5858 12.5785 6.66357 21.3167 14.5735 3.77526 0.00171893 6.51311
13847.3 3.42779 41.6586 15.1273 11.3442 11.4412 19.768 25.7055 20.8272 14.774 0.00435823 8.06724
13953.7 6.00795 17.105 34.4102 4.13807 30.4366 1.36799 18.1627 9.85946 28.712 0.0176816 10.2994
14118.8 2.51416 6.49287 20.7027 10.2709 13.5669 35.0968 24.5945 14.1428 39.7619 0.0161806 16.7973
14085.2 6.44462 0.776203 11.7577 3.95166 4.21923 20.2613 9.66878 2.10228 9.81441 0.000354901 6.22989
13965.5 15.869 0.157869 16.8045 6.84053 30.307 1.34445 4.24492 19.6199 19.3724 0.012602 8.72268
13785.7 35.5196 7.39306 20.9015 11.3673 13.4571 26.4756 5.35636 2.75987 24.6434 0.0259124 8.47092
13871.4 20.9966 3.39736 12.5744 34.8889 14.41 6.8179 26.0648 34.1812 17.8781 0.0275988 9.55485
13872 3.34606 19.8497 8.93067 26.6678 11.5565 55.806 11.1209 28.4535 15.5403 0.0199244 10.3216
13858.2 22.0765 4.9553 10.2151 33.8914 18.1931 9.89759 4.19895 11.5234 9.53698 0.0138806 6.08344
13956 1.41369 3.08469 17.6313 16.8259 26.0552 1.8231 0.545354 11.9386 6.60755 0.00821029 6.76659
13929.3 8.30528 6.68018 25.0539 24.8001 17.3518 3.74148 8.76686 9.03757 15.3176 0.00196957 5.05412
13914.2 8.30528 3.30824 34.7568 24.4205 6.25997 2.6755 9.6812 3.64647 45.5193 0.00196957 8.31809
13914.2 16.8003 3.68158 31.0726 19.7408 16.6451 1.80375 12.5557 12.0683 29.3567 0.050064 9.36796
14055.9 7.28317 9.0823 5.25212 15.9919 6.37242 5.26623 17.4404 22.318 22.1075 0.00870713 7.92097
13851 7.46397 15.9516 35.2511 24.1717 42.8135 1.78188 5.67853 15.6397 12.9889 0.161399 13.0746
13903.2 8.66649 32.0696 19.0352 10.6452 25.8767 7.48024 5.75249 39.6405 23.5558 0.164293 13.0047
13849.2 10.0947 18.1266 13.1932 30.7094 26.3767 8.39229 4.9199 31.7105 7.43944 0.105111 9.32077
13858.7 30.8299 20.8896 3.75991 25.6632 20.88 12.6629 13.0213 10.578 12.3417 0.116051 9.98981
13817.3 24.2312 10.9903 17.4951 25.366 18.3638 23.2908 2.22347 6.53878 9.67622 0.325684 11.0129
13949.9 2.71087 17.9306 12.6131 20.5746 12.7003 28.1166 13.5471 7.14224 19.7964 0.283246 10.5661
13941.8 7.84351 9.80763 18.7249 11.7922 17.603 10.6912 3.01253 14.3133 2.23476 0.225807 8.46337
13848.2 11.5039 10.0458 14.7244 14.5836 18.683 57.932 5.20662 24.5807 7.37543 0.00366991 8.28814
13944.9 9.36884 14.3612 9.20823 6.89127 15.4903 8.69387 10.9871 6.16868 8.75096 0.0395582 5.93696
13828.7 16.2856 20.1177 6.16972 7.14282 52.5112 12.7904 28.9585 9.30845 18.4891 0.0101693 8.72921
13849.1 12.1825 5.34039 27.0766 5.66749 50.6087 11.7321 32.2187 13.1133 11.7323 0.00722255 8.6933
13881 25.0606 30.5295 16.6419 5.17913 30.024 16.0019 12.8448 25.9077 4.77142 0.207746 14.0265
13875.9 27.4278 31.0579 6.23009 0.747236 20.1775 31.8523 8.10711 24.0007 19.8783 0.229826 13.7638
13819 24.2667 44.9799 9.10667 3.55954 3.49588 48.5774 18.219 10.1566 13.4739 0.174318 13.8098
13860 1.70143 18.6005 23.4548 4.34573 14.5455 19.364 38.7203 17.608 17.5205 0.0101119 9.24841
13987.4 6.30297 0.429186 23.6839 1.45473 12.836 6.65489 6.66989 16.6867 7.60485 0.0178492 7.8959
14006.5 4.16441 0.754913 7.69533 19.9907 10.2448 62.8479 9.73793 10.0893 12.7812 0.0086815 8.96739
14031.6 3.46725 14.536 4.40559 16.2493 6.64607 46.7179 8.20667 8.83895 13.6052 0.00297887 7.1398
13886.1 6.62921 15.5767 3.67445 31.761 6.95607 28.5732 12.8963 29.0689 6.95043 0.00429999 6.9077
13964.6 13.4915 3.79999 31.3548 5.44677 6.87377 8.16222 11.4899 23.6027 5.96939 0.0108378 6.91871
13881 12.1429 2.40193 29.2244 29.3179 23.2826 21.3983 11.4899 31.5493 7.23022 0.0385623 9.89207
13833.1 13.8232 11.4348 0.408312 40.0006 0.357655 48.9195 42.0685 35.3077 6.8229 0.0489221 15.9377
13749.9 60.1632 9.14789 6.81108 15.0521 12.7117 19.5636 37.9051 36.241 9.30137 0.0399816 13.3343
13805.7 10.2541 9.14789 11.2964 39.7951 19.211 26.5538 11.8225 26.7873 14.5985 0.205294 11.9169
13979 4.29207 24.5181 12.7838 1.99677 27.7516 37.2748 5.37987 10.2813 2.69726 0.000629221 7.35574
13953.9 3.11678 9.18462 18.0967 0.0863323 21.6857 18.883 6.27472 17.9788 0.0437345 0.0236457 9.76581
13972.4 2.54694 17.0022 10.4359 20.3193 16.3006 19.3778 10.9578 39.9707 33.5101 0.0122804 9.43884
13841.1 9.64937 8.31942 11.4317 32.4995 17.0143 27.3512 5.54922 43.922 5.68405 0.0725254 10.2962
13829.4 30.2097 11.199 0.900761 34.215 27.2783 7.7279 23.354 12.5793 16.899 0.0375678 9.67271
13851.5 29.3278 21.9327 4.87491 17.4418 12.7639 16.4179 9.07245 9.02134 7.72847 0.09908 8.2063
13819.8 16.3991 6.46012 29.5524 33.7419 16.1523 14.097 18.6722 9.94175 16.2282 0.00709848 7.59344
13854 10.5466 3.61503 12.6532 24.1169 13.5748 10.9687 25.5803 5.25995 15.052 0.200679 10.5367
13901.5 3.77393 16.4969 2.30429 45.605 1.80232 15.5608 17.1823 10.1951 9.06519 0.0725533 8.40923
13883.5 17.5484 16.833 15.163 7.68623 10.7304 16.6588 12.8992 11.8728 12.0286 0.00506596 5.3659
13870.4 6.44561 7.26248 26.9833 16.5029 24.8498 10.9878 19.4227 20.1791 5.74168 0.00804859 6.25839
13903.2 5.30652 11.6413 2.43065 25.4265 49.8683 8.82366 14.1068 10.2397 9.60077 0.162676 9.5719
