1598.75 8.53696 14.161 14.77 5.35405 6.68428 0.225536 7.66646
1313.51 22.9324 10.1345 7.65312 4.95738 4.6604 0.00176639 4.25958
726.831 11.2647 9.60605 20.716 3.11285 23.1653 0.0133291 8.09485
2290.72 13.1071 46.2449 35.7099 9.01949 5.42497 0.154384 11.2076
2586.06 40.125 2.29777 28.6394 14.556 2.93949 0.0246427 8.71493
2012.12 16.9971 4.43511 34.838 1.11616 18.0593 0.00713324 6.48804
788.138 21.8507 3.59316 34.0995 17.1189 15.3543 0.0096237 9.20707
2034.07 12.2303 12.878 17.083 6.145 16.5154 0.00029999 3.63505
1277.37 11.704 8.14739 17.7807 2.05671 15.1193 0.000120139 4.17756
1097.89 12.6953 23.3911 8.16934 14.0031 47.0514 0.0442754 10.2013
1129.36 9.71544 4.10897 17.5259 5.25673 5.05353 0.0585138 6.44872
2468.67 11.6466 7.68403 14.3339 10.3278 4.6336 0.00167461 3.50193
2520.52 18.1035 1.58556 6.6244 11.8395 0.8464 0.00167461 4.37782
2244.03 18.967 16.7876 15.2426 1.33833 28.7708 0.00167461 5.93075
2227.46 27.7652 17.1099 9.40557 1.28326 0.317415 0.00167461 5.70878
1457.63 14.0154 4.42122 16.5324 4.78504 13.399 0.0173918 5.18254
2730.43 10.0375 3.49179 1.17643 13.4319 4.03246 0.00515612 4.38318
1602.16 8.18898 5.48222 6.98337 24.3627 27.4589 0.16348 8.7804
2085.65 0.549526 20.6031 18.1689 24.9566 3.68615 0.197642 9.53365
1394.68 13.9241 75.9512 10.3709 8.48479 7.66232 0.291643 13.6692
2430.5 6.09389 16.2032 5.44385 6.88475 11.2587 0.0514711 5.27233
2774.28 4.57976 9.30877 8.1511 8.98251 6.67426 0.165885 6.95938
2267.3 14.0879 4.13442 10.4391 12.2526 9.63492 0.128353 6.47257
2518.25 29.1566 5.77302 11.434 23.79 3.55436 0.206606 9.5365
2085.9 13.4048 3.87574 7.41076 33.9117 3.44187 0.163973 8.19743
2151.38 19.836 15.977 30.6034 6.33741 0.779539 0.257464 10.2193
1594.75 23.0436 34.6544 13.0463 30.9515 4.09311 0.190244 11.1809
1619.74 41.451 41.2047 15.5132 17.1946 13.4894 0.114741 11.667
2084.55 35.299 12.6348 6.48459 32.6296 2.37139 0.0907801 9.13239
1967.53 7.37407 13.5074 23.1052 21.4052 28.9599 0.154312 9.53927
1734.53 10.8785 8.52929 31.0669 20.1305 25.7437 0.0381363 8.12368
813.916 7.2712 3.87483 21.3221 24.0218 16.6712 0.241781 11.5707
3077.84 14.191 8.17499 4.38591 58.2036 10.9022 0.336624 13.9916
997.776 13.3988 5.86541 4.7309 11.5725 16.965 0.0179027 6.23566
1203.52 12.8918 5.86541 22.4197 5.3748 8.42215 0.0307396 6.21741
2651.05 28.9714 39.3312 2.16493 15.3031 7.34734 0.190232 11.2823
746.115 35.4886 9.3878 13.8601 10.8047 15.4596 0.299936 12.6513
2100.52 35.3456 13.5816 16.0812 21.5835 24.1564 0.318711 12.3034
1309.72 67.257 13.8362 9.32053 9.25855 32.4701 0.11821 12.8647
1779.98 15.7619 15.1435 2.16517 36.0858 29.3471 0.247593 11.4964
1934.48 14.3504 6.02322 8.16934 31.6322 16.908 0.117242 8.07984
1862.52 17.6314 6.96595 10.7208 45.2818 2.98565 0.0996049 8.87268
2292.02 19.6458 18.3111 3.02065 22.6266 5.89065 0.0242647 6.22258
2385.89 34.2499 13.3984 11.7912 5.90086 4.40255 0.0815712 7.5144
1679.32 12.3732 3.59947 7.55096 9.29559 2.88976 0.00493454 3.49968
1526.73 13.1594 41.6521 7.36245 26.9731 8.26623 0.0129559 7.77189
1501.15 12.0301 3.89792 2.40826 6.6004 15.884 0.0756594 6.07359
1182.95 50.2792 16.2968 14.4657 7.4506 25.1373 0.126074 11.5555
1478.77 19.1978 11.7724 53.1114 7.90295 16.9844 0.153118 11.2166
2150.07 2.36458 12.0938 9.82991 10.3733 29.6125 0.183624 8.32013
2159.31 13.456 21.562 19.5499 5.70256 7.74616 0.0722514 6.68279
2146 8.89283 13.2079 20.556 21.5428 16.4492 0.0235683 6.34716
1507.93 14.7169 16.0472 6.62776 35.7837 27.3044 0.00682441 7.67429
1438.83 7.56305 9.01754 5.71778 3.5823 16.1552 0.141192 6.85082
1552.01 8.05337 30.48 21.2577 0.653855 15.1883 0.025099 7.50586
2018.05 3.53659 69.1102 21.0122 7.53462 14.2277 0.0136323 9.45638
2393.85 4.06127 20.1041 19.8496 13.3738 2.07336 0.0247866 5.90114
2596.63 40.743 27.6531 25.0907 33.9774 7.02579 0.0232375 11.2294
2450.89 18.8876 15.7114 21.2145 14.3751 69.0564 0.00131014 10.135
1954.34 20.19 27.5371 20.6287 10.2848 21.8084 0.0012831 6.31757
1589.53 13.3709 19.7039 2.77052 21.1831 20.3321 0.0262992 6.83231
2209.88 13.3923 15.1584 17.0176 17.8313 44.3777 0.11574 10.1319
761.84 13.49 6.0243 3.53406 7.60454 23.827 0.148528 9.66607
1749.83 28.1183 11.7363 18.0323 38.5852 9.58556 0.0679593 9.35685
2366.77 13.4015 19.6816 2.41208 5.76885 4.66798 0.00533107 4.15657
3082.48 1.74426 4.40617 16.9439 29.8113 21.1793 0.00535543 7.63683
2362.16 13.7394 3.20247 9.23631 20.212 2.37084 0.113647 6.84489
1693.08 5.68429 11.5774 8.13272 17.5835 9.2335 0.493637 10.3874
2393.47 0.189951 3.11438 1.3688 29.5088 11.1977 0.403441 11.6953
2488.77 4.34826 3.86273 31.2463 18.5035 42.1359 0.0341107 9.24912
1497.49 1.53958 1.48185 10.6894 29.4338 18.6116 0.0149978 6.83864
1736.02 1.47083 1.11595 21.9185 15.565 20.8585 0.0346602 7.06026
2425.77 13.9976 10.2131 9.98941 27.1787 11.5176 0.0219435 6.08396
2326.3 6.19743 10.9845 26.2239 17.7916 17.0775 0.0578807 7.22626
2889.52 5.43805 9.61953 13.3684 19.4746 30.5116 0.0365789 7.91438
1613.78 1.69711 16.2759 2.68356 25.0962 8.04544 0.0155438 5.73197
1509.68 1.11179 19.198 15.68 10.472 6.28762 0.04908 6.42593
3454.81 29.4481 17.6313 8.65279 11.0533 6.32238 0.000897251 7.96922
1984.24 2.85923 19.5294 24.6952 3.16348 1.77071 0.115656 7.44056
1788.89 0.981498 25.0017 0.660174 3.3582 8.42921 0.144309 7.96728
1846.68 11.4451 6.05011 21.1423 5.86435 6.30569 0.0883104 6.06219
2133.34 7.56113 3.50519 21.7061 23.1437 20.724 0.0561958 7.29403
2215.45 7.36092 4.30699 39.0713 7.44078 13.9571 0.0662454 7.4024
2104.59 1.24195 4.79258 15.3051 7.43378 11.9569 0.107315 6.26876
1923.14 11.1826 14.7982 12.6998 29.8177 12.8013 0.140181 8.36827
1649.31 1.39788 3.69022 26.5051 31.3361 30.1984 0.0515577 9.50595
1651.88 6.28272 2.5808 4.40474 3.44636 30.6801 0.00241586 4.58174
2739.31 14.9231 25.9464 5.06348 15.4647 8.27472 0.0333744 6.89777
2133.21 22.408 14.225 5.83087 30.0691 11.9421 0.0557878 7.57271
2227.58 15.8941 12.2978 6.356 30.1799 11.1789 0.00391524 5.3234
1052.26 9.75472 18.085 13.5575 9.85903 8.42967 0.00293788 5.31005
2294.49 42.8538 2.85167 19.1671 9.37721 1.45624 0.0915198 8.90506
1565.09 34.2956 9.32926 1.94583 34.3627 0.683393 0.120279 10.2579
2078.96 46.6743 13.1339 7.18594 24.9765 15.8466 0.237321 11.6134
1397.23 16.4808 3.81966 3.17518 19.5222 0.569077 0.106761 7.77312
2818.21 5.68194 5.58972 16.6149 31.4985 22.2131 0.0560584 8.51798
2700.01 5.39368 19.0615 51.9435 42.9693 6.69879 0.13932 13.1457
2499.64 8.03619 9.7538 11.1219 11.9341 18.5467 0.0956372 6.66459
2352.5 14.0357 2.1041 10.4236 2.75686 18.6974 0.074773 6.31791
1592.65 24.1375 12.0025 5.37137 20.388 3.58357 0.0764789 7.12166
2202.05 31.1283 11.8867 10.5453 19.9916 7.6341 0.0232366 6.57946
1906.96 5.39939 6.70156 0.291977 4.08072 9.91842 0.0124496 4.41162
2117.33 6.51809 8.96177 9.9567 21.2123 8.21847 0.0490604 5.47886
1093.05 62.4743 12.8571 15.3902 5.44035 3.25167 0.00754267 8.89763
2111.62 46.5356 21.699 18.8981 16.0897 14.3127 0.00215619 7.9296
1948.73 36.4266 31.2164 5.77005 17.3008 20.8995 0.00311106 7.71385
2404.2 26.2245 35.2497 30.149 1.10699 8.56582 0.007482 8.47127
1712.35 37.3722 18.7317 4.43306 18.4489 19.7839 0.0492136 8.58587
1989.88 10.8662 8.38832 3.01566 12.1794 2.37813 0.00250296 3.2109
1865.17 28.0974 4.50541 19.4654 2.38811 6.35017 0.00250296 4.77597
2146 7.65746 13.2784 20.9379 19.6976 2.82346 0.0230116 5.69612
1900.82 2.25378 17.258 15.0903 18.8209 18.4358 0.0812173 7.3694
1928.02 21.4731 28.7763 11.5995 9.69524 9.23908 0.102629 7.85311
2255.27 1.4579 15.8598 5.01777 7.41535 15.5436 0.0504642 5.61163
1918.99 5.29532 4.99332 6.34909 2.60795 6.92311 0.00794678 3.16575
1942.08 31.0083 27.2562 7.88336 4.96798 24.1352 0.000710646 6.20727
1127.36 8.69588 74.798 29.7165 3.97101 3.53172 0.0160977 11.3318
1807.62 12.8993 33.9594 10.2537 0.974399 8.4554 0.0136622 6.08924
2418.6 18.8799 2.03503 5.62832 13.3894 6.77203 0.0109093 4.61712
1912.6 11.2908 29.5606 6.79772 9.17389 10.0462 0.0160927 5.34998
3137.65 16.6267 12.1739 3.77562 16.1561 51.3926 0.0332986 10.6096
2293.41 1.09385 12.7366 14.4352 32.7734 34.1022 0.0285085 8.71064
2470.84 4.52201 3.80202 15.2725 2.18691 8.3551 0.041052 5.03344
2674.71 21.8281 13.8392 7.85653 23.2165 25.3548 0.137155 9.80166
1658.4 13.8611 15.5543 29.3239 8.16419 13.1043 0.139349 8.44126
1909.94 10.7316 2.14123 15.1108 9.86004 2.19796 0.0233787 4.71087
3435.38 5.01791 2.89743 9.68195 77.5847 29.434 0.00535724 13.3083
915.892 2.53789 5.37809 5.64882 35.1878 6.36132 0.00498847 6.98704
1742.85 4.67676 3.68217 0.877083 58.5936 4.25167 0.0599212 9.24918
2053.03 3.807 5.57503 22.3353 36.8027 14.102 0.243212 10.2157
2577.64 4.19621 5.47398 14.2733 32.2282 71.7088 0.0579967 12.3542
1616.88 6.09725 0.549434 6.85345 10.4871 9.82897 0.119395 6.67579
1307.21 14.9609 4.41804 15.683 3.91418 5.98317 0.0270642 5.45635
2123.99 1.8862 17.5651 1.83395 20.8428 6.48552 0.00350223 4.49343
1966.57 2.02166 24.6285 13.7714 30.4986 2.28511 0.00629373 6.26353
2327.69 10.1599 12.5002 1.32201 14.4905 2.67476 0.0106189 4.4812
2307.59 17.4941 37.1244 19.8042 5.41115 15.3447 0.00057796 6.17652
2070.17 23.0307 19.6673 22.5626 4.43414 7.14196 0.107242 7.89027
2021.8 14.8425 3.75573 42.1246 3.53955 3.66517 0.0843306 7.90953
2507.3 11.5772 21.4891 59.5195 16.9923 6.09445 0.0202131 9.72513
1620.19 14.9643 25.4116 36.2628 11.6776 21.3108 0.00661234 7.89466
2070.28 24.4289 25.8951 21.3009 3.52038 13.0228 0.119195 8.83149
1964.63 24.9391 1.69056 3.36532 17.4972 23.0736 0.137741 8.60961
2378.36 24.6372 4.61727 8.01878 18.9848 19.3275 0.14664 8.52057
1895.09 15.5318 13.3892 8.05859 6.74752 10.996 0.0335283 4.98692
1146.62 8.33812 25.2367 28.0393 10.6189 19.8557 0.107067 9.85319
1575.79 7.22965 14.7626 2.82574 25.9371 9.76118 0.21979 8.67874
1924.53 1.02995 27.3361 7.92948 8.49535 4.40961 0.0542875 6.21227
2272 5.45615 11.0679 28.8151 22.331 9.96932 0.0710394 7.50821
2835.76 6.90674 9.38994 20.9246 7.17572 7.21372 0.00412143 4.71131
2438.68 10.252 47.658 1.85416 5.33242 9.48968 0.174336 9.72949
1741.12 5.38785 30.1952 17.1859 20.0919 6.35542 0.0129616 6.29168
1748.41 3.73967 15.1864 5.74961 0.719963 7.24633 0.0492432 5.42579
1676.58 13.4725 21.4019 7.25688 5.11093 7.83689 0.0942786 6.41697
2887.66 11.4401 50.7805 18.7794 24.4447 17.0338 0.0452231 11.3578
2935.02 29.2184 4.8235 10.4176 7.77767 16.187 0.0241213 7.24781
3350.51 11.7511 12.6872 28.8079 6.89646 20.8711 0.0033854 8.17913
1362.7 12.2698 13.7535 6.54137 21.1679 16.0121 0.0033854 5.30946
1335.73 9.35152 33.1746 5.91853 11.1568 8.23203 0.0033854 5.44719
2229.22 30.1341 9.54376 4.42748 3.97089 3.23974 0.0033854 4.42391
1251.99 10.6459 30.236 12.2659 18.6587 15.4745 0.107196 9.13957
1323.62 9.89918 35.1028 15.2446 18.0086 19.4656 0.0246616 8.26065
1298.79 10.3636 8.52926 35.2902 23.6609 14.3701 0.120657 9.85355
1800.8 17.297 27.2902 1.13409 4.07573 8.9348 0.0119908 5.58546
1647.11 17.8643 24.5695 1.13409 26.2266 1.44267 0.0119908 6.98746
1374.51 4.06601 20.402 8.19857 4.66761 7.24099 0.0555109 5.93742
3180.04 3.09133 13.6939 4.55649 19.506 4.66163 0.0694623 7.69624
1437.89 11.9991 16.9892 8.2926 42.0263 5.325 0.0917727 8.94373
2417.56 8.63862 19.9124 7.22639 21.3097 12.8218 0.120594 7.6403
2310 4.15831 1.12376 17.411 7.80085 12.3458 0.0267774 5.15574
2329.74 2.56045 5.64503 9.0804 11.7843 16.1939 0.147516 6.75697
3187.15 52.6727 7.48508 7.73842 3.10098 3.80222 0.116898 11.3473
1363.39 23.0647 17.2201 4.96546 0.556341 25.2966 0.109549 9.19386
1453.41 22.4219 0.826501 10.2784 2.41572 32.4958 0.0806239 8.7844
1892.04 33.9406 23.6283 52.9703 11.0984 29.186 0.246478 14.8434
1708.69 9.31424 29.243 15.9679 1.54473 33.9673 0.195057 10.5389
2114.13 46.7042 5.2533 4.42302 6.05985 21.0128 0.00860322 6.89316
2916.63 7.22479 10.8513 3.25625 12.6389 2.43494 0.124513 7.18777
2515.52 6.55696 18.4506 1.31288 13.4699 5.93879 0.049393 5.92199
1949.53 11.8969 9.56463 4.53116 11.6489 14.8421 0.0514355 5.3427
2169.73 12.8557 19.0191 4.93956 6.5641 51.1489 0.0260253 8.18296
2537.29 0.123606 2.91155 6.61265 8.44367 52.3803 0.0426545 9.55724
973.73 15.1184 18.0958 11.1169 32.5178 7.54496 0.173923 10.6659
2356.08 101.826 10.3433 4.92875 5.96317 13.1237 0.155502 14.6569
1487.04 73.3458 11.5919 20.8009 10.7756 18.0842 0.151792 13.0915
2333.68 39.1811 14.6498 3.9395 0.370768 18.4195 0.249846 11.1949
689.036 20.2131 16.6663 7.50531 19.2879 14.3462 0.00117033 7.33924
2794.95 13.0967 23.8109 6.54947 24.3827 16.5165 5.51879e-06 5.43894
2865.5 2.34648 13.5016 25.4667 1.47853 21.2818 5.51879e-06 5.2629
2452.34 1.98944 10.0312 3.41467 14.7629 21.2818 5.51879e-06 3.36439
2100.19 35.5608 5.57266 8.0305 4.50346 10.9607 5.51879e-06 3.7187
1908.26 16.654 8.71698 12.5402 9.67044 4.07883 0.00805677 4.05125
1743.48 24.0791 35.7775 16.7522 22.6116 8.303 0.0134115 7.98182
2287.08 15.145 19.7851 21.9319 11.2546 37.7467 0.16741 10.5778
1194.67 3.53096 9.10798 22.8802 4.88687 42.9576 0.143037 10.5652
2510.73 29.7366 16.4424 11.0163 3.65391 27.9588 0.0967524 9.13314
1284.9 37.2884 8.23464 16.7413 4.005 10.1355 0.0957252 8.58157
1967.56 75.1273 3.14376 30.3623 15.4068 47.1804 0.137398 16.2201
785.05 23.6186 11.7111 4.06611 3.01626 12.894 0.0784726 8.59576
1023.65 23.3661 26.9544 6.80504 17.9906 16.5265 0.0192044 8.32974
2693.4 21.3481 9.85673 2.73976 2.63378 4.27896 0.0239209 5.52333
2118.43 11.664 16.7728 2.16354 6.34061 48.8612 0.0209762 7.71723
1903.73 19.6234 25.9962 32.1887 4.10477 17.1091 0.00695103 7.19588
2094.34 12.0929 18.6547 27.134 1.65559 3.8912 0.0347477 6.4078
1358.47 11.8803 12.6254 2.53537 15.2681 10.474 0.122628 7.2953
1136.97 19.0293 5.64041 15.3484 17.844 7.17832 0.0612436 7.47124
2910.05 6.32016 13.0524 6.97735 1.38618 0.482171 0.0292537 6.26678
1639.29 10.2417 7.20611 23.3463 3.72397 42.64 0.00829414 7.18231
2169.79 33.8916 7.97703 31.029 44.478 30.9811 0.00714154 11.0859
1791.42 51.285 7.67216 27.0196 2.75305 16.0358 0.00972987 8.37161
1219.29 15.214 2.53277 8.62691 4.69873 28.669 0.0133653 6.39592
1288.85 25.9841 15.7086 17.209 8.50671 0.46202 0.00197479 6.19588
2504.94 7.41288 8.64301 1.34742 24.0987 7.71061 0.0108916 5.06126
2507.19 0.778525 7.02757 2.71455 49.3258 1.8876 0.00153533 6.74307
2744.89 17.614 16.2083 4.61208 20.8031 17.9043 0.0116011 6.6233
1645.31 32.7805 7.98356 11.5204 6.07183 6.16708 0.124358 7.59244
1426.68 23.4114 12.7113 18.5081 20.5658 8.57127 0.0436745 7.49799
2647.75 1.7152 10.3645 13.9537 15.2931 2.45789 0.00284021 4.39365
1543.05 1.32014 17.1312 21.8875 28.0385 12.849 0.0206863 7.4754
845.409 16.9154 11.9694 9.42956 21.8763 23.4804 0.0996305 10.0404
2610.54 8.65245 15.5041 6.11931 2.93719 5.67987 0.116033 6.38187
2689.36 45.3829 9.81691 4.30118 6.06387 7.23074 0.19371 10.018
1220.27 18.6972 12.3963 4.33252 5.02146 8.10152 0.0550835 6.29842
1930.23 13.8461 8.15863 3.72913 6.29466 6.3609 0.0431368 4.60399
1764.45 28.8778 50.2458 6.78975 6.63121 6.78486 0.00503016 7.48669
2212.6 4.40566 46.362 52.0489 13.0189 0.841828 0.0756441 11.908
2567.4 7.59229 19.2123 15.6138 5.80747 14.2518 0.0188414 5.54153
2345.86 3.25373 2.85821 31.9083 11.4274 28.7687 0.102854 8.8035
1783.58 8.40396 4.8114 7.59217 23.759 22.618 0.0710554 6.97618
2369.66 12.8794 6.48456 23.693 22.1766 44.1005 0.107466 10.4994
2226.17 7.37839 26.5043 11.7461 44.0875 32.7596 0.0463918 10.4142
2149.91 15.504 54.9287 4.74515 8.40637 12.3573 0.237264 11.1066
2085.82 8.00006 29.0288 4.84968 8.30333 3.50379 0.0667672 6.15967
1825.13 10.46 16.6723 16.4711 25.4402 3.71462 0.0483111 6.74901
1751.29 2.34083 28.8998 12.3852 13.9198 2.05442 0.0937156 7.42993
1582.31 6.50536 4.39999 1.95605 13.3997 16.302 0.00306623 4.02649
1733.56 22.2354 29.4215 1.21179 21.1899 26.1635 0.00907907 8.02817
1369.4 14.3238 5.9399 16.368 21.4528 22.0792 0.0726164 8.10912
770.321 30.1066 31.6585 8.86788 10.025 21.5622 0.360049 14.3025
1278.48 25.5156 27.558 1.99496 13.3649 25.2479 0.395966 13.1423
1699.88 18.0963 22.1294 8.89047 15.5603 24.8385 0.265106 10.32
1422.4 23.0663 33.6704 9.48447 1.47832 4.25141 0.250907 10.3754
1725.84 11.1763 17.1519 13.7695 7.22757 50.8796 0.041361 8.78598
1814.54 12.5313 21.6013 56.6331 15.5242 51.9543 0.0828605 13.8612
1371.37 3.16783 13.663 23.3818 5.57668 15.575 0.376496 10.5552
2955.85 2.39022 12.6466 6.87298 3.37365 20.1191 0.0240093 6.13803
2590.18 3.65749 0.778269 15.6035 14.9798 0.644855 0.0354747 6.43896
2308.93 9.30175 33.174 36.5126 2.82654 13.4224 0.0277909 8.29535
2272.36 11.1085 26.9514 40.7957 16.6523 27.0665 0.0234219 9.60171
2004.69 12.1142 10.6353 57.6523 39.37 15.102 0.0301463 11.0513
1054.44 16.5269 35.0583 36.5524 3.04325 15.8226 0.0721347 10.9768
1845.35 19.1691 20.3552 28.3473 7.09206 9.89626 0.152475 8.82156
1751.42 33.3399 18.2904 11.0215 21.9344 20.1846 0.0328183 8.32791
2783.29 3.92793 2.62577 26.8463 10.6448 9.91715 0.0454549 6.72709
1082.76 6.29968 7.33573 34.1178 16.212 22.095 0.242185 11.4689
1589.76 16.0482 8.79178 20.5023 31.8026 47.3375 0.0533115 10.8531
2292.1 32.6477 14.7436 26.7882 42.6144 25.339 0.368043 15.4126
2392.2 3.0108 15.0614 32.1803 16.8997 27.5412 0.0258444 8.09396
2061.29 4.395 22.4859 17.5499 11.4574 20.8234 0.0302364 6.46515
1699.3 8.78847 15.7654 11.7409 0.581958 22.6701 0.177857 8.59521
891.653 13.2361 23.2358 17.9261 25.7212 24.6187 0.169934 12.0939
1086.66 2.34474 28.5856 42.2468 4.59839 15.6064 0.127517 11.2991
1752.28 11.2028 3.29597 58.0521 3.25115 11.3207 0.377787 12.5707
1470.13 14.9089 7.13022 44.8703 9.03697 6.16046 0.127488 9.23722
952.725 27.2486 1.79056 4.87891 2.99929 18.1666 0.0122435 7.10372
867.724 4.57939 9.62041 20.3572 2.15629 1.83047 0.0093762 6.46347
1180.72 10.4086 27.5423 3.40597 8.66787 4.0979 0.0977898 7.67069
1281.36 35.3268 12.1627 32.6156 8.38694 16.6622 0.0793971 10.0434
1210.48 1.10839 20.7692 38.3348 2.49812 9.98269 0.0616704 9.1953
1542 18.893 22.562 5.58203 11.9829 7.26122 0.0265254 5.9313
1712.98 25.8249 18.4774 5.60003 18.1163 13.5557 0.0265254 6.67725
1652.48 14.2214 27.5751 5.59562 21.8958 16.5674 0.0393542 7.40661
2371.03 7.34482 6.77772 5.59655 16.8148 7.86296 0.0178833 4.30175
2890.63 22.8589 5.38622 5.59599 4.8314 15.9328 0.0202259 6.20976
1571.72 17.232 18.0153 6.13074 7.35795 24.8287 0.00310678 5.272
2511.16 1.34636 10.9173 4.73661 2.02339 51.0436 0.00310678 6.98031
2631.73 22.6088 32.9824 23.4109 3.74532 12.8869 0.03637 8.73919
2704.67 6.90947 10.7669 3.93939 5.72476 20.1933 0.0357047 5.65373
2683.87 3.81229 10.5308 3.93939 5.72476 11.829 0.0254927 4.74533
3130.48 4.3799 32.489 6.47634 5.72476 12.9138 0.0254927 7.61397
3045.06 2.22291 11.1195 6.47913 13.8316 16.2797 0.107053 7.88789
1979.54 3.92062 20.0925 7.7398 13.6162 12.5879 0.0313868 5.34131
1864.03 3.39113 6.52368 9.79004 15.8253 4.33766 0.012888 4.02195
542.291 6.46672 7.0518 11.88 13.4281 15.6056 0.0213718 8.16526
2059.87 8.26018 9.13787 28.0445 7.37683 16.43 0.0300533 5.98174
2979.84 2.40236 12.7634 10.4145 9.41303 2.05182 0.00338836 4.75269
2272.53 3.22103 5.76814 6.33857 2.9382 28.3833 0.0133415 4.93838
1364.51 2.03418 17.2849 15.3955 19.4744 12.1755 0.0150579 6.28015
1924.88 11.2039 14.6393 15.3252 6.67636 27.0567 0.00833139 5.45584
2621.37 6.8033 13.8153 28.9368 18.0029 17.8081 0.0108737 6.82126
2670.71 5.37311 1.73291 17.2624 41.6298 8.14389 0.00155404 6.40867
1471.4 32.9482 11.4936 15.094 49.3761 7.33866 0.201293 12.3486
1261.45 17.5624 10.9603 20.5135 10.1338 11.398 0.0706969 7.4463
2766.57 27.4407 0.860795 8.20085 5.26404 3.13671 0.0823462 7.6281
1892.15 48.7584 18.5046 8.22744 21.6711 12.4898 0.137955 10.5785
2542.77 9.05431 16.9905 10.3388 10.5801 1.93912 0.205819 7.85399
1809.73 10.267 11.1237 1.77979 21.8966 8.67723 0.24457 8.36001
1793.11 4.47844 3.2974 23.2267 19.6062 11.8624 0.0391002 6.26499
1583.11 8.08225 14.9265 23.5079 38.5716 5.86541 0.00505882 6.94401
907.102 38.2369 14.7104 34.8616 16.4671 2.77209 0.0303659 10.5619
1603.85 65.93 0.693 21.1873 8.16201 2.07291 0.0599943 10.8199
2239.69 19.5522 6.18243 26.9097 20.5923 42.7565 0.0825946 10.4991
2956.86 9.24691 9.17014 22.8164 3.48788 43.9044 0.0231306 8.94123
1382.32 9.55346 11.3274 4.49876 23.7965 9.18325 0.0273698 5.93784
1125.32 49.9609 9.16903 11.0164 26.266 6.25885 0.106175 10.8896
2361.73 21.1965 17.2763 3.73339 2.96367 45.137 0.171006 10.5315
1596.01 20.8287 20.0244 1.46517 21.6312 26.3443 0.048695 8.53279
1153.19 17.5401 26.7528 17.4306 10.4044 28.7567 0.264315 12.029
1367.92 1.19398 33.3035 24.894 42.2257 13.2626 0.0856605 11.7464
2736.31 9.67918 16.634 30.7522 18.1163 6.96513 0.160736 9.56019
1885.71 23.2856 13.7807 48.9314 2.86486 1.82779 0.053196 9.09946
1338.34 19.6866 19.0181 48.9314 2.86486 2.50844 0.053196 9.68278
3290.66 10.9429 3.63986 18.6984 18.9711 5.65375 0.026988 7.74311
2175.97 15.429 6.27651 15.0834 10.7851 7.47049 0.0388238 5.2059
2272.93 13.7858 5.24834 13.92 2.52705 11.8988 0.0765273 5.87675
1823.69 9.74531 5.24834 19.2238 9.38641 7.56264 0.0168299 4.51522
1686.25 2.69034 2.75252 21.6314 3.63572 4.45121 0.0138267 4.6287
1686.25 3.11124 7.73125 15.5844 14.3685 5.06275 0.0567198 5.59518
2320.63 32.4882 13.9472 31.0602 14.9907 28.3962 0.0263604 9.56542
1322.18 9.79406 21.3545 35.8683 11.2824 5.65368 0.00741034 6.91796
2134.96 22.2097 20.905 1.31475 0.885504 8.00295 0.0793537 7.35709
1562.34 18.4539 7.34733 3.93253 9.0237 7.23158 0.144495 6.79505
1888.59 9.6989 4.2372 5.41954 4.39912 6.12503 0.0836141 5.03257
2160.16 15.9397 25.1444 1.4046 29.0788 9.71293 0.249071 10.3338
1856.79 39.6415 5.89495 26.4054 29.9904 14.0841 0.000791508 7.76266
1765.24 15.1777 67.654 25.8195 37.7384 20.1385 0.000791508 11.6443
2486.23 5.69244 19.6589 5.14141 87.6906 8.88397 0.000791508 10.1443
2440.26 9.64172 17.674 9.99018 29.397 26.6652 0.00783573 6.98059
2385.69 16.9738 18.36 3.9718 0.265622 37.7172 0.00507017 7.45533
2224.71 31.4199 9.84007 2.76993 7.33643 38.2843 0.0251978 7.97258
2210.25 15.6961 2.89192 3.24932 4.07603 28.8899 0.0154766 5.51246
2253.41 9.14999 2.48732 10.4835 19.1183 6.2056 0.139614 6.76536
2779.67 1.9273 2.4482 4.24584 26.9829 15.5651 0.0272562 6.6455
2421.38 6.21998 6.77238 20.8147 3.27956 22.51 0.056102 6.50415
1899.34 13.6168 27.611 12.0644 3.786 8.73949 0.00737746 4.97735
2004.07 23.3467 12.795 8.7343 3.25523 19.533 0.00915971 5.24247
1807.44 41.8751 5.49706 11.8933 2.91386 13.6052 0.000454485 5.23023
1819.17 20.0337 18.5559 13.5429 6.60455 23.0148 0.0715785 7.49249
2706.25 6.60203 8.95944 4.33181 10.4834 5.48097 0.141341 6.53479
2426.07 8.01059 11.7992 6.1803 3.74265 3.74274 0.366428 8.45689
1762.02 6.76478 15.7086 9.25009 6.49118 13.314 0.0136067 4.34612
1084.8 23.5566 3.84143 10.6645 10.1665 12.0111 0.00522139 5.71608
1351.09 9.52605 7.27208 30.8655 6.90198 21.9493 0.00480205 6.2462
2014.11 19.738 5.50407 28.4618 4.8309 13.3803 0.0626378 7.02194
1784.96 21.3047 4.6804 24.6064 11.6232 20.8011 0.00412873 5.86863
1765.08 11.2994 0.948724 29.7694 12.0633 15.4308 0.313392 10.4061
1765.18 26.6366 15.3325 16.8385 1.70232 0.839557 0.0473612 7.20237
1764.36 17.5987 18.2905 2.41617 8.45059 0.959775 0.00479327 4.67179
1766.39 1.49728 2.73929 3.04605 5.51056 3.22453 0.00479327 3.38029
1808 10.1736 1.38338 7.41655 5.51056 2.22235 0.00479327 3.47701
1751.2 7.13175 13.0707 6.75441 11.6222 3.91173 0.00927023 3.80322
1873.69 36.1006 3.84227 32.3123 6.90181 4.30683 0.0290392 7.62597
3319.71 19.4772 11.6071 9.25657 14.8387 8.85498 0.00726268 7.16372
2143.43 18.2141 1.07862 3.25288 13.1924 14.8436 0.123351 7.23878
2674.4 1.47088 12.6111 3.52975 46.6433 15.6381 0.120618 10.0169
2385.5 15.9918 11.6493 5.03685 17.0829 7.85078 0.0139719 4.85487
2300.95 10.4589 31.7819 4.14301 15.5154 2.13827 0.0319167 6.43745
1932.95 14.585 12.0938 3.75024 7.2828 21.0456 0.102674 6.69705
1533.03 24.9228 18.3702 10.7562 3.84337 7.29834 0.231894 8.8798
1978.28 37.5554 4.60462 9.74818 1.48181 8.69852 0.293206 9.8311
1456.17 6.63533 13.3925 0.690939 0.354182 8.47652 0.0590194 6.8084
2198.29 2.26679 8.45462 3.78488 4.50546 31.5189 0.0046439 4.7411
2053.56 7.1684 7.29717 6.53313 4.47756 1.31912 0.0149644 3.72643
2306.49 33.5339 1.34695 7.59219 33.9472 13.1757 0.015059 7.93825
471.325 21.3809 6.55131 9.54501 48.7626 8.33029 0.0202111 11.4047
913.24 29.9443 6.37806 3.4492 2.92999 8.03629 0.0208785 6.95851
2576.1 13.9884 20.7045 10.1391 7.84955 8.87749 0.0291384 5.75156
3171.61 5.81326 4.97771 2.70745 22.7868 2.57471 0.0987527 8.11555
2038.16 3.40741 15.3599 2.5015 9.27683 2.32503 0.214072 7.19911
2849.96 13.9395 10.0621 3.47838 6.46839 3.41163 0.0448693 5.76447
1209.22 23.547 33.4071 4.2602 8.10537 5.12423 0.0290863 7.49114
2057.72 17.079 23.2517 10.9859 21.4023 15.5956 0.0683277 7.73066
2593.5 30.8679 33.0538 13.7728 17.3192 6.57033 0.0584727 9.41887
2124.31 46.2922 17.5652 0.510079 13.0254 12.5751 0.000509871 6.90876
1747.31 16.4083 16.6636 2.35008 8.99499 5.4236 0.0472439 5.56447
1838.26 39.6941 26.0101 14.5995 9.05438 16.3688 0.0344188 8.49704
2618.49 4.7104 25.5844 20.7217 7.10895 44.1096 0.00869484 8.42547
2684.39 31.4694 27.3386 49.7665 16.4941 18.9284 0.0301498 12.1754
1608.38 27.6237 15.73 10.1492 17.7778 19.8786 0.120128 8.91161
2666.43 7.58904 9.08221 30.1862 28.5327 1.58803 0.0119649 7.2379
2169.3 5.60131 18.3925 17.8482 17.2361 7.83796 0.00505231 4.74158
1923.25 9.56904 22.416 15.2383 8.7169 3.44404 0.0298628 5.43816
2186.06 18.6121 5.24842 15.4212 13.6213 9.04623 0.0291981 5.43498
2255.32 10.4876 7.01621 10.7153 14.6382 7.72866 0.0686568 5.52176
1996.69 57.7499 2.28117 27.7578 5.43918 1.04997 0.11885 11.1109
2026.37 8.066 36.3343 47.4164 9.06759 14.7982 0.0551798 10.0263
1822.08 18.521 1.43091 38.1247 21.9762 13.3541 0.2497 11.2641
2353.65 45.1181 5.46127 34.9774 66.6625 12.7469 0.124748 15.5908
635.563 17.8607 14.9678 27.8157 35.5132 10.0963 0.0645344 11.9496
2522.89 19.8326 10.9711 22.2279 27.5449 14.7299 0.126086 9.52567
1803.61 12.2516 23.5527 16.2631 25.0715 48.12 0.212707 12.572
1858.18 12.3975 12.991 23.0132 19.6702 28.1495 0.431279 12.3362
1636.55 16.0512 1.77232 15.2939 7.32789 21.6704 0.264992 9.26671
1858.89 4.13 8.45347 9.05499 15.7716 12.2967 0.0213703 4.60489
1825.15 12.4017 7.13538 23.7676 3.75345 25.5602 0.0392507 6.72347
1831.47 24.5176 0.944013 5.11392 8.44749 18.8879 0.0105818 5.5321
1920.13 47.3139 28.3196 25.102 27.1659 6.2177 0.00100813 9.11934
1639.92 25.44 20.037 12.1106 43.7676 8.88388 0.00775575 8.19395
1579.83 2.53928 7.63873 23.1436 17.5439 12.8957 0.0131168 5.72638
2339.4 13.8009 9.34679 0.258602 23.4564 13.9561 0.00341792 5.69551
2046.4 21.5042 1.19039 6.1996 26.2745 10.987 0.0272971 6.48401
2317.32 39.312 12.6679 2.28567 26.336 16.7619 0.0059531 7.62608
2330.73 6.70755 33.5173 1.46602 14.3146 19.7943 0.0157731 6.7861
1762.61 22.5561 36.2071 7.73137 10.3576 27.8595 0.22881 11.1944
1210.66 6.83082 38.4703 3.5765 14.0257 22.7711 0.0875454 9.4679
686.334 11.4379 6.17699 16.7237 4.9085 19.155 0.113196 9.52121
3185.53 11.4014 14.9487 23.7867 5.00165 4.96249 0.0215762 7.32418
2279.12 11.6364 12.6092 35.4666 2.3422 7.7411 0.0428302 6.89888
2623.31 7.25721 5.26697 15.6214 57.9153 2.07536 0.0944648 10.2071
1997.47 6.18209 6.29615 39.3759 22.8196 8.39058 0.15955 9.26036
3323.14 29.9458 9.91335 6.66217 5.28326 8.35479 0.135149 10.0044
1997.67 8.53569 27.2473 36.6613 3.57644 9.4828 0.255265 10.4267
1601.6 10.6391 29.4627 18.8151 10.5574 5.57938 0.00592593 5.59643
1986.26 1.45163 6.91869 2.35027 22.7434 18.5117 0.0290663 5.94667
1862.72 9.78595 13.4487 9.46387 40.1152 21.1199 0.00329797 6.58633
3043.65 4.97056 15.5286 16.8779 20.2445 26.8438 0.00759824 7.66807
1521.8 3.57359 19.8551 10.8189 16.0969 22.9092 0.0104322 6.05203
1749.84 25.0846 4.64761 49.3683 2.28489 14.8575 0.00102755 7.2432
2654.12 6.46491 6.2039 46.6561 13.174 22.8872 0.0073971 7.89812
1990.24 2.68596 10.4569 39.6724 0.200014 30.017 0.00615098 8.23827
1704.1 7.32294 22.6961 38.3441 8.46094 35.4447 0.0125111 8.76176
1378.87 7.88818 37.0009 26.9988 18.5788 4.99684 0.115714 9.95878
1519.04 19.8008 6.53515 27.7737 7.97321 23.6909 0.0529064 7.97237
1610.43 16.9421 19.947 8.21475 1.15822 28.7249 0.0879193 8.32332
2533.91 5.44876 29.1425 30.9442 4.50762 9.30058 0.0941961 8.6013
2426.53 1.82701 40.667 11.1292 37.4993 2.17991 0.0674595 9.98694
3209.4 1.80494 36.2579 21.3026 45.7881 7.41459 0.0393911 12.3166
1690.83 39.8883 1.6529 5.25089 57.8787 13.5092 0.0720835 11.743
1249.91 16.4091 44.7942 2.36261 25.6168 2.95858 0.0233701 9.02494
1304.91 2.56073 3.25907 27.1821 8.66796 0.415473 0.0151531 6.60078
1686 3.84634 10.4091 49.3679 15.9666 23.7998 0.089005 10.1005
2499.22 7.59727 0.555698 23.3267 27.7467 1.61312 0.10131 8.77839
1775.37 9.42059 7.20416 7.68982 11.5851 8.69857 0.0145436 3.95911
2389.71 10.2978 26.1945 30.3704 20.3756 3.47223 0.0138416 7.33271
1537.83 16.2408 21.6305 19.2319 29.7789 16.111 0.00979553 7.60474
1013.72 54.4349 16.0422 13.2804 28.8913 10.4981 0.0176887 10.6288
1595.98 5.16545 27.0211 44.1905 3.23978 3.21647 0.0255624 8.07178
1922.76 2.0615 21.2963 12.0046 25.4525 8.29267 0.0410754 6.66197
2628.8 4.51919 3.63821 11.3874 11.212 10.0155 0.0193337 4.61356
2761.63 9.05777 3.63821 4.00988 4.55361 13.4093 0.00273885 3.80369
2801.45 7.04784 13.9104 17.8235 2.54445 24.189 0.0388013 7.14043
1909.87 17.1286 13.3409 29.8272 0.637001 15.8727 0.0781758 8.2796
1129.67 6.01514 7.78143 18.2579 16.4423 5.04327 0.0544937 6.90128
1931.4 5.82932 5.45065 24.1932 14.9934 10.8766 0.00920523 4.85199
1967.46 23.4823 13.7374 10.6857 21.7452 7.56508 0.0319691 6.38124
2362.93 23.9367 6.37391 26.2029 46.0157 10.0773 0.135783 11.188
2054.92 8.47401 35.2162 40.459 14.4283 6.20075 0.0526004 9.17934
2151.39 39.2446 15.0068 5.58527 3.20357 4.82155 0.0753178 7.5117
2355.49 11.3384 37.3872 39.0633 0.40481 12.8725 0.0299787 9.77435
2294.82 17.2557 24.3795 0.172715 3.77173 0.498059 0.0738074 8.38152
1001.74 32.3289 20.0073 19.7076 1.17117 14.7202 0.024175 8.97195
831.011 20.9486 2.86577 38.8522 2.53593 6.21324 0.014935 8.72464
1910.13 16.1507 20.4846 6.31313 3.34765 41.3705 0.0247026 7.58106
2333.42 19.5594 20.957 12.9408 15.6102 16.5591 0.0375279 7.07752
2517.24 28.3598 7.93957 8.66645 7.63176 27.8346 0.0164259 6.83703
1833.28 44.1023 26.0497 21.5644 0.111653 10.7938 0.0856299 11.2553
2528.95 40.2828 9.59802 32.1913 1.79457 8.92723 0.269537 11.9958
563.005 9.65332 8.95965 65.2361 9.99905 10.2419 0.109041 13.5243
2578.37 14.3427 5.63293 44.7481 53.4965 25.5604 0.0565411 12.9653
1191.87 51.3202 49.4723 43.1585 16.8968 0.359532 0.0769904 15.8611
1423.46 15.7193 17.9752 2.43257 22.7095 25.6992 7.34958e-05 5.67866
2306.74 0.162886 2.86941 4.75598 26.3999 9.04785 0.00729757 5.77812
2216.94 1.61929 14.2981 4.45676 4.11987 3.92828 0.000605012 2.78469
1088.3 25.0504 12.2366 7.36308 3.24002 14.2974 7.98962e-06 4.55096
2475.77 45.7565 16.1204 8.2987 28.9811 23.6406 0.103179 11.5784
2370.5 31.6884 13.0005 3.42529 45.3249 1.80439 0.0521168 9.6554
1234.32 20.8506 0.930173 18.7865 23.3007 0.892321 0.0309444 8.2416
2287.72 1.71451 4.87902 17.7329 31.2196 6.30807 0.0550814 7.00197
1575.66 2.84561 2.27427 10.7213 31.2292 1.53196 0.0873132 7.61067
2389.66 21.9712 7.14286 21.3203 28.3382 18.5588 0.342143 11.8496
2487.08 46.2637 3.00295 9.5371 18.958 29.5294 0.113376 11.0626
2172 53.5929 2.70906 24.6824 6.49997 55.9344 0.0142657 12.0602
1847.8 73.3035 11.7862 57.3051 109.902 8.60892 0.0159972 21.8202
2427.26 4.39059 39.155 8.9432 35.0486 4.52508 0.0176725 8.08985
485.512 15.7852 43.1626 13.817 24.3769 33.1833 0.0183978 13.1677
2561.16 6.41305 15.0222 10.8978 5.67017 29.0551 0.00631628 5.44269
2103.53 20.3205 21.3048 40.4117 0.739902 6.18585 0.00124257 6.91799
1678.51 4.9394 46.7012 14.0912 20.5798 18.5452 0.0110821 8.11172
2360.83 7.93198 1.51997 33.4537 9.31928 8.26201 0.00255104 5.03897
2020.66 8.47473 9.12268 39.7225 1.94348 10.0129 0.0398636 6.92707
1386.74 3.68354 4.74589 28.4983 12.9409 19.4051 0.0297585 7.0605
1421 16.9239 3.12014 33.8673 21.7818 7.89644 0.00938111 7.10311
1508.51 26.3769 10.6803 25.5222 8.13922 22.6331 0.0218968 7.59333
2234.73 9.92301 15.5079 16.3151 23.9855 11.9833 0.019526 6.04786
573.159 16.6659 17.4913 11.4077 21.2459 25.1778 0.0922748 11.4728
1139.56 13.3596 13.9062 4.4451 2.73704 39.0261 0.0378273 8.3062
1785.41 5.60628 6.4085 6.20472 32.4477 25.8769 0.18801 9.31875
2627.47 24.998 24.18 6.20472 22.1504 2.13579 0.395654 12.1401
2098.66 6.33891 27.3087 10.2085 17.5716 32.1075 0.0243929 7.53646
2648.82 33.3921 16.5176 6.26608 2.56217 24.8841 0.0605537 8.78872
2312.56 4.5342 21.3378 3.62071 58.1674 3.90981 0.0754637 9.79529
2290.02 12.5889 1.91354 12.7558 37.6024 7.43039 0.0341039 7.07043
2706.59 14.2352 10.5638 12.7178 57.7751 28.8567 0.441841 15.7344
2682.86 1.26974 5.7827 17.5394 20.3704 91.6369 0.0981731 14.5957
1431.91 26.3961 8.65631 22.2395 5.48385 34.1953 0.0147368 8.00198
2184.71 22.1289 49.1751 2.61764 2.11883 1.26783 0.0704185 9.2698
2272.82 34.0206 11.6378 3.90751 13.7611 3.47725 0.0114533 5.80675
2105.91 15.6931 2.92307 6.78975 28.4491 17.1674 0.0102003 5.76475
2128.97 18.8697 5.15795 5.44999 37.0668 36.9034 0.000965693 7.32258
2453.47 14.0067 30.1731 3.06625 16.9048 15.5511 0.0379056 7.32619
2932.16 10.0861 16.3061 13.6673 9.17708 7.83835 0.00105588 4.65793
1599.04 1.23328 45.832 10.4609 7.47948 5.62664 0.00105588 5.85774
2243.28 1.67007 25.3615 6.66862 3.90369 3.55775 0.00181021 3.90022
1877.48 5.6707 11.6083 1.08112 5.92041 2.67429 0.0135375 4.01554
2493.55 5.08629 46.7761 1.5084 7.26922 9.88335 0.00105391 5.9532
2652.98 14.2056 1.87938 50.9371 10.206 39.5391 0.339199 14.7344
2513.87 27.8987 17.9681 27.2868 9.16729 27.3406 0.132347 10.7464
2373.52 31.4053 5.29575 9.19479 10.8715 7.68692 0.152056 7.94592
2623.08 8.71179 7.82315 16.1841 12.6657 10.6793 0.0131703 4.91043
956.518 4.76709 32.1482 13.0717 65.5506 8.48541 0.120833 13.8321
1848 0.761651 39.2061 2.64727 8.26253 13.1633 0.00901501 6.37321
1509.8 27.5537 11.5525 6.15449 29.263 31.6663 0.000543322 7.24066
1614.86 5.57122 70.1494 23.9953 3.09023 2.18512 0.0171145 9.77203
1984.44 45.9095 44.4986 18.3919 3.95777 17.2584 2.15359e-05 8.41622
2724.92 25.0741 13.5928 22.9816 10.1381 24.6583 0.00526901 7.44764
3070.04 2.25893 57.1064 19.5916 0.596761 22.0749 0.00810222 11.0576
1330.89 21.5428 21.6987 15.0729 4.53803 46.0842 0.00585264 8.64734
634.248 38.3922 15.2344 10.0575 6.94617 26.1292 0.0673722 11.2389
1434.89 31.34 14.1217 23.0582 17.0329 44.6653 0.0106754 10.0002
1334.99 10.639 14.8484 21.3962 12.0324 6.21771 0.0111482 5.61644
2485.16 10.9664 24.0161 10.3664 30.579 5.44322 0.00854071 6.40953
2911.33 9.46602 22.6803 1.93632 9.72105 7.29788 0.0145376 5.92991
1740.99 26.6183 19.3494 6.16003 17.6915 19.0771 0.00423811 6.11921
2276.45 21.1227 5.79927 13.0547 13.875 2.35495 0.00042275 3.78473
2126.16 16.3485 13.9379 19.376 9.55686 0.218255 0.0187665 6.30827
1303.98 21.8261 3.83006 1.39235 9.58474 9.42063 0.00114232 4.48497
1441.16 21.662 10.1123 11.4142 12.6145 14.8552 0.0222813 6.03905
2140.03 11.1707 4.75526 14.6681 6.81302 3.16148 0.0153102 4.05579
2214.67 20.6131 3.37805 1.92902 6.43451 2.02852 0.000598301 3.35834
2895.34 19.1738 2.26622 6.04101 2.85015 36.2902 0.00572352 7.04849
1713.2 67.2726 5.44298 5.81468 28.8854 48.4505 0.00959246 12.552
853.24 17.6018 13.1259 13.6032 18.7171 12.2613 0.00121127 6.51667
1515.88 17.2224 16.364 14.8138 14.2509 18.6905 0.0621403 7.43552
1843.6 6.88302 5.03718 6.45631 6.02652 2.93015 0.365546 8.07645
1270.53 11.3095 49.4529 7.91715 3.91152 0.711723 0.103497 9.76681
1503.26 7.63901 9.83401 7.89107 5.30816 2.80231 0.175429 6.72717
1719.1 5.45048 8.35788 13.4611 21.4891 6.68744 0.103852 6.63619
2188.54 7.63897 16.1695 8.46037 20.9988 13.2081 0.10312 6.96816
3082.93 31.5421 2.90171 3.81071 3.76281 57.854 0.0670955 12.2252
1507.31 12.692 7.50497 15.3841 13.5324 7.34106 0.012439 4.82111
855.194 11.6135 16.7747 19.1422 7.37249 8.81378 0.0132031 6.91079
2854.01 4.46938 26.6911 9.3253 13.2605 37.5244 0.0171903 8.40521
2680.85 5.47833 46.6137 7.43309 16.4798 29.7944 0.00510446 8.56139
2273.09 2.8375 27.994 3.38069 12.7253 24.4376 0.0968422 8.02273
1732.9 7.47405 29.6182 0.776733 10.2852 16.024 0.0188656 6.31547
1995.2 9.94956 11.5352 21.9299 14.3818 3.02932 0.00428523 4.45576
2105.27 8.96263 1.60866 25.8975 7.1355 5.76915 0.0044321 4.35403
2197.6 11.8289 20.6685 17.2077 8.81851 8.13046 0.00135631 4.14682
2707.3 5.16342 13.7822 17.7679 29.5931 6.86229 0.000176194 5.08745
3199.01 3.08496 1.82759 27.0509 11.5517 5.56859 2.75303e-05 5.37173
2248.4 5.68963 4.80763 27.4694 4.63542 12.9254 0.0277218 5.50527
2038.09 4.17661 26.0654 7.76058 16.1628 16.3964 0.0779134 7.07736
2036.3 2.62363 11.218 7.82604 18.3253 4.69032 0.0135885 4.31376
1857.04 10.3109 7.79476 9.20991 18.2697 34.9536 0.00531438 5.87309
2768.26 4.46964 15.4865 9.78146 18.3254 7.14491 0.0573716 6.49976
3202.93 7.94457 38.6252 5.01651 16.3201 72.2728 0.130924 15.8746
1751.59 13.5832 14.0517 8.18555 16.6994 26.1667 0.118497 8.02356
1889.9 18.3846 1.38436 7.44235 16.022 43.5367 0.000530155 6.38372
2027.66 35.7473 5.52926 1.33201 15.6434 29.4467 0.02 7.86949
1038.71 18.0344 7.86536 20.4197 10.5198 11.109 0.0188795 6.78754
1351.79 18.1454 16.8206 9.87691 11.508 20.0581 0.0132704 6.23349
1845.13 8.01063 8.31143 5.44026 13.5877 34.8679 0.0099932 5.67489
2399.75 23.7463 18.6665 13.0755 4.10766 15.9737 0.00184806 5.20954
2802.33 19.7618 12.7637 0.43701 16.1955 29.7992 0.00308672 7.4648
1797.16 19.5119 23.9737 0.165602 3.12772 8.76459 0.00952189 6.25969
1524.69 25.1033 22.3579 0.609837 9.24474 18.785 0.0148128 7.12788
2842.02 26.9873 32.8811 0.582747 49.1876 27.3314 0.0918594 14.4818
1913.99 9.68619 11.6572 0.447368 8.18075 4.12864 0.140387 6.78854
1912.75 10.6341 9.33765 7.242 11.4591 24.5155 0.279143 8.761
2269.56 7.11113 19.3632 8.19082 22.2453 13.6343 0.0430452 6.34791
2063.92 0.797262 6.2017 3.74168 16.4843 27.2089 0.0584171 6.90294
2185.73 8.57609 1.78175 4.68994 26.0679 7.36338 0.0484619 5.88032
3762.36 12.5474 22.0927 6.56374 32.8394 7.22933 0.264919 14.6407
2050.67 12.4978 7.43636 3.87664 20.1513 7.49672 0.174487 7.15535
1691.34 6.97764 33.6279 0.475123 5.0332 13.0622 0.44761 11.7608
1742.4 22.4454 6.53331 2.38065 31.5439 22.6839 0.0186224 7.38881
2558.59 0.149354 8.8189 1.54247 45.6409 35.83 0.336881 14.6281
2221.72 11.7099 4.17501 20.3994 42.0032 43.038 0.303757 13.7156
2630.02 27.4252 2.15951 22.6939 29.1817 35.9178 0.0938388 11.6913
2667.99 22.3931 21.0603 6.6752 27.7792 14.7908 0.0130027 7.60423
3152.52 13.9138 18.3405 2.0267 16.4152 17.9658 0.0111708 7.48238
2371.08 13.3464 18.1408 15.8013 13.1197 27.179 0.0238978 6.96509
2619.53 5.20689 19.5664 6.31036 22.6139 4.71331 0.0106757 5.39371
1250.44 14.4585 1.05428 4.50868 28.2125 4.10192 0.0106757 6.35042
1781.1 3.78797 4.42025 9.86757 11.3186 15.362 0.261513 7.85422
1573.15 18.8178 5.20638 30.9938 2.6217 48.8138 0.0135151 9.2101
1337.24 35.1709 9.42311 11.9076 16.1661 2.56322 0.0263393 7.20154
1441.54 24.0742 1.78973 12.8082 1.42444 4.80986 0.00257142 4.83548
1897.21 23.5846 5.20492 13.2265 4.61778 6.45128 0.00321123 3.98342
2996.83 25.1047 14.575 8.19662 9.43094 33.0158 0.00814946 8.146
2297.17 18.9192 12.3086 35.9381 13.6305 7.29377 0.0191911 7.02571
1892.4 0.794906 26.0212 42.3437 3.2962 1.59034 0.0163096 8.00036
2128.99 6.23066 20.2629 64.5274 3.67643 9.37309 0.0375087 9.51998
1709.19 0.81101 5.269 34.7983 2.58131 4.45939 0.0508232 7.04122
1717.86 37.5052 3.99593 26.947 8.93584 5.94276 0.0480756 7.88538
2216.95 6.75928 15.3695 9.39844 9.37183 3.39073 0.0277455 4.5361
1320.59 7.03714 9.95054 1.38199 9.4548 13.0403 0.00843912 4.73487
1409.7 57.4488 9.96384 8.60265 10.637 9.02324 0.0768117 9.42965
1731.16 8.30944 0.384168 7.85618 23.7172 29.5969 0.0359845 7.7702
2258.81 5.57172 4.46168 22.3044 15.5247 3.34657 0.0964895 6.56766
2558.6 20.433 5.74873 35.9774 17.5519 33.2948 0.0768119 10.5616
2160.98 13.1139 4.76275 4.40043 18.4017 26.0755 0.0289994 6.10177
3429.26 19.3594 3.31628 4.36934 32.1174 21.0618 0.303961 13.6966
875.511 13.6944 13.9868 4.96501 1.06573 61.0786 0.265646 14.3243
3048.33 2.2914 9.52377 2.70709 27.6511 15.1526 0.0388031 7.69458
2924.06 7.91474 2.57467 5.6765 80.8918 22.7483 0.00323793 11.1235
507.055 0.828899 5.76573 14.5596 4.71233 18.6949 0.21286 11.6866
2667.59 8.53028 2.70868 7.20917 5.29419 20.8882 0.338282 9.25972
2394.06 11.1234 16.4359 36.443 4.93733 3.15109 0.0884296 7.96496
2267.99 16.0808 8.55841 37.2774 5.34366 11.0102 0.213413 9.41539
1101.64 10.7549 2.55799 2.50786 22.7937 10.2752 0.00225205 5.41843
1254.71 18.8074 21.5791 39.2277 10.0398 9.59529 0.00225205 7.42062
1712.11 6.11177 24.7278 70.5506 11.8731 3.45019 0.00225205 9.12342
1637.28 0.750457 24.6894 1.81821 44.3741 23.846 0.0336246 9.93313
870.646 3.87306 19.4088 14.9095 41.8667 9.70943 0.0793956 10.7383
2417.32 8.4713 0.479812 3.93134 15.987 9.89262 0.0611803 6.16739
1769.12 17.2214 7.1685 10.4603 7.36324 5.99392 0.0272146 4.6514
2202.19 19.6889 23.6167 18.3991 16.8393 7.55072 0.00409878 5.80607
980.689 18.8223 12.0641 37.2762 6.91198 8.98962 1.96557e-05 6.33388
1328.62 29.456 28.6961 19.3776 13.813 8.99088 0.00405156 7.33022
2457.85 16.237 35.0506 63.1525 42.6958 8.99252 0.00153933 12.4075
1864.33 20.7121 1.63099 46.3967 0.6318 9.33978 0.0665139 9.31491
1474.72 13.5872 8.39893 1.93878 16.5018 8.60077 0.136677 7.2261
2266.11 2.21548 13.0844 2.99473 20.549 4.18009 0.0252255 5.10606
2127.87 4.44462 14.3212 10.7052 35.6754 1.73911 0.100361 7.9211
1493.97 7.82177 12.5161 6.68454 32.3056 45.1198 0.0564898 9.88628
1135.95 12.0715 24.1795 9.47117 24.1462 32.3567 0.086905 10.3626
2273.04 3.79486 6.89105 3.59658 26.9635 11.982 0.177097 7.74758
2208.29 10.4486 1.83299 16.7762 5.14414 5.40042 0.133619 6.4542
2214.31 8.63241 1.51161 16.8068 9.15641 13.2683 0.0766552 6.12364
2558.72 3.51597 17.1562 25.7235 34.9595 5.80401 0.026293 7.95933
1715.09 19.3794 3.6794 8.63747 1.70778 24.9409 0.0156309 5.72968
2437.71 4.02342 3.6794 8.63747 13.3128 19.1804 0.0105675 4.57117
1055.86 7.3529 14.77 1.10341 22.8952 11.7759 0.0361644 7.52878
1993.65 19.4344 7.98324 14.8106 18.4984 6.51309 0.100112 6.97461
1011.77 11.7537 9.68722 17.8521 20.4018 6.59892 0.0374362 7.40209
1603.29 10.971 15.6407 15.547 6.15308 2.79356 0.0160667 4.83545
1837.46 12.2327 7.33139 16.3972 6.18043 5.87998 0.00701834 3.82577
1591.08 2.94348 12.7375 17.5157 5.57051 3.17558 0.497882 10.5389
2029.61 21.8079 10.9887 15.1406 9.99873 10.6839 0.0537106 6.19334
2209.18 19.4176 18.1964 5.74067 6.33875 24.0398 0.30505 9.84521
2747.7 16.4954 12.9527 3.93917 21.0348 16.888 0.150161 8.78989
1880.92 67.5702 18.1027 32.1225 7.14447 2.37328 0.0424559 11.3576
2385.1 16.7441 15.2471 10.3398 4.46395 1.09462 0.0435946 5.84571
1231.28 18.7428 22.0118 6.87178 20.6785 25.9274 0.0289292 8.36353
1679.57 11.0215 20.3191 5.45841 19.1724 12.797 0.00433439 4.90492
2881.16 0.585375 14.0493 27.5335 27.5374 1.64621 0.0213823 8.59195
1822.5 11.9274 19.766 12.2081 6.29486 1.9952 0.0234128 5.08639
1731.19 21.4966 26.8898 7.52012 3.46515 1.0156 0.0361008 6.64585
1256.96 70.3521 16.9411 12.7584 6.97808 4.08075 0.0191814 9.82896
1175.94 32.1499 4.89918 12.8338 21.7774 11.78 0.101311 9.23911
2334.32 25.016 5.39979 13.4956 2.38541 1.1006 0.088065 7.01959
2166.09 21.461 4.56145 3.4255 14.9701 14.2126 0.0269925 5.52624
2173.38 4.50575 18.9587 10.2568 57.7572 24.8115 0.0243296 9.75578
2816.72 8.76816 15.0787 14.9525 7.1158 23.7326 0.0248335 6.67464
3085.1 18.3002 0.866008 20.9329 13.0626 24.3456 0.084051 9.99394
2162.99 18.5846 2.93429 29.6093 11.6 9.1933 0.177958 8.64548
1889.35 33.0663 3.99272 17.2289 13.0632 20.5369 0.0856375 8.41565
1965.05 23.763 40.9119 8.05712 11.6547 43.7247 0.0622863 11.0049
1425.41 11.1023 52.4969 5.45688 2.03603 25.486 0.0135619 8.66198
674.551 4.30639 26.0519 3.37346 10.9029 26.6083 0.0103577 8.68298
706.365 9.46539 2.16095 22.8593 21.9691 15.0765 0.0298361 9.22064
1946.85 18.9733 18.6995 18.714 20.6713 19.4257 0.0161663 7.03264
1783.92 6.40558 3.69938 6.8341 16.9989 32.9582 0.0552346 6.99693
1396.94 15.109 62.8088 6.56785 6.38745 28.3344 0.013011 9.87538
1552.57 13.4014 10.2308 5.24515 7.35136 5.19264 0.00140913 3.18277
1826.08 2.34464 11.1514 10.1374 5.38808 5.18475 0.0239482 4.20709
1790 9.51843 24.4418 2.71355 18.385 27.6784 0.00190132 5.86627
2584.61 32.492 26.9537 3.03957 33.5747 11.8846 0.0578849 10.2477
2559.56 17.1469 28.4901 29.105 5.2601 7.38162 0.08574 8.85913
1571.78 20.2289 34.3195 43.16 24.6223 1.66209 0.0860099 11.7448
2039.61 27.8311 10.1499 0.631594 24.0816 24.1014 0.0829997 9.16838
3126.87 25.1858 0.153357 8.06074 23.5735 7.79184 0.0447572 9.69493
2927.52 0.381983 2.65597 3.35382 14.0644 28.2052 0.140161 9.4797
1724.28 5.47633 13.3218 17.4434 10.2959 10.9985 0.0567666 5.83333
1669.83 4.8856 10.0524 13.2583 13.0514 8.34941 0.0103609 4.22476
2314.04 6.56338 18.3139 22.9058 6.18745 8.3808 0.00598787 4.71985
1522.51 22.9338 13.6491 11.1409 5.97956 5.51604 0.0252735 5.52606
1534.4 5.11546 12.4126 0.671907 22.3405 2.24448 0.00610076 5.22872
2099.85 37.4593 20.8977 5.12815 25.4576 1.44957 0.00901064 7.52705
2622.36 37.4668 30.1312 16.5395 40.0527 11.8937 0.00925178 10.74
2695.14 6.81924 20.7817 0.379005 2.71643 6.24952 0.0124211 5.64207
2467.1 10.7149 27.2729 2.77363 14.6028 5.76913 0.000536708 4.36279
2838.11 21.3195 6.31386 3.91367 31.647 3.59892 0.000536708 5.77557
1594.78 8.27682 1.8766 4.60265 13.1262 2.01396 0.0159153 4.46023
2432.49 13.7851 11.9233 7.19785 4.45227 0.818394 0.107963 6.52771
1116.5 21.4164 7.48291 3.489 9.05936 4.84309 0.0691174 6.85292
1747.05 7.49712 16.621 5.81988 5.58839 10.4372 0.056017 5.24644
1213.25 12.4152 14.6753 6.93785 11.8413 47.277 0.00414597 7.73251
2592.77 24.0692 5.70903 17.2298 11.2885 20.0795 0.000611566 5.33577
2032.65 6.78339 10.8439 15.3391 27.1 19.3681 0.101138 7.85632
1577.83 20.0115 4.21192 16.4478 46.7458 16.7635 0.674698 16.5264
1812.09 9.91817 6.88286 9.38565 27.3926 1.21492 0.155672 7.825
1525.06 6.48254 3.35265 3.49841 11.7694 14.4517 0.323976 8.67381
1119.08 9.04732 5.19676 1.35249 19.2925 9.10274 0.179742 8.61073
1166.21 10.7339 2.09354 5.61927 5.95072 8.26591 0.0765914 6.34206
2964.71 23.1563 2.14328 15.0608 3.59288 22.1467 0.0797843 8.74135
1934.24 16.7123 4.14292 15.3899 20.9531 6.64782 0.105393 7.05566
1497.33 13.1857 0.515384 41.2443 3.53766 15.3558 0.166026 10.3173
425.522 35.5977 8.43065 35.2194 25.3303 13.766 0.0268224 12.8492
2284.25 3.58042 10.5301 20.0685 8.0076 12.2921 0.0319909 5.27784
2036.74 8.04594 9.04247 6.70864 10.6951 10.516 0.0629375 5.04861
2155.29 9.68892 13.1946 14.9665 1.5265 18.3849 0.0320225 5.68668
2881.62 4.18661 2.8002 27.9868 3.54605 12.3409 0.0358848 6.79191
1983.48 0.787869 1.91687 6.72027 3.23638 4.18865 0.00290045 3.37224
1805.6 6.99323 2.21856 2.7968 10.4109 9.0238 0.0329342 4.52899
2163.73 3.24352 11.8695 2.79173 23.6691 8.24747 0.140629 7.11314
1283.83 12.1361 6.93727 2.25638 4.74942 1.55241 0.132548 7.0034
2477.58 4.11415 0.981096 1.6096 8.56632 27.8652 0.00392195 5.13111
890.096 5.41404 5.27587 11.7961 3.69012 16.5943 0.0107225 6.05677
2039.71 9.45692 23.8661 13.2733 3.06873 3.89418 0.00519242 4.32724
2650.1 13.6995 7.78682 16.3908 19.454 18.9509 0.00466834 5.7517
1717.42 10.0554 13.9231 16.4695 20.6369 23.0754 0.0289624 6.85181
1788.25 5.17016 25.0645 9.74794 7.70121 2.56096 0.0216778 5.06101
2639.83 19.1851 25.3155 14.9107 12.3733 28.9318 0.033004 8.62076
2285.23 12.9431 18.2475 13.5791 8.392 31.4021 0.141209 8.76292
1287.4 0.157184 13.4696 15.6092 17.1531 31.8395 0.037931 9.33878
2038.27 24.9876 11.1024 31.2698 58.1144 18.3895 0.00188077 10.1782
1999.11 19.6296 9.49484 7.81245 16.9951 23.1429 0.00347654 5.16547
1913.84 17.2567 13.7727 21.1443 10.9617 12.6632 0.0389662 6.31899
2887.45 24.9484 14.6842 39.7725 12.1111 11.5407 0.0261805 9.40132
2895.08 9.62695 12.1942 41.8698 2.71716 13.3333 0.220385 10.9706
1204.46 22.9242 17.1029 14.384 3.80411 59.9438 0.0815002 11.8937
2187 4.27627 48.4083 13.3694 18.2254 42.3321 0.001836 9.17463
1736.37 10.0275 31.5572 15.496 9.56716 12.3915 0.001836 5.15981
2115.48 18.0733 9.72316 4.48898 31.6942 10.8015 0.03545 6.65843
1688.16 6.09583 8.49617 7.81725 28.2878 2.68529 0.0616201 6.36103
1103.28 25.1354 6.62432 9.5962 26.7545 2.63085 0.0622399 8.39457
1715.8 12.5142 24.4277 11.7143 29.0939 12.5116 0.113222 8.75224
1980.84 9.38772 12.4363 45.6201 5.86474 10.9253 0.0449546 7.63352
1323.4 8.18474 2.65675 7.68949 13.1558 28.5014 0.0302523 6.66859
2419.62 3.26671 11.4617 2.75024 15.5921 25.7735 0.0046894 5.03411
2539.56 2.48439 21.5721 0.784884 11.9641 17.1227 0.00588938 5.55713
2108.8 11.5603 16.9609 6.74737 6.7053 9.61914 0.00426128 3.65895
1687.72 18.2419 14.6464 4.7354 4.83751 8.59282 0.00151379 3.61267
1990.44 20.0839 17.8807 3.6231 25.4729 14.2779 0.000566527 5.11289
2804.71 6.93393 2.49239 0.481976 6.38944 13.3863 0.00294184 4.63567
3029.5 33.303 17.7876 25.1348 32.0806 7.51854 0.00228092 9.66563
1771.59 26.7653 16.5615 9.27149 19.392 0.858804 0.00189997 5.59042
1768.69 21.5496 8.04448 5.76816 0.0346356 1.50406 0.000424677 5.28111
2088.68 0.929081 5.37718 22.4507 11.2654 13.2602 0.0105916 5.12662
1247.31 16.6595 1.08935 26.4501 14.1486 16.8697 0.0110999 7.24885
2030.61 4.61533 2.7677 22.3976 14.144 3.97732 0.000994666 3.70273
2122.48 3.07186 7.03804 21.1262 20.5696 7.41246 0.000187641 3.7305
2265.38 20.2887 11.3003 24.4296 5.7694 23.5136 0.000663634 5.41731
2910.04 13.8459 7.06569 1.20549 43.8766 27.4548 0.00095416 8.30151
2058.82 5.41317 5.50855 21.6278 12.6993 10.9924 0.000934051 3.64226
2281.53 19.9901 8.47303 19.4796 5.20363 10.2208 0.000130673 3.66488
2615.02 2.27713 14.1212 27.4062 12.4736 22.8789 2.9411e-06 5.0529
1652.11 21.5786 34.5634 22.28 19.7376 18.9225 7.93975e-05 7.06647
2020.84 11.9014 34.2594 10.9917 15.9832 15.0582 0.00323866 5.84763
1909.57 28.8407 21.4187 12.5048 38.3934 16.4028 0.0218759 9.00073
1175.21 16.248 16.3851 26.8837 29.7803 10.5426 0.0134929 8.3751
1434.28 28.4236 18.8633 7.26679 0.950462 4.34956 0.00965457 6.02803
831.729 7.25346 13.7794 6.18693 37.5189 6.00468 0.0855229 9.70484
1962.53 7.12965 17.6313 25.6306 39.6798 12.5451 0.0785846 9.30537
1017.69 5.52401 21.2494 16.303 7.93475 16.4088 0.0128743 6.77146
2082.65 5.62844 13.7377 29.0591 8.48676 6.65651 0.0127968 5.18113
1655.92 1.96224 11.9388 4.95289 7.76157 1.7382 0.0289413 4.71489
2728.34 27.0093 23.9675 10.681 23.2117 6.01501 0.0774769 9.20036
1571.62 22.5546 54.2357 2.61732 21.5011 5.73949 0.100886 10.7432
1561.96 3.09006 17.2928 3.56856 1.3594 16.7978 0.0448183 6.0331
2755.6 4.80552 16.2649 5.24552 4.67769 3.90546 0.128753 6.7176
2468.55 7.28745 12.4194 6.67036 22.7199 3.76464 0.0395898 5.672
2463.98 10.9072 25.3671 17.4955 26.4471 19.2769 0.0368294 8.29485
2458.86 27.1293 15.0815 11.3255 13.8066 19.061 0.0223379 6.98978
1709.54 1.36758 36.5334 12.9987 15.7838 6.82187 0.0530015 7.62829
1654.22 18.4171 9.82945 9.33544 14.6448 5.32232 0.123537 6.88303
1790.73 23.0731 13.9391 32.4798 13.6723 8.94588 0.070107 8.23307
1930.19 43.493 2.07049 98.9047 14.7266 9.09678 0.0263912 14.8122
2404.7 25.1111 18.5397 20.5968 0.16306 0.830556 0.132444 10.0851
1244.03 24.5318 8.97588 7.62274 26.7058 42.0814 0.000245965 7.96535
1842.45 14.6926 2.80508 8.08459 7.99715 19.5527 0.00502014 4.22406
2909.87 28.5556 6.54625 11.9125 7.58381 34.7902 0.0628973 9.53273
2479.05 37.7831 26.7803 21.1558 8.17124 27.5217 0.0295097 10.0366
1530.73 100.235 0.404944 12.3881 6.61806 10.9134 0.162534 14.9924
1093.24 31.1217 3.16916 16.8717 12.44 1.54829 0.271601 10.9536
1974.55 5.60954 43.2785 10.7248 20.6799 10.3122 0.0284972 7.57459
2855.27 14.9922 36.5708 21.6562 10.465 39.2333 0.0318621 10.9792
1265.39 9.39632 38.4857 36.6769 31.1129 26.8971 0.00206838 10.6862
2728.45 16.1902 14.4414 21.3865 5.97197 38.9502 0.0454773 9.10302
1900.84 16.0521 18.9598 30.9904 1.47389 27.0698 0.0880878 9.32947
1074.84 18.703 2.02125 17.7952 8.94116 28.5258 0.0595923 8.84495
2801.5 13.5268 13.5448 11.5923 15.8167 6.6444 0.0294872 6.14055
2290.05 10.7043 10.196 0.15099 9.13545 13.5156 0.0231808 5.7802
2047.89 7.13867 10.5475 7.52063 17.0259 10.8456 0.0163976 4.41993
2829.44 9.41318 26.1473 7.52063 37.8171 18.9448 0.00434874 8.08666
2514.67 26.0136 27.4629 6.59352 1.68991 13.7771 0.0138838 6.87278
2221.68 29.1375 9.37611 27.5895 11.5886 13.552 0.106837 8.77289
2346.87 32.8081 23.9083 9.89443 8.2958 0.226951 0.0839303 9.15106
1140.45 11.949 24.0096 13.3284 3.69422 13.8618 0.0622553 7.61994
2348.78 4.58218 11.1866 34.9023 18.6685 13.5109 0.000768853 5.54225
2854.88 0.937854 4.41578 19.4608 19.1981 14.9393 0.0223446 6.92414
1464.49 2.03487 10.6458 15.7891 18.1151 32.2591 0.0123786 7.0507
1944.25 2.03487 7.32175 2.78495 30.866 10.6018 0.00327012 4.78058
2089.53 8.85798 5.16855 5.50703 53.9464 1.32855 0.00622869 6.97804
1967.63 0.292065 8.23212 5.14038 12.8791 22.5332 0.00162214 4.74744
1766.5 8.64068 7.13468 5.34414 16.4108 3.39989 0.013429 4.08856
1913.26 9.25514 4.52342 11.931 31.7909 12.6477 0.00405217 5.14158
2000.34 26.7173 37.0285 2.33221 14.5196 33.9777 0.0381421 9.82341
1542.24 14.5279 37.3294 12.3627 6.95436 11.3046 0.0112906 6.45511
1772.6 3.99531 16.8844 23.8802 30.3419 16.51 0.0153515 7.27385
2403.45 22.607 4.54355 10.3049 24.8912 19.358 0.0331046 7.19895
1097.95 19.1329 0.952435 25.2406 14.1929 33.9363 0.0603735 10.3931
3308.41 10.0643 9.68979 34.6641 14.4445 6.45932 0.316582 12.5668
1786.36 15.0413 13.4674 6.26064 13.2001 20.4106 0.090039 6.92989
2353.52 29.6195 24.3883 3.24902 16.9045 3.02507 0.0927031 8.44329
1905.85 6.11117 10.012 5.35779 12.9037 25.2595 0.0938124 6.69311
1990.78 22.1803 29.3535 8.7062 9.32954 28.1999 0.0732044 8.69844
2741.88 6.33351 21.5849 13.6683 23.4488 4.03783 0.0185853 6.55092
1986.92 13.1501 6.33562 5.68786 15.5424 20.2467 0.0114438 4.822
2026.33 17.7628 1.41819 11.5479 12.7168 12.3721 0.00585354 4.55694
1745.56 17.5457 18.1367 50.872 24.3285 22.3781 0.00691536 9.69203
1742.57 56.5837 20.5472 2.00216 3.18845 3.97741 0.0137278 8.07256
1730.15 9.31094 9.95248 28.2205 17.298 6.32726 0.00218656 4.89427
1714.79 28.2084 23.6807 19.2745 7.32396 11.7101 0.0036346 6.13296
2290.66 11.6294 22.4848 8.22147 9.82163 11.6502 0.0421211 5.82187
1271.22 42.1232 4.66562 29.6138 6.90119 17.1548 0.0096452 8.42428
2037.34 7.54574 6.46388 40.5789 9.15267 20.3226 0.0137498 6.74469
1760.8 24.6617 4.85457 22.5644 6.3698 22.8239 0.0143792 6.51159
2253.79 29.8508 1.57181 18.8823 2.37342 44.1106 0.0151698 8.85195
1931.5 2.21432 1.06666 18.212 28.0746 29.3547 0.0103112 7.35572
1978.15 1.45784 8.06197 12.13 10.2077 28.9115 0.00644418 5.18257
1590.34 47.206 12.133 3.78411 9.69612 10.8806 0.0605444 8.17378
2367.9 0.377375 18.4169 18.1401 42.0993 18.1061 0.0135491 8.8748
2139.59 7.51903 18.4624 0.741263 30.0822 1.44297 0.0585498 7.53378
822.736 16.5838 17.8434 10.0932 28.7667 1.73172 0.0364608 9.0506
2113.88 12.5614 19.446 13.2195 13.5611 19.9871 0.0496673 6.73681
2824.21 1.69473 39.6848 6.20751 17.6755 10.0006 0.037966 8.31856
2136.54 4.41456 12.0143 4.86638 4.65877 24.7105 0.039062 5.47026
2996.02 4.4676 20.3993 1.66271 28.6787 7.34888 0.00778836 6.90477
2806.41 26.1238 44.1908 7.39409 25.5399 22.044 0.0472555 11.5123
2497.61 74.8039 33.897 9.3963 25.0039 7.51422 0.0578504 13.7648
1826.54 25.2296 3.87765 5.01846 50.846 19.103 0.0224904 8.98024
1432.5 14.8662 7.46628 16.6587 27.4916 4.77602 0.00528343 5.72321
2485.87 1.45418 1.17511 3.00141 19.926 4.51633 0.00528343 4.56104
2373.89 6.02278 12.9903 11.5577 15.5839 4.50416 0.000929672 3.39971
1757.62 4.19672 13.1214 11.0286 1.71865 6.9913 0.0282622 4.6513
1847.25 4.96141 6.73987 19.5445 5.41499 8.78587 0.00256208 3.4664
2231.7 1.80429 16.9082 10.5803 10.2632 4.15161 0.00785194 4.1236
2332.94 1.07088 18.5437 6.93727 20.1021 8.36716 0.0195133 5.58529
2716.27 7.68544 19.9522 0.615374 16.337 11.2102 0.0412449 6.9619
2265.56 7.69279 12.7179 10.3572 21.3234 27.8755 0.0179538 6.35055
1511.08 4.45079 8.24305 16.7842 8.75228 19.0545 0.00241711 4.41775
1599.63 23.7474 3.98427 5.32226 29.7606 9.25195 0.0415579 7.09488
2872.81 24.5115 5.34957 6.40647 50.8311 47.4822 0.0246667 12.4845
2344.79 38.4235 1.35932 8.00647 31.2636 50.4407 0.00174284 10.2965
2049.05 10.6124 29.552 11.7063 46.7532 11.8007 0.0105229 8.31012
1958.12 8.15124 28.3865 49.8618 15.1905 11.9536 0.00205101 7.87243
2238.62 14.3174 24.0653 13.2054 45.7396 12.2309 0.000956192 7.29045
1754.8 1.10337 11.3725 5.44332 41.1361 8.93518 0.000825116 5.5885
2144.62 7.9366 20.4081 5.12627 30.6138 2.3676 0.00142565 4.95018
2569.21 6.2386 2.11734 8.31915 23.786 2.55221 0.00760273 4.79447
1364.25 30.5163 12.7661 5.84341 5.80396 7.11225 0.0172179 5.84947
1081.67 63.0555 28.8814 8.37308 10.4856 2.36414 0.00735157 9.89184
1748.92 8.01268 45.1879 24.1888 1.07044 6.94534 0.00569127 7.22555
1576.78 11.522 52.125 9.57658 35.5843 2.39647 0.0786978 10.8329
1832.3 13.9044 30.1328 11.1836 34.7424 5.65717 0.368486 12.0182
2350.05 12.3501 7.23233 26.3374 2.19878 10.5966 0.0332677 5.9349
2567 6.49582 10.9849 14.8541 2.19878 9.80567 0.00101368 3.55163
2805.08 2.43519 15.3978 9.84588 2.82827 7.27531 0.0105686 4.79326
1903.48 16.4029 4.03656 18.5243 4.95827 8.11411 0.00233 3.78551
904.297 17.0853 14.8007 6.01611 41.578 5.24345 0.00501645 8.17845
1488.1 5.11791 0.737221 3.20839 12.9685 4.08934 0.0988002 6.50758
1509.35 8.07607 18.8724 16.3453 19.2642 5.91214 0.00245567 4.92249
2302.33 3.47529 24.566 14.4698 22.8741 1.78178 0.00245567 5.35676
1602.51 29.9258 67.6739 26.8219 40.0595 18.5746 0.0143729 14.1045
2844.75 39.5512 3.35304 23.5966 6.98366 47.7838 0.0324899 11.6929
1160.91 34.583 15.213 0.550093 37.0201 15.4883 0.00689445 9.51764
3117.24 17.5622 11.6194 5.75975 44.5994 42.1606 0.0141583 11.4829
2506.41 21.0784 15.7138 14.4703 30.846 10.5771 0.0662844 8.51086
1339.43 65.2647 1.98373 0.291092 15.2075 3.61969 0.0166439 9.97774
2780.63 9.38688 31.7683 3.61972 13.9498 35.3852 0.0161818 8.51684
2687.7 7.6481 35.7768 5.34349 27.6057 12.575 0.0144503 7.73919
1898.84 6.48417 23.86 12.7831 27.2745 8.69273 0.0261993 6.54624
2767.56 8.95329 30.1241 10.4511 9.26091 28.1434 0.0256536 7.91599
2380.57 8.96461 4.00753 11.654 31.3133 3.39785 0.0126137 5.49691
1618.88 9.05055 30.11 16.9342 4.75485 9.89209 0.116408 7.81597
2435.16 2.97357 15.8854 24.6291 12.1651 0.342003 0.0767665 7.77475
2353.25 5.12496 5.89773 27.3247 21.9109 24.9869 0.13035 9.09098
1837.94 15.7355 14.7399 21.6996 9.84025 7.09821 0.179377 8.00608
1010.88 15.7825 13.6843 45.6447 5.28489 11.8693 0.356186 13.1653
1838.85 19.5973 17.2737 8.46632 1.49408 0.201844 0.149815 8.47316
2176.29 18.783 10.2254 12.8387 2.12876 27.8096 0.331769 10.2802
2307.44 13.3761 9.01006 1.15396 4.98417 33.447 0.177528 8.77825
1793.87 10.9415 6.03552 2.92201 3.82266 2.87681 0.167636 6.33341
2661.65 12.8029 5.44142 19.9599 1.58427 9.27207 0.129724 7.46966
1475.23 32.1306 5.64463 3.80773 6.19203 3.707 0.0361805 6.09367
2114.08 20.7126 13.5706 4.31815 0.556358 0.933773 0.003548 4.88452
3086.12 2.82172 2.14469 13.0824 17.8427 1.53065 0.0157405 6.36742
988.709 30.3011 4.47726 13.5598 26.9197 3.21847 0.168079 10.6872
2337.77 23.4003 14.4929 24.0586 0.992326 23.1087 0.160779 9.93404
2129.9 43.2038 11.8436 8.51797 21.6443 12.0549 0.362106 12.0391
1251.1 14.4658 14.4113 19.5444 0.46275 6.37896 0.182606 9.19095
2724.27 15.6004 14.4113 14.7051 5.772 4.73417 0.122004 7.38083
2869.63 5.6245 21.7369 6.67861 24.6932 11.067 0.125025 8.7329
2188.42 4.48288 29.3503 19.3918 7.31732 14.7713 0.127062 8.12904
3353.26 4.63757 4.95389 15.8789 8.46201 6.6648 0.0134077 6.41191
2433.53 1.19425 7.08479 20.7134 12.1721 18.0431 0.125667 7.75371
2447.7 2.49311 5.29629 1.5814 2.12301 17.336 0.0323614 5.20223
2514.44 0.846977 1.6704 7.81324 10.4429 15.2793 0.0214559 5.28384
2051.47 5.09398 32.7168 4.06844 43.0015 15.8674 0.145987 10.5995
3179.26 13.6277 8.46665 19.0537 34.2265 11.2992 0.273859 12.3149
1132.01 26.622 5.66043 8.22988 26.539 6.64448 0.161758 9.6258
2513.82 63.2414 6.79852 6.48951 13.8058 20.1149 0.168203 12.0873
2289.72 9.26068 3.50114 18.9752 47.7027 22.6626 0.0338185 9.01024
2209.22 8.1083 1.07199 32.0652 43.1384 5.18213 0.0667142 9.53031
1890.47 14.3241 31.6619 28.4283 3.46563 4.92045 0.140476 9.05801
1570.43 12.7049 17.6872 15.8035 14.5795 37.0937 0.339611 11.8882
2949.2 19.7793 4.98964 8.96518 12.7348 32.8885 0.22047 10.7588
2412.02 9.52665 10.2266 9.91317 12.7348 34.6456 0.175083 8.88898
847.054 27.8662 14.9324 21.1058 10.0663 21.0217 0.155161 11.3159
2026.38 33.8848 13.4258 41.3317 8.92506 13.3461 0.216482 11.5319
2580.47 21.2522 43.5994 20.5805 9.67571 7.52134 0.00169072 7.48509
1484.64 12.9995 21.1363 48.8824 12.2822 20.868 0.113573 11.0662
2788.47 5.12663 15.156 40.7466 9.30488 4.64567 0.0216008 7.45493
2594.87 16.6351 18.1675 34.3096 6.08423 3.84638 0.027057 7.37863
1490.19 11.1936 17.5127 19.109 7.2044 0.550893 0.0737817 7.28147
1718.43 27.0421 20.5672 17.9311 22.0114 16.2648 0.00443876 7.01203
2734.28 13.9775 5.55071 7.35036 14.6392 12.0602 0.184732 7.90823
2693.49 2.17022 15.2787 7.12289 30.8258 4.70661 0.051091 7.18794
2344.87 20.1188 17.2627 5.3634 10.7411 15.544 0.127078 7.60641
1537.93 6.31494 11.0726 4.77224 13.4124 3.51625 0.216023 7.38018
1988.37 4.86258 8.03435 11.4356 29.0084 3.45489 0.135492 7.3527
1540.66 1.93999 37.4105 6.69272 21.7258 2.68531 0.0973194 8.67893
1639.14 6.92908 6.69938 17.4512 14.3321 5.70882 0.0676684 5.89563
2028.21 9.65676 25.3134 0.533578 2.10267 4.85284 0.0972249 7.11201
1133.44 4.36497 16.1102 6.40706 4.29329 8.42226 0.119664 7.17987
2063.79 1.98204 27.9522 15.1787 25.4474 19.1113 0.0216442 7.508
2355.97 6.14166 19.5361 20.8367 23.2368 18.7394 0.0263956 7.21679
937.498 9.58993 23.4443 3.30423 27.5673 1.70438 0.00378507 7.20171
1476.97 15.1122 38.5746 5.68839 21.2239 9.99751 0.0293915 7.84211
1975.69 12.3665 30.0343 8.49012 6.57515 12.8636 0.0307612 6.01104
2161.66 11.2437 0.875943 12.0583 11.3379 9.78694 0.00102992 3.56967
2227.25 0.830434 5.69646 8.39142 9.42433 7.69654 0.00228963 3.28491
2737.38 0.322092 2.7256 29.4309 9.42954 7.7277 0.0487449 7.6224
703.073 13.6304 2.88485 3.48853 2.65217 19.3725 0.186602 10.124
2040.95 29.7407 2.55878 32.4582 11.7832 19.1677 0.0645949 8.89752
2734.08 15.6134 5.03286 6.92922 19.8391 4.39382 0.153558 7.76708
1830.59 6.07102 5.26654 4.53828 11.8365 55.3692 0.010594 7.32943
1706.71 5.78196 9.73888 12.7189 21.2896 43.7201 0.147922 9.94948
1858.3 9.00297 9.60144 12.0214 18.4983 25.3768 0.0226682 6.04722
2078.9 40.0715 10.3959 1.94108 24.8148 3.89015 0.261924 10.7764
2175.78 2.99452 7.00682 26.6559 24.7106 7.75358 0.276833 9.63281
1772.82 19.1142 30.5095 30.1822 21.4283 4.76641 0.165639 10.6391
2261.74 34.3378 14.3662 42.2809 19.7278 4.49619 0.0989505 10.838
1391.95 11.0549 28.3839 12.4035 19.5056 17.4405 0.0500007 8.04647
2835.41 7.1 29.3077 6.33431 15.979 19.3857 0.00299156 6.36208
2319.41 3.45102 41.0768 7.30946 16.8736 38.3211 0.0670451 10.0917
2527.69 3.23603 13.0836 15.2154 18.8805 0.332095 0.0116053 5.94136
2237.03 4.42892 17.3088 7.97055 43.5748 0.96833 0.350444 11.5993
2907.13 3.87444 1.77196 8.11944 9.12117 0.540926 0.11375 7.3859
2233.69 20.4056 2.67435 17.6298 6.36325 2.86813 0.0175334 5.08426
2582.61 31.6141 37.892 5.10276 6.84611 15.9359 0.0145454 8.3171
705.239 11.7051 9.09523 10.2905 6.45672 16.2817 0.00197139 6.14546
2220.38 12.1065 2.18595 3.15693 7.19585 16.6355 0.00104474 3.3411
2196.45 18.0217 1.09788 30.2411 5.90832 8.04927 0.027258 6.45714
3093.02 6.59735 11.8158 28.7546 5.60886 25.8535 0.00683274 7.58014
1773.25 13.6405 21.6965 29.8533 35.5708 14.5419 0.00873221 8.3605
1859.15 9.29602 8.22647 7.21524 17.8765 1.75264 0.0229422 4.72754
2214.51 56.2855 13.0253 4.93 38.5263 13.8433 0.0242281 10.5669
1217.93 19.9489 11.8501 21.1284 10.4014 15.2733 0.00754729 6.36977
2246.56 7.43246 54.8347 9.56521 6.87747 6.65779 0.00432104 6.62385
2169.86 34.2495 6.90403 10.4737 24.5203 3.7685 0.00532484 6.1014
2132.38 42.8343 3.97378 20.8525 24.5198 3.7685 0.00826217 7.68806
1687.19 25.6691 7.71379 4.7679 31.7467 7.2312 0.0196954 6.66451
2451.35 12.6892 13.5543 8.38048 11.895 19.0216 0.0896492 6.86583
126.965 7.22025 34.465 5.67042 13.6758 21.8594 0.000698575 10.6998
628.192 2.89131 23.8859 25.7055 2.68512 16.8824 0.0390106 9.99112
2640.52 11.8142 1.57075 7.92954 14.4321 1.64097 0.0925771 6.67489
1242.84 16.0253 7.68395 6.30542 27.5536 11.1758 0.0130698 6.33763
1782.65 10.537 2.28011 13.9436 9.10954 35.2926 0.0327126 6.82888
833.965 19.2274 27.899 12.2904 45.9175 21.0517 0.054203 12.4769
3059.88 7.3057 7.93804 17.4059 15.5704 11.4346 0.0114642 6.14526
1851.2 37.6047 3.70056 21.2119 8.91887 16.9349 0.000490767 5.79823
2225.42 24.6607 8.34342 14.5585 11.2609 18.1008 0.0201143 6.07165
2457.48 23.6668 2.69289 2.05011 18.291 10.4667 0.115013 7.70133
2774.52 27.363 5.14388 9.87169 5.47215 9.46568 0.0911323 7.45641
2846.98 4.58552 7.90043 33.3798 0.492318 1.61721 0.0219632 7.38841
1728.88 4.56781 19.5744 1.69136 8.45786 1.60692 0.00492768 4.17392
1127.97 4.18288 2.73515 2.56787 11.3399 1.80377 0.00648259 4.86926
2799.43 6.81116 40.46 6.48639 25.7356 5.46656 0.227347 11.1683
2892.24 7.90661 8.08145 6.70403 28.7935 6.04199 0.0338585 6.6435
1501.48 3.55682 32.4902 18.3545 14.4995 12.3643 0.0570118 7.88732
1250.66 5.89371 23.3147 5.9928 14.5327 11.2637 0.192902 8.71189
1875.66 6.70722 5.03534 9.46259 15.2892 10.5775 0.129996 6.30046
1302.27 7.33695 16.8237 5.62512 5.95795 42.2581 0.187288 10.1505
1348.64 5.49303 19.219 17.7626 2.78366 25.2631 0.0946674 8.29805
1847.53 13.9171 20.3751 24.1543 2.45853 10.248 0.284838 9.61802
1977.59 1.50293 16.6227 7.59207 3.72883 9.51928 0.343538 8.65777
2316.14 7.36867 1.44443 3.16663 4.5208 10.4108 0.10237 5.74801
2106.62 14.5137 13.6013 0.702758 18.9779 9.27798 0.174108 8.09669
2711.32 25.6554 53.0159 15.5749 8.63404 3.1313 0.219217 12.6444
1380.53 33.0576 3.75984 19.4498 14.5519 1.9452 0.0957118 8.6578
1800.2 15.2298 12.124 10.8442 25.1087 5.03726 0.111726 7.35665
1845.51 29.8612 22.7273 21.9511 10.0467 20.542 0.0220175 7.97916
1849.78 10.0641 23.6768 6.73995 12.7621 22.8561 0.0340699 6.46933
1661.18 14.8922 39.5918 8.80823 5.67129 7.60006 0.0061442 5.84504
2202.05 12.8037 21.561 12.5047 6.32994 8.15309 0.0825922 6.38226
2115.65 16.3639 16.7438 0.335363 6.21954 3.18034 0.00827667 5.00575
