-59.4993 13.6134 1.27013 9.99858 4.56825 9.18339 16.0397 7.61455 14.8224 12.119 0.00714514 3.89034
-52.6178 7.39556 4.86359 5.79382 5.75239 10.6264 17.75 3.78616 14.7756 24.1829 0.0698873 5.64764
-61.8221 5.41191 10.4211 1.16311 7.41113 4.8687 9.74368 20.5994 12.1094 14.1162 0.0194913 4.10276
-34.4569 20.6938 8.96233 8.78166 4.8644 18.6631 10.7181 2.79204 7.01835 4.80701 0.00319338 5.60875
46.0562 4.3575 21.8141 5.97312 8.7836 2.11556 23.5161 7.74794 20.2004 6.95264 0.00187996 8.28012
-41.0413 0.268462 3.55657 22.6958 3.24155 1.38764 8.64133 6.03427 0.903682 19.6779 0.0234412 5.80282
-36.3888 5.48293 1.22865 11.5274 2.85417 1.92697 9.95112 10.744 14.5885 65.1973 0.0484105 8.7182
-67.1231 11.4972 1.633 23.738 0.188598 22.4775 5.78437 8.09074 15.4975 15.9273 0.00724509 7.27352
-31.5244 6.19394 0.319702 6.10353 0.916188 26.0009 9.11919 7.49203 6.4256 59.7732 0.00208338 8.18657
-33.647 10.4637 3.79339 10.2878 2.34092 14.8057 8.73202 4.8811 22.6318 21.7533 0.0553881 6.20982
-13.021 7.04187 6.78587 2.84472 2.10199 3.73389 1.68687 23.24 39.7407 10.1299 0.192057 8.79927
-12.915 6.56519 12.7341 1.06178 0.489459 2.84968 1.63196 23.6801 35.3922 23.9815 0.076577 9.25283
-60.453 7.23035 4.09844 17.9141 30.2437 4.46799 3.94633 19.5615 23.8831 21.5102 0.0166775 9.02545
-73.8554 16.0205 9.52517 3.81075 14.7071 12.102 4.05395 9.63352 32.4855 21.149 0.105184 8.59066
-26.7794 11.3951 15.6886 3.81075 2.17751 0.890871 2.7913 23.9997 9.89834 18.6475 0.000177453 4.38588
-53.9797 5.33212 17.5706 9.80065 1.31095 2.05743 4.28576 26.2446 7.77017 15.992 0.000177453 3.81499
-57.674 4.82817 2.46059 19.5792 15.226 14.0908 4.48851 3.69636 17.6005 7.83317 0.000456215 3.84883
-6.84336 5.9674 6.26098 8.60728 11.2015 27.1976 7.21887 4.16789 9.96253 10.0896 0.0044172 5.16398
-15.4347 6.93728 5.50941 11.9839 7.60317 1.32152 15.5996 10.5085 9.58376 13.4959 0.0044172 3.71038
0.467014 26.1593 1.56573 5.10654 1.47167 6.52425 18.7785 0.530788 1.33018 3.38688 0.000587146 6.50403
36.881 13.3088 4.57871 1.54818 1.63305 0.976653 15.6904 2.4281 2.98686 2.41284 0.000587146 3.85358
-57.8357 13.3088 2.41462 0.924345 6.2685 1.96666 15.156 21.2963 2.98686 4.65702 0.00124119 3.13747
-24.423 18.8385 1.82495 11.9103 4.47727 6.60768 2.96648 13.0682 13.8904 9.46113 0.00831217 4.63772
-66.1915 8.53458 2.61432 1.22081 2.70555 11.5453 6.53015 13.6841 20.5819 26.0467 0.0406292 5.51339
-31.8339 13.7066 2.32702 9.01473 3.26086 10.6246 5.97408 1.36716 2.62824 18.5087 0.127035 5.92074
-14.6639 6.95612 7.84018 1.78951 2.31933 15.6103 7.21983 2.01616 6.18441 13.2307 0.0362999 3.99699
-1.38164 10.5277 10.3725 1.23151 8.14089 17.2975 7.21983 0.201586 1.54081 35.7425 0.0406533 8.71776
-74.1598 9.6359 4.87565 1.51515 3.10059 12.6444 5.09116 4.00746 4.33071 23.6879 0.0406533 3.97137
-11.5691 9.17723 4.81487 11.9721 0.113135 4.97574 6.76912 5.71606 37.87 29.086 0.0990881 9.44932
-43.6574 17.4677 4.91508 3.81487 17.0503 9.94838 4.45159 6.32711 0.64111 17.0933 0.0854101 6.86086
-57.9781 18.2352 2.52423 12.8995 4.71751 7.6802 7.21387 7.03368 4.45429 12.7178 0.000696465 2.67833
-7.71437 3.532 6.54332 12.0302 2.41303 13.2129 9.76999 5.00152 1.69366 12.1758 0.000696465 2.57338
-23.4804 2.03594 0.756615 18.6332 4.7965 15.0462 3.0838 5.68846 10.6029 9.24682 0.000696465 3.10578
40.2331 0.873459 11.9354 6.0434 5.21286 27.418 5.39871 7.54337 7.29322 6.72683 0.0642817 7.76959
-53.4042 17.4826 18.7594 19.2517 2.77307 6.75438 13.3674 2.80617 8.44905 8.34767 0.00308444 6.9772
-33.6159 15.5304 1.08721 6.10686 8.07647 6.4537 13.8409 11.709 9.38531 52.691 0.0481867 8.55591
-23.5829 3.61493 0.528366 12.3951 9.97693 3.99921 4.60259 22.1885 22.1099 36.23 0.0182103 7.31007
8.04338 24.3029 2.44413 14.9568 5.71429 2.13256 6.54158 19.0985 8.72634 16.9318 0.331873 12.085
-10.965 6.21772 6.50163 3.89881 6.91563 10.1793 1.86372 9.44676 12.627 11.1671 0.0533774 3.9945
-11.8886 8.27602 4.86496 1.34901 10.8515 0.439824 1.73535 0.983354 5.99071 4.91848 0.0352718 4.12386
-48.3221 5.31313 1.88097 3.35338 7.08576 10.4143 2.58987 22.7836 3.3969 4.40983 0.0236094 3.4523
-69.4041 5.25631 13.1566 19.6489 11.2885 8.78297 2.86538 8.8676 7.1894 17.3489 0.0488802 6.09568
-40.3657 4.56731 1.02911 31.9322 9.01633 7.29889 2.11199 12.2572 4.22842 29.7532 0.00776497 7.10235
-59.5484 6.23753 12.8446 7.31879 5.78752 14.1315 5.06638 4.95537 52.4418 11.5036 0.00022524 5.20862
-65.6579 7.37688 10.5494 2.59722 2.30317 16.8379 22.2887 6.523 11.5258 2.84432 0.0257677 4.90501
-51.6611 0.129807 16.9797 5.95819 4.38921 23.0991 14.9725 13.2563 1.84162 5.16639 0.00439667 6.28047
-31.9342 6.27386 6.04154 5.6666 5.14155 0.657174 4.79424 15.1081 29.0878 8.46186 0.00706305 3.79635
-43.0208 8.98099 11.936 7.96955 4.2782 8.30357 7.39335 12.3496 5.63226 16.2733 0.0450005 4.5219
-16.3905 1.51654 13.2684 15.5369 1.88036 10.6787 6.20809 5.38702 2.76481 13.2875 0.0791159 5.96107
-67.4775 10.0199 3.23664 3.48251 1.88036 12.79 7.08586 14.2294 25.7593 14.6013 0.143637 6.70624
-13.761 7.59626 0.989473 3.00419 4.25736 13.4458 21.915 14.005 29.589 7.51235 0.0549001 7.25826
-63.2346 0.240888 3.77696 9.07096 1.05554 7.92052 16.0986 12.8858 14.2156 16.9056 0.00689995 4.72242
-69.0628 1.95573 1.55199 30.7423 43.2418 13.6253 3.51351 19.5748 26.6175 13.4578 0.0389858 15.0808
-72.8429 1.17074 14.656 7.47433 13.591 6.92734 2.75312 18.7943 5.09451 9.32727 0.0122412 4.14255
-28.2536 18.8228 8.20045 2.4866 0.366031 5.4094 6.47813 30.201 2.52933 28.737 0.145018 9.92495
-58.877 14.0302 8.80196 1.54625 1.73733 23.723 3.76234 23.7023 2.6156 5.50193 0.0986907 7.40667
-66.0554 7.60865 11.5475 4.52308 11.8743 14.8922 4.1736 13.8523 8.69288 15.3002 0.0903567 5.87325
-39.0865 13.5592 5.18332 14.7626 3.65525 14.8261 7.79827 10.1935 10.4019 19.0033 0.0369261 6.07814
-68.5912 1.95875 6.30798 2.51503 1.06737 21.1438 2.20791 10.8167 5.41522 22.6437 0.000325899 3.13173
-62.1684 1.48452 6.43393 8.25028 3.74021 11.5218 1.19033 8.86616 2.63437 17.7235 0.140917 5.51469
17.3498 6.31296 5.3933 25.9927 3.38346 1.82792 8.25048 1.03775 7.31237 2.45859 0.31764 9.98176
-42.644 16.3745 0.493517 1.43125 4.74585 5.37957 4.66222 1.70465 18.1031 8.29472 0.0772175 5.28744
-62.6193 9.94292 5.07879 4.24615 13.1829 42.1192 6.47438 8.26071 67.4539 6.6095 0.0202267 12.2463
-40.3651 9.36374 3.26169 30.3801 12.1101 22.1608 9.68417 5.22887 12.2964 19.9011 0.0058823 9.17762
-28.2295 6.04611 4.00295 8.01409 3.92407 10.5621 1.47769 10.0915 16.1884 9.85182 0.0102814 2.82477
-13.4526 3.73387 4.14223 13.5892 2.34747 6.89972 1.19896 9.0742 0.988925 11.3236 0.0585558 4.48507
-72.574 21.1221 2.82846 3.29134 11.6716 15.6826 1.21252 12.7755 9.56235 6.1555 0.086729 6.36865
-3.70702 6.14227 3.60119 8.25951 13.6604 1.72578 2.95913 12.5916 0.252677 9.89731 0.0305575 4.91413
-28.7575 11.0287 2.03882 7.37806 10.0607 20.872 0.908415 2.52462 7.72451 4.09528 0.0198311 4.65845
-13.0999 0.99266 6.49434 6.46969 3.9297 17.1693 8.20492 8.95052 5.04116 23.5737 0.00777756 4.00562
3.82691 4.10228 8.41748 1.03946 12.8299 4.14015 5.26325 6.5451 69.3508 15.9589 0.059611 9.72526
6.1049 9.78861 11.1794 9.8772 5.3531 16.1664 2.08766 1.59644 0.46413 14.2006 0.0232274 6.57645
-21.8647 18.0237 2.58471 6.08769 8.61912 2.6172 5.87681 10.9244 46.0538 24.507 0.105161 9.6328
-48.0416 8.43263 0.518036 2.05735 0.977434 2.6172 8.09795 8.49168 5.62953 7.73896 0.0976354 4.54932
-37.222 17.2413 9.64956 5.8543 5.84144 3.61695 3.21628 7.10206 18.2553 28.3791 0.00807171 5.17337
-54.7698 13.7529 8.10426 15.3074 10.6619 3.61695 10.2171 34.9518 39.0969 23.7769 0.0035119 9.84846
-71.0054 3.24701 3.05467 7.97578 2.68999 4.1078 4.33328 14.5449 45.7813 63.2089 0.0306623 10.1563
6.08129 4.589 8.62382 2.48097 2.85718 5.92032 10.0759 23.8957 12.2346 22.4433 0.00850886 4.79586
-59.7642 13.0403 9.53964 3.70392 4.56386 1.53664 6.52923 6.92539 3.24478 2.35553 0.00559849 2.02653
-34.7164 1.16804 8.81153 3.84919 5.39672 6.66344 12.7322 4.59472 1.74788 15.4903 0.0380157 3.73127
-30.987 0.549667 7.74486 4.32173 3.03285 14.1515 16.0005 1.80112 2.99362 5.05698 0.000689902 2.50418
-45.2711 9.39609 5.27873 6.90729 5.0781 21.8488 9.69357 4.91677 6.18453 5.39388 0.175743 6.27859
-53.4903 3.91995 5.29964 8.19972 5.05616 19.8409 9.49844 8.07712 7.58363 13.24 0.0344844 4.12182
-57.5438 6.20228 5.78909 6.32158 3.83537 10.3293 8.30191 6.45469 12.8049 18.074 0.0073841 2.48425
-35.2457 7.25278 4.0059 7.55959 3.59252 10.344 5.84844 11.4778 7.86733 21.7099 0.039343 3.98166
3.37324 5.43739 7.47895 5.6114 16.949 12.7975 1.83169 19.0834 8.70614 14.342 0.0730209 7.11801
-35.7869 5.79737 2.20612 20.0163 6.76209 10.4196 13.4871 19.6952 5.36805 26.6668 0.0374565 7.31527
-10.2169 8.41591 6.36171 8.89382 6.52376 1.79154 6.21838 0.892917 5.16694 19.2922 0.0726253 5.01596
6.56979 6.39319 4.7265 7.16836 7.79652 5.23816 23.9259 11.6437 17.5241 19.4892 0.0451715 6.79143
12.4852 4.50628 1.91487 5.56035 11.9487 4.82389 23.0767 5.34037 16.0051 6.98139 0.00145573 3.72618
55.2896 4.98315 2.16613 5.67595 6.97473 2.13786 28.0338 8.22039 0.900037 13.9589 0.140864 8.64047
-30.321 8.9756 11.9245 4.06878 10.4272 3.69715 18.0789 13.9052 15.7447 12.4203 0.248306 8.74364
-13.4496 2.83542 12.832 10.3993 5.5082 28.8415 9.1733 37.5237 21.6555 5.54733 0.203184 13.8006
-46.3902 2.9291 7.91482 10.7069 3.81417 0.748393 27.086 28.1841 18.8013 11.7695 0.122946 9.30206
-55.89 3.36233 0.893172 5.70551 1.13314 8.35186 4.62038 3.93088 2.83694 4.32084 0.00365633 1.6503
-37.8338 3.47116 2.24742 4.91978 6.16546 3.46894 7.79554 21.8649 9.53909 6.25653 0.198691 5.81044
-41.9962 2.67765 3.41449 3.08483 18.9082 5.31678 8.98503 30.9894 36.6541 10.6095 0.0617369 8.50255
8.4097 2.24165 4.64435 9.41942 4.98564 0.530293 3.72568 35.7054 8.1742 13.9544 0.00389665 5.06297
-43.888 2.30752 5.55666 10.7425 6.27013 21.822 2.30669 19.9762 24.1865 40.1887 0.000434982 6.8603
-16.1312 3.21238 0.566389 5.55332 5.71884 8.41934 8.65359 20.8434 38.5616 36.1413 0.000434982 6.63361
-74.5052 2.26275 2.25514 8.33885 2.91531 1.95786 0.53899 12.8546 17.9745 13.6102 0.0678347 5.26522
-43.5637 6.92023 5.14218 12.9534 3.44081 16.5457 13.1799 4.05079 4.77914 17.2688 0.00684913 3.86775
5.54366 10.1577 6.80294 7.98674 6.08434 16.1821 24.3647 10.3101 32.617 1.92413 0.0252884 8.94195
-14.691 5.30685 12.8762 10.158 1.47921 10.2713 4.74564 9.98226 8.41357 38.8469 0.021521 6.27705
1.25845 3.83993 7.63492 9.17944 2.99835 12.7892 12.4665 6.09746 0.961111 22.7483 0.000335107 3.52996
-65.3709 14.6106 6.47084 7.17869 2.9465 12.2701 20.867 7.44461 9.90829 22.3754 0.00169009 4.38732
-23.4998 8.07775 6.74893 6.36452 30.7538 1.48828 10.3536 12.6034 4.50565 26.2253 0.0250887 7.82939
-3.41725 3.10164 6.65214 2.40008 11.3024 3.89825 34.1524 16.1942 3.22749 50.9284 0.0605386 10.6505
-26.1655 7.53976 1.9185 11.8173 1.2408 21.7328 9.0425 26.3918 18.7616 72.2903 0.0705855 13.4988
3.08087 10.5086 2.24097 25.8947 4.29684 12.3906 6.54532 11.9408 7.04227 50.7941 0.010353 9.95277
29.063 0.201509 14.2023 3.59171 8.9618 30.1407 1.86717 2.33992 18.0272 26.1531 0.0032273 8.83737
-22.7985 9.62389 27.2767 3.00179 5.25702 12.5032 16.5977 6.0375 47.7224 50.1649 0.00337301 13.0466
-38.2543 0.197747 4.20509 22.8448 7.23166 9.43357 2.83795 2.01529 23.231 29.0755 0.000130405 5.78826
-18.8136 0.484268 4.76051 2.86996 11.6547 6.89366 1.69847 6.30716 33.6288 5.80436 0.0459069 5.5301
-72.5024 9.69033 7.02973 3.55305 5.41376 28.101 9.13354 1.8053 23.4253 30.8754 0.0120904 6.84576
54.1986 8.79046 4.26147 14.029 0.347502 16.7138 2.08401 10.6937 5.62113 35.6678 0.00267699 8.18629
35.6577 1.17928 2.85674 14.029 5.66795 3.63602 0.329367 10.1509 14.0769 0.350723 0.0347163 6.17254
-65.6204 1.36199 15.0113 8.89099 7.95508 2.04561 15.8537 19.3487 6.14183 2.49789 0.0569215 5.73539
-55.2593 1.81151 3.59224 10.3774 8.98949 3.12925 7.15419 1.91162 11.9504 0.0846612 0.0217527 4.29114
-13.9268 8.36049 7.04963 14.0351 8.14429 8.40599 9.21265 13.8701 30.3266 4.6196 0.140368 8.41919
-66.9822 8.14779 4.70334 7.20612 11.8452 0.819432 9.61067 33.3816 18.9568 1.88581 0.0470721 6.76143
-68.2167 3.14361 6.84148 15.0483 6.18159 1.0256 6.1369 17.2837 17.5116 4.95333 0.14658 6.29481
-23.0633 16.4935 15.5751 5.19953 13.4396 4.55173 15.167 24.4026 10.1321 4.10088 0.024237 8.64413
14.346 5.07813 16.0615 1.11992 8.06239 7.22361 2.27091 4.05787 9.21731 14.5397 0.0275795 4.90553
-16.6122 2.69553 11.0616 5.72051 8.03404 2.35866 12.7739 16.7883 33.352 24.5937 0.00354103 5.93949
-60.868 1.33017 9.12957 6.4332 12.6644 32.7991 9.69148 8.38715 21.9952 8.9385 0.0411459 7.84039
-38.4292 14.1405 5.16741 4.50199 6.4876 1.3597 4.36453 19.4708 8.04629 1.15236 0.0814007 5.24525
-51.7109 5.80906 14.9707 0.258929 3.67882 4.05882 16.1836 10.7367 10.1796 9.14038 0.0145867 4.26241
-35.2027 5.72556 7.53455 0.864123 10.7411 21.3599 31.6102 18.8658 6.13833 3.62968 0.0168245 8.02777
-36.1697 5.46859 1.14182 3.31322 11.3746 26.9668 17.407 10.9772 38.3667 7.76786 0.0165817 8.15474
-68.9814 13.9176 11.9675 4.05915 29.3982 12.5423 13.1409 13.5468 6.20432 13.2139 0.0511254 9.05225
-21.1309 24.0949 5.33727 20.0717 8.12404 3.23489 9.62731 0.96098 5.0619 13.4984 0.00298902 7.52892
-10.698 4.50877 5.59354 7.85283 20.574 2.23454 18.088 3.8431 0.225242 21.6327 3.91829e-05 4.97982
-50.6223 5.58826 4.35465 4.00054 3.18713 4.91607 17.033 3.8431 1.57325 26.9892 0.0668009 4.95177
-34.9502 8.02892 22.5142 2.02542 3.06013 9.75545 13.4175 18.7215 9.08286 9.85535 0.025721 6.40121
-17.469 7.78889 6.71252 0.791474 7.59217 4.5915 13.1825 12.3961 4.33653 5.66237 0.00984815 3.00771
13.3765 17.045 10.6072 2.40933 0.944965 6.7064 10.2411 4.43557 13.8993 34.4199 0.0896654 9.05521
-23.9474 1.48908 15.984 6.68511 0.853662 6.05148 2.36183 22.4999 12.9253 6.77878 0.0775896 6.17615
-7.92121 0.885657 12.7019 2.31157 15.0856 14.4027 2.69172 10.2904 18.8923 7.47272 0.0698188 6.75158
-72.4339 0.570326 10.8417 1.68782 26.3073 26.1219 12.4901 7.2986 5.38294 4.46172 0.0292442 7.99097
46.5329 2.33055 2.72913 1.22474 19.6918 5.10098 8.2828 2.81745 28.6443 26.8332 0.0260803 7.55567
-61.4256 16.1951 2.34856 0.376576 20.5253 6.62805 22.0771 6.42679 15.2583 7.13086 0.0113439 6.36099
-46.5953 5.64621 12.9652 0.470859 23.8539 12.1897 2.77269 3.86866 5.20054 9.94432 0.00509682 4.75051
-26.1794 7.07236 2.81888 0.907791 15.2655 6.4172 1.12332 12.3332 5.28603 15.3772 0.00137836 2.83005
-58.3768 6.72125 14.0342 10.0455 1.53091 24.3541 3.23581 7.95505 7.87723 29.3336 0.0017799 5.37908
-21.7948 8.59127 18.0139 25.7693 5.19523 29.9309 11.9351 4.40248 19.9523 12.3141 0.000244895 11.2921
31.4175 0.459046 7.62788 1.30782 29.0596 5.62587 11.2927 8.73687 14.1911 4.25724 0.00017875 5.68292
-39.458 4.22706 7.09737 5.9797 2.24982 6.20423 6.83016 5.95277 7.49263 20.786 0.00332122 1.84815
-64.5125 10.926 6.36712 23.0143 3.03127 6.28129 10.8426 3.86252 9.26803 2.78342 0.03508 4.96857
-47.8862 2.74061 3.01426 14.5511 14.5303 15.9967 12.6743 7.99586 3.56161 6.91828 0.0265478 5.12352
-58.5266 10.2144 3.90813 24.5673 0.39861 4.28649 4.15493 20.7642 42.6924 18.8989 0.0411075 9.64809
-12.1764 4.24387 9.22186 9.48928 4.57646 3.11935 21.5451 25.446 27.2463 7.56631 0.0728353 8.28494
-35.9287 3.24493 8.09203 22.0633 2.80652 6.04012 30.8797 32.3538 3.42024 21.5591 0.099676 11.7465
-71.6954 2.82195 4.20648 14.6866 5.4045 8.05441 2.63029 12.4011 3.14049 7.19015 0.0847052 4.23942
-50.334 9.28734 10.5302 1.36041 2.31277 17.5825 9.6841 19.0486 6.82282 11.1414 0.0138042 4.64025
-70.4003 9.00155 10.6762 6.73494 15.5468 12.9888 13.166 10.7377 10.1265 16.4324 0.00134979 4.25187
-64.3405 12.0504 18.3432 6.19588 1.86152 24.4823 19.8165 4.81334 7.24341 7.22589 0.17226 9.58592
-56.3489 8.13688 26.4955 9.28503 8.03781 7.51521 22.2948 7.95331 15.7833 4.05747 0.337932 11.8957
-63.7452 10.1074 24.0539 5.6192 9.43044 3.10256 26.5446 8.70172 12.0867 4.72361 0.0426905 7.81046
-61.5674 10.3725 14.1963 0.856718 4.56103 5.21905 2.97021 9.9427 28.7876 15.6403 0.15543 7.30439
1.91219 8.63999 15.8279 13.73 3.95948 5.75508 2.54579 17.6236 18.4089 16.115 0.0205929 7.25717
-4.31921 11.1834 1.58988 2.80844 3.36191 2.04913 5.03979 0.8693 10.5102 24.226 0.127954 6.11597
-62.1929 25.2715 0.159564 2.35438 9.85178 4.22448 12.617 1.03128 15.6854 32.4206 0.1039 9.54054
-66.7441 51.1954 2.89704 4.41617 21.284 2.64044 0.591756 2.25082 16.7514 14.8247 0.0793691 14.3515
12.1711 11.7791 3.38553 3.49818 11.2011 2.84401 15.8568 4.63465 8.86882 5.62661 0.00495005 3.6284
-51.308 7.33401 13.6645 10.9045 6.34155 5.43 9.50188 6.81957 8.72917 5.51516 0.0150182 3.25458
-28.5389 17.9831 9.7338 7.84796 14.5352 16.4091 14.5271 6.62605 2.6031 4.60994 0.0150182 7.48704
-56.239 1.54522 6.4186 8.3498 13.2707 15.8332 7.52686 5.44333 4.81513 15.5406 0.00184365 2.94678
-36.9157 4.7114 16.7735 0.505684 36.1344 11.0748 3.44002 7.25178 22.2059 25.3048 0.0185951 10.2294
-27.2424 7.48197 11.4666 0.422945 14.73 2.81281 4.50433 14.1526 12.5109 14.8568 0.0760995 6.25183
-62.7979 3.43358 7.14152 9.13572 2.80364 6.76676 8.36718 22.3774 19.9468 4.369 0.0128191 3.81038
-60.5636 7.07308 3.50568 6.04398 1.91859 3.36265 13.5411 4.68153 2.83539 18.7907 0.00946832 2.53793
-68.8105 12.1588 4.04442 3.40635 1.60657 6.58547 12.2751 23.435 16.9931 21.2805 0.0129984 5.01405
-71.8737 10.515 0.63279 5.25279 8.55164 11.159 6.64795 4.49727 21.6297 12.1183 0.00910406 3.58594
10.5038 3.07566 8.46548 13.0116 9.60125 9.92369 3.67299 19.4369 12.9312 3.4525 0.00316005 4.5616
-23.6765 4.35448 6.46714 13.2106 1.40998 3.51511 17.1985 1.72841 3.32292 2.62716 0.00494229 3.00527
-36.4213 4.19438 3.35513 13.1994 6.88669 13.1931 2.49271 1.17946 3.32292 36.5 0.169136 7.81661
-44.9642 4.26405 6.74983 15.3556 6.61847 6.7529 11.1422 3.13431 1.17369 9.81243 0.107897 5.25361
-46.5163 7.07849 4.36818 31.644 5.05155 17.9626 0.271199 15.9284 19.0138 3.56726 0.0139746 8.63069
-47.748 16.4681 4.09502 19.9756 5.05155 17.9626 8.68929 3.11714 19.0138 3.56726 0.0139746 6.67619
-7.90101 3.27322 4.19274 14.8552 4.44134 6.25004 6.69835 6.56033 59.2761 2.47067 0.0397458 7.71259
-65.7828 4.48336 21.0196 0.239477 10.9082 9.89661 15.2359 9.73972 10.1293 14.0186 0.0456832 6.83424
-69.0948 18.5197 24.1307 9.76872 11.1059 8.36652 3.58033 2.62321 12.6803 5.07972 0.00844889 6.98302
-61.0581 2.25386 7.65313 4.68104 12.9132 26.3259 15.0347 1.21836 32.9531 15.7519 0.00976557 7.41335
-35.1313 7.9556 6.28355 2.72432 9.57583 3.90825 1.3574 2.0861 14.2288 5.57024 0.0248876 2.95303
-74.811 8.2944 5.95636 15.2543 3.1128 3.19319 2.26513 16.1128 22.1874 20.9267 0.337109 9.22339
-57.1522 5.92253 5.58117 2.60573 3.76658 5.01314 1.66469 13.4319 22.2648 0.67348 0.198158 6.45662
-74.8042 7.68559 22.5658 6.80602 18.2548 6.35913 2.28839 10.5069 22.0584 3.22585 0.169859 8.86348
-36.1217 9.40406 12.5986 2.59651 11.3031 19.8283 4.11299 12.8154 21.3441 4.94425 0.1492 8.25552
-73.7155 8.82547 10.5559 2.42151 7.64746 23.3406 4.39552 15.4415 43.0615 3.74698 0.00551366 6.56866
-32.0364 5.99164 6.32291 7.87465 10.7651 10.9167 5.39253 6.44777 30.0084 4.48352 0.0101533 4.03531
-68.0532 14.1244 1.55495 10.5322 3.90388 21.6164 7.91156 3.80363 11.9285 3.16039 0.015864 4.41101
-68.0532 5.21082 8.81788 17.2597 3.06174 5.54351 11.8385 15.127 2.93658 0.943274 0.0848582 5.6822
-48.0582 8.35032 8.47427 19.4901 9.80462 6.96882 10.0977 3.50315 10.5118 16.4415 0.323026 9.22438
-26.2228 14.5031 4.48833 7.06028 4.71552 3.22924 13.1438 1.51465 8.8634 21.7062 0.0915757 5.8888
-54.6661 8.0154 14.2362 9.42469 5.36224 4.29096 16.8965 8.34531 6.32167 6.83601 0.228483 6.96216
-64.2936 4.15419 2.69128 6.7238 6.43387 4.32605 5.50486 18.7714 3.92296 7.30688 0.127737 4.52068
1.22788 3.14998 4.9918 7.686 7.09447 7.58553 6.76577 9.23848 36.5409 6.78882 0.138761 6.94093
-31.4122 0.662266 4.08176 1.66509 8.09896 1.6507 7.10354 0.525524 34.3855 1.59587 0.0563493 6.31489
-53.0329 2.36002 10.3611 5.28002 11.1351 3.89708 22.2241 8.28091 4.89064 4.2758 0.00570148 3.2046
-9.30694 3.4425 8.80584 1.67777 7.37533 11.9996 1.1865 14.4393 7.31496 5.93809 0.0146861 3.38215
-51.5634 1.32589 6.60663 11.8607 7.584 4.31977 18.3974 11.6302 15.3063 22.9503 0.150164 7.55338
-14.1258 3.99389 3.42359 12.6143 8.626 9.01137 29.2658 4.00583 10.6264 7.5309 0.0201512 5.6261
-10.4533 14.1662 2.71048 12.923 9.44027 12.1471 5.35357 9.68924 25.3484 7.68273 0.000843695 5.03217
-30.1032 13.485 3.76626 10.52 4.96967 17.8233 3.36823 19.5819 2.65953 7.18156 0.00143852 4.15828
-69.1952 7.32969 9.29557 9.34842 3.01642 10.5406 15.4807 13.7181 5.39214 20.6993 0.00214647 3.51184
-70.5198 5.69305 13.5619 36.6129 1.50166 6.11137 5.08952 13.5951 32.978 1.425 0.00207659 8.42579
-18.5566 8.74124 13.6711 0.763423 1.50166 4.20717 5.08952 8.96033 34.6414 12.8845 0.00639691 5.13531
-52.0167 16.6568 7.15419 12.6902 9.40689 1.1949 6.85424 7.5935 29.077 15.6171 0.00639691 5.70643
-45.7865 9.74231 8.20962 3.53565 2.17935 20.0614 1.44943 7.4668 11.4823 11.6135 0.0285098 4.31629
-65.2394 5.04717 11.4648 10.2656 9.27565 11.9965 12.1465 0.347274 3.35479 16.7303 0.0285098 5.26953
-33.8867 3.12847 11.2366 0.973864 3.63788 10.3362 21.6929 16.4242 2.92544 18.509 0.0422196 6.10272
25.8249 3.70172 7.22671 7.29805 1.211 8.82678 5.18523 35.8127 2.9682 23.0353 0.00456529 6.17228
38.1856 3.71287 16.3639 3.97851 5.46577 7.23805 3.53466 10.7833 5.56887 1.78793 0.00456529 4.08591
-23.0336 6.02341 22.3193 2.63957 17.7249 10.3332 4.74471 6.86733 3.18954 29.9232 0.10932 9.36213
-65.4887 10.2957 3.4701 7.39796 8.66338 1.00331 13.7158 18.2228 0.736358 17.5596 0.134912 6.927
-48.2498 12.8039 3.14009 17.5838 2.34641 7.49691 23.3877 10.0338 4.65778 8.58713 0.053647 6.4496
-74.0303 2.08302 6.59279 7.03034 20.4368 10.3121 9.01945 13.2513 4.16785 6.50387 0.0293367 4.51629
7.65472 11.2551 3.9299 5.10668 7.84676 11.1145 11.2608 24.3724 1.57903 10.4438 0.00241727 4.9765
37.7045 11.5728 3.16181 5.41021 9.92177 5.52124 13.3074 24.6545 1.7622 4.238 0.0212549 6.75547
-29.7701 4.75794 4.02995 3.64884 27.0394 0.790964 5.0226 14.3151 3.99276 6.37376 0.0180316 4.72393
0.933484 9.5451 5.17409 2.73461 19.0068 5.43501 6.4004 4.93395 4.99215 0.619971 0.00224318 3.56789
-47.1766 9.33315 5.5052 5.71567 8.18378 27.0571 3.75803 6.96288 7.59694 3.93794 0.010449 4.05084
-64.7486 15.4136 5.83869 16.5766 11.6712 3.13633 1.74452 2.60703 18.1795 3.62352 0.0154764 4.84496
-56.9681 15.0261 2.19304 5.25228 13.8158 14.8323 15.1294 2.35345 13.2469 7.49151 0.000753837 3.82182
-16.1343 2.75174 1.75891 11.7149 10.5264 7.88271 11.7226 22.7077 7.17348 18.783 0.000753837 4.09921
13.5369 4.39713 0.346935 15.7652 5.99717 11.264 19.0192 7.86605 4.50042 12.9913 0.00245307 5.16448
-22.6593 6.67572 0.169592 15.4792 8.80168 0.928548 18.463 8.73943 6.21273 12.9913 0.00245307 4.87506
-27.581 8.83487 7.55157 15.3979 13.9472 12.3076 13.6922 1.51744 35.6008 27.0721 0.0125979 9.11354
-45.6983 8.90252 3.42759 16.0523 1.80182 2.63594 2.76919 34.6078 19.1664 4.67616 0.302396 9.95143
-26.0371 4.96049 5.01341 19.677 4.16875 25.0444 14.4791 7.21656 5.31463 24.9749 0.0649592 8.74494
-52.0273 2.18008 1.17171 9.27134 3.75841 5.82439 24.2332 2.48273 6.18711 4.88635 0.00271455 2.76981
10.8863 7.62113 4.45821 3.68973 4.49205 13.0202 18.6922 20.4763 10.9828 40.1518 0.0040278 7.20023
29.2209 7.18075 14.854 13.4139 5.57206 0.916357 7.17897 3.33205 8.69551 7.22056 0.00902609 5.541
-43.0957 6.17363 4.97131 4.5985 8.32201 2.15361 12.9741 31.7926 10.1712 3.33693 0.0114508 4.37289
-31.7954 4.29133 0.949155 7.94064 5.46026 1.6818 20.0427 8.44814 9.77696 9.73126 0.189081 6.37157
-57.329 5.10938 5.48429 19.3699 17.7938 2.46613 13.7999 9.04659 17.5109 1.06494 0.00685029 5.54045
-70.0195 12.2746 0.443201 22.2692 2.01867 0.145515 3.50467 10.8569 3.67261 1.62083 0.00145196 4.71377
-35.9987 7.81059 5.14282 23.2623 5.68581 10.8407 8.52218 12.1112 24.4639 14.8332 0.00145196 5.58905
-1.5121 10.8391 17.2588 18.4051 0.551789 4.74361 10.3152 9.15591 22.027 7.2721 0.00145196 7.38115
-7.19065 2.65858 7.17508 21.4614 9.52292 12.5274 22.7182 10.3409 21.7656 0.721201 0.130567 11.1276
-47.986 2.67266 22.9636 15.1908 8.62899 18.5968 28.9701 3.78573 21.3148 4.1063 0.00797905 10.0115
-36.9635 4.58462 10.3193 9.13288 6.86307 19.6418 14.9017 4.36143 24.2325 2.19751 0.0536654 6.76924
37.1921 8.16549 7.97064 3.11962 1.88956 27.7449 11.2019 8.2497 14.6588 1.58048 0.133863 9.43669
-15.5703 2.68829 2.32379 7.69468 9.2052 0.437523 13.4647 5.31121 16.2417 9.89744 0.0982106 5.53927
-30.3572 8.80969 6.12558 7.38559 7.40241 6.6575 8.03491 5.24828 23.1375 3.16005 0.0770865 4.80326
-31.3014 4.9675 13.9352 5.46396 28.3579 4.52779 2.01664 41.311 24.0265 80.3842 0.0519018 17.2387
-28.4717 15.3789 9.76326 7.49079 1.9647 11.4406 1.67305 5.2128 6.74457 43.254 0.0385082 7.38536
-34.404 0.561036 5.81852 16.4178 2.87688 4.5661 18.0306 8.55451 11.2614 19.1745 0.262312 8.7489
-45.6671 5.35382 1.25761 18.0807 3.83723 7.94261 14.1395 3.61218 12.9609 29.8575 0.0822966 6.90155
-7.48083 5.32404 1.67661 6.1633 6.81406 5.00428 13.2575 2.12362 19.4851 19.0355 0.236757 7.38247
-42.623 8.04165 4.45285 3.96075 15.2194 12.1134 27.9597 10.2831 21.3932 6.31344 0.0314046 7.00755
5.59975 2.29893 3.9728 0.971294 9.82655 0.885157 16.7407 22.3637 8.88045 7.82797 0.186603 7.80123
66.4955 4.22308 0.962674 4.56444 10.1667 10.9828 28.8244 12.9214 18.0236 9.73184 0.0531842 9.26621
59.66 1.03887 1.40262 12.3029 1.89801 3.74538 11.1179 17.8711 34.6078 2.42386 0.1556 9.81165
-0.334032 0.843738 4.11838 13.9985 3.01463 9.6946 6.77088 20.6592 69.6617 20.801 0.0293695 10.8154
14.8576 7.32898 8.9291 16.3259 1.95127 10.8677 2.24836 18.7852 9.84798 1.94935 0.123475 8.1558
60.8478 1.93421 1.74199 4.24552 10.4308 3.11718 3.85186 2.29918 11.1693 28.7362 0.104936 6.81298
-61.7159 5.82769 22.0474 9.83453 1.3924 8.24695 3.6956 3.60546 10.5662 8.17721 0.101006 5.80871
-22.0743 3.62669 3.33199 3.75911 13.2572 13.8093 1.61807 5.33388 7.52413 8.16242 0.020282 3.15557
-20.3988 5.19712 5.31751 4.62451 4.35451 7.56551 4.87351 2.04902 14.7665 11.6203 0.00490135 1.82876
-74.287 5.90129 5.05777 8.95012 9.0335 7.70857 22.7208 0.0233156 7.48534 19.2598 0.0754673 7.66727
-69.2118 4.17312 2.44622 3.59357 15.1167 3.49981 21.3732 10.0171 12.1846 18.4801 0.0606379 5.72365
28.3971 3.25487 1.9757 6.58632 17.78 8.1749 5.66827 18.2803 4.43897 12.8179 0.0567714 6.22188
130.206 8.80927 1.05892 9.31932 6.06557 10.8155 4.66489 8.46805 8.22986 12.9543 0.0053737 8.03213
81.1496 1.17868 0.216844 8.99906 5.81147 21.246 9.98962 3.05581 22.8446 0.786921 0.00710329 8.03505
89.7814 3.68714 13.2375 9.26488 2.91094 9.7073 18.0554 1.49539 7.29318 12.6613 0.00418609 7.62946
49.1785 9.95173 4.03955 14.283 12.3141 2.47451 21.1776 1.22864 49.2216 11.5837 0.00208555 10.302
1.18016 1.16305 2.46829 9.43725 8.96341 12.4541 16.5729 1.14912 11.3452 12.0837 0.00641414 4.31231
10.8717 6.37434 0.651893 7.45085 13.2496 4.67597 16.8323 1.4831 2.54576 10.0709 0.0119821 4.55676
-15.7703 5.57935 6.69371 1.70502 0.66441 5.53359 4.91276 15.4245 28.304 24.8377 0.0319817 5.9816
-68.7101 8.25165 3.32205 3.18299 27.7841 7.17636 4.53138 14.2808 26.9156 13.2144 0.22925 9.41986
-71.888 23.8741 3.17974 3.01617 25.6817 1.5583 3.38426 17.7604 26.8963 31.7997 0.0470805 10.3691
-64.9824 1.32656 9.60136 5.43232 7.55731 1.60439 3.59127 6.40499 27.2527 7.78598 0.0362204 4.23398
-39.8138 13.3481 15.1605 22.5015 0.885913 2.52869 2.47774 0.918427 6.90847 23.9002 0.0422138 8.3911
-58.1711 12.2398 10.9261 5.48654 14.1556 7.43917 21.0963 4.02369 4.97585 1.60218 0.0627196 6.2429
-52.4479 1.32471 8.54793 4.66597 3.87596 15.3603 24.1392 7.14331 3.19892 7.60761 0.00416665 3.68093
-65.8008 1.69107 2.18411 1.01522 15.3155 18.7144 1.47487 1.92636 23.4563 23.7586 0.236683 9.60444
73.0867 2.67326 5.17234 2.97656 18.6383 1.07416 0.278958 4.01625 35.0215 14.2715 0.0810163 9.74518
-11.7699 0.698587 11.7819 1.09395 7.17342 0.156399 17.3876 9.28863 6.11694 30.8938 0.180587 9.46921
-13.3737 3.74426 1.25714 5.02372 3.59134 3.45153 1.70404 10.2691 10.7703 3.84797 0.0912359 3.88191
-58.9523 2.25218 4.44853 14.1558 13.6671 8.44044 4.08306 4.67206 10.0538 52.3949 0.0163258 6.73174
-23.5343 7.50549 16.9675 0.605387 0.439765 0.179591 13.1276 35.4773 11.189 6.47398 0.0174181 8.4723
-15.7946 7.64308 12.6494 9.27194 7.87206 1.10447 6.46434 15.5578 2.01954 7.26328 0.0665133 5.61698
-35.4922 0.927826 11.42 18.7275 9.14678 4.3487 18.28 9.09922 18.4767 7.26328 0.0973056 7.90372
-54.3076 1.69975 7.39756 6.7944 2.36138 19.2606 7.13957 33.0669 3.29362 15.8355 0.266203 9.63345
-66.853 1.66909 3.84561 0.963931 7.14939 15.9812 5.30493 10.3871 1.52045 8.08183 0.0989268 5.04908
-42.0749 1.59093 12.4795 10.1985 5.18004 13.5816 5.00161 25.0553 4.83027 7.66625 0.0977724 6.54687
-2.49291 3.26444 16.739 8.16205 4.63629 21.4118 13.9501 7.33162 16.0155 9.6811 0.0495204 7.77948
-50.079 5.2414 11.026 21.6872 14.1102 4.76226 6.40396 2.42762 24.6249 6.6977 0.0463909 6.95292
-7.03666 16.062 18.2461 10.4401 1.68159 0.488036 6.00551 4.66252 6.81091 3.91462 0.0461052 7.45354
-50.1116 5.53077 4.03693 8.98612 0.825521 3.31297 23.5174 4.57994 3.1399 2.50557 0.0390872 4.22121
-27.7305 5.87246 4.91907 8.72251 7.30298 19.2399 34.0614 1.17342 59.3179 0.98804 0.0745421 12.8829
-70.0212 9.65928 2.32316 1.35726 11.5185 24.6174 14.0113 0.591296 6.04571 10.3073 0.233934 8.64719
-46.1536 13.8837 9.81205 2.85932 2.98018 17.3559 14.392 4.89888 10.4685 3.85497 0.0864276 5.98298
-67.8986 19.3676 0.192278 2.43512 7.16991 7.85967 26.6054 11.1555 9.00003 39.0619 0.188946 11.2414
29.2663 11.3535 5.0317 4.834 2.19086 8.10283 11.8486 6.97392 24.0552 2.87776 0.0706098 6.43272
14.6977 19.2323 2.45631 9.47882 1.01382 0.744337 0.947052 5.39571 9.3012 5.64441 0.0987901 7.18211
-48.5905 13.3389 7.86475 6.49694 3.42644 1.98173 6.64519 17.2832 27.6347 7.56723 0.36704 9.24434
-51.8272 32.9666 2.07059 24.6144 6.15715 14.927 23.4119 2.41982 4.80758 1.24336 0.0490216 13.5099
-63.8837 36.3188 2.19121 5.81361 0.872597 24.9546 9.99924 2.94779 11.2516 1.95114 0.0696541 10.1323
23.4723 0.123433 2.71142 3.64646 23.5041 6.11474 12.0371 5.29972 10.4932 7.7732 0.074528 7.30363
70.6246 2.38659 2.55024 1.27093 0.198511 12.7678 0.344376 5.81179 5.93514 26.3896 0.111183 8.54544
-28.0398 7.42375 9.19932 2.90428 0.198511 21.5581 5.54004 15.4098 8.87266 34.622 0.0177991 7.23258
-39.8146 2.49713 14.7315 3.76292 5.67644 8.43968 4.29458 3.33232 6.76016 0.152663 0.11322 5.57635
-42.0964 12.3177 6.33952 3.7432 11.726 7.10788 3.49332 6.26192 12.2844 12.2386 0.135802 5.35373
0.256697 8.76847 8.08145 11.0342 35.565 4.42356 2.27577 2.0861 22.1781 13.3927 0.0609327 10.4213
-66.3045 8.61526 22.101 7.11736 9.92241 4.7441 2.35005 16.8709 16.8983 13.3151 0.140188 7.93383
-41.0708 9.48054 0.789409 2.95038 1.42864 9.02622 17.7697 4.87374 3.95082 37.0684 0.223773 8.65204
-19.6101 10.0918 1.88719 7.86578 22.63 13.3382 5.12332 18.3366 10.0864 4.72851 0.202781 9.2422
-40.3483 5.66752 8.5443 2.91578 8.89462 19.1098 13.7365 33.7878 12.3702 4.8913 0.0932891 8.47772
-56.0088 3.47683 1.74404 2.93312 7.02929 6.78207 16.0883 40.7681 11.1328 9.57324 0.0110268 5.73733
-29.0556 5.26629 5.28587 2.65232 9.29931 5.95232 6.61229 43.1041 14.3172 19.6096 0.0523202 7.44825
63.4973 11.7316 3.6822 4.13992 16.9546 6.65218 9.1681 5.00385 25.5296 26.4748 0.0563344 9.89426
52.8236 3.47607 2.82502 1.64909 3.04422 12.7542 13.0484 13.4635 12.9334 12.3167 0.033436 5.47677
-58.6115 6.69678 5.41709 4.72569 5.50512 10.4196 15.6516 12.5143 11.5491 6.61577 0.00644797 2.67042
-45.7924 13.071 2.57253 5.66569 11.6442 2.56969 20.9159 37.8908 1.69897 14.6452 0.00324065 6.88419
24.0808 5.35667 18.7237 2.39495 1.94747 2.56969 24.3138 20.4323 7.20403 19.4981 0.00420915 7.46763
-71.1308 6.62226 1.19506 3.42966 16.3259 10.7221 30.6874 5.14483 7.75356 14.3119 0.0255747 6.13193
-56.7158 3.48528 1.34161 4.79185 3.26991 4.59731 13.2123 15.1183 28.9443 7.89285 0.00735947 3.84768
-59.4246 5.34635 11.2315 5.77303 23.5967 3.79116 3.42375 4.48113 9.11795 14.8092 0.00293854 3.44417
-9.7322 4.4587 1.26886 19.5769 4.82064 20.7913 3.19599 3.50139 16.3292 33.244 0.00569452 6.8372
10.4968 10.0399 3.03004 24.0729 10.2561 3.8446 3.49892 8.84404 3.95374 17.7061 0.0740978 7.96331
-5.4648 5.60972 1.57677 11.7082 13.0411 10.2283 4.17076 8.96517 20.0784 3.95062 0.0645194 5.71657
-48.4222 15.9526 6.79646 17.2536 0.392102 9.76321 0.196023 4.97933 29.8255 1.36492 0.00749599 7.34877
-69.9373 5.58263 3.65158 7.28068 3.85611 4.73196 9.37602 5.21656 10.3237 7.96173 0.268755 5.484
-29.9271 28.2452 2.8587 3.65126 0.422744 2.37805 3.77261 7.50363 3.52934 7.84391 0.269114 8.28148
-70.7509 16.6457 0.290182 5.48918 17.1813 9.5255 7.79493 14.3861 1.79577 5.86235 0.521069 11.23
29.6162 4.97763 1.99553 8.71545 21.1408 7.33753 9.28495 18.293 1.15851 8.52289 0.306126 10.7586
-70.7686 5.79987 7.55732 13.1474 21.7036 10.4784 13.3219 9.12226 7.62687 24.1664 0.0015054 5.39065
9.31644 4.48994 2.03543 2.69075 5.86877 2.56874 24.5266 1.56453 1.45404 21.4634 0.000924488 3.75843
-56.8092 17.2632 11.7625 7.52625 3.10455 4.91462 7.74006 18.7005 40.8242 12.7247 0.00212872 6.38998
-6.52299 4.37747 8.52197 7.81928 8.55062 9.5268 6.94313 23.9088 19.7966 1.06104 0.00666191 5.09916
-62.2181 3.98602 0.271306 3.09184 12.9721 16.3752 6.23716 4.24069 39.2586 1.94656 0.00234058 5.3779
-47.9466 1.6695 1.99566 6.0383 17.0215 10.9047 6.50682 27.7896 46.8948 5.94646 0.000740139 6.77562
-17.9572 2.21159 2.13931 3.00582 7.21349 6.44652 4.92579 2.56294 14.0889 8.47467 0.0106768 2.08134
-27.5888 1.40642 1.04909 17.6158 2.69477 4.26749 9.74234 14.3673 11.1678 37.1433 0.00453635 5.56441
-31.8227 1.6822 2.92127 13.1462 1.87401 4.37084 6.86264 31.5105 22.5114 39.3234 0.000103378 6.2333
-34.1414 10.5256 10.8111 5.33413 3.20411 3.67666 27.1516 9.68294 25.6477 8.24155 0.0058814 5.51695
-52.2391 17.6416 2.16174 2.38506 6.41612 2.24357 16.4321 8.02067 30.0512 9.17185 0.0058814 4.73072
-55.6696 7.41753 9.17656 7.33733 7.37553 11.0106 9.5171 14.7217 7.04642 5.11723 0.0594462 4.37684
-24.1335 5.61897 0.269392 3.2461 15.5741 13.5703 1.71897 38.182 13.2278 14.2503 0.0161814 7.69298
-59.4588 4.14791 3.3843 10.2357 6.55789 9.99488 10.2396 22.7953 10.8415 8.6281 0.0898145 5.49286
-34.8194 20.325 5.28987 17.0141 1.54362 13.0734 2.96754 7.059 8.6731 60.7184 0.19979 12.8479
18.3914 4.34056 3.93537 17.0502 3.29456 19.9715 4.21953 2.79786 18.29 8.73128 0.12819 7.93254
7.86643 2.14024 4.75946 4.54879 0.825489 24.6562 8.78617 7.42437 15.289 11.6259 0.151061 7.49652
23.4038 3.64879 10.4037 4.31259 18.4115 28.6871 2.49591 2.53729 2.10442 10.0365 0.110236 9.65218
53.7556 7.98633 12.2823 2.03769 13.9402 34.5319 2.35817 11.7451 8.44607 9.87612 0.109363 12.5695
16.7922 8.61695 14.2323 5.47343 20.8469 37.5327 4.3093 21.8976 8.21618 6.73798 0.0207668 13.2857
-27.462 0.20437 16.7398 12.2199 17.9904 13.3463 4.99239 19.4832 19.7892 8.78585 0.00362024 8.01592
-14.3924 1.79172 16.2218 6.06253 1.19202 5.47508 3.30278 10.9877 5.18074 12.4158 0.0206337 3.79051
-49.5889 7.93572 21.0051 1.76328 1.19202 11.7194 3.0667 7.85941 0.771466 25.1138 0.0206337 5.93968
-38.4236 4.08835 1.22375 2.34523 8.42151 17.7431 0.326248 31.1015 11.8072 30.351 0.00260731 6.76331
-39.6733 9.2676 14.5361 4.26789 12.542 30.9457 9.41029 46.5726 13.0093 45.6014 0.000194628 13.4745
30.5736 0.757563 9.41145 5.03606 4.03805 6.42615 9.42039 21.3417 26.001 3.26946 0.0162079 5.81013
-13.9814 4.1272 6.50197 1.83557 11.5698 21.6529 4.50866 14.6713 8.65839 3.15949 0.00493955 3.99414
-72.071 6.19938 5.97666 9.19207 18.637 3.31568 3.87002 17.9865 7.17305 2.252 0.00026637 2.40713
-52.6907 1.36116 9.9979 19.3447 7.40639 0.914078 20.6143 39.7931 43.7441 26.2235 0.00557266 12.0169
-45.5812 0.256572 15.6105 7.48332 31.3153 9.9304 5.49247 24.7413 6.65693 5.30611 0.00274958 8.0818
-48.415 0.340965 3.90347 7.8246 9.43649 4.34574 10.3942 15.323 10.7191 5.30611 0.00274958 2.812
-71.6296 4.21621 4.56349 13.2609 16.3254 13.9294 3.88532 12.9107 3.90114 14.8873 0.0129042 4.42938
49.1739 6.58574 6.13744 6.39143 23.1315 7.53508 18.426 5.62478 11.7711 27.3474 0.0119693 9.03287
-57.1651 9.78241 3.3154 0.920357 12.0378 6.56208 6.53973 13.9947 6.32547 1.85785 0.0248764 3.46683
-66.6202 8.26127 16.7278 14.1953 6.5801 16.5652 12.8965 11.8194 15.4311 6.23733 0.0199863 6.61587
0.202182 2.42866 7.36401 2.04553 1.84622 9.78011 6.69825 12.9873 4.18499 1.57453 0.124246 5.02386
-38.6748 9.82188 2.4191 0.385598 3.89035 19.6097 6.13434 37.8066 16.05 2.82482 0.0466357 7.97552
-8.95486 2.3627 14.3096 3.88017 7.85847 6.45761 1.78888 18.7789 16.472 33.3902 0.275286 10.1717
-73.0551 11.6488 19.7017 1.23878 5.27955 5.36526 3.91328 15.7432 14.0889 35.4549 0.0522308 7.39336
-61.7441 23.3801 6.99543 4.89177 7.34526 7.47966 1.85344 14.5879 14.6488 28.2094 0.0127416 6.24735
-43.12 24.3735 0.986973 7.91957 5.24357 7.22376 5.30522 9.74738 9.16242 1.25625 0.0127416 4.8799
-54.9339 6.10194 5.85919 7.88035 9.57315 3.47046 11.9172 8.83043 10.9397 12.8883 0.0225043 3.15842
-46.1004 10.6987 8.83806 1.20936 14.6851 2.15966 16.2068 29.2095 26.4176 26.8687 0.00246545 7.82557
-20.5185 6.17722 11.0559 8.77127 9.94586 0.889766 9.06993 6.02618 23.807 52.0193 0.0179342 8.17737
-65.9566 3.06211 12.1937 9.08207 9.40496 13.965 3.04895 6.58726 12.9471 60.3096 0.00318737 6.96703
-65.1423 9.23015 5.70255 26.1556 8.05144 11.6075 29.0378 2.18006 5.70581 10.6599 0.0106802 7.68972
-46.3835 8.96929 4.5176 7.47411 2.27577 7.61634 23.3511 10.9821 6.87888 2.71711 0.0206428 4.02856
-68.2596 1.80168 0.856865 5.20189 7.81825 3.52524 21.9291 3.40363 17.9493 16.3771 0.000243007 3.19516
-50.7976 0.661879 3.9328 10.1627 7.72863 7.7298 2.73755 27.3229 31.1654 14.7341 0.00103264 5.17605
-52.0401 6.4151 3.3197 8.30908 10.2738 6.34964 9.51385 16.2224 36.0689 11.1318 0.00223064 4.3521
-62.0087 7.71269 14.0662 8.30408 10.1957 3.7382 16.0433 10.2179 18.2091 10.6662 0.0163517 4.86357
-70.1885 2.24371 7.94418 10.5547 9.31457 7.31552 14.8494 21.2249 30.745 15.339 0.0666868 7.58346
93.5127 2.64642 0.0596181 3.70108 2.96643 12.824 4.79603 19.9505 13.1279 14.9875 0.056387 8.64873
-71.5279 1.64422 0.443014 12.7085 11.0127 10.2104 3.35823 12.4938 10.8551 13.5206 0.00163461 3.402
-25.0924 7.73667 7.16601 14.1863 0.185765 14.3953 28.1009 14.1043 0.13365 39.5121 0.00191057 10.4273
-69.4093 8.66011 7.23405 33.7135 4.53299 18.273 14.574 9.50544 1.4332 21.6776 0.000405237 8.00102
-69.4093 7.1831 5.39206 7.57051 7.28032 21.7791 5.74637 11.3518 12.1751 16.0762 0.0378134 4.96515
11.4712 10.3184 1.93903 1.78892 2.60238 21.6582 22.4296 12.4383 19.0952 21.6897 0.0335658 8.59211
-70.0373 6.43086 10.0416 14.1347 13.1837 13.0799 16.8955 13.5669 44.0057 3.77009 0.0175115 8.5111
-55.452 1.97909 5.12722 6.53375 4.97083 6.4634 3.39424 16.8815 10.8318 47.4972 0.0199755 5.80217
-34.4994 4.49954 3.81266 11.3702 2.26923 1.5654 3.03817 27.3257 7.22453 46.4431 0.000129021 5.21763
-50.1999 2.30191 21.344 1.004 0.34004 2.41973 7.01607 10.5249 7.60384 19.7365 0.112062 6.94627
-22.6513 9.91457 6.32241 4.83238 22.0133 4.74825 3.74714 10.4059 12.755 8.91149 0.187286 7.35355
34.1748 13.2014 17.9757 6.31913 2.10325 1.41361 1.94464 2.82617 15.4482 6.08691 0.127601 8.81493
-74.2754 3.54154 10.2054 8.05668 8.92133 7.89093 1.92712 6.42826 30.1211 5.80734 0.00145784 2.89826
13.7085 7.06176 8.93459 5.93758 23.8895 6.7738 11.9178 22.4174 3.02361 9.82533 0.0457508 8.58145
-32.6885 5.50429 5.78592 11.5604 4.85337 9.63988 1.86255 79.4447 0.997305 19.2068 9.91417e-05 10.0553
12.9536 3.65181 5.39801 17.5158 4.79136 10.4277 4.78745 1.02295 7.18973 19.7821 0.106514 6.85755
-50.5961 11.8148 13.645 4.72073 3.16281 6.52207 6.24358 13.7994 29.073 20.6486 0.000219747 4.19893
-67.1802 8.44245 1.33818 16.9056 7.84816 2.77484 15.2392 19.1257 5.82499 63.5349 0.100169 10.883
-51.9462 0.901644 0.916178 22.2093 2.89711 10.648 5.87281 30.6065 6.59257 12.8793 0.0991851 8.22582
-39.9502 5.43542 3.05784 15.7098 20.4503 7.24266 11.3489 33.0232 15.8242 7.81242 0.0599843 9.06365
-60.1218 9.93758 13.4514 11.6088 18.9242 9.01452 16.4864 20.3674 17.3722 12.6212 0.0484219 9.25827
29.1575 5.26211 9.45274 15.8744 11.0584 27.8267 6.38863 9.76269 8.57151 8.30184 0.0359621 9.61074
-25.3579 2.26358 14.3662 3.48089 14.8969 8.98265 8.07958 14.5116 18.4532 18.3545 0.0070618 5.26972
-26.4165 0.752066 9.4569 2.87779 22.8372 11.4746 5.21528 34.5031 14.5917 5.43008 0.0799485 9.15747
-28.4618 4.35041 3.03168 4.88939 19.0315 18.587 1.21721 29.659 6.10971 10.8289 0.107083 8.45647
4.30206 16.8672 4.19983 4.71966 12.4939 8.34141 8.63273 4.63918 13.1209 12.8789 0.23151 8.44558
-70.8954 1.59909 15.0658 4.31028 5.68497 7.05524 8.74364 41.7633 4.07825 14.3427 0.0236997 6.49917
-71.6741 24.8664 16.2627 2.78054 3.61118 9.90838 6.3625 58.5343 8.03608 7.55544 0.030546 11.5974
-71.6844 22.1884 11.1898 0.212229 10.5919 2.54699 3.39806 30.7323 10.9187 8.95478 0.0264659 7.6714
-20.4035 16.6012 4.96592 2.45883 2.01334 1.24463 0.290746 27.5885 1.93186 1.54358 0.0498368 6.91839
-26.1498 8.09457 2.74701 4.24527 21.0751 13.272 2.15725 7.3038 14.798 13.4597 0.102541 6.65966
-55.6531 3.71483 1.35449 2.2763 14.3016 7.98162 32.4733 10.1664 6.66543 6.26334 0.174951 8.02009
34.6679 4.30728 1.13089 6.84543 3.39889 6.90707 28.6059 1.61229 11.2379 13.1851 0.0538955 6.65122
-50.0676 4.40763 10.3226 1.94501 8.83899 2.91593 23.5121 5.20284 9.91982 0.0823017 0.0174979 5.28264
-69.3191 4.43092 7.12268 4.08687 15.0906 25.7631 12.9308 18.3588 8.83856 12.3064 0.0119526 6.15131
-63.7962 3.83485 17.5187 12.6233 33.5052 8.81104 3.47957 1.61429 17.53 5.07415 0.0506305 9.23213
-29.6091 3.72108 14.0518 1.38328 20.9422 0.877856 5.0257 11.4398 22.1659 1.87524 0.0206791 5.97539
-23.0596 4.8981 15.3199 2.28091 14.5915 2.92694 2.51111 14.9988 37.9583 22.0807 0.0206791 7.51716
-58.2321 16.4483 4.73998 9.55134 5.04202 8.05293 11.0295 14.7068 49.1945 25.9748 0.18574 11.2578
-70.5035 24.207 7.18352 0.431177 20.2128 7.90967 10.6729 7.60965 14.8364 18.4694 0.312409 11.2121
-10.6159 13.1046 8.15516 1.7439 4.20678 13.3665 8.14897 6.33407 10.0769 50.5338 0.0264643 7.67752
-58.0025 10.8663 20.1848 6.26114 3.07962 0.1916 4.99858 8.2486 2.624 65.1471 0.0108029 9.17642
-68.8428 3.67558 46.5037 7.68296 17.5363 1.47498 12.9805 8.30377 16.2187 0.792438 0.0228014 12.1466
-55.1224 14.0752 24.0797 23.9874 6.69747 10.8621 4.11002 5.29598 37.0482 10.0379 0.200046 14.2484
25.1847 0.82076 4.02969 15.4605 21.2158 4.16535 3.4733 20.0083 5.15692 16.5288 0.142323 9.64532
49.5092 1.04163 5.03756 8.19087 18.505 22.3362 14.2349 29.8054 14.2384 17.217 0.126851 13.8505
-60.9065 3.55483 29.5644 6.95109 9.22596 8.54324 10.7401 6.75953 25.7228 8.72548 0.120196 8.96951
-25.675 8.96345 10.5492 8.20262 3.36199 4.61739 6.50023 32.6844 13.6008 16.7765 0.110519 7.80211
27.7123 5.27243 5.49435 1.81136 0.764375 8.40384 9.26287 9.13531 14.2336 14.3657 0.0212357 4.26563
17.803 2.12889 2.78267 10.7638 6.88255 14.3435 9.90929 17.5007 6.96894 14.6571 0.0539735 6.11251
-64.6669 7.73867 10.377 11.2087 8.36044 2.157 13.8944 0.68052 5.85354 13.0392 0.0108158 3.77304
-57.0676 7.13825 12.0686 15.8251 8.33834 5.05189 11.5742 3.06662 4.18969 14.7091 0.0186327 4.39492
-61.4421 6.11125 9.75123 0.400897 16.3607 5.35908 7.07139 3.8352 4.01836 16.2001 0.00436871 3.19551
-71.4026 10.4686 35.5861 1.15133 8.76442 2.32985 5.77958 20.3187 4.95465 9.61495 0.0672949 8.90846
-68.5341 4.22983 5.16048 27.5768 8.14464 4.29452 3.06556 0.854128 9.02546 19.6295 0.00784628 4.87374
-56.0122 0.271782 1.6916 8.49603 16.488 3.47055 2.6238 9.25074 12.5472 2.78776 0.00174231 3.11376
-61.904 2.95302 13.727 12.4783 6.77172 10.3089 1.63574 10.3606 17.2664 6.0756 0.018237 4.1868
28.5125 3.27092 5.68326 9.90443 1.52219 9.44378 22.634 9.77452 10.4611 20.5428 0.0777443 7.50205
-58.9882 6.22472 17.5016 3.67069 1.21971 46.7949 12.5939 6.71808 3.56377 5.66453 0.0675035 9.99136
-57.5694 3.22692 15.3975 0.219027 17.4039 4.6196 12.7344 5.85211 5.42779 5.17037 0.0189691 4.81318
-58.4321 3.57662 6.02788 2.96646 10.3539 3.65727 12.0578 5.78025 11.4303 2.71714 0.0113673 2.23164
-51.1118 2.01342 7.08399 1.85798 19.0843 2.98404 16.1293 1.57681 5.8797 9.25694 0.0067346 3.47372
12.4768 1.9578 5.77955 11.9095 4.53263 10.9286 7.73952 4.80403 9.38685 2.31995 0.0279447 3.87228
1.72741 5.49884 2.8358 6.69101 15.3322 13.3183 10.8082 5.60778 42.719 8.69829 0.0386704 7.58189
-70.8359 10.3756 5.38978 5.62978 8.29015 13.3454 9.85025 18.462 28.5819 12.6279 0.00621813 4.91762
-50.15 18.9631 1.61139 19.0246 11.6221 5.2433 9.83846 26.2283 1.43052 10.0743 0.0280155 8.26228
-43.8051 16.0926 3.89038 12.1013 7.01406 1.96706 9.80949 23.2614 3.95631 8.89486 0.024731 5.41044
-46.738 6.92689 6.45481 14.2297 6.7825 6.35747 10.1625 2.61422 7.10569 0.86959 0.0218346 3.59454
-58.6889 3.76501 11.08 9.08279 21.8056 7.98116 22.6083 30.4053 4.8361 14.8468 0.0301086 9.14104
-48.3574 6.70471 13.7844 6.54103 10.7257 13.9459 11.7885 22.7637 0.730632 1.91217 0.00351212 5.54372
-70.5563 7.74287 9.5597 17.2414 7.6748 3.81331 0.43842 7.87915 5.90242 18.1807 0.00275085 3.63642
6.83504 13.2909 1.51851 0.667775 5.99538 7.18027 4.53495 10.8362 20.588 7.73024 0.0029323 3.80589
-40.7797 5.07047 9.48946 4.59363 21.2042 1.7701 5.90459 13.8101 22.705 10.7673 0.0128827 5.03965
-14.7942 13.1952 2.14725 5.39213 12.8336 5.97133 22.8446 7.30822 13.4052 6.12024 0.0744289 6.72825
18.6127 2.78861 0.964661 5.90332 13.3725 9.08166 7.11515 4.271 3.1876 3.8354 0.106535 5.18779
27.3316 1.3372 18.3979 13.0986 9.70936 9.23792 8.60753 0.88948 10.737 8.96147 0.00276049 6.35331
23.0125 5.11521 11.6652 3.9549 9.72789 17.1839 4.4673 27.772 37.3019 11.1732 0.0106092 8.96532
49.4707 10.9767 3.0512 1.82656 1.09772 2.00724 6.90278 19.4 16.4331 3.63652 0.00949663 5.14699
7.42907 8.11953 9.46746 4.94031 1.09772 2.35455 18.3997 12.4558 5.13009 1.07671 0.0119774 4.63164
31.1034 4.82876 7.87802 3.00187 2.20411 12.3016 3.65719 20.9091 23.482 5.27856 0.0521991 6.34038
15.0049 4.84964 8.13015 1.67256 6.0261 1.54325 8.89265 17.0874 11.4181 11.2072 0.220597 7.08644
-61.4124 3.30562 7.36193 7.83093 2.78912 14.6304 18.0735 7.74738 30.643 6.47506 0.255284 8.72948
-50.3964 4.25626 6.72856 1.96525 5.28328 18.4245 18.8288 11.3979 18.6253 8.772 0.0561971 5.88995
-28.7817 3.97871 9.58238 20.3262 5.9509 3.31236 9.87843 34.0524 22.3732 1.59517 0.136286 10.1748
-57.3942 3.49076 8.73951 28.621 17.1246 2.54257 4.71208 41.8105 10.0345 3.17745 0.0273374 10.1498
-53.5051 7.90958 1.20122 11.3402 18.2057 8.63107 3.09153 32.6872 15.7319 8.87042 0.0519243 7.59567
-43.4424 9.35631 8.34813 9.84142 9.54524 6.65683 8.39433 30.557 21.8833 38.1529 0.0424064 9.19564
-25.1945 12.6082 6.28825 7.57284 10.6379 8.35208 2.47442 14.3049 24.1155 10.2823 0.0396717 5.87522
57.1861 10.1192 5.41887 11.1342 4.11415 21.5369 10.7177 40.003 1.4478 11.7881 0.0547289 12.7147
-45.7499 2.49677 6.16634 14.6124 6.98963 7.76905 8.10846 8.30923 2.88108 27.016 0.0135483 4.12602
-19.9599 5.81871 0.792683 13.7327 10.4356 5.79978 22.574 5.14214 2.21472 51.3162 0.0135483 8.27169
-43.1548 18.9718 2.67875 8.64235 10.5557 5.98711 33.1315 5.99138 33.2719 7.37724 0.0137827 8.69675
-43.3656 4.00842 4.63843 9.1662 3.46161 7.81839 14.2224 5.12523 3.70437 8.45567 0.00830838 2.07948
-18.4422 1.25436 12.4498 7.73694 5.96664 6.12302 8.16277 15.3824 33.4925 14.3463 0.011222 5.58332
-39.9751 17.7691 6.7527 7.7516 2.55687 46.6526 15.6738 3.6276 64.6164 27.7274 0.0102091 15.9625
-16.2984 7.26037 1.70887 2.99265 2.66408 5.04324 6.17411 15.2111 24.3262 3.15782 0.00437248 2.92514
-36.197 8.22719 3.85154 13.0793 2.73027 2.11818 28.8611 4.23849 17.8211 25.7601 0.128263 8.54116
-43.7248 16.9162 3.29377 20.1764 12.3012 5.54972 31.6529 1.04594 10.5084 52.5232 0.0497668 13.3769
-68.8577 10.9877 28.064 12.11 4.01762 19.0765 44.4034 8.20149 10.3608 25.8362 0.212607 17.6136
-34.3509 4.87488 10.0677 5.50139 2.28006 16.5934 16.4792 10.8137 12.8635 31.08 0.0449331 6.86321
-14.3398 5.86806 1.01796 6.1208 0.784432 12.3487 10.4854 1.56549 5.16591 27.3938 0.00156969 3.64281
-50.0555 3.62292 6.70521 28.7175 12.6944 10.7714 6.22655 11.0759 16.5593 24.2063 0.00156969 6.79901
-4.42127 9.62649 3.67841 0.753914 24.2106 4.21174 18.5109 2.70588 20.5281 4.10591 0.0113744 6.49353
14.735 1.37702 4.15133 11.7237 16.8411 6.55798 17.6035 3.70191 2.46038 0.550448 9.81395e-05 4.32577
56.4404 2.79347 5.54611 1.84346 24.9752 11.0125 4.21999 2.81625 11.7753 15.9757 0.00806729 6.40202
-29.4888 12.1621 1.43361 5.71771 1.92012 15.284 2.14353 3.46875 5.56359 30.0111 0.21357 7.69435
27.9784 3.88457 5.9208 2.97655 11.4468 22.3038 16.9621 5.86545 7.25255 21.7886 0.512101 14.0126
-15.2005 7.60578 7.14237 4.36598 5.31415 14.1414 2.32813 13.6518 3.56951 15.987 0.218924 6.83502
-68.9274 5.73254 6.24942 7.74708 8.17046 4.87462 4.12955 11.9387 10.7832 35.9627 0.0735965 5.63869
-13.4731 0.197743 4.20864 9.39097 26.0201 6.14007 1.76686 12.1979 5.9779 39.6152 0.128098 10.3265
-30.9526 9.01186 2.00411 4.42425 2.31841 18.8605 3.08109 29.0923 42.753 23.9554 0.0232577 8.96344
-42.1475 7.88869 3.69504 10.5393 5.92453 4.41601 1.46185 50.2729 0.940324 7.34643 0.0279672 7.22031
-73.3601 4.93034 6.53073 7.35329 12.8757 6.53601 3.13854 27.2167 24.5393 8.64715 0.0142832 5.03872
-21.7043 1.39339 1.75616 26.9355 17.66 8.10011 5.13393 2.01423 3.12996 29.1513 0.00109086 6.59293
-67.7367 5.62167 15.291 17.2669 11.5887 8.16302 3.33162 3.94976 19.7068 15.709 0.00136414 4.58478
-36.6131 2.61544 7.88107 27.1398 6.27476 12.768 2.24457 7.39234 17.5585 3.60416 0.0158425 5.94088
-68.1786 6.49483 7.22656 12.527 2.13321 20.7226 25.4001 7.96746 3.91654 20.3252 0.084965 8.00572
-62.5462 19.2769 2.08824 22.874 0.667246 2.08744 6.13865 3.71654 11.2431 24.6684 0.0280202 6.98737
-56.3299 11.0927 5.32406 11.6756 1.83073 12.6877 11.7299 2.22752 8.5173 28.31 0.0343469 5.52725
-64.7105 13.3916 20.2225 11.2596 9.28938 21.9372 8.76892 4.05643 15.9204 3.60214 0.0449295 8.68424
-33.2733 9.15174 15.3901 27.9586 3.84565 20.8877 3.02053 2.10135 8.14016 15.8666 0.0986166 10.9685
-17.373 7.67771 18.3906 19.6977 4.8466 5.91064 3.23722 1.69732 12.4423 1.50053 0.0752895 7.85476
17.3979 5.73141 4.69101 6.76073 10.7249 11.2581 2.16943 3.53938 69.5256 18.7838 0.0383174 9.8728
34.8558 7.70775 4.72585 4.73322 4.72634 8.97331 10.2789 1.33934 11.3891 10.0702 0.00837723 3.63264
-37.7266 5.67335 11.875 1.39487 4.66451 4.35327 15.0508 23.0303 22.3338 8.43817 0.00774854 4.80544
-47.2637 12.5739 19.0199 7.29525 0.551036 20.5233 20.3302 6.66579 12.728 17.1196 0.0079239 8.23701
-28.4452 1.95994 6.62209 7.76954 1.3372 12.4312 2.76139 29.242 11.4536 33.9486 0.0040122 5.86382
-13.5427 4.64411 14.2482 12.1195 7.14973 2.48441 15.1135 13.8766 10.426 44.7994 0.0382825 8.70117
16.8957 4.86007 4.04672 20.4625 24.2686 13.1012 11.0733 18.3652 2.28156 9.89962 0.0188141 10.0806
29.1161 4.88173 3.65204 14.0778 18.3221 2.76023 4.56245 30.7114 6.54601 1.26635 0.000180818 6.0923
-26.267 5.09726 8.33869 4.87089 19.1654 2.2597 16.4438 4.80685 1.18799 1.25395 0.000180818 3.2377
-39.2114 8.44233 7.72414 6.05704 14.6447 2.61148 6.2987 9.86632 15.9552 3.23657 0.00745267 3.1353
-34.2885 14.0303 5.03511 6.04962 9.54864 1.01532 14.7707 8.82585 37.0219 3.06136 0.000857996 4.93928
-9.761 12.1828 7.48229 3.37439 14.9679 3.32824 3.04436 5.51869 49.9187 16.1746 0.00541428 6.93704
-4.70482 15.049 1.89095 4.25921 8.21638 6.58654 15.7612 1.23195 36.113 15.5874 0.00145513 5.95295
-20.2981 14.3086 7.8313 23.7838 3.31409 3.14498 20.6067 16.4652 20.6391 2.03823 0.00530682 8.59403
-48.5148 2.82067 19.4852 11.4202 1.4785 4.76084 3.70891 11.7321 13.1762 8.98065 0.00371407 3.53154
-48.3377 2.4201 13.271 6.15264 7.80156 2.68042 9.7659 5.82137 9.6541 13.1516 0.00620928 2.49071
-19.6435 1.00486 3.59215 1.24036 3.04065 7.22209 14.1593 14.9932 15.19 5.03016 0.0232814 3.96703
-5.97775 7.08707 4.29458 5.20433 7.5993 8.41588 4.17755 0.981668 1.9263 11.7191 0.458489 8.3563
-19.9649 6.07642 22.6711 4.50946 4.139 10.2175 7.60206 10.0905 2.48315 6.60902 0.0238012 5.1637
-69.0564 3.62482 18.73 1.64166 13.3215 8.03303 1.10754 10.1768 11.5805 7.11053 0.00366463 3.46554
-47.2241 8.97573 14.0647 2.18453 5.71596 11.1821 25.0916 12.4975 17.5617 6.45174 0.0210019 6.18309
-12.07 6.67991 17.3948 26.8151 10.5271 8.28792 11.6414 4.29759 9.74728 12.9329 0.0120869 9.16239
-17.3868 7.6285 12.793 0.575987 9.84594 2.47185 10.9581 2.15295 7.22859 4.17847 0.0253181 4.16218
-52.9537 12.0265 6.21696 6.90758 10.9277 2.47185 4.93533 10.1286 0.62491 6.33886 0.0980206 4.95678
-54.8961 12.9388 11.4265 25.1659 5.52769 2.16962 24.898 18.3202 17.3794 20.8451 0.0910497 11.8261
-59.278 12.7833 1.3118 3.19366 4.99589 6.93684 5.05377 18.5946 1.74147 28.039 0.0588688 5.6359
-36.2087 1.28487 2.96813 16.4865 6.76952 3.51988 9.0806 9.92501 1.95945 20.2092 0.0866409 5.60654
75.2382 3.5195 3.74745 7.00649 6.81414 3.93143 21.7256 0.0741788 17.4665 2.71867 0.133426 9.69549
-37.4199 17.9661 5.11357 8.76533 19.748 11.071 0.752811 5.69765 8.46031 2.71867 0.133426 8.11545
-64.6795 25.5028 4.18488 8.37996 9.34346 10.7764 14.1117 22.3698 32.5526 10.367 0.0286287 9.43093
8.31717 1.99061 0.581785 11.421 5.61684 12.4957 4.68725 23.2122 41.9825 13.9652 0.14264 10.2931
-11.0072 7.36501 1.08066 9.1888 6.62297 1.48143 3.15296 3.40849 16.6333 14.4404 0.0965823 5.16168
-5.79096 10.02 13.81 3.58646 4.13866 3.07009 22.2275 4.83358 8.65936 6.24349 0.0773648 6.25501
-64.109 7.76191 7.15265 8.43125 1.18316 8.73279 12.458 20.0609 12.7681 1.35955 0.0308548 4.72447
-59.2244 3.92698 6.31746 13.086 2.0621 13.0936 4.95812 39.4522 11.6477 1.80785 0.00817375 5.75486
-11.6716 6.83558 1.03966 28.5893 3.3064 7.41687 6.07976 13.2576 33.8291 38.8232 0.00299922 9.24251
34.4532 9.3994 7.84976 0.308616 2.77188 20.8224 5.67085 8.98668 8.77709 16.0801 0.0167053 6.46006
-37.1206 12.7532 9.22282 4.04614 4.926 5.43986 11.8107 1.49463 4.73026 16.1434 0.0373273 4.21697
-6.81508 5.34774 4.67971 1.51912 4.96909 3.74957 4.37771 2.93649 5.49866 20.5264 0.00332698 1.88992
-38.4932 5.50735 19.4852 3.57777 5.1394 21.0631 21.8593 8.81027 10.6096 2.22693 0.00189176 5.95439
-57.5085 4.93853 18.1135 7.94067 6.27977 5.31337 17.3394 10.6823 11.0227 6.32726 0.00189176 3.45784
12.0729 6.00693 3.24327 3.62941 10.2637 4.54259 0.132622 9.86268 9.93816 4.49704 0.000178299 2.37364
-34.9162 4.99277 1.69929 3.04901 18.1001 13.9458 14.8804 7.33207 14.6461 13.2426 0.000178299 3.47048
-31.9318 4.74015 4.97899 11.0663 8.29144 12.9248 19.2086 20.2771 3.61964 9.11324 0.031713 5.88577
-30.761 2.73562 4.74401 8.00003 15.6466 26.3625 8.54838 12.8233 10.1662 5.48649 0.0287598 6.29489
-67.1853 4.28164 3.13559 3.85685 11.9167 1.63746 8.02005 11.8616 13.8165 10.826 0.141653 5.22262
-22.0862 2.50927 1.83609 1.10477 5.14159 7.05652 11.913 7.38465 35.7615 23.2768 0.0547354 6.57686
-42.2997 9.26858 7.52526 0.862203 5.5106 37.6649 0.573574 11.3291 8.19251 19.2928 0.0289164 7.89093
-9.83211 12.1725 1.34227 3.33081 6.78808 2.52431 1.55778 7.36921 13.9744 10.834 1.97708e-05 1.54615
-47.203 1.34053 3.03098 2.48671 6.20194 4.49313 8.96307 15.0574 7.80283 1.02045 0.0395694 3.62508
-47.6223 3.31957 28.5752 6.75496 9.75472 5.42869 0.428685 27.5147 0.515487 8.63673 0.0856763 9.72776
-33.7396 6.76528 15.2968 1.82545 10.2577 7.32011 10.5296 10.2494 1.46306 2.69026 0.124326 6.10904
-26.1169 6.3694 7.07063 7.65539 8.85286 1.33921 6.99657 4.91166 20.4903 13.0245 0.0139375 3.47491
-45.2536 3.915 13.8533 3.08126 5.10594 11.9671 3.33479 4.53414 18.8948 12.1056 0.0177289 3.57512
-53.6865 4.7116 6.92691 17.4276 1.29359 5.31863 23.6775 6.12782 5.27811 3.12027 0.0216785 4.68247
24.8183 2.47447 12.1402 10.111 5.49534 20.1479 0.942079 2.55411 0.201045 1.17066 0.00910875 6.72516
-60.4466 2.43677 14.0853 10.9496 4.57016 10.1359 8.22327 4.38244 9.85005 8.36068 0.0217511 3.43556
-40.7444 2.33398 6.00744 8.90683 20.676 13.7567 20.9047 7.23181 7.02197 25.4885 0.059651 8.13406
-50.8409 9.83913 5.92295 12.3883 10.0068 12.887 8.11435 5.34121 29.9334 5.62696 0.0954881 6.87596
-71.6851 1.40794 4.04475 11.6111 17.0101 42.9384 13.4261 9.21343 14.6445 14.885 0.0304745 10.2452
-45.428 9.68605 3.60141 4.9151 10.9494 37.9194 33.8413 3.87561 8.2709 23.4012 0.0177888 10.9255
-22.3703 1.8916 9.10232 1.95252 10.2534 29.5391 25.7419 3.3748 6.60502 9.0554 0.111755 9.27631
8.07451 8.03839 21.4031 8.66743 14.198 23.2659 7.44307 4.39517 19.5362 16.8686 0.0137346 10.747
11.1707 2.82406 13.1858 6.08679 4.44534 25.7115 10.4664 6.37532 8.12742 12.0737 0.0612184 7.25078
-6.79914 1.41021 6.72911 7.89931 3.47355 2.16394 10.6964 10.1826 8.65782 2.59777 0.0834019 4.29383
-56.3464 3.23517 3.29749 7.39284 21.0883 3.4269 1.3215 11.1931 5.03024 9.82538 0.000487961 2.23499
-28.0375 3.23936 7.32852 22.1785 17.1098 10.363 12.6726 12.371 18.8131 19.155 0.19959 11.4375
-32.2696 8.97002 15.0153 4.66566 5.52191 8.46195 16.513 7.16347 18.1182 10.2506 0.000315656 3.56465
-25.1003 7.77517 2.89602 6.56087 8.96567 15.3147 2.74584 3.25934 22.7616 5.11248 0.0305004 4.35608
16.9149 2.34499 9.77472 8.51976 9.61265 5.6112 34.866 14.2534 18.964 6.57218 0.000150359 6.54095
-27.6419 8.71883 10.1859 2.91145 9.57355 13.3507 13.0299 21.9618 1.5564 36.7978 0.0031434 6.86868
-73.6019 6.83382 3.42513 4.23024 9.88715 14.473 17.5394 3.43393 39.4352 2.41108 0.0019707 4.87796
-37.4897 6.41428 1.1713 5.98862 5.03868 41.3582 7.44105 1.25825 14.7504 1.32532 0.0664422 8.18045
-57.7614 23.7001 3.4848 7.6951 8.096 8.24838 8.64202 18.2932 29.1811 22.6803 0.101614 9.43317
-60.9832 14.3302 6.26915 14.3438 7.48026 5.93734 20.0493 6.90817 28.3145 15.1489 0.103031 8.41085
-66.0284 11.4787 1.02194 18.5757 7.27129 2.89785 8.28861 9.90478 19.6825 6.84026 0.000701348 3.32737
-72.5202 7.6322 0.360566 9.77596 7.2566 4.61369 8.68531 33.2357 40.677 15.9608 0.000701348 6.82033
-72.4233 2.94706 0.147173 16.5287 5.98219 3.20618 7.0832 11.0922 9.12639 25.2124 0.000701348 3.97453
-69.0378 7.05335 0.674825 21.0188 3.01736 8.57699 23.2706 18.9414 6.5136 13.8317 0.000701348 5.3299
-48.2165 5.01935 3.05564 23.5502 5.90398 10.4925 10.5426 30.3437 13.1322 29.1639 0.000701348 7.05883
-73.796 0.883592 3.25117 23.228 6.4887 4.50722 6.95838 26.0767 3.26068 16.1216 0.0225652 6.01982
-47.8727 10.0069 3.94219 22.3031 1.51414 18.4309 12.8551 1.08902 5.12641 7.40333 0.0708987 7.26684
-44.2889 2.75357 4.28582 7.10396 9.42906 7.51155 35.1048 7.53629 7.89578 14.03 0.0211688 5.63315
-51.5873 1.25733 12.2983 2.50425 15.5656 1.36395 3.2805 1.87134 7.25377 9.88953 0.224689 6.5787
-32.6042 13.6136 13.2948 1.92778 18.5022 14.1823 7.54769 15.7588 15.9901 1.67595 0.00628267 6.99516
-40.0429 14.882 32.5597 0.3246 5.44347 10.9005 1.27701 14.5734 62.0435 14.7243 0.00628267 13.4597
-57.1694 15.5576 9.52148 2.1711 18.2032 12.2971 14.1755 13.0218 36.4258 8.62209 0.0153064 8.19787
-45.563 12.2232 13.7941 0.0818645 12.628 7.29013 6.05238 8.44485 20.2859 21.9486 0.00228824 6.04034
1.61116 1.85876 14.9627 5.20285 13.1891 0.688734 3.92607 0.566113 6.2823 35.4419 0.000150691 5.17308
-46.325 18.4966 13.3069 30.4788 1.81272 6.99964 3.41261 16.9608 6.05975 17.084 4.33815e-05 8.3373
31.512 11.6752 6.64134 5.90564 0.969211 3.48266 2.125 1.22464 7.43126 14.2987 0.0133336 4.47199
10.7522 23.0953 5.19364 9.06086 3.63314 2.89768 0.933715 35.5655 55.9843 6.83888 0.0437778 13.4893
-11.2792 1.09728 2.45206 5.45827 3.56854 6.7735 9.63093 48.9004 5.44799 23.1681 0.128198 9.44423
-2.8872 0.743438 19.5899 11.0387 7.16938 6.4153 6.49796 24.2157 4.84251 12.4348 0.0935651 8.47139
-74.2022 5.16464 25.5154 12.8802 5.19157 5.59561 3.30973 21.5478 2.17308 42.461 0.145456 10.7388
-54.7091 12.2793 23.7042 9.21446 12.1108 4.57591 4.75607 1.53904 11.3288 39.542 0.0568944 9.52295
-68.9284 10.1668 7.85088 8.45198 18.6859 0.330714 12.0573 10.7938 3.7738 42.5354 0.024934 7.79731
-2.59174 13.3818 3.27035 11.67 16.2802 7.35487 10.1018 1.62992 34.2265 4.31094 0.0636164 8.65888
-9.11142 13.306 2.30883 3.30811 10.2339 10.1627 10.1622 15.1745 28.9488 2.36094 0.138475 8.15771
29.2267 5.41462 1.27344 1.52994 28.0813 37.3569 10.1125 6.66962 5.90335 2.87271 0.251262 14.5001
-60.2142 5.95202 6.55732 3.84939 24.9826 15.3944 10.0505 9.53314 5.90335 6.03628 0.0241728 5.28578
-49.4407 5.38148 10.1592 6.78678 11.871 3.43012 9.81928 13.9461 5.70143 11.8768 0.0809401 4.8233
5.72776 9.74989 12.644 4.30398 28.9445 1.48222 6.69985 2.28883 3.09123 1.63497 0.0183012 7.42762
-24.7271 5.34912 7.9455 2.09729 8.28971 3.60621 18.9751 3.43735 8.20996 35.6936 0.019258 5.28407
12.3915 2.44203 4.55614 1.7351 17.3649 0.417506 9.71596 6.14465 9.03485 12.7355 0.00206861 3.46646
2.4797 8.85182 5.81661 8.24014 13.0329 0.142142 4.5861 1.07827 1.90428 21.5263 0.00206861 4.93518
0.165156 2.5414 6.66263 4.29462 2.17527 5.52457 11.9309 1.07827 4.96977 1.47285 0.00121329 1.75378
-43.5154 2.5157 11.7422 1.16556 16.4218 3.01733 17.1708 4.92058 7.36733 2.02159 0.00121329 3.09571
-57.5915 5.42166 20.3785 1.63677 11.7559 3.50171 6.09103 1.83308 22.021 3.66978 0.00219658 3.69897
-37.0785 13.2169 11.1174 3.26762 3.46891 0.492379 4.81675 8.98092 74.273 4.80237 0.044474 9.74983
67.58 3.39365 10.5582 2.70304 8.64922 7.15086 1.36079 3.60489 5.12444 6.73504 0.159117 6.99398
-71.9084 1.34682 32.8265 2.68539 12.3691 24.3978 3.01061 7.08647 3.56345 4.5155 0.245908 11.0822
-46.1946 6.41735 4.55755 6.65647 41.2724 4.90514 4.92869 5.39289 15.6696 15.4967 0.137878 9.45183
-16.9549 8.15528 0.83996 3.60634 18.6917 8.04488 1.71425 8.99021 9.21694 10.1683 0.216242 7.13833
-7.58216 5.40826 7.40852 5.15952 4.10843 1.10535 10.809 21.6479 7.32323 14.228 0.118784 6.04895
-22.314 15.1345 22.3913 2.64243 7.82131 4.29983 0.845363 2.27382 5.17234 3.01992 0.0924428 7.5397
-5.99634 14.1929 7.0396 2.94288 4.75049 10.1801 24.2111 2.56917 12.594 6.9419 0.0479397 6.47268
-55.862 22.6035 3.4719 6.15291 5.09238 5.75576 24.969 1.01888 22.6835 33.3022 0.0335975 8.93105
-72.0159 5.36202 23.1876 2.75749 16.4796 4.2731 13.132 3.08159 15.9799 8.89729 0.000519303 4.17132
23.0683 1.85861 10.1714 2.46685 5.04196 18.2667 13.3668 16.8114 8.31866 5.86495 0.000519303 4.19275
11.1633 15.7417 0.975742 0.936696 21.419 10.5105 31.4457 8.84742 4.22094 2.33655 0.00564081 9.26351
-5.75858 3.58843 5.31154 0.473386 7.8635 19.3679 0.774084 5.88347 4.29818 3.03082 0.00396864 3.3873
-46.195 7.66556 17.1142 0.423429 6.41311 17.4487 9.46859 2.26039 5.21789 9.81782 0.011835 4.81055
-32.8075 17.9989 5.66291 5.80212 6.16065 9.76847 12.4783 4.48501 8.16143 3.42703 0.0724753 5.36615
-59.8005 14.819 4.86196 7.29241 4.56848 7.76368 27.9597 10.0728 7.55876 13.2375 0.149138 7.49545
-9.21772 19.6823 2.81597 6.1801 7.60324 33.7382 20.9614 8.34594 5.25666 1.52784 0.0843145 11.591
-23.5897 8.13777 2.35086 10.3632 3.94782 12.2236 4.29274 29.7354 21.473 34.3389 0.0235004 7.85894
-26.6051 9.79369 12.9902 1.92988 13.4587 9.68171 5.9476 22.388 6.98809 8.35664 0.209834 8.44121
-42.0789 10.8369 8.31018 2.62816 26.1651 15.5112 3.91987 8.57874 4.12341 20.2932 0.275113 10.2451
-68.8984 1.7155 7.84956 22.6894 21.7304 9.72807 12.0607 22.9163 3.67175 28.9856 0.0454988 10.2911
-74.9932 0.30295 12.2365 6.38173 29.6932 3.11074 11.2676 27.3023 9.31102 23.9678 0.0364534 9.57247
-63.3958 2.54438 7.39361 0.864702 4.58077 0.651392 17.8329 22.4877 12.4693 9.00188 0.0167565 4.9355
-71.7836 4.65774 30.8506 3.41187 14.956 5.55806 1.98778 9.50789 30.9208 23.8113 0.0259101 8.78059
-73.0001 5.63129 16.2078 4.84137 16.5971 9.99326 8.34749 17.7498 15.2799 16.4239 0.00551403 5.27085
-74.3959 10.0539 3.24659 8.89685 0.796339 4.00571 8.43395 5.75495 67.4721 12.4989 0.0126797 7.41889
-53.3546 6.44621 2.25436 0.357328 4.91605 9.86828 18.6736 6.54928 12.3521 20.621 0.191449 7.46068
-25.1333 5.55964 3.90314 6.06088 6.24513 9.95676 5.81116 8.66008 1.51756 25.2893 0.049846 4.41641
-70.9541 23.431 3.72784 4.83029 3.32126 16.8994 5.93861 1.78238 8.28046 29.7593 0.0139161 5.82883
-74.4502 5.52474 6.23851 3.46734 37.274 5.89495 10.7049 25.6683 25.5963 2.77201 0.00555253 8.05362
-55.4307 19.7202 3.69704 1.02918 9.10273 6.3865 20.6091 19.4782 5.23366 16.6895 0.0244351 6.56396
-49.9023 6.19353 3.39607 0.24539 9.93581 18.666 28.4484 4.72335 41.2368 8.29802 0.0226848 8.86549
-72.9082 8.43222 20.3422 0.435872 3.93538 3.75041 33.4306 3.26565 14.5622 13.0651 0.0269861 7.33305
-74.3231 6.27575 26.2919 19.7763 0.199111 11.5407 7.10188 14.2635 17.1678 5.10595 0.0719104 9.8438
-43.9198 7.06518 13.148 7.99255 9.66191 5.43896 11.5133 10.1661 46.7713 20.8397 0.00122579 6.39689
-5.92344 7.68413 32.3863 15.6859 6.2 16.6393 4.56382 2.54758 20.5385 3.25828 0.021141 11.7309
-32.7137 5.85074 11.4965 14.7759 22.0367 12.3061 9.88132 4.26208 24.4363 3.60826 0.00151795 6.68898
-41.0452 9.15361 7.57964 8.36063 10.9145 19.0319 0.957311 6.55742 53.5216 22.7029 0.0607634 10.1399
-58.0742 9.12087 2.19521 9.06277 3.58584 16.628 0.565052 35.7106 8.0955 14.5185 0.0908007 7.9679
-29.7162 13.1119 4.24402 1.44464 16.7233 6.94725 3.9705 10.6387 21.4589 32.6663 0.0713403 7.77912
-21.9682 3.74658 3.32445 13.0456 14.0974 19.9268 3.49726 12.8092 48.7003 15.4862 0.0139861 8.68463
-12.2039 3.38215 9.97642 2.04816 29.6752 7.88617 8.65076 13.0274 18.9738 21.7497 0.00837471 7.3442
-46.7317 2.01263 17.111 4.68288 9.04082 5.27234 3.6582 4.24535 16.2741 3.54458 0.0234117 3.59384
-53.7712 1.22677 12.6446 14.2274 7.76106 3.47049 1.3043 19.1571 3.83887 16.0808 0.0308947 5.2823
-23.7883 11.2376 1.77183 4.86749 5.38252 19.4045 0.396574 20.3563 6.41659 21.0331 0.149335 8.39222
-25.7042 1.44524 15.0717 8.18137 8.15736 6.93657 12.6097 14.093 63.0105 8.47573 0.00514045 8.33147
-58.3154 13.7361 5.19444 3.3658 6.9599 14.3476 9.59437 13.4545 46.9847 8.13622 0.0466382 7.54839
-56.4439 15.4677 3.83853 7.93386 4.70291 20.0662 12.1763 8.84887 7.1302 9.55002 0.142569 6.85097
-23.5641 17.6369 1.19578 6.41612 19.7384 13.2065 4.8439 4.18907 5.81377 3.77837 0.0442744 6.4978
-41.0981 5.66747 11.2035 5.71551 22.1747 11.2678 10.491 13.2494 2.56528 7.81752 0.13198 7.68428
-52.5412 3.76663 10.9698 10.4009 8.55777 16.8268 6.26355 2.66363 15.2252 3.22002 0.144445 6.36097
-17.1112 2.61213 6.19777 15.3438 7.51848 14.8786 13.3857 29.6949 14.2388 14.3187 0.0926664 9.23182
-16.4839 5.6331 10.5486 2.30517 0.506435 3.98918 19.3806 17.841 7.50974 15.153 0.0553115 6.09453
-3.67333 2.66103 6.90653 2.15118 3.60781 1.22558 17.1001 1.84602 13.2775 9.65307 0.0473045 4.32031
-9.84756 9.62905 10.6016 10.1057 4.87984 3.12874 18.0102 4.55966 12.9074 9.02601 0.0465616 5.62316
14.6209 7.37086 18.8723 8.11318 5.11424 2.31428 1.15715 5.74821 32.5896 1.68885 0.0655573 8.2554
-34.7881 6.532 22.1971 10.182 6.91763 12.5994 8.98243 2.51089 10.7216 2.40453 0.042015 6.56389
-70.7542 3.53719 11.3497 3.38446 0.145046 9.2631 9.669 7.47456 5.10747 14.8818 0.0063467 3.35461
-4.54029 3.67959 3.82676 1.97669 24.2503 5.56034 1.63208 27.084 5.77132 24.56 0.140765 9.10854
-46.9317 4.06882 1.00007 11.0061 0.413278 17.9283 8.12937 26.4157 2.51159 20.9965 0.0186794 6.62745
-63.0763 4.83388 7.83972 1.96971 3.02119 31.526 8.56244 27.0606 8.07468 53.4104 0.00876236 9.57366
-74.7194 0.586382 23.8594 9.7307 6.59332 16.5775 11.3316 3.52141 8.84721 69.9597 0.106925 12.7938
-70.755 4.90993 0.385647 4.32453 5.49779 13.3479 11.8447 41.15 30.609 29.1317 0.126518 11.6605
-48.802 2.55409 13.7306 0.44186 9.52694 11.3459 35.4168 20.0607 16.7277 29.0062 0.055104 10.9358
-54.4881 10.3076 2.00958 15.0441 18.7437 6.02848 24.1146 3.93797 50.2331 24.4876 0.214823 14.0021
-28.7255 1.89973 6.83641 4.24306 13.8559 5.66092 30.3315 7.74156 2.76679 4.27152 0.105602 6.84187
-9.02897 4.08799 12.6614 6.22559 7.683 4.22205 23.0575 8.39666 22.4027 0.656015 0.0217327 6.31616
18.3334 6.26062 2.82736 2.79509 5.80267 1.67773 2.43911 21.5994 1.322 20.1527 0.0118222 4.35583
-25.9791 2.10436 5.63967 5.77206 4.81184 9.74083 5.96546 14.5866 6.92773 2.33134 0.0102476 2.32476
-71.1301 6.86022 20.0219 9.25228 2.49557 12.2049 13.3399 9.40497 1.14576 7.94247 0.0575619 6.03325
23.7034 6.3136 10.0356 12.3351 7.32604 2.50618 12.7415 3.38851 18.9494 17.2534 0.0219311 6.25407
69.0283 2.13358 9.95169 6.94994 1.91135 10.6651 6.90465 10.2474 23.7878 15.5654 0.0148563 6.48026
-58.9443 3.74506 9.72539 7.2122 6.44202 13.0795 2.78986 1.05739 11.6706 6.63016 0.0101318 2.71549
-30.2828 3.48824 6.79638 2.89631 19.5906 8.81199 26.2329 0.193343 16.9437 15.3536 0.00664944 6.88193
-48.1898 3.97984 15.5842 2.89864 38.9271 1.49558 16.6422 8.08377 2.08902 8.63226 0.00392069 7.67829
-58.8749 9.72103 2.77049 0.393607 36.2128 0.155009 11.134 8.6959 19.2785 12.114 0.000137413 6.81811
-63.9127 12.9021 4.52249 1.93279 24.3589 7.94973 23.033 1.80916 8.98274 10.938 0.0022414 5.34817
-60.7089 10.3707 2.54083 1.1707 25.6708 16.4713 13.5617 3.99829 2.81758 34.348 0.000947395 6.56742
17.7844 3.2719 7.33223 1.4821 7.74311 2.31345 13.4146 3.68968 4.12879 30.1238 0.000126207 3.04998
-52.1833 18.07 6.9897 1.34371 10.4251 7.59228 11.8245 3.68968 2.57428 6.66852 0.000964139 2.88108
-74.1634 13.0786 4.5173 2.05823 26.6656 0.0292787 5.72459 8.68162 8.28983 11.9804 0.000964139 5.27746
-53.3719 5.1941 5.0423 11.8287 5.53979 11.5925 5.93486 10.8996 1.54752 20.2161 0.0958827 5.3418
-62.4127 3.59586 14.0117 0.0115738 5.63804 8.64186 5.88865 19.2543 10.74 0.106432 6.60637e-05 5.48167
-13.4022 3.12507 12.2525 6.60728 4.98825 6.08911 7.98411 3.21417 25.9773 9.43095 6.60637e-05 2.29299
-34.4466 1.41382 8.46629 3.08986 7.78247 6.70862 3.9489 15.1518 22.6158 8.65276 0.0780633 5.0713
-16.616 5.92236 7.43439 1.28517 6.80183 1.10923 0.341698 13.9873 18.3707 8.74788 0.0991693 6.01932
-12.9566 8.5266 2.28005 0.73043 5.86442 6.58734 7.13393 24.7159 19.3166 25.7069 0.0405254 6.59994
-65.0583 11.0463 13.532 1.53564 3.87813 7.99598 5.51788 5.54087 3.92947 10.7444 0.00187255 1.87937
-67.3381 2.16829 0.718585 3.78834 11.9193 11.2342 15.8832 13.5047 4.92797 11.2521 0.00531686 3.6847
12.8657 7.13744 7.05892 4.97743 1.79045 10.2769 12.5164 30.73 30.5056 23.502 0.0106118 8.13596
-23.5463 10.6287 10.828 10.2775 1.02334 16.8226 12.5164 5.8174 8.4443 8.35295 0.00520365 4.73065
-18.6061 9.93221 6.78452 8.57345 3.76237 8.97304 16.528 23.8892 17.4478 11.4383 0.04617 6.89457
-51.7776 6.15345 12.4297 9.87738 11.6612 6.1979 15.4274 5.80073 53.5884 17.6596 0.00523817 7.63782
-34.7062 8.8928 12.3436 14.1486 1.89192 4.42659 19.2626 6.04309 25.981 38.6861 0.0142675 8.30675
-45.7673 7.08582 2.5639 18.3077 9.14024 17.488 6.11273 1.056 13.2562 50.1059 0.0708104 9.62954
14.4611 6.91592 5.89153 30.0039 10.4457 14.0194 1.60908 18.0155 1.14331 15.056 0.0542569 11.1778
-24.9715 5.34053 3.71435 24.0258 9.84463 26.3797 1.40747 11.0538 1.70596 14.6388 0.0111412 7.84977
-72.5215 3.75438 1.16038 10.7535 3.75552 0.419401 22.6357 19.4518 6.88782 27.8822 0.0111412 6.26268
40.4791 4.36971 15.3092 8.11658 7.56394 5.60029 5.73138 10.6175 14.1659 38.9716 0.0259398 8.24999
-3.27687 9.11216 12.0768 7.28357 19.7095 6.6641 5.63972 1.72448 10.5964 7.94133 0.0618634 6.80015
-47.008 11.8292 1.65865 11.3856 4.70214 4.2095 30.8889 9.95246 9.31321 24.4754 0.045393 7.26583
28.8498 7.01225 7.62669 11.8729 4.77411 4.74899 7.98895 5.73814 6.50955 6.7429 0.00211225 3.00637
5.14091 6.33358 1.75996 1.5903 0.167592 5.46036 0.605047 5.83493 15.8941 3.592 0.0223545 4.45317
54.4611 3.52203 1.91449 1.18188 0.734353 1.99774 0.860837 3.96682 13.4408 27.9901 0.00879025 5.07353
-41.9504 3.70236 0.191132 8.34764 26.8363 8.73804 5.89229 12.1502 13.4178 8.17669 0.0314901 6.45342
-60.3828 4.75226 1.45794 10.1716 9.7892 7.84253 29.2818 29.5847 2.21587 12.753 0.011881 7.00617
-21.4605 5.30007 3.47612 1.56717 15.1944 1.63656 2.10175 11.675 9.74023 5.74583 0.0171986 3.14504
4.27735 5.06363 3.66918 7.42568 6.36964 1.63656 18.7749 3.48216 1.89912 5.82934 0.0185398 3.52652
-39.3387 3.16583 2.63384 8.95844 7.00775 4.23204 4.49112 8.86508 5.20131 10.4813 0.00959982 1.75557
-54.5068 3.1523 3.56408 2.51493 13.366 0.665564 38.703 1.72385 11.6822 13.5682 0.0158473 6.42873
-55.3344 1.30507 23.3231 6.15585 15.2194 2.31192 9.8171 9.38275 3.51726 17.7577 0.00231662 4.82277
-65.3486 2.40552 34.576 8.75005 2.69144 2.24537 2.12405 3.8796 7.3835 4.67456 0.00401976 4.78309
-5.09681 6.52344 22.8871 0.388547 5.00228 1.21626 5.93678 3.14504 7.1037 15.7349 0.00570339 5.0771
-74.7803 16.5452 2.14961 16.8231 1.67126 1.72084 11.2806 24.1348 11.816 5.72092 0.00630461 5.09152
-47.1798 14.7323 2.46958 12.5013 4.56356 2.29643 13.3273 16.2872 19.3748 17.6797 0.0146125 5.53666
-15.6562 12.3292 3.88771 6.52175 10.1402 8.91292 16.6915 5.18083 24.1612 7.20743 0.103545 7.06724
101.913 4.39397 1.66067 9.63881 3.11909 0.939128 11.6817 5.42234 9.28612 9.55909 0.135101 7.99241
20.332 19.1342 8.71867 9.5018 1.70911 6.80358 15.3929 9.69971 13.4121 11.2832 0.00724654 7.3715
-18.6361 0.678954 3.33433 17.57 13.6625 7.8042 19.0984 11.6285 5.06386 16.7586 0.0257743 6.76433
-15.1233 0.33412 5.83399 3.60246 14.1761 12.7645 20.4371 1.25327 3.13437 10.665 0.0729187 6.80607
-54.267 0.997992 2.19634 7.19084 9.04827 15.143 4.85756 8.05016 11.3778 4.85977 0.00929783 2.88527
-56.1837 2.51761 9.05816 9.51171 10.0426 10.6188 6.00968 0.0413896 2.25304 3.92664 0.00297114 3.8256
-53.7409 3.88297 15.5858 9.73993 3.66145 7.63203 7.15695 10.9955 2.64976 4.4344 0.00375345 2.48694
-56.2411 3.43535 18.6352 4.19528 4.14267 4.04554 23.7845 35.3623 0.491698 0.586177 0.0312139 8.78072
-49.7377 3.79428 14.9424 9.93975 10.2289 20.1231 14.6624 5.93935 16.8841 17.8173 0.0327529 7.30973
-31.9301 14.3775 11.6799 3.43739 12.3237 2.35751 10.3084 14.3462 16.6297 16.5892 0.00188935 4.93658
-45.4469 5.93393 8.54332 5.17393 6.87454 10.8191 15.5445 12.1448 17.7224 14.6116 0.00546002 3.81845
-65.7779 2.97062 1.57064 7.404 2.29821 6.61432 0.474097 11.9971 8.25874 3.20538 0.00708176 2.58139
-58.8924 1.16686 13.4195 13.3958 2.49102 10.6079 4.30964 7.18793 12.3409 25.0363 0.00708176 4.38455
-46.2754 1.16081 5.59011 19.7349 3.91192 12.4763 4.18231 34.8892 4.90096 11.881 0.0146597 6.42799
-46.539 12.9769 3.03351 1.50495 6.21144 7.92174 4.1216 2.1442 33.8971 10.1308 0.0673133 5.64003
-41.4139 8.11965 6.37212 4.91951 30.5184 9.50364 3.98787 3.16446 4.64108 17.1471 0.0481538 6.5152
-8.14807 10.1934 7.78948 2.05989 2.63869 9.7915 12.8441 12.3103 28.323 15.2074 0.0228046 5.87363
-32.7569 0.94225 1.63825 13.043 10.9073 10.9855 11.0057 7.25506 0.311541 1.48599 0.040419 5.65122
-51.747 10.4754 4.34483 2.05316 9.61165 1.17484 0.0285937 17.6983 9.79797 0.820624 0.00347364 4.88702
-71.7121 13.6968 7.18708 21.7568 0.973146 11.7441 12.3846 11.9744 25.9038 20.2787 0.00106753 6.70843
-51.3332 1.19435 4.30993 16.5142 11.4406 6.69316 13.0323 4.82729 35.9371 12.0277 0.000384848 4.71193
-31.8456 0.359524 12.239 4.17228 1.33618 14.3091 3.27139 4.41794 54.8399 2.22581 0.0214549 7.62761
-32.7392 5.4651 12.2936 0.917921 0.584659 6.12409 16.3379 6.43622 0.454449 20.5241 0.000629557 4.01472
-32.4857 4.9146 5.17108 13.2467 15.6424 21.1931 19.7578 9.49429 9.73343 24.7656 0.0141959 8.13572
-42.5077 7.99625 8.10815 8.50772 9.55324 26.0531 11.6774 3.94266 20.435 28.9807 0.0115274 7.43663
-59.0063 8.34984 5.29099 12.2745 21.5999 1.47978 1.60243 8.27111 21.0093 6.87621 0.00109079 3.99086
-55.817 0.0755089 15.7985 10.754 7.93144 5.33159 5.60752 14.1375 17.0876 5.48504 0.0221654 5.72954
-46.1109 4.16395 29.6635 10.3387 13.891 3.65646 0.610638 9.60356 7.47357 5.67711 0.0749966 8.34295
-34.4212 5.52054 22.5911 16.1373 0.739237 13.0605 3.20137 7.90769 6.28147 19.4339 0.02019 7.24103
-40.4266 8.21613 3.22295 2.22228 2.73707 10.5056 1.43174 1.22231 1.68204 11.4499 0.0328387 3.37138
-71.8741 9.58172 3.96147 4.18309 17.4908 9.62504 11.7663 11.2591 14.9532 15.2598 0.0908219 6.11809
-35.3119 19.6802 2.61098 29.6277 4.02933 4.60269 6.23191 12.1455 16.6892 2.30475 0.237338 11.067
-12.6422 6.85076 6.84123 12.8056 24.6865 12.3521 7.72484 27.4272 23.8188 8.445 0.0452016 10.5345
-55.7109 5.22401 8.63239 0.736441 10.4706 1.03606 16.7625 16.9626 16.607 11.3427 0.0388619 5.60613
-54.3926 21.3318 6.85384 13.762 4.15513 1.09555 1.49015 0.828799 2.13326 10.6728 0.0384051 5.96013
-41.5031 4.85367 7.00585 11.8968 10.9825 1.96076 13.6734 2.77907 28.409 26.2757 0.00912255 5.67679
-66.81 2.21633 6.96008 16.7118 6.97663 7.38317 5.05331 3.80884 12.2805 8.38616 0.00407047 2.39496
-44.1927 1.28208 7.8351 9.26781 5.87126 3.37182 10.5988 9.33529 2.24339 24.2371 0.305146 7.76631
-65.075 3.07167 4.43044 4.26983 5.94034 13.5762 16.1298 2.73168 0.984224 7.13913 0.129949 5.32883
-59.4066 17.0987 1.833 20.9346 11.7277 12.6545 12.6166 6.77656 8.19742 23.7212 0.319077 11.6192
-53.4292 27.5708 1.19256 19.1983 8.88678 0.632937 3.60926 22.3001 7.11056 7.85863 0.0137002 8.40541
10.3491 12.9963 1.77046 5.35308 5.59627 0.817806 7.03426 9.64968 15.787 24.8226 0.00948663 5.02349
-31.607 14.8503 1.41798 14.2655 14.6417 1.34109 6.91997 6.34067 0.416662 2.78854 0.00919925 5.31432
-68.0267 10.8048 0.946825 1.02921 9.62383 1.94385 14.7327 16.3964 8.44619 6.48949 0.0119106 3.83285
33.082 3.36336 3.07269 9.25078 9.43312 0.474464 18.9967 11.4053 31.7555 11.3746 0.0126579 6.92372
-15.5507 3.05965 3.32616 1.59834 17.888 1.25486 9.74509 14.4191 23.5349 13.8393 0.0144066 5.13775
-0.598512 16.3482 18.8543 3.66058 12.6606 2.86915 40.5628 21.3556 11.0137 4.92004 0.0119934 13.0087
-66.7011 12.6654 18.8511 5.36604 16.4782 3.71173 42.2692 12.1288 41.2381 30.6228 0.0475273 14.9734
-74.9474 4.03269 14.4967 1.92964 27.7301 9.74664 19.508 14.8331 24.4032 35.3431 0.478614 17.2037
-46.2847 3.84279 24.7419 0.329569 16.2406 2.98264 10.2239 2.19277 14.9585 36.6311 0.182337 11.1071
-61.1406 9.12987 7.46248 12.846 8.46099 12.0444 4.30135 21.3507 18.2533 20.8711 0.108146 7.77468
31.9325 2.2136 5.23558 1.55639 10.8484 5.4705 11.235 16.1163 7.82761 3.17587 0.0243856 4.34924
-69.6114 2.53019 6.64061 18.6964 6.15613 3.22767 20.4331 6.62385 8.92263 10.1641 0.173412 6.90178
-12.9396 7.31646 4.91211 14.9346 5.32879 8.20026 1.10636 8.64541 1.72195 4.0541 0.00313522 2.91723
1.13952 4.50576 11.8124 3.61714 5.16584 6.90596 3.53631 5.17079 11.8962 14.44 0.032914 3.70658
-5.98929 11.5044 15.2658 2.60357 5.12533 9.33406 8.94319 5.15326 4.23728 15.8157 0.0440599 5.63534
-69.9197 11.3683 13.0013 2.41806 3.90473 12.801 15.5345 2.60783 8.2941 3.16503 0.051534 4.73338
-59.6965 2.66685 13.6585 3.94075 2.80177 2.90447 31.5914 12.8826 14.2451 25.3331 0.0172965 6.54229
-51.7612 7.59903 13.5068 1.46116 2.84082 4.05136 12.2664 61.1761 10.8283 22.0633 0.178871 12.3475
-51.5622 3.52747 5.61769 4.90572 9.62404 0.527549 8.98959 23.4092 14.9872 24.2562 0.0189894 5.41095
-1.22699 6.08171 16.5848 0.615457 7.11389 23.3662 14.387 11.8132 1.13824 11.8534 0.0822944 9.28054
-56.6396 7.22144 13.764 4.53621 6.3251 29.9323 8.57956 6.64431 6.73455 3.05002 0.0150753 5.33406
-1.0033 9.52766 7.50039 3.16242 12.624 14.3847 9.13687 5.30032 0.951944 7.34752 0.0340726 5.35077
-11.8248 4.84515 7.87496 2.75843 9.93699 14.5494 9.11313 5.38114 16.2729 3.98629 0.0017975 2.80297
22.517 0.95316 8.128 2.06367 1.41122 1.70899 4.46029 1.83744 4.65328 8.12616 0.00248029 2.12645
-1.66528 2.03136 5.10542 6.30559 1.64242 6.40758 28.3436 11.9646 5.44809 2.13174 0.041889 5.4044
0.174045 8.37933 10.1515 24.3504 1.40622 6.82162 7.71979 10.6021 5.09076 10.3368 0.00478126 5.93578
-67.8124 4.79585 13.5482 4.47654 10.8616 5.81994 12.3586 13.5519 6.21621 2.86813 0.062848 4.55088
-7.35172 12.1944 8.97828 12.4023 7.17702 18.8145 9.49366 13.6658 5.48361 19.1515 0.176625 10.0282
-59.7962 21.3345 2.18013 1.97938 2.80889 2.68852 22.0709 16.5976 11.3327 10.1232 0.118351 7.33148
-59.3685 8.32177 4.25087 13.7571 17.2946 14.4189 4.57496 13.3306 6.45516 3.5296 0.0669564 6.07051
-67.7859 2.97283 13.0827 11.0011 9.87561 3.92415 28.7448 16.3206 8.14007 15.0021 0.0279486 6.74556
-31.7203 4.29791 4.11638 9.97315 31.6095 13.3504 2.52052 8.12872 3.46136 23.8535 0.282608 11.105
-28.5474 6.13111 0.250503 7.01422 7.25629 7.78341 7.80525 14.1608 4.74587 5.45493 0.3379 7.67151
-26.7944 4.74713 9.70007 15.534 6.83118 11.4908 3.78442 5.8737 1.85404 6.98 0.26155 7.365
-34.0511 6.13073 8.36336 10.3834 7.7515 24.6808 1.37941 3.91875 36.6054 11.6629 0.00948678 6.75045
0.834241 6.1284 2.35365 6.29232 3.20319 5.25231 17.5375 8.06926 33.4433 4.82448 0.067436 6.10715
74.4041 5.51624 6.1485 14.0323 2.84916 11.0732 4.53219 12.1313 5.36203 15.0351 0.0440487 7.36509
-10.3613 3.56232 20.3638 1.78817 17.7856 9.06106 1.07732 0.511566 12.0102 29.9785 0.0711841 9.30363
-54.4747 10.5424 7.03211 1.98536 0.753468 5.59428 0.528418 14.5721 1.54948 19.7417 0.12409 6.38844
-34.7142 2.48111 8.91704 1.2688 8.87773 6.61481 0.682998 18.8768 2.56765 10.4328 0.269542 7.40093
-5.50075 8.81226 9.7045 16.4302 23.0844 8.96363 1.99954 11.971 32.5769 9.88944 0.120544 11.7585
-61.7936 5.02908 1.02693 15.0559 9.79647 5.05057 3.8006 0.819369 8.25127 2.39947 0.319643 7.36226
-68.2946 9.90617 1.82641 6.71486 1.0669 3.65803 3.84031 30.6293 16.3453 17.4957 0.27392 8.88208
-61.641 33.6796 7.20098 10.6677 4.93752 5.26422 7.99286 4.45009 10.9355 16.8937 0.0819311 8.60405
-68.5266 9.56563 6.43675 5.6276 2.41755 6.64907 2.79735 17.8213 7.0443 11.8008 0.0115976 2.62876
5.60422 7.87749 1.35733 15.2745 8.29539 0.263081 9.99924 10.202 38.2462 15.8915 0.0191406 7.92617
-22.2665 12.2529 14.5447 5.61384 6.89245 6.67228 1.78373 10.9233 32.3476 21.3316 0.0107169 6.67393
68.3734 7.00012 9.39187 3.44947 5.82322 5.76282 14.0917 14.9432 16.3039 28.4991 0.00224804 7.01712
-4.78536 1.22362 8.80351 2.7548 1.39777 15.266 8.77488 26.8027 22.6795 26.8263 0.0112786 7.14481
-11.64 1.22362 2.37116 2.7548 5.49433 39.5 8.77488 21.14 22.0202 6.82244 0.0125735 8.0681
-74.486 1.00294 1.93334 15.0414 4.54865 2.90126 18.0627 9.87863 39.9715 8.41353 0.000123184 4.73505
-46.8502 1.55273 0.572222 16.1451 1.14743 4.95649 25.2832 28.1322 23.5497 32.0259 0.000205656 8.19758
1.66583 16.2585 2.76039 13.0055 1.48066 5.5931 1.8958 6.79079 24.377 20.9261 0.0172047 6.54339
-45.9488 6.00043 4.74459 9.34838 6.32938 7.74914 6.21466 11.5112 20.8256 17.7697 0.0522465 4.70163
-67.1392 8.96318 2.73512 6.85457 17.327 7.17017 0.842627 10.3179 2.41526 27.2606 0.0639644 5.9793
-52.8366 10.1299 4.82643 7.53346 14.476 4.78832 9.03047 22.5474 5.18783 14.6492 0.0594805 5.68128
-52.2294 7.36101 15.0485 9.45329 5.04653 4.72223 4.73513 7.53258 23.9934 16.4839 0.0568114 5.53094
-49.9129 7.1153 12.9457 2.21499 3.65202 7.9363 5.2311 6.18348 4.18782 23.7714 0.0519902 4.27647
-53.7457 0.257131 8.18085 2.70744 8.11387 0.162857 30.8183 3.30795 21.9244 15.3895 0.0784832 8.838
-35.9134 8.5017 6.32381 3.83228 31.5628 3.89577 2.54573 14.1611 6.61718 5.40287 0.0684136 6.70745
64.2291 1.30933 7.87195 3.50352 13.6464 25.1419 11.1799 11.5649 8.78026 0.986808 0.149458 10.9862
34.0706 4.74675 8.17689 5.75878 6.12952 19.0432 10.2345 0.594401 10.0222 9.1928 0.221742 8.81181
-61.2966 4.59014 6.15547 5.24104 6.96371 48.6648 7.22574 1.29274 36.5443 14.485 0.0511487 10.6342
-51.053 7.03103 8.40025 14.2374 1.94062 20.2794 28.8933 1.23313 49.1853 10.9041 0.0223443 10.5701
1.12941 8.87411 9.43645 7.82416 6.61267 15.0805 11.508 7.69539 6.98204 10.066 0.00620144 4.42981
-48.3731 5.10623 10.5156 7.38506 8.54356 32.4445 3.70493 4.21261 9.12974 22.9355 0.00620144 5.89958
-57.862 13.0957 4.60811 9.61548 12.2521 2.45751 5.955 6.67585 2.83987 30.7232 0.00256966 3.8158
-62.5104 14.2671 1.24065 20.8861 10.775 1.89869 6.20973 16.0477 13.2429 33.4537 0.00256966 6.61937
-63.9069 9.53447 5.49992 12.4025 5.09044 2.69478 4.79686 27.7437 9.53274 2.0859 0.0302774 4.65164
-59.1593 14.6831 6.23279 3.20562 1.30842 11.4889 1.64192 16.4446 9.36421 0.922407 0.00598882 3.57993
-58.4077 2.70148 4.98622 10.3381 10.11 1.59605 13.2727 16.3928 4.48314 3.16271 0.0391059 4.1362
-66.9166 1.69413 8.90466 3.56148 4.35264 33.0202 8.85348 13.5807 3.49665 1.58881 0.00504917 4.90563
-72.1842 3.20262 4.40415 2.91436 0.672547 5.65604 12.2887 6.34094 2.0899 28.3407 0.122775 6.07573
-13.0614 4.29208 4.86269 11 11.3834 0.699898 1.53626 14.6608 2.07857 11.3846 0.114045 5.9902
-28.4586 4.14363 7.653 19.347 7.00969 6.09161 0.847976 9.22186 17.1535 14.1868 0.293913 8.88504
-66.5401 10.7569 11.2838 1.60946 8.10468 5.55071 1.35372 3.81148 14.1918 14.5398 0.304219 7.28145
60.1674 8.97652 1.06781 1.6951 6.10184 7.80788 4.77037 10.0874 17.845 0.971081 0.0630867 6.37528
55.8235 7.26321 21.5069 2.16169 13.0539 1.72545 4.29752 12.1173 15.9664 17.3257 0.111611 10.8777
-65.0776 3.88727 16.0854 0.659651 0.799781 29.1009 19.0147 6.631 19.9298 33.1975 0.0584702 10.4067
-40.5191 0.0614169 7.34056 1.51232 16.9977 6.14359 16.9702 0.436609 15.691 20.4219 0.0156057 7.17889
-35.9864 8.80549 17.2355 8.54433 12.1294 8.86038 8.92841 2.78922 20.9564 4.34425 0.00247702 4.867
-71.2536 6.74727 15.3489 8.26153 13.9192 1.75444 13.8616 18.2363 12.3182 13.6432 0.032696 6.10881
-42.7486 4.05701 13.2678 7.07597 14.6035 14.6299 9.68611 9.46036 8.61358 17.1142 0.264966 8.93482
-9.4832 1.8094 0.924619 2.64131 6.15624 18.4788 3.4194 10.8402 7.82719 25.2247 0.175702 7.32651
-49.7701 3.06907 18.3303 2.64131 4.20985 29.0233 5.32627 23.0734 5.8533 20.481 0.0863701 9.02633
-71.2583 6.38774 12.9294 24.7469 4.13198 20.3487 10.3666 22.3713 2.20822 16.8635 0.000416163 7.34285
-6.73692 8.56806 11.6037 14.5957 36.499 16.3111 19.4752 9.33436 16.788 9.53864 0.000416163 12.6932
-21.8421 1.35896 5.7299 17.331 39.6316 4.99974 3.42159 5.52473 45.4427 0.706911 0.000416163 10.1837
-47.8801 10.7761 0.747906 6.03751 7.37087 7.46441 16.3613 7.24183 7.21104 3.74733 0.0816298 4.76734
-69.2862 22.4996 8.45434 9.20696 6.92406 6.78554 13.1434 0.916444 8.26371 2.14844 0.0172728 5.32099
-29.5175 19.5743 0.280582 11.0983 4.3819 5.4966 12.2775 18.5212 6.0119 3.7656 0.037762 6.63402
-54.3924 3.49039 1.90557 13.6886 17.777 3.60192 3.55879 18.6766 17.7596 3.33581 0.0425911 5.56735
-61.8233 3.87546 4.1 9.67509 2.96839 5.08775 4.55052 5.03545 1.69427 3.48608 0.020881 2.05464
-30.6358 5.29014 8.82083 16.4189 14.0482 0.810541 6.1028 0.229212 32.4751 18.4665 0.0378007 8.40015
-69.5352 5.99562 1.69882 10.4714 13.1179 9.8298 9.45752 0.391658 18.6003 1.33628 0.0430477 5.45747
-45.6849 20.6583 4.87082 11.5095 19.7492 4.02827 5.53691 0.900622 4.3347 32.4681 0.0171122 7.94846
-8.94307 1.73179 1.60188 7.23145 27.132 15.8009 26.645 1.55103 2.07365 62.6336 0.0626612 13.9556
-28.9747 16.1869 3.77272 4.84856 9.45053 17.1145 6.67416 3.33758 32.5645 18.1035 0.0898895 8.28134
-43.7128 12.857 4.87384 5.16676 27.7105 19.0539 3.12229 13.8794 21.608 45.4962 0.00149187 9.87311
-44.6621 13.6914 2.69899 6.79836 11.5291 15.59 11.9565 8.86989 1.80683 5.16892 0.0241411 4.84877
-50.0317 8.48507 8.4144 4.81589 12.2964 4.03217 10.7593 8.64969 8.34046 15.7412 0.101661 5.09039
-72.9783 1.1634 9.38891 17.3442 11.3181 5.17779 13.9943 4.55821 8.40932 38.5435 0.12361 8.5286
45.0829 4.85587 3.29667 13.271 4.74478 12.3236 36.4861 11.2189 9.29415 18.7749 0.16498 12.1534
-38.6218 10.7367 0.330362 2.21577 4.4473 20.9234 18.3418 4.86555 12.5055 6.58694 0.0377207 5.95669
-15.5236 10.863 7.68423 3.82539 3.68064 16.4203 10.7488 5.13882 10.7261 9.57841 0.0134324 3.96902
0.731859 10.4535 4.12428 7.26024 4.59347 9.15957 23.1221 11.9653 7.08966 15.2711 0.0101576 5.25068
-36.8154 17.9619 1.60053 5.95394 5.26326 1.29506 2.02378 17.3183 0.200169 3.52176 0.0120485 4.93033
-37 27.6693 1.61849 6.14834 18.3643 6.35276 5.57222 11.5722 4.83638 25.454 0.278037 11.1627
-34.4906 13.1575 13.7059 12.2566 4.37891 9.77734 1.93576 15.1801 1.80664 16.237 0.235641 8.99592
-60.6036 6.66053 11.9492 6.54577 20.1946 6.98239 4.0732 24.9532 5.61522 43.0563 0.0422433 8.76952
-47.2146 36.2672 0.490983 16.1893 11.9058 19.5718 10.3923 20.4265 11.0639 2.43205 0.317578 16.3459
27.1808 15.8509 8.21331 1.95983 4.51154 4.38702 10.0485 28.7105 12.3219 13.5218 0.039964 8.15722
-39.1352 7.86806 13.4117 4.91838 13.1818 2.08434 6.33678 5.46188 10.2898 12.71 0.00567752 3.14096
-47.8231 6.84036 0.373688 5.0053 4.25425 8.94086 6.15289 2.91574 11.0671 23.5454 0.00266916 2.87008
-40.7036 4.29184 2.33391 8.26856 3.10879 7.03914 2.10323 5.13985 10.3117 15.426 0.000797991 1.23271
50.0573 1.85331 6.68248 15.2459 7.2266 4.66334 3.46464 8.12156 11.0398 14.7766 0.00272451 4.30791
-49.6034 3.72442 22.1127 2.30616 10.4691 10.8425 3.57681 5.67977 14.2692 16.2786 0.0224884 5.17724
-54.0473 7.04384 35.202 6.24724 3.28087 12.1785 9.24877 11.9127 11.1583 25.8554 0.0011361 7.77889
-71.7171 9.67161 0.857721 6.64441 6.46385 3.78706 5.20783 8.89785 35.6836 35.25 0.000123133 4.74285
-70.5276 11.267 6.84191 1.45503 7.56825 27.9708 8.31043 4.60506 24.6161 18.0721 0.00175038 5.33907
-2.51813 9.51903 8.51117 12.5928 34.6173 24.337 15.0665 6.54122 16.6129 9.79393 0.0573513 14.5379
-3.12351 16.6237 5.05737 12.4927 9.00385 1.76317 18.509 3.84468 2.12506 8.79453 0.0294403 6.70678
-57.9882 8.28095 11.1142 12.5654 4.20974 15.1709 13.7102 12.2651 8.53949 19.3654 0.0478927 6.37368
-56.4822 6.00855 12.7946 6.67421 2.8551 12.6207 5.71362 9.41631 24.3181 19.6726 0.0280085 5.12693
-51.2349 10.8098 3.73581 3.50537 7.02224 17.1609 2.90344 34.364 7.15513 17.3145 0.0114425 5.76601
-36.5996 32.5364 1.09398 1.96848 4.94314 10.2147 2.48986 13.5637 9.94164 15.0981 0.00979003 6.98299
-23.5198 4.31065 3.02005 0.699001 27.1822 2.10589 11.9172 14.3473 8.32083 26.8021 0.0215494 6.84841
-25.3548 1.76313 13.2023 2.28337 4.42549 24.5116 24.8152 7.60927 14.0369 22.6724 0.00985295 7.47192
-28.984 9.63388 1.98932 12.8061 0.170015 11.7415 11.8425 22.0809 37.8888 28.6653 0.0186192 9.67178
-36.8686 10.5916 1.48526 1.3311 2.78443 24.7844 25.0562 4.35772 21.1489 35.7006 0.0141542 8.74679
-48.8017 16.4921 4.70683 4.58119 6.97875 20.5116 3.57971 4.73913 6.95702 18.0312 0.0149795 4.65358
-71.0779 7.96947 3.96535 10.0599 8.57204 2.94542 1.2221 21.9771 6.95702 2.54521 0.0147907 3.43421
-58.4381 5.87285 4.4543 8.66752 19.3032 2.94542 5.75378 45.6966 30.9974 2.17347 0.0114888 8.38971
-22.5211 2.12071 5.46349 7.41145 9.65634 17.0528 12.3715 4.83951 8.00589 11.2963 0.0535265 4.88926
-41.1195 0.987037 7.15607 13.3185 8.13829 14.5021 8.71361 12.0181 12.6339 25.833 0.0320976 6.15214
-55.0399 4.52746 29.9376 11.748 2.4358 25.5675 6.22798 32.0148 25.3064 4.78591 0.0123998 11.7386
-60.188 2.63302 29.9376 4.42001 2.4358 15.5598 6.47205 25.0155 21.3549 7.12049 0.0139591 7.80685
-35.8951 0.468557 18.0336 2.37646 2.66725 23.4447 11.9518 17.9606 4.21557 0.440168 0.0388921 7.91547
9.28757 12.0054 3.42594 4.42728 3.49055 13.504 3.27891 30.7392 10.4391 12.4182 0.000947797 4.91044
-0.598561 4.25399 13.4759 12.6241 2.87588 28.581 3.90774 18.312 26.3857 10.6363 0.000947797 7.85566
-69.4216 16.6803 5.83662 7.08283 8.45425 2.2291 7.16878 8.40576 17.3519 19.0043 0.0439936 4.9748
-46.0356 12.3416 5.11986 1.43195 2.76852 21.9958 34.716 35.0893 1.63615 26.235 0.140796 13.7289
-48.0261 7.92672 20.9876 3.04849 6.03819 3.87789 34.716 22.7648 2.03985 11.3553 0.0167641 8.51015
-52.9243 9.06314 8.61563 21.7856 1.62346 4.95306 26.1022 8.18621 20.5012 10.4646 0.109786 9.01374
-55.0202 7.50118 2.04419 2.03654 3.34851 8.09258 2.20567 3.45723 63.7713 41.3074 0.288663 13.0728
-55.9017 5.09984 1.90897 21.0153 6.89001 12.7211 38.703 17.9907 81.8868 27.2326 0.125373 18.9017
-23.6976 12.0443 8.58459 13.2375 2.38164 7.55529 21.2746 9.76947 17.0966 21.5842 0.0984669 8.66268
-70.8349 10.1325 15.9449 10.5352 3.39582 1.16579 14.2321 0.821505 22.1169 5.30006 0.0510806 6.19554
-70.8349 2.31004 22.5202 13.7908 6.26046 4.94663 5.74209 10.7418 61.1616 5.7885 0.03129 9.24693
-45.892 6.02075 6.05884 5.46449 12.3787 15.1602 10.1947 14.183 23.5806 13.9738 0.0223329 5.50303
-50.7735 1.41859 7.23531 1.35496 2.85632 6.05028 4.65833 25.7462 8.62476 3.80539 0.00262622 2.71011
-19.6859 2.67213 19.0324 4.98799 2.78813 4.79214 1.76308 15.9365 7.58729 12.956 0.00796622 3.82241
-42.3949 12.7487 7.29735 8.44209 15.75 20.1074 12.9293 2.6285 6.06288 3.11422 0.00506126 5.56565
-60.3741 6.60148 4.66182 0.582558 17.7427 1.63133 11.7704 5.29374 22.8317 36.6393 0.00102078 5.48938
-70.7873 9.53178 8.67118 5.08212 6.6758 4.95688 13.5532 6.24244 34.9979 4.79786 0.00193075 3.47245
-32.9708 4.50642 1.7035 10.0912 0.862501 4.70667 24.6094 9.6285 7.62446 14.8979 0.0461081 5.34054
-61.656 10.6526 0.943353 3.9578 11.0085 8.4341 23.3295 6.62009 33.4201 37.4354 0.0232335 8.50799
-23.0319 3.29903 1.40537 15.5051 14.01 24.3398 21.6183 27.1243 39.5664 24.2305 0.0148762 13.1352
-66.7411 11.2194 1.43262 7.54789 13.4179 8.09253 11.3092 24.5995 1.13306 28.8604 0.00840481 6.22821
-48.1255 12.0785 1.65944 16.1115 13.4611 24.2074 3.27087 24.0361 12.3998 25.9141 0.000207424 7.85402
-71.7743 8.2127 2.63151 22.5831 25.4398 7.54138 16.1787 11.2677 40.3025 13.8676 0.00504617 9.74952
61.1721 9.06162 2.33969 6.93607 18.3394 9.39683 1.70061 2.03731 6.00065 23.4052 0.0344171 7.81923
-33.3898 6.86047 3.25317 11.0963 6.28145 19.2015 7.81824 4.08545 18.3775 1.58787 0.458084 10.0621
-22.0066 2.75548 12.0113 12.3212 8.21891 15.9523 26.553 3.16074 33.291 1.91084 0.214821 12.0327
0.147353 8.69794 7.23439 8.03981 25.2271 8.18128 7.26537 5.40654 37.8927 5.47932 0.0732323 9.48661
-52.0726 3.45456 9.8885 3.36135 5.86845 3.85161 5.09375 11.5603 8.50586 8.23415 0.0270071 2.47907
-47.335 8.5897 8.91751 7.8751 17.0062 4.82209 14.7119 31.2072 33.0545 12.7511 0.0152805 8.60666
-6.21053 2.18532 1.86179 4.50819 15.88 1.25714 0.0998013 2.09482 12.93 25.0405 0.0513775 6.73121
-63.9451 20.1799 2.26004 6.6874 4.16717 22.984 17.0369 4.02025 1.4765 5.32849 0.000790477 4.7525
-58.6215 15.0338 3.58547 0.978101 9.17948 18.2761 7.47996 1.45335 0.981116 6.76732 0.00188495 3.54108
-71.3849 1.02814 2.94091 8.108 15.2748 14.5027 7.51432 4.27695 9.42625 4.79612 0.0293704 4.06846
-66.8696 4.28359 10.8285 24.815 4.52291 19.134 3.12813 5.34711 24.9027 9.72575 0.0179951 6.82114
-9.37676 8.06739 1.9426 3.21675 5.19719 2.54566 10.5319 8.52434 3.58088 4.71264 0.116755 4.24286
49.2549 8.77395 2.24393 7.84234 7.14803 3.38271 9.89641 7.73127 5.45267 18.8961 0.0973312 6.46591
-19.1311 3.57772 1.89999 6.70163 1.8007 9.15846 2.76845 4.98584 4.1806 14.6922 0.0997803 4.12709
-28.4753 9.68224 1.87316 13.8133 4.45808 3.86388 3.94707 1.31302 0.204329 11.1923 0.865026 16.4173
29.3451 7.86081 1.97067 25.8747 7.44758 8.82064 10.2194 6.39421 8.09723 13.1703 0.543823 13.9925
-62.0312 9.75286 5.35752 15.6496 9.60725 0.664602 21.0337 14.6931 12.562 6.78779 0.319082 9.85519
-71.3416 0.754397 14.3054 9.80773 4.67673 14.2189 14.6997 14.308 3.85994 19.6227 0.101089 7.30072
-60.9431 7.00998 4.31614 8.66478 2.77211 16.248 3.14833 8.65665 9.21185 18.0671 0.161751 5.83672
-40.2177 8.7943 6.49242 15.8784 14.39 1.79646 2.13786 8.53213 2.66937 2.28762 2.69924e-05 2.48979
13.8935 13.8754 6.21232 9.16633 10.6043 3.36315 2.85163 1.9509 25.129 7.48683 0.00519868 5.26751
-61.6505 3.86444 5.3636 5.11432 5.95053 14.408 8.61341 23.528 14.9665 15.399 0.0276966 4.92335
-14.4741 10.4874 2.61643 0.675858 3.56862 1.78117 5.37092 33.4836 29.0066 26.2798 0.00189814 6.70038
-66.3477 7.33727 8.40836 8.61036 9.38884 4.9092 19.9856 10.924 19.167 25.6249 0.0315732 6.14004
-64.7926 8.0765 12.1421 8.01474 0.638454 8.53649 52.5736 12.8043 15.6703 50.7535 0.0298399 13.2708
-33.8051 4.00391 1.96998 15.839 4.89393 1.51636 14.4673 9.80769 33.1323 31.1849 0.0146206 6.93104
43.3593 4.46321 1.9531 13.3112 7.5077 2.4272 7.25568 10.2783 31.461 21.6358 0.0110641 6.51435
-39.6472 18.2074 3.12977 18.4939 6.21187 11.9782 15.5297 10.6731 33.9057 6.36139 0.00382656 7.86426
-54.9585 8.70436 8.78176 19.425 7.59449 14.8797 21.7954 18.4123 35.0853 3.84172 0.0108364 9.33054
-25.9689 6.23305 5.64436 15.017 2.61286 35.2476 4.4192 22.5133 7.6942 12.16 0.0750786 9.49004
-1.49432 6.06179 5.43196 11.2134 2.36392 13.702 9.79709 8.17577 9.96034 2.3613 0.0234324 4.16271
-24.1453 7.15647 4.96827 0.427802 2.01307 11.572 0.029313 23.2264 12.3524 5.74977 0.153861 8.62934
-21.4291 18.3537 2.33508 23.7801 5.22948 11.6527 23.4723 3.45953 4.56479 18.3902 0.245454 12.5493
18.1321 7.62415 4.07409 6.78542 6.99474 7.95913 9.15793 3.17356 10.4695 6.75231 0.0316811 3.75417
-21.498 2.60649 7.1638 4.75776 21.0673 18.1644 11.6858 15.8611 5.11098 39.962 0.0498743 9.38689
-18.442 2.0285 7.27956 10.3956 23.6892 26.3027 37.8856 21.1917 11.8269 36.9146 0.0483945 16.8051
-24.1405 9.27052 4.4294 5.67508 25.7539 5.90978 9.69297 6.16544 15.7841 39.6808 0.141175 9.94148
-27.3559 9.9739 4.01998 5.03902 15.1165 4.40389 9.88951 34.4599 8.0268 47.1565 0.213852 12.0637
-64.0759 7.48325 4.01998 2.9052 24.3931 4.15979 11.859 15.4178 6.77262 44.5902 0.000603767 5.97653
-73.0724 4.23852 10.772 6.07193 21.2039 4.15979 23.2363 7.47158 10.0172 9.64936 0.0240455 5.6165
-61.5665 4.73031 22.4015 2.76307 6.20555 3.74797 7.35158 1.24217 34.2963 30.7519 0.0949656 8.7104
-71.677 7.14765 9.91851 5.46156 1.55435 7.25972 7.10086 2.21184 43.0567 29.3644 0.0355412 6.97794
-66.7154 2.74681 6.92403 16.8923 14.221 9.32051 12.297 13.7008 38.3696 9.23155 0.0341043 7.71088
-49.9497 2.57667 3.8608 1.12175 4.04181 5.16793 7.74506 3.20071 5.43006 10.5993 0.00155996 1.07454
-62.9351 8.96768 4.06278 21.9289 5.13015 3.90916 6.86981 9.92385 19.4946 2.69304 0.00155996 3.3807
-50.4763 10.4458 6.47444 8.48504 0.519918 13.6456 6.12983 20.2889 24.8424 16.528 0.0649381 7.23141
-74.1852 13.2567 4.72626 2.07019 12.7188 7.74417 21.8282 5.00287 38.7821 17.3569 0.0189215 7.07828
-36.9714 9.36038 0.726074 21.469 2.55446 35.2523 22.9072 0.691145 10.2662 11.3558 0.0253916 10.8809
-30.7307 2.75894 9.92871 11.648 22.0664 9.87528 14.5145 19.1572 9.10394 12.8074 0.00891771 6.95841
-53.3519 11.7078 5.7877 15.1695 10.2686 11.7115 7.96277 8.27249 36.4195 17.1956 0.0160831 7.01753
-66.1564 6.19154 13.3639 8.97747 12.1571 2.23326 26.2465 16.7583 59.9844 7.41747 0.0719408 11.5245
-73.6801 10.7655 1.92818 3.14678 9.48605 5.27825 6.98997 21.646 41.9611 42.7866 0.00863179 8.16858
-26.1416 23.2557 5.68881 5.2934 5.13267 9.01022 20.5848 33.8107 10.6661 15.3437 0.157238 11.7765
-58.907 5.06292 10.4848 1.29381 2.63326 7.24358 6.18712 1.7885 46.2225 51.9678 0.103974 10.5043
-54.4529 2.5342 24.088 13.679 3.71935 0.222808 8.75604 7.10761 17.7318 35.1005 0.0678492 9.40698
-70.478 18.5474 12.1304 8.79202 13.7763 3.6744 4.24093 7.11383 18.8743 5.50375 0.124588 7.1501
-69.2276 12.2254 19.0762 3.60019 8.19432 3.03772 12.152 8.66974 8.07421 4.41783 0.00608629 3.66127
-63.5319 5.40078 24.8905 7.67609 24.3516 19.8181 15.2133 7.73125 5.98965 9.27864 0.00932254 9.43686
-3.47291 5.40078 2.31116 2.36498 16.0841 14.675 13.1952 11.0896 5.4678 18.4608 0.00547655 4.70529
-3.53289 2.60031 1.04165 12.8809 2.40485 6.25108 9.70619 11.7027 3.24541 34.3046 0.0185305 5.31524
23.3563 2.60031 2.10602 9.36997 5.12806 9.85068 16.7025 9.30874 10.2065 0.636639 0.0731735 6.02849
-62.3227 2.31332 10.4881 1.06163 14.2277 3.94338 2.80527 0.620442 16.4705 5.09663 0.074916 5.1374
-65.9741 5.29752 8.99593 12.6264 6.25792 5.59792 5.47708 30.8057 17.2495 2.34187 0.0980454 6.80113
-50.218 2.94179 8.90428 17.943 14.9644 3.91808 0.919237 8.18473 17.0931 6.73842 0.0619584 6.01422
48.8993 4.42733 12.5337 7.21299 15.1482 3.23355 13.8607 14.8104 12.0578 7.56196 0.00990603 6.94186
-10.4651 2.79544 3.41272 4.46282 9.611 4.85886 11.7964 7.96553 9.43755 62.0156 0.0154155 6.90463
-3.4869 7.94989 2.1756 1.51746 29.3556 6.47207 7.58038 15.4966 10.969 22.5809 0.0237174 7.39766
-47.4865 5.80458 1.15752 12.6684 9.23787 2.59062 15.166 15.8294 14.7801 20.6065 0.0241483 5.45074
-9.50963 8.4456 3.20475 12.5888 12.4553 2.28151 4.82999 21.8908 11.1349 16.858 0.0912721 7.04675
-66.2354 6.40989 12.8327 2.99197 18.0724 18.2683 2.83436 12.6824 20.9394 22.5678 0.189797 9.64866
