-9.87834 7.55077 2.04583 46.0568 13.1488 10.634 1.1645 0.314606 10.5438
190.913 3.15597 7.46294 11.1883 10.926 18.4331 8.40366 0.507458 9.36671
180.944 16.1072 5.88299 5.74135 21.174 7.50463 5.78218 0.1001 5.29999
389.059 4.59056 1.94265 8.61871 7.4378 7.65962 17.4619 0.113928 5.93551
149.817 3.76072 16.1906 20.0366 0.82942 10.2166 21.855 0.0241025 5.34658
152.451 6.13072 74.181 10.5913 1.78272 9.88089 4.49284 0.00395889 8.20499
96.9366 0.381268 60.9878 14.0536 13.3682 6.5695 1.62447 0.00591727 7.96376
94.4612 14.078 2.21745 47.0104 1.99354 4.46414 6.28368 0.0526557 6.83134
77.1777 60.7264 15.3558 28.6119 10.1023 18.6108 22.918 0.049976 11.9654
-46.4517 46.7211 2.50945 18.7226 5.85481 20.5034 11.5849 0.0637034 8.56089
-21.2638 9.11935 24.586 1.75321 5.27824 15.2948 3.51823 0.003772 4.37089
63.2953 5.7092 67.1932 6.27065 11.1832 14.0462 33.1742 0.00403554 9.04084
78.9613 5.99192 25.0122 13.9898 8.01598 8.37748 23.0174 0.0126307 4.82573
-66.6311 17.1872 6.68155 10.9165 12.7534 13.9657 11.3119 0.0829964 6.64068
248.439 3.28218 8.05008 10.3833 39.9751 11.2059 15.7013 0.0203682 5.9834
279.944 5.12359 8.23947 1.88553 26.1209 4.41958 14.1795 0.00112821 3.21216
350.155 1.54069 4.44153 9.48762 5.19521 5.26646 19.3135 0.021995 4.05918
108.516 16.7029 13.123 8.62546 3.28503 81.1574 7.10041 0.0418697 10.1705
299.126 10.6034 3.25103 20.963 10.8552 27.2967 0.208144 0.110995 8.30214
287.007 24.1669 1.34709 10.9861 17.4703 15.3268 23.1045 0.00460154 5.88849
228.002 6.34484 10.302 27.5975 19.0128 14.7043 25.3692 0.00569805 5.81961
408.874 21.7874 8.64686 1.76217 3.45645 7.25384 17.6492 0.0285086 6.13166
333.352 21.8285 7.55917 38.1385 11.0103 4.75587 5.4972 0.229831 10.6253
-38.9524 42.9688 7.50437 6.68489 5.58216 18.0342 31.4812 0.202431 10.7577
187.221 3.89988 1.96663 23.8656 8.53311 10.7613 8.84091 0.431989 8.94821
378.878 26.1349 7.81009 14.0786 18.2924 14.4115 8.88715 0.172116 9.63062
13.5207 11.0926 21.6658 3.04375 16.5507 5.12608 19.4456 0.0104959 4.8672
-43.3387 16.7204 25.5378 4.71211 9.86812 26.5332 3.68221 0.00404864 5.49565
217.125 15.264 10.4895 6.46998 15.3973 35.4181 2.86218 0.0167222 5.5139
320.959 5.52767 6.82061 6.41756 43.1263 35.1518 5.06326 0.000767755 6.52269
193.86 16.3242 14.675 6.63111 19.5015 5.88758 8.23279 0.00416377 3.35387
301.935 18.3252 26.6978 10.7999 10.9076 26.488 8.90625 0.154638 9.4472
31.9738 12.0256 15.514 7.38369 10.7577 27.3534 9.34519 0.161681 7.45079
51.5007 15.637 22.0476 7.57256 8.4717 28.1221 9.15696 0.266624 8.9446
83.9685 44.055 22.7208 2.03875 0.354021 9.15229 20.4809 0.189996 10.6731
-3.39584 44.6979 20.4789 23.0358 16.9328 2.13641 14.5334 0.139087 10.3777
86.9376 24.2378 14.1657 16.5104 3.1487 8.58474 7.2862 0.0270104 4.73135
-58.1667 54.0063 0.10872 23.6237 11.3767 6.50217 5.20043 0.0433411 9.61009
-45.1132 54.0063 1.17353 45.4202 27.6521 5.28778 5.20043 0.00992719 10.765
185.524 3.01953 9.06451 15.1678 25.9292 8.98513 21.9525 0.0394297 5.73579
163.561 3.20726 5.15857 37.8105 9.3529 6.61843 14.6285 0.000180115 3.47343
167.669 0.997414 9.47147 43.8509 19.5236 15.0627 14.0992 0.000180115 5.6876
104.727 37.8968 8.21117 7.94613 2.17769 5.46102 24.6144 0.0201185 5.98119
163.243 7.66364 21.7528 34.8511 6.65045 4.01024 23.7608 0.0429891 7.1605
211.988 29.892 22.6192 3.18109 7.40359 3.72256 32.3008 0.0149741 6.93228
119.262 7.1113 20.7016 15.9069 11.2724 9.27207 28.9054 0.0170401 5.39201
206.429 8.04834 7.23912 22.4555 6.29356 11.9497 7.67118 0.267264 7.136
305.673 8.92927 30.5385 2.95833 12.8861 10.106 2.36679 0.044602 6.0606
53.0773 6.11424 34.1422 31.7306 5.44905 10.9669 42.4403 0.0741738 10.111
78.484 52.9192 18.4706 21.1179 11.423 8.66602 3.3828 0.00827762 7.7952
-9.94944 15.4152 22.4076 26.8598 10.3696 1.55201 20.9841 0.0430766 7.23061
-34.9889 45.5394 2.3437 27.7204 32.1049 21.6179 1.51641 0.012583 9.64564
74.9512 30.6735 2.3437 37.3614 23.9439 7.00453 5.66697 0.0317802 7.89906
147.234 10.1892 28.1042 26.0757 19.5546 8.57233 17.0039 0.131362 8.78263
133.236 8.73861 8.12653 55.9863 18.4857 28.4543 29.3493 0.0437094 11.0048
281.756 2.59078 18.84 24.0966 8.90675 17.277 33.9929 0.0295761 7.67037
-3.67738 8.70277 17.9405 20.2388 1.54615 12.5992 17.0848 0.0066327 4.94463
153.519 11.284 14.3246 7.81169 1.14466 15.0363 7.15562 0.0531245 4.63905
-68.7953 7.81605 25.9837 18.8764 11.9141 0.915162 16.8003 0.131811 8.46355
-66.252 10.0678 24.5781 17.8567 19.3445 3.11279 33.6398 0.0280931 7.97965
183.257 21.8812 38.671 32.8799 26.458 1.86818 20.4858 0.0857699 12.6894
37.706 6.35193 16.8256 21.2135 28.5295 0.744002 34.7111 0.18156 10.4072
201.659 6.37157 37.7068 22.4409 43.6669 5.35442 16.487 0.062722 10.9946
156.648 3.10838 62.8707 20.2829 20.6365 2.61281 22.3159 0.0917846 11.9364
32.377 21.2379 27.8373 17.0796 1.26951 6.27992 22.0314 0.0237111 6.67884
224.114 28.4796 21.9875 1.6569 6.29782 18.0575 14.732 0.0164322 6.25097
340.419 27.041 30.1646 17.2554 7.35624 17.6002 11.381 0.025238 9.30402
141.394 19.0902 24.696 5.39887 23.4424 4.23324 15.9031 0.0531377 6.59907
271.378 24.809 5.12411 4.91083 10.5212 6.09567 15.3474 0.00239251 3.52096
86.7743 25.0063 2.66382 11.3507 4.71371 8.67305 6.46821 0.0102903 3.59279
17.5753 47.1153 4.26805 24.9869 14.9261 4.40861 2.75877 0.00389642 6.32607
368.189 25.0215 40.6607 0.728015 10.1926 9.70242 13.6646 0.0263411 9.8976
210.945 11.0976 7.56466 4.72421 5.38455 21.4491 18.1539 0.130235 6.12504
328.318 10.1291 4.74187 12.0522 6.2242 4.93175 0.123577 0.0176592 4.60227
219.129 8.87972 1.00576 15.5342 11.5039 2.61794 3.40524 0.00605418 3.01025
149.187 1.73154 44.0917 11.6237 27.3625 36.145 4.09987 0.0430002 9.87332
-60.0791 27.8375 19.0798 13.5535 44.299 51.5233 3.80117 0.0141401 11.3168
53.4985 36.6389 13.3396 7.63186 8.08461 43.1367 18.6807 0.00399439 7.52454
-15.3486 27.9792 3.6451 3.97038 0.466064 19.5787 18.6496 0.000769022 5.52056
92.3292 10.8245 8.28659 4.46306 10.6544 1.92981 11.2774 0.000305392 1.85471
107.232 21.8484 26.8157 14.2853 14.986 6.98282 20.0372 0.00392119 5.45305
82.3127 10.2504 18.9785 8.0097 5.98807 0.382402 12.7018 0.0106982 4.14529
116.32 7.7414 2.0137 20.0957 20.5947 9.8712 9.17444 0.00190817 3.32962
40.0909 11.427 4.40585 13.6748 17.654 8.94847 10.729 0.0257563 4.36914
165.737 11.1475 5.11057 3.30287 18.4653 9.36579 31.5778 0.068528 6.18885
84.6322 25.1213 2.0616 32.8569 35.6505 21.7666 31.0957 0.0491435 11.0497
65.7119 28.3126 8.25896 33.7138 41.9108 23.7442 28.4613 0.0215299 11.326
215.689 26.6835 3.84426 10.6543 15.7004 41.8082 29.9558 0.176162 11.194
230.905 1.76331 8.42511 13.0727 20.7006 0.858924 31.1178 0.00259528 4.96975
273.085 2.83208 3.00949 22.2231 9.22011 15.4216 0.749857 0.00259528 3.72268
104.956 13.1627 4.75281 19.96 23.8932 8.72118 1.97223 0.0203665 4.7572
305.807 4.27607 7.68912 11.4867 16.8885 16.9667 10.1954 0.0332067 4.70574
305.807 17.3277 9.74011 15.4022 5.0973 14.358 11.0466 0.0135138 4.5929
30.8235 42.945 7.44292 9.26507 4.07135 20.6232 6.54091 0.0012728 4.88851
43.0266 4.43828 4.87899 22.5006 11.4234 22.7744 10.0088 0.0110068 4.7428
194.647 6.25355 0.498375 20.7482 17.1175 31.4228 3.849 0.0574037 7.06516
215.951 10.8041 9.51509 0.308215 9.66154 33.5744 8.20952 0.0892191 7.09873
265.349 6.80987 16.4963 10.4224 2.3475 26.7209 8.46698 0.00513672 4.05508
265.349 9.74701 21.4288 1.03146 1.45393 10.3221 21.8065 0.0026565 4.34398
34.9493 18.9474 18.3919 11.1707 7.56682 15.6502 5.2185 0.0220234 4.69595
343.667 6.84526 15.7949 3.99359 4.73418 17.3459 6.4289 0.0169701 4.04046
5.18008 6.24457 21.89 24.6092 15.5503 6.04875 1.49816 0.0386303 5.93878
280.759 2.93708 8.93319 0.860207 15.5328 8.72166 12.2764 0.00532474 3.2631
53.1033 1.84947 25.6191 12.1954 8.33926 10.1155 0.399972 0.0027455 4.30467
243.911 0.179625 8.49411 20.5682 1.35818 16.1643 18.965 0.0129761 5.76471
352.915 1.95778 6.29574 17.5838 10.8446 19.9184 26.2752 0.0129761 5.89111
206.185 26.9825 9.96568 18.6782 43.1488 39.13 5.2438 0.00255831 9.4472
439.905 7.85338 2.4272 8.80211 55.1331 20.7914 4.85885 0.0421379 10.5246
60.6791 4.82744 22.1733 14.0821 30.9134 14.6278 16.9836 0.0399495 6.92856
-4.21195 17.0343 15.4299 12.0603 35.3903 22.2298 13.1126 0.0124737 6.94489
136.768 5.99398 7.46566 4.12697 16.4172 11.4153 5.68173 0.00438237 2.46548
258.475 2.99387 14.0024 4.12697 31.532 9.27035 9.80789 0.002755 3.95889
283.449 6.63585 7.15507 26.7885 3.67338 13.4527 5.43223 0.0478826 5.1666
326.37 6.82405 10.0618 35.2367 6.95043 26.5007 21.3419 0.0154854 7.72269
401.611 7.4574 32.8552 9.33351 19.6617 7.49223 32.8818 0.0177518 9.25603
30.5675 7.79926 3.84985 27.7829 8.95794 8.56365 21.2112 0.0322459 5.58917
227.259 4.55906 1.23903 17.4058 9.38711 9.13868 15.217 0.261695 7.31995
239.433 5.04253 13.7752 10.9828 9.16838 13.6899 12.1799 0.0127816 3.42494
-50.4354 4.30373 21.9871 23.4933 74.6496 17.4328 12.6576 0.0127816 11.2409
-74.4641 7.73278 18.0532 12.5609 11.5701 17.6152 9.77257 0.00397623 4.8549
166.819 8.46086 2.83315 67.4308 19.0081 16.1606 20.7466 0.00321357 9.26531
179.534 22.8922 20.3871 25.2971 5.14759 3.37951 11.7522 0.177961 8.37283
260.118 12.2479 13.5033 18.5597 26.0524 13.0494 10.4851 0.102379 7.57323
156.489 18.6165 32.0226 9.96621 1.4328 27.4649 10.8197 0.112623 8.52771
37.8284 17.1512 32.311 9.02518 8.06748 33.5986 5.97473 0.0449147 7.47613
210.13 29.4078 30.3477 11.3239 3.30635 25.2942 4.86337 0.0122106 7.24433
8.88964 31.2392 40.2951 8.51499 31.4957 23.1651 3.81288 0.0207248 9.64816
382.973 26.3934 7.70978 16.1565 3.62266 27.9192 4.14617 0.0721156 8.66368
92.2366 4.88063 4.14765 14.6771 18.6618 22.1187 7.65784 0.0205671 4.65821
127.92 5.20291 6.147 14.6023 25.9265 26.5776 14.4517 0.0355075 6.14597
389.439 8.37498 7.66634 18.0035 1.26734 2.99873 11.5968 0.24034 8.06265
169.405 9.83858 0.823799 6.71157 3.61154 8.38496 13.0942 0.0323946 3.91333
408.447 0.51123 19.7911 6.95644 1.06317 11.725 9.34942 0.100078 7.38662
155.466 17.5761 11.7493 9.77504 9.75393 23.5268 3.77627 0.0469411 5.18458
238.989 17.2902 8.1433 8.44402 25.7493 12.93 59.1694 0.00523393 8.34115
251.844 2.44633 18.7981 4.20036 25.851 20.9927 18.5268 0.122636 7.99458
286.217 36.936 12.8657 2.3974 8.40747 1.12901 2.30076 0.0149763 6.21246
357.292 21.6743 0.713085 10.87 1.52913 3.48226 20.2039 0.0747815 7.23647
425.512 1.85817 9.72758 7.41558 2.10198 11.3568 9.11359 0.0417715 5.03386
0.546071 37.5923 9.74921 6.17064 22.5955 5.46289 9.51742 0.00551156 5.25266
161.051 30.493 3.97541 6.84596 39.282 9.73728 10.478 0.0473524 7.51644
139.757 27.4811 30.8753 7.23317 13.0465 2.73419 10.4226 0.0358017 6.55431
182.839 3.43597 7.40517 32.5354 3.05937 15.6729 58.139 0.0692327 9.87734
-28.8524 1.9585 5.83197 30.2843 6.14547 8.47182 28.2147 0.524158 12.3445
333.198 4.36405 5.10669 15.3682 9.62504 48.0834 15.7334 0.138551 9.26281
143.155 24.3769 9.0939 46.8714 11.7241 54.553 11.6438 0.0197633 11.3221
-28.7957 28.2636 17.459 32.8517 12.2771 28.9583 50.0548 0.0297301 11.8593
46.0434 16.8702 21.5356 37.6798 2.07011 2.25204 10.3964 0.0514442 7.31991
186.526 20.6268 12.957 29.9317 8.24341 4.08778 37.7739 0.00288793 6.7324
99.5028 1.71959 17.9217 20.6574 22.0733 11.9237 24.2684 0.0115954 6.00868
173.414 9.36784 35.4779 6.45737 23.4466 8.98372 10.8744 0.00664878 5.38724
147.279 7.76382 18.1692 4.30675 6.27928 1.89742 15.2016 0.0369733 4.16521
279.995 5.19045 1.96895 4.11982 20.9277 1.10119 9.99311 0.0418368 4.64478
168.837 5.0556 18.6004 14.6237 14.1023 21.0916 15.9627 0.273325 8.63831
127.617 6.18881 2.32279 13.4733 3.66156 20.5815 4.13865 0.0255222 4.0531
179.107 7.25217 20.9391 10.9809 0.0863824 19.356 4.06749 0.0362578 6.14776
265.601 13.2241 22.0275 8.51706 11.5522 8.11639 11.3731 0.0309654 4.95842
212.241 21.7953 2.49382 6.04579 8.77428 2.92998 14.0694 0.00881239 3.47992
163.508 8.00769 20.7188 22.4756 11.4578 11.2994 12.5942 0.00718292 4.38732
107.5 24.2384 26.7933 3.67839 13.6242 27.9816 16.9482 0.0111688 6.76947
6.85545 10.5702 34.302 11.0328 24.3696 18.1514 3.15182 0.00866238 6.19564
-43.5133 50.7887 23.6216 11.4024 6.93044 43.3449 19.7052 0.00565149 10.0882
94.2673 35.795 23.2309 4.43279 3.46393 8.70515 23.555 0.00652366 6.00074
108.223 16.0707 26.6782 20.5085 36.6046 12.1025 13.8944 0.0026783 7.06831
163.619 2.58413 33.4994 28.1489 4.24036 18.1049 9.83104 0.00124771 5.43311
81.9256 11.9783 18.7998 18.4591 6.58307 14.0503 7.65997 0.00142107 3.23647
-33.0555 12.0617 1.18033 40.5541 2.205 3.37078 29.4631 0.000149471 6.07527
118.377 11.643 15.5211 3.90964 2.81495 5.13551 3.48492 0.00207579 2.17527
148.35 5.80807 18.8341 12.2565 6.13993 3.79529 10.0946 0.13334 5.41835
370.717 5.59724 21.92 4.01675 3.68692 21.2056 12.2538 0.00849592 4.96699
199.396 5.6411 0.628852 38.5372 4.06495 29.2293 10.2414 0.025788 7.14621
378.102 11.5466 1.73773 20.7632 15.0236 11.5713 1.48869 0.0557198 6.76072
40.4144 17.9091 37.9149 6.97511 16.9809 4.58922 22.7222 0.00646168 6.25988
75.0725 3.63549 42.2511 7.01492 38.1631 9.4475 9.66493 0.00664692 7.03372
64.5673 6.6158 24.4142 3.18884 16.2946 11.8063 6.92567 0.00914952 4.03521
341.164 7.35305 9.55902 17.2296 18.8802 15.7105 16.2274 0.0340285 6.19787
186.752 8.71165 17.1748 5.60761 27.5328 24.9117 5.59442 0.00797433 5.04705
174.852 5.38846 9.98748 11.922 12.0354 9.82745 8.67661 0.00807834 2.66102
159.946 17.5745 2.93243 19.3299 6.20545 9.2598 7.55711 0.00150473 2.70977
58.3653 23.0262 10.2046 30.8131 37.0329 3.75659 8.3549 0.00322855 6.6911
2.5267 22.4445 11.1355 17.1833 5.431 35.6544 18.3184 0.0592536 8.10278
80.5845 29.6555 4.97564 23.2334 8.89897 8.58222 5.64699 0.118258 6.85561
215.238 19.5918 16.5362 3.71777 19.5245 14.1996 6.19999 0.207879 7.7683
171.756 2.86682 6.36002 12.1169 8.02128 4.4133 22.9608 0.233988 6.85598
182.529 13.3452 21.5094 6.2334 8.0242 10.5043 17.997 0.0521144 5.24372
328.372 22.9294 0.743432 6.94834 7.48648 10.5484 12.1563 0.00146969 3.97277
149.326 14.7994 6.74441 7.49552 8.99652 13.8716 21.3596 0.0324655 4.56596
282.406 12.0144 43.6831 15.7555 5.50296 20.7436 26.0829 0.117506 11.0448
52.0992 9.64123 5.47645 20.1926 6.16526 21.8171 25.8325 0.0158856 5.64716
144.902 1.19196 8.7452 22.4637 8.95098 19.5473 6.92259 0.108316 6.25195
209.688 8.71501 32.5609 12.7847 10.6296 17.7371 8.06595 0.124923 7.50966
329.402 5.085 30.9139 9.45174 38.7649 16.5045 18.4792 0.117393 11.1623
239.967 9.54273 22.2537 17.616 6.10518 8.88373 10.4659 0.0707062 5.71477
305.986 9.46827 37.924 8.4545 2.43572 7.12373 12.1927 0.0850797 7.4596
147.362 9.36456 9.69153 5.04046 8.16933 2.64789 15.6626 0.0559139 4.13822
366.316 5.13724 28.8237 9.65115 2.25544 4.51406 10.3013 0.00422692 4.64944
116.659 0.204983 54.1004 23.7073 10.5886 9.53068 25.7701 0.0500866 10.8021
167.075 4.80959 20.9968 25.2368 23.6652 20.2753 7.06473 0.0420511 7.02393
130.395 9.43923 19.9903 3.02842 31.8395 10.7523 15.228 0.114199 7.36691
131.18 7.34697 1.91695 5.88266 3.72202 4.09687 14.1473 0.336568 7.3737
140.315 24.2973 5.32359 12.748 6.84298 12.9086 31.7555 0.183928 8.3369
91.6582 25.8527 7.64795 1.20921 8.46861 20.609 14.9345 0.0377757 5.90292
152.833 35.9533 3.72422 13.43 6.83087 18.2969 9.34582 0.0420156 6.20646
127.046 9.63355 4.72729 34.8686 26.9745 2.38939 4.83822 0.0440207 6.5247
-12.7589 8.6242 6.23955 20.3638 13.6109 23.2675 2.48946 0.0388021 5.98185
72.1396 38.4435 5.60098 17.1192 17.0664 28.7883 38.3932 0.0315526 9.94797
378.078 4.33767 4.1564 9.72779 23.4289 60.4418 13.0622 0.407799 14.5764
168.175 12.4612 1.07523 15.9658 6.26359 55.7003 5.73604 0.0285742 7.61267
182.264 4.76559 8.95674 13.8818 10.2409 16.6743 7.83586 0.144858 5.64677
171.78 4.5251 3.98765 7.44164 25.0384 22.3045 5.27121 0.0857537 5.8683
209.693 9.95405 7.17099 13.084 3.00174 22.2049 1.42657 0.0580038 5.0295
123.158 7.38771 8.07231 5.5357 41.1404 22.4327 15.0674 0.140735 8.44054
55.4338 11.247 42.7263 14.2297 62.4564 19.0081 19.1143 0.0187924 12.1906
135.045 0.963195 9.64258 0.534404 4.26116 0.709065 18.8803 0.0134281 4.99036
291.707 4.80086 10.1258 5.15266 3.99217 41.7324 20.5947 0.00657741 5.57278
35.6565 30.2859 16.9122 6.21237 5.18975 39.6327 5.95944 0.0059164 6.37461
198.957 5.65463 2.4093 4.37804 10.1786 41.4644 43.7097 0.00315365 7.14287
418.026 8.95478 7.33579 0.78498 33.3511 14.4296 0.851811 0.00945693 6.98774
226.123 26.4261 13.2283 17.0836 27.1345 16.2933 5.0232 0.00317581 6.22237
119.122 10.395 16.15 27.5346 14.1738 16.9785 4.05841 0.00317581 4.42584
131.28 17.807 11.8798 46.0063 2.02085 19.951 3.2083 0.0818318 8.62596
142.468 5.36299 0.253325 20.5313 28.8711 25.4102 5.41868 0.122079 8.67287
157.731 5.60834 12.794 57.9227 27.9614 18.2492 28.5004 0.0866995 12.3767
183.659 7.05235 13.623 6.65009 30.1419 6.60474 32.3266 0.0123574 5.82544
171.697 16.4347 0.306648 5.70292 27.5876 33.7783 13.2893 0.0183723 7.36178
171.24 38.3578 19.732 3.80458 14.5323 44.4633 0.659461 0.00988308 9.14222
286.069 1.44291 3.16387 2.27016 43.3205 21.4952 1.17518 0.00375379 6.18023
68.2209 13.4528 5.0379 20.5401 0.103009 18.0039 6.04855 0.0127339 5.56085
228.471 43.3538 27.6133 8.30397 12.0502 10.4264 19.008 0.0154636 8.8128
222.28 12.0086 10.3302 9.98181 14.6508 13.117 9.77803 0.0186567 3.80218
232.189 17.3668 15.0587 5.34624 61.4501 20.1952 15.8884 0.256231 13.3523
199.003 5.33381 11.1989 18.6794 19.8595 58.6556 9.62612 0.137655 10.3645
248.033 6.82491 11.4755 16.3716 14.0204 3.41364 8.55847 0.0215117 3.82981
222.863 7.23829 10.0706 21.0313 17.6048 29.5916 10.0132 0.0942124 7.32922
282.299 6.03258 3.94192 10.4479 6.17672 61.7323 5.20934 0.00414053 6.32986
204.215 5.31182 3.91883 1.55792 7.3633 55.7865 3.35926 0.0328996 7.01721
3.40197 6.14769 50.54 22.4097 5.8916 32.9279 16.8485 0.0444893 9.96028
84.1537 0.953608 1.23057 20.2604 5.73225 9.7678 21.3458 0.160288 7.60912
145.185 1.37903 4.55264 18.0059 22.3647 4.25319 11.6619 0.148751 6.59691
83.0421 0.348026 3.97016 3.40094 37.4671 3.52153 19.282 0.0810829 7.82586
-28.8659 11.1095 0.650376 4.63448 18.4175 10.8569 5.31825 0.0627336 6.3785
-5.67738 12.0351 32.7055 8.87678 15.5956 29.4477 5.31825 0.0730948 7.95931
80.1393 3.13094 9.50905 23.4715 15.631 40.5765 17.6709 0.0204837 7.2827
58.6244 6.76601 23.4159 4.57397 16.0273 14.373 12.0895 0.0206719 4.80125
-60.3872 41.9689 14.0045 13.9407 5.53429 15.6405 24.7247 0.128979 9.7185
134.073 7.80043 6.81889 24.8206 26.5879 6.31447 7.8906 0.383156 9.43475
263.866 4.98881 14.9395 11.504 13.343 2.73472 6.90825 0.156052 5.88155
-64.8831 14.1806 18.1868 4.51983 16.805 9.69554 10.7414 0.0211833 5.45513
313.924 12.0949 2.42883 17.4408 11.0625 16.504 56.8967 0.00308819 7.68712
175.853 33.5675 4.89315 15.2796 19.8854 7.75484 22.7931 0.203682 9.43283
-29.2149 53.6486 5.38868 26.9887 50.1003 44.9929 2.40431 0.0605259 15.1738
2.15184 38.3749 5.03958 15.3129 8.91754 22.7839 10.8664 0.0482616 7.26351
131.879 15.5738 8.66419 16.8596 6.2208 25.2497 3.71516 0.107442 6.29654
221.727 3.85178 19.3242 15.2897 11.9085 18.7022 22.3917 0.0509158 6.33226
197.889 6.57579 15.217 15.9447 1.03613 8.10634 12.565 0.0257601 4.22497
367.006 4.80293 11.1831 6.47229 4.71966 15.6675 10.0756 0.00893385 3.51933
232.675 15.4439 7.13511 8.1114 9.07007 4.34917 3.91675 0.125984 4.98367
435.697 13.6568 1.33975 21.0989 3.81055 4.12069 9.86706 0.197731 8.6918
222.007 11.37 1.11944 11.8509 6.22506 13.4271 7.05965 0.074901 4.76665
262.006 12.3679 16.7671 16.5758 16.9152 7.0573 21.3352 0.0500931 6.47237
245.693 11.6104 10.573 10.67 13.9431 20.8936 23.3729 0.0351709 5.82233
197.733 15.1775 7.18316 30.5138 17.1987 0.592721 13.5731 0.0030345 5.30417
-13.4226 10.3956 12.9274 30.8463 6.79024 2.8567 16.4881 0.013087 5.26183
-52.3475 23.9628 10.0194 15.0347 23.0317 6.6747 39.1374 0.0273345 8.25151
9.67097 10.1202 3.60433 3.538 16.7212 25.7439 2.24061 0.00417514 4.62959
60.8171 25.5699 9.47707 8.15335 18.1311 4.75399 17.1383 0.000332421 3.48016
137.776 33.6443 1.45302 35.5547 18.4063 17.8324 3.5922 0.00330522 7.30551
-11.9833 9.67438 9.00771 3.92425 6.90358 16.7434 5.24904 0.00123235 3.18454
161.643 48.0149 21.91 8.48169 10.1787 20.6133 8.63188 0.312463 11.7528
-50.7155 34.5372 9.7367 13.4034 5.97251 14.9791 6.6491 0.156978 8.11043
265.478 17.0011 19.4329 4.97082 10.5531 16.8201 6.16961 0.0557405 5.66675
229.461 9.35991 19.192 7.68843 19.4846 12.5143 11.3844 0.0075817 4.09664
185.926 14.0926 5.60106 4.91697 34.6956 7.72025 10.2705 0.00600837 4.25243
249.748 5.23411 1.93219 3.63123 1.29011 4.22755 10.2705 0.00976683 2.75242
257.087 10.5421 4.35125 8.64026 3.65254 9.43389 5.97654 0.0658156 3.91273
103.029 0.180714 6.48037 4.23691 14.7707 6.03851 5.90035 0.0187845 4.37247
86.5774 11.6545 4.77453 4.23691 2.80446 1.74071 1.6919 0.0187845 3.48458
-38.2556 7.05792 5.04878 5.3692 10.8275 2.25403 2.38866 0.00598704 3.81977
91.3763 4.54584 8.68925 5.3692 22.3425 8.91947 0.727937 0.00598704 3.59455
145.9 0.582221 8.43265 7.50593 13.7594 8.91947 11.3223 0.0374227 4.36616
113.287 11.0766 7.13767 2.47838 26.1161 8.91947 11.0871 0.0336597 4.69249
239.779 21.4176 0.864895 12.5164 25.211 10.1006 5.58216 0.0157693 5.47188
325.379 47.4334 1.81184 12.1085 2.08158 55.938 16.7374 0.0905176 13.5119
134.375 22.3038 17.8383 0.734938 12.9448 55.938 7.57334 0.0418032 9.22845
144.925 13.8069 17.7624 1.72748 6.34725 45.0647 12.2892 0.00100318 5.42235
252.145 42.267 5.86362 5.42962 9.62278 11.2901 4.82035 0.0523523 6.76505
333.949 0.754726 12.6612 22.6891 14.4589 12.4985 0.939836 0.110621 7.81042
74.3614 13.3613 6.45625 52.8666 26.2912 26.4542 5.73057 0.114425 10.8429
108.859 2.71463 18.4605 47.6474 4.78673 56.1832 24.8469 0.0451958 11.9955
169.692 11.1414 9.15661 20.449 4.98332 54.55 17.2476 0.105722 9.40264
76.2324 8.35073 15.8743 30.9273 2.29867 4.82902 11.1264 0.00325255 3.99118
297.119 24.2366 14.3422 10.8881 21.9576 5.1009 29.5997 0.0105518 7.27261
137.439 58.1673 35.9842 8.57257 17.9868 7.89594 22.2364 0.00408174 10.9229
136.611 15.8124 26.68 15.2485 29.1116 0.699892 16.0397 0.014766 7.15828
217.486 8.05372 19.0503 2.32857 40.6051 8.7224 38.3754 0.0159346 8.17684
192.13 18.4594 19.0678 14.444 24.3408 2.69064 59.3646 0.00234491 8.79011
191.189 30.9291 15.5324 10.8252 12.9739 1.68202 6.25333 0.0212746 5.51637
11.7318 16.714 20.7687 0.516339 12.4777 2.02225 42.1592 0.0404384 8.49875
88.7059 23.6885 8.72735 5.83005 3.49581 7.55063 20.5 0.0676447 5.58119
58.2729 24.1317 26.8837 6.59035 16.7218 13.6309 7.28928 0.0740811 6.89985
206.508 24.5341 2.36727 2.63392 6.65348 36.5408 12.916 0.135761 8.19949
161.7 8.542 43.0869 22.154 3.62523 13.2923 30.1149 0.397394 12.9859
235.705 2.17638 18.6102 41.9049 2.51476 19.2365 15.6175 0.0659475 8.59397
291.367 1.56984 11.2629 9.71059 21.5412 48.8577 15.0621 0.105291 9.50307
274.249 4.34149 10.6364 5.56261 17.6982 24.5506 11.873 0.0723916 5.88657
-12.7791 29.8619 7.28801 2.87783 12.4946 6.43802 4.21607 0.00474576 4.07121
142.589 3.5259 1.99426 5.07648 12.2374 5.81369 1.82688 0.0225918 3.32048
350.846 8.34119 14.0714 7.19583 12.6335 5.80459 9.10967 0.0454638 4.75497
294.706 2.65961 6.3915 11.2357 15.2057 10.8631 6.52644 0.0295961 3.8686
325.241 1.43357 3.00099 9.30135 8.81943 3.3249 18.3016 0.0650323 4.97213
34.2094 9.93424 16.3824 8.21505 44.4352 17.7955 3.18263 0.0127925 6.47068
50.4145 4.05899 3.04353 19.4494 1.48168 7.48839 25.7835 0.00922789 4.87876
128.183 4.502 6.39695 26.8351 5.51901 10.0341 27.1396 0.016665 5.05259
73.3551 12.8089 16.5892 3.76098 23.5431 27.3594 14.7933 0.0357279 6.58842
105.732 0.60039 31.3173 3.58263 12.0499 26.8366 14.8927 0.0605559 7.66053
111.888 5.37956 62.5738 5.93074 11.3215 26.5321 3.51478 0.061479 9.49325
91.8289 8.97791 20.0352 28.466 3.71257 23.3679 0.128747 0.114821 8.81575
0.313302 23.9197 15.4585 6.37972 3.43187 19.8036 2.27188 0.0458887 5.96889
247.515 6.38576 33.3412 2.72155 14.1717 12.1845 2.56326 0.0286776 5.57143
249.111 27.1298 37.0331 8.06279 12.7752 6.46256 8.18374 0.112856 9.12203
251.282 7.1219 7.69432 20.5217 6.92759 35.6145 12.4011 0.137583 7.83269
157.35 14.5927 20.4669 3.2926 29.8335 22.2768 20.0555 0.00737195 6.39856
-58.4661 32.4754 2.157 13.5419 9.74872 29.5575 26.6365 0.00737195 7.82743
142.069 41.522 13.2896 9.95048 7.09426 24.2971 33.496 0.0424812 9.1629
147.068 27.6599 9.54268 2.19595 0.800748 14.7703 1.14778 0.11056 6.94455
137.43 9.11364 17.3463 8.57022 23.3741 19.1365 18.0367 0.0376031 5.99185
358.805 2.97508 13.0478 5.29547 17.7137 16.3414 55.7133 0.0120477 8.22979
98.5458 32.2309 14.8798 14.0175 1.42224 48.4687 4.01198 0.0265955 8.57162
115.001 15.1939 2.23234 20.2504 5.72717 27.7533 28.3013 0.00468642 5.83724
-64.0528 20.8488 5.14221 14.6811 10.5901 12.2567 24.1182 0.0139597 6.04462
242.163 21.5898 7.07439 13.5728 25.148 17.0982 14.6862 0.0310658 6.59568
62.2089 23.0545 18.4622 3.02608 2.98093 38.579 17.4656 0.0372009 7.68443
79.2667 53.5154 21.4108 8.05682 28.1695 18.7709 23.1365 0.106349 12.1854
-25.2542 24.1186 23.305 5.03643 4.6106 33.2093 25.644 0.0310433 8.41684
157.97 11.3006 3.28748 10.9409 15.7105 16.8429 18.4036 0.0278688 4.74737
183.05 13.5934 2.05507 9.39735 24.9091 61.2183 23.0384 0.0365612 9.95951
184.651 15.0404 11.1815 11.924 35.7195 4.64743 4.96649 0.0330487 5.80034
137.856 23.8623 4.46514 5.11708 14.8636 37.1113 4.50124 0.0121706 5.71742
49.1755 12.438 44.6516 2.02636 3.2284 9.6274 13.5813 0.0190034 6.16003
255.357 1.48508 20.3143 17.9895 8.51071 6.74248 2.20382 0.0374109 4.97873
269.798 7.15667 14.6508 4.40156 2.94491 7.05374 4.09442 0.097816 4.57186
262.399 21.3202 1.53824 20.3179 12.693 22.234 15.5553 0.0708638 7.60159
133.294 7.04151 24.9905 17.0134 13.4981 6.31069 26.977 0.0485763 6.49221
267.806 20.879 25.0419 26.9632 20.3092 14.218 18.6253 0.0174288 9.10619
88.6667 16.562 20.9322 11.1454 3.87025 34.8911 30.8816 0.0181173 7.57762
220.126 3.61881 21.3109 2.35834 4.07968 6.75338 47.9162 0.0410421 7.12449
587.276 4.69397 8.50255 11.568 6.25489 13.0751 1.79363 0.245797 10.7746
213.407 5.71503 8.79813 12.9792 6.20106 1.40743 10.5488 0.0751185 4.38764
99.6054 8.32282 27.9818 7.30544 3.41702 4.49386 4.82539 0.0224822 3.98287
187.176 14.8179 5.89946 4.43916 35.2446 10.9069 13.2935 0.0130724 5.07889
232.174 24.5072 0.89762 21.1151 45.51 8.1806 17.8728 0.00511108 8.53568
257.247 4.23292 1.56433 20.0564 37.329 24.7927 1.40776 0.0125375 7.05015
216.602 4.13325 11.8892 22.0885 24.1753 38.3916 7.13357 0.012409 6.84317
345.252 9.98601 19.1169 3.89025 23.7261 22.6429 24.1175 0.00612502 6.85798
-45.5189 7.72371 16.3636 12.5819 51.4576 42.8875 22.774 0.015696 10.8434
82.1233 4.62102 13.3811 3.01678 16.4003 5.36965 2.72534 0.0488872 4.35414
294.302 11.8559 19.2804 24.013 3.26708 6.58393 6.51002 0.116596 7.06254
366.881 4.68085 2.12988 4.89837 6.37542 7.17238 17.4437 0.242798 6.96541
54.4332 5.10858 1.7234 17.1329 8.51574 12.1179 1.71214 0.0693022 5.29262
89.4294 15.301 1.15324 1.7437 5.67246 5.46015 42.4415 0.0263366 6.68534
141.052 17.5307 1.69169 19.491 6.10393 12.9226 4.87568 0.0105165 3.80589
134.631 30.0481 3.19882 26.0255 7.1562 17.9527 13.9911 0.000764187 4.95838
176.204 13.7152 4.06661 7.13223 24.519 6.77149 9.99861 0.000764187 2.65611
268.192 15.6661 5.39612 5.43815 53.9687 28.2704 5.74626 0.000764187 7.3227
153.412 15.0444 9.59838 5.9801 20.4042 17.2123 17.0376 0.0932724 6.31817
176.447 8.67847 14.2656 8.13907 20.515 25.1271 25.5064 0.00584827 5.42693
85.9348 7.88824 1.76117 11.3374 39.5375 33.867 34.1126 0.00623865 8.52085
236.897 14.8925 14.2479 17.3188 5.61035 40.5446 19.8836 0.0161382 7.16156
106.707 1.6616 30.7359 18.6112 9.16903 1.22468 24.2956 0.0075694 5.86373
136.564 17.9925 14.2962 10.7625 15.776 4.65169 2.90813 0.0158568 3.90313
272.064 10.6819 22.9397 4.30085 21.3335 2.90054 27.9015 0.00506869 5.64782
327.15 2.78053 19.5025 8.44792 1.9099 10.0754 1.47665 0.0580093 5.25271
228.745 12.5761 9.56907 7.00035 5.60589 17.9019 3.56615 0.0969951 5.01141
291.042 7.41743 16.5323 5.2638 33.1028 8.40948 6.43575 0.177432 7.94543
200.112 4.44586 6.99806 6.63638 52.2555 23.2808 34.5497 0.14175 11.148
216.24 2.96125 18.8137 6.43522 10.9623 20.2511 26.8393 0.0113221 5.12349
143.39 6.741 1.93063 22.9394 4.10306 22.4303 0.421511 0.00643242 4.69425
124.444 7.82695 0.957267 1.19912 7.20865 7.26693 6.85462 0.0224514 3.77086
120.329 8.66976 11.4148 31.6792 14.3687 10.6717 36.0356 0.0134024 6.77054
-12.9566 5.81491 6.85827 31.5874 3.59699 14.9626 23.1939 0.0475596 6.96692
93.6205 4.36848 13.5415 9.30387 5.99917 9.47513 25.6522 0.0186612 4.37368
237.986 13.7975 12.849 13.7852 6.58666 35.2745 22.0546 0.161569 8.87591
246.168 6.1122 2.68516 3.36549 4.08281 10.9473 11.4576 0.00501123 2.29564
112.088 22.904 1.03741 20.9706 4.85448 7.16886 18.9775 0.0245173 5.4729
142.435 22.7126 24.2899 5.31419 24.1243 20.7821 9.46815 0.141968 8.68749
-45.8951 23.0085 13.9515 14.9842 8.20598 17.6323 24.1965 0.0057263 5.94946
118.078 29.8237 8.72281 43.2888 9.3579 37.2506 18.5124 0.00315269 9.17219
-59.2043 20.1273 3.94014 8.00787 38.5967 19.3078 5.82179 0.346758 11.2515
500.474 5.98245 5.7862 8.00787 24.1894 6.5504 5.82179 0.190627 9.09312
366.899 11.7771 6.15828 19.0167 47.4084 1.09196 35.3361 0.0700316 12.0081
298.821 4.09874 7.72826 10.4286 17.6199 1.93122 33.2051 0.169847 7.96714
108.958 4.09874 14.2965 10.8925 11.1636 2.7637 14.2709 0.0554583 4.53971
-5.43276 26.8126 69.6928 3.8199 11.4505 9.21553 4.74216 0.0238503 9.66172
191.839 14.7844 16.0093 10.4595 16.0757 2.11349 4.28427 0.062044 5.09314
390.319 3.15342 9.90219 5.68656 1.23193 6.31811 13.4828 0.0524454 4.91468
279.467 0.868324 1.4032 7.78039 5.36945 11.2868 9.24926 0.0662642 4.67857
152.909 28.198 26.7161 6.45282 4.54765 4.53169 2.14593 0.0466243 5.98101
87.7088 8.89395 16.355 8.31325 5.91396 8.18393 5.27563 0.0236503 3.37909
247.21 7.07818 31.7641 8.36736 29.7616 27.9712 56.4714 0.031358 12.0413
57.5239 31.8878 13.8019 60.8777 1.3474 9.66515 21.3564 0.0446353 11.2771
9.78624 7.08134 25.0022 9.65655 10.8421 5.89417 7.4965 0.00634785 3.71684
54.408 13.7198 9.39495 23.3937 9.54692 26.8823 6.49119 0.0383444 5.93789
39.1054 53.3018 5.94837 17.9071 9.49601 33.7626 10.2718 0.0442595 9.49092
226.49 21.8389 18.1743 6.25846 4.96404 28.6417 7.45005 0.11456 7.39963
298.262 4.16936 44.5376 21.5857 6.49955 7.1023 5.4043 0.0555537 8.38381
74.7209 3.51235 6.05574 14.6921 11.2171 6.57305 6.39582 0.120647 5.18447
-22.4031 23.0837 20.1879 1.18523 13.2872 13.0722 22.0712 0.488499 12.327
136.67 2.61368 57.0481 11.3346 2.40261 6.46301 2.57682 0.3767 11.2954
218.029 15.5109 19.5997 10.452 2.95666 9.77971 1.82006 0.406045 8.95769
18.3759 22.1288 5.13912 18.5456 14.878 16.7611 19.0927 0.132664 7.89903
203.083 19.9412 18.8749 0.264023 6.47613 8.78261 28.736 0.102504 8.05234
215.268 6.23749 13.6605 3.03666 9.09804 48.1681 23.6319 0.213183 9.97495
296.074 10.9494 22.3363 1.93178 3.14967 41.2131 14.6788 0.0872454 8.51242
3.30144 3.87703 51.1492 35.7492 13.7468 19.1177 7.28504 0.0295463 9.65514
52.2362 10.8501 7.80754 23.9276 18.7319 20.8279 3.37656 0.151989 7.54274
191.321 6.1926 3.36816 4.46974 8.1325 20.2222 1.82732 0.123446 5.38253
163.578 37.7224 11.2686 17.1991 8.20902 14.6229 5.48582 0.0358154 6.56137
342.106 2.40336 16.7267 32.4562 8.20902 12.1257 54.5679 0.0197319 10.1418
172.673 2.40336 33.5865 42.5079 8.20902 23.8829 54.5679 0.0197319 12.4361
150.972 10.9769 24.3532 34.2447 12.5584 24.4595 19.3993 0.0218133 8.11457
-19.8712 18.3459 9.51397 28.5553 24.5966 21.4465 25.7088 0.0141144 7.96377
-63.7309 29.2374 12.5883 55.4182 32.9744 14.183 7.82633 0.0366946 11.3361
-63.7309 29.0928 8.1162 37.9783 39.8884 17.7956 7.91835 0.0407681 10.2847
-59.6707 10.6107 32.148 15.4339 28.5501 6.68246 5.40252 0.00400555 5.95637
18.9307 43.1665 13.0915 15.4339 21.3227 17.0978 5.40252 0.101182 8.95007
91.1083 7.65729 5.86034 2.67388 24.8991 43.2139 12.723 0.0824534 8.17284
42.6804 4.31533 3.69109 35.8081 8.73464 41.5985 4.72151 0.0755585 8.49608
123.021 8.94922 1.18656 34.3572 8.35498 29.6228 28.2692 0.0341269 8.16149
406.176 15.4881 1.70967 20.3411 7.21111 8.72361 3.55612 0.101608 7.26582
160.796 8.99941 10.2979 6.49131 9.24719 13.0109 14.6702 0.00504391 2.73775
123.615 13.188 9.70273 19.2778 35.7375 21.4286 0.189302 0.00405642 6.84022
77.1017 3.62313 11.3733 6.86564 5.11436 25.3918 6.40062 0.00275864 3.34943
130.061 16.8783 12.8457 2.06529 2.7889 19.6578 35.7554 0.00845831 5.84738
172.758 10.8456 10.3404 16.4743 25.5027 5.88352 8.19117 0.0033685 3.61645
179.853 1.30881 0.549647 7.30391 21.6872 4.47455 43.8234 4.85218e-05 5.26813
180.137 15.4782 8.60443 17.091 15.428 16.0944 23.5034 0.00851022 5.04235
51.5932 9.8183 22.3721 33.1368 9.17536 16.1258 25.0231 0.00663123 6.54898
-49.5724 23.3495 22.3399 27.4813 18.3161 16.1289 31.098 0.083258 10.2692
-26.844 0.876631 0.729276 57.88 2.86863 16.7346 45.3455 0.144611 13.5279
142.61 10.1696 35.6897 37.4853 13.9819 30.6926 20.389 0.108346 11.9198
221.627 18.543 45.3701 18.5173 13.6658 11.0132 22.3436 0.186962 11.9091
187.9 11.5566 6.61407 42.704 5.44581 32.93 31.8041 0.147316 11.204
196.919 9.37526 8.02363 19.2247 6.73816 22.605 20.7143 0.000915338 3.8063
287.168 11.3504 11.295 12.9526 20.6374 5.33352 23.5636 0.000915338 4.22213
48.8414 2.58946 13.9562 9.81645 34.0232 9.88101 38.4645 0.00683865 6.96549
134.468 2.17698 11.9686 49.5954 7.80743 44.1788 28.1729 0.136003 12.4349
176.931 7.25654 20.1527 32.9988 4.71003 26.8935 34.1073 0.0485109 9.13837
175.981 7.70562 28.5897 15.3066 1.1989 17.1488 1.21599 0.015339 5.39583
282.857 6.46315 5.1372 21.2076 19.622 4.10109 13.297 0.0267903 4.95956
201.838 3.66041 9.39761 39.9369 6.16599 5.72392 19.1782 0.00950429 5.33122
245.112 20.627 1.98929 31.1733 18.1519 7.83889 9.8346 0.0212456 6.52832
168.909 4.0989 36.8265 13.4325 35.0458 1.96005 1.85849 0.00423246 6.70126
96.5789 15.6894 16.5231 8.09243 38.5262 19.4296 3.46432 0.00224467 5.47158
134.94 2.15361 26.4405 13.0394 20.3584 30.5843 6.9852 0.017371 6.43076
474.009 5.33716 13.7094 17.8309 16.6106 12.7839 17.2222 0.0845248 9.07506
173.631 9.18377 7.2952 5.1786 9.96653 73.2441 15.0222 0.0793585 9.7884
345.604 3.05679 7.12181 2.77012 21.2192 17.6888 4.45326 0.0136498 4.36074
249.204 3.60451 17.9049 3.14982 0.12976 4.56074 3.4122 0.00670382 3.89049
228.371 27.8856 20.9269 11.2926 12.7479 19.7538 20.2567 0.0042621 6.52213
89.7166 19.3211 55.3615 17.2573 1.53973 31.1913 9.42233 0.123625 11.7281
177.349 10.9485 2.00567 5.50807 50.8964 23.0974 8.83778 0.141065 9.33205
92.8947 29.4582 9.85786 1.08741 9.92938 11.6632 24.7894 0.0622424 6.92818
9.96665 12.3146 6.8124 12.3512 8.79824 7.27217 6.62486 0.0131014 3.47018
192.612 5.92163 5.49585 21.7156 5.40477 5.34932 8.45775 0.137111 5.32505
191.664 19.4959 2.81872 3.85173 0.374282 4.74606 10.3909 0.0613002 5.19854
166.88 16.8806 2.83745 8.85744 0.959189 20.1074 2.8957 0.0379456 4.88899
119.426 10.2794 15.2813 2.65463 42.9213 32.8213 3.2319 0.0528363 8.37972
157.484 18.9067 5.18523 46.6244 1.62945 36.3963 3.01914 0.0079894 8.14954
272.393 14.7011 2.94525 5.23162 11.9431 30.1466 33.6861 0.0163773 6.6916
134.582 29.0345 23.3325 9.37342 5.31944 1.28016 29.357 0.0163773 6.75863
50.2284 7.12986 2.72828 15.8295 14.7616 10.7588 28.7241 0.0464886 6.1445
125.613 54.4446 11.1859 1.73004 16.3041 6.58618 63.2315 0.00852787 11.3192
117.014 4.37264 20.7278 7.78776 10.8905 4.23149 47.6634 0.0100609 6.17861
93.2953 2.08985 10.5308 22.3226 17.6819 9.48945 42.3703 0.0283533 7.32669
48.8979 14.3807 10.935 1.77226 7.62643 13.0994 6.29317 0.201975 6.75446
154.554 14.2837 4.20268 4.54242 12.9498 18.2851 4.3909 0.00242445 2.73053
131.789 8.55569 8.05052 0.908901 9.35714 1.43182 23.0504 0.0769036 5.76175
113.087 14.9172 5.52851 2.99832 23.1414 21.1014 30.2999 0.00312363 5.48944
-39.2689 15.5431 46.3921 19.8308 25.9983 20.6453 24.9977 0.0289845 10.5555
50.4066 16.9068 9.17432 16.5938 20.5114 20.9013 7.50362 0.0839273 6.69765
87.4376 26.0027 3.35595 20.3933 15.6918 18.0132 17.7061 0.145847 8.30343
-29.5786 13.9466 22.2014 10.2055 14.7138 11.6371 4.50297 0.022353 5.1435
117.341 7.7183 6.78902 19.9801 16.1639 6.39992 58.7564 0.041307 8.40933
238.599 7.77933 40.3856 12.2816 18.9438 3.81564 30.5104 0.206363 10.9962
239.492 1.12245 11.1674 3.04055 12.5764 14.8034 38.4891 0.0406739 6.608
183.843 0.496304 22.6864 7.89838 13.031 26.4091 5.82812 0.0146824 5.47025
298.282 2.65469 8.71152 2.0655 22.7662 4.19702 14.9383 0.000139287 2.68258
213.321 0.589322 7.35125 23.2596 20.7952 17.4089 24.1392 0.000139287 4.94959
229.271 3.39731 6.31748 23.7142 8.72747 38.0802 30.2426 0.000576307 6.07626
-39.7457 28.724 12.7074 11.21 5.3615 14.7636 8.52362 0.0260755 5.60742
-14.3658 25.4747 31.9327 6.57044 15.7633 5.54305 6.48845 0.10179 7.59282
2.79982 20.5328 13.8567 1.24273 15.9247 3.98783 16.2767 0.018296 5.33982
4.1333 48.4674 18.6449 17.0081 3.15636 11.6061 11.1433 0.00149468 6.21151
163.7 60.6943 14.0084 10.4636 6.90558 3.2764 10.0326 0.0516496 8.92507
45.7007 6.08457 13.1634 16.085 8.10027 16.054 1.2746 0.0199478 4.41299
80.0294 1.91101 47.0031 12.6951 8.96327 8.86061 28.7948 0.187024 10.1227
207.193 15.7877 35.1819 10.2188 34.4451 7.52293 47.6685 0.00179701 9.81793
195.344 1.83277 17.378 2.00173 28.3267 5.61116 107.121 0.0134672 13.1277
231.743 3.39725 5.91347 10.4546 19.5534 20.0114 14.2787 0.0130687 4.27283
375.726 9.61287 14.3381 2.26708 5.62474 26.1309 8.12845 0.024771 5.48379
195.601 13.3031 16.4981 14.9439 5.95106 25.81 3.55714 0.00562715 4.26976
229.33 3.3406 16.227 9.90424 3.61381 12.8574 18.5275 0.0581259 4.99083
74.5942 9.63216 20.4003 9.99316 14.2642 5.43572 26.1376 0.00413403 4.34751
76.0662 22.8476 15.5732 1.40478 21.7933 38.4071 20.9782 0.002166 7.16557
54.0915 22.1955 21.7923 30.8861 13.2599 42.1688 12.7488 0.0171229 9.15895
-70.0718 6.07568 6.30484 16.0977 18.1271 24.5932 6.30807 0.00990464 5.80508
-11.7248 22.3001 17.0932 4.14654 16.6807 6.69729 39.8954 0.00990464 6.92355
387.192 11.8497 27.7817 4.30909 12.0843 8.43412 13.7584 0.00990464 6.03412
387.192 14.0864 46.2495 4.30909 13.5714 8.43412 12.4084 0.000471698 7.67689
185.656 10.2735 16.0608 10.5257 10.5297 0.454738 10.2859 0.0247685 4.38145
97.425 7.70243 29.7321 20.1692 9.48461 10.3811 6.22267 0.00351785 4.14414
92.82 14.7543 31.8567 18.6749 10.1478 10.4645 17.8971 0.0859603 7.52409
139.38 32.0043 8.74663 40.3748 12.1137 24.7483 3.31845 0.00177971 7.49464
382.045 2.32739 9.8339 8.41694 18.3643 9.52862 8.0358 0.0622081 5.54376
236.401 6.77689 9.33309 15.3472 11.8023 7.40005 3.78438 0.0175516 3.23127
262.287 12.1882 17.2157 5.83195 47.0284 24.5316 11.3647 0.0184647 8.32935
191.158 3.76866 19.6665 13.39 5.00069 1.48827 32.474 0.0410595 6.04119
241.625 11.5445 13.4002 16.8532 2.20936 8.67744 42.0232 0.011762 6.16576
220.641 25.3645 1.32744 15.1305 6.86979 3.4434 16.6263 0.0220136 5.11864
238.003 11.1234 18.0905 14.0576 5.49566 2.77088 9.09855 0.000510794 2.48181
241.905 3.45829 28.3805 26.3437 3.78082 3.29862 13.1535 0.000510794 4.4441
102.765 15.281 19.7185 3.98547 3.65147 8.78169 5.95755 0.106361 5.37333
-72.612 32.9822 33.8225 1.70064 5.71697 5.0339 1.09506 0.392226 12.1563
255.043 31.2157 27.8317 16.3383 8.01343 22.7162 4.94756 0.142427 10.3026
301.062 9.83149 9.4602 9.14322 20.4909 16.7333 7.1969 0.351103 8.90823
135.091 30.8752 12.0395 9.95937 10.6211 5.60873 7.6735 0.691727 12.7424
71.9694 35.4478 1.00828 9.4522 38.1009 2.16636 7.18232 0.207939 10.1208
-54.9007 25.2195 13.4561 9.39191 65.0655 20.1772 7.44836 0.194679 12.653
-58.3547 24.0921 9.15286 6.48842 21.5922 19.8999 10.6049 0.100985 7.87229
-69.1066 11.2136 28.1336 9.82239 0.175556 3.40085 19.5267 0.00224368 6.22146
-69.1778 4.42321 19.2352 12.2567 6.49818 7.61623 12.8098 0.00224368 4.19287
-58.1371 4.42321 24.0033 6.00466 6.67575 3.44883 12.32 0.00224368 4.15
-69.026 45.7514 24.3444 3.38769 6.77488 0.258799 29.606 0.00224368 8.36202
174.901 24.2727 10.2475 9.21051 11.7191 18.4998 23.7419 0.0120283 5.44967
287.319 7.73429 14.4961 4.75642 21.2182 17.2165 17.2012 0.0143739 5.0439
189.074 2.55036 26.0889 15.3629 17.8635 22.1095 33.9262 0.0053376 7.01647
116.933 7.91506 2.60244 14.1697 28.5723 57.0597 3.69642 0.00582819 7.65976
143.133 10.488 2.6991 4.44148 7.48941 73.1642 5.74214 0.00879568 7.79744
121.403 23.0774 5.81547 1.16735 12.7605 10.3554 12.8386 0.00239253 3.48598
146.199 20.836 6.05871 17.4459 16.4976 2.8792 5.36089 0.0063299 3.72819
323.868 18.4758 8.7885 8.31861 14.0351 5.67367 3.71726 0.00169395 3.28365
181.626 15.0031 12.4535 20.5055 5.86308 1.12637 1.49092 0.00435503 3.71239
95.5135 19.0747 2.72471 13.6275 12.1544 2.84412 11.6063 0.00534595 3.37171
182.302 11.0426 8.27378 12.5694 18.9969 35.0533 1.00906 0.0110189 5.6448
52.1196 21.446 7.91106 21.6646 17.6125 24.0902 0.603208 0.027923 6.82509
77.655 13.2101 16.7886 1.70988 0.760127 24.0127 17.4586 0.243713 9.11546
169.409 55.58 4.3719 4.50445 1.4999 15.7672 2.48278 0.14996 9.35175
44.0462 5.42573 16.4623 4.93572 0.904236 22.4817 10.2599 0.00953271 4.71509
99.4235 10.613 0.0529642 6.97667 9.3974 21.5637 7.23431 0.0364937 6.21162
114.657 17.2772 46.6197 28.1328 8.82181 18.5144 3.9545 0.0339956 9.15955
375.099 23.7256 15.5821 6.50715 2.95133 9.8277 8.38532 0.00109351 4.53154
229.124 23.8261 15.5821 5.19043 6.63038 14.8108 15.3064 0.0657201 6.05725
103.322 15.398 8.89635 57.1983 3.75116 25.9061 11.1843 0.0292899 8.84576
47.8563 17.1136 18.4604 51.8673 4.85613 7.18157 12.4365 0.0301587 7.90754
-32.153 10.6592 15.4823 30.6693 1.01148 3.51753 12.5999 0.152882 8.16181
257.602 21.6284 1.57709 40.6206 15.0369 13.8536 17.8779 0.0643759 9.4071
196.377 33.7363 3.61008 28.9741 16.6392 3.1573 6.2658 0.0120948 6.6359
213.678 18.9388 1.36109 24.25 3.02213 5.75206 18.8687 0.0189343 5.29603
230.227 26.0795 11.483 5.46263 5.56482 19.8579 5.46053 0.0180274 4.76247
83.1647 28.5362 7.0547 19.3603 17.1097 30.1533 12.2627 0.000799659 5.66694
-11.1883 37.8113 4.42456 17.3168 21.1473 11.6225 23.5363 0.00906038 7.05654
-28.367 25.8101 8.80271 10.7522 27.8877 27.5872 23.9503 0.0171887 8.0741
-46.0324 49.6514 10.5886 5.9405 18.1214 16.6609 27.5296 0.00926948 8.20598
67.9457 30.5291 10.7721 6.34208 3.32976 1.89955 6.74702 0.0347795 4.86289
389.551 19.7815 7.90399 10.4999 6.7312 1.89955 19.4239 0.0267649 6.07436
144.894 12.8835 20.2795 17.6662 6.45965 6.45114 9.71404 0.188745 6.79051
221.471 60.9987 35.9025 8.96816 5.78295 6.25445 10.0104 0.247578 13.8317
283.969 22.5165 49.6162 7.2329 28.515 5.67923 3.58059 0.322174 14.0838
143.816 43.3296 17.9965 3.84186 4.8857 11.3821 8.06888 0.162437 8.38659
17.8346 41.2932 17.3629 8.52976 16.5468 12.4897 20.0051 0.262195 10.6152
62.7528 5.50365 21.601 35.0182 3.60616 11.0492 14.1921 0.0210368 5.94503
129.082 6.80606 23.9953 17.746 10.8137 9.07738 2.37405 0.0210368 4.46423
153.773 36.7315 10.9649 20.9399 10.2071 0.670985 24.3785 0.00637393 7.06257
47.8217 42.4497 7.50527 27.3104 1.92744 1.36193 17.9293 0.00637393 6.9013
186.7 25.2563 18.7598 28.704 6.1456 5.85115 23.2341 0.000693715 5.88585
-53.7931 31.0381 13.4396 9.38762 36.9551 13.2473 10.5185 0.00169468 6.40442
16.3523 48.4257 9.1936 22.4946 12.9353 14.362 9.02747 0.000675129 6.1465
10.7502 18.0137 11.8457 7.98492 5.3779 13.4832 8.90878 0.000675129 2.88724
15.4489 17.2172 30.729 14.5994 11.327 22.0884 12.3975 0.000675129 5.18379
-7.20749 29.5374 6.41543 5.70041 19.4903 13.0864 8.08742 0.112706 7.15798
465.524 14.0993 8.06491 5.54016 27.0113 17.1572 9.83038 0.0060849 6.97612
417.873 8.33482 4.768 4.70423 22.7034 19.2776 6.66791 0.0131728 5.43878
228.758 30.0604 4.0663 24.3068 7.32147 19.4651 7.25664 0.0133486 6.13659
255.738 17.6466 27.8731 2.95132 7.99323 29.3066 24.5977 0.0730713 8.77499
121.284 48.4097 21.5934 2.05363 9.92616 10.1297 20.8106 0.032536 8.30388
-10.9924 14.763 45.0001 4.11119 26.6806 7.65152 9.73208 0.0183355 7.30592
84.0094 3.43423 31.4286 11.675 42.1574 14.8786 24.9359 0.0331621 9.00787
335.717 6.20995 10.5289 40.3254 34.2007 18.8646 4.84788 0.0640716 10.771
227.152 5.54855 24.6761 24.1734 19.7902 48.8184 26.9671 0.00622382 9.77781
287.34 19.8794 26.224 1.83948 4.77604 27.5845 10.4336 0.0683206 7.88091
309.003 8.96911 24.9161 6.92888 18.5256 22.0508 5.35711 0.129348 8.05023
-28.9368 9.18759 10.7092 23.4633 9.54966 20.3974 7.46412 0.0416552 5.99399
118.257 1.27234 16.0129 25.5968 8.23168 32.0505 25.381 0.00925822 6.95442
53.5552 3.45489 1.53287 37.7977 2.06162 8.41981 14.5154 0.0437285 6.35452
183.668 1.40213 10.598 10.8005 43.7346 10.4684 16.716 0.0501594 7.24515
111.259 1.00344 7.76742 4.6213 33.6431 9.54562 2.31988 0.240048 8.11387
93.6051 3.68106 13.3451 6.21933 29.7601 9.56899 5.35915 0.0114288 4.14064
296.804 13.9145 7.80738 10.3084 9.54548 7.95589 16.3291 0.0333972 4.47928
241.274 18.9537 10.5154 7.28581 10.879 17.8978 2.08565 0.0768033 5.64412
67.3515 11.8102 0.291464 8.48648 8.25706 4.24565 17.7939 0.114849 6.59765
303.744 7.00379 18.5088 4.14066 1.70856 16.5851 8.28103 0.154484 6.49571
258.889 23.0985 19.7771 22.6326 11.9823 4.2366 6.3901 0.0749639 7.54641
226.996 7.05419 12.2905 10.6466 5.79434 0.809529 10.6365 0.0515069 4.3006
128.032 19.0606 8.24666 13.1112 14.5644 0.285436 8.51226 0.0223706 4.91821
135.775 16.0989 5.37856 11.0692 13.4427 12.1563 6.68079 0.0723747 4.78427
254.278 12.2585 3.06944 9.87948 13.4375 11.8212 15.6688 0.227432 7.02218
191.483 6.35065 8.64918 10.1028 8.69 21.7104 41.8418 0.239121 9.31062
281.45 43.0081 18.0752 9.92355 12.5504 1.74058 15.9837 0.0769744 9.5712
-24.1757 40.9609 10.1894 10.6283 11.5781 0.434906 31.0937 0.0189211 8.06652
392.728 10.2731 4.80524 5.41878 4.50625 11.685 3.11225 0.12593 5.71348
-27.1737 22.9181 5.02507 13.1938 64.4717 29.9343 4.01218 0.0224324 10.363
189.615 42.1873 0.522218 0.855493 46.8332 21.9918 4.67077 0.00233896 9.60187
173.85 28.6334 4.93005 10.9512 24.6053 20.6568 10.7006 0.0279737 6.53266
-43.5329 55.1967 11.4738 2.8127 2.2743 17.9711 17.2276 0.00718769 7.48756
28.0214 26.3325 6.16667 32.9259 12.1611 45.1519 42.7097 0.0433361 11.9859
66.851 11.7761 5.28902 6.57546 25.0635 4.87754 9.52862 0.118157 5.90818
240.52 7.50766 6.4859 22.5449 24.4656 5.53668 46.6133 0.0773779 9.02662
76.2859 14.5222 8.08483 11.811 3.73781 20.0541 0.469863 0.0138904 4.5841
-64.7695 17.2057 7.03482 13.807 19.4651 28.2062 13.9341 0.0101164 6.53285
44.0517 36.2492 10.7252 8.5339 23.4939 19.1388 7.79356 0.00711734 5.98655
80.7603 8.80443 19.6796 9.87219 19.2652 22.9719 7.99546 0.0501392 5.93799
4.08648 2.87858 16.6394 36.8243 4.09979 7.9196 13.7834 0.0732748 7.02993
23.8899 3.69417 4.92623 30.3761 9.16417 15.2824 13.7217 0.00507911 4.59698
104.008 27.3156 7.27305 12.3685 13.0763 28.0117 70.6309 0.00532351 10.2335
149.36 4.5774 26.8247 0.726585 22.6787 25.1569 0.0610179 0.00910884 7.57867
306.178 15.4148 1.5819 7.2506 1.86102 30.7628 4.44817 0.118018 7.0943
367.185 18.0623 12.6777 5.71798 6.05469 6.83573 8.5183 0.000934989 3.31548
156.051 23.2768 11.2172 15.0316 7.68391 6.58122 14.0949 0.0180881 4.40484
-2.81679 9.57386 4.07817 18.5415 5.26938 9.99573 27.3306 0.0308101 5.8616
59.3494 14.8331 2.77079 9.95202 16.1792 5.91578 6.16038 0.102648 5.3916
145.973 16.8194 1.94166 4.44132 34.8591 3.36807 30.9431 0.00432051 5.93394
187.278 22.1566 0.358418 11.7181 43.9042 5.06449 10.5303 0.0328547 7.89811
207.628 21.4613 13.8215 11.8132 5.94083 0.270479 6.33082 0.0135603 4.72667
501.7 20.8408 16.4079 32.8773 1.76629 0.901158 7.11707 0.0892244 12.6135
296.084 17.6623 13.8102 24.8481 2.97144 20.1982 19.9324 0.0316975 7.41249
179.73 10.4913 8.89713 11.799 2.26678 5.20444 42.7206 0.0438546 6.27459
18.5732 17.2788 8.58045 14.0992 3.40064 15.6886 33.3174 0.131859 8.22858
191.479 4.92337 22.9769 19.4885 1.13774 16.4013 1.96789 0.0139919 4.94194
442.587 8.8653 5.84303 12.27 12.2923 3.246 18.7571 0.00691061 5.08635
247.15 20.5248 3.19483 9.69671 8.99411 22.2536 12.279 0.0857746 6.22509
251.982 15.3231 5.49115 24.0351 18.9403 16.1092 21.9207 0.0736019 7.69277
231.463 3.87546 4.86121 0.881024 6.39615 27.4195 44.0945 0.00600324 6.50025
224.429 8.49615 9.63806 16.4942 18.4649 14.6378 22.3564 0.0304373 5.57909
213.61 1.86983 10.905 8.54524 28.3672 2.98624 6.21131 0.0226738 4.39318
264.628 14.5257 25.723 6.30376 8.49264 12.1501 20.238 0.000905518 4.29748
152.863 14.3576 4.09445 1.53223 2.84721 1.66122 4.37254 0.000912123 2.12231
89.2716 10.1547 8.40209 3.85907 20.5059 20.3073 11.8104 0.00104329 3.39248
153.412 13.0822 18.6879 2.71853 6.4546 29.29 14.8738 0.00336701 4.48752
115.521 9.21443 12.3842 7.89134 25.6084 27.9413 14.3273 0.0144493 5.6089
242.399 10.035 22.1689 17.4651 14.2846 49.9184 12.3187 0.00551332 7.75762
321.312 13.8395 9.74652 4.97325 10.0098 3.88533 12.1981 0.00551332 3.16441
170.7 1.17414 13.8823 23.7408 10.9618 24.9088 3.82271 0.00551332 4.76158
146.197 28.1259 5.46315 6.09318 0.173326 16.6856 9.47006 0.0541044 6.47894
175.912 16.3871 3.89071 0.210605 31.229 16.5118 6.73766 0.177917 8.69642
138.141 15.0088 12.9518 0.471661 24.0168 10.0025 12.8562 0.0765795 6.53421
34.5454 13.5512 18.1431 27.1015 21.6457 1.67815 0.972465 0.000933881 4.99831
120.176 11.5733 20.0495 14.4057 28.3334 11.0615 8.92374 0.00154647 4.33599
-18.6316 20.6721 7.42555 16.632 11.5009 33.416 15.7138 0.0240579 7.03361
122.792 8.85593 22.1699 5.73603 7.84633 21.3677 31.9086 0.0233183 6.20046
-26.4984 3.22784 27.9947 1.91135 7.67889 30.7031 52.7977 0.014486 10.1343
142.669 18.4636 13.5868 15.1392 6.924 19.7193 5.72498 0.000706422 3.19631
471.158 4.92442 10.3863 8.82317 8.75389 40.4434 10.5829 0.0188383 7.52164
6.32658 5.92312 17.6637 24.0751 48.2453 13.5905 4.1536 0.041674 8.41908
-18.9963 4.07795 15.9164 24.3007 0.532513 4.38165 7.6631 0.11098 7.18238
100.477 3.90028 6.7966 10.3798 4.48371 1.86891 24.0906 0.118292 5.97699
390.712 23.1272 15.2766 6.30648 3.52269 1.381 5.93914 0.0230475 6.02303
-2.24664 44.8497 26.7644 9.69578 15.1121 5.83313 36.7683 0.00363871 8.5452
49.6788 49.8258 30.7049 13.4978 10.2254 3.99904 42.3422 0.0856093 12.093
67.7658 26.1569 16.9417 8.27487 6.48711 2.1425 10.5168 0.17029 7.00916
281.999 1.6935 56.0257 12.1732 3.11663 17.011 10.208 0.0148245 8.37808
152.432 21.1888 29.6544 7.51061 2.8633 2.87605 27.2657 0.0174974 6.24919
244.481 4.84161 49.8812 10.2185 9.46027 3.53685 1.64607 0.00116809 5.61541
227.625 2.78384 16.431 10.2384 3.86377 11.4247 16.0149 0.0113257 3.53784
115.077 2.58525 23.0341 10.5181 13.92 26.5247 1.63259 0.00585254 4.83476
155.081 5.22168 33.3756 11.5407 25.4324 21.6406 20.2669 0.053004 8.27594
424.932 8.29103 7.27702 4.99063 0.207913 3.50409 8.85085 0.0990902 6.5571
236.288 12.0439 10.6771 0.51905 23.4796 2.11243 43.9807 0.111975 9.26497
318.041 7.73181 10.0801 13.6809 6.12584 13.7435 28.5396 0.00562598 4.59402
35.3314 7.18322 9.43155 27.1197 37.2902 7.84553 11.7388 0.00517002 5.73739
90.2645 6.00203 12.866 32.6562 50.3307 6.23069 22.0176 0.00179687 7.87228
-10.1427 1.02378 5.72068 23.0472 49.101 7.79562 20.4697 0.0116038 8.05956
9.6773 2.34454 13.399 14.3161 11.6269 19.6212 12.4708 0.0559743 6.03713
118.376 3.3948 10.4676 29.2771 4.14607 1.71166 11.6926 0.163812 6.81063
21.4524 3.1082 26.8148 9.72981 2.01306 1.57036 7.45182 0.0842337 6.12058
-62.315 7.99859 43.6603 7.67754 14.1034 8.39415 12.7798 0.0200691 6.64788
26.0401 5.9504 24.1295 2.26746 22.7795 8.28018 1.32684 0.00416707 4.49628
-36.7426 19.7989 16.5 10.3299 25.4118 5.34107 7.00144 0.00818517 5.03264
79.16 12.0133 22.2226 10.7276 10.9429 8.39747 8.1808 0.00607865 3.43488
68.3353 24.1043 8.84277 13.1298 8.49393 34.6986 10.7803 0.00613124 5.50521
97.4806 15.5153 23.8621 23.3237 5.09698 3.21519 20.5792 0.00613124 5.15459
22.3493 18.0398 11.8076 55.9599 19.8015 23.1678 0.754354 0.0354962 10.1697
-27.012 6.32327 1.12177 46.5227 27.6547 39.0663 5.60314 1.23505e-05 7.88241
5.58072 7.97671 12.5127 18.3033 14.0306 44.1905 3.39507 0.00985649 6.64523
146.847 5.18907 13.8242 8.43568 9.12966 15.4962 11.6021 0.0239866 3.73594
140.344 14.1178 28.0256 19.8904 12.4351 19.2852 35.0479 0.00804207 7.54165
322.87 21.7439 20.4579 0.60192 2.47933 2.07873 20.6476 0.00571815 5.99164
328.269 35.2702 11.9495 2.65103 19.0382 17.73 28.0771 0.0204954 9.05944
257.465 7.25623 9.03189 1.80828 13.2653 31.6049 19.0556 0.00126551 4.35683
315.742 6.03956 21.6755 2.24402 6.57527 28.457 11.1346 5.7227e-05 3.74201
233.026 3.35014 22.9767 5.11821 14.5165 29.1135 10.9888 0.0154583 5.42825
147.784 6.06992 63.4141 10.445 5.93566 18.8725 16.298 0.00668215 8.07813
11.2342 13.8945 29.0297 9.65914 24.0716 27.0535 16.1139 0.0315049 7.82567
76.8812 20.4857 6.85035 8.6005 13.4028 17.9918 1.88081 0.055923 5.37976
125.3 6.1925 2.7679 21.5311 20.2543 18.5383 26.5949 0.131081 8.05242
169.335 10.3383 6.88187 55.9058 11.7162 2.16582 18.4036 0.0918115 9.2701
151.375 5.88656 3.28766 42.0763 4.23481 2.58224 14.0886 0.17628 7.88307
-12.971 20.0815 14.4949 11.9691 11.2253 15.3197 34.2535 0.0318537 7.23354
323.068 15.0604 4.80506 14.0008 11.0013 18.8276 7.62367 0.00284941 3.88684
173.442 5.05855 17.4076 16.4923 9.11579 7.07245 1.98232 0.0417822 4.29574
-60.6613 12.0652 2.41788 31.4812 36.64 5.54427 7.93231 0.0371386 7.74031
204.725 3.92117 4.60593 23.5541 47.8093 16.7605 9.79081 0.0672937 8.56705
135.508 7.35333 2.44476 30.7357 28.9131 18.0371 3.33091 0.0539996 7.09466
352.219 12.8174 9.16589 10.6405 16.1255 18.9166 7.7937 0.0453498 5.92402
223.325 2.37042 9.99058 1.07781 3.44467 24.1981 1.41758 0.0764115 5.69758
222.615 12.5934 6.01529 1.17391 20.0272 9.57199 26.877 0.0216169 5.33784
353.656 15.0633 24.8354 7.12517 40.9104 17.8092 2.98506 0.0372355 9.84941
164.491 0.704913 16.2802 6.26215 30.907 12.2291 67.623 0.0433153 10.8688
156.748 12.5782 3.01195 54.6662 15.4354 13.4872 17.8916 0.086361 9.573
210.421 9.63735 26.432 3.56888 4.77603 4.08483 8.15576 0.361358 8.20155
364.978 3.30712 11.0002 7.83557 9.23722 4.36024 2.27845 0.126135 5.5393
256.062 9.04811 30.0126 2.7225 6.55577 9.86617 7.6824 0.0606738 5.51663
187.976 31.4567 10.9185 6.27838 14.8102 19.1281 20.3579 0.0349289 6.81068
213.763 23.3355 15.1512 10.2447 19.9711 7.68354 66.6239 0.0883265 11.3753
127.073 5.73989 12.2553 9.82721 4.08888 23.4982 12.1373 0.148384 6.3187
101.874 38.8442 0.893471 4.70442 12.2791 39.966 5.86671 0.0238797 7.94144
-45.5066 19.137 37.8113 10.9931 19.1343 12.9623 41.8779 0.205011 12.2962
210.183 3.38637 32.9244 6.93944 7.84788 20.1265 16.4741 0.132555 7.66323
115.702 0.964944 15.1642 7.86607 6.80186 9.79498 19.9692 0.0276947 4.64914
132.407 12.535 8.83543 12.8963 8.79351 1.38556 4.96887 0.00396339 2.53027
-11.135 15.4301 6.44189 5.11199 8.14384 4.14008 8.26439 0.165996 6.39042
140.91 14.6015 1.80227 43.4125 8.57125 1.70525 15.0185 0.00362099 5.56154
356.536 9.14402 4.26848 69.9208 3.87875 8.73316 18.0974 0.0705324 12.2869
374.545 5.90003 4.04258 12.2381 1.27513 3.57492 0.412538 0.0549393 5.40716
364.847 7.70621 4.56286 14.9155 8.74465 3.60556 2.31307 0.07281 5.09927
355.352 3.26467 2.58296 16.0577 2.08713 21.8913 26.0696 0.000830989 4.65577
354.886 4.73068 8.39019 12.0731 3.92255 8.80828 4.26475 0.102728 5.07515
350.763 9.32725 7.01394 8.71221 15.7093 25.8786 23.595 0.256118 9.60631
-9.76198 2.44662 17.1422 46.2785 10.7412 19.083 3.50643 0.151562 9.41989
82.9757 6.44296 16.2614 31.6372 10.4614 27.7484 34.5056 0.0316943 8.48571
-73.9318 3.94058 20.7642 3.58456 13.6446 34.574 56.2336 0.106943 12.7003
6.54799 7.19347 1.39029 18.4903 15.2975 39.9081 36.3546 0.113719 10.7721
106.406 5.98476 33.3194 19.751 0.737937 36.7905 20.5528 0.0581572 9.39104
52.2334 8.91803 5.8953 13.9966 31.2622 18.6091 22.2939 0.0647089 7.36242
226.205 3.04134 2.04049 13.2635 4.0803 1.48669 40.4537 0.00235369 4.66385
266.428 4.4026 6.01581 5.94907 2.00386 43.9018 20.7985 0.00293 5.37428
218.089 0.978486 1.97912 10.939 4.99028 67.3315 7.081 0.0449021 8.77717
401.085 16.9817 3.37791 9.02008 4.67142 27.4118 8.06874 0.0656796 6.94349
-45.3069 12.7562 8.49522 11.6283 75.421 42.0719 16.0606 0.021265 12.3929
238.564 9.99427 4.31091 1.27948 16.0416 7.49478 30.6833 0.0173818 4.99524
-18.0271 8.40091 30.6336 13.3109 9.55278 5.46778 11.0038 0.0650131 6.19069
156.234 9.70991 5.65549 33.0829 17.8257 3.54778 2.81897 0.0418434 5.60843
103.258 26.1441 3.72202 23.3623 10.6311 21.198 30.7821 0.159607 9.63443
135.108 1.53433 18.0868 17.4265 6.72055 9.29048 44.407 0.096465 8.27842
7.65937 4.02983 7.18941 64.0678 17.9269 31.375 20.623 0.0286996 10.6868
143.674 13.2611 9.40289 31.3598 18.883 42.9866 15.585 0.0248257 8.59328
-32.6998 0.866247 11.8037 34.1747 22.5342 21.2437 4.96918 0.0977138 8.93739
127.129 14.6315 3.24154 7.03672 13.9374 13.4251 1.32383 0.00661021 3.26829
-61.7502 13.7215 35.9973 4.69332 7.0643 23.7702 8.46551 0.00504461 6.05548
245.719 8.73144 41.6801 9.82699 15.5369 14.8928 12.9996 0.0282142 7.33273
226.063 25.2333 0.439996 0.211548 11.2277 25.0065 19.203 0.0838166 8.95814
122.494 7.80869 15.275 14.0116 15.2746 5.43276 14.4578 0.0111587 3.69188
-30.4692 6.73362 17.3858 5.10132 24.0454 3.48475 28.9524 0.0169498 6.4091
-10.7195 14.8903 8.75677 32.0174 12.7877 7.30102 27.6653 0.0103488 6.27313
94.6118 13.941 0.944503 38.9947 12.0428 3.65136 10.4714 0.121863 7.71911
211.264 29.5643 5.15612 30.5016 10.5191 5.96823 19.1841 0.0206727 7.00506
188.767 9.24968 12.1601 21.1736 8.95998 7.08195 19.0561 0.000723378 3.07938
73.3408 4.77463 5.75635 21.39 3.95169 1.38502 26.6046 9.87913e-05 3.38373
85.9956 3.14394 5.62017 14.4179 2.76669 2.41061 29.2359 9.87913e-05 3.17336
206.989 17.5949 12.1503 18.4091 1.88868 6.67583 18.2458 0.00608929 4.20594
234.84 2.6238 16.6938 4.85783 4.33962 5.90236 27.7373 0.000803186 3.0946
45.5253 42.6481 20.0017 8.15955 3.58485 8.82532 20.6626 0.00227524 5.80532
418.508 32.3751 16.078 0.919425 3.81782 9.21271 43.3511 0.00060126 9.07499
286.877 32.7872 7.55338 0.680954 4.51643 6.35271 28.4791 0.0011841 5.63774
371.091 0.403541 3.38128 13.0243 3.65186 22.3064 15.1935 0.000421705 4.15219
435.597 10.711 6.26449 14.1378 47.3734 43.1434 15.1846 0.000181608 10.4834
17.1883 10.0673 24.051 17.2687 5.32391 8.18312 24.5299 0.000509567 4.22971
272.512 6.29389 11.1138 17.3642 1.32303 35.7013 1.12036 8.13985e-05 4.34101
201.995 7.4526 15.5192 6.31214 5.22135 9.56812 9.10639 7.3953e-05 1.29423
211.368 11.5265 10.9944 10.6183 14.9379 7.5357 7.05344 1.5674e-05 1.50243
95.5168 15.2651 2.38737 32.6473 13.0862 3.80635 1.64847 0.000916529 3.897
141.723 7.09927 9.44091 15.4885 28.2173 8.38025 20.1977 3.5213e-05 3.34159
243.253 2.68711 10.6852 21.6117 10.7141 8.34282 17.6931 0.00362565 3.64815
69.7423 5.20208 15.2502 35.8477 5.65322 17.4981 8.42121 0.015196 5.41202
179.592 9.32418 3.27075 38.1449 1.34503 14.9412 12.1624 0.0128874 5.49233
233.471 17.4386 43.4703 5.37082 8.07337 4.60656 8.65006 0.0334611 6.88243
137.901 17.4903 4.66565 2.14883 22.6231 7.47622 2.21803 0.0508849 4.99282
158.14 10.727 9.28807 4.27182 25.3029 11.0501 12.7077 0.0483675 5.01277
148.063 18.4705 11.1017 4.99672 21.8419 11.9446 36.5676 0.115926 8.26271
193.454 20.2885 20.0948 0.801546 19.7939 13.4021 53.2132 0.0440441 9.90945
356.04 23.4213 19.5545 3.53738 6.19729 17.1288 14.9583 0.169028 8.96856
67.809 30.8206 11.1129 3.99164 2.39676 9.18954 7.04822 0.0708948 5.65772
-72.3278 22.3329 12.7488 19.7677 1.2828 14.4342 10.0399 0.0543406 7.03075
48.7198 10.7897 1.67229 5.63471 17.6381 14.8656 14.2466 0.0160528 4.62823
127.445 6 21.1146 3.08831 17.1972 9.22453 7.2676 0.0243028 4.12306
130.379 5.56306 14.798 10.1103 7.77881 8.71175 12.0848 0.0314928 3.684
-15.7503 3.0738 17.8386 19.4449 4.8226 5.30999 4.75583 0.00062257 3.16831
260.967 21.1111 17.9862 27.1088 0.236191 4.532 25.9804 0.00844916 7.849
326.102 7.40081 4.84519 34.9364 18.2617 1.6387 16.1997 0.0363412 7.39988
194.31 12.4044 3.50637 21.2052 6.1071 5.29655 25.0352 0.0910446 6.12799
113.944 6.20181 6.28504 11.6702 12.0725 5.12673 15.7697 0.0213335 3.52276
192.906 11.3774 18.3052 11.0323 1.22443 61.9693 22.18 0.0168848 9.03577
4.7692 25.5161 51.4515 3.10082 10.0974 18.4421 34.5481 0.133331 11.9734
181.615 17.1016 32.0589 14.6206 8.1479 9.26994 16.4226 0.0270729 6.28045
363.995 5.92037 14.8579 15.7943 10.8385 29.8962 9.11572 0.0579843 7.21915
-19.6721 4.22285 0.769849 25.1024 28.9767 13.1248 8.84619 0.0613963 7.62929
193.487 15.8802 8.86264 6.18603 30.3119 18.6663 12.5718 0.0486984 6.30934
286.375 41.146 14.5674 12.2062 23.5205 23.1025 22.8217 0.161749 12.6862
111.316 28.3239 16.6922 24.8757 10.26 3.04981 8.55071 0.170048 8.24132
79.6388 17.9231 37.4669 8.64474 34.9015 2.149 14.1459 0.0555407 8.82557
126.906 9.23411 26.3571 18.3646 25.1803 2.75966 25.6144 0.0362568 7.40792
124.043 7.7656 7.21294 0.223428 18.9592 52.3086 17.3924 0.364531 12.7058
17.3767 9.49168 17.331 7.95607 12.8462 38.8134 8.57201 0.16557 8.61438
62.9576 10.6472 6.15408 6.04667 3.11634 35.3349 4.76721 0.0813082 6.45057
-15.7696 10.632 36.719 4.31537 18.3986 15.142 4.30685 0.044369 6.79951
5.08148 16.7144 24.9967 6.53609 10.1147 18.3167 17.3675 0.0261104 6.03955
526.107 19.5333 1.05707 2.43276 8.50124 6.09556 15.3789 0.0306043 7.76068
212.996 18.1977 19.3747 12.4973 6.19817 2.54888 6.60112 0.00829796 3.80928
212.996 11.1829 20.377 17.4537 10.4443 2.67189 6.42275 0.157471 6.64275
101.477 4.93225 27.6756 22.3041 7.94846 5.12169 18.2836 0.0441731 6.0162
55.2486 12.525 2.58181 9.02808 2.83044 16.5352 49.0708 0.0242892 7.43275
39.4032 6.4278 16.233 17.4575 45.421 13.2416 7.82374 0.0855682 8.24381
253.309 7.54353 16.2443 10.7269 11.4973 1.51461 14.3979 0.0819005 5.43831
79.8925 9.51392 14.0296 8.07188 16.2076 4.79803 6.71276 0.0908352 4.9776
19.155 20.9753 12.6648 15.168 43.5519 6.15103 21.492 0.0330306 8.12225
329.564 0.748983 8.07369 26.5574 13.1858 31.5241 21.3333 0.0105224 7.54263
143.502 0.748983 6.44936 28.0043 26.1413 0.490189 20.9543 0.0282094 7.33794
168.624 20.395 14.0726 5.38802 14.1043 23.5996 4.65823 0.0524873 5.76425
312.636 8.11014 6.95269 12.3255 27.0667 20.1397 11.6539 0.0857857 7.11509
170.481 39.0964 5.81314 15.7094 18.7535 10.5403 20.6168 0.0485478 7.93208
92.7052 21.2435 8.93239 6.84718 9.26134 10.6951 36.1793 0.0282464 6.06291
-14.3359 26.7644 5.83594 3.35283 9.1873 11.2628 48.6243 0.0154424 7.78484
16.1301 11.0403 10.8267 16.6989 22.1145 9.07681 11.4995 0.0399743 5.42062
171.768 10.993 6.87379 0.513993 20.9571 6.24814 13.4348 0.127769 6.36877
143.448 3.72982 1.49969 3.98477 6.19575 14.905 16.0975 0.11699 5.70858
215.403 0.790882 1.31008 44.4032 7.6849 11.5114 23.8804 0.0206549 7.45762
139.722 2.16561 5.93847 19.4157 31.1708 9.23958 12.4232 0.0169872 5.14885
137.448 24.4376 2.99568 1.10408 74.7595 1.22658 28.5584 0.00280288 10.6448
80.3174 19.6728 1.69738 27.6773 3.32713 28.0531 26.6652 7.64522e-06 5.47045
86.0048 48.8505 6.62756 5.47235 9.60645 39.5533 6.69803 0.000642703 6.73594
44.1554 27.593 1.59793 12.3132 5.94559 10.8527 21.3236 0.0340958 5.94567
79.2266 12.4508 1.37745 14.774 15.6874 22.1789 36.3008 0.0243319 7.22126
243.857 18.3683 1.43777 8.06947 4.18076 39.5923 34.3805 0.00838301 7.37089
-27.1336 25.5229 36.7368 22.4684 21.3861 62.2869 4.35156 0.00838301 11.859
70.3563 17.7667 32.5574 8.61893 14.268 24.2522 13.285 0.00652989 6.07371
224.981 5.98276 0.992076 5.29447 12.4268 4.05335 2.01409 0.0265435 3.46585
155.07 5.02414 12.1266 5.10529 28.0965 13.1231 8.7579 0.00634318 3.76191
329.052 26.2431 3.88958 8.12245 23.9489 8.90528 1.16453 0.183642 8.86872
351.677 2.1628 4.22729 12.4766 4.71579 5.29756 31.3613 0.0108613 4.68829
-16.1599 16.9138 11.8348 9.5712 29.9912 2.62592 2.08433 0.0182796 5.47559
30.0851 15.851 29.8929 8.98317 2.55175 2.50814 0.990191 0.0243835 5.40083
58.7546 16.9765 17.9957 19.5208 2.27572 54.9851 19.0381 0.225346 11.9494
324.792 26.2405 19.1437 18.9136 57.3284 9.39684 1.40539 0.202508 15.4044
124.647 10.2555 26.1909 17.1527 40.4467 12.558 11.3621 0.105734 9.18166
-30.2108 31.0616 8.03414 2.63612 31.513 13.1471 26.4795 0.0813381 9.20689
-17.4963 19.4782 9.88644 32.6282 14.3345 14.3256 7.10035 0.00427601 5.31803
-13.0421 20.4182 5.16082 25.6225 4.32525 2.51225 6.94709 0.00686087 4.35373
270.243 6.37824 11.2805 10.6983 5.05321 6.19991 31.6404 0.0318756 5.021
22.3345 6.56889 32.3127 1.74787 7.64645 22.9316 22.6756 0.0636255 7.79428
-31.2668 23.3056 6.39412 38.036 17.1941 2.33181 7.83019 0.0794016 7.94087
53.2922 15.7441 4.07395 12.9419 37.4233 22.8214 11.4744 0.00766489 6.14606
23.9364 19.9989 7.18539 4.511 5.75488 15.7237 16.3035 0.0537982 5.59819
22.6972 14.3665 5.07641 9.94712 46.4736 10.4292 3.34949 0.0867313 7.66349
23.6652 11.4761 7.23433 8.58348 39.3576 6.25052 4.08365 0.00552785 4.68255
23.9985 19.4015 7.83793 13.3562 16.8312 6.9848 4.21246 0.00300706 3.37659
35.9768 12.6615 12.0257 2.17265 6.66049 7.81457 36.9565 0.144482 8.01326
104.37 25.2078 1.13876 4.21272 13.6496 11.7945 1.04502 0.105599 6.56203
15.4862 36.4922 18.2237 5.54008 11.156 5.36705 6.1489 0.0864448 6.79055
140.297 24.27 11.2428 28.3528 11.3511 34.6163 9.72964 0.184898 10.1307
-28.1049 12.5338 13.1049 36.3834 3.73671 37.7177 13.7802 0.119557 9.91577
-66.5747 22.4934 53.3032 20.9018 25.9543 8.00827 3.6522 0.103776 11.2848
17.3047 52.7598 22.824 45.7758 13.3629 8.51828 1.85791 0.0480797 12.2034
-56.5982 3.92607 4.51619 34.3087 5.80011 19.2797 18.5993 0.0426595 7.48203
69.5525 7.52696 15.0173 10.433 6.08995 1.99431 6.73565 0.0436401 4.05425
93.3022 9.43171 4.61224 3.99326 2.12812 12.3268 3.92625 0.125056 5.27791
88.677 25.2293 17.9864 3.8347 13.1375 2.12175 5.08518 0.00101409 3.32655
91.0005 18.8907 17.6127 13.6812 6.05056 49.0489 1.82442 0.0501435 8.18082
93.9354 23.7601 16.4773 0.147643 15.1057 37.5531 13.2713 0.0384928 8.73909
94.917 32.9997 30.4181 13.1996 20.3707 10.5964 29.3317 0.0944345 10.3768
92.9227 1.18669 20.5859 4.75988 8.0805 11.3136 34.6141 0.0430677 6.62185
139.379 3.76877 12.7092 28.9308 41.1249 6.94683 1.88491 0.00185675 5.89429
69.2415 18.4862 28.3607 5.98726 1.29766 5.05443 9.02843 0.0192143 4.87828
2.6681 14.5102 6.72695 32.7914 7.00962 10.0428 6.94206 0.0119603 4.76715
33.0554 33.4663 20.2746 2.22941 19.8544 26.3039 5.07381 0.00427246 6.44606
73.2421 15.9138 37.5608 12.4045 46.21 23.0981 11.4991 0.00740249 9.40013
161.467 1.21547 29.2182 15.0667 29.49 48.6191 20.8827 0.00740249 9.76651
197.4 28.7229 14.6134 7.68618 12.0827 27.6809 19.605 0.0859413 8.25344
86.782 6.08085 36.5668 9.38183 32.4303 1.84416 7.30249 0.203312 9.37844
53.7593 42.5233 32.4072 26.1133 14.0325 3.11391 12.9793 0.150995 11.4396
138.819 27.2743 33.2466 0.940539 9.06566 6.04457 21.4931 0.205102 9.79376
-73.8093 12.4158 4.36301 17.9919 40.0703 10.3183 15.4048 0.295867 10.9095
-34.3813 13.7981 7.7969 24.4572 42.2623 36.8228 7.54273 0.140929 11.2011
104 1.39642 9.96988 12.148 26.6317 13.4399 9.08555 0.168659 7.19587
35.9038 4.84318 9.49091 12.0745 2.00798 4.64816 5.08584 0.109323 5.28644
47.7421 5.50717 4.04944 33.3315 21.941 17.9865 3.23948 0.0690372 7.02911
249.74 3.06169 9.7103 1.46444 4.96837 17.265 14.7907 0.0682758 4.99553
50.5949 21.9902 14.8603 16.5131 6.7676 22.3639 9.64291 0.036439 5.89376
161.629 31.0261 1.45758 39.4567 11.5753 6.63711 31.3157 0.0380166 9.48197
102.488 35.0468 10.9381 28.5398 14.5943 0.976258 26.3209 0.0376942 8.7954
64.5103 12.4142 5.21873 8.18407 38.8335 6.66061 5.72047 0.0651911 6.15832
393.856 9.95656 18.1912 7.59863 10.1085 26.8918 2.78753 0.0352311 6.71136
402.454 10.5506 12.8111 12.4175 2.09997 49.415 10.5436 0.0348017 8.64649
124.167 25.6054 4.19709 11.1232 5.83482 1.74158 14.2463 0.0357777 4.78595
129.364 3.62435 18.2531 17.6623 28.6697 12.9564 5.4378 0.0360397 5.84116
-11.8926 11.1465 9.68186 15.199 11.8653 17.4864 2.40931 0.0646607 5.81488
302.954 17.889 29.4163 2.51856 12.6894 10.9179 1.89928 0.106229 7.84037
192.288 10.8153 22.8686 3.89621 2.92675 13.4708 29.0072 0.0326187 5.82059
230.027 21.1627 10.183 7.38673 7.42227 3.8817 6.76371 0.062956 4.61156
149.941 2.0028 7.27854 3.7035 17.5696 9.70203 2.42893 0.0964292 5.00797
-63.706 62.4671 2.05334 7.59052 9.02843 8.10965 2.17281 0.0540603 8.42832
89.6869 62.4671 21.1518 3.11676 13.1181 13.1322 20.8097 0.00411949 8.87033
251.825 16.2815 36.4796 2.84287 15.8043 7.03115 0.97488 0.0290741 6.92702
-62.7354 12.6346 25.0489 6.25052 5.13679 5.99127 30.9631 0.00178359 5.51949
113.967 7.2449 4.5647 22.5725 38.9508 29.8637 28.6387 0.000359043 7.23089
112.877 11.3877 25.2428 10.1783 11.9736 14.6875 28.5311 0.00799406 5.48174
413.587 4.08037 12.1646 21.7237 21.9545 2.55524 19.3319 0.0257515 7.57143
255.167 13.1836 3.17145 38.0012 2.51 51.6435 10.3011 0.00435186 8.38044
91.6785 20.4686 15.8453 20.1996 12.3446 27.5291 21.2593 0.00435186 6.20141
152.825 28.8327 16.7858 17.9899 13.8218 34.4687 21.0916 0.0496116 9.19089
71.5444 24.1428 6.70275 24.1823 8.43054 35.5032 23.4414 0.0767025 8.97117
59.8334 32.3232 7.96065 15.484 9.43823 11.1189 9.92417 0.0305423 5.42042
210.177 12.9303 26.7943 16.699 9.78061 17.7529 10.4742 0.0393262 6.27215
195.054 21.7654 31.2979 5.07223 8.59055 8.78163 17.7456 0.0801375 7.24658
219.833 10.3448 10.7755 19.767 10.3308 49.758 42.8957 0.0146144 9.56157
101.674 15.0305 18.8811 18.574 34.8505 24.396 15.0599 0.0323694 8.19089
145.341 19.1023 39.6982 4.18337 35.3059 2.40921 11.7235 0.0308481 8.58857
-55.0248 43.529 19.7766 4.19276 23.6463 11.9082 5.24713 0.16437 9.84401
49.4309 29.7917 20.0862 7.25597 23.3072 17.1902 29.9658 0.0172463 7.88942
33.558 18.4819 16.8181 9.67386 17.5727 35.5209 6.04337 0.00316506 5.6182
225.88 3.2373 7.06199 9.67386 5.11059 12.1689 1.4947 0.00505988 2.36555
256.696 2.02459 5.18881 13.9423 13.5581 9.51706 41.6607 0.0316279 6.37255
341.247 5.11207 5.86345 24.6519 0.860422 9.25326 55.9731 0.0157301 8.54331
-22.7296 9.08107 19.0355 4.6723 35.1722 9.54484 1.59422 0.0247575 6.28091
257.144 10.3214 4.52057 11.0835 10.2273 9.56906 12.2281 0.00101509 2.12694
-21.2707 5.91436 12.5969 11.2225 5.69371 14.0582 11.9718 0.035666 5.06435
190.901 8.98455 16.6607 15.4837 67.4972 19.6663 5.66727 0.0632694 10.9358
149.982 10.9873 14.0829 17.1162 48.2337 44.4664 11.2366 0.0924512 11.4172
27.0577 5.73281 0.448942 15.7982 21.2615 35.4343 19.5868 0.154475 10.0319
124.042 26.6621 10.9018 6.12471 18.0941 0.623969 2.86085 0.476432 10.6285
26.9969 13.2495 0.831008 7.7445 21.3441 12.1746 1.89828 0.238142 8.21365
229.606 9.54959 23.5932 15.4552 26.8121 18.7578 21.3959 0.00444014 6.60442
193.958 9.42347 61.8907 5.33772 3.68205 40.5692 5.19706 0.0192551 9.9096
285.732 3.49518 31.4138 2.58232 2.13902 11.2992 7.04383 0.00564427 4.18134
-35.3234 24.0298 22.3714 1.8754 5.88716 15.4515 5.82447 0.00564427 5.03216
158.992 4.80027 1.36842 8.10657 1.37768 6.73013 29.5762 0.151037 6.98538
181.406 3.38946 1.36842 12.4043 9.34367 1.52436 21.7893 0.137214 6.30596
229.098 3.89915 4.85126 8.68145 5.17845 5.66086 17.4775 0.0008644 1.79686
230.297 23.5135 28.0894 3.60497 0.339859 13.781 8.90868 0.0739251 7.66997
206.352 3.7128 19.8206 3.60497 10.8881 26.7938 20.3957 0.000864186 4.17736
162.701 6.99121 24.9995 28.8237 17.5148 38.3556 7.35276 0.00516723 7.45795
564.574 6.99121 4.31512 5.04907 5.84753 34.5708 13.8082 0.0225406 8.35647
339.917 3.14134 4.64667 13.7418 7.94945 23.0329 21.2498 0.001307 4.07398
197.505 9.58379 54.1883 6.92896 22.8478 16.0175 2.80759 0.0198108 8.5273
-9.21403 1.08538 31.4341 3.04854 32.6029 5.78762 7.56558 0.0658566 7.8292
168.366 4.57282 31.4406 5.25553 55.921 6.00652 1.87551 0.0946317 9.93365
89.563 9.60344 42.547 32.8829 28.7192 6.47986 27.2476 0.0211545 10.4813
105.69 5.18733 12.8542 2.78469 4.28247 2.47398 12.3917 0.243061 6.59737
205.428 6.63311 5.596 2.09497 3.44323 13.6165 19.7933 0.0777989 5.01846
164.439 2.53383 5.14837 31.9218 4.98259 16.4859 26.4903 0.0100184 5.55673
36.4363 6.45339 2.69777 42.0284 4.04856 15.3702 18.5917 0.0254154 6.58043
30.2596 22.6215 12.847 34.3589 1.81244 11.353 7.18089 0.0388577 6.59888
71.7903 22.1417 11.6202 33.7817 0.69813 25.1685 7.11036 0.238151 10.3074
268.394 24.9332 13.2453 14.9924 24.8278 39.7247 9.08045 0.0667947 10.0174
139.022 24.924 7.14808 13.6147 25.0476 36.5152 2.51574 0.0447324 7.95879
118.386 6.45766 31.6161 12.9329 3.98483 26.2178 20.6724 0.0014876 5.30539
123.236 4.4707 33.6838 8.98324 45.7893 40.3459 22.5347 0.00331197 10.0149
90.3549 10.8042 4.92629 1.77895 15.1604 12.9059 19.5926 0.000382403 3.07591
117.587 10.1348 23.0321 23.2603 0.985664 3.55855 1.71369 0.0422153 5.72854
-11.6851 29.3038 16.7205 1.77453 11.8699 11.1011 20.8704 0.0542936 7.15455
113.413 47.8465 5.98782 11.9673 8.91564 1.91367 3.07229 0.107747 7.71357
136.712 14.5001 1.73729 7.25784 3.097 5.55542 12.6868 0.0723093 4.62842
149.48 17.022 26.2502 1.86796 2.15554 3.73703 21.753 0.433854 10.4644
100.409 0.96612 13.2416 12.6922 7.22228 5.50316 30.8116 0.0202471 5.29782
303.053 1.08879 1.77646 11.3279 29.4322 1.84064 15.7987 0.0322879 6.04481
173.815 3.25825 3.62872 29.7992 15.1585 0.154508 8.97993 0.0279845 5.95458
8.06294 6.97715 17.3272 16.4504 10.5243 6.86548 14.2791 0.00267376 3.59402
21.5902 40.6553 6.16935 5.73804 18.1932 8.89627 10.8569 0.011645 5.53216
197.7 10.7231 4.69457 20.169 12.2519 4.89796 28.3603 0.0423544 5.63567
224.921 5.70291 20.7006 9.45482 40.6436 9.36597 8.3442 0.0661904 7.37781
201.933 16.4076 11.3903 15.9814 6.15611 46.3644 7.51054 0.0100422 6.31352
107.735 12.1183 14.8905 37.3876 11.3135 11.5535 22.2014 0.0392908 7.20841
-12.4022 13.7152 11.3214 23.9687 10.1692 1.19592 11.5587 0.082458 6.48257
88.5078 14.3992 14.545 28.2423 14.251 10.291 15.3554 0.00190172 4.49202
-39.1803 25.4234 3.93098 31.0714 17.1785 10.678 2.13564 0.0251517 6.66323
98.0041 36.2725 20.8268 23.9921 47.5968 24.0887 6.33411 0.000947715 10.3085
75.7076 7.28556 8.11901 4.67131 27.275 0.250862 2.02141 0.00269671 4.22029
99.9961 12.1485 28.8957 16.0156 29.5133 23.2836 9.46303 0.0139792 7.17239
230.053 15.8922 8.86334 1.70023 35.495 0.957399 8.89324 0.068497 6.96514
38.7683 12.2743 19.2215 7.81816 11.8784 7.72023 27.277 0.304634 9.08765
138.442 12.6627 45.1573 23.0856 10.3123 11.3283 20.7665 0.00620281 7.57251
282.488 13.1006 8.64769 26.2234 21.6494 18.6035 18.2032 0.00283138 6.16291
200.941 10.8217 2.67133 42.5296 3.53786 3.16003 30.2265 0.0887726 8.47525
-3.96646 5.30543 19.5909 17.3748 41.1936 22.7315 4.88614 0.258257 10.8138
80.3594 2.07221 5.1737 37.176 17.9586 42.0012 6.83324 0.279879 11.4868
82.0969 22.8607 29.484 21.0496 7.81654 9.04696 10.6523 0.202097 8.86857
69.372 14.0457 27.6385 9.93924 7.26377 7.89726 4.03772 0.0472683 5.05198
132.94 8.77229 30.8308 4.61596 20.3574 32.1721 29.3977 0.21346 11.0572
381.294 9.94074 30.4621 16.1009 11.4614 9.74881 48.6992 0.056998 11.2377
274.375 8.1214 10.5826 23.265 0.902221 0.876065 40.6936 0.00677534 6.76805
197.006 2.55687 25.9331 22.5701 3.31862 28.6557 4.82699 0.00418249 5.42756
347.332 32.0607 21.5735 81.6568 4.89817 20.4199 17.0413 0.0156405 19.2501
