42.1817 9.32041 9.85473 1.43052 8.8138 0.0303665 4.56881
41.1562 13.0345 3.20719 5.99012 11.63 0.0303613 4.63124
-26.3688 18.4447 22.2576 6.44365 6.19794 0.268349 9.50739
26.0778 11.5488 18.5083 15.7531 30.0748 0.0823959 7.32178
59.5755 9.83256 5.06026 5.3081 7.11248 0.103816 5.86268
63.2574 8.69116 4.76 30.7055 5.16579 0.0263981 5.94794
27.2252 11.8123 5.13798 28.4118 3.32823 0.00205524 4.21228
4.7612 10.3759 24.4464 31.8665 5.99288 0.00205524 5.78952
-30.9465 18.5916 23.1446 9.11407 7.88684 0.00205524 5.31634
-2.10777 19.2163 6.36564 16.2393 12.0784 0.087628 6.40955
4.27069 22.5011 27.6539 16.7795 5.36095 0.122244 8.24276
51.8017 2.07398 31.1656 11.4376 2.81731 0.0076219 5.25835
25.4249 16.4658 17.553 26.4598 17.1804 0.128855 8.02161
68.49 8.06106 5.59272 7.64406 17.0133 0.0220221 5.12975
45.1286 4.93916 7.36829 11.6324 30.3916 0.00495219 5.53015
14.8259 20.3921 13.7789 6.41025 7.39682 0.00905649 3.73725
7.41817 19.0712 11.3715 15.6086 7.25216 0.00065506 3.0155
6.90232 19.0498 21.33 3.55524 4.65609 0.00103516 3.27612
-1.84486 22.0645 19.5251 6.54068 9.52182 0.00735415 4.24307
11.3363 18.3839 10.1577 14.9653 24.5442 0.00477513 4.64202
5.86954 26.5279 8.44815 0.63946 15.1491 0.0172218 5.6263
-42.0878 25.6292 3.11685 15.2486 7.89816 0.00366792 5.92743
36.5374 15.0456 15.0541 9.38809 8.28512 0.00902344 3.78196
48.379 4.84284 30.293 10.7797 2.60661 0.0020488 4.30136
82.2295 1.57859 21.4259 10.2324 2.2857 0.000792808 4.54525
52.3364 1.57859 21.4046 1.41611 4.15314 0.000792808 4.02929
38.5868 21.2237 15.3324 8.97559 4.27005 0.0027072 4.67684
13.0885 18.0943 15.5154 12.9484 15.3429 0.0027072 3.81072
36.2255 17.5483 7.5492 18.7101 7.05902 0.00805579 4.21195
31.8617 10.9938 24.8104 13.3685 16.1675 0.086458 6.63933
10.0041 8.25667 20.4976 8.83056 1.8636 0.0474357 5.92784
10.8263 15.7465 33.0735 10.4769 2.95474 0.0930951 7.25403
31.8348 13.422 21.9664 12.8668 7.88028 0.0302082 5.00051
46.1141 11.5962 5.48319 10.6619 46.2911 0.195485 9.57687
30.1939 18.7882 22.8315 37.081 4.48339 0.1554 10.2513
47.269 20.3248 8.46965 29.4459 4.35964 0.172594 9.07091
7.29992 27.1753 23.0597 32.3068 35.9132 0.0694884 11.851
-22.3897 37.5184 16.0447 9.06259 22.6146 0.037187 8.92653
81.8098 16.4422 0.442861 6.53198 4.59278 0.250753 10.4352
22.9701 15.4779 9.88166 1.60228 11.2756 0.0402977 4.80816
47.1928 24.6053 2.32425 0.813469 27.5677 0.0113853 8.19413
46.4133 10.4546 17.7798 3.08719 12.5753 0.00650469 3.81914
9.70812 17.7186 17.9855 3.45913 2.90907 0.00935555 3.8194
-7.40387 31.4439 18.6989 1.59381 2.90907 0.0103797 6.33252
-30.5222 26.4501 17.4001 9.28922 22.5607 0.0768839 7.74798
35.8591 2.68168 19.1726 17.4381 27.9645 0.00350585 6.18982
65.4063 11.003 6.33144 1.84186 16.9065 0.00388237 4.47607
38.0402 6.69037 17.8854 7.00875 35.0861 0.383632 10.3615
29.6367 5.10145 4.57428 27.0528 9.33371 0.0383253 6.98835
53.5514 8.77579 11.9083 41.165 3.89282 0.22904 9.504
70.9399 8.48018 8.50258 23.6504 1.47493 0.223535 8.75792
100.249 7.25721 15.6266 1.34464 10.1949 0.0674701 8.85113
15.9064 11.0676 7.7499 31.4462 9.82574 0.00709962 5.38712
15.194 17.2735 15.8394 0.643204 24.1872 0.0643831 6.7599
11.7447 20.5258 2.03725 8.42351 25.0494 0.0267801 5.79979
-16.0093 11.6577 36.2139 25.3334 6.88168 0.0718815 9.20733
60.3609 9.5779 45.1684 6.82439 0.0943032 0.0371786 11.0748
79.4578 5.01339 10.466 37.3842 5.33113 0.0285654 7.19865
54.5064 11.243 12.8609 26.3783 33.3399 0.144664 9.47412
50.1649 4.57334 11.3598 37.3547 14.3324 0.192946 8.95006
-53.3403 31.1147 5.0846 32.8084 2.80399 0.0113502 7.79271
5.66419 23.6613 10.4645 25.964 2.12657 0.00816984 5.12655
24.2676 17.9573 1.94706 10.0518 21.2675 0.0013765 4.06205
21.7925 14.4141 15.3565 18.5334 7.64836 0.0329844 4.92877
75.7202 11.1266 13.3315 15.6352 10.6422 0.000320392 4.65399
60.8065 11.1336 6.16332 19.418 13.316 0.000320392 3.75185
29.1376 8.37939 4.17769 5.13297 9.44484 0.164815 7.26149
15.4376 12.1499 1.70693 42.7175 0.57691 0.0839474 9.07809
26.7011 15.7301 5.16766 31.2377 37.3223 0.118599 9.27222
68.8833 3.33462 4.95826 35.6703 24.4711 0.0658981 8.58581
-9.25102 36.0955 2.22179 23.0285 22.1019 0.14956 9.90661
1.21651 19.3329 2.81737 6.4156 6.75028 0.0219091 4.60517
-26.8765 28.9514 9.11907 15.6986 9.58532 0.0200363 5.57857
69.5044 1.79031 2.91446 38.7178 5.98567 0.00423093 6.56974
8.55458 14.1149 14.8478 13.303 9.75868 0.00123111 3.34624
20.9504 6.5718 14.5584 15.8296 4.37857 0.697546 13.3639
28.9167 14.5404 11.3338 26.3667 6.89382 0.200701 7.66729
28.5721 0.514289 17.1088 27.6387 0.846136 0.223524 10.2684
-3.89528 14.1639 22.8886 34.5025 7.98395 0.074526 8.10703
-18.1095 12.5194 20.367 10.2659 32.4582 0.119816 9.82409
19.6376 22.3903 9.26736 24.0427 5.30232 0.0393713 5.8869
25.2926 23.1098 4.08882 4.70862 12.0739 0.00976218 4.45613
-10.7574 20.9782 14.1493 22.0861 27.8648 0.0116478 6.45785
1.53202 13.7847 4.5374 24.9394 19.488 0.0165798 6.56905
46.6976 11.1566 29.0097 25.2237 35.1983 0.00245176 7.76438
41.3435 16.4384 4.09761 16.4859 19.4512 0.0279402 5.61721
14.3184 16.5852 21.1752 12.412 6.28828 0.0528843 5.41668
18.6105 17.0386 26.5066 6.15871 3.25545 0.151662 7.1576
18.9182 7.65422 15.3673 12.0814 10.4654 0.00202109 3.98008
30.1801 16.7273 11.7947 12.2815 17.1369 0.00723897 4.17994
38.4144 7.01605 2.31356 15.085 21.7472 0.103957 7.63664
38.1242 16.0118 21.7704 5.45246 31.0247 0.204219 9.37391
27.7855 15.5998 13.6293 13.43 3.27815 0.110548 5.89409
41.6004 19.0958 10.7537 5.52379 18.2421 0.0273351 5.60744
28.3622 11.787 1.03286 1.82422 10.3062 0.191634 8.24651
41.8158 13.4941 23.0785 0.721084 4.98196 0.0285181 5.54224
20.7391 21.3113 15.8749 15.4758 12.2548 0.00400915 4.5522
34.9371 2.02594 5.10457 15.6251 1.57431 0.0485027 7.43612
20.4838 14.0108 22.8201 25.776 8.4078 0.0329057 6.08783
-18.0271 27.7458 9.74349 10.7871 23.3527 0.0642174 6.96721
5.32853 16.5106 15.7807 13.6698 4.78871 0.0998205 6.01101
26.2535 16.3931 7.74224 5.14396 28.3136 0.0656804 6.27741
5.21848 17.1901 0.264796 5.57893 18.7027 0.0432825 7.13032
9.50843 20.345 30.7286 1.35078 10.3445 0.239833 9.22763
-35.4791 21.1459 18.0201 16.0998 12.3582 0.0737684 8.00544
-19.2507 37.9929 13.5751 27.3567 14.2954 0.0693744 10.1919
67.1033 2.98098 4.10069 21.7699 1.34504 0.0682998 6.90855
51.6955 5.27754 6.66689 15.6096 1.23326 0.0608574 5.90715
-6.08871 20.5121 0.54357 11.3162 2.31118 0.0651555 6.9271
-31.1581 27.1349 13.0929 9.8035 34.735 0.0166583 7.21924
50.9306 10.5504 12.4948 12.1064 23.0505 0.0126375 4.94309
35.654 11.9083 11.5573 10.4781 11.3973 0.120094 5.91703
18.8941 19.8044 16.6717 2.81296 13.5298 0.0340714 5.17048
24.871 26.2665 7.21654 15.6528 3.17008 0.0103797 5.53894
70.846 13.1409 12.5661 16.3003 42.0406 0.00239926 7.71008
21.3514 12.9416 3.97502 13.0307 8.64388 0.140845 6.68152
33.3046 12.8675 0.917616 14.7888 24.3187 0.119274 7.89083
2.75355 10.6056 3.69146 5.83327 12.7571 0.0365471 6.77661
9.14476 17.0945 14.1168 11.6573 5.33871 0.0493779 4.92777
-19.309 21.8827 9.86949 11.1077 11.9134 0.0473765 5.95691
39.1676 3.96955 15.2319 20.0695 14.436 0.0287842 5.89904
8.53892 14.1134 13.1569 6.63772 34.3323 0.032434 6.49123
30.4535 15.3363 3.918 49.0285 27.753 0.0826349 9.58688
32.7599 18.5668 10.904 23.8139 24.6443 0.0203103 6.43943
-11.3839 14.8994 17.2968 27.3475 29.0123 0.054285 8.72308
1.70657 12.127 16.3628 24.7681 19.3904 0.041756 7.10493
9.78673 25.3676 6.96578 37.6343 13.8234 0.0104566 6.72085
-19.7342 22.966 6.65048 15.6287 19.7344 0.00160526 4.80518
25.9225 14.8845 7.14013 34.5228 12.2819 0.00542026 5.12031
-0.459609 29.4609 3.85153 11.3485 0.507156 0.00482673 5.17695
-26.4667 20.5107 0.953092 34.4726 18.3298 0.0447117 9.57659
-5.1605 28.9068 22.7637 18.8997 0.185481 0.0640266 9.28172
-3.7468 18.3969 18.0305 7.55883 3.3729 0.0849447 5.87832
-22.231 23.1817 19.3599 3.25264 11.3346 0.0839686 6.77584
-23.2917 19.7061 14.5246 24.6927 7.7751 0.0409699 6.93116
22.7868 7.29726 26.8821 12.6545 2.36924 0.0486709 5.86458
11.4122 19.705 12.7834 7.09377 2.27402 0.0513647 4.92349
18.4299 16.7875 11.2269 7.97338 40.9792 0.0107202 6.01135
-3.01393 17.4665 7.81273 17.7845 5.5911 0.0193027 4.90117
47.8915 8.47598 23.8481 15.065 8.47974 0.0752664 6.23104
64.5498 2.74915 22.5553 3.2104 2.26452 0.1428 7.0987
49.3116 7.67897 33.2584 14.4479 3.38873 0.000218972 4.45383
-1.90137 27.4658 9.05111 6.26833 9.33403 0.0522069 5.53748
25.2777 16.5112 3.20868 13.5646 35.3387 0.00645702 5.70695
-8.47934 17.5153 20.9425 17.8301 14.69 0.0637652 6.83485
-9.09771 19.024 17.2627 7.49289 13.5684 0.0805119 6.28134
-2.84424 21.8592 16.399 5.55717 0.127205 0.114991 7.53756
14.06 11.9774 10.3588 29.0091 19.1885 0.0331305 6.61168
28.2501 14.608 5.64976 22.6146 23.7094 0.0288857 6.00197
-13.2277 28.4614 6.92495 5.18211 23.8108 0.00147099 4.64331
69.1027 8.68508 7.77274 3.31337 1.24617 0.0554184 5.69865
34.1158 4.66226 18.2074 47.8258 4.6626 0.0086049 7.17975
-9.30756 22.8386 27.6448 15.506 2.45329 0.0211588 6.36627
65.5261 2.72579 6.0669 7.60984 21.9352 0.0326443 6.11826
77.1221 2.57306 7.04618 2.36592 27.4411 0.000258262 4.8888
52.5497 2.61362 7.5243 15.6944 27.6742 0.000258262 5.06817
71.6431 2.80513 8.82538 11.8261 32.2558 0.000258262 5.07578
81.7146 8.08784 9.41344 6.84977 31.3627 0.000258262 5.34056
55.3378 10.2222 1.87775 10.0713 6.94061 0.0409081 5.18952
0.469769 18.7081 15.4337 2.8218 9.19639 0.0521688 5.22319
24.8716 20.367 12.8364 2.88577 9.23004 0.00301968 3.58756
33.0531 9.88752 31.8155 20.7527 5.84732 0.00301968 5.18787
26.3102 7.56425 30.1884 20.7527 6.15532 0.00301968 4.98726
56.3583 10.1636 11.2887 20.156 3.87997 0.0469201 5.51307
11.5511 21.0677 12.6861 22.5345 11.4009 0.0676086 6.35725
-2.71593 26.2588 23.8853 6.61893 1.14336 0.354579 9.96423
25.7022 16.931 10.3849 1.33188 0.187837 0.328697 9.66615
25.8506 11.6277 26.3239 1.8184 3.44428 0.042584 5.33921
13.4818 14.8485 24.6737 9.53894 3.07669 0.00495567 3.98356
28.4979 11.8416 24.7111 9.3513 2.32028 0.0126849 4.37419
25.1212 15.8284 8.56749 10.1057 14.3161 0.107252 5.93201
28.244 12.5882 18.9385 10.3545 0.877143 0.107152 6.25049
68.2874 9.78364 25.5071 5.01846 8.79553 0.000813431 4.68228
17.9586 23.9579 4.64098 11.8721 5.37058 0.0121927 4.38256
45.3492 15.2614 14.9839 10.7281 10.7728 0.0172838 4.72319
-4.36428 13.0523 31.0105 5.13367 5.50862 0.0438725 6.19396
20.9187 7.60367 17.6317 5.41796 8.97342 0.00129669 3.47898
71.338 6.48655 1.33224 5.5447 9.4437 0.0692824 6.35167
27.0066 7.44716 11.5154 5.86322 12.9078 0.191596 7.26811
13.7275 3.65376 5.12605 42.6882 31.751 0.290191 12.551
2.02434 12.2539 20.0887 19.2029 13.9077 0.154174 7.86726
-24.3495 27.1689 5.99238 4.41407 1.23336 0.0667882 6.41063
79.9689 8.32649 16.4644 4.25382 2.98439 0.041049 6.19378
39.1981 9.75487 16.7522 13.473 17.3418 0.0955163 6.29054
34.8256 14.6246 20.2754 5.69502 3.80936 0.0643726 5.39776
21.3048 13.812 49.9374 0.211938 10.0579 0.0144302 9.62817
62.0413 14.3664 8.01762 2.27905 12.6653 0.0321274 5.65091
66.1564 3.87496 13.7119 8.22837 21.1158 0.0278072 5.58152
51.6116 14.7188 14.0944 8.7048 23.4254 0.00928484 5.318
18.109 8.46755 13.5767 11.77 11.3052 0.0210216 4.99306
46.8693 10.0365 13.4072 9.26441 16.1704 0.01554 4.33518
43.4264 5.78488 9.85732 17.3823 17.4932 0.00570169 4.63203
62.8913 9.10347 13.9542 2.32557 6.11709 0.000165755 2.83146
48.724 15.6482 20.7792 18.4512 6.37135 0.000150571 4.41179
34.3688 7.67221 8.52328 5.52987 8.57074 0.000435497 2.81559
31.2802 18.0181 7.21437 7.40872 14.6369 0.00159532 3.28123
5.93042 25.0412 16.5969 5.99795 12.405 0.00095278 3.97387
8.76539 20.1368 6.50018 24.2874 14.7326 0.00056014 3.95065
-49.1772 28.4732 27.9208 11.8803 3.86209 0.00486491 6.81777
-24.4874 23.5484 15.2415 6.48214 16.2174 0.0530614 6.42551
63.4111 13.9425 11.6271 20.7343 27.4728 0.181861 9.88565
39.1836 5.52945 18.954 45.3933 30.1784 0.0668238 9.7783
-28.8772 26.9806 25.6529 22.5303 15.4953 0.00222033 6.71561
12.3526 14.5489 14.2109 49.7711 31.2284 0.00222033 7.94979
-7.40668 6.93435 17.6494 21.8584 16.0101 0.475579 11.9305
-8.12242 16.1503 17.3895 18.0503 0.869681 0.0369877 6.28898
31.2665 20.3882 17.6291 11.7592 19.5635 0.197284 8.64825
34.0623 19.1198 23.0266 8.64652 18.6394 0.0301325 6.70277
36.4145 9.24518 0.530486 26.138 1.46681 0.00210209 5.45548
32.5954 16.5479 16.0783 18.2113 1.89323 0.00954104 4.61931
30.6937 22.1768 9.68571 22.3621 14.5697 0.00852447 5.68837
3.08206 19.6418 2.60814 24.4228 1.9608 0.199319 8.38178
0.418216 22.7907 15.5002 31.8077 9.87326 0.140352 8.41498
1.10885 29.2489 11.8664 32.1102 2.79863 0.0749503 8.34888
-42.6013 25.6712 9.68452 27.6713 8.3121 0.0297425 7.62372
-29.5956 29.4715 8.0913 5.17 10.4183 0.0297425 5.59151
53.7478 8.35461 11.1383 5.17 10.4183 0.0358996 4.57063
71.626 2.99869 4.0943 7.85044 2.67912 0.0121736 4.77081
51.2863 6.85635 2.29751 10.6668 4.87754 0.0300118 5.03572
39.4345 7.55915 22.0846 10.3741 1.15926 0.00420961 3.94189
57.4229 3.67131 3.6629 16.8088 3.76926 0.0174772 5.20465
29.1026 8.27362 5.84364 34.9331 6.81567 0.0174772 6.04237
-16.7003 27.8622 11.2987 29.0737 19.0384 0.137752 9.02326
55.2159 2.07949 21.8448 15.3843 2.00682 0.0226342 5.51802
51.144 1.66486 22.9516 5.50232 2.6332 0.079966 6.26162
-23.7169 30.1943 6.86612 41.4854 21.6212 0.0231076 8.56462
-4.45042 32.5734 6.38274 13.4322 12.0706 0.0524665 6.85861
23.0613 17.5027 9.0836 7.70712 3.10981 0.0146875 3.69575
21.1185 8.3755 24.1879 16.3242 15.261 0.0019303 4.52278
-6.11043 23.2804 11.2096 4.40442 9.23792 0.154674 6.78295
8.30132 5.76492 20.4562 6.09918 9.90701 0.23459 8.52379
-4.72546 33.7798 17.3051 21.4763 16.9385 0.135665 10.3284
23.5784 23.2318 2.60282 10.9572 31.7654 0.081362 7.70247
30.0329 2.97166 27.3593 10.0897 1.97928 0.00903682 5.28861
-17.5441 16.9714 20.671 5.46364 1.2714 0.0189947 5.64157
27.5687 17.4957 0.296974 0.588482 8.34181 0.0102747 5.55558
44.9654 26.4729 14.817 2.45191 11.552 0.0170248 8.37087
48.2126 9.41363 10.2436 4.79601 16.1269 0.0764911 5.59252
101.978 2.34662 5.13427 16.103 15.4457 0.202334 9.95993
44.3437 9.01019 17.7489 14.2112 24.3636 0.192316 8.12294
65.6645 6.15111 18.2524 34.4454 12.9297 0.0967712 8.46433
42.803 9.5256 19.8072 6.10184 33.0232 0.225734 8.9473
41.8325 9.5256 29.9935 1.78342 21.2844 0.0529931 6.93728
41.4184 10.4913 8.19735 29.14 22.0424 0.02365 6.20642
8.19496 10.6813 20.5552 4.40956 11.1538 0.01246 4.64654
18.4635 10.5707 12.8389 9.82006 3.69308 0.000266961 2.72099
41.3372 10.9449 8.86619 8.42451 5.58361 0.00240373 2.80945
17.7954 10.485 23.577 14.0218 5.70966 0.0123291 4.54572
9.37069 12.0027 24.4668 18.843 19.4918 0.0379963 6.60778
54.5542 11.3872 28.4943 6.94968 21.0914 0.0302903 7.01134
70.2439 8.51199 12.2332 33.3537 9.1626 0.0302903 6.89479
15.4037 10.9471 32.6305 48.103 40.801 0.0824774 12.8801
16.372 6.72486 42.3957 2.51508 2.914 0.351827 10.0869
43.1044 8.11635 34.3368 11.3041 14.5218 0.0530693 7.04903
28.8859 16.3717 7.37696 3.47437 13.0933 0.0613883 5.14887
20.468 1.34343 2.6882 21.7504 25.4129 0.0985613 11.4124
-34.702 9.49823 37.6296 25.8895 6.2713 0.00171163 9.86084
49.2458 7.18892 21.2298 6.07038 3.43596 0.0461263 4.96694
49.2458 0.958132 26.0894 4.87542 11.7788 0.0484057 6.40333
69.2181 4.4266 6.85912 58.1596 9.70539 0.0169651 8.38791
38.3262 9.94665 24.9298 9.18507 8.56826 0.18497 7.21248
48.4582 15.7422 15.1873 5.26651 17.9369 0.242558 8.43449
15.1461 0.57662 15.3454 3.7356 11.034 0.0311136 8.67921
54.3563 9.46664 4.55303 13.5885 5.77526 0.0572224 5.25542
52.7833 4.83524 8.24069 5.61429 21.5004 0.0181693 5.16652
65.3571 8.35828 4.49653 9.72009 33.8252 0.0158104 6.26345
59.0041 15.326 5.93031 8.79041 11.265 0.0283268 5.35226
48.9974 8.51899 10.8379 3.98045 17.6927 0.019464 4.52923
39.7951 12.0926 4.53917 12.042 22.8501 0.0118872 4.8195
54.8107 16.5167 38.2067 1.46347 4.76803 0.0207225 9.64707
20.004 18.2984 5.98317 32.3616 1.21614 0.064663 6.80145
52.3203 13.4622 17.4785 12.7549 2.18346 0.0338221 5.54293
15.4221 25.2437 17.7774 7.91047 7.42357 0.000374386 4.16434
-12.9037 19.7062 7.0127 13.4699 7.53564 0.000374386 3.49446
-29.1473 37.0323 21.0042 16.636 7.87352 0.000374386 7.09323
-8.47649 15.8436 26.4427 9.48249 10.3399 0.00992272 5.14885
46.2984 4.62089 20.7928 16.6046 9.37144 0.0267795 5.21929
52.9634 10.7422 9.49819 27.973 11.6098 0.0339361 5.91274
63.2964 13.876 4.16601 2.5482 22.8167 0.0564125 6.82849
38.0059 17.8826 11.8787 4.95854 10.8507 0.0111422 4.19584
71.6285 10.7587 23.7196 16.0348 5.25939 0.0170384 6.75606
42.5805 4.42181 23.771 3.57161 4.28849 0.241048 7.5596
49.196 5.24533 22.414 8.8639 23.0743 0.00396141 4.71636
62.8292 14.2246 12.7188 21.54 5.41885 0.275823 9.60071
11.2001 15.3163 14.0498 5.83984 0.788659 0.102471 6.1311
12.4068 17.5601 2.72276 3.69044 8.87269 0.0688804 5.60954
17.8006 8.91616 21.68 13.4824 2.22039 0.000855086 3.68988
17.2367 23.2387 22.9706 12.588 18.7481 0.00285528 5.89145
15.2866 23.16 5.19419 11.7779 7.13563 0.0108503 4.13783
22.4569 19.343 6.90209 23.384 22.0419 0.196842 8.44269
13.1166 14.1915 5.2684 34.9664 28.8773 0.115615 9.08558
48.7828 19.9852 10.165 9.55345 16.9059 0.0808746 7.25718
25.87 16.6501 7.05215 18.9872 24.0191 0.0873816 6.86636
56.8773 4.41357 23.2206 15.8857 14.5219 0.433479 10.7842
58.95 1.78964 11.6205 46.1935 20.2981 0.0430749 8.90545
55.4369 1.05127 32.9898 21.8116 12.1131 0.0047887 6.56381
54.2833 2.30491 17 38.5325 11.9221 0.0673995 8.05684
55.7049 3.96997 3.91541 19.5555 9.32654 0.024067 5.59034
58.305 13.6524 5.76122 16.2423 29.9313 0.0103358 6.15142
11.3437 11.8125 18.5614 36.5869 6.81618 0.00960862 6.04791
16.9463 12.8235 0.953141 25.1793 4.99545 0.0268755 6.25659
49.3991 22.6782 6.23974 6.71784 22.5718 0.0463778 7.65877
34.9786 15.9331 26.3473 16.7456 17.7118 0.0794843 7.93822
61.6821 5.30037 21.9706 6.72155 30.081 0.0663013 7.29273
34.2156 4.50154 16.7457 10.3527 9.18919 0.0603582 5.70898
61.3507 5.717 23.454 4.47367 11.4982 0.0474285 5.67368
64.4842 5.717 14.4324 17.9856 2.45139 0.0269034 5.19317
19.0063 13.35 16.4649 24.9362 14.1462 0.0381158 5.95129
55.2347 7.10421 20.4075 3.68803 7.30147 0.149384 6.59755
32.3207 20.4057 13.7351 7.96947 4.93678 0.0479182 5.45555
-13.0088 24.2031 28.1271 4.35237 6.77878 0.0970549 7.3673
51.5405 0.938341 34.0166 18.7263 15.8789 0.0169787 7.31083
40.3159 11.1613 21.7447 10.2894 10.7025 0.0911196 6.07369
4.10291 26.8631 3.56901 7.73697 11.0259 0.293629 8.50811
37.2911 11.4154 19.7577 6.18828 8.74352 0.499461 9.99251
51.0595 11.838 20.1537 1.27573 14.0391 0.271542 8.78812
49.7672 18.2216 24.0541 3.26421 15.9322 0.0248508 7.36651
61.619 18.855 24.6739 6.84168 14.9655 0.0226881 8.92259
52.1694 5.2847 8.07255 15.0844 21.6289 0.197909 7.95151
54.3247 3.5053 34.2751 16.4517 24.5867 0.178389 10.0996
25.2667 13.4026 28.4045 13.4697 7.26883 0.000116736 3.58823
40.549 5.14857 24.9011 0.560965 0.583081 0.231897 8.77663
7.77164 11.9184 23.2746 7.13654 27.6334 0.000872572 4.80683
55.75 13.452 2.76417 20.3751 2.59333 0.0681814 6.32023
46.2363 6.68922 17.5073 1.45624 4.31832 0.0823799 5.65337
56.5637 1.83582 30.4007 15.7795 10.8373 0.0794954 7.40247
16.5267 12.203 24.9499 8.0372 11.881 0.0745568 5.94639
65.5742 10.8489 19.9958 24.7888 24.4721 5.65997e-05 5.87631
30.7209 17.7413 23.1097 21.017 16.735 5.65997e-05 4.80244
36.9638 2.11184 20.7862 3.07407 4.95078 0.105257 6.68507
13.3367 11.7869 21.4496 1.44425 4.58742 0.0502567 5.41409
38.2381 9.11631 21.7983 8.80394 12.1655 0.0747987 5.69695
40.771 17.0154 16.0402 16.1436 12.1551 0.0313658 5.78025
-1.71726 12.8369 22.8819 19.4704 3.25521 0.0290005 6.01525
16.0423 14.1466 30.85 7.38669 1.3679 0.0123304 5.20202
58.8151 3.2453 5.61668 1.0247 15.2773 0.0158226 5.56447
27.8957 11.6207 16.2163 9.0199 0.885479 0.107475 6.06542
10.6387 14.4816 16.4502 14.6417 4.66541 0.20114 7.20472
46.326 6.35118 8.77763 17.5471 83.7076 0.284907 14.0745
23.3544 10.3921 14.5133 3.51536 28.6107 0.00780862 5.03051
-5.04786 18.0782 16.315 5.34791 9.15017 0.0143438 4.34299
12.7002 13.6605 5.25505 16.0903 9.86006 0.00481857 4.08263
13.9616 16.6 12.7879 9.9435 15.8925 0.00355894 3.61576
56.4102 3.63723 34.1447 0.445566 32.1272 0.00117166 6.98495
-9.53714 25.1299 2.44156 27.4461 11.9419 0.0822881 7.44532
15.4564 12.7883 24.9048 20.3574 21.9629 0.116175 8.02578
-13.9066 33.3178 15.9083 26.5491 36.4303 0.171516 12.0724
-8.57237 30.9652 7.67022 66.8281 36.2713 0.0583473 13.5657
-33.0298 16.7685 8.54689 23.1469 8.92157 0.0635592 9.06278
-3.75514 25.2806 8.55772 18.336 10.4278 0.00292059 4.19736
12.0257 42.4694 4.36987 17.7254 3.60742 0.0267353 12.2455
30.6695 8.20711 13.0784 30.4904 52.0724 0.0524941 9.78823
11.9347 14.6972 7.37287 59.828 75.9459 0.0447268 14.4156
29.527 16.667 7.76093 35.5938 35.4563 0.0552386 8.65523
44.9828 12.3427 14.4827 5.09571 1.54278 0.0146137 4.04798
27.6787 8.85633 19.954 1.4221 11.242 0.0146137 4.51214
27.6787 7.97166 33.331 0.848494 12.3334 0.0146137 5.78275
67.6523 9.96876 2.66727 4.9838 48.1126 0.0676147 8.94797
62.6375 4.11859 17.288 13.8734 40.1757 0.0122585 6.91942
67.5467 3.73502 7.18453 8.3426 5.79306 0.0287149 4.84866
43.6261 13.3734 1.92871 8.45909 9.63087 0.0883096 5.88705
-12.1807 22.5267 20.7448 2.31711 2.05051 0.00299119 4.2496
5.269 18.2169 10.1845 5.61136 2.05051 0.00107581 2.8659
32.4658 16.537 8.87722 2.59882 0.92582 0.000377647 2.89981
53.7215 13.9212 4.93488 1.12975 5.52243 0.00147441 3.56568
16.6681 15.1387 25.6084 28.5037 9.36806 0.00139868 5.19385
48.2787 16.0349 8.1304 1.56702 21.6793 0.00129954 4.35517
29.8552 13.5323 8.1304 1.99082 1.33483 0.00178286 3.12339
79.5417 7.71678 3.19935 10.3329 0.388463 0.00398478 5.24776
31.6722 9.82636 0.959707 4.9556 0.388463 0.00913784 5.46048
63.0801 2.66973 1.51043 22.2534 14.4 0.00937743 6.21878
51.8108 16.3151 6.02691 11.8411 23.4417 0.349536 9.76054
46.1101 6.47284 25.8067 6.79256 32.1063 0.176142 8.80277
32.4871 10.2083 2.33164 10.048 20.2362 0.0624752 6.41485
18.4854 13.4418 15.4036 13.3817 1.30009 0.0606025 5.46303
35.5296 5.4154 10.0594 10.976 7.52943 0.219953 7.42295
45.6479 12.1074 10.201 4.60298 6.90546 0.294021 7.64132
40.3509 7.70327 7.8022 18.0217 7.86622 0.019683 4.61771
88.8635 2.27799 5.74956 2.37552 13.0724 0.0262643 6.14784
59.9434 8.39059 16.7577 9.15973 11.8192 0.00238194 3.65336
45.0212 11.1558 18.247 9.0127 8.00075 0.0019266 3.19915
26.4783 7.58432 7.46754 15.8631 32.053 0.00122867 5.52159
30.8191 7.76172 2.40637 2.41931 9.74266 0.0491793 6.15704
76.3278 6.12584 5.77984 4.96879 13.5951 0.0490976 5.81361
32.2484 6.16725 30.6139 0.664154 7.46121 0.00314151 4.74299
55.3365 1.26481 37.7202 8.86573 16.8749 0.000104435 5.43998
82.6014 7.20463 24.8041 13.4842 9.92187 0.122085 9.21178
52.3437 21.8846 24.2606 4.15488 41.2623 0.214187 13.7726
11.0332 16.6512 12.7501 9.15593 44.954 0.0598504 7.82603
10.6185 8.73467 26.7162 5.18599 13.5381 0.101454 6.83315
50.1817 7.43644 21.9765 20.3987 25.1189 0.0196824 6.38257
38.6314 9.3902 24.6969 8.36388 65.7213 0.00677676 8.6771
29.7693 8.35511 9.92761 3.31982 4.93239 0.0670503 5.32824
50.4753 20.6097 14.9492 5.44817 16.3785 0.0233357 6.90898
51.1864 24.4224 5.08938 0.747976 29.3702 0.000982743 7.77859
56.2029 11.065 2.84248 15.4527 0.887574 0.204675 7.89189
23.1474 9.6822 7.61969 14.9284 1.02558 0.101157 6.59065
31.4123 6.62959 3.98732 23.9487 10.2332 0.0324847 6.27331
42.8136 12.7837 5.68006 39.2919 7.671 0.0300206 6.39963
51.4925 6.80483 12.2446 53.0632 8.80833 0.0813946 8.83404
88.9648 3.4314 20.2205 24.371 5.54562 0.0385336 7.6639
65.3352 5.26504 23.2802 27.0987 14.4246 0.000778132 5.36028
-0.828379 30.9693 12.6398 9.90554 10.4917 0.00462686 5.43078
-1.75519 24.5892 12.4119 15.5117 19.3857 0.152023 7.78237
4.16248 27.0232 1.45393 8.45818 8.83326 0.00477987 4.40407
102.63 1.96917 14.1904 34.1688 1.07995 0.00994735 8.46467
36.7939 14.8944 13.5254 27.0362 5.21471 0.0988495 6.82695
53.4666 14.9731 30.1802 14.9768 22.0848 0.0356401 9.00902
43.5064 5.06156 4.21312 31.371 2.15281 0.0975755 7.58713
46.3234 18.8017 9.91502 0.49889 12.754 0.155393 7.93324
40.6892 18.8544 5.8773 15.5463 21.7358 0.305446 9.28337
62.3822 20.487 4.55585 26.9493 10.0521 0.267714 10.8462
-13.6391 16.2721 15.0972 11.8121 14.1957 0.286847 9.45231
-1.26105 23.4842 25.7342 11.6663 14.2192 0.253588 9.33119
60.0031 14.1344 17.2082 14.2024 15.1226 0.00842269 5.72393
13.7441 16.2076 29.1113 21.2542 16.466 0.0157762 6.55644
8.81836 12.1986 27.0705 21.3748 17.169 0.0120019 6.09308
0.0406386 29.786 12.9713 3.60037 1.34011 0.0137137 5.6332
82.9981 7.98439 11.3926 6.79641 11.9539 0.0129725 5.37415
50.0034 11.5701 19.0897 18.8668 19.0767 0.0197269 5.89601
-50.5253 24.5666 13.6053 8.5726 4.57454 0.0741596 8.30257
6.89313 21.5016 17.4457 19.7505 4.05891 0.0299545 5.55632
65.8751 5.51299 9.50418 15.2888 1.0541 0.0682042 6.08395
1.02586 17.4062 11.339 7.25993 8.70639 0.0196737 4.27644
17.5916 15.4486 11.4401 4.02062 10.8623 0.0984075 5.62122
23.8241 13.6213 13.6067 8.93764 7.89183 0.028891 4.20752
-15.5305 24.3732 12.8317 8.09778 16.1189 0.00120725 3.9332
3.05138 16.0993 36.8203 1.35664 18.0119 0.0151775 6.89938
47.2593 10.6208 14.5186 13.0304 8.46935 0.0362413 4.7665
54.4827 7.23499 0.824062 4.80489 8.74698 0.00693703 4.61716
56.7021 6.17165 11.7699 7.70965 3.85631 0.113633 5.82974
39.6101 6.45885 38.6752 28.154 15.3547 0.0901077 9.70036
47.9027 6.89617 15.2008 23.7095 13.7975 0.323678 9.19614
41.145 12.5376 1.30538 11.1185 14.4315 0.0661378 6.06676
74.2782 8.30747 1.82423 24.3844 12.3291 0.0913861 7.68655
22.8046 10.0109 7.19225 34.1628 23.4502 0.0885052 8.24565
24.4356 14.5845 6.93718 17.4903 17.4966 0.0411885 5.47397
37.9092 26.4512 5.38926 3.78374 48.2242 0.108315 10.7069
13.1987 22.4357 8.25199 0.985872 29.5041 0.111443 7.79302
-35.9252 27.5565 9.05009 3.64398 28.2914 0.0441319 7.59725
33.6292 18.0142 4.52063 1.48776 52.3749 0.000995419 6.6799
-7.63989 13.2976 0.338522 31.3981 45.8064 0.012201 11.2815
9.35564 30.2189 0.267097 71.4927 25.7241 0.0063647 12.8423
-17.4761 27.5861 0.905416 39.6789 34.0565 0.0129021 9.2235
-30.3768 28.2262 0.0444877 26.619 33.5738 0.0266483 10.5901
0.977459 8.49172 14.4271 3.10632 49.3244 0.00833614 8.67971
4.49935 24.8443 9.17944 6.90497 18.7309 0.0709655 6.1577
16.4107 13.8975 24.2845 8.57755 16.0303 0.0703883 6.1433
19.9059 11.0287 8.36333 10 13.2431 0.00239792 3.60179
21.1942 11.849 18.2987 6.95938 32.1557 0.00830133 5.34509
4.21776 10.1142 17.6364 20.2592 0.828436 0.0260032 6.36143
53.7622 1.61592 22.8675 20.6549 9.88606 0.114752 7.53655
18.4831 23.3187 27.2675 31.2976 9.88606 0.0127584 8.56817
-17.8726 31.3235 4.7939 10.197 7.33186 0.0288997 5.51757
-19.835 30.9799 4.7939 13.6992 22.382 0.0288997 6.60547
16.3795 15.6486 25.8928 17.9123 35.9641 0.0329086 7.90732
30.78 6.009 5.8424 14.7355 28.8246 0.169297 8.79492
-45.1355 31.7557 21.5306 1.51932 4.86775 0.187665 9.4795
33.5414 5.74878 10.8356 14.7595 20.5284 0.172696 7.79143
28.2566 13.2047 20.5195 9.99815 25.7472 0.0765492 6.72993
24.2354 4.75519 14.1998 16.7948 15.0286 0.129673 7.60392
63.3828 7.86364 19.1749 4.90034 1.33578 0.197803 7.69964
-3.60877 20.0639 10.6796 20.7384 15.4173 0.0836097 6.76415
-3.82745 16.9361 8.97011 6.76616 14.925 0.0251384 5.12773
28.4631 16.5729 10.6263 1.16157 9.41667 0.0143563 4.13208
18.7787 20.2634 14.4428 30.8179 28.4096 0.157728 9.72119
31.1127 19.7265 6.91051 10.2802 48.4533 0.0311917 7.83901
-11.7699 13.8256 29.2169 49.5544 15.3229 0.144782 11.7956
14.3592 5.38194 21.5428 46.4615 2.22698 0.0222921 8.57633
16.5949 14.149 14.4782 12.9011 6.32149 0.0603812 5.13031
-1.25722 23.9209 8.26159 5.55171 7.57406 0.244401 7.68213
62.8886 6.85161 3.20794 41.9348 11.0902 0.0953347 8.33804
49.9576 6.12633 2.14897 12.3605 15.9715 0.078471 6.67597
77.0404 6.99596 7.32653 4.18052 16.059 0.00209287 4.23153
-8.97002 23.3992 11.7614 9.20386 9.50539 0.000713143 3.20837
7.37289 24.4139 8.28684 10.8728 19.2175 0.00239317 4.22269
-3.33272 22.9299 20.2958 21.0407 40.1675 0.00614822 7.59787
0.856343 25.4686 15.0104 36.1322 30.4287 0.0110338 8.33205
92.9155 2.04766 16.6256 36.1733 15.7884 0.0153595 8.42124
34.9414 14.3433 16.6916 13.9385 9.06128 0.0414909 5.0952
47.9136 7.61121 13.9947 5.07717 22.3004 0.05539 5.75575
35.6383 13.6215 17.8696 24.391 43.9447 0.00228996 7.00849
33.8121 9.18747 8.40382 19.1526 34.9816 0.0170224 6.48109
19.9469 10.2308 22.5438 12.6108 9.32682 0.0207071 4.78641
45.629 14.7702 8.97569 8.84908 8.91865 0.0171883 4.14864
0.43063 13.065 13.3176 3.62804 18.7164 0.0156405 5.3382
33.3131 10.2787 13.3291 17.8879 18.5551 0.000652848 3.68867
29.7782 10.5262 13.9523 5.4614 4.07438 0.0216599 3.93449
59.9258 9.55704 19.8271 13.5748 25.214 0.0233614 6.38532
-32.3302 11.7795 19.5651 7.19384 13.5349 0.235938 11.4092
77.7047 11.5131 16.2114 16.5283 9.3799 0.0622141 7.82942
61.3524 11.3343 7.93517 33.1141 11.2492 0.0256468 6.49251
54.6897 7.37468 17.8739 26.2885 12.9198 0.0108636 5.40386
40.5209 1.38855 6.42674 3.89991 17.7703 0.00867326 6.32924
62.4416 6.19703 5.95524 1.53671 18.2331 0.0212918 5.32196
80.9936 1.33676 5.95524 18.7533 4.84353 0.00472936 5.1813
83.2098 3.60575 12.8038 24.3789 7.72626 0.0027716 5.19589
-17.3606 24.0322 5.71957 3.83 13.2209 0.0272833 5.3226
14.6511 16.2105 7.20945 9.79466 6.20243 0.00532882 3.27642
21.6067 16.4601 14.2065 8.31724 22.5433 0.0104296 4.5533
27.7936 13.8756 13.1132 15.6328 18.2998 0.0529626 5.67591
-33.6902 35.1632 12.303 1.4615 5.64567 0.000792133 5.04233
31.5689 14.2329 16.0015 30.3374 11.3076 0.00607628 5.13199
42.5168 6.71092 27.2303 21.5218 16.136 0.0321631 6.50646
43.9573 1.39942 18.2169 18.5234 71.5883 0.05414 11.8176
22.9022 14.5753 1.79699 24.8317 46.501 0.300344 11.6476
51.1349 18.1018 3.66591 34.0622 30.4683 0.0792203 9.57747
2.67046 20.8156 4.95498 15.3474 17.236 0.0403432 5.66889
19.4113 22.1236 17.8264 19.7901 17.8176 0.0259795 6.60444
-7.12046 39.9282 6.01369 14.225 11.7407 0.0156984 8.69276
12.4255 29.9727 5.73338 31.081 15.5919 0.066952 8.73123
29.6657 16.4943 4.80006 40.3016 6.27928 0.0331337 6.54282
28.0965 23.5738 3.86522 8.12282 22.2697 0.012114 5.55464
-0.350116 23.2905 4.15917 11.8036 35.7687 0.012114 6.24419
8.9883 5.14095 9.47224 27.2746 23.7338 0.012114 8.39002
100.074 5.39522 6.88478 5.85437 17.1331 0.0238704 7.0236
86.4611 6.7366 13.0421 3.05084 20.4988 0.0458741 7.1255
-18.1034 21.8407 5.15008 15.5634 0.376713 0.142791 8.55852
-21.5531 22.187 11.5434 5.39639 10.1843 0.296347 9.54217
4.67876 19.0382 7.68735 27.852 31.8276 0.129188 8.92326
49.3986 19.0118 8.65886 6.88393 17.9177 0.0921846 7.05388
26.5286 24.2858 18.1775 7.52324 71.6311 0.0102149 10.9884
44.057 2.48778 31.8792 14.4469 69.5303 0.0118477 10.7389
36.171 20.8362 5.99078 8.72164 57.5859 0.0223652 8.7792
59.6739 7.42798 8.36325 12.0179 12.48 0.0322085 4.91918
66.1852 5.41701 5.30344 0.654957 1.17933 0.0228847 5.5656
30.3029 19.5496 6.08955 26.0889 19.8826 5.15116e-05 4.2919
54.7544 7.24183 6.48298 30.1697 10.4009 0.00947088 5.19887
-27.4982 27.4073 5.43311 17.4258 34.3126 0.00372024 6.63582
15.6855 10.1244 22.3332 3.20052 6.6534 0.0355211 4.99909
70.6897 0.294459 34.3724 7.3889 17.7626 0.0209022 7.81318
37.3812 1.92772 21.6042 35.0788 15.181 0.0901115 8.746
37.9471 8.90458 35.2312 3.73542 9.26619 0.0236573 5.83743
31.8755 6.45534 31.9656 12.493 10.7861 0.0590444 6.45777
43.3083 12.8482 10.7366 28.7719 4.5959 0.0350314 5.68271
74.184 5.08771 15.0835 28.7064 22.6419 0.0986419 8.75181
-18.8464 27.9308 7.46713 7.51795 21.5817 0.139648 7.82984
-2.10591 14.1272 29.1025 10.3764 24.4188 0.327098 10.308
-63.6754 29.083 25.8836 5.49565 20.265 0.218202 12.0321
-4.04857 26.516 4.19224 14.4532 21.9874 0.209911 8.61136
-4.64854 30.5917 4.92242 18.9559 9.60759 0.0226247 5.99735
71.6905 2.2371 5.77294 12.2578 14.3626 0.0267018 5.75157
-41.0579 31.7286 8.96459 8.84137 3.35687 0.020106 5.75944
14.3124 11.7799 20.71 21.7315 15.718 0.0060495 5.06895
38.2057 26.3017 2.19912 18.6887 31.6349 0.0548523 9.41748
55.7969 11.736 7.12701 38.8995 0.560514 0.0182813 6.95667
0.685117 15.4195 13.8999 2.53239 19.0177 0.0485102 5.96883
27.0338 16.7169 7.33306 15.891 5.79082 0.161952 6.52981
39.2966 8.18101 23.2912 20.3554 8.34438 0.263027 8.5379
55.4619 3.77478 25.4904 24.9157 24.545 0.14125 9.25829
41.4586 12.5013 9.48007 6.40228 55.1506 0.230495 10.5023
-7.70112 14.4838 13.2944 42.081 13.058 0.162082 9.79346
3.38262 21.6041 3.93404 5.2937 32.5997 0.0209411 6.07231
-4.2066 29.448 14.5373 49.6092 1.89877 0.00952546 8.96091
9.96725 12.5573 1.79832 21.7852 4.28913 0.00480225 5.16502
5.38788 25.1944 17.315 1.09552 7.97802 0.0471878 6.11472
37.927 19.3439 6.72663 16.4125 11.2745 0.0565147 5.92628
0.800763 17.7434 15.0803 17.4069 9.69342 0.151097 7.10491
79.4283 3.48618 14.7303 6.81855 19.7976 0.0699079 6.84699
-13.6197 24.173 6.84966 29.052 2.87721 0.0482393 6.62802
9.73667 19.5375 9.33233 3.52768 39.6963 0.00105795 5.11586
3.52732 25.8381 20.3071 12.1614 11.9404 0.014281 5.85243
-56.8644 34.5151 11.9515 7.31545 5.36956 0.0110835 6.26244
22.3836 13.2837 5.71705 5.68453 12.4234 0.0121445 3.97974
28.3221 14.4713 7.50531 5.898 6.08109 0.00330349 2.85716
-9.58047 8.71122 15.3341 7.01238 15.9353 0.000198589 5.66622
-11.274 22.3175 18.3263 5.63506 2.78038 0.026742 4.99229
-7.27284 15.3105 1.68614 15.5991 4.24153 0.0148294 6.06319
2.65045 19.4358 30.5753 7.52457 4.17646 0.0247978 5.84853
16.2783 17.2086 17.5639 8.66453 5.47115 0.0321143 4.53134
8.22919 7.02968 17.4327 21.0923 11.7152 0.0359735 6.85546
1.78547 33.4124 15.6648 1.20999 6.46147 0.00650152 6.99963
-27.4753 13.7966 40.9828 3.36815 17.4158 0.00362079 7.87485
-0.103634 10.2474 14.8773 8.47284 22.2157 0.0367977 6.82357
28.4896 9.02676 10.7665 3.27356 21.0401 0.0185281 4.99954
3.25838 11.4836 22.4791 6.39579 4.94085 0.0185281 4.86538
34.8575 12.3257 21.5456 38.0547 3.29724 0.218647 9.84238
-9.98142 10.4871 31.0797 16.487 19.625 0.116535 9.04258
10.2794 21.2785 5.48224 17.7461 10.0739 0.00167089 3.58267
96.4445 4.79289 18.1991 5.72115 40.8781 0.00167089 7.90754
61.7136 2.60869 19.6251 5.36093 21.5205 0.0148684 5.41451
21.2609 12.2066 1.59852 3.67781 1.8304 0.261184 9.04562
0.00387736 24.9193 13.065 26.345 24.8735 0.392999 11.5978
26.871 9.95611 7.07797 56.2764 10.4106 0.24029 10.5474
72.8897 3.54378 0.754886 33.6408 11.497 0.58268 13.7329
-19.1898 5.76168 13.9015 28.4387 7.65801 0.0855253 11.4694
27.2605 10.8312 24.7999 33.713 1.81996 0.034118 7.02642
57.162 6.57849 24.9849 21.8397 12.2723 0.0482754 6.7933
47.3155 4.2828 32.0495 20.3042 7.75642 0.0519057 6.97807
-37.2502 15.1781 42.6917 5.41112 3.75403 0.354269 11.9903
8.44586 15.3567 39.6279 19.9629 13.4961 0.189201 10.5413
51.1943 11.2288 22.0887 3.86116 3.47484 0.271886 8.25722
-0.419524 21.2469 14.2306 9.60547 17.3455 0.337275 9.18709
54.1738 3.43295 1.39497 15.9223 10.0365 0.13413 7.82632
78.3411 2.83149 11.9524 1.57958 5.20823 0.111322 6.846
49.0464 4.85695 37.6548 5.77717 5.13178 0.108799 7.61365
62.1834 7.12196 11.6511 21.7424 7.01784 0.0758956 6.20168
23.1086 16.9066 17.2446 1.78773 39.8331 0.014431 6.55535
11.4788 20.9099 20.485 12.2056 17.3258 0.0111122 5.27093
23.9098 10.1091 23.8068 9.91757 10.671 0.00904407 4.24031
57.8507 11.0155 1.19365 1.8141 16.1241 0.00608355 4.9257
34.4701 10.8718 15.6477 14.854 13.4553 0.00158353 3.43118
29.2395 15.6912 34.0735 15.585 11.2581 0.0140141 6.84402
15.4175 11.0827 31.5949 5.33971 7.79847 0.0153692 5.03945
13.4594 8.07439 28.7853 25.201 10.7018 0.00671264 6.05809
40.7269 8.46086 25.7411 4.42677 8.63268 0.00813156 4.08941
7.48385 19.1932 8.54232 16.6078 41.9698 0.0386219 7.53517
22.5728 8.92429 21.2264 2.94171 17.2738 0.0827287 6.27152
24.9846 5.62292 31.8565 14.3234 1.31401 0.0806509 7.10781
25.0352 5.54556 44.1913 6.35593 12.7986 0.0400553 7.5382
37.8158 0.0651659 20.0441 12.3355 21.4695 0.127633 9.78112
8.46089 6.96555 24.0995 4.83708 10.0893 0.13837 7.36429
25.5012 4.34057 23.7031 13.1722 26.0591 0.0157337 6.5493
33.1903 12.4258 21.8888 2.0112 26.3241 0.0981093 7.22779
22.948 6.42095 20.8025 11.4787 4.73569 0.0222439 4.97377
79.0365 6.0341 16.1276 2.61297 15.5796 0.0613155 6.66858
-38.8269 31.6865 14.8927 4.89374 23.4863 0.0087267 6.41895
-38.8269 18.3386 25.0655 4.89374 2.20327 0.0087267 6.7262
67.0829 7.15222 35.2511 22.6623 20.494 0.0778538 10.4545
2.37562 6.60149 37.1477 25.3613 32.8861 0.097068 10.9252
10.3174 8.5612 33.6639 2.21627 31.6286 0.176597 9.54785
45.7964 15.6975 2.79518 8.3932 19.0429 0.300214 8.68516
82.2548 12.3962 16.5353 6.06815 40.8161 0.126852 11.4209
27.6843 3.09825 28.7204 5.50401 12.8101 0.0541706 6.51233
39.0524 10.0526 17.5757 6.39653 6.83875 0.00565902 3.29639
38.658 11.2245 15.5016 9.58325 6.97393 0.00120274 2.76549
64.3659 9.77213 6.42264 14.2886 6.75801 0.009331 4.23992
58.3232 2.00088 5.25126 7.46922 18.9688 0.13139 7.69578
66.81 4.9823 14.7911 4.29638 22.9449 0.0164527 5.30766
71.3928 4.91027 2.57845 21.1196 0.671332 0.0024412 5.15536
37.9052 8.97814 9.32932 16.1202 17.9583 0.0024412 3.95175
37.5885 8.20206 7.67361 14.6784 7.26126 0.0215805 4.46632
20.364 23.2683 6.18625 21.9296 3.21 0.131416 7.11088
18.5224 16.1432 16.5671 12.8507 5.63875 0.0147573 4.07544
-2.14431 19.8998 5.03945 7.25409 6.97197 0.0155625 4.21686
-9.27633 24.3815 14.4984 12.1497 40.4312 0.0628918 8.27684
-24.7644 20.8577 13.6861 11.121 20.8263 0.00768127 5.69437
-8.26982 17.0851 10.8086 20.5363 10.1842 0.0502117 6.28914
18.1628 19.7461 8.55734 12.061 27.7748 0.157706 7.7723
3.02619 25.6873 23.535 14.1957 23.7953 0.147369 9.45298
-5.02144 23.7013 1.26064 0.558781 32.3062 0.14037 9.7071
4.74574 11.0534 24.0285 1.90826 4.34257 0.120821 6.84973
-19.818 19.3079 11.5887 24.5335 20.9402 0.172266 9.44924
52.5814 8.88565 27.4024 15.2868 4.65488 0.0627713 6.61387
33.2659 10.3382 17.886 17.0929 15.3566 0.0739961 6.10362
17.404 12.5744 13.7773 19.1616 13.5124 0.00301439 4.03575
2.22806 14.2613 16.6261 31.5585 2.82028 0.0317471 6.45446
84.9088 13.4078 26.0206 14.7862 7.23496 0.00565045 9.07257
5.55883 8.37552 31.7671 15.7924 36.0823 0.00706411 7.84647
12.5571 8.46832 45.8272 12.0205 36.0823 0.028789 9.83009
84.6785 3.47159 37.2707 15.6327 9.82072 0.00886995 8.22918
84.6785 4.43238 13.1317 6.52295 10.4761 0.0281711 5.60922
55.8007 10.3821 19.4474 14.2615 10.3846 0.0159658 4.99665
66.482 6.325 4.19185 3.87869 53.2753 0.0371731 8.63141
12.6927 13.4046 32.4306 4.2323 31.9999 0.0468133 7.73389
-21.5983 22.8978 24.7322 16.5031 28.1647 0.00721017 7.01189
64.2154 3.55296 19.2956 19.6298 9.5892 0.0115163 5.12084
79.4244 0.256664 13.2839 12.5517 15.7851 0.0115163 6.38118
28.0026 7.11798 28.5753 1.96982 0.422238 0.0115163 5.45381
0.415976 20.2785 17.012 4.78009 8.5065 0.134341 6.43412
11.2611 16.5 15.5299 4.96242 4.20664 0.0393423 4.54095
13.7701 10.3645 10.1542 0.872729 5.69114 0.0393423 5.64856
23.6425 10.5781 29.9965 15.3115 5.5652 0.0110537 5.06077
21.6949 2.22417 27.1104 1.73077 7.88948 0.0064238 5.86601
71.5648 4.69379 1.06938 11.7315 13.9967 0.0012876 4.69802
69.8844 1.98493 28.5509 20.661 0.0655804 0.0091578 7.77986
11.0663 28.9942 1.22532 1.98939 2.78949 0.0981339 7.12986
0.467478 18.8619 30.1659 6.56882 4.23825 0.0367023 5.97542
25.5165 17.5631 18.2482 42.729 6.22989 0.0134944 7.03259
57.3858 14.7691 10.232 13.4357 16.2139 0.00808628 5.07097
35.4231 13.7386 19.578 38.1914 7.9425 0.0177977 6.67875
38.0567 1.5279 33.7013 25.1266 27.6573 0.01427 8.50498
28.1445 3.67022 22.8595 46.4376 24.9906 0.0660469 10.1638
31.2743 12.9098 23.7535 11.3668 50.5351 0.306045 12.1695
24.3717 8.48403 16.1082 20.6434 16.5603 0.012872 5.2692
16.7736 20.7279 6.83936 24.5121 25.2643 0.000391624 4.74753
16.6585 14.849 7.32989 30.5431 25.6903 0.0133367 6.3254
23.934 10.1853 12.9219 14.6427 26.7837 0.0868396 7.00476
39.6624 14.2114 13.6493 4.51531 28.0347 0.0214941 5.47872
37.4454 12.8227 18.6188 9.12153 22.0824 0.00975212 4.74703
-29.6956 38.9056 8.97938 26.2924 19.2925 0.0345655 9.24183
27.0712 11.1711 14.7689 10.024 12.0106 0.0113074 3.90972
19.989 10.465 17.4222 17.1808 15.9841 0.0190945 5.16604
1.96185 9.91772 15.4292 11.264 5.68537 0.00921798 4.9718
22.6186 11.7797 22.0316 3.97182 15.4515 0.00758186 4.17037
15.6843 22.1261 12.803 8.18062 23.2745 0.0396181 5.97519
-0.556846 17.5622 15.1494 27.0972 18.0878 0.00943652 5.75534
13.3467 19.5014 3.34758 3.89152 16.7175 0.000291988 3.14196
49.1628 25.6597 10.8604 12.1461 3.5021 0.137974 9.39298
76.9693 10.0462 11.5127 31.3576 12.4731 0.140505 9.50516
74.9597 3.42949 8.62268 14.1421 7.21613 0.0807605 6.25694
21.059 7.61244 6.81812 23.9883 17.7884 0.097 7.78292
49.2146 15.4049 7.3427 5.22493 12.8958 0.0165297 4.48105
18.7508 14.8981 17.5014 42.6589 10.8197 0.0329517 7.33124
10.633 9.9847 8.67404 30.8693 9.73571 0.0375103 6.82523
47.8782 17.3447 5.2891 4.93399 31.2255 0.0263314 6.43338
52.5948 14.7213 0.38219 5.03286 23.626 0.0580862 7.35107
48.8644 16.6121 6.17372 3.36152 10.926 0.060679 5.60881
29.8052 17.1953 10.7037 2.90453 7.49295 0.00877318 3.56327
37.5942 15.6964 21.3606 19.0942 7.09335 0.00345453 4.70761
45.4613 7.03336 1.92565 21.9535 10.7112 0.0196383 5.63887
54.1319 2.63957 11.4035 10.8612 16.4872 0.251362 8.18101
45.1992 3.07647 10.1136 7.84405 1.29951 0.0562903 5.94531
62.664 4.67598 16.6939 19.9868 7.9106 0.0992639 6.67066
7.43017 11.6808 30.9289 38.6063 18.6552 0.0704465 9.61849
-48.8332 24.2417 23.489 41.1268 13.1888 0.0129433 9.7433
-26.355 32.3082 7.48698 45.3404 17.0624 0.0113544 8.5254
-28.0635 37.7696 8.83331 22.1652 7.46707 0.0142246 7.34909
-23.5819 26.5328 28.74 0.377391 8.33448 0.00250801 6.30764
-61.966 36.751 7.12221 1.87592 7.25504 0.000226004 5.46075
27.4028 10.9266 15.6895 9.24894 14.9067 0.00144783 3.25863
64.8526 5.14217 10.9535 19.6029 6.22484 0.0583698 5.80961
62.361 2.44143 28.787 24.4194 16.9843 0.0871026 8.57266
106.457 5.34121 17.1625 31.6169 4.82367 0.0226776 9.70959
44.709 1.7216 17.4942 29.3973 7.02917 0.0231178 6.56967
42.8743 10.4629 18.8861 21.3804 8.68909 0.00039116 3.56544
46.4812 17.624 7.13778 9.90721 10.4017 0.264499 7.94325
48.0296 11.806 10.0313 5.76596 10.8398 0.0532828 4.90887
38.2825 12.8287 28.7439 35.942 8.03409 0.12036 9.82897
35.9057 9.96638 15.4813 39.0003 3.90204 0.019769 6.1797
-1.36732 12.0388 15.2767 25.1605 9.75901 0.00795705 5.66494
17.4249 15.2132 11.8858 45.5978 15.3911 0.0397535 7.68443
22.7197 4.49622 38.3099 31.4392 3.92738 0.181647 10.1809
29.1625 11.5683 35.1138 24.4455 11.8546 0.00566466 6.62289
16.1413 28.2074 7.94062 32.1246 7.11888 0.0207775 7.37869
-10.7033 19.5884 11.6368 21.5338 5.2136 0.11303 7.0986
-22.5647 30.6419 9.64718 30.1769 3.62659 0.0922783 8.09152
0.791037 23.0552 13.1683 29.255 3.62659 0.323538 9.76366
3.29147 26.1743 12.3321 12.0146 8.62604 0.203132 7.60685
49.9312 17.4557 10.3546 17.4161 7.20886 0.230504 8.31559
-4.23426 19.1954 24.4731 18.4509 2.54313 0.0882553 7.10258
19.2936 22.643 17.9129 11.0875 9.18998 0.0118868 5.07673
0.742675 8.52659 25.0763 31.8526 19.2418 0.148331 9.77327
35.9251 12.8026 14.1917 32.4661 15.3443 0.047865 6.76782
8.60276 8.58171 7.2171 49.7026 11.3664 0.0260428 8.71259
21.9377 15.8957 23.3152 27.3072 2.37242 0.0461168 6.8145
19.9448 24.9794 10.3797 18.952 8.38056 0.0416853 6.26815
34.4726 11.1373 6.41729 23.2549 0.654111 0.027302 5.53404
50.4912 10.0942 1.09212 17.3288 2.49669 0.114287 6.94041
44.2165 2.31638 11.0958 25.8845 5.02874 0.0878992 7.17648
21.7628 22.3224 14.4766 16.5409 14.2407 0.00344684 4.82607
23.2816 26.7816 6.80786 12.7397 25.3042 0.00686466 6.36513
40.671 17.3362 5.41896 0.447383 8.66394 0.00593369 4.44607
36.936 10.5181 27.5069 7.27052 13.7664 0.00593369 4.47852
6.71051 18.8821 26.0794 9.40747 4.0959 0.00884732 4.67788
70.8185 1.7315 18.0555 14.5137 15.217 0.00168411 4.6711
65.1681 10.9066 20.5203 12.9439 8.17648 0.0105479 5.36231
14.1351 12.2858 23.1723 28.1163 13.2331 0.0627005 7.16925
7.49049 5.581 9.9649 23.6131 21.9644 0.00150862 7.11854
72.9991 6.96401 9.58123 43.7436 17.0949 0.00302484 6.91786
85.2082 1.89301 7.2361 6.48702 21.297 0.00361949 5.35195
91.5512 4.94884 15.5142 5.78943 32.0468 0.00472683 6.86727
49.0327 1.73035 14.5703 8.21933 23.798 0.00153802 5.00431
56.8599 4.44826 24.5467 7.99053 34.7117 0.00437883 5.9757
-6.42324 21.7819 24.1181 3.24002 8.72314 0.0503275 5.96773
-12.3999 12.3721 13.5186 37.1124 8.7649 0.00697413 7.3234
15.3922 22.0907 17.3183 15.8411 2.89649 0.0228522 5.39478
-8.29224 15.8976 20.9229 11.1757 4.42001 0.148109 7.2393
6.98695 17.6005 10.6093 44.0105 4.87499 0.0881009 7.99529
25.6883 17.1524 16.5644 10.3739 8.17843 0.00597221 3.70852
31.4643 17.1524 3.21266 9.41393 8.17843 0.00597221 3.57041
36.065 11.0865 11.2217 14.2998 2.94694 0.0105298 3.7542
63.1848 12.1468 8.00412 8.67154 7.24407 0.00789352 4.12136
26.0752 13.8198 11.797 7.43156 7.36288 0.0338475 4.22056
51.4047 7.13959 2.29348 9.3127 3.26369 0.0103053 4.30156
88.1551 6.978 6.06578 14.562 1.32556 0.0124795 5.85346
56.812 13.3565 10.5437 16.4398 4.65442 0.00830654 4.45063
25.9634 19.1696 3.59986 22.32 6.67068 0.012873 4.68651
37.6257 5.16575 5.48443 19.7809 9.98516 0.00194456 4.50488
101.768 9.05148 1.2438 8.05573 32.3277 0.0403339 9.95804
89.1385 3.95976 12.8247 9.13101 31.919 0.0122085 6.97367
82.2225 6.47158 18.2704 20.4566 8.44171 0.0430191 7.16979
89.9347 10.3816 14.6026 18.2592 8.22742 0.0173147 7.59912
82.2102 8.82763 23.1767 23.1173 29.0005 0.0477724 10.2221
7.14967 17.6382 30.5036 30.5865 40.4132 0.0631655 10.9181
-4.10484 15.7585 19.7906 14.5503 19.7191 0.410447 10.5275
19.5253 18.137 21.7393 5.87436 2.52522 0.13373 6.637
55.0656 9.71803 22.9274 48.4633 16.2851 0.0624116 10.0809
12.669 13.5223 24.3563 31.13 28.5842 0.109659 9.43716
20.3116 10.3935 21.6618 3.33787 5.56338 0.0702934 5.42234
76.2783 0.451768 20.4948 9.59616 4.63778 0.118126 7.71486
-19.8107 32.1051 4.89935 1.80442 5.05413 0.0110598 5.09181
-47.0973 34.8437 5.12705 4.63428 6.1886 0.0113525 5.73748
-48.1119 39.8883 4.96 8.1346 3.81418 0.0114349 6.44287
-48.1119 39.8883 5.13823 8.1346 5.17919 0.0114349 6.42701
6.10076 25.0254 5.82596 13.5345 3.28258 0.00104551 3.43752
42.604 16.139 5.67701 4.0271 12.3771 0.00943694 3.9907
47.2499 12.7227 4.80458 16.9095 3.34616 0.0135962 4.26704
91.0625 0.570122 2.61998 3.91406 15.5407 0.000226616 5.42848
64.4269 4.50955 2.44925 3.91406 13.7283 0.000226616 3.71545
87.8323 9.83771 17.6273 18.0354 12.1513 0.0304071 8.16792
66.3895 13.5316 4.32281 15.2586 12.7429 0.0188972 5.66489
21.3839 15.8513 10.0211 8.13488 40.944 0.00346961 5.45395
-21.7966 18.2646 15.3151 9.95032 2.26629 0.086523 7.05908
17.942 24.8048 13.5031 9.59451 15.7934 0.057073 6.49042
40.2512 6.75892 29.3565 10.3715 11.158 0.0119251 4.92841
8.24196 20.6742 10.9316 21.3563 11.4269 0.0743829 6.22991
30.9498 6.38067 8.29864 21.3177 13.9671 0.0491303 6.33926
64.2825 4.55625 11.3229 7.78612 9.37204 0.229403 7.42465
81.9098 6.42283 15.2734 5.15088 9.09245 0.0900216 6.86396
31.0207 12.7619 14.2786 0.849881 19.1173 0.0315951 5.38863
68.8306 14.5859 26.4976 14.7368 36.5392 0.0284291 10.7331
11.7974 6.80256 25.6643 15.9583 27.2429 0.024824 7.33477
51.1078 13.7842 30.0087 6.46908 5.45138 0.0288896 6.67941
7.07445 24.6115 3.23426 2.78888 16.5361 0.187225 7.6936
-49.3699 25.5746 11.9223 15.3404 31.1096 0.15719 11.2963
60.2417 2.73315 14.9913 22.4045 4.05409 0.0498715 6.0912
-32.4131 25.9668 15.7138 9.235 1.4049 0.0112168 5.40183
-15.2396 30.1861 16.1362 10.9517 7.76498 0.0863565 7.02159
37.0649 16.6719 19.8716 16.9476 3.75686 0.0254195 5.58488
29.0826 21.666 4.59534 0.69954 19.8062 0.0857138 7.08275
34.7425 10.3312 1.77722 2.59227 18.077 0.469782 10.7192
25.012 1.73823 14.454 21.5117 3.97158 0.0309948 7.26532
76.8534 8.44717 27.2166 8.44667 6.6152 0.144977 9.18365
85.1173 5.92093 21.663 3.17249 16.8629 0.0859309 8.15088
78.817 8.22348 11.0564 43.0144 19.124 0.0376686 9.10368
70.4834 4.80448 8.69148 30.4982 12.5533 0.223206 9.06854
65.2199 8.12952 15.7669 24.7872 15.5466 0.268639 9.84631
20.1955 11.4014 10.3245 30.0306 19.952 0.132276 8.05108
42.1186 2.30968 23.1375 24.4414 7.53706 0.121148 7.65386
3.32648 23.3195 15.1123 23.8799 1.19468 0.0471395 6.60119
14.3805 15.7125 11.2008 23.4944 5.49102 0.186181 7.37443
17.1404 14.5581 3.0742 21.6945 9.26865 0.0149768 4.9391
20.6732 22.641 4.85644 31.3877 9.44609 0.0171986 5.97088
20.2091 13.7449 8.03661 31.6223 23.1227 0.0115047 6.09402
76.7442 10.9236 16.133 12.8421 16.0796 0.00441157 5.87678
66.6033 3.76662 16.4861 5.13344 8.41542 0.116932 6.34549
20.7307 19.7641 13.6945 13.9126 11.1603 0.000884966 3.43006
35.9563 11.0819 21.2922 10.7937 11.3923 0.164462 6.91136
53.5118 10.4785 9.50672 16.3793 9.06424 0.0336865 4.92697
37.0973 7.79042 5.78718 10.2428 13.3666 0.0220894 4.79513
39.1312 10.5023 18.0398 10.8147 1.83241 0.0318472 4.67613
-15.4214 16.2602 35.2511 17.2819 1.89813 0.0123876 6.99702
27.7748 7.15668 31.0473 39.8777 1.93888 0.0102208 7.55737
78.5649 30.7476 10.6466 38.2055 16.0579 0.0460003 19.7071
13.0186 17.3813 20.8899 7.04327 65.3637 0.10179 10.6997
49.5738 9.85981 20.2468 17.4038 4.32163 0.0742914 6.13663
41.4848 5.46939 4.15179 24.8755 10.1157 0.102886 7.23625
-12.5516 15.209 15.0443 8.91327 13.5058 0.00520381 4.90561
-8.55212 22.3203 18.8616 11.8113 8.75396 0.0368025 5.49344
2.22547 22.4839 6.04495 1.70359 10.7114 0.00757691 4.0179
2.22547 17.5965 7.94667 42.7282 12.8682 0.0626372 7.87876
14.4931 28.3209 2.44983 17.7349 18.356 0.00279958 5.75003
6.9738 21.113 23.7325 22.6484 7.03825 0.023397 6.31453
33.7881 15.9928 15.8973 15.8174 3.92546 0.0692108 5.74771
36.3756 8.23586 34.3102 3.26593 11.1845 0.00869468 5.16024
31.5427 7.6765 29.836 7.1125 5.69135 0.00869468 4.43314
19.0427 4.90551 38.137 1.94505 6.76404 0.000198706 4.86014
77.3917 8.46856 4.70295 7.52122 20.354 0.0433909 6.42316
81.6119 0.0273672 5.70828 17.2214 19.6065 0.0336779 8.95417
60.6546 5.75867 10.5277 15.4584 8.26207 0.00154953 3.4527
66.7192 11.004 14.2696 4.40229 11.9743 0.0180892 5.07764
32.2435 10.9497 9.50481 7.31135 3.59228 0.126064 5.79567
43.4478 11.362 7.46067 13.1596 2.58207 0.0934668 5.61085
3.64369 10.1654 0.884026 12.5849 11.887 0.00040321 5.74427
23.128 12.1304 11.1715 5.44099 7.34836 0.00757113 3.36462
28.8167 14.6965 5.17248 7.99547 11.16 0.00202768 3.01694
3.48452 7.28303 24.5199 17.0483 13.0768 0.017719 6.56644
23.0473 23.0302 14.8694 11.9038 12.4786 0.184392 7.84923
-17.7899 22.3926 6.76856 12.3297 2.27281 0.0140178 4.85448
-23.2033 29.9538 10.9209 43.1814 5.15918 0.127663 9.75797
-25.3862 38.0547 3.36682 50.1766 5.71485 0.148232 11.6043
12.9959 36.9512 5.42974 28.0036 18.8841 0.114758 11.6152
46.9675 15.3465 7.03997 27.1608 5.11599 0.158741 7.62772
41.7545 19.49 6.01279 29.2997 10.5288 0.122785 7.98431
43.5402 14.073 16.4543 23.765 14.1719 0.14995 8.02408
12.9264 17.7524 15.3355 2.99117 30.3847 0.156978 7.97383
7.82153 20.2375 13.7572 0.96562 19.3437 0.0768983 6.51237
-10.753 32.9982 7.63888 1.85995 5.19068 0.228694 8.30108
47.4184 9.36436 14.9572 14.3731 12.1945 0.0977454 6.06467
16.9561 6.49959 18.7319 4.43037 15.9288 0.111684 7.06247
11.6157 21.6263 8.29693 32.1579 15.3069 0.0104027 5.80844
11.6864 17.2799 6.01752 25.5148 18.6618 0.00793983 5.17037
24.9735 14.7008 0.911866 37.0832 10.447 0.01288 6.4043
68.6848 12.1063 13.8389 28.323 8.67895 0.0111805 6.47818
10.3478 21.9549 13.3552 20.7059 6.41424 0.0111805 4.75987
-27.7181 27.1186 15.7497 45.1487 11.3009 0.00306629 7.55515
2.64387 27.0248 11.5121 45.7285 11.3009 0.00306629 7.32919
-32.5907 25.5956 20.6882 26.1519 63.3158 0.0306053 11.9087
-49.0425 39.5599 5.03442 31.0873 55.6045 0.050321 12.827
-67.9124 36.7645 3.80662 30.1132 28.7859 0.0595458 11.3239
-41.8504 32.9506 17.1802 33.2862 5.39591 0.00682301 7.66137
34.8089 17.4301 2.72337 36.9045 39.2196 0.082215 9.79638
49.372 7.79803 25.0954 7.80547 2.0118 0.103659 6.41614
25.2995 9.91028 3.38218 6.02725 9.06926 0.00999899 4.34919
-1.76117 28.1305 15.7779 1.53903 11.2437 0.155387 7.73398
21.9641 12.3876 11.5771 12.3882 60.4149 0.161083 10.5439
-52.5237 39.0936 9.14242 8.2244 28.6532 0.0720022 9.33686
41.9672 13.3308 13.0395 7.05195 11.723 0.173214 6.63922
67.0821 14.5234 3.19333 14.3383 25.3302 0.0150146 6.69509
21.1806 18.5957 19.2123 5.26861 26.2381 0.060199 6.66613
47.7578 12.0995 5.86297 5.33277 10.6105 0.225399 7.14986
60.681 10.6248 10.9116 2.45867 0.791338 0.0137851 4.68087
30.6568 10.6767 25.9025 3.75287 13.1428 0.00356038 3.97139
-8.74083 21.2997 10.9168 15.4029 10.3426 0.00367065 4.02728
28.2941 26.3047 8.94957 1.48781 3.21275 0.109736 7.31623
5.34399 17.8312 12.1809 10.0113 30.8936 0.025285 5.97317
26.0404 20.5254 2.62291 6.5814 14.1602 0.126607 6.57107
11.7966 31.9576 3.13569 4.1 4.30409 0.0113135 5.97709
5.29157 27.8793 3.13569 4.1 1.34064 0.0113135 4.87715
-9.9742 22.1329 13.1017 6.17063 1.34064 0.0118246 4.38578
-18.2551 25.7658 16.2555 9.31169 0.946701 0.000467686 3.98122
34.6787 12.8852 17.7165 6.26782 12.4265 0.0881553 5.67493
40.9718 9.19703 15.9347 37.6067 13.1864 0.0027006 5.46588
45.5222 1.5912 33.4851 22.4204 6.03015 0.0362916 7.30609
55.1822 2.57776 9.12416 33.2054 6.81498 0.0453502 6.87878
33.9313 5.88897 20.2232 1.6748 7.14951 0.00205119 3.64401
61.9602 5.34103 5.37026 2.1508 6.3698 0.00205119 3.54548
77.0031 10.6132 10.7045 6.06058 3.68534 0.563945 11.6485
27.5197 9.31139 13.873 14.6975 16.174 0.134309 6.78491
25.6633 0.683884 13.7594 8.94402 8.26072 0.469493 11.1808
23.1871 17.7757 17.319 8.35618 11.5458 0.292604 8.13948
0.344311 17.7757 31.9466 11.1641 8.1527 0.2407 8.90979
69.5257 13.121 8.63913 6.80578 6.32538 0.11307 6.86312
22.3324 2.83375 11.5026 4.76327 10.7779 0.108799 7.85411
30.064 2.24268 6.57589 7.14904 24.3342 0.00714501 6.93422
5.45181 20.9854 18.6494 11.1016 18.7132 0.101123 6.93966
17.6447 8.95497 23.4665 9.66188 37.1797 0.0431967 7.50291
115.105 3.97522 9.80616 5.79093 27.3777 0.137461 11.3395
43.3752 15.6319 7.54461 16.7283 8.8144 0.0110763 4.30709
58.3431 5.46866 3.47107 14.9339 7.86021 0.00488995 4.18885
14.8014 28.6029 7.80752 2.36752 1.62296 0.0117469 5.54011
18.7095 17.371 7.35031 2.0748 8.26758 0.028876 4.36158
63.0405 19.6706 14.8435 44.0979 1.3626 0.1007 12.4649
-27.7398 23.1123 15.5313 23.0969 11.5749 0.0281984 6.69489
18.1599 14.2696 11.1728 28.0396 14.6575 0.00775531 5.01085
25.0742 10.9196 6.67069 39.5859 2.38889 0.0700282 7.31412
14.0716 18.0693 9.23202 16.4004 3.06412 0.050733 5.1125
-9.30504 30.0114 15.2228 9.06702 34.8939 0.00416623 6.87533
51.8673 10.8184 22.3603 18.7121 1.69515 0.192253 8.47365
101.654 7.88703 4.53338 2.95119 15.0922 0.0660324 8.48441
65.2695 6.31173 13.0997 6.8266 13.6951 0.167337 7.03499
8.43993 9.64842 27.1397 9.81259 6.84948 0.0172625 5.17975
32.4204 19.0919 24.4637 3.3568 2.53608 0.000604603 4.3914
-20.189 14.8682 14.75 23.3831 2.99275 0.0555966 7.71203
36.7874 5.39389 9.1211 4.20314 43.0378 0.071394 8.35598
-26.078 29.7404 8.69096 12.8313 32.619 0.0684386 8.19434
33.1452 25.8084 9.20009 16.9119 25.1247 0.0497426 8.38877
4.23952 27.5599 9.41101 31.8227 6.11983 0.15161 8.61489
-7.38134 14.4172 7.77577 6.82362 1.01262 0.0847389 7.18167
46.0363 14.1309 19.1525 9.29665 6.10154 0.0205909 4.7987
11.9363 18.8872 19.0427 1.3882 3.37645 0.0203198 4.66047
15.4256 16.1898 19.2026 5.68083 23.4943 0.0162402 5.09312
55.9468 3.11144 18.9505 16.3336 20.2855 0.0108565 5.47365
-4.43748 25.103 19.1426 10.9486 5.67924 0.0564927 6.07243
-32.668 18.8153 10.1549 0.918033 13.5216 0.0131139 7.01551
25.2663 12.8261 9.45889 7.5423 3.62656 0.00661953 3.23023
7.50531 19.9979 1.25497 2.52078 3.62656 0.00188662 3.69824
11.2394 17.6505 4.03784 19.3549 16.6384 0.0262704 5.45333
38.8908 20.2266 7.0836 17.5207 8.22386 0.0262704 5.47425
0.783544 9.22322 8.86915 44.8648 15.0138 0.0549316 9.43597
26.4859 25.322 9.18432 21.0246 6.685 0.070613 7.19211
56.771 11.0275 9.28743 32.4163 13.7528 0.00510875 5.46351
11.4077 14.3544 1.29955 15.052 26.186 0.0195173 6.58665
3.06559 27.1582 14.9668 1.49191 10.8838 0.0632477 6.50934
22.0287 10.0781 42.7034 16.6925 5.738 0.039268 7.86506
28.1455 3.47911 30.554 11.0955 9.69807 0.0390346 6.2818
23.8507 10.4857 29.8923 16.4881 11.478 0.00650738 5.10422
32.5716 12.9055 7.85919 2.15317 6.0824 0.126196 5.9358
-2.35253 4.64836 37.3495 3.05898 7.80467 0.00767056 7.22597
65.5696 4.60343 6.11296 14.0845 9.47914 0.00217122 3.82168
64.3241 10.0415 17.3706 34.8069 7.49793 0.010881 6.61272
-22.789 20.6962 16.7247 37.8341 12.7314 0.0700316 8.77321
30.2375 14.3713 3.8982 48.7533 15.4441 0.131217 9.18862
16.762 16.0894 10.9932 11.0443 9.38098 0.019865 4.08921
42.6974 15.2367 4.1273 17.0303 10.8457 0.157212 6.9422
11.1898 14.8271 27.4272 15.4127 2.69102 0.179829 7.83225
10.2634 13.251 24.9748 16.9105 5.61395 0.0634601 6.14575
32.5519 7.83781 46.0341 14.2643 9.69138 0.13484 9.87455
5.76543 11.9987 39.5892 8.31728 21.0929 0.146325 9.17733
-3.34529 19.187 12.1176 9.90668 27.1628 0.162662 8.12197
-16.2705 29.6178 6.01694 2.06602 11.3091 0.0518939 6.02506
26.3217 19.9611 16.8682 3.44018 15.5523 0.0239318 5.27844
6.29746 15.9841 28.5737 3.37712 10.0487 0.0431561 5.80691
21.3152 32.2015 3.23541 15.0159 6.96978 0.0197662 7.53425
-32.9471 28.4845 11.2785 40.0484 10.5159 0.0276418 8.09862
5.90644 14.9912 19.9918 15.4517 3.71862 0.00398832 3.9907
0.610952 21.0791 5.26581 36.3595 3.00819 0.0215578 6.18404
-15.2177 25.4863 16.2178 12.0361 7.5265 0.03105 5.45979
13.3145 19.872 23.4674 14.1163 2.46156 0.0403503 6.00199
41.7863 9.17729 11.9068 4.56014 5.66563 0.0115974 3.51236
14.8041 10.7912 23.2729 24.9117 20.1208 0.28661 9.82289
-25.9649 33.9256 23.9123 4.05498 22.5305 0.00724943 7.81021
-61.4747 39.4281 19.4503 2.7332 17.082 0.000841815 7.33895
-0.0686634 17.9179 11.7303 2.22575 6.57096 0.0142932 4.15083
2.19539 20.3374 17.0441 43.9674 6.15123 0.0219189 7.34224
3.23013 21.2034 11.886 18.0673 9.63729 0.00410661 4.00588
3.07057 27.7517 3.97971 24.0191 4.55762 0.0185438 5.74254
-0.0192543 33.3401 8.67706 3.16459 27.7469 0.0601787 8.35832
18.9276 26.5527 10.0379 11.6178 52.1302 0.179059 11.1576
-13.0471 32.9855 9.88335 5.17661 34.9157 0.334663 11.1146
-7.44489 23.8939 34.4624 2.47042 13.6479 0.577709 13.1381
-36.8195 20.4558 22.1567 8.18088 65.691 0.0238916 11.3598
-1.34288 34.8006 4.40658 8.20375 60.5094 0.00748076 10.2991
-8.34248 26.6975 1.28501 4.47781 7.04563 0.0065633 4.44138
49.2535 12.9148 6.59716 29.4603 12.9567 0.000920937 4.43559
-14.3861 22.9738 29.0106 26.7442 21.2014 0.0451129 9.00388
54.0525 8.51676 41.9594 20.2476 13.6088 0.123708 11.2473
41.6288 3.27848 27.4771 1.51741 13.7562 0.110062 7.10628
8.18367 3.77859 24.9016 1.65294 12.6051 0.0603196 7.8131
