603.477 23.7014 120.681 214.638 126.234 100.085 122.633 38 15.4296 0.0688355 73.3839
534.449 58.4967 123.85 217 92.9263 118.867 115.474 37.3273 15.1792 0.00231371 72.3897
603.357 70.603 106.893 184.478 154.379 92.4465 102.368 34.2347 9.83116 0.00586048 74.1745
811.687 34.3592 87.1186 143.805 129.447 145.582 165.934 19.3336 3.12803 0.00233993 71.3709
811.687 34.3592 84.5467 143.805 129.447 117.332 165.934 19.3336 7.85735 0.00233993 71.8713
797.922 36.983 83.5983 147.12 129.103 138.719 169.354 4.55822 8.77411 0.00507134 71.1782
534.261 98.2708 85.2583 146.546 148.441 125.113 131.759 4.55822 4.59043 0.00184454 69.4287
526.713 91.279 86.0135 163.687 146.801 186.973 50.752 13.4273 12.4901 0.0282107 73.3065
415.762 91.1154 88.6429 166.358 162.212 163.399 78.1501 13.343 4.95735 0.00352038 70.3533
455.365 69.635 86.6353 166.982 133.812 173.262 105.163 10.8219 2.50042 0.0768049 72.6697
506.605 51.2293 86.5368 227.345 123.281 123.616 104.492 24.4993 13.3599 0.0665092 72.7508
614.948 53.3915 56.0408 227.441 143.277 95.7512 142.272 7.48811 15.57 0.0497547 72.6514
642.982 22.3755 59.0114 266.126 101.761 91.0829 154.617 24.9251 13.0112 0.203548 75.6408
614.475 12.0925 67.1526 246.768 121.904 74.8951 216.237 9.07974 13.8023 0.175999 75.1608
657.87 10.4157 134.297 193.948 98.8881 178.032 49.768 53.2101 11.3951 0.110701 74.3104
528.829 10.4157 120.125 193.948 138.084 181.796 57.6172 51.8028 10.2467 0.0529672 74.6618
567.023 10.4157 106.691 213.757 102.089 151.549 105.615 76.92 6.26648 0.209526 75.5055
559.809 8.70902 108.453 235.438 138.161 136.365 110.942 53.5751 8.34683 0.143548 78.1493
646.093 8.70902 142.649 110.918 134.459 167.754 135.057 29.1403 20.992 0.266224 74.8463
611.075 8.70902 145.251 124.687 200.602 38.2857 163.55 16.4382 21.9551 0.297757 79.4434
609.96 31.6618 99.3324 113.797 182.268 146.826 171.018 11.9222 19.9908 0.279055 75.369
620.817 7.11009 183.785 40.7766 194.371 135.258 163.495 3.78884 15.9184 0.328065 77.2641
540.903 7.11009 165.905 82.0699 209.802 137.331 153.853 14.9802 11.5834 0.303802 75.9641
441.418 17.7763 191.239 99.1687 182.646 102.75 161.439 13.9142 12.5169 0.182631 73.2738
397.1 24.5068 228.919 32.6365 179.595 103.823 236.571 30.586 11.827 0.0154763 81.0571
413.586 51.1464 208.878 43.8647 231.425 35.4147 180.61 47.1493 17.9705 0.0154763 76.0974
381.76 12.1418 189.225 61.6073 268.749 84.8616 170.291 21.4276 27.8546 0.165794 78.976
414.403 27.0026 147.446 61.6073 275.074 113.723 164.13 23.5886 24.7576 0.298797 79.8422
522.755 50.1222 145.617 13.4153 275.074 109.474 156.925 31.3078 20.9084 0.298797 79.217
551.108 60.0967 139.934 43.1545 239.353 126.487 118.476 15.3879 28.7006 0.159477 75.9328
429.174 100.501 128.04 66.31 227.145 112.266 132.63 50.855 3.18647 0.197611 77.8257
401.978 69.5655 142.121 93.5411 180.899 121.649 185.696 43.9606 10.1817 0.101369 76.0518
525.522 55.3813 134.768 108.772 170.448 127.049 149.508 17.0099 1.75624 0.0502369 70.6188
802.332 2.45251 135.476 103.972 170.448 117.377 146.939 8.23445 1.89541 0.00158658 69.6717
735.754 16.7392 189.391 23.9563 220.229 131.533 145.422 6.54113 5.2806 0.0411964 74.353
761.807 16.7392 166.327 84.2013 228.786 41.3415 145.703 5.29328 7.86717 0.0342472 73.496
648.33 16.5098 175.732 90.2834 228.786 51.8222 146.894 8.21364 7.56787 0.0267108 71.0472
648.33 16.5098 175.732 40.0634 269.503 51.8222 145.125 18.2597 12.9872 0.0443335 73.3118
694.461 16.5098 175.732 67.3032 249.772 51.8222 146.302 16.3946 46.2235 0.0833491 77.1242
694.461 16.5098 192.019 54.3147 240.225 42.0768 183.699 15.7495 48.2495 0.0458587 77.4515
759.992 16.5098 182.44 54.3147 245.798 28.6193 219.733 19.4585 19.6561 0.0579127 80.3421
725.372 14.3631 163.494 54.3147 247.466 14.5966 221.372 39.2698 19.5395 0.101372 77.5855
591.333 24.2546 174.424 68.5174 231.59 28.1421 221.372 38.6511 19.5619 0.114206 76.2043
625.288 49.6326 150.625 111.343 132.723 62.8908 229.001 46.2345 21.0268 0.138945 78.7067
608.225 40.8574 146.284 117.791 152.518 101.187 185.903 18.6316 47.3097 0.0939884 74.9131
541.764 1.81015 154.791 125.769 179.853 134.313 98.0802 38.7278 63.6675 0.264436 78.9788
462.334 42.0099 181.314 147.525 145.151 90.5184 110.36 11.5697 78.7164 0.00360199 76.0035
411.742 42.0099 184.608 157.113 71.9219 218.654 45.6447 88.6342 78.6187 0.00142549 80.0612
557.925 33.6658 193.707 132.491 107.599 193.52 14.806 69.7142 18.7112 0.00294184 75.189
498.709 22.1712 181.03 120.957 107.599 224.437 68.4304 37.164 27.7937 0.0130464 72.6959
495.002 29.2603 181.03 119.448 107.599 193.832 117.756 35.308 10.7971 0.00248017 70.299
494.889 24.7601 199.11 125.111 109.118 135.276 157.832 28.4486 9.7929 0.0021595 69.9071
494.889 35.0143 181.433 111.355 152.416 157.546 91.2659 7.31288 3.54598 0.00771767 68.1917
549.067 17.4053 181.433 110.508 153.278 160.442 91.2659 9.20394 6.7425 0.00771767 68.1334
547.879 16.6437 148.199 135.323 186.657 139.124 80.6245 12.1517 5.29002 0.0495585 70.6694
440.004 74.8002 124.631 126.706 159.981 158.44 117.46 11.4704 10.184 0.0623671 71.1296
487.99 28.7725 174.699 108.675 172.301 133.795 115.869 14.6271 17.791 0.00507406 69.1528
542.748 26.9185 222.157 59.9416 164.008 140.634 102.07 26.3231 12.2891 0.0164243 70.7415
537.998 34.3328 207.788 59.9416 160.59 145.025 86.5398 26.3231 12.1929 0.123461 74.2759
511.124 40.5763 197.051 100.96 105.955 201.544 25.1536 39.4608 12.4187 0.00663378 73.2537
439.265 32.2416 182.071 137.892 156.215 166.637 23.3978 27.7676 12.7128 0.00663378 72.6463
439.265 46.131 168.462 162.61 153.961 47.4252 150.079 27.7676 12.6715 0.00675895 72.859
439.265 85.6786 113.766 162.61 169.922 59.451 156.738 0.560967 12.7236 0.00675895 71.7855
439.265 85.6786 113.766 142.148 165.798 93.1672 146.187 20.2529 12.3879 0.02532 70.8675
460.002 70.4108 87.5333 155.72 149.146 143.35 141.156 10.8756 5.41048 0.0511114 72.5684
724.607 28.8693 98.9854 206.656 120.505 107.094 164.527 9.981 4.42872 0.0378606 72.3235
705.849 25.0747 104.086 174.973 135.302 85.6648 126.975 12.1921 5.58302 0.0681025 73.3906
655.358 40.5196 124.602 168.844 116.296 92.725 181.976 12.7511 17.8752 0.0301224 71.4032
641.175 20.0951 160.134 100.057 213.048 53.6277 145.551 81.9038 10.6711 0.0811148 75.2875
575.021 30.7579 146.37 109.207 220.986 43.3955 184.168 26.3897 5.32621 0.0515451 72.1806
648.516 36.3945 130.472 125.601 191.252 100.682 140.748 21.19 5.6554 0.0211346 69.9598
608.852 53.9147 135.604 120.41 197.611 65.3013 119.909 17.2567 2.70625 0.0339842 71.8412
592.773 50.7638 163.633 29.2695 238.875 77.2507 136.761 16.6354 8.14811 0.0199785 73.5431
648.015 45.3736 90.9576 214.95 61.4671 182.46 129.873 15.8492 19.5572 0.0557024 72.2917
728.759 21.1058 100.142 165.038 111.802 182.46 158.833 8.13845 22.8563 0.0143847 72.8555
800.991 32.7286 85.7611 182.633 112.568 150.996 167.172 4.24503 25.2524 0.0073256 74.0761
452.994 103.925 102.21 156.497 128.642 144.809 142.834 15.9978 8.31764 0.00283882 70.8873
399.873 85.0972 90.0373 183.536 159.498 101.041 159.328 10.6017 17.4595 0.0130587 71.7202
386.123 97.777 90.0373 192.712 116.898 101.041 182.938 17.5432 6.91275 0.00773118 71.7245
456.122 62.7039 108.049 192.712 122.886 106.058 159.759 1.97157 7.39357 0.00773118 70.1695
381.25 67.2433 115.112 215.085 110.103 123.416 82.3277 5.21858 9.44272 0.00146408 72.0778
402.246 114.537 74.0751 188.29 110.512 104.787 134.684 12.8608 10.1029 0.0102071 73.2441
559.452 114.537 14.0198 222.798 161.933 40.0329 186.079 14.3929 13.4561 0.00062007 76.2708
578.376 95.6473 14.0198 222.798 150.887 64.0385 212.811 12.8419 13.5925 0.000614934 75.9345
405.189 95.6473 55.7682 219.703 150.887 64.0385 165.005 6.70431 14.9135 0.000614934 73.0591
471.97 63.4177 95.6766 194.986 141.521 99.6567 123.805 7.856 14.2651 0.00223263 70.3444
541.203 56.2407 183.009 42.6701 189.022 173.467 96.7603 7.07457 8.96015 0.0348388 72.3891
493.84 16.0672 208.012 119.745 99.7271 187.546 104.386 18.5004 5.88854 0.0837388 71.3556
548.799 2.92152 187.392 108.921 128.959 169.669 173.672 5.05593 10.6534 0.125672 73.7724
719.829 15.2502 164.341 55.2557 217.369 119.627 133.326 4.48179 30.824 0.0621721 73.1556
404.45 42.459 212.841 55.2557 217.369 119.627 120.566 0.568854 5.6283 0.00600718 71.715
404.45 52.3607 212.841 36.7645 198.93 138.601 94.5126 2.18276 25.166 0.000742692 72.0925
404.45 53.3013 185.11 91.0298 198.93 136.379 107.002 1.11993 25.0964 0.0174091 72.8159
450.883 77.8912 184.437 22.3623 240.824 132.949 67.0016 3.03983 7.64681 0.00145541 73.0428
363.356 49.8977 210.2 37.6338 236.674 124.116 58.6304 8.6676 3.7521 0.0224378 74.6648
402.872 44.5126 190.167 62.2486 236.674 89.8488 125.404 25.4033 3.30182 0.00569787 71.7502
568.977 36.8668 148.768 62.2486 236.674 66.7937 185.153 25.4033 3.30182 0.000768962 72.5953
832.137 10.0565 162.148 34.4553 259.21 13.7726 175.239 14.6328 4.93812 0.0112994 76.5311
745.454 10.0565 165.556 29.0339 259.21 13.7726 216.126 6.30759 9.9397 0.0704516 77.2392
539.368 43.1233 162.996 70.9603 236.475 63.1635 221.446 4.7212 19.0261 0.0661398 76.4029
555.511 46.7773 158.593 86.5929 211.671 57.3177 193.58 8.92822 8.38012 0.0102685 70.7401
586.766 56.2208 125.767 95.2398 198.877 87.3159 162.981 15.9182 2.73581 0.001708 69.5711
574.026 51.3785 159.711 95.2398 198.877 87.3159 119.464 4.69035 4.55981 0.001708 68.6985
509.144 103.479 124.519 79.2508 178.235 87.3159 159.827 24.277 11.5583 0.001708 72.6115
509.144 103.479 124.519 92.1802 178.235 87.3159 157.288 24.277 19.8014 0.0013958 72.4645
509.144 95.2824 124.519 92.1802 175.818 87.3159 157.288 10.4435 31.9478 0.00852431 73.1151
476.054 78.0236 141.553 111.844 148.12 118.698 155.468 4.26261 50.2545 0.0175237 73.1381
512.841 88.6012 141.553 115.657 148.12 118.698 134.105 0.25872 43.1433 0.00246432 74.038
555.124 44.8564 156.75 111.741 156.788 154.503 73.9271 15.5456 37.708 0.0107423 70.8299
525.535 3.21795 160.946 161.51 177.259 141.352 44.2684 14.6577 32.1892 0.0199031 75.0726
586.77 16.779 144.181 147.961 173.261 141.352 76.0672 14.6588 36.6954 0.0505112 72.4344
546.705 30.5411 165.542 134.295 109.906 170.093 92.6673 38.3451 14.2221 0.0269328 70.431
710.819 13.3643 156.111 110.383 140.018 200.42 39.3023 28.4225 12.3966 0.0271085 71.0591
668.425 32.5063 151.035 120.35 132.211 142.556 91.2474 26.6428 6.7509 0.0493694 70.8992
585.728 33.235 143.843 165.988 106.565 182.893 77.0686 11.8149 67.5992 0.0128249 73.3945
543.285 35.9064 143.51 161.258 132.475 162.134 116.309 34.5966 21.9293 0.011133 71.4177
620.627 34.4745 148.1 149.748 99.7669 217.035 52.8484 12.7903 28.176 0.000861804 69.935
417.317 89.4782 147.805 132.018 99.7669 218.019 52.8484 12.7369 19.7252 0.0203966 72.3788
387.029 89.4782 157.772 149.625 78.8128 229.285 51.4687 5.91193 7.1699 0.0118181 72.8726
464.822 69.9345 142.96 130.008 108.573 218.059 48.636 17.6606 13.8995 0.0190093 70.93
584.121 65.7686 109.506 130.454 96.8467 256.691 27.2419 1.1186 15.7962 0.0162851 73.8615
431.182 82.8391 132.634 129.839 134.225 209.353 43.7014 1.36592 29.0948 0.0126973 72.7684
427.196 93.7757 131.515 131.495 141.407 109.09 155.517 13.5944 27.0565 0.00090235 70.3727
427.196 88.5407 125.743 131.495 137.429 132.958 140.683 12.3361 26.5426 0.00090235 69.7276
496.382 92.4169 125.743 86.526 155.083 148.925 140.683 14.278 26.5426 0.0335554 73.1841
406.818 96.1705 76.0394 189.217 177.565 123.712 80.2889 13.7083 23.676 0.0335554 74.2045
436.016 104.128 96.6582 168.414 99.4762 186.56 111.334 12.3105 7.78781 0.00396497 70.2561
565.615 69.3826 45.9057 167.81 213.512 52.4614 185.514 7.37108 21.6068 0.0890515 76.3265
565.615 83.4299 45.9057 189.017 213.512 29.9288 194.387 7.37108 12.6655 0.0124764 75.5576
514.703 64.634 53.1075 185.689 213.512 29.9288 178.7 58.0478 6.28707 0.118501 78.5723
507.285 20.7175 184.942 86.4188 103.395 186.697 135.76 91.5783 34.0044 0.185966 80.363
515.174 6.32749 226.998 116.78 60.4625 183.994 126.498 58.8895 24.1818 0.0816977 76.7716
462.373 23.2456 226.998 113.423 108.071 143.035 97.8997 69.0435 24.7879 0.0578352 75.9167
487.225 48.3659 181.66 105.396 117.64 158.46 95.722 16.4852 22.4155 0.0467054 72.1782
510.265 26.0963 195.867 117.617 140.767 122.371 130.028 9.30062 30.4151 0.0202423 70.5616
628.199 89.1406 93.7562 183.667 138.321 107.987 99.5614 11.9739 13.8239 0.0479622 78.2384
396.522 100.947 118.106 154.947 157.57 69.7965 164.275 1.89045 11.3258 0.0410235 72.8903
728.31 4.03115 129.164 189.738 117.584 118.061 159.262 25.1399 15.07 0.0305254 71.8245
516.112 8.87393 181.082 161.231 127.879 99.8645 150.352 28.9831 23.1933 0.0257332 72.1766
563.66 29.4024 147.701 185.484 114.886 66.7094 176.487 49.8634 39.7891 0.000994487 74.5767
661.162 29.4024 150.844 198.388 114.886 57.5785 154.796 10.0845 30.5738 0.0127631 76.1023
598.494 58.4779 103.8 190.201 78.4651 80.7478 179.465 14.3322 18.9023 0.0426473 77.2442
636.827 17.1606 116.186 182.054 164.299 92.5212 188.465 14.3322 35.184 0.0109652 74.032
645.529 58.8089 117.938 147.517 164.299 44.7024 185.334 23.7726 2.42789 0.0871227 74.908
645.529 49.0858 109.277 142.513 187.222 73.8447 155.199 28.7061 1.33556 0.0126663 70.7795
623.725 41.5659 121.81 94.2729 209.584 73.8447 160.769 18.3973 10.4581 0.082285 72.9077
567.463 53.3635 119.434 148.978 131.675 55.6128 256.081 7.22065 12.9346 0.120537 75.9107
575.453 36.7546 119.529 166.329 149.484 121.331 181.695 7.22065 33.7252 0.0086302 72.8136
472.879 53.1092 130.622 180.568 137.144 77.5663 167.492 2.74274 11.3454 0.0196772 70.8204
563.401 63.6395 127.537 171.948 70.8317 181.361 83.9578 2.4044 8.67018 0.0205278 70.8001
435.333 77.0994 123.449 140.044 111.5 197.506 48.8729 2.4044 3.84549 0.0151369 72.3849
627.847 64.9601 121.57 97.2756 135.517 207.881 66.3394 4.33492 9.00874 0.0182631 71.3357
561.586 79.7661 133.239 94.1905 124.492 213.519 65.8663 9.37807 26.2847 0.00661113 72.1878
597.254 37.91 142.062 129.116 121.713 182.577 125.605 5.66478 36.5851 0.0491976 72.0365
558.45 54.899 107.046 165.132 162.285 144.567 105.183 12.0247 26.9468 0.0529086 72.507
639.068 45.8013 107.301 129.171 156.874 139.355 123.28 32.6883 30.5785 0.0242582 71.9667
597.322 51.1206 121.595 69.1116 195.461 167.692 79.4587 22.4593 14.4743 0.0724814 74.6422
525.673 37.3271 139.85 104.821 178.243 109.344 110.722 37.0602 5.56859 0.0922294 75.5356
525.673 47.8363 150.018 97.817 207.016 84.7661 185.418 29.0454 6.31486 0.222359 76.2048
525.673 47.8363 145.85 93.2894 207.016 84.7661 155.097 23.9879 5.04972 0.0955666 71.8997
622.387 33.5915 140.544 50.0971 207.016 137.394 153.924 37.718 52.8574 0.188558 78.5962
548.779 28.3864 155.685 80.2993 228.838 63.8387 212.755 44.7267 28.0138 0.195216 77.8893
483.379 36.7603 149.858 69.9781 224.15 83.4145 198.426 48.5687 25.1104 0.18103 77.7931
483.379 14.1136 149.302 102.74 227.273 52.5293 220.844 47.6702 4.29512 0.166738 77.4366
579.437 17.384 151.729 102.311 199.86 114.376 137.283 58.2677 0.615998 0.0733603 73.5593
594.007 29.6233 169.43 123.506 151.456 141.476 128.656 14.05 5.45347 0.0916201 72.4237
724.381 11.9131 179.01 66.2628 166.085 144.522 102.066 3.20018 28.5766 0.0335456 72.0841
798.638 4.06743 43.8061 247.455 117.844 118.194 141.971 26.1628 12.3585 0.0336056 74.8294
939.487 5.93614 59.1781 185.1 122.923 130.78 123.923 27.5859 4.46784 0.0200883 73.9979
756.651 15.7377 87.8223 191.696 123.078 114.59 142.217 22.3823 6.64162 0.0200883 70.6915
755.869 15.7377 87.8223 191.696 123.073 123.392 111.402 22.3823 8.35841 0.0228109 71.2248
748.209 15.7377 114.779 191.696 121.724 109.675 111.402 20.1151 21.5452 0.0218283 71.2645
709.164 34.1448 111.499 174.02 121.542 83.8318 149.98 17.0184 11.3128 0.0218283 71.5561
393.302 80.597 104.888 213.035 124.806 67.8874 155.155 3.44983 14.5828 0.0166538 73.2453
372.554 64.2619 132.258 204.736 133.824 44.9981 143.848 22.3211 11.8533 0.110237 78.4167
423.405 72.5445 130.927 172.53 115.658 136.413 111.846 28.8857 5.1787 0.00739288 69.5068
427.676 109.371 119.787 162.452 86.0952 151.786 138.134 37.1397 13.2898 0.00902347 73.3155
366.961 90.9989 118.879 152.521 128.376 135.099 128.384 15.2784 7.62334 0.00902347 70.0131
366.961 97.6913 114.404 167.456 120.928 126.814 149.296 20.3683 8.36695 0.0115159 70.5317
582.573 67.8055 102.049 167.104 151.574 84.5639 168.013 5.08762 12.7108 0.0220067 70.8808
533.681 92.6902 82.1302 144.228 166.156 85.9935 147.117 29.4579 32.9802 0.0214784 74.0665
405.604 149.668 73.646 136.004 137.098 64.7213 175.006 85.5732 22.2689 0.1094 84.7937
235.846 149.668 79.0889 156.117 188.496 55.2848 175.006 85.5732 22.2689 0.0773908 81.515
235.846 149.668 86.3061 145.995 170.157 152.587 46.8161 7.10662 22.9097 0.0100746 75.1271
235.846 211.498 20.0708 145.995 170.218 173.815 46.8161 7.10662 20.7182 0.0100746 80.5089
89.7352 211.498 57.9467 159.975 167.157 173.815 14.7636 20.4009 8.18287 0.0127991 81.7651
163.273 175.673 98.3883 115.512 129.661 185.622 68.0476 21.6906 13.5113 0.00999275 75.7289
203.363 158.541 98.3883 127.222 129.661 204.21 68.0476 21.6906 16.1755 0.011751 74.6276
412.467 129.374 113.812 124.334 101.484 193.261 81.4147 13.3322 4.66927 0.011071 72.7813
412.467 129.374 94.5256 132.677 106.363 193.261 57.3678 13.3322 5.66602 0.00782113 73.0413
522.801 74.2795 118.63 116.452 169.683 168.242 65.5315 2.99119 2.3762 0.00587793 69.6587
660.472 74.2795 109.034 32.5274 184.784 264.549 15.5454 4.12452 2.38642 0.00532502 80.4238
476.169 61.6079 172.262 52.6795 189.688 148.949 144.093 5.34228 2.79603 0.0103278 71.2828
428.82 100.671 142.663 91.8664 190.528 112.441 163.592 16.8481 24.5012 0.00754424 75.0118
566.209 84.457 106.688 126.308 140.923 99.5448 199.057 12.2846 15.3716 0.00149922 71.7227
496.201 84.6675 89.1791 164.436 186.27 87.8643 186.524 2.29253 6.32627 0.00423308 73.8724
537.486 22.2614 158.011 133.077 184.14 100.095 166.967 17.7159 11.378 0.0039777 70.1637
624.304 22.2626 139.111 157.178 147.042 122.084 112.704 21.8328 11.3004 0.00617605 68.1372
733.693 4.69593 126.074 147.018 142.122 161.461 98.3017 17.6665 9.46928 0.00972094 68.9043
478.893 72.0909 147.329 123.963 132.031 148.709 108.289 14.0717 1.85545 0.0046942 68.4674
530.307 17.955 164.005 190.135 81.9544 199.614 63.502 13.8357 3.15997 0.00778042 69.9859
615.625 11.8704 143.16 245.919 11.6235 241.127 23.955 14.0096 4.39437 0.025118 75.5199
666.48 11.8704 125.803 214.692 28.7764 251.385 20.4032 14.3035 11.3432 0.055596 74.3234
679.013 17.2963 108.411 219.304 19.4789 251.385 97.5248 14.5021 4.07091 0.072088 73.2881
595.025 22.097 92.6831 220.62 95.6048 209.347 94.945 14.9507 4.9475 0.0398547 72.5472
762.378 11.8333 93.9703 191.769 87.3577 165.682 89.4054 11.4082 16.8953 0.0547811 73.0476
730.491 16.9916 103.031 199.073 140.628 158.943 70.0674 25.0336 12.0964 0.0870493 75.044
766.419 4.19191 108.162 159.649 63.6384 263.565 77.7501 28.2678 2.99988 0.121995 74.4226
797.486 1.67849 135.559 137.278 92.4579 225.912 77.5117 30.7326 9.69543 0.0713428 72.9887
802.72 22.8783 98.8356 158.43 87.8435 227.553 57.9797 20.5247 17.3666 0.0288712 72.2908
509.205 38.2248 98.8356 213.889 89.2203 204.937 88.4652 32.3511 14.1185 0.0845091 73.1283
509.205 36.9586 140.548 213.889 87.7699 111.756 145.997 25.0908 31.4587 0.0476313 73.7977
575.874 50.9373 151.033 166.22 63.1445 163.621 142.539 29.3934 39.0011 0.0687782 75.496
523.77 39.3655 144.328 147.046 153.701 124.414 113.893 12.1815 37.1329 0.0136075 70.4288
596.846 16.3975 151.515 157.169 73.9092 179.496 97.0187 7.13224 32.0441 0.0146945 73.843
559.436 66.7002 92.2258 198.774 84.5618 191.882 82.0656 21.9511 15.6341 0.0214378 70.7727
629.449 37.9124 99.4062 204.593 72.2841 178.757 116.47 21.1472 4.30426 0.000797285 68.6746
658.433 35.3198 102.902 236.995 50.3388 139.905 140.95 37.8344 10.7331 0.00340117 71.9652
568.696 54.1707 66.2853 236.995 94.4573 121.18 146.201 3.88837 10.4902 0.0712947 72.5534
640.343 52.3537 51.5832 225.685 110.598 128.358 174.812 3.31189 4.91369 0.139558 73.7454
580.019 60.8623 79.0788 213.489 118.938 103.414 143.065 45.535 5.3674 0.141224 74.6002
569.391 36.281 89.1285 252.945 27.6095 181.15 168.791 17.8163 35.6744 0.0749587 76.4495
831.204 13.4339 81.8503 237.311 55.5127 162.219 112.536 9.98457 13.0318 0.0609517 73.3315
702.13 0.553902 79.0565 256.826 17.5855 212.251 104.975 14.374 29.1101 0.0450452 78.6249
625.314 19.8327 94.81 281.864 60.6204 152.01 114.809 37.3769 21.5287 0.0185686 76.0553
551.827 95.4958 55.8609 175.054 66.319 218.82 107 15.1151 1.89461 0.0480382 75.0657
532.912 88.8078 55.4377 177.477 77.4294 203.921 134.729 11.8189 3.51797 0.0988257 75.3685
476.154 104.802 61.4507 157.454 105.036 219.229 146.518 5.5303 8.28284 0.040051 76.6057
574.311 99.7445 84.6313 156.724 89.5447 177.12 81.0174 35.104 5.40254 0.0425871 74.284
736.509 23.7388 116.256 154.735 87.3805 211.183 82.0064 82.9124 7.16078 0.058046 74.3057
666.298 27.4884 151.762 169.987 68.203 135.461 114.421 29.0527 14.561 0.0561294 73.9716
508.073 45.0042 159.649 124.89 154.816 95.1892 136.286 8.45888 10.9036 0.0553822 70.8606
568.132 77.0611 129.868 118.677 129.315 130.318 91.5896 40.8655 9.80474 0.0767441 75.3287
658.164 62.9419 140.219 88.6625 160.534 141.19 75.3193 39.7318 15.151 0.0670703 74.9211
454.3 31.2476 183.737 92.9116 206.525 137.038 79.0472 31.5369 27.3084 7.18723e-05 71.0405
521.952 26.6425 177.001 92.9116 206.525 135.265 79.0472 31.1478 27.6441 0.0125306 71.7909
570.735 42.6047 157.721 92.9116 207.032 136.109 15.6695 24.5171 25.7176 0.00623344 74.84
703.092 23.0993 169.749 92.9116 154.358 157.999 45.8253 13.5672 21.7645 0.0119946 71.8658
690.832 27.0942 133.271 138.76 113.82 154.378 120.522 4.16295 23.5851 0.0335433 70.3757
620.968 1.09908 160.221 180.581 101.057 166.647 75.8779 21.1089 2.85489 0.0740544 72.0646
757.775 23.9509 98.0355 221.484 59.1207 155.288 95.7058 4.4333 39.3071 0.0263008 74.3474
742.247 7.98042 113.962 200.871 91.333 171.65 90.8655 22.9712 36.7123 0.0091881 71.4613
777.733 25.7364 122.618 159.446 108.35 207.943 52.1497 50.4215 17.3016 0.0493433 75.7464
787.593 31.4801 123.642 131.626 149.399 125.945 101.35 19.2659 30.1199 0.0091142 71.6111
752.355 56.3839 80.8586 151.796 136.633 148.602 87.6203 43.9535 20.2168 0.0174529 73.111
747.429 1.46681 93.4403 149.725 189.038 142.351 66.1639 47.3491 6.34727 0.132135 75.0869
539.939 55.8245 74.2083 133.374 166.381 148.227 183.694 5.86315 16.9612 0.289467 76.6038
559.671 76.9364 106.905 85.2858 173.553 160.809 146.794 4.89297 22.7052 0.104312 74.8301
530.127 76.9364 90.7092 83.1052 192.54 186.466 106.023 14.0769 18.3678 0.0117912 75.4744
607.956 89.9588 84.2044 92.8849 169.275 225.557 46.8914 23.2572 18.4182 0.00204166 75.0271
725.148 61.156 94.3943 72.8147 162.096 223.276 56.1526 18.4406 18.2869 0.0101548 75.9237
719.099 46.9808 127.931 71.5542 182.057 218.463 6.66306 25.4021 21.4393 0.0207861 76.5431
703.476 109.945 82.0192 79.2235 132.359 183.976 146.651 42.9064 10.9321 0.016673 81.8888
664.303 98.7146 134.547 76.5357 121.862 136.127 151.297 42.4558 13.1062 0.0157984 79.7156
566.925 49.0589 164.784 84.7327 149.453 177.709 90.7141 26.6744 16.199 0.0290777 70.7622
722.597 32.2572 150.169 80.7978 137.006 195.335 93.2235 11.0402 3.08822 0.0410135 71.2476
487.559 50.1597 150.24 162.238 131.461 151.34 106.551 7.97605 25.7109 0.0418752 71.8794
369.167 72.6651 196.625 55.5199 143.121 145.657 138.007 34.0178 1.80459 0.04636 74.9941
493.861 61.2925 212.965 41.2913 149.378 134.798 140.212 29.6279 5.84099 0.0404282 73.974
528.126 32.3597 216.591 59.3589 162.615 125.009 186.577 33.4392 6.73808 0.0394023 74.8015
434.251 32.4559 201.211 67.3666 176.44 96.2739 186.376 32.1134 7.01051 0.134569 74.564
473.713 65.3445 167.71 50.8491 199.164 126.61 186.376 32.1134 7.83822 0.0679236 76.1371
407.287 44.6307 183.319 72.9086 206.772 118.183 119.309 34.0524 7.37602 0.0438671 72.4312
407.287 52.824 172.288 63.5406 257.934 93.8681 84.2923 15.9426 24.7066 0.0810883 75.6294
317.263 64.6866 179.691 136.365 137.375 164.548 73.2954 19.6947 14.5805 0.0853291 73.6717
421.05 64.6866 162.74 154.326 120.113 164.364 67.4123 1.37333 11.2247 0.042215 72.333
545.658 64.6866 90.1852 178.38 122.301 140.11 124.728 15.9528 16.7711 0.0768633 71.4855
418.432 74.2708 117.545 188.708 112.845 141.956 87.3822 22.6354 28.4894 0.0806521 74.01
373.601 79.5867 145.295 176.414 136.479 89.1896 109.892 16.6789 17.6525 0.0142426 72.7434
390.507 57.286 152.059 174.469 106.485 130.665 112.188 36.4781 20.3336 0.0310446 72.7114
511.113 61.3352 101.6 174.469 126.065 162.301 93.4004 24.2935 9.22836 0.0596254 70.8007
590.581 20.3936 138.623 172.208 116.608 157.876 97.1923 16.5364 10.7059 0.103324 70.6988
545.615 20.9129 153.736 172.208 113.422 116.683 115.455 65.1201 15.5923 0.195284 76.1803
644.91 14.3042 152.936 145.822 149.418 63.6874 163.371 55.9651 20.1055 0.0878233 74.6763
560.453 5.777 166.699 132.16 191.775 97.293 137.821 45.8388 1.34659 0.0276174 72.3065
644.102 9.32428 165.795 144.162 167.927 81.9928 121.977 23.0255 3.68512 0.101861 72.8599
672.118 14.5929 136.739 123.06 136.77 190.281 113.603 13.975 8.77709 0.0453814 70.3
472.692 31.9315 172.752 116.762 129.964 178.507 110.73 48.4413 11.2048 0.0206593 71.7142
562.85 15.9451 178.456 105.039 149.933 175.374 110.994 14.9569 12.1486 0.0887567 70.9517
517.211 29.693 175.848 119.429 146.158 173.521 69.4997 19.2765 15.2967 0.0362868 70.1852
669.741 37.6192 114.695 121.48 180.992 130.335 106.022 7.45098 38.3203 0.0303734 71.6652
620.927 48.6791 112.417 119.854 185.367 126.872 104.07 12.9036 12.8606 0.018991 69.6589
659.406 24.3078 171.177 100.618 190.77 110.578 123.578 13.5595 11.3405 0.00979316 69.9485
761.342 17.7324 135.783 82.1876 197.14 95.9523 162.267 31.1997 0.292301 0.000742497 71.4549
664.412 17.7324 135.783 82.1876 230.547 112.247 100.021 18.1858 10.3072 0.1829 73.8158
747.767 17.4009 135.452 115.024 201.514 105.663 46.4759 7.95553 17.7831 0.0601831 75.5222
649.352 9.34362 163.879 122.296 197.797 123.416 105.004 11.9142 1.98455 0.026506 71.2627
383.563 41.7797 190.182 107.224 210.421 128.069 92.5894 20.4439 1.98455 0.0494802 74.3637
419.432 25.7333 164.92 138.479 153.05 181.644 73.7358 16.5284 0.845359 0.0248784 72.2405
373.359 17.043 200.794 139.017 114.227 205.034 90.1712 9.44453 30.9075 0.0211275 74.3652
626.865 9.73534 186.978 124.865 100.53 198.723 96.4166 39.4864 36.3611 0.00573446 72.0939
388.745 46.5279 175.204 125.958 150.578 135.544 80.6481 29.6206 1.5867 0.00363868 71.2378
382.55 82.3898 169.844 112.705 159.229 93.2446 129.002 17.3075 1.38694 0.000836593 69.869
455.54 48.9752 167.324 98.8172 194.631 118.848 75.8944 8.46447 17.8918 0.000836593 70.0301
522.272 48.834 156.562 114.865 192.214 121.429 99.8187 3.25229 23.4103 0.06953 72.7656
460.339 45.0996 158.994 89.1087 218.135 95.8659 123.2 6.10873 38.1533 0.0522464 73.6252
580.37 34.4321 142.095 152.062 160.784 97.2025 126.576 30.8979 25.3985 0.0343196 71.2487
460.878 21.3482 144.282 165.354 151.64 75.9985 201.195 35.6761 31.4609 0.0930944 76.3261
592.635 19.4512 126.23 196.738 152.558 64.1492 177.893 54.5706 26.5829 0.0924143 76.3191
745.51 18.5177 117.79 141.059 153.311 93.2623 150.765 21.5607 12.2984 0.0112515 70.3555
193.123 111.078 131.263 159.714 154.895 97.4169 133.278 23.1691 13.6297 0.014998 73.5471
192.784 111.078 145.444 142.29 146.4 122.854 120.35 23.4584 16.7894 0.0403442 74.0503
413.848 80.189 150.236 112.705 130.568 90.9459 202.831 16.3913 23.3013 0.0369718 74.9591
388.932 71.5623 161.478 157.562 156.758 80.1264 122.337 26.0068 60.5548 0.0451791 77.8019
507.092 64.2693 146.88 106.929 175.558 99.0269 126.895 4.35679 35.8408 0.0526067 72.8506
507.092 64.2693 136.591 106.929 189.533 99.0269 138.736 7.46234 42.5455 0.0265286 72.2674
421.073 86.9862 159.52 87.3738 152.324 123.707 128.433 0.402531 17.5289 0.0173229 72.513
632.031 31.6534 158.126 141.932 117.708 168.362 96.9565 12.2613 16.8917 0.00895082 69.1042
689.101 8.00779 153.54 137.018 122.407 181.864 59.708 7.61594 14.6587 0.00334742 68.8357
643.393 21.7372 191.157 103.216 114.757 207.015 51.1101 67.7442 13.2513 0.0289303 73.9121
539.312 30.6073 216.787 60.4973 129.571 175.246 140.819 32.9637 1.9482 0.00189091 71.6356
649.832 6.02747 199.067 92.8061 135.726 146.211 140.273 3.51984 0.351328 0.00451819 69.4331
626.459 7.34589 199.067 78.332 154.773 153.08 133.024 10.2078 7.30723 0.00428323 68.671
599.578 4.85907 220.427 106.145 133.408 150.73 70.8277 11.3944 6.87489 0.00556061 70.0255
466.161 5.34092 267.504 57.9565 140.411 128.934 125.112 10.8743 12.8796 0.0260196 73.5341
466.161 26.5811 199.873 102.294 157.347 124.824 126.978 12.3573 1.62281 0.0175214 69.5105
416.91 27.818 204.933 99.3498 164.601 149.619 90.0096 19.1298 1.6511 0.0404531 71.1363
418.381 36.3027 184.992 119.018 164.601 171.849 53.7895 47.8403 1.6511 0.0374995 73.0909
350.048 47.4145 177.076 145.661 164.688 153.175 91.4138 22.6536 14.1477 0.0495952 74.3697
523.322 33.6196 176.292 91.5152 214.833 71.5114 164.091 9.57586 13.4576 0.101725 72.4683
608.838 38.0705 172.022 91.5152 214.833 31.0981 164.53 3.80538 2.06395 0.0312714 72.6505
590.044 25.5139 169.89 72.6711 191.176 128.531 175.879 13.4751 14.7888 0.0853076 73.1336
576.23 22.577 177.943 63.0024 212.888 162.585 34.282 7.04159 0.250746 0.0634808 74.3951
648.151 25.4872 165.417 51.4825 212.496 120.377 129.573 28.9487 22.2553 0.0818511 73.0733
701.701 4.98001 185.425 47.8597 212.405 142.004 53.8643 11.3736 19.6573 0.0482321 73.8907
702.865 21.3715 140.507 124.507 166.371 141.498 91.689 19.2082 26.2992 0.0460973 71.1123
728.971 5.02896 137.375 121.992 133.448 182.072 109.453 6.47404 5.74716 0.00835544 69.3099
671.021 19.489 134.315 138.444 99.0412 167.232 156.887 6.43963 7.30652 0.0889594 71.2642
572.658 62.5573 121.102 173.728 102.549 159.884 153.989 5.78159 11.69 0.05369 73.9209
507.351 60.5813 155.186 148.121 96.7238 148.472 154.904 23.5679 17.084 0.020017 71.5988
545.212 19.6384 148.625 180.792 102.501 121.647 157.649 14.3228 12.9376 0.010325 70.0087
464.357 20.1777 167.402 187.011 119.495 88.3078 150.585 7.88552 7.71519 0.0494688 72.145
562.053 37.046 131.085 193.181 126.583 97.9416 128.017 15.3412 14.9381 0.00919929 69.8298
602.607 41.1878 144.271 150.834 114.034 124.515 137.57 12.8804 26.3827 0.00861746 69.643
545.936 28.7307 137.01 123.642 177.919 148.69 89.1386 4.10858 11.6188 0.0108226 70.0298
724.033 17.9878 150.902 100.101 158.486 129.884 89.6294 16.763 6.16192 0.0330504 71.1452
556.577 30.8183 125.228 133.937 165.17 180.274 109.517 17.7033 22.5196 0.129419 73.5308
625.36 37.3809 103.178 155.075 148.435 142.454 117.259 9.39791 12.9724 0.102768 70.8566
711.717 34.6733 129.782 157.063 115.644 144.482 110.169 17.3716 9.34921 0.0828367 72.2259
587.402 42.1217 106.685 178.544 115.644 145.613 156.792 17.3716 11.2365 0.0833909 71.2631
536.565 68.1798 83.4716 196.98 142.778 122.084 111.719 20.0559 7.45857 0.00290814 69.3205
537.802 64.6914 97.8754 199.091 99.419 121.568 134.397 25.5678 7.45857 0.00290814 69.6825
500.579 50.7348 97.8754 226.003 76.0496 119.693 161.127 17.8069 5.70939 0.00290814 71.7257
560.395 19.328 97.8754 226.003 89.11 122.53 179.528 15.8345 25.7724 0.00290814 74.8279
542.754 41.2901 106.467 226.003 89.11 122.53 155.278 16.031 7.43511 0.00290814 69.884
542.754 35.1121 106.467 240.702 89.11 138.033 124.992 7.59601 7.43511 0.00290814 69.9835
516.893 36.4224 107.614 211.139 129.061 141.364 102.499 3.06169 7.43511 0.00290814 69.5539
512.14 42.3346 111.281 211.139 148.201 133.259 96.9329 12.9291 7.79566 0.00223246 71.0327
512.14 38.5855 111.281 211.139 143.312 127.711 102.875 16.2827 7.79566 0.0142982 70.9533
495.389 42.9057 125.324 203.591 76.3446 159.12 113.71 16.6109 16.2001 0.019552 70.7804
555.544 31.2258 125.324 181.599 125.866 128.173 114.241 30.0424 7.14311 0.0253471 69.9553
556.459 21.4553 138.645 147.184 138.66 164.999 106.557 6.22055 12.3121 0.0331112 69.8153
668.254 29.192 127.649 153.464 59.6982 184.544 133.863 23.0917 3.84492 0.124314 73.8778
579.862 20.9691 167.966 151.386 99.5159 180.651 130.235 25.0478 15.312 0.0334982 71.4098
734.521 7.76085 147.545 155.161 99.5159 181.482 124.502 31.7351 15.3935 0.0029769 70.409
721.393 5.58865 155.913 170.711 98.0191 129.25 112.202 20.9939 17.1456 0.0186757 70.7695
729.726 5.35925 155.913 127.139 142.563 141.223 140.021 6.55888 12.9214 0.0326184 69.8089
596.196 6.51937 170.128 132.904 111.67 157.157 121.231 14.1503 8.3271 0.182697 72.5774
594.539 6.13088 188.599 141.334 117.624 158.635 140.063 22.1051 4.44238 0.0127214 70.7407
576.476 5.5976 172.649 166.28 62.8266 219.05 119.17 62.4465 25.6198 0.0307651 76.123
532.058 27.9858 230.502 100.873 99.4418 177.162 135.94 9.72042 27.6991 0.0256412 75.775
566.107 23.6525 210.753 77.5594 143.707 199.049 73.4127 47.0843 16.7904 0.000620509 71.7512
557.574 32.9637 206.795 60.1672 109.96 168.45 198.644 13.3486 23.5433 0.000907125 75.3091
287.836 80.1782 182.233 139.549 98.9434 117.588 158.754 8.80051 14.0334 0.000664415 71.6812
577.963 14.0907 171.655 110.485 104.168 174.594 170.432 24.9071 28.1436 0.00421909 74.1952
762.842 27.0299 166.17 109.105 97.0374 138.079 148.81 32.9758 27.4123 0.00463658 73.5438
625.899 35.2615 112.355 114.807 193.696 166.097 77.4328 8.92543 37.1066 0.0232785 72.8612
619.046 37.5053 153.607 134.796 133.76 174.204 90.5031 12.5284 11.3086 0.0106081 69.6182
617.789 25.7802 148.968 144.19 99.7968 182.375 112.291 15.9411 3.88006 0.0124114 68.38
657.835 37.1251 150.069 137.373 119.892 156.81 108.139 3.78491 1.11953 0.00982513 69.018
617.85 30.3147 128.925 184.989 116.613 167.353 72.3836 2.1279 30.0379 0.00528674 70.4505
625.479 35.6801 106.497 177.611 114.619 190.975 106.557 2.25216 13.7878 0.00157375 69.2038
625.479 29.4587 106.497 173.581 108.551 190.975 109.362 13.2 3.72603 0.00157375 68.6487
648.187 32.9321 92.205 173.581 108.181 202.58 93.2605 18.4491 5.7522 0.135412 71.7808
637.791 65.3126 92.1382 167.812 106.995 165.671 93.2605 48.8292 6.50501 0.010772 71.0207
570.412 73.4134 85.0917 167.812 139.304 146.215 93.9862 75.2564 10.1356 0.00374408 72.0974
542.82 78.137 91.2085 153.568 147.882 137.686 127.985 62.9114 3.60548 0.00374408 71.707
672.927 71.8109 74.2768 135.887 147.882 137.686 118.658 65.7425 2.73251 0.0666223 75.0998
650.241 77.0598 60.3863 128.234 174.53 135.52 124.71 46.7305 15.418 0.00674826 74.0207
696.301 72.9456 39.3465 153.226 173.745 162.84 104.41 35.7499 3.15288 0.00525151 73.9983
760.433 62.4973 40.8616 170.247 185.996 163.527 48.2667 18.9524 0.591608 0.0318854 76.6601
760.433 76.503 40.8616 127.938 198.123 163.303 48.2667 14.9553 0.591608 0.00594978 76.0465
719.995 24.5714 60.7703 163.24 193.22 157.115 71.5225 13.0145 26.509 0.00198326 74.1021
719.995 25.9804 142.186 115.837 144.296 163.166 76.05 4.5703 8.43971 0.0345466 69.9093
688.606 28.0407 160.908 92.4486 158.29 161.001 71.1229 15.2188 12.1261 0.0394404 70.614
331.982 8.20453 192.661 157.308 114.966 160.269 137.513 8.25978 26.8698 0.0889263 76.8295
480.734 8.20453 213.558 124.279 105.52 160.202 113.932 25.1462 9.14162 0.144326 73.1504
506.479 8.20453 189.139 132.612 124.239 160.61 122.969 24.5113 9.39279 0.0147633 70.2425
603.427 8.20453 133.642 173.576 147.015 160.604 87.1111 63.2731 13.5832 0.00328799 72.0602
673.821 16.0799 186.932 79.6605 158.258 160.645 98.8264 6.41404 38.6876 0.0106948 71.0012
526.806 16.0799 198.064 133.307 144.14 143.488 98.8264 62.4193 26.8301 0.00122992 72.7001
456.189 48.2986 170.191 133.307 85.0856 211.27 100.659 23.4802 8.51463 0.0104658 70.2903
630.7 51.9403 81.2994 201.321 119.532 155.335 67.0486 60.3693 6.72949 0.0305454 72.6674
652.654 76.2597 86.5694 158.227 92.4087 192.593 73.0365 21.5905 18.0218 0.0143404 72.2405
541.58 33.9785 128.77 158.227 127.553 192.593 91.966 18.8565 8.43519 0.00691271 69.3052
636.847 22.6602 127.402 212.624 86.9974 199.323 50.303 37.6488 23.7232 0.0617598 75.4377
699.199 61.1206 117.801 110.183 160.491 140.976 84.6725 8.49533 7.26774 0.0327853 71.7731
603.167 41.4474 130.36 119.994 183.679 134.664 107.111 19.3803 16.7702 0.00845959 69.1412
421.341 46.483 161.231 121.467 165.671 174.71 89.565 4.18302 3.07363 0.00834966 70.0685
436.155 79.1478 124.225 144.76 119.299 182.887 66.4908 24.3507 1.79713 0.0040129 69.789
498.442 52.9607 164.574 139.343 144.175 167.645 59.6946 8.07928 7.61563 0.000951749 69.6683
718.575 11.4741 166.693 174.004 72.0632 159.925 87.0041 13.2553 13.4872 0.00051411 69.9617
610.967 11.8064 180.815 158.525 52.0874 222.86 82.7593 5.51101 12.2137 0.00177034 69.5391
528.049 25.7283 134.677 167.53 82.9569 254.218 36.1602 6.23598 17.0452 7.03081e-05 71.6338
451.913 53.7178 108.718 212.088 75.4624 206.15 93.0954 11.619 23.6873 6.23217e-05 70.414
645.652 49.6151 104.234 146.384 103.083 201.641 114.987 44.4806 2.69882 6.23217e-05 70.3763
715.106 50.2813 65.8195 159.627 150.484 158.461 105.031 27.356 32.8635 0.013131 72.8511
658.267 26.8337 145.098 91.1837 220.122 92.9488 121.935 3.68917 45.4473 0.0287492 72.8307
816.383 9.06712 125.962 108.684 203.77 92.9488 109.487 3.68917 26.2854 0.0325855 72.5407
625.404 24.5576 133.64 218.901 27.5418 218.393 84.469 2.96386 15.3243 0.0532611 72.7646
572.424 46.1538 115.977 241.997 35.1777 174.394 106.99 18.6028 15.0924 0.0488159 73.5704
456.562 10.6794 113.667 258.05 26.0162 211.161 134.47 7.1286 27.36 0.234262 76.7694
716.544 29.0128 68.1025 220.698 77.1557 162.606 110.92 21.8984 18.8144 0.0482834 72.9832
673.409 29.6001 46.0694 242.545 61.8881 212.44 95.7194 20.1745 20.1352 0.268712 75.6518
616.786 27.2511 30.1953 240.893 78.5907 241.255 102.531 20.7285 20.126 0.268712 76.6723
678.497 29.8862 111.526 126.55 175.961 122.401 128.027 23.3096 18.8697 0.0870734 71.5793
567.085 25.0913 132.345 158.565 88.8666 213.276 95.7134 40.7279 16.3536 0.0545995 72.6108
737.227 24.456 113.764 165.992 93.322 200.949 89.7466 8.62855 10.3023 0.0330923 69.9016
674.659 21.575 136 181.631 94.7357 176.44 45.4534 48.3973 2.98135 0.00753826 71.1286
716.958 22.4843 128.921 172.734 79.0282 209.758 90.8361 57.2367 13.1408 0.00753826 72.3351
711.444 8.5036 145.962 133.383 84.828 191.61 127.299 28.397 9.75559 0.112822 72.4318
599.81 9.73484 186.787 100.746 120.211 146.548 141.998 64.1011 4.99791 0.0634027 73.6411
631.69 8.44433 202.39 129.065 99.8602 140.967 106.139 77.7943 15.1379 0.0681254 75.4545
715.795 14.6689 163.262 119.207 86.0697 133.019 137.233 69.1216 23.4059 0.0850955 78.5201
351.229 107.772 113.144 192.166 75.9613 118.827 154.485 50.5842 38.9441 0.00179671 75.863
657.101 11.49 114.831 174.798 131.756 145.529 97.1956 38.9216 18.6284 0.174893 73.4385
631.761 15.0347 109.245 182.173 131.756 130.668 136.265 41.4251 9.14831 0.0842846 71.8058
767.439 14.6558 92.6441 161.281 153.429 115.443 166.431 60.4785 13.5289 0.0264183 73.9904
788.084 9.88844 56.2388 195.878 148.276 127.142 143.839 32.4621 23.7243 0.0179106 74.7985
771.207 23.7045 93.9493 198.659 67.7751 127.142 192.027 27.3864 24.3802 0.0140463 74.4777
597.995 23.5886 70.5372 213.734 130.775 131.169 191.085 26.3404 34.5571 0.0170768 78.1818
797.928 16.9938 68.3 212.541 104.132 136.265 159.444 39.917 12.4805 0.00963815 72.8454
812.795 36.5126 47.8926 211.507 110.767 157.338 110.164 34.4875 13.0544 0.00704697 72.3998
637.816 45.0712 100.828 225.277 86.7136 129.458 141.859 35.8313 14.9067 0.0225728 73.2162
480.375 49.3911 151.181 91.5687 211.174 132.931 109.105 52.8693 28.7792 0.0021325 73.0064
471.763 5.3718 181.501 194.992 131.917 134.667 57.1467 42.2382 20.8499 0.00587169 75.2373
493.924 29.1416 157.741 194.992 131.2 129.833 63.2758 78.4 19.6967 0.00755502 75.3245
613.003 15.7001 164 140.782 147.242 127.237 72.8137 28.987 33.0759 0.0106042 71.7238
248.295 78.5604 174.872 97.7924 209.732 126.081 73.5353 39.6818 6.14186 0.000871001 73.0546
374.996 91.9496 139.952 88.0553 196.607 127.125 83.95 25.1143 6.19332 0.000871001 70.5794
822.594 4.09644 150.55 72.5878 196.904 125.964 134.51 5.11887 3.75861 0.000871001 69.5732
726.616 0.938292 162.921 104.113 161.525 109.848 154.121 0.929159 2.78066 0.00663721 70.2904
704.359 5.09819 126.915 139.38 195.439 123.527 66.4801 7.51859 4.5977 0.0150034 70.8052
724.549 5.09819 131.887 165.255 155.593 119.611 114.163 9.18197 2.52853 0.0148116 69.077
660.879 31.2899 124.599 162.347 83.3926 145.991 158.162 5.82599 7.94386 0.00265584 69.6942
693.502 10.8563 129.836 161.99 82.6167 144.824 150.19 4.99363 17.7888 0.00265584 72.4507
636.518 21.514 165.205 175.499 51.5769 223.046 87.2503 0.307799 20.3606 0.00265584 72.3219
692.85 47.766 110.849 189.675 63.8946 169.294 150.75 28.7445 20.4745 0.000441591 72.2557
719.599 45.1098 76.5963 193.917 78.2669 166.63 139.761 40.7473 26.6392 0.0104443 73.3073
398.644 47.7931 93.8306 276.392 55.0248 189.992 83.9202 31.4233 18.8488 0.0384476 76.3816
519.629 45.218 64.3604 219.655 124.211 144.949 120.772 56.8685 25.9908 0.0102379 76.6556
486.126 64.0075 89.7124 252.909 43.245 139.209 115.889 33.2597 10.2077 0.0102379 74.4429
451.104 57.41 111.838 257.049 75.5777 122.314 123.78 17.2498 8.4013 0.00385206 72.6554
476.805 87.3049 82.5924 212.079 75.5777 173.496 125.808 13.3806 27.9529 0.00874123 71.9195
487.709 92.6535 84.6876 223.745 79.8209 135.14 119.212 49.2941 12.4704 0.00964632 73.5031
495.547 40.7884 130.793 187.257 55.2716 167.459 145.685 48.6303 15.8769 0.0106359 74.7942
684.852 42.0308 159.31 123.083 103.889 151.544 102.608 23.938 3.15386 0.0019471 69.8841
434.978 34.0705 113.534 246.542 77.6621 156.993 137.873 31.3792 5.30684 0.0330257 74.2186
505.792 42.792 126.118 245.517 51.1613 158.33 127.087 31.5975 31.5126 0.0221204 75.1549
346.948 110.713 93.2946 168.094 129.803 140.115 125.335 10.6253 35.1057 0.000919286 71.3242
442.06 97.7823 67.5068 202.22 144.742 138.788 112.848 42.0794 53.1968 0.0692418 78.3688
280.644 93.9492 108.981 188.14 142.511 144.428 94.8321 11.8707 7.62259 0.0716709 73.5563
387.505 78.6971 135.892 136.235 128.289 144.904 143.115 13.8254 14.0026 0.0647042 71.7179
316.608 98.8767 123.241 134.62 168.532 148.802 111.053 27.1931 4.7703 0.102521 73.9096
382.967 128.949 88.449 160.683 131.644 148.998 103.397 31.0791 17.4369 0.222341 78.7182
367.489 113.226 92.7955 169.387 130.143 141.5 97.1301 42.358 28.0076 0.0167708 73.3591
402.484 106.716 96.2818 171.922 142.405 145.518 149.46 16.6896 15.0027 0.0465419 76.2144
797.975 55.9826 75.0364 134.864 139.456 83.4232 213.817 31.0486 19.4197 0.0963077 78.2993
1079.18 12.6175 78.5003 140.216 143.142 83.4232 141.941 51.5402 14.8998 0.00691057 80.5541
817.475 19.4946 81.0157 137.823 177.304 84.0024 166.453 70.2947 3.50695 0.132379 76.3395
619.721 81.1146 60.4901 137.769 194.95 111.904 86.8613 32.079 25.866 0.0924563 76.5184
618.747 51.1934 110.986 170.195 163.891 112.256 94.4271 7.38033 16.9379 0.00720257 70.2706
609.414 36.9769 149.404 142.6 124.106 122.874 100.509 48.388 7.34278 0.00934951 70.6752
554.916 34.9042 134.994 134.338 145.332 161.955 81.7319 48.5826 5.56868 0.0249984 71.0388
539.418 78.549 124.198 106.316 114.277 168.844 102.358 45.4744 8.68235 0.0155282 73.7731
546.577 36.5087 149.831 110.238 160.689 124.173 122.144 33.5868 6.40829 0.0212987 70.7112
582.87 30.6843 139.77 119.367 149.991 140.158 146.86 52.3235 27.1085 0.0191803 73.0748
569.502 21.6735 135.243 136.737 170.107 73.2331 177.865 12.9142 12.0817 0.0511402 72.6849
586.676 33.6994 135.243 121.523 170.107 73.2331 191.189 5.85638 32.2665 0.227786 75.7253
480.438 67.9809 124.316 99.1049 204.168 143.702 94.1184 3.47135 29.8448 0.0794173 73.5941
438.61 87.756 127.517 107.371 129.355 223.484 84.0863 1.11401 4.2758 0.0794173 73.6774
482.65 52.7982 183.882 107.125 129.736 96.4697 197.523 13.4787 15.5719 0.12711 74.4356
617.802 47.18 190.795 107.078 121.441 168.067 104.145 24.6676 16.5954 0.0765179 78.679
462.121 42.5914 140.825 108.332 222.384 62.3058 167.839 44.9532 41.1658 0.120425 76.912
654.498 51.0486 129.171 130.476 99.3549 166.54 139.9 12.4429 74.3752 0.106906 77.6872
431.04 43.6756 187.111 166.589 66.4095 180.587 82.321 19.1328 17.7596 0.0717151 73.5685
494.852 14.3036 196.115 142.232 128.175 124.075 109.848 45.5081 11.4293 0.0873642 72.9355
374.367 23.0235 179.335 128.796 176.883 153.655 114.857 63.7973 11.1865 0.0608818 76.7695
475.389 63.2888 118.728 171.141 153.381 59.7861 173.359 14.2756 20.9587 0.00894026 71.6796
563.667 72.0647 104.278 202.195 129.07 72.4166 152.829 11.0106 14.9421 0.00312131 72.2097
375.705 63.7323 120.356 202.195 144.013 57.221 149.607 1.19996 12.447 0.0780577 76.1086
375.705 112.878 66.8441 178.935 144.115 89.4661 172.637 3.57412 26.3182 0.0834757 76.0413
680.926 7.4966 42.4091 236.995 92.9698 147.199 206.358 6.36054 6.46394 0.28973 75.4718
695.719 7.4966 64.565 189.365 150.005 102.951 217.371 7.14337 19.9473 0.215841 75.3746
637.309 6.19897 67.3279 202.899 145.723 120.231 175.03 5.94977 25.0681 0.335168 76.0091
682.977 41.8424 54.631 199.52 138.226 108.524 133.255 14.5239 8.71292 0.139176 73.868
603.59 44.16 68.6471 227.192 182.221 26.4903 157.808 14.7301 7.96377 0.103027 76.1437
620.448 42.0201 72.5244 185.162 170.715 91.0404 181.598 15.4164 4.18428 0.311524 76.8983
575.141 21.058 159.695 165.72 118.528 112.091 189.837 26.801 15.6791 0.0672801 73.5206
583.558 38.2994 140.006 152.153 133.161 108.215 170.365 29.9964 0.808138 0.00820848 70.0447
560.45 17.0801 161.048 130.522 127.595 206.542 104.394 19.3959 22.614 0.0711945 72.7054
518.824 2.47828 126.674 190.254 109.824 224.766 41.9105 6.5837 14.8903 0.0944746 75.7299
518.824 87.8869 11.4566 242.857 102.026 224.766 41.9105 21.6082 4.99081 0.110741 77.4153
569.631 39.2159 124.815 162.776 140.344 170.833 48.7906 41.6905 43.8762 0.100567 75.465
504.845 52.9731 132.255 158.344 69.7375 225.559 54.7143 58.1921 22.1008 0.0289942 74.5147
521.69 76.9903 131.127 158.332 43.747 225.559 77.1511 70.9114 14.5778 0.0139523 75.0572
586.964 76.9903 106.149 180.804 26.2146 206.219 78.8584 67.4757 20.689 0.0139523 77.5899
605.733 76.2009 107.075 181.729 59.9618 206.219 78.7374 13.8081 2.04418 0.0139523 71.9473
364.936 68.4619 151.642 178.6 80.8439 199.267 79.4213 16.1271 3.47694 0.00261362 69.9588
478.133 64.9817 108.655 200.68 77.9098 179.471 78.7568 27.882 14.6461 0.00778533 70.7323
651.543 42.905 124.372 184.008 77.9098 178.3 83.2068 25.4016 4.84828 0.00375642 69.2773
674.884 12.4894 133.632 179.207 140.464 157.297 57.5301 10.5671 5.91959 0.0035246 69.3012
778.458 32.9364 80.6306 160.042 148.961 137.735 101.119 30.0187 3.17419 0.0014984 69.6927
720.164 32.2349 107.199 159.413 149.405 143.2 98.1628 6.99744 4.17645 0.0667286 70.857
700.142 24.3189 119.436 119.038 200.147 152.977 49.8963 15.3117 7.11945 0.0516636 71.8987
774.775 26.4449 92.8034 127.123 208.602 151.029 68.5252 27.6403 6.86376 0.0475526 73.5731
725.268 19.4714 85.124 159.535 148.838 126.949 152.361 35.0663 6.74192 0.0467978 72.6538
745.173 10.9024 76.4009 141.237 214.377 54.2391 182.277 8.14738 6.86859 0.171266 74.7878
497.207 34.5554 180.893 151.803 143.483 77.181 148.777 13.2502 11.9102 0.0320513 71.4376
534.231 14.4781 169.888 127.17 216.618 81.3431 80.0448 8.02697 45.4018 0.121375 77.4389
451.555 45.4597 160.321 93.595 221.407 66.323 169.757 32.8097 16.9657 0.0690336 73.5143
296.3 135.278 156.756 84.745 149.413 143.018 138.779 32.489 12.4344 0.23685 80.7076
265.734 86.0968 150.164 84.4537 160.185 157.744 150.769 71.7665 7.9862 0.09616 80.5645
323.275 91.8334 159.333 78.8571 167.795 146.646 137.834 26.4518 7.9809 0.0840933 73.9361
505.222 92.5656 142.191 53.8733 217.058 84.9831 159.5 27.566 22.3981 0.0849555 75.914
476.309 54.2439 136.708 87.3012 217.058 89.7296 170.135 24.7722 20.4175 0.0843758 74.0708
590.14 75.0647 99.668 97.9618 192.5 106.101 163.166 29.6085 15.5571 0.0170248 72.8405
557.933 107 135.229 91.5166 169.112 64.353 129.468 18.2071 15.3506 0.0088014 77.1597
575.41 74.8124 138.369 72.6264 233.917 84.9532 112.406 34.1099 8.28202 0.00237513 72.1937
706.968 64.3835 124.411 95.8597 175.319 55.3627 154.59 8.88822 7.10668 0.00169169 73.6612
720.312 29.0046 124.411 89.3919 220.512 118.82 102.766 10.162 31.2547 0.00681461 71.4238
561.127 62.6335 108.514 186.66 99.0622 138.911 134.806 3.69199 30.2294 0.00528922 70.2723
470.322 29.8079 148.089 187.639 113.229 154.417 95.232 40.563 16.4862 0.0167716 71.3986
544.188 49.6974 132.531 164.684 73.7031 184.057 180.253 3.76391 25.0001 0.0183888 73.9324
472.585 47.0923 125.552 213.783 44.5254 234.844 80.8798 5.01601 32.4992 0.0176755 73.3691
393.864 87.7027 102.647 198.519 59.5585 243.916 32.6527 20.7744 75.6531 0.0109441 78.338
484.246 78.3707 147.425 164.032 80.9997 205.921 64.5919 1.42444 7.38411 0.00523138 72.5303
516.384 78.997 113.539 156.726 76.2851 264.821 25.6713 4.04966 5.83673 0.000560887 71.5547
415.498 76.7 129.834 133.169 158.627 215.379 34.4205 20.1174 47.6558 0.000177453 74.8256
344.725 76.9193 117.875 123.807 213.391 116.211 99.3525 1.09584 3.05626 0.00148359 72.4883
458.808 41.4784 173.825 132.5 143.266 144.493 119.472 7.33809 10.8837 0.012991 68.9194
541.541 44.6388 212.279 101.622 112.254 153.201 106.419 33.0625 9.42707 0.0112355 72.7813
467.246 34.7307 212.279 71.9582 140.551 165.235 64.3749 36.2679 8.74686 0.012225 72.9119
332.649 48.6684 217.093 92.879 143.767 111.122 162.56 21.8971 25.8857 0.0288791 73.9434
520.1 69.1974 55.7847 228.116 80.9154 199.27 117.951 15.8976 25.363 0.0139821 73.7205
530.108 18.8624 169.574 156.873 140.251 113.675 130.451 20.1183 25.9812 0.000130622 68.8523
643.615 4.99034 169.574 168.119 116.906 126.55 129.612 20.8319 23.2769 9.29538e-05 69.0513
641.125 1.10573 167.383 157.571 102.899 137.644 138.623 41.2988 23.8946 9.29538e-05 70.7972
680.297 27.1482 154.777 127.781 138.358 103.829 151.843 45.3598 35.0957 6.48015e-05 70.9687
680.297 18.5751 173.952 119.68 138.358 126.42 156.846 50.5233 33.2378 0.000164482 72.6645
551.548 23.4331 160.758 128.055 147.738 144.088 101.044 65.3081 21.3626 0.000164482 70.5624
406.881 79.228 164.586 109.331 110.213 173.892 96.1983 29.0648 35.9834 0.00301428 72.298
592.157 62.4797 120.273 138.987 105.957 192.555 61.6403 21.8281 15.603 0.0023319 69.8988
463.604 62.4797 131.146 162.793 76.0029 215.311 132.516 23.6398 31.9983 0.00102799 73.0948
687.116 50.1862 112.84 130.544 108.757 137.064 160.443 5.52267 6.08718 0.00966303 71.1813
512.611 67.9942 132.103 91.7914 178.02 87.0881 157.314 66.5898 10.2082 0.120598 76.8261
247.568 142.216 112.725 65.8115 219.545 123.756 98.5801 56.7266 1.42482 0.135367 80.7023
534.271 123.709 78.861 59.8993 179.1 224.382 89.0371 18.3776 26.1039 0.10145 81.2001
566.707 146.085 49.3648 90.0183 180.198 167.729 113.876 21.5755 24.1472 0.172667 81.5792
589.494 19.7995 115.564 140.503 204.679 127.594 93.0903 12.9678 11.1719 0.171501 73.1925
538.104 31.7691 125.993 162.478 160.331 104.842 131.024 26.1075 19.7405 0.122626 72.3922
351.899 22.8857 166.815 199.975 107.75 149.667 104.936 25.8611 24.2286 0.141471 75.8938
490.775 8.25192 158.694 225.6 83.649 178.168 55.3043 44.4765 21.1932 0.00832851 74.8248
479.097 47.4316 122.836 223.769 78.7855 169.797 25.2733 20.9625 17.2787 0.0419887 76.3935
625.199 22.8174 147.889 159.276 91.4281 182.985 97.3374 13.0779 35.9551 0.0190048 70.5544
662.746 22.8174 145.986 152.678 91.4281 180.436 86.9862 8.42578 19.2486 0.0190048 69.5885
680.329 9.33561 108.403 215.55 76.4383 176.977 108.078 6.98635 6.6342 0.0237585 69.9064
733.06 9.33561 119.569 215.55 113.894 141.651 78.3622 11.129 4.98033 0.0133014 71.4531
696.919 9.45316 142.736 183.883 113.894 131.409 82.8607 6.4673 7.71182 0.00465549 69.2767
803.193 18.5831 148.215 116.347 132.698 184.95 107.452 12.0685 4.40185 0.0206199 72.9522
628.431 32.1697 173.059 102.439 104.327 210.257 108.741 2.51692 5.99286 0.0592336 71.7459
513.852 49.6387 189.742 109.196 103.545 154.096 161.796 3.59077 13.7349 0.0375908 72.2263
300.249 65.9605 194.787 151.312 82.0974 149.571 132.784 25.5561 13.7215 0.021162 73.1367
401.237 34.1638 216.97 165.368 56.9122 167.358 133.003 16.8735 3.98954 0.050087 74.4753
352.892 25.0106 180.932 183.087 128.122 135.538 118.667 35.2308 2.83852 0.0499339 74.3545
494.134 47.928 105.047 198.864 137.382 125.359 129.044 15.291 13.0027 0.0929085 71.8519
648.518 45.5451 125.176 108.158 190.549 125.359 126.511 13.3243 8.10629 0.053171 70.7385
640.02 44.9217 126.276 103.742 196.794 128.858 115.98 26.3812 6.81693 0.0176338 70.1089
705.435 21.0788 138.451 133.09 88.1112 191.793 97.4176 8.93808 20.4177 0.105916 72.8666
661.602 16.5443 144.759 140.198 129.09 160.472 100.598 14.5271 16.1678 0.0826222 70.2692
652.621 20.0627 119.59 150.22 127.224 163.328 98.3917 22.6299 37.4863 0.251029 75.9665
873.168 19.2437 41.9699 165.752 135.604 164 120.887 47.5943 72.3162 0.138215 81.2326
752.123 5.39945 127.162 143.584 149.715 163.957 131.522 21.3254 17.7485 0.0601226 73.1036
506.844 89.4995 116.085 140.185 118.801 142.027 133.087 18.2011 16.0358 0.101472 73.258
508.237 58.7222 157.094 117.502 106.208 153.466 120.454 6.14264 29.908 0.0622978 73.3558
508.237 57.3852 150.977 125.662 113.484 158.386 144.853 16.3665 30.9997 0.0351495 71.7304
586.243 44.3141 134.222 119.263 141.211 143.358 105.8 17.6206 13.6142 0.0478767 71.1804
692.748 39.0724 145.572 141.793 99.7391 167.369 83.4149 45.9053 10.0555 0.0124715 71.3328
734.755 26.0364 113.494 148.674 134.002 174.079 58.8942 11.7758 5.99726 0.0193834 69.6707
623.054 0.886699 172.797 153.838 130.505 155.096 68.342 19.6779 18.2378 0.00637513 70.5405
647.181 34.621 158.349 114.296 123.93 165.832 52.9304 44.1245 8.89335 0.00294328 71.1401
600.257 34.621 179.079 90.7108 138.546 182.27 71.3845 57.2939 20.5205 0.00251581 71.1222
769.413 60.9557 134.575 25.461 228.514 148.505 92.0137 1.40848 16.0212 0.00178579 76.5687
252.24 103.102 211.115 45.0508 160.019 141.722 113.627 23.4445 8.84811 0.00150776 73.2169
86.2831 127.828 215.298 66.8867 166.016 164.89 53.5099 26.0311 3.62095 0.00125485 76.6502
87.8267 127.828 187.896 66.8867 189.283 164.89 53.5099 5.98752 6.00889 0.00128556 75.1804
255.192 92.9885 178.899 86.5229 177.523 160.88 53.5099 44.0442 4.38807 0.0054061 73.2835
566.624 38.9912 142.96 118.148 192.889 102.666 128.656 3.71978 2.92955 0.00196459 67.8206
620.036 58.6486 135.187 122.433 157.394 125.873 144.453 5.53546 6.55355 0.00408736 69.7428
621.199 48.095 134.5 122.433 130.971 173.871 142.835 2.05174 5.88972 0.0258757 71.034
850.464 2.81209 138.936 115.846 124.06 161.801 134.505 7.81393 3.00401 0.0618232 72.0372
429.776 60.4962 149.985 149.773 90.5009 202.763 103.264 12.1312 4.94279 0.0718761 71.1779
533.663 25.0537 158.978 138.529 111.551 238.592 31.9246 33.64 0.752172 0.0862014 73.3741
390.998 25.7667 211.33 148.821 87.7247 213.982 76.5486 9.54961 2.24612 0.0203788 72.5462
605.091 40.9859 131.702 160.86 99.3136 120.813 145.185 10.0266 1.12925 0.00841193 70.1698
436.695 37.738 144.902 181.91 94.1343 141.601 199.825 22.6629 1.03934 0.152725 75.4199
574.139 30.8897 138.478 155.951 98.6716 218.214 90.2289 16.5701 1.10585 0.102474 71.8945
545.327 48.0662 125.766 195.691 89.5665 198.739 46.5483 33.0528 1.28349 0.125567 75.0436
587.826 10.2922 159.19 179.381 112.331 181.35 68.7216 13.0043 0.997482 0.0222425 70.6
601.587 4.79264 141.203 183.962 112.331 174.794 120.239 14.1352 1.86099 0.0222425 70.6837
487.152 28.8933 155.253 118.624 159.308 141.054 176.612 7.10706 2.5138 0.125786 72.8021
508.974 30.3601 208.041 63.2553 172.802 119.757 139.433 1.56437 17.5092 0.10577 72.823
523.654 16.7639 191.202 71.1963 151.006 127.893 139.219 19.7709 5.56535 0.110085 75.6571
657.112 6.55644 218.902 59.6304 154.619 107.606 183.901 23.6406 0.511714 0.111097 75.1935
485.568 38.3805 199.332 115.249 160.873 112.921 88.4686 31.3727 52.7207 0.0295275 75.3954
510.24 7.50436 194.388 160.238 137.52 84.9974 147.392 23.19 56.5839 0.00406415 74.6073
452.375 6.6707 194.535 124.184 221.546 74.2538 127.994 14.8897 31.0971 0.0141823 74.7199
384.921 30.3578 236.973 53.0019 211.27 70.0457 183.58 26.7572 28.8736 0.168438 77.4397
616.372 6.86283 182.149 87.2651 169.943 70.0243 205.65 5.37117 28.7585 0.170423 75.1344
546.068 2.38764 168.476 165.498 182.558 77.0487 166.128 2.00214 29.0527 0.079969 76.335
706.975 31.8041 116.197 134.254 162.289 83.359 165.169 28.8468 28.6532 0.0454332 72.8098
594.146 40.8234 157.115 109.263 149.643 127.318 167.504 33.5655 26.2934 0.163473 75.8899
578.293 16.9591 162.673 140.35 107.744 168.659 148.327 11.8925 2.37757 0.0100306 69.3147
595.578 18.7887 152.281 177.701 121.447 116.835 93.9247 5.98132 3.5589 0.0671396 71.7555
592.45 16.8673 197.519 83.5059 131.989 224.467 18.1212 50.5147 4.62134 0.0980831 74.8626
637.502 31.0352 188.77 110.4 71.5816 199.85 72.2517 25.3608 2.69849 0.0140491 72.0789
616.425 29.4504 182.285 127.049 99.7296 192.308 104.26 11.8179 11.3467 0.0210189 71.2012
580.641 60.4049 144.736 114.489 131.625 178.727 87.9717 7.35094 3.93951 0.00742378 68.8179
592.917 13.6386 193.698 114.47 178.674 67.7206 201.354 21.66 8.23431 0.0449609 74.1251
594.154 23.2896 153.354 84.4318 236.707 58.1373 173.657 21.5286 15.2728 0.28215 76.5289
589.152 36.8606 189.437 84.4318 88.2753 177.795 161.885 49.369 5.27238 0.000872479 73.649
590.785 38.5199 136.65 121.195 176.378 132.023 82.0653 25.2452 12.3496 0.000872479 68.449
591.762 49.4654 173.771 109.364 170.809 66.064 133.349 23.9254 29.1976 0.000872479 72.2672
593.12 13.7001 152.694 144.086 162.777 148.331 133.566 43.3273 26.809 0.011911 73.7885
594.68 24.2869 168.678 116.124 122.146 144.64 146.831 31.284 15.8193 0.0260363 70.5474
588.711 34.0392 148.821 136.813 148.569 107.017 135.958 53.16 18.6539 0.0209561 71.2183
587.894 39.6151 154.124 126.485 130.044 155.448 90.8603 17.609 33.378 0.0446529 71.3917
507.042 35.488 170.622 140.257 119.44 171.018 100.297 61.9992 4.02015 0.0534077 72.5038
613.129 26.2655 163.764 116.409 129.926 153.205 90.7805 48.3755 9.54916 0.0441764 71.2309
555.657 25.7301 220.641 76.4117 202.524 34.9607 145.657 2.66149 7.81797 0.00846766 73.2582
512.83 26.0243 154.496 80.4991 202.524 122.724 149.091 22.0247 6.97726 0.093496 73.3031
510.25 41.7946 203.714 80.4991 180.741 124.453 90.1364 10.3129 2.99274 0.0506823 71.8838
498.917 50.7523 185.3 74.5087 145.978 162.529 102.011 12.2077 36.4076 0.0176513 71.9603
628.298 32.3718 160.48 71.5374 184.315 158.628 104.529 31.9193 44.652 0.0412297 73.7754
542.047 34.7595 172.415 114.987 185.306 95.941 101.897 36.478 18.852 0.0280055 71.4894
304.139 28.879 172.415 148.123 211.883 95.941 97.818 23.2809 16.7204 0.00268234 76.2579
466.06 36.5954 211.247 102.499 132.54 101.555 119.265 21.1907 9.86429 0.0221222 72.8497
423.705 42.683 180.017 119.328 139.579 96.4519 156.172 15.1763 8.74688 0.0101301 71.6952
665.788 46.246 135.383 83.6065 234.155 40.1745 148.272 43.7934 14.5769 0.000360244 72.5072
679.409 61.7647 114.141 77.9023 231.997 61.8893 200.502 55.1854 12.5901 0.000754956 76.6077
593.495 47.9586 127.037 81.9559 235.475 60.7322 173.163 93.514 0.905001 0.00332398 76.922
359.835 100.902 138.897 70.3175 197.043 107.211 153.956 57.4555 2.31848 0.00532106 74.48
230.614 109.481 184.018 53.5049 227.58 51.4492 140.97 19.6145 5.27659 0.00229819 74.6494
295.742 109.481 186.189 44.2062 244.452 64.8275 163.267 18.3897 7.53574 0.000825663 75.4351
370.357 77.8603 198.215 66.4458 199.49 67.2024 172.632 32.8512 27.4437 0.0147838 74.9362
345.379 57.2751 190.952 104.276 154.281 120.557 175.614 13.24 0.400116 0.021565 72.6999
201.861 54.3738 218.699 94.73 188.456 81.1433 175.614 20.8328 9.80608 0.0446059 76.3011
368.719 53.1311 192.671 74.2298 188.456 88.2666 181.51 20.2458 10.3491 0.12156 74.118
467.88 47.0993 175.642 74.2298 188.456 117.8 154.056 13.9679 9.3222 0.157706 72.8835
501.847 53.0968 181.088 116.974 134.07 88.4011 154.056 12.6417 8.04897 0.0459477 71.924
564.447 60.4884 128.568 94.8244 208.708 70.856 225.052 13.5253 21.1069 0.0356084 75.5191
562.234 55.9252 146.471 110.959 175.424 116.161 91.6885 22.9172 8.82601 0.0356366 70.6262
537.427 33.793 168.626 118.259 169.61 118.782 130.188 6.80819 19.6671 0.0840498 71.3346
530.523 16.5585 158.603 91.9255 189.21 108.598 147.022 8.93939 13.0447 0.137259 73.7872
478.648 29.5793 205.038 80.9451 156.493 120.688 98.1103 18.3946 13.062 0.0658613 73.9102
478.648 44.6544 187.528 80.9451 182.662 138.482 118.181 18.7651 22.9027 0.0449284 71.7072
569.303 41.3665 125.672 100.825 166.615 169.544 139.67 9.67216 42.5344 0.133438 75.0518
649.474 37.8341 56.8379 176.787 155.325 135.19 155.566 16.7877 62.9581 0.202943 77.5719
683.16 10.0946 85.2659 195.449 174.609 104.188 110.826 18.1051 31.6723 0.141073 74.5379
641.127 3.42579 99.2905 195.449 142.677 104.597 144.065 35.987 30.9167 0.177264 75.0905
688.308 13.2185 114.662 195.449 124.932 100.764 104.45 23.9414 60.6025 0.0479032 76.5276
753.572 28.9805 114.662 162.322 71.2516 190.184 141.245 24.9463 65.1961 0.110961 78.2342
583.401 16.5079 148.201 137.46 117.618 156.419 158.348 1.89671 21.839 0.140232 72.4656
595.277 33.4413 157.909 117.295 112.165 131.424 144.134 19.5447 5.65556 0.0356947 71.8615
588.397 42.7724 157.909 118.625 135.45 152.602 78.5697 42.0684 3.62471 0.016291 70.0967
615.388 34.8402 135.074 156.794 88.38 163.105 118.38 13.9548 18.0334 0.0763265 71.3822
498.827 47.8612 125.564 131.764 147.94 194.211 105.48 21.9 12.2321 0.0865225 72.5173
498.114 46.6286 139.013 113.372 136.47 212.172 94.126 21.767 4.93958 0.26062 74.9394
570.468 25.4831 156.129 138.128 113.454 193.977 108.949 20.1203 7.42594 0.0595065 70.3201
558.327 37.1907 184.103 151.697 55.3105 212.792 53.9383 13.2624 5.2744 0.00799812 71.1657
685.451 46.0637 124.991 203.238 56.6049 161.143 98.0414 16.9609 4.39657 0.0220551 72.9896
541.661 17.1263 153.095 165.045 106.357 139.404 169.705 14.5666 17.5374 0.0199064 71.0426
470.027 67.3413 144.201 158.815 135.282 107.072 119.55 11.8008 21.9475 0.0102242 70.3975
554.143 81.4957 80.5214 138.712 127.637 127.013 207.407 1.31289 4.65768 0.00386376 74.2549
573.948 111.541 88.7203 136.042 129.422 97.1517 160.168 6.61623 5.90695 0.00330517 73.1091
488.383 88.244 111.966 137.47 127.567 144.866 149.044 8.81618 5.50903 0.00345397 69.1864
918.855 10.0323 118.653 124.646 157.005 132.578 123.976 13.8458 5.99298 0.00243274 71.0574
918.855 2.22984 138.397 103.534 138.922 141.455 137.854 22.7322 14.1578 0.000649865 71.6362
688.418 30.4684 169.037 85.4637 149.564 134.828 135.87 1.32156 7.22449 0.0025452 68.8568
579.956 23.0436 169.879 65.9328 204.684 159.863 81.8962 9.14317 8.08607 0.0232942 70.5808
598.203 29.9925 170.373 109.717 170.812 131.096 105.058 32.4638 6.7848 0.0420603 70.5986
378.42 70.4326 169.892 131.805 147.902 130.748 88.7113 11.4948 4.032 0.00119892 68.9259
310.073 73.3016 170.527 128.66 163.745 109.002 117.495 19.7999 6.77121 0.0197646 71.1129
420.992 41.9657 171.14 103.194 214.063 124.869 105.323 3.51264 6.11217 0.00115102 70.1156
403.522 39.1861 170.302 129.561 195.861 95.9508 66.777 30.5611 12.3705 0.0242501 74.4086
323.388 68.1478 179.298 102.589 160.433 151.818 156.533 27.9011 19.4157 0.0233745 74.8525
350.922 66.7409 168.385 154.76 165.867 127.701 75.2146 8.64966 25.024 0.013203 74.0268
354.428 75.4233 106.129 205.286 89.4271 132.147 205.156 15.604 13.1343 0.00617632 74.7326
345.668 86.7449 133.815 179.592 139.469 106.671 152.56 16.3254 3.69978 0.0145788 72.438
533.027 45.1685 112.238 181.514 148 111.736 124.815 10.7861 32.8647 0.0389276 71.5791
533.027 45.1685 108.441 183.473 133.665 111.736 162.067 3.41546 23.7302 0.0493885 71.4873
663.877 26.4257 90.9706 183.473 150.428 122.453 162.067 6.875 17.56 0.0291404 71.2885
663.877 26.4257 90.9706 166.526 170.734 98.9809 165.066 6.875 17.3896 0.00642854 70.6987
809.541 34.1432 90.9706 170.03 155.233 86.223 117.83 5.73156 3.22014 0.00851989 71.3968
409.951 105.689 79.6928 128.447 174.369 139.01 122.985 11.5259 12.64 0.000443271 70.9355
377.653 78.8272 122.56 141.385 164.019 134.916 107.417 39.1298 15.3877 0.0026354 70.7909
431.695 75.6294 185.514 98.8495 163.542 119.634 91.1638 48.3087 29.8402 0.00476665 74.0483
293.471 59.3156 168.737 95.9508 209.461 114.807 116.222 42.3306 14.5071 0.00313962 74.4056
700.022 61.5529 107.875 89.4301 181.354 125.183 134.509 53.6578 8.68942 0.00284475 72.6752
671.482 28.7435 162.941 113.005 162.204 37.6029 230.483 5.35117 12.2329 0.0418694 73.9157
540.038 50.8578 190.133 124.493 152.352 36.2156 178.679 9.14417 10.4759 0.0258575 75.1408
367.793 52.934 123.846 187.025 149.325 57.9836 242.678 6.76907 7.54795 0.0863199 76.4463
422.358 66.5264 122.868 187.025 126.643 98.8397 175.479 9.08461 7.54795 0.00604051 70.2015
422.385 63.7412 117.865 171.787 151.839 124.507 116.044 30.9028 32.5144 0.00165568 71.2737
544.858 56.6208 161.448 109.454 131.718 125.804 155.806 14.7798 64.9502 0.00600396 73.7339
604.454 75.768 130.809 109.347 171.09 67.7763 145.763 39.4306 21.5186 0.0150589 74.2379
383.658 90.4047 127.324 176.277 125.94 80.2933 182.845 30.7903 32.0097 0.00888018 74.2641
353.484 97.3972 121.539 164.718 143.163 147.782 101.279 50.2733 16.1464 0.000722017 72.4049
350.278 97.3972 119.37 174.599 129.108 168.045 53.6687 15.9316 19.8287 0.0309738 73.1777
609.626 22.4098 98.0028 221.241 84.9686 188.329 115.067 13.1473 15.5113 0.130631 72.6926
436.264 54.4149 102.158 211.26 94.6994 190.154 85.8372 17.4784 3.23613 0.124995 72.9527
392.39 32.0794 74.4021 264.118 76.5034 178.487 139.14 31.2732 5.31992 0.116079 79.1622
717.488 32.0794 111.594 155.248 76.5034 200.705 111.303 52.3848 15.3841 0.0487879 73.4158
625.239 55.0233 134.333 140.703 53.7353 214.719 118.409 18.4693 25.6766 0.0608363 74.1518
505.465 32.8297 130.661 175.382 63.783 230.425 117.398 23.653 26.379 0.0845697 74.3921
499.585 35.6494 128.854 199.399 101.287 171.23 117.452 40.0668 13.7742 0.106613 73.7551
517.998 18.7819 172.794 66.5471 208.592 144.442 117.513 12.6918 0.403206 0.211143 74.3606
536.888 19.9534 190.412 108.114 143.21 189.482 117.521 23.7654 2.27368 0.251405 79.1771
367.406 43.2198 150.265 113.499 140.786 205.775 130.994 14.8221 14.6912 0.233702 76.4564
705.45 20.3424 105.936 191.455 105.393 169.463 89.9806 9.81438 11.931 0.0214755 69.2006
705.45 20.3424 105.936 191.45 105.393 130.442 133.063 9.81438 8.86999 0.0105597 69.0251
646.086 56.4548 128.653 115.03 146.068 124.922 159.786 9.81438 2.49016 0.00325544 69.1855
530.42 45.4465 130.441 139.975 131.001 131.442 174.737 38.5332 3.5754 0.0611795 72.4271
687.96 47.5873 131.07 148.585 105.697 87.0371 178.271 16.1139 8.18522 0.0141412 72.4282
655.934 46.4662 130.419 176.019 55.579 167.917 115.315 6.63052 11.4086 0.0121174 70.8401
557.86 45.164 131.298 175.556 83.8748 188.447 53.8654 1.56753 6.80843 0.0509236 72.2025
563.625 40.6457 133.376 173.715 62.2696 182.663 94.5602 13.926 12.4031 0.0204694 71.6223
421.515 59.7987 167.726 150.106 57.0584 167.952 166.311 17.1586 3.35171 0.132113 74.591
379.914 43.1158 185.851 150.885 82.9772 166.295 107.704 42.496 9.2784 0.0900746 73.9666
232.437 84.8684 168.525 151.64 82.9772 216.858 103.76 42.496 22.848 0.132303 78.0483
366.23 84.8684 142.996 152.093 82.7553 196.215 134.645 21.061 15.1283 0.0837723 73.9833
366.23 79.1293 121.096 151.856 96.5716 190.801 117.449 10.0316 10.603 0.08615 73.6785
497.45 60.1217 127.923 162.108 86.4466 192.953 99.6995 11.6823 18.1542 0.0768829 71.4601
663.496 51.2837 102.904 175.062 140.343 138.206 119.576 22.9575 10.1178 0.0126636 71.4793
664.876 43.1124 94.3048 168.015 79.3512 165.128 154.433 38.0801 10.0927 0.0643032 73.9604
486.929 64.3072 187.646 76.5219 101.767 234.025 94.8523 12.0128 10.4183 0.00178548 72.0582
558.214 40.035 157.287 149.829 79.0481 162.723 128.151 0.884013 9.08407 0.0132059 70.0988
483.072 38.3862 139.405 182.1 169.154 52.2953 154.667 9.27943 16.2777 0.0199293 72.0723
560.4 77.1617 90.3601 165.179 153.739 87.2814 163.654 18.4139 11.5193 0.167887 74.5863
679.761 8.36131 83.5044 187.5 137.261 165.431 135.767 5.05483 3.62012 0.220249 73.3752
573.906 13.9203 112.431 158.92 211.889 131.093 138.899 8.10818 26.4162 0.00312774 76.0856
767.748 16.935 135.742 61.1897 178.444 165.977 109.797 18.2333 12.5992 0.116037 73.9589
858.795 16.5764 156.757 89.8057 144.817 164.079 72.9325 16.1418 26.9376 0.0571917 75.8804
785.85 3.10814 150.457 101.255 143.591 162.943 105.543 15.2669 21.873 0.132377 73.5301
725.087 1.58992 155.826 165.051 95.9148 158.436 137.775 20.192 13.4547 0.0431884 71.8807
598.42 8.72961 143.373 180.683 114.265 174.386 82.2151 10.2927 16.6087 0.036765 70.1887
645.77 18.3637 127.083 136.173 156.393 152.769 106.434 34.3061 5.41338 0.0326355 70.0732
589.837 12.6595 151.545 168.657 138.348 114.672 120.489 0.137156 28.2062 0.00405331 71.1042
647.883 3.08844 189.046 106.146 123.889 228.467 3.53764 24.6718 17.4329 0.00668123 73.741
666.954 34.001 141.057 147.993 149.057 193.225 36.0815 8.09499 9.44336 0.0228124 74.3101
678.374 2.20165 144.518 116.96 149.241 190.522 84.7898 6.5236 19.1961 0.0384124 71.5289
663.185 3.61306 170.128 96.3866 144.35 130.307 140.984 44.1428 18.0022 0.156626 74.2804
661.159 5.2281 169.096 102.229 114.303 257.105 13.9871 2.4668 10.6553 0.116177 75.0194
551.405 3.75766 167.977 104.053 188.28 59.3268 227.111 29.9305 41.3209 0.130017 77.7443
705.487 8.67219 168.065 90.2716 217.425 65.366 174.231 23.2457 28.4158 0.0272852 73.1907
623.019 8.6624 177.058 100.522 203.822 92.1706 141.138 74.9428 38.0791 0.00104623 74.4334
614.608 1.6321 178.841 151.413 138.284 95.0529 165.359 22.0389 45.9382 0.0177624 73.6725
548.355 35.8464 173.007 147.366 51.5709 168.374 178.241 15.1518 23.2222 0.0110067 73.3602
499.546 35.3681 172.481 121.225 187.305 43.2192 192.715 18.8267 27.4563 0.00123382 71.7245
525.189 24.9067 173.337 177.115 164.07 20.6049 186.554 46.8362 38.9577 0.00711541 78.356
421.262 40.9428 180.009 160.885 151.269 135.207 65.0121 29.0065 10.3174 0.0870397 75.6583
382.416 33.3734 171.107 163.326 139.737 128.971 116.072 5.17909 23.8523 0.00880285 71.4913
491.474 62.7906 124.95 163.326 156.376 121.626 104.655 1.90167 8.38964 0.0160314 69.7011
531.613 32.7657 146.409 180.736 114.33 101.338 142.774 12.3368 9.41223 0.0255688 70.146
535.807 2.71886 207.333 121.032 118.331 120.055 173.217 14.9489 12.9418 0.00677293 71.3257
539.045 13.3602 227.277 86.8191 146.893 152.72 110.093 12.4762 6.71401 0.00126954 68.8673
512.498 21.1339 236.556 117.08 156.438 94.5083 73.0097 19.3826 17.2455 0.00225468 75.345
611.158 17.6724 174.244 100.434 195.043 119.368 111.799 26.1503 28.8641 0.00171196 69.9408
608.037 19.5331 197.948 91.7292 172.855 143.736 67.0528 45.8168 10.1347 0.00125685 70.2518
572.296 19.2338 193.807 52.5999 199.123 117.389 98.0074 43.77 10.1347 0.00110908 72.0268
471.46 25.7876 168.661 154.975 175.185 108.98 103.466 50.1114 14.2167 0.00464808 72.0578
677.626 33.8312 113.404 222.338 9.609 224.654 99.403 19.9678 2.03721 0.0043319 72.3696
570.252 23.7081 141.597 162.295 138.355 72.2082 137.991 28.5374 18.6317 0.000515642 73.4157
600.187 1.94372 163.893 139.662 163.123 110.97 140.738 0.574006 8.56735 0.00620001 70.0163
476.844 32.4271 190.804 114.413 109.157 156.314 135.729 4.2978 12.7123 0.0206714 70.32
475.695 41.1259 189.816 86.6836 103.957 199.793 152.883 5.79706 45.5193 0.0222028 75.6229
289.427 29.5538 290.416 36.45 154.504 160.485 69.1041 13.8674 25.0396 0.038724 78.0976
447.868 21.9138 201.833 94.3723 154.882 157.463 117.358 11.8079 39.0248 0.00999183 72.2009
463.993 85.1748 144.908 114.482 145.134 113.679 171.45 21.6525 32.8854 0.0172843 73.258
452.015 85.1748 151.635 93.3376 151.707 121.745 171.45 31.8762 35.7728 0.0079534 73.8606
588.616 66.2047 163.247 73.8435 133.327 156.589 117.122 22.6976 24.048 0.00900876 72.2717
501.369 88.9064 145.79 61.0334 150.847 153.015 183.448 11.1221 6.32188 0.0140397 74.5089
588.172 89.8817 154.805 66.3007 150.847 172.603 91.6598 21.6095 3.32386 0.01712 75.0253
579.9 73.2443 142.985 41.216 151.071 228.628 64.683 11.0936 5.76546 0.0667601 75.974
594.071 56.3963 140.944 106.685 196.437 95.0196 139.568 11.3869 9.75342 0.0618852 71.9698
388.555 69.6948 124.091 110.837 228.388 90.3845 133.583 22.5932 4.72514 0.0753226 73.6381
702.433 26.3251 156.251 110.539 180.498 102.087 104.648 11.997 19.3852 0.0377162 71.4084
648.313 32.3712 156.942 109.114 147.86 129.289 129.874 4.81969 29.592 0.00324587 69.0878
624.028 73.9762 117.357 113.723 146.494 150.671 109.083 2.31615 17.8466 0.0175327 71.1199
666.146 18.2992 113.392 149.709 136.635 91.2604 184.2 23.2039 15.6949 0.111019 74.3021
778.779 4.90483 141.74 156.707 119.653 91.2604 206.415 16.7559 13.479 0.0167797 72.3992
749.314 6.63682 155.829 132.445 118.331 119.002 176.866 9.79288 15.8994 0.0341387 71.0171
641.207 8.03761 152.126 175.067 73.6571 226.314 68.3352 2.64427 5.77793 0.0436181 70.799
610.193 5.03013 145.804 175.425 92.0722 186.675 141.746 2.37502 8.72311 0.000285621 69.8051
598.674 5.00805 176.392 173.214 77.3697 186.675 107.883 15.1202 5.28774 0.00271084 69.1152
570.843 3.5093 182.143 147.194 84.2029 195.42 107.883 2.15853 7.1288 0.00271084 69.6273
636.793 13.3035 183.314 130.176 73.386 207.895 124.452 39.7989 12.8772 0.00271084 71.4952
628.441 18.8635 178.25 172.99 81.3143 153.485 110.351 15.9943 11.8795 0.00271084 70.1646
728.884 3.12963 181.408 73.378 170.413 153.485 113.341 33.2384 11.327 0.00271084 69.9675
694.527 3.12963 188.654 73.378 170.413 131.818 115.308 14.9937 11.1127 0.0469818 70.6934
496.062 3.12963 216.701 94.1554 174.051 131.992 96.9028 34.0347 11.3313 0.0100117 71.4352
573.976 3.49097 220.018 51.7317 199.337 132.452 110.246 37.6205 14.6038 0.00356074 71.3494
537.359 1.14426 246.955 79.7799 144.95 166.326 123.928 18.3518 6.10436 0.0168602 73.8813
453.339 2.6393 212.943 53.4923 241.634 132.066 139.978 10.6199 7.01018 0.0172914 76.4125
608.512 6.5915 225.463 63.8532 166.456 94.7992 175.663 24.8048 3.42751 0.00471321 71.0108
631.682 16.7361 111.037 156.681 193.81 86.8923 166.877 31.3189 15.2332 0.0790469 72.9884
709.855 29.4544 131.039 119.978 204.107 75.8983 142.977 10.1926 13.5877 0.0882476 72.771
588.347 26.9575 152.841 101.384 213.547 88.1732 125.208 19.5771 26.3931 0.0338365 71.3141
647.439 19.9243 178.799 80.4859 218.008 71.7986 141.237 37.4085 9.19336 0.0250424 71.5451
586.375 5.8823 186.803 91.9024 194.875 67.093 141.237 58.4545 31.1034 0.0133106 75.4394
619.651 22.5042 195.429 71.5609 131.571 147.458 133.894 48.474 30.4603 0.0578473 74.5536
569.077 0.0975093 241.049 58.1679 164.737 153.159 59.3435 33.2292 23.2554 0.0410218 76.0932
547.553 13.1182 187.944 91.9374 164.737 173.899 37.6041 24.8871 16.4167 0.0227757 72.7658
610.649 16.0709 186.457 47.3964 164.165 190.001 73.5451 23.2593 9.80955 0.0132958 73.179
623.25 31.8395 186.457 41.2436 208.36 170.952 73.5451 25.6327 12.8435 0.00261582 71.607
546.776 39.4051 194.406 41.2436 208.36 173.064 73.5451 12.4645 10.9611 0.00261582 71.2061
570.94 56.4144 178.561 41.2436 208.36 192.119 5.80061 20.5961 22.4883 0.003959 76.2073
634.258 50.8786 149.722 96.2705 155.671 147.828 93.9479 5.8919 5.88658 0.000526189 67.8689
701.174 33.298 127.8 98.3139 165.468 126.732 143.154 10.8941 13.7397 0.000425791 69.0119
584.23 40.8406 154.282 86.9754 184.233 125.651 130.66 17.456 13.589 0.0220771 69.6084
741.836 3.85316 180.287 86.9754 149.526 119.778 134.203 13.1833 12.3166 0.0109742 70.1474
727.666 12.1058 180.287 86.9754 165.678 115.993 156.397 8.76959 23.1058 0.000841858 69.6282
700.614 19.4834 139.303 158.132 134.021 112.599 153.14 5.24866 20.566 0.0188131 69.9327
629.498 30.4555 139.711 137.034 163.305 91.3029 157.825 2.20091 16.3097 0.067839 70.8378
509.957 41.3779 145.431 128.67 176.673 91.3029 132.549 2.20091 1.84117 0.0691262 71.4023
590.685 40.0953 167.189 63.0029 245.457 59.1075 150.113 22.6723 4.28651 0.289084 79.3379
371.612 77.8534 128.38 119.213 223.024 93.0012 167.448 22.2281 4.28651 0.139192 76.4305
383.4 66.7699 123.037 135.098 208.933 57.6391 170.644 21.7603 17.9268 0.0626315 74.4387
353.48 87.3305 113.613 177.589 156.682 64.1341 177.264 21.7231 19.3514 0.125478 75.4494
342.743 74.9569 123.947 210.942 89.5979 97.5294 165.49 23.8283 36.1846 0.0127557 75.5071
504.484 60.8705 111.625 179.587 87.9764 142.571 186.04 23.7386 12.9294 0.00967113 72.1206
453.91 75.2851 143.452 179.587 87.6202 108.503 186.04 23.6779 10.0149 0.00979206 72.9535
413.839 81.1265 71.9905 230.574 81.5069 141.633 188.888 12.2085 20.8273 0.00964784 74.7296
379.617 88.9234 123.529 175.655 136.74 112.53 154.488 22.1059 13.7594 0.00399915 71.5657
327.276 64.4329 226.909 49.2943 187.175 107.676 104.25 30.118 0.701149 0.0575095 75.4224
340.212 14.2898 262.733 16.4777 194.857 129.325 120.205 18.4198 4.11154 0.0854722 78.059
495.121 6.93989 243.885 27.2882 219.385 116.325 108.889 26.8834 4.73149 0.0315847 73.0282
453.215 23.8071 210.088 52.4052 216.418 155.62 104.598 19.8623 4.73149 0.0619037 73.5456
499.645 35.435 192.253 67.9578 218.515 135.69 88.4375 7.10357 18.2112 0.0354554 72.1382
373.132 38.402 197.959 89.4938 225.982 153.36 34.1977 11.987 9.50037 0.0378349 75.8648
398.167 40.8159 201.541 97.977 215.987 75.7483 131.631 11.2161 2.8225 0.0622984 73.2372
355.222 92.4109 193.132 90.6659 160.401 102.605 150.219 2.62201 1.68849 0.00752493 73.1175
182.317 104.643 191.563 76.0243 161.894 174.352 69.8279 23.3052 16.8886 0.022343 74.7944
391.902 94.6369 189.401 92.7384 128.905 145.651 78.28 46.8276 3.40065 0.019478 75.0011
479.375 62.0669 140.435 142.57 156.479 107.752 129.478 34.4951 14.6766 0.0472072 71.33
445.086 40.298 135.495 168.528 164.328 93.4335 125.834 34.5859 3.40516 0.0158884 71.628
585.726 43.1728 124.979 136.416 192.317 76.846 134.57 10.3783 9.48974 0.0280841 69.9238
572.122 27.4675 143.749 148.709 179.697 47.6136 160.882 9.93526 16.4756 0.00859001 71.0082
676.414 55.1307 106.104 142.403 173.918 106.603 126.438 13.3665 1.60464 0.00948708 70.1399
463.416 65.9525 157.315 132.98 160.856 91.7863 130.066 12.5954 50.8448 0.00277418 72.2931
734.617 9.6609 155.234 94.5525 172.447 181.58 82.0621 26.9721 20.132 0.0228311 71.7207
575.955 16.069 173.011 118.057 171.873 181.58 88.3395 4.71256 20.4709 0.0202893 72.8673
572.606 46.5626 147.187 128.047 165.835 122.774 75.2515 6.3087 22.8489 0.00794534 70.1581
620.914 46.7787 135.945 108.3 164.964 123.39 93.7842 11.0153 9.99334 0.0179519 70.2832
460.125 90.1662 130.029 132.891 132.773 129.213 126.962 9.12333 22.963 0.0458145 71.8888
596.007 41.8927 128.296 161.636 159.01 85.4782 122.007 19.5864 23.0867 0.0596427 72.1939
362.334 57.3361 151.334 145.61 158.12 150.882 121.118 33.7658 44.0549 0.0490347 75.728
467.758 16.0482 173.136 143.254 111.366 164.227 163.509 29.0944 30.1141 0.168627 75.175
444.36 35.5336 187.715 137.051 89.7383 157.279 144.164 16.406 14.4498 0.114117 72.6477
427.886 31.7857 163.809 149.213 104.68 155.11 180.279 3.16168 23.7887 0.251364 75.668
439.019 30.3738 179.296 151.9 142.87 86.1625 143.208 6.94378 33.4507 0.0738816 73.8277
488.697 25.5363 187.692 114.285 91.0678 262.976 25.2984 20.5237 9.53431 0.0400626 73.3327
539.183 15.4865 256.055 91.6693 89.9594 187.111 83.094 24.5797 26.9386 0.0243138 75.8313
587.357 38.8577 154.94 99.4649 185.774 135.233 80.8263 13.7639 3.48964 0.000639163 67.6647
617.247 28.1978 164.949 102.395 180.532 141.298 78.6786 11.8358 9.22968 0.000639163 67.5645
648.31 33.3348 162.754 97.7707 161.519 139.95 104.401 21.0318 14.3637 0.0324416 69.9578
564.146 47.6877 101.475 157.322 159.592 111.404 160.818 14.9994 4.9735 0.0024242 69.2311
530.568 65.3081 102.129 131.826 146.681 207.675 42.4119 9.79809 18.6836 0.071642 73.4925
650.647 34.8878 127.709 135.878 167.89 147.699 56.7788 7.82344 8.27594 0.00354354 68.8122
487.731 59.9957 143.238 128.479 160.579 176.543 58.5158 5.40934 6.68336 0.00354354 69.1849
584.283 64.6202 138.594 103.76 156.234 161.664 58.8808 38.3273 9.87195 0.00308108 70.3996
532.046 67.2724 110.676 135.434 146.695 183.922 58.7901 33.6298 15.9558 0.012752 70.9126
449.065 70.5616 139.531 115.935 139.384 159.984 97.9208 34.8088 7.31921 0.0100158 70.3939
510.958 59.2546 151.564 131.16 151.248 125.161 114.546 20.4 10.4744 4.56747e-05 67.4095
477.097 48.5933 158.526 121.697 157.069 106.599 133.209 16.316 16.717 0.117668 72.4769
456.502 20.7174 155.017 124.607 175.736 132.787 152.085 16.7804 11.9384 0.307132 75.4243
477.195 11.6248 156.392 116.018 191.313 128.433 170.096 17.6899 5.01323 0.122964 74.284
387.904 15.9672 149.219 125.68 196.22 117.937 168.767 5.72775 51.7917 0.17571 79.3427
654.016 20.5231 148.609 104.835 162.066 70.033 213.293 2.76897 18.7413 0.161459 74.5829
660.15 23.8371 133.453 83.7294 141.198 188.983 115.19 2.78471 19.7153 0.257254 76.5999
882.476 16.6255 145.292 72.9407 128.387 162.922 88.2053 11.6972 14.3909 0.0283252 76.1683
593.774 10.2441 191.787 127.357 132.132 205.316 59.5953 29.2663 11.1419 0.00304069 71.7267
453.712 16.9643 257.161 31.9403 145.284 184.137 95.7291 5.19065 17.9815 0.0236695 73.8224
453.464 62.116 181.371 83.6223 168.137 185.115 86.7404 14.6374 7.10029 0.0086744 71.7639
298.662 84.3301 178.627 147.13 111.224 158.358 86.7404 19.2883 5.25433 0.0720408 74.0199
564.367 8.33034 171.302 161.901 94.6368 169.241 138.773 17.3838 39.9378 0.0605067 73.1585
760.269 7.31156 171.302 122.859 94.6368 183.405 111.979 4.1176 47.8643 0.00856154 72.6221
621.609 7.31156 183.931 139.219 104.701 183.405 111.979 26.6789 30.1722 0.00856154 71.3813
706.859 6.07153 183.931 118.731 104.701 181.18 107.382 29.2627 36.8195 0.0266555 72.8308
745.26 17.0227 121.185 121.689 152.992 181.18 113.469 10.522 20.9363 0.0603073 71.9218
605.503 16.1377 144.687 129.942 163.535 146.994 109.832 54.6827 15.1469 0.0605691 71.9613
613.969 5.24923 170.158 71.3479 175.124 183.432 45.0488 51.7763 0.272856 0.110798 77.0684
595.688 39.7814 140.684 96.4312 150.153 201.948 79.3295 3.54845 51.3694 0.104852 75.0324
565.366 99.4987 62.0129 179.159 95.8547 184.084 79.4788 54.195 41.6112 0.0149164 75.9922
565.366 108.724 46.818 184.494 95.9355 160.693 112.217 70.145 48.8547 0.0109256 78.5389
390.575 118.67 46.818 202.486 138.003 150.549 108.223 77.6324 5.14583 0.0059957 75.7708
433.804 127.867 46.818 187.736 117.601 151.82 31.5378 65.2215 2.75683 0.00196655 78.7154
439.58 92.2643 58.2201 219.606 140.088 129.649 137.837 32.0478 5.27909 0.00837709 73.5416
383.211 168.767 58.2201 138.004 135.869 97.2536 149.507 31.9364 23.9474 0.000880389 77.3966
277.287 156.168 87.6952 133.208 154.586 171.982 60.5291 18.155 41.212 0.000299559 75.0586
499.108 79.5209 126.998 112.777 170.014 128.177 93.8132 2.82691 27.3186 0.0011318 70.1163
609.078 44.5521 140.388 90.9264 190.208 163.271 81.8372 19.1654 24.964 0.00119403 69.9642
657.698 73.3283 121.817 117.197 128.342 108.695 169.101 9.55867 21.3564 0.00120096 71.9316
675.679 32.4343 156.827 93.7732 121.885 144.731 164.5 5.63817 25.7749 0.00110678 70.968
795.047 4.58308 160.588 122.406 122.653 132.578 100.136 12.7508 11.8722 0.000289295 69.4436
667.508 4.64706 177.882 120.227 141.998 157.298 67.2251 36.8827 1.31279 0.000613922 68.9948
662.273 23.7795 174.42 113.631 107.422 206.258 50.904 19.9055 24.8214 0.00057505 69.8149
559.138 44.1889 122.726 157.568 108.377 172.698 95.191 31.9727 9.92069 7.14231e-05 68.4665
418.759 81.8971 166.192 118.767 100.021 195.288 75.8972 55.9397 21.7182 0.000912697 72.342
516.407 74.5821 133.238 107.049 132.015 167.076 108.512 16.865 16.1981 0.00129654 69.3144
584.121 43.0357 143.397 135.213 160.236 149.214 59.8791 35.0804 48.3957 0.00199736 72.2978
403.475 65.9712 149.417 142.567 166.601 154.965 50.6558 40.1487 14.6277 0.00287631 71.6839
370.419 48.8798 147.211 132.72 176.381 183.62 65.4958 53.2441 30.2078 0.00408415 75.6683
438.691 30.8999 175.306 129.792 131.434 186.463 61.1268 51.6844 38.0678 0.00360437 73.7149
487.393 46.7811 160.511 127.877 171.345 197.933 6.94932 58.049 25.5351 0.00875657 77.0157
373.933 84.148 172.52 128.144 109.238 197.933 21.2823 14.5887 5.15602 0.00634098 72.8361
399.779 65.1615 146.347 128.137 142.317 191.312 68.9774 38.1876 16.8025 0.000790151 70.5231
386.979 88.9176 125.872 150.124 94.2657 191.312 89.5293 31.44 19.342 0.00332428 71.1232
386.298 77.4231 150.352 141.197 74.6323 198.89 80.4117 98.4168 9.62698 0.0217409 76.3943
273.838 111.789 159.782 78.3132 174.752 156.973 41.1578 61.1843 15.4713 0.0293503 77.1366
371.365 116.529 127.786 110.751 156.808 165.959 66.1133 67.6806 33.9167 0.0631546 77.6915
322.162 105.445 127.196 50.4065 229.17 218.939 67.9043 23.1305 17.443 0.067694 81.7305
487.027 106.258 118.996 50.4065 176.794 218.939 61.449 20.949 10.6778 0.0222148 75.9147
471.825 40.1609 200.544 50.4065 192.945 144.106 75.2168 23.1969 23.501 0.00798426 72.3898
409.326 54.0132 174.595 106.757 145.746 170.362 75.2168 18.3644 20.6929 0.0088396 70.6133
560.94 29.4982 168.063 118.445 117.612 179.213 124.923 19.2952 43.7833 0.00966295 71.644
463.942 47.1416 167.945 126.761 128.548 120.172 124.923 63.4496 28.3642 0.0475342 74.7153
730.846 21.3228 151.938 135.456 113.6 114.723 194.348 11.6297 9.5076 0.0411483 72.2902
749.937 21.6895 122.596 144.955 57.1539 187.325 132.677 59.3792 11.7859 0.187333 77.504
745.07 13.4124 123.302 162.259 84.0606 196.129 101.723 32.0049 11.6978 0.047941 71.0479
705.363 10.1625 153.972 173.162 90.4709 187.508 29.5283 30.1429 7.90195 0.0339539 72.9158
683.45 15.7936 112.971 215.751 75.0624 181.098 53.0901 1.27028 22.1302 0.0351111 73.1771
748.737 21.838 128.923 179.219 59.6389 194.937 106.56 1.66111 6.37951 0.0508421 71.7472
794.212 31.0416 66.8217 199.25 85.5538 207.33 112.14 7.43525 8.03293 0.0784156 73.3631
754.106 28.4613 56.1746 207.891 45.2515 267.978 75.3451 9.9212 5.67068 0.16505 74.8319
636.018 22.8199 71.9153 207.891 63.9584 257.985 82.7001 12.0948 5.67068 0.131272 74.3101
568.01 21.791 77.2514 246.266 54.5612 237.105 62.7795 12.0948 3.08503 0.0859735 74.4404
538.737 21.3212 148.747 175.455 35.2782 262.229 81.814 27.1743 2.56667 0.0723285 73.6018
630.268 21.4929 124.714 198.423 81.5798 180.116 77.5925 9.76253 2.79064 0.0467378 70.17
596.856 22.3425 132.887 190.572 93.3485 180.502 98.9918 8.1545 0.68493 0.0801523 71.0074
554.013 13.7833 144.951 188.773 68.6538 228.287 100.983 8.84694 6.0707 0.0942531 72.3097
671.364 10.7052 132.374 186.855 68.6538 250.835 46.756 8.84694 8.14782 0.0889252 72.8371
663.661 31.965 120.867 186.673 39.1591 274.411 46.756 16.8309 3.49461 0.0770867 73.7315
558.415 25.3066 126.644 217.793 100.98 154.929 81.1671 3.5625 3.48193 0.0392665 71.0844
558.415 41.0083 126.644 217.793 67.2928 192.684 83.7281 3.5625 14.7074 0.0148286 71.3091
422.895 31.5095 125.803 210.344 85.1223 192.684 98.7595 15.6005 15.7894 0.200917 74.4002
422.165 36.1376 109.761 221.283 58.1894 192.684 144.326 7.3022 5.12004 0.206985 74.7761
406.558 21.861 124.586 207.973 109.224 154.098 116.101 7.78405 6.22611 0.178083 75.0579
483.506 24.3839 115.388 198.335 94.5083 233.01 69.8738 10.9555 6.45233 0.158652 73.7193
467.529 61.7017 118.55 220.047 35.6606 175.936 148.13 1.15778 9.84744 0.058733 73.2894
569.117 54.9448 122.118 200.981 23.9122 181.58 144.146 7.80763 12.3388 0.112485 74.4329
446.574 75.8221 123.499 187.9 33.8277 199.265 112.918 2.3752 19.8989 0.127891 75.8906
459.711 79.5901 136.565 73.4104 167.907 171.972 105.706 6.51253 18.4503 0.0305298 72.7957
398.918 79.5901 109.856 139.023 141.482 165.364 90.6612 7.10552 9.37444 0.0130883 71.8935
534.317 70.7637 121.228 154.071 142.276 175.891 56.5695 42.02 6.34835 0.010109 72.0487
424.859 76.8949 129.18 144.919 150.209 131.436 106.561 37.4172 17.4968 0.0250705 71.1579
233.996 114.311 105.321 192.336 143.819 98.0713 172.914 36.9591 3.97914 0.0236325 75.7411
589.899 41.5108 111.888 193.282 126.16 119.601 167.66 4.86595 7.06578 0.079736 72.4647
514.405 77.7048 100.299 163.548 126.46 93.1442 203.303 37.3828 8.78049 0.0960764 74.6434
499.315 88.2738 78.3978 159.625 130.017 99.5436 203.299 8.83094 5.22207 0.0484519 73.9652
506.42 93.5265 45.5412 137.913 242.996 64.9938 142.206 21.1017 19.0353 0.160739 77.8299
494.195 82.1144 99.2063 136.352 226.677 20.0427 179.306 18.0012 16.0442 0.142444 76.4323
471.266 89.0028 105.209 129.533 115.916 173.417 168.325 16.1562 5.13983 0.177146 75.1703
396.044 75.9051 130.193 147.025 127.985 212.759 70.5483 8.98615 2.17383 0.180349 75.0698
590.773 32.4629 115.049 158.214 164.889 189.429 92.0833 3.13271 4.74643 0.0853577 74.8021
696.095 22.5367 114.612 199.261 94.9333 173.228 88.1549 9.3801 20.2326 0.0339764 70.7205
732.625 15.2995 93.3257 151.708 133.894 150.795 112.645 16.171 7.95966 0.250123 75.0796
858.812 0.055298 80.6881 180.063 162.866 137.403 99.73 30.6322 25.5776 0.0729734 76.6285
746.896 22.2457 65.2249 195.827 165.995 105.923 86.7268 98.7336 27.936 0.0494662 78.0472
758.334 24.8934 71.9492 217.939 131.575 159.294 64.4562 6.18479 13.4979 0.0805319 74.1722
786.967 25.1693 53.7626 225.243 139.987 127.215 126.632 2.60102 17.8877 0.0361797 73.6342
617.411 8.73926 113.315 196.573 104.654 157.775 138.358 13.3886 7.87535 0.0137882 70.8134
582.155 43.7427 144.573 142.627 150.074 120.584 119.73 57.6663 9.31633 0.0149426 71.021
664.112 14.2014 144.347 121.433 133.941 203.369 86.7222 57.7621 17.1508 0.0585591 73.1088
673.007 14.2014 144.347 121.433 160.413 147.334 86.7222 43.969 34.8395 0.0724805 72.9892
599.937 12.3098 155.392 146.152 137.841 154.094 81.2502 4.43761 4.39107 0.0735833 70.3031
635.153 6.18227 160.261 132.74 137.841 154.094 111.545 3.71809 8.35597 0.0629968 69.573
616.345 11.5299 170.998 143.612 169.3 57.4847 159.891 4.18066 7.10005 0.0395514 71.0208
670.652 6.43648 154.422 132.952 189.471 57.4847 147.03 6.31873 6.72334 0.0516329 71.1354
606.727 6.50326 173.217 105.093 204.527 99.4711 157.319 1.60376 8.30219 0.0768971 72.156
522.778 7.0707 232.028 24.6002 226.993 120.542 172.127 3.43913 9.43567 0.221803 78.2445
435.843 11.439 226.839 5.99599 275.595 93.1706 155.674 7.82025 12.6909 0.246862 77.6947
543.712 13.9246 226.839 5.99599 269.439 54.8645 182.539 3.60577 0.769 0.246862 78.8686
435.317 14.1503 226.839 5.99599 286.125 54.8645 157.706 24.5837 0.769 0.181202 77.854
708.049 0.110694 193.041 77.9837 177.194 130.047 155.839 5.71766 2.73894 0.153746 77.6505
534.073 28.0067 234.383 57.513 137.564 156.419 96.3013 26.1811 93.5743 0.0294876 79.2987
398.862 40.2502 177.937 127.063 157.29 162.429 116.996 9.10981 31.8968 0.050401 73.6226
479.589 47.1644 167.884 119.641 175.14 172.401 45.0712 9.55937 29.4336 0.0135292 72.8839
491.403 53.7404 154.244 124.687 118.567 154.985 128.296 1.10546 22.2847 0.0123292 70.3961
585.073 30.9637 134.888 166.548 85.2205 188.755 147.706 20.7549 24.8889 0.00451245 71.3663
