13540.4 26.4304 14.2625 33.8237 5.6094 16.1852 10.2264 19.8971 0.0105756 9.55612
13503.6 12.0968 39.0018 9.6098 4.96937 23.0282 26.4458 7.05731 0.0120021 8.63565
13668 2.04849 16.6166 5.37326 7.95925 4.19972 75.5044 7.77071 0.0381185 13.0718
13520.9 7.04405 14.5174 10.9291 30.7046 5.72457 0.21361 18.5155 0.0223201 8.2915
13463.4 26.6315 10.3425 48.2887 19.0248 4.73959 15.0032 16.2232 0.0320475 10.4353
13253.2 22.8434 58.7958 23.4206 31.654 12.9418 4.46835 8.93166 0.0398341 11.0183
13339.2 20.1511 30.5763 49.3399 21.9144 10.9074 7.85203 5.36832 0.0129708 9.15164
13502.9 16.2409 15.7224 35.6258 5.4139 37.8025 12.4592 25.1444 0.00792031 10.1556
13379.2 47.0983 46.0727 13.365 14.945 3.11792 9.66578 33.5454 0.0189111 12.681
13163.4 76.9535 16.6598 1.48725 5.80046 11.8106 30.2249 49.5189 0.0166159 15.4715
13334 22.6259 12.0114 43.4712 15.5506 13.3637 5.41792 12.0411 0.00547029 7.28754
13290.5 54.2952 25.7579 18.7378 9.38529 11.9275 9.30992 12.4822 0.101464 10.7429
13266.1 15.2712 49.1132 9.55354 2.13085 13.1293 60.0974 13.4156 0.117918 14.3611
13165.6 24.8503 40.4993 6.65033 6.13693 6.73123 54.848 5.28202 0.0241808 13.7182
13313.4 30.4386 57.9923 9.1631 2.80029 11.6907 37.0441 8.11436 0.0313155 11.2535
13340.2 39.947 74.5413 7.18366 6.72002 13.4528 3.59624 4.05008 0.0959747 13.5448
13405.4 14.5502 24.8317 16.2116 16.5263 25.2712 14.2063 22.2436 0.00720091 7.83349
13193 24.6607 28.2642 9.38438 35.7602 21.8141 6.70112 20.9275 0.016391 10.8989
13209 52.305 14.9014 6.28557 72.7085 7.30029 10.0124 8.46229 0.00497474 11.5715
13371.1 16.993 19.0028 52.6848 21.9958 35.5859 4.45676 10.527 0.0220441 10.9978
13155.8 58.8678 15.0102 32.168 0.422312 13.4662 6.35971 9.4892 0.00184729 10.0548
13613.4 3.399 32.3826 17.4675 11.9827 6.33251 1.6338 3.25385 0.0299729 8.59599
13556 21.6827 33.8489 14.4124 5.25258 12.9896 10.2958 3.55306 0.0377224 9.40729
13542.9 5.72129 31.4543 32.527 5.82502 10.6062 8.42985 4.77291 0.036097 8.45077
13535.6 18.1599 21.7384 7.06047 9.11597 0.449376 25.4615 10.1096 0.0023879 7.45334
13254.3 21.3903 15.4141 56.2571 23.3175 21.827 8.08431 16.86 0.00803765 10.027
13315.6 45.4728 14.571 18.3986 8.72674 12.2945 10.8205 11.5776 0.0135437 7.81929
13389.5 31.383 7.15808 17.2781 23.2952 5.20644 16.4715 41.7668 0.142428 12.2064
13459.6 36.9429 15.1899 12.0356 31.0691 4.45856 12.2085 24.8256 0.267619 13.0691
13411.7 8.86709 49.6975 33.0006 1.0701 11.7331 1.62616 8.86876 0.11712 10.8896
13394.6 6.65456 17.6622 16.1892 37.8614 7.55434 1.60322 5.07462 0.105219 8.98381
13346.3 19.5783 22.5253 50.6118 4.22413 9.19182 13.2473 0.944184 0.0375179 9.14696
13451.3 12.4575 26.9001 15.879 5.16836 17.4379 10.7814 0.44847 0.0144158 7.11558
13449.6 29.1941 4.3163 31.7295 4.89795 19.9035 7.03102 26.394 0.00137712 7.779
13367.3 7.25934 2.32486 71.2034 4.04278 9.80856 24.1552 4.27566 0.0139328 9.67257
13368.8 29.4066 5.05307 16.5024 6.57043 11.829 7.54046 8.76702 0.0129205 7.01901
13133.5 13.9331 46.6028 35.5989 2.39294 27.7861 6.683 14.634 0.0235873 12.2557
13296.1 33.6259 49.1444 26.1581 10.2673 9.65669 1.45657 5.52772 0.026255 9.56491
13468.5 9.65333 3.62458 49.0795 21.292 5.46674 6.95525 8.03797 0.0227705 7.85715
13469.2 34.0192 9.2607 13.7579 16.9137 2.07547 1.41915 19.0737 0.00595189 7.57414
13538.3 10.1564 9.66406 22.4911 19.1306 10.8893 15.9563 3.26376 0.0216535 6.9425
13388.3 7.40785 7.95274 22.7851 17.5513 3.52286 5.17267 40.184 0.0124932 9.27809
13452.5 10.454 28.7943 21.965 20.4148 13.6606 5.7493 13.3486 0.00257902 6.32341
13335.5 62.9558 10.6621 8.02639 14.7501 0.452032 9.41666 25.0292 0.0920124 12.2532
13263.6 43.4966 5.43917 25.5067 15.2142 10.962 10.0859 13.3278 0.000181308 7.1731
13218.5 22.2404 17.0234 28.8796 30.7028 18.2154 4.94339 7.08991 0.000641099 8.10917
13354.3 17.5535 16.5024 54.2839 25.202 18.2076 4.9706 7.29125 0.0140088 9.18614
13422.2 16.1284 2.46577 31.2292 24.3383 0.436933 12.5712 14.0658 0.031446 9.00627
13518.3 18.8755 1.61422 10.0193 25.0508 10.2888 11.7122 1.9844 0.102572 8.86106
13478.1 14.7023 30.4911 14.4427 15.2397 3.04105 8.13155 15.3553 0.144844 9.34665
13576.3 1.95913 10.7453 14.9513 15.0551 22.0285 31.2675 29.4933 0.016607 9.87225
13472.4 1.95913 3.29629 32.9237 24.0718 14.4307 29.1839 32.2055 0.111293 12.2324
13337.4 44.7288 48.5483 17.0368 24.8483 7.40218 6.54292 8.02039 0.0300891 11.553
13300.4 18.4728 32.869 45.4302 38.3015 14.7297 9.22645 8.52438 0.0134052 10.6153
13581.2 13.7631 15.0877 21.3088 3.2355 0.486225 38.4152 7.5466 0.0171608 9.65959
13503.6 2.23945 14.0721 26.5494 3.03173 15.9077 3.7344 9.24326 0.0429877 7.38881
13589.2 3.78023 16.6846 10.4582 16.8778 10.0573 7.01021 8.88865 0.00147174 5.23186
13345.6 28.6325 11.2469 4.77712 23.7054 14.8214 10.4601 6.74905 0.0391085 8.2661
13265.5 82.8309 8.04181 3.30593 10.4479 1.5098 39.2144 8.00006 0.0580539 13.6357
13336.8 56.7006 37.8068 9.89365 2.39823 3.80979 3.27852 6.72968 0.0441246 10.5011
13337.1 45.1631 2.03753 53.5683 2.30976 7.38619 3.27852 6.72968 0.0270974 9.9756
13355.3 17.7704 17.0317 33.7934 2.30976 10.5288 6.5869 0.874466 0.0474814 8.41633
13339.8 12.1323 16.8661 35.7557 13.4353 17.7992 28.4013 8.56893 0.0211393 8.83529
13352.3 20.0786 16.8584 38.2114 3.36139 13.4058 15.8992 6.61589 0.00733784 7.22537
13447.8 33.3274 5.35187 6.6067 36.1268 0.900725 2.26396 4.40161 0.078838 9.67854
13402.7 46.7659 7.88982 14.8674 32.8368 5.27599 6.7999 6.03948 0.0510606 9.50377
13399.4 38.7628 14.6191 26.1894 27.8169 4.73854 10.4521 11.112 0.0152947 8.80901
13497 31.5504 3.41906 12.1285 20.6748 3.0548 16.5296 4.58509 0.0180243 7.69504
13561.6 6.22635 9.07831 18.1746 18.173 23.3547 14.3093 28.6706 0.0108194 8.36841
13441.9 2.55986 8.22672 27.7682 14.6567 18.1241 17.6748 30.2085 0.000462782 7.63962
13278.1 9.62312 49.5602 50.3986 33.2077 54.8361 11.9781 31.2308 0.000884748 16.7147
13466.6 13.4034 17.3238 38.5627 5.48936 14.9141 14.2219 18.4952 0.00545611 7.43167
13570.1 35.0843 15.866 10.9691 13.0696 4.28357 10.0121 17.7737 0.0184756 9.54404
13492 8.42844 41.6828 6.3264 9.21844 31.6711 12.3637 37.1981 0.0115995 10.2876
13448.6 9.65976 23.331 3.8651 18.4159 34.7098 7.99306 38.1496 0.019884 9.93743
13538.2 13.612 12.9688 13.5158 19.8115 72.2698 2.18073 14.3235 0.0323424 12.796
13265.1 38.9814 12.7214 10.4958 57.7578 60.2216 4.25909 54.1808 0.0340183 18.4641
13442.1 0.956795 7.63886 7.16191 16.034 27.1806 36.1419 3.82726 0.0384039 10.4819
13496 5.74839 7.59073 25.1165 24.8557 29.4022 7.29418 22.6129 0.118622 10.4269
13526.2 12.5208 8.77905 3.40172 29.4411 0.789737 25.8164 14.9147 0.171531 11.0506
13564.7 15.2962 17.9471 3.40172 28.8591 8.72558 7.2113 47.6296 0.0314554 10.8927
13546.3 10.0639 3.87631 4.01125 21.4471 24.8732 19.2271 34.359 0.0780967 10.8811
13494.9 11.4569 4.87812 13.2198 16.4228 42.0524 7.46748 48.1763 0.0864849 12.3508
13603.6 0.351618 9.96041 7.38652 21.318 49.9784 22.1621 48.1763 0.0488568 15.1013
13549.2 3.42944 11.4431 28.0909 18.8042 18.6438 28.1414 17.483 0.300847 13.0313
13375.3 20.5487 20.3303 30.1698 27.1303 9.14182 9.6882 6.04641 0.0843012 8.97702
13494.4 15.0504 2.0153 50.8074 11.5176 10.0498 3.09923 10.7835 0.0230157 8.36615
13561.2 16.8288 4.09063 31.897 15.9151 12.1868 0.550108 14.2394 0.209492 11.5
13505.3 1.64745 25.7279 32.4645 9.17671 16.9752 13.1405 26.4432 0.0490193 9.83979
13494.1 4.3227 10.4419 30.0247 10.0967 62.8315 6.8697 4.44029 0.0364947 10.6304
13458.2 22.8394 22.7384 5.01276 6.40044 19.8821 35.2854 7.27585 0.0181698 8.69145
13187 46.9569 19.4875 65.1447 9.68256 19.7827 18.3168 9.66887 0.0103129 12.0295
12974.4 71.8422 10.61 59.8131 23.7988 10.3402 13.0607 29.6075 0.00421909 15.5255
13059.3 82.8392 5.06129 59.8212 29.7943 16.0004 28.7367 24.0555 0.0276008 17.8977
13161.7 33.8304 1.92662 49.0629 13.3006 19.4682 30.2952 29.4774 0.0800446 15.6659
13491.6 26.6166 15.0568 32.5322 25.5144 6.8675 3.15208 29.409 0.033825 10.9126
13335.4 62.1496 2.19614 31.8936 7.25665 33.781 1.84436 22.3951 0.0324885 12.7809
13388 19.2676 2.11137 32.4912 10.0921 29.2503 10.956 23.1782 0.0599395 10.2251
13473.4 11.8921 28.3081 14.7151 5.02422 22.089 14.8528 20.9428 0.0663307 9.05578
13303.3 18.1545 40.8305 18.215 1.70937 7.1231 18.2212 26.5453 0.098164 11.2467
13410.2 24.131 6.68076 14.1369 7.5852 21.623 2.52984 25.6105 0.00690333 7.67974
13376.3 53.6598 6.68076 35.8429 24.2205 3.32793 29.0857 17.2772 0.0440345 13.0131
13448.4 2.879 14.9755 45.3993 44.4615 26.5732 46.9626 12.2753 0.0156279 14.6331
13391.1 10.0148 3.94022 64.5626 1.11563 15.3599 18.354 11.2586 0.0162486 9.53413
13385.7 32.3671 11.4086 14.6438 19.9064 12.0958 8.73998 14.0587 0.0459717 8.10478
13221.1 21.9585 16.5998 17.1499 8.25185 51.7953 7.03709 17.8276 0.0133696 11.5831
13351.8 18.4133 35.6459 16.6622 18.7477 5.3772 17.6677 11.3209 0.00337152 6.88035
13226.5 12.3752 52.2332 28.5978 17.153 1.80574 24.7204 15.3948 0.0196553 10.5864
13360.7 18.48 2.76107 17.3233 51.3164 28.4927 12.9742 33.9435 0.00580402 11.3181
13398.7 23.3899 12.7824 17.3233 23.6135 10.9772 12.6401 5.33197 0.00337908 6.06201
13497.2 17.7795 8.50599 47.6394 28.158 14.8286 5.06995 4.8919 0.0033285 8.90419
13546.9 2.13419 17.3168 22.6208 30.3388 5.75396 8.68017 3.69694 0.00229766 6.4467
13551.4 2.47047 7.41328 6.63653 26.2676 16.6225 31.8461 5.00849 1.49454e-05 6.37023
13593.2 13.3908 2.45633 9.76318 10.898 21.9382 11.0346 8.32244 0.00208087 6.13059
13473.6 13.6455 2.45538 32.7259 8.16168 2.9012 21.3726 9.57292 0.0939524 9.06521
13136.2 15.2121 82.4753 12.1624 26.0566 15.4299 14.2029 1.15597 0.391283 17.076
13258 13.3013 8.08112 46.4776 14.8374 28.0274 5.0844 27.0475 0.22248 13.6885
13324.3 11.7685 15.5607 46.2169 1.6161 35.427 5.67307 20.6737 0.00578389 9.49141
13436.5 10.8761 5.85716 21.0409 77.6292 0.978908 11.9797 13.9543 0.0118056 11.2307
13246.6 16.2039 31.4768 0.552351 66.2606 16.5151 28.0603 9.13381 0.0154767 13.0212
13220.3 76.4832 19.9217 1.25508 23.723 17.503 37.2783 13.4456 0.0161219 13.6116
13207.5 50.6143 28.0696 19.1964 9.81387 16.773 35.4471 10.7359 0.0122639 10.8575
13180.9 42.2144 24.0175 46.5095 5.8046 5.65177 1.05835 20.3679 0.0153627 10.7344
13302.7 9.91709 9.70279 25.8051 24.8691 33.0646 39.7626 16.3116 0.00399013 11.1585
13302.3 10.8426 11.7285 18.2013 18.1468 38.9469 9.88181 11.7151 0.0153043 9.52155
13399.5 6.89492 24.8931 33.3722 26.3665 11.8339 15.5292 10.9976 0.0194628 8.11755
13426.9 11.3643 23.9424 13.1598 16.8769 12.4129 20.1404 22.0163 0.00635821 7.23892
13239.2 42.2424 15.4137 18.1387 26.6744 14.5486 11.0181 6.20773 0.00547709 8.18385
13321 22.8863 15.8727 22.0714 40.9354 10.7525 25.92 10.6384 0.0103567 9.15085
13388.3 14.1389 26.2057 22.0821 52.5302 10.9621 9.83357 45.6613 3.30303e-05 10.4514
13470.1 19.0105 26.3228 5.28648 18.032 13.6717 4.10133 11.3299 0.00437842 6.18554
13433.5 13.124 5.90598 1.40607 18.2578 11.4658 1.66866 31.7112 0.0101239 9.06217
13400.8 2.63485 38.665 39.9541 26.5968 15.3715 6.76757 15.0266 0.0199451 9.83119
13317.3 42.7739 10.5044 3.76288 18.9595 7.07992 23.8768 15.9743 0.0425622 10.0096
13418.9 6.48133 4.68668 37.3751 9.52366 14.9104 12.595 1.49287 0.0348583 7.89844
13433.5 9.30788 2.98784 36.909 0.302544 18.1928 0.728977 5.99705 0.0554273 9.81581
13407.6 8.80714 13.7316 23.8292 27.4887 8.52981 6.99412 2.08812 0.142284 8.89547
13295.3 33.4726 25.3118 25.1891 15.2849 10.51 4.70749 2.29083 0.0194043 7.83387
13306.9 5.02438 18.3385 58.6784 16.2023 22.8431 14.0572 24.3043 0.0274288 10.9933
13298.7 6.21638 28.1707 15.408 34.4123 5.88185 10.3479 43.4671 0.0038274 10.2798
13301.4 24.2915 0.787379 67.2465 0.961139 9.30943 7.01932 14.7753 0.0135958 10.5297
13193 20.1866 5.31458 67.8238 33.3685 19.8814 4.164 42.1408 0.0232336 14.6296
13420.6 28.6342 33.3814 1.88521 17.6976 33.9931 12.2849 11.6276 0.046991 10.5312
13482.6 11.68 15.4327 7.18652 11.1456 12.544 16.5014 15.8402 0.0556299 7.69989
13573.9 16.7932 3.9418 7.94372 26.6589 14.0007 2.01989 18.321 0.0609256 8.94051
13296.4 15.7646 18.9605 13.5517 33.5906 24.3944 3.86117 32.6854 0.0540283 11.2337
13370.1 12.0394 36.1706 10.4155 21.4773 10.3645 12.5018 51.8546 0.0361844 11.0581
13319.8 38.9649 30.5702 10.8999 4.50376 18.7819 6.90814 26.8614 0.00192194 8.24762
13319.8 62.5921 25.2265 9.38393 4.37667 12.7436 7.25893 24.5441 0.00817701 9.97789
13400.6 32.5657 2.52013 11.819 20.6016 9.34662 12.9004 34.4172 0.0491321 10.2196
13406 15.2276 21.2409 15.8699 15.2709 31.0073 24.2818 10.5447 0.0467314 9.23332
13324.7 21.5771 36.5062 14.748 8.78438 4.40845 2.75002 1.86214 0.00596945 6.72427
13384 8.43837 64.2254 5.10652 8.44106 8.63355 32.725 8.6491 0.0416048 10.1471
13379.9 14.9369 19.0439 25.6012 10.3473 4.22067 27.1693 8.99334 0.016636 7.64987
13481.3 4.95115 24.7078 18.7935 20.9447 13.3324 18.644 20.0378 0.0250923 8.20186
13584.8 12.4018 5.11437 18.3539 19.9806 8.43843 11.034 3.71 0.0161414 6.73636
13401.7 5.04977 30.0667 0.860711 32.7746 14.6816 20.9497 12.9173 0.0356693 9.59644
13533.8 23.1544 3.61656 0.532019 42.085 11.8971 16.2716 6.89901 0.0406032 10.139
13306.7 8.04899 54.8134 14.6386 8.89444 18.7204 19.1508 9.99005 0.00286912 7.82371
13308.3 48.2136 10.2806 0.646613 36.5399 14.4658 0.49344 14.4581 0.0355918 11.3428
13392 44.8542 13.2675 2.13062 9.33806 3.734 24.6875 15.9076 0.0908325 10.7592
13247.7 6.92908 37.5948 36.4819 4.50478 5.84067 16.2792 0.0301811 0.0440133 11.9057
13423.2 1.23761 31.2866 20.4638 18.7869 12.6062 15.3342 4.08775 0.0103046 7.21231
13328.9 20.1671 11.0982 37.802 57.7062 35.6178 14.4878 17.3482 0.00844912 13.1531
13322.8 21.7164 26.5552 35.2169 9.45687 55.1644 3.27297 3.90125 0.147921 12.9071
13379.5 25.6534 61.3423 3.33995 16.6129 7.71936 5.5733 17.4538 0.126711 11.7649
13556.4 10.1722 28.9187 14.3376 24.5715 21.6868 9.8033 4.25601 0.0521286 9.68797
13467.1 21.4024 8.24426 7.25947 28.331 14.0413 13.9866 24.3411 0.0270915 8.49096
13427.6 27.8158 8.95928 17.2195 21.607 9.50742 32.0556 5.97247 6.57985e-05 6.57954
13340.3 26.4672 19.0567 15.9586 19.2506 30.7444 39.1508 1.45468 0.00156637 9.43284
13392.4 11.2991 9.44065 17.3403 31.067 25.7869 18.0862 21.2938 0.00136964 7.97529
13320.6 24.755 13.3472 48.6652 30.0605 8.60434 10.7877 27.7385 0.00188377 9.44063
13449.7 22.1926 14.0846 37.33 17.3423 7.35561 7.57539 25.8933 0.0105818 8.43707
13476.3 34.3894 17.5922 19.0227 14.4065 12.622 9.43546 11.8601 0.0136166 8.13274
13514.6 22.0453 37.7499 12.1035 8.83075 11.5945 1.93528 10.2376 0.00972851 8.13947
13499.7 10.0415 23.993 11.7684 8.58736 11.7944 2.97999 12.6173 0.00677657 5.71744
13353.2 1.94521 20.1806 29.8992 15.3063 4.26608 13.2475 20.2972 0.000857965 7.45709
13360.2 12.0692 48.6477 28.5172 14.1254 38.4096 32.1202 33.9804 0.000857965 12.711
13384.4 9.9071 46.6564 27.8042 19.3121 6.1541 7.02718 16.1384 0.0241033 8.65536
13268.1 52.0384 26.8455 30.3203 20.5107 3.51874 1.87376 14.6279 0.0241033 10.4699
13191.5 42.2506 45.9042 17.0686 24.3479 2.32495 12.2978 8.92249 0.0241033 10.2914
13212.3 28.2443 28.0064 50.132 13.651 4.2358 17.4549 8.56409 0.0624722 10.9072
13433.5 13.7154 30.4127 36.2425 28.1072 10.6723 2.53751 17.7228 0.0407106 10.1746
13515.1 9.15185 8.78026 13.0214 45.6896 25.7525 26.3526 19.8664 0.0274994 11.0029
13285.4 27.6421 38.5887 13.3352 14.8903 18.7838 38.1672 22.5253 0.00599201 10.4881
13376.3 29.9568 32.4009 3.0217 21.1732 16.462 7.89621 13.5973 0.0122882 8.01315
13408.2 25.7109 22.6483 28.2947 11.2785 45.644 20.8529 10.7357 0.00728077 10.4749
13335.4 31.8965 30.5905 1.59183 8.96153 4.46921 8.59034 10.613 0.00728077 7.49419
13343.1 31.5662 30.1616 36.3989 22.9035 4.84122 12.0783 22.5454 0.014292 10.1317
13323.1 9.36247 19.0348 16.6238 13.1833 14.1507 28.0745 17.2176 0.152329 11.4611
13610.9 4.92115 7.10457 9.9048 10.3494 14.6439 44.5288 35.7795 0.238955 13.923
13721.2 6.76538 2.56102 9.33814 3.93641 35.4861 40.9497 0.337707 0.09877 14.5053
13605.4 8.11164 16.6301 8.65007 18.282 10.1693 1.17735 3.23838 0.11773 8.83825
13470.2 11.5605 9.75533 9.5873 17.0897 12.5864 31.5648 16.2505 0.0577498 8.93627
13336.2 15.0495 12.0768 28.9778 30.5092 16.6092 13.1951 30.8272 0.120134 11.5151
13489.2 12.1968 18.3614 14.0787 22.4743 12.752 6.81033 13.1562 0.0305298 7.0227
13299.1 36.3376 22.3722 25.6801 38.8912 13.6742 19.3297 21.7035 0.0159693 11.0319
13338.4 3.38259 9.96213 33.4431 29.9899 7.28647 15.5994 17.3373 0.000103679 7.50141
13336.1 10.518 33.921 28.7215 40.8126 6.9361 19.7393 46.1811 0.00146373 11.2588
13364.9 16.6222 30.2471 55.4354 52.4195 8.84207 20.6382 19.1425 0.0136592 15.1725
13444.6 1.20699 39.3371 17.0921 20.6291 2.9347 38.571 21.7775 0.0122217 10.2699
13493.9 20.2241 7.32081 9.53326 33.5712 33.9599 33.1565 11.0018 0.052986 11.585
13256.6 30.1766 6.0671 45.0499 6.6324 23.1827 17.9035 0.609739 0.132338 12.4011
13288.6 26.2868 7.00062 37.7374 22.463 6.28659 8.65705 5.82169 0.181197 10.885
13289.4 23.5774 8.81861 23.9265 10.6947 6.31306 46.0384 23.2586 0.110742 13.2695
13332.4 24.3531 7.93186 21.1572 13.9779 11.8597 7.60104 8.2022 0.25547 10.9819
13323.6 15.3214 7.49049 33.5752 8.31022 10.5108 10.8613 5.5832 0.0371131 8.30232
13410.2 20.2958 1.22378 23.7829 6.93716 13.891 43.6911 7.36102 0.0100191 9.42347
13399.7 5.65506 22.1926 35.6283 6.05079 3.40238 22.5189 11.0574 0.180849 10.3328
13325 15.7293 14.2085 27.7461 3.75131 25.4235 19.6028 8.21045 0.194506 11.3634
13521.4 6.26947 17.3297 18.184 35.3045 6.4297 28.2119 11.9414 0.00976916 8.41226
13424.1 7.27121 7.98456 31.1144 19.1046 6.79971 4.47087 4.46062 0.102637 8.1322
13516.7 7.33304 5.81223 42.7411 18.5162 9.84904 6.38295 5.27013 0.143449 9.40985
13314.4 14.6598 19.0185 24.5418 22.2826 49.9296 8.79532 2.62791 0.0471654 10.6497
13423.4 25.6326 26.9777 41.028 13.5577 16.1657 81.7462 13.4287 0.0275336 16.697
13369.6 13.2917 9.18105 11.9855 36.1312 16.5994 17.6297 13.2114 0.0379884 8.94297
13324 12.8219 44.1376 7.3233 52.3863 7.67602 11.4841 5.77657 0.185947 12.0338
13277.7 14.5293 23.2363 3.16682 29.5255 19.6234 26.7742 22.1953 0.149844 13.2663
13486.8 14.7523 41.7047 6.53833 27.2159 18.8398 30.0778 36.7498 0.0975623 14.3308
13362.2 18.031 48.858 3.68879 21.9942 4.16119 34.5267 36.3476 0.0058769 11.0576
13617.6 17.4966 19.9531 10.581 3.79454 38.6006 11.8259 11.6263 0.055223 11.1563
13435.4 13.9375 32.8437 15.0707 11.4339 1.07466 16.456 3.225 0.135666 9.40047
13387.6 7.0716 39.9199 17.9466 2.74845 18.8987 25.7721 0.713632 0.158554 11.1871
13372.3 8.89996 52.7511 12.2387 27.4955 15.7939 13.0612 8.56634 0.152296 11.0044
13302.6 6.91612 55.3865 17.4293 5.25212 18.1779 7.53274 10.8293 0.127308 10.266
13238.9 10.0118 58.1856 40.1274 31.2143 6.89266 8.84413 36.5911 0.137671 14.8258
13256.3 9.50955 48.0184 23.7649 22.5937 57.3077 18.9211 18.4135 0.144305 15.4394
13415.9 5.3868 16.1706 30.372 34.6603 20.8233 14.8925 13.9152 0.0690587 9.91962
13263.3 15.8414 7.30668 54.1797 20.0872 4.38476 10.4249 14.0056 0.0244392 9.66739
13570.7 10.362 15.2377 12.3761 12.3898 4.69917 18.856 5.50722 0.0526207 7.46577
13583.5 7.55745 16.4068 12.8724 5.14488 13.2537 16.3913 14.3242 0.0176859 6.98658
13670.8 7.27319 3.88738 21.0682 41.2804 17.9022 3.14455 3.19945 0.00100682 9.67635
13515.2 6.65991 15.9888 45.8063 20.1256 12.4657 13.3169 10.1862 0.0286971 9.17719
13517.5 8.70878 2.93799 35.7372 1.3288 7.56306 21.799 5.17707 0.00552399 7.13891
13477.7 16.1709 20.2491 14.6753 6.28015 29.4874 11.8462 11.0905 0.024697 7.64366
13452.2 2.18886 20.2406 34.9571 29.8933 5.51927 4.35562 15.1297 0.129118 10.0576
13300.4 34.8007 19.6475 34.4479 2.48454 13.2507 23.546 4.36761 0.105337 10.8001
13312.1 26.4906 23.2486 20.6667 22.4654 4.54141 0.892034 26.9533 0.0463884 9.95393
13446.3 29.6007 5.43205 16.8077 37.2024 11.1718 0.943448 15.1919 0.0685101 9.96891
13436.5 19.9185 36.2552 5.75647 8.60394 8.80363 29.0449 5.11497 0.0701481 9.2179
13402.8 25.0869 16.9313 23.4298 6.72797 25.157 7.78309 2.03602 0.0419814 8.07947
13454.3 33.0708 6.04895 15.5987 27.8747 30.5784 16.2871 6.82449 0.00178824 8.48307
13129.3 53.0168 53.1748 16.3189 3.79235 16.1151 18.1758 18.4064 0.00104124 10.7885
13274.6 63.7113 11.0732 8.80613 5.81719 38.0125 8.25443 15.567 0.00140395 9.55249
13251 57.729 7.85462 16.3466 9.22246 11.176 28.0236 7.69922 6.56232e-05 8.07923
13567 26.8908 14.4087 1.88936 1.99335 11.26 3.42013 9.67403 0.0016056 6.78605
13234.4 28.4707 23.7883 10.4788 41.7614 4.56557 51.1929 12.2432 0.0569159 13.3816
13389 13.7547 32.6243 17.8082 5.29074 8.12373 28.5715 26.4871 0.129676 11.0342
13316.6 14.4935 43.7969 7.72969 4.91651 8.59461 22.65 10.5148 0.0672313 9.54313
13437 31.4584 48.3265 13.6436 5.33272 8.92558 4.44788 14.5305 0.233784 12.5703
13576.7 21.5691 18.4776 2.71171 1.63416 5.6458 10.6456 1.95576 0.162149 10.0708
13446.8 19.5694 23.6396 18.1743 5.89371 54.5833 3.49281 7.01482 0.0201613 9.67337
13481.3 19.8306 1.19165 19.6773 24.4473 11.8236 11.7677 4.77364 0.0065805 6.85011
13384 28.2539 6.11841 11.9175 7.99321 46.0143 3.68843 33.3432 0.00750791 10.028
13502.3 2.93369 22.1299 10.5895 0.157616 33.1085 22.4212 4.89966 0.00148852 8.38155
13514.7 5.4562 33.85 7.72398 4.12356 9.02766 17.7748 4.85717 0.00289375 5.95291
13504.1 19.4203 10.5714 29.0803 17.5791 10.3214 10.1193 11.4225 0.00315742 6.5419
13371 14.9509 9.57313 40.5556 24.1212 40.7386 12.1421 15.7022 0.000201347 8.75033
13412.8 19.5721 4.86651 73.1115 26.3832 2.30933 4.91233 22.0207 0.0196371 11.9172
13506.1 7.14612 20.5695 3.6942 13.1306 11.04 17.9296 28.2122 0.0272841 8.27646
13604.7 14.8053 3.50129 13.246 13.1103 7.5985 9.01878 9.44382 0.056806 7.62347
13402.6 19.4817 6.05094 25.4805 43.1193 32.4842 9.09128 19.184 0.138392 12.474
13395.5 3.51884 17.7212 56.8046 23.486 12.1159 3.8297 26.4344 0.178487 12.4634
13277.5 0.970203 17.0146 26.8733 14.3002 13.9083 3.91145 31.5124 0.102742 13.1803
13445 27.4855 12.6309 18.5011 6.71792 14.2026 21.5346 16.0573 0.0655377 8.96761
13155.6 49.5992 34.0708 11.3529 11.433 14.094 18.4014 16.851 0.139937 13.2866
13318.8 33.1027 38.5511 25.0737 1.81014 14.1597 12.2812 17.3814 0.0655199 10.4725
13321.7 8.90522 46.6867 24.1617 13.4701 9.85114 16.3083 2.90623 0.0413194 8.6184
13422.9 15.9782 30.2016 18.0709 6.57313 4.28125 1.04767 1.02406 0.00883436 6.73626
13270.6 33.5374 39.9723 2.39817 48.1717 8.33076 2.8859 10.4478 0.0050908 9.58739
13329.5 44.2745 13.0999 44.4944 4.73716 33.5627 15.2369 26.2926 0.12084 14.051
13299 44.9132 50.6593 5.03935 17.2507 7.16163 18.4959 10.3242 0.0490476 11.0791
13310.4 57.5874 22.0377 2.78363 5.13487 28.4747 11.2112 10.221 0.0327032 10.3875
13271.4 18.2118 8.92591 22.0877 17.6974 20.4574 3.9645 15.6781 0.03381 9.80061
13602.5 4.15988 12.3375 14.6757 4.10996 17.2709 27.4874 31.2754 0.0289515 9.71489
13453.4 13.2059 8.89836 1.603 24.2907 42.4265 22.5951 9.22043 0.0469729 10.3612
13515.1 2.26548 10.7241 20.3399 10.7295 27.2833 13.2515 13.8912 0.139571 9.5302
13492.2 20.4993 6.82942 28.5959 4.63216 53.6251 12.3835 23.0023 0.018819 11.1199
13227 34.222 14.1243 31.8199 10.4255 33.6487 1.60853 23.5651 0.00696087 10.3699
13366.5 24.8815 51.7958 3.00551 30.0897 2.43478 4.38956 30.2403 0.00968649 10.3786
13164 30.9946 45.2506 46.7745 28.7513 3.00751 11.9221 0.468413 0.00402638 11.5126
13321.4 7.95541 49.4998 41.487 18.8181 4.68297 56.1362 2.05764 0.0470172 13.7043
13355.1 2.71655 37.4799 19.6779 22.394 7.98405 8.14052 6.25045 0.184987 10.0322
13337.3 36.2338 47.9262 4.95473 4.68122 20.6316 20.4771 5.32914 0.375204 14.4291
13266.1 0.852363 38.1434 11.0158 8.35049 3.56702 2.21589 30.7367 0.442418 17.0886
13434.1 22.7431 44.7758 9.04418 28.4163 10.1384 20.4992 8.40785 0.0085805 9.44993
13414 23.9004 22.4952 29.5639 11.0319 9.52703 23.7949 17.38 0.0832975 10.0238
13317.7 6.85965 51.2157 25.501 10.3091 7.27604 1.10344 6.79996 0.0094138 7.67219
13462.8 15.7237 3.01241 12.7009 8.157 10.1178 1.86959 36.7426 0.0796515 10.1158
13411.8 29.1875 24.0191 22.4319 1.66699 5.33354 23.7529 35.8335 0.0740986 11.5813
13394.1 15.5548 6.22288 39.3057 20.741 4.28083 13.761 17.6644 0.00103765 6.82792
13274.4 31.1205 19.4895 35.569 43.5088 3.87079 4.76468 25.9352 0.0253127 11.1524
13265 62.0697 40.903 9.73005 9.1426 12.8509 9.08291 24.3044 0.0115195 11.1102
13405.8 50.7809 4.54718 17.6279 23.2364 15.1032 9.15327 22.0995 0.0160503 9.93052
13294.8 0.13755 6.32925 63.5455 16.0253 37.2838 7.56473 6.77685 0.0116465 12.2213
13348.2 7.89928 12.0643 61.7733 2.61823 8.47856 4.54436 39.4903 0.039366 11.1265
13349.2 13.6763 44.5435 35.0389 9.76213 16.2608 4.0799 1.29212 0.157484 10.9373
13454.8 2.94075 52.4903 25.6205 3.45259 9.99886 3.92434 3.62984 0.00775175 7.69383
13473.6 2.68085 17.4642 45.4513 16.2882 9.96115 14.5261 37.1729 0.00775175 9.6184
13402.9 6.94446 20.1465 12.1265 24.5752 16.6559 23.5557 34.4051 0.10588 11.2414
13366.8 31.118 7.5836 2.77491 7.07431 16.9153 8.56003 5.89767 0.125788 10.0382
13289.7 46.0636 15.6783 6.21451 10.4908 17.8848 18.8308 4.35191 0.0239826 8.92981
13329.8 40.2633 23.1899 8.74261 10.6457 19.0459 8.76838 16.7753 0.0865992 9.82298
13335 26.5917 16.7385 1.05768 18.0319 33.2551 3.16571 15.7381 0.0253194 9.73427
13366.3 14.3361 25.0628 9.70436 21.8148 44.0863 3.00411 11.869 0.0671881 10.0467
13413.8 11.5259 33.8989 9.09797 20.1005 41.4035 6.32008 10.3457 0.109858 10.4842
13418.9 12.8506 22.9115 42.728 1.23297 25.6554 15.7092 9.77043 0.0169962 9.00932
13218.5 13.1151 37.9238 49.0053 2.08606 5.42213 5.84196 12.1239 0.0924338 11.2472
13323.6 19.5202 50.0648 6.97189 2.10104 15.2242 9.76208 4.61292 0.0148892 7.91521
13411.1 18.2017 33.2027 8.02615 0.753092 12.0194 9.76208 8.26192 0.0601457 8.47825
13451.9 5.94001 7.42555 17.669 8.631 9.64626 7.30858 3.70988 0.033233 6.75585
13624.3 4.35261 2.90109 16.3678 34.5994 24.371 1.80531 1.90112 0.0826072 10.5644
13356.3 50.9431 7.17935 13.5488 27.7005 16.3845 0.28536 17.0396 0.318672 14.3899
13489.7 20.2104 6.73656 19.8054 5.3559 39.1005 7.64324 1.2691 0.385885 12.7769
13575.1 0.186195 9.91527 26.3529 2.18535 48.1151 5.78159 8.93901 0.141742 12.4666
13401.7 9.07213 30.4992 38.9867 13.1536 27.685 7.76916 7.19264 0.19309 11.2959
13407.5 9.47859 53.916 3.13875 9.52259 31.0395 8.82338 15.1154 0.22142 12.1257
13374.1 9.98404 25.6153 4.08056 48.3213 5.95448 7.72838 4.70414 0.0102354 7.64342
13500 8.30091 8.48084 2.78425 45.7592 13.5336 6.90706 8.75357 0.00466659 6.95444
13475.9 22.7759 7.18022 4.68222 33.4946 15.3986 7.3041 6.96924 0.0127707 7.11552
13450.4 2.79208 30.4418 49.7315 26.013 5.65576 7.01754 0.43932 0.0338746 10.6959
13455 35.3016 26.7751 10.6771 24.5206 3.67459 10.0745 20.9629 0.0971414 11.0385
13273 66.2584 36.343 14.7575 30.2701 4.31042 10.1104 16.3038 0.0919484 14.0008
13249.1 80.0703 11.1374 5.2711 27.4887 5.17256 10.746 20.2465 0.0453042 12.2181
13477.1 1.42302 3.88877 21.7617 34.525 6.81236 13.6739 6.62823 0.0157841 7.61444
13466.4 22.6211 17.1597 33.0866 5.05614 29.7532 14.3633 11.566 0.0569483 10.0141
13480.6 17.3792 9.55892 9.767 33.7212 11.9139 40.8424 7.09936 0.0116668 8.99563
13484.8 1.20608 13.8901 11.3864 16.5868 33.8211 52.2855 7.2429 0.00993831 10.6819
13476.6 1.78496 21.732 21.0502 9.69385 20.0624 18.2947 1.63185 0.0270808 7.79095
13424.4 7.91548 21.2301 15.6119 29.7643 31.9481 16.8856 5.10447 0.169135 10.8458
13456.4 9.88396 9.62735 34.1124 10.6872 28.0737 9.27814 49.3796 0.155514 12.8239
13422.9 5.29237 34.1444 2.88798 12.3327 30.5359 7.99066 19.3799 0.109 10.0947
13422.9 5.29237 48.2586 4.31865 15.7976 26.2982 8.5291 19.3799 0.0156366 8.66021
13405.2 7.80637 20.1967 14.7496 43.0518 23.5097 11.784 9.10305 0.0107542 8.19879
13317.3 2.1697 63.7442 3.635 3.3694 24.0675 9.53453 11.4048 0.065318 10.5723
13416.7 5.12272 48.3307 37.4721 5.55416 19.8971 6.32332 32.9504 0.00547863 10.1789
13380.3 8.48926 18.6108 26.3499 13.0743 12.0018 10.2004 13.4397 0.0323478 7.44018
13404.5 14.8772 29.5256 13.159 8.03088 20.8825 33.7056 23.7397 0.0392269 10.0861
13528 11.1995 22.3194 23.6002 11.8929 10.7258 33.2092 2.28325 0.00855935 8.17567
13377 13.1512 14.1741 29.8054 11.1248 3.80207 24.5456 5.62005 0.0046998 6.87313
13286.7 15.1169 24.5651 15.8001 24.5345 16.2143 21.6904 34.6967 0.0106357 10.388
13220.5 12.4438 40.942 61.7058 4.86721 2.56216 23.0069 2.02369 0.00900446 10.6374
13232.2 44.2006 16.5645 36.7532 9.39258 12.6426 8.53708 0.481623 0.013249 9.29816
13693.3 15.4568 16.1675 15.651 0.871684 14.0015 10.5707 3.47098 0.0328929 10.4057
13289.3 5.48979 66.8411 11.2559 13.9214 27.6201 12.0578 4.71459 0.0626807 10.4881
13229.4 4.93352 69.8417 13.0751 7.18401 33.6227 12.0578 16.2172 0.00122572 9.82885
13275.7 3.157 69.8417 11.338 18.2799 12.5049 29.6706 14.3031 0.0218253 10.8826
13292.5 4.79634 58.2891 11.2388 13.6863 0.0965345 23.438 11.1358 0.0335546 11.1886
13268.2 22.8569 13.668 11.536 40.1203 12.0508 13.5795 16.7096 0.0124102 9.33152
13461.1 17.3013 7.49581 5.22997 31.6463 43.2858 10.1875 1.97209 0.0194647 9.18286
13273.6 13.5858 9.07859 13.6698 32.707 44.439 14.1928 8.37673 0.0339151 11.4663
13052.9 10.7902 108.801 4.77869 9.40385 11.4368 16.6599 5.70686 0.000731059 12.2224
13325.3 7.16271 43.9528 32.8422 10.452 10.2517 35.2694 5.90052 0.000731059 8.25409
13344.1 9.45476 6.4304 38.8784 31.139 10.6504 24.093 13.4748 0.00550367 8.72326
13301.1 26.5037 34.2722 14.7618 34.6143 14.6982 43.3824 4.35168 0.11444 13.0343
13217.2 40.6631 33.827 19.3745 31.6339 2.00195 25.3086 2.62918 0.202591 13.7094
13352.4 23.2171 12.1091 22.8766 2.45728 14.4273 29.1728 14.686 0.181935 11.6407
13516.1 6.18385 1.49973 23.4069 10.8065 25.8693 5.29714 30.5836 0.0162516 8.7192
13471.7 19.6344 3.91318 3.79119 35.2371 21.3908 22.8943 44.1783 0.00198634 10.4899
13316 20.5777 22.115 21.5624 7.22403 14.948 21.1925 9.3752 0.00198634 7.0524
13297.3 21.5048 39.7669 45.3031 11.5991 22.7922 3.64206 11.7505 0.00662845 9.39465
13322.6 13.5404 44.6208 17.2924 17.634 7.96908 2.15958 5.23389 0.0529512 8.33644
13348.1 17.5537 35.9328 5.69541 21.2052 45.9868 18.8882 13.6439 0.0875347 11.8545
13267.2 46.4628 35.8738 29.824 14.5406 1.59412 12.9353 5.24629 0.0363121 10.4425
13437.3 19.2835 15.1569 15.3341 5.1304 35.386 32.0571 8.21077 0.0370726 9.63904
13358.2 18.2885 33.8523 6.59465 17.0741 10.836 1.58866 6.65025 0.0256236 7.3861
13420.9 5.96072 31.0408 5.62618 12.6392 20.0065 8.94067 8.20383 0.0402426 7.47215
13525.7 36.2016 6.88862 10.2516 1.96771 4.54951 14.9944 10.9299 0.0132906 7.92694
13635.5 8.66579 11.6412 30.5391 9.25007 5.81918 8.27347 12.3746 0.0136743 7.87025
13476 19.6333 7.68976 28.6376 12.8001 3.57592 5.13743 3.6552 0.00344904 5.63098
13318.7 36.0858 22.9626 36.2295 33.5026 18.8828 3.97418 21.8191 0.0101813 11.0185
13286 37.3357 18.039 11.9712 20.9537 38.1425 18.0673 11.3547 0.00597406 9.46214
13133.2 49.7724 25.4209 14.5955 32.3585 38.4204 23.5367 4.0716 0.0535306 13.9269
13148 53.3322 1.04988 35.9447 53.4865 5.70223 17.1633 11.5109 0.0587621 14.5225
13205.6 1.72237 12.8457 7.57267 99.2698 5.32173 21.8348 15.178 0.201921 17.8003
13276.7 10.6553 50.8564 12.9143 25.8393 14.4758 34.8555 14.2823 0.0699796 11.7284
13414.9 28.8419 8.81136 19.4432 26.8908 21.0159 20.7273 15.6856 0.236942 12.1573
13316.1 21.8037 39.0447 19.311 7.07668 47.686 10.9445 1.17895 0.0317617 10.6159
13300.3 5.98967 10.3173 24.9276 37.2656 43.2196 19.1966 4.56157 0.0576185 12.0991
13357.2 35.6101 14.9878 11.156 38.2677 5.36099 17.9649 10.5348 0.0288716 9.06609
13354.7 15.3459 23.7583 15.545 20.9132 13.3931 7.72883 11.4643 0.00462454 6.36273
13251.1 55.4715 36.0795 28.7569 20.4862 3.42104 4.68926 4.69623 0.00742124 10.1691
13102.2 29.1685 57.2054 9.38349 38.5508 11.4572 45.4894 8.55777 0.000371095 12.8131
13164 29.4481 42.6009 10.0199 1.6796 17.2965 17.587 0.594974 0.000371095 10.1148
13398.1 10.2042 34.7535 10.9552 10.0169 34.6795 20.0743 5.45287 0.0320933 8.78872
13421.6 33.3097 17.5356 23.256 4.82067 20.3356 7.53634 38.1654 0.00416591 9.22099
13377 34.5407 14.2615 27.1631 7.25443 11.2642 10.1702 2.69522 0.00425351 6.58661
13404.9 24.2797 12.6037 22.7724 19.4775 38.1957 6.9568 8.06331 0.0525033 9.43169
13313.9 25.6101 39.3257 32.8258 17.2197 28.566 23.1153 2.86714 0.0435358 11.6389
13244.4 28.1012 31.348 36.1725 17.6469 48.5419 25.4311 7.32088 0.00678301 12.1896
13371 21.1197 38.8949 16.8729 18.0794 9.38028 3.84273 11.2663 0.000593471 6.15992
13229.9 13.4837 27.8174 40.1573 13.3666 24.28 8.63426 9.24258 0.0465704 10.1695
13356.5 35.821 15.3337 36.8975 6.27535 14.8384 9.79935 7.90613 0.0211737 8.21395
13504.5 50.1175 6.62367 17.4193 2.60357 2.71354 18.7868 41.8011 0.00497663 11.8294
13326.5 55.5643 4.67402 37.2454 3.74759 2.71354 23.3072 27.2633 0.00497663 10.7987
13260.8 24.2279 29.0228 21.4469 5.47625 1.52127 23.1038 21.8169 0.0627686 11.2345
13395.3 15.4827 15.5586 24.7654 13.1574 27.1378 6.98386 20.0429 0.0373796 8.47942
13302.8 22.4256 17.8849 44.9851 14.5157 6.33423 21.2404 8.64626 0.0319331 9.07395
13187.2 67.0737 44.2936 28.8743 17.9704 5.59269 0.735472 5.35622 0.029742 13.1165
13224.7 38.1076 46.9848 40.6636 11.5729 9.7949 0.735472 25.0529 0.0290543 12.3283
13465.3 11.5524 40.8108 8.93882 29.8528 3.23694 7.07949 24.0271 0.0254871 9.15145
13446.2 7.41075 63.455 3.05107 15.3904 6.63627 4.60396 13.7224 0.025172 8.94376
13285.7 12.647 48.6338 36.1616 31.6146 4.6177 16.8014 14.7087 0.0248661 10.7318
13230.1 4.34423 7.64363 84.9017 34.3262 9.94907 40.7836 4.55911 0.11192 16.1458
13428.7 25.4645 24.9063 7.35998 8.64401 45.8056 6.4279 24.8548 0.0212998 10.0693
13549.2 23.6881 28.9 28.3272 15.1457 23.6278 9.83527 23.2912 0.00490868 11.927
13415 23.8945 41.348 5.30145 15.8809 57.3027 4.91873 9.3821 0.0285203 11.8962
13567.1 15.855 14.5743 0.965125 14.4849 30.211 21.5058 17.7837 0.0970259 11.1541
13375.1 39.396 14.2893 21.4795 23.9486 8.46663 19.0297 17.909 0.0962489 10.6984
13314.9 29.8421 6.19223 30.0747 19.6273 11.044 25.7715 14.0049 0.0718718 10.3708
13203.6 18.9279 19.1369 37.1187 9.34521 49.35 8.29696 15.679 0.0380583 12.3163
13242.4 28.5524 5.54619 31.3378 57.968 26.1659 6.89682 7.01365 0.180135 14.0842
13209.5 26.9764 18.9779 4.45268 29.6187 39.889 17.002 14.5032 0.2785 15.5697
13148.4 51.7192 47.176 3.16478 9.72251 57.1245 32.7881 7.34408 0.0446213 15.7746
13433.7 18.0714 20.9305 13.9148 7.38149 61.1029 3.07192 10.0216 0.0976524 11.3189
13415.1 9.99439 30.7076 1.92768 51.5219 43.8375 2.03053 8.82211 0.0902308 13.0771
13189.5 8.66338 25.2161 44.4574 76.999 7.25091 6.82008 18.8868 0.0376045 14.7582
13292.4 12.5257 24.1619 9.86992 33.2904 25.7267 29.9325 24.6271 0.0512527 12.1029
13498.3 32.1118 18.2929 12.1307 0.434722 33.2566 13.4073 26.074 0.000744862 9.86014
13339.8 35.6979 4.92784 17.3313 34.2445 13.3739 8.04563 16.1575 0.149098 10.9932
13337.9 8.1218 55.716 24.3695 11.8051 15.0617 23.5155 7.84626 0.0237869 9.36834
13471.4 3.15401 50.9697 17.5263 10.9999 10.6405 1.48389 3.43109 0.00848215 7.56793
13471.4 3.15401 52.6407 15.4327 10.1618 10.6405 4.00671 6.99114 0.00522189 7.07013
13546.9 15.284 12.2444 23.5722 10.783 43.8199 3.0114 10.5476 0.00522189 8.69246
13368.6 12.578 22.9204 39.2789 12.2144 8.95797 18.368 26.0793 0.0451679 9.57036
13569.7 16.1575 28.4252 10.4383 14.2583 13.5682 4.76008 5.52004 0.0973901 9.36281
13452.5 13.5633 7.0471 41.2961 12.4969 19.254 10.0176 5.88966 0.057078 8.29382
13447.9 10.2179 15.6264 12.8949 5.36688 15.8926 3.17 11.6132 0.411356 11.4774
13325.6 18.6621 22.0502 25.8578 28.8055 5.73184 1.11502 12.3339 0.237469 11.396
13402.6 15.0006 19.9344 75.2343 6.13837 5.85712 1.9497 13.6483 0.0254614 10.6704
13206.2 7.96885 22.1502 44.3552 14.7108 6.40542 7.97734 15.6859 0.174313 12.716
13344.3 4.42923 20.5564 30.7174 13.2254 10.5313 14.8527 4.36157 0.00640645 7.07213
13472.2 22.2145 27.5064 11.356 27.1473 7.48186 3.05341 33.6644 0.0149126 9.37504
13453.4 21.6082 51.9807 4.25881 3.37785 5.03028 11.0884 8.05176 0.00192437 7.39146
13358.8 46.4934 4.45898 27.9656 8.87154 14.6955 23.7157 15.6319 0.000352717 8.10963
13439 54.3481 7.54992 18.3398 7.84491 23.7952 31.7225 12.5862 0.0102925 11.3901
13347.1 49.6102 19.8715 10.0095 21.7247 20.7158 78.0628 6.98594 0.0361844 15.5261
13453.7 34.1241 18.3933 12.6124 20.1693 26.4071 18.951 8.25434 0.00977125 9.08058
13535.4 28.079 4.47951 8.775 31.9339 24.7483 0.517632 78.1208 0.0574178 16.4669
13192.3 38.3647 2.15898 21.6836 51.6926 18.9055 6.7412 35.8246 0.00817432 13.1382
13194 58.5164 9.42554 2.34332 30.7254 23.8483 6.84817 14.0841 0.00784419 10.6551
13150.8 90.2589 3.35738 15.2276 18.2105 3.50185 3.38595 16.4695 0.000136552 10.168
13285.9 48.0307 3.48202 29.4409 15.6165 0.155479 2.92587 25.9595 0.00633508 10.6171
13312.3 41.7384 31.5448 11.1585 14.0401 7.3076 5.95912 15.6324 0.0184584 8.29324
13383.5 10.7604 39.7586 12.384 12.1669 4.33312 30.6807 16.3508 0.0820968 9.91816
13353.7 17.2537 48.3565 12.1007 5.84527 1.03167 4.47458 39.1291 0.131583 12.136
13233.4 46.697 10.863 29.8143 5.9568 21.4875 25.1049 39.594 0.172348 15.2158
13146.2 66.8887 7.34958 19.9745 17.8837 29.0411 16.9859 12.2365 0.0124192 11.5889
13364.1 29.7692 16.1356 15.3515 17.0158 10.8771 28.8456 14.3669 0.0634571 9.59793
13325.4 41.7139 34.9595 8.71222 9.98229 16.2378 32.4037 2.70484 0.0887512 11.4056
13512.5 22.9599 11.2959 11.2826 0.462221 25.9187 44.3221 11.1307 0.061087 11.7761
13418.6 10.827 15.1947 18.9759 7.38251 7.09584 22.0114 0.856931 0.040296 7.95952
13367.4 4.94996 12.2445 25.362 19.2863 15.2233 2.12919 3.16909 0.00760189 7.03014
13415.8 12.3946 3.24082 23.0086 26.3486 4.35991 11.1981 1.53685 0.0749125 8.58223
13393.1 6.39485 19.9305 18.8277 11.3854 29.0688 29.3953 16.9577 0.000223086 7.63668
13340.4 45.7271 17.4605 9.06 3.09063 30.5532 32.2551 45.2292 0.0260326 13.4825
13143.2 33.886 39.652 19.3255 8.31985 15.9619 10.8263 15.6032 0.0928849 12.2669
13106.7 40.036 46.0828 16.9402 28.0034 13.0867 3.05051 18.7526 0.0630097 12.7385
13405.7 31.1373 34.1832 26.3291 8.81015 2.79031 7.31297 15.2002 0.0756373 9.98007
13385.4 30.4653 29.5791 34.9441 6.88036 3.92122 7.935 13.0272 0.0969723 10.0707
13440 21.177 3.11514 14.874 2.78473 2.7172 11.4612 0.684532 0.302498 12.0877
13640.1 12.9501 26.849 15.8365 6.72313 2.44482 1.05014 58.0716 0.00769369 12.5272
13479 10.7914 1.80648 8.38971 50.0061 16.3372 17.0386 20.867 0.0447703 10.3156
13521.5 14.8082 19.2962 6.98412 39.3823 17.2359 5.73477 19.2835 0.00924456 8.53549
13441.3 15.0744 33.2591 20.3995 32.5039 5.40141 3.71323 32.6222 0.0335755 10.3308
13325.4 18.0543 45.8352 14.5037 42.849 8.87073 3.04338 33.3067 0.00314436 10.2269
13509.2 43.4497 5.54293 16.1703 16.5087 20.767 6.89654 34.0663 0.013968 11.2087
13314.9 14.69 28.8195 11.21 14.7875 11.4652 30.4138 34.1937 0.00824634 10.1086
13347.3 23.4139 15.2885 21.4688 11.0423 36.8773 7.05715 27.3747 0.0335983 9.93956
13175.7 9.8677 67.3919 24.1516 11.1668 16.2517 1.65331 31.8952 0.00729985 11.4438
13175.7 15.8942 40.22 29.3096 22.0543 35.4206 1.30619 31.4122 0.00729985 12.438
13663.5 2.6712 5.85544 22.9433 21.51 11.4318 13.8271 43.4431 0.0382724 11.6958
13540.8 4.32004 20.116 8.24632 21.2136 18.8558 1.6775 6.90552 0.0737136 8.08449
13556.1 3.47488 37.3953 3.83062 37.2634 1.7263 5.91483 7.00163 0.0503507 9.8357
13428.5 8.33745 2.98063 3.60881 39.1214 1.7263 6.89919 17.5017 0.0465235 9.53499
13543.4 6.05046 11.9264 52.9271 15.1335 15.3829 1.56255 15.3965 0.0120604 9.4448
13230.1 32.9832 32.4807 22.0115 21.1522 20.9287 23.9671 0.176732 0.0296384 11.5238
13073.5 52.4264 66.51 8.03589 21.2793 11.0703 1.6295 16.2666 0.181154 15.6567
12644.7 91.471 119.115 9.37354 19.786 9.72947 0.901832 11.3723 0.0470579 25.0491
13217.2 9.47115 78.0692 34.5999 11.4059 8.23383 9.39137 14.1923 0.182465 13.4386
13404.3 22.5518 4.57553 34.5632 3.92991 4.17742 3.09893 6.40017 0.0460899 7.86761
13397.8 4.8808 64.6774 19.2361 12.8343 4.96429 12.5149 3.2799 0.00436796 7.97486
13335.9 20.4061 11.8027 6.48238 26.256 4.94234 9.87693 10.2771 0.144897 10.1678
13394.7 7.42349 37.5972 1.90879 11.1419 12.9116 11.5242 25.0964 0.0287209 8.80599
13431.8 8.96214 16.6059 10.3062 21.1491 2.70997 16.0045 16.4282 0.345173 11.4324
13354.4 4.43199 30.5684 5.80968 30.03 6.20942 5.36856 18.4676 0.0284952 8.56955
13328.1 11.3127 58.8704 6.13114 21.7781 11.8201 26.4653 8.67809 5.57376e-05 7.58811
13372.6 22.909 35.4758 2.62833 3.89 32.4314 76.2043 9.67377 0.0328494 14.49
13546.9 13.6854 3.73572 17.1696 26.1951 26.5825 6.24919 1.64488 0.0139115 7.85165
13434.1 29.6706 4.01773 16.0338 27.5796 14.5015 9.17133 1.5982 0.0297448 8.06878
13369 20.6408 33.5665 16.4569 5.65683 0.878914 21.4565 1.67096 0.0181824 8.27777
13330.6 20.3424 56.4255 15.3795 15.3798 1.81806 48.3219 2.44139 0.0486115 12.3027
13350.7 23.1468 29.8863 45.6693 15.5403 10.5512 23.8213 7.6367 0.0406389 10.4567
13210.4 24.2482 71.6407 23.145 6.78323 12.1779 26.9134 3.92437 0.0688147 12.2835
13345.4 9.15367 35.8844 6.32899 11.1235 10.7509 44.7788 5.06316 0.00831586 9.12679
13391 27.4755 21.9262 29.8466 1.68052 3.56866 16.2856 2.44177 0.0432831 8.66918
13280.3 4.20176 22.0242 53.0107 34.4538 19.7348 6.51789 14.1327 0.0309065 10.9612
13527.8 9.8782 38.2483 15.0831 24.9352 11.7289 24.438 16.5704 0.113306 12.1169
13469.4 11.3386 20.5287 5.86167 25.9717 21.7326 16.4161 16.63 0.346969 12.1074
13489.5 12.5266 12.5759 5.04936 28.0483 32.346 9.06039 15.1542 0.0458645 8.88564
13568.5 14.2637 4.52974 5.26715 29.5979 8.91927 6.39879 2.96773 0.0464388 7.60436
13490.8 1.10801 1.37413 27.6572 11.9945 8.41701 3.11214 4.05383 0.0464388 8.1325
13418.7 19.8182 18.6751 23.5019 12.7763 19.42 7.97964 3.37221 0.295242 10.7314
13503.2 21.4958 6.87949 14.36 9.40346 17.2307 13.0974 12.1105 0.00641713 6.32397
13380.1 13.4737 6.02774 83.5978 5.33484 4.80589 5.87815 15.294 0.235336 13.0356
13492.8 16.6494 16.6023 6.62354 25.8848 21.9531 1.77278 5.98309 0.284919 10.9517
13463.7 2.03772 14.0185 32.5797 17.7809 53.9445 11.6971 9.68472 0.00178546 9.35973
13407.8 5.24542 20.978 3.35337 28.0809 44.0391 9.43329 0.939896 0.0424116 10.0784
13488.2 9.79711 39.1799 17.6147 14.8554 35.6577 2.30636 8.67107 0.0597071 10.4672
13446.3 4.40406 8.95437 35.1617 12.713 6.72622 9.00698 5.74383 0.0453815 7.19981
13360.7 1.37283 13.3866 76.7425 1.88207 9.13153 25.8113 12.1754 0.0368195 11.5386
13143.5 18.8582 32.0611 35.9953 0.725822 5.41149 22.6721 0.476835 0.00172596 12.1354
13292.7 16.9138 17.5163 64.4619 44.3992 29.4054 28.1128 12.4737 0.00568757 14.6255
13627.3 10.9831 2.30803 5.98658 30.168 26.8356 14.4251 14.426 0.00220722 8.48739
13782.1 1.99482 5.48609 1.35732 24.8479 18.0512 7.51552 9.24302 0.000461038 9.51824
13615.3 12.5804 5.48609 9.66233 6.00206 17.2878 13.326 5.72831 0.0148897 6.72337
13448 20.1748 2.79994 53.9939 4.85849 8.99388 24.7851 3.38587 0.0141846 8.9319
13391 16.5684 24.4886 19.8376 26.6615 8.27086 6.87889 8.78602 0.000388876 5.51418
13248.2 17.0708 41.9734 30.3723 23.408 1.11659 5.8303 6.10508 0.000388876 7.54853
13313.3 42.7478 69.9385 13.1053 20.9613 4.42258 13.7707 10.9972 0.0895785 14.5606
13344.1 19.0982 47.0991 4.06934 12.1193 9.90654 42.7655 3.58612 0.0705448 11.0067
13317.4 10.3852 1.27889 10.6261 71.656 10.3549 33.6191 8.70964 0.0468669 13.3252
13376.4 34.6823 30.0766 27.01 12.5156 9.90802 8.22638 6.0964 0.043786 8.9584
13477.1 34.5414 10.783 32.9717 8.98354 20.2066 16.3147 19.1695 0.0146029 10.013
13295.3 37.7673 37.9809 13.8436 35.9186 13.7796 18.196 9.64276 0.0135619 10.2988
13207.7 11.5671 45.5137 20.5426 15.0003 9.34343 31.2212 10.2987 0.0200458 10.6231
13218.6 26.1666 22.8349 38.7529 14.7023 15.5514 9.73819 13.807 0.0231147 9.50483
13472.7 17.4384 15.364 8.5369 0.183767 22.3158 23.8426 10.3081 0.0208321 9.05917
13400.6 16.4573 29.7352 20.8549 6.37866 16.5913 6.55337 14.8567 0.00505638 6.47401
13334.3 23.6619 19.685 24.7961 8.33506 8.2469 20.1653 12.1989 0.0962283 9.42718
13429.6 7.34591 20.5014 33.0838 4.71975 10.3028 1.61144 29.2879 0.338151 12.3881
13444.7 11.8067 20.4983 72.3755 6.48857 9.15665 6.42893 12.01 0.193594 13.0506
13388.5 39.8485 10.7785 23.9734 25.6986 34.1617 8.47767 38.0348 0.0283863 12.6504
13262.1 18.5223 53.4338 27.5841 2.39379 25.0612 9.98402 21.6595 0.129607 12.423
13103 19.7133 71.1851 47.0918 5.33196 13.9739 9.42287 35.285 0.278737 17.7317
13239.6 25.8895 64.8012 12.3992 30.1666 5.22994 2.59754 41.0051 0.275383 16.1295
13200.3 38.6551 42.7861 11.657 35.1763 8.07577 6.68531 24.3974 0.419734 16.5135
13281.2 13.1357 82.9063 3.81796 10.1952 12.2475 5.269 10.0271 0.183199 12.246
13094.2 28.6716 11.4106 25.4183 47.5445 17.2401 0.405102 31.4901 0.175918 18.3451
13392.3 14.5248 16.7311 42.4253 15.1528 25.6348 10.0849 42.3646 0.0966324 12.4153
13406.4 30.0272 11.7166 18.4411 25.9106 20.178 10.8643 47.508 0.025282 11.2036
13235.6 37.9865 12.7253 14.8677 23.7217 63.8056 3.36313 35.0207 0.025282 14.227
13212.7 41.0725 11.4627 14.9907 12.8554 36.4301 31.7501 20.0516 0.030833 12.7837
13398.1 10.1403 6.83545 34.1818 3.03946 43.7272 0.613044 9.53696 0.00801759 8.99094
13352.5 11.9528 16.7058 50.5535 21.4068 34.6556 10.2561 16.1416 0.0824098 11.7245
13314.3 43.1082 7.22224 39.5142 3.63094 22.956 4.72761 2.70882 0.0503957 9.83981
13255.1 58.235 14.0589 38.5529 5.54467 39.6083 0.376115 21.9289 0.0275093 13.5758
13499.1 60.1628 4.8396 3.36017 7.53845 22.1105 17.2887 1.89451 0.00755469 10.9637
13630.4 6.43638 17.7168 9.09803 4.85166 61.2567 2.07059 6.68256 0.00742043 10.3788
13554.4 10.0177 2.57398 14.9193 4.05371 17.3785 13.7845 21.0055 0.0878566 9.00679
13317 10.9012 4.06109 25.4783 32.6082 38.9476 19.0555 7.43489 0.0218546 10.7345
13390.1 5.68281 4.06109 45.8892 12.3896 20.23 3.92125 24.3009 0.0170239 8.92124
13218.5 6.03387 44.103 45.1079 12.645 9.58507 1.75745 15.0839 0.0174516 10.0344
13587.7 18.2591 10.9611 22.5332 7.2962 3.16469 39.4248 2.6632 0.0923386 10.9478
13272.2 42.2458 25.6838 56.636 3.44184 3.98017 13.921 20.1002 0.581997 18.5014
13404.1 25.8432 5.99301 7.28061 1.95324 2.69671 61.6749 30.3342 0.356492 16.8896
13446.9 37.1969 33.5175 5.12665 9.55931 8.16462 44.0649 23.2687 0.00510976 11.2992
13437.6 25.8135 20.0154 6.14151 14.4415 9.37108 31.1429 30.4928 0.00510976 8.91803
13426.8 18.3973 20.6823 3.60184 1.81674 27.3985 36.9094 26.2106 0.265638 14.0742
13426.8 39.0929 2.74446 1.50498 27.398 10.3686 17.0513 28.9566 0.164926 12.6841
13323.8 6.94817 0.262945 62.318 3.31403 7.45511 5.8339 12.9689 0.00623085 9.94822
13230.8 27.9935 18.4097 7.77068 2.83432 44.455 4.7516 5.71502 0.012394 10.7005
13240.5 7.53496 50.3987 9.06414 9.85342 0.37476 15.3198 8.47767 0.029438 10.7304
13460.9 37.0434 11.2803 10.1462 15.1089 9.1424 1.0476 13.0981 0.00691764 7.26682
13338.8 17.3403 7.40087 14.3412 8.76583 27.654 24.859 15.1683 0.0378107 10.116
13366.4 26.1512 3.04909 23.0318 40.1189 27.8253 6.95211 8.10353 0.00913711 8.96666
13432.1 25.3078 17.3324 1.3934 19.5029 12.4398 8.52376 1.02288 0.196789 10.441
13500.2 1.32242 33.1362 14.6692 31.6413 8.36682 19.2384 15.2521 0.0768568 10.2994
13415.7 9.58633 36.4997 20.689 59.5008 7.44075 6.23745 5.49132 0.0791554 11.9167
13511.8 9.48121 18.9485 13.5875 2.44124 16.7702 10.2818 22.0296 0.0668184 8.42742
13661.7 7.80733 16.9765 6.34905 8.62286 21.5653 10.0697 13.6578 0.0296443 8.56575
13443.8 8.18989 8.13239 56.8513 3.03252 1.60792 34.7728 13.3061 0.0306233 10.2835
13462.4 1.9738 49.8812 27.7236 5.81212 7.85775 19.043 8.62121 0.0510425 9.74839
13501.6 12.6255 48.8958 16.0577 9.87392 12.6422 11.0229 9.2595 0.0907105 10.3604
13513.2 19.7489 41.3531 2.21442 6.17151 19.5912 10.5946 15.1919 0.26139 12.5112
13175.8 16.6536 57.586 3.34874 57.1203 9.7031 12.1173 23.319 0.14494 14.9247
13349.5 19.4909 23.2143 10.3574 54.6286 12.6481 18.7031 20.8513 0.195892 13.0113
13411.7 12.5371 38.7973 23.5556 49.009 20.0819 26.1249 14.4764 0.216091 16.0448
13427.3 19.3378 6.67922 41.2508 37.3859 13.0734 22.275 13.3563 0.0576365 11.2385
13338.2 38.7742 12.4102 14.1952 9.08383 13.3594 29.7757 40.5254 0.103839 12.8146
13498.7 16.8119 13.2307 13.3983 11.0297 34.3312 2.61276 44.4377 0.053682 11.0658
13391.8 18.8454 10.0375 5.18437 13.8621 24.4247 8.532 28.0877 0.0347708 9.25983
13373.3 23.8031 16.5448 5.08284 46.9781 19.2339 14.2263 20.3307 0.00300697 8.82266
13363 24.9551 17.6849 13.8416 39.8157 16.5676 8.6467 18.4414 0.00300697 7.90813
13295.1 29.911 15.2765 17.6916 46.1452 16.2687 4.38107 22.7548 0.0626701 11.0372
13371.1 10.4522 16.7479 22.7691 19.0444 11.9165 18.0261 4.30979 0.0284583 7.54459
13388.1 15.0953 52.0649 18.9043 15.8975 8.16552 16.8469 37.9281 0.143847 12.9699
13308 43.4484 6.28416 8.06332 11.4668 17.9552 17.3034 21.9589 0.0110112 9.24019
13492.3 11.6246 25.8497 15.416 17.584 14.2152 25.1321 27.0737 0.125611 11.031
13362.7 13.7199 33.0968 22.7062 15.0995 25.0261 7.76564 63.8794 0.153394 14.4741
13432.7 10.3715 48.7445 28.2228 9.53607 3.82198 9.56038 54.7537 0.220697 14.9796
13398.9 15.5173 19.4087 32.6215 0.608103 24.4469 3.28011 52.6771 0.0735878 12.8616
13450.9 35.4853 4.49533 5.34285 11.6976 19.1977 8.81955 14.8169 0.054802 8.70735
13537.9 7.62271 2.54103 25.8858 10.633 20.0416 2.376 14.8182 0.173249 9.69906
13400.4 20.9366 6.00663 23.4216 11.7978 37.4154 12.2456 23.5796 0.0835928 10.5988
13479.3 12.0244 10.7242 1.0267 17.3201 27.0326 18.0395 17.9876 0.00938296 8.24274
13561.2 16.3554 13.1714 8.43883 9.92727 31.8031 25.3474 18.3114 0.0767721 10.559
13388.9 21.1312 24.0182 7.52142 12.8909 12.3684 3.8377 38.544 0.00375765 8.0397
13416 10.4814 18.2567 14.1316 50.5521 11.2709 31.1638 13.5711 0.00909629 9.55099
13391.4 13.0469 21.9214 11.0527 44.7838 3.12532 33.9771 9.10493 0.0228759 9.62493
13266 36.1176 28.1552 4.39208 35.9957 6.28194 18.9281 9.75452 0.114088 11.3504
13315.6 30.9081 13.8575 16.9426 11.7154 1.80236 12.0744 4.22084 0.169856 10.563
13403.5 7.24455 7.07173 13.9476 28.3627 3.90313 19.6661 13.0099 0.0864002 9.36651
13481.8 14.6122 6.26979 40.4992 7.16826 7.36417 43.1123 14.0948 0.0309987 10.0069
13232.9 20.4487 3.519 20.5307 35.7546 26.2186 31.7414 2.82325 0.00160086 11.2029
13374 11.8853 17.316 8.83942 52.1678 22.9033 11.9052 44.0067 0.379886 15.9698
13196.7 36.1393 18.5018 6.55729 44.0954 33.7913 0.14384 7.72252 0.154859 14.9518
13315.5 33.9694 22.1113 10.4557 47.6744 12.6092 14.5253 1.08502 0.218267 12.8061
13534.2 3.77581 12.3808 12.6416 19.1304 32.6611 17.6995 11.9401 0.105953 9.74078
13451.6 58.6432 7.5222 6.51994 9.37096 39.1772 1.11 10.9276 0.0102713 11.3841
13283.4 33.3326 34.0109 2.91466 36.4894 0.0748888 4.05603 9.616 0.00165743 9.55314
13476.9 8.07125 33.7557 6.98148 19.1084 3.44344 14.406 26.2597 0.0933245 9.62043
13345.5 4.32671 35.5229 15.8844 14.59 12.3029 12.5197 64.1434 0.123385 13.7919
13307.5 16.9155 34.9482 14.0077 75.3013 4.67642 19.697 16.2911 0.0276837 12.9482
13392.5 26.4622 14.0948 27.6204 15.9379 43.6971 0.84357 26.5695 0.047415 11.785
13363.7 2.76462 16.4881 18.1211 10.2716 30.8826 2.61363 26.9272 0.0157696 9.59655
13437.9 6.59211 4.66816 7.30964 28.04 32.3882 36.4668 18.651 0.154351 12.64
13437.9 31.1578 14.7711 2.5468 29.1248 20.6164 30.7341 11.175 0.283082 13.4207
13612.6 0.842723 14.835 39.8811 10.4301 10.2611 27.305 1.87446 0.0520179 11.0909
13732.2 18.8015 15.8291 20.638 12.4909 28.6423 17.6909 1.65097 0.0213391 15.1884
13479.9 8.87238 2.42558 11.1841 25.6033 36.2482 15.9533 12.9687 0.00555911 8.13007
13370.8 13.0228 10.6397 13.7302 53.4413 3.30189 0.00684354 18.8702 0.00998079 11.3324
13505.7 14.0438 22.0917 4.22544 19.2787 10.4018 4.31679 13.1203 0.0277901 6.97083
13506.6 10.9404 6.52941 36.7849 9.91573 3.79133 14.3347 20.3888 7.69288e-05 5.9125
13490.5 2.64259 17.1138 8.0767 34.3072 2.61302 18.7199 14.7258 0.00221353 6.91165
13504.1 27.5123 3.44418 2.16522 12.0235 30.6716 3.86997 9.7278 0.000614142 6.80448
13248.9 47.4865 23.7654 19.6852 10.2608 32.7421 19.5763 6.66318 0.000982595 8.98
13158.2 32.2521 1.97098 53.1182 21.9339 16.0011 13.8349 20.8603 0.000844816 11.3763
13327 24.7074 5.46802 35.0108 8.01102 28.9745 7.82527 46.068 0.00104595 10.127
13454.7 31.2594 10.8801 1.58881 19.239 30.0757 29.7602 45.1068 0.0040201 11.9466
13270.9 16.1329 9.56404 33.9166 40.0121 10.9634 22.3757 14.6896 0.00197956 9.30433
13424.7 14.3639 18.2343 24.8093 30.2108 17.9159 53.6138 13.0888 0.00383006 10.7361
13024 62.3422 17.5698 41.0415 20.3002 5.94951 6.95561 10.0045 0.0106622 12.3509
13171.6 48.7503 1.68198 33.4533 6.47821 93.4658 7.78946 52.4851 0.0284116 20.2727
13276.7 16.3671 34.6581 10.2266 1.55414 38.5877 10.767 20.4782 0.0267469 10.8517
13379.9 6.09796 45.0604 5.61081 64.7374 16.448 4.39376 17.4864 0.221715 14.549
13332.1 24.748 14.1176 4.44124 53.2601 47.9242 12.0498 29.2307 0.112357 14.9937
13318.9 30.8145 16.8882 4.11148 20.7494 43.9291 39.924 25.645 0.152775 15.1845
13308.8 41.9799 3.56766 15.7496 29.9099 30.7165 37.8089 6.66357 0.217736 14.6409
13376.4 1.78617 48.718 15.8968 54.5821 21.8072 43.7732 10.9741 0.0506128 15.4896
13534.8 6.07422 23.5578 15.7314 14.8167 17.5153 29.5045 4.16863 0.00721948 7.58339
13505 6.4924 15.0986 17.4611 17.2075 5.68233 11.6341 9.30581 0.0496032 6.91641
13505.5 14.0498 33.7169 7.21106 14.0732 9.83306 13.7967 2.18797 0.210784 10.1723
13451.9 1.52149 6.98073 7.83695 47.7529 7.15054 27.2972 23.9516 0.0147793 10.1035
13242.4 5.32979 13.1991 43.0005 39.58 1.58735 17.9754 29.9659 0.0143623 12.4353
13513.1 1.68936 25.725 0.287801 4.53853 19.9749 0.224712 6.44154 0.0122171 9.00017
13488.7 25.7233 25.3524 5.04371 31.4394 14.7201 2.18224 19.0255 0.0221747 9.47009
13661.3 24.7558 27.7718 8.49993 10.6126 4.17439 2.25694 16.5465 0.0365073 11.9697
13576.7 10.3026 12.9328 25.0203 3.75395 1.82869 2.28583 19.601 0.0166161 7.54838
13312.6 43.5259 16.774 28.7552 7.48844 6.40673 1.03913 21.8615 0.0327367 9.60075
13325.5 36.3013 8.31865 30.0277 48.1152 9.35044 15.698 11.5996 0.00547778 9.79102
13510.9 12.9724 15.6267 37.992 51.6148 13.2219 14.2365 15.113 0.0210011 12.7916
13382.2 17.9907 49.2978 1.12119 17.9669 3.49297 1.22951 12.941 0.0289507 9.02302
13644.4 10.8832 11.2384 6.67555 21.2476 26.5572 21.1085 2.03607 0.290336 13.2156
13359.2 3.76476 37.8203 9.04751 23.0834 17.413 25.7194 21.0363 0.033155 9.91845
13459.2 5.33325 23.631 35.1925 6.1296 2.71079 21.1743 17.4524 0.15942 10.4034
13435.9 5.09965 5.11438 40.5162 26.6043 2.71079 1.44999 16.0324 0.0710394 9.35855
13389.6 17.9094 0.317573 25.6665 45.8056 12.6404 1.65791 7.54091 0.081921 10.979
13297.4 18.8737 9.85692 26.3773 13.9353 26.1784 5.41259 16.1328 0.0734963 10.0641
13194.8 26.5384 25.0519 82.8096 10.938 4.27924 22.2381 9.51636 0.033301 12.9049
13242.9 8.52061 6.66895 61.5379 9.55084 5.91505 7.87674 3.66742 0.0541378 10.7087
13244.1 16.1286 25.4407 56.4965 5.89644 13.1619 18.7449 14.6437 0.0979045 11.5634
13259.3 45.5485 5.71515 17.8639 19.1206 10.3625 14.322 45.2618 0.0169508 11.6248
13406.3 17.7654 13.488 26.7452 16.814 16.188 3.82004 5.16143 0.0574464 7.65221
13509.3 13.8506 6.19316 20.0238 8.05088 53.7712 3.78054 13.9836 0.105379 10.8741
13422.2 38.0816 4.64508 2.65796 10.0974 49.2328 2.29159 2.24196 0.261737 13.2593
13477.1 0.0430123 9.27541 70.3593 23.8097 13.7273 13.1506 9.30273 0.177763 15.2383
13525.6 18.6201 9.27541 54.0992 13.0491 15.5899 16.5035 9.7119 0.00201931 9.55929
13319.4 32.2519 13.891 45.5932 6.07326 17.1938 7.08176 6.84239 0.0705233 9.52758
13223.3 39.1311 10.9695 34.8181 34.8704 6.71392 2.77746 39.668 0.0218056 12.0704
13344 32.4153 12.1159 25.1567 15.1312 8.26346 8.58275 20.7417 0.00342213 7.1401
13359.7 17.236 26.8992 6.96711 39.9903 14.2472 5.79559 9.20612 0.244782 11.1783
13493.7 6.97206 33.2235 0.507128 6.74276 5.58519 0.69701 0.334591 0.321407 13.0186
13405.2 16.8813 10.1654 1.47388 7.79879 27.4505 2.83814 17.3236 0.21465 11.6687
13154.5 52.6872 22.2915 14.9285 81.8417 23.8145 0.819151 19.0455 0.0456719 17.1398
13158.3 54.6835 15.0362 10.5578 26.6866 21.1485 3.87898 9.88624 0.108094 12.5678
13472.2 10.0064 16.7359 23.8418 3.11777 12.9539 12.2632 3.40034 0.0328766 6.85371
13504.1 8.8598 19.2556 9.93265 1.35629 57.1332 34.3245 14.8024 0.0541871 12.5047
13524.1 2.87522 16.3708 24.7988 12.794 12.8611 23.2645 2.17194 0.0128011 7.20053
13207 20.1444 59.2187 2.70217 9.09545 18.9042 1.4561 14.8864 0.00165568 9.25533
13278 9.4468 66.19 15.3493 6.55601 10.0927 0.933025 22.1228 0.00165568 8.61144
13443.9 9.4468 35.4975 11.0798 8.69557 5.13753 5.86018 0.636296 0.00165568 5.68561
13506.2 11.3069 13.6089 9.40856 4.6958 5.13753 4.26286 12.4713 0.00165568 5.04645
13192.2 30.2037 22.2457 10.5365 34.2401 6.33994 20.0111 13.9638 0.116423 12.6304
13186.4 28.2 40.2424 10.311 20.495 36.0686 16.9134 17.2809 0.00266368 10.5536
13303.6 15.2767 48.4132 21.0102 7.89352 16.5509 7.58767 20.0744 0.00438554 7.89197
13350.6 22.0896 15.091 33.0198 2.14083 24.7679 15.8507 7.93759 0.0201793 8.43302
13492.1 1.15339 34.4088 47.9584 11.4131 20.4619 12.0282 9.39259 0.0217013 10.6914
13422.9 40.6185 39.8432 34.2777 12.954 6.94142 5.79098 11.0161 0.00799158 11.7117
13463.7 16.1823 22.667 13.9967 15.569 17.4241 4.51732 4.29981 0.190162 9.23677
13467.3 3.03079 23.0404 13.1179 4.47657 53.4782 8.14297 33.9467 0.00277838 9.84477
13472.9 8.80165 18.2721 7.28958 6.54406 52.7529 18.9368 3.02071 0.0131783 8.87812
13586.1 1.68562 28.0556 8.00507 14.7665 4.25335 0.143955 19.3577 0.00185271 7.87192
13312 3.47137 54.8292 10.9928 15.8971 0.432042 26.6211 11.4841 0.166258 12.5083
13405.9 23.2916 16.7251 16.88 15.7324 11.752 5.62455 28.6584 0.00366422 7.08119
13523.4 17.2751 20.5592 11.9421 44.2445 9.96301 3.76045 34.5958 0.000100125 9.20889
13393.5 10.3057 47.1259 5.10926 3.5025 0.658539 4.80026 24.3008 0.0058359 8.3085
13459.6 20.5337 12.8992 20.4968 1.53706 1.39978 3.24145 11.1902 0.00780851 6.74206
13619.9 13.232 6.38679 11.2263 5.5123 14.84 2.46601 10.516 0.0450755 7.55584
13412.7 12.5266 5.82129 28.3052 0.528839 42.1474 20.7583 17.3961 0.0633765 11.4777
13440.7 38.293 5.72361 7.95227 13.2685 11.0382 15.4167 24.4509 0.0214955 8.67045
13392.2 16.1876 3.40802 9.61956 47.7429 1.74633 11.3141 22.4427 0.0724264 10.5612
13415.5 5.84779 69.7381 7.02033 16.4311 10.9981 6.82755 2.9242 0.240774 12.21
13302.1 10.1667 59.8258 8.10306 8.65826 33.3815 7.68741 15.3401 0.235739 12.6935
13303.9 35.4117 21.1933 20.8103 10.9165 16.1179 24.4399 6.62025 0.106999 10.3962
13394.5 26.4506 22.7797 4.64378 12.5148 11.8341 25.1765 9.10558 0.216771 10.9346
13454.6 17.3296 20.732 24.1119 13.4088 27.3101 13.3845 13.9557 0.292967 11.9564
13361.2 14.3365 19.3598 14.6795 27.1076 7.22271 27.2659 21.4681 0.0570267 9.8374
13499.7 9.61206 12.976 31.0948 34.8878 19.9834 22.7613 4.95732 0.0776002 10.9207
13486.6 15.7153 23.9368 2.73633 19.5279 35.871 20.2185 8.32424 0.050833 9.89294
13457.5 12.1668 30.6559 8.996 14.2367 15.0378 22.6321 26.8499 0.014371 8.48286
13467.1 18.205 9.41178 7.22312 12.0516 8.90123 7.88136 0.776445 0.0203309 6.61629
13342.3 28.2668 8.5585 6.076 52.6598 11.0673 27.8036 1.84267 0.0991292 11.728
13429.3 37.727 4.2241 5.7186 6.26751 13.2721 0.818195 52.5818 0.0627287 12.4103
13416.7 11.6588 17.8254 26.674 2.45996 20.0096 15.211 10.646 0.0514742 8.23672
13351.9 20.7797 10.4127 22.4171 8.24986 12.1677 1.9305 9.43124 0.195928 10.2249
13271.7 41.905 40.6063 8.78036 14.1596 14.0359 19.8531 34.0591 0.0208324 11.2652
13376.7 18.2938 22.7168 23.2743 18.3937 8.56098 12.5971 35.2187 0.016381 8.84561
13592.6 0.420876 16.8473 0.453005 12.4948 28.9728 25.1398 14.5558 0.0160815 10.3181
13498.2 5.13004 0.925633 28.4211 9.06747 6.34215 16.8786 38.1867 0.0588192 10.5367
13636.5 6.68365 13.0987 32.6074 37.9158 1.07515 12.3092 6.46456 0.0854723 12.8799
13441.1 5.85734 11.8446 26.4895 19.2863 9.58089 3.29222 9.86265 0.389076 11.138
13623.9 13.6545 36.6251 18.5827 21.06 28.7431 2.27614 6.02119 0.520467 18.8599
13294 11.1523 32.5769 18.7463 17.6017 66.3665 20.5864 22.7319 0.0124134 12.9007
13453 32.6749 9.82968 11.6727 8.8623 41.9928 31.0395 21.7236 0.0299503 11.5532
13442.9 3.90401 2.33768 30.9605 20.0076 18.0303 2.07181 9.37668 0.0123211 7.45123
13417.1 2.34864 2.33768 53.313 7.92988 1.48872 11.0016 1.58269 0.0190372 8.70371
13431.8 8.81364 22.1272 26.0163 20.214 37.4811 2.24107 8.49578 0.0127942 8.34424
13441.9 2.53198 56.2506 11.9057 24.4046 11.2064 8.44281 6.69532 0.0592265 9.64583
13560.1 32.1293 13.4362 2.00246 8.42662 31.6473 1.46488 1.23443 0.0015427 8.74323
13548.7 0.583682 12.0917 13.1013 16.6568 3.75511 8.9764 8.64351 0.0969241 8.32189
13522.7 1.53869 37.5098 14.0711 4.73638 3.63935 12.4644 17.6151 0.22192 10.9232
13386 15.0033 26.6057 16.1234 27.8311 4.88531 12.5021 5.33718 0.220109 10.1175
13443.9 11.4988 20.4938 37.4993 24.9872 18.345 14.9027 5.33718 0.0783189 9.933
13435 4.45055 8.82517 27.6245 10.3335 32.3966 5.11747 49.036 0.0447079 11.3372
13483.8 27.0971 1.96557 5.19368 38.4761 22.7673 13.8178 18.9582 0.192013 12.3852
13463.9 10.711 28.9751 7.66073 50.2278 4.15349 5.71769 8.25916 0.0112446 8.17047
13497.3 2.12034 35.4689 2.50477 12.7311 3.87301 5.42717 11.7485 0.0624623 8.13482
13520.5 13.2301 7.50816 20.3293 20.7168 4.54078 20.4025 37.3461 0.0325054 9.58946
13350.8 26.6509 12.0061 16.5741 13.3937 7.36394 26.0971 41.0807 0.00360922 9.57296
13252.6 28.9022 12.6508 42.2353 19.5067 25.2186 21.0912 38.3378 0.00244809 11.439
13446.7 31.4351 14.8511 24.3152 18.1004 14.3568 32.6553 6.31487 0.0262813 9.83159
13434.4 32.703 30.3202 0.527567 27.7549 14.5622 2.43412 1.01987 0.0898096 11.2977
13368.3 2.21433 29.6455 22.9348 30.8229 4.24011 12.6411 19.5026 0.0418735 9.28633
13395.1 17.8139 35.2328 37.365 11.419 16.6018 11.1168 4.75292 0.0187179 8.60236
13209.9 15.1083 42.7424 43.884 2.05854 30.0935 2.15816 4.11495 0.020538 10.7101
13376.6 13.8466 13.5637 14.0866 18.2774 7.43702 48.8803 3.05754 0.0247874 9.66375
13393.9 6.00396 46.3717 11.8338 14.8149 11.2959 39.3817 6.9715 0.00265205 8.2508
13502.2 38.736 8.55253 35.4976 10.0638 15.5631 38.0774 16.4515 0.00177044 11.7167
13605.5 5.91168 13.1112 6.67237 23.9031 21.2694 26.3453 7.03565 0.0790389 9.86838
13287.7 19.2856 5.18353 6.95807 9.90385 28.5504 10.286 22.789 0.0620622 12.2595
13229.8 54.6848 4.82778 6.75648 28.1378 24.7626 7.71366 51.3401 0.11108 15.4785
13593.4 14.7645 13.2616 12.371 32.8964 23.2401 9.86568 11.6158 0.031527 9.92668
13311.7 10.7344 10.2535 16.812 47.7696 22.0007 19.8655 0.746031 0.0522077 11.167
13272.7 23.2709 44.6603 20.5167 26.4898 10.9659 28.515 6.95118 0.0004843 8.56483
13217.4 15.6787 57.575 19.9734 10.4293 10.2395 14.7777 1.93068 0.0004843 7.80976
13330.4 15.3632 57.1769 9.78633 17.2633 12.0164 3.6095 19.822 0.0004843 7.32025
13370.1 11.6083 26.9721 7.53783 44.899 22.7377 19.5504 4.18027 0.0004843 7.81773
13603 19.0149 0.772174 12.7578 21.9766 22.6359 8.30436 20.3307 0.00357907 8.79249
13473.6 11.3256 18.3079 16.246 0.42581 0.616189 15.8735 8.15647 0.00247122 7.16269
13423 18.3849 33.0636 16.1118 32.1233 5.46063 7.88707 22.032 0.0151739 8.68044
13656.4 4.64147 8.48403 3.88613 27.9121 18.7753 6.51106 10.8668 0.0359245 8.63028
13498.9 5.47337 9.81906 27.451 19.6975 34.0899 5.17723 26.0123 0.0155756 8.98783
13258.5 4.38687 21.0206 15.4559 68.6528 14.2522 24.7659 4.7085 0.00891891 11.6583
13350.2 15.4837 49.3738 9.87305 53.0286 2.01928 38.5107 4.48185 0.0109709 12.2787
13379.9 14.2928 31.4361 5.76437 20.9911 0.775288 26.2655 10.0908 0.104145 10.295
13212.4 18.5135 24.6441 1.3163 30.3858 7.63548 8.14117 28.5391 0.0416993 12.9482
13523.3 15.4699 37.2213 31.6823 6.91853 10.3927 6.24843 34.8116 0.0842469 12.596
13523.2 29.2822 19.0982 12.8167 18.8374 11.3371 27.443 15.8633 0.0217509 10.0223
13629.1 11.0974 16.8976 12.8167 22.7948 7.14835 57.962 7.87654 0.0134601 11.8259
13341.7 10.1165 25.6762 19.5553 14.7435 3.15393 1.58654 15.8402 0.0403369 8.42754
13410.2 15.3468 11.7342 7.33684 5.91114 19.0124 0.331975 15.4641 0.0296549 8.66426
13308.2 38.5631 17.6174 15.6568 29.4163 3.7139 34.8185 8.7994 0.00013243 8.21214
13496.8 11.5519 35.9634 30.4035 5.82473 2.58637 39.1944 19.3668 0.00495838 10.2071
13329.9 48.7572 1.66961 31.5281 0.758578 8.0938 17.8359 4.58613 0.00177482 8.72264
13204.7 70.5578 16.547 28.2497 13.3146 7.29987 33.6899 21.9374 0.0165499 12.6684
13366.3 20.9848 23.2681 21.829 11.6109 12.9425 38.2641 25.089 0.00510167 9.29326
13327.9 27.2476 8.65349 36.3787 12.9472 37.5757 17.8233 30.782 0.0511518 12.0933
13462.6 21.323 28.3721 26.9775 15.1875 16.2535 35.925 10.8573 0.022993 10.6688
13214.4 2.18074 35.7746 18.2443 18.6675 29.3342 12.2891 2.45322 0.0477498 11.9045
13293.7 2.31565 61.0751 6.99844 2.52327 10.624 13.3463 17.7612 0.0676799 10.8372
13478.7 16.6141 17.9556 9.75057 15.3692 19.2082 9.26937 19.4778 0.338282 11.3898
13329 11.6026 38.5322 6.35398 19.8152 1.018 7.601 31.8902 0.0111174 9.31742
13545.3 7.03615 28.5037 2.65966 6.41721 13.5067 16.2201 22.6086 0.0387259 8.54824
13575.4 17.1171 9.83769 7.43735 19.359 27.4983 11.0018 5.62925 0.0127744 7.6577
13495.2 9.2132 13.6118 20.359 32.1167 11.9878 5.61021 4.81219 0.0040962 6.12223
13413.8 21.7021 14.8511 14.9612 28.1926 28.2502 28.4966 10.9748 0.0358367 9.97315
13369.7 8.98721 6.17354 14.2106 31.7295 41.8291 17.8207 10.0835 0.0261639 10.1113
13255.8 72.5704 5.98443 49.0363 16.1556 68.5809 15.3486 28.4022 0.0233811 20.7074
13119.3 55.7676 5.47925 29.928 23.7744 32.8382 23.2286 79.5521 0.00797795 18.5796
13328.7 20.8407 10.5426 38.0894 2.19497 4.91244 29.1777 19.7616 0.000604355 8.42418
13614.7 16.8187 3.96279 30.1574 22.221 5.0645 29.4835 46.745 0.000604355 12.0116
13594.8 10.9411 6.59256 22.3347 15.9729 5.9133 35.4051 34.1978 0.0206222 10.6238
13337.2 12.3226 14.6157 13.8365 17.4413 29.3828 56.8553 26.806 0.236463 15.6205
13671.3 7.24058 4.21078 10.5265 1.25175 3.14003 18.9718 24.6439 0.204786 11.708
13668.8 7.96665 10.6451 10.0853 8.86848 4.04888 12.3907 10.0868 0.186408 9.81569
13552.1 5.21604 0.723589 11.2441 12.0515 10.0168 7.41365 23.5099 0.280685 11.1522
13551.8 3.56789 0.47675 20.4661 19.7827 14.9063 15.7574 28.2095 0.508958 14.7846
13398.5 12.2666 9.42567 28.7264 5.53725 7.17743 4.01855 5.60043 0.141835 8.79232
13492.8 12.2536 12.0921 18.5141 25.3686 13.7323 24.1494 9.49969 0.000625181 6.33829
13349.1 11.8314 29.166 27.0947 12.8466 25.2216 1.22661 4.83514 0.00434 7.15845
13413.4 13.9281 16.2939 17.4219 25.4167 11.9473 1.78908 6.28189 0.00587853 6.09613
13361.4 13.9281 33.6927 27.9885 6.92538 6.90028 7.68634 2.41389 0.0158975 6.87979
13516.7 20.9419 6.4451 14.6705 40.716 0.373189 6.96856 5.02826 0.150217 10.8972
13528 8.32553 8.45577 12.6044 4.54561 6.2255 4.76524 12.6419 0.0594468 7.09044
13545.5 1.38022 7.74038 16.6848 18.7091 6.39755 2.30582 42.8054 0.0720747 10.2997
13345.1 10.9366 12.3047 7.01318 25.9841 6.47964 10.2333 53.4384 0.0329505 11.9554
13429.6 21.1629 8.34743 5.2868 29.2004 31.1237 24.8564 18.2361 0.149807 11.82
13486.7 19.9251 18.2883 17.8612 30.8048 19.5486 31.649 4.56039 0.089354 11.4356
13303.1 14.9682 79.9831 5.71922 10.0321 11.2295 4.19427 14.3424 0.0873901 11.085
13320.5 13.8796 40.76 22.2995 2.10776 2.07295 31.5462 12.3931 0.0230258 9.7129
13319.3 6.76743 27.8665 15.3054 52.3714 3.67774 28.1641 10.4554 0.105908 11.8044
13391.9 29.8686 8.45745 38.8766 15.0403 6.89291 34.6245 18.9057 0.0460074 10.7971
13302.4 4.5056 26.0317 42.3593 17.7999 18.2081 29.0364 4.30575 0.0419053 10.4401
13227.9 29.0145 14.8049 28.6874 24.6204 11.4714 11.6556 4.27708 0.0272484 9.22232
13311.2 8.58277 72.8333 0.509842 27.5126 21.6646 6.38824 10.8144 0.0302849 11.3024
13332.9 26.4183 17.5098 11.2313 21.1049 34.5566 6.53257 18.9888 0.00717394 8.4948
13407.6 2.56471 43.0479 11.5368 15.8761 8.9748 3.54118 4.34628 0.000542131 5.57101
13366.4 11.9092 25.4081 17.0028 10.0845 20.6536 2.20232 4.75743 0.000542131 5.63921
13370.9 23.0087 27.2037 21.4793 12.4252 24.7022 11.4103 7.66614 0.000542131 6.40572
13461.2 9.0982 34.2161 2.46028 8.56639 34.2162 22.9825 3.13271 0.0042451 8.02705
13497.6 12.4418 17.8484 37.4941 11.3031 14.9656 1.54052 0.523353 0.0397565 8.89419
13538.4 28.7026 10.1381 11.7798 14.7486 11.8594 11.5414 6.37659 0.0722114 8.58042
13482 5.00749 9.72256 30.2579 21.3031 3.53812 20.7005 11.8007 0.0365775 7.96603
13314 20.0035 17.1101 16.1891 15.3554 11.0059 12.2773 14.5513 0.00789442 7.40672
13571.4 3.04544 9.39455 16.1971 20.4986 16.1681 12.1447 7.90068 0.0306937 7.18776
13532.3 2.49648 8.77173 34.1069 30.8332 27.5985 40.9194 11.4716 0.0392414 12.5738
13366.5 47.1228 8.96225 11.1407 5.32592 65.6061 30.9966 2.59809 0.026555 13.5032
13263.5 11.752 43.9037 23.0127 12.8464 12.2762 26.258 5.21136 0.0417626 9.73027
13185.5 39.9802 54.6321 22.1875 21.6236 10.215 16.9229 7.90913 0.0207237 10.9359
13396.6 0.881878 58.1532 8.19192 5.67629 10.5581 12.6206 7.03023 0.0206429 8.28991
13417.9 14.0114 24.6437 6.73091 14.124 19.8488 34.7093 14.7736 0.119519 10.6165
13513.1 8.04165 31.8777 14.8366 13.7869 19.0659 3.61473 8.12864 0.0486466 7.94405
13433.9 22.1087 22.6175 6.82521 1.38875 18.9162 7.65251 14.2869 0.0181505 7.53943
13474.7 8.06168 10.1839 44.5289 10.9587 6.25074 33.4145 17.7512 0.10524 10.7818
13450.1 1.92151 12.9493 37.1425 10.1785 1.18803 18.1789 3.96919 0.20284 10.4566
13534 0.837742 8.14035 31.9336 11.0785 4.45715 31.1266 14.3926 0.250886 11.9165
13509.6 11.4617 8.14079 27.9324 15.3178 16.119 26.0187 11.6309 0.063072 8.99848
13365.1 20.1841 15.7031 13.8174 4.30678 34.3041 13.0378 13.9042 0.0449729 9.13116
13241.5 21.5846 9.35411 35.6506 12.6997 14.446 19.1328 3.05941 0.000534262 8.16434
13335.1 28.8554 19.7252 48.5927 16.7793 2.26991 2.30852 4.58646 0.00172388 7.71203
13375.8 44.9885 31.5391 20.94 40.35 6.32485 12.5628 5.3302 0.0427538 12.6614
13405.4 12.5891 60.8353 17.1082 7.44685 4.13318 4.74257 8.46447 0.0427538 8.93036
13170.7 37.1472 21.6605 53.2631 4.7227 4.73724 2.36923 29.6677 0.0465137 12.4248
13476.5 11.9156 43.0982 7.38941 8.89348 11.6012 2.87495 25.5316 0.0209791 8.32108
13186.1 31.3846 6.30722 11.164 49.9529 10.449 9.93857 26.9252 0.00764263 11.9885
13364.5 16.7991 15.2879 17.8852 21.7449 12.9159 3.6714 28.1516 0.00341511 7.41053
13359.7 7.86407 11.4443 26.0869 53.9656 17.8751 35.1943 11.7979 0.00669847 10.8151
13451 14.4079 12.0251 40.2073 14.0158 8.73858 10.756 63.3643 0.0043789 10.8207
13611.7 6.17157 4.52607 2.83942 10.1526 6.09667 15.4118 30.3137 0.00298487 7.40972
13496.3 24.2601 4.84986 9.34965 5.9277 15.5445 15.5412 24.7086 0.0197352 8.09464
13603 17.9302 13.8205 32.8704 20.2238 25.9362 32.1008 11.3241 0.011164 13.1248
13379.9 2.84948 22.1444 21.0913 0.429102 46.343 15.882 20.9721 0.0156043 11.0731
13372.7 11.8728 48.3656 32.3597 6.82433 14.4488 20.0606 3.15266 0.0588908 9.97544
13384.5 11.2215 6.51779 40.5204 20.0227 1.86938 5.10238 19.6984 0.0611677 9.1594
13359.6 16.268 19.7452 18.1644 20.2626 7.8562 17.4537 4.79925 0.00891261 6.72636
13506.6 20.1157 21.5005 20.8732 17.5221 13.247 18.2505 16.9895 0.0560788 9.61185
13416 20.2491 27.3696 46.3652 3.6217 17.2607 17.566 20.046 0.0094097 9.81631
13422.1 3.89262 21.4751 9.63191 17.8323 8.42153 13.9607 12.5048 0.114719 8.76297
13576.8 5.35509 30.891 6.75338 30.9781 2.43257 40.9553 11.5899 0.042458 11.5203
13688.6 2.63142 21.8249 0.672524 8.74996 4.29596 14.104 44.3623 0.0247205 11.6755
13315.6 37.906 34.1975 21.3033 13.3186 19.172 20.169 6.84603 0.0246858 9.64191
13324.8 10.0613 43.8607 6.40203 17.7585 25.3688 14.9472 8.86846 0.00344036 7.64462
13401.1 38.2084 27.9201 6.01036 7.67851 45.6696 29.4459 37.6295 0.00799875 13.3457
13020.1 109.38 8.88152 14.5407 6.29083 33.8638 25.656 26.9383 0.00924881 16.3096
13412.8 9.32727 5.05218 34.4864 6.51118 37.1218 20.0027 27.7203 0.00924881 9.82159
13430.6 1.68232 11.0089 44.7767 10.02 21.2407 11.5034 3.30435 0.00368949 7.13377
13613.5 11.2926 34.8555 3.16189 4.0137 3.48058 10.2446 15.6244 0.00368949 7.81341
13601.4 4.38474 7.51711 3.16189 17.6299 3.62042 37.1335 9.36172 0.0238925 8.58535
13601.4 5.89438 17.218 3.16189 5.90446 4.11388 25.161 5.39538 0.0238925 7.48401
13225.8 27.4533 24.0907 17.0519 45.7302 26.9946 19.1275 14.1525 0.076334 12.6745
13268.8 5.02254 27.5218 28.0021 31.1789 27.8385 6.02351 19.6644 0.18248 12.6814
13244.4 36.1849 7.89775 27.3971 32.7646 28.4002 11.7028 22.2898 0.0410879 11.7086
13319.6 57.2997 17.904 18.0889 21.824 15.5504 4.16244 10.3939 0.38562 14.3521
13067.1 41.6384 61.4666 29.2284 34.2204 8.43435 4.65107 13.7565 0.336418 17.751
13271.8 3.38793 22.7998 32.868 11.0167 29.3441 29.3386 11.7755 0.0543269 11.862
13475.9 21.2867 5.00597 2.53265 31.2908 13.3857 11.4198 4.79279 0.0157287 7.31824
13255.6 25.4679 26.5926 14.9141 21.7613 27.0767 16.9858 11.2257 0.101493 11.0893
13356.3 38.4376 38.504 5.76635 27.3704 14.0613 44.707 2.39047 0.111605 13.9099
13358.4 20.0941 7.169 45.0291 8.96796 3.77194 3.34109 4.07905 0.00555298 6.74789
13325.3 12.7077 4.63264 58.7879 14.3797 14.9885 9.30848 14.8455 0.02098 9.12402
13275.1 17.7446 5.94554 39.6463 30.1789 20.8118 6.50635 21.8396 0.0255679 10.4216
13377.8 3.51581 52.0324 4.25665 32.3544 4.54708 23.5047 29.8764 0.0867637 12.1026
13405.9 45.2899 5.00872 13.4551 76.5081 4.79672 7.53023 0.183574 0.199774 16.7023
13397.4 14.1064 12.7278 15.6488 62.4957 2.42424 4.01113 27.7509 0.0734956 11.4542
13062.9 52.7554 23.1649 22.6618 23.5284 6.20486 48.9578 35.3395 0.00278591 15.5254
13246.6 57.7063 31.9825 12.4591 4.75658 12.4857 6.66203 24.3505 0.00444997 9.48366
13203.3 66.8273 18.8044 20.7904 13.4108 18.6645 12.1472 5.59312 0.00512512 9.45037
13504 21.1064 12.4509 22.3301 7.91725 19.6913 5.44522 45.2169 0.0111896 9.51249
13390 36.455 30.4999 23.8819 1.95497 9.61331 13.2003 16.0419 0.0307819 9.47684
13525.9 29.1811 4.71319 36.5529 1.22524 5.99583 1.16633 20.6611 0.134124 11.6542
13349.4 18.7629 51.165 14.9561 14.5325 11.4212 1.03223 39.9927 0.199384 13.4486
13587.4 25.6078 4.2693 14.973 9.57859 10.5887 1.03132 14.187 0.0439984 8.77484
13458.5 25.0189 4.91962 9.03647 9.69928 38.5179 5.35266 2.65218 0.123416 9.78136
13556.6 14.0482 10.325 8.85134 7.73741 29.5982 5.27495 6.81583 0.0136103 6.724
13437.1 5.00412 16.5799 12.9849 14.5158 22.1966 5.19809 7.47657 0.0339071 7.0701
13423.4 4.07286 33.595 12.6513 35.5138 9.64979 6.14043 6.56104 0.229887 10.506
13521.3 3.80869 8.4725 6.20049 2.2653 8.92759 9.39487 13.4913 0.135797 9.04641
13469.2 14.1187 21.2764 4.14987 6.3729 13.8966 2.00599 23.9986 0.13768 9.65196
13457.8 0.783503 30.362 12.1249 17.2995 26.9966 14.6992 13.0986 0.0158855 8.38518
13402.2 12.3046 32.2614 14.3006 7.05906 21.1011 29.5875 9.81546 0.00207644 7.29225
13482.7 12.5655 5.74526 3.98759 36.8216 4.36978 12.6963 28.8882 0.0863862 10.0201
13391.4 18.4433 21.0154 10.444 21.1179 5.24751 24.9145 18.7197 0.108027 9.88032
13353.1 32.3411 27.2619 4.42931 22.2313 5.48251 11.2552 0.895606 0.0518912 8.8867
13212 52.2178 29.9095 24.4749 7.92503 3.84028 18.2367 28.1394 0.230737 14.6062
13346.8 5.67561 6.53491 69.6247 12.384 27.7058 11.9604 30.9063 0.140634 13.5755
13464.8 13.2109 20.0708 6.16404 28.7794 39.2884 1.17081 17.0091 0.115187 11.1564
13373.7 7.54551 1.34514 17.5672 26.3368 25.9629 5.53538 17.728 0.0970517 10.868
13364.3 15.027 17.2053 63.9091 25.9439 1.22549 4.24953 14.5264 0.110212 11.9926
13413.6 9.74924 19.3083 31.1313 49.8828 4.08318 9.28466 25.5944 0.322195 14.1047
13296 18.9992 15.2914 21.3032 49.7452 25.8837 7.14701 3.39891 0.0133899 9.5556
13583 10.6079 6.56405 26.3995 7.59011 5.80527 8.50457 18.1021 0.287285 10.7614
13436.2 19.2589 3.56629 40.1844 13.156 13.289 13.6552 3.11386 0.0600492 8.55277
13411.7 44.0325 4.62698 3.85946 7.71588 4.11027 3.15185 2.00564 0.018431 7.8489
13582.1 8.61703 10.0695 13.0224 13.5327 19.1901 17.7926 5.44746 0.0635763 8.01995
13423.7 20.0584 10.829 18.1249 5.80256 11.4272 10.7753 11.5631 0.044151 7.30631
13372.1 11.0074 19.2413 31.0578 0.728539 2.00064 6.07636 10.2683 0.0547196 8.91887
13231.2 18.0576 20.2734 7.47838 74.604 3.93683 9.70748 5.30415 0.050137 11.916
13300.9 26.3074 24.9556 16.7234 52.5554 16.3131 14.2697 15.4069 0.101616 12.1187
13167.4 25.8377 34.2745 42.0752 31.0425 14.3315 13.3438 10.891 0.025185 11.2952
13509 19.2451 14.0662 30.0569 17.2163 5.53113 9.39772 13.4327 0.0994386 9.25434
13227.5 4.43886 68.4859 17.2541 3.95678 37.0825 8.51567 7.44862 0.0103983 10.4245
13290.8 22.3108 25.9492 5.55179 31.9874 43.0359 39.8264 8.76524 0.00308955 11.5311
13467 24.5227 1.86199 8.07772 32.0068 16.133 22.9285 9.38321 0.0199954 8.73252
13311 22.4347 23.8063 8.68559 14.8775 19.6196 25.1584 11.8228 0.024286 9.02515
13540.1 1.12505 38.3879 25.6316 12.9507 16.8202 29.1712 4.33767 0.0727329 11.6817
13485.2 6.19383 16.8327 9.73117 31.3657 43.9462 0.590254 18.3267 0.00900404 9.69691
13453 11.3121 22.5646 21.9292 3.4585 24.5962 4.76201 16.3355 0.0308906 7.76639
13555.7 5.49231 12.5646 20.5089 34.4165 15.0748 2.55944 4.57439 0.0065491 7.20822
13532.6 14.6443 9.34129 22.8166 15.6967 11.8672 8.29758 13.7324 4.2377e-05 5.03389
13417 21.8699 12.4125 8.30299 20.0332 10.6101 5.97827 3.15929 0.130446 8.50956
13448.5 10.9103 13.6985 16.1243 12.4551 0.285585 8.81571 62.0868 0.289564 14.9025
13453.1 8.30573 7.19711 17.0392 40.6992 9.91483 56.8093 25.869 0.099954 13.6493
13336.5 38.2644 7.05507 11.6199 22.151 11.1439 23.7845 30.4708 0.153432 12.4534
13494.5 9.92258 23.9592 19.9036 24.4254 15.2709 48.1921 11.6771 0.0306584 10.9821
13552.4 14.2996 5.66924 8.19968 15.2988 18.0394 30.5058 9.62526 1.77436e-05 6.08192
13503.1 28.7607 8.80987 18.3972 10.8562 7.02675 3.27906 3.28285 0.00217147 5.79874
13385.8 15.4591 40.3664 13.0824 8.57573 14.2064 4.69294 23.2715 0.00876475 7.44558
13341.9 10.4679 34.5622 16.008 7.94738 51.1807 6.15341 23.2399 0.0159009 10.171
13563.4 21.5094 2.14454 0.526561 13.0645 30.6592 12.7617 8.62803 0.375087 13.3752
13192 30.8021 47.8326 22.8462 35.1396 29.73 25.6388 7.00918 0.239834 16.0329
13358 11.2951 6.56481 29.5894 26.0257 37.5548 16.4171 15.6396 0.040708 10.4355
13247.4 32.1385 30.926 4.82347 2.76378 19.7187 19.4598 27.6642 0.0306682 11.4984
13327 6.44878 23.411 9.57575 10.8256 55.0698 44.7718 9.1756 0.0163973 12.5849
13444.4 4.75188 13.1262 62.8321 16.2082 14.0543 5.12127 17.4194 0.0676094 10.4805
13345.3 39.1016 8.84821 13.9287 18.4013 17.858 0.449462 7.45156 0.00156546 7.26788
13340.8 66.3375 9.3614 28.3813 3.70734 12.875 10.8383 9.90369 0.00770133 9.81763
13247.9 59.1363 5.96012 13.6826 3.70734 11.5837 8.14887 17.8296 0.000918695 8.43253
13285.6 26.4189 4.16512 39.4079 23.6452 18.4571 9.56188 0.697493 0.0552774 10.3732
13404.2 11.1405 6.45349 54.4523 26.6936 2.51003 7.42651 30.8737 0.0747736 11.2093
13212.5 39.7911 2.38663 67.4989 26.4625 36.5027 15.0705 35.9712 0.0245613 16.2665
13251.5 6.93225 24.353 19.6929 36.0174 27.5381 3.04643 12.4894 0.468514 15.2709
13392.7 2.45527 26.5426 18.3723 22.5779 11.4726 36.0737 8.79225 0.139716 10.9676
13372.2 2.89114 14.9558 40.7039 37.4433 5.5344 9.27211 8.48815 0.0701471 9.60482
13186.3 10.1234 22.7133 41.7178 35.0409 29.8947 3.3537 2.36753 0.369339 15.6503
13404 28.6514 11.1571 12.7075 21.1251 25.5512 7.34423 7.22419 0.237693 10.7283
13477.5 35.2294 15.1479 28.8834 2.20577 16.5588 13.4654 13.6059 0.140049 11.3679
13360.2 27.8221 8.19428 19.0898 24.1928 25.1095 48.3573 32.4244 0.113767 14.4368
13403.3 5.57085 15.3732 21.6674 34.5195 0.133167 41.5327 15.0596 0.100342 12.7693
13336 26.1446 11.6543 22.3814 30.8696 16.2264 11.1555 18.3182 0.00565876 7.98678
13355.2 17.4977 14.011 27.0942 12.2625 1.14693 12.6191 29.1541 0.00122478 7.80788
13430.2 9.34206 24.0001 26.923 6.08554 7.68181 6.96319 15.3786 0.0037686 5.89455
13516.3 6.68797 20.9297 6.37079 28.4016 9.54598 8.42669 11.0844 0.0619395 7.73866
13495.1 0.842326 25.823 8.91145 34.5137 39.2741 6.74828 10.0858 0.00427733 9.12339
13448.7 7.87699 3.84467 13.3424 4.49243 34.6038 13.9359 7.70703 0.0501027 8.85098
13489.2 5.36503 32.7517 22.9149 20.3526 4.06059 17.5141 7.88876 0.00613324 7.13363
13444.8 9.736 49.9098 6.65696 11.0354 7.54437 14.1556 7.60964 0.00358599 6.57462
13628.3 5.10189 16.2137 4.12786 17.816 18.5067 15.2011 7.14662 0.0217565 7.75496
13420.7 3.55056 16.2015 12.2208 15.4866 22.7554 8.16304 35.83 0.00695774 8.56359
13157.6 3.64537 37.2781 24.0121 33.9348 4.61621 3.3451 6.9261 0.00337187 10.9395
13530.7 25.5454 4.2 19.5769 4.00246 6.50444 7.74621 7.24179 0.0150186 6.69304
13420 22.4493 8.68429 7.83167 16.641 16.9843 1.94848 33.1033 0.020575 8.74833
13279.7 7.41827 55.8838 5.13742 26.5268 4.58021 10.9928 7.28472 0.0271085 8.93929
13304.3 28.6423 26.6855 15.8735 29.2054 5.48779 8.58183 9.08063 0.0102464 7.5322
13273.9 22.8058 15.3781 41.5995 31.7924 18.4602 33.5095 4.89654 0.0102464 10.6853
13279.1 32.5202 37.1979 31.0995 12.329 10.7345 50.1684 13.4486 0.0609697 13.075
13540.6 6.62524 27.7722 5.0705 12.1117 14.0612 22.6392 1.15812 0.0693734 8.79149
13560.3 0.25774 17.0908 9.58393 19.7283 14.6272 5.33795 22.0779 0.113898 10.086
13565.7 17.6821 15.9545 5.30619 19.6502 17.9392 2.6867 16.6961 0.046744 8.62221
13344.3 3.41778 25.5786 4.868 36.092 17.359 8.59144 9.78145 0.171208 10.8743
13474.6 8.34418 11.5333 11.1998 10.4471 22.4388 11.4102 11.598 0.0604804 7.63403
13428.4 1.94708 15.2616 15.8876 13.549 24.2881 24.6583 11.3976 0.0677044 9.43167
13621 10.8114 4.4708 15.0076 2.18864 27.0552 18.3207 18.242 0.0619245 9.84044
13509.4 44.433 12.2931 10.7676 12.7021 37.1751 2.05331 21.591 0.0981118 13.2835
13400.5 9.56536 14.5625 45.0839 10.4307 31.1206 16.1203 5.04304 0.0364978 9.18053
13341.1 9.00635 54.7098 1.06369 13.2003 28.8721 32.447 2.06503 0.0875658 12.2063
13428.7 21.4243 25.3684 5.74429 24.4677 45.0661 5.23733 18.1639 0.0112119 9.71479
13433 3.95022 30.8603 14.3893 17.269 41.1044 5.23733 6.72724 0.122582 10.2098
13401.7 22.0723 25.9034 1.87035 10.7192 23.0574 6.42806 4.59372 0.0120498 7.14222
13295.9 4.91121 45.9095 26.8793 8.03913 9.56426 3.1683 4.59372 0.023479 8.09633
13300.9 33.2584 24.6175 28.4475 8.23751 2.93795 10.5968 4.43517 0.0848748 9.28665
13274.9 3.88383 23.2645 23.7595 21.099 15.702 10.3127 4.88133 0.0763619 10.1611
13344.9 13.3872 12.1209 4.49535 74.1826 5.67162 8.20252 30.056 0.075094 12.5427
13381.8 20.2584 19.9027 6.82403 40.1856 8.23537 2.84962 17.2215 0.0138579 7.90783
13370.1 30.5655 14.6055 6.97244 30.0542 14.9022 9.01844 19.2915 0.0138579 8.09952
13467 24.9093 56.3152 16.9408 11.5633 17.9318 42.2753 7.62332 0.0150979 14.1631
13335.9 13.3098 12.9912 37.522 16.2572 12.9327 14.7452 2.48644 0.0754231 8.99027
13404.5 1.46927 1.66053 40.8033 5.49634 32.3116 14.085 3.67989 0.240899 12.3599
13584.8 14.0836 2.82929 17.3155 3.07331 46.5279 20.5668 2.84043 0.092554 11.3576
13426.4 8.38696 38.4158 9.19751 5.46392 15.2618 36.2801 3.64852 0.0944257 10.0251
