-51.6094 8.21776 3.33502 2.58886 6.80599 3.40191 5.84256 8.00151 5.78667 15.9517 0.0344243 6.06535
-74.9904 4.3889 1.93189 7.61991 7.52462 4.66731 12.2762 1.54017 9.17734 15.8617 0.10411 7.45739
-15.2859 2.57349 0.936374 1.64101 2.60892 5.67627 3.3726 4.76938 16.4171 12.8201 0.0656416 6.18459
-15.2859 1.99061 1.32142 2.21572 8.2695 2.14702 6.17526 1.73399 14.6357 4.73277 0.0550603 6.36965
19.1423 1.32487 1.32142 2.77986 17.5924 0.703127 7.22088 9.89301 8.48864 4.40764 0.113034 14.8541
-72.8294 4.71925 0.696647 5.78734 13.9398 1.06363 4.20736 11.5325 17.7333 3.92809 5.29325e-05 4.724
-66.0517 4.07013 5.66083 3.04538 6.41774 1.50892 7.10668 9.24254 31.949 6.45958 0.0493707 7.04042
-22.2628 1.78898 0.428034 3.09633 9.24292 3.97961 0.65532 6.17122 15.2694 4.47582 0.0157189 5.78757
-46.3086 6.1389 2.46955 2.023 0.339208 7.09069 3.43205 8.21341 18.6751 12.093 0.0682516 6.70007
-65.8435 8.0288 11.2707 2.94025 3.24686 4.83543 7.12532 0.756048 2.3487 3.08372 0.0357121 6.56807
-40.0556 10.912 3.09193 3.92419 1.16435 3.04978 11.3476 3.27246 3.69828 10.1866 0.0700612 7.73721
-45.0902 7.54936 0.169379 2.02031 1.06428 12.7164 1.07272 5.00729 21.5208 5.61734 0.0389416 7.58302
-64.4486 2.42388 1.51488 1.85907 0.505415 16.3082 4.79683 0.563296 35.1646 24.2185 0.00774214 7.88931
-65.7906 3.10384 2.11138 8.95389 2.00651 9.66862 6.98791 2.08255 33.2258 71.9029 0.00446444 11.2077
-61.8199 5.28985 0.99579 6.13424 7.34068 4.98951 7.25734 20.008 13.2205 6.44663 0.00654926 7.4907
-73.2049 4.40054 8.37525 0.17056 4.20839 3.54284 2.52628 6.49624 12.9821 12.4866 0.0424695 5.13936
-52.4724 2.28517 5.68185 7.64942 3.97137 3.08979 1.88009 5.35797 29.7042 37.8937 0.0148363 7.72483
-63.0748 8.53259 3.32181 6.954 5.02635 1.48098 7.84995 1.51539 4.3357 26.9825 0.00379436 5.34573
-34.584 5.30561 0.982949 2.11003 8.10366 1.27789 8.70515 1.72591 2.42223 21.39 0.00379436 5.21591
-41.0506 12.07 2.32531 5.57067 4.37542 3.19322 5.06889 1.61749 7.46589 12.418 0.00044823 5.21598
-45.6882 0.43539 2.36278 10.0274 1.22824 13.8526 1.28288 1.30826 30.7782 12.6085 0.030036 8.91868
-19.3781 3.76043 1.5506 3.80317 3.06141 4.57604 1.50788 4.57413 58.0065 11.8884 0.112513 11.42
-62.1105 8.31839 4.34531 1.77972 0.332163 7.24141 2.85924 7.7849 32.1119 11.247 0.0858946 8.30347
-55.9339 1.02569 5.13223 1.44544 3.75637 15.9838 6.04483 0.80186 11.3392 38.2787 0.101378 10.1156
-54.3643 2.83199 5.11749 1.05529 2.28054 9.3804 1.4139 9.04924 0.222517 44.7152 0.0712875 9.15955
-27.2102 1.30299 5.42213 4.46512 1.76559 3.20406 0.730621 9.01146 8.39012 8.75302 0.376568 9.87966
-47.8682 0.721877 5.4258 4.1278 1.18663 10.8265 0.968943 18.1156 2.0997 5.76406 0.126721 8.97693
-71.7416 3.65474 7.17437 10.7875 0.454083 9.67301 3.2407 3.93293 12.1962 2.92705 0.206281 9.03543
-67.7049 2.62935 3.69768 15.5685 1.09483 5.33912 3.31247 0.954132 0.561729 8.70872 0.0514193 6.56466
-30.4626 1.68742 4.41986 7.67464 3.14788 3.26772 3.79472 6.90924 20.4942 19.1253 0.00408133 5.72154
-46.7783 1.25896 3.94446 12.8908 7.44271 9.17286 1.51448 5.03808 14.9741 14.4709 0.0077991 8.01297
-68.4208 1.11858 3.94446 11.2194 3.68247 8.43614 6.15191 13.0476 17.8838 14.0847 0.00184299 6.67191
-64.8778 4.65452 2.06504 2.65251 5.25588 7.97311 0.480834 4.02527 6.25291 8.11353 0.00374937 2.67019
-71.7159 13.2288 1.03628 2.44267 4.33794 6.44009 3.10059 11.7094 12.928 16.9006 0.00458618 5.81
-68.8408 3.65878 2.10981 4.65475 8.52718 7.20522 8.68588 1.36144 12.196 2.40516 0.00764039 4.4098
-49.5224 6.07519 0.799997 1.98119 0.488905 4.32801 0.901351 9.99892 21.3385 0.249944 0.12324 8.21567
-18.8728 6.36733 1.08986 3.09424 1.33894 7.38787 5.37234 0.387284 21.0411 2.43292 0.0141574 6.84775
-34.9594 3.21969 1.08122 7.7758 0.55181 2.08968 4.76697 4.3119 31.3543 8.84815 0.0147104 6.07491
-57.9136 8.00437 1.73628 10.4304 1.19075 4.78083 5.8255 3.02403 15.5606 9.9279 0.0454328 6.58979
-66.9053 2.55515 1.44977 4.24946 5.92915 3.70619 9.62212 2.50674 12.8222 4.97022 0.00361156 2.77165
-48.8306 9.37548 3.69591 10.0911 1.35374 3.4848 9.57221 16.3281 4.43544 13.2657 0.0185434 10.2742
-37.3516 3.37336 4.17019 3.1394 4.56928 10.7695 7.51467 9.04602 12.1363 5.94632 0.0071319 6.61909
-45.1992 0.371899 0.218322 1.68093 5.19459 4.19478 8.10875 4.31784 30.2681 2.64457 0.0263966 6.70921
-62.6212 0.96937 2.57545 3.28409 0.280016 18.7206 0.586909 18.3684 10.4251 3.40599 0.0847532 9.92649
-50.6978 6.29876 1.61575 0.57076 1.79644 3.21266 3.30044 26.5495 30.2439 13.6054 0.0271783 9.43233
-60.6517 3.02749 13.6523 4.19504 2.62534 4.74558 11.0998 2.77869 42.4725 21.2745 0.00481077 9.99654
-35.3987 4.62003 11.6044 1.57236 1.56048 4.98568 10.0658 1.59385 22.6254 25.4262 0.00481077 8.83945
-67.8026 1.83804 9.58639 1.03689 4.77714 7.88447 5.95138 5.99184 15.9467 19.8754 0.0747281 7.31094
-60.8931 2.38887 1.00897 2.86051 1.88216 13.6822 4.14856 9.24585 1.54013 9.26924 0.00889115 4.4097
-31.2718 3.47474 1.7486 11.5358 4.90781 4.41771 4.41011 2.29154 4.19353 1.20432 0.0168643 6.23285
-30.3311 1.23144 1.52217 1.69228 11.4624 6.09026 7.86231 8.58774 7.68011 1.09417 0.0127763 6.96932
-44.1669 2.28492 1.62272 8.85244 8.69062 4.61567 6.06037 4.25803 6.89645 6.55367 0.0056556 4.98463
-71.7409 5.34898 1.87626 1.78292 4.67281 0.954787 5.43879 1.20259 32.9824 12.4181 0.00570786 4.40629
-70.8239 4.15477 2.34711 3.05512 1.31048 2.6521 7.22964 11.1192 6.88768 3.71948 0.0137544 3.00103
-38.9488 6.1277 5.31625 2.40209 1.37575 6.22158 10.5475 7.03292 2.68425 8.72082 0.0404502 6.91465
-59.6778 8.83491 1.75374 5.04698 11.9923 7.0641 17.1621 7.47057 11.6795 5.41549 0.0228998 12.1134
-49.8162 9.31352 1.9971 9.78794 10.1051 1.62794 0.990077 4.32764 26.2317 5.27367 0.0204253 8.82519
-62.6124 4.5147 1.87793 9.57461 3.15467 1.22735 8.52734 3.57061 18.9426 12.5767 0.0107379 4.88852
-58.2226 8.68118 2.84632 3.66746 7.9438 1.59643 2.63476 4.22928 18.128 2.41225 0.00390714 4.23413
-53.7605 9.72642 1.31097 2.04379 1.68303 2.11853 0.772215 1.33576 17.5489 23.3006 0.00752506 5.04848
-43.9878 2.2506 3.4653 7.20777 3.06865 5.22889 10.3237 0.766271 3.70468 21.7884 0.00807656 5.60319
-47.4875 2.96152 3.42167 12.3183 1.86674 1.73237 3.75779 0.862435 0.873808 7.79322 0.0484031 5.90648
-53.3035 2.85218 12.6775 7.472 1.46671 2.43869 3.52292 7.21118 1.39291 16.5985 0.0152336 6.59282
-69.8702 1.12704 8.86733 9.67199 6.33626 0.199498 2.19961 0.941633 15.4756 9.52226 0.00678366 5.50095
-65.6243 2.39295 6.29309 8.95499 6.32869 5.39405 12.2313 4.60797 17.6077 27.4148 0.00885166 8.42349
-68.8614 2.94468 0.930759 7.61297 1.3158 4.35687 7.82852 5.22879 30.8805 11.0631 0.0131534 5.27034
-44.92 4.80056 4.49657 4.97419 1.07287 16.2093 11.2957 5.33924 59.3635 1.77723 0.0186053 14.562
-63.6309 1.473 1.23512 0.957588 1.76116 9.69736 7.96278 5.67727 38.6306 3.32837 0.00073269 5.06717
-41.8414 5.62626 1.78103 5.42845 0.171227 1.85107 1.77036 5.5493 19.9309 19.5561 0.00307433 5.03162
-62.3372 3.14754 0.520427 6.01426 1.49406 4.41769 1.81069 5.24362 19.55 32.7587 0.0032528 4.81501
-56.7578 10.7183 0.270268 2.549 5.18309 0.515075 1.45207 4.106 27.5522 3.73778 0.0210923 6.4191
-67.7741 4.65312 7.85041 3.99536 2.9677 2.27931 2.04976 11.3753 3.40436 12.5733 0.293986 7.93197
-66.86 8.2166 13.2046 2.79522 8.56646 4.0497 1.49643 11.2893 2.90209 27.0073 0.0894557 11.1476
-58.8283 8.8381 6.60505 0.952568 2.97271 7.27324 3.19082 11.3848 19.5899 27.9673 0.113667 10.1688
-53.1577 3.4174 3.83308 1.33492 0.86821 9.16227 1.41299 9.18716 15.3589 10.4435 0.229669 8.17881
-55.1111 6.32271 5.08431 1.06999 5.34414 5.04911 8.47537 2.34759 6.12632 54.592 0.253214 12.2745
-65.011 1.63621 12.5652 3.37115 5.08635 5.55855 16.2949 8.45163 7.87303 17.3872 0.156067 12.1777
-71.302 2.61494 9.60088 1.3861 3.2074 1.28331 9.73811 1.95144 11.4367 28.6918 0.154479 7.96238
-70.624 10.9141 6.00681 3.88719 8.52985 2.78037 2.56358 2.63349 10.9252 50.4176 0.245188 12.3151
-46.6759 1.48281 0.938788 0.685943 8.09388 2.1208 6.27354 5.58269 7.41677 13.7241 0.213192 7.44553
-59.2017 0.629976 6.8729 4.05704 4.54948 1.53378 7.53673 1.26537 10.1719 6.71963 0.341828 8.54925
-67.9962 1.35654 6.96521 14.8236 4.63821 0.788755 2.78646 12.6097 10.1595 6.41101 0.118693 9.075
-67.5098 1.14448 7.64001 1.79932 3.89969 14.0855 0.191197 1.19528 13.271 11.1984 0.000101507 4.31567
-67.3262 3.47861 8.08794 5.34293 7.80049 5.6952 8.3315 0.90325 20.9207 23.4933 0.00139414 6.59411
-56.0679 4.04514 2.67401 1.06466 10.6715 4.32381 5.24919 4.03803 49.6037 21.9239 0.0306546 9.33056
-64.2359 4.08907 3.40321 1.56629 4.67129 12.4124 8.32894 2.04017 23.589 15.7418 0.033732 7.02397
-67.4293 9.3987 2.17656 4.54667 4.0374 4.93018 7.9153 1.62317 38.9217 3.77538 0.00405244 6.21055
-52.7299 2.57158 5.33979 2.70415 0.952166 9.5106 1.26576 7.14715 8.79271 10.9766 0.00601625 3.69845
-56.0041 1.85482 0.00696652 2.53234 4.50164 1.33046 13.0158 10.4949 27.5177 5.75974 0.0206434 8.59309
-68.3128 4.72083 3.594 5.2402 5.22748 11.2584 5.66609 9.97401 4.60698 5.10691 0.21946 8.77594
-64.947 3.77997 8.09656 2.03551 5.36286 6.40532 1.12954 16.3133 0.579303 2.03255 0.0393184 6.91512
-43.9054 7.266 10.3342 2.25866 5.66852 9.80576 0.832503 4.48407 9.02017 8.3171 0.0135191 7.95731
-69.6344 2.53475 5.71444 3.56069 2.22313 9.46686 5.46903 5.5454 1.55085 13.7903 0.0188258 4.11859
-66.5827 0.214964 6.7471 4.47713 2.37148 6.43486 5.44129 6.37616 14.2574 18.7791 0.015421 5.15998
-74.5649 2.44075 6.7505 2.13649 6.01938 9.9593 3.68101 13.2902 18.6275 6.32791 0.230924 9.84609
-63.9101 1.61381 5.70551 11.119 6.15099 7.36015 0.507886 2.76201 21.0438 1.38024 0.0354659 7.36876
-65.5727 1.38928 1.97011 6.9659 4.52414 10.2582 2.70901 1.98959 2.59963 9.7171 0.120038 5.82119
-72.9727 3.69125 6.2576 0.625911 5.1564 3.65205 3.92283 1.12868 18.61 27.4948 0.017677 5.1376
-30.0299 6.39171 6.07164 7.20153 3.20656 3.09774 1.77562 4.10913 46.0867 46.9091 0.0137371 12.3061
-44.1018 3.01609 8.67271 3.11527 0.626877 1.04047 1.96396 0.409761 19.2472 14.6894 0.0109715 5.48079
-72.9647 4.59037 4.90142 1.56224 3.70184 14.5251 2.88829 4.85984 13.0187 8.00964 0.0115374 4.51837
-72.9647 4.39258 5.02569 4.01748 1.2114 6.3793 7.80021 2.47534 13.375 12.2122 0.0441946 4.59431
-61.8448 3.99255 2.01436 0.0953164 13.8064 3.4568 11.5008 3.09229 1.52193 28.8197 0.0419157 8.92905
-66.4795 3.69896 1.90085 1.56211 10.783 4.58583 0.917748 7.60583 4.52082 29.4016 0.118174 7.25938
-62.4275 5.68276 2.02536 0.7113 4.96908 1.95165 3.6366 4.96384 3.09014 8.58144 0.1319 4.9458
-48.7332 7.5927 2.95101 4.14276 4.70761 1.49983 6.12798 5.15682 3.09014 5.60258 0.329637 8.10509
-60.79 3.54868 1.51861 9.10747 6.26665 2.0954 15.4205 10.3259 2.20962 5.16097 0.0276917 7.66351
-67.5504 11.1583 1.65156 2.56757 8.35248 1.82644 12.8526 7.53961 0.942607 19.1041 0.0112807 7.55715
-68.7428 11.3627 2.18458 0.129795 3.6387 1.36672 9.33765 4.44396 8.5301 5.67263 0.185336 7.66402
-74.5594 12.0563 4.01231 4.89918 8.74014 1.14091 8.81529 13.8886 2.01972 14.9615 0.106667 10.2306
-65.7036 11.7589 7.80363 1.14485 1.95367 7.46897 6.48748 2.49675 19.1244 9.72347 0.000533411 5.67896
-69.6991 3.06995 1.89596 4.6165 11.6726 8.12125 8.00252 7.50478 26.7696 6.38757 0.0111928 7.19526
-70.3159 0.558709 6.17096 5.52895 5.1998 8.51685 0.676127 6.75048 0.857732 22.1153 0.0270225 6.03575
-68.4358 7.76638 2.067 3.44496 7.91088 1.24157 3.25936 3.17238 0.0974103 6.04378 0.0281141 5.07213
-67.2244 10.182 2.25094 9.51522 9.35843 2.80652 4.01405 6.27481 1.60774 5.29579 0.0297006 7.13825
-69.0045 4.33896 2.00812 8.58051 5.58973 0.906605 17.1821 6.89478 2.85381 5.35541 0.000523446 5.15732
-59.7623 1.17088 2.45761 3.31905 3.67004 4.48176 7.04317 3.62931 4.16729 43.8491 0.000523446 4.1498
-74.7541 15.9067 1.82063 3.12588 12.7587 6.02374 0.768409 2.96203 2.67013 1.22553 0.458559 11.4379
-66.3793 5.04745 1.0332 2.67822 1.99577 8.94689 9.32038 5.73779 2.45996 5.2094 0.0594548 5.04718
-64.3651 4.26431 0.530345 4.2474 1.12138 1.85442 12.5347 0.345437 5.07601 5.59488 0.196993 7.21105
-38.1388 0.887277 11.0862 0.965018 11.7797 1.32362 9.48871 3.63143 5.32802 4.73183 0.224302 11.328
-48.0626 5.87955 2.36634 3.17186 9.10971 2.45111 5.59799 1.66164 3.33357 18.9972 0.0458025 5.79539
-61.4018 6.27662 0.930452 2.77402 1.46311 4.56554 1.03975 10.6365 12.106 18.849 0.0181858 4.56253
-74.9407 3.96442 2.26089 4.3516 3.89874 3.08847 9.14962 4.69588 7.04025 5.22463 0.00523098 2.14528
-53.7558 2.13624 2.89529 1.23126 3.08435 4.49927 10.2841 8.48519 3.27987 34.0809 0.0141837 5.66973
-67.5084 2.80828 8.39017 0.796221 2.74023 3.83846 3.78831 15.6982 14.103 20.0306 0.00478257 5.07409
-40.5536 0.669944 3.96284 4.99108 5.18571 3.74114 10.524 9.52562 34.7384 12.2029 0.0105697 8.17579
-46.7987 10.397 5.34286 1.73546 5.12477 3.85704 5.99457 15.8073 25.3022 14.8622 0.00493824 9.35006
-71.3006 1.27056 3.80145 3.22874 1.80982 11.5578 7.17099 2.08165 3.43892 5.48305 0.00798594 3.17927
-43.3034 5.25275 0.581156 3.03024 9.80608 10.5877 5.12999 0.448057 9.15265 1.77726 0.0190208 7.16756
-30.5262 3.5892 0.288552 2.27179 10.2947 10.308 13.9998 0.621121 16.1452 6.46729 0.0295713 10.7014
-71.6278 2.93541 4.8081 0.684525 7.08433 12.3988 11.0117 2.82472 7.89988 16.3085 0.00167273 5.35809
-73.4233 2.96695 0.678786 13.1903 9.18594 1.79437 4.57274 1.84714 20.3162 4.56171 0.0295172 6.31004
-68.908 3.95177 8.23164 1.62768 0.136424 1.36004 17.1895 6.84461 8.34738 10.9515 0.0130324 6.43001
-48.1513 1.62996 1.38158 0.320139 10.4654 3.36425 13.021 6.77737 8.22051 25.84 0.0819 9.03057
-62.0319 1.66431 1.43994 1.69783 9.84206 6.59209 9.58991 13.2359 4.76687 33.5654 0.0300982 8.28725
-49.0168 2.78397 2.13983 3.10987 7.412 4.42317 11.8526 8.92086 9.60714 29.5767 0.00318818 6.44179
-58.3177 9.11508 0.909546 1.54235 0.959032 1.2613 11.3691 18.8107 1.18726 14.3007 0.022713 7.74211
-43.3307 8.31046 5.9794 6.84056 1.35659 3.45672 5.98126 2.9199 22.1009 18.3742 0.018348 7.70189
-41.0982 4.66934 3.60239 11.8694 2.3439 4.45807 2.63943 4.74994 11.7801 17.7707 0.0120542 6.28124
-56.2664 0.593917 1.09001 12.1613 1.60143 2.23118 5.52133 6.56245 15.4989 14.5413 0.0157102 5.37767
-59.9502 11.0082 6.72177 3.8829 6.11418 10.143 8.94992 4.08235 10.8289 16.2224 0.0142992 9.76886
-52.2871 5.99676 2.62578 1.73203 2.89416 7.03585 3.67234 4.80017 3.80026 25.7615 0.0171024 4.57751
-47.2514 2.51916 2.5947 11.7289 3.76361 6.8976 5.25621 12.3224 21.8999 18.4215 0.0414215 9.71451
-68.0475 0.199656 1.60356 5.2649 3.466 9.54232 5.63032 8.02031 23.7748 17.9471 0.0242881 6.62256
-67.1605 2.07538 7.11044 6.76516 4.76773 3.2276 6.39135 14.8416 2.63539 18.6047 0.0105588 5.94859
-74.3444 3.01917 5.65876 10.9895 4.31421 3.75154 12.0621 4.86683 12.2456 13.4832 0.0422599 7.18107
-28.5373 2.58603 1.14787 0.82965 2.54007 4.04544 6.78603 5.00591 7.97839 12.9535 0.0203228 4.24104
-60.4044 10.6511 7.89974 2.10179 3.15777 3.89383 8.14533 4.23001 32.0688 8.49863 0.0628287 9.23229
-74.5778 0.15544 1.29259 11.4717 2.4411 9.62736 4.02485 3.53192 8.25388 11.0153 0.0829668 6.67986
-69.4339 1.27504 4.55222 1.38724 7.58023 2.83411 7.29925 7.12836 26.7648 25.2794 0.00711642 5.60672
-63.317 0.908898 6.97285 0.901596 4.5738 6.96786 0.0562299 7.26156 5.52338 25.1828 0.0509801 7.10685
-62.8889 8.27075 0.249582 5.73742 4.53662 0.996219 1.60196 7.55475 2.65364 15.2185 0.163753 7.21146
-52.8386 8.18241 1.33912 13.4425 3.76156 0.536728 6.72306 2.33456 3.56319 6.01798 0.247968 9.67849
-51.1143 1.90045 2.01937 3.0488 1.23502 4.85331 6.16901 6.18981 23.812 12.8112 0.22227 8.12595
-68.9143 3.43454 9.57057 5.98968 3.84883 1.19431 9.9049 4.11447 13.5128 34.9373 0.117069 9.35222
-70.3957 3.82842 6.75452 1.67282 4.31706 4.51946 9.48343 2.60088 13.1905 2.07544 0.0321727 4.50637
-57.466 5.11943 3.82299 3.1565 2.12838 1.36439 20.0493 13.1171 21.1549 4.8143 0.0226025 8.8993
-55.7682 1.90057 7.13153 0.428162 5.62175 1.63457 6.81023 5.42981 0.956372 1.67177 0.0801712 5.9007
-36.5755 5.09484 1.77037 9.84778 5.53478 1.73032 0.827207 1.02167 1.81198 8.1207 0.122783 7.37742
-34.9858 2.19245 10.1172 1.55333 3.90807 4.2757 1.80164 2.14576 19.2054 9.08485 0.232529 9.16627
-63.4778 1.76037 14.1321 0.364924 1.58939 8.67017 2.55389 5.15772 2.91408 5.38937 0.173105 8.05804
-72.0629 12.1812 8.85298 1.64835 1.07652 8.0562 6.5701 1.13119 10.6578 9.43331 0.122242 8.43701
-61.1234 2.14221 7.37495 2.28525 1.12918 6.2834 7.23497 3.59095 19.547 9.42983 0.0527694 5.511
-62.9394 5.70969 4.13977 9.91172 0.938504 18.3985 6.57649 13.4453 35.5298 9.08666 0.00270968 12.9596
-71.2035 1.10557 1.09646 11.4267 5.2226 6.01402 4.64832 4.44455 14.1205 16.2904 0.0068898 4.61909
-72.2254 2.22017 7.05046 7.03233 9.33648 0.163004 1.01925 2.05016 15.2589 16.9898 0.0358634 6.51477
-65.0697 4.81156 7.98991 8.25458 10.2531 2.69273 0.798176 8.05627 28.8203 10.5736 0.00158481 7.51203
-67.2841 7.54129 7.78682 7.21499 9.02082 2.11946 3.42636 4.44236 9.28767 6.99244 0.020219 6.2805
-74.8823 11.8554 6.50694 5.81388 0.730398 5.6957 3.58398 0.0218621 39.4817 1.04199 0.00103998 8.90356
-58.4136 6.96968 3.07637 6.13656 3.25256 3.23432 15.6065 5.55112 35.1953 9.30083 0.0906013 10.7586
-62.5135 3.72143 6.22202 5.93233 4.14719 6.36774 1.59499 1.29581 5.78519 6.23797 0.0727836 4.95251
-66.9846 10.5301 9.43922 8.55011 1.29191 10.6259 2.71186 7.65156 17.5152 6.97244 0.0488516 10.7598
-46.4943 6.83395 0.82562 2.46612 5.20357 6.89617 0.397444 2.60086 7.32406 6.48501 0.0538666 5.36452
-47.1729 8.38907 1.78254 5.70358 12.3026 0.469343 1.83607 4.27032 58.8233 31.4742 0.00276124 12.1232
-66.8041 1.6385 0.778015 4.75631 9.14871 9.17035 6.59217 4.27007 7.353 2.68203 0.0144279 4.64597
-67.6404 11.321 5.94169 6.43938 2.89367 7.3009 5.94835 11.9016 2.18055 1.03079 0.00464487 7.69919
-67.5569 4.79747 1.95032 4.56047 3.0331 2.2861 0.860749 13.5521 9.59146 7.48946 0.0449742 4.40451
-69.8572 1.96735 7.55531 3.24744 4.75374 2.07484 4.51267 16.1699 8.52988 23.2617 0.0114505 5.35819
-65.9973 3.18012 6.81948 4.77708 1.5323 0.561172 14.4676 9.48663 10.2573 13.7206 0.00294561 5.28842
-68.492 0.799328 4.84545 9.17936 1.26778 1.80678 18.8208 17.9576 7.69681 20.581 0.0817087 11.5248
-64.2957 2.20647 3.76634 1.08399 10.0252 1.61085 6.37006 14.8115 10.974 20.6404 0.150896 8.74292
-60.4794 4.8235 2.75956 1.96354 11.063 8.92317 7.72943 2.155 6.77056 10.342 0.0259693 6.10217
-65.4109 0.798981 17.2763 2.5412 8.13245 2.81495 0.672961 5.26537 4.53625 6.65573 0.000221171 5.04825
-37.7129 2.36992 1.38537 8.73594 2.974 7.03107 3.86765 6.03036 2.11173 10.6501 0.00280388 4.20339
-39.7853 1.22823 1.92905 7.99509 0.91701 15.5902 2.65518 4.88716 7.45699 6.45387 0.0160235 6.36428
-6.75536 2.2732 1.92905 6.92353 0.915339 12.1198 0.713497 1.39451 9.89719 12.1815 0.0218314 7.71411
-49.3997 3.56485 0.316038 5.09177 5.0708 10.5639 5.68836 5.63736 6.40965 11.868 0.0253773 5.91072
-69.1218 4.01211 11.7587 6.12284 4.68453 5.64902 1.37222 9.67126 4.61271 8.60188 0.00617495 5.42912
-67.0125 2.4193 4.15453 4.49847 3.90473 4.19228 1.98929 10.277 4.34544 6.60957 0.0225204 3.14868
-68.7371 10.3247 3.9674 6.05136 3.57895 9.46866 1.70022 1.02972 5.3404 14.281 0.0222059 5.85263
-71.5369 8.49016 4.52432 4.82681 1.04145 6.86349 1.66668 10.4196 8.99688 23.0536 0.0496694 6.45294
-58.6557 3.7242 1.87423 10.4794 0.727199 0.565158 1.62108 5.9123 20.2702 1.06755 0.0847367 6.83342
-66.7332 1.22108 13.5184 1.99917 1.58938 1.14897 2.71762 4.27518 6.58583 8.27361 0.0530395 4.88029
-66.7507 1.46181 4.71418 3.01232 6.49724 2.23796 1.98811 5.30042 3.49477 13.4338 0.133869 5.07862
-52.5572 0.540633 8.28589 0.856588 2.45856 7.94417 10.6623 3.69401 5.62137 13.9507 0.260641 9.62307
-55.6267 3.06629 1.41071 8.80531 3.56054 5.01881 3.28424 2.86662 16.8403 21.8149 0.0106368 4.73995
-72.8995 2.91893 1.32942 21.5011 3.66533 3.03312 3.50908 7.71061 18.8745 23.1098 0.0222977 8.86559
-51.1507 5.35328 1.14798 5.0182 14.3369 1.7418 3.75279 9.9312 1.17528 8.60453 0.0428528 7.5392
-65.1921 4.75146 1.14471 4.7468 7.1193 4.96587 4.917 3.22694 7.91212 9.62894 0.0955085 5.1197
-74.6296 9.3335 2.87886 4.28996 5.91687 4.55887 3.11688 16.1923 9.50302 2.46409 0.045726 6.47743
-45.4137 4.74894 0.922829 7.01114 0.596855 6.96729 1.0168 8.39704 14.7701 15.3713 0.0726638 7.08771
-51.0288 3.33256 8.95917 3.87286 1.46789 5.48873 3.18186 4.32973 8.70018 12.7282 0.12279 6.47573
-72.2834 5.00784 5.63243 6.06146 6.07017 4.26899 13.0641 3.64378 19.4604 5.74511 0.115014 8.4925
-57.5923 3.86524 6.61011 3.09862 4.41643 5.43968 4.5299 4.04211 3.98634 6.40613 0.0976797 5.13719
-55.1001 2.61092 6.57563 2.72235 4.26476 7.76996 1.64481 24.3338 2.20096 4.48971 0.0956807 9.18147
-73.0188 5.25003 7.37223 3.29498 7.93529 3.77593 10.8495 1.89194 7.03107 22.8229 0.0971697 7.77551
-69.1325 6.24836 1.10646 0.933762 8.00954 0.178952 7.51676 9.74591 7.2384 21.7731 0.145092 8.23024
-71.8479 4.83088 1.03261 2.00119 15.8922 0.320664 1.977 1.19656 2.32227 11.3767 0.238976 8.37324
-71.8479 1.13138 8.74128 6.13284 5.61452 3.04859 11.2085 15.2639 2.22142 21.6692 0.195673 11.3
-71.2093 5.29738 2.81199 5.97974 1.97585 1.16005 10.5182 7.30164 2.69313 26.1204 0.0373323 5.67319
-40.2475 3.93634 2.31654 5.1961 1.9245 8.47721 9.20701 0.222086 23.8838 13.9257 0.00733117 6.95879
-12.5586 1.60224 4.69654 3.78455 1.8027 1.30819 3.45634 3.03219 26.4236 17.6796 0.00376345 5.51595
-33.2127 2.65185 0.663195 3.4411 1.88792 2.70553 0.846069 2.60051 24.5603 15.2264 0.106953 6.91959
-22.9845 4.92005 1.0586 1.66912 1.88792 1.21386 7.38137 3.18353 12.4875 34.8504 0.153526 8.97356
-49.9628 5.00789 5.19859 2.84713 0.362969 7.45836 3.60215 6.13729 4.66682 4.1805 0.0187336 4.3401
-27.552 3.76791 0.195296 2.58238 2.604 4.76281 6.58021 0.778767 24.9484 44.5488 0.025328 9.18736
-42.0203 3.77427 3.17483 0.805719 19.6402 2.44007 1.2679 6.50685 30.969 2.6567 0.00656159 8.81301
-67.668 4.35253 0.906012 4.40958 0.360883 4.82089 3.08545 9.07324 13.6296 6.41333 0.0154397 3.73865
-62.4493 14.4817 8.81047 2.46102 0.597914 9.68907 3.20653 13.0524 3.10173 33.3393 0.00240004 10.8656
-69.3947 4.77026 2.71217 3.68395 1.4109 7.60681 9.40778 9.88713 0.862667 24.1479 0.100098 7.51094
-64.362 8.28554 1.19178 4.1172 1.4109 3.11331 11.6197 6.06974 21.9956 20.7099 0.0876441 8.01699
-69.9336 6.88598 4.17124 3.77495 1.0028 3.80105 7.52575 1.67452 37.8896 6.35041 0.0130717 5.63072
-71.9682 3.69348 0.593959 0.745554 9.89829 1.24572 8.85472 15.7313 4.3734 9.00459 0.00114856 4.54241
-62.7277 1.96785 6.64952 1.47151 3.07225 6.30943 9.37107 11.1759 4.33849 5.05468 0.00114856 3.58238
-67.1222 13.1882 4.30115 0.434585 4.25136 0.748907 1.2747 4.0021 15.4486 9.45073 0.0731197 6.61765
-64.8975 3.05722 1.89781 3.67452 9.12442 1.63775 3.85269 9.23284 18.907 2.09596 0.0121745 4.24413
-70.9686 0.623902 7.38572 8.66 3.52415 2.62229 7.14441 6.87362 25.4177 7.666 0.0177863 5.94835
-58.0943 7.76741 4.10398 11.6731 3.30861 1.89878 2.33631 7.46884 27.9931 4.73888 0.00353728 6.5975
-47.4366 10.3652 7.04299 1.98162 0.0307269 7.21705 0.822618 17.2577 10.2045 3.07133 0.0426523 10.6198
-41.2703 0.870827 7.03277 3.65922 5.07414 7.22203 1.62232 12.1935 6.15623 3.73323 0.0522992 6.75392
-66.6205 3.71676 7.03661 9.89932 1.73203 3.0177 2.51132 4.17115 2.08258 18.3138 0.0591123 5.6635
-69.4617 3.27912 6.5954 2.97096 0.763681 4.94667 3.98603 6.30397 36.7405 1.3474 0.0906243 7.38547
-56.8873 9.40532 2.0807 2.71274 9.9052 3.70726 3.54768 30.9982 7.77678 7.49871 0.32867 16.0956
-60.6273 8.4472 2.52254 2.67665 8.1113 2.12452 2.78438 11.0098 27.6394 10.6123 0.0533835 7.54021
-58.1201 1.75613 6.04064 4.62107 4.72021 0.656611 8.90523 3.62446 19.4741 9.71113 0.285395 9.29748
-62.2182 4.31407 3.73471 8.03173 7.51078 1.34217 2.50889 1.1631 4.59645 15.0331 0.135482 6.45919
-69.0108 2.02069 2.58186 2.51533 8.34675 5.49774 4.78988 2.51523 4.85448 10.7132 0.073959 4.34529
-73.6675 3.37793 6.10642 3.94403 5.85828 5.11708 4.94497 13.0344 5.94635 12.8515 0.0372047 5.27513
-71.7286 7.09441 6.55437 0.481003 5.47015 7.85066 1.55552 1.22997 7.96493 10.2051 0.0295338 4.88874
-68.9073 2.43359 6.32944 3.14824 3.33182 2.71798 0.784965 11.398 10.0947 10.1254 0.0430145 4.33257
-55.4307 1.49702 9.5667 7.12376 3.81642 3.35264 3.36924 1.13737 2.39968 3.40255 0.0126816 4.37704
-34.3971 3.20582 2.05146 1.2396 1.76805 4.10744 3.36681 12.1757 6.86702 9.96484 0.00699175 3.61307
-74.2469 8.08247 0.582575 3.24401 0.0355473 10.3667 3.09344 11.9364 21.4745 14.4228 0.0146757 7.60926
-23.3065 3.61391 1.39488 2.81797 13.5356 10.3498 3.0282 8.13098 12.5056 23.2217 0.00354391 9.51289
-61.1084 7.84047 4.23031 0.655004 8.8316 2.75778 1.26122 7.90363 4.47406 3.41537 0.00544799 4.00413
-70.5054 2.5476 5.4999 0.770811 2.54777 1.38031 2.40805 14.6033 16.891 12.6794 0.0148818 4.36644
-66.5535 0.97388 13.3673 2.37782 7.27587 2.2167 2.08563 6.22578 4.7674 5.48468 0.0855295 6.25908
-62.1882 3.52141 0.947186 10.8206 9.06687 1.92138 1.73204 9.09676 15.3159 4.7198 0.0256699 6.0722
-54.2445 2.45345 6.02734 2.94087 5.49199 1.56003 0.327996 1.93231 14.2362 18.6717 0.025997 4.9984
-36.0665 2.658 6.66939 2.97823 3.99573 1.40322 1.36735 4.16649 5.31858 15.9407 0.240876 7.57409
-37.8343 7.24544 1.06699 3.66066 1.2328 2.22971 1.57048 11.2419 2.78266 2.86281 0.0594058 5.57076
-66.7214 3.52267 6.99702 0.772527 0.248148 2.0695 0.876633 6.885 5.19541 3.05009 0.0136666 3.71887
-68.5382 8.85109 0.112993 1.60905 17.4662 5.59886 4.06872 3.61146 3.91062 0.436047 0.0150065 8.09726
-74.5193 3.22161 0.117106 3.56037 0.12134 6.23914 7.03477 5.46751 8.21975 20.5296 0.0146138 5.46287
-65.8702 0.860244 2.78151 4.00401 4.62816 5.61621 5.17108 5.07885 8.78944 8.70433 0.0143313 2.91141
-58.9061 8.05706 7.36737 2.47495 1.67571 8.5953 1.44337 2.94786 35.3913 27.2798 0.000657048 7.13862
-62.4307 1.24348 7.36737 2.17262 1.57291 16.6248 1.28832 12.6442 61.8319 27.5443 0.0011049 12.0116
1.03187 4.75715 6.52928 2.38078 1.57291 8.58059 1.09068 14.5377 56.8976 19.3137 5.68962e-05 13.4306
-64.1197 6.35281 4.20909 1.68021 9.09499 2.08386 1.31211 10.912 15.8528 4.88195 0.00160501 3.92462
-73.1529 3.48529 0.676141 1.96298 4.2154 6.56458 3.26221 13.5745 36.0535 8.21374 0.0179995 6.13151
-65.7319 4.7978 6.31973 2.16002 8.83749 1.90743 0.638048 13.7441 8.58826 8.42052 0.0121756 5.03931
-69.096 1.235 4.39643 11.2635 13.8705 1.01008 4.68383 12.1539 20.2842 3.49509 0.0172455 8.82117
-22.3536 2.60427 0.110307 7.58176 4.56688 0.283695 4.89978 3.7697 5.90931 12.2277 0.0571802 7.27281
-7.45322 2.87375 2.92571 5.35034 5.45147 0.74595 0.875576 1.73116 13.3072 16.8862 0.0534774 7.27286
-68.3914 1.00776 6.60756 2.34617 12.81 6.48125 5.26354 3.10523 15.7924 15.427 0.0333027 6.63747
-70.0313 6.31895 10.0204 2.71417 2.62665 2.53387 0.583018 4.48659 6.56111 6.77542 0.00336101 3.08257
-50.4143 4.96613 6.05824 2.14251 11.6749 4.89613 3.92131 7.79631 4.10031 13.3556 0.000896533 5.30315
-68.5611 2.12631 8.48232 2.22399 3.31178 7.13998 1.42658 10.9798 5.93314 13.2147 0.000145084 2.75128
-55.57 6.92415 11.5728 1.13033 3.11655 2.57535 2.93107 9.16528 10.0524 11.4773 0.00127801 4.8795
-51.7547 3.56569 6.42348 12.8383 8.04881 2.4626 2.93107 4.68376 13.2771 8.04654 0.00374305 6.67685
-63.2696 1.02313 5.97633 0.0781864 2.614 5.73134 11.3075 6.45267 7.06265 25.4288 0.0536921 7.44011
-67.9087 2.02213 11.4447 0.42281 6.59108 6.11912 8.83226 1.63471 7.5259 10.2343 0.0433106 6.55485
-67.8923 0.158563 6.85625 1.81276 4.12191 9.37189 9.91979 1.25479 15.1174 15.5901 0.0588906 7.38619
-46.3081 1.47813 2.62161 7.57417 7.95126 12.2396 1.54328 3.12294 25.1297 4.69444 0.0347234 8.18406
-57.2711 2.27106 1.63663 7.22773 3.65503 6.43619 2.24663 6.33455 30.371 21.488 0.0159526 6.11899
-54.6626 5.85792 1.33242 2.13142 0.846862 3.75642 0.668461 8.39983 24.0942 17.6954 0.000195248 3.79752
-60.4635 3.27601 0.202469 2.10296 9.68002 10.8801 3.3576 1.23686 7.25542 4.27847 0.000195248 3.64841
-61.171 2.76761 4.81852 2.90104 0.487666 9.07818 14.312 6.71123 20.9143 22.9263 0.000195248 6.36002
-52.0817 2.28605 7.38596 3.03933 0.487666 3.7481 12.2386 14.3245 20.9143 14.0339 0.00271383 7.17211
-57.1262 3.30362 4.03217 7.82103 1.30953 0.998364 12.2563 0.940482 13.4125 7.89661 0.00308353 4.36263
-58.5897 4.98667 4.52738 2.1482 1.91426 1.16204 4.98551 21.9512 25.5277 1.07288 0.0319562 7.83787
-58.968 4.38076 1.89643 5.59862 1.38099 1.24269 0.349427 0.602826 18.8921 43.341 0.0576369 8.31219
-18.9809 1.13957 4.51015 3.05022 0.952856 0.482413 12.2603 3.33002 17.6702 11.4866 0.0835875 8.15224
-54.6768 3.28358 4.10946 1.03347 0.907297 0.813898 19.4237 12.8544 5.88079 9.52905 0.156313 9.57787
-46.0512 3.44852 1.95245 0.720929 0.80051 2.89557 5.71396 14.506 4.47137 10.0256 0.0988639 6.14519
-67.7836 4.14881 8.53327 1.0836 1.99228 2.49059 2.37093 8.74848 11.9957 27.8935 0.120758 7.03954
-61.6879 2.35374 4.36616 0.687786 1.89167 2.10232 28.6503 2.91505 18.4069 6.44911 0.0622797 9.51799
-63.0625 5.27015 1.14252 0.656909 5.45021 7.27889 11.6006 2.11427 20.8411 4.84408 0.0519689 6.56565
-59.2476 7.41204 1.96228 6.26934 4.8404 5.28384 4.78623 8.31985 14.3602 3.5591 0.0214947 5.40668
-63.0545 10.2794 0.793639 4.69179 7.46958 7.75651 3.50385 4.63269 3.51429 19.1411 0.122023 8.09698
-64.9246 2.82104 3.24982 4.62314 9.79258 10.62 1.94067 2.01415 8.3504 40.2787 0.0106442 6.95688
-67.1522 1.9808 4.10587 5.23764 3.80874 1.56966 5.68806 1.34392 16.0589 29.6429 0.0465354 5.62069
-62.6762 3.89943 2.60007 4.86479 4.85409 1.56966 2.37678 16.2624 16.3527 46.7517 0.0531012 8.79922
-33.2975 5.12596 1.9016 7.79306 1.97906 5.72263 2.341 30.2577 27.0968 9.41784 0.0135995 12.2899
-42.656 5.03818 3.18151 7.50149 1.97906 1.35582 1.99211 6.2489 41.1137 22.7244 0.0265085 8.22961
-65.5308 7.23285 1.77753 6.94617 7.8897 0.814362 4.54915 12.9746 22.5544 24.0572 0.0285211 8.35172
-71.9774 1.35282 6.52443 10.2794 0.145605 3.9064 0.969156 18.1488 11.2215 4.81011 0.00562589 6.16073
-74.8051 2.34086 0.230634 6.53882 6.64049 3.61741 0.693244 15.6364 21.2154 10.5884 0.050327 7.08707
-59.5878 9.16591 1.89374 2.0332 0.78862 3.03478 8.54868 4.21041 1.9284 22.2344 0.0303776 5.38235
-73.2992 16.9429 13.8528 3.34527 2.25713 2.24762 3.44045 18.3428 31.7972 21.4553 0.0245569 15.5513
-61.462 2.47224 8.97603 8.47091 6.51902 2.65779 1.00586 18.557 27.2789 18.6944 0.116506 12.4968
-44.4711 7.96026 2.44427 4.67936 6.98465 3.87703 0.792195 1.6629 56.1121 7.84727 0.0322144 9.88941
-56.2094 3.07239 3.91804 6.02669 5.70666 5.45474 10.2829 2.35576 6.59148 10.686 0.015263 4.90418
-5.01163 0.470793 5.9194 1.48866 3.41314 7.76498 5.23437 3.58569 17.9121 2.28268 0.123056 9.53676
-39.2004 0.676873 5.84728 2.8869 0.624544 11.4117 5.24411 1.6946 23.6791 4.7285 0.243674 10.502
-69.5372 2.2942 7.73931 5.0533 3.09677 6.74583 4.10124 1.00119 14.934 4.67972 0.139018 6.29671
-48.7014 3.96146 5.43016 0.100094 8.2409 2.53345 0.733339 3.03288 40.3466 0.990373 0.0332348 8.56143
-40.5139 8.29738 9.39869 2.14902 4.06294 1.49638 3.72076 6.60853 12.7828 26.008 0.0130889 7.65451
-65.6889 9.17188 2.77396 3.3349 1.45812 3.41892 0.925636 13.4292 12.718 24.6067 0.156742 8.25564
-60.2081 3.07981 0.800886 15.4364 10.628 1.16628 23.4673 3.28138 7.88582 27.8429 0.231156 18.5748
-72.2651 8.92975 2.51754 2.91681 2.49989 6.51045 20.9297 7.80311 14.7679 16.4073 0.031669 9.40142
-62.6869 8.57778 5.04807 8.69444 3.28057 7.86558 2.08305 8.24772 34.4423 24.5523 0.0120479 9.70975
-74.1536 9.57378 5.22396 4.54978 4.28502 6.58308 8.28679 1.12122 12.927 5.93072 0.0516345 6.39446
-33.8156 8.02971 0.869655 4.03218 1.93021 4.30529 1.98416 3.5927 47.7228 10.4021 0.0127082 7.82163
-54.8772 7.15111 3.00366 2.1798 2.82858 1.75686 6.54622 3.67777 6.76333 0.523742 0.00938906 3.55385
-54.9901 2.26613 2.69006 8.77866 1.39169 0.507698 14.3492 0.725179 14.7641 19.6293 0.16221 9.45208
-65.5636 0.769615 0.6521 4.0091 1.2276 0.507698 0.693461 2.58294 22.8613 21.3062 0.16221 8.40379
-49.3575 3.03686 0.951115 10.2164 0.626708 6.11098 1.22822 13.4328 2.62636 17.053 0.165677 8.90901
-59.6407 7.19516 3.00601 7.03491 1.663 9.58667 6.70853 5.05551 8.15707 1.53523 8.48549e-05 4.13068
-60.1347 4.44765 1.72776 10.4042 1.60995 4.26762 7.78373 8.1294 14.2139 4.17087 0.0035155 4.57328
-61.4686 1.76004 0.890006 4.83423 6.17585 13.3163 4.32362 5.03434 14.0069 37.7243 0.147853 10.2639
-53.9791 1.23218 2.56902 2.23231 0.224665 10.2083 3.02071 1.55609 28.3546 13.9 0.142572 8.41819
-59.3239 2.14302 1.41525 4.55163 3.08083 3.91335 4.03259 2.11145 18.2531 0.277275 0.189651 7.02322
-26.9585 2.42586 0.827409 6.35091 3.16286 0.469492 2.63566 0.530708 19.1058 0.409889 0.126125 8.22804
-16.0015 1.6089 1.95754 6.35152 3.62306 1.37319 3.01474 5.77684 18.8406 14.5561 0.0460749 6.51087
-25.7705 4.34737 2.1926 0.898088 4.65483 7.68125 0.618458 7.14008 5.23611 6.33225 0.0197183 5.14041
-68.9456 7.30015 4.55638 1.54241 9.07581 7.33696 8.59207 4.78456 20.4369 10.8111 0.0400749 7.56282
-36.4598 5.96673 6.84439 0.0869657 8.08872 14.9135 1.10914 8.71834 26.7001 10.9917 0.0508729 13.4292
-64.4897 5.75714 2.47059 1.44367 0.933261 10.991 11.3536 6.26793 11.7894 5.14503 0.0230542 5.74866
-36.7129 3.88003 4.13233 1.983 3.39068 1.78872 0.309618 5.04707 14.3004 15.9923 0.00404577 3.98161
-70.9066 0.722895 5.05292 4.48245 8.41668 1.5161 6.46648 10.6544 7.7075 19.3828 0.0957933 6.86596
-69.4141 4.01953 6.17206 14.9394 3.24582 0.682525 9.52121 13.3739 7.57563 4.0135 0.0132227 8.34001
-49.2687 4.36625 7.91379 4.4642 2.48404 0.958418 1.42793 3.91876 7.55142 3.91673 0.0105444 3.60594
-42.552 3.45798 0.959056 4.06295 7.92613 0.651453 2.36242 6.0995 7.1178 10.8756 0.0286918 4.56466
-50.7901 1.84302 5.17454 2.71785 12.3929 2.39058 1.98504 10.8942 0.586816 29.1531 0.0574972 8.45538
-73.0713 1.40252 5.51194 2.41244 10.8875 0.461839 2.10132 4.49045 1.6322 12.3483 0.0747923 5.37398
-69.2253 3.50466 6.45985 6.5863 6.48699 1.5027 2.11056 2.26232 5.95864 11.26 0.00547734 2.97661
-45.6297 4.04607 5.07896 0.0349142 12.5245 4.88225 3.43536 2.99888 2.97591 13.0378 0.0378809 7.65494
-49.1901 15.8119 2.56753 2.46369 2.45079 8.07422 10.7162 3.83326 9.12047 16.5352 0.0171641 9.54197
-43.8386 4.84755 9.06728 0.217362 1.5385 1.05126 9.94507 2.8743 9.99697 18.3053 0.0216636 6.7104
-72.5042 0.90449 9.61747 2.55938 1.47573 2.55848 5.58843 11.255 5.1249 0.334558 0.0142194 4.6087
-68.5068 2.32386 2.03856 2.55743 4.82792 1.85335 5.90631 5.70607 34.7299 3.65843 0.00673575 4.07387
-34.9212 1.71906 0.547465 2.71945 10.2261 1.94685 4.91222 8.06346 31.6029 37.6142 0.032323 9.72672
-29.4386 2.06721 3.71763 3.1089 4.07343 0.901486 1.5191 5.65475 16.9158 12.6535 0.00177731 3.47728
-59.2864 0.785392 11.7715 0.7809 4.51121 0.0524663 5.66476 5.92847 6.80199 16.0336 0.0028756 5.52894
-69.1638 3.72798 6.50279 5.33814 2.56178 1.24505 7.64333 10.1272 1.8131 4.96483 0.0036855 3.3671
-52.5479 2.93075 3.41488 3.10757 12.1583 1.61647 4.08417 11.1674 78.0879 29.8095 0.0124031 13.6887
-65.755 6.11894 3.07012 4.27128 11.5933 5.65127 2.41551 2.51699 10.6466 12.5307 0.0252804 5.36031
-74.3409 2.51506 1.62802 1.86389 3.08745 10.0761 2.43242 19.6305 4.61941 8.74803 0.00134317 3.77878
-72.4071 4.83506 17.4172 0.0679703 1.18041 7.16864 1.99938 29.498 5.01962 43.1019 0.00288134 14.4397
-52.7036 2.62024 8.80975 0.686648 4.74973 9.29594 0.0610002 1.62163 17.4838 10.4349 0.025913 7.19062
-74.2133 7.37184 0.383705 2.6829 5.10418 1.21979 8.75672 10.04 35.9465 9.97969 0.00713967 6.36719
-72.6445 5.21382 0.304317 2.7275 2.50553 3.79625 3.44535 5.82055 6.7452 11.6431 0.144865 5.28736
-66.7266 11.42 8.39745 1.34295 1.38715 14.6491 1.50822 5.53563 16.4173 18.8422 0.0266106 9.33132
-62.1769 8.08622 0.662709 9.96255 5.61145 9.91725 3.61145 3.37156 13.6524 19.1375 0.00830279 7.30253
-67.3247 0.708844 1.41463 2.19627 3.00545 8.15224 11.2942 4.16715 26.6538 35.1614 0.00756176 6.94489
-64.6328 1.06641 2.71204 11.0299 4.38324 4.61735 2.45832 10.7079 48.446 22.7103 0.00687362 8.75477
-41.5452 0.242971 1.50635 11.7473 10.3665 2.03363 8.09457 6.27773 6.01708 1.74666 0.00107218 6.84305
-21.0809 8.60739 0.125794 9.98195 0.65067 3.14295 7.82423 1.29198 1.60044 19.4368 0.027472 9.73478
-29.7337 2.57478 0.263832 9.15694 10.7529 0.475706 0.745962 0.446787 21.1334 19.5133 0.00467087 8.34301
-74.1047 5.67479 2.60112 20.6746 3.77499 8.38509 0.515877 2.66792 12.163 18.322 0.0497399 10.0085
-74.6456 7.49784 1.28185 8.30467 3.33526 4.53998 1.09946 1.24559 1.51497 75.3696 0.0564887 10.3923
-61.9954 6.66627 3.73427 4.41808 3.06332 0.523018 2.58819 4.93522 16.3339 9.31467 0.0364874 4.485
-67.6031 9.25609 9.52664 1.58915 0.753308 3.3853 6.86215 5.4811 12.1673 19.0038 0.00524538 5.53716
-60.6467 0.770061 8.31938 4.18403 0.928119 6.42696 2.82409 9.68817 25.4186 32.6847 0.000629051 6.20981
-69.9512 1.62834 4.71515 0.198295 1.07072 1.50927 6.89077 1.77786 9.11118 26.2763 0.0191104 5.05796
-52.8014 7.16304 11.5508 0.207836 2.07984 2.52998 9.58028 12.7363 5.00047 28.2462 0.00971306 9.40777
-66.5012 2.28688 3.77919 8.87547 13.4654 3.20081 15.2942 5.97407 8.47346 8.33706 0.0147722 9.00573
-59.4341 2.38654 5.52367 5.04848 4.88097 4.48148 17.4645 32.9791 10.2135 9.24895 0.0353728 15.24
-74.8208 3.6074 3.21061 1.73674 3.30067 7.62828 5.10232 8.39482 1.18551 11.2736 0.087641 4.91234
-56.9743 6.26586 3.4018 5.23189 10.574 12.5655 9.0883 0.995859 12.2064 8.43962 0.0011756 8.23225
-74.1428 1.58016 3.56544 3.33533 4.51529 7.84418 11.686 4.01021 10.1258 9.91125 0.00528791 3.58715
-59.413 1.04716 1.62889 4.23133 3.06132 6.49069 11.4003 1.73808 4.95945 2.60898 0.011574 3.68194
-36.7257 1.79587 2.70935 0.81183 1.54866 4.96854 8.30122 1.48391 8.50006 11.5535 0.0184096 4.09439
-64.0454 1.8187 4.11935 5.12424 2.28125 2.65168 7.31369 20.3664 13.4603 8.40556 0.0657664 7.08288
-55.1352 1.00607 12.7079 4.56555 2.79394 9.72638 1.77616 0.46286 1.8467 13.94 0.0257417 7.03167
-60.1532 0.340812 1.15055 1.35716 8.82837 2.118 10.3309 5.33522 23.8252 12.7324 0.159225 8.82061
-30.0846 1.08371 0.966868 3.33667 1.78686 3.55225 3.76604 19.8405 22.1218 24.5445 0.0866189 9.64369
-50.8841 2.06178 3.72101 0.249035 0.829913 3.08602 3.25448 9.39257 12.6223 27.816 0.0546474 6.44051
-56.2606 0.677037 19.0314 0.667799 0.76916 6.80417 2.08174 16.7502 15.2222 14.499 0.0307686 10.7618
-55.5928 2.23232 2.01911 5.33376 4.51314 6.85307 1.65459 7.65651 16.1902 1.35032 0.0026736 3.43344
-54.9289 7.0284 3.60089 1.69916 2.67435 1.46058 1.63999 8.51372 4.74974 13.4869 0.00503437 3.03147
-59.2072 1.001 8.74201 2.03528 4.46903 9.1663 6.06585 20.3352 8.20892 5.82608 0.00481613 7.36566
-61.1497 1.05481 1.62598 0.794371 4.33086 4.90521 3.0953 20.7677 5.3082 8.4392 0.00398462 4.18624
-50.4071 0.723168 1.81705 2.2015 1.54508 4.66358 1.49988 0.961029 17.6968 4.54565 0.0612266 4.90587
-62.1883 15.8011 4.52241 6.18909 4.07761 4.69561 0.625185 3.7667 13.3529 19.6531 0.081699 9.51222
-71.3867 11.5814 1.47931 5.85558 7.50756 2.94825 8.56563 4.96857 19.6165 25.147 0.140839 10.2728
-66.1739 12.6719 1.47931 1.89245 7.03645 3.63374 14.4523 4.96857 2.58202 11.7312 0.14212 9.33303
-62.5161 4.64726 3.55891 5.78674 3.18015 4.38586 4.34376 3.16848 11.541 5.06151 0.0683966 4.35719
-34.5116 5.08539 1.7213 2.51495 1.40802 12.3652 7.58298 9.58196 3.17139 9.38353 0.0159099 6.80812
-67.4075 0.539125 7.69955 2.84462 1.9338 10.683 2.33561 6.88555 11.0986 3.1133 0.00597779 3.9093
-67.7679 4.71487 3.74429 1.29444 6.73729 2.57227 0.700828 2.42632 17.9246 18.2022 0.0363296 4.85237
-71.4579 2.68546 2.91939 0.825387 5.03311 1.15367 5.00851 4.90861 10.4414 19.9103 0.0430927 4.25499
-74.8654 2.30056 1.04748 2.59908 5.55809 3.76226 1.33507 7.73385 3.27831 19.8264 0.0880455 4.90299
-71.9194 10.58 1.13429 2.29167 3.23353 4.12061 2.99835 9.03772 10.7899 15.9926 0.00474402 3.71316
-38.946 8.78284 5.91906 2.82476 3.97901 9.76878 3.98483 12.0835 26.5729 15.0338 0.0376455 11.3338
-54.1056 2.35755 11.0176 7.94971 0.0936763 2.88431 10.531 4.70693 11.05 14.7289 0.0650941 9.30524
-40.7199 1.566 8.22902 7.08619 2.80065 0.633285 9.6671 2.43416 19.5358 11.553 0.0226056 7.10558
-62.9792 6.89946 1.56404 19.5153 1.47284 1.21134 7.62089 4.53257 9.74699 20.6459 0.0263592 9.01345
-38.2865 8.66618 7.33452 3.10523 2.41988 6.88022 2.00842 6.9297 1.63772 8.0693 0.0363778 7.18091
-73.7113 3.96057 19.1478 2.21844 2.49126 0.662875 0.583813 0.242136 5.32858 7.65268 0.12441 8.53193
-63.3703 1.27369 1.47726 3.82481 1.40735 1.55992 6.8976 10.4913 4.48314 29.5842 0.214048 8.01506
-32.5935 0.136192 1.5282 1.82622 7.61406 1.58183 10.7197 4.54266 3.17999 36.4362 0.00602453 7.10395
-59.7317 1.48289 2.17467 4.50393 4.64027 1.25037 3.63481 3.79885 0.922639 27.8438 0.0278228 4.6853
-57.6012 10.9161 1.75013 0.775575 5.61696 7.71737 1.30617 3.79885 5.23757 14.3785 0.00437608 4.59846
-55.3812 1.84252 0.496694 0.763967 21.5835 2.55892 0.948856 7.68217 5.09975 43.7218 0.0748627 11.1166
-35.7846 3.28055 0.676454 4.50136 6.00149 1.27091 1.18707 6.9206 6.71136 16.6537 0.0543375 5.52538
-69.9944 1.69828 0.858004 4.2466 4.63422 7.03942 5.17944 1.33589 28.4511 4.47817 0.0562914 5.64964
-74.4725 1.60928 0.963825 2.56469 5.60127 1.61969 13.0806 1.96154 7.07863 4.91673 0.0290981 3.90203
-47.9812 4.87939 2.09334 1.04779 1.26892 7.96982 1.32418 3.85647 0.886548 9.03028 0.00943081 3.59361
-49.7148 3.47592 3.01943 4.59544 0.897402 0.552659 10.1155 4.56432 29.5503 9.42516 0.0115965 5.65457
-74.8034 2.01191 14.7543 3.57598 5.5895 3.94492 2.87363 6.1328 6.7457 10.0847 0.0129342 4.89145
-68.9488 5.11205 2.22049 2.53722 4.92678 0.564481 12.286 4.15689 8.29282 27.203 0.0202522 5.37251
-15.5164 2.85038 4.4415 1.26794 1.85056 2.00605 11.5816 2.24532 11.6008 8.15069 0.028743 6.01679
-71.5924 9.19923 4.174 2.45034 8.44016 2.93863 8.40875 0.788127 14.2176 3.11303 0.0149033 5.33792
-73.6354 5.98242 0.864849 2.70717 10.0526 3.22154 8.65351 6.1009 12.6493 20.4565 0.0126403 5.30032
-73.5627 3.48598 3.27768 4.59985 10.0139 4.15513 5.43006 4.20164 21.3969 7.85571 0.00720569 4.13977
-40.8673 3.26217 3.12952 0.551966 0.151758 0.350286 4.10837 6.13987 28.8777 0.0459411 0.0305887 8.55461
-64.9885 3.35672 11.7066 2.16982 8.9834 1.81029 7.73828 3.11906 18.8755 10.8557 0.0441734 7.42602
-68.5862 3.22296 5.09401 6.06057 12.58 4.38476 0.539029 2.95063 5.09483 20.5139 0.054682 6.70533
-64.6613 8.37331 4.46992 5.22364 0.676482 6.13577 6.33507 2.83129 10.2509 11.9683 0.0135243 4.7076
-71.0488 5.95083 3.69953 1.87511 5.65799 7.08592 3.28498 2.36713 9.42044 30.695 0.0113753 4.58267
-70.0763 9.19524 1.14838 3.98815 0.535543 7.48255 4.8027 0.86552 1.1807 6.03311 0.00524735 3.81763
-68.0105 1.78498 3.30024 6.40015 1.45035 12.0186 4.61135 3.77941 6.63423 4.40426 0.00162617 2.86257
-65.9188 2.09675 2.9919 6.33739 2.6638 6.68319 5.4575 16.6828 21.73 3.52026 0.0134331 5.9759
-74.9765 6.23881 1.42447 1.44581 0.519679 3.93946 5.67085 6.75385 8.91456 6.6964 0.0546737 4.07222
-43.334 2.02631 1.39923 2.98594 7.27485 5.07698 3.81449 0.907842 3.95475 6.3167 0.0811029 5.00854
-70.6644 4.91872 7.65396 6.41039 0.869617 5.36731 1.21023 0.177732 13.2546 16.2498 0.364336 10.2761
-64.6658 5.61824 5.56485 7.73123 3.68814 2.39749 11.6955 2.64268 3.2154 15.6521 0.19009 8.4028
-63.9861 6.55162 1.803 7.72274 2.98352 1.24017 0.800618 2.80323 14.1062 15.7651 0.425095 9.92016
-31.3935 15.4624 1.38815 3.54793 6.34658 2.31028 9.45775 2.3142 28.9163 14.0932 0.181308 14.2158
-34.1995 5.36339 3.90223 1.93734 11.6834 4.98454 11.3372 5.45584 1.20921 14.8756 0.152365 11.386
-67.1187 6.01547 3.47682 2.14056 8.91371 7.42803 13.0372 5.64513 21.1287 9.59615 0.0129178 7.53639
-65.2321 2.23953 3.24331 2.68217 11.746 0.650734 4.69907 3.928 7.96143 18.6379 0.0714978 5.73288
-63.4903 0.393813 7.77389 0.592769 0.578545 5.26545 0.485314 4.08212 37.649 12.395 0.0871604 8.6985
-32.9198 7.60824 2.56354 0.904606 5.18742 5.83741 1.20238 7.09387 4.05773 7.70646 0.0281631 5.52462
-66.6756 2.60851 3.95749 0.606379 3.12999 5.771 4.62312 15.0566 3.36979 5.1146 0.0255014 4.29103
-73.0176 4.93526 1.85547 6.32819 5.07218 2.75629 1.62331 13.2208 3.24423 17.0278 0.014701 4.1639
-65.9862 4.05287 1.77195 3.72673 8.20095 8.89151 0.691506 9.42519 3.69659 6.51362 0.108401 6.39619
-61.2135 0.845928 4.04056 1.28769 12.4486 4.7898 5.49064 1.92753 26.6101 23.3091 0.0516269 7.92051
-70.9379 5.97493 2.67927 1.16676 8.11901 9.28417 3.73285 2.76242 46.1224 24.4257 0.00200356 7.47463
-44.6937 5.18611 1.59842 3.5131 3.82 9.22425 3.8542 5.11229 3.47381 28.7242 0.0729467 7.03961
-49.5781 3.30247 2.84711 2.74375 4.7058 2.2586 4.26445 1.60332 5.7107 14.6246 0.0021335 2.16798
-0.187265 11.4867 2.54129 2.17292 6.15877 3.18063 2.4409 3.97958 11.5828 15.2051 0.0627241 10.3155
-60.7931 2.11186 6.3642 12.579 0.765384 7.3 8.78507 2.84967 8.11289 16.7855 0.207535 10.4246
-69.1443 1.99272 8.33706 8.09794 0.765384 2.13579 7.9439 1.38711 3.65843 4.92089 0.557029 10.5521
-53.349 3.20183 10.0467 11.3863 3.71572 2.22408 8.47832 1.05757 3.65843 5.97146 0.0847364 8.72963
-48.8381 0.120329 6.12713 2.36383 0.139821 4.11349 2.27886 12.09 11.5462 8.7455 0.147096 8.34021
-74.5348 11.0578 7.94796 12.9647 3.71178 2.90527 1.22549 11.1452 3.11815 24.9083 0.129175 11.6685
-70.8379 1.6565 2.07613 2.4443 2.471 0.362633 1.71028 3.43582 25.0098 43.6666 0.196021 9.90496
-62.378 4.31295 11.2214 12.3541 3.7173 5.84734 4.15518 4.40661 11.3545 17.0018 0.0403572 9.4018
-70.9356 4.73101 1.70597 2.75976 4.91379 1.05799 3.40791 6.28507 4.74088 17.0611 0.0547723 3.98954
-70.9356 5.39425 7.44588 3.07708 3.66948 7.98508 5.22419 8.04481 34.1611 15.8707 0.0551476 8.45659
-64.0506 5.10614 8.76863 1.51252 6.76656 6.9599 2.53734 0.604049 22.777 26.0902 0.105596 9.14783
-72.4902 2.65551 0.207893 1.33285 3.78138 1.87594 0.871561 1.53261 6.6482 22.2331 0.118591 6.52477
-43.4114 1.65404 5.30058 0.259136 7.19414 1.51584 0.871732 10.5728 9.58945 2.02211 0.153532 7.62287
-59.9806 3.72078 9.5188 3.70994 1.64446 11.8718 0.853896 8.70945 8.18935 5.50974 0.067392 7.26677
-69.7443 7.27516 3.24923 3.04474 5.31594 10.26 0.520545 6.29217 6.27114 57.4348 0.226835 12.1749
-49.3634 3.24522 6.13334 4.52446 4.95581 12.3755 0.465106 2.74358 26.6607 54.6293 0.0949214 13.0565
-56.7541 0.783113 0.369807 5.87993 1.54962 5.72916 11.0404 7.63348 5.98776 7.17275 0.0106354 4.60365
-21.1893 1.1905 11.6029 4.19972 0.489833 6.2372 5.54292 4.57934 5.44743 8.45608 0.0107378 7.16731
-69.9248 1.93064 3.01907 5.35206 8.86672 5.17398 6.29045 7.66948 1.22504 36.5554 0.0793848 7.92077
-48.2301 2.68353 9.04432 6.1041 3.17849 1.41898 3.23695 8.05047 12.325 4.16176 0.00107939 3.90496
-17.1011 0.116218 1.24655 7.22487 2.85763 5.11997 2.32786 5.11626 2.57376 11.138 0.290274 9.89374
-32.8813 13.9845 2.56747 6.8265 0.0940509 4.09989 5.79966 10.8927 4.17241 4.06983 0.220419 12.5096
-55.3981 5.41717 0.97382 15.0867 2.616 0.0323893 4.29389 11.0329 2.54669 6.20708 0.104456 9.67173
-51.4782 0.403417 3.31413 2.63906 7.34115 7.93384 0.0155702 9.28946 1.89038 4.6004 0.0992088 8.36186
-70.0604 3.75293 7.53819 5.58516 2.13283 4.00295 2.39263 5.14929 6.82673 10.0671 0.307344 7.234
-63.4573 11.9986 1.68264 0.709961 2.23608 4.4103 3.78653 9.09036 2.96713 5.79031 0.116032 6.20269
-72.0633 12.1682 3.1947 0.431244 7.06683 3.6658 3.23718 16.3141 17.7608 4.70348 0.115231 9.21679
-64.8491 0.909782 2.30514 3.56969 11.362 2.27442 2.19165 5.51048 9.42677 4.87993 0.0427806 4.31791
-69.8596 3.86578 4.29648 0.790607 12.7124 3.62877 10.7893 2.72085 15.9826 1.71833 0.0588912 7.14507
-72.7448 7.63637 2.92746 6.56443 6.39904 6.14415 12.4109 2.72747 8.54793 13.2633 0.0651655 7.56077
-33.8125 11.6036 7.40884 2.49289 3.00756 4.48782 4.84495 5.40789 13.3855 53.8949 0.00603926 11.2567
-64.3967 1.10109 2.45471 7.73501 6.10554 3.03917 11.8262 1.07106 2.59349 17.8856 0.0918768 6.84361
-64.2486 1.83711 4.69318 5.43326 4.89122 1.3144 7.72149 14.7286 42.6332 19.2262 0.00871093 8.32804
-59.9347 7.06964 8.69159 4.17707 0.365187 3.52432 1.48433 3.7069 5.19199 47.5144 0.000882152 6.38222
-51.3674 0.79515 7.43586 2.00232 1.11437 3.23309 7.56626 5.77014 6.78379 26.6276 0.0145946 5.05642
-56.2583 1.61609 3.34357 3.75651 11.5742 0.879676 3.28373 4.16397 16.4255 12.4194 0.0143209 4.68347
-27.4628 0.435708 0.55199 3.45179 11.8052 1.07971 3.23389 10.3851 12.3356 20.2887 0.00228076 6.44327
-65.4638 7.74807 2.57185 2.62154 2.27811 2.565 7.15353 18.2796 4.70836 16.3234 0.0124418 5.53179
-55.5536 4.82407 0.858219 2.81531 1.20632 0.534187 10.8729 8.3674 8.27119 3.2666 0.0184977 4.47931
-23.7161 3.74812 0.809702 4.56767 6.43824 3.73281 12.3439 10.7627 22.7765 8.45807 0.00228863 8.24065
-44.3465 5.81146 1.95285 3.44263 1.51778 1.05513 10.6726 3.70097 22.1233 2.78283 0.0355369 5.87942
-55.8774 1.31942 1.94974 2.96331 0.107997 4.82851 5.51301 7.627 26.9883 11.4495 0.0149781 5.56038
-73.8883 3.3265 2.23756 8.10355 13.4849 11.4735 0.322495 7.81701 8.44349 19.3747 5.2389e-05 6.70932
-56.5902 3.49144 0.655883 6.25359 3.42925 10.7615 4.44964 3.27416 5.55425 19.518 0.00568059 4.47568
-37.4185 4.01723 1.16536 6.40214 4.68056 0.460364 12.6482 0.726566 8.53636 36.7765 0.00353521 7.43684
-42.3443 1.54153 8.09074 1.33945 1.3987 0.460364 9.60433 0.56404 7.71947 0.161665 0.00401402 5.55866
-31.5357 1.13891 3.32135 1.85802 4.03473 4.06229 3.73089 1.06324 4.89933 12.8826 0.00985726 3.3834
-22.3921 6.31846 5.41275 1.75282 4.18763 7.1895 13.2755 4.35 15.2673 5.05893 0.00415194 8.56931
-41.7344 13.7097 1.39936 2.52629 0.441269 3.06086 2.94608 12.231 2.35798 10.7211 0.00751444 6.52505
-60.7997 9.20222 12.228 1.26478 1.15003 4.55031 4.43345 5.86364 19.5469 2.021 0.0209887 7.36088
-70.464 4.88004 0.859992 0.980884 6.85307 2.93171 3.50451 12.3484 31.769 16.0595 0.027436 6.51424
-57.8152 8.82822 3.01431 1.03876 10.7401 3.42022 3.21227 3.11315 29.8516 7.08416 0.00860791 6.27836
-74.4223 1.8612 14.0819 1.22271 0.956258 2.49749 19.1424 12.4617 13.629 11.1743 0.0112295 8.99143
-58.8107 11.7904 2.90133 0.588625 4.24295 4.06634 1.96422 19.0949 17.042 15.9138 0.303732 12.5552
-67.3684 2.83819 12.0968 3.05846 6.62761 6.2101 4.19521 16.2039 1.62895 12.9965 0.0469255 8.70997
-69.6382 2.0183 13.4305 3.29393 4.78557 4.80742 2.37664 5.0777 11.0562 10.6327 0.0801747 6.34415
-64.2794 2.0183 0.815873 4.83403 12.1541 3.57442 5.25391 7.58671 44.8392 19.3091 0.151633 11.9345
-67.4159 5.78952 5.56113 3.56526 3.64894 2.97234 3.53634 12.4612 6.54105 23.4081 0.0609061 6.0065
-70.4503 5.82593 2.99819 1.52362 14.3438 1.8351 4.80442 2.28281 8.90235 6.24424 0.0152391 4.41815
-72.4878 0.622652 6.68428 7.1497 12.5688 2.08436 0.629282 1.91834 5.06815 11.5817 0.000174276 3.71768
-74.3934 1.07233 4.08325 7.14621 9.43297 7.70131 10.4483 4.7181 5.772 8.80353 0.00525123 5.3239
-58.2486 0.79413 5.24078 6.41474 4.38282 5.1676 3.73062 4.74754 3.50092 22.3302 0.181247 7.36192
-47.8322 3.14635 4.18441 6.75596 2.83242 0.371103 5.1652 2.35536 7.89898 18.2372 0.0299292 4.97157
-65.159 3.48162 2.97269 7.75516 0.409015 3.80757 2.57605 5.06 7.37308 51.2287 0.047148 7.50395
-57.8812 5.34657 1.27335 5.84159 2.31053 1.86709 1.73359 8.18671 8.50923 29.8209 0.0561855 5.82491
-62.9812 2.98383 1.31772 5.01098 3.63991 3.34057 1.33819 7.38263 27.6802 20.8697 0.089827 6.77884
-74.8772 0.866873 1.76138 1.46965 4.95403 3.35672 0.193796 7.21049 3.508 10.5551 0.091857 5.2721
-69.1462 5.19378 1.83595 4.56727 3.63452 5.51085 0.20115 1.4585 4.77759 8.51685 0.343895 7.76599
-67.1871 9.77187 10.021 3.34905 1.30321 7.59738 9.38306 1.76097 20.2823 12.5999 0.0507124 9.17021
-26.3995 6.28153 1.69979 6.56921 1.35656 2.81959 4.24491 0.124602 15.162 35.927 0.0319766 8.772
-36.5839 2.53323 1.58313 2.39527 1.09977 1.63156 12.6591 7.63206 8.73192 14.8819 0.080473 6.55347
-1.34134 2.18523 4.71659 1.71073 3.65042 5.40244 10.0454 3.52939 8.20802 47.8952 0.0535849 11.0828
-30.706 3.23463 1.91036 1.17629 6.03605 12.6006 13.6552 3.06795 18.1275 52.2591 0.0633185 13.8614
-58.0758 10.0369 0.989836 4.05103 5.17737 2.444 9.79476 8.37676 27.3793 18.0129 0.053173 9.04731
-62.7423 8.81307 2.04947 2.0479 6.89709 2.59687 9.6499 7.39514 37.2213 53.3119 0.00572198 10.6385
-66.1501 3.03043 3.23856 5.97517 4.00333 3.53634 7.13124 14.9233 4.29896 23.2628 0.00572198 5.01512
-66.7055 4.87642 1.38112 4.50702 4.67328 2.27308 13.4091 4.90145 0.311884 33.0955 0.0220086 7.00733
-74.3373 3.67606 3.27913 9.76328 4.25002 5.98805 6.88842 2.53596 1.45758 10.7421 0.0125855 4.16144
-72.6407 2.41646 4.38517 7.06366 4.61358 7.96748 5.10948 4.12409 11.1531 3.6286 0.00224718 2.93654
-72.3068 1.0957 6.32075 1.73731 4.81086 3.5569 5.04389 3.49315 14.7905 6.1378 0.0127196 2.91402
-64.7733 6.00702 4.14981 3.06412 4.51017 4.34182 2.36263 1.65492 0.751331 8.69929 0.000378222 1.9798
-60.2839 5.4998 4.22369 1.94282 3.82982 2.4445 6.89821 2.64718 20.3334 11.1122 0.00580277 3.51819
-53.2817 15.1178 6.17583 0.548239 3.05027 6.8037 2.20266 13.6206 19.1647 1.62207 0.00362612 9.34019
-64.8778 4.31007 3.83161 7.32953 1.67041 3.30029 4.40682 20.8016 7.09471 17.8121 0.129827 8.63116
-71.5196 5.02513 7.44969 7.71441 2.96422 4.27007 2.8468 7.87425 5.07462 26.3917 0.0201435 5.59012
-70.7912 4.62279 1.38602 6.07801 1.0009 0.178388 11.3632 11.5803 15.6884 20.9216 0.00444735 5.9664
-71.7245 3.77394 1.13809 2.71898 11.6216 7.35924 2.73884 11.5766 24.3228 21.2556 0.00259542 6.27101
-71.8598 2.4255 2.15774 0.938882 0.677217 2.43011 12.831 3.71014 11.4052 4.82849 0.102061 5.4285
-34.4555 1.18465 0.59633 1.84092 8.36055 5.86164 9.00866 11.2089 0.537727 17.9624 0.00502915 6.95824
-45.3212 1.01148 13.8007 1.39943 2.04915 2.93669 3.52982 21.1364 13.0925 41.3844 0.00502915 10.3978
-69.4745 0.786793 0.536228 1.67378 0.0610553 9.8333 9.14232 21.0719 4.25246 26.0243 0.0753019 10.521
-69.4469 1.26541 3.47365 3.26309 4.45139 11.8411 5.94879 11.6969 17.2992 9.78214 0.0706299 7.20693
-53.0038 1.54975 4.11208 7.78607 3.5857 6.06877 3.368 7.42696 6.29426 0.264094 0.0502909 5.98974
-50.1817 2.99283 6.73235 1.69025 6.24171 3.36846 2.96678 6.21106 8.5754 7.69821 0.0234327 4.04752
-58.4121 6.05794 2.14284 0.430988 1.79488 3.09378 7.03823 2.91139 15.7824 6.05848 0.000680789 2.51912
-64.171 2.18918 4.51515 8.84497 6.88571 1.64193 9.5634 6.85639 15.0469 19.5084 0.0109667 6.23161
-44.7458 8.60163 6.18572 3.19038 11.4121 0.128848 4.77138 3.79416 21.2371 19.743 0.000688645 8.41544
-61.7284 1.07197 8.99932 3.34726 4.74822 7.15984 7.96095 7.79292 0.962713 19.2465 0.0187022 6.49326
-64.289 4.86894 6.32052 4.98194 17.7809 4.05377 7.57558 9.18091 17.3674 1.67485 0.0425666 11.3691
-72.5138 5.32793 7.33335 2.39694 12.6039 9.7359 6.01999 4.32799 7.33535 4.4191 0.0126725 6.90284
-66.952 5.12054 2.19483 1.38624 14.2674 9.75904 7.16414 3.44316 1.37915 11.1984 0.0126725 6.66774
-62.4897 2.71331 6.16097 0.691651 0.88074 0.752693 6.14727 3.25564 20.9415 8.40709 0.0178453 4.36617
-63.6979 3.40288 2.22944 12.2583 2.70528 2.84788 5.86461 3.33722 23.6061 17.0866 0.0189355 5.91173
-16.3727 1.246 1.83035 3.87051 1.25798 0.479893 2.43666 2.86027 3.66235 14.2653 0.00387625 3.61474
-51.7463 4.36829 2.79161 0.893844 0.991723 0.129635 4.69956 3.31937 11.0873 3.98031 0.00387625 3.37231
-65.6357 7.62978 2.0214 0.240661 3.19866 1.14904 11.1507 0.998215 27.893 8.97753 0.00857188 5.7588
-17.288 4.60528 2.26804 0.167344 5.79441 2.16268 17.6592 0.545267 8.43766 10.3859 0.0387214 9.36455
-54.3797 6.07363 8.57152 0.129458 2.20146 0.639977 1.8384 2.91414 4.32351 0.786508 0.0301754 5.63549
-66.8025 8.31236 3.77698 0.655883 3.95949 2.03524 3.24887 5.72377 4.65119 29.1561 0.0148394 4.62285
-62.6285 12.6556 3.60727 1.84875 2.48397 1.64129 7.07053 9.16399 6.80225 10.1525 0.0115933 5.15761
-30.8861 1.84728 2.95293 2.51471 3.13575 0.882515 7.40947 4.91193 9.97523 15.3131 0.0102784 4.00897
-38.5831 5.53067 2.77093 2.24605 3.73849 0.057937 2.07995 13.9774 5.63487 13.9845 0.00851911 5.71814
-63.5436 2.67693 4.72566 2.93269 7.73735 8.20875 12.041 2.75606 10.9702 9.65038 0.0104922 5.57362
-69.2616 4.37953 2.83357 6.32584 4.38188 1.10169 7.67627 2.44518 20.3646 7.71527 0.0165912 4.09171
-71.4547 3.77086 14.6798 4.26936 1.25361 7.32449 5.49185 1.96828 24.5999 13.9456 0.179224 10.4557
-61.6249 3.92789 10.5103 3.62863 1.13837 8.3612 1.4087 8.85815 10.2049 12.5883 0.263938 9.51705
-61.1765 3.66252 1.79957 3.49934 1.90201 2.99249 2.55493 3.02259 17.3114 10.3443 0.0347989 3.55972
-63.3983 1.73554 2.71891 6.626 1.20297 0.233445 3.45448 17.2768 20.5708 33.1543 0.00699962 7.17065
-63.4493 7.8342 0.164766 2.83638 1.10657 3.4157 7.17521 2.13521 23.0056 12.1801 0.0488723 6.23786
-70.4584 9.38923 2.46518 0.980685 2.26047 5.41334 4.3768 1.81255 0.236826 2.33324 0.0342861 4.78448
-63.0693 4.77049 3.23171 0.345671 1.5879 5.94415 9.16974 0.97741 4.99486 15.8573 0.119825 6.30202
-60.4636 6.63022 1.43214 2.28924 7.31276 8.49382 1.45457 0.143382 17.0952 45.8164 0.030651 9.05593
-40.74 2.02771 0.685806 7.62087 6.8574 8.75692 5.8065 1.96934 17.5084 22.8423 0.00573989 6.88437
-41.996 4.24981 3.26138 2.91631 4.50674 12.9305 1.08459 2.5218 11.344 24.2428 0.0497102 7.38377
-68.4827 4.47464 2.40086 11.0263 4.60742 7.88631 1.52732 6.43568 12.2794 2.57447 0.112829 7.14756
-42.4733 1.73274 3.02122 9.34491 4.10186 14.4452 3.40135 5.92898 11.5885 28.0304 0.0557381 10.1019
-72.5997 14.4237 6.77842 0.989342 7.2639 3.93521 3.74531 5.12028 1.84956 12.073 0.053969 7.47726
-66.3186 1.71743 3.15714 5.70389 2.38175 1.20194 3.63871 11.9715 4.6688 4.41694 0.0209949 3.28063
-69.877 5.10053 6.50649 6.27099 1.93383 3.65604 2.13599 8.22613 3.87732 4.91689 0.00986317 3.16697
-70.8042 5.53038 6.50649 6.27099 0.931166 3.35391 1.03767 12.6941 2.03419 5.16677 0.00476878 3.8173
-49.2223 3.68335 5.67242 8.62815 2.0294 2.82701 10.703 4.42347 9.92187 6.61616 0.0825805 7.2433
-45.0156 2.93122 4.27719 4.39983 9.81101 3.61734 13.3529 1.18835 16.7054 14.5987 0.00299539 7.00461
-65.0286 1.74503 4.75913 1.81645 3.96512 3.26712 1.78063 7.83159 3.81417 22.39 0.178353 6.24895
-16.4682 6.08322 3.25067 1.2007 5.90133 7.1333 6.94782 12.7029 20.0252 53.7442 0.000367628 11.8483
-2.40638 1.94289 0.566747 9.43428 5.08036 2.73713 11.1501 7.8251 5.02984 51.7142 0.0596808 13.8332
-6.49139 2.79427 1.33253 9.79484 1.20166 1.89906 1.50104 11.5972 5.67763 25.3643 0.0461535 8.79427
-6.49139 2.6975 0.862027 1.76639 2.38839 6.16805 2.44312 0.881446 10.8189 1.68215 0.043073 5.77801
-17.5274 1.76109 0.256712 4.28631 6.38204 8.17459 7.80453 9.38708 9.63574 0.853354 0.0108251 8.02017
-15.9215 7.81496 4.59164 1.80162 4.08686 8.1509 2.41044 15.7301 15.9884 4.30784 0.00102128 8.82376
-68.3179 4.28658 3.51301 0.51787 2.11191 11.7271 4.74447 2.72057 20.7305 2.85134 0.00628355 4.1956
-68.367 5.84336 0.31309 1.03363 7.88634 2.06228 3.18097 6.80489 16.7029 6.91084 0.0164931 4.26588
-34.9975 3.64975 4.20514 1.54579 0.405045 1.10742 5.79722 14.2919 12.8978 34.1923 0.00849688 7.10753
-41.317 3.56337 4.57341 14.2597 0.618201 1.69463 3.07921 9.25634 5.14764 20.5045 0.00849688 7.12738
-41.2284 3.56337 1.88172 9.35512 2.33014 4.50808 4.0763 7.24834 6.97913 20.5045 0.00849688 5.09384
-42.7575 0.249391 5.08492 4.12624 3.35687 1.17848 4.05626 0.952399 4.097 17.6055 0.0856284 6.04175
-49.7041 0.500053 5.86486 3.65419 2.18731 10.5563 10.2123 3.52231 4.82182 12.2323 0.143856 8.2979
-26.0938 2.45454 5.53964 3.53785 5.95534 3.32148 6.76802 0.426745 17.056 1.64544 0.0934824 8.07466
-50.1929 2.27225 5.63963 5.03429 1.92014 5.59154 8.42319 1.27659 24.3304 7.84838 0.221255 9.17748
-64.0884 1.79357 5.52104 4.65628 3.67571 2.2058 13.803 0.789658 8.6264 14.1414 0.0438095 5.62815
-52.2929 1.53085 5.43257 1.83814 8.98149 3.37633 1.17247 18.3991 12.3909 11.1509 0.0428856 7.21542
17.1304 3.43772 1.08025 1.31124 3.66329 0.361837 2.7941 3.99719 21.3939 20.4069 0.0408098 8.56184
-35.7364 10.0944 2.67159 1.18322 2.29741 3.3252 4.67294 2.9285 10.8869 4.55818 0.00687212 4.37779
-66.7085 7.13078 10.6727 2.69606 1.69353 4.32978 5.14925 1.9002 1.88152 9.49636 0.00566747 4.15659
-54.9622 4.81103 3.29952 0.445262 2.96189 2.0305 8.2142 4.74103 0.93424 4.98336 0.140048 5.93275
-58.2286 15.7973 2.08903 5.28346 6.3077 2.73772 2.42694 0.114142 3.06637 37.8407 0.0183736 9.74591
-64.992 7.41634 4.94597 3.34247 4.97306 0.438468 1.33073 0.700269 1.60125 10.5162 0.0277617 4.6367
-56.6939 3.00403 1.88916 4.66542 5.3593 3.82051 5.27321 6.27097 14.5777 12.8198 0.00216957 2.92811
-66.0595 7.73524 1.23902 3.02986 5.82047 8.38971 4.49953 4.87238 29.0428 16.9005 0.000659854 5.15096
-57.4026 6.28301 3.39497 2.0997 7.37474 5.67208 9.7078 2.97211 7.1272 2.55048 0.00694354 4.54483
-65.5983 4.78322 1.64328 12.3319 7.79849 2.44048 9.01164 1.96485 20.7818 1.08848 0.0151824 7.25643
-73.4025 6.25543 0.630648 2.17518 17.442 0.282108 15.2149 3.07494 27.7303 6.39541 0.0317633 10.4037
-41.1006 2.11856 3.35761 1.45926 1.89115 7.85224 9.55783 1.8952 14.8024 4.08538 0.0165079 4.69854
-43.7167 0.70689 6.74886 2.13152 3.91716 6.47596 3.27535 6.02312 9.76207 9.37723 0.0279779 4.71174
-46.2857 3.23436 0.782104 3.1555 2.03247 10.1952 1.31905 12.6247 9.71886 41.1685 0.00126274 6.43641
-60.5049 1.31661 11.7886 4.85072 3.22071 6.55584 2.49461 5.43695 13.1069 31.4888 0.0114029 6.71341
-51.0883 4.07914 8.1856 6.00807 4.97119 6.45287 1.14167 2.09661 18.491 10.5728 0.0122643 5.90225
-60.5523 0.619453 7.52832 7.86327 1.56004 0.268725 1.64182 3.63273 7.27857 2.00029 0.0128218 4.33057
-63.9697 6.58458 8.77934 1.21261 3.84821 2.974 8.56398 9.3739 13.6501 7.61827 0.0289413 6.22136
-66.0461 0.91547 6.97025 4.57405 1.32671 3.82236 0.733078 2.81342 8.20614 4.0159 0.002108 2.24322
-70.7584 2.92687 8.76938 2.57881 1.08499 10.1081 1.67462 2.09526 30.0138 32.174 0.00566427 6.74084
-70.7584 3.78507 9.39281 1.92541 2.95942 4.82882 1.4274 1.81871 16.7573 7.39615 0.00823204 3.37956
-52.1653 11.8655 9.17586 2.99823 1.24515 2.59453 0.539061 2.61551 1.41082 7.10671 0.0236759 6.60147
-35.501 7.91838 1.5716 3.64939 0.905726 3.36335 11.5747 3.27039 19.8537 26.4471 0.0137299 7.66372
-58.7034 4.59157 10.3649 0.42277 3.0774 9.474 1.76078 8.21531 16.7423 5.2315 0.0088516 6.08773
-54.3884 0.871008 12.4815 3.45727 5.00726 5.72327 5.03216 14.1197 5.68827 12.0067 0.0190827 7.68896
-67.1098 1.81415 11.7321 0.160775 4.86331 1.1572 6.55806 1.61744 2.04724 36.7532 0.0149407 7.02168
-55.9326 1.34571 10.515 3.21277 7.88177 2.50827 2.02796 5.24613 11.6971 24.5325 0.0369564 6.65393
-50.0589 1.84573 2.2255 3.08172 0.863241 1.53571 3.37776 2.44803 3.97445 2.58988 0.0307819 3.1863
-60.7702 1.29935 2.1322 0.831609 2.02287 9.41135 4.14955 22.5251 9.65176 21.0517 0.101375 8.91078
-34.3073 1.56332 2.67337 6.55486 1.70853 6.06521 1.70546 9.09228 2.13411 0.796634 0.000745807 3.68977
-46.5306 0.623299 1.85462 5.78806 6.35385 0.680294 4.52678 4.88363 3.44387 15.108 0.0155669 4.22117
-65.5722 2.01847 3.72665 5.68505 2.67346 6.01072 4.81118 14.8182 16.7483 19.681 0.0976825 7.64581
-59.2867 2.13748 6.35957 0.787199 1.32589 3.52299 5.01384 12.6946 25.391 16.1288 0.0074903 5.34294
-50.8666 1.7917 3.48933 6.32477 0.910183 0.642712 5.77132 3.31915 41.2968 23.2164 0.00278307 6.39526
-57.8574 0.349967 5.54595 6.19581 13.2249 5.03321 1.83766 4.15994 34.5977 6.54204 0.0169016 8.24968
-55.7928 3.26549 7.51686 5.69951 4.21459 1.65265 3.82765 17.1192 17.6983 11.383 0.0300203 7.31608
-56.0807 9.7023 3.07686 6.08028 7.76083 3.42546 10.7191 1.30302 25.0361 8.91184 0.0513981 9.52491
-62.1796 1.58882 3.30414 3.59551 7.77831 3.05634 10.1005 2.08575 27.9055 9.65164 0.0102425 5.19868
-57.8931 1.50825 4.33653 3.69558 4.43322 10.1564 1.47491 1.89357 25.7772 5.89384 0.109865 7.04214
-51.5586 1.23326 3.67451 2.62663 7.82427 10.6258 3.90826 2.27974 10.0729 1.73838 0.0148062 4.82887
-42.8196 9.57274 5.21337 9.57558 7.67117 2.35863 4.24606 7.40374 16.833 0.531996 0.014175 10.2155
-48.2756 0.342302 5.14698 3.4961 3.91088 2.38548 0.361417 4.71911 4.40794 0.557407 0.0604977 5.53025
-33.2813 2.66746 10.8234 3.52655 5.3692 2.85625 3.01229 2.92146 20.7701 6.94078 0.00559688 5.97297
-53.603 0.997192 3.9689 3.56988 1.32336 3.3461 5.24826 8.38161 8.74597 10.458 0.0520319 4.32557
-47.9316 4.68357 2.38253 4.13063 2.42717 4.1032 3.2511 3.29411 16.7904 19.2931 0.101444 6.00037
-70.3695 4.33724 16.2701 3.6007 6.90839 3.40148 0.350884 7.24188 12.1623 8.79418 0.44949 12.8921
-42.8148 5.71712 7.65621 3.60774 7.90912 3.60078 2.66961 7.62164 16.6397 24.5939 0.301788 12.8374
-67.6757 11.9878 2.72606 3.56165 15.254 1.7662 3.98351 3.03964 1.69693 2.82359 0.250051 9.78432
-66.4925 13.4861 1.20151 4.14975 4.16092 1.87939 4.66294 3.06378 3.62679 27.6976 0.0801118 7.06044
-71.3083 7.01133 4.73407 0.543869 7.29843 5.73639 0.836028 1.88387 7.11335 30.8408 0.112217 7.41316
-73.1544 11.711 3.83805 3.43184 2.53657 1.29032 2.85984 4.63333 3.05232 19.943 0.29044 7.78934
-53.4552 4.8937 16.4703 1.17685 3.31558 0.984731 2.12696 0.666153 29.0385 16.9651 0.13861 11.0129
-55.4865 2.21847 2.57296 0.936177 3.5567 1.40977 4.49871 6.30285 5.34741 1.85283 0.0785019 4.19817
-64.1366 11.1504 1.16691 1.21744 3.47135 9.20978 1.75956 12.3037 2.18597 22.4767 0.00290842 5.89968
-73.397 2.505 5.03559 2.46559 3.00474 6.49243 12.0384 16.2512 10.1845 17.8223 0.00783493 6.14978
-74.331 7.48694 5.33176 0.624928 7.39475 8.96055 11.6679 4.6707 9.59861 9.08122 0.000264115 5.27155
-72.0776 5.7523 0.447366 2.31683 7.41544 8.17925 3.16787 9.42612 25.5775 1.47896 0.0248544 6.30874
-68.0591 8.08053 1.26405 4.0041 1.44188 5.45725 12.5123 14.1225 10.6278 6.85511 0.0375852 7.14195
-70.9789 3.18526 1.78395 3.84295 0.687143 1.29603 4.46467 10.7945 8.6087 6.95331 0.0467951 3.94457
-64.9405 3.65918 2.39635 3.24238 2.53874 0.742736 8.65888 3.50581 8.69545 11.8151 0.211893 6.24157
-60.9877 12.4386 2.17905 2.23356 3.33295 3.36605 8.43657 6.35328 4.75075 12.168 0.196222 7.86904
-57.7967 1.28333 1.82402 2.07807 2.44565 19.0023 3.33853 6.93631 6.68118 4.60192 0.0640599 6.62315
-1.42719 1.94393 3.62151 1.82856 1.01288 5.48744 4.01652 12.9452 8.4695 19.7199 0.00391994 6.4691
-49.3274 16.1254 0.432762 4.91395 3.0012 1.9648 1.57581 3.47897 11.0489 18.6804 0.115058 8.84219
-67.0715 4.09138 4.1982 7.3908 6.772 12.731 0.429791 3.47897 7.41764 1.47231 0.0775418 7.53917
-61.4923 4.70672 6.79155 2.06759 2.61173 4.96346 5.3931 9.70393 2.47733 67.7865 0.233253 12.8762
-68.3928 5.86811 13.432 3.20328 3.36264 0.0848389 4.85526 2.1191 6.25622 63.8959 0.205625 13.6559
-65.1219 1.9866 12.2697 1.78093 1.6617 0.120327 6.75909 1.43812 11.3467 44.0718 0.152442 10.4956
-62.1474 4.73663 2.67023 3.0292 4.85353 2.50653 5.06463 2.96924 22.4238 8.04435 0.155318 6.23512
-47.9782 10.3561 2.66341 1.12087 7.90401 1.63943 4.97081 7.09421 24.2509 5.44708 0.0643669 8.04054
-55.978 9.849 0.826172 4.0284 5.06915 0.142798 2.04854 13.6193 5.52141 15.7988 0.0445507 7.2393
-74.7059 6.44174 4.3314 7.78238 0.658525 3.2559 13.9741 11.2203 2.08026 45.5074 0.161568 12.0939
-10.762 2.50903 0.320558 0.623937 1.16894 4.7375 14.7463 3.73731 7.21292 28.4612 0.0749437 9.58975
-33.079 1.75959 10.8269 1.26529 0.594631 5.27661 9.9466 3.40394 7.48316 9.87384 0.164528 9.17851
-49.5433 2.35636 2.88544 5.25694 0.0180177 1.95971 4.69339 5.23058 4.64052 3.3523 0.0144626 4.60873
-74.3624 1.31761 10.7374 1.01802 7.09547 5.05686 5.00532 8.73695 23.5322 19.1477 0.022431 6.8869
-47.3595 1.01493 7.62632 1.02113 0.754247 7.6341 7.2096 15.1389 0.472184 25.1798 0.022431 8.43139
-51.7159 1.76852 17.6447 6.95143 1.22539 2.19185 4.80555 2.36234 1.44311 5.5599 0.0560792 8.3772
-28.3478 4.3972 3.26627 3.9103 1.20206 4.83498 4.88408 0.234446 18.7923 19.1085 0.0127541 6.15801
-59.1522 4.77522 13.6588 0.0782183 1.61431 7.32392 7.46254 9.81286 2.22245 25.1747 0.0580552 10.505
-71.4227 3.28518 8.43964 11.4902 8.92194 12.0361 3.54258 2.42256 3.50198 37.9133 0.0125578 10.8646
-58.1287 2.75086 1.73542 2.36795 12.4267 10.0623 10.1789 2.13468 4.68947 24.6775 0.0714388 8.99842
-59.7938 5.1855 1.50559 2.45708 1.1888 3.19376 9.36862 2.07236 2.90163 19.8975 0.11689 5.82412
-46.5733 3.96851 2.71943 1.40988 1.64801 4.61817 9.36862 12.1257 4.45438 32.8842 0.000328147 5.04607
-50.6563 4.17194 1.6366 6.65148 3.52672 5.93339 2.4369 11.0471 17.4606 18.6217 0.00259941 4.93158
-61.0519 1.84059 1.72102 21.1191 2.2185 5.50202 2.03012 6.98077 16.3702 45.8169 0.0157856 10.6937
-49.3436 3.78515 6.3855 1.41568 10.8358 5.0666 7.02941 8.82873 4.37271 9.79672 0.00196154 5.71592
24.8278 1.19125 1.49863 3.01222 2.61844 5.49234 6.92367 6.52253 6.98619 5.3352 0.00834776 7.10683
-55.4233 4.71018 7.34661 2.95204 2.297 10.6861 6.07977 0.720996 6.79342 28.2124 0.037009 7.39757
-49.3418 5.78405 4.39152 2.95014 5.26093 3.77531 7.74081 12.0824 6.81348 29.2832 0.0415729 7.88907
-65.5758 2.34289 11.5435 3.61319 0.948198 10.2101 7.57919 15.1706 28.584 9.39827 0.176182 13.5493
-66.7053 13.1396 4.80806 0.603163 1.43166 7.13194 7.97788 3.707 12.481 9.20925 0.0592295 7.303
-59.8721 4.87177 2.82518 3.10378 2.73621 9.26162 6.04853 0.388801 13.4407 2.50056 0.00728876 4.10338
-40.3427 8.62814 1.13333 4.36151 2.66651 6.69944 17.3941 11.2014 7.73918 1.6756 0.00923385 9.88372
-67.401 5.84857 2.6728 0.28496 1.69733 6.47217 1.31918 9.75218 7.35506 1.6756 0.116478 5.88025
-60.2691 2.91411 1.38523 5.42366 9.75037 2.33059 2.25566 6.87193 18.5935 11.298 0.00771914 4.23029
-55.4582 3.27603 12.4184 1.9935 2.09417 10.3749 4.5795 8.04281 13.677 13.0706 0.0180468 7.46151
-59.4501 2.61968 7.0882 3.98023 2.27827 15.0695 4.08078 15.1893 7.06742 20.2915 0.0512304 9.52439
-69.3916 4.31333 6.99095 3.68733 5.05198 0.409764 9.3922 1.57456 5.24702 4.35386 0.0429757 4.83748
-63.116 1.14967 8.00132 8.32613 5.65721 3.58158 1.29742 3.51071 5.9481 22.2394 0.0317135 5.67674
-51.6179 4.52262 3.24858 4.11468 0.769744 3.00934 1.4007 3.92242 4.1271 17.1212 0.0752588 4.78744
-58.9908 12.5067 10.1205 1.14847 2.57286 14.8232 2.28103 3.1214 4.0823 4.82014 0.210715 11.5626
-47.4653 3.48444 10.9257 3.63029 1.96631 3.76033 3.05929 2.53643 14.5471 9.07681 0.123279 7.07094
-58.4792 5.83057 8.61443 3.08874 2.81462 1.58834 3.83971 2.54213 22.9274 45.6118 0.077921 9.21201
-43.8844 7.11919 3.98875 0.235212 2.83534 7.10127 5.75386 1.28042 13.3017 4.45584 0.00758598 4.99354
-56.2997 2.79564 4.54631 4.17721 7.81652 4.81097 8.71356 7.25368 23.405 25.4408 0.00120662 6.35303
-66.4903 12.1952 3.1038 3.91748 0.711993 13.5896 1.27588 8.19188 15.2452 47.8888 0.0236883 10.853
-31.7527 1.45717 2.92085 2.34359 2.81632 2.25303 9.70969 8.6355 13.0137 12.1182 0.0058374 4.43265
-49.2511 4.65088 8.12418 2.71222 4.92769 1.40894 0.944707 4.6636 10.4262 17.1802 0.0281692 5.22481
-47.4669 0.211683 4.07409 4.28731 3.88632 4.15934 11.7161 0.91287 10.243 9.32709 0.0973379 7.10252
-31.7431 0.144178 5.8924 0.776521 2.61053 0.983808 11.1714 8.24829 15.1098 4.23547 0.0467621 7.46491
-64.5101 12.4085 2.20637 0.789941 4.12057 2.77913 6.54792 3.19545 11.2136 13.7472 0.0363578 5.49751
-66.2401 6.39757 0.744051 1.81196 10.2743 5.9895 13.8669 13.9562 1.36063 40.1556 0.0410946 11.674
-73.1233 4.75818 1.18401 1.03955 11.1834 5.76902 3.52272 10.6417 27.2364 17.816 0.0542883 7.7894
-59.2927 1.81827 6.17241 1.00893 7.84149 1.26516 1.77809 9.44666 6.03175 18.2108 0.0918467 6.08749
-72.88 11.5451 1.21691 1.16843 8.40661 3.68857 1.7083 7.80246 9.87078 21.1568 0.0169512 5.60806
-44.8021 6.18554 1.9527 0.814858 7.11013 13.8725 0.87535 11.6151 9.35224 11.4913 0.0165303 7.88525
-38.1655 1.48847 2.06624 0.603941 6.58082 2.87525 7.34238 2.25085 8.13455 30.0669 0.0483893 6.3549
-44.7864 0.651183 3.08175 2.37826 1.13382 4.83668 5.37089 6.69611 24.4948 7.58793 0.0318698 5.17739
-36.4835 9.86302 0.224844 1.29218 1.73871 1.69075 7.89944 6.0359 16.5555 5.39037 0.0688655 7.40474
-60.112 7.5741 4.61737 1.1117 0.689099 7.95851 13.7784 2.94953 7.75265 16.1593 0.0384523 7.11235
-27.1856 2.24486 4.99278 1.54585 6.0977 3.44928 3.03722 10.0709 10.0561 9.90148 0.0488497 6.07031
-59.7826 3.86183 5.03483 1.08948 3.04654 8.19816 0.428879 14.2139 8.55586 55.1568 0.04025 9.53263
-30.1455 3.8257 5.2919 3.47947 6.27683 8.47322 7.8059 12.1514 4.90821 20.4224 0.0411957 10.0557
-52.541 4.38531 3.26068 1.63476 2.55553 7.01213 7.1334 4.21534 4.37133 12.0638 0.0103252 3.43952
-72.5761 9.46889 2.03413 3.67405 11.6925 3.89663 0.928587 2.32809 20.3712 9.25393 0.00553895 5.16592
-74.037 8.08573 1.32311 3.39329 12.9167 4.17427 7.69564 8.21725 9.53385 6.49565 0.076379 7.54425
-73.9559 8.79301 2.26815 1.28962 12.7575 3.49907 2.00906 6.45761 1.77865 12.2589 0.0814495 6.37209
-61.8581 4.70116 0.697648 0.844325 12.1168 3.43268 14.0462 2.05681 14.8896 7.92643 0.0694421 7.93254
-57.708 0.905258 3.93021 1.92939 1.04606 3.49739 13.8839 6.90437 6.29344 25.5038 0.105693 7.37236
-40.308 0.8654 4.0831 1.60572 0.310607 3.63908 11.0069 7.61914 32.7065 15.6616 0.00104844 6.26405
-68.4268 1.53208 2.46462 8.45886 3.5895 5.76083 6.46929 2.20405 15.91 23.6211 0.0281431 5.3874
-72.7856 8.96316 3.4789 14.1195 2.71187 14.6635 3.96124 1.14128 5.4312 9.86961 0.13551 11.1123
-64.9429 1.84127 1.08522 4.93339 6.8898 8.08884 4.0193 7.18087 2.78149 5.13565 0.000495997 2.4667
-71.0014 1.85586 3.09655 6.56456 2.94867 16.2407 4.58444 1.97111 3.85861 0.297461 0.00667972 5.31883
-37.9756 2.03716 6.14448 0.743168 5.67463 0.276578 2.07695 4.30815 10.5085 4.69589 0.00563845 3.88155
-49.8459 2.73033 10.1189 6.0272 1.03375 1.13285 9.43439 9.74545 34.2236 13.6338 0.0115723 8.88342
-50.1445 1.14455 4.20144 1.36428 1.57069 1.97501 1.05891 5.65605 15.2242 4.74698 0.00359304 2.66357
-55.4741 2.50384 3.16418 4.30516 2.09843 6.13529 1.02367 2.04285 14.6786 7.77016 0.0454045 4.12399
-55.5619 6.05264 1.38797 2.6027 3.22722 11.0653 8.51592 4.6215 33.3464 4.06775 0.0991031 9.21974
-56.2309 7.74158 3.57465 1.91161 7.45457 7.40523 1.04055 15.8318 13.5583 2.56861 0.202176 10.2879
-55.8791 5.11335 3.78993 2.45233 1.8761 10.3138 2.64057 8.42567 14.574 1.76497 0.0196139 4.98806
-62.3349 7.76256 1.16565 2.39257 9.28384 0.171925 1.26859 4.22234 4.31767 15.4117 0.0840254 6.39801
-66.3721 4.67465 0.102435 3.64072 1.48455 4.9635 4.30412 1.5068 11.5001 5.34756 0.053133 4.7674
-55.4697 5.90736 0.883061 2.28831 0.739646 1.20864 7.6252 3.95053 36.6935 1.14398 0.02128 6.3171
-49.82 3.37794 0.322004 12.7498 2.90632 6.18073 11.2076 0.683045 5.02432 12.7817 0.0232952 7.70903
-53.5682 4.3842 4.91741 4.36131 2.61195 6.46655 7.45494 4.11033 23.6234 10.8994 0.0254616 5.87853
-63.9645 0.996904 2.47285 1.78521 2.18486 2.17092 9.52198 6.03794 11.914 12.4142 0.00992865 3.21305
-46.2833 1.26337 4.69436 2.61285 3.90816 3.12399 3.2363 1.18904 4.64076 1.33985 0.0352546 3.74662
-34.8796 3.27225 3.95955 1.38052 1.93247 15.2588 3.22999 13.2208 3.07896 4.41094 0.0727404 8.58336
-56.1471 1.36957 4.36903 7.50032 0.658782 8.65008 4.31385 8.36503 12.6187 6.2866 0.0161686 5.07083
-59.056 5.18787 2.23989 0.918351 10.3159 2.19139 3.79317 1.0268 4.04744 10.2306 0.102315 5.58071
-66.5718 4.10206 1.33213 3.24478 2.8523 0.61137 3.25946 3.6544 21.0882 0.495709 0.0271624 4.51489
-64.9499 1.86515 3.01444 4.23006 12.4731 6.26812 6.50447 3.03849 15.0108 12.734 0.0157735 5.56921
-59.699 1.15669 2.97926 3.35967 10.5826 6.55152 6.99389 2.41715 26.219 7.3324 0.222634 9.88349
-56.1954 0.852478 1.90379 4.81134 9.71653 7.45832 1.23691 5.25651 7.2842 18.5996 0.237183 8.73151
-44.4045 12.9936 3.09314 9.22862 1.8058 4.82607 2.00247 11.281 4.3546 8.0183 0.2014 10.9829
-49.3655 5.33056 2.68974 6.12954 3.12795 10.8123 15.0836 10.356 3.16561 6.41829 0.18152 12.1819
-67.0452 10.6166 1.12055 3.97429 2.82268 3.5162 7.21554 12.0821 0.114639 5.46339 0.322039 10.0804
-49.8069 10.6595 1.88431 1.84373 2.17539 4.90857 6.59026 2.23322 14.3333 7.69591 0.291431 8.70317
-74.6929 8.85619 1.10625 0.16697 3.26185 3.87643 3.03717 7.80927 8.69341 16.0706 0.088947 5.91064
-72.7047 4.93633 3.35996 0.232144 9.39445 19.4227 5.28208 3.51709 19.5652 41.1215 0.00897382 10.9452
-55.8113 4.49397 8.49626 2.75138 3.99785 9.27353 3.91632 3.25732 11.1009 5.94278 0.0137158 5.04345
-53.5698 1.21789 3.25809 1.27904 10.1476 4.10143 4.631 0.689955 15.7787 4.69705 0.0174129 4.54787
-71.1639 1.36185 3.95394 11.2092 0.0942613 6.37511 8.74096 10.0639 25.0807 19.0082 0.015051 8.50574
-52.2949 2.10897 3.21926 5.2421 1.79889 4.12413 14.9516 14.9885 20.9365 7.04301 0.0188715 7.9954
-70.8907 2.35996 5.07736 8.6099 2.67608 1.67095 13.9697 0.114552 9.44207 4.57541 0.0439088 6.56109
-64.2796 6.41382 1.15301 0.89509 7.23601 1.24441 8.17263 16.0222 14.6211 27.0046 0.196803 10.7458
-63.1936 6.05639 4.79691 0.950453 7.76605 2.31886 5.0764 6.24592 0.147274 13.8731 0.087618 6.84783
-62.536 10.3508 3.62604 0.758053 0.65592 1.91474 4.71608 0.0885596 8.57196 15.5639 0.0414413 6.33947
-63.1297 3.06896 1.7476 3.76169 0.822569 1.73866 3.40457 6.92761 19.2569 0.887812 0.102546 5.61584
-67.1017 3.86324 3.28954 8.64989 2.60664 1.96455 1.94551 7.57224 30.2681 4.81043 0.0344806 5.53371
-65.4887 0.567719 2.8083 5.62443 6.88769 3.36036 7.46721 2.36232 4.94915 4.47134 0.0236689 3.71493
-49.1344 1.26314 2.58368 11.3108 2.28147 0.198859 5.45058 9.7358 1.18839 9.19916 0.00498507 5.22512
-70.4895 0.645501 2.48019 5.46234 3.47683 0.848122 4.82 8.04888 7.62679 18.8234 0.0455023 4.59976
-46.1942 0.485631 9.17232 5.64421 9.35475 1.21822 9.093 5.00791 9.09681 7.81047 0.036465 7.97358
-66.9423 4.34551 2.12494 4.42034 2.62331 0.566351 6.42888 5.5379 10.6062 7.23582 0.093397 4.70312
-68.5087 6.3379 2.19324 4.40769 0.626193 2.04617 3.56452 5.98851 22.8204 8.64542 0.0456221 4.82239
-46.8552 1.34513 2.55821 6.13982 3.0543 2.06053 2.10264 14.0073 15.379 7.96897 0.00606689 4.11511
-67.2098 8.47718 5.55953 4.78472 0.83812 2.41784 1.52128 9.22814 4.69876 4.11634 0.0925367 5.5177
-69.3556 2.58533 1.74873 4.95267 1.99817 4.14451 4.16529 12.4785 13.1147 16.0318 0.0572132 5.0328
-70.5637 3.41276 2.84581 10.1403 1.10074 4.86626 0.609166 18.5127 27.2867 1.30159 0.032386 8.06595
-54.5886 2.35661 0.125408 9.29435 0.836586 11.7142 3.20742 19.9371 48.1688 2.40576 0.000954822 11.3579
-58.0317 3.03393 2.04082 3.48027 1.68652 6.81132 0.403659 8.48687 31.8401 4.65429 0.00140516 4.29322
-64.2111 2.83568 5.0823 6.20778 10.1103 1.01777 2.15902 9.53396 3.87301 5.3078 0.0106201 4.38091
-66.4759 2.41899 11.6376 3.38738 1.86897 1.53494 4.97751 0.818373 7.80276 7.93319 0.014963 3.89601
-69.6234 3.49547 3.72304 10.2243 3.18383 1.43646 5.2614 13.1094 20.357 17.0571 0.0400205 6.99539
-68.1656 2.2635 3.22079 2.90284 3.83927 0.831433 5.19467 2.48184 18.4755 8.86688 0.0227603 3.43139
-66.2082 1.89729 0.244276 13.5173 1.16044 2.84413 10.1148 2.59937 12.7337 11.723 0.0709191 7.18567
-72.2243 1.75657 5.53288 10.7779 6.48878 0.998746 6.56984 3.62918 7.27807 2.92446 0.0733642 5.8822
-72.086 7.07173 4.13103 0.468422 9.34534 2.3794 3.64894 0.935529 14.3104 15.3756 0.0110908 4.60293
-27.6528 3.8868 4.31764 1.78287 5.58374 0.432409 5.14761 2.00238 6.5806 11.5098 0.0110908 4.45772
-19.3026 2.68233 10.1945 5.51379 5.13295 1.40652 2.88916 2.32734 16.1785 9.19425 0.112567 9.391
-69.7608 4.22731 5.86367 5.93898 4.34321 1.86077 3.1922 7.29985 14.2487 4.1427 0.238161 7.09889
-63.2349 8.84077 2.15665 1.2331 1.17298 3.69133 7.36429 7.67788 15.6727 10.1743 0.0944409 6.17935
-60.8203 7.66816 0.23425 2.77572 3.86948 5.24523 6.44543 0.110607 8.61828 7.04169 0.0913937 6.75588
-49.1866 6.99583 4.46371 1.01736 0.666877 8.42489 12.2817 11.7489 10.3488 25.1405 0.0991713 10.7852
-71.0577 18.4224 7.3735 1.88105 0.537143 0.277527 2.78905 6.00391 7.33905 29.7452 0.0875508 10.1507
-59.2796 7.424 3.53249 3.13214 0.450001 5.4464 4.09827 6.81899 8.4407 14.5199 0.00407715 3.63088
-72.0069 6.97129 0.14441 8.04793 3.84179 0.440201 2.81947 1.58088 10.2749 10.5305 9.3795e-05 3.11036
-20.1074 0.734231 2.72922 2.8162 13.816 5.9562 3.83864 1.21105 0.569635 4.83281 0.00353135 6.64472
-55.2422 2.83201 2.30636 8.12563 3.59776 12.2357 1.37557 3.11327 11.1864 4.21758 0.00423332 4.36776
-22.5606 3.00158 2.55847 3.69002 5.04893 0.533466 4.56447 9.62077 5.44089 3.55747 0.00484958 4.30127
-29.0796 7.98371 3.69737 3.16783 2.28578 3.12082 5.33793 4.17109 1.3012 8.80073 0.00484958 4.60384
-74.2539 1.77536 5.30294 2.29776 7.12968 1.65621 9.97683 1.15777 0.530307 8.43183 0.00484958 3.48859
-74.3164 10.0466 3.92095 0.377519 10.864 2.76106 9.87994 9.21356 16.8372 16.1619 0.0195973 8.25738
-66.5533 12.9328 3.45341 0.364771 10.4104 3.80217 10.479 2.56234 5.05811 8.48235 0.00918303 7.31194
-63.3846 4.26855 2.41699 1.69248 2.69407 1.71234 14.328 2.16938 4.37994 2.89616 0.0187366 3.75033
-66.9802 0.841192 7.80802 7.19201 2.30298 2.02243 6.76911 1.817 3.96571 17.91 0.0231262 4.54515
-70.2075 2.39958 8.99536 4.77013 1.86449 6.63095 5.7046 10.99 2.98553 5.60496 0.00114067 3.58584
-67.1036 0.484316 9.18718 11.182 6.00105 3.93302 2.65787 1.56892 8.27707 4.64961 0.00158125 4.57417
-64.1865 2.36564 4.29069 11.182 9.68389 1.64671 4.89934 2.14218 11.5244 7.23598 0.0216188 5.66847
-61.9437 5.13106 0.946723 2.31424 6.74511 5.54769 8.53676 0.726333 13.0888 22.9017 0.000470168 4.11055
-56.8393 7.35144 1.68348 1.51327 6.13946 0.6945 15.6772 9.30743 43.9171 3.5105 0.000190962 8.30351
-47.8783 8.98023 3.45396 0.539682 2.35652 0.739887 2.90213 1.20022 18.3128 15.4874 0.011221 5.15185
-61.4634 11.2112 0.176007 0.988639 0.574697 1.30523 8.17285 2.82666 6.64633 8.1748 0.0198657 5.2977
-43.2423 13.7498 6.47651 3.10371 6.65764 7.78751 1.48487 9.55137 36.6353 33.1537 0.0082486 14.3473
-44.586 10.7341 3.94804 4.01494 3.90545 3.85974 0.538997 6.1236 3.64896 13.0449 0.00619536 5.38298
-45.3245 4.36946 2.07312 1.2719 2.33863 3.10371 11.3545 4.03937 5.88462 23.3362 0.00096767 3.68591
-44.01 1.82257 4.51763 1.03744 3.78116 10.3448 3.0627 6.01405 4.56713 6.16611 0.00463039 3.55065
-36.8597 2.30288 0.797682 2.82224 0.0533254 8.08585 12.5158 2.60248 4.63623 10.9849 0.0507017 7.38488
-70.2678 1.32601 4.62826 10.4019 2.08588 4.2265 3.12248 21.4827 4.59845 8.70661 0.0939318 7.98017
-50.1572 3.46254 4.10827 12.6374 3.04522 3.29729 9.23117 3.53095 15.1517 7.53584 0.030156 7.19009
-55.4592 1.45219 7.94938 6.31389 1.09271 3.38188 9.74024 4.84177 27.9583 12.1985 0.00932598 6.33621
-69.7112 2.19069 2.92428 1.66088 8.68306 0.243314 9.02903 11.8574 26.8688 10.7124 0.0950691 8.50246
-73.2469 5.54788 4.07971 2.05252 6.2831 8.30367 0.653193 2.39847 8.61322 18.2731 0.0128691 4.08527
-70.9533 0.0908503 9.56873 6.57894 2.33498 1.30555 3.16699 6.25272 7.03425 16.8188 0.0154001 5.10003
-56.7801 1.85684 9.66717 8.5569 5.97768 1.64844 3.59235 3.36618 14.1409 6.53257 0.00932765 5.26091
-62.0461 6.85536 4.40601 2.82387 3.13242 1.78047 8.59721 6.0908 3.07127 3.94712 0.00258091 2.84725
-36.4249 3.14831 4.45781 3.94305 2.59089 1.70745 15.3694 3.34236 22.9416 18.2441 0.0178534 7.51425
-58.6887 2.1274 1.8495 1.58005 6.44173 1.71621 1.5784 10.203 11.6492 2.24531 0.0199062 3.61681
-63.8447 2.37238 6.75891 3.75355 1.9415 4.28961 1.93522 17.956 14.9518 10.4094 0.017446 5.31516
-60.8176 2.58462 7.33119 3.05844 5.20961 3.98814 7.09596 0.211678 1.90323 18.5867 0.00147082 4.13863
-57.6717 2.15682 4.01144 0.570062 9.94864 3.29989 9.07189 3.39004 20.7071 13.5399 0.0240372 6.02364
-38.3826 9.11957 5.38705 3.68119 3.17059 3.6179 8.04772 1.63594 14.1569 21.5166 0.000828019 6.22448
-51.1659 10.2438 2.75123 3.42665 2.29157 7.45302 8.61563 0.489966 18.278 32.3222 0.0739881 9.94054
-61.6619 4.48422 3.79352 4.28282 0.856723 6.81593 3.81344 11.831 23.1751 13.3188 0.113098 7.74031
-35.1999 0.997385 6.74823 9.42536 7.19695 6.61379 0.806934 8.75067 8.32543 10.8526 0.0205008 8.25635
-73.0787 11.657 2.50349 4.07648 0.0685445 0.126411 9.27543 17.4518 3.34767 11.541 0.000596866 7.29114
-71.7985 10.0545 6.77855 1.23007 2.97549 1.5806 4.9872 8.94667 4.83753 16.1114 0.00296039 4.01308
-70.3084 2.91846 2.1841 2.42655 0.649198 11.1612 5.20269 13.5582 7.89777 6.35811 0.000238128 3.13675
-49.8897 1.76712 0.221186 2.22072 8.61974 6.56754 4.97348 1.40915 3.77267 8.28829 0.000238128 2.97815
-70.154 5.87771 7.18327 2.33979 2.86674 5.82756 1.77198 5.77946 9.84906 12.9947 0.000238128 2.23795
-72.9415 4.94013 4.30975 2.32729 3.27002 3.47369 6.18815 10.5485 5.21768 9.57255 0.000238128 1.73746
-67.1189 5.88906 1.43043 2.58915 3.57411 2.35112 7.04914 5.10283 30.3078 9.5367 0.122342 6.85259
-67.1679 9.3806 2.51946 5.13695 5.54227 4.55363 8.80548 1.22509 19.9734 6.51997 0.0530199 6.80223
-72.0118 8.47689 4.26702 5.0275 1.18271 3.38208 2.45141 26.575 2.39257 10.4853 0.290332 11.0917
-41.7131 6.19171 3.62088 5.76352 3.37866 2.57664 3.36362 4.41602 15.0219 23.3212 0.0679832 6.81244
-55.8285 11.264 3.56322 3.95111 6.15683 5.48171 1.60358 20.8385 1.8801 21.5717 0.0428579 10.4781
-64.9783 10.7386 1.29301 10.4805 11.1045 0.912416 1.71547 13.7354 9.7048 39.2818 0.052587 12.4136
-74.3597 4.82957 1.37796 5.60743 4.51305 5.12096 6.5012 7.43723 24.92 14.1388 0.0599522 6.21116
-55.1394 4.85453 2.20068 6.30021 1.84404 6.2528 10.7001 2.73359 6.66882 35.4274 0.0345555 7.16715
-38.6545 1.89341 4.09938 9.54691 1.43388 1.87733 8.89324 3.06773 2.91037 53.32 0.0100363 8.34022
-72.0087 3.58773 5.20078 5.33821 1.84601 2.15591 2.57965 3.74783 19.5583 20.8746 0.0237386 4.27933
-70.6679 0.503087 3.05008 0.836278 0.494275 1.59588 7.77387 10.8509 24.7707 3.60433 0.108275 7.3069
-51.9137 0.993627 4.41642 1.73895 4.67592 5.95661 6.27685 14.0484 3.12685 5.89184 0.116101 6.84092
-47.6801 1.17686 4.14593 10.2202 2.93395 4.97958 10.3543 2.95623 12.4445 4.15821 0.141817 8.47177
-63.3806 0.438977 3.7961 3.81011 1.93639 1.00345 0.844097 1.82006 6.71566 15.2461 0.154628 6.15417
-40.4439 2.18369 4.25822 9.39971 1.15136 12.5993 2.96249 17.7353 20.1547 1.47028 0.0198174 10.7258
-62.7743 3.50918 2.40193 7.53071 0.909978 5.98081 5.21748 5.80124 17.0484 7.68332 0.0475968 5.06957
-49.6554 3.10899 6.01699 4.7048 2.11962 8.57546 2.31645 9.60011 22.0377 9.49231 0.0166899 6.05951
-24.1462 3.31342 2.93405 3.91665 5.09158 10.6645 1.50531 2.29797 11.0399 14.7673 0.0406361 6.9081
-45.4519 1.38769 1.99685 3.89353 10.939 3.28941 1.79752 21.1908 5.88244 18.7744 0.0405036 8.42388
-69.7618 2.02242 2.98153 1.25017 10.7542 7.83482 1.92025 9.66585 14.0815 19.8171 0.00333131 4.76581
-72.2718 5.6848 2.79463 0.676484 5.48799 6.81023 4.2159 8.07741 8.37692 12.8537 7.85212e-07 1.77657
-49.2037 0.308771 5.94993 0.371061 1.7607 6.53332 6.48856 5.88345 23.2348 4.8749 0.00194281 4.75294
-61.7318 3.38775 6.44844 2.28932 2.24223 5.15347 1.59165 6.34525 2.5066 1.62804 0.0613727 4.24667
-54.7638 7.64302 7.38511 13.3364 1.94125 0.405975 3.51106 2.37688 5.32466 1.96861 0.109753 8.93557
-59.955 2.43928 8.41365 15.204 1.76484 1.0511 0.287293 3.87147 3.34936 1.96861 0.145724 8.78709
-20.9827 1.21232 2.61319 8.71354 4.17552 6.45899 3.29033 6.45122 2.4347 13.5526 0.165104 9.01047
-47.943 7.73341 2.66331 1.69364 3.82164 0.644229 4.60625 8.19757 9.54964 10.4392 0.06096 5.46881
-51.2571 10.6078 3.32871 1.47906 5.20018 7.45352 4.05241 8.8977 10.8411 4.72693 0.0312022 6.79406
-61.5926 4.25014 2.35196 0.236515 6.06252 8.86563 3.48999 14.6549 4.51324 29.3672 0.104237 8.86891
-52.9941 4.14864 3.97313 2.83485 1.157 6.3263 6.24878 18.1861 9.74046 20.8105 0.233196 10.5501
-58.5295 3.66424 5.92911 1.91414 1.27442 1.48491 8.72494 2.25983 6.77593 10.6018 0.163255 5.91216
-71.7604 5.45907 4.1589 4.56924 1.41309 5.31102 3.92139 4.75618 5.03094 17.118 0.0910477 4.80549
-72.1909 1.71184 4.31703 0.501195 5.0685 6.37029 2.01783 2.04414 17.5085 1.29483 0.0450632 4.63298
-56.8282 7.9402 2.55229 1.35089 5.65099 9.26301 11.0229 3.09492 10.2887 8.74179 0.15434 8.73087
-31.1472 3.4787 4.66906 2.21619 0.474821 5.35524 9.646 7.58556 5.09216 3.58728 0.119133 7.46218
-27.7343 3.02331 2.44648 4.5936 6.39203 6.87991 2.77735 5.44246 18.6619 15.1797 0.0316275 6.77519
-59.6827 3.40332 0.789597 6.75762 1.48806 4.75164 2.90875 1.90212 14.8505 11.7919 0.00238299 2.77175
-51.8036 3.33006 5.73881 3.84164 4.42351 1.54882 1.53955 0.20119 11.6952 6.97236 0.00637337 3.69036
-73.0893 1.18292 5.65068 7.27785 4.29537 2.37934 4.02981 1.76999 6.34296 9.74175 0.0112537 2.79464
-68.4562 5.12473 3.26262 11.2964 1.24041 1.91669 8.11268 10.6878 23.5134 4.56279 0.138882 9.1238
-67.3306 0.118798 6.77058 6.44195 0.296864 6.03028 12.8509 13.6936 16.0989 38.5934 0.120391 13.3483
-71.6058 2.38614 10.4583 5.31307 0.285577 9.88691 7.30373 10.4082 2.08615 21.1695 0.126645 9.87932
-71.8919 0.986478 10.3158 5.60257 0.121847 11.6486 1.55812 6.56327 0.338655 24.6865 0.0329444 8.51422
-71.3097 13.1354 10.1879 3.52184 5.48502 0.416192 3.64975 0.716771 18.403 22.7297 0.028515 9.11025
-66.425 0.424809 8.41551 1.16538 10.3103 1.25548 9.2638 6.00413 28.7972 26.3 0.00270834 7.59798
-74.0846 1.62573 1.99172 0.884022 4.80981 2.40288 4.89356 8.37012 14.6522 1.22756 0.0136612 3.3306
-53.3889 1.65016 10.535 1.36578 0.541052 3.55376 1.09131 8.62627 9.2464 25.4643 0.0556938 6.79176
-61.0132 2.09762 4.17946 8.27428 4.23181 2.99003 0.76302 2.0102 9.01732 23.5751 0.0646057 5.67089
-53.4174 4.68828 8.97391 9.25893 6.61771 4.25617 2.99661 7.92611 25.377 19.0645 0.0706682 10.9959
-60.3078 1.68054 6.44376 7.26728 9.68682 4.28777 3.57556 6.40824 14.3906 16.9937 0.0367955 6.96024
-74.6152 1.01032 2.2367 8.9637 3.84076 8.09821 5.64495 19.1986 14.0075 13.3355 0.133238 9.68918
-64.8682 0.211075 3.93538 7.01526 7.5999 5.63748 4.71946 1.94787 21.7366 16.2321 0.0393938 6.72851
-58.6678 7.4816 5.63838 4.79782 2.32016 4.55778 9.28912 11.6208 5.67262 3.72798 0.0333195 6.75017
-61.0532 4.01837 3.0622 1.21756 0.25144 10.9752 4.58993 5.94196 12.8916 8.36511 0.00325982 3.85714
-71.2932 0.325148 6.07671 1.0292 1.31833 5.87537 1.86119 13.4761 10.9553 12.2392 0.0328474 5.16385
-63.6223 1.74894 3.24027 8.5781 4.99707 5.82234 12.3196 7.23304 46.2686 15.5473 0.102346 12.3846
-74.7905 1.82731 3.70732 15.8097 4.13237 4.56165 2.28686 8.51476 19.5924 12.1113 0.033424 6.97593
-63.3529 2.43433 2.95564 2.46858 0.841997 6.94981 11.4396 2.37336 11.7182 25.5 0.0274795 5.51358
-68.4768 2.62231 0.182525 2.08556 0.841828 6.9376 8.85886 10.2865 12.8612 10.0177 0.00373466 4.27887
-74.9887 1.78507 0.0645344 0.403584 6.48064 7.42297 13.5989 16.7229 7.86183 14.5475 0.116713 10.5507
-67.4308 2.18342 3.72654 1.47725 1.70575 7.59836 14.5409 0.707744 14.9833 11.6081 0.00829309 4.83376
-55.8315 5.47954 7.90279 3.2419 2.01451 4.41886 9.15185 2.81622 2.28012 2.66792 0.021145 4.92538
-73.1946 4.36183 4.97538 3.49075 3.17285 3.14152 8.75682 5.77441 1.95667 4.96975 0.136745 5.23272
-69.5121 4.18694 5.19987 4.24834 3.50593 0.968327 5.56812 15.9726 2.70559 18.3999 0.193422 8.00368
-53.1924 5.78426 3.99685 1.19711 6.01772 2.19821 5.32496 4.58531 9.39877 3.7025 0.00154032 2.58967
-60.04 5.25295 5.29313 3.11456 1.94633 2.56921 5.15084 4.96092 7.63504 10.2468 0.0090951 2.76608
-68.9273 5.40707 3.38968 2.61962 0.667197 1.5823 5.01453 9.96683 20.2599 49.3205 0.00237953 6.40542
-69.3896 1.69858 7.33364 0.23253 12.2382 2.59042 2.93432 8.69334 38.582 24.0719 0.00750233 8.43441
-65.3457 1.29012 5.76733 13.6418 6.96355 6.7303 2.0933 8.87497 21.8911 15.0047 0.00750233 8.08354
-38.786 0.730063 5.61073 4.98727 7.49103 1.57297 4.74372 5.37917 19.0688 7.20468 0.0116674 5.37191
-62.6334 0.343199 3.07118 5.74855 11.2268 4.46077 1.12666 0.514369 18.0465 2.60988 0.00691509 5.14596
-38.7115 4.31361 3.41921 6.50762 3.80467 1.36869 8.85231 3.02095 1.32748 4.60362 0.0483161 5.74939
-50.1051 3.65666 7.53204 2.73639 3.25871 4.50125 11.7771 1.00172 23.627 3.95833 0.0171924 6.51009
-60.1147 1.92796 11.029 1.42488 0.154444 6.70992 10.7902 3.62972 25.7703 21.4876 0.0298669 8.85292
-69.645 9.13329 4.70306 1.93987 0.523521 4.48048 7.64461 0.587559 13.694 9.28057 0.0204788 4.95481
-71.0778 15.4893 7.60688 0.400859 3.10916 5.33065 2.4629 12.1215 25.2583 11.1497 0.0473006 10.1397
-69.9775 1.22836 3.81593 4.19438 3.99735 4.57606 4.97939 7.75775 5.54678 8.81125 0.156564 5.31179
-60.2152 2.22924 2.65981 0.768954 3.62231 2.00579 2.28084 4.70953 9.32245 12.9467 0.000326701 1.47282
-69.7536 4.98918 5.02103 4.12865 11.9398 2.07663 2.08216 6.97503 5.22332 12.6073 0.0376793 5.29138
-57.782 3.19109 5.04757 1.22438 0.810928 2.13487 10.0611 4.2509 14.3133 24.8701 0.0385301 5.73146
-70.2336 2.11556 1.14816 2.48081 4.69374 1.25542 10.9205 0.907183 12.2207 12.5958 0.000647112 2.6104
-56.3553 0.52648 1.68288 1.58033 1.48747 7.82183 0.426478 5.98783 19.9797 2.91499 0.00674363 4.19792
-57.6166 4.35744 0.742727 14.9785 0.838346 5.03593 5.56728 2.9336 0.719776 3.66544 0.0260165 6.39501
-71.4555 4.81207 2.3816 2.41208 0.869764 7.02021 6.47816 8.25801 16.6611 36.4445 0.000480177 4.6747
-31.497 3.84069 1.25152 0.585486 12.7674 4.61751 2.30605 18.0082 39.4465 7.39166 0.00401377 10.4077
-45.0645 8.71286 4.85415 9.32613 5.74296 0.879605 2.27054 14.0815 24.5923 14.6503 0.00482514 9.60833
-73.6809 1.60546 5.64846 8.12343 3.66207 0.332997 3.55492 1.14116 34.7352 3.96499 0.078597 7.21341
-53.8511 4.04762 2.19305 8.39041 2.5217 1.4384 12.7181 6.75352 10.7481 25.3504 0.0534005 7.68977
-62.6191 3.99011 4.06822 3.43918 5.23628 8.74696 0.902156 5.88441 48.4824 12.703 0.00197968 6.66924
-69.4174 9.10987 4.91732 8.77758 3.13913 2.62112 8.25769 4.42162 10.4706 20.9427 0.0319161 6.9572
-63.3665 11.1732 0.290702 5.43811 7.80755 10.8798 2.66061 5.6517 9.84858 29.8828 0.261188 12.9676
-55.397 8.66587 6.26246 1.22799 6.87033 3.65612 3.02767 24.0407 6.23982 10.8996 0.142704 11.2955
-73.7895 7.33699 7.65437 3.34289 10.8201 1.00432 1.65257 3.6904 8.38936 11.5563 0.00553021 4.51233
-73.7895 5.00526 7.94761 1.97689 4.03292 1.15636 2.12607 2.8166 4.96684 18.4445 0.000988592 2.30241
-71.393 9.88892 3.47376 1.57169 1.24746 0.483697 0.431695 1.37305 2.37259 1.37134 0.000988592 3.29742
-74.0696 7.80897 3.43567 2.00988 4.09241 7.60905 0.514427 3.93619 5.08208 1.37134 0.0550101 4.62907
-62.3342 3.34205 9.28654 3.25701 7.20069 12.1317 0.589718 0.813864 13.4684 11.1933 0.0945503 8.68055
-71.9754 5.47627 6.91728 3.60167 0.375019 1.57541 10.7029 6.06081 10.8901 21.738 0.0646406 6.66498
-70.3889 18.3178 6.92375 0.245974 11.6622 0.0648286 6.16031 0.561939 19.5597 20.8585 0.177526 15.2512
-53.1259 1.6828 3.88752 6.24398 6.11076 4.0176 6.5839 2.65451 21.3369 13.8245 0.182002 8.38716
-69.2379 10.0729 3.49255 6.24911 6.49217 5.47137 7.12803 5.05906 0.142243 32.5522 0.0594992 9.80344
-61.489 6.93586 2.04363 8.85363 8.26678 1.80162 4.41318 12.5753 1.68439 34.5915 0.069828 9.68129
-62.207 7.93652 0.698659 0.0458619 4.72289 2.09894 4.36721 8.37641 8.27443 25.8413 0.0375429 6.88333
-74.5678 7.25278 9.74988 4.65317 3.32087 2.99409 2.8929 8.02323 28.9365 18.1601 0.133681 9.27893
-68.9402 8.92534 2.93807 2.95086 5.44795 4.99728 3.92968 12.4279 2.54126 3.97197 0.0967243 6.26803
-60.7337 0.478876 14.9572 11.0865 4.95816 1.80525 6.17881 7.22366 7.41208 10.1453 0.143686 11.402
-68.4276 4.03649 5.7847 1.85601 3.38606 0.144005 8.90466 23.3595 4.68536 3.55668 0.221748 10.3717
-70.4683 4.72013 1.93599 1.68146 4.84109 15.4721 0.759644 13.8833 0.0212576 1.3807 0.117901 10.2815
-69.7609 5.49832 7.76059 0.202105 0.052674 3.0834 2.18717 15.4368 7.94315 7.77569 0.213346 9.39185
-69.322 1.55287 0.961744 11.3995 10.69 1.15423 3.44873 10.2632 15.682 13.0317 0.265505 10.8378
-71.1714 0.976005 2.35629 3.72762 10.8152 13.7667 2.21655 11.9248 15.4244 8.85924 0.0585894 8.34866
-59.1544 4.44838 3.93964 2.18205 6.40479 1.08656 0.77473 1.7977 30.0982 17.7853 0.0109247 5.27753
-62.5328 3.10686 8.06676 6.13801 3.35262 4.8993 3.50321 10.2923 19.9707 19.0762 0.0449908 7.17507
-69.8366 4.50003 9.30202 0.580247 2.28273 8.16809 2.04282 1.49478 10.6558 17.5638 0.0622882 5.88209
-48.4661 5.28953 5.70168 1.61856 0.512241 14.2223 8.42578 1.29101 2.38908 22.7032 0.0733952 9.04925
-41.3515 6.53112 4.50604 4.2705 2.50743 1.68852 5.86658 0.258419 2.27437 5.52506 0.138402 6.86038
-63.2265 4.44697 5.63577 5.22586 1.92699 4.05591 5.75112 0.770033 3.00846 16.8994 0.0248041 4.26995
-51.2767 2.71265 7.48432 1.82546 4.09449 3.4901 4.22512 6.65468 9.54614 5.73551 0.0781664 5.11018
-60.5146 9.74582 3.81261 2.11839 1.05805 1.09555 5.37712 5.47893 3.11542 20.2297 0.167678 6.96143
-65.2891 1.13151 3.23033 4.1333 6.71924 1.65767 4.75752 3.11314 11.4453 12.5643 0.047043 4.07048
-63.0586 2.17334 11.6738 1.93174 3.6296 2.25688 1.75483 8.56773 2.12556 3.7354 0.000543954 2.78283
-74.0836 4.92632 0.49386 6.78801 4.82551 10.5362 0.332571 10.2447 2.44336 8.48774 0.0974847 7.12107
-69.7399 5.19587 1.47653 7.69253 7.11403 4.32506 3.5867 10.0751 5.46304 10.2516 0.176867 7.22305
-62.7656 4.68988 2.40592 1.35571 1.27438 11.3152 5.10221 6.10486 34.6396 4.01929 0.251045 10.4122
-50.5966 1.64235 4.17041 7.59817 8.66067 1.1718 8.34935 4.27439 22.7231 8.1639 0.384932 12.8679
-64.5099 3.11338 1.64565 20.8033 2.92523 2.4483 6.81766 6.32682 6.35839 8.06684 0.418331 12.7891
-74.3619 5.94719 6.11755 8.18007 5.387 1.46114 13.7574 18.4366 14.032 10.3657 0.0515579 10.9318
-67.0681 2.07619 1.62596 7.82648 2.91406 2.04067 19.2635 5.05918 24.7588 23.65 0.0429729 8.91013
-55.1716 2.62827 2.5964 2.99688 1.71837 1.46846 0.564454 4.96536 17.126 10.6703 0.00804315 3.21038
-49.0279 4.03603 4.6704 9.9816 6.20373 4.69328 7.77397 5.25601 6.57365 5.2791 0.10754 8.46805
-73.135 9.84366 3.36518 0.48664 2.34023 6.57588 8.60565 3.54916 14.0981 6.0326 0.196282 7.5601
-68.4559 8.72781 8.14243 1.21525 2.61133 2.09725 2.21553 4.08178 22.3694 10.5112 0.196898 7.82149
-71.4106 13.4992 3.26951 2.49675 13.5318 2.65602 10.8969 3.60474 15.7649 23.4142 0.150401 12.4934
-74.2643 5.65456 3.08694 1.87788 6.53889 1.84129 2.77577 3.2238 10.9983 12.585 0.31184 7.06299
-65.7706 2.10748 8.02017 1.65777 1.63104 4.05832 7.16775 16.3568 12.6098 10.4418 0.00256276 4.56283
-71.5569 4.1961 8.30695 0.839748 2.34275 0.903801 5.93309 2.03511 7.36799 4.67855 0.0132096 3.10297
-16.2207 5.39095 6.0651 2.10497 9.71714 1.55915 15.2516 3.35634 9.94614 1.43363 0.0431107 11.4062
-15.0062 3.40115 8.89365 2.25156 3.03926 1.7841 9.43932 5.31749 7.67189 18.2057 0.136101 9.9577
-33.4994 0.315658 8.86591 2.73969 14.3232 6.78693 11.335 2.32119 15.0717 7.71212 0.0477947 12.4663
-39.7959 1.51741 1.29952 2.12877 6.81064 5.29175 7.10801 5.1322 21.604 8.75847 0.0802042 6.76661
-68.5348 0.536732 0.913679 6.13931 2.45901 4.32546 16.1555 4.69686 25.1145 9.25249 0.00806606 5.94534
-74.1575 2.34213 0.6256 7.74212 2.26627 2.35509 7.78097 4.58448 49.7698 9.22343 0.0209656 7.04478
-74.4295 0.307399 5.35566 7.37466 7.0857 3.14904 8.71483 3.01079 1.74284 9.81228 0.000944922 3.52034
-39.3024 2.88925 0.726177 4.19771 3.55143 5.9759 10.8431 0.502063 4.37553 18.3856 0.00398981 4.97621
-54.4821 7.86137 4.84884 7.6877 0.784514 0.261785 3.56741 12.7098 3.54633 8.91884 0.160032 8.62606
-66.216 6.83743 0.806879 5.24023 4.09504 2.6614 9.25795 0.888884 5.72417 2.15994 0.0994756 5.65825
-63.5884 2.37285 8.02548 12.3331 5.2657 0.935489 6.72486 2.55478 11.3187 17.6311 0.0887118 8.42471
-69.8977 5.30925 11.2843 4.27631 2.91754 5.13405 4.75656 1.58943 4.43892 12.4802 0.0340899 5.28361
-62.3708 10.4613 4.336 0.691582 0.773247 2.85152 17.7132 5.76951 18.5985 20.2009 0.0466931 9.45461
-51.0065 9.18825 2.83313 0.810239 1.42734 1.97285 9.88095 20.7911 2.73842 11.8989 0.0124193 7.65971
-48.0723 4.03217 3.77589 2.87563 5.39837 8.76728 0.318335 9.26037 22.7426 17.9532 0.0560212 8.09076
-65.5477 8.85747 2.25545 3.06153 6.47468 8.96106 6.1986 6.37801 2.94625 28.4267 0.0201228 6.97562
-70.0058 1.67464 1.44712 3.88953 9.7199 8.32958 3.87817 4.00533 11.3873 13.2622 0.00797434 3.90006
-74.355 2.37739 2.66012 1.82957 1.16019 10.3854 4.53068 1.83134 34.9149 10.5021 0.0231677 5.51533
-65.8166 4.01852 3.54471 3.97492 2.48506 2.18157 4.84084 2.00162 9.19127 3.9633 0.000761543 1.18923
-71.3646 7.95877 5.23153 1.8278 7.85388 6.39326 1.14696 10.2824 12.6041 11.4415 0.0115219 5.38613
-73.9129 5.76117 0.767148 2.68441 4.22686 1.64345 2.18763 9.22872 7.86888 25.2153 0.0409709 4.7763
-68.44 1.88098 0.327747 3.77428 0.722535 4.65085 2.42543 8.48843 32.2383 35.6812 0.0215599 7.53969
-72.1482 9.87033 4.10644 5.92689 0.0724521 7.07037 0.808574 4.36016 1.66771 19.4475 0.00151225 5.29324
-71.5367 4.39306 5.15102 4.35768 3.69395 15.2803 3.63703 2.58638 2.64437 7.78728 0.00151225 3.94865
-72.9592 2.84388 7.06759 2.72137 11.2867 12.2184 3.85198 2.46512 5.57702 9.60192 0.017366 6.07952
-72.9122 2.20445 5.85434 8.20242 5.10347 8.6413 0.949168 3.36755 0.78306 20.7411 0.186996 8.24656
