3613.12 10.7552 26.8545 23.9161 16.3085 0.0049402 5.29159
3440.59 38.9112 24.5951 10.6628 12.3187 0.0139628 7.45758
3541.07 27.0536 22.1117 1.9048 32.5652 0.0225326 7.54546
3885.62 39.3886 18.4271 28.1206 19.0832 0.0249034 10.5074
3758.31 24.5231 3.91603 9.37398 36.5851 0.028788 6.80235
3649.18 18.4269 2.5493 21.003 11.484 0.00711144 4.1958
3584.99 3.73911 21.3527 6.65143 24.7777 0.153762 7.45429
3575.99 16.6925 30.1588 22.2805 15.2959 0.103954 8.14897
3642.94 37.4765 23.2457 10.0591 6.92131 0.153113 8.53926
3832.65 9.86176 52.629 14.7133 13.7688 0.152903 10.9282
3277.51 5.83834 39.0433 16.8559 4.70692 0.188576 11.8412
3376.19 10.7424 3.92539 36.8196 8.46403 0.183468 9.96472
3674.84 5.79992 6.81414 7.03628 27.7525 0.0822956 5.78823
3758.54 5.51385 2.10124 25.1275 6.0116 0.0179569 4.36826
3696.38 5.50245 5.03374 22.6197 5.91074 0.00563036 3.25749
3752.58 12.2961 40.3155 5.75069 25.9426 0.00386154 6.38178
3879.92 33.254 0.95329 4.22573 28.8451 0.0325544 8.22945
3603.76 7.07604 14.441 1.72754 19.5399 0.0633542 5.58337
3785.15 20.0729 0.659545 4.20677 14.6053 0.0210458 5.05923
3775.55 12.9939 2.14936 2.01073 45.0989 0.00508799 5.96769
3784.81 3.34568 10.2529 3.12152 22.1766 0.0345475 4.84847
3666.34 8.45162 12.5168 3.06709 10.0625 0.0278312 3.80634
3740.1 42.7199 3.40612 3.44297 2.14393 0.0199071 5.94156
3506.26 3.64177 11.4843 7.26255 10.2084 0.0159936 4.2551
3580.77 9.81056 23.0246 24.5579 18.1142 0.0107334 5.57998
3721.96 3.53548 20.9424 25.9948 7.29341 0.00467614 4.40842
3591.64 6.83496 15.5948 14.9615 6.30869 0.144008 6.14805
3731.6 9.05711 7.75646 13.7819 16.6517 0.0164575 3.96449
3690.22 17.0088 9.90614 17.9799 2.60413 0.0745218 5.53047
3603.34 15.6627 20.0819 3.83459 11.4181 0.109325 6.20358
3616.25 28.2758 17.0253 13.1033 2.17124 0.0914841 6.7923
3586.58 5.60133 13.0321 0.700219 5.36108 0.0912331 5.64503
3603.73 5.60133 28.1667 4.14552 9.23527 0.12789 6.47503
3584.06 17.9148 12.0245 9.48727 0.919556 0.0101432 4.14556
3540.3 18.4489 19.9591 3.82562 12.4993 0.00742082 4.49717
3770.41 5.95201 1.08474 5.56405 16.5366 0.0257604 4.3068
3865.28 5.68616 16.0273 1.76823 31.1563 0.00296016 5.24403
3700.86 20.5715 4.68293 11.6729 6.14016 0.00116712 2.76883
3647.41 10.542 8.84243 17.348 3.17436 0.00854919 3.36137
3650.55 26.1255 6.65976 6.90205 33.2297 0.0145905 5.89049
3692.65 10.7507 5.86459 7.04389 28.0304 0.00202871 3.57438
3907.48 6.11724 4.72632 11.5988 8.97813 0.00355958 3.65662
3766.43 17.155 39.971 10.009 5.07605 0.0580017 7.4732
3756.27 11.133 8.3414 9.50352 3.00572 0.0150478 3.36489
3648.91 10.317 9.79898 8.13085 13.9275 0.00704293 3.15401
3913.27 5.38028 22.0725 19.8783 8.93259 0.00276858 5.45231
3702.36 12.3341 27.1813 8.16273 0.942335 0.00380011 4.20084
3763.77 3.55699 19.7368 9.86691 12.6867 0.0106441 3.98208
3984.39 5.44339 2.58894 16.6911 1.68531 0.00771375 5.54026
3837.95 14.8866 24.515 10.9128 16.5511 0.000376632 4.59416
4016.91 11.8119 20.1541 15.9904 7.88637 0.00400813 7.09177
3714.9 17.8168 8.20334 7.57436 16.7124 0.00690185 3.67849
3731.77 8.7434 8.32689 12.9872 6.0773 0.00163346 2.35135
3722.26 10.1368 22.3697 23.7086 15.6626 0.00089995 4.40682
3714.13 6.78252 6.29473 14.5748 17.5407 0.000638008 2.66205
3691.16 19.2955 5.60756 11.2099 2.66392 8.46243e-05 2.17724
3650.76 27.2481 0.667653 12.1933 5.67538 0.000859005 3.78268
3599.19 6.32553 0.667653 23.4223 14.1626 0.000517887 3.76307
3751.4 22.1658 11.4967 13.1533 6.08832 0.0422589 5.20651
3611.47 5.64238 19.2957 25.1283 35.6517 0.00293136 5.99609
3797.38 22.3327 13.0582 29.7694 3.64628 0.0363922 6.90557
3438.69 12.9115 5.16292 29.5406 7.35069 0.133861 8.09224
3475.23 17.9739 6.52591 37.1578 11.6329 0.172716 9.13517
3662.98 16.7638 1.23514 4.01966 3.89257 0.0697189 5.03975
3467.66 0.691489 2.18251 35.1743 0.466988 0.029927 7.8568
3576.48 16.5988 19.5377 31.0673 18.1194 0.104516 8.21942
3632.37 6.92252 9.26827 18.788 41.4664 0.00684352 5.8162
3804.16 1.02558 7.29526 35.3421 15.811 0.239205 9.50207
3810.15 9.45396 26.6172 36.8201 19.8817 0.00132399 6.99298
3609.91 7.39237 10.2449 32.0436 21.1026 0.00101582 4.50987
3695.34 6.99444 4.97731 8.23549 14.7595 0.0284004 3.80685
3578.79 1.25404 31.4461 2.52384 16.0083 0.0248554 5.93101
3628.73 30.3333 43.108 10.8222 13.5015 0.0320643 8.23009
3619.52 18.4985 26.2676 17.3118 32.8787 0.04445 7.925
3626.89 1.47266 32.2142 24.88 7.09758 0.0367427 6.57192
3877.96 18.6576 3.86204 31.558 1.71884 0.0124482 6.55348
3533.38 2.35474 3.29283 14.5801 56.3708 0.00999597 7.85019
3527.4 15.3655 3.69793 32.7948 44.6574 0.00531773 7.7783
3675.71 4.32091 27.6302 23.8271 23.609 0.0348706 6.87536
3656.08 19.5949 20.3798 2.7337 29.9695 0.0418583 6.71965
3771.9 48.3155 13.3204 7.034 23.6145 0.0272989 8.32511
3749.5 10.4626 6.97376 22.9402 15.0351 7.38854e-05 2.93756
3669.81 7.05737 11.7007 8.90916 10.4141 0.0118375 3.18928
3655.24 14.4541 7.45786 4.76525 5.75846 0.00156012 2.28371
3693.02 9.52235 5.40794 3.54928 10.2543 0.00085408 2.02035
3893.14 4.77407 12.6775 3.63577 10.7085 0.00135566 3.34024
3795.36 4.19066 18.6554 19.0703 12.1013 0.101501 6.58921
3874.59 1.6974 12.6179 18.7656 13.1953 0.0574085 6.35334
3779.83 5.61553 25.0999 8.73185 8.4619 0.146457 6.70962
3306.29 14.1351 18.0261 11.8108 13.1259 0.00224876 6.82451
3572.6 4.08204 5.73722 10.0006 26.8865 0.113402 6.64134
3778.04 43.8595 10.7953 12.7976 7.90861 0.0922308 8.21892
3580.99 6.15918 2.86415 9.36571 7.75228 0.102787 5.25935
3667.08 1.42289 9.10742 31.5969 16.6523 0.063913 6.55538
3600.69 0.718018 6.69608 6.95782 3.673 0.0758527 5.18629
3921.71 17.8389 9.54653 9.74222 7.53867 0.0055794 4.80388
3773.69 20.8255 6.16396 12.1256 5.46306 0.0055794 3.61796
3839.21 30.108 5.19219 7.86635 12.8548 0.047558 6.35679
3788.62 8.10867 34.2255 4.7097 5.7453 0.156571 7.58196
3686.16 1.50453 5.1847 12.7362 6.32917 0.000114795 1.87879
3620.45 7.80297 7.56793 12.6873 0.727989 0.000114795 2.28681
3482.82 14.368 6.98057 7.85609 9.1658 0.154816 6.87354
3652.67 3.27563 5.54393 9.54092 5.73463 0.0796044 4.52601
3762.23 12.0032 15.2631 3.23808 7.07616 0.18045 6.40521
3759.35 8.5275 9.13368 35.0332 22.8957 0.18985 9.01706
3642.69 10.3948 10.3651 35.6533 6.32584 0.016872 5.17193
3581.07 3.10963 20.0902 12.9946 20.4288 0.032216 5.49921
3629.44 4.53713 42.7191 5.12074 11.2322 0.0173602 5.67116
3710.99 3.40556 30.0705 10.3813 7.6967 0.0179551 4.71709
3836.65 33.6931 27.3506 7.03301 1.79904 0.0281877 7.82427
3659.73 6.70612 38.9949 11.5414 4.60398 7.63314e-05 3.6837
3789.59 22.5379 22.206 22.73 26.3453 0.00197133 6.74096
3744.2 1.2344 41.7901 6.85365 26.2942 9.64437e-06 5.30745
3673.34 0.492246 33.3285 6.22322 19.931 0.000779835 4.92404
3786.23 13.3955 30.1602 27.6043 23.5237 0.00417327 7.1811
3484.54 20.6559 7.27198 14.0537 17.0164 0.00516351 4.89216
3484.06 25.2047 24.5171 2.75832 11.858 0.0185679 6.18508
3670.29 24.4559 27.8141 6.15229 7.3691 0.0311254 5.81622
3737.71 31.5095 1.06747 5.58166 7.81545 0.0030416 4.2304
3666.59 18.6982 4.29409 4.43907 2.11563 0.0030416 2.87661
3945.48 13.7316 6.69575 23.4045 4.94776 0.0428558 6.98749
3452.4 43.6442 4.35507 7.85664 7.93085 0.0562795 7.59727
3629.24 26.5336 8.28275 15.0761 5.63889 0.0246413 4.86125
3581.59 40.2839 17.1119 41.3233 14.3928 0.0323398 9.443
3502.7 36.7109 13.6475 24.2075 14.3928 0.000345545 5.76713
3617.08 39.0501 11.1487 12.3313 18.16 0.000345545 4.85461
3769.57 10.8387 18.172 14.3721 0.749516 0.00976563 4.53001
3672.79 14.6379 9.51353 14.3292 6.8016 0.00702823 3.2825
3807.23 6.94761 13.128 18.1301 12.1382 0.232878 7.72447
3404.81 34.2322 2.59135 17.5914 17.1285 0.0334408 8.07791
3469.91 35.4228 6.08488 30.5926 16.6071 0.0424408 8.36895
3404.28 17.2823 6.24207 18.5301 17.4045 0.0435843 7.26397
3526.41 18.6839 2.60582 9.49262 20.6152 0.113844 7.07506
3657.51 9.2469 7.12053 25.5996 20.2138 0.143677 7.18133
3616.32 12.3577 8.36318 7.6811 18.6537 0.201988 6.91097
3469.13 5.60601 2.00772 17.1216 17.2223 0.201436 8.35169
3556.43 8.58707 17.8151 20.8605 45.4995 0.0779847 8.88398
3735.07 19.4269 20.8095 2.91932 21.5622 0.00133018 4.40924
3735.07 9.79015 12.9139 6.12424 19.8344 0.0010983 3.00526
3735.41 18.8164 4.82322 1.03802 26.0221 0.0155289 5.23885
3648.24 0.803404 7.65039 10.1328 52.2475 0.0168751 7.25059
3868.25 6.17382 17.1703 10.0595 16.0625 0.188946 7.76663
3442.74 18.0882 24.2126 26.1534 7.65285 0.115852 8.66708
3453.29 6.50097 35.8279 27.2319 9.60563 0.00883574 6.79882
3501.65 3.79997 15.2479 42.4459 6.65001 0.0726032 7.69083
3518.8 34.3253 9.65173 57.5595 0.372211 0.210387 12.9207
3827.96 10.0136 25.8768 27.6458 6.52875 0.00233223 5.62667
3547.01 17.1115 7.84439 19.8579 7.64618 0.00481836 3.96851
3737.37 11.8836 7.6653 22.124 4.73526 0.0572444 5.15355
3624.5 15.8939 12.4797 13.6503 8.36108 0.0223443 4.23339
3643.41 16.5385 18.3915 21.1924 8.41667 0.108829 6.71895
3486.42 3.35022 46.0132 12.0942 12.1638 0.0862957 8.3343
4047.96 14.3285 6.59559 8.75724 9.22705 0.152026 9.25817
3823.67 6.38748 15.7775 2.39452 10.4074 0.0164872 4.11073
3588.58 19.3015 12.7902 6.95429 5.51166 0.0371303 4.61825
3670.54 19.3315 18.4975 8.00905 15.717 0.0287488 5.13162
3650.92 19.3244 9.28054 12.6495 98.2112 0.102278 13.4259
3778.2 18.4298 14.4504 9.86517 12.7116 0.0348084 5.17757
3541.9 0.954921 24.3876 1.61031 13.5898 0.0429091 6.24394
3684.59 23.125 5.57174 3.26061 18.9804 0.00985329 4.30887
3578.6 42.3884 11.3717 3.00608 8.08602 0.0050746 5.21832
3773.36 20.2355 13.3213 2.45326 29.8387 0.0677174 7.07477
3368.66 19.3335 56.5427 18.9242 18.3031 0.0606227 11.3148
3254.68 16.2039 22.187 48.9652 63.4894 0.262597 18.5897
3732.55 17.0459 8.65957 6.41064 4.61677 0.0667151 4.73204
3543 30.871 25.7459 1.86788 0.502391 0.0650078 7.90877
3722.2 10.4535 5.84208 12.6518 22.8693 0.0744443 5.65247
3631.48 16.4504 5.90832 27.275 11.6079 0.0302444 5.34586
3516.35 22.2387 14.4986 20.3955 6.41948 0.000562774 4.08949
3586.86 17.571 23.0536 2.57691 6.64134 0.000562774 3.34952
3631.46 35.8782 46.0814 4.71401 12.2279 0.0094363 7.94878
3943.66 21.7696 18.398 34.8722 17.7011 0.0525287 10.7095
3486.48 42.6942 17.9448 21.911 25.1838 0.0334402 9.18942
3344.16 48.1912 21.15 33.5816 19.3702 0.168253 13.676
3662.62 56.1791 30.8612 5.47687 25.9848 0.197204 12.64
3566.62 31.8827 11.6198 4.66056 9.98568 0.69754 13.6017
3901.38 6.78615 2.86703 4.98736 49.2753 0.0860525 8.80991
3815.13 3.275 10.1909 8.99247 25.8501 0.118697 6.73454
3643.45 5.62947 10.742 3.13053 13.2769 0.0341322 4.07214
3730.46 33.3783 10.8204 7.85614 10.5225 0.00303195 4.3991
3640.65 35.082 12.5225 28.1036 22.2526 0.0362903 8.08765
3587.98 22.9939 2.03733 14.0926 17.6181 0.00265223 4.28817
3689.83 45.8631 6.16786 9.00093 19.3439 0.00634409 6.13457
3558.88 25.0759 2.9742 13.7852 20.31 0.00433551 4.83415
3829.27 31.4337 10.2717 15.4134 5.1766 0.015168 5.94441
3786.08 5.7812 9.73624 21.4276 4.29065 0.00683785 3.68081
3733.04 7.45627 7.24719 17.0175 5.29082 0.011344 3.32336
3738.29 4.36564 6.93669 22.1798 4.5561 0.017353 3.92292
3618.74 7.8065 15.3677 12.7378 10.0102 0.0699563 5.07038
3551.11 6.43978 8.76928 19.9594 4.81662 0.2832 7.82429
3937.62 19.0932 5.62933 9.43499 4.49552 0.0402815 6.10607
3494.22 28.1777 21.0722 6.51706 26.1416 0.163776 9.39676
3690.24 27.1831 23.4771 13.9047 4.47396 0.0286513 6.021
3650.87 31.7482 34.0303 7.7115 54.4475 0.0123784 10.1206
3618.28 17.5308 12.2031 30.5348 26.7584 0.022242 6.80906
3791.98 5.80984 11.5907 29.0701 23.272 0.0123576 5.82786
3631.92 2.17643 6.95997 4.45834 14.0374 0.000898374 2.47489
3609.05 9.05991 5.52481 14.6322 13.5093 0.00276506 3.0251
3693.82 12.5376 10.0613 7.58154 25.2246 0.057028 5.51504
3682.19 20.9502 12.1432 7.99033 9.33808 0.088536 5.59162
3813.85 10.7557 10.5465 18.8286 27.2157 0.0238245 6.01465
3613.43 3.51459 27.76 22.6169 25.5939 0.00329514 5.66144
3629.9 18.6594 14.5773 16.8996 7.73887 0.0567505 5.49697
3472.22 11.0317 24.9032 11.9117 8.8002 0.00296423 4.54987
3723.2 4.86526 14.7079 8.13901 5.1197 0.00210393 2.41666
3479.8 5.55972 15.4751 1.21993 4.07064 0.00277229 4.04948
3449.06 11.4357 41.641 13.2932 3.99059 0.00277229 5.91001
3462.94 31.1573 20.8523 3.49103 4.75377 0.0126547 6.00639
3565.4 36.5769 22.5844 20.8327 8.39587 0.0104792 6.6799
3594.49 8.28484 15.6787 10.4892 4.22314 0.0909529 5.26262
3813.35 22.8745 2.68092 8.69284 3.77438 0.0828547 5.90221
3421.13 19.2562 2.50914 16.3036 0.868832 0.00414947 5.61021
3761.98 10.5146 6.68062 1.51651 12.5008 0.0215679 3.9155
3790.04 4.0563 5.77059 5.84883 22.7299 0.066631 5.32359
3659.65 13.7789 14.7546 33.8962 13.5587 0.00294207 4.98957
3704.91 37.9321 5.20367 6.1428 10.6298 0.00294207 4.43979
3704.9 18.7834 22.3573 19.1181 2.74777 0.00216353 4.4119
3656.2 25.5082 18.0243 10.9201 15.7292 0.00216353 4.37948
3607.57 30.5441 18.032 6.11362 8.88889 0.137986 7.33062
3470.5 17.4436 5.42323 18.0495 11.9103 0.0424418 6.06078
3546.74 11.8991 14.3126 3.35337 9.56319 0.0420753 4.83018
3557.16 11.8467 9.54878 16.5515 8.64465 0.0396811 4.81114
3718.04 11.1526 37.689 0.470056 23.1057 0.000947454 5.90446
3652.3 8.71263 17.0094 5.82359 14.4423 0.0242769 4.17298
3732.46 6.94902 13.6872 2.40572 19.5848 0.146273 6.41073
3808.73 32.4963 6.30818 9.61852 25.4006 0.14323 8.73835
3770.27 5.07061 0.671606 6.45152 66.489 0.211259 11.4081
3425.53 24.758 8.07872 6.10447 0.772855 0.249062 9.59477
3511.08 26.476 9.41853 3.59469 17.3545 0.0121438 5.28727
3488.01 32.6526 9.12561 1.08172 3.54925 0.0974234 7.54837
3737.42 31.1471 1.18498 11.1489 20.6845 0.000858341 4.78746
3456.77 44.4048 1.61383 21.4312 11.4252 0.00359712 6.976
3391.12 1.24823 7.30725 43.3771 28.3022 0.00819486 8.83167
3373.81 9.85462 17.2824 19.7306 14.105 0.0372305 7.4384
3354.93 10.7359 42.4942 0.837457 23.0794 0.00079511 8.08656
3311.38 0.30479 11.834 9.18216 11.5802 0.166645 10.7868
3414.31 16.0708 46.9871 15.5163 18.0457 0.0406113 9.20656
3777.63 16.7713 3.78438 3.49723 18.2416 0.00364178 3.59083
3811.3 15.2201 19.4942 7.15254 13.2833 0.0917428 6.46845
3713.77 5.43108 17.3235 9.23035 22.5072 0.0488884 5.39124
3584.1 10.2349 25.997 8.55115 30.1612 0.00117804 4.90864
3609.33 6.47983 11.5737 10.9829 24.6965 0.00117804 3.48649
3500.6 23.6494 0.0419707 4.91315 24.8129 0.00344851 7.10829
3736.81 13.7002 7.25496 23.6831 22.5151 0.00344851 4.60249
3763.03 0.621643 5.31397 12.8473 13.6338 0.0189396 4.37857
3782.9 18.8404 15.4842 4.21035 27.8694 0.0527461 6.65409
3550.72 45.9396 24.3745 26.0212 28.4973 0.137153 11.9475
3486.97 54.8975 37.3744 38.4824 20.9927 0.00257946 11.813
3409.95 34.5562 28.9857 32.5288 6.67064 0.0128235 8.91878
3552.22 22.633 10.1822 10.8986 4.47767 0.0212869 4.60325
3711.67 26.3916 3.81429 10.8556 15.9747 0.0463716 5.63016
3615.4 4.54927 12.3685 3.58653 1.56701 0.0107234 3.35288
3624.29 12.5263 10.9578 7.23748 0.619859 0.00731144 3.58288
3543.89 8.76495 0.68811 21.621 7.82946 0.0335563 5.50913
3721.35 8.28009 19.63 11.0326 20.2885 0.0355517 5.27102
3541.43 9.47086 24.9591 4.10103 3.2412 0.0185279 4.62511
3491.69 45.4766 28.3319 1.02334 8.67331 0.145164 10.3082
3714.81 13.2592 8.89501 11.8116 23.6193 0.0248759 4.87106
3695.84 18.5582 30.6543 17.0109 23.9864 0.00022204 5.40504
3756.39 8.79151 29.1676 15.6096 9.47057 0.00022204 3.7745
3757.29 6.21574 17.8699 10.0769 10.7255 0.00022204 2.46117
3826.76 6.87739 8.89186 10.4898 9.45009 0.00235293 2.86341
3754.8 5.93574 16.1816 37.9756 9.37925 0.0292994 6.37823
3748.49 20.2042 12.165 13.5801 8.82791 0.0380896 5.10098
3756.53 53.2032 21.0189 63.6421 10.9456 0.0290556 14.4757
3883.82 7.18384 31.8943 2.61085 0.306688 0.121326 8.76556
3682.27 14.2716 37.818 2.61085 43.1637 0.307992 12.2143
3682.7 14.0606 6.84617 34.6608 28.292 0.0165099 6.61731
3762.98 2.48474 3.29942 15.3212 18.4719 0.00815301 3.90877
3638.57 10.4745 6.16933 21.336 5.992 8.51531e-06 1.99877
3829.15 25.2392 15.9953 45.1123 10.7867 0.000129936 7.36098
3739.63 11.6172 17.4614 41.235 12.7044 0.0102915 6.49808
3615.86 22.306 8.8236 17.4445 9.16852 0.197239 7.40715
3792.37 28.5957 9.49738 18.3751 4.44799 0.000825488 4.38145
3729.63 2.92168 10.7941 7.43834 31.3717 0.000825488 3.71355
3765.42 13.1464 19.17 12.5609 16.5298 0.0329283 5.43878
3531.7 14.6783 26.3472 3.61617 14.7723 0.0366244 5.93234
3458.18 4.68706 3.34705 14.6967 10.2766 0.00598928 4.49177
3529.46 10.9082 12.266 5.22508 10.2826 0.0454261 4.88173
3685.76 11.4416 4.47101 10.6559 14.2572 0.0117813 3.45808
3802.44 29.652 9.48607 14.6418 3.11481 0.00323893 4.73247
3747.84 17.3963 12.4899 4.70671 2.82802 0.0871041 5.37048
3539.52 38.5719 17.3925 19.747 10.3975 0.0951182 8.42322
3601.14 18.0925 35.3286 39.3202 19.4071 0.0291561 9.13248
3735.58 4.4083 21.826 29.3873 12.6013 0.0109324 5.46831
3729.62 11.798 29.2093 13.9447 31.0866 0.1584 9.16762
3815 11.5818 14.9278 25.9244 1.05049 0.0829191 7.16324
3819.96 40.3952 30.6997 19.7444 16.7244 0.00299633 8.95375
3598.21 2.13385 12.0616 2.1462 1.37018 0.0147558 3.97057
3732.87 10.6992 41.3257 19.6951 4.70783 0.0791404 7.97979
3489.58 7.46222 45.145 33.5719 20.4414 0.0274218 9.19792
3856.44 4.22222 2.61935 19.1418 34.738 0.0539385 7.35113
3914.52 8.11036 39.4683 0.489457 23.1466 0.0550135 9.75469
3813.35 32.2178 9.55734 35.8351 2.62845 0.192096 10.5366
3506.03 33.0302 4.85273 23.9066 4.8089 0.022439 6.35327
3702.35 12.1667 6.64242 3.17075 6.14288 0.0952901 4.82278
3641.52 24.3673 16.4321 23.2868 15.294 0.119166 7.85539
3545.71 17.8557 9.74783 20.0615 7.965 0.00673601 4.24942
3584.68 10.3293 0.54379 28.2966 16.9473 0.0153732 5.82454
3873.02 13.921 13.2095 20.9536 37.8643 0.0793176 9.20662
3887.55 21.7153 15.6536 10.1933 17.9488 0.0412236 7.07399
3901.62 17.3734 16.1561 13.9452 17.9522 0.0148539 6.41891
3634.48 16.2953 6.24149 22.0824 15.301 0.00902469 4.40766
3633.69 2.49305 21.9253 16.1189 2.50833 0.16262 6.89244
3770.69 2.49305 25.8555 11.9236 2.41051 0.00313885 3.9473
3689.31 8.70273 18.5306 12.7841 13.1143 0.158047 6.57069
3901.46 17.2301 16.317 19.6681 5.60067 0.25577 9.66579
3784.75 1.79685 19.9393 3.57124 17.472 0.0476427 5.53606
3892.7 4.0512 3.88901 7.64815 5.61963 0.0410863 4.62744
3675.57 19.491 19.3119 15.7086 5.54469 0.000929749 3.57579
3671.51 1.2333 21.0085 9.86166 7.48655 0.00435992 3.51892
3727.53 3.37539 22.6037 3.56574 23.4965 0.0329579 5.4892
3819.36 11.5268 15.0337 8.36651 2.88991 0.0453971 4.9221
3775.06 11.0927 36.4963 7.33624 8.18978 0.0298651 6.06349
3369.05 5.24268 28.7196 6.29618 5.7529 0.160824 9.0453
3347.41 11.0643 21.5221 40.4942 14.0031 0.0833042 10.2208
3777.33 9.79377 15.5016 3.73932 7.28637 0.00967905 3.41831
3760.3 10.215 17.3724 3.73932 21.1985 0.0506937 5.53608
3305.11 40.9017 15.371 22.6499 21.8968 0.00755519 9.79846
3699.5 38.9273 13.5465 3.09588 25.2876 0.0128845 6.63943
3859.7 38.9273 14.3038 3.09588 14.6265 0.0128845 7.08057
3643.51 38.611 21.862 5.82694 15.6843 0.0177121 6.56971
3650.96 18.8724 6.94627 31.6341 11.1667 0.0147207 5.34996
3581.15 20.9456 17.6107 12.3506 16.8385 0.0161741 5.2043
3700.54 0.740525 19.5675 6.22193 17.6952 0.0230642 5.00736
3549.31 8.34331 34.3844 8.29158 16.4926 0.0663079 6.82336
3597.26 3.69664 13.2001 29.2561 26.3634 0.0509071 6.93416
3554.1 11.5579 4.86116 26.3885 12.1575 0.0147503 4.84594
3509.88 20.233 4.86116 28.276 8.80207 0.0146736 5.5719
3400.65 23.924 5.61248 9.62749 20.4156 0.000585492 5.46254
3449.58 15.209 6.1775 9.39534 12.8748 0.012453 4.99393
3612.2 28.8228 0.163735 15.3298 2.57984 0.0725342 7.37343
3781.31 4.13057 36.5485 2.13554 7.03795 0.000727142 4.20713
3731.2 4.35626 20.1256 1.16488 16.4356 0.000727142 3.34578
3726.57 1.35028 33.5733 2.78075 18.7983 0.00160873 4.79382
3664.91 4.39722 8.5692 25.2717 11.3311 0.00752576 3.87476
3663.82 19.523 15.066 16.1027 15.6743 0.000230389 3.47654
3572.46 19.6124 3.64656 20.8782 20.8606 0.0581981 6.53162
3677.97 39.5566 5.07477 38.4684 14.5258 0.0746846 9.34944
3532.86 29.9273 0.683707 8.36059 6.40321 6.04888e-05 3.8022
3580.31 41.7278 15.9604 7.00237 9.8625 6.04888e-05 4.38848
3638.1 21.415 9.38475 7.08081 10.608 6.04888e-05 2.33827
3744.72 10.8282 14.6261 8.60879 7.01263 6.04888e-05 1.94073
3518.43 15.8005 28.731 4.48605 26.3441 0.000864127 5.29999
3869.29 9.06137 16.8864 5.93041 35.5953 0.0483584 7.36041
3559.03 2.82439 15.2452 13.9886 21.5394 0.0293727 5.43939
3519.43 5.91239 21.8402 29.0892 14.9672 0.0365399 6.65654
3525.87 59.4196 10.572 18.4013 11.9928 0.00943581 7.98669
3932.95 11.396 12.0852 7.5685 32.4925 0.0594889 7.88882
3497.31 8.9277 11.1934 15.599 1.77055 0.00165899 3.62287
3600.28 6.81413 11.4712 30.7998 2.69737 0.105054 6.56703
3623.49 6.13056 9.65947 30.7695 3.68843 0.103125 6.32636
3644.04 17.4631 9.57167 74.5403 16.5525 0.169401 12.3856
3411.92 20.9884 7.66747 22.6168 29.6472 0.0210711 7.95438
3576.14 21.4846 2.29955 13.3342 22.1205 0.0344586 5.90119
3756.8 22.4873 13.9039 16.3684 37.4795 0.00656553 6.67897
3565.23 36.6073 29.1612 11.955 27.379 0.0253953 8.46619
3835.95 10.4344 13.7075 12.923 5.64512 0.0992957 5.97953
3869.31 19.8961 15.7338 30.1223 5.18905 0.00493186 6.4766
3934.26 14.0769 18.0163 3.47558 12.3489 0.00428956 5.2533
3575.4 13.2166 3.94917 4.99967 16.4868 0.00436641 3.47218
3571.14 17.9875 4.03628 10.1039 11.6365 0.00762712 3.75594
3372.45 8.284 31.9668 42.4646 3.17108 0.0193703 8.94949
3618.32 11.1901 12.0449 28.0928 34.6723 0.0720648 7.93048
3560.82 18.7123 15.5978 9.28084 66.9863 0.00118293 8.11111
3348.26 21.6711 4.11887 6.32131 16.0596 0.0149462 7.12956
3816.7 7.48909 3.83294 1.78227 13.2292 0.00448308 3.19639
4000.91 0.678843 9.28137 3.02836 14.6723 0.00380506 5.66271
3682.94 17.6437 27.9484 2.57815 20.4277 0.00221281 4.81085
3731.4 52.3646 14.6016 10.609 15.8211 0.00459298 7.19558
3631.73 17.702 11.6428 8.3132 17.1446 0.0519971 5.26074
3724.08 13.0503 2.8818 0.435512 6.50821 0.0263132 4.41993
3861.69 16.2653 5.80527 0.809758 8.61836 0.0565491 5.72191
3739.56 1.58474 17.7046 14.4523 7.31473 0.0214423 4.38125
3647.98 1.26203 14.5836 16.5116 21.9226 0.0237398 5.3154
3782.02 2.62785 41.7344 21.1503 26.6232 0.0664969 9.42325
3614.08 11.3866 5.06864 21.1482 0.823808 0.065464 5.62898
3717.19 7.76233 7.21272 7.37937 16.9048 0.0685839 4.79395
3590.07 9.24556 34.6986 23.2626 16.9976 0.00780649 6.11035
3317.72 10.7003 5.05865 42.2772 17.0858 0.0437568 9.81738
3759.03 10.735 15.4676 8.69817 7.70367 0.00689493 3.30163
3530.85 12.5711 29.1447 30.4692 0.450463 0.112379 9.01841
3600.8 24.1441 17.2153 15.266 11.7377 0.008561 4.83579
3667.29 20.7845 10.482 46.5864 10.8094 0.0104726 6.81728
3775.58 6.6042 20.8249 16.1215 14.7319 0.00671645 4.42728
3497.12 6.25567 20.6973 39.6035 2.25408 0.0314957 7.10318
3761.66 9.11333 17.556 12.1723 20.3128 0.0197976 4.93328
3828.02 7.53061 4.00724 3.65422 20.1063 0.0336963 4.74241
3921.27 2.41173 18.2709 23.537 13.4106 0.269632 10.2844
3625.08 17.8012 7.47342 24.6694 8.1191 0.0567218 5.6749
3687.32 10.8502 5.96081 9.36224 7.50826 0.132769 5.30337
3786.41 16.1775 12.3679 15.579 10.4674 0.0655388 5.7626
3761.78 10.3499 11.7503 5.90437 32.1987 0.0205913 5.32734
3741.22 8.82746 30.9953 47.4913 18.5623 0.0298065 9.31621
3740.51 18.2068 1.25818 40.7255 35.9413 0.0433421 9.30833
3745.15 17.5823 15.72 30.8013 3.11434 0.000257484 4.40286
3696.51 24.3449 4.58402 12.4998 5.97097 0.000638973 2.93485
3691 34.4929 0.726185 1.45106 9.24749 0.00649438 5.16547
3725.75 7.21908 8.67182 2.68567 34.0711 0.00543937 4.48806
3406.41 6.7716 9.91976 21.0011 2.52822 0.00969352 5.5411
3795.41 24.5086 12.0683 7.6484 9.77707 0.0021245 3.88728
3796.48 1.6155 47.0899 14.3261 4.14554 0.0143457 7.0671
3547.03 29.0807 56.3966 11.9975 0.680446 0.0269301 9.59141
3650.2 5.14362 31.4251 28.7483 24.7245 0.0102337 6.84194
3390.14 3.05966 20.5578 45.3198 18.8787 0.101566 10.4947
3785.31 8.3397 13.824 48.0619 0.52689 0.0258021 7.9467
3817.05 5.24576 31.2796 33.8712 18.2018 0.0636398 9.12644
3751.55 53.0608 23.2514 13.7706 27.9098 0.0176968 10.0785
3595.69 33.2443 34.8839 5.65518 11.489 0.0179452 6.95104
3804.08 3.25348 7.33761 15.4522 9.19764 0.0433111 4.59117
3738.19 33.5857 25.2832 8.98292 26.4716 0.0510269 8.50189
3757.99 4.20132 25.7165 5.08389 34.4725 0.00709161 5.73258
3750.71 4.41048 14.6336 21.8048 18.9482 0.00423486 4.34039
3760.6 1.68472 22.562 16.0424 3.00159 0.0209437 4.91817
3697.15 2.02723 24.6523 8.76076 8.34319 0.00853836 3.90668
3471.76 7.65445 10.5822 3.0638 115.235 0.206191 16.3074
3375.07 2.2286 30.9257 17.6918 15.809 0.274135 11.2554
3444.29 2.23764 22.2944 15.0724 8.66294 0.275406 9.35125
3638.65 6.76895 32.4191 1.58152 10.0409 0.20824 7.90565
3573.09 4.59047 27.9616 20.3 4.49455 0.157643 7.52511
3810.12 11.4459 22.1393 4.57284 9.40283 0.372525 9.14027
3754.24 34.0328 14.4131 2.78244 30.3361 0.210228 10.009
3701.61 16.5132 58.6338 12.0388 26.6822 0.00377932 8.70369
3750.19 4.84139 1.35678 11.1299 26.5025 0.00532283 4.20819
3574.21 14.6317 12.6792 21.636 21.1256 0.0282801 5.83304
3432.81 11.1534 13.0339 20.3425 2.71095 0.00278816 4.76615
3550.81 7.06243 1.9502 7.09729 3.70535 0.0969415 5.45226
3665.38 12.9216 6.89844 1.72755 32.4289 0.103345 6.93944
3601.33 12.2054 8.66384 4.14107 37.4872 0.141553 7.80504
3740.81 16.1292 17.2511 9.66526 9.13086 0.126635 6.28451
3376.11 8.40258 45.5773 5.92934 50.9876 0.0278262 11.3229
3596.86 20.8015 10.7318 15.5421 29.5388 0.0113873 5.71867
3545.28 17.7748 19.9295 15.8151 24.78 0.00890037 5.77464
3536.18 15.8059 18.0443 5.98976 13.5781 0.0258299 5.04331
3574.96 10.5335 25.9657 12.7668 5.39813 0.0852051 6.11038
3845.95 17.1059 7.07756 7.20419 9.93475 0.00692739 3.85984
3644.97 5.83057 6.42045 19.9225 3.21473 0.0108202 3.46564
3653.53 44.6299 22.1069 18.8795 11.0872 0.00391051 6.9512
3561.74 31.7227 1.66887 3.85451 10.8758 0.0429279 5.98596
3865.3 13.0341 9.49328 6.00512 20.8407 0.0507345 5.88945
3555.92 13.4994 25.3729 8.05798 34.0044 0.194931 9.32907
3518.82 17.3174 5.13426 7.35612 16.8102 0.253017 8.13127
3614.8 7.81934 5.17417 0.0567397 12.8542 0.00662606 4.80578
3757.24 21.7503 21.6258 59.8687 1.88972 0.00456266 9.34286
3685.22 17.2482 12.462 44.0244 8.57775 0.00933354 6.29384
3767.83 11.7849 24.5979 17.3354 20.9478 0.00207599 5.04504
3496.71 6.2344 25.2515 15.5199 8.8388 0.00982254 4.93863
3595.07 1.63707 15.3262 33.4732 27.2242 0.0193537 6.89931
3652.87 4.6436 4.52118 18.165 15.1221 0.000356908 2.60978
3569.04 8.48551 15.8738 42.6209 34.6501 0.00176211 7.11453
3798.54 5.08907 11.4157 42.7335 2.19796 0.0415258 7.06789
3822.3 7.00098 22.9348 7.80312 5.00184 0.0512811 5.37456
3749.69 11.0848 29.783 9.91122 0.780194 0.177178 8.00365
3461.88 27.4701 18.1032 5.95235 10.3004 0.0229446 6.10628
3622.11 3.89496 2.50758 0.436564 3.63312 0.0179269 4.2241
3574.15 16.3326 4.99836 5.35748 4.62078 0.00383256 2.98918
3600.99 30.8876 17.1625 21.1902 9.31668 0.000196751 4.51981
3618.95 10.5036 13.5187 16.2212 13.8253 0.0027432 3.41113
3617.97 25.899 2.79516 4.97776 42.198 0.00310207 6.05177
3824.96 25.1638 10.7265 9.42646 21.749 0.00239489 5.01773
3596.26 46.5891 8.91936 8.32565 21.749 0.00239489 6.01462
3753.59 46.5891 8.94228 1.66093 4.15562 0.00239489 5.53576
3747.46 10.8805 8.92162 29.0993 3.75452 0.000362284 3.37669
3514.04 24.437 7.50705 27.5307 29.2799 0.000362284 5.89245
3991.72 34.1705 6.42037 38.6964 47.6598 0.0263956 14.3153
3816.61 11.9137 23.8827 8.50498 1.22855 0.0065735 4.64736
3590.04 11.3026 33.8384 3.00465 11.3968 0.00984518 4.95772
3688.64 22.6595 27.0381 0.601078 10.6167 0.0022584 5.01031
3506.5 10.5181 11.2057 23.3011 17.403 0.00448088 4.81134
3677.89 5.33901 47.8743 10.3968 7.53558 0.00441494 5.48783
3692.59 19.8303 10.4388 26.4965 5.73596 0.0307303 5.49492
3727.88 30.5729 15.4951 12.1669 6.13254 0.0366965 5.9126
3722.59 1.7315 15.4605 6.7307 6.08044 0.0155942 3.55917
3571.16 21.6586 26.0257 4.69417 8.35509 0.000371174 3.75734
3428.75 46.6835 23.436 17.2826 4.46309 0.000371174 6.91478
3469.64 19.3714 2.99695 31.269 2.79781 0.000371174 4.81362
3469.64 9.68129 5.27362 44.0809 3.57562 0.0408607 7.22828
3830.84 20.1107 9.48607 9.28398 3.75276 0.180226 7.12551
3772.14 12.8371 9.97549 28.8602 1.91459 0.0473027 6.03605
3616.69 10.2428 7.08425 15.8985 11.8525 0.0579277 4.88129
3710.17 16.7637 29.1083 19.5071 2.89983 0.268016 9.31018
3682.01 9.22194 5.43596 16.1913 15.5321 0.101862 5.63282
3578.43 12.8289 24.6088 45.1288 5.16051 0.0914167 8.7304
3582.38 28.4201 17.2 10.1008 7.78845 0.0720542 6.36374
3655.89 3.41304 12.5358 9.24043 6.18958 0.00208377 2.38973
3646.82 15.6823 16.4638 16.9868 6.04197 0.0518488 5.2704
3449.99 1.56037 2.12189 1.75814 22.5712 0.00403163 5.87263
3270.24 4.09225 14.167 23.4467 4.28867 0.00391893 7.76251
3967.18 1.93579 4.49086 23.3275 8.02256 0.00155664 5.15179
3856.39 7.71661 1.48665 15.2362 2.96225 0.00560172 3.82297
3685.72 8.85595 13.6602 5.57943 12.6201 0.00560172 3.01155
3654.17 14.9715 18.6093 7.84871 17.8168 0.117264 6.49446
3790.4 0.857409 2.19394 7.1173 3.67628 0.0928921 5.3777
3671.24 8.18441 2.26278 30.7245 2.63006 0.0780407 6.0546
3679.26 9.48611 15.4789 18.681 1.90685 0.00140027 3.16842
3802.75 17.4997 8.31466 0.115768 10.5414 0.00566318 4.88835
3715.01 24.9097 14.3808 0.75832 11.9763 0.0113911 4.9628
3752 8.10543 10.5533 13.285 10.4657 0.359525 8.12193
3579.5 8.9216 15.3785 13.9975 9.10629 0.329028 8.19874
3675.81 6.42596 6.62586 1.82628 2.34062 0.0972214 4.93167
3568.8 0.809177 6.64056 20.7515 6.89886 0.0147531 4.56698
3569.62 4.83489 8.87069 20.7722 5.92248 0.0347223 4.62743
3848.68 17.1268 7.02008 6.57255 9.92988 0.0293671 4.73686
3611.44 8.95937 16.3456 16.3986 17.1902 0.0258437 4.92729
3901.2 22.6233 0.419687 13.7701 15.0525 0.0316722 7.20459
3735.68 3.84488 3.37373 10.0642 23.4252 0.068449 5.4148
3604.76 1.11455 6.59443 8.99798 14.902 0.101766 5.79452
3800.19 17.2988 8.28918 9.96045 1.20827 0.013025 4.20763
3573.59 6.98758 3.88343 4.51068 9.3095 0.112152 5.39107
3871.07 6.43067 25.3467 3.8025 2.1859 0.161897 7.60346
3685.02 2.77936 9.91379 3.02225 6.40239 0.261957 6.69275
3887.54 1.95668 5.11526 8.73442 10.2782 0.193653 7.01895
3797.21 14.0017 7.95843 7.15767 4.07664 0.330299 7.77843
3637.34 31.6904 47.5599 6.9958 28.2286 0.0544551 10.2075
3426.81 30.2562 18.7158 23.4186 11.7147 0.0300246 7.82137
3541.88 21.3491 58.6773 36.8996 2.99771 0.0050852 9.83858
3389.62 30.7275 79.1104 37.9299 5.34175 0.0050852 13.5046
3718.66 24.2839 0.605106 7.15812 36.1218 0.0050852 6.13182
3649.97 23.5507 11.1028 10.619 13.4571 0.101932 6.25494
3627.99 26.2119 16.4042 1.84479 2.78221 0.306802 8.81665
3972.67 5.45964 6.90848 9.75819 11.7831 0.0573834 6.33238
3849.86 1.43003 6.90848 11.7852 11.7831 0.0110482 4.05403
3659.96 7.34244 4.61481 20.208 14.7903 0.0598946 5.17028
3770.31 13.9811 19.0826 26.8143 19.9488 0.0654989 7.56627
3435.85 28.9259 19.8747 8.07309 10.88 0.02484 6.69299
3527.93 28.8763 33.0155 33.6022 7.44644 0.0250649 8.58251
3726.27 21.0659 0.824058 16.3997 7.86951 0.069976 6.03687
3296.14 43.3286 17.0501 19.8522 14.5416 0.0686746 11.161
3377.23 39.4324 33.5874 6.05035 17.1791 0.206581 12.0856
4191.14 3.44711 6.16198 5.85184 1.56971 0.221219 12.5233
3767.44 19.2551 6.77118 7.68986 42.064 0.149634 8.75797
3809.49 9.49867 3.48418 9.99605 34.4051 0.108829 7.28732
3773.71 0.697404 7.16749 2.59713 34.9239 0.027624 6.13701
3411.77 41.1017 7.42162 23.8862 25.7293 0.000941856 7.68782
3486.76 54.9471 5.14134 8.36881 24.3893 0.000941856 7.06859
3758.31 17.5217 28.937 12.5825 27.3119 0.0192836 7.01102
3636.12 24.9479 15.812 17.539 21.3472 0.0255834 6.24147
3782.4 12.2489 22.4052 0.544999 6.73514 0.00437838 4.36103
3591.22 27.5074 27.0251 1.34143 7.04096 0.00717097 5.40129
3854.67 5.5153 0.372306 19.2434 4.97277 0.0320681 5.60485
3794.33 5.24899 31.1042 17.6029 3.33043 0.0415638 6.33429
3525.27 21.4467 3.83004 2.77401 6.58373 0.113864 6.40348
3711.91 11.7809 3.25285 20.0737 28.6302 0.0463245 6.19775
3679.58 34.0662 4.65624 3.14212 10.245 0.0821886 6.31892
3643.05 13.1761 4.06572 13.6086 19.8072 0.0143218 4.25854
3704.49 8.69843 5.7948 0.587888 8.56366 0.0173718 3.77691
3781.01 8.07103 1.39092 13.1889 7.33687 0.000347286 2.37573
3719.73 8.36814 9.30452 10.4656 0.07235 0.000628297 3.57167
3647.73 9.24254 10.6319 5.66014 3.40769 0.000815648 2.00692
3610.59 13.2716 6.53833 39.2126 6.26547 0.0086007 5.14412
3573.21 14.6194 6.82687 10.0373 6.83354 0.0577785 4.76514
3610.97 9.70706 1.16056 15.364 46.393 0.314581 10.807
3493.75 7.80667 14.3692 7.68739 28.1552 0.444143 10.7613
3738.27 4.08775 8.157 10.1793 9.15548 0.0572994 4.27784
3646.61 6.18073 41.0005 0.913189 7.76373 0.00299222 4.95437
3587.99 36.6888 6.06144 2.42369 7.68164 0.0356269 5.76149
3817.92 24.5325 11.0053 2.81893 3.21454 0.0326985 5.29773
3534.64 21.1306 30.1979 22.9014 15.4571 0.0800785 8.33579
3784.63 16.0513 19.7289 12.0817 35.4667 0.106906 8.57445
3465.71 4.71408 14.1884 28.5847 1.60568 0.0251155 6.15706
3412.37 12.8161 13.4456 35.4796 16.6419 0.0345636 7.9328
3401.96 38.7453 25.348 11.7314 13.4905 0.0163073 8.10886
3631.97 23.755 30.7479 58.6661 9.25038 0.0643902 11.2802
3940.6 14.4138 0.496225 2.49995 20.4701 0.0215029 6.65336
3264.88 13.9267 31.5719 24.4705 17.9492 0.00574226 9.54895
3762.66 15.1877 31.5266 27.7037 1.8022 0.140682 9.23991
3772.67 16.8157 27.9677 33.2204 24.2797 0.0977784 10.0866
3804.59 18.7292 3.8432 18.2229 1.9254 0.18018 7.42056
3753.64 5.38325 5.45488 1.1391 25.6141 0.0708534 5.84471
3635.51 13.4684 3.55954 3.69814 18.5239 0.0107732 3.82244
3771.55 4.695 4.11248 16.4875 8.54764 0.00358884 2.91508
3734.64 34.9161 15.3146 6.26463 6.30931 0.00648692 4.95866
3568.26 16.6309 17.7018 15.9948 4.63924 0.011537 4.42051
3584.1 1.74195 4.71936 16.4809 10.0374 0.0231719 4.35317
3594.54 7.8999 6.39542 13.0311 23.6135 0.0668845 5.71432
3615.72 1.75228 7.20201 0.491321 29.9335 0.150995 8.01904
3579.91 25.0218 15.6538 38.8567 61.2078 0.226215 14.3611
3560 20.9003 15.3213 9.00191 26.0885 0.216981 8.73156
3628.59 23.6641 15.2504 27.6191 25.4798 0.00844663 6.53886
3431.97 26.6288 10.1846 2.29821 6.44561 0.0015616 4.80675
3660.59 3.64745 1.82274 9.2578 36.7464 0.0534523 6.42697
3828.42 0.926863 1.734 9.41375 36.7464 0.0126147 6.12135
3668.98 0.224691 9.24703 8.06531 22.7697 0.0828926 6.62692
3584.23 6.47237 10.6805 11.4223 44.1008 0.00566335 5.79146
3589.77 17.7412 11.6557 8.90566 22.9658 0.00548867 4.36969
3657.5 19.3406 12.9987 9.48604 26.3215 0.0171407 5.2733
3686.1 12.6707 13.9537 3.07546 26.0804 0.00162213 3.79242
3668.17 5.76535 15.1026 23.852 35.0281 0.0138957 6.2282
3715.62 22.3161 13.0491 13.9214 23.3567 0.000496464 4.23564
3726.71 13.9811 10.0393 12.0592 57.7614 0.000496464 6.36315
3577.55 8.21878 5.03976 50.0611 11.0919 0.00462952 5.81565
3627.88 8.87713 14.6942 3.39981 20.8059 0.0600629 5.39168
3896.91 3.55326 18.4175 7.02014 14.4956 0.0296972 5.58548
3839.05 1.85827 22.4801 2.56866 20.5904 0.0179276 5.60794
3952.96 11.5153 4.73997 5.62102 21.4602 0.00841373 5.40619
3764.57 16.5996 0.764131 10.3499 20.7123 0.00203536 4.13648
3562.22 4.41235 32.6939 12.2208 12.9753 0.00162015 4.34806
3568.63 22.951 22.795 3.1099 17.2991 0.00155789 4.57555
3614.93 4.75236 5.32349 2.72283 11.7044 0.0112735 3.29427
3618.04 3.39819 8.01537 1.02388 6.54012 0.0577959 4.7068
3668.28 4.71683 0.0746542 8.71702 9.24775 0.0108072 4.58601
3680.31 5.35165 32.5547 9.99916 16.4197 0.0122819 5.07924
3693.52 16.8007 11.8423 14.874 7.8634 0.013392 3.96125
3518.65 24.7698 25.3522 10.2593 32.2955 0.078233 8.79276
3573.65 18.6702 6.73307 3.85076 20.8023 0.363666 9.17247
3623.89 18.6042 7.209 7.35771 5.32852 0.13684 5.80198
3735.03 10.8873 7.5985 5.34449 19.7363 0.374468 8.49033
3783.84 29.5755 3.02214 21.7269 5.29701 0.00972439 5.4484
3841.16 5.55793 10.2312 19.9743 25.3453 0.00222346 4.75914
3562.66 12.0452 11.0564 11.8063 5.68294 0.00792768 3.44597
3940.51 8.47757 9.20703 19.1528 2.89846 0.00247089 4.7465
3970.28 4.30672 5.19162 22.2473 3.85664 0.0433069 6.70339
3922.5 2.32449 11.9529 19.2386 3.45011 0.00189074 4.51695
3765.36 17.9586 13.0862 8.9084 9.14013 0.0614278 5.27158
3546.15 12.2465 5.37644 23.8724 10.4592 0.000111622 3.11104
3721.78 8.29798 1.47002 19.544 22.7949 0.0106629 4.73082
3951.18 10.5312 10.7654 27.1762 15.2226 0.0141068 7.09101
3635.62 9.81658 7.08372 18.9028 4.53845 0.00612266 3.20396
3522.99 20.2687 1.99533 17.9955 7.19639 0.00267926 4.15548
3667.22 6.08839 11.524 31.6354 0.742445 0.0143444 5.15666
3712.78 13.3546 14.1771 10.8264 1.51715 0.00103452 2.83299
3473.39 9.65997 30.5956 16.5066 2.31968 0.00303637 5.12811
3752.04 5.86941 11.452 22.767 3.71324 0.0122749 4.02744
3883.23 11.3597 0.388945 5.04817 12.2226 0.0500389 5.96236
3583.56 10.9711 1.61722 2.97017 21.5321 0.0436888 5.46407
3588.85 4.39778 3.36555 5.30523 67.0095 0.0152107 8.22581
3657.58 4.80992 57.0808 5.55814 1.95797 0.00365829 6.17682
3539.76 15.9901 31.7551 6.25572 8.37769 0.0757955 6.68788
3627.87 23.7314 3.54435 39.6824 17.758 0.0250428 7.19326
3680.17 38.763 0.596771 19.8591 19.1217 0.168625 9.7563
3621.26 38.9796 21.7667 14.26 9.27593 0.213255 9.54027
3742.25 10.0437 5.74036 15.9896 13.3604 0.224465 7.00927
3600.49 7.10312 28.0499 22.5353 9.62613 0.215907 8.3796
3770.66 5.51749 5.87354 42.8587 19.564 0.177641 9.19286
3361.21 1.84922 4.71438 27.4705 39.1052 0.0449566 10.2325
3616.01 2.42956 4.70533 34.8096 34.7293 0.00279026 6.1223
3538.43 22.814 5.06241 25.9585 47.7709 0.0175461 8.53169
3444.79 7.20068 8.02915 4.48763 1.4865 0.30114 8.8928
3757.52 13.4142 6.01316 16.7208 16.2196 0.0733954 5.6843
3840.15 19.0317 5.30767 25.1289 5.88745 0.0775217 6.88377
3582.37 1.25364 12.2793 8.90121 3.25229 0.00633505 3.43624
3569.36 23.4355 16.5775 1.53011 9.98021 0.00201087 4.03868
3395.43 14.3789 9.52046 10.9451 9.92728 0.024924 6.05549
3643.06 6.79826 9.78989 12.3361 31.6464 0.102272 6.7343
3531.05 12.3498 26.2664 9.49264 29.3681 0.00304964 5.57646
3555.98 6.12059 4.74141 21.9965 3.64551 0.00751892 3.79573
3636.27 13.9272 6.79093 3.50373 16.2593 0.0116197 3.68745
3606.33 12.1545 5.94672 2.84995 8.52467 0.0116197 3.31203
3537.48 26.2112 56.522 7.78139 6.26818 0.0143167 8.16639
3407.95 41.8865 25.6656 7.91 6.34545 0.000149907 6.25369
3852.7 10.9253 1.2413 22.8656 6.21801 0.00229186 4.22775
3803.7 10.5441 10.4139 3.04599 6.33686 0.0238519 3.84985
3706.8 0.925884 10.3867 2.66962 5.00909 0.00717762 3.18039
3615.6 45.5942 2.09703 2.03439 17.7879 0.0561532 7.63237
3723.09 7.20419 45.7858 14.9371 17.5544 0.0068517 6.5859
3629.07 5.55969 19.0628 5.41269 5.95603 0.0213452 3.79569
3718.15 34.6519 16.0209 10.9375 8.81746 0.083143 7.12697
3711.21 23.9159 10.9294 10.4316 9.97082 0.0478083 5.25787
3507.15 3.47229 7.7477 7.2839 9.50492 0.0127149 4.00764
3458.63 21.5037 3.23102 7.56076 16.396 0.00256474 4.77131
3754.06 15.4291 6.63294 1.94749 29.0945 0.00256474 4.26973
3754.69 57.2988 13.3321 2.73004 11.5888 0.0320768 8.40818
3621.25 20.5582 39.507 1.09802 13.9673 0.0816991 8.14088
3752.96 4.266 31.007 45.0949 9.85201 0.00575064 7.44975
3890.98 27.9823 12.067 5.76467 4.16241 0.0308422 6.31361
3733.63 27.7593 11.3427 4.66203 5.173 0.0172457 4.54062
3745.83 16.0309 22.6797 3.34456 12.2166 0.0338538 5.27493
3708.71 30.9411 8.09685 3.07636 10.2822 0.0408181 5.43608
3380.01 5.49901 19.4389 16.0504 8.23131 0.0146238 6.24992
3978.75 23.1203 26.9803 10.931 23.5469 0.0725255 10.7892
3233.51 11.4883 20.6234 10.8825 26.4967 0.14998 12.4726
3379.66 53.2738 12.1348 32.8045 13.7924 0.123455 12.1468
3625.78 23.8792 12.1019 7.91837 2.08003 0.0191117 4.44334
3834.99 2.7442 7.53438 3.02885 15.3946 0.0575038 5.04137
3857.82 2.06658 14.5762 13.3013 29.095 0.253068 9.48697
3456.78 10.3718 20.3934 13.743 23.9761 0.436695 11.4135
3880.58 22.0252 42.1707 12.0403 12.5169 0.379569 13.2733
3633.43 26.8112 30.102 2.70169 17.2392 0.0169653 6.36755
3626.2 19.6982 19.3792 14.3019 4.35013 0.032872 5.17374
3639.64 18.7748 23.2241 18.154 2.16582 0.0163564 5.28076
3876.73 12.4881 35.8696 6.15298 5.14651 0.00730323 6.10406
3256.63 47.7175 16.4502 12.4245 10.4051 0.00053755 8.94649
4048.54 2.73298 4.51971 14.0892 14.817 0.203545 9.97435
3439.62 2.70447 9.73027 13.5126 3.19334 0.180658 7.77932
3442.16 9.88824 7.51372 14.3611 12.2532 0.0194415 5.32561
3479.11 11.6918 21.3502 5.21575 18.1635 0.0651759 6.67752
3551.25 13.9495 5.91712 6.89633 8.3934 0.13809 5.99242
3563.12 20.7345 1.22026 8.65563 13.8476 0.00582259 4.28688
3563.05 7.2677 2.3148 6.02808 12.4794 0.132761 6.00382
3854.4 0.647303 20.0521 25.8051 12.4463 0.28236 10.3668
3473.9 35.7451 22.7847 14.7398 2.80187 0.0353516 7.46963
3543.69 25.1382 21.768 12.1486 10.1048 0.0624243 6.6309
3563.63 6.96453 14.5783 3.27928 10.0374 0.151753 6.21973
3590.51 5.48588 5.73782 2.17231 9.64657 0.0485599 4.43323
3621.9 3.28335 21.7086 3.60519 98.5475 0.00587169 11.222
3605.95 1.43492 30.1855 15.427 65.5541 0.000662338 8.6665
3858.57 14.3843 13.3917 17.847 40.9114 0.00143366 6.64226
3554.02 6.63284 18.6522 32.2203 24.5394 0.000478054 5.27921
3418.5 9.73029 19.5707 29.0444 42.3224 0.00258941 8.30879
3416.32 39.311 1.87779 43.9913 8.3403 0.000866691 8.02062
3656.68 6.71228 25.466 34.1597 17.6913 0.0132785 6.44549
3735.93 10.785 23.4992 27.0321 0.524366 0.0246757 6.5357
3924.01 6.69781 0.570853 10.2958 18.0985 0.000545553 4.39665
3573.75 13.4508 2.60945 3.38158 12.1202 0.0250864 4.32982
3633.24 5.45362 18.0972 7.82956 34.1037 0.000892518 4.34019
3637.73 22.9615 22.6758 4.73678 7.48602 0.00360464 4.06032
3596.46 13.3731 18.7358 11.7148 4.33107 0.00364344 3.41319
3504.18 11.9967 12.5477 7.68636 2.79286 0.00101099 3.13066
3459.08 18.4981 12.2391 10.9043 0.727302 0.0133882 5.46579
3480.19 2.88396 48.7037 10.6676 5.375 0.00932963 6.49727
3630.71 1.22479 11.789 68.5567 15.0004 0.0053508 8.22502
3641.1 1.22479 4.70602 4.30111 20.9128 0.0299724 4.75476
3550.4 4.8124 27.2099 5.02849 22.4183 0.023157 5.73314
3490.54 3.21207 39.2477 8.20241 5.38969 0.00435531 5.23273
3493.9 26.7746 31.8 0.30293 7.72114 0.0886106 8.85431
3805.94 6.65631 9.48128 10.4538 7.5273 0.0603128 4.62744
3564.69 12.7825 14.5943 19.7195 16.2971 0.0972539 6.65138
3268.09 10.6315 78.5479 13.667 1.49172 0.00781596 11.8036
3451.97 35.5841 7.95684 7.38696 8.16732 0.0296313 6.43818
3547.65 30.8563 11.6602 13.4092 20.1652 0.0249015 6.32418
3795.18 5.4881 29.5046 11.7647 7.07059 0.00101412 3.91027
3699.61 21.8327 9.32618 57.7963 21.9219 0.0344187 9.63353
3486.86 19.4194 3.4273 10.1623 23.2209 0.0168023 5.79414
3683.47 3.73689 12.0746 2.20829 18.8748 0.0846462 5.48386
3596.08 11.0889 17.2989 16.6056 10.3804 0.0570305 5.4018
3775.43 10.4715 7.16034 6.19269 10.85 0.287971 7.1847
3445.28 3.72985 9.90136 37.1254 16.8398 0.00487999 6.2759
3607.66 3.08368 12.2866 14.4419 17.3095 4.07295e-05 2.57979
3611.36 13.9982 18.9174 2.43375 3.60387 4.07295e-05 2.35219
3546.12 26.0096 44.7676 3.52134 9.01129 4.07295e-05 5.41987
3591.32 22.8527 43.9987 2.70691 11.6361 0.038806 7.5522
3615.93 22.6387 25.5656 13.3016 2.71514 0.0307209 5.82948
3616.05 8.17089 0.700991 2.49519 27.0992 0.0034793 4.54075
3812.54 5.82067 4.55678 19.869 12.0522 0.302399 8.18856
3583.59 20.3837 5.61259 38.2474 10.0014 0.243671 9.38613
3518.94 8.08077 17.7497 3.19624 35.8853 0.461826 11.5348
3719.76 10.3513 7.90962 1.38072 32.9375 0.130592 7.3015
3636.02 15.5769 0.809564 17.7254 32.1705 0.146113 8.46623
3593.97 15.0535 0.902657 28.3216 18.3549 0.0611369 7.00662
3732.95 8.56531 13.4144 72.773 13.5134 0.054336 10.4633
3575.31 9.60869 24.1963 39.0156 3.69594 0.16292 8.89322
3596.11 24.2595 10.3079 43.6886 44.8847 0.0430884 10.4689
3634.66 23.7078 5.70501 37.5791 21.8551 0.0135537 6.88891
3841.11 32.8425 11.1847 28.5563 17.1804 0.00657136 7.64852
3847.4 11.1504 4.09981 8.93633 34.8518 0.150825 8.14396
3688.67 3.51741 1.51936 38.3782 5.08403 0.0342295 5.88484
3620.23 3.43195 3.60385 17.0033 2.06505 0.0507976 4.69649
3838 8.46577 12.3895 2.61477 1.56873 0.00736628 3.66041
3879.93 3.12811 24.7691 4.91485 13.3193 0.0241706 5.68798
3867.41 8.14746 7.53791 11.0443 40.3756 0.00932657 6.17005
3781.62 10.1656 0.456045 14.6691 14.0782 0.00955055 4.47196
3713.69 17.2692 11.7468 4.56358 1.61471 0.0586359 4.92628
3556.51 57.8586 8.26928 5.29509 20.0165 0.0461284 8.5834
3526.85 46.7842 12.435 11.1537 27.7636 0.00567521 7.39127
3606.02 17.517 9.97198 33.2208 23.1335 0.131978 8.51955
3641.32 19.1413 3.43857 14.6282 8.63079 0.0136081 3.96842
3621.17 20.3964 0.952733 27.2166 1.69594 0.034769 6.15582
3501.86 8.62535 8.87701 21.6266 10.0539 0.109519 6.60892
3586.46 23.0124 17.9482 16.8175 16.8385 0.207139 8.55988
3570.59 1.77273 15.969 19.6921 1.88923 0.0580426 5.74988
3629.4 5.05493 3.31276 2.78773 18.0966 0.178739 6.50432
3563.67 8.10539 4.63256 1.82089 10.728 0.497482 9.68548
3801.21 10.5201 7.0239 4.61268 24.1725 0.0401439 5.17098
3607.87 6.33755 25.0546 7.60917 17.122 0.0679379 5.89427
3810.53 6.61639 5.6689 10.3406 7.20144 0.0082038 3.06264
3814.68 8.21843 6.01486 18.3916 11.8487 0.0419849 4.99108
3922.96 3.34336 11.492 7.47295 21.4193 0.0388591 6.11184
3547.28 13.6273 35.4992 1.50024 3.60871 0.0127005 5.53674
3554.33 1.34237 74.5944 0.307766 14.6586 0.0632906 11.2201
3435.64 1.22967 42.9278 4.85155 21.0816 0.0763806 9.1961
3635.47 10.8704 26.8943 11.4718 19.963 0.0117197 5.10597
3730.98 9.60842 21.308 8.14811 5.7267 0.0135469 3.84604
3452.87 16.0897 17.0359 7.08787 14.171 0.0386058 6.14096
3757.1 2.1711 1.36375 1.92661 25.8254 0.0705954 6.157
3731.34 22.8522 3.15574 21.0169 6.28325 0.171585 7.35821
3903.12 5.89471 23.6745 30.47 10.0207 0.00788368 6.99308
3683.38 5.91055 17.5403 32.8601 8.2305 0.0160438 5.27709
3637.57 15.5391 1.98854 33.8557 10.0723 0.00848151 5.09259
3484.51 21.4271 2.61166 34.3475 16.7653 0.00233505 6.04901
3445.52 17.706 37.0831 5.9684 9.92183 0.073653 7.95473
3866.45 8.41352 53.4991 4.86914 1.24705 0.0506547 9.22315
3440.84 59.3053 18.0179 19.595 2.49246 0.0143621 9.09554
3454.07 16.2362 41.4639 14.9418 10.905 0.00738753 6.79022
3819.35 18.6271 16.4391 22.1844 10.6211 0.0954783 7.52768
3686.48 9.51949 14.9496 4.15131 13.2103 0.0767339 5.05752
3637.71 7.22933 17.7935 14.8139 16.6409 0.183819 7.12011
3607.14 3.40901 25.3475 10.6684 8.10792 0.0980155 6.00226
3643.28 14.687 13.008 45.7593 9.24147 0.110146 8.37431
3590.43 22.9435 13.3715 12.3849 6.30249 0.122317 6.48259
3727.43 2.64546 3.89594 7.18883 9.66522 0.001078 2.09811
3723.52 11.6074 5.89111 4.07209 16.8141 0.0149223 3.65826
3969.39 4.24458 22.2325 15.1296 13.6542 0.0134648 6.85188
3818 19.059 18.4076 30.0549 1.21798 0.00439394 6.33653
3747.06 9.67127 2.37682 19.8091 11.4414 0.0653194 5.32569
3519.67 17.8149 14.9538 8.99271 18.9956 0.20484 8.12276
3760.01 20.1501 10.0121 7.73237 22.2043 0.0220743 5.1602
3530.56 11.043 13.3748 17.1335 5.21866 0.151662 6.72331
3609.58 13.0838 14.036 23.6 12.4772 0.046177 5.65592
3353.97 21.6806 18.6504 4.72106 30.9348 0.0843659 9.94851
3626.39 5.39447 22.9021 12.5654 32.5365 0.151655 8.21697
3624.45 2.97465 12.5097 35.3133 24.7346 0.108539 8.10194
3663.48 3.58196 8.33609 25.234 31.6941 0.0321234 6.31551
3666.84 10.4551 6.84966 19.4562 21.5535 0.0135509 4.55094
3687.12 1.60642 11.8976 40.9189 9.13886 0.0129668 5.7377
3839.91 8.31764 2.56445 19.6116 13.8186 0.0185913 4.83937
3795.03 30.6418 43.0061 10.8966 18.4714 0.0216344 9.30459
3726.47 5.97096 13.6453 0.484485 11.1651 0.00734665 3.75607
3939.17 30.3872 0.958287 7.34006 0.7038 0.00811615 6.93233
3364.58 40.1439 4.74785 12.8682 9.72729 0.00905161 7.33532
3791.09 12.1834 7.48892 1.12053 13.5006 0.0618602 5.22937
3971.87 9.25413 2.68384 6.43643 5.66222 0.195073 7.84762
3875.94 9.25413 2.68384 1.32586 1.66176 0.150174 6.70157
3757.47 4.846 2.68384 1.06007 0.749647 0.216331 7.06119
3590.25 42.366 41.6816 3.80144 19.6939 0.0299834 9.35682
3809.71 3.95673 3.85597 13.5822 5.2763 0.0796641 4.97632
3696.13 1.18396 3.77739 12.7803 28.4471 0.00551962 4.49261
3692.83 7.57524 8.61099 25.5436 6.99852 0.00887691 3.82505
3557.41 21.254 2.81557 11.1817 16.8736 0.00618839 4.3906
3712.22 41.4829 14.6294 4.10831 45.5864 0.0511394 9.74248
3523.71 2.94034 11.9672 2.67967 16.1604 0.169441 7.13751
3554.33 6.09246 27.998 25.947 20.2153 0.0370245 7.04494
3700.32 8.2563 5.15779 20.3042 4.7003 0.14898 5.98983
3474.73 7.77829 7.30245 33.0988 18.8975 0.0349555 6.8936
3537.99 11.1342 5.93685 2.53015 19.1432 0.0188434 4.70937
3537.6 12.6019 17.6261 18.462 16.034 0.057727 6.25605
3729.84 7.76837 13.3615 10.337 9.73326 0.0258699 3.87647
3764 0.740223 11.0343 8.48623 10.8311 0.014269 3.92961
3607.38 8.85028 44.8104 16.2749 4.40983 0.00155356 5.22739
3394.05 23.5179 7.46013 26.3237 14.586 0.0119743 7.05844
3778.81 27.793 12.8375 37.1896 15.7567 0.148474 10.1477
3998.31 46.1318 3.86952 10.7238 11.4077 0.00133126 8.55889
3915.19 46.1318 14.6792 12.064 13.1017 0.00133126 8.05575
3576.74 36.9244 3.67103 20.5384 20.2037 0.0413833 7.3889
3766.21 3.49181 3.86461 23.7735 3.68971 0.00969664 3.8443
3349.39 18.2097 3.31149 24.8748 22.2528 0.000765238 6.9896
3522.89 19.5979 9.98964 25.2437 1.93793 0.0258573 5.76258
3524.17 18.4686 22.9162 16.236 28.5179 0.00116049 5.69924
3514.17 22.7343 17.3787 17.0011 8.68776 7.4338e-06 3.54218
3584.51 33.1906 13.382 4.05472 8.27451 7.4338e-06 3.20573
3615.56 37.0413 1.28186 10.8264 7.44745 0.0380974 6.13347
3451.09 22.2229 10.7293 18.8105 3.26073 0.0422458 6.44139
3609.11 7.29002 15.9921 6.60411 24.4476 0.645498 12.1018
3700.2 3.94851 22.2972 17.8506 8.77063 0.270782 8.06828
3543.03 21.2641 45.5229 32.2507 23.5652 0.167498 12.178
3470.28 11.9944 10.6641 2.75602 20.846 0.0158601 5.47241
3881.84 16.835 5.89174 6.741 3.64921 0.0178832 4.52546
3718.91 8.93975 16.8767 4.2427 10.113 0.0961997 5.29703
3903.13 7.97534 21.2204 1.90251 21.721 0.117947 8.10431
3717.83 9.93298 37.0467 8.35765 6.67086 0.00454163 4.65372
3822.74 31.6184 2.10877 7.53914 3.26275 0.135933 7.45993
3728.73 23.5658 10.9695 12.3333 5.43362 0.0763239 5.7432
3575 19.7463 23.3162 5.4781 4.6021 0.0136069 4.61708
3677.87 0.454438 3.6495 7.93234 4.34117 0.0142357 3.75626
3685.57 0.784205 15.1791 24.0966 5.16098 0.003066 4.04497
3700.12 14.3866 16.5839 9.4323 8.56081 0.0145357 3.87656
3731.65 6.84375 5.60171 50.3616 2.38192 0.0917766 7.98579
3775.55 13.5003 25.8063 21.6474 12.906 0.0378675 6.68209
3663.91 8.41552 22.0695 3.82082 7.67634 0.0140344 3.79017
3539.61 8.83737 18.006 15.5838 4.93596 0.0140344 4.31758
3629.61 1.56897 16.9556 18.3522 10.0463 0.0370257 5.08077
3449.04 4.51882 22.3635 16.3592 1.64008 0.0287867 6.12342
3611.6 1.92516 35.4897 30.8109 7.0878 0.00251955 5.79273
3616.78 5.9019 37.539 8.45089 3.12683 0.0183131 5.18937
3722.18 19.9764 2.00117 5.84066 23.4837 0.0505354 5.77351
3640.54 16.8028 10.9596 18.4216 18.1307 0.0586631 5.90558
3685.45 7.82726 16.7607 11.2359 14.3838 0.25716 7.44805
3647.35 6.52209 11.2041 40.0543 14.9302 0.0157534 5.8304
3908.82 17.0543 11.779 6.52219 6.061 0.0140947 4.99632
3538.68 4.71035 68.0975 26.4714 14.1002 0.00119335 8.58066
3524.89 51.0482 2.74337 41.6961 0.251011 0.353999 14.4967
3115.32 63.4886 28.1237 38.4778 4.20012 0.276428 20.3573
3945.65 12.8184 13.3246 54.2437 4.09543 0.0585211 11.0145
3665.22 25.5236 8.00097 5.17739 4.46684 0.0180077 4.11164
3734.79 31.3356 4.15009 15.3188 30.0067 0.00315948 5.89465
3702.22 30.802 20.0353 16.6866 14.3763 0.00643438 5.8246
3595.99 32.8419 8.4057 12.041 3.50656 0.0896617 6.53632
3611.06 42.3067 10.7595 5.04421 17.3722 0.00394567 5.48625
3829.73 48.2978 13.1178 2.42377 22.7967 0.0159412 8.42201
3898.47 11.4379 9.29175 17.8841 13.3969 0.00574079 4.9015
3633.41 8.96072 22.0917 76.0214 17.7751 0.00574079 9.8832
3632.39 4.19231 19.7828 60.7212 45.8412 0.0244134 11.1389
3572.74 15.8355 14.3622 20.9043 14.6749 0.012271 4.93648
3658.38 17.7664 9.16952 15.7736 44.3628 0.140744 9.01316
3472.15 25.4769 2.47127 28.5678 32.9332 0.00897642 7.85665
3834.72 11.9475 11.8679 16.8799 35.559 0.0560268 7.63664
3775.13 9.75291 16.8788 13.0543 11.9434 0.202869 7.22229
3669.55 4.91096 61.9123 7.31393 4.98445 0.10299 9.0204
3668.13 16.5667 14.5518 4.8416 3.14153 0.0448285 4.55526
3669.07 2.27175 4.94138 7.59486 5.62092 0.00115958 2.04123
3716 1.26383 0.914304 18.6891 12.2731 0.00818428 4.26128
3676.98 2.17288 7.06409 30.2549 5.47565 0.0339488 5.08412
3547.83 8.06257 26.4336 7.36071 10.1412 0.0330802 5.1784
3636.05 25.9039 14.3877 14.51 33.4121 0.000480385 5.35961
3639.17 23.0507 25.8679 23.5063 23.0388 0.00530109 6.57542
3812.84 2.74676 4.23468 0.732881 41.8672 0.0203567 6.63776
3817.99 18.6481 5.2912 21.1261 3.69788 0.0278265 5.34503
3778.44 15.8222 4.34572 11.5536 4.54581 0.00914526 3.4578
3452.06 12.5929 3.29523 34.8452 26.1 0.00790722 7.08744
3614.78 25.9571 13.2676 5.54906 15.1598 0.0451881 5.62824
3865.97 11.744 8.25807 30.7595 26.9548 0.00751853 6.78482
3801.72 12.6734 12.4527 10.6594 1.17768 0.00432082 3.63524
3530.94 22.7557 9.0012 22.611 72.4912 0.00750538 10.1917
3724.14 21.0184 5.37308 25.0823 9.99594 0.00173947 4.08293
3639.15 34.5299 4.18041 27.9245 22.4161 0.00435845 6.46165
3629.79 3.77761 7.27556 42.3449 15.9074 8.65989e-06 4.06737
3401.33 23.4494 10.0473 10.9471 16.9917 8.65989e-06 4.63814
3486.83 36.5855 6.49617 13.3428 11.0016 0.10605 7.8776
3468.68 19.5722 7.10878 33.7218 4.17428 0.0352959 6.81522
3379.48 40.2365 11.7085 35.1314 9.72561 0.0926658 10.6173
3592.2 39.9968 29.6362 11.4115 29.657 0.240032 11.8743
3618.17 30.5775 26.1803 30.4365 5.07623 0.208319 10.2904
3617.83 33.3369 21.4847 26.8876 5.45647 0.242699 10.1767
3581.42 49.2727 42.3746 38.0849 10.9946 0.274114 15.2271
4036.81 16.3373 12.452 20.4242 20.0722 0.117356 10.9474
3806.08 18.9083 10.2515 12.4069 34.0802 0.167698 8.89691
3775.98 33.9581 20.1853 17.4108 6.25437 0.130606 8.77084
3702.52 11.6384 17.2942 28.091 1.61937 0.0738754 6.59697
3515.01 0.181162 14.3539 33.164 15.6779 0.148919 9.50636
3515.38 16.5331 10.1474 22.6883 1.87174 0.081732 6.5855
3572.16 2.61573 0.865306 17.3776 2.59708 0.0226277 4.80439
3428.2 10.8559 3.65335 13.4996 3.69567 0.000825616 4.01082
3628.88 21.1071 6.88338 22.6087 5.00763 0.00334593 3.88526
3820.63 12.9251 9.22045 41.2865 14.6738 0.00827533 6.6168
3825.43 5.27182 5.0051 38.6962 6.06175 0.0271495 6.13449
3856.52 2.34412 8.2353 20.5781 11.7177 0.00421957 4.18528
3797.26 9.64587 8.57487 0.934505 13.3635 0.0334505 4.65359
3887.97 20.2888 14.0275 32.3802 11.8962 0.122974 9.67002
3821.13 10.3762 1.32621 19.8136 6.75465 0.0969645 6.21505
3425.36 49.7235 25.4278 26.6891 4.56135 0.134434 11.5736
3524.06 29.604 48.3857 39.8251 14.0122 0.0971275 12.3985
4054.83 8.85006 6.28584 32.4499 36.0601 0.0155448 10.821
3890.41 43.7989 3.45657 20.149 31.6963 0.116012 11.7876
3656.96 8.77102 21.4673 24.2879 16.0894 0.0133269 5.26147
3866.78 11.1616 1.63522 7.28273 5.99125 0.0541297 5.0682
3691.53 5.35441 3.032 10.5791 19.2977 0.156896 6.24731
3603.56 4.17204 32.2465 5.61645 5.31822 0.0606041 5.69924
3638.12 4.4847 35.8349 9.982 12.9729 0.0693822 6.50506
3829.38 13.8239 2.35696 3.29915 9.0343 0.0189863 4.06217
3255.85 26.3838 21.8696 1.34173 1.83434 0.00747739 9.15374
3526.18 6.48748 14.7485 5.51175 15.3984 0.00312723 3.64984
3464.83 22.6856 15.1267 6.2205 14.4408 0.0119549 5.45713
3855.89 19.604 12.6368 17.6529 9.263 0.00518741 5.01677
3479.25 15.8098 11.0401 5.77835 5.90183 0.00435034 3.89203
3574.57 14.594 3.64003 1.29171 29.7111 0.0120013 5.42949
3809.33 12.5638 18.6578 18.5912 10.9106 0.00318806 4.45754
3723.18 11.1513 16.1309 3.67685 10.474 0.00828767 3.39414
3637.49 6.84731 26.3978 13.8444 7.933 0.141678 6.70188
3790.85 17.3372 2.36998 16.7941 38.7918 0.0229837 6.99572
3275.73 2.92021 11.2666 2.74784 26.0956 0.23594 12.3563
3674.49 2.36107 5.81409 12.547 21.7181 0.167726 6.71185
3543.46 2.58453 6.04163 30.8756 26.2528 0.243689 9.48561
3605.45 7.06038 39.3544 2.57929 16.5434 0.170014 8.36741
3564.46 3.03913 12.1485 2.57586 21.2847 0.0460885 5.49348
3547.11 15.5464 19.0666 6.56933 44.8159 0.123169 9.16821
3802.6 6.81619 17.9358 7.86314 14.3072 0.0618241 5.42161
3507.28 4.35477 4.53027 4.81012 7.51747 0.0231479 4.3101
3507.19 23.8484 3.94462 3.23054 4.4018 0.00211603 3.81149
3487.69 27.2751 2.59055 7.61116 21.037 0.00207241 5.11317
3728.42 16.7007 5.29038 5.38395 12.9157 0.00229982 2.84053
3882.13 7.59476 4.14435 2.06586 7.83056 0.00149373 2.97545
3798.84 7.28629 19.906 18.9189 6.52788 0.00328627 4.03179
3732.93 11.1746 30.5707 14.5644 1.04115 0.00134794 4.51857
3592.62 10.8512 21.9829 11.8819 6.35094 0.00078961 3.05785
3785.57 5.85701 16.1606 7.46335 0.168475 0.0178481 4.92376
3582.06 9.78178 6.55341 5.81797 13.8047 0.0361736 4.32056
3636.19 3.47698 6.06269 15.9482 12.02 0.00162917 2.73572
3512.12 1.0881 1.48591 3.71389 4.83695 0.121222 6.77154
3554.29 11.0375 9.09852 28.1839 20.0236 0.0745727 6.89626
3559.19 9.52887 9.69312 12.0445 10.9963 0.29429 7.72662
3587.31 14.7309 8.08382 14.4669 16.6347 0.0800833 5.82259
3619.88 5.47465 11.6483 12.4861 13.483 0.0554756 4.78168
3772.31 4.27994 11.6247 17.4544 1.95657 0.0417627 4.74411
3874.72 10.057 4.70019 8.14773 5.51191 0.00332758 3.17313
3724.8 12.7764 0.823617 11.6264 4.61792 0.175553 6.49688
3412.61 16.913 19.5673 11.7424 32.2952 0.423659 12.5749
3358.61 5.83995 12.5296 7.21294 20.0778 0.196951 9.62518
3861.2 3.80677 13.2699 22.6527 1.84347 0.0254991 5.5496
3817.24 8.79557 18.341 19.6695 10.2153 0.0387136 5.73976
3658.88 29.7327 13.9859 11.5179 9.40268 0.0308247 5.48166
3800.44 6.37151 4.33512 12.9811 14.5083 4.53118e-05 2.18178
3677.39 9.09347 3.68078 16.6857 21.3474 0.0112072 4.20188
3717.27 1.93122 8.18249 46.713 2.51048 0.0960278 7.83004
3872.71 16.3194 1.78891 6.58384 5.98993 0.139448 6.6384
3623.49 38.9743 26.4129 4.34655 7.76605 0.0548687 7.43529
3498.9 1.3788 4.60444 27.1665 25.4361 0.156085 8.87532
3704.42 5.06544 13.3401 51.0125 18.3775 0.0885018 8.83213
3614.11 11.3851 35.8202 1.96286 6.02396 0.0285573 5.63076
3938.09 7.02705 26.4955 43.2268 6.71729 0.00786705 9.12409
3577.94 11.359 3.55937 20.3368 40.4676 0.00518293 6.03766
3668.75 25.0329 14.6202 45.7058 11.0469 0.00127907 6.58115
3413.33 41.6677 14.0246 19.8278 5.4684 0.0458211 8.42914
3471.46 24.6508 5.1111 12.0884 3.96902 0.0934812 6.80887
3548.63 10.8834 9.59578 6.4294 16.7271 0.0300679 4.68085
3564.64 11.3697 5.15363 7.13404 9.79542 0.0041292 3.00472
3553.37 6.54112 8.04649 26.8326 3.76788 0.0202449 4.70734
3637.81 38.7746 12.1218 6.53191 13.1071 0.0541813 6.62864
3670.51 7.81213 15.7603 1.78541 9.92709 0.253797 7.13445
3823.31 8.61791 24.401 10.7044 15.3392 0.0706202 6.55374
3676.49 19.037 19.9458 9.48816 14.8718 0.0150764 4.78281
3469.56 12.4506 48.3845 9.36066 25.1451 0.00721909 7.71169
