47.3041 24.0834 1.71121 7.29135 18.823 40.8782 2.06116 0.0409315 8.19486
32.153 51.7795 0.845251 4.57916 4.93388 26.0944 2.35657 0.0876437 10.5542
100.528 14.2622 10.9447 5.12181 12.368 18.823 2.26904 0.108023 6.47668
-28.6014 21.1475 12.4538 2.65878 4.56672 7.56508 2.24153 0.0566864 6.1309
-29.0997 15.7615 12.5058 7.86088 11.3217 8.70773 2.32194 0.0449329 5.70016
-9.27395 37.0603 5.2337 17.325 42.0574 15.7641 1.66828 0.0762315 9.84312
29.7646 9.88542 18.8207 3.7844 6.02132 15.3908 0.538996 0.188149 7.7443
104.822 15.2419 17.6878 2.14037 21.6014 23.9089 3.37519 0.171591 8.88528
72.3383 29.4209 5.35698 34.5596 11.0943 17.4278 3.50057 0.202311 10.5292
43.0232 4.9963 32.1645 18.2782 10.9794 2.38171 10.1383 0.00184789 4.15714
94.7154 7.54029 33.1613 16.9004 14.7133 10.1088 6.98374 0.00603973 5.6109
48.6786 20.6474 2.28445 10.5363 48.7447 25.162 1.89988 0.0061769 7.78843
137.732 3.16901 17.4352 13.841 40.4397 26.7255 9.13142 0.00859522 7.77127
37.0595 21.3253 27.6389 10.4176 11.9142 3.47387 21.9137 0.0618712 7.36326
70.9252 1.13409 16.7877 10.4176 31.1242 6.7953 1.9104 0.0618712 6.53384
138.385 7.47194 6.61077 2.86354 64.6668 12.1446 9.55037 0.0443762 9.31889
86.3078 6.47537 6.94299 19.7409 21.9356 20.2679 7.09606 0.0228424 5.38533
113.923 10.4306 3.19646 39.9364 6.52416 24.5169 11.2937 0.0330889 7.49448
16.0884 16.5399 5.97013 46.1062 8.79731 25.0798 12.2904 0.0217766 7.56233
-4.08706 10.9367 15.6205 27.4355 16.8707 13.5758 11.5506 0.0941621 7.19511
38.0836 15.5151 47.2954 3.67695 10.675 17.7547 10.4727 0.161324 9.9834
57.1451 6.63121 21.332 32.8965 2.5473 9.05152 5.24936 0.19939 8.12833
128.256 0.517096 17.996 5.71051 17.312 3.47546 21.6629 0.00977632 5.49036
155.45 1.58606 18.9603 5.78528 12.3395 21.1959 8.65362 0.0137846 5.45517
-8.6333 1.01338 25.0093 0.926847 9.65461 0.633947 2.99685 0.0163564 7.05999
88.6872 13.4507 5.17863 33.8967 2.63101 4.76813 1.78516 0.00301686 4.38977
92.5644 7.8435 12.2596 28.3602 8.85707 8.98328 1.78516 0.0182352 4.77896
99.8793 9.03822 0.724265 23.7504 16.5569 6.93005 8.81394 0.0128782 4.9911
74.206 21.4059 3.33825 13.0691 8.23789 2.79472 19.7853 0.289757 8.79411
39.7199 4.09183 3.33825 16.4167 8.83979 14.4671 27.2802 0.176303 8.62512
59.2999 27.3124 19.7017 11.868 6.68556 12.1731 23.4905 0.00894912 6.58706
-48.1934 22.1721 33.675 12.3497 5.62559 29.9743 18.3957 0.0369531 8.32348
-30.1887 9.12681 28.2948 34.2265 2.80554 15.3163 7.67392 0.0331082 7.04438
35.9577 14.6965 20.5669 50.2877 1.73591 14.0363 16.2069 0.0657988 9.72557
27.1768 6.45051 32.5014 8.59796 10.9438 21.4518 22.836 0.0375878 6.93376
110.729 14.008 43.2894 8.4912 9.22861 10.5083 12.8949 0.00731928 8.15707
110.729 12.6934 7.9241 8.26297 21.6025 11.8132 25.6036 0.0461065 6.60611
8.86629 11.9569 16.5608 8.66328 12.6572 16.6825 27.929 0.0660932 7.16634
13.9469 11.763 35.145 8.39068 9.8396 5.56139 21.8587 0.00175615 4.70421
-6.99359 19.1036 37.0334 8.3911 10.7359 35.3961 21.7078 0.0333176 8.96119
126.164 1.95737 14.4093 15.2767 17.6421 8.97352 16.1941 0.00361721 4.31891
126.577 6.85458 4.53588 25.4232 4.49506 5.96276 30.4786 0.0060102 5.33105
29.5866 10.8231 22.8422 31.215 4.44157 1.73932 37.0531 0.00833463 7.14726
42.8237 13.7612 10.01 16.0642 1.21317 2.90448 44.8415 0.0440362 7.8068
-31.9163 34.459 28.45 5.78973 13.6385 32.4878 19.7014 0.013556 8.68169
21.9817 7.08236 9.86986 3.17382 31.3967 16.0666 6.34064 0.00808651 5.51118
-40.7434 10.1992 51.7559 17.0533 7.46215 16.6685 22.8491 0.0421147 9.07315
-23.7557 11.9077 20.2641 26.5508 19.4642 12.9421 7.16659 0.00322232 5.13879
-46.6067 20.2343 23.7676 36.2857 29.4986 32.2941 15.091 0.00179053 9.30069
5.41661 21.1027 31.1219 22.6387 24.8571 6.82586 17.6358 0.000813481 6.77917
23.8176 21.3411 19.1999 13.565 17.4135 6.49136 75.1752 0.00222933 9.64548
41.5046 7.18159 9.06768 24.6452 15.8155 6.28183 25.315 0.0630496 6.64246
142.592 8.10408 7.1583 37.804 18.0987 3.71614 14.4815 0.0514254 8.00418
52.1719 4.51903 16.283 18.2088 19.9931 43.5127 24.2458 0.00791189 7.85784
98.0646 3.09819 37.0233 19.2956 5.04769 1.87607 21.9137 0.00732222 6.64088
101.879 1.84075 2.12589 14.8294 12.2917 3.62016 9.74686 0.00732222 4.0008
133.281 5.14777 5.76201 15.8969 7.07697 38.2543 5.33277 0.0021179 4.99111
112.936 4.15031 21.0186 13.6031 20.3511 16.3872 0.837508 0.0114351 5.57329
174.841 9.24453 1.43072 5.33815 50.8831 13.6627 23.0921 0.00784838 8.91074
-43.936 10.9604 35.5506 23.9313 12.911 7.59492 24.1566 0.00777878 6.87636
-14.1754 6.32662 31.1038 12.0088 27.0753 65.5401 18.994 0.00732562 10.8196
90.6281 5.5559 18.7628 8.46058 17.1483 2.48423 18.3328 0.00193842 3.76574
66.7305 7.81694 20.8694 3.60364 5.89219 13.6555 20.1481 0.0117526 4.66538
-35.956 31.9804 17.9618 6.1054 8.6235 36.396 6.60799 0.00985266 6.78703
-8.17538 3.59057 18.9096 38.2795 13.6116 31.7193 44.2349 0.0299562 10.9927
10.8213 10.8615 12.8408 54.328 14.545 34.6524 20.6248 0.00475067 9.35357
102.825 9.11094 8.68272 38.1273 4.15336 23.1729 24.6512 0.0199359 7.59121
-0.259356 17.5557 8.66578 16.5371 32.3002 19.5414 5.33127 0.00761657 5.8457
110.137 4.55833 10.4488 6.3359 14.0229 27.755 6.20241 0.0570827 5.94597
128.297 7.56998 14.3065 23.6345 12.5332 6.98224 6.20241 0.0461966 5.78353
46.0865 3.73523 5.16119 7.19965 9.06889 31.2413 6.20241 0.0993812 7.4961
32.9912 0.972084 5.25993 41.6696 6.44639 18.7535 4.35977 0.166858 8.83499
-18.0043 4.85644 11.8894 27.3704 13.6528 3.88292 34.9198 0.0346036 8.04008
-73.5356 28.912 34.3793 32.0663 15.3454 7.3023 22.0482 0.0154327 9.27345
-23.2169 29.3355 39.1444 9.88484 9.50904 2.01837 5.91645 0.0124298 6.86238
-15.509 25.9947 33.3832 2.73317 14.2962 3.17613 0.867839 0.0166506 6.48156
68.9633 7.42622 22.5964 17.2105 9.46088 59.3343 10.0521 0.00238475 7.54218
17.4902 34.0973 12.4544 8.06972 4.84852 19.8246 3.98541 0.0211856 5.96876
-63.485 50.4436 6.27539 4.07049 3.70941 3.85264 15.3966 0.112741 8.6476
-27.8992 46.4966 11.699 8.82261 3.13966 7.08837 19.585 0.0664416 8.06044
-64.0708 14.9243 45.7957 40.1836 3.20313 8.80094 21.881 0.266698 13.119
34.4064 23.6874 22.1892 20.0416 3.19518 2.1382 13.7794 0.20785 8.86044
42.7936 16.4452 14.3262 10.1433 0.283244 19.7386 2.25321 0.0964704 7.29141
114.198 5.92352 14.8608 13.2305 4.4645 18.4129 31.442 0.0191484 6.14484
106.347 2.96512 4.99564 17.9535 22.9627 6.32049 24.3288 0.00329096 4.85326
105.903 4.37301 1.64901 7.45394 23.2066 6.02628 17.7088 0.00329096 4.43931
12.1812 18.3381 49.8397 7.2821 4.85304 3.67064 35.3301 0.00465005 8.44951
97.4917 18.1669 4.93625 1.54087 7.21919 7.86928 42.297 0.0766484 8.38065
144.505 4.68792 14.1433 31.6107 40.0432 8.29821 25.6554 0.0216774 10.0249
8.87271 8.4929 11.1957 37.0649 36.9423 1.09051 48.2325 0.143517 12.7886
-36.8812 14.4428 39.7325 26.1047 19.3983 8.41003 34.6301 0.0460018 10.1364
-54.5697 3.66087 25.9801 48.1684 15.0703 10.0506 10.2433 0.0229832 8.59065
-73.4041 9.8558 14.1671 70.8473 10.2439 7.09333 4.81245 0.0302495 9.92159
120.373 5.23196 18.3973 10.0617 20.1759 1.71321 1.09674 0.0335401 5.58185
85.4786 14.1825 25.0417 8.36011 14.2724 9.59176 9.4031 0.0311016 5.62678
123.823 8.86558 2.16234 42.3366 2.02786 1.77541 27.782 0.0358117 8.26309
19.5254 12.3238 16.8663 6.97731 18.3853 1.31729 22.1487 0.124354 7.47529
115.443 8.29073 5.41491 11.4798 20.5823 16.7228 14.2801 0.100004 6.6812
192.682 11.401 9.40668 15.6715 2.68263 31.582 10.7959 0.0743093 9.22598
-52.9626 11.809 38.1897 13.082 1.21586 21.5452 15.2588 0.0965071 8.89773
60.3188 8.58256 24.6389 15.9658 12.5211 7.08557 5.21965 0.000365726 2.98733
20.4382 26.5023 22.1337 9.34035 15.6153 31.6279 8.64204 0.0487303 7.99317
-70.8483 24.8151 21.3964 6.28627 27.2373 20.4707 7.90215 0.00125053 5.99043
-17.2714 16.9839 29.8232 11.4818 20.4022 20.2836 15.181 0.0104301 6.4201
-43.6011 5.26702 14.0486 31.4331 13.4471 22.4267 13.0869 0.14284 9.47801
-25.5745 17.2591 11.963 21.297 16.9788 11.2494 30.2281 0.149649 9.11224
-28.8455 17.1885 9.96041 36.8772 21.5299 6.91396 37.076 0.205939 11.3117
-23.5155 22.3913 12.2289 2.00915 15.0159 13.2257 19.5505 0.0891746 7.69733
-60.1468 12.539 23.8508 16.2841 27.3726 7.03184 26.2098 0.00265005 6.83966
-45.5695 16.8351 17.5662 10.1571 2.13519 5.45176 14.9066 0.0723048 6.86935
-20.9543 21.016 16.4905 3.31938 16.7535 14.9392 20.5878 0.139844 8.35616
-20.2748 10.712 41.5512 12.3708 13.7892 21.9969 18.5057 0.0602292 8.37339
-14.5812 17.945 20.9425 6.62972 5.84925 9.51263 10.3237 0.130312 6.73705
-35.1044 14.7343 39.4948 2.0284 7.64965 12.0596 7.53635 0.194164 8.67458
78.4497 6.33409 19.1854 12.5978 21.7789 1.94001 11.6429 0.150351 7.10789
78.9749 21.3032 14.3571 3.44609 18.5017 25.3614 14.4867 0.0923382 8.10495
74.9734 20.682 6.80781 12.2841 1.90537 11.6407 13.6114 0.0698275 6.06994
50.3442 11.4522 16.0758 7.38055 23.856 26.3316 9.47607 0.0236233 5.97008
40.8678 1.39339 41.7864 4.79518 10.9508 9.80586 20.5554 0.0477704 7.20769
77.981 5.74431 23.123 20.4463 7.5497 16.9943 44.1505 0.0453705 8.51305
61.9774 5.15078 36.9629 14.5923 32.8238 14.8924 25.2301 0.0166754 8.69669
41.3016 12.7696 24.8374 2.79726 8.87015 4.42469 21.3627 0.00125362 3.98276
-56.1759 33.2258 8.95052 9.6789 1.96425 1.70458 15.1496 0.00538388 5.39393
77.3525 12.6111 3.7592 14.0031 4.99461 24.4091 4.22851 0.0145242 4.70208
54.198 7.71973 13.9057 6.38601 5.74466 11.0401 10.6064 0.0122499 3.70626
15.1992 11.3721 24.1124 5.33984 10.8111 6.24432 5.42976 0.0116162 3.92007
-24.3441 17.9354 11.6777 15.6645 2.60721 9.96786 3.93276 0.0116162 4.57562
98.2249 22.381 17.6788 14.6114 1.89554 8.59121 7.31941 0.0116162 5.76497
102.935 15.155 13.2635 10.1757 14.0361 21.467 7.9753 0.0463247 6.08889
47.0271 4.0478 25.2586 9.57064 9.22439 18.5886 32.0914 0.399555 11.0889
100.237 7.985 20.4159 3.68479 30.0043 64.4715 12.8857 0.314982 14.4276
79.3662 1.22689 8.62117 51.2725 28.5648 25.035 7.6098 0.0170431 9.34246
31.6135 21.6877 8.29705 21.2315 19.3099 23.7176 11.0294 0.113967 8.06883
115.432 14.2327 26.8856 11.8581 12.8927 16.7964 6.39851 0.0825937 8.08816
112.345 18.9148 2.61019 20.776 24.2931 11.9841 35.18 0.107592 10.0719
-48.0118 12.6002 16.5206 22.5962 8.75172 12.7963 16.299 0.0379674 6.71898
5.82396 8.04269 3.01489 39.4499 12.8533 8.38651 3.14022 0.0408023 6.47049
9.18891 24.8369 20.9508 13.7005 6.50861 1.18502 3.31686 0.241797 8.45652
-36.3125 20.5582 26.4398 10.7155 25.0019 13.7443 10.0449 0.0146309 6.20811
-26.5281 40.1244 8.40412 13.716 10.4937 7.44695 13.994 0.0263831 6.24151
-52.7586 22.4596 7.07939 15.0588 19.3733 3.40889 26.8347 0.0204887 7.07963
58.8299 13.2341 10.6408 17.3468 15.1774 9.27886 30.191 0.235925 8.93541
3.84241 8.46883 7.67311 33.8546 33.6994 8.30236 13.8433 0.515868 12.6133
55.8731 27.7124 10.4597 3.52 19.9121 0.67861 6.6862 0.347992 10.022
-61.9177 25.8498 7.6417 17.9545 12.0304 2.33615 61.4819 0.0156976 9.86684
-60.3945 13.2136 21.0251 12.4308 13.7643 1.30673 19.7995 0.00424546 5.93661
10.3454 8.99739 17.2454 13.0504 12.8583 4.02494 2.33458 0.0462804 5.04699
91.6338 10.3951 6.10833 25.4377 5.16736 13.7439 12.3413 0.0400338 5.34579
10.8889 1.97424 17.5797 45.1568 5.1973 3.59552 14.8621 0.00272957 5.8285
70.9956 39.0466 4.07398 2.17726 17.0245 31.3925 8.02523 0.00226779 7.88125
65.6265 10.1324 48.0054 25.358 16.7348 9.28778 3.41156 0.00143076 8.44872
112.158 3.88802 9.83175 7.5712 32.4551 2.83614 19.6679 0.00641802 5.11977
176.744 6.41432 16.5763 1.30821 11.1926 14.6615 1.24336 0.00573889 5.45518
34.4374 12.7829 2.71487 6.8503 21.0782 5.948 16.8943 0.0118312 5.04473
64.103 1.79876 15.2406 12.6596 18.8 39.9779 21.7386 0.000204265 6.16958
86.3945 11.1212 23.1008 25.1835 17.5209 34.2616 7.15573 0.0327483 8.49654
120.741 14.3373 2.22274 17.2604 22.8175 11.6679 3.88173 0.0194578 5.6305
37.4778 18.4608 12.3974 39.9688 1.0806 19.2541 22.2193 0.0350941 8.45113
21.1047 0.893034 11.1815 23.7261 61.8707 23.9477 19.6969 0.0606199 11.9935
58.6289 1.98561 13.6213 15.7262 39.6243 8.64983 29.2235 0.0318447 7.9833
34.5398 9.87282 9.28684 9.64372 49.6037 22.477 28.2722 0.0133811 8.61485
6.5397 25.8734 39.0241 13.2618 17.8298 3.27402 28.1866 0.0138742 9.05675
-2.31332 9.96248 28.3457 3.12211 6.39764 5.49214 0.619664 0.0269853 5.4685
95.3401 6.82946 34.5048 3.35974 33.8856 34.199 5.49726 0.000558342 7.54361
130.512 10.3852 5.35949 4.10851 24.2738 39.9553 16.4936 0.00403644 6.86275
75.2742 14.9344 27.3818 5.21908 40.1295 20.3228 0.249346 0.00367232 8.31062
74.8086 18.4486 17.7914 8.96396 34.8157 1.96363 0.249346 0.00400074 6.69208
40.8333 6.76434 4.34808 42.4454 3.18437 1.81231 1.97028 0.00788228 5.18618
88.1596 6.76434 3.46025 46.5578 1.71594 1.74933 2.82701 0.0831877 7.50003
41.174 24.0762 5.39222 27.0288 15.6255 2.33852 11.1311 0.0630001 6.78344
-27.3553 21.0366 21.632 39.4857 13.0375 5.63862 6.547 0.119236 8.73487
48.1822 16.592 7.26231 21.1788 23.7004 4.17345 6.47337 0.129011 6.95706
78.4188 21.6452 6.36582 6.1886 17.48 20.8535 2.65023 0.0301264 5.85199
-28.9907 12.6611 10.7471 9.63379 36.7096 29.4559 8.6115 0.00123355 6.74861
16.7455 9.92197 13.9662 22.3737 34.6905 22.4565 4.18663 0.0285193 7.19323
49.6432 15.3425 42.5771 4.36603 25.5351 25.4357 12.6799 0.00577915 8.42821
-42.8542 18.5197 36.9805 18.089 25.3096 25.4802 32.1878 0.00451432 9.40966
-40.139 9.76753 33.5873 31.286 21.3842 23.9415 24.9306 0.00842871 9.03792
-52.6789 15.8694 27.5646 22.3879 8.84939 8.41044 22.0237 0.0391036 7.19218
-25.894 24.2106 12.6837 7.472 31.5195 14.2889 25.358 0.00283751 6.451
-30.8012 21.3767 30.5697 2.86307 5.7247 11.1989 26.3333 0.0301966 7.06404
-10.0903 25.1215 26.9278 16.0734 21.3679 9.41786 4.9633 0.116011 8.20623
75.7138 2.21339 13.0349 31.9591 3.7029 12.7438 4.99724 0.579768 11.8004
42.0725 8.10307 33.1197 6.04288 19.2089 28.1121 13.0248 0.143994 8.91981
70.6779 3.87541 16.8234 12.3413 43.7136 31.8833 12.1499 0.145135 10.2717
29.4506 15.5423 25.7275 2.09971 45.6569 20.8849 15.157 0.140567 10.6175
70.3373 31.878 11.9905 22.0411 0.211412 9.99086 1.09653 0.144797 10.247
19.5451 13.7614 9.8895 22.3457 13.9124 9.79618 4.15163 0.0459733 5.23835
-55.9422 7.89513 50.661 12.3191 22.5565 12.4619 13.5084 0.00834358 7.60048
-5.77572 36.846 5.07604 11.5334 3.25955 5.33134 14.3561 0.00896763 5.18071
-29.8328 16.527 30.1491 16.9302 25.4154 8.28866 26.2271 0.00667177 7.03225
-36.2341 18.9093 8.46228 3.38497 51.3582 4.40977 17.2571 0.00442385 7.49194
-44.5262 23.2175 13.3151 6.12886 33.7459 5.10845 6.1481 0.00240125 5.20585
84.1212 16.9593 7.08349 33.7313 13.3155 12.6806 13.9042 0.00698691 5.87357
-17.7198 23.8578 2.18611 14.9249 25.7377 6.82082 24.3947 0.00824688 6.49248
34.4161 18.9121 23.7062 9.91735 19.1285 8.47841 10.4715 0.0423874 5.99886
82.869 15.0561 22.0947 21.7384 14.1035 4.90965 19.2585 0.000522559 5.11271
-0.878989 3.99071 51.4604 14.2821 7.61165 10.3801 17.421 0.0624498 8.19842
55.7037 4.82278 2.85907 4.76592 7.90536 21.8008 20.2157 0.0708469 7.34329
118.074 10.3464 0.383849 23.3478 7.38886 26.4591 19.7318 0.110709 8.92597
80.0138 12.8367 5.38062 4.00227 8.28509 11.2448 16.916 0.0271738 4.79343
66.0497 10.5479 25.3043 5.32929 22.0959 14.623 43.1289 0.0102179 7.64406
76.6792 9.06672 24.4473 20.7005 32.8909 34.425 30.4744 0.00773206 9.85243
56.705 14.6551 3.48149 21.2345 37.9705 20.0421 8.07416 0.0697046 8.11329
-17.7889 13.8686 36.008 15.4999 18.8978 15.1148 23.8067 0.00175068 6.42858
60.146 21.0244 24.301 2.06215 28.7214 5.74156 12.8248 0.0397871 7.39737
3.40109 20.1505 2.1668 17.5672 15.4172 7.39745 7.2231 0.187943 7.73801
-30.0158 34.008 6.66443 33.2638 13.1409 15.8321 4.45765 0.136126 8.94973
72.5777 12.5763 0.474931 57.4535 2.05184 8.84138 23.2953 0.0578993 10.0164
33.8901 35.3961 2.50427 8.1569 5.36802 11.3566 13.2587 0.0303491 6.18995
49.0627 7.1655 3.84883 18.0103 17.7824 3.17383 10.3929 0.0546482 5.48537
133.373 15.9358 4.28686 16.624 13.623 5.9732 8.85118 0.0556762 6.01496
-23.5513 26.201 16.0315 14.8755 5.48635 14.7331 5.23008 0.102148 6.79009
123.165 10.2123 1.35949 17.321 23.0114 8.7875 5.77511 0.0322134 5.65948
34.2052 12.1991 14.9665 0.0100587 45.2584 6.2386 20.9403 0.0128097 9.50384
38.8845 5.63984 14.2222 9.84385 30.2757 19.3601 4.51435 0.0650081 6.66683
116.68 6.13864 1.06199 9.52043 1.2269 16.9174 2.3988 0.0458497 5.90127
-43.2568 18.7951 3.30114 17.2341 5.67838 13.2937 74.6644 0.0193857 11.5188
10.4983 24.4584 3.24235 32.8478 7.62959 6.99769 30.5903 0.0686791 8.22165
174.43 16.2342 6.91456 9.85066 11.4194 0.456734 8.88476 0.140318 8.65464
69.1127 9.79723 5.9766 61.5177 30.2922 4.58189 38.363 0.0971468 13.5447
84.9247 8.69737 5.323 54.7845 7.95221 8.13538 45.7886 0.0563499 10.741
16.3737 6.33004 5.18834 30.0978 6.16521 5.37608 27.0522 0.0203637 6.26949
75.7366 0.737312 5.09253 29.8064 10.2412 14.5188 32.2787 0.0333819 7.67552
88.5145 28.8301 5.73226 25.1026 6.02023 3.83518 9.82614 0.00320398 5.73464
-36.0806 25.6887 2.69596 13.8741 13.679 17.5451 10.3263 0.010874 5.79449
25.1226 9.12258 6.11255 81.9258 5.27113 14.7065 10.497 0.0014614 9.29556
107.644 8.11568 8.42338 45.2609 10.3942 35.1061 17.4985 0.00990673 8.61207
36.2724 20.2782 8.28142 21.2884 1.15229 15.0349 9.63635 0.0611003 6.28009
47.5875 12.7691 16.8136 27.1622 10.0626 22.1211 14.1121 0.105929 7.76092
44.3239 18.9035 16.3972 19.8854 9.79538 18.1626 4.24344 0.154529 7.57617
102.846 12.7431 9.64581 1.24841 2.16552 21.0431 3.06673 0.171968 7.69433
75.9733 17.9067 10.8383 7.51736 4.78009 21.9994 10.5799 0.0193964 5.01379
79.7395 11.4835 17.4735 11.3583 32.3133 26.835 4.95096 0.0920929 8.28844
14.7968 23.3973 12.6748 20.774 27.5038 7.46812 11.1918 0.0530223 7.0082
79.8211 28.5396 15.2129 14.2016 15.2735 14.6713 5.66993 0.0128815 6.74027
-53.2581 13.8376 1.08143 15.0504 16.0355 18.9551 5.57883 0.00702313 7.27565
-13.9887 9.85971 8.24236 10.3419 15.6789 17.1118 12.2087 0.00166173 4.81007
36.4254 17.7827 28.9579 6.00756 3.64753 18.2069 19.5383 0.0312619 6.56711
-13.1089 4.38135 16.4539 22.7002 7.11112 22.1419 2.39675 0.0548208 6.94897
-38.7148 3.01479 29.8469 54.8105 7.89756 16.3049 20.0311 0.0444015 10.4655
45.7756 7.80517 29.3409 23.8615 9.02974 10.5668 5.264 0.0444015 6.01962
60.0592 7.09705 6.45553 21.3028 7.194 21.2519 17.9667 0.0292849 5.67913
54.8167 6.0431 3.56494 9.78769 32.1149 17.6795 11.9367 0.0099566 5.68414
104.094 5.52411 4.42849 24.2306 30.1134 21.8092 13.3523 0.0901612 8.14483
66.299 5.01947 3.24638 21.2658 31.1945 13.749 2.49768 0.115833 7.53949
71.9726 1.29346 9.2906 40.5028 22.5155 22.2602 6.13024 0.123805 9.24112
-47.1072 11.1848 27.9723 12.9995 17.0995 18.5445 9.36191 0.22747 9.29349
177.399 2.14604 18.2494 7.21268 28.2554 17.3895 32.9999 0.208592 11.9057
65.5561 14.3922 3.93541 7.96314 18.4474 15.0164 13.6993 0.0118286 4.68168
157.234 12.9751 5.42698 4.03173 20.7902 37.7421 4.03022 0.0227923 7.58234
9.62411 26.6666 4.72215 16.3826 51.4275 13.7118 4.53738 0.00622846 7.5589
81.3999 6.51698 20.2251 25.991 4.17497 4.22194 3.13948 0.0425805 5.33856
-19.6582 4.75737 8.34289 36.5385 39.7185 11.2212 11.8068 0.0608452 9.30157
-46.6254 23.9253 10.1328 23.3152 7.49381 16.0318 17.7711 0.0450294 7.00323
65.9321 19.1997 3.98817 23.0104 8.13876 45.1922 26.0126 0.0172213 8.62584
19.27 23.2514 6.53135 11.5333 10.9145 26.769 30.7899 0.0084176 6.73244
-0.45583 19.8727 1.1922 4.79837 8.40693 21.4587 23.6854 0.0084176 6.7682
-52.7908 32.0666 3.68019 10.6008 39.8585 9.23209 4.29911 0.133061 9.33365
-74.8123 65.7006 5.11714 0.628211 8.64203 1.84109 12.3085 0.225484 11.8999
-33.0018 30.165 55.6361 13.73 3.31963 19.4772 18.083 0.088056 12.6171
23.5188 8.77138 16.2668 33.4744 21.0729 20.2673 21.0763 0.0681852 8.50352
67.1015 2.04489 2.23119 19.5062 36.4815 17.312 17.6891 0.0367818 7.88438
-26.3784 32.2364 17.0489 24.75 5.48751 27.3334 12.5004 0.00247072 6.56457
10.8812 26.2799 19.0653 28.5546 25.5607 0.700906 1.31463 0.0540651 9.10097
63.0115 4.39242 15.3387 14.964 21.2873 13.8755 6.22433 0.0623233 5.71576
101.206 8.48672 12.2987 11.3667 19.1692 16.483 21.3751 0.141449 7.65809
208.812 3.35705 11.4023 5.61425 18.3511 1.63464 19.0265 0.04355 7.36883
172.973 16.8887 16.3471 7.26675 0.846321 2.7076 1.07378 0.091696 8.88651
-9.98263 26.6102 11.2212 15.7512 13.6419 35.6713 31.1062 0.0150753 8.39477
0.936625 21.0418 14.2715 22.7396 7.89415 28.0076 4.45719 0.0982712 7.64674
50.1675 14.0573 16.3402 13.9893 22.3171 11.0143 8.25477 0.0440122 5.61072
-58.0181 15.9257 6.03572 28.2993 52.3115 7.74917 21.7198 0.0665171 10.9332
1.81984 14.6925 16.3603 21.9303 5.84075 7.8683 30.8972 0.328733 10.1968
151.499 11.6497 12.7987 1.31533 15.5271 4.58444 16.2216 0.109657 7.48203
45.8013 17.9589 19.9482 14.1795 2.116 14.0039 10.1241 0.153553 7.33598
-40.5561 17.9165 33.5728 14.0217 15.0889 14.0957 5.24586 0.200024 8.85724
-25.8939 27.0452 8.64396 15.4084 23.8924 48.0387 2.98488 0.00103551 7.42961
-17.894 25.7723 2.43989 14.3336 39.324 20.4168 2.08175 0.0361746 8.22803
-56.1048 32.91 7.99547 8.94804 12.4178 21.2784 1.10044 0.0868141 7.99779
12.9155 8.66568 32.5143 12.8208 29.9206 7.50627 4.1983 0.00569941 5.44847
39.4912 8.66568 32.5143 4.26757 31.8675 5.98017 4.1983 0.00362091 5.14472
66.3958 9.1382 9.70471 20.6171 24.2749 1.11765 4.1983 0.00864484 4.60795
80.0413 14.701 9.6144 7.8335 2.44681 7.30663 8.21814 0.0218575 4.01468
37.5873 6.04577 36.563 9.51229 10.623 13.6376 27.7915 0.0247148 6.7842
18.4034 14.7448 48.3362 10.7589 4.3315 12.0168 20.0741 6.11538e-05 5.99026
-0.65035 17.9591 37.5705 0.503779 10.8502 10.522 32.9924 6.11538e-05 6.46383
21.405 3.53455 98.9819 2.49682 10.8502 13.9271 14.1613 0.0462537 16.9275
-23.3101 4.91386 34.3304 9.6404 3.78737 0.62408 16.8821 0.0491537 7.15825
-6.8303 1.25132 20.9365 9.89206 24.1892 3.55839 21.4184 0.0343853 7.43512
61.16 2.00654 13.5951 16.9181 15.1208 1.10256 19.9424 0.0459107 6.15509
37.124 5.80127 2.95458 26.1434 13.2707 51.7291 0.560859 0.0855072 10.1316
118.831 5.41713 6.15057 43.9264 8.90593 51.707 5.49206 0.00864412 8.98174
-2.80421 20.6837 18.7548 39.6931 2.7106 22.2541 3.36712 0.092249 8.88802
128.642 6.24562 13.0729 14.581 28.0502 2.44024 5.55449 0.0879606 6.78158
-71.035 52.2393 13.9904 3.82587 24.6953 9.94005 5.55449 0.0893787 9.17622
-27.2923 21.1308 13.9275 2.59675 1.3821 30.7307 24.1226 0.288518 11.8065
-27.789 38.6445 8.72169 4.2079 48.3019 21.5746 27.1273 0.239389 13.3947
131.15 10.96 2.38441 13.4578 13.099 18.2784 85.6588 0.0168936 11.5645
122.459 6.35877 14.9117 20.3132 9.60485 4.58252 5.98708 0.0211484 4.49507
69.8021 7.1 15.5067 2.22993 2.60025 28.2903 9.68521 0.0443085 6.18581
-3.0155 31.3212 10.5809 11.419 14.6576 1.70728 4.43179 0.0297472 5.54775
-10.0898 15.5321 11.0996 5.16365 27.8875 17.177 2.93751 0.0524506 6.77332
171.733 10.4572 2.18273 19.6891 12.232 8.51076 63.371 0.0688734 11.2536
-26.4694 10.6128 41.0798 23.8659 8.52049 10.2878 14.9285 0.397626 11.5187
-13.6006 13.7874 17.5737 25.5422 12.8276 11.7232 12.6263 0.136688 7.5601
25.1063 11.8558 13.4878 17.7506 31.1568 7.38291 22.5603 0.209832 9.15087
4.77504 1.93137 21.6339 13.8488 15.599 8.48643 24.4245 0.0546082 7.18823
141.685 12.7036 0.882875 6.99042 2.55329 11.5442 4.15353 0.00971677 4.64884
87.5532 15.2691 1.91274 3.71914 16.6742 17.915 8.82535 0.337045 9.18625
84.0506 11.7729 4.39569 3.06647 26.0087 26.8858 7.13171 0.0086228 5.57087
72.5463 28.6862 7.79064 3.74578 5.17866 9.15788 35.2252 0.0144498 6.95403
-45.5596 32.0114 7.91915 28.2233 12.5369 5.73835 18.8345 0.0759395 7.85469
30.2725 41.515 5.35126 14.8891 7.93246 10.8155 16.287 0.156327 9.05766
16.0166 13.3982 44.6304 21.6611 0.0877527 5.997 4.02581 0.0917737 9.95945
46.3128 3.89608 4.67203 28.7927 8.67554 12.8181 6.67635 0.00463666 4.18728
55.8592 14.0341 4.22581 11.4741 17.7949 23.646 5.19236 0.00806167 4.72151
49.552 12.1514 9.43085 49.5009 9.67254 38.6813 12.0164 0.0238872 9.16625
81.4064 3.52476 6.4215 13.0046 9.90096 25.9164 9.37859 0.0270736 5.30839
79.0994 11.4421 22.5743 1.05655 18.7861 12.1939 18.8855 0.0155033 5.90387
-27.6948 6.93134 24.6184 29.7043 25.915 6.90063 19.7233 0.0180313 7.44997
-31.0153 9.73847 24.944 26.7284 38.4628 12.5094 13.0082 0.0332963 8.56519
14.0858 28.0112 10.8955 24.2495 13.2771 29.8819 8.54279 0.0854599 8.52123
-8.90096 20.8832 10.0292 35.9988 6.84716 15.0087 21.5705 0.094325 8.30716
112.573 23.4558 21.3245 24.9793 16.5108 19.8413 15.1687 0.114267 11.9037
133.405 6.17754 6.2478 28.8814 0.423815 36.7097 10.213 0.00644099 7.15196
133.405 6.17754 8.49208 37.795 2.05586 33.009 7.2547 0.0568009 8.5739
142.447 18.9429 0.902803 25.9508 2.89044 29.7446 3.90753 0.0618373 9.13841
12.0998 5.21075 2.01605 28.0165 11.4403 17.9221 9.58531 0.0907643 7.62083
50.0768 4.19108 43.5005 30.7591 7.23261 24.0387 33.7167 0.0169499 10.4896
113.249 3.55424 17.1806 12.0899 16.7657 13.6156 6.65726 0.0850663 5.99438
57.8505 19.1788 14.7462 13.5996 21.9881 16.3271 15.1198 0.096033 7.56132
82.4442 10.9553 18.1907 10.1417 21.9366 9.6694 15.0164 0.0728245 6.36774
-42.1552 17.6973 23.3985 10.6989 13.8855 8.12082 13.5194 0.115692 7.29386
-23.3771 27.6275 35.1473 4.67212 11.5544 35.8788 11.2472 0.0444379 9.09526
116.616 9.6493 22.5319 7.68035 14.389 38.4078 31.3059 0.00309985 7.89941
112.801 6.06045 15.3179 11.1275 2.41624 28.9749 7.08339 0.0540909 6.18219
113.002 4.44574 31.4188 20.8016 17.1053 5.30737 3.61303 0.00184279 5.44749
151.94 4.78014 1.48498 12.3384 13.2095 29.5868 18.0342 0.000758707 5.27607
41.683 4.84001 22.6756 23.9621 44.914 26.912 8.45061 0.110323 10.6406
-27.2505 21.473 11.0194 40.5827 6.34668 11.6928 8.66439 0.0203973 6.34838
2.79458 7.52526 9.59318 21.9183 14.3866 9.93601 17.9538 0.0998626 7.08281
62.507 7.27028 27.8115 3.70102 22.7177 0.956581 13.8107 0.137873 7.80733
-45.752 23.9993 19.5422 2.59466 28.8129 26.4737 3.02336 0.0242303 7.67556
-70.7749 22.7338 3.73206 17.5364 14.8151 4.99895 7.15957 0.0865008 7.7947
-70.7749 19.4237 4.35495 38.5074 14.9718 18.1449 10.087 0.095616 9.26229
82.9129 0.277926 14.6136 15.3837 9.12459 15.9727 3.91181 0.0409763 5.86964
197.507 3.60925 15.4711 19.0878 1.89627 23.3619 4.69491 0.0100384 6.87547
133.391 10.2843 20.5739 12.2518 1.22044 43.004 4.16183 0.037697 8.48051
28.2118 6.76096 34.9234 19.1938 22.8395 17.4268 7.42247 0.0115874 6.48592
56.3886 3.66015 2.76429 32.6322 15.7764 4.52289 11.932 0.112639 7.0938
27.4051 21.0681 9.58608 24.762 5.63506 28.7688 22.0201 0.0267719 7.27185
3.20303 11.5376 3.51736 44.7886 3.52524 10.1511 15.795 0.0618114 7.47048
-14.2557 8.83912 21.4709 33.0732 23.7638 24.4116 20.5309 0.0348405 8.8424
98.7836 7.07925 18.9356 5.2848 3.92055 20.2468 6.72188 0.198564 7.32128
9.50885 14.0299 13.7418 7.56729 12.4557 24.3 10.0224 0.0789043 6.62583
-54.8548 11.2172 37.7355 10.1763 2.84079 32.6529 11.2171 0.0522509 8.49544
-19.6992 39.5686 7.14881 0.673476 12.1948 30.039 8.53138 0.0990656 9.35265
-14.5294 26.0496 0.584682 7.50638 21.9953 16.0282 8.91557 0.00546851 6.06602
38.1617 10.7106 33.4698 8.60143 1.93506 19.0084 7.16214 0.0635054 6.59122
62.0326 3.9055 34.7215 8.38459 1.87652 4.97608 10.6317 0.0497541 5.76624
102.361 2.10318 4.12903 5.44038 7.32529 16.2091 12.8245 0.135366 6.76886
158.868 0.891615 7.00357 5.01482 28.6071 25.92 2.71286 0.262537 10.084
166.163 2.82911 11.6287 13.1997 33.4713 11.2627 12.6538 0.204662 9.68373
112.668 2.9149 11.6669 1.28076 4.51632 7.24216 18.2177 0.023273 4.99232
-4.77137 17.4214 9.76632 20.6343 2.87774 17.491 5.36246 0.0317036 5.49244
73.5833 7.47035 3.82846 14.5894 13.1667 17.1621 3.91016 0.0168292 4.39541
133.681 7.66278 49.1986 25.4325 3.54987 12.6368 12.9782 0.0421064 12.4454
38.9068 7.51004 28.4861 12.499 5.26331 27.2942 27.3098 0.0296963 7.27327
26.6814 0.649673 26.1111 25.4251 2.98323 44.3111 11.9463 0.0816332 9.95096
-23.4835 32.5159 16.7214 19.9918 9.83995 34.5578 3.52491 0.0955369 9.13082
-30.78 27.7592 24.273 29.4227 2.45863 34.4033 9.30914 0.0247383 8.82672
-1.36621 21.4145 14.527 6.2919 13.0728 18.31 20.9947 0.0151153 5.7699
5.40976 28.8567 4.50418 11.0592 12.4493 10.613 4.87407 0.0151153 4.73641
110.249 24.0042 4.12982 3.01771 14.2766 8.0167 4.87407 0.0197836 5.39824
-44.474 26.1655 11.2504 29.685 13.3907 39.6389 3.74478 0.00235868 7.20518
-35.6782 27.0386 14.5454 28.2676 11.1104 66.5106 10.8204 0.104074 12.3554
-31.1715 29.1936 13.3967 10.1065 4.77969 4.0882 9.81517 0.0333258 5.33411
-28.8057 30.7002 16.5063 10.887 11.6927 2.15459 8.25117 0.00181105 4.18301
43.3223 20.558 18.721 25.387 9.6142 9.11826 25.4434 0.0463412 7.55209
57.6478 11.459 18.1348 18.1534 4.08923 9.30861 2.75705 0.288605 7.97041
10.5761 8.45927 4.12093 29.5889 24.8575 5.59057 18.3084 0.362986 10.4486
86.0642 8.94697 3.95557 57.2071 4.12542 9.40345 19.1108 0.12867 9.83119
127.839 16.3306 3.41526 18.209 7.90281 16.0935 60.385 0.0499701 10.3877
113.526 7.91574 12.2882 38.4968 12.8602 23.0238 2.94789 0.023765 7.4076
91.353 18.8524 11.5293 4.24883 11.5083 13.5283 1.735 0.0384219 5.421
164.442 4.21942 12.3493 3.20466 3.46744 13.1534 6.14201 0.0145834 4.41851
121.663 7.17557 5.37064 16.2986 35.9692 1.58163 6.30475 0.00233645 4.87176
141.286 5.38642 3.62557 29.7915 21.721 3.15756 8.19541 0.00233645 4.84318
141.286 10.4892 4.16839 16.1014 19.3521 4.74228 5.49694 0.00233645 3.88937
49.2758 17.8795 3.9745 16.0665 25.2792 21.9593 1.67325 0.0950025 7.596
-29.4251 28.9344 12.6152 22.7181 13.5458 23.2829 12.808 0.235828 9.94698
-62.076 21.9232 5.01436 42.9191 14.5275 2.13717 24.4385 0.0889334 9.63141
-2.94512 24.9242 13.4697 32.5223 7.24127 14.5889 18.8179 0.43927 11.8923
64.6201 12.8335 0.658941 11.2738 3.73801 17.6574 37.3361 0.0772122 8.6603
104.482 12.5385 28.0327 9.52391 8.86199 22.6918 5.13866 0.0689379 7.46111
97.7236 1.7725 11.1186 23.8484 11.3678 22.261 5.54326 0.0421947 5.9253
10.6473 14.7776 10.5074 13.9846 6.96573 27.6295 4.2455 0.011595 5.06608
-41.6422 25.3816 6.43107 13.8012 29.3999 33.2657 4.91033 0.0983817 9.41618
71.5005 3.35571 4.73051 17.4547 28.1475 7.85264 7.19879 0.104865 6.6278
168.532 1.25396 1.95666 22.9848 32.6785 2.74576 4.69599 0.106984 8.59252
36.7881 9.59912 11.3203 15.5964 9.69912 2.11435 11.5496 0.442386 9.44099
25.0115 0.858862 24.5045 4.70753 15.3323 12.1761 22.4401 0.3312 10.2648
20.6755 13.3386 38.1154 1.44924 15.5904 16.2595 26.4332 0.885074 20.2676
-26.0942 26.4344 43.7516 16.609 16.3412 6.52397 21.8644 0.0219851 9.2907
-73.4321 23.3864 18.5895 10.7346 34.0749 10.5755 21.3439 0.0219851 7.98332
15.7673 8.16302 18.0688 4.34835 28.224 6.05245 21.1543 0.00184069 4.92627
49.8223 11.5218 31.478 7.49299 24.1599 5.53186 19.2579 0.0296966 6.64541
-12.2882 7.02001 19.3734 11.5452 9.88013 21.4025 16.1823 0.0292749 6.35197
12.3088 13.6562 19.4104 13.4064 7.60807 16.1194 15.8449 0.001443 3.93585
-29.5627 17.3274 25.526 11.2723 19.8121 24.3044 5.67961 0.0190995 6.41487
20.8718 20.2564 22.9205 1.72068 36.4485 9.60286 1.25289 0.00168223 5.91012
-5.43786 15.3647 18.4457 11.583 1.45986 17.5847 17.8752 0.00168223 4.71073
91.1919 0.990704 51.1359 8.5811 31.8314 6.16721 15.1942 0.0289242 10.1422
76.0232 3.987 4.2132 21.0285 42.2397 14.3421 8.18998 0.0197139 6.7186
63.5538 3.9931 17.3721 2.55118 4.72746 14.4888 3.10623 0.0453635 5.12798
93.2858 5.57134 43.8333 2.17085 14.3036 10.8281 11.8996 9.89843e-05 5.22918
3.50215 4.89805 6.19637 19.9218 8.0429 3.8486 15.1597 9.89843e-05 3.79936
-1.5004 1.24504 42.5249 49.0223 8.35927 4.88759 3.49105 9.89843e-05 7.73203
-50.4711 4.91219 4.13599 83.7809 0.338377 4.70917 2.21967 9.89843e-05 9.76121
37.1329 17.5876 5.04881 58.9638 4.18313 10.8191 5.4495 0.00971967 7.33545
52.4195 15.0182 33.1511 17.1092 6.79261 11.7984 6.16995 0.077775 7.2782
-42.5288 7.88092 33.5731 0.630322 24.9066 1.95989 10.1158 0.163796 9.59145
23.2328 26.8324 12.2397 11.6666 16.4184 1.74247 0.467298 0.263168 9.23658
59.0764 13.3498 16.0092 3.94017 21.2872 2.66955 26.4632 0.196813 8.51179
131.742 7.12401 11.7517 4.11505 2.24699 2.66955 26.4632 0.402182 10.0352
104.664 0.938714 20.0951 8.76904 3.39559 9.14099 24.8282 0.178624 8.0967
66.306 8.13114 1.98462 14.736 15.4481 22.4752 7.09782 0.0534704 6.10737
72.8417 6.82161 15.6448 35.2826 18.777 37.9201 8.66491 0.0469284 8.90681
179.703 3.52451 11.5085 21.9933 17.4751 36.9674 3.28152 0.0412426 8.82837
106.023 9.69005 0.978716 23.6268 6.62553 23.0236 3.44523 0.211847 8.46417
75.0661 4.11841 28.585 5.28858 7.19552 16.8438 8.94072 0.482182 10.4677
5.68012 9.77854 27.1398 3.72901 23.309 17.9378 12.8514 0.143934 8.15947
62.584 2.76396 29.5033 6.4831 28.894 3.22978 10.3825 0.0912395 7.17725
160.669 8.20203 4.49776 7.04067 0.774673 14.5333 11.7147 0.052325 6.11388
155.835 8.95124 5.38498 11.9021 26.1289 4.74361 8.51207 0.0912312 6.82125
138.071 17.0474 6.94402 3.57225 24.2155 5.93047 25.1605 0.00828772 6.36281
153.583 13.0281 5.29603 1.1221 20.5532 6.02706 1.94129 0.00828772 5.20535
84.3018 9.57628 18.3754 15.9035 25.3671 25.477 15.2701 0.00199411 5.77988
-10.3232 9.54297 19.7782 7.80616 0.0353352 2.39055 9.33086 0.0218892 6.96496
-37.8709 17.9964 19.6779 5.66961 14.9181 15.3366 13.4581 0.0128392 5.57124
67.2106 13.7742 17.9556 25.6046 4.9213 23.6273 32.9667 0.00365275 6.93932
77.1807 5.77855 15.2937 16.2663 37.4036 6.5663 35.1889 0.0184011 7.72626
99.7381 8.08448 12.9 9.68266 10.7061 4.89827 21.3572 0.00533492 3.82451
-15.8877 3.59203 31.688 15.1481 4.4043 8.1163 3.84452 0.0155624 5.15993
130.322 5.68674 10.3336 4.79236 4.86257 7.79245 4.82068 0.00479236 2.94403
-32.7149 10.3585 4.16068 33.2088 9.37616 4.18484 17.14 0.0211873 6.66586
2.70886 3.71786 13.0353 26.0116 14.0935 11.0141 34.1118 0.162361 9.4558
35.9449 6.67364 22.5116 14.5928 0.716357 44.5612 18.0365 0.0104879 7.71291
82.2452 9.19714 12.7085 8.41182 18.3224 6.81838 10.0665 0.0720052 5.25175
-62.1556 4.76319 22.3937 9.88399 19.4865 1.76251 30.4705 0.0812875 9.84451
23.1901 15.211 18.3468 11.6494 8.48812 12.6274 9.34804 0.119806 6.25388
8.41642 10.9308 38.585 11.9803 1.48847 21.5982 1.71752 0.0142363 6.36585
159.258 5.87639 17.1445 9.00383 29.0114 18.6612 2.79368 0.00198896 5.74301
238.492 5.08599 18.6453 2.58618 20.3134 9.28108 5.31835 0.00198896 7.30156
118.963 1.60164 11.6338 8.63518 3.09999 12.2384 9.04144 0.0348116 4.67692
50.4551 10.228 9.42576 6.45532 7.62324 10.9888 29.3422 0.00978478 4.98533
67.4205 21.2057 27.9912 0.442895 35.8358 10.8083 14.1554 0.0242611 9.15668
-43.7453 14.7858 17.2 4.95423 49.5153 20.5551 22.1305 0.00350656 8.48952
69.7127 10.2313 24.9069 8.69608 32.8917 17.2251 26.7651 0.0210413 7.81574
100.114 2.02632 21.1141 1.67039 44.4596 20.9955 26.9946 0.0210413 9.04713
258.751 2.48642 8.08275 23.9156 10.3627 40.0747 17.8881 0.0636181 12.7458
-28.4662 2.96592 8.51611 23.9829 14.1859 14.0027 56.2656 0.00810616 10.1743
79.0835 15.364 7.73436 25.5724 14.0551 2.38361 2.7443 0.0231729 5.12088
-72.4707 17.7114 7.29936 24.4103 40.9183 13.0471 6.16748 0.0352235 8.78755
151.942 12.7912 21.8568 22.3124 31.8599 13.5577 18.0623 0.0130417 10.1506
96.5069 10.4828 25.559 2.76944 18.4772 11.038 16.7681 0.0018339 4.78313
17.2012 10.1181 24.6202 19.0086 5.93322 7.00837 8.35064 0.0932275 6.0133
56.087 11.0063 32.1838 14.4709 18.6379 14.2774 4.06914 0.00417296 5.30452
84.5533 19.1365 19.2771 11.4825 16.3823 5.87346 10.9105 0.0333238 5.99087
97.557 2.0145 29.0753 28.1322 2.37364 2.65235 30.9095 0.0104001 7.43458
124.593 9.07337 18.9856 34.157 12.5748 7.22295 27.2632 0.0079089 7.77799
-9.22987 25.7827 23.2418 8.56172 9.54319 26.7853 27.4145 0.0331092 8.0193
-28.2642 29.425 15.2531 23.7194 46.043 35.1218 8.197 0.0433899 11.3488
-39.3628 23.9382 4.14536 21.0384 34.2564 19.2166 0.648143 0.0434532 8.66513
-49.2445 3.70953 31.5673 6.33482 38.0678 0.960748 18.0325 0.000926586 7.44497
-42.5212 27.6215 22.7176 7.12827 31.3633 11.4137 24.6884 0.00241879 6.85687
28.5728 19.0495 1.66978 9.21946 8.00413 18.4701 21.9009 0.0639639 7.12683
110.449 1.39256 1.4482 3.71669 49.0489 6.1217 17.79 0.082785 8.96004
82.4797 6.10126 11.3826 5.01791 55.7098 10.2037 50.0646 0.0756918 11.4741
182.288 1.63543 13.7782 6.41428 41.3283 11.9355 33.4309 0.000928512 8.05095
-44.5905 10.955 28.7579 6.82096 13.5107 4.03691 3.27297 0.000928512 4.13352
-21.9719 15.3506 51.5934 5.15914 12.5856 17.786 9.09663 0.0176649 7.51926
-20.5199 26.6042 1.19279 6.06227 0.178604 7.664 24.0285 0.0139007 7.82592
21.057 29.1623 2.85894 22.6117 5.7951 2.83513 39.9295 0.019773 7.71208
-15.161 15.9938 9.89564 33.9553 11.7329 5.88927 17.1333 0.0077529 5.43581
21.1061 16.0844 26.7705 19.3734 4.36802 20.0806 6.10758 0.0309166 6.12072
-29.1245 16.0938 14.56 30.1204 19.1385 22.5957 22.5309 0.00141716 6.62607
11.2145 14.3333 25.3429 15.2262 3.15464 10.8389 16.5122 0.0422839 5.88699
-43.7177 18.6943 8.97662 27.0308 10.627 12.0286 3.13489 0.208502 8.58317
58.1986 23.4386 13.2625 3.8398 14.1861 18.2622 8.84342 0.334985 9.4102
28.765 17.2045 4.79651 0.348467 4.15256 14.7382 8.84342 0.37063 10.5899
73.7238 13.4147 1.77543 11.3818 36.6667 9.33762 3.37814 0.307868 9.51515
116.199 4.98919 11.4394 8.326 26.9168 9.93554 13.9109 0.261285 8.42589
71.3888 6.23688 22.7842 8.55252 13.052 30.9392 27.9554 0.270288 10.5042
23.2545 14.2193 22.8621 23.346 16.6705 6.5747 5.35423 0.139718 7.408
-55.8293 5.40585 22.736 21.6838 0.304132 14.9053 18.1962 0.281927 11.5656
45.5037 3.39215 32.3427 11.2875 6.92946 12.6637 2.19395 0.0110702 4.58351
19.6026 17.6856 5.88267 7.9048 10.6756 23.5676 2.14664 0.0013706 4.11486
214.329 3.85359 8.13493 5.7862 27.1725 1.97378 4.85411 0.0249685 6.74848
83.9906 35.2315 13.0355 8.99325 7.59831 15.1699 18.7772 0.00108246 6.91543
125.018 1.95752 0.672366 14.8149 2.81151 31.7019 5.78976 0.00100053 5.24811
74.9063 17.5473 19.9692 11.932 14.4856 11.7966 44.7592 0.00320064 7.17811
35.5594 28.289 7.19076 6.58017 16.7225 48.9704 41.3489 0.00487769 9.90928
31.2068 11.5012 19.4795 12.5282 8.63192 0.111293 28.6288 0.0156555 6.69721
9.81825 4.00164 12.9764 36.2945 18.7423 0.188039 7.5148 0.102975 8.56609
-17.5276 43.7518 17.9053 2.23906 8.85458 11.051 4.73183 0.00345183 5.95018
-9.49293 10.1145 12.4956 40.5789 19.3494 13.5059 25.3555 0.0336429 8.21399
25.63 30.9049 6.32169 40.0839 5.42849 14.431 4.39499 0.285116 10.7373
-2.16779 18.1208 35.9171 4.51576 4.43611 20.7674 2.95629 0.216919 9.03629
59.4558 47.774 18.0235 24.0473 7.07505 5.80047 3.74466 0.000107047 10.0676
-44.4645 13.6824 18.311 27.637 32.6402 15.2458 5.08898 0.0166501 7.34988
-44.4745 7.23303 31.0626 9.49263 18.2798 14.3139 1.71028 0.138592 8.32783
89.1237 3.87318 14.7444 13.9392 7.70457 11.4386 22.3099 0.0337642 5.25534
208.66 3.18571 16.368 3.54617 19.3412 4.92905 10.6194 0.0354399 6.99342
24.7676 9.16091 9.86469 4.45183 49.8426 8.24204 4.94004 0.00595187 5.99182
-3.03825 9.48476 7.92024 29.693 9.0772 8.37674 22.0098 0.039986 6.5157
99.3445 10.8881 9.7941 10.4342 4.73956 11.1009 27.8767 0.0271987 5.45127
47.7461 4.49519 26.087 9.94145 4.02069 3.61243 10.9871 0.128545 6.24766
75.9238 13.9853 5.10593 4.00342 29.8053 2.90238 28.8486 0.076271 7.67384
3.29515 23.1924 21.9158 31.4267 15.9235 4.49202 8.50073 0.131684 8.75415
122.317 10.804 5.17354 32.2743 10.0971 46.1656 3.59061 0.20662 11.2523
179.223 11.023 6.46829 29.1004 22.9461 19.1085 9.20968 0.222982 11.903
14.1497 10.308 31.0223 5.96115 10.4469 0.969476 33.1111 0.232321 9.88483
42.4281 2.13321 16.9412 8.3405 21.9584 23.9843 40.157 0.0203313 8.32008
-27.561 23.7393 34.3163 16.4798 24.2684 9.32175 81.0961 0.000497815 12.0679
26.5293 21.7784 4.99365 10.7533 14.6398 11.6386 2.47127 0.209291 7.56512
74.2745 11.1467 28.8952 10.827 13.4449 6.07405 27.237 0.164109 8.75661
55.7607 15.4056 10.4561 15.3343 18.2024 9.26913 22.025 0.229443 8.4133
96.2538 11.0895 22.2582 12.2556 14.4074 16.7393 35.4539 0.28421 11.0886
22.5884 3.39569 26.775 18.2388 10.021 19.1707 10.225 0.043704 6.18624
140.584 26.4429 2.58004 13.2947 22.9841 11.0636 28.59 0.142259 11.1379
89.911 6.73323 21.0984 29.1543 15.9966 19.6235 15.8549 0.0222378 7.10239
49.4331 17.0358 35.9178 28.3711 13.2232 6.00436 5.11943 0.0216141 8.21054
-47.8476 18.4232 23.9987 5.30179 18.7465 17.0008 1.63506 0.0668297 7.32498
20.898 11.6457 11.4062 25.5861 19.3246 4.69657 12.3541 0.0730375 6.31597
18.3966 3.82383 10.5803 35.7914 16.8746 18.8196 2.49081 0.14598 8.35627
46.928 1.88596 13.5466 34.2776 16.8251 17.2465 8.64744 0.140023 8.18413
94.2129 4.03783 14.3359 5.39608 50.9308 5.16204 20.2288 0.301351 11.0657
56.251 6.42087 18.3862 12.4367 19.95 3.64522 11.6156 0.177429 7.0188
60.3119 2.27038 19.8534 13.3334 2.61323 6.64526 16.4011 0.0780603 5.95622
83.096 14.6981 22.3814 11.2605 5.36281 14.1621 1.02359 0.0263107 5.55374
-41.3033 10.6688 22.6742 11.5026 16.6499 5.06596 1.23223 0.0111584 5.35454
-5.87234 30.4993 1.09927 17.0889 8.51341 13.1813 42.808 0.148002 10.6362
1.14029 29.5142 0.94846 8.17712 14.9392 31.6979 43.3721 0.0872784 11.295
-52.6358 34.8262 1.15758 12.1572 17.3544 70.1789 10.1578 0.0185974 11.4465
-22.5862 11.0971 36.952 0.583134 4.23773 14.5897 20.3888 0.0462373 7.84351
81.5416 16.6156 19.2935 10.9823 9.33276 11.717 5.34102 0.123625 6.65509
111.724 12.9172 6.35903 18.6496 3.51566 2.70116 3.56422 0.0163805 4.19166
47.3656 7.92308 7.12087 6.69498 6.97123 18.8256 4.48088 0.0164252 4.43048
71.0706 4.8301 22.4794 13.2741 4.61624 4.97614 4.23308 0.00567937 3.2505
79.1209 24.1346 21.8832 13.0891 8.98667 5.12543 2.34514 0.00411234 5.39633
9.28775 19.6093 20.6491 14.489 16.6927 23.2026 31.9626 0.00219287 6.67126
38.6281 29.8873 5.50884 8.34609 5.00576 15.6715 14.8244 0.00028693 4.0153
98.104 20.0578 6.76188 3.1073 11.385 12.0373 6.30304 0.00028693 3.21374
126.814 25.6386 5.58473 9.84655 18.3745 11.8682 13.8879 0.00028693 5.51199
-17.7425 26.9912 5.58473 2.74873 5.21338 7.05818 34.3961 0.108711 8.85514
-23.8508 15.5212 9.2413 4.08247 3.81774 3.96652 52.0883 0.00445558 7.93972
142.834 13.4762 4.88476 4.09314 23.5016 2.41757 25.1337 0.035912 6.90997
180.903 7.31009 4.01586 15.4532 14.9965 16.0817 17.7189 0.0161863 6.18739
33.7071 22.7563 9.13832 12.2351 15.1987 7.96905 4.03075 0.0360272 4.96658
-0.0413337 12.8498 15.7882 8.43767 19.9058 16.3048 2.36176 0.13719 7.25679
-47.8814 36.5425 8.91459 23.439 26.3718 37.947 2.98126 0.0888551 10.6376
7.91794 14.9935 12.2612 28.1164 37.3619 55.2645 12.3355 0.0672041 11.9727
-56.4497 13.5519 1.05773 24.7627 2.37986 6.31621 23.0653 0.0265299 8.60497
59.4946 10.2565 33.4367 12.5367 10.5483 18.6128 23.0336 0.000568551 5.45152
-10.3179 7.05968 8.76935 19.1997 10.6503 1.30608 22.2291 0.010925 5.96372
-9.87115 7.80948 38.0611 15.4553 9.06192 6.59504 54.0741 5.64767e-05 7.25146
83.4196 11.8752 33.463 2.95938 26.4539 13.2128 19.0394 2.1201e-05 5.6819
-6.27931 6.39904 10.3121 40.8618 0.389784 42.0172 41.2276 0.00469978 10.9413
14.2969 17.7928 5.30099 16.4849 9.3792 50.9947 7.44993 0.0176092 7.55586
-26.0264 30.8032 25.3072 5.03737 8.61532 11.6631 28.723 0.0308164 7.50195
-55.9186 35.2094 35.9588 13.3466 6.47559 22.4159 13.399 0.0335413 8.87326
-24.8049 16.4145 17.8881 11.3216 6.8638 64.9624 13.399 0.0815087 10.6766
25.7863 18.495 10.1119 3.20359 57.6076 20.7459 10.3878 0.0598918 9.44215
-48.0441 21.8239 10.084 16.7185 22.219 28.9966 18.0924 0.180331 10.3238
-56.2321 22.911 13.5584 18.1711 3.00091 50.2924 19.7375 0.0450892 9.99489
7.69205 36.098 14.3527 7.59478 14.1164 32.5211 23.513 0.0281729 8.82097
17.2259 25.446 20.0928 16.8481 2.50885 7.17399 25.7647 0.124257 8.37025
-34.4923 36.6242 4.49772 8.73285 18.0326 21.6076 7.5381 0.0633061 7.56403
-67.5658 19.0644 32.2148 7.41766 48.5514 9.38423 8.38752 0.180598 11.0353
-74.6201 14.7813 1.71324 10.9414 40.3822 9.39456 10.6474 0.0652542 10.2737
76.6189 16.4239 6.68837 15.3988 15.7369 44.5957 9.31293 0.035417 7.67684
73.7737 14.0977 19.4103 15.8626 16.9277 6.96404 4.2908 0.0335569 5.33573
18.765 39.665 3.64463 16.0166 10.4941 6.05934 2.31055 0.043062 6.75818
-30.7351 16.0035 24.9958 16.2145 19.4495 19.0701 44.6129 0.033774 9.43268
89.3976 16.9328 19.2025 15.9698 5.90463 6.24156 10.0146 0.0290637 5.41429
68.2228 2.81047 31.2115 16.8413 14.1339 6.3711 8.57486 0.0280885 5.51196
84.5288 12.0318 12.8892 17.1088 21.3415 8.96917 27.4873 0.0368881 6.69682
40.4387 11.9742 22.0949 27.2032 6.97454 17.0302 14.6747 0.000283097 4.42229
132.984 20.4766 3.82469 15.112 19.4583 9.16492 5.02197 0.000612375 4.79105
-14.3514 23.0779 0.195314 3.92123 8.4397 8.76397 0.718484 0.0115286 6.80865
-46.1212 54.1902 8.68397 17.2908 5.70245 14.9939 17.8428 0.00608695 7.87889
-51.8576 42.3213 12.0784 40.0166 3.5991 5.25857 35.6746 0.00861184 9.67551
-29.3838 42.565 10.1176 25.3856 22.2358 19.615 29.0957 0.00440424 9.24477
12.8555 30.6586 5.60624 4.59867 10.0532 12.3771 6.81261 0.0168824 4.94058
-72.1935 37.3571 4.62369 35.085 17.3437 2.9119 11.1511 0.0283741 7.76394
146.504 18.8991 12.6222 43.6709 30.5782 20.8472 8.94783 0.0024882 12.222
48.2091 17.6375 17.178 10.9383 17.0617 13.1445 9.43523 0.000598756 3.56869
55.1342 14.3731 13.6457 14.1126 12.0785 18.949 12.9845 0.00239558 3.99949
23.2044 5.13177 1.53756 11.5144 16.6021 8.92361 10.1805 0.0997562 7.23784
22.146 10.6611 17.1127 4.45888 41.1784 9.46332 25.9003 0.0566026 8.16981
-44.4825 18.9102 8.13319 41.0482 29.9488 15.4779 5.19978 0.155773 10.2416
105.148 6.53689 13.6636 19.0297 2.11574 0.0743726 35.2137 0.0347919 8.20333
88.0003 13.2528 9.14886 27.8977 32.6097 1.74215 14.5208 0.0344452 7.58066
125.22 10.1096 4.9586 8.10613 8.14665 11.5355 27.1727 0.00462747 4.56936
126.159 9.88331 4.16222 9.72139 10.994 2.76715 25.0042 0.0913462 6.56003
77.2334 11.4131 4.95741 4.37781 5.4305 7.6086 58.8403 0.00847665 7.47467
75.6054 25.0975 13.1046 21.2957 8.36092 0.863502 37.5627 0.0661568 9.52312
78.7349 12.3668 13.9599 10.477 44.5421 3.80778 19.5776 0.0166534 7.02792
51.4879 7.77868 14.3654 5.41733 39.4845 26.558 37.5026 0.0436382 9.64602
-30.4482 19.9953 31.676 11.5372 17.687 19.5859 25.3119 0.0822202 8.987
-56.2247 12.1553 14.0644 14.9181 44.3339 1.43515 4.88561 0.0845549 9.14072
-12.946 3.84069 23.5657 31.0715 6.97515 2.70022 22.8306 0.122511 8.44618
-46.5691 8.14251 60.7464 14.5429 9.62396 10.1431 50.6133 0.142506 13.3175
48.8616 11.1711 49.0551 5.23928 27.0155 12.5315 11.6642 0.222011 11.6627
-27.3094 29.8251 30.5974 4.8675 11.609 13.2678 20.2644 0.000817079 5.7574
-74.6231 26.2908 36.8718 6.87108 24.9756 22.0698 11.405 0.000847364 6.99319
-53.4956 31.4699 20.3787 37.9685 13.0743 7.14482 7.61005 0.0676788 8.76318
-35.7402 11.444 15.57 37.736 12.4954 9.6382 15.7453 0.248609 9.73568
68.5698 12.5496 8.3335 0.461043 24.9411 6.60768 5.0757 0.0141885 5.15524
-28.7379 12.0802 32.7377 28.1765 14.8373 5.88359 5.63841 0.0141885 6.17117
43.3309 8.09245 35.6708 13.668 3.88355 4.63315 25.9954 0.0254094 6.43504
78.3751 14.47 10.6316 7.66758 9.88404 8.47169 26.1828 0.0680731 6.16857
92.0475 15.5014 4.70762 2.69463 25.6619 10.3255 22.8902 0.00397692 5.28616
47.8953 10.2561 6.94523 2.46343 7.7349 24.0861 58.5447 0.0223136 9.40681
19.2647 20.5482 14.5879 13.0605 18.5088 4.35481 1.8678 0.0683353 5.95004
5.45595 20.9958 30.9804 13.7953 2.39074 6.97658 4.87939 0.125106 7.39697
78.7057 10.4649 16.9249 5.63932 0.83587 14.6961 41.7707 0.00695591 6.67858
97.6774 5.00824 17.6366 5.20405 14.4923 20.7723 63.8825 0.00297677 8.41201
11.0921 4.58076 16.333 13.8496 16.4851 16.3391 30.9642 0.0102496 6.48924
31.2152 9.5984 5.25219 14.2314 12.0425 2.72327 6.59857 0.0122302 3.97907
85.9214 4.43528 9.45873 13.8063 14.1216 6.54454 11.385 0.0659406 5.03653
97.5597 4.67481 8.06681 25.1444 6.55474 2.15713 24.9801 0.015764 5.20834
19.9136 3.77963 21.537 20.1585 10.8368 28.7009 24.6916 0.0170845 7.13461
58.5585 19.8081 14.0651 8.35423 12.519 12.7916 3.44286 0.000925933 3.31
57.6213 10.444 1.50001 15.9355 33.9599 0.852069 14.188 0.00365974 5.70514
71.4618 7.12151 4.58595 23.334 21.9654 9.28376 16.0614 0.0886782 6.68462
210.488 5.65106 2.82935 3.43756 8.80493 2.83729 7.03008 0.0182207 5.26102
114.065 5.65106 4.09637 13.0964 34.4418 4.56694 3.53687 0.00455039 4.49014
161.694 11.4622 3.83885 4.59661 8.0323 40.9712 34.2924 0.00505247 8.22008
33.3077 14.407 8.89866 25.1467 8.0104 15.4671 46.6686 0.0138649 7.56712
-17.1292 24.8583 2.85676 55.7229 31.4879 32.1294 19.0332 0.106746 13.8484
-18.0548 32.2417 2.43186 4.5229 23.8815 26.7283 0.0651774 0.0973225 10.419
-13.3327 11.1988 46.2998 13.1384 3.67804 39.0981 27.0237 0.00267642 8.79135
111.592 6.3341 2.23282 15.2466 78.5249 23.9793 22.4916 0.00589117 11.4218
86.5789 7.15195 8.6098 1.36459 20.9931 39.2774 7.99459 0.0540172 7.69128
108.565 5.06672 18.5648 35.6487 21.1093 50.8618 39.3023 0.000245975 11.109
16.0883 4.06472 20.7323 6.46375 40.8275 6.22797 11.043 0.0681043 7.44922
62.9846 3.26197 36.2749 5.71922 20.5011 22.1615 3.0209 0.0569863 7.35745
20.6557 21.9101 12.0266 15.8741 4.13049 17.2277 11.1535 0.0419608 5.67682
165.832 22.8627 0.0432819 16.8439 13.5589 21.9963 1.18868 0.00144473 9.20675
29.5056 19.8422 12.4329 11.2183 6.16896 6.28077 0.272979 0.00996004 4.57089
66.7614 22.9715 4.56145 17.4918 8.30157 22.5768 4.56988 0.0550748 6.4025
66.258 26.8701 9.45331 15.9824 38.2732 17.8955 31.0734 0.212132 12.5972
78.4285 6.54368 8.01018 28.7673 3.75747 22.0652 19.4043 0.00409932 5.11186
118.361 24.7167 18.1042 25.4351 1.67813 29.2985 40.7245 0.0556737 13.2911
165.052 12.8701 7.58415 22.4847 1.21429 19.8865 34.3641 0.118832 10.6556
-0.166472 6.59621 19.6476 42.1612 4.43113 34.3551 18.9632 0.151781 10.7013
35.4903 4.23882 31.5365 24.5354 1.20497 11.1024 24.894 0.203017 9.72026
-55.2344 12.0148 28.8438 34.5031 12.1275 9.98545 15.1263 0.17775 9.67066
-8.31585 24.154 6.83848 45.3461 7.95055 10.1428 19.2232 0.0426313 7.98288
119.843 15.1867 3.44072 10.9264 14.643 13.0895 25.8869 0.0251936 6.23305
149.182 14.6899 15.8017 16.7456 11.4351 12.9551 20.3316 0.0111027 6.97365
87.8577 13.1175 4.95916 6.23444 24.2905 10.4689 28.1639 0.0194637 6.07509
61.4003 4.39265 11.0928 8.20072 2.36743 10.0925 66.8522 0.00290546 8.007
-14.9516 8.66212 17.5659 8.67055 7.78594 8.96148 7.03581 0.363601 9.23506
90.6179 3.06533 25.0401 5.0071 5.5218 71.7296 0.387711 0.0263198 10.2968
23.208 17.6844 14.9961 8.39618 5.68415 32.154 2.03284 0.0379622 6.30887
-15.8398 14.1724 22.8617 3.82864 5.38921 37.0638 4.38197 0.0697637 7.83645
31.0948 8.5975 9.85874 11.3863 13.2193 43.6155 12.5193 0.247296 9.9286
115.855 14.2309 6.37494 14.9156 24.7041 31.5668 4.73487 0.0339661 7.33065
125.347 13.344 6.27464 11.5819 13.4834 15.605 44.9676 0.490086 13.3136
129.49 6.02466 4.04068 7.2746 26.0774 52.8553 10.9175 0.0700707 9.40667
108.454 1.24765 25.2281 11.4545 21.3679 16.48 17.5975 0.29512 10.4428
74.9714 8.49267 17.5577 8.88024 31.2937 23.4143 18.0626 0.25611 10.0667
-27.7653 1.36817 13.3828 11.0586 23.8591 9.5225 6.51483 0.0952718 8.43034
-27.7653 0.369107 12.7273 12.7713 25.7796 5.28551 6.10137 0.0516426 8.52656
60.9002 6.54157 15.8658 13.0696 41.5667 5.08239 8.36281 0.0196747 5.95336
34.3259 4.31231 2.5301 22.0707 40.1942 7.37493 1.48366 0.0177629 6.88674
53.5656 20.0143 26.8459 13.9491 31.1018 9.96235 2.92197 0.147831 9.62669
-26.8541 12.9771 25.5805 9.76852 9.19209 3.74249 4.26194 0.0509496 5.53657
59.2723 5.42709 27.4847 12.4455 1.13295 11.8702 14.9713 0.00632074 4.6426
15.2726 15.1531 19.089 9.87561 6.55817 6.00789 22.2145 0.00491215 4.25745
13.1505 8.214 3.75395 2.45381 24.5267 29.1601 3.52189 0.0225328 7.45607
-53.8157 32.3681 1.86092 8.31251 18.4934 14.1316 10.8713 0.186374 9.5342
65.0862 13.5991 2.18155 8.10241 53.5191 30.8284 44.9894 0.215887 14.3139
126.587 30.9302 7.30961 8.12491 19.0226 12.8028 9.37595 0.242153 10.5613
9.54872 27.5754 2.55624 20.6702 27.3374 5.54514 13.1727 0.0149488 6.29301
93.6071 36.6876 5.78478 21.0274 12.0755 5.22425 10.0147 0.0149488 8.14305
-13.3172 10.2049 5.27917 37.1673 28.9574 10.7545 4.44717 0.0488645 7.67983
26.0145 7.82305 26.4338 39.6057 12.9683 12.2846 0.847148 0.00936528 6.8924
20.8153 4.76488 46.9007 16.0341 26.0191 16.5959 1.8833 0.0215215 8.26665
129.988 11.2441 5.08753 7.03183 37.3706 17.4532 20.099 0.0329263 7.58026
63.7669 3.38149 9.61318 16.0733 11.475 7.09492 20.4388 0.0464964 5.46343
120.01 9.44881 9.88496 20.1004 4.88448 9.04874 3.07944 0.0415554 4.91999
128.398 0.769618 14.9372 19.5908 3.24481 10.0355 4.3002 0.0274842 5.118
-67.6047 27.8721 8.80915 53.5777 5.22594 8.7406 16.1165 0.00573845 7.6905
61.2163 13.7524 14.8981 8.56718 25.9841 4.47873 1.73 0.0141766 4.69862
199.054 13.9675 24.1305 14.6973 6.33981 1.5008 16.0797 0.0598803 10.8406
66.1926 15.5846 14.8439 43.2489 26.9444 11.3058 8.73182 0.0519284 9.49879
79.5422 14.1856 16.4539 9.93883 0.69111 5.96312 10.3228 0.0675183 5.82021
84.0455 20.5208 0.681576 5.54461 10.6271 15.7672 27.2685 0.0943649 8.24285
116.659 0.933264 1.43548 14.8873 7.46323 3.21145 15.5689 0.0606119 6.13656
93.8065 5.38653 12.2088 15.5406 17.9064 10.6929 5.4341 0.0149546 4.08833
-15.9679 9.00987 25.5393 13.9711 0.482051 2.17144 7.79437 0.124812 7.59517
-43.9061 11.0849 24.4304 6.37067 4.55307 3.25401 19.8307 0.0387404 6.632
32.8987 1.78875 27.4836 4.9644 6.55799 12.9259 17.8923 0.0533811 6.33757
28.2059 4.76787 28.6705 31.6585 8.16753 2.79945 10.2462 0.0401967 6.40513
41.357 20.2695 4.25647 17.5187 5.39602 8.16005 2.50781 0.00271318 3.41245
41.5239 18.0238 3.74576 6.17267 24.7739 9.24396 13.0074 0.00271318 4.27722
92.5298 12.2208 2.99542 17.7995 6.81117 26.0811 37.0643 0.00466546 6.67642
49.6665 8.69535 15.6357 28.9323 9.51778 21.2306 18.0789 0.195901 8.80766
-53.2241 17.3946 14.0234 14.2319 7.82753 23.5436 21.2249 0.00117099 5.87954
-50.7771 8.2923 4.63187 18.4462 3.35478 35.8911 9.86079 0.0515697 9.71143
-33.8141 20.8081 13.8168 18.2549 72.0173 37.7391 15.7897 0.0631855 13.8885
20.2045 44.6347 2.95073 17.4753 9.6433 17.1694 12.0585 0.0752291 8.84541
32.8669 4.94628 14.6077 13.5832 15.415 22.8153 13.2571 0.00667357 4.95112
-23.2728 20.4258 9.60018 20.2922 5.27361 13.208 11.42 0.0425466 5.85905
-59.659 21.6665 5.34582 31.0871 3.95842 13.8632 26.3277 0.0969433 9.20893
-47.1464 9.34518 17.4213 44.1684 10.3957 1.24683 0.41597 0.128696 9.62421
-29.173 11.9834 20.1551 33.4594 1.34697 14.4597 9.7191 0.101049 7.98499
-54.2018 4.83431 23.0972 24.5468 13.647 24.746 9.24751 0.0545557 8.39475
-58.1895 19.0806 29.4035 13.9148 4.40442 31.247 8.8244 0.000280451 5.61739
-24.6708 28.4519 3.01576 26.1297 5.74182 17.2061 10.7423 0.000280451 4.60115
12.017 21.8055 15.2621 17.7781 2.81024 21.312 10.7258 0.000280451 4.08075
52.5706 29.7534 9.99897 6.11245 2.43816 32.5927 10.71 0.0162839 6.85453
13.6229 15.2732 12.128 13.0635 48.0818 23.9957 10.6763 0.0135689 7.75546
27.3464 25.1011 2.30142 39.7081 32.9305 17.0419 11.3504 0.0365672 9.56187
75.9332 10.8373 1.61595 16.6824 6.64848 30.5124 3.54799 0.0239832 5.8675
32.2676 10.4735 8.28988 28.8277 31.1763 41.4643 8.571 0.0922947 9.96791
75.1106 3.18202 18.9002 19.5992 2.99151 78.8339 14.8555 0.01981 10.5236
-16.8605 34.3757 11.9781 7.05032 3.9799 18.7261 3.46911 0.0176551 5.62932
-10.8492 27.9711 12.8917 16.7102 5.67586 4.72976 23.707 0.017401 5.78075
-13.3801 28.0988 9.05732 9.55612 10.4547 17.0595 6.02674 0.0825956 6.51426
37.533 22.9938 25.9274 8.55261 3.50015 23.0491 1.21943 0.00783586 6.00562
77.0998 15.6629 8.59715 3.19312 27.3801 18.7614 10.3168 0.023956 5.87569
114.171 9.72753 3.33846 6.60396 7.00689 15.7689 28.2625 0.00734983 5.11568
32.6472 16.1541 16.3143 5.54768 10.8698 2.83088 6.67881 0.0367061 4.56509
-67.2584 35.7742 11.819 7.56993 10.1401 43.326 13.013 0.0838025 9.79061
32.2681 26.3446 5.39022 14.5477 16.2321 10.7389 29.1035 0.00476389 5.81871
10.753 41.8521 3.26619 8.79978 25.8698 30.6043 40.7476 0.00862874 10.6171
-60.0879 44.2252 16.2953 9.29223 3.52226 19.2519 43.2602 0.0107202 9.20315
-60.0879 37.1827 3.28838 9.86969 33.7071 39.5595 6.15335 0.0478702 10.1119
148.516 1.04052 11.6755 3.64127 7.17961 9.89806 6.1062 0.0312403 4.7391
-15.6237 7.21999 46.6548 11.0988 1.15381 39.8189 8.71131 0.0565073 9.4969
135.302 2.50329 21.6262 13.6149 64.3584 43.9944 29.3963 0.0609512 15.4944
114.556 5.50251 12.4426 8.05742 24.6384 75.1371 76.2309 0.112481 17.5302
95.2759 5.79172 3.8688 29.8342 10.2449 15.4098 16.3062 0.0242945 5.61617
41.0928 6.18377 21.3543 27.527 18.9107 20.2026 25.4951 0.00329804 6.48634
-27.1785 15.8038 34.5179 12.7777 5.51838 11.075 31.7 0.0097074 6.74761
85.056 9.01994 16.4765 11.5383 29.3344 13.1292 18.6363 0.0817867 7.35464
21.0823 14.593 7.01281 14.4361 17.7419 5.88091 18.7844 0.0470523 5.78752
133.094 11.7508 12.9715 11.6314 18.0288 11.3112 20.6852 0.018456 5.98556
31.1514 17.6439 15.7721 15.4478 5.44405 8.40158 14.0075 0.0172567 4.49389
49.286 32.9253 1.9679 10.9935 12.8377 3.17046 12.3048 0.0172567 5.82206
-74.6041 33.0164 25.1932 11.6708 13.0578 5.09709 12.4364 0.0314994 6.68224
-45.8653 10.143 33.0381 5.75156 12.6645 4.91331 1.23837 0.0590276 6.7341
3.50867 15.0293 47.2723 6.61342 16.1992 23.7684 6.91518 0.156969 10.0827
41.8678 18.8802 7.99442 33.6635 20.5462 17.0897 18.8603 0.115624 9.0585
14.0963 38.7315 23.0391 7.8206 18.1906 14.8278 2.41101 0.00216595 7.04687
-27.5563 8.20486 26.3932 31.8059 20.4135 13.7155 2.75748 0.00138955 5.77652
5.23441 17.1791 2.49323 34.542 21.7157 10.4056 13.4053 0.00138955 5.42702
-56.1252 17.2828 0.74808 42.8865 22.2547 3.65076 31.9361 0.0172021 9.86105
50.6978 3.31362 28.1285 2.31327 21.488 16.2216 22.119 0.0143769 6.34453
71.6043 7.82492 10.1358 13.8599 32.8882 4.29751 9.52675 0.013812 4.90955
53.5765 7.93599 19.7927 32.8438 5.74008 9.31515 12.4946 0.0331157 5.86815
99.1119 4.72019 16.0637 11.421 14.6126 3.98892 2.21662 0.0127235 3.77866
57.4356 7.32827 9.97042 30.5402 15.1774 13.1107 2.55231 0.147962 7.25368
119.036 8.51251 14.2754 4.6823 31.0652 24.8875 8.37913 0.125572 8.36726
61.3537 10.3627 9.22378 18.9641 9.61356 4.61887 2.2469 0.0527229 4.74136
49.1175 12.7749 2.76657 21.4403 6.28117 7.29485 15.0944 0.0122311 4.41207
63.2513 4.94518 25.3924 3.17062 13.2274 11.8666 13.4565 0.0097873 4.43001
24.3958 32.6658 16.2731 1.85967 7.64404 0.99784 9.10817 0.0267901 6.26567
28.275 7.97924 17.2414 6.54687 1.50877 17.1992 2.66888 0.172788 7.37088
192.711 8.011 6.05048 3.58754 11.3278 34.5827 11.156 0.11592 8.8966
47.3352 9.1204 8.29243 4.67385 5.52517 28.0222 6.1454 0.130475 7.15959
56.9863 7.13998 7.81593 4.3778 6.35102 5.13831 13.9648 0.121175 6.10184
77.5118 3.82793 32.2482 24.6662 2.52556 23.0284 35.3381 0.0309484 9.1602
78.8392 10.5974 14.5852 1.25523 15.441 2.21761 68.7625 0.116119 11.2987
60.3066 15.6694 33.0648 2.43112 6.809 45.5182 26.1518 0.0282466 9.81083
140.435 5.65741 12.1229 11.4147 2.73362 58.3229 35.34 0.0717121 11.185
-10.7278 11.7232 6.57443 10.7158 16.8587 21.3014 15.6052 0.00940223 5.94945
101.371 11.9835 4.68423 5.17926 25.7648 9.37594 24.1511 0.232154 8.78858
30.8264 3.50081 6.96723 19.2311 9.92267 5.2658 27.637 0.113609 7.58416
-24.5905 10.0693 18.8976 44.4737 18.4521 3.52097 8.23969 0.412532 11.6731
-44.5679 9.78564 10.4758 40.7802 12.1653 6.08785 9.57592 0.0367899 7.04143
48.7292 6.71836 25.7236 17.8029 11.7251 16.8951 7.61703 0.00105352 3.85961
47.9123 23.687 1.4588 44.47 12.6218 16.0973 21.8069 0.0307674 9.03717
9.94332 9.70051 32.3028 35.0585 18.4093 5.67798 72.3676 0.0825271 13.9227
56.7387 5.60938 10.5167 12.4095 5.47579 18.7547 46.9294 0.0953101 8.84984
49.8377 10.5099 12.238 38.0362 10.9125 1.48436 4.65259 0.212646 8.43342
-43.203 11.7747 7.74654 20.676 12.3845 3.37533 8.80669 0.212166 8.69321
-4.42764 11.8221 16.4732 9.99888 22.0885 10.1564 21.2272 0.0141663 5.67607
66.3809 0.402659 30.1265 7.69772 18.5552 19.9335 16.2529 0.025804 7.10573
-28.1369 25.7276 16.3422 1.4525 12.3615 34.374 14.944 0.0438981 8.25533
91.16 7.03824 16.6048 17.997 25.0174 7.87078 7.15939 0.019902 5.13287
66.3328 6.37875 16.9781 17.4763 31.8287 2.04082 14.901 0.0136823 5.73362
42.2636 15.4062 18.7688 5.35549 4.28653 32.5837 12.731 0.00166042 4.90007
99.9179 12.9303 5.63537 9.37698 2.6832 42.4248 7.25413 0.169284 8.73773
62.8228 32.5093 2.79855 25.3155 3.26659 21.4073 2.13192 0.0467876 8.12396
66.8413 3.26341 11.3054 6.35098 30.44 39.2484 46.2496 0.00959966 9.81347
83.1054 25.4622 8.91819 14.5192 24.5626 3.48811 12.1229 0.00455407 5.75042
76.3993 19.2094 34.3934 20.9154 5.31563 40.7895 7.5237 0.0397761 10.8457
68.5507 17.6933 26.6564 6.68782 7.85328 14.3756 3.44116 0.0478906 6.12615
44.173 5.16459 42.6988 0.807877 23.9775 33.7376 30.1401 0.00171873 9.13147
-8.88798 41.9979 5.37528 3.26513 7.14877 1.5684 13.0227 0.291044 10.0369
20.1486 26.6566 3.21386 32.9861 9.62295 3.3812 13.7891 0.191332 8.76417
159.807 22.0837 11.1326 3.49337 21.1709 6.82883 13.882 0.464785 12.4856
6.76148 25.7139 14.2217 4.91233 18.7851 1.87244 15.1838 0.00241771 4.53843
28.2489 8.57724 13.7169 8.17999 10.7097 2.9214 57.2041 0.129375 9.89025
38.6213 16.5877 22.7237 12.8417 12.8631 18.0347 12.4866 0.169767 7.96476
21.0003 7.96756 6.84609 19.2827 14.6314 12.6706 5.81082 0.0279117 5.01891
25.4004 7.66746 9.04612 5.58441 61.7411 18.4847 33.4467 0.0339009 10.5599
141.537 25.6686 6.7604 12.6912 12.4737 19.3684 11.9228 0.038262 8.28501
-23.5105 25.9326 16.6453 21.2371 4.4537 4.20484 14.1469 0.00188264 4.39371
52.8817 24.6653 20.713 27.507 39.4636 42.821 11.6243 0.00188264 11.6681
65.255 5.30558 16.5684 23.9338 17.8955 12.7306 9.01099 0.0454017 5.76293
177.077 5.38518 17.8374 5.74373 0.783263 13.5999 17.7043 0.0262178 6.67811
140.236 6.87202 14.6003 5.74373 0.783263 15.9266 5.04651 0.00418875 4.2227
66.787 5.51923 13.3532 2.68196 16.632 35.6254 14.2696 0.0028705 5.60113
38.3801 14.0388 13.1564 2.70933 11.6087 13.4327 16.002 0.0922755 6.37932
118.509 5.82123 14.2763 22.3059 14.0139 13.1732 28.4634 0.121852 8.38562
54.3947 25.9997 14.0045 26.2567 3.85162 37.2028 5.63441 0.0486893 8.90948
106.129 7.5848 10.5181 14.1364 17.804 28.9291 17.1338 0.0576258 7.0732
35.3634 11.3172 15.7216 9.4106 7.20003 20.7819 1.17143 0.0831307 6.20543
17.124 14.7719 18.4505 16.9224 31.7734 17.7478 32.2346 0.00625457 7.52426
44.7189 17.6784 27.2766 14.5057 10.1917 14.7285 3.05222 0.0381824 6.19139
66.0695 5.01521 20.6963 26.865 35.4502 13.6456 8.36559 0.0496476 7.974
16.3523 29.5059 25.7798 10.3069 33.5628 12.6601 56.0976 0.0253689 12.2112
31.7425 4.21829 23.1512 19.5092 3.78204 24.7548 21.5961 0.0188952 6.44434
32.752 20.0684 19.4668 0.432225 20.3471 9.81448 17.0675 0.0190066 6.46305
66.034 7.52083 11.5733 3.75835 21.6906 4.1233 8.89063 0.0198829 4.34507
82.4452 25.7061 29.1547 10.0725 0.790812 9.77668 2.30338 0.0207786 7.98119
-0.97332 9.35209 16.8224 27.2043 12.7486 6.56585 7.9156 0.028753 5.28579
100.187 7.05842 16.4099 26.3126 3.91455 6.01117 1.49836 0.00111794 3.65284
87.5113 5.75563 7.6586 27.5924 22.1881 30.5846 15.3848 0.0442174 7.73323
110.763 5.09955 26.8436 19.578 1.26862 45.3458 30.3606 0.000274338 8.42912
109.358 4.73008 29.1661 4.8686 20.9943 15.5184 12.4103 0.00365678 5.22772
203.134 3.63038 17.2991 1.80373 25.5262 5.87504 18.1717 0.0121064 7.30149
25.1025 20.7717 18.3405 13.6943 2.53774 37.4508 4.37811 0.0151674 6.54687
-35.9908 20.8812 19.5679 15.4001 16.1097 5.30602 13.8933 0.0394983 6.07989
54.2893 6.04729 22.8318 29.3458 12.4854 7.78756 3.23763 0.00842792 4.82035
101.879 6.33063 7.37642 9.7333 3.3113 12.1671 10.1311 0.0161557 3.81645
51.2593 11.787 5.5016 9.70338 3.74421 21.3559 13.9491 0.0206646 5.0919
-12.0561 9.76894 30.544 15.6647 11.9719 34.6257 10.078 0.00902565 6.65778
159.022 15.752 19.5414 22.5468 8.16892 12.4141 26.652 4.35898e-05 7.57231
-15.3403 24.994 17.6245 8.07696 11.4672 6.82702 20.3171 0.00486497 4.7618
-23.3677 20.3286 14.4067 4.44977 7.3114 10.2229 5.90327 0.0205907 4.82452
34.2889 10.2581 6.35439 12.5561 9.81744 33.7336 5.74362 0.0213469 5.84454
194.817 4.09273 4.51387 1.63205 15.7152 15.2436 1.5157 0.0676843 6.94516
100.302 4.09273 9.29482 15.6603 13.0681 15.8016 2.21684 0.00974738 3.9902
-10.2233 27.3503 15.7209 17.4429 4.40288 8.39205 12.7109 0.0275909 5.52857
-0.875169 18.8909 7.32365 48.9324 23.0637 4.10394 6.62146 0.00926806 7.11892
-32.0149 7.69887 2.82886 50.1402 24.3015 9.95674 2.87001 0.0106829 7.89973
110.581 12.9329 11.5116 18.1021 21.4217 11.324 24.2173 0.103282 8.17659
89.4669 12.1661 6.87863 11.6155 6.17696 10.353 39.0486 0.0605858 7.07661
51.4857 3.74946 26.2778 13.2563 32.5431 4.21205 4.69224 0.229366 8.82328
55.9214 9.65102 2.94463 32.0178 36.9998 10.6294 4.54896 0.151515 8.98693
17.7532 15.4458 12.0068 8.2172 35.9245 5.18895 12.5648 0.0558212 6.62395
54.596 11.1177 24.1017 8.2664 3.88271 11.2709 20.8788 0.00504725 4.38642
48.9247 18.0147 17.0951 16.5042 9.24789 5.58725 21.6082 0.0200383 5.38368
66.7564 6.23241 18.2451 7.86143 0.826574 4.00216 14.2241 0.0302255 4.9295
61.5324 10.6872 26.2396 4.50861 40.9589 1.96032 11.351 0.0152867 6.74655
21.5981 3.80799 13.2585 2.96624 17.8734 3.8748 0.401958 0.00267186 4.89848
106.894 13.1689 37.1318 7.11833 10.0994 37.7715 6.62594 0.00165371 7.91961
18.0727 17.0674 13.3228 7.01805 8.51969 18.2282 9.73977 0.0437754 5.37723
15.1008 6.35286 28.96 7.57067 8.83169 10.596 13.5093 0.0695903 5.96927
31.1926 18.7364 14.8125 14.05 15.796 25.3787 1.00121 0.0116758 5.74766
89.108 0.269059 12.9433 14.6877 22.7214 23.7361 19.9978 0.000611551 5.93104
9.24418 15.256 6.93084 16.8573 33.6571 21.4956 15.6363 0.00100487 5.76082
10.6248 2.93765 26.0008 21.1843 5.99385 1.08976 13.8034 0.0209698 5.69224
121.68 0.651154 32.7282 19.8571 11.4683 10.5741 6.85937 0.032743 7.2893
39.1039 6.52493 6.04639 8.51106 29.9807 12.2356 10.8215 0.0181045 5.46499
111.948 9.86065 5.3151 12.0703 12.638 10.6519 19.976 0.0193941 4.79527
95.0983 12.3599 12.8294 17.3202 8.04472 1.56431 7.62061 0.0854976 5.77003
61.2517 21.1043 10.1652 15.1568 3.98796 1.72809 13.7234 0.0185006 4.85557
106.805 2.9753 2.04116 7.68746 20.6192 13.6533 3.23514 0.000659925 3.5716
78.4057 4.96454 5.35186 6.13137 14.6532 16.9118 0.604482 0.000659925 3.74563
91.3266 3.75501 11.4536 4.8724 19.5427 12.7162 18.4063 0.0010375 3.77559
43.0328 8.50384 2.36542 52.4805 19.8702 0.543895 2.36941 0.00107906 6.63806
-33.0639 24.9844 13.6078 33.1967 3.89966 11.5631 28.0889 0.00107906 6.17104
83.1531 19.7169 11.628 37.3057 4.68658 4.02947 10.0076 0.00266562 5.75895
48.6021 0.601707 31.9271 30.3884 14.3804 1.04848 11.0931 0.00674815 6.81037
60.0015 9.56473 16.7401 6.39151 12.6277 3.20936 11.0533 0.0150423 3.84682
21.4544 7.53867 20.8254 2.64788 10.9029 8.06256 39.6785 0.00844313 6.37052
15.2198 9.1848 18.5919 2.96459 5.02455 27.4495 13.0797 0.0368728 6.44577
85.7851 12.5053 11.1021 18.911 1.60445 10.0804 2.74169 6.98039e-05 2.69103
59.5081 6.11301 6.20215 52.3284 3.99458 12.9093 30.8584 6.98039e-05 6.30632
19.9172 49.1142 8.35941 26.7639 5.24072 0.88433 52.9592 0.00195396 12.0563
-28.315 25.6759 14.8378 26.6794 25.0348 2.54412 15.882 0.0447603 7.69977
22.6145 15.8264 12.2962 21.9147 41.2534 2.68829 16.1769 0.00514871 6.53023
22.6767 6.3233 24.2736 9.8907 6.51834 3.56901 6.61716 0.0177944 4.0821
158.434 8.70523 7.51408 19.8132 3.99083 1.43958 16.4408 0.0191168 5.55783
98.8888 1.15095 7.17539 40.3553 3.49205 8.69102 11.0475 0.0203346 5.83875
36.9416 11.283 29.2091 4.02473 10.2136 8.70106 15.7783 0.0618864 5.9972
13.0332 2.48161 27.6416 10.8567 4.36402 12.022 5.59127 0.0182701 4.9027
78.5354 4.18164 10.099 2.22074 22.3728 12.022 6.78989 0.0261626 4.98565
251.997 2.66762 9.50587 5.03405 20.3356 26.5608 34.0545 0.0053054 9.92797
166.807 1.01821 7.01806 4.44479 5.99496 26.272 9.98738 0.0685943 6.81219
48.7358 26.7924 14.3981 12.9909 5.58568 20.2194 4.25869 0.0298849 6.05666
66.5098 1.89627 27.3195 22.2258 8.83254 37.5217 2.90727 0.00210144 6.23356
70.251 6.70303 13.1054 20.1446 49.4381 2.2368 6.53156 0.00169887 6.01816
-74.5958 41.8981 1.86816 7.15267 19.3468 11.9966 17.0727 0.0487786 8.25137
-10.816 22.1021 0.802698 11.1539 31.8415 4.8702 30.9341 0.0715871 9.35049
70.6643 1.97693 8.89724 7.49385 30.9495 7.86665 0.0884422 0.000247941 5.09726
159.872 1.5538 16.0296 18.4289 42.7747 19.0178 3.206 0.00158375 7.56009
12.904 14.816 16.3342 20.4032 0.708474 66.7677 17.3619 0.0135604 10.0634
4.04063 13.416 30.5012 20.8116 3.21124 6.59285 13.5443 0.0153945 5.43132
24.0526 33.8474 14.3165 7.52279 31.1479 10.3088 17.228 0.0546896 8.48519
3.70072 31.7263 13.1753 9.44664 23.5468 5.97128 26.4399 0.0646841 8.05915
69.9983 17.5727 8.32336 10.791 2.5585 14.055 19.9027 0.00563361 4.46497
16.8132 23.5308 21.0079 18.7376 32.8658 9.44295 3.14307 0.0120184 6.90344
-6.54039 13.3733 25.6107 3.09399 39.2489 18.864 12.597 0.0521601 8.25414
110.466 4.15401 25.6213 5.80695 17.77 7.35397 25.8687 0.025192 6.22992
13.9636 22.6847 1.60645 7.84418 5.38716 5.971 13.2708 0.0262271 5.32272
51.4766 9.59845 1.48305 38.6749 5.38716 8.59016 21.1856 0.129911 8.17596
-17.3295 10.1479 10.3146 36.7873 15.4074 45.1558 6.37434 0.00626772 8.06887
-30.3515 22.4661 46.3335 4.69287 36.9884 2.68939 10.8143 0.0138011 9.00225
44.1424 11.111 47.0178 1.68744 7.467 36.6 17.5315 0.0211496 9.21326
51.7644 3.05368 47.5145 9.39372 4.15561 7.82252 13.5838 0.0131984 6.10475
-10.1312 9.58 44.2281 12.3605 2.57308 24.4735 7.23438 0.000295444 5.39513
22.0073 8.56129 23.194 24.9972 7.05997 10.3517 1.05909 0.000295444 3.68083
17.5349 32.9767 20.8009 14.3485 10.0659 1.66916 1.126 0.000295444 5.23952
22.3064 5.19888 21.1099 9.1336 13.8676 3.41032 6.00958 0.0447417 4.97312
84.0227 0.705888 11.8024 33.0516 9.07087 3.743 19.5453 0.102681 7.63424
128.793 1.71951 14.7721 8.63933 2.78989 51.3548 5.27627 0.0306686 7.71356
169.983 7.5161 10.0139 17.852 1.95172 29.4122 50.8716 0.0194452 10.0579
32.5854 18.3606 3.53539 10.4303 2.11482 23.718 18.4222 0.0300086 6.39448
37.6888 0.320304 28.7665 5.37181 3.93419 13.5816 13.1659 0.0776327 7.27573
6.23647 28.5035 8.54809 11.8947 8.69217 48.1071 28.5586 0.0465054 9.79474
148.457 31.3264 3.6699 10.0855 18.668 17.9186 28.412 0.0297145 10.8177
56.9588 36.7595 3.45041 4.34134 16.5982 31.4451 45.1706 0.0257421 11.0053
-37.5712 30.6237 19.769 10.7232 16.7972 1.03327 2.13896 0.0299874 6.38106
36.5813 14.5625 22.7039 7.70515 13.0011 25.0238 7.95093 0.0363375 5.96747
-29.0579 11.3623 7.90001 22.418 8.98106 21.2917 3.44281 0.0524147 6.91445
107.837 8.95265 14.961 15.9157 5.38085 8.54136 2.87544 0.0708541 5.28801
69.0926 22.559 2.51281 5.58535 13.8262 3.21245 23.4272 0.0287438 5.99696
102.165 25.4601 9.24644 2.78149 3.15981 7.15173 35.6991 0.029935 7.72322
82.559 19.0999 2.80505 12.7233 21.8485 10.4887 2.72706 0.421855 10.0254
78.4749 24.6558 0.031385 32.0316 13.209 16.7949 5.72247 0.137651 10.8819
72.9772 6.93404 9.68918 25.2481 4.84033 22.6174 11.6492 0.108558 6.86149
92.2867 3.15269 9.85862 14.871 28.4337 5.03295 16.2849 0.00263234 4.34265
84.818 2.69513 10.864 11.0079 7.58977 15.5685 41.6565 0.0146188 6.53464
-28.5026 18.5732 34.3539 12.9926 17.0391 39.0086 15.2624 0.0236329 8.82711
57.5973 2.85267 30.9138 7.57478 16.3861 9.34821 5.59644 0.0130434 4.61167
52.371 11.4058 30.9547 16.3501 5.03931 10.5931 4.49921 0.421236 10.1439
-14.487 0.27769 30.9961 19.9214 5.95358 12.2045 2.21697 0.611737 14.1198
15.0121 4.46499 30.7969 25.9085 12.7213 19.6313 17.6486 0.00236693 5.94958
-14.4188 23.6643 12.8032 8.61399 11.6511 29.382 9.91646 0.00557046 5.45238
-33.0988 15.0256 13.3494 5.91209 2.90464 28.4297 19.4094 0.00588898 6.64012
75.6402 23.3817 4.28827 16.9937 6.81669 3.81732 3.93334 0.00125646 3.5185
69.0304 16.181 13.658 22.0081 7.71924 26.4391 7.94957 0.00468513 5.14623
-35.4254 10.6994 16.9335 25.5144 27.4759 5.32393 3.17852 0.000271153 4.79677
23.9901 9.74017 17.2492 18.365 6.399 27.9199 4.36517 0.0291293 5.72358
11.8519 19.4912 20.8928 31.9448 17.2266 14.8227 15.2049 0.0521073 8.12587
72.3753 11.4588 12.3143 22.5396 16.0424 28.5883 7.4189 0.0688699 7.14608
90.6314 4.78122 42.7112 16.9358 2.75209 20.3694 14.2954 0.106344 9.67606
124.629 22.2507 22.4803 6.15122 5.4134 3.44751 18.1876 0.313431 10.7787
-42.7487 23.4813 29.2861 23.3813 13.5902 20.988 1.28661 0.00224372 6.49291
-22.2119 7.3154 30.9369 18.5586 26.3706 0.963973 5.5045 0.00512732 5.94341
0.689749 6.28398 22.3582 7.40469 33.14 0.963973 2.43747 0.00768652 5.73766
102.065 4.53839 33.6795 17.2719 21.747 3.30596 14.1876 0.016239 6.93985
40.7927 17.7394 11.3784 9.29956 14.398 3.65309 18.1226 0.00886475 4.28034
-46.2966 6.13023 9.16262 7.82133 36.4056 16.6204 7.31835 0.00179238 7.20619
152.567 7.01681 7.43809 14.7131 6.76584 11.1622 11.1704 0.075127 5.73461
57.1513 6.96569 6.18859 23.7934 22.5684 18.4191 12.1757 0.104173 7.25275
-4.13768 19.8722 21.1786 19.7146 45.6301 26.0357 4.53202 0.0283535 9.38793
59.9202 9.40892 24.4919 13.7034 9.91198 2.65311 19.4026 0.0402784 5.65502
10.0771 33.6894 3.67445 9.99716 11.4959 10.8099 4.30455 0.0062952 4.63435
18.4703 12.7257 33.0177 19.9224 13.9027 10.711 5.72026 0.00180603 4.77598
73.2591 17.8437 15.3135 7.1218 9.88678 7.91797 9.81808 0.0147708 4.18609
109.057 4.34043 20.5502 19.8763 8.78903 4.69217 27.1824 0.00922415 5.45549
38.5129 27.2861 16.5767 8.81843 14.8133 9.27815 3.1085 0.000578633 3.97467
20.7511 15.7722 20.9847 18.5974 14.3023 4.77539 14.1309 0.0173098 5.08149
100.114 18.8419 4.88113 20.7295 25.2757 9.59904 3.37432 0.00134244 4.91934
35.6661 21.6161 7.38611 6.59935 16.2912 1.86791 2.12046 0.0196262 4.65936
133.879 10.4491 10.4471 25.7794 4.88998 20.5507 11.577 0.0239602 6.28459
40.2468 3.59678 7.39788 15.0576 20.1955 5.61276 2.9573 0.0590252 5.61769
79.0486 18.189 15.0524 4.00232 7.38805 14.1515 42.222 0.116555 8.9931
32.0373 6.36215 15.8111 45.6629 9.55728 1.72549 5.08963 0.0383483 6.70739
60.3595 8.13305 14.3836 14.6295 6.38324 31.9317 6.17597 0.136924 7.3395
184.724 1.45459 3.88583 3.09494 25.5209 30.627 3.30718 0.221174 10.124
111.394 1.45459 10.2179 11.0059 18.5107 20.9814 3.53478 0.21015 7.91597
72.9929 12.5346 24.779 8.27125 12.5446 46.7449 2.30618 0.388576 12.3156
124.464 3.81688 3.95787 13.5116 16.7451 41.1457 3.78331 0.249267 9.71861
59.6161 20.1153 9.6591 8.4223 2.1743 24.6733 3.95292 0.0370354 5.76209
151.533 11.4176 4.19055 5.40034 3.70734 5.71035 4.03987 0.0776338 5.50683
129.501 2.4182 7.41986 5.40034 19.3172 12.6817 17.7026 0.0572219 5.98772
17.448 33.2387 29.5095 9.94101 1.40826 11.7948 14.722 0.159523 9.87001
-57.0333 19.5019 33.4482 26.0915 13.9111 1.09592 7.51003 0.371877 11.5613
133.484 19.3814 8.01348 1.64556 40.1439 23.6137 4.51342 0.148199 10.649
135.93 5.72825 8.26777 4.6985 34.5133 20.4333 1.16449 0.020214 6.45873
50.8481 11.978 16.4599 7.91433 23.8984 20.9764 5.09426 0.0616642 6.3073
75.3423 9.56411 7.18745 32.1538 0.859345 27.2532 5.64947 0.135987 8.34556
170.981 2.56445 12.939 22.2517 11.4242 12.7126 4.01381 0.110039 7.53615
-2.0716 20.1453 17.6486 21.5229 14.2365 20.4549 2.52038 0.121279 7.7926
2.25996 27.4377 34.4937 9.23112 13.9892 1.68134 3.10849 0.0692113 7.97578
-19.5853 5.97092 32.9244 19.1087 13.6457 0.470923 6.72321 0.0815318 7.53065
-54.2682 4.25822 36.4518 26.577 8.40149 5.51437 8.7517 0.0471628 7.38227
