-11.1068 9.0234 26.3048 5.93937 37.7993 4.16762 0.00274802 8.72593
-14.476 16.5283 32.8422 7.3341 3.58953 26.2938 0.0271131 10.4897
-22.95 9.6641 34.6853 54.5102 16 13.8028 0.051318 10.259
-18.6409 12.365 29.1389 52.3382 8.02528 4.90385 0.052949 9.38441
-21.9454 6.8504 17.8554 29.0034 20.9603 9.17117 0.133597 11.1514
-29.3138 17.1197 13.6473 29.5199 29.0351 41.5358 0.078291 12.4669
-30.2474 11.0934 24.3866 44.2974 32.847 35.145 0.159386 13.3452
-15.151 6.96129 43.7299 49.9828 9.63677 13.2871 0.0712805 11.236
-36.3546 15.6672 30.1789 41.1612 8.77271 3.60979 0.0117415 7.68872
-23.6687 15.5849 28.926 41.9399 14.0182 5.11916 0.0117415 7.84967
-22.9353 13.3197 18.7495 31.3096 38.6813 39.9958 0.207687 14.0773
-20.8373 12.3298 19.038 44.1064 25.4997 13.5635 0.0141579 9.01123
-33.5104 12.8103 31.0756 26.8609 34.3641 5.30232 0.239663 11.785
-34.4322 9.66704 11.7496 16.15 37.4342 45.1089 0.285164 17.2149
-30.3681 8.74205 6.74072 11.9915 59.0973 14.3477 0.308194 17.4616
-24.5709 10.486 22.1677 10.3937 79.7006 17.9517 0.530586 18.4182
-17.42 13.7291 39.2385 16.9809 18.983 28.0675 0.0585505 10.9448
-15.3749 7.96711 22.9252 7.82532 11.5985 34.2591 0.0561874 10.7299
-25.2239 13.2764 26.0428 14.4506 4.11274 19.8173 0.0160082 6.99179
-28.046 9.20689 35.2467 21.5282 2.66771 19.2556 0.0542753 8.5875
-28.7566 16.6426 17.4916 16.487 49.1687 46.2415 0.0269346 13.0532
-29.4531 17.0526 35.1548 27.2743 8.32822 26.4048 0.0157184 8.67857
-29.7543 17.5346 27.4126 45.4898 11.7018 25.5993 0.0372459 10.129
-9.40983 3.94255 32.6363 48.2381 26.1778 6.69907 0.0616155 11.7561
-31.3248 10.9495 21.8189 47.9403 13.0218 22.6966 0.0660885 10.6653
-37.6743 12.4482 17.353 57.2646 8.93067 10.3204 0.000387065 9.11001
-29.6889 17.7941 34.364 13.3394 15.5112 5.06584 0.112404 9.68697
-41.1949 15.1825 34.4141 30.1083 18.7379 3.20387 0.0243041 8.98659
-27.5233 9.02657 35.5855 32.8995 10.6232 11.6072 0.174307 9.84535
-26.6706 5.7982 33.0113 34.115 17.7757 17.876 0.12857 10.8166
-33.5978 6.12531 28.8492 30.9762 39.4681 14.1737 0.265151 13.2294
-39.1901 12.7095 34.154 4.59382 6.81528 12.6812 0.079653 9.28433
-38.6747 20.6358 29.9318 16.86 9.25338 3.51561 0.119403 9.95294
-23.8866 12.5869 35.2025 14.8927 2.10401 23.3638 0.0225287 7.63756
-19.5984 9.06151 33.3532 10.9398 0.626236 5.85075 0.0849344 8.50231
-18.5472 11.6761 29.6494 22.9219 20.7877 18.3557 0.0420006 8.75066
-19.6044 14.8399 9.81187 23.2545 10.1299 17.6463 0.00292091 7.95478
-15.2465 9.25372 31.4911 15.4431 20.818 34.636 0.0187077 9.54981
-14.6005 7.81497 30.574 18.3832 11.9166 17.2874 0.00238404 7.03458
-11.2508 11.8479 15.3437 15.8873 11.6404 12.99 0.00563335 8.16081
-35.8226 10.7683 51.5405 20.0149 3.94589 6.52246 0.0138065 8.60409
-26.5919 10.6125 38.1112 10.923 19.5135 7.86608 0.195747 9.86269
-27.4635 19.3264 15.8215 12.9175 2.71001 38.5891 0.0511089 10.7599
-20.1002 11.2118 24.0238 8.97557 4.95507 41.6145 0.0101531 8.9694
-20.2839 8.31689 48.5599 23.4595 7.11928 18.5515 0.000609777 7.21688
-25.963 16.4244 25.1387 55.2435 7.52803 3.2767 0.00714804 8.11564
-29.3705 16.8063 15.4332 34.1668 2.45331 14.7991 0.132335 9.84297
-14.9172 11.2731 27.3205 38.5851 16.8648 11.2931 0.0139035 8.26808
-21.6937 14.6937 33.1477 19.8278 17.7685 32.0456 0.019811 9.22764
-27.7308 6.02774 32.7134 0.901326 14.8064 6.05423 0.00298397 9.44792
-20.6879 13.9489 26.702 6.99379 17.1945 7.67645 0.110052 9.09931
-20.6014 7.17532 32.9224 21.314 13.6491 52.0684 0.201017 13.0199
-41.5813 15.5552 13.2992 26.8479 13.5516 3.51642 0.00537141 8.90161
-27.292 11.1032 49.577 23.1703 9.58582 4.05625 0.00444836 7.26293
-33.768 16.254 34.8188 4.9577 20.919 2.84096 0.0222963 7.69288
-16.1485 7.89841 32.7 9.46964 22.2283 5.75086 0.0229041 7.89974
-24.0543 8.13211 17.6772 12.3724 3.17128 6.84705 0.0399118 9.49066
-23.3693 20.0454 17.7765 11.0712 12.656 14.1305 0.00379511 8.07567
-40.5434 19.8197 20.653 9.67278 17.81 7.30395 0.00650829 7.58563
-20.5445 8.0653 34.6565 25.7556 3.11889 11.3832 0.0581503 8.1126
-22.0342 7.92746 43.3618 12.441 18.8673 12.6515 0.0557326 8.54951
-13.0399 13.268 31.4023 17.1345 15.047 1.7629 0.0548188 9.34528
-13.7702 5.91887 32.632 67.8098 12.3659 24.7244 0.087561 13.1172
-15.7929 4.65201 23.7581 28.1106 1.23347 11.2047 0.065045 10.3753
3.33871 6.57499 42.8101 16.6407 1.68878 9.07217 0.000107138 9.64464
-46.0917 11.2258 33.2109 40.6027 7.66077 14.309 0.109543 12.5225
-16.2438 13.8025 19.2614 39.7496 27.8893 7.24604 0.125969 11.2841
0.639369 10.0283 13.4513 65.2406 6.6398 1.41957 0.0224371 13.4356
-23.0085 5.10553 55.5457 2.02644 22.6666 10.5589 0.17303 11.3576
-24.4388 11.2694 30.913 12.0097 20.6805 14.6753 0.35016 12.0247
-38.5073 21.2992 13.83 12.8314 12.617 16.831 0.0895703 10.2683
-38.5073 20.7183 7.43532 20.1234 12.617 27.9726 0.118799 12.125
-49.8189 21.0957 7.2875 18.5117 7.92207 44.2724 0.0770715 15.0634
-17.4777 2.85178 4.78441 64.027 8.56458 0.479789 0.00298938 16.3787
-24.1587 22.6176 14.9112 20.1757 14.1849 9.62986 0.0036713 9.38983
-44.3519 18.4315 13.2055 63.5329 6.72094 17.5345 0.12053 12.7075
-29.0993 24.4942 8.86762 17.9156 7.38065 4.37189 0.252739 12.1294
-20.02 7.42213 24.7857 15.0956 6.79276 0.774005 0.163058 10.065
-19.2282 12.7202 14.9436 17.5552 8.50519 8.45864 0.126194 9.51773
-27.3531 14.8222 36.4478 11.9698 9.60991 9.76993 0.0745497 8.1304
-27.9069 18.6266 12.2536 65.4917 2.4517 9.35577 0.0285336 10.0694
-23.7279 6.54725 36.5067 14.4061 16.4798 2.21833 0.0221468 8.22519
-16.6769 8.0927 43.3215 19.4143 7.6178 12.2581 0.0106804 7.23327
-23.4797 13.6104 34.8471 23.6294 10.2549 8.39578 0.0106804 6.55418
-37.0679 17.0356 20.2477 9.70093 8.59665 5.99788 0.010411 6.92979
-26.6967 14.3717 15.3897 17.7452 8.39307 0.453548 0.0420374 8.54798
-23.8807 14.294 25.0265 21.1925 4.00908 1.26845 0.0295831 7.13499
-35.4641 10.067 52.0842 27.9847 5.55882 53.7893 0.0900277 14.0014
-26.6705 8.58291 27.3852 14.0537 1.97756 35.2892 0.140088 11.2684
-39.301 22.0369 20.0089 27.4371 1.52037 12.6851 0.00835332 8.29344
-32.9024 21.5959 19.8519 5.35489 2.64873 22.3287 0.0239141 9.26971
-23.8372 5.66869 18.3906 38.0371 13.9828 32.3196 0.239751 13.0574
-18.0502 19.2685 3.21794 37.4128 15.3274 12.4407 0.00509529 10.7291
-24.4724 13.2499 24.6984 30.7066 21.2257 15.9596 0.00979716 7.67112
-32.4071 17.8084 44.7286 7.06934 23.2928 9.83156 0.00562977 8.43448
-39.8605 17.57 28.9806 13.5477 13.8688 29.2144 0.00390531 8.18618
-35.0982 17.5586 38.1146 15.5787 17.9092 14.0581 0.0029793 7.28685
-37.5381 18.1911 23.1181 1.81616 4.30386 3.18421 0.0684722 8.99759
-36.075 17.7582 25.6338 27.0436 6.59038 10.0155 0.0102468 6.89862
-25.7517 14.9389 26.4488 29.5336 7.30483 8.14335 0.029155 7.14743
-20.9705 6.56232 30.9702 39.7173 50.263 7.81228 0.120444 12.5089
-27.0564 6.45153 15.2937 35.703 64.8854 19.6573 0.236511 15.7925
-20.6559 7.02073 19.242 59.5119 27.3247 11.9173 0.418233 15.2059
-29.7633 8.24772 12.7926 72.1682 48.1848 14.3023 0.368888 16.5077
-25.9015 8.66542 31.085 8.86765 44.2112 41.9972 0.152571 13.6426
-26.0096 16.9876 16.6929 12.0657 62.6533 11.4283 0.0253746 11.5439
-25.978 11.7752 42.1215 17.4496 27.6128 9.9445 0.105568 9.96747
-23.2596 8.88082 50.9374 9.30894 22.9089 7.30698 0.101276 9.87248
-30.2592 6.52009 55.4322 22.0721 14.4071 12.053 0.128301 10.9513
-42.7297 20.8183 3.73167 12.1077 47.5749 13.7526 0.0579709 14.2806
-19.2627 11.2665 36.9517 61.0672 24.7939 13.9935 0.0751046 12.8503
-21.7214 12.1071 30.6054 20.1487 3.84753 26.6803 0.0141541 7.55356
-25.4866 12.8404 39.1431 20.6575 28.9449 16.1689 0.0045954 7.86811
-29.4869 16.3411 23.1861 29.0157 14.6986 8.69616 0.0045954 6.5268
-9.14216 9.87267 26.7663 29.7323 9.02999 7.62112 0.00242338 7.22848
-33.9503 13.2161 38.2921 34.0919 14.6113 31.5238 0.0081873 9.37879
-23.6062 11.1339 33.082 32.4298 14.8811 22.3387 0.00940488 7.91466
-30.1196 10.9155 32.1236 5.1196 24.5932 12.894 0.0709771 9.19553
-30.0991 21.1754 31.6614 40.5265 8.72002 4.76186 0.0142648 9.81579
-25.5507 13.2251 20.7559 34.0863 2.0253 5.01534 0.0205935 7.24006
-35.2904 19.5405 25.2982 2.26358 22.0422 5.7276 0.0102383 8.00664
-15.2279 16.47 20.6554 23.2244 20.1104 8.62509 0.0102383 8.75356
-18.7878 17.1949 31.645 6.67797 14.3321 31.4001 0.00438245 9.28012
-20.175 15.0989 19.8324 40.1916 5.24027 16.8937 0.0491307 9.05221
-20.5411 14.4707 24.5788 78.703 15.8231 9.60317 8.71522e-05 9.7249
-21.7939 10.5445 28.5678 29.3266 3.49804 12.6515 0.0646594 8.11506
-20.8958 8.92945 21.4956 30.071 5.56158 24.7549 0.129983 10.3131
-23.1529 6.83383 19.4245 24.4799 7.14963 24.7278 0.43782 13.1365
-20.5169 16.608 3.3596 26.0263 22.098 90.1995 0.403965 19.2275
-57.8725 18.3057 30.3018 27.6098 20.0058 15.8702 0.230718 15.9915
-37.155 14.0523 51.3023 19.6168 21.9539 12.5136 0.0391781 10.4631
-10.6306 11.3261 29.7453 23.1329 30.0249 39.3456 0.0523051 12.5865
-17.3168 11.5786 33.6747 11.8965 13.915 18.7292 0.064015 8.78125
-27.3382 12.4736 29.5452 4.32158 18.2374 15.9711 0.0612354 8.57781
-28.22 3.22712 30.8542 48.2226 9.34683 48.1588 0.0899314 15.3663
-33.3763 7.697 45.512 11.8013 6.4343 10.1469 0.124038 9.35214
-23.4919 4.86892 39.926 4.44498 11.1692 9.12523 0.122741 9.43445
-34.3708 12.2052 27.036 7.71735 14.8239 12.7318 0.12101 9.66864
-26.1704 14.2048 42.2512 21.331 11.7326 14.9488 0.0163111 7.81484
-26.4387 6.74807 8.93766 48.6869 13.862 13.1643 0.01492 13.0233
-28.3087 10.8021 28.7482 17.233 19.4899 9.64344 0.0426611 8.09902
-21.8265 15.2075 23.907 16.9695 47.3794 0.283463 0.00775155 9.98229
-46.4556 26.5161 24.421 18.7183 5.35594 11.876 0.0345177 11.0826
-38.9257 13.3276 32.4391 4.22051 26.1993 6.61049 0.261904 11.9253
-24.3379 15.7921 29.7948 4.80934 1.5141 12.5542 0.137248 9.82729
-37.5037 13.4039 29.473 36.3692 15.694 39.4255 0.105781 12.1782
-40.8129 15.7503 36.2406 27.224 13.0246 5.06456 0.0306025 8.5833
-37.6679 5.72059 51.5803 26.3894 9.6798 11.5635 0.0941981 11.677
-41.1738 19.6474 8.90379 21.9588 30.7579 3.79756 0.0905602 11.6919
-42.566 18.9954 29.7177 11.9818 70.6812 4.18178 0.223075 15.4002
-42.8615 14.931 27.0841 21.4893 31.2983 1.82883 0.127094 11.5726
-39.8286 8.0236 57.7135 8.1909 7.96881 4.92338 0.0502456 10.8668
-11.832 4.25473 38.2101 1.01517 3.39065 25.4564 0.00433223 9.54309
-18.8427 12.1893 18.2618 14.7481 0.201586 27.2039 0.0261248 9.90437
-19.9028 1.8318 44.3221 13.0987 34.2017 29.8168 0.118757 13.0261
-17.2503 7.19793 28.8994 3.86298 32.585 19.2726 0.438801 14.363
-9.41373 11.5532 29.7229 2.75169 31.3252 23.6452 0.0818918 12.388
-12.8377 7.76694 31.091 15.1883 49.6649 15.8421 0.133658 12.4882
-21.5575 7.40435 29.7118 50.688 41.9207 4.252 0.252562 13.865
-32.9469 14.1505 12.763 53.3741 24.0679 2.55036 0.0128055 9.87617
-22.6348 14.6594 35.052 13.2148 11.3564 2.03038 0.00920686 6.54656
-26.3275 12.3881 26.093 17.8598 11.2279 1.00507 0.0503129 7.75908
-36.1499 19.4077 15.3455 43.9159 19.4538 3.23068 0.048878 9.67202
-32.0747 16.1536 17.8724 57.1105 8.51683 10.4378 0.0910531 10.0272
-34.5409 13.8382 32.057 21.803 6.39341 1.28111 0.034738 7.59119
-23.5746 11.9393 26.3986 41.5566 7.83964 3.00141 0.0673692 8.41206
-32.2211 12.2187 28.563 11.5378 3.66143 3.82408 0.113378 8.52945
-16.8668 10.9379 27.6144 21.1817 9.99836 7.87427 0.0376754 7.47064
-46.2309 15.4388 52.8154 8.21047 9.90972 0.176983 0.00881144 10.9498
-47.8685 18.0666 31.6754 8.0373 14.9303 0.38108 0.0472985 10.5778
-26.4101 12.0445 22.976 5.08706 13.6971 19.5673 0.108232 9.73772
-33.5888 19.3231 13.1277 21.59 9.9467 37.1706 0.0531675 10.7183
-31.1275 10.5033 60.8231 14.9579 13.0434 34.562 0.00954456 11.427
-18.006 8.96066 25.8216 17.0438 11.8224 34.9342 0.129145 10.9198
-17.6371 9.89194 17.8474 11.7888 16.2707 36.762 0.109055 11.8612
-27.7971 9.87774 22.4949 32.6796 6.09123 6.85502 0.0646968 8.67495
-31.3979 12.2418 28.7979 19.0252 33.7951 7.76965 0.00648601 8.01465
-12.6039 16.5645 19.2483 22.845 6.36798 9.71495 0.0116208 8.85879
-28.2592 21.2471 8.26936 18.4275 10.8873 1.19285 0.0331963 9.59061
-34.8038 15.4702 13.9942 16.4881 1.34185 4.17985 0.0338451 8.61201
-1.13142 14.7853 19.5574 7.91811 11.2975 9.10038 0.015156 12.0944
-49.3269 23.1378 12.7598 26.402 7.52414 18.1334 0.0246863 10.7028
-47.9811 25.8296 12.7598 9.53508 6.77518 15.4604 0.0337704 11.0406
-17.4423 7.73988 38.7457 19.3695 8.06138 2.96113 0.0356767 7.51404
-14.8304 14.7691 41.035 10.4889 6.70331 17.5003 0.0143031 9.06258
-44.8026 19.8281 24.151 9.58393 6.16346 21.7977 0.0015104 7.84127
-14.3915 9.4912 22.4335 21.7214 11.3555 3.16039 0.00180816 6.56238
-28.0648 20.7055 20.2017 6.86648 5.78703 5.98844 0.00283586 7.01772
-43.006 18.1243 49.2689 20.8468 10.5077 8.8046 0.0509666 11.0491
-32.4494 15.305 32.9217 28.0594 33.5779 17.3737 0.0541111 10.2149
-40.9483 15.2337 28.8149 11.3487 22.3224 7.32868 0.0911097 9.80872
-29.515 5.80058 33.1305 13.0543 4.2928 5.99227 0.0789751 9.69347
-20.6465 10.1202 27.5573 26.8921 4.19159 13.21 0.263829 10.7018
-26.7769 1.9707 38.9373 13.8393 2.24639 5.94453 0.358698 11.9995
-3.59718 9.0929 32.6348 19.5544 3.33766 15.7722 0.0414977 10.2582
-15.806 11.217 26.2531 28.7592 17.385 24.0746 0.0365356 9.29474
-30.7013 18.5213 22.943 21.1684 5.52598 24.2486 0.0181027 8.05644
-53.6271 26.273 34.4608 15.9399 7.53344 30.7851 0.0308933 13.8711
-22.4245 22.2078 44.5149 7.49662 9.33567 50.1551 0.0310751 17.1601
-23.1746 12.5797 40.2787 10.5152 20.2929 15.0339 0.0115352 7.41125
-28.2302 8.79923 22.2669 14.8174 12.8123 4.60833 0.00778005 8.12813
-27.6449 14.4009 30.5609 18.3836 11.924 4.60833 0.0312204 6.90077
-27.3891 11.692 13.4654 25.8276 4.12899 6.5011 0.0263014 8.42817
-30.0451 11.2864 23.6906 30.7041 34.6157 6.50997 0.0409689 9.76686
-29.1138 8.95714 38.0279 35.2616 42.5987 13.1888 0.0630519 11.5355
-26.8019 7.34299 33.2064 5.80257 15.9962 19.517 0.195148 10.6809
-25.1394 1.72506 56.7131 12.9661 7.47176 16.7486 0.190741 11.2495
-39.4294 20.1009 17.3364 14.1145 1.59132 8.93304 0.187184 10.9284
-25.9989 16.0328 14.9577 3.04093 23.7361 0.215217 0.015745 9.61459
-26.0371 17.2089 21.0365 7.2723 30.1977 4.13851 0.0546451 9.24849
-34.9254 19.1488 5.22133 35.9128 48.8298 11.087 0.0616352 12.9154
-23.4822 12.6268 30.9334 19.6481 49.212 11.4096 0.0478191 10.3106
-16.2292 5.29708 33.0469 7.27715 6.41452 16.3766 0.0484406 8.95493
-40.0072 21.5244 12.6775 29.6009 1.38797 1.671 0.0632139 9.92107
-20.9539 11.9365 12.5608 14.9531 19.0002 14.6103 0.0432883 9.60536
-13.1697 14.6582 30.7704 22.4026 29.5698 17.5426 0.00585518 9.68757
-18.1456 15.7471 16.4875 33.4311 28.8632 4.14569 0.00585518 8.70133
-30.4543 23.306 9.59924 20.1602 30.4618 21.2422 0.0806514 12.486
-13.8305 11.6793 21.2038 9.5781 14.2451 25.2397 0.111364 10.7911
-13.8922 11.6748 29.9807 19.351 13.4645 19.4645 0.122548 10.4605
-17.6629 1.93773 50.8774 27.7625 9.8891 25.6 0.17245 12.2712
-13.9307 12.912 27.8506 6.5812 28.9143 4.77399 0.162107 11.4708
-38.539 7.37217 37.0611 26.5131 5.52934 11.6714 0.157792 11.0633
-30.7641 8.19621 43.4934 11.8353 4.39631 5.39091 0.207701 9.59629
-8.18763 7.74665 37.02 16.4287 7.73259 16.6632 0.125687 10.7625
-33.027 3.0782 42.8794 27.5211 20.0715 7.21948 0.215237 11.7356
-21.5502 7.47172 26.694 5.71321 26.0328 7.66736 0.0755647 9.86879
-37.2525 18.9105 20.1512 21.7192 6.65848 13.5272 0.00277975 6.67312
-44.5359 17.8071 20.2744 7.67997 20.5091 9.1441 0.0635616 10.3996
-35.0772 16.5614 24.1935 38.1648 18.2468 17.489 0.010933 8.37177
-20.1681 12.9826 31.3457 28.4306 24.6309 10.8162 0.0175461 8.1227
-17.8584 14.6972 25.0339 13.2705 40.9792 9.17622 0.0735352 10.7215
-20.5064 12.7087 19.935 24.4873 30.4364 4.7887 0.0254196 8.58278
-27.3245 13.3679 32.7305 12.5983 21.6508 8.40271 0.133134 9.24539
-17.0498 9.65987 40.5171 10.4047 33.8609 55.384 0.00391275 11.5622
-22.5426 6.94829 68.4881 7.26186 13.2928 6.96426 0.000481625 9.63462
-23.6096 7.46089 59.6148 12.5768 22.5607 20.6347 0.000481625 9.42652
-15.1506 7.33373 45.5744 9.09355 14.6251 14.4201 0.00213992 7.1201
-40.5724 21.2691 27.6357 5.06553 17.4482 8.93983 0.0205715 8.62387
-35.083 15.6313 15.1938 4.21008 9.63302 4.05073 0.00818814 7.76574
-28.8908 9.85669 48.9576 5.66249 27.0003 8.99061 0.0124592 8.48044
-34.348 20.8352 21.3555 11.0158 35.0682 1.16705 0.0160952 9.5303
-36.4363 16.3087 30.8678 8.87655 19.977 15.6118 0.00309101 7.03502
-43.6355 21.1303 4.4015 16.2281 18.5429 32.6135 0.0107128 12.2078
-55.6934 17.5702 26.9936 51.6405 17.0108 16.8074 0.00466929 13.4267
-29.2976 15.2242 29.3775 46.3295 9.11006 21.1686 0.00434355 8.00105
-27.5074 18.0241 20.5286 24.3763 11.0271 24.1251 0.00280775 7.42984
-28.8016 10.7644 18.2755 33.9863 26.4638 8.40704 0.0209562 9.46179
-24.2138 10.9471 28.4631 28.6128 18.022 15.6217 0.0623119 8.72564
-30.7993 16.3595 14.1872 33.1765 13.4709 21.0577 0.266236 11.7459
-28.3423 12.6055 26.3824 7.2498 20.9633 16.8258 0.0470952 8.58945
-22.5293 11.4373 27.1854 26.2997 4.75179 13.7622 0.0125117 6.75237
-4.76835 11.4373 29.7927 16.2314 10.8834 18.8429 0.0125117 9.70496
-17.9775 11.731 23.3835 6.41784 3.58959 12.0406 0.00265943 6.27553
-15.6093 11.6954 19.1088 50.2598 3.24 15.6764 0.0159918 8.85605
-15.5469 12.6307 28.7653 21.0313 5.7582 7.16502 0.0104579 6.71414
-32.4239 4.41976 49.5757 7.4711 12.4633 13.612 0.0421193 10.9252
-35.8546 11.9877 36.4636 5.96852 35.5243 8.6119 0.0312954 9.54835
-32.5265 11.4612 30.5963 3.83756 20.5074 17.2409 0.0615272 9.4454
-33.0428 6.75012 29.0604 6.78272 19.4652 0.617694 0.14902 12.139
-28.032 2.23566 23.3858 10.8842 77.0154 0.584116 0.615933 18.8718
-31.8841 10.6237 10.342 52.0778 57.2178 1.46781 0.13827 15.2857
-17.3989 10.1384 16.9799 6.20795 28.2665 6.96281 0.144697 11.2825
-16.1448 3.49145 33.3575 30.8132 1.36283 17.989 0.248446 11.6547
-11.2305 11.2405 17.8425 36.657 5.11875 5.38509 0.0229929 8.53723
-28.3525 12.9499 26.9328 10.5661 44.0729 20.5181 0.0575733 10.6058
-5.38102 7.40434 33.6964 38.0357 33.4122 46.9695 0.0110763 13.8128
-37.672 21.1333 29.2512 22.9279 19.6855 27.7249 0.0344917 10.6468
-5.82864 4.99674 29.5681 55.1145 18.394 17.0196 0.00917905 11.379
-18.5177 8.41 27.1834 40.783 2.78075 6.7092 0.123889 9.42472
-12.9239 0.520939 43.166 33.6628 8.81984 20.442 0.227146 13.0629
-35.8685 11.1476 43.4825 33.9275 31.5766 18.7374 0.159934 12.9502
-29.5225 12.8738 15.1393 36.4346 26.987 11.232 0.355747 12.5653
-14.8868 10.8449 25.3324 17.0129 13.1276 32.1105 0.00445004 8.26317
-31.5344 13.2825 34.3698 13.7097 20.0298 4.12638 0.000663634 5.83897
-29.084 9.36958 57.933 10.5637 28.286 9.93779 0.0777642 11.1199
-44.9509 19.8133 31.1044 1.09429 30.31 26.9785 0.000172193 9.94952
-26.5341 8.09901 34.5513 20.2822 7.54731 12.7941 0.00145108 6.7319
-10.9201 2.48633 28.0237 91.8582 42.2968 10.7466 0.00544274 17.2452
-41.4675 13.2087 38.5719 21.3273 29.4252 8.69897 0.053478 10.4669
-15.4967 11.6542 10.607 20.7738 13.062 18.1759 0.0905137 10.7553
-17.8488 16.1534 1.36999 39.7529 23.2865 32.2733 0.378974 15.7679
-30.1139 13.8387 25.4941 32.8009 15.8233 22.9665 0.00995101 8.02415
-19.816 15.853 25.7331 27.8733 5.33066 19.7095 0.0154606 8.0703
-12.3827 6.91131 38.385 6.65597 1.25384 1.75549 0.0222262 7.96972
-22.543 14.0065 14.8857 18.7683 16.9149 5.73386 0.00506276 7.02036
-35.3611 17.3141 34.9812 12.0669 14.1585 3.08591 0.0349111 7.78449
-29.0886 16.5483 22.4602 11.1341 16.7381 10.6529 0.0179335 7.18665
-22.4929 16.2453 52.006 6.42056 27.3816 13.5898 0.00176415 10.1136
-22.3651 5.42474 41.6571 13.9439 2.20983 33.9847 0.155432 11.0277
-21.7982 5.72174 38.6891 24.6709 0.812643 3.35759 0.00510179 8.03143
-17.9827 5.63438 38.9894 26.0644 14.7 7.1619 0.0323214 8.51719
-1.60113 2.08245 38.6963 18.7409 3.80287 12.1187 0.0148036 10.2253
-9.50362 5.95735 45.2897 13.4182 6.83798 3.51913 0.0133865 7.88567
-2.56059 6.51897 60.6901 20.3983 1.3387 1.57842 0.0170848 12.9903
-11.2951 6.93476 17.8514 48.6103 8.43221 4.3405 0.258466 12.0128
-13.5692 6.70484 23.1285 51.887 19.4999 5.80477 0.190452 11.7419
-18.9668 8.95632 19.5268 30.9427 4.65004 3.74468 0.125032 9.37211
-32.9756 13.0386 31.0641 39.7065 16.1551 11.9984 0.297243 12.3919
-20.9116 10.6059 47.8723 24.735 35.4957 19.6992 0.0573915 11.686
-28.5274 11.4241 47.6481 22.7818 52.8136 4.85728 0.0310108 11.4194
-37.1178 16.5775 27.3237 9.36161 40.0523 14.2227 0.186005 12.004
-19.3277 7.93618 62.8619 17.2036 18.3332 15.0231 0.0387517 11.5781
-19.184 12.1704 47.3366 0.162079 5.83536 26.3505 0.0300691 10.7145
-21.493 15.7598 29.53 28.601 17.9921 5.76131 0.0297166 8.33905
-22.8919 14.3525 14.8333 37.3527 3.18548 4.15285 0.0476288 8.29251
-24.5609 10.2021 50.784 15.5935 14.0491 25.7569 0.0149524 9.02045
-37.8708 9.94831 34.9872 9.25131 8.73624 27.9146 0.0495294 10.5343
-35.0707 22.6186 11.1559 33.3397 24.4552 3.06419 2.05933e-05 8.09437
-32.7168 17.3849 13.4462 47.3542 26.1207 3.73867 0.0150068 9.24818
-28.6942 11.5218 22.9587 28.5618 46.8494 3.80395 0.00170631 9.0681
-21.5914 8.39835 20.4588 27.2257 6.82914 3.85352 0.064217 8.8111
-43.816 18.0651 21.168 10.6274 14.2286 4.38515 0.111262 10.297
-28.9846 15.0433 26.0669 14.6996 17.6448 0.896114 0.0451559 8.01762
-15.1548 11.5487 26.1035 4.08073 13.8281 13.698 0.00198797 6.78651
-8.68841 11.5487 4.20801 35.2258 4.95713 1.55272 0.00198797 10.0703
-14.0639 4.08672 33.8538 4.44449 18.0429 12.1771 0.0610398 9.96473
-28.5597 18.1244 29.5551 22.0789 13.8269 10.3177 0.0122266 7.37407
-21.2916 9.1718 28.6079 21.3422 22.185 2.54584 0.0343751 8.17443
-36.7256 16.2535 40.2133 23.1405 14.6149 1.68214 0.0393605 8.83381
-28.5189 17.6143 23.66 7.54319 39.1651 1.3059 0.00718526 8.65666
-32.2266 18.4757 27.1663 42.0201 16.7995 16.9396 0.00340225 8.26423
-34.2762 16.056 20.5978 55.5853 25.6614 13.3941 0.0230426 10.1464
-32.4878 19.5303 23.6681 18.7125 21.0865 11.1711 0.176657 10.838
-25.7375 14.5073 29.9955 8.93648 42.5055 8.29523 0.125485 10.7998
2.16446 2.50168 46.4847 33.7477 32.1927 7.53945 0.0437894 14.2775
-26.4088 9.71695 36.1551 16.0175 29.0885 5.97903 0.0369365 8.45359
-24.3297 12.7668 20.4941 31.8529 48.3201 11.7599 0.0489637 10.8583
-20.6404 13.9928 21.1658 37.3611 45.7722 9.39901 0.00526803 9.57179
-16.6589 11.418 37.8728 12.969 9.08668 13.8099 0.00270376 6.29787
-19.6243 10.9529 37.8728 15.7576 13.3613 13.1717 0.00270376 6.2317
-15.173 7.87957 37.5964 18.2879 2.90578 10.8303 0.00837343 6.86927
-21.901 7.76619 53.2185 18.2879 3.77367 12.5607 0.00766149 7.98236
-30.5442 10.1797 40.609 41.2375 2.10047 9.84005 0.0124519 8.50275
-14.4035 7.24855 35.2683 19.6584 26.1677 12.0532 0.0105478 8.32786
-16.5087 4.42008 53.7235 21.6188 7.03525 19.2654 0.0294973 9.92273
-13.9479 3.95936 54.0287 8.25251 5.26162 12.2527 0.0188775 8.94068
-12.3727 8.40157 24.3265 29.4582 73.8193 5.16133 0.0194689 12.9971
-31.5429 22.2667 26.1333 17.9818 42.9233 17.6836 0.0196855 11.7411
-12.1291 18.0218 26.1878 12.0811 13.8757 62.4166 0.0426396 15.5543
-15.5514 10.2702 21.9624 43.0155 2.73093 21.9073 0.14196 10.9637
-20.1658 6.38712 24.4063 37.2746 11.0761 37.0845 0.0924211 11.8114
-13.2721 10.3367 25.5743 27.1468 5.08165 7.43932 0.102788 9.13916
-23.2717 11.6993 25.6203 4.66161 6.84031 9.06054 0.00334627 5.99338
-24.7515 14.1242 18.9624 11.2975 6.93049 19.8841 0.00316227 6.69502
-9.94705 6.00581 46.0468 4.45036 6.14846 30.2317 0.0686715 10.754
-29.717 7.70508 27.7656 5.65502 25.3229 15.3099 0.023054 10.4049
-13.1965 7.51357 21.6086 14.6125 74.2633 35.0957 0.381005 18.2575
-17.8568 4.66107 19.5806 22.6318 30.2157 29.9784 0.37283 14.0524
-23.3726 15.8881 24.2461 41.5254 71.0199 53.0904 0.104108 18.1866
-15.8652 15.3943 14.3807 26.7684 41.2552 21.2602 0.00292497 10.5306
-29.2742 14.2075 11.3069 7.13896 16.902 31.8784 0.0441139 11.2188
-32.1206 7.70691 52.8262 35.7177 25.3847 13.9736 0.0513518 12.0676
-24.1873 9.96752 21.8085 14.6906 6.989 19.331 0.200263 10.5031
-29.4626 8.42152 25.4399 56.7406 4.94005 32.598 0.108427 12.2968
-45.6297 21.8346 4.2511 29.6608 6.09135 16.2895 0.0132627 10.7542
-30.7973 13.599 25.3379 29.8931 12.8369 25.2662 0.00665574 7.79826
-30.1189 16.0105 23.641 13.1671 6.53292 1.57727 0.099007 8.42004
-32.9862 12.1746 36.3408 57.1155 23.3204 2.48461 0.040556 11.0397
-32.8583 20.3508 20.3388 10.0745 16.3812 8.23074 0.0933137 9.43698
-17.5435 9.77793 29.8764 69.9485 43.1065 9.76372 0.036942 13.3754
-9.24928 15.7454 35.8894 32.9459 35.8588 10.6913 0.0987399 16.3748
-26.3345 3.88286 19.7205 43.4456 47.5924 6.95387 0.478944 15.2666
-11.5367 0.190212 21.1138 25.0153 31.647 6.9689 0.204023 15.0228
-27.4756 3.80034 71.8618 2.10005 8.1412 7.00645 0.226637 13.7705
-27.2102 15.0823 3.84274 75.3567 3.57615 0.386264 0.239475 13.5187
-27.7584 6.18529 21.1315 51.4702 10.0454 3.18891 0.00160865 10.3699
-22.1231 11.6637 27.3571 21.4801 21.5434 30.8732 0.126233 10.8193
-18.683 15.4373 3.98596 37.9607 43.1713 32.3225 0.101582 14.7858
-28.0768 13.4113 9.0336 47.2054 5.20912 36.7555 0.165168 12.7006
-24.354 13.3644 38.4229 6.59963 51.6482 9.00852 0.00236399 8.80192
-34.2273 10.7597 14.9376 26.9476 35.1093 5.93258 0.000345886 10.0347
-13.2479 15.9341 8.42287 45.2774 19.5715 8.87565 0.0928906 11.8952
-20.1645 14.6655 20.9272 30.6068 4.99002 18.363 0.0767531 9.1683
-26.2155 14.3566 27.191 33.3494 3.15352 0.876892 0.0128921 7.10522
-27.3928 11.9105 28.7886 17.8934 24.7142 4.94209 0.00688029 6.95316
-29.9573 10.8286 25.9444 25.8546 13.5224 1.10201 0.0304267 8.25192
-21.2211 1.25342 44.7184 41.0404 28.0171 1.43244 0.127981 12.988
-15.4263 7.44294 32.6707 49.8414 18.6937 24.02 0.190069 13.183
-22.5102 2.32361 76.7083 1.22972 2.64077 22.198 0.107613 14.703
-31.0977 12.2637 23.2052 54.4097 45.9989 17.8587 0.0164431 11.9969
-26.9653 10.2229 16.7594 20.0634 59.4639 8.63715 0.0581839 12.7373
-21.6043 14.122 13.1031 24.5101 26.1761 14.8936 0.0787048 10.2209
-44.26 18.312 26.8517 36.124 42.1751 11.5406 0.0305128 11.6792
-42.7007 15.9946 27.1829 30.2712 13.7168 12.6436 0.164491 11.0191
-22.5221 14.1185 35.0636 48.4116 16.6569 43.6005 0.0890494 13.8467
-21.4553 8.80096 30.8521 18.5207 15.9753 13.187 0.188054 9.81607
-18.7719 13.8761 50.0517 31.4401 9.34211 5.20347 0.0136702 10.0307
-13.6098 11.4953 49.7077 40.4007 1.33392 2.86631 0.00971748 10.7238
-18.1662 5.7114 50.8325 30.3238 49.7043 7.55982 0.0416542 12.5747
-28.0367 7.21169 52.2047 4.33751 9.00327 8.70448 0.0128138 8.23265
-14.783 8.20539 46.4206 9.63311 19.7829 10.9331 0.0153735 8.14678
-30.2366 14.9442 43.6917 10.497 5.4922 8.82384 0.0342153 7.66169
-37.1849 20.0573 26.6117 19.4613 20.4286 11.1101 0.0296779 8.68751
-38.5588 20.0158 33.7404 7.94797 22.9322 10.2374 0.100666 10.5507
-26.2515 23.4802 22.4589 12.9563 8.80706 7.02434 0.0507794 10.8385
-18.1055 11.8389 33.549 1.41427 20.3228 13.3881 0.00746402 7.66721
-12.8469 9.18219 47.6054 20.7703 17.3469 15.1148 0.0173407 9.25904
-20.2577 18.8517 6.28109 50.5866 39.282 4.70203 0.0242539 12.4009
-23.8403 15.292 8.22786 33.0406 23.6785 3.17846 0.055598 9.97638
-13.8344 11.6366 17.7755 35.1079 15.7239 15.2962 0.0602024 9.79459
-22.0373 11.5215 25.2332 33.293 9.21654 17.3637 0.00402281 6.88619
-9.70488 12.587 27.5442 10.9287 14.8856 12.7245 0.00043657 7.19394
-37.6518 15.9441 32.7094 18.6243 6.23754 7.89916 0.00598188 6.44167
-33.528 19.0121 28.1803 20.6931 27.5832 21.2104 0.00598188 8.65983
-20.4776 11.505 19.054 20.6525 3.69369 5.3429 0.168345 9.5209
-25.8059 11.2279 33.2191 27.801 30.2232 6.79248 0.00766187 7.78451
-24.0362 12.3918 23.5243 29.0242 23.3358 15.3471 0.0304561 8.50569
-14.8494 10.7794 39.2103 38.511 3.25173 41.6776 0.00218832 9.98986
-26.5912 11.6651 22.1334 57.61 6.65562 3.58626 0.0104986 8.24703
-23.3304 14.2143 34.2075 11.1159 7.30878 14.404 0.0134502 6.63734
-47.2516 19.8872 21.9407 9.21014 16.6271 5.64708 0.000940784 7.83926
-24.3936 20.1765 7.66957 2.07069 20.1347 15.7162 0.00873927 10.5253
-38.4737 18.7681 34.4953 20.9966 6.66411 13.2082 0.00953897 7.52131
-33.6903 16.2838 30.5804 6.10219 2.67264 11.4405 0.00379552 6.08465
-20.3846 10.1312 27.201 17.0055 19.2553 23.6502 0.0346389 8.77178
-21.5945 12.9394 28.9256 36.2777 15.258 5.721 0.0247231 7.72504
-5.53874 7.14631 35.0762 18.7285 18.5795 4.01173 0.00788158 8.47695
-23.874 17.9052 5.02939 51.7717 11.9214 3.9512 3.95446e-05 8.05044
-22.7905 10.7841 46.5184 20.0901 1.64245 10.817 3.95446e-05 5.88777
-30.7529 10.9903 27.2901 41.4584 40.827 4.90512 0.0512622 10.8967
-34.9486 10.0732 23.3719 18.7985 1.11774 7.18044 0.138818 10.7161
-35.3875 8.94592 31.9856 31.1268 23.212 0.402701 0.146272 11.6366
-26.9148 7.47843 16.8722 30.3996 4.51441 32.3697 0.216005 12.9168
-13.1147 6.92624 45.8064 38.6821 6.46184 15.3233 0.0187854 9.55988
-24.0286 15.4563 11.097 38.54 15.6926 14.6076 0.00501562 8.13167
-30.6587 21.711 14.0641 33.8116 2.62053 10.7061 0.00603551 8.29992
-18.3546 12.4523 32.6012 8.38572 22.9831 23.3096 0.0228573 8.67786
-32.3405 11.2741 45.6437 18.0422 11.1921 12.3974 0.0624477 8.7311
-28.1498 11.4885 32.7841 9.47883 7.20266 15.2165 0.0892711 8.23582
-25.7381 8.56883 47.2421 16.4772 18.4914 7.923 0.184842 10.4625
-25.064 4.91159 58.0011 11.3428 17.9317 6.32107 0.0964482 10.282
-24.5626 13.9688 31.8377 0.639661 22.2337 6.7715 0.0265982 8.38656
-29.8154 17.0264 14.4513 5.7676 19.2379 18.9355 0.125497 10.8315
-25.6978 16.9589 11.5102 78.5639 17.9494 3.72726 0.0610673 11.9051
-26.667 7.9919 19.7723 40.0005 16.1457 10.3086 0.0939765 10.5977
-19.9263 11.4865 35.7253 40.1222 30.0651 12.9857 0.00503513 8.86158
-24.6867 11.0847 30.5144 35.6947 4.93233 28.8072 0.00598957 7.98167
-24.9965 11.013 28.8721 13.2689 16.8314 23.4443 0.00587357 7.40257
-25.942 8.14095 46.8806 24.4435 10.5744 18.1507 0.00615244 8.15778
-30.0978 16.8652 1.51927 63.8776 21.1912 22.7144 0.0113524 12.4424
-26.0729 13.5453 8.06332 43.0203 14.8985 6.59242 0.331112 12.0942
-41.8042 15.6279 8.34285 9.6461 74.046 4.44042 0.358465 17.8255
-40.7215 19.8441 11.6335 19.9309 10.1651 29.2182 0.353617 14.1917
-36.7924 21.0744 19.2331 50.26 10.475 14.5096 0.17794 12.2531
-29.7277 19.0048 30.3793 19.8693 17.0309 25.1131 0.128161 11.5334
-27.3443 15.2088 8.92512 45.4494 19.0896 23.5488 0.333866 13.2012
-16.7304 4.49471 11.2943 37.739 17.8098 12.4373 0.511346 14.325
-18.4225 7.68637 22.9069 43.8586 9.54492 22.7205 0.190343 11.254
-36.2249 14.1782 51.2314 7.06484 15.597 13.3793 0.0625983 9.96463
-21.9202 11.0343 39.5035 3.13282 45.5953 3.73878 0.0424316 9.97482
-25.3217 9.37906 37.6248 8.51949 20.3338 20.2264 0.00431478 7.51631
-23.5221 5.38546 34.2642 47.0229 21.5863 6.91547 0.0681869 10.8457
-15.7916 3.86743 45.8241 31.5509 29.3277 5.88628 0.049065 10.8931
-17.803 1.60448 54.2331 16.204 15.813 1.12626 0.255391 12.5516
2.64696 6.0414 22.8576 52.8066 16.4758 13.8302 0.157823 15.491
-19.4435 6.65238 47.4759 32.0563 13.6617 14.114 0.0218236 9.22864
-40.027 19.1993 20.2349 26.4097 62.1325 28.9889 0.0063256 12.7462
-41.6329 20.8823 22.1745 13.7139 11.6162 44.4694 0.0136731 10.5891
-30.9913 17.8575 21.4199 17.5952 9.62834 9.93008 0.0141487 6.83383
-29.2047 15.8341 24.0101 38.4487 16.6512 4.9455 0.00301324 6.78604
-30.454 19.1674 24.7415 28.9489 7.62306 6.10936 0.0402194 8.14979
-28.3288 12.4902 22.7811 61.9495 3.55833 11.48 0.0251854 9.21669
-47.1845 17.7564 18.8303 31.8522 21.217 2.55396 0.0341645 10.7155
-32.2893 13.3339 22.5087 1.1469 25.6546 7.50127 0.0444572 9.73156
-44.0397 20.6493 8.7574 43.0579 22.9314 9.63189 0.0995966 12.0857
-44.0397 24.7645 10.8464 41.3105 10.6529 13.0367 0.20345 12.7852
-25.8768 5.38791 38.1719 18.3897 18.4895 16.9817 0.171356 10.3893
-25.0096 4.4579 40.0952 27.1083 42.7592 17.6125 0.103393 12.4935
-41.5705 26.1964 21.1526 10.6475 37.9936 12.6189 0.237311 14.5412
-25.255 2.71516 29.4366 39.4225 60.8365 20.0253 0.386368 16.5455
-24.0205 4.09173 24.5288 22.8965 29.031 16.5375 0.347202 12.8051
-18.9371 5.45575 46.1652 35.5442 50.6334 19.2715 0.144283 14.5369
-30.857 16.9412 34.435 28.6231 37.7999 5.91029 0.358733 16.1047
-31.0115 16.1954 18.8591 10.4577 4.01885 19.2071 0.0712991 8.86554
-21.6587 9.70411 22.1728 29.7988 3.36429 13.7462 0.0609035 8.60107
-20.8316 11.035 30.9466 4.30746 3.59417 4.61362 0.0100539 6.22947
-28.5051 13.3143 30.9466 12.5089 5.02983 0.409122 0.0185258 7.00783
-31.2839 13.4696 59.0468 14.2555 2.74442 7.35121 0.0191158 9.67467
-23.0179 10.0422 24.5974 17.971 29.3998 8.30542 0.234822 10.9219
-27.8479 19.1793 18.7538 10.9005 17.0485 12.6781 0.150941 10.3539
-38.3566 16.0103 13.2827 8.46818 15.0112 3.93231 0.0440459 9.69645
-43.3157 17.3903 29.5863 44.5773 16.9634 9.84979 0.0243715 9.92183
-35.0288 16.4451 36.0011 17.1538 19.4792 0.532948 0.0281849 8.58248
-16.5726 8.16953 32.1642 16.0183 21.346 2.19909 0.0602371 8.64093
-24.4419 8.53901 35.6148 10.341 2.23048 9.8039 0.000406939 5.79054
-29.9434 9.9059 40.8859 10.3512 20.6613 45.9588 0.0387698 11.0844
-17.6296 17.0488 45.8666 7.26997 48.119 25.3476 0.00885459 13.8123
-17.8461 1.69301 38.3741 12.8551 8.03979 10.7272 0.0283943 10.3456
-16.6752 8.86633 39.3765 30.4839 9.69911 2.44262 0.0145735 7.55541
-2.53323 8.10667 20.5832 31.2754 24.0726 21.7973 0.0295173 11.9845
-15.4273 16.6381 29.1247 19.7402 10.1031 5.13228 0.0276229 9.00234
-29.1263 13.3769 30.4543 34.3803 10.2138 19.3556 0.0115889 7.5725
-17.8725 4.96469 38.4705 1.8799 27.105 2.85239 0.224693 11.4874
-42.1729 14.0617 23.8209 17.147 8.91731 8.10981 0.165472 10.846
-37.8658 22.9877 12.7491 16.9261 34.7497 13.8486 0.0719992 11.6284
-27.2861 9.15158 28.5926 24.494 38.0948 21.2057 0.271944 12.6337
-25.6184 6.02713 20.0293 27.7905 27.9143 19.0955 0.253276 12.6959
-28.731 8.87364 29.5888 5.54711 5.30148 15.7445 0.250387 10.9221
-32.7535 9.21437 31.3988 0.664419 8.63817 32.7771 0.226455 13.1443
-41.9974 18.5679 35.3425 11.7234 7.8191 8.75673 0.125023 9.97894
-35.9498 20.522 23.0441 34.2932 22.1975 3.82438 0.0386125 9.46307
-28.357 13.8379 13.4883 37.4842 16.2934 1.53423 0.0494324 9.21071
-42.0975 11.6831 32.5578 34.0353 20.8243 3.15784 0.000476097 9.19153
-2.97095 6.6848 34.5749 29.7803 5.81278 10.1005 0.00534745 8.80174
-4.81417 4.12573 42.8054 20.0489 19.9445 12.7629 0.0224989 10.1831
-17.4947 5.73378 48.6943 19.4668 66.4277 45.711 0.00199771 14.7639
-18.5051 16.8875 29.4321 17.5283 19.2961 15.594 0.0182745 9.04797
-17.4351 9.70684 28.446 11.3298 16.2319 32.0068 0.0182076 8.89835
-33.1027 11.9374 41.3341 10.092 12.678 28.7458 0.0373382 9.10496
-24.7297 9.60097 43.3444 1.08837 11.2565 46.9707 0.00782591 10.1679
-35.8776 16.5517 26.5672 22.9198 19.2992 30.75 0.0262575 9.44171
-32.9851 13.0284 54.5063 16.5299 7.38527 2.47803 0.00761353 8.28972
-35.0542 17.6746 38.8291 12.3552 12.031 36.3386 0.000134229 7.91285
-34.5016 13.2624 44.0229 16.2642 27.4567 70.1838 0.000240194 12.2795
-24.6914 22.5267 31.28 52.9562 14.0805 5.50268 0.00294662 12.5173
-16.1493 8.42881 33.6705 29.8668 41.437 11.6466 0.00235611 9.04752
-16.6 8.23487 30.6422 19.8184 0.742009 19.6927 0.000394114 6.9195
-14.6729 16.3718 25.7225 15.7438 55.9478 2.38175 0.00126319 10.7867
-19.4967 16.1173 22.4022 8.21014 15.1814 6.66265 0.00657433 7.06181
-33.6743 13.0564 24.8014 16.3433 4.60812 22.1126 0.00413616 7.27445
-30.7064 14.4136 21.473 13.5699 9.24839 26.4324 0.012021 7.82106
-23.3451 6.49657 52.7125 23.1561 8.51077 9.82246 0.00137383 7.86343
-17.7995 8.82263 39.2229 22.2014 0.786833 16.9741 0.1711 10.8838
-6.24198 14.3342 13.3682 19.3574 13.4258 5.56757 0.0797016 11.6967
-20.0514 11.2805 14.1348 93.1365 10.7524 35.8239 0.00351394 13.444
-25.9752 11.8659 49.7828 40.1816 36.4558 21.7474 0.0223774 12.5922
-41.2979 17.3622 49.6633 6.31142 32.4313 30.014 0.00741264 11.6973
-38.8152 17.3434 37.1569 9.46789 8.33441 22.5175 0.0139615 8.1182
-30.747 16.2185 34.3284 14.4454 13.2623 12.5335 0.0222661 7.29161
-30.2432 19.4024 29.6218 9.55563 10.9393 12.4682 0.0362811 8.30365
-26.6793 10.4223 24.9731 46.7407 9.52118 32.9874 0.00809898 9.57591
-33.6968 17.0219 20.0148 34.2884 6.06552 5.09459 0.0127585 7.0287
-36.2945 16.6552 20.011 40.9217 13.3116 19.2121 0.00766886 8.34381
-17.446 17.904 24.5928 21.9482 27.3202 5.02455 0.0123519 9.53323
-19.4667 17.3612 22.53 21.8328 3.0569 12.0497 0.175216 11.0511
-25.3242 7.57298 23.3692 9.56648 28.4179 3.67461 0.224631 11.6191
-22.5018 4.87343 31.8385 9.16013 45.5947 18.3869 0.0236951 12.1776
-29.8494 2.52222 41.1002 19.435 3.28488 16.9428 0.387358 12.4199
-24.8655 5.49658 36.1623 16.4121 0.218462 18.8103 0.0971154 10.7417
-25.2096 3.5567 36.3972 32.5388 16.2851 18.7162 0.250195 11.5826
-19.0781 14.8727 24.0588 22.2497 40.0905 17.1941 0.149719 12.3178
-27.965 7.91734 30.3157 34.3734 1.34905 11.9989 0.0922522 9.6382
-30.9408 14.6278 27.7968 5.70287 28.5455 39.4843 0.0508843 10.9941
-36.3891 12.1252 40.4417 24.4388 11.3 30.2277 0.000650162 8.35255
-24.7538 11.9889 24.1062 22.2781 6.58382 16.3692 0.0268027 7.39908
-24.6218 13.6014 27.4457 33.1186 9.46221 4.18286 0.00229189 5.92106
-35.7089 18.685 20.7415 37.7353 4.25809 11.6838 0.0210964 7.99846
-15.2214 9.728 23.3284 48.0026 8.95463 6.67191 0.042383 8.91937
-32.1049 15.0902 36.0776 5.94378 15.0677 5.81331 0.0259229 7.17585
-28.9054 14.5418 32.1925 13.4783 4.21552 12.6081 0.0113002 6.24415
-27.8662 7.78107 29.5037 21.8566 8.12375 7.65186 0.252222 10.1254
-23.9748 15.6278 34.7262 10.0823 8.67417 9.24711 0.00424764 6.09771
-32.6969 9.27697 39.4068 14.2099 19.5698 10.0602 0.101969 9.35437
-33.2309 5.59635 18.3818 30.5732 15.9216 1.99333 0.213126 13.5739
-20.8214 14.0782 32.4877 52.7139 2.61192 3.09776 0.0569198 10.1346
-30.3608 21.6874 29.4901 3.67727 1.81591 8.44186 0.07407 10.3599
-7.6251 2.92368 28.137 24.3661 1.96625 3.84161 0.000325702 8.6011
-22.3255 2.54611 36.8592 45.4442 25.3574 2.59744 0.245224 12.5007
-56.1083 13.9604 24.0606 53.2905 11.4116 3.76198 0.418237 17.558
-14.7062 10.681 30.0001 75.2806 16.125 15.4227 0.058472 13.0244
-37.9644 10.5405 30.785 55.282 6.58019 60.2344 0.22309 16.1498
-45.0315 14.2479 10.3903 41.7767 12.4306 20.2873 0.204333 14.5888
-23.2865 16.0975 29.9623 52.1437 12.6631 8.50193 0.191245 13.4227
-6.38329 4.14386 3.02758 37.3567 16.9954 3.58382 0.00750416 14.4303
-18.3866 10.2328 14.3409 5.15021 28.3733 0.456867 0.113842 12.2077
-12.5804 10.8877 14.6812 1.03437 4.10373 1.4917 0.0216479 9.84389
-15.5743 6.97201 41.1902 9.72868 15.7683 28.6565 0.00385073 8.30515
-43.914 12.2396 33.158 15.2378 12.8777 16.5153 0.0157322 9.96441
-31.8694 8.98365 53.4834 5.69497 45.1043 3.61545 0.00950209 10.7526
-23.2752 9.44704 30.8029 11.3701 6.57907 18.1704 0.0297297 7.61324
-37.2208 13.0109 54.9816 1.41984 52.0051 21.8931 0.0327237 13.7503
-19.3556 5.31664 46.3116 9.3651 26.9806 0.654243 0.0373611 9.7928
-23.6236 9.31999 42.2855 4.64252 42.674 44.5619 0.0337948 12.4224
-35.8716 21.2075 22.4847 5.36357 7.48499 2.29808 0.0368946 8.41948
-36.0859 18.6422 18.8779 9.67699 7.94422 18.2868 0.0121969 7.6624
-15.0066 13.9375 36.6023 19.4629 11.1998 7.25732 0.0290266 8.58186
-36.364 16.3776 39.3734 30.2433 11.0226 12.7882 0.036164 8.98465
-29.952 18.4989 11.4402 18.2698 3.35562 14.8693 0.228606 11.2192
-21.9939 13.8558 23.7585 22.2678 21.7253 10.44 0.0652164 8.68194
-29.1553 14.1251 29.5104 12.7369 16.36 19.7719 0.0387535 8.0428
-36.1008 18.1064 33.3205 24.7799 6.66584 12.2077 0.0104778 7.31131
-15.362 8.78542 33.637 21.4432 0.579939 10.0286 0.100932 9.40299
-9.1041 7.97402 21.6649 4.7561 23.9202 6.36898 0.0108362 9.21968
-14.2156 2.94658 41.4439 30.0895 12.5033 11.4919 0.0879074 10.2159
-13.6514 10.3731 36.7051 28.0589 16.8006 16.4394 0.0493277 9.57388
-1.31742 0.487454 59.1585 31.0305 16.185 14.3407 0.0189899 14.3768
-23.7141 2.40042 46.9124 24.0358 4.38959 24.4793 0.133413 11.2059
-19.3809 11.2766 35.7282 35.0696 4.95969 14.6748 0.279592 13.106
-23.1672 13.3511 27.6405 13.4762 35.2664 7.75632 0.36891 13.2079
-35.4399 11.6698 37.9655 12.5849 26.851 3.93946 0.173366 10.4191
-27.4905 19.821 4.00598 38.5175 5.62686 6.55746 0.0615258 10.1067
-24.4676 12.1675 19.7394 30.8557 6.36523 4.70158 0.0578198 7.9588
-36.9125 13.4054 34.011 23.9162 12.7784 12.9866 0.169109 10.1308
-28.8116 11.6408 10.8715 14.8225 26.6664 40.4571 0.0433452 13.2261
-45.5898 23.8198 31.3156 5.81541 16.1391 7.83267 0.0186826 9.86205
-21.0985 13.1083 33.0793 6.3239 8.54632 14.6077 0.00161119 5.77801
-26.6303 10.8494 19.3191 7.53838 16.7339 34.1836 0.00431856 9.41758
-39.0933 21.7146 28.2134 19.4099 25.6605 8.07124 0.00324947 8.37395
-31.8282 18.3626 31.0066 18.1339 28.4776 15.5786 0.000524985 7.40798
-32.2667 18.5665 30.1028 11.0561 40.0597 12.7261 0.0097652 9.05684
-21.624 11.1605 34.9219 12.2179 21.0853 18.5316 0.0146271 7.61659
-15.934 7.05826 30.4173 13.5305 43.8764 10.357 0.183031 11.8486
-46.5837 17.4619 28.1963 8.31691 3.18769 18.5148 0.156223 11.6541
-16.148 16.4626 27.0757 1.57117 17.9175 19.199 0.020109 9.95618
-16.7115 16.1866 9.52525 45.574 33.9803 13.1484 0.0549149 12.0625
-34.5795 14.1337 38.8649 31.3778 14.4684 12.4692 0.094802 9.86596
-35.5125 5.3608 37.8568 25.2155 1.23522 39.7156 0.108094 13.715
-34.2145 7.14666 35.2298 26.2456 37.7509 25.834 0.313587 13.9259
-14.3387 11.4306 12.1244 32.3127 59.6244 12.7622 0.0106791 12.3725
-17.4321 12.7377 35.451 25.5559 35.4993 17.0053 0.041312 10.5373
-37.6522 12.3546 34.0115 34.8832 45.2578 28.486 0.0386813 12.9215
-28.9056 17.4506 28.4982 13.3987 18.1217 26.5839 0.0105092 8.19403
-24.5409 12.1315 25.5915 12.3617 27.1469 50.8426 0.0166401 10.9615
-21.4208 9.47085 25.4838 6.14844 32.7648 12.5628 0.00519571 8.40321
-25.8992 17.9748 28.6658 6.14844 2.71926 33.2886 0.014316 8.92294
-38.7433 16.0948 31.6997 17.738 8.93053 28.0646 0.0101919 8.25344
-35.9104 22.9293 37.975 33.4162 18.4427 25.5719 0.0133606 12.6823
-38.1969 15.288 34.3432 18.4704 30.4911 5.63859 0.0744678 9.79422
-24.5025 8.88362 25.3024 45.4123 1.33263 2.41805 0.0188618 8.67235
-17.3624 6.66061 57.5984 20.1536 7.48095 8.456 0.024907 9.38182
-30.9724 13.6101 34.3771 17.1758 2.10863 5.18555 0.0155364 6.47604
-33.4318 11.9457 34.3296 18.3687 1.76228 6.49839 0.0614588 8.031
-16.2811 11.5275 45.9426 21.9834 5.98624 7.44595 0.0111988 7.82638
-27.374 7.52931 47.4933 10.1028 10.5826 10.118 0.0180347 7.9082
-27.3134 7.53487 43.6142 8.13739 9.84034 0.869382 0.00811318 7.70682
-28.3266 14.9919 34.422 22.5276 6.11606 28.4283 0.00842615 7.64156
-37.3937 13.6115 48.5794 10.3608 11.9278 13.1459 0.0472979 9.1459
-18.8134 9.2186 36.6201 17.9043 7.98474 2.18824 0.0156369 6.71843
-30.4002 14.0917 26.5571 7.24022 9.96149 0.684941 0.00134957 5.99795
-19.4882 10.0519 35.1786 62.2812 0.970956 5.63404 0.0660097 11.0574
-16.5633 8.84468 29.2732 19.5538 5.50549 1.24962 0.00244711 6.28917
-32.9756 18.7787 10.8714 37.4865 11.2843 2.1223 0.0690357 9.39853
-18.7302 10.8907 38.8543 30.235 15.1629 31.5801 0.0519846 10.4207
-21.058 6.74462 31.4453 16.3503 14.0842 13.8431 0.136759 9.46214
-30.0647 6.83221 29.5022 37.1049 11.4103 38.1597 0.127905 12.458
-30.154 7.86185 46.8039 18.3205 2.77932 11.4604 0.154408 9.67874
-19.4075 9.94407 29.1005 38.5534 6.74968 14.257 0.13021 9.66766
-21.7437 6.87554 45.4025 17.1674 15.6004 1.94189 0.00355308 7.36859
-21.162 12.8631 34.1842 2.73743 4.10985 9.52572 0.0214066 6.95296
-18.3709 15.6288 21.0825 12.3034 4.96752 5.4796 0.0169436 7.21158
-28.9157 12.4743 19.9998 35.5383 14.2797 7.22642 0.00680585 7.30253
-25.9393 15.7218 17.8652 13.3109 14.3512 7.02408 0.0094239 6.778
-15.1124 10.9603 29.4945 14.6091 14.2071 18.5996 0.00138471 6.6566
-28.5947 18.082 28.5495 4.62607 14.2144 8.0645 0.00208292 6.33536
-30.8167 20.3965 25.6831 19.2131 14.3915 33.2419 0.0124588 9.59228
-22.7321 16.7702 33.9614 48.7507 3.72879 8.69131 0.00903552 9.10597
-16.0844 5.78861 28.5767 48.5231 20.4174 6.47813 0.0315112 10.1446
-24.4142 10.9781 19.6296 50.7204 27.9454 0.704861 0.0293211 10.376
-27.5882 12.2241 24.5611 23.1871 10.8646 10.6119 0.00071602 5.74863
-30.8888 14.4603 25.0843 27.3039 6.38885 5.50397 0.001569 5.60567
-32.9942 14.1337 31.7243 24.9576 3.04197 8.57595 0.00291206 6.01692
-35.8986 17.0951 25.1091 31.5265 11.8229 34.0177 0.00106469 8.14443
-29.3477 12.7286 29.811 4.64154 6.41217 1.88463 0.122507 8.7174
-26.6849 16.5907 32.2417 22.4951 69.3724 2.40911 0.0346434 12.4551
-20.595 14.7349 20.6572 11.6566 30.5269 6.51473 0.0346434 8.78785
-46.2078 20.746 23.9208 13.1518 30.9937 17.7596 0.103664 12.0988
-38.1403 19.3582 53.3991 14.6537 11.9354 19.8946 0.0841248 13.7993
-44.6791 5.60416 51.6118 0.416301 4.64798 11.1281 0.114767 14.1674
-25.7368 10.7116 42.0478 4.3738 4.27484 26.297 0.0650383 8.96405
-15.3324 9.14115 41.9558 37.0925 12.6836 21.9739 0.0285697 9.87356
-33.2452 17.9703 42.0205 5.70022 2.2562 18.4033 0.00803109 8.01152
-30.5224 11.771 41.3946 27.6804 10.2182 24.015 0.0375857 9.06189
-37.4264 9.99384 40.5218 24.929 2.79936 9.54251 0.0848956 9.5835
-25.9873 11.438 40.1587 20.6528 14.5001 14.4757 0.0597111 8.4249
-38.0029 10.1086 43.6604 8.97539 6.87145 15.9097 0.127963 9.9795
-25.871 7.37203 30.3849 29.7362 27.4491 14.4633 0.189546 11.0052
-17.6054 9.08302 35.1589 44.9532 18.0251 4.22075 0.0682055 9.82826
-27.9369 5.522 30.6675 19.9638 9.65345 8.76841 0.0457014 9.84999
-21.6555 7.03122 20.37 47.1375 14.1958 6.68448 0.173813 10.6991
-24.2212 4.55575 45.3512 47.5452 14.473 4.13008 0.194699 12.1014
-15.2085 2.0915 60.3064 21.4517 7.96528 6.58492 0.0196708 10.7684
-17.5367 11.1523 34.7733 16.766 3.38756 21.4308 0.0767388 9.00982
-23.0886 9.86588 10.8868 51.6468 6.88069 18.1508 0.0817389 11.108
-22.7469 5.69294 25.1849 33.0965 1.35174 21.2265 0.0625132 10.8798
-41.4878 21.6496 7.36662 18.4073 25.2509 12.2188 0.261123 13.5243
-43.6841 18.9883 29.9908 23.2181 30.3049 39.7932 0.0148183 11.7991
-28.7052 17.832 35.7099 26.5582 19.505 25.871 0.000622099 8.31655
-46.462 16.466 35.7302 25.8502 18.2128 4.0174 0.0178278 9.54943
-25.5394 6.16107 31.7088 13.0613 15.1969 17.6942 0.0020401 8.56264
-22.3294 9.56396 18.9256 15.9426 16.7837 8.24145 0.0658197 9.16863
-28.0673 20.5071 41.749 5.26022 24.9187 1.37186 0.00993466 10.5511
-35.4325 12.3043 12.0586 11.9726 1.16022 8.60209 0.00637429 9.618
-13.511 9.22413 34.7946 31.187 6.09116 7.7892 0.00117101 6.4438
-24.071 11.5752 37.3756 46.5011 15.4193 6.96235 0.0464031 9.37834
-29.8136 4.74832 40.4909 45.492 8.93759 6.1055 0.250152 11.6118
-22.4301 6.90666 30.5871 23.6371 23.1275 6.70479 0.180851 10.1015
-23.5123 12.1563 31.4933 34.6273 17.4749 7.20917 0.0199387 7.60521
-26.1487 12.5444 35.4072 16.3396 15.5757 19.6264 0.00657347 6.92503
-33.5969 16.6121 37.0183 16.2689 15.1437 10.6933 0.0612478 8.66225
-27.4813 5.04494 31.7187 35.7984 22.2264 20.5608 0.160127 11.8191
-33.4971 16.1192 20.1368 38.3357 24.2512 89.655 0.0762204 16.5825
-17.5002 12.1595 24.6632 12.1129 24.5738 16.4981 0.00779488 7.79039
-23.9556 2.47459 34.6786 21.6487 13.1205 10.9638 0.325431 11.4721
-18.2342 3.94195 37.6955 17.5187 15.0348 13.8908 0.00362634 8.65267
-31.061 10.9495 30.9144 16.1475 9.77879 14.4621 0.0465034 8.04196
-35.9459 20.9067 25.0813 28.1065 5.06443 0.928231 0.0742978 9.67813
-19.9707 13.0345 6.18268 38.9882 1.01888 12.5607 0.245037 12.3366
-23.124 13.3304 35.3223 11.8991 22.371 1.41596 0.0632266 8.65906
-22.0172 15.0897 37.68 24.4702 11.2408 2.69206 0.049855 8.83642
-14.5319 7.58367 40.2791 2.59435 17.6482 17.8169 0.0388684 9.04924
-20.6154 16.3898 37.7344 21.9698 15.3538 25.1837 0.063486 11.3367
-31.5159 18.3393 43.3468 14.6608 25.9629 4.25934 0.132061 12.4991
-22.9807 14.5409 49.2144 14.0691 19.0707 8.2151 0.127078 12.3803
-36.021 11.8116 45.4966 15.4116 10.0765 3.95427 0.105271 9.20207
-22.1146 8.47088 43.549 15.0998 5.24106 3.59134 0.046965 7.53008
-24.6192 9.59202 14.1407 9.34051 6.31462 57.0102 0.0135531 12.7679
-24.4823 18.5979 18.019 1.27721 12.8091 23.7525 0.00799097 9.17207
-22.9054 12.4313 23.7608 12.2579 9.90908 39.846 0.0116797 8.76062
-25.0765 18.0429 12.5037 19.8735 14.4223 23.3668 0.0163208 8.96587
-30.1674 14.0686 17.7341 41.6425 33.4987 43.9383 0.0135867 12.0248
-22.9016 10.4101 24.2974 29.1213 5.21285 3.5271 0.13518 8.83952
-37.4675 13.1192 29.6572 11.8958 10.5962 14.6386 0.1475 9.86982
-26.4429 13.879 22.0145 12.9412 3.3404 34.2037 0.0636501 9.58567
-28.7212 12.5098 37.3784 24.9702 5.77931 0.572692 0.00136016 6.27229
-16.1676 12.5861 10.8761 37.4829 24.0552 7.18275 4.15494e-06 7.56005
-16.214 13.0469 25.419 30.3346 19.6812 2.83295 0.0129767 7.87346
-17.2591 12.1839 14.3599 32.5185 12.9386 8.6222 0.0503426 8.92734
-21.1244 13.3464 30.9493 11.8614 5.46133 16.4839 0.0525959 7.86178
-27.4634 8.96446 0.763944 71.503 4.80343 36.5695 0.266123 16.3362
-24.951 9.18725 14.6439 26.887 18.0213 66.0079 0.25144 15.6891
-26.2761 13.5978 21.1547 24.2406 50.0979 20.3015 0.0289619 10.8707
-26.0154 17.5227 13.95 21.2804 5.00892 16.1437 0.052028 8.69797
-44.529 6.86786 41.9114 2.44323 6.04634 26.6322 0.0329734 14.5605
-22.6658 6.9771 47.8114 25.3254 0.691718 33.1766 0.0224852 10.5387
-32.0596 15.1387 39.3413 37.1181 16.201 34.5808 0.01164 10.2131
-30.5941 10.7794 27.9767 22.7524 15.7654 6.93913 0.106327 8.92362
-15.2648 7.46035 28.2844 52.4321 34.1959 11.2052 0.207684 13.5442
-26.1273 25.7432 5.35156 18.7165 19.0616 3.94014 0.211609 13.2854
-17.4801 4.97742 62.6955 11.2971 5.03529 3.77124 0.191152 12.7168
-18.1028 3.04998 44.2673 18.7082 4.09839 20.0613 0.0100413 9.54452
-17.439 8.62272 37.5049 43.5242 1.76247 40.2923 0.0150885 10.7663
-39.017 17.2556 16.2049 52.2722 5.93944 3.83542 0.0028454 8.02489
-37.1442 24.1179 18.486 62.1024 10.6808 12.7693 0.0028454 10.9653
-26.4955 16.1549 7.96771 78.9236 13.4988 3.23507 0.0028454 10.1386
-33.3572 12.6496 7.96771 45.2893 9.07046 8.32444 0.0028454 9.38044
-26.0892 15.0093 6.8012 31.2426 7.18085 14.5194 0.165375 10.998
-34.039 23.1043 11.3822 47.2008 6.9955 5.69506 0.0562246 10.409
-33.921 20.7793 13.8927 40.9921 3.95705 20.0785 0.0470812 9.88337
-23.6453 12.2026 36.9207 24.5384 2.29261 27.9409 0.000518663 6.83481
-26.172 14.9036 28.87 26.1209 9.43626 2.3177 0.000518663 5.37704
-29.4197 15.2503 29.0699 39.7306 32.3891 0.814402 0.00331559 8.6505
-39.731 17.1688 33.7344 36.8386 11.482 11.1009 0.00198675 7.61212
-31.6974 14.9001 32.0128 15.5747 13.4077 7.34731 0.00110532 5.49763
-34.9457 13.821 24.9327 58.4002 8.58592 26.6374 0.00269416 9.49883
-26.3249 13.0575 26.92 23.5204 7.60982 21.3942 0.0181183 7.35528
-24.2351 13.3759 14.6409 18.9505 1.57869 17.2226 0.0530821 9.02148
-18.1445 6.00077 30.4618 17.5392 2.4054 13.1003 0.0613872 8.85042
-25.201 12.6438 19.96 27.2409 12.1514 13.4782 0.0984989 8.93934
-20.9475 12.8758 36.7055 10.0935 3.92756 13.4872 0.050166 7.7895
-18.2705 13.0608 37.3682 7.84 10.9866 12.0082 0.00452458 6.51204
-22.5305 13.2745 24.5835 11.9623 25.488 11.93 0.0141407 7.57114
-22.6352 11.7012 25.2898 24.8165 28.2387 3.49724 0.0257018 8.16798
-14.9149 10.7337 32.1128 14.4127 4.48611 5.11873 0.000603789 5.39745
-19.9952 14.2907 21.9062 48.5559 57.4523 6.09059 7.09593e-05 10.2081
-21.749 8.06356 34.1496 5.953 38.0114 4.56185 0.000569545 7.78609
-23.8036 12.5943 47.5019 4.91888 5.01271 9.02843 0.00184298 6.25295
-24.6852 12.3263 63.324 5.35762 1.88358 22.989 0.00308183 10.4136
-20.5362 14.2864 34.4494 2.49922 1.55632 1.70034 0.00343203 6.62341
-10.3084 10.292 30.9409 5.43805 6.68372 37.9627 0.00416024 9.05599
-17.8412 11.1894 29.0023 5.23236 28.0911 27.7095 0.000830887 8.09295
-25.2655 10.4357 46.7413 11.4143 2.62992 18.9256 0.00044808 6.3774
-17.6552 6.26408 42.0749 27.4447 2.65515 8.54566 0.0152273 7.88146
-26.5864 8.08903 53.8601 26.2503 2.42457 1.59015 0.00354525 8.47836
-11.2217 7.54111 33.2033 23.8762 8.37495 22.2237 0.0100553 8.24723
-21.2417 10.9187 32.9732 22.7992 10.8212 13.7007 0.0617723 8.04864
-17.1967 11.4352 25.6587 28.9512 7.90989 17.9148 0.0835824 9.09682
-30.4749 20.4038 12.0121 45.1746 5.45568 2.01352 0.0023188 7.90681
-24.666 13.1403 25.1025 9.26635 1.88331 8.40806 0.0513544 7.53541
-7.14509 10.2302 31.5021 3.17447 3.70947 21.3416 0.0381216 10.0028
-22.595 10.85 42.4913 13.1922 5.31317 33.5901 0.0832748 9.97551
-21.6982 11.0958 49.511 69.6282 5.42383 27.9143 0.166801 19.5609
-15.0429 9.69462 17.2327 20.0374 13.9259 29.6176 0.0134905 9.53892
-17.1173 10.4053 28.6808 57.7486 11.263 21.3044 0.00363693 9.13193
-26.6122 14.0515 29.6786 4.79456 2.67445 66.06 0.00147229 10.1247
-15.0464 4.83251 55.5237 22.2354 3.67839 0.818875 0.0320679 9.97422
-25.5622 16.3486 30.42 36.5059 6.78983 38.9165 0.0382191 10.6121
-42.077 13.6797 47.0432 17.5654 18.512 32.5359 0.0139137 11.0947
-31.5074 18.301 19.6008 24.7607 12.2516 21.9398 0.0129995 7.99013
-37.0459 16.7344 17.7974 5.7516 51.8826 8.80836 0.00122126 9.74273
-40.4088 17.5903 29.5736 7.05405 21.8081 7.36943 0.00122126 6.94299
-40.4088 16.6844 1.69556 7.36625 11.8955 5.69949 0.00122126 11.0388
-23.369 16.6893 33.2195 4.34181 24.665 5.85589 0.00122126 7.00654
-26.1236 11.7649 23.5464 11.1676 3.9243 9.76243 0.0522545 7.70701
-39.3422 21.0183 27.3529 32.653 5.00742 5.22956 0.0687518 9.61032
-28.7633 11.5839 46.7169 20.7436 5.16668 29.2028 0.0660865 9.99266
-32.8241 15.7662 32.5823 56.3622 27.1695 14.9689 0.000922287 9.53395
-45.2813 13.2268 54.3933 7.87672 12.959 16.3122 0.172765 12.856
-19.4161 14.4318 19.6011 9.07612 25.1291 14.5695 0.0273297 8.80232
-23.6628 12.3441 42.1119 9.07612 20.1702 5.8123 0.0177739 7.30819
-19.7574 13.3926 18.8062 15.1652 2.29244 17.9367 0.0366901 8.27698
-16.1179 4.85374 35.2551 37.8774 1.60287 14.5456 0.0282925 9.56597
-33.0897 12.2092 26.6967 23.9563 7.84397 13.3434 0.15912 9.5363
-32.4964 18.0885 32.8133 22.7963 25.8591 6.29018 0.104869 10.4183
-14.0992 13.2513 13.3707 23.6425 17.2193 29.9115 0.0229532 10.4046
-16.2718 15.6155 20.0706 5.12549 16.7652 27.3215 0.0208773 9.83962
-14.6405 11.6999 21.2397 6.70687 12.361 3.70775 0.0405161 8.28893
-28.1443 18.8509 15.6097 39.7336 8.81799 4.94611 0.00927597 7.63323
-16.2542 19.0783 12.6863 45.3098 5.25302 12.4763 0.0641528 11.5355
-31.7856 12.4572 44.9427 12.7401 15.6082 12.5353 0.0490826 8.48332
-37.7078 14.955 36.7597 35.2903 12.3776 19.3519 0.198613 12.1529
-41.9853 17.5007 29.4695 19.1148 14.342 8.50314 0.108597 9.73104
-39.1404 14.664 32.4249 10.3012 2.54157 2.67644 0.0563521 8.29358
-31.3809 18.5133 44.8334 31.6413 17.837 7.8493 0.0176121 10.4436
-35.4078 21.3901 29.6039 51.8838 29.718 10.2986 0.0970237 14.0314
-26.995 9.94501 43.3231 22.9708 29.01 0.723541 0.0974783 10.4868
-9.08936 7.55105 36.3035 12.064 11.9293 37.6422 0.0325272 10.4551
-1.25553 6.90761 38.057 18.3279 60.4766 19.1392 0.00494562 13.513
-15.6214 9.58679 26.5543 21.0352 14.1651 45.0325 0.00230455 9.26344
-33.3032 14.2007 31.3454 12.9767 23.3127 8.45621 0.0182976 7.49744
-21.4493 14.089 37.5179 11.7543 44.7134 7.82194 0.102389 11.5661
-30.0008 6.7422 53.2826 1.19863 7.46131 1.79281 0.0393858 9.61809
-28.826 20.3541 13.7582 56.5725 37.0243 10.5579 0.0234711 11.8758
-26.3262 15.1379 5.67829 45.3246 30.2814 4.93343 0.0281649 10.7159
-27.226 15.2306 39.7672 35.5103 7.90898 1.8394 0.0303377 8.74271
-31.3345 13.3347 25.1738 3.94544 7.41102 3.50715 0.00629657 6.47015
-33.8324 7.63177 31.734 3.76629 10.9508 16.5114 0.163492 11.343
-15.8902 12.2385 11.4798 45.5327 8.70087 7.46519 0.0191868 8.8632
-13.5136 11.3754 21.4959 40.7254 26.2695 12.1668 0.0172268 9.48486
-32.4048 12.2484 35.9153 29.3705 1.26575 15.118 0.324641 12.472
-22.5383 19.961 1.31216 34.5683 7.5525 41.4956 0.239745 14.9571
-28.0401 15.8533 2.05872 44.0399 13.4994 43.7112 0.287302 15.026
-11.1918 11.7136 0.296157 42.1753 16.8646 28.734 0.10586 15.4644
-29.5964 17.5772 14.1353 41.3884 9.66193 18.3934 0.0480665 9.26789
-15.6322 18.4864 17.6052 0.370375 18.0984 43.6627 0.0915449 15.2696
-29.991 12.8898 38.7111 5.52421 15.1134 13.0849 0.179533 9.98228
-14.2287 11.5362 9.23186 66.212 19.6213 11.3552 0.109494 12.3642
-26.4465 6.53386 27.3623 2.75748 19.5737 7.6675 0.0534342 10.5181
-25.4585 14.5906 19.1261 30.7246 24.5704 11.2957 0.0474436 8.89376
-43.4224 10.2002 42.4281 10.463 2.10596 5.43075 0.272933 12.008
-31.6089 5.96121 37.017 1.9262 25.1892 5.80977 0.0428118 11.1721
-16.4209 6.31106 44.2528 8.86022 15.9835 2.97081 0.0117737 7.58566
-15.8011 7.13598 62.9684 16.8492 24.3707 19.2607 0.00977153 11.6181
-7.60788 8.24205 47.2464 48.9233 20.7198 29.6224 0.0522065 15.0868
-17.3612 9.69462 36.9764 27.8874 23.8188 20.8835 0.00650959 8.45535
-30.9628 9.84247 44.9468 21.28 11.6685 5.11304 0.0292716 8.03768
-13.9361 10.1256 47.9823 6.67265 31.367 5.13811 0.0164475 9.38464
-18.4893 10.9307 24.816 26.9638 24.414 14.9317 0.00218001 7.39938
-26.4907 6.17696 45.2898 7.2906 13.1515 4.23718 0.15869 9.32254
-0.23117 4.17749 45.2898 22.0101 11.6428 29.2949 0.0306451 12.3732
-30.7389 8.80805 41.2065 41.7128 1.67616 3.16842 0.110251 10.182
-40.7555 8.16404 61.9843 7.10218 37.5084 16.493 0.0749912 14.1657
-13.0202 17.5225 7.06515 24.2934 41.6205 9.97891 0.301845 15.1109
-18.3203 23.3314 5.79103 29.657 41.1441 39.691 0.148883 17.6879
-34.32 15.3395 20.4236 36.6103 14.3308 2.12274 0.107413 9.50072
-35.5146 13.6502 24.8729 18.2704 19.2264 15.6243 0.217206 10.9392
-25.6118 11.1115 10.7959 54.4575 56.7834 22.862 0.267928 15.5555
-20.2725 11.2283 13.3306 25.2878 30.9765 19.5431 0.0821435 11.2796
-29.9373 15.2913 35.0268 4.25231 8.64259 4.83315 0.00945788 6.20761
-36.9546 17.5621 36.4925 26.4947 6.68224 10.921 0.0100143 7.49873
-28.0788 17.2745 30.462 3.46049 29.8189 15.9041 0.0103573 8.49678
-26.9341 17.1111 22.3205 12.1973 30.6153 15.2827 0.0573935 9.57805
-18.444 11.5397 32.3976 11.5316 12.6687 8.74664 0.00354939 5.93561
-13.0081 11.5605 54.2733 16.7303 4.58221 6.99378 0.0351434 10.8206
-30.0619 11.5262 19.4804 33.8469 8.47676 3.1764 0.00235195 7.05662
-21.459 10.7235 19.4804 30.0768 3.20795 0.903793 0.00235195 6.91005
-28.5373 10.893 40.6999 14.7701 12.9262 1.89681 0.00457911 6.45238
-28.6699 14.5468 38.0435 24.8491 19.1253 4.07174 0.0616856 8.80859
-42.3683 22.851 16.7861 31.6171 37.6663 6.72044 0.0796108 12.0406
-24.9497 14.823 19.6181 6.71854 3.15053 5.7602 0.0626211 8.04265
-30.0289 15.4059 37.3251 29.6122 53.9744 22.0849 0.0409075 12.5304
-27.4124 12.0282 45.1841 19.9372 15.9824 12.0571 0.0299483 8.22423
-35.203 16.757 32.1948 21.3697 19.5478 17.7655 0.0532398 9.13084
-46.4364 20.1125 40.0116 19.8883 1.25954 9.20885 0.0691017 11.0196
-23.9493 11.4522 35.7916 24.0139 13.4576 10.7718 0.209707 10.443
-35.1342 8.45864 54.7256 8.13479 20.8939 8.36436 0.308826 12.936
-34.9923 27.4055 17.7555 13.6663 8.9491 1.30562 0.270084 13.4878
-33.0659 11.8186 56.6789 7.16539 16.7621 8.88452 0.145318 11.5542
-35.1592 9.2529 50.8782 11.6816 6.59357 3.07065 0.00764997 8.26047
-15.2919 7.01166 33.8825 37.0742 12.4654 8.41327 0.209981 11.1158
-14.9751 5.99452 26.0247 19.5538 19.8887 18.5493 0.325175 12.3963
-15.4409 8.15395 14.04 23.3066 17.3141 6.6594 0.250466 11.7817
-20.3292 14.7862 13.3125 33.1324 13.3186 19.5807 0.0500692 9.51153
-12.2756 13.547 8.24066 34.7395 21.0959 9.2627 0.0337237 10.6276
-38.3564 6.65671 36.9223 32.9448 2.15692 7.40243 0.175091 11.4764
-25.7541 6.30463 67.2542 5.91429 6.51647 11.8406 0.110699 11.6609
-9.61641 1.59018 49.5785 3.14814 4.1576 17.2658 0.127316 11.2966
-11.398 5.31138 37.3497 5.5562 1.30134 3.37875 0.00683959 7.72113
-13.7261 2.2123 44.3312 14.2431 7.01374 9.12172 0.00238368 8.58132
-11.3065 5.38544 40.0279 12.7273 3.08162 16.1479 0.0215694 8.36633
-27.851 10.8145 36.754 16.2788 5.05413 36.5223 0.0896981 9.96231
-34.5673 12.9979 21.2996 25.5505 6.70387 8.79038 0.00534167 7.1126
-24.0257 13.3029 33.5769 17.6518 29.5712 3.63235 0.142379 10.2553
-25.7229 11.3469 18.0391 23.3907 47.2604 44.5733 0.23924 14.9936
-38.1479 11.464 42.1894 23.2131 27.6211 10.332 0.205998 11.9298
-36.0316 10.6544 33.2387 28.4526 31.4541 39.666 0.0574225 12.7823
-27.274 10.9237 16.3513 14.0747 4.07598 5.32321 0.0103781 7.72728
-24.7975 11.4253 41.2845 33.7377 16.7474 11.2451 0.023491 8.44529
-43.2651 17.7513 30.4029 11.8159 8.18451 4.09914 0.107214 9.50057
-21.7892 10.8248 25.3425 12.534 1.84986 6.30232 0.045457 7.51553
-34.9966 12.1576 26.6076 47.6985 12.2888 15.6385 0.0348992 9.69497
-19.1283 15.2326 3.7553 3.37429 4.67005 33.4442 0.0255384 12.4413
-36.8206 19.445 16.6121 23.2563 23.2958 93.8698 0.0379047 16.3331
-28.0625 20.5821 25.2662 25.8494 10.962 49.8871 0.0702205 13.0189
-24.6136 14.7226 8.8412 42.8056 13.5525 34.7705 0.0728173 11.6484
-22.9088 13.2521 26.2701 14.6267 8.88406 16.1822 0.0110905 6.60011
-25.0775 16.5895 15.6965 26.3565 3.21199 32.2538 0.0103648 8.69524
-28.597 12.8949 22.7193 62.2496 7.72708 39.391 0.00409478 10.5112
-26.9071 3.11933 47.7549 34.4721 26.5617 18.5723 0.034488 12.9577
-19.4249 7.10591 39.1191 24.6446 17.5006 7.58349 0.00321542 7.22004
-6.10252 10.7881 21.2201 3.0092 18.9894 7.95304 0.233476 13.474
-32.7588 12.9834 35.6924 16.141 31.4689 5.7597 0.241685 11.4621
-9.97654 1.23277 24.3352 10.4901 20.3853 11.5419 0.357338 14.0727
-49.4329 16.7481 16.7809 10.8281 12.3148 14.0645 0.090982 12.7986
-30.8483 12.5314 36.0096 13.1074 25.2351 20.8715 0.188541 11.0181
-37.5132 14.4426 36.5789 12.1444 40.1146 1.10024 0.00772518 9.20338
-39.1915 24.4884 13.6972 17.5007 17.9528 0.348144 0.00349713 9.69736
-37.6621 17.1925 31.9076 23.0653 59.0611 3.0733 0.0355152 11.6426
-11.1499 15.2038 18.6792 29.685 48.0132 22.6868 0.0354199 13.4476
-28.8603 15.3857 19.8861 39.8268 21.7332 23.6781 0.00126398 8.07303
-33.9747 15.3432 24.8537 9.30163 50.0565 5.54075 0.00126398 8.57425
-29.7133 13.0454 24.9764 13.5021 44.3983 5.60142 0.00243576 8.21612
-28.094 11.1045 24.9764 1.03639 2.42935 1.80467 0.00243576 7.3037
-40.123 19.8098 36.308 17.4383 33.0849 10.7597 0.00119276 8.69458
-29.8469 15.6839 38.7014 1.36948 40.6329 2.86515 0.00410749 8.79849
-31.2991 10.6382 40.5918 11.4649 2.06959 11.9991 0.00697294 6.88865
-10.5499 4.49723 46.914 29.1336 3.02365 34.0674 0.0534689 11.6713
-13.267 6.90748 49.2871 20.2969 5.02761 1.87332 0.0761339 9.70015
-11.4125 10.8146 42.3013 8.89896 16.0667 6.92206 0.00632744 7.71779
-22.6814 11.9304 44.3138 5.48821 4.76769 7.42137 0.0222472 7.01439
-15.2347 2.99468 65.4918 10.1951 11.6167 11.4741 0.0228437 11.0736
-16.4798 8.65329 43.6046 18.7308 3.12392 7.67288 0.0589991 8.31627
-26.9642 8.55662 48.495 23.8438 13.4765 11.3985 0.00252598 7.66871
-14.8606 11.0852 32.9057 12.0787 17.7136 22.4298 0.0138457 8.1654
-38.0063 14.0834 40.6961 5.02002 12.7049 5.22978 0.00434772 6.92956
-36.5386 14.9487 25.1993 1.34047 9.93753 15.7811 0.0332856 8.881
-15.032 18.1282 13.2402 6.70626 7.55594 37.7671 0.0355027 12.2225
-29.2101 14.0843 31.7798 1.21505 18.8056 37.4501 0.0302973 10.1482
-19.562 8.43363 33.2259 18.1481 12.401 8.38193 0.024502 7.24943
-28.1736 15.9145 23.5381 55.5658 25.3978 20.4431 0.0202079 10.3944
-18.6393 9.45438 22.6184 72.0885 47.5115 40.0987 0.0325799 15.8516
-14.3704 9.82426 17.5217 32.8579 10.598 31.258 0.153873 11.7722
-14.4967 10.1176 13.4258 28.4138 17.2034 3.50879 0.135694 10.6362
-18.005 9.94392 19.3465 40.3972 22.9701 45.5829 0.00701208 11.3094
-13.336 9.68287 50.7083 1.07955 38.6808 27.7862 0.00143456 11.1909
-12.883 5.24083 50.0909 2.12573 20.9614 9.97777 0.0162191 9.23983
-13.6996 8.47922 34.3849 3.28454 26.922 3.63103 0.0200899 8.49209
-16.3628 11.9199 22.8697 11.0625 0.679129 12.934 0.0899032 9.47792
-24.3705 8.04765 31.1248 12.5987 31.225 37.9302 0.34246 13.8664
-32.2358 5.64383 19.5218 6.98139 31.9277 58.5754 0.0795265 18.8114
-47.041 21.0865 33.1955 9.46086 15.4033 29.4673 0.347999 15.2028
-49.7927 20.5684 24.9026 4.46793 0.848263 2.83744 0.00995937 9.45654
-25.7761 15.8071 18.0205 11.0708 5.34662 12.8119 0.000923193 5.87078
-16.7111 9.34741 24.1197 4.29441 7.25138 28.2835 0.0433122 9.55962
-3.40011 14.3312 44.7907 6.00644 75.613 7.18417 0.00865131 17.7278
-29.9953 7.37492 39.0191 16.9792 71.8521 19.851 0.0743164 14.2365
-19.9797 11.3781 4.72876 44.9655 23.748 30.5146 0.0688722 13.344
-13.5976 17.3792 6.2369 43.8496 18.6922 18.4139 0.263991 14.379
-30.9058 14.1259 16.1943 40.8958 30.7724 8.04456 0.292786 12.3305
-26.7306 11.0358 35.5712 4.47777 15.1749 18.583 0.104656 9.15088
-22.194 20.3727 1.71742 50.1409 15.0556 7.10574 0.132936 12.5602
-19.3928 14.5069 39.5448 25.2116 42.8542 14.5828 0.241058 16.8122
-18.4642 4.088 38.7128 50.9795 1.64199 1.70719 0.220431 12.264
-17.311 5.55199 39.0116 9.14861 1.05508 2.32343 0.20676 10.3151
-27.58 18.3661 40.0339 8.93487 16.5397 10.8919 0.0292068 9.15061
-18.2798 12.8587 32.5794 30.7371 8.605 2.32599 0.0292068 7.8158
-38.0451 10.5971 38.8548 9.03143 8.20997 11.82 0.0859584 9.31591
-19.7945 7.88242 40.3643 18.5408 8.63939 35.6474 0.240956 12.4225
-41.0413 24.0422 27.9795 11.0941 8.97152 55.9605 0.00382045 12.1354
-29.3306 13.8544 39.0219 18.2607 18.9153 27.7013 0.121472 10.8727
-17.4198 10.4113 48.2917 10.4176 24.4621 6.76381 0.0802679 10.2585
-30.0992 8.15047 31.6686 1.77762 13.4951 23.2994 0.00880731 9.64792
-8.52944 7.08712 34.0198 11.2965 24.1812 2.88726 0.00567839 8.14825
-7.46994 9.49043 14.1718 16.5013 33.5858 10.3474 0.0265581 11.254
-40.6099 12.2436 6.64725 11.8583 6.59647 21.5424 0.0232817 13.8941
-30.1611 9.09319 42.2171 16.1837 10.6829 3.27121 0.0374307 7.88869
-25.6612 7.96934 17.0411 29.9804 0.248249 5.97979 0.121385 11.5147
-29.3544 20.1193 34.914 2.27463 1.36712 2.08311 0.0351374 9.53409
-26.2802 9.48073 29.2213 16.6214 26.5015 20.5501 0.13168 10.3997
-9.93819 8.55224 37.6004 58.9977 13.2 17.3343 0.00575596 10.787
-33.8405 7.25119 28.6177 20.9455 12.0363 28.215 0.0404396 11.7282
-1.58673 13.2434 16.2914 52.7653 21.6488 16.1247 0.00843754 13.3806
-23.2864 8.06347 21.7878 28.3821 31.4917 15.166 0.000449605 8.9136
-32.4578 17.0259 14.801 20.6654 9.59228 12.485 0.0487766 8.39717
-31.048 14.408 30.6456 10.928 7.97749 15.5927 0.210713 10.0341
-26.8845 13.105 35.6727 14.4632 38.31 25.7733 0.0166203 9.58111
-25.8857 11.8184 18.0917 18.5548 0.48984 40.4467 0.00983869 10.1355
-21.0512 9.04113 21.4514 58.3716 8.8095 10.1806 0.015776 9.15864
-7.23242 7.8771 35.691 29.4573 10.1126 12.527 0.0701309 10.2256
-33.1765 15.325 8.44016 37.2671 11.2167 12.7837 0.146489 11.017
-40.0504 23.6627 23.3447 48.4782 8.43989 13.0533 0.0245692 10.876
-27.7078 14.8934 35.5893 34.7253 45.2239 10.8755 0.00785647 9.90921
-26.6889 1.2652 73.5608 3.04885 30.477 10.3554 0.141519 14.6749
-22.4474 7.03193 27.6215 15.0591 38.4302 13.0553 0.0142513 10.0814
-24.3385 12.0058 48.1465 17.9157 16.186 2.599 0.0150483 7.91772
-27.1665 11.4486 44.5302 27.7707 8.01557 4.22035 0.00875706 7.13433
-24.3966 8.37035 48.8149 16.58 3.92205 3.3223 0.0231765 7.62254
-20.4231 16.6183 14.5 8.97212 9.85955 7.27094 0.01031 7.54991
-9.02914 8.22457 27.6341 10.362 17.4825 4.08994 0.0249566 8.4765
-28.5748 16.9648 31.3959 26.6432 22.3286 50.9077 0.00186657 10.3086
-27.1811 10.9141 22.3742 36.716 3.66548 38.2051 0.0610781 10.6774
-39.627 14.1223 21.427 20.0607 14.3876 15.1282 0.0601982 9.83987
-24.6844 12.3866 35.6746 15.1657 18.1071 17.0823 0.0766743 8.77345
-22.0955 10.7622 22.9138 13.439 13.2044 2.80012 0.0332778 7.5711
-27.7411 15.1009 29.2527 14.9942 10.5226 41.7266 0.00139347 7.85019
-30.868 11.4575 41.4278 18.2889 0.430862 18.2782 0.00956871 8.05734
-24.5426 14.2003 19.1295 41.1955 2.9587 0.394757 0.00685558 7.69171
-9.61976 14.6284 19.0633 1.97295 66.5442 31.1078 0.00410743 14.849
-7.01763 2.40499 22.5157 15.9743 33.4105 3.36769 0.00225328 11.678
-21.1578 11.4237 17.1096 22.9504 55.4937 3.36769 0.0013098 9.77474
