218.396 13.6206 13.6405 7.31599 4.13394 22.9272 5.91387 29.6562 5.74063 144.186 0.952958 34.1684
221.467 15.7264 20.7129 56.7362 8.47035 36.2401 12.6849 30.8522 8.80391 144.821 0.94829 40.1042
267.209 10.6931 4.06601 15.3677 21.9805 19.6971 41.4743 24.6063 2.76006 140.754 0.953283 37.108
286.95 1.33694 4.63559 4.70465 3.47932 20.7896 21.965 29.0664 9.51052 142.175 0.947529 34.569
305.744 13.9891 18.9386 47.256 24.9314 21.6912 52.1085 18.5179 13.9177 142.663 0.929915 43.9636
352.705 12.2365 20.79 24.3921 59.3463 13.3259 31.3174 7.03299 8.0011 149.277 0.93182 39.9496
263.997 11.5512 12.6368 16.8716 3.61702 40.3749 2.22404 19.0382 25.7137 161.654 0.924615 37.8198
319.432 15.6009 11.3158 34.5941 7.1827 8.78659 8.11373 37.3526 27.9871 161.654 0.92113 39.0454
232.81 14.1624 15.5946 1.70166 4.56797 49.0416 1.02329 33.0414 45.4973 136.633 0.947411 42.9571
263.121 5.86206 34.6666 4.24633 0.660127 21.4925 3.14236 69.7003 28.7695 138.464 0.955289 41.0443
147.047 5.92023 2.30381 4.01188 16.745 18.5957 14.126 34.844 13.8754 136.402 0.964821 35.0755
82.9368 1.52211 22.1839 8.85818 18.7167 11.4274 10.0635 51.3886 19.7086 131.795 0.972658 38.887
89.4743 5.86104 8.75916 11.8506 6.45765 20.9442 7.83338 32.6515 30.8091 131.795 0.978306 36.8423
155.493 0.930104 3.31975 11.2817 24.4094 31.1306 10.8425 24.7815 16.9943 133.882 0.967279 36.2786
84.5109 19.7387 1.15671 23.5605 11.5128 31.2105 11.6178 4.36542 8.54877 145.327 0.96025 36.5176
214.917 24.6751 4.0275 11.1754 3.72141 6.85792 9.7488 4.40035 4.40024 140.038 0.958606 32.3655
289.822 30.0925 17.1152 9.38948 5.7905 50.9742 66.1507 17.5877 1.17572 138.306 0.947088 41.8557
387.678 3.53242 2.0494 8.82133 9.7921 23.7108 38.8771 30.0777 6.36194 133.767 0.959225 40.0513
337.908 4.15506 4.89731 22.7353 12.8123 9.70726 17.8949 2.07576 17.53 138.689 0.950741 34.2048
233.66 6.35641 10.6827 14.5002 12.6096 24.5856 6.5334 25.2963 12.5247 138.645 0.947478 37.8324
354.787 5.28377 20.3126 24.645 4.4204 23.8439 15.3051 14.1706 45.2912 138.14 0.942379 38.6359
465.696 10.9794 0.948154 10.7519 5.50548 30.9975 5.1813 23.9412 27.3226 138.794 0.942631 39.2293
400.11 4.81236 15.117 0.126812 18.5216 9.69489 31.43 18.086 31.5472 143.589 0.935171 38.7966
231.002 2.89469 17.4468 4.14508 24.4471 31.3746 72.8225 15.8128 56.8431 140.427 0.95374 45.2819
249.69 8.9401 18.173 4.91666 22.5992 7.04323 95.7247 16.6123 31.8287 139.367 0.950766 41.9243
314.935 23.6587 28.0765 14.0503 23.1499 19.2939 90.8186 19.354 25.0902 137.039 0.949132 44.6899
264.711 12.5638 23.3518 12.638 13.1842 18.2675 19.0023 11.9225 21.2535 147.196 0.942786 35.2545
308.64 8.2517 15.4153 7.59889 16.8146 36.6203 8.25115 10.2411 35.3239 146.968 0.934485 37.0566
415.573 3.0134 23.6779 17.7356 11.9313 53.4663 1.78585 7.62078 55.2055 141.07 0.935128 41.894
221.76 0.461245 20.4253 35.2879 12.7668 12.8119 5.55755 7.42905 47.5179 141.855 0.953383 37.8874
229.244 7.29098 4.84543 19.5384 15.4224 35.2284 5.05827 6.65427 15.0133 144.076 0.954031 35.0028
195.541 5.76897 24.3205 2.1912 19.5492 26.1253 11.06 1.93494 9.46089 143.626 0.952151 34.6445
219.673 14.1664 30.5552 33.6903 9.6528 9.04445 14.3291 21.0153 17.9408 137.942 0.950286 38.8832
203.844 11.8713 17.067 37.6947 6.25778 2.47911 47.0692 20.3765 13.9159 134.116 0.968273 38.763
170.517 15.2252 17.7153 48.9069 2.3298 5.38994 8.6549 30.0127 8.67277 136.176 0.967645 37.2876
170.517 3.8685 17.463 48.9069 7.6939 4.44654 20.9237 6.16431 9.36342 137.619 0.96177 35.6398
193.942 5.05484 18.8811 9.62108 15.2769 8.87365 34.248 1.66767 5.40458 142.047 0.960065 34.9919
196.389 4.46547 45.8689 3.26656 14.931 3.46334 34.248 1.11492 1.78232 127.17 0.973262 38.0138
195.363 4.493 47.786 3.27755 21.1836 7.00337 11.6061 8.63917 24.9657 127.17 0.981935 38.6272
148.75 9.68059 2.73149 18.9638 5.26193 10.0021 13.5022 0.305273 48.6779 127.117 0.981935 37.6227
312.448 4.43899 26.1727 21.0699 38.9226 12.0503 17.4359 12.9702 38.1289 174.065 0.90495 41.8629
30.822 9.90706 40.6965 13.4572 35.9304 12.95 4.38878 17.1859 26.2354 130.398 0.976491 41.5599
347.016 17.2591 44.1598 1.40121 47.2922 11.5915 12.5091 6.26855 11.808 151.784 0.927349 39.3315
347.016 23.7753 4.61205 46.2632 42.2396 7.54906 28.0196 20.9039 14.9168 151.784 0.927349 40.8339
253.55 30.4458 17.4101 39.0223 49.9018 4.46686 29.4252 46.2605 35.2586 145.774 0.93679 44.5906
224.929 7.62266 19.2054 72.6081 19.4275 6.24371 13.0395 30.1443 5.78182 149.219 0.937825 39.6177
211.82 0.927813 3.18569 25.6793 13.6662 4.37913 21.2358 10.6395 22.5438 137.579 0.957774 34.9754
248.216 25.3747 12.0482 26.8002 5.7145 62.9617 15.1342 5.17745 28.7699 137.807 0.950046 39.9889
243.395 11.4189 14.7993 15.3839 11.0381 13.1929 45.2938 9.44531 65.9986 129.278 0.966611 40.0837
227.485 43.8885 9.25501 7.07868 38.9267 4.26644 18.4564 1.85621 4.98103 130.282 0.967874 37.3783
259.473 13.2383 12.5227 6.39183 26.0425 2.00902 4.84213 8.03367 15.0274 128.825 0.969742 33.954
307.822 5.62025 11.7479 31.7829 0.706365 2.98012 2.28728 30.7005 8.16783 130.095 0.961869 36.4229
357.032 9.03632 23.9106 24.0286 12.969 4.2315 22.6642 19.5779 4.91273 127.51 0.96881 37.7442
376.931 9.52964 34.7445 27.5177 8.8015 14.3132 6.66325 3.51038 10.6218 129.071 0.963345 37.2486
257.663 33.2752 33.8934 35.042 23.1198 6.60549 10.2005 12.8939 36.949 133.516 0.958655 40.1801
448.224 53.4124 0.260791 12.3944 15.079 15.2147 1.37708 20.554 62.9126 124.216 0.966211 47.6578
220.338 12.5272 4.63188 33.6634 13.9186 15.4742 5.45637 24.0668 44.2962 145 0.950844 38.2033
190.654 33.3403 1.60191 15.7655 1.02811 2.27342 14.339 14.3526 17.9976 158.316 0.933889 37.2401
258.995 33.4568 8.07433 6.21499 8.98581 2.10754 22.8303 23.7531 20.0665 158.316 0.933889 37.7604
276.974 33.7502 15.999 15.5019 10.0442 1.02014 8.00925 24.6832 15.5266 140.855 0.951222 35.9211
427.21 15.2762 7.0296 5.34688 16.2919 8.80791 10.3099 24.5585 11.4894 165.784 0.911324 36.6861
415.63 5.89269 2.56515 5.37257 15.04 13.5463 10.4182 41.884 6.22284 164.962 0.911324 37.3492
90.9776 8.22663 2.57496 13.5372 34.3839 18.1742 13.9983 54.9186 8.76329 155.99 0.947082 42.3139
358.033 32.0297 6.41732 23.8257 2.28977 15.1116 17.8518 7.44793 28.6814 154.642 0.922391 38.3422
315.344 27.6531 10.9632 19.0883 9.38597 5.91943 19.4088 1.00305 18.2683 159.56 0.928465 36.6647
288.357 25.008 0.811947 7.70319 15.5607 15.7342 11.5114 21.5688 31.2461 141.926 0.947056 36.2864
362.173 21.9687 3.76548 7.0678 7.09384 19.5799 9.53844 6.80575 24.2977 137.515 0.950265 34.8404
146.625 29.6523 10.3564 5.1524 10.6084 17.596 24.7856 15.051 2.80064 152.236 0.945967 36.0076
154.765 27.3017 35.2525 17.8144 21.3288 16.1814 18.2669 34.9791 29.0663 153.512 0.936825 41.2657
162 4.08483 44.4598 7.53759 23.2469 4.36414 27.9507 12.0681 27.1591 152.512 0.945493 39.0843
268.758 16.2804 23.2676 12.137 30.3162 28.9612 32.5491 13.7597 12.5895 140.162 0.949794 37.7716
223.747 10.4551 7.95945 7.46231 14.2785 28.9612 3.95713 7.08981 12.5895 140.162 0.954276 33.4141
278.243 13.7349 27.8868 4.36026 13.3944 51.9839 7.4895 9.40702 20.8701 136.905 0.956156 37.3062
387.027 8.99689 2.84853 15.4358 20.4556 51.6102 19.9556 18.1945 19.7015 153.661 0.92398 39.3405
322.489 17.7207 5.69116 37.2206 12.1405 36.63 19.065 37.4863 3.41877 144.353 0.937074 39.1253
322.443 12.2107 22.5993 53.5459 17.248 26.8097 18.1506 60.0453 12.0657 142.935 0.938364 42.617
336.202 14.8675 4.46149 42.1151 54.6625 12.6015 11.7711 46.0669 7.81735 138.562 0.941177 41.5344
330.809 17.9811 44.6579 35.4088 24.4205 9.54618 19.4912 13.5927 11.755 140.908 0.939206 40.2069
338.232 7.94883 10.242 20.2918 12.027 2.03672 5.41335 3.67089 1.66601 141.334 0.951581 33.4106
144.824 19.1175 7.52811 12.1317 17.3591 9.428 4.3906 28.7935 6.04201 146.828 0.948253 35.7564
185.045 0.668174 8.5464 42.7637 77.4579 15.092 6.04651 38.0851 34.618 151.252 0.938196 44.8583
277.334 23.3828 1.98077 10.668 90.5756 12.5188 11.2861 1.07975 17.7522 134.779 0.95802 40.5828
361.637 25.5365 26.4835 7.04577 67.9475 25.8515 39.6059 1.8054 23.0755 129.243 0.953986 44.4357
184.711 4.43184 3.89241 3.97229 3.9571 14.8197 10.6766 14.7702 38.4116 139.705 0.951569 36.9076
117.574 14.7056 14.4988 10.7562 22.6674 5.00047 32.9451 12.6019 6.16543 151.923 0.949107 36.3837
-56.7154 5.62702 20.0437 16.6194 5.6628 29.3809 8.25758 12.9811 14.4761 146.008 0.968003 39.5701
27.305 2.38237 11.2428 9.78856 33.0747 30.0996 6.83806 1.39035 12.9988 140.954 0.963922 38.2966
104.053 8.8241 4.93605 7.17604 47.2563 14.3639 15.1823 37.6203 10.7939 150.842 0.946365 38.6618
238.595 13.2628 2.93926 6.59505 34.9794 11.0809 2.75293 45.9382 0.26235 129.175 0.970564 37.6918
247.778 8.55361 9.47785 7.09397 21.9557 3.63875 6.15608 18.1436 12.0932 124.624 0.977758 34.1076
214.626 2.74331 4.55933 6.56684 12.8041 4.86345 3.70475 5.22903 15.9347 124.624 0.977758 33.2492
365.649 2.61337 14.7516 2.42955 21.4354 6.4798 11.8492 3.6913 22.0364 128.905 0.959794 35.6625
272.455 54.52 4.56498 3.81885 20.3313 14.1287 10.4913 3.6913 17.44 128.905 0.968617 37.156
236.156 49.817 24.064 22.9957 14.6836 14.5262 5.7162 0.537766 11.6532 133.195 0.966338 38.0679
266.585 11.4114 5.50882 11.4725 7.97205 8.77548 3.92067 9.20611 13.5927 135.036 0.966185 32.8839
355.076 0.465051 3.56015 4.33089 8.90047 6.18757 9.06894 13.0245 34.8282 124.257 0.972 36.3911
153.587 19.9062 13.6414 7.82075 14.8289 8.35884 24.8049 5.8997 1.80786 130.832 0.97469 34.3345
115.446 39.052 17.4296 32.6779 16.7409 5.0444 9.32055 3.62779 8.57978 123.892 0.992058 40.7738
162.463 1.99581 12.7196 64.6721 19.9379 3.14595 10.0926 1.53747 2.47654 123.892 0.979828 39.5018
191.03 17.4259 29.4525 32.5889 4.74597 14.942 10.2007 4.2413 39.1875 125.32 0.973097 39.8809
233.249 36.2131 24.935 21.4529 10.3656 1.00699 24.2128 10.932 12.6541 138.141 0.962115 37.7617
326.761 33.5436 0.263514 5.85071 6.30976 1.14232 11.8877 17.2352 27.81 141.383 0.951917 37.479
282.171 41.2305 2.41449 20.8435 25.6137 9.71332 5.37424 13.0329 13.6648 136.036 0.958501 36.4403
337.835 30.2529 1.58421 28.0696 37.0581 3.51022 17.1909 41.5918 35.512 128.792 0.963281 42.6973
227.607 49.1261 9.75719 30.5466 1.51613 1.51757 43.9857 18.7971 7.15005 131.728 0.964987 39.8692
170.569 6.65233 19.405 4.95815 9.04163 1.01189 40.174 20.0767 1.62136 136.246 0.962219 35.9407
242.226 1.12746 13.6789 7.20208 0.253922 23.1755 6.55544 17.0299 10.0382 128.876 0.974816 35.3187
282.34 3.87797 2.21179 11.8253 7.58405 18.8332 6.55544 3.24911 3.26541 124.801 0.974372 33.5261
258.998 2.22852 4.83991 9.47792 5.34348 4.60051 9.28961 10.0426 3.55164 127.797 0.97257 32.1427
182.068 11.1125 4.32806 9.96254 24.3026 4.90458 9.60866 15.4396 24.2031 135.072 0.967821 34.0794
195.997 6.76121 9.59305 40.2878 41.6286 7.00707 5.02846 22.8291 29.9939 135.175 0.963931 38.3069
149.729 7.49973 12.5401 8.09171 7.03621 4.66025 17.0126 20.8905 15.0177 146.333 0.957029 34.2515
129.997 26.7575 9.70404 16.1456 3.98084 4.11333 1.19164 19.732 6.02063 150.829 0.951596 35.16
261.597 22.4433 4.61236 47.8456 14.6113 23.4943 12.7264 5.87716 9.54448 150.576 0.947273 40.3583
407.573 34.0625 8.22255 10.967 13.1858 2.68102 24.4092 7.82955 44.6251 153.625 0.921902 39.3874
440.8 30.9556 0.414699 11.5369 15.6574 4.67122 5.46032 8.07175 22.1949 146.062 0.928733 38.7564
408.035 15.7508 12.5587 6.70324 13.8024 3.74991 18.3566 10.0675 10.687 143.742 0.934411 35.8546
348.968 9.70036 28.3216 3.25089 43.3883 3.56959 13.4035 29.3949 21.4223 146.264 0.932782 38.7662
389.825 2.42088 6.95282 4.72139 10.6076 2.08351 75.844 5.55681 31.6829 150.846 0.921286 40.4234
405.879 4.75786 21.0609 14.2714 3.18326 2.07337 80.6236 5.68727 50.4362 145.084 0.92547 43.1284
194.312 3.91142 23.0213 5.79768 26.2109 2.833 0.972077 11.0874 48.5872 138.269 0.9599 36.7758
1.56445 3.15188 23.2609 5.98485 35.7765 8.2989 6.72092 9.57842 18.6827 143.219 0.970047 38.3839
16.6684 3.15188 4.45858 16.8526 30.9227 4.00075 1.31585 6.85929 2.45185 140.071 0.970157 36.0645
-7.78886 1.46943 3.28245 14.2501 4.65629 35.069 15.3024 10.9027 5.78402 142.527 0.970157 37.5177
6.37956 34.2623 5.02503 4.99721 9.65803 34.1969 5.46346 28.5764 0.361048 139.416 0.973965 40.0776
66.5031 3.89864 10.3892 25.8096 11.6828 33.5594 8.57162 18.274 12.1526 134.136 0.970174 37.446
190.193 44.3829 21.0624 3.827 5.19372 36.0455 20.5457 7.25377 3.59633 136.241 0.964874 37.3985
300.373 28.2213 27.1271 33.7802 8.04619 34.8565 17.9998 54.146 2.21602 131.957 0.955683 42.1923
227.777 7.20222 31.624 26.0135 2.17228 15.455 1.5754 50.7697 7.33678 143.298 0.946648 38.2288
235.549 21.8566 18.4518 15.5874 6.19484 33.3278 6.51639 6.54755 20.4819 125.594 0.979854 37.2752
217.648 39.2059 21.0665 3.86679 10.5676 17.8466 2.39127 6.62083 26.0768 117.973 0.988017 39.6601
271.259 16.4009 25.7775 0.447759 11.8061 12.0646 3.06498 6.62083 14.2872 163.695 0.930728 37.3076
215.472 36.7766 22.7242 30.0307 19.3983 12.0231 5.26688 6.62083 1.64302 153.654 0.940707 37.2363
183.601 57.0392 16.9397 30.0307 20.4977 11.2196 10.3533 14.3624 8.58162 146.808 0.958056 42.5732
209.409 12.7485 11.4256 11.4137 4.85185 9.66251 37.8034 7.45993 7.50813 143.482 0.958142 35.2168
195.459 5.71536 17.0531 11.4285 15.6382 1.65132 22.8334 4.96259 5.91957 145.972 0.952048 33.4331
306.928 13.3168 11.7307 5.84237 29.8622 19.5164 8.13655 8.24788 14.734 133.184 0.960708 34.6954
191.592 4.59476 11.1058 26.877 19.9749 13.5749 7.59239 7.15354 15.297 144.99 0.957895 35.6444
266.723 7.56901 53.7073 18.2486 20.605 4.07898 10.1247 0.620637 13.8245 138.55 0.952853 37.3375
218.116 1.64885 10.5316 25.7067 40.2702 29.5075 24.3385 0.899043 29.0642 143.237 0.948168 39.0056
310.722 8.06235 21.4787 17.1541 36.2543 25.8297 12.4429 17.3724 17.4488 138.655 0.948158 37.2053
148.159 6.01489 34.4198 9.15985 5.31497 19.2161 15.3315 86.0831 34.0261 133.517 0.968858 42.8172
248.767 25.1505 43.5344 21.061 27.521 16.2526 13.8259 39.1499 32.9336 131.352 0.966301 42.3893
337.163 5.68996 1.20426 3.1826 10.983 7.75615 25.8643 12.9644 48.9501 141.202 0.943109 36.667
290.589 12.1702 0.586391 15.3016 5.42873 17.2097 15.04 20.4854 2.66667 156.764 0.931823 35.041
374.467 0.586345 2.56933 19.5977 5.42873 24.6373 10.7256 4.52526 6.23648 149.976 0.933464 34.8718
310.045 35.4542 11.5635 6.66879 5.42873 5.64555 40.3805 2.55215 5.94685 142.544 0.943307 36.6558
280.497 12.3017 2.80604 75.3775 44.042 6.91362 25.9226 3.6983 16.72 140.324 0.950001 41.2302
260.245 15.7914 6.75671 11.8033 10.1937 3.92243 23.2178 8.18711 19.2551 135.32 0.955867 34.5996
295.99 6.41744 6.45229 9.5947 8.35747 3.5808 1.79712 45.9675 55.4813 131.674 0.959113 38.206
373.659 30.8767 7.82143 16.8457 5.91649 42.8925 8.3 34.1235 9.4019 128.833 0.967724 42.2511
374.565 29.1035 5.89758 6.30783 7.21634 17.4026 0.951509 29.5248 18.0155 125.334 0.964227 38.1664
458.842 27.3861 11.5878 9.57131 10.414 7.95042 1.56427 4.25192 31.9367 123.122 0.967299 40.0823
382.36 10.1367 13.6285 12.3353 10.4266 56.5539 9.68223 54.0317 14.5453 122.795 0.965617 42.2894
446.389 27.4884 7.96363 8.94274 9.13225 32.2756 7.89132 14.8282 27.6396 117.855 0.969331 41.9883
441.483 2.70364 13.6305 1.14088 8.7944 9.9198 1.92103 6.35951 27.0325 117.855 0.978512 39.9009
482.603 13.204 16.1699 1.45567 8.69715 10.0841 6.12616 13.0212 19.24 118.135 0.970994 40.1317
438.673 11.7274 2.72857 16.6805 27.1423 21.8039 6.12616 25.5709 19.7701 129.436 0.95679 39.3196
339.053 15.1678 2.29543 29.8164 12.4236 3.34644 1.55784 8.8737 20.1195 142.539 0.949065 35.4238
358.395 2.982 2.26221 37.182 17.2035 6.05961 6.94475 47.6332 14.9895 145.274 0.931108 39.1229
265.201 29.5276 1.76245 17.0831 14.4169 9.29276 7.42139 54.797 18.6338 144.306 0.941192 38.4791
224.623 4.1246 45.0084 17.0831 12.8347 14.5609 6.99347 6.11315 11.7525 148.449 0.946162 35.3198
203.013 11.8168 45.0084 16.2186 17.7512 14.0108 7.54192 8.85275 9.97158 145.954 0.946162 36.1597
197.553 8.84944 45.0084 8.21751 5.3514 9.26684 3.43654 14.8367 9.97158 139.452 0.961438 34.5627
320.52 11.7873 16.061 12.0026 8.76107 5.57577 40.1534 10.3686 10.3809 139.452 0.943879 36.3271
276.601 15.6708 0.556308 15.4012 7.59305 5.87767 6.89545 23.0001 10.7517 144.821 0.945783 33.9567
294.402 10.8558 8.35644 17.1394 9.11318 20.7589 8.45904 28.1505 5.33436 136.152 0.95597 34.234
148.647 8.14724 11.5176 42.4793 3.1901 15.4944 8.57615 20.1011 8.41018 126.6 0.978064 36.4952
264.14 14.7972 9.30479 28.0321 2.83022 22.4942 23.8855 22.641 7.96034 126.34 0.970315 36.8171
185.642 65.5809 32.9771 35.6944 2.51932 3.9547 14.0418 11.1393 14.7842 136.157 0.964583 40.4251
82.6152 27.4143 14.4782 25.0729 27.0687 7.58711 32.0875 13.3126 12.5436 145.406 0.960318 39.1838
332.232 6.35195 4.43213 23.0985 26.8366 26.0959 8.72594 41.6027 37.9798 137.732 0.948741 39.592
280.882 1.68445 21.2823 15.7901 16.4272 53.6513 2.13261 50.8469 31.0801 148.627 0.929534 41.96
207.741 23.3069 15.8315 23.5754 34.7 35.2904 12.7128 20.2704 25.9376 148.662 0.938663 39.7031
235.504 11.422 6.40865 29.4288 15.2653 55.8222 18.1256 23.7105 20.6966 142.999 0.939831 40.2994
324.646 23.9007 6.622 6.28514 5.58296 21.4982 11.6339 9.26707 4.89784 146.208 0.936109 35.5975
449.191 20.3674 8.93358 16.4544 5.6628 17.5773 3.01994 14.1751 1.62128 157.37 0.922376 36.7877
383.055 24.1087 4.69638 19.655 13.6549 59.8427 1.63323 21.1358 8.54987 149.815 0.920688 41.4469
465.449 18.1744 15.9984 4.89375 12.6366 53.9506 24.8446 5.0972 9.12002 149.815 0.918502 40.4674
385.604 22.7488 2.8473 28.7633 9.73656 1.43562 35.7985 24.2274 4.4811 155.451 0.918502 39.3126
302.274 8.75861 2.88474 41.2329 9.73656 29.6609 37.1956 31.9758 9.09786 162.924 0.909034 41.6303
344.123 35.2159 2.26522 7.92163 16.4714 17.3487 10.1869 20.3738 1.05286 162.924 0.91627 37.8562
471.657 28.8657 7.98515 14.6989 18.6873 6.28272 12.8613 18.1025 9.25587 157.431 0.91627 38.1207
463.029 44.6112 7.60056 10.1869 14.1962 18.257 11.5419 4.80007 1.19681 157.431 0.91627 39.1338
296.336 39.5605 3.26864 10.9586 22.5394 32.4818 17.1292 1.86873 0.938413 157.431 0.92588 38.4708
296.336 30.301 9.87199 9.74188 21.271 28.0827 36.8026 15.6083 4.49159 149.471 0.93709 37.8233
405.592 5.14028 22.1286 8.92044 22.0695 13.3495 45.0354 8.26762 19.7164 159.017 0.917058 38.9765
338.291 6.01221 8.36353 8.50761 2.66657 15.3149 25.7697 5.07632 19.05 165.911 0.912932 36.3776
358.656 7.49682 12.3283 11.478 8.40838 27.0966 25.7697 5.07632 26.3064 128.575 0.965483 37.2582
390.565 8.33536 9.64718 5.01367 23.8266 16.6724 26.5724 21.024 16.4404 129.395 0.961753 37.8394
504.422 19.8011 14.5857 8.8441 30.0382 23.8566 48.3878 32.1007 13.3886 133.855 0.945285 46.2688
268.802 5.5993 25.3619 12.0976 66.9726 30.8419 4.55555 8.78623 47.9506 138.609 0.94835 41.4016
-36.7923 10.602 18.9462 6.66917 4.31072 8.40707 15.1854 22.6063 9.31196 141.289 0.972353 37.4293
94.8652 19.5242 27.2945 0.861601 2.38763 9.38069 7.13164 7.48707 3.44356 139.612 0.963987 35.31
105.252 10.426 5.36021 27.7934 0.896526 9.38069 7.13164 5.13805 16.9309 148.847 0.9576 35.4955
147.648 8.21299 13.2911 42.4416 2.1367 15.0206 13.146 17.1318 2.67391 148.847 0.95297 36.4264
297.262 19.912 15.5625 42.4416 26.3945 15.0206 7.21528 17.1318 30.0236 158.411 0.924218 39.46
296.269 20.5867 17.8205 42.0489 1.40643 13.1733 6.95968 4.67696 8.40665 147.518 0.945346 36.3242
330.197 23.6521 26.5019 16.0993 9.62989 43.1268 8.27657 7.83566 1.56895 144.746 0.941848 37.2697
382.58 20.3354 52.629 0.139218 2.62125 24.645 12.8124 34.213 67.7058 141.36 0.932105 45.9708
175.452 12.7694 4.19189 4.52137 5.19885 23.4472 7.49481 21.9676 68.6936 152.296 0.941261 39.2423
252.703 8.90797 7.86045 10.4491 14.7947 16.7423 12.3707 5.47434 8.44162 141.073 0.946309 35.1151
322.028 2.99328 2.48968 11.9347 30.9624 15.7214 8.49332 12.5185 11.8374 125.765 0.969144 35.4292
322.028 2.99328 14.3727 28.475 38.2845 22.954 8.84529 13.0082 1.10148 126.572 0.961515 39.5847
97.8967 2.23618 1.43216 1.02171 17.7798 20.2089 7.51016 12.157 17.1778 129.149 0.982109 35.4755
182.287 12.3579 18.9944 22.8739 11.3921 14.2037 4.64132 11.8715 6.73072 129.036 0.972788 34.4394
120.528 13.4707 28.1977 21.9075 1.42268 41.8526 5.97543 40.1583 14.1971 126.624 0.981462 40.4327
228.04 2.37335 22.6759 28.1541 8.39628 29.5259 55.697 20.5761 33.5142 140.894 0.949271 40.8505
393.538 15.0791 14.1714 17.5184 3.83328 0.70516 53.4628 13.8924 19.0402 137.521 0.943999 38.9194
381.297 5.33116 0.882831 25.4656 3.83328 1.09467 24.0054 20.5319 9.4437 142.953 0.943999 36.2807
293.228 0.529213 1.8629 25.4656 10.1542 1.09467 0.947357 20.1701 21.1701 142.954 0.951753 36.0985
248.059 6.76148 4.76942 12.7052 3.32685 8.49508 3.06095 11.9409 4.96099 147.416 0.947999 31.7645
215.321 20.3361 69.7651 10.29 2.84795 6.63662 19.3345 11.425 48.1171 145.165 0.943965 41.1304
295.719 27.8545 41.8041 3.56294 2.44089 29.2705 51.1915 5.45529 16.7552 142.469 0.942816 40.3437
171.509 28.722 2.15047 5.11343 7.96493 8.14015 32.7943 2.5301 12.9313 140.761 0.962365 35.1802
232.024 13.7613 11.908 1.92678 18.2292 14.3962 17.6159 48.1725 16.1721 138.244 0.959718 37.1771
221.075 20.2127 11.6901 9.38515 7.40878 7.81103 19.3757 36.8936 5.65012 133.87 0.960089 35.7675
388.109 8.98193 11.6003 14.1138 10.0581 6.69401 36.8527 31.3004 8.51937 136.982 0.946179 36.864
206.857 7.05279 13.4804 5.20402 6.6866 8.45086 3.13839 25.3091 1.65506 154.329 0.944242 34.062
255.503 11.8628 10.5014 14.6587 15.4377 8.75203 21.5536 21.7927 20.9125 146.466 0.943859 34.8487
181.713 12.6302 52.0843 2.78642 26.6938 2.80522 4.47722 14.8254 22.7355 144.892 0.953428 37.5518
229.765 23.2066 33.3535 6.11674 28.3307 18.8974 11.1945 7.6861 32.0937 155.161 0.939817 40.1372
238.558 44.5066 15.3784 18.5203 7.41272 14.7317 9.33102 9.97439 22.9267 144.664 0.953905 37.7171
238.558 33.0694 20.0695 5.50647 7.9258 1.79501 7.55772 13.0981 15.4607 144.282 0.955539 35.5758
255.899 7.7072 15.0643 7.72183 12.9757 20.0963 32.0156 10.9171 16.3332 136.405 0.958869 34.7267
136.061 8.00451 25.8324 11.2337 23.0866 21.6155 14.1802 37.5971 43.3694 139.657 0.959949 39.6532
209.749 18.6895 5.03781 25.2745 30.5748 16.1057 13.9768 4.69098 11.2894 139.168 0.96581 38.0181
315.301 11.7568 5.6403 24.0822 12.8806 1.04437 4.35119 10.0321 42.6531 129.044 0.956634 39.4036
251.873 29.6323 8.61962 7.21701 8.6252 16.5387 11.6782 31.189 1.39016 134.736 0.96797 37.024
238.144 28.3946 7.04069 6.98824 24.4344 4.44513 5.92494 9.39681 10.5483 131.942 0.96797 33.924
324.341 5.11556 6.41116 9.90706 17.1633 6.99744 32.9393 10.7096 14.1731 128.018 0.962662 35.4916
231.621 8.28361 6.59329 54.2774 43.282 19.2333 7.7141 19.5994 15.2616 137.241 0.952073 39.4116
168.154 10.1622 6.86222 23.0854 25.9499 17.8405 16.1249 27.5615 4.69874 137.929 0.960374 35.6955
104.997 14.2209 2.60589 39.4312 21.6922 16.3438 33.1911 23.3791 21.016 140.32 0.960229 39.2748
213.792 1.74543 2.51044 4.66371 15.3739 26.5205 4.03725 18.8427 64.3897 133.371 0.957166 39.636
278.151 17.0558 46.7519 16.8482 39.934 29.4171 5.84451 18.8427 5.56422 127.391 0.968814 40.2773
106.574 19.7569 12.4366 6.43094 15.1938 20.2175 1.02681 8.32599 3.58554 129.313 0.979803 34.8905
181.621 5.25368 16.0207 20.1116 11.6407 32.603 45.0716 7.60215 20.3859 131.739 0.969846 37.8188
194.783 7.08584 26.1077 20.9501 38.9526 50.5676 2.55897 13.3623 9.31606 125.171 0.976366 40.0769
192.535 4.51743 14.6294 4.89821 15.1076 4.76919 4.51469 9.74554 9.24147 134.191 0.962684 33.5278
170.479 1.90304 11.2612 4.04063 17.3185 14.1067 1.52042 7.48134 12.3587 140.778 0.957761 33.2414
188.073 6.22462 9.96768 8.97696 7.04535 8.34031 11.3807 7.80198 6.49122 143.335 0.957443 31.6025
179.903 6.73798 1.06424 0.586411 11.2672 16.6451 32.3444 37.3291 4.48671 139.891 0.959936 36.5407
202.426 17.7314 20.4348 12.8834 9.4074 18.6934 4.25443 10.1028 1.4539 139.329 0.960284 33.6766
159.785 7.30964 9.05149 13.4534 10.1162 17.9498 6.21433 4.38366 11.3138 139.632 0.960284 32.68
159.785 25.0594 7.47023 1.01559 15.4586 2.67151 2.89679 7.30134 9.53052 140.24 0.966458 34.2527
159.785 29.5062 9.12801 1.89213 35.0882 3.45054 3.18511 3.85188 6.37432 141.517 0.956295 35.6817
205.568 12.5661 25.1603 7.25252 22.5393 6.42659 3.26045 9.17072 11.3709 146.692 0.947817 33.985
211.176 11.4954 10.9632 11.1374 19.1043 15.3941 4.19279 9.76861 11.4808 146.501 0.947459 33.2657
294.762 19.6013 9.50216 12.0547 37.2603 6.17609 6.83819 8.83757 5.71773 146.137 0.940048 35.0976
276.866 29.4744 6.77778 18.978 24.617 19.5236 30.3809 5.81046 3.20595 154.204 0.934563 37.1769
275.816 13.7706 10.6236 28.6666 20.0488 7.03282 9.85662 10.811 3.4728 157.218 0.935186 35.4034
274.102 0.963802 10.8348 28.6666 28.4798 4.75084 25.7137 13.0473 6.01225 155.426 0.935186 36.9147
263.712 6.42813 5.91098 18.3122 28.9223 5.19586 25.7137 2.41361 11.6551 154.21 0.935186 35.0248
295.697 3.59449 1.6644 6.8463 10.9789 8.18685 63.6713 9.89828 8.12527 155.273 0.93437 37.6948
297.875 3.93876 6.82416 5.29818 1.58753 9.62646 21.4911 2.78839 8.60458 151.673 0.939607 32.9263
323.002 5.42572 3.86622 5.29818 0.923659 4.16977 1.35376 3.95988 13.9423 145.156 0.95155 33.813
308.77 6.53987 8.08611 8.04859 13.0713 16.7537 20.2913 6.42316 14.635 138.784 0.9539 33.3472
158.905 8.83153 16.9475 15.5422 1.52191 32.5018 16.6126 2.26897 12.4839 142.733 0.954677 35.3557
138.065 26.2182 9.41214 41.5539 3.44477 27.5402 18.3208 9.66598 21.9972 139.049 0.958588 38.3888
363.446 16.2947 16.4667 28.057 19.0187 11.5949 12.4526 8.6096 39.8203 141.021 0.948183 39.1196
391.138 21.0094 15.9157 40.7925 25.0902 46.8474 10.2253 11.4122 39.6095 133.144 0.948504 43.0374
338.627 6.67865 22.9355 12.8479 0.406772 28.9877 12.0354 12.4042 9.06695 136.068 0.951503 35.9679
279.894 6.88482 20.0611 5.41462 18.7629 15.8177 21.0712 12.5631 8.43761 138.606 0.952496 34.1067
360.681 12.6973 1.48925 18.8744 50.1087 16.1736 25.7053 4.42013 2.65211 135.591 0.951403 38.1116
261.253 7.9911 4.0331 37.3903 31.3984 10.7236 12.5314 13.3721 2.50876 131.756 0.961431 36.3083
141.075 16.0907 29.929 26.7598 19.5883 14.4982 7.93638 15.4902 5.51385 137.89 0.965957 36.0888
153.204 0.0204576 9.6054 3.90133 5.26434 15.7315 19.4627 16.0889 15.3735 135.94 0.965344 35.7343
105.804 7.14751 22.7449 7.10969 5.42037 43.1269 1.77448 5.94885 37.5517 139.927 0.968635 38.9011
92.9335 2.93878 29.4826 6.75207 5.4296 12.5162 4.27184 35.8993 24.8678 149.084 0.952357 37.5369
182.291 6.87087 28.506 2.25532 5.00642 11.4136 2.82526 48.5283 13.164 144.851 0.957693 37.8634
152.705 8.87458 49.4566 5.03633 75.9349 13.7681 3.42363 36.3756 13.6801 144.635 0.946147 42.9581
229.991 10.4446 8.70153 3.27132 23.0266 8.32509 24.3309 50.7322 20.636 144.9 0.946378 37.3452
246.64 5.19374 14.4993 3.47215 16.9883 1.44369 10.2504 0.164396 17.3389 140.895 0.954907 34.0432
225.342 5.64133 10.4295 1.11226 15.3105 34.5019 1.19352 1.61567 2.05446 145.163 0.952255 34.4912
241.497 2.41675 19.2982 1.11226 3.77983 44.5374 8.56453 10.119 2.05446 145.368 0.951016 35.4246
263.56 7.2408 13.1848 10.2943 26.867 23.824 33.8986 15.0528 9.1681 162.467 0.923308 37.5289
196.973 15.4886 11.5054 8.10466 2.15078 17.1656 7.85047 14.6417 20.107 154.372 0.932032 37.8144
207.952 19.5412 24.8093 10.4423 14.6522 17.73 11.0349 42.2718 53.7187 153.67 0.929266 41.5989
326.107 17.9795 22.9595 6.43889 22.8121 1.32717 12.3558 37.8203 28.1337 144.97 0.941152 38.1224
308.143 10.2912 28.7312 0.128522 38.4691 5.71367 12.895 46.2952 29.6767 143.44 0.937286 41.3008
252.745 10.0794 28.0934 3.7634 22.2921 5.63924 70.9384 47.6032 19.6179 143.785 0.943876 42.1356
184.211 4.97715 13.7718 4.0958 19.9147 24.0392 32.2763 12.2887 21.409 147.365 0.941165 37.5953
237.674 2.58631 17.4488 22.2321 11.4214 11.6834 8.9165 2.8137 16.6019 161.095 0.930782 35.0134
229.824 4.03439 4.40348 15.1274 17.9056 10.605 10.0941 2.81224 3.11528 156.319 0.93772 33.2069
283.879 6.67882 1.52007 21.5212 18.5863 1.99663 5.37535 37.9781 22.0226 165.042 0.921183 38.1393
207.623 8.12329 4.1408 46.1738 1.43419 5.38853 4.98332 20.5661 20.4826 127.89 0.97526 36.2884
176.678 36.4793 13.4595 17.0362 17.7315 20.0777 4.4582 17.7094 18.9609 160.308 0.933703 38.289
364.812 11.9441 13.8325 18.7184 5.82539 6.96073 4.00822 1.25483 10.496 129.961 0.961216 34.5489
394.66 9.42906 22.6588 6.82007 8.04616 6.07931 0.58618 0.170331 8.54932 130.996 0.95745 36.5366
268.782 11.2642 11.9729 9.53265 8.94766 9.2999 2.31147 24.7577 6.92961 129.107 0.969825 33.4825
245.563 4.05947 25.7416 10.1849 16.6732 4.3377 18.6758 7.41223 10.1661 123.669 0.975341 35.525
243.829 4.17487 26.8983 10.9294 3.67344 12.8598 8.92048 10.2442 24.4759 123.669 0.975341 35.8316
230.576 4.35256 15.8296 36.9016 11.4177 8.82019 2.95384 24.6191 30.5583 128.357 0.971115 36.9062
222.895 8.28723 11.4826 27.589 1.19444 12.5698 6.68975 41.0889 47.2232 128.357 0.971115 38.8528
225.375 17.1393 36.6696 24.8305 12.4703 13.0577 53.7374 61.7397 3.88923 160.807 0.920067 44.4063
210.061 14.8012 26.9668 24.7653 19.6726 9.43844 21.913 27.0652 2.67165 164.921 0.916369 40.8565
375.646 24.5259 10.8197 7.77845 8.8767 9.74523 40.3911 20.8167 29.5525 157.587 0.916369 39.0857
375.646 2.76035 31.213 0.949358 1.97329 7.68114 34.6881 20.8167 12.7846 166.004 0.913712 38.9404
397.993 6.65339 44.3627 7.82202 4.13488 7.77214 17.9644 4.98865 8.80583 166.931 0.913712 37.4687
337.834 9.6738 15.9436 6.53975 28.8319 8.07643 2.59124 6.84898 5.54034 156.097 0.934972 35.4707
186.646 17.3565 43.7271 5.24196 13.4746 17.7968 3.79483 6.61135 11.9291 150.868 0.941142 36.5859
288.406 15.2853 29.5169 47.0216 8.03369 12.7673 11.4614 7.65409 13.8649 151.655 0.942601 39.5387
82.985 50.4935 18.6157 15.9863 7.17736 6.25637 2.3531 12.0291 13.8946 142.002 0.963221 37.2327
127.368 7.30548 4.3127 5.33003 5.80967 9.30024 17.6596 10.4864 3.053 144.326 0.958036 32.5817
268.348 33.5005 7.14361 6.1547 5.26483 5.52677 14.061 11.7213 4.00627 143.999 0.948382 33.5945
288.858 9.927 6.96661 11.6685 5.72309 12.5895 14.2068 16.6162 7.87032 142.998 0.947367 32.7104
277.487 9.51448 7.36988 12.5078 8.71546 15.7397 14.3134 15.1565 23.5087 139.522 0.952791 33.6433
245.161 5.71668 13.429 8.32297 11.8489 7.24976 6.6535 1.60039 8.47277 142.083 0.950073 32.8363
326.642 0.972967 41.8526 1.88601 7.8873 2.36225 28.1059 11.028 14.1328 158.351 0.926424 37.4408
320.675 1.54566 2.44075 4.08226 7.10434 10.1751 12.1311 23.9501 35.5059 131.896 0.965411 36.3565
299.534 19.3171 21.5859 12.1702 8.41501 29.1422 2.17164 8.53448 27.6995 126.534 0.970622 36.9979
324.396 10.2271 15.9899 12.7267 6.29015 25.02 5.67961 0.890279 33.5253 128.514 0.962812 36.6331
349.651 21.288 15.4325 16.5982 5.28625 18.4103 8.64536 3.39494 9.25229 142.298 0.946268 34.4284
320.887 12.6563 2.83712 16.8099 1.23488 20.9494 10.7894 6.24506 34.7709 140.419 0.946752 35.5356
381.364 29.9973 9.28401 15.5494 9.57231 17.2293 2.49093 10.1718 1.20842 128.044 0.959442 37.3768
380.961 44.2734 33.9881 29.5626 9.91855 21.7118 6.50479 13.0865 7.13971 129.257 0.959954 40.6603
235.342 5.63023 32.3663 30.3926 2.87821 13.806 9.89006 3.72546 2.64742 139.104 0.95864 34.7337
186.488 8.10169 29.5326 8.54869 11.3005 63.4392 31.9766 15.6391 11.1034 149.3 0.938189 40.0146
195.269 5.10362 24.7641 6.39888 6.49807 22.9768 17.6384 14.5497 16.7092 153.87 0.935489 36.1407
244.686 4.61967 25.0717 10.8606 16.4619 7.15654 12.3214 19.9185 6.91533 151.051 0.946031 35.3884
164.664 4.59178 4.16156 10.1679 16.6059 11.3946 6.14695 17.1693 10.7615 151.051 0.947198 33.3229
211.635 26.7625 27.9109 14.3864 14.6502 14.4466 9.853 23.6072 10.75 148.602 0.941943 36.5555
290.963 45.0967 9.63516 1.99506 40.1124 68.81 19.0752 7.32203 18.8879 147.278 0.936683 42.6779
416.755 47.0716 27.0273 13.583 20.5904 32.9872 39.136 14.188 7.47854 151.255 0.918178 43.0179
410.193 15.9967 24.3177 13.5289 10.8736 45.6806 25.824 11.9753 1.58746 152.476 0.920722 39.4856
319.536 11.6585 22.506 9.59199 10.7107 32.0823 29.963 32.0966 2.47335 147.992 0.927646 39.8537
226.578 18.1547 4.03543 7.77158 9.01091 14.6408 14.2822 23.8642 15.6344 153.057 0.940975 34.7728
312.075 3.48499 30.8589 7.39714 18.7056 37.3913 23.2694 33.9985 14.4123 152.511 0.925153 39.3526
345.358 10.3519 40.3798 9.99673 21.2792 15.5663 14.9839 34.9444 2.8941 160.235 0.918785 38.7956
229.732 10.48 8.30165 16.9488 21.7588 1.55512 13.0289 35.0058 17.4108 154.897 0.936335 36.4702
298.108 14.3258 8.30165 12.1493 69.7005 6.88373 39.5213 20.2412 17.8696 150.817 0.930502 40.425
140.843 14.8872 11.6945 21.8428 13.2327 7.27281 25.3905 1.52323 7.79963 149.34 0.94632 35.8177
213.037 11.2912 8.36093 6.49151 6.62333 17.7392 21.2009 4.83921 4.65483 143.691 0.955154 32.7152
81.4012 8.27707 15.4161 5.78056 12.8573 18.0509 10.0027 25.5447 2.66301 136.051 0.972276 34.8025
182.878 2.80661 11.1481 8.92871 52.2844 3.88836 19.3729 12.5272 5.72754 132.673 0.967768 35.7657
111.895 4.86572 8.02145 6.58003 34.5272 13.1175 14.6764 17.1931 8.16925 140.961 0.961884 34.7876
193.479 4.86572 10.9233 5.30732 34.4006 32.2042 24.1793 20.4202 9.39293 144.127 0.948929 36.5757
150.53 3.7208 2.11669 4.04238 17.3751 20.4592 7.30232 7.03698 2.40415 129.359 0.976292 33.3666
123.259 10.3243 3.76832 5.91895 13.7753 13.2671 9.83585 25.1343 8.19895 129.359 0.976292 34.2458
126.829 12.4718 6.73571 0.227464 16.5192 17.945 18.0293 7.62472 7.87597 132.076 0.976292 34.8995
271.768 3.80311 16.0677 9.98051 16.7066 19.7252 3.50379 36.6584 6.50319 128.311 0.970064 35.5442
301.018 4.14254 15.8798 9.62007 24.6013 20.0241 6.08218 3.72054 19.6779 128.311 0.970064 35.2861
270.484 3.46148 14.5914 5.53855 6.29125 24.271 0.348427 1.96086 17.1028 128.311 0.974116 35.2329
205.506 11.4315 23.4972 8.10438 26.4034 5.44478 19.3587 8.94987 16.3839 126.256 0.97663 35.5691
156.82 14.5475 5.71586 7.28832 2.26015 5.92281 14.0433 5.9154 12.669 129.143 0.977655 32.8059
226.9 11.9508 0.738682 4.52719 2.20536 12.6076 0.876597 15.7537 11.3548 127.213 0.978079 34.2506
327.981 4.79577 11.1568 3.3776 9.74998 29.0534 5.55957 5.53432 14.1169 121.975 0.972266 35.9559
305.674 21.7212 13.5372 3.62613 13.4135 30.6803 17.7918 16.5628 12.6314 125.41 0.973434 37.0843
211.687 14.8217 5.49546 11.5889 4.14573 22.2686 6.5201 4.02264 13.8782 128.512 0.974201 33.3393
232.119 1.32659 14.2651 11.0103 18.1329 37.6595 4.71261 10.979 25.1355 125.012 0.978006 36.9354
192.874 9.58158 30.5798 10.8306 13.9509 2.61411 2.03705 22.5578 32.0257 123.037 0.982532 37.6282
171.288 23.5889 13.4525 5.21098 35.1705 10.2861 32.085 4.44355 26.6473 137.645 0.969254 39.9947
329.63 14.2093 29.6191 5.672 4.20544 25.8949 14.0691 9.81953 27.0392 131.399 0.95722 36.9427
427.485 14.4811 18.2083 1.05001 23.2231 30.058 1.91419 3.69001 7.83565 132.064 0.95 38.4892
340.888 6.08291 24.0156 1.25454 5.92703 21.3411 8.08555 17.9555 25.3392 143.458 0.944472 35.6597
332.065 6.05686 1.9434 6.37179 22.2408 33.0555 24.5325 14.3705 20.6583 140.811 0.944472 36.3564
227.384 3.77603 49.1605 22.2308 23.5811 3.35495 25.014 39.8057 18.8356 139.446 0.956229 40.3531
220.22 11.8603 1.77889 24.9107 30.3751 25.2745 19.6392 36.4482 9.1514 151.224 0.940636 38.6618
310.074 1.11471 41.3565 16.4047 42.5725 39.9351 3.80237 8.32056 13.2402 140.013 0.948521 39.7925
290.802 30.4883 12.8882 14.6647 2.76202 27.3712 1.33789 24.7929 24.1131 149.81 0.943213 38.9641
197.829 22.7716 16.1058 7.00925 43.2178 2.86371 11.5433 16.9189 9.63752 146.938 0.947819 36.0546
89.0986 36.1519 22.1808 15.7325 48.6492 4.9412 22.6792 26.5608 10.0203 149.064 0.951326 41.1841
123.966 38.2271 17.229 6.9141 7.17836 9.15538 33.8733 10.9652 9.83325 151.036 0.940304 40.207
176.855 18.4432 50.874 11.8355 28.5678 16.9623 10.2025 59.6431 4.51749 146.223 0.948469 41.4968
240.47 16.0039 25.9964 16.4942 46.0801 9.51788 4.13756 62.8587 18.7824 134.559 0.957735 40.8683
301.537 25.3973 26.3633 18.1447 5.3775 3.33479 15.1375 38.5967 22.9517 129.649 0.961397 38.5248
243.614 0.909592 10.929 2.91597 14.1316 6.61021 10.1957 39.3991 32.138 132.022 0.961717 36.5414
327.533 8.86975 6.38154 14.415 4.16181 22.4386 9.73626 17.0882 43.969 124.307 0.96863 37.4489
314.408 24.5227 41.1164 14.1242 2.18698 20.1714 31.9366 11.0912 9.94158 124.054 0.974641 39.835
270.639 52.3406 4.26558 32.0097 7.1446 19.5385 26.5981 51.6833 2.39986 130.036 0.967615 42.3335
203.454 43.7249 28.1173 2.95606 14.1057 0.374882 35.6978 9.94157 15.0333 136.714 0.967524 40.3361
231.069 5.50227 27.0597 28.9987 11.2607 3.07944 14.0676 16.1897 19.9042 133.685 0.967431 35.9764
226.287 2.22505 8.86771 25.8002 17.3729 6.21044 5.99136 2.73626 1.99435 133.121 0.969854 33.528
148.231 2.88303 23.6797 25.237 24.9043 32.6332 11.7215 6.30499 19.913 138.945 0.960342 37.0629
227.979 17.6616 18.8714 2.69256 7.35676 39.5703 0.791394 5.86172 46.3427 139 0.95866 38.1623
310.614 35.1721 28.9179 7.25569 2.7813 3.60083 13.7403 5.92468 8.14604 134.259 0.959722 35.4963
245.438 23.9753 34.8138 7.07156 13.8849 13.2103 8.25668 0.439929 22.4956 133.894 0.960047 36.9801
313.182 29.8894 4.37943 1.43866 19.5826 4.80308 26.186 4.07763 14.1505 130.751 0.96093 36.1393
357.353 16.0417 4.39941 27.2775 10.2472 0.273147 8.58667 33.6482 8.52838 134.738 0.957141 37.2517
285.959 33.8646 30.2918 2.37301 8.72279 1.51183 5.75575 20.3609 6.74144 133.868 0.96072 36.0058
67.1515 39.9283 18.8473 2.29069 18.8268 54.5878 30.515 18.4283 12.5298 133.858 0.973461 42.1144
189.532 3.80082 27.1698 28.4918 5.97543 17.6427 4.69429 17.6868 18.869 136.142 0.958178 36.6576
243.171 4.7603 42.387 17.7618 20.9483 12.6249 3.21383 33.9621 21.6998 136.086 0.95547 38.0601
253.029 30.6657 15.634 1.94445 12.2227 47.9483 13.5891 15.9848 26.8184 138.635 0.952647 38.2849
300.537 30.9675 21.1049 3.59429 19.2959 37.166 6.98341 18.0081 16.0866 137.857 0.955747 38.0659
127.187 13.5833 20.2674 7.1299 18.8192 7.83137 20.3065 16.834 13.866 141.292 0.955762 36.1052
211.681 42.4904 12.1072 8.68351 3.26115 39.3236 1.48664 18.1779 4.95882 138.795 0.955703 37.335
230.795 1.66521 5.27118 24.4732 0.484293 1.14928 2.29863 15.5829 32.6902 138.883 0.95722 35.5468
224.526 4.7879 4.84213 10.6121 6.91032 13.6989 27.8326 16.9423 17.4197 137.699 0.960672 33.8015
162.093 1.45403 9.44909 11.976 23.6988 13.4894 22.5958 2.12643 8.47846 134.762 0.971682 34.7497
93.8922 7.02511 7.9277 16.2082 28.6066 6.93834 18.4221 32.7013 10.1614 131.907 0.976935 36.5612
149.646 19.7273 5.27475 16.7081 7.79853 1.80958 4.03056 10.9195 11.1878 169.724 0.925391 36.982
381.635 8.38038 27.8721 22.0301 8.7993 41.6642 10.2133 14.4902 7.53851 159.876 0.918601 38.2682
360.076 17.9914 50.224 30.0545 1.03405 1.33864 10.4482 25.1717 8.14047 161.238 0.922146 40.7897
284.209 7.77165 28.8709 8.66335 4.60111 5.68036 3.40414 0.410754 3.79361 125.627 0.975572 34.7201
255.952 13.4737 18.382 19.3092 10.2629 2.69743 20.2071 12.5742 28.3122 128.275 0.973991 36.443
205.534 28.4854 9.48638 1.52129 22.3354 13.7092 23.0258 6.32537 22.5597 141.411 0.952988 35.9586
374.319 1.76029 9.37076 3.59517 1.99491 13.3961 13.0763 12.1928 13.5163 151.53 0.93885 35.5497
333.227 18.0979 5.16756 23.1485 2.64215 13.6501 32.0441 27.305 5.34382 131.077 0.957639 37.0606
296.512 15.9897 0.265116 15.5366 22.8081 6.08572 26.4613 12.0365 8.50459 137.864 0.957306 35.9431
241.715 2.81982 4.49075 28.4229 5.27793 10.6493 19.3359 15.3479 45.0839 138.933 0.952775 36.3706
225.206 24.6184 14.0419 0.843446 1.68032 28.3751 25.4657 21.849 21.7113 141.653 0.952775 37.2714
205.412 5.20619 27.0065 0.846804 6.35788 4.84395 32.2813 14.9194 8.53885 145.922 0.947723 35.2435
195.133 6.56956 4.15204 4.7493 2.32528 10.0719 42.4475 5.59643 6.17025 145.413 0.952723 33.8915
244.53 4.99371 9.38285 9.46355 7.89883 13.7337 11.5386 5.75866 4.21357 136.916 0.965329 32.5945
240.544 21.3216 13.7064 16.0307 15.0822 13.8126 6.71992 5.9062 4.87605 131.958 0.969682 33.8179
216.551 16.1936 20.6972 19.7809 16.8868 3.67267 15.7676 6.01775 24.7385 141.396 0.950351 35.7749
170.971 16.4658 18.2425 11.779 40.3034 3.17409 26.3073 4.76582 11.8898 136.126 0.961362 36.6093
16.2311 13.8375 8.23614 35.9026 21.153 26.5118 41.4206 20.4254 11.236 133.272 0.983302 43.0005
70.1883 14.2364 20.1145 22.6927 11.6585 18.1198 31.9753 5.3931 0.573142 133.272 0.97136 38.4908
70.1883 15.4645 23.5839 15.0428 7.81466 21.8379 74.1413 40.8796 4.48365 135.404 0.97136 42.82
314.374 8.07658 13.1405 1.94326 13.9551 7.1064 33.3738 3.47524 11.7188 137.736 0.951551 34.3816
220.843 24.3709 26.0982 11.4445 14.5814 8.96471 14.4925 12.294 18.5062 142.653 0.94948 35.5194
173.499 1.83858 1.8242 5.07264 20.2689 21.3097 3.94283 6.3252 16.5311 145.183 0.953999 33.6627
369.352 17.1222 0.60759 18.0474 26.5359 28.3517 5.05086 14.1304 9.09402 131.637 0.95652 37.3214
371.849 12.7074 6.1337 17.5668 24.7142 31.3481 4.02383 8.62538 18.5498 131.637 0.952896 37.3064
384.024 5.43424 12.336 13.3249 17.5839 23.2173 27.6267 8.99523 7.42718 158.345 0.910025 39.9868
300.089 0.25507 48.9606 17.6574 21.8331 32.3507 46.9594 5.4449 7.56195 165.097 0.909822 42.8882
404.789 37.2371 43.5661 9.08234 79.9959 7.84243 49.0422 8.50234 9.18015 162.602 0.902217 47.1552
468.825 27.1982 42.4027 8.04811 24.0895 18.5498 19.9519 2.794 9.91411 157.923 0.910499 41.4432
224.236 4.79076 10.7572 12.0755 70.4141 16.5747 17.318 3.75261 36.8244 153.027 0.928817 40.7249
328.271 31.2682 15.3685 9.0937 6.44563 20.6056 13.0368 3.50708 23.8131 153.885 0.934552 36.8245
329.695 17.3486 18.6693 15.5046 2.75086 9.09758 13.2409 8.68436 0.380028 161.7 0.92331 35.686
323.669 4.71491 32.139 42.3088 22.3033 4.76526 9.79194 8.94874 1.80136 159.435 0.922412 37.748
241.327 9.46427 24.526 7.86335 12.5554 31.2667 14.834 4.15685 25.0495 171.764 0.910358 39.2595
318.649 9.2587 25.3463 11.2278 6.8873 23.1494 23.2358 21.5328 4.44441 153.749 0.929705 36.0245
243.699 3.47174 25.3215 9.58376 9.81825 11.4504 28.6832 15.7715 4.69028 145.656 0.945004 34.6242
258.976 11.2889 22.6186 22.4619 6.89712 11.4504 19.0926 17.1165 20.9125 138.042 0.955497 35.1834
239.299 17.2968 19.7444 30.2947 7.40776 6.52823 21.5636 14.7229 17.2302 136.859 0.961545 35.8561
309.048 68.7665 3.38764 7.84814 36.9204 42.6183 12.6244 11.339 8.32113 146.171 0.932025 42.7995
280.736 10.7035 23.7619 1.37663 27.5982 27.3334 11.6868 2.28955 8.32113 151.99 0.934207 36.0835
423.595 9.90499 12.937 3.6592 10.4573 2.12069 9.68782 24.02 5.09514 150.519 0.928691 35.1959
240.336 3.33696 12.3582 20.9399 24.8376 8.22416 42.4117 13.6799 2.22331 147.506 0.937582 37.5905
230.841 25.3367 0.262413 1.8272 2.31728 6.53467 3.90676 41.263 20.4987 156.475 0.938507 38.4654
233.733 20.2309 2.07184 2.67556 1.63386 53.4998 4.69121 2.51942 26.1475 162.395 0.929742 39.0773
186.483 12.9739 1.83582 26.3731 18.9461 20.5233 39.7305 7.81056 20.5257 165.387 0.921881 39.7627
296.3 10.2603 6.44578 27.9437 11.1981 17.9993 16.8956 1.76532 21.6525 146.25 0.946034 35.5901
293.896 10.6528 0.948013 19.3125 20.6914 17.8173 8.08298 20.339 5.64781 145.807 0.943956 34.6102
284.039 0.388798 30.8695 14.6974 9.68252 1.88654 13.536 19.5108 38.5918 140.077 0.952522 37.483
293.011 7.12515 30.5105 15.8057 29.3567 0.321269 44.7227 6.32989 22.3034 132.74 0.953851 40.363
269.827 13.7379 28.9423 22.8196 14.9012 29.6237 44.5034 10.6747 13.5909 147.182 0.938469 38.7237
153.493 16.2648 10.5851 3.00313 16.0612 12.0501 40.1254 16.6021 40.6113 139.915 0.952306 39.3099
212.616 10.9808 8.33205 7.28788 20.1329 16.4431 23.8025 6.30916 16.7042 137.554 0.959792 33.853
121.918 3.14734 25.6878 14.2832 8.1306 9.10688 14.9572 4.12204 41.8615 151.25 0.946808 37.0312
174.161 7.70827 18.5186 23.458 2.42224 10.9358 21.4104 3.30146 10.2798 148.158 0.949003 34.3701
117.521 22.5889 5.29585 21.9741 5.15555 13.2779 3.48352 8.66714 7.7309 153.707 0.949818 35.1231
122.652 4.07633 10.7559 21.9835 9.10005 13.426 4.86081 3.60413 12.0272 153.707 0.949818 34.5919
361.907 32.9257 2.06591 20.9687 3.96594 5.70791 8.04755 1.24712 5.52948 153.707 0.938454 37.2532
314.461 9.88213 2.06591 23.3492 6.98262 7.52305 21.2655 3.09849 10.0995 153.707 0.933473 34.0886
292.292 8.93909 1.87524 19.889 49.0164 10.9722 10.406 4.35612 6.68099 153.707 0.933473 35.864
357.214 47.3332 9.5925 24.4178 16.1788 0.293612 31.6013 5.16176 30.8643 143.446 0.939612 40.7197
456.451 35.3517 15.8907 21.0852 0.899187 4.15266 28.3363 15.9831 49.1668 132.934 0.942609 43.314
354.142 14.2761 13.4174 19.1488 19.6324 4.07139 21.2248 43.2869 66.6119 144.495 0.933843 41.8535
319.447 9.26579 11.2137 9.507 13.2656 4.02288 19.753 41.8731 31.7503 155.676 0.931471 38.9656
275.464 15.5175 26.7433 10.3605 13.7122 5.85853 29.3313 4.38361 20.5171 156.273 0.931471 36.2376
294.173 14.5282 16.9816 11.8232 4.29994 7.20763 11.4402 12.7102 3.6873 148.295 0.94092 33.1387
350.908 24.2514 8.82067 6.33546 6.38657 13.2775 1.55868 1.37536 14.1193 148.176 0.94092 34.359
325.175 24.1196 15.2313 3.89785 14.7556 14.2265 4.03586 42.8446 14.5978 146.836 0.94092 36.9507
153.037 4.12947 10.6778 11.0086 14.8826 36.8833 11.7689 14.161 20.5694 152.51 0.944694 36.2572
298.771 4.12947 21.7227 11.3846 12.7429 41.3517 53.2162 32.7143 19.7738 152.198 0.93212 42.3024
448.554 25.3919 22.9511 8.59039 19.7011 0.911309 14.4969 39.7092 17.5971 153.943 0.918536 40.5208
123.018 10.7409 70.842 8.32933 1.19779 5.85022 8.86915 11.6618 5.29059 143.036 0.958917 37.4371
92.3276 31.8488 40.8256 24.3554 22.4176 5.85022 5.32798 5.28271 3.41921 141.699 0.961278 38.0994
154.112 49.2267 28.9258 19.6434 37.2829 10.7463 10.9134 19.7758 2.20606 145.568 0.950955 39.8448
213.474 38.7599 14.4208 18.623 27.6551 6.28066 2.48778 41.7094 0.85353 142.879 0.951308 38.5397
258.565 20.9781 28.6815 19.0217 7.28718 19.2721 8.20299 25.0335 10.1888 127.15 0.967277 37.4724
269.448 53.2326 9.70569 18.186 29.1905 12.7514 2.37081 26.742 1.98283 144.141 0.943274 38.9811
207.88 25.609 14.1465 9.85465 7.73019 4.31084 24.9417 14.3018 25.1395 135.343 0.961779 35.311
215.92 24.7589 14.2772 16.762 4.45142 10.9658 37.6206 14.5099 17.5721 135.343 0.961779 36.1029
205.462 107.85 5.21598 19.5597 16.2238 4.61604 29.6739 11.8019 11.4418 136.385 0.966368 43.7465
234.538 20.3682 21.3589 32.0921 18.3832 15.6546 28.4417 3.45793 11.5618 141.485 0.951039 36.8023
179.65 5.32588 18.9237 7.96694 6.89019 11.9265 16.0847 6.04786 20.9175 150.129 0.944046 34.1762
97.8073 4.90198 2.04262 9.0713 16.2975 23.2666 12.2324 5.90929 31.3327 146.407 0.953389 36.122
154.61 10.4319 12.07 8.24513 27.5336 0.357668 14.331 25.6017 20.7109 142.972 0.950634 37.6558
209.325 45.485 2.79317 2.29542 18.7872 29.2283 18.4461 29.6154 14.6919 144.343 0.949618 38.5796
296.139 6.44661 19.0509 5.52755 16.2962 12.287 21.3487 32.5369 16.8626 137.649 0.946728 36.9252
244.178 25.8518 18.7434 6.10385 15.7633 29.6102 36.6557 7.88974 26.5677 143.044 0.951529 38.6008
175.872 52.8301 30.9782 14.9674 7.30821 8.49941 78.9832 16.0529 35.8091 145.084 0.947825 45.0699
170.783 23.5562 17.8691 27.301 19.8512 3.72685 13.0619 30.9853 6.7661 142.422 0.949716 38.0809
158.742 22.7037 9.4867 0.89758 19.3337 49.5104 12.2573 42.573 11.8707 144.546 0.949716 39.6335
125.915 30.3908 17.6765 8.34459 10.0199 6.61447 22.2868 14.5333 1.25065 162 0.942821 40.0188
321.99 10.5749 2.61398 5.53896 34.4241 0.25766 5.96263 16.0898 3.48601 158.842 0.922507 37.0252
234.218 1.67157 2.61398 17.6889 34.4241 0.25766 8.7115 1.5807 4.74194 163.195 0.924777 37.497
234.218 16.7968 18.0581 13.7663 34.4241 4.74857 17.7695 1.98578 9.68692 163.195 0.931407 37.8394
307.583 17.1222 4.86763 13.2959 28.4323 9.2625 20.441 3.63075 12.5857 152.092 0.931407 35.3928
323.552 4.81374 3.63661 16.8744 28.4323 13.8978 17.6925 3.63075 26.673 152.092 0.93697 36.666
250.639 5.9795 4.02657 24.796 25.4397 2.17291 16.9915 0.291493 5.72469 150.815 0.937541 35.9649
236.045 3.57386 39.4042 2.97811 57.8089 24.9841 11.6884 19.6603 18.1969 151.281 0.928753 41.6432
217.976 18.2001 40.0307 19.679 7.0993 28.5408 20.229 22.1264 15.9316 159.239 0.930799 39.666
217.194 41.014 38.8177 17.6741 8.56101 27.1159 6.85601 5.70555 7.62232 141.846 0.952486 37.5984
298.154 42.7081 38.2393 16.8184 5.80901 18.6785 24.9129 10.9545 5.74226 134.335 0.960045 38.8564
104.096 30.0487 38.5394 19.8265 2.45389 23.0385 20.5994 26.3861 21.2648 136.417 0.966426 40.0537
133.909 32.5267 37.1608 30.0689 0.746063 26.6579 30.3086 26.9773 26.3702 136.6 0.960529 42.6835
124.316 33.8889 54.0776 39.6603 11.3237 17.8941 23.2375 22.2404 2.40893 139.625 0.964442 42.2855
79.4781 36.3885 26.0325 31.2583 10.8828 39.4771 16.5416 18.02 9.09774 143.082 0.957002 40.8111
125.151 46.2827 23.9453 10.8819 0.215012 49.2268 18.5585 16.7401 4.36844 138.877 0.958748 41.6161
95.0873 41.7773 1.76812 19.7391 29.6886 3.60337 4.57763 1.03449 32.9499 145.279 0.955724 39.3796
134.612 53.6836 15.265 4.38108 22.9389 3.60337 0.7613 7.66265 22.0695 143.219 0.958319 37.8768
237.611 25.8694 23.158 9.21332 11.1835 11.0797 8.19753 18.0876 10.7314 140.702 0.957603 34.7106
275.947 17.7919 22.1548 2.68895 24.4782 9.37623 2.19591 35.073 3.71964 137.686 0.957042 35.9049
240.245 12.814 24.9972 4.90178 21.8443 22.7869 9.42425 22.4315 8.40839 135.303 0.961191 35.1797
326.868 18.4969 17.008 18.1175 9.83307 33.9678 24.2036 10.9105 16.6127 144.196 0.934706 38.1579
293.404 40.0985 1.539 17.0797 9.98241 16.4407 8.1927 9.32196 0.915028 141.21 0.946619 36.5534
195.485 2.74596 0.448812 26.9233 4.4335 23.4013 3.60428 26.794 12.4338 151.336 0.94068 36.4667
277.772 9.74876 4.9393 10.4269 33.45 7.32295 2.49784 29.6257 6.23241 132.644 0.96466 34.9868
323.309 11.6285 7.46586 12.6484 7.13876 6.03969 7.56187 36.5424 28.8755 123.431 0.970917 36.9198
319.586 28.3192 19.5165 1.78172 20.0712 31.4987 6.79271 24.789 27.9842 150.161 0.931558 38.7456
320.768 21.2764 3.80345 22.4668 7.47817 15.5272 8.97031 23.0035 1.86899 133.34 0.960699 35.2167
182.684 7.5374 28.3764 15.4931 13.7842 14.7739 7.52891 4.96953 24.6557 139.729 0.956568 34.9832
148.2 8.78013 36.456 19.7256 10.6354 13.4468 5.36693 7.48546 1.43276 144.364 0.956568 34.8886
216.335 16.4885 36.456 12.2562 8.58119 15.667 6.61844 36.9296 21.468 135.748 0.956568 37.8656
356.738 9.21835 58.4742 20.0874 7.01609 4.92439 0.560269 5.85716 15.2318 139.797 0.951996 38.6692
283.493 18.1457 24.0501 24.2938 4.25702 5.27387 6.30769 10.7094 38.5714 139.258 0.951902 36.1818
251.552 14.4516 11.3162 4.13275 4.25702 6.57852 1.03542 8.51093 44.5566 139.258 0.960954 35.8072
247.866 6.67884 20.2684 8.47751 0.544106 4.61455 6.45721 44.5516 31.5991 139.258 0.951885 36.9783
245.73 11.9061 15.524 5.90996 7.24834 1.99772 13.8786 5.07369 24.1657 141.419 0.953 33.219
239.319 34.7441 17.519 4.20511 38.0856 8.17909 1.72882 6.96984 27.4477 143.817 0.954016 38.0845
241.136 23.2838 10.9257 4.20511 11.5843 4.43128 39.5942 6.19019 33.4949 154.203 0.939005 37.9397
424.248 15.8007 22.5943 2.19367 6.38044 17.0933 19.4703 4.25904 14.8688 149.963 0.927169 36.6379
222.541 8.61252 19.3988 19.3262 9.78631 18.9853 11.6187 9.46458 6.23554 149.963 0.936862 36.053
355.539 20.1242 35.5683 1.26097 31.1462 7.79386 3.88268 4.59895 23.3802 147.166 0.937077 37.6452
328.259 19.4366 24.4949 17.3543 19.3664 9.68388 6.29728 7.64771 31.3869 136.465 0.946899 37.8345
366.671 2.88306 8.75649 34.0307 40.857 0.587605 1.44447 20.9778 18.4226 133.529 0.952209 39.1119
212.182 10.1557 5.71368 22.3132 49.3155 19.197 7.22191 9.72701 6.73274 139.956 0.95308 36.1126
321.962 2.69856 0.916186 7.92266 47.5488 14.8427 10.7498 8.94959 7.98878 130.822 0.966235 36.6873
359.329 1.18821 32.2248 12.4551 34.9944 5.99303 5.5495 16.684 31.8776 129.911 0.960506 38.8742
221.008 6.27056 16.5852 13.3403 11.8825 15.9981 31.0546 20.8506 89.0307 130.372 0.966924 41.6398
224.493 10.8511 11.4103 21.2891 18.7855 10.0866 4.85391 2.72643 13.1144 129.559 0.974143 33.9926
126.816 9.15598 22.0202 44.7469 1.70069 12.4833 12.7154 19.8976 22.6265 136.878 0.972059 39.198
207.666 26.0908 10.3713 12.1132 2.5095 4.30589 15.0311 25.1607 5.60445 129.512 0.972325 34.5981
207.738 47.0828 11.3324 14.7018 5.0215 2.43595 18.4973 21.5174 9.69746 129.531 0.967386 37.7537
235.388 19.486 9.9373 11.2469 9.22009 6.01945 10.4863 37.6374 9.01756 129.095 0.967835 35.24
209.888 15.0616 3.43659 6.19125 5.78655 30.8247 14.9621 7.69118 56.1703 130.266 0.969772 37.2868
108.153 17.4742 18.992 5.85668 25.9437 31.1567 4.84594 9.31372 31.6184 154.048 0.946399 38.8706
152.788 20.7288 14.0372 11.7622 39.3822 18.8344 15.5923 12.1704 47.3112 159.536 0.932616 41.0375
192.858 23.7508 27.6338 16.7847 5.72836 11.9 11.6704 4.9762 16.1105 157.92 0.938716 36.3406
258.757 7.01627 2.33172 20.8311 21.836 32.2911 16.3736 11.0084 18.4714 135.372 0.956574 35.8513
266.776 10.0302 7.88542 33.6889 6.51376 0.957439 19.7871 23.8943 19.077 148.288 0.944144 36.3667
232.099 37.0111 11.9676 54.8347 2.7057 6.98515 5.78067 6.23557 12.129 149.066 0.939856 38.127
240.28 29.791 6.43518 4.37891 23.0571 23.6871 48.5903 15.9382 0.215158 137.774 0.954218 38.994
349.626 43.4047 10.9618 7.88804 7.14053 37.0793 24.9631 8.06562 29.9549 132.091 0.955055 39.7101
314.122 16.2077 5.93365 18.683 1.02787 26.4452 38.6632 66.0447 4.72037 140.87 0.946605 41.084
255.321 8.10359 2.09068 4.59205 15.8377 3.71438 52.5216 32.0823 12.3418 134.641 0.955895 37.3057
293.451 16.2615 5.58893 6.03502 12.9604 9.63176 19.6794 14.3887 7.22463 154.536 0.935731 33.8922
326.695 27.4267 16.3488 3.76252 9.26391 6.34463 6.75166 4.14123 7.8465 151.532 0.934982 34.0449
280.63 39.072 4.69567 12.4612 37.1793 1.08367 36.3804 10.0305 2.70743 144.357 0.947205 38.4071
284.897 42.7346 8.20953 30.7646 25.8981 1.33614 4.30098 1.61142 1.64596 146.102 0.948401 37.7635
325.22 11.1333 20.2049 30.1579 37.9192 3.53626 1.53673 10.9377 1.14288 146.002 0.945189 37.4878
327.318 3.05015 17.1567 32.0168 22.6191 3.67299 28.0999 4.78789 17.1819 147.012 0.945074 38.5379
330.967 5.48778 20.2797 28.8519 17.8695 6.55618 28.0783 28.8524 28.6001 152.004 0.931327 39.0899
282.38 40.4229 15.2489 24.9475 16.2336 3.13152 27.692 48.7171 19.2486 141.281 0.943629 40.6603
283.526 39.9857 16.1539 24.6753 22.8546 6.64852 23.9498 30.8988 18.9359 144.167 0.940132 39.443
332.933 37.3681 15.0895 23.1222 30.3058 15.0905 6.1731 36.913 15.929 145.579 0.939744 39.7928
270.484 33.4168 2.0629 34.3439 22.6373 29.049 17.185 21.8285 7.31284 137.742 0.948515 39.441
142.411 5.56188 19.3359 27.0716 20.0407 8.02955 16.865 19.4444 43.339 146.038 0.948503 38.3375
99.7768 3.60427 7.93199 19.6016 8.62441 7.75737 18.8207 17.3855 42.2111 146.038 0.952388 37.2421
142.596 27.7579 5.6753 12.2651 9.07768 7.56147 4.98764 0.616534 6.248 146.038 0.95671 33.8527
177.39 37.159 4.13037 14.6774 18.4422 10.5582 12.06 3.56768 13.8462 137.232 0.961839 35.0719
166.053 33.7618 13.1795 5.98589 0.673514 8.92258 21.4229 22.8501 4.72292 134.693 0.970629 36.0351
201.375 44.5485 1.71854 5.28605 17.7934 13.4566 15.749 11.6824 1.24895 136.206 0.966698 36.1462
242.579 16.1034 2.56545 37.0763 29.6418 20.7971 8.44585 10.8132 4.43199 137.572 0.960274 36.2634
307.392 28.0586 1.3773 10.2676 41.9641 17.5416 5.87282 14.5562 5.09852 141.273 0.947008 36.4771
332.539 4.63349 6.61391 1.24364 7.71041 2.24262 16.8363 17.0266 16.5987 142.143 0.943912 34.067
301.877 5.7176 7.06384 1.68268 3.82788 12.5575 23.1027 20.4442 36.7115 141.879 0.9474 35.4103
360.035 3.21777 18.3184 1.61218 3.15447 21.6373 33.7995 24.0575 1.17916 148.163 0.932981 37.0406
350.393 15.1546 20.7272 3.1292 6.92422 7.9511 41.9794 10.7984 3.67662 136.848 0.949275 36.0527
247.3 19.5848 20.0535 1.11124 8.69209 10.4666 26.3556 7.44694 9.29149 136.743 0.954713 35.4991
209.955 67.9473 8.98615 5.66977 5.18431 27.5647 25.6388 22.6503 23.8067 143.844 0.938986 44.2419
181.833 35.7483 12.1021 28.4395 3.60816 10.1732 22.3218 31.3076 11.9942 143.406 0.953105 37.5655
224.863 11.5775 8.11503 9.64443 4.12977 22.3398 19.1923 11.3897 15.0586 138.549 0.95777 33.3989
262.594 1.83438 1.61303 13.7258 42.5607 5.78926 9.76971 4.36355 18.3627 135.016 0.962985 35.2128
188.91 5.82574 24.3925 13.4586 18.3815 2.01657 2.55813 20.1205 4.22378 144.365 0.956825 34.4093
163.143 13.3245 21.0038 18.617 17.8441 5.72366 1.1256 18.9094 4.24867 134.711 0.968939 34.5333
126.106 22.6666 14.7691 5.07606 0.526317 26.862 1.35241 23.9349 36.981 152.925 0.948428 39.9308
112.773 60.0126 33.9595 7.13407 3.81826 14.8723 1.27449 26.1468 20.6145 143.372 0.959635 40.4861
81.1123 5.74201 21.5685 2.30189 13.7746 16.0473 1.21961 5.69226 20.5737 137.051 0.977748 37.6751
-47.9092 15.6941 8.52914 7.279 11.3959 1.47095 1.25131 11.4767 24.3815 140.82 0.97389 38.0402
93.9813 49.7001 11.8358 21.9176 3.03265 5.32455 1.71749 15.1728 0.78485 137.662 0.968955 37.3657
174.621 1.16755 16.3895 23.3766 35.6662 13.3428 3.55683 12.8387 15.4868 135.864 0.969674 36.8739
100.377 7.06522 6.63244 9.40841 12.8772 13.432 6.86976 23.817 6.92477 140.323 0.971706 36.0351
308.057 11.6756 53.0731 22.4549 22.1169 31.4498 49.5234 4.43577 2.66208 127.288 0.96526 42.4183
246.151 37.1069 27.8896 21.5435 10.6252 44.2472 1.25726 9.22736 2.87392 127.288 0.965633 41.2327
311.338 22.9229 0.133805 19.2519 12.8304 34.6273 1.25726 2.50025 2.8877 124.617 0.971099 38.4836
188.498 0.751401 9.70712 28.5053 35.3619 17.0609 7.06472 2.50025 3.13114 136.139 0.971842 38.3276
203.377 51.0142 26.4263 8.04788 43.6282 23.16 30.0197 39.5997 3.2654 149.624 0.939498 43.1902
171.765 9.33145 9.92736 3.29366 11.188 17.4804 19.158 23.5443 3.14158 147.467 0.956863 36.2508
344.081 21.6677 9.42126 22.9136 20.6472 15.3751 10.4243 2.73003 3.16661 133.984 0.955689 35.5137
320.945 11.1202 17.9386 50.8298 49.436 14.8275 9.66399 9.01431 3.49148 134.12 0.952615 39.653
295.793 6.40934 37.7825 2.88811 3.37274 22.5522 8.6892 58.733 70.447 134.657 0.956067 43.8049
334.528 25.5901 9.76923 9.54202 24.8259 50.5689 35.3321 29.6084 26.9149 142.318 0.935591 41.642
280.545 31.8468 7.30805 3.33621 21.2613 56.059 42.6632 30.4773 5.77632 141.941 0.946519 41.4756
34.7228 3.84863 21.1974 33.2148 7.02567 45.6785 27.2733 30.1102 8.45004 131.184 0.981442 41.7614
82.904 4.50864 0.610583 25.6565 18.011 10.2364 8.97281 5.36711 8.14326 130.891 0.977141 35.2332
81.8387 36.6151 10.3519 32.5853 0.852676 3.82852 14.2413 12.6814 34.9432 133.489 0.979532 40.5175
196.153 2.79186 1.23555 11.1718 20.0715 41.9677 24.4833 35.5028 11.2808 126.843 0.97631 38.6582
234.689 24.9977 18.9913 7.17428 16.731 32.7659 7.63479 3.59024 6.11157 131.862 0.969433 35.5005
139.48 46.9632 18.3267 53.1221 14.4789 24.5406 13.7359 4.54882 8.01794 140.679 0.959565 40.0077
128.831 48.5598 5.14763 14.6894 11.4863 26.1342 24.4718 32.7712 3.02272 147.491 0.954033 40.029
204.722 3.27125 5.685 5.88429 4.41336 24.9699 28.07 58.1761 25.0802 143.732 0.952246 39.1191
125.703 3.42784 5.20576 4.61613 28.4309 30.6961 4.7266 12.857 21.2461 147.785 0.950762 35.9909
202.534 18.1983 2.17229 23.6603 21.5706 15.3372 14.1254 30.1894 24.659 138.349 0.958223 36.806
241.916 15.838 3.36526 7.30667 21.9216 4.20956 5.40073 46.0701 16.4015 132.678 0.970499 37.3646
266.293 7.59563 24.1057 6.32341 10.5635 22.3826 2.88601 64.6165 4.13902 134.334 0.965864 39.5117
262.391 7.66034 12.8344 54.0266 27.0591 14.0781 4.07638 8.73872 5.4198 136.777 0.953836 36.9831
281.113 25.1323 10.6971 12.7182 15.2316 5.84618 6.44288 30.5303 8.66011 146.592 0.947496 35.4537
427.244 17.1158 13.7977 13.6674 21.4543 15.1676 2.40091 18.153 17.5715 143.627 0.938229 37.105
410.852 16.0901 17.978 46.0777 26.8775 5.10932 2.40091 14.4683 4.2263 137.193 0.94566 38.8909
392.564 38.7375 16.6751 24.9949 6.32694 10.3293 12.1093 8.47544 38.4305 136.989 0.94566 39.2499
323.413 34.1767 21.5749 23.3018 39.4542 13.5546 8.99737 10.5619 55.1982 141.151 0.94566 41.9908
438.072 34.7428 1.42322 23.6199 2.22698 8.03671 20.5032 24.3774 16.6803 141.151 0.939946 39.3453
269.144 38.9782 5.67261 22.8872 1.67198 29.6394 21.2441 21.2322 12.1839 146.628 0.936425 39.1955
336.866 5.70784 4.0359 14.6092 5.83992 34.089 23.3467 8.4816 6.74624 156.277 0.929187 35.4952
288.75 9.76726 23.0863 14.7048 3.7092 30.7398 8.33116 4.41523 12.8313 159.458 0.928183 35.5198
234.614 18.2522 6.76406 4.06489 12.7908 8.72369 7.75469 16.2126 5.76096 121.986 0.986294 35.2928
185.433 9.36682 19.4978 20.484 1.68246 7.22676 19.3547 10.9326 5.33491 120.972 0.986294 36.1176
183.35 17.6171 45.025 7.9582 1.67976 7.06308 7.81256 3.35624 4.76194 124.377 0.982282 36.1614
221.38 10.7449 29.305 4.67922 5.0789 4.33646 3.54377 17.9794 2.04658 130.715 0.977458 35.866
75.3914 15.0613 30.9508 18.7009 5.88329 8.62958 8.44927 2.25615 7.3151 125.612 0.988029 36.7176
75.2972 13.2 40.7992 2.89768 22.2294 8.62958 6.38303 6.63764 4.35401 127.598 0.985571 37.0311
138.312 22.2885 44.4105 13.9494 27.1744 5.75682 20.2218 5.78702 11.0464 131.155 0.97462 37.7754
147.607 18.2803 16.5721 44.2783 6.89796 11.4699 39.0889 3.80458 13.867 133.459 0.975363 39.5651
243.374 29.9459 22.6363 28.0352 1.06031 7.71356 5.30543 3.80377 11.5771 130.616 0.972845 36.4972
186.614 5.97673 3.42876 8.38084 28.2277 11.5081 4.95101 8.36476 47.6768 146.344 0.951959 36.2418
218.106 15.9336 4.08932 9.14715 9.30944 4.67345 3.34005 9.27651 20.3093 143.307 0.950342 33.2504
194.795 15.9336 24.9738 2.73801 4.19097 6.02281 8.99387 17.2179 12.6596 145.923 0.953842 33.9448
61.4323 8.11239 8.41195 32.4166 16.7454 3.14263 7.71477 22.1795 12.6836 142.786 0.963982 36.1333
102.702 8.35968 2.90952 5.95736 2.83203 2.73511 3.53085 30.836 21.7897 140.179 0.966092 34.6147
183.325 9.29474 5.04698 2.23228 4.86961 14.7199 5.27543 26.9831 7.56477 139.029 0.960258 32.9393
214.235 6.80927 6.21997 7.45789 7.3744 12.7449 5.30242 20.5897 2.81959 126.511 0.975866 33.0416
229.534 4.48576 6.15372 6.44338 7.42321 5.77573 5.55047 20.8711 5.98111 129.289 0.975866 32.8034
266.098 16.4048 6.94242 6.44338 8.34894 15.1746 0.295207 13.9549 32.0449 120.884 0.975866 38.3058
241.79 16.0635 6.04799 5.81504 15.3095 18.1149 26.8859 4.3964 30.1087 155.404 0.933592 36.0878
238.83 5.44007 18.5233 3.92549 6.59577 43.6698 50.0433 3.07195 15.2387 150.473 0.939329 38.1886
304.915 0.454224 26.9641 17.4594 79.898 3.47234 21.0527 6.54115 25.6098 154.509 0.928024 42.1098
354.93 11.0573 36.1346 4.13051 57.1897 26.2176 3.14864 23.3592 27.5853 144.432 0.928172 42.6973
345.92 23.2876 20.7793 11.3328 54.4907 2.47394 1.22757 29.9409 13.3428 147.544 0.93289 39.6583
185.956 8.04352 10.9612 8.93836 10.8787 15.3928 14.6728 35.8686 11.9376 147.113 0.949512 34.816
28.5912 4.6711 49.6803 8.74608 2.3344 21.0538 20.5422 8.61146 12.7035 146.273 0.958148 39.1039
205.514 25.0356 39.6692 12.5057 11.1487 20.512 0.883336 9.34286 34.7967 140.57 0.960378 39.0408
120.552 21.1678 24.21 7.57722 35.1964 8.04453 11.4908 10.5555 14.7638 141.385 0.955739 37.4164
121.323 7.45737 9.47423 8.43482 30.1817 37.0881 13.4722 6.85489 19.9402 147.278 0.948476 37.2051
76.085 25.4397 26.2815 47.4686 24.0054 11.0496 53.1521 2.93766 6.32108 141.287 0.962817 42.1248
283.17 10.9632 2.80621 3.38955 33.5213 8.20225 26.7199 20.1971 4.31263 140.784 0.950673 35.05
362.945 26.9148 22.2807 10.111 34.6865 4.08635 6.12816 13.1053 1.3131 133.499 0.950731 38.4074
182.267 13.996 19.801 4.58602 32.0125 9.33192 6.24579 25.8269 11.0715 132.303 0.974617 36.5476
291.532 4.06666 6.0169 29.6472 24.9796 14.1785 23.1293 6.67497 7.04807 125.522 0.968706 36.5763
298.636 6.43626 8.5384 64.3523 17.2971 15.6594 13.4332 19.3443 12.7677 140.034 0.943856 38.5111
273.295 26.563 3.03487 13.7134 30.9948 11.1949 22.6517 20.1132 18.4912 147.886 0.93537 37.6603
182.489 28.6597 5.22516 3.0869 13.5589 15.1733 6.86725 13.2454 18.7136 147.886 0.951125 34.6674
213.921 36.7511 7.8366 9.41741 3.63756 10.4611 12.7084 1.84502 24.3613 145.665 0.947156 35.5572
222.365 42.1023 14.5202 3.64765 20.9615 18.2281 20.3 6.93654 14.2669 145.85 0.946642 36.577
257.484 29.36 20.8105 9.29423 50.4375 7.57799 15.2086 31.7624 3.07689 140.375 0.951197 38.5585
231.295 34.4221 101.464 26.3055 0.240176 13.5531 19.003 20.2285 24.7537 148.892 0.933332 46.823
227.251 32.1159 37.8604 21.0122 30.9594 9.55272 12.6421 26.88 32.9964 145.942 0.941762 40.6546
253.907 4.19845 46.4617 8.32477 22.074 22.1789 7.59916 0.992963 8.96196 147.314 0.950032 37.6674
358.22 7.38765 11.0475 10.6853 5.73279 14.5097 1.73022 14.3181 48.7224 132.062 0.950898 37.9833
343.029 2.55961 8.01959 7.54774 15.598 16.9144 21.9397 11.3236 27.8785 135.509 0.947755 36.2889
403.989 7.57553 5.30273 6.96385 9.78859 2.95223 13.9974 23.607 33.0912 137.282 0.947538 36.0077
398.223 10.8078 22.5484 4.25898 8.38916 18.2297 8.83516 24.478 30.8619 142.732 0.945239 38.8191
337.841 11.4556 27.6228 13.4199 1.13001 41.1233 1.50698 14.5826 33.9664 136.154 0.951546 38.6967
291.336 27.3782 29.682 9.62939 41.6092 6.95433 24.8842 30.3898 23.2984 142.571 0.94359 40.0317
138.837 11.7258 15.7303 9.26542 36.1764 16.5555 9.4627 34.817 17.3586 150.855 0.941333 38.4158
187.196 14.5503 5.88928 8.74795 51.8874 6.16229 13.7536 13.2591 15.9095 154.127 0.943488 37.5416
211.235 18.6095 10.8522 7.19919 18.8355 2.79624 19.3165 10.0745 16.4572 140.694 0.953713 34.1885
169.893 26.8918 11.8864 7.36548 25.0107 1.76656 11.8704 7.53939 7.30167 138.542 0.965911 34.5399
174.934 3.74269 0.586455 17.6265 19.8552 0.676249 5.54511 38.9106 0.360189 131.621 0.969311 37.1419
256.715 2.38537 61.5367 67.1442 3.11319 18.9627 17.7186 6.68467 5.18221 147.387 0.942608 41.3648
209.29 17.181 5.92933 7.08021 10.8671 2.3779 22.5957 2.26187 12.734 138.59 0.963546 33.447
70.6691 36.3823 3.60262 11.9643 3.90817 15.2173 1.66033 87.2686 9.17748 141.318 0.960325 42.1394
177.642 41.97 3.38132 27.9388 15.5387 17.7889 16.6689 34.7326 10.669 142.059 0.953698 38.4748
223.602 38.3939 3.20088 2.2748 36.9389 44.2335 36.6352 30.1044 18.9543 136.645 0.950814 42.6891
145.983 47.3504 3.8432 32.2284 37.0738 35.2773 36.8316 24.9354 30.3996 136.44 0.961124 44.3932
151.173 23.311 24.4819 32.86 23.0083 23.0955 26.4654 10.0337 29.3309 137.498 0.9568 40.3942
135.757 3.53996 50.209 14.3393 23.7755 20.2945 30.1866 5.24664 21.2867 149.929 0.947743 39.6116
205 14.2471 23.0007 26.2096 45.8894 11.4373 28.9974 27.8225 5.2831 137.509 0.948104 42.2051
252.403 3.73134 1.381 9.31388 47.108 23.1689 5.918 22.2538 34.5306 143.422 0.948168 37.9925
165.148 1.30505 12.1152 12.8101 30.2876 17.7017 23.6404 3.75988 63.5856 142.296 0.952807 39.3995
290.697 17.8781 24.4295 26.7501 7.50126 16.4481 48.9929 7.48762 5.53038 141.338 0.951204 38.1679
232.842 15.412 34.1678 28.0376 29.7727 18.9991 31.4167 8.39568 7.19205 140.308 0.951454 38.2441
237.86 3.65663 0.575333 12.2379 0.638725 8.93568 11.9414 15.2738 17.9865 150.696 0.943285 34.2448
178.368 10.8426 3.19991 21.7325 23.4798 4.47415 7.55949 2.40314 17.4276 143.243 0.949944 35.6663
160.138 3.79317 22.3137 1.66152 8.50349 6.73067 4.36672 41.9453 21.7481 153.607 0.939007 37.437
162.511 3.79317 39.9762 35.5123 5.488 14.7452 6.85041 14.3767 25.4574 154.899 0.938968 38.2869
171.921 19.0192 11.0638 25.2555 7.74638 11.6262 25.8486 33.0064 36.7105 150.698 0.944102 39.2452
185.104 13.3472 12.5609 17.9206 6.68376 5.77053 33.6713 30.096 35.1723 121.166 0.988317 40.2695
182.25 13.8762 15.7835 1.44974 10.9371 3.10202 7.18438 33.333 43.4817 128.013 0.974984 37.244
180.924 32.471 11.1766 8.64811 2.08412 4.94145 6.02996 16.7365 21.8301 146.045 0.948701 35.4554
162.328 16.5972 1.76357 16.8495 4.02332 5.13914 2.40008 15.5102 10.1086 144.536 0.960443 34.0429
138.919 12.6061 18.3257 8.13803 2.13299 26.9401 8.87428 29.88 18.7965 151.51 0.945323 36.7912
142.498 5.54645 18.8723 17.313 4.35742 32.1997 1.8478 34.9322 16.5236 151.51 0.945323 37.5682
162.637 11.6515 31.0074 19.7999 20.2718 35.5877 20.3859 19.0581 4.23337 147.106 0.951402 38.3497
-2.47009 0.344819 33.1583 16.056 4.28001 7.50297 25.1629 8.53239 18.3632 140.962 0.97369 39.7073
169.342 2.88304 10.929 15.1463 7.49164 15.8821 43.8149 32.5095 6.43846 128.264 0.981976 39.1028
162.421 17.0971 11.1409 3.75667 6.25002 15.7422 16.1512 6.36014 6.50344 126.83 0.981338 33.8016
240.105 10.8339 5.47441 6.8202 38.1706 9.86197 31.1325 19.1587 3.14072 136.928 0.955184 35.9546
215.898 18.2441 15.6511 12.2603 4.34179 18.367 10.6703 15.3015 1.87104 135.558 0.963237 33.6512
299.887 8.89695 26.6539 11.8879 0.242662 13.6112 34.0413 8.81411 5.61849 129.279 0.967787 36.6879
317.489 5.76998 34.37 24.7847 6.52421 21.1685 31.7751 25.1292 6.89068 127.429 0.970217 39.5333
145.273 13.6235 10.9066 17.8084 2.2478 15.4199 40.7307 19.204 1.30245 157.251 0.930663 40.5727
262.038 13.9902 2.53076 15.5315 2.17677 21.3254 22.8795 10.0435 2.00155 149.268 0.940188 34.551
161.363 11.3826 11.3885 10.3909 11.8559 7.30962 4.00386 9.84983 3.5469 140.506 0.968079 34.1273
239.739 5.16857 8.67115 0.523174 28.6198 7.69672 3.24787 4.50835 18.6684 146.629 0.949274 33.9712
246.111 8.42645 8.87917 20.7629 5.40481 4.21007 2.31862 22.3039 4.90065 137.817 0.958557 32.8876
211.975 6.52581 9.02494 6.8284 27.5752 7.56697 10.7694 30.4303 11.2321 137.875 0.959218 34.1359
139.114 6.74283 5.13839 11.6281 4.31585 6.20877 16.5614 19.4111 10.6718 136.628 0.966108 32.9723
44.6315 8.8573 25.02 7.72418 7.09904 0.991143 30.4697 14.947 11.0396 142.475 0.966164 36.7731
76.0453 12.4671 12.7632 11.4264 8.7206 3.30377 57.5577 8.23935 11.162 142.422 0.966164 38.0009
93.5838 1.71482 7.57901 6.53776 2.77162 8.06068 24.083 5.3808 10.2698 141.027 0.966164 33.541
111.745 40.3456 4.19408 1.76549 15.233 42.5519 20.2864 20.0582 16.5558 136.881 0.963708 39.4295
151.682 1.08367 5.61004 4.75284 7.98867 14.768 16.2184 31.3398 13.3473 144.898 0.953261 34.723
228.829 7.91231 8.27766 19.0039 6.44273 29.4314 8.70031 19.1698 8.92951 139.827 0.953261 34.196
243.602 8.18794 4.56527 12.8611 40.1593 8.17942 4.36344 18.9384 27.0666 142.766 0.953261 35.9617
122.133 14.3042 10.4643 13.9175 19.2769 8.15893 6.65222 29.7857 14.959 144.823 0.953261 35.688
231.8 8.83119 10.0459 10.2758 7.87651 5.58419 6.11089 17.8695 7.82648 142.64 0.951246 32.3217
433.498 11.7138 9.85315 4.56018 9.63283 12.2041 9.60567 25.9534 19.8298 140.15 0.938661 36.1964
263.277 28.1877 8.42633 16.6589 23.5216 10.5829 12.5373 23.2975 19.7968 146.328 0.937816 37.3921
211.426 10.5883 29.9948 3.77746 32.8218 10.8209 20.8288 14.8509 21.0135 154.576 0.930253 38.5967
329.944 18.0003 13.7439 2.93553 4.55728 13.9798 3.45827 3.31774 8.59362 139.874 0.951979 33.039
243.197 14.4731 11.6998 2.7418 6.75015 18.1575 1.96715 4.81296 3.45423 129.565 0.975439 33.7155
326.472 3.70158 67.8149 3.44114 4.91458 11.3593 17.129 0.809054 38.3421 156.926 0.924308 40.4692
384.878 13.6169 16.3557 4.64476 9.14875 8.90242 2.63419 2.35028 26.8664 148.723 0.94048 36.0096
358.31 5.70244 2.90135 1.50609 9.14875 9.65529 1.47947 2.27846 26.8664 148.458 0.936719 34.3019
120.522 14.0069 6.16026 4.21147 16.9416 29.0797 0.707223 15.7746 4.90024 140.221 0.964566 34.8236
111.978 2.34355 6.05462 14.3763 25.4924 37.9825 7.439 9.06296 13.2302 136.239 0.958645 40.1179
261.967 41.3396 15.4264 10.077 4.12032 31.237 12.4405 10.7535 3.60433 141.28 0.952388 36.0351
200.342 14.2691 32.2227 1.25818 6.74084 17.8983 39.3402 15.6289 4.75695 151.648 0.943532 37.397
112.371 14.7557 9.3886 35.5249 9.6871 9.51688 14.4668 32.8499 3.97768 144.15 0.952827 37.5335
90.5394 13.1685 10.0034 44.6187 30.0831 9.30973 18.4177 3.35793 5.29137 156.625 0.948725 40.2302
119.815 30.2662 15.2918 19.3461 7.64803 45.9733 11.4609 5.77281 9.94396 143.291 0.95515 37.7331
165.444 8.83344 10.6769 13.2155 2.32515 4.46014 11.0502 17.0473 18.1949 149.056 0.947667 33.825
153.704 9.39498 30.0816 26.7178 1.80467 7.51988 5.78039 16.7462 4.0822 148.018 0.948814 35.518
129.812 18.492 9.46549 43.7025 11.5901 23.677 13.3477 32.5089 16.3602 146.472 0.949871 38.7804
173.919 10.6331 3.35286 25.0002 21.352 6.68848 11.7919 19.0455 16.7129 138.731 0.958371 34.8591
46.2681 5.02102 2.41084 15.473 5.10739 10.5156 9.42896 26.0247 16.6295 141.34 0.967304 35.3763
92.8789 12.3306 14.3132 1.60999 2.41403 14.6791 9.42896 1.32158 12.7541 140.725 0.965855 33.9608
142.313 10.3642 24.5955 1.60999 2.24607 29.9355 18.8775 49.3526 11.7045 137.584 0.965855 38.6144
189.116 18.783 10.1579 9.52863 17.9071 14.378 30.8012 27.871 2.94323 139.184 0.958047 35.6983
169.421 17.6533 13.1096 7.1978 2.45941 41.1747 21.4833 32.5935 0.345122 135.454 0.962174 38.2123
179.797 20.0748 10.5636 14.8264 19.349 16.1535 63.9187 43.3224 4.74984 143.175 0.952751 40.8109
254.146 6.87086 12.3431 14.1658 7.03572 2.5054 6.74724 49.7567 4.06296 136.716 0.957984 34.8127
317.992 19.7452 13.8323 10.8202 12.6763 18.7898 6.53962 28.9773 7.32547 130.872 0.967327 36.5111
295.98 11.1976 2.45913 2.57736 3.90866 7.07583 6.5714 29.5793 24.6614 119.927 0.976924 37.0529
327.825 7.92154 1.5402 7.58804 9.8362 26.7186 4.07473 19.2938 23.6983 152.059 0.930474 35.4344
322.559 6.1694 9.45392 4.84571 6.58028 16.4461 3.29498 25.72 13.9271 154.574 0.930474 34.1694
249.036 17.6736 17.1216 22.2015 7.26159 12.3777 1.93208 8.55529 16.4949 161.762 0.929838 35.6
263.499 6.12143 7.99019 17.3394 4.99643 1.90049 27.2105 3.07442 34.2233 158.249 0.931981 36.2666
290.553 5.59874 15.5303 37.9258 9.27353 46.1944 35.8837 10.3687 16.5863 154.961 0.920909 40.4285
426.43 18.4601 18.752 26.2915 8.65902 59.9189 26.4581 17.9137 14.5092 156.426 0.912359 42.0025
386.689 18.2039 4.20281 18.5881 8.76616 28.3406 9.08975 12.7885 13.5094 169.798 0.912359 38.2754
345.721 23.014 10.2931 2.56598 20.9845 30.6887 5.00461 11.7603 72.1092 143.114 0.947895 43.9905
298.353 29.846 26.7608 52.5753 2.37099 5.29268 10.2374 13.2321 50.0444 160.949 0.925026 43.6637
206.84 20.6512 26.6176 30.5377 28.8101 18.8391 9.26191 6.1364 16.0158 168.588 0.914037 40.6637
233.064 10.9904 30.6039 21.8869 47.3385 38.7914 1.23506 10.5349 13.2436 151.912 0.935093 39.6887
226.757 7.49836 12.8948 9.35009 0.850611 12.4703 16.3003 9.21101 15.2569 145.039 0.950428 33.1459
273.157 13.1397 15.5357 33.7544 9.68312 5.5741 20.0089 7.99485 4.04934 138.105 0.95602 34.4536
265.611 16.8244 2.10113 8.0687 2.85251 4.10081 41.1868 5.03079 1.60271 145.189 0.949657 34.6021
193.964 23.4098 22.9725 23.5368 13.14 2.43536 7.09124 8.59727 43.9887 145.181 0.948926 37.2975
203.492 5.53302 28.8575 23.5762 17.5808 2.1761 5.61285 7.69542 43.0113 145.181 0.948926 36.7893
240.423 10.3746 10.5755 31.5435 0.824769 8.92978 27.8131 37.9714 18.4878 141.65 0.952651 37.6587
308.866 6.33367 5.23663 31.2117 0.824769 31.535 15.703 39.6807 6.03827 122.581 0.976059 39.4477
301.997 6.33367 10.599 42.2607 17.3755 7.04253 1.30412 33.4876 15.1268 134.374 0.955504 37.197
283.747 7.60091 11.063 36.7148 9.47011 4.23085 9.65902 51.3448 20.2769 137.048 0.949058 38.2212
263.977 20.945 17.6864 7.90384 8.75415 29.0747 19.5439 18.6686 6.84497 137.048 0.949058 37.6614
295.832 31.519 16.7312 35.5684 2.16368 14.7684 6.39517 17.1653 22.6952 118.454 0.982486 40.3072
287.134 6.13483 7.42743 7.72384 5.11174 8.14821 6.39517 4.37723 5.91406 125.888 0.968902 33.5724
182.537 3.76574 10.001 16.78 26.8228 16.9916 12.9554 1.68124 20.6138 164.346 0.933129 38.1091
284.73 18.3337 6.00765 20.1381 2.27513 15.6982 18.5174 20.5655 5.46902 139.412 0.952756 34.4087
331.288 7.08593 6.95069 7.3711 19.3474 17.6964 4.94145 21.6816 1.44055 139.412 0.94758 34.3185
349.777 10.0694 6.29199 9.76515 10.8329 61.5355 31.6588 7.63779 0.834223 151.123 0.929399 38.4291
342.595 1.62738 1.4425 8.25374 2.44262 45.9735 29.9066 7.24862 13.3856 154.403 0.932186 38.0895
264.004 21.2628 19.1559 4.39473 2.5283 22.4595 30.3051 8.01321 29.879 159.5 0.92338 38.3107
297.331 4.27062 19.3417 11.6871 5.12025 3.82402 12.3122 11.0854 9.78561 139.478 0.952346 32.713
217.472 5.16732 30.5297 30.573 33.0675 7.49714 4.69541 9.5424 11.8184 138.672 0.954298 36.56
284.787 3.5956 20.9653 1.58452 17.803 3.70492 25.6566 9.6532 29.4091 138.539 0.944498 38.6447
287.866 18.2141 3.64159 35.0332 53.8794 5.73052 2.02393 3.52376 16.7081 147.796 0.937621 38.1292
395.075 12.2431 5.70923 11.1953 56.683 6.10345 2.74511 1.27143 16.9776 146.503 0.9366 37.6407
216.268 14.3101 17.6165 34.6472 30.3566 7.88454 5.18173 6.52753 33.5742 151.739 0.937579 37.6594
317.053 37.7861 54.4309 22.2216 16.0161 21.2225 5.99606 5.8441 17.916 144.785 0.938692 40.2428
263.01 30.5693 20.7038 22.76 26.6203 27.634 10.1037 3.41183 3.27482 148.614 0.938692 37.4039
334.023 21.5645 13.3449 24.0502 24.7308 33.1644 7.38677 24.2838 22.2256 144.425 0.938692 38.4878
238.373 22.706 7.67342 24.0198 47.2577 14.4041 13.6829 19.1266 2.78935 143.726 0.946536 37.309
322.399 55.7875 7.86494 25.6585 26.9044 18.6439 10.9747 4.96892 26.2351 142.138 0.945508 39.7628
218.136 33.0551 27.2068 9.25819 25.7278 18.1842 11.667 3.36418 40.7243 167.846 0.916752 41.1901
440.555 5.65339 46.4263 12.6208 10.5921 7.9076 13.7793 13.0459 2.61327 161.353 0.9178 38.6575
282.046 32.61 11.7242 5.34629 13.3777 25.2462 4.15287 1.70565 4.49271 157.992 0.930648 35.5811
326.487 21.6404 34.0247 0.576748 16.6184 13.3554 22.6337 9.59583 18.8273 153.884 0.927488 37.9856
259.057 5.62234 48.5737 8.74749 16.079 21.0337 13.0115 4.34796 8.82018 153.264 0.928775 38.5196
248.383 10.3633 12.6378 4.1799 15.7907 21.0835 10.0934 14.2845 7.40476 155.897 0.936125 34.0312
181.249 11.9911 3.43839 1.97295 15.3174 3.68048 29.3174 16.027 13.0307 140.086 0.958017 34.1344
78.088 15.0815 4.95705 3.28209 3.94318 14.1573 0.352884 15.7048 4.97748 145.314 0.961446 34.6175
399.15 16.7728 19.5137 12.8402 11.1038 13.2077 5.85397 10.0164 7.60273 159.846 0.919624 35.436
325.834 3.69342 12.3841 27.1963 14.4931 20.1912 9.27561 26.7854 14.1079 159.479 0.921381 36.6636
375.06 2.0327 6.21938 7.66199 26.4312 11.5102 20.5235 17.3276 12.7039 147.568 0.934681 35.2522
412.157 9.14258 10.0946 21.7607 46.8442 30.2637 54.7266 4.40156 36.2583 140.65 0.932706 43.5513
378.608 19.3689 8.11142 26.683 23.6949 9.22125 20.1894 7.71168 38.4545 128.189 0.960822 39.1211
249.126 3.06998 6.23023 13.0533 15.6174 6.8253 30.3712 18.9842 30.507 134.527 0.955302 36.5311
126.333 4.22707 6.8653 3.66005 3.1042 24.3326 5.73874 17.8555 24.028 136.409 0.967572 34.2054
204.428 3.26942 10.8511 12.2615 6.79696 32.9886 7.72475 16.1177 5.78239 135.42 0.964694 33.5782
243.024 9.03543 23.2794 3.12791 2.88664 28.0587 7.04023 12.2487 17.0027 135.482 0.962472 34.2779
292.255 13.7151 12.9173 2.33009 16.8372 8.35962 7.46651 32.1394 1.98252 142.071 0.946107 34.7914
295.919 9.03076 9.42632 15.7829 7.86115 16.9071 14.0572 32.1394 4.08487 149.029 0.942964 35.2809
248.17 7.42117 17.1595 4.98313 9.48452 9.5896 21.1139 20.0208 12.5308 148.216 0.941465 34.0373
314.394 1.08776 7.45797 14.1467 14.2667 2.11332 30.0347 7.06359 20.947 147.44 0.941598 35.0576
237.478 8.32574 11.2783 1.33525 22.7135 16.5051 18.615 20.9941 9.92928 146.821 0.942433 35.0927
223.184 54.7736 21.8179 18.2131 5.05672 17.193 13.9455 2.19295 19.7099 150.84 0.942176 38.25
183.657 32.848 24.136 28.6086 2.1296 8.42691 22.0575 49.3575 8.36824 148.862 0.943463 39.8942
174.56 13.5966 27.8188 8.43679 26.9219 27.5238 16.8005 48.8391 38.6425 147.841 0.942824 41.4979
225.35 26.3874 14.7918 17.4229 2.71213 64.4709 8.54928 19.6572 2.14247 146.678 0.952609 41.1841
211.155 29.5105 15.7276 12.6134 2.41254 9.37363 8.70209 36.4988 9.27799 142.58 0.955032 35.6611
212.263 35.2538 11.6626 11.3018 0.452855 9.69571 1.0643 25.4982 4.61164 140.276 0.957053 35.7426
331.377 32.4879 5.80318 0.748717 22.0975 9.66161 2.6375 23.9128 10.6699 136.476 0.953768 36.1762
161.326 14.2487 9.73512 8.68201 21.5939 9.77951 15.8767 3.916 7.49832 145.717 0.952578 33.4437
220.86 7.92572 17.3377 5.52564 8.61858 6.10831 0.568559 17.0491 14.6971 142.81 0.952959 33.2966
233.499 5.06666 62.9689 6.50605 6.21033 21.705 6.69369 4.3076 13.7285 147.11 0.947274 36.6195
300.588 2.29807 25.6014 3.52932 6.74465 22.881 2.02214 4.79465 6.79051 143.598 0.945896 33.9114
366.512 16.1193 14.5399 1.22024 20.3232 22.1677 23.1658 33.7264 46.9652 142.922 0.931709 40.8761
401.426 16.7052 14.4543 3.1587 9.34711 7.06519 31.2995 27.233 27.8911 142.922 0.935752 37.8265
175.956 44.0736 9.92846 4.38673 1.18101 9.62962 14.4335 35.1778 17.5795 158.636 0.936841 39.1288
371.814 47.1126 11.022 4.57988 23.3746 12.7391 2.06824 49.2733 13.1877 139.688 0.940368 40.4612
215.781 5.27143 20.5958 3.65148 6.347 18.569 13.1579 5.91117 30.7736 150.404 0.942888 34.7161
255.152 33.2932 18.9864 16.0376 2.52543 5.0117 8.36336 19.5595 2.11116 147.025 0.946215 35.1032
178.086 20.7116 4.57687 15.7059 18.7062 8.80041 6.35387 22.7859 4.14523 149.39 0.943721 35.2239
202.628 7.32831 7.45463 13.7045 12.4754 6.32967 19.326 29.2829 9.16144 148.806 0.945378 34.1894
258.92 10.1619 1.9519 7.62621 14.1127 11.3022 12.0829 22.7725 16.0781 143.465 0.947659 33.6207
252.193 10.7989 13.8995 62.5443 39.302 10.1637 5.37992 3.48273 19.442 149.422 0.936196 39.1592
247.829 17.6545 10.408 7.69377 0.225633 7.62532 6.19008 55.9295 9.10593 130.04 0.964088 37.6643
222.324 7.10323 3.55775 6.24491 22.535 13.1901 4.61618 12.675 6.32661 130.04 0.974772 33.3499
184.986 13.2719 24.1978 30.8618 19.4206 5.23535 4.28988 8.30979 2.04667 129.448 0.974772 35.3264
184.986 13.3725 27.6155 18.051 20.1384 3.00608 23.6372 10.6302 5.59484 129.448 0.973131 35.6578
110.216 12.949 22.9536 6.3245 16.9454 3.33211 30.2123 3.58994 15.6739 133.731 0.971969 35.5409
259.484 12.6706 10.6008 1.8389 16.9454 7.79317 7.07126 3.66956 2.81198 133.731 0.959818 33.642
268.156 13.0307 12.2946 1.41147 14.8765 14.3829 7.97155 3.66956 14.2376 141.117 0.959818 35.0291
363.508 13.3454 12.8432 48.2623 17.3486 8.15543 1.92314 12.0934 6.9075 157.9 0.923261 37.1502
322.399 13.3073 1.98037 5.85639 10.3016 12.6064 16.9698 47.693 0.396848 157.7 0.916968 40.5869
428.548 21.2532 13.8444 6.05638 3.24473 5.19406 1.90238 45.2278 44.2836 158.102 0.917218 40.8118
381.018 12.1315 13.0321 6.64034 9.02318 25.6776 11.9405 22.6966 29.6037 158.546 0.915317 37.7482
394.31 9.01539 10.3269 6.37197 48.7218 10.5394 14.2916 13.6059 1.01942 162.603 0.913632 37.7282
394.31 2.61737 20.8983 6.75922 33.734 3.90735 15.9464 11.4411 2.14241 158.903 0.915698 37.5693
310.759 3.2506 10.7653 2.47854 27.436 15.2354 8.96137 16.3386 8.60203 158.659 0.925358 34.908
312.065 4.9522 7.26135 13.2514 18.6723 22.0405 2.30624 25.3489 10.6549 158.659 0.925358 35.4316
312.065 4.9522 14.2912 13.2514 18.6723 17.3438 2.30624 16.1588 9.11431 160.957 0.924844 34.9166
272.257 44.6536 15.4626 2.72128 17.2545 5.19595 14.241 7.39593 18.8742 162.593 0.924844 37.4815
238.575 2.47764 11.685 11.8049 13.1932 4.50946 34.1746 4.06874 0.940475 143.67 0.953582 34.1664
237.548 10.9423 25.1595 12.8191 10.769 24.5607 18.2415 10.4095 5.13327 169.527 0.919986 37.1657
182.223 20.8036 19.1968 13.5251 44.6643 6.1215 26.1726 9.61253 16.8313 142.341 0.952658 37.3316
116.115 4.44129 35.6274 3.57578 7.03125 7.40945 33.0781 47.5779 10.412 137.756 0.963008 38.5315
166.336 8.89453 23.7561 25.5026 13.796 6.13879 13.4976 19.6841 30.6347 139.298 0.959148 36.1955
205.114 15.7899 38.7851 22.3515 7.25085 12.2219 12.9072 12.4719 5.01962 132.452 0.960817 37.9757
200.069 1.59365 25.4819 7.93153 5.93509 12.3496 25.3169 18.6943 7.69922 130.959 0.969713 34.7021
227.04 30.3594 21.1378 1.06816 9.76729 13.2075 13.9415 1.07646 0.720243 132.017 0.969713 35.6821
275.797 4.40181 19.1922 11.0053 34.051 12.7822 14.5401 2.10191 30.0579 136.072 0.963787 37.9959
290.431 3.37225 5.37953 7.95541 6.9995 16.6864 19.9576 6.4293 1.159 150.47 0.94841 36.4015
124.73 12.9966 8.70873 4.98023 21.3546 2.90162 15.921 33.9465 7.63997 136.783 0.972837 36.5175
163.566 4.97755 4.76507 4.57735 38.2584 11.7852 5.80977 20.8517 6.53257 138.095 0.966323 34.631
239.229 9.13101 5.42663 10.9368 35.3795 32.2162 19.7085 33.7098 10.7677 130.386 0.962901 38.0292
235.899 19.1528 2.77583 9.49481 13.9788 13.6894 3.05493 47.1986 6.74068 126.236 0.978243 36.8664
116.108 20.6243 5.55469 23.1235 8.40311 7.42787 5.64986 5.55314 2.88569 129.83 0.98009 34.0197
193.873 9.68433 34.4108 16.9292 15.0782 4.059 21.657 31.9234 13.8321 126.374 0.978616 37.7539
133.05 10.2433 28.4206 5.89646 2.88418 2.72747 20.3334 2.60539 7.5195 159.788 0.939311 35.8352
165.53 6.86424 3.58024 13.3947 8.17026 1.10173 19.9457 2.60539 44.2761 155.16 0.943109 36.9978
279.961 6.26167 16.7324 5.89119 4.96288 1.10173 21.4127 12.4288 18.7173 150.749 0.943109 34.682
127.275 4.36788 16.1446 6.15007 2.74566 4.60726 15.9123 11.4588 8.05472 156.168 0.945397 34.2471
64.2761 4.36788 36.6539 4.02972 0.800584 15.1476 12.0694 8.43676 6.22574 154.355 0.94745 37.3647
133.176 2.58122 13.4921 4.75502 26.1912 41.7752 21.5746 7.11 35.1595 139.979 0.961894 38.3097
249.774 2.58122 10.6746 7.22486 36.5323 34.6029 12.7122 3.82569 1.08394 140.841 0.951354 35.7038
193.242 0.461328 3.5847 8.39021 32.7158 3.30708 27.0085 20.9848 9.76704 137.36 0.963016 35.6933
232.384 8.66163 16.0505 20.2077 15.8844 8.29074 22.8847 1.42063 4.00855 134.145 0.9646 34.027
147.011 9.9213 40.3135 28.0568 7.78708 18.3578 9.33742 2.32439 7.51291 138.17 0.964262 35.8864
180.303 10.2467 3.68014 21.8546 4.60987 27.0436 6.06975 11.4724 31.8867 132.901 0.970221 35.3321
94.6486 24.3138 0.753988 24.0985 2.53554 9.6623 7.87046 21.5476 30.8943 135.245 0.978354 39.8188
346.304 16.3023 18.5235 51.0713 8.35184 0.382412 3.57726 44.3256 29.278 137.456 0.943005 41.8866
241.827 9.2676 17.4995 16.2504 11.1158 28.0949 9.98371 23.9499 3.83263 146.014 0.94623 34.8062
434.838 5.99245 31.6995 15.8503 17.4104 6.58323 16.3213 5.88028 7.94768 147.338 0.935251 37.0694
340.707 26.6209 34.9187 24.5823 16.46 6.51012 0.60055 1.65674 23.8664 135.142 0.956119 38.6928
239.496 22.9952 36.0342 27.9011 5.00959 5.99073 32.5591 7.76561 14.3867 141.084 0.948727 37.8297
242.636 11.9158 0.607779 26.2714 8.35684 14.5531 52.5783 6.99282 16.291 135.776 0.961694 37.4961
191.398 13.3951 21.4321 45.8035 6.8245 0.824058 39.8162 4.69662 10.2107 142.414 0.956934 38.1716
202.459 3.47171 23.0781 11.9057 6.8245 0.220687 8.81209 12.9586 3.49466 142.414 0.962042 35.1591
248.728 5.08345 20.1933 15.9663 21.9606 0.395591 9.17628 10.1418 2.42429 152.77 0.933077 36.8452
317.532 14.539 18.1028 16.5596 22.693 0.409511 17.745 12.929 1.81371 162.311 0.919857 37.1431
291.664 9.58572 25.9991 9.82677 57.9491 0.866595 0.606385 15.1233 3.02525 166.173 0.914986 39.9942
418.824 4.791 19.3329 31.5292 28.9228 0.599662 17.9991 4.94192 13.9341 159.257 0.914986 38.8447
419.06 27.3154 28.0314 3.28794 28.252 1.1857 10.4632 18.0715 57.3363 154.799 0.918475 42.3669
493.097 11.1779 30.6995 18.2773 2.63144 2.36288 11.0109 4.49517 43.1142 149.967 0.924289 40.4633
442.047 26.8535 6.65106 39.9086 9.99792 8.46411 23.481 2.41966 73.1791 152.757 0.918006 43.833
323.077 23.3227 2.72274 5.71134 18.285 25.335 4.58489 13.6806 34.2092 159.781 0.919366 37.8405
331.021 13.4268 9.36073 25.9289 35.4877 24.3296 2.54817 47.3137 0.808031 160.154 0.919366 40.4441
359.122 7.34946 16.0604 12.8436 14.2629 23.9504 1.10196 22.7202 4.58785 161.91 0.919366 36.2853
396.732 7.19224 18.1419 1.92946 20.9636 10.8659 3.80259 9.31025 5.65079 161.91 0.919366 35.2178
368.088 31.7625 2.25455 16.6106 0.194722 14.7974 15.3839 10.0861 5.65079 161.91 0.919366 37.504
351.391 6.47207 6.19821 5.53071 19.0739 3.48012 15.0755 10.0861 5.65079 165.657 0.919366 34.4899
267.869 24.0924 12.9603 6.92896 6.36337 8.71314 54.2546 10.4899 0.73472 165.657 0.922932 38.9918
332.713 5.91121 23.5786 9.00242 0.926802 18.5157 13.599 5.39311 21.1795 168.812 0.915479 36.9467
349.45 3.00895 5.32204 13.1749 2.61655 9.1614 1.61528 4.92617 7.10648 171.549 0.915479 34.7943
349.45 4.24338 11.4359 34.6237 2.88065 23.6523 8.53225 9.45449 3.75184 171.549 0.910768 37.0911
467.547 3.15596 15.1553 5.37284 2.34946 15.9723 2.44529 10.1016 19.1859 160.726 0.910768 37.4846
346.492 13.1529 14.3683 13.5016 2.7061 55.9081 0.0880817 16.2433 32.8755 167.348 0.909103 41.8526
350.834 3.98439 25.4141 2.72192 2.31039 51.8871 13.9801 8.36508 34.3231 168.309 0.909373 40.5314
350.619 0.707961 14.6896 5.90035 1.77985 18.8616 24.1899 22.274 9.99271 168.309 0.909373 37.8409
349.697 4.69186 5.11699 5.2624 7.45236 44.5488 21.953 22.9237 4.71487 168.309 0.909373 37.9764
282.868 17.9421 5.58063 38.0148 13.2026 53.4155 17.1155 12.5926 0.0768628 169.111 0.907916 42.3336
311.583 10.8251 12.2873 72.3893 10.1934 38.9418 13.1653 11.623 0.876144 169.111 0.91608 43.7884
395.843 6.15482 32.0868 2.18892 3.95201 46.6401 16.0775 13.5748 8.70591 169.111 0.910364 40.3174
480.592 11.9854 22.5001 10.3714 41.2783 63.8995 1.96591 13.5039 10.3863 170.376 0.893202 43.9659
499.364 26.8936 17.679 3.33865 9.56757 11.5287 4.80188 13.8018 7.67244 174.436 0.893202 40.0188
459.406 14.3172 12.2746 11.3702 34.1593 21.4858 5.8562 20.1876 8.70919 166.601 0.903924 39.0243
379.66 14.4115 35.5584 23.1639 91.3139 65.5188 4.58014 67.3551 16.1239 167.953 0.883229 52.6029
475.28 3.76028 38.0319 29.2281 75.1559 14.7447 7.05206 78.5561 15.1842 161.7 0.885328 50.4445
396.04 8.47302 27.574 73.9195 51.2655 9.13317 21.9135 68.5622 12.3196 163.065 0.885302 51.0942
546.432 4.40111 14.7318 33.516 62.8541 4.41536 24.0437 60.0996 12.2372 168.871 0.885302 49.1995
399.612 8.70575 14.7318 112.821 2.6097 9.60465 27.6288 25.7793 30.2025 150.091 0.923734 46.6157
332.145 4.99476 38.7414 13.6913 6.83908 11.7482 6.82209 33.9107 32.9331 155.146 0.921202 39.2128
271.563 45.083 44.679 9.65343 14.616 9.33653 10.1194 16.7788 30.2251 152.908 0.930274 40.2403
154.17 18.4727 18.9325 28.8519 80.1917 22.1232 7.6999 21.1463 29.7579 152.821 0.934693 43.5158
175.91 26.6382 30.7871 23.7654 58.8452 2.81496 2.28696 31.5342 9.51797 160.899 0.930449 42.3084
183.921 17.1951 22.0555 23.0502 30.9989 2.17839 1.85162 24.8033 31.468 155.945 0.942244 40.9209
257.625 29.2805 0.925334 19.257 10.7805 13.3643 16.208 19.5474 14.0208 157.143 0.931545 36.5538
229.271 25.4294 9.9696 2.44844 12.8293 16.6357 12.5558 10.6115 2.15667 156.888 0.938302 34.9047
386.164 21.1702 3.91946 1.65084 6.15871 5.64431 21.8949 19.1994 5.47017 132.712 0.962334 37.0211
356.597 1.71402 3.87757 13.8164 8.23085 8.87383 26.9266 7.26525 16.9503 163.367 0.916811 35.6245
385.706 20.5516 16.278 63.8527 19.3523 4.37007 23.5724 8.598 29.3085 162.688 0.909509 42.0335
131.74 19.0531 4.77687 29.0029 8.61426 2.9509 2.77659 5.89291 27.5174 170.158 0.922726 39.6864
139.939 16.2406 5.28091 22.0518 11.6126 10.024 7.78946 11.6498 28.1238 168.342 0.925669 38.2099
187.348 7.21081 9.42594 7.7506 14.3258 19.405 4.60546 1.23288 17.8535 160.321 0.935565 34.8395
209.972 9.34751 9.42594 4.28432 12.6282 8.13421 2.92132 10.6473 18.3609 165.163 0.932735 35.7004
201.379 13.6994 2.08848 7.76211 16.3302 24.4113 0.527197 4.91555 11.8543 161.56 0.932484 35.6622
187.994 18.95 12.5979 29.0443 19.7409 17.5128 1.70235 32.9502 5.39912 161.012 0.928956 38.3339
176.771 7.15441 7.58933 43.0049 1.85239 17.5331 22.1206 37.1089 2.04869 137.386 0.95678 38.3833
174.263 6.29055 14.0579 5.67535 0.883465 7.55277 42.4137 58.8003 3.79496 141.893 0.95678 38.5845
185.704 14.5573 14.4101 9.17905 0.883465 7.55277 16.4241 44.3391 21.7491 137.614 0.95678 37.093
140.345 11.3939 20.4676 0.697468 20.3269 31.2684 34.734 24.7873 9.21855 155.654 0.934501 40.1887
106.098 7.56966 60.2015 21.2558 11.8963 12.9604 34.8312 23.9901 8.48357 149.633 0.946976 40.6745
341.602 8.97465 17.3022 54.2465 4.10226 10.8789 11.7548 5.9951 27.2396 146.759 0.930952 39.0086
246.113 14.324 12.1666 18.6697 42.3309 9.56044 3.43341 11.9417 14.6433 146.671 0.943184 35.6386
259.146 5.369 18.3731 18.8088 4.96453 4.64927 2.80372 17.8585 33.5187 132.548 0.962238 35.0354
310.298 8.06838 28.1896 0.382852 25.7952 20.172 3.01509 7.17735 27.5028 131.478 0.965694 37.8586
260.651 14.5736 11.7236 4.16769 20.6316 3.84937 2.17678 0.68907 32.8592 128.489 0.970636 35.4233
208.095 18.4187 26.0141 35.9707 9.30494 3.46251 2.87529 11.4503 10.1826 150.797 0.943849 35.692
276.199 14.2655 40.2334 7.40845 3.06207 5.60517 8.50769 5.82941 63.9606 141.537 0.948624 38.3008
350.452 18.3977 15.1156 1.6932 12.9622 18.4349 6.05042 15.9374 35.6083 147.795 0.941238 37.6469
351.284 20.3721 5.52642 3.72498 22.49 7.8404 18.4011 26.0823 28.6489 135.938 0.953008 36.8948
216.531 8.27369 21.0387 15.6938 23.6846 13.4094 5.69163 17.4572 58.6294 151.487 0.939311 38.7875
158.37 10.5667 21.4681 47.2905 15.4106 20.6465 14.8432 27.3435 10.5532 149.816 0.943527 38.5498
173.983 11.255 21.4879 14.1249 20.0731 14.7779 30.6337 17.3468 26.5496 153.03 0.937377 37.918
234.199 14.0012 23.2634 22.4017 22.7401 12.9003 17.5872 3.43694 4.59956 153.133 0.944576 37.2171
248.963 2.52434 5.47204 24.4381 14.7294 9.44869 4.22517 1.88968 10.6028 147.55 0.946493 33.0476
309.028 20.5493 6.44493 61.6419 17.8094 3.23544 35.3878 8.03239 44.7266 143.907 0.937565 41.5395
261.787 29.0312 14.432 4.34506 7.01398 15.0171 24.5664 9.12397 52.9068 146.732 0.939936 38.1266
243.801 26.4638 5.0733 2.81472 7.01398 14.2299 21.8156 17.4047 25.4618 154.167 0.934516 36.1089
361.735 19.6308 3.26871 33.087 22.4781 2.59494 4.17679 2.42821 3.2642 147.907 0.940806 36.0097
288.441 28.1892 7.91694 26.4789 14.8043 16.6872 17.9008 12.8382 6.20715 151.223 0.934387 35.9842
279.09 19.215 8.71601 42.5802 3.34519 32.3977 10.9595 17.6942 2.32717 153.556 0.92861 38.2259
146.376 17.262 52.5384 4.01301 3.34519 17.6881 20.9092 14.1836 5.17849 151.782 0.944914 37.7135
283.021 15.6932 0.887852 3.93665 4.98616 13.8954 5.04061 2.12282 10.2398 154.563 0.933946 33.7954
277.135 13.0095 10.5367 3.34135 4.07045 12.8983 11.6724 33.1291 23.1001 152 0.937868 35.4026
275.058 13.8824 24.3419 13.5615 4.63911 12.2734 7.9946 32.3572 15.9974 155.392 0.929656 36.2169
197.083 6.76399 114.724 35.0181 9.01451 5.14695 4.10682 29.6062 6.44634 127.349 0.975497 44.342
153.241 21.2761 10.2047 2.68075 9.51559 21.7203 5.53805 34.6334 8.13026 152.811 0.947591 36.6551
204.485 10.9474 10.2059 7.09201 7.25548 44.0958 11.3133 29.6595 0.864513 156.168 0.928148 39.3636
136.56 9.45012 10.5861 18.8026 7.29792 12.5827 1.15203 44.7886 21.2684 160.209 0.93303 38.8995
285.966 7.74353 22.4418 21.406 36.4004 6.62694 6.05969 36.4603 19.682 152.688 0.934602 38.4
270.815 37.4241 33.3229 31.8771 12.0635 18.2851 14.2747 40.1138 5.5126 152.28 0.93211 40.5139
112.718 15.6558 9.63674 8.62754 43.5855 17.6009 31.718 12.3269 8.21731 147.837 0.950965 37.7198
236.56 9.45821 45.2787 2.12524 8.86021 8.1363 42.6118 5.95356 12.0511 148.216 0.944222 37.0698
338.739 1.33432 18.8264 24.1038 15.9071 0.778984 3.58935 13.8863 8.83374 154.118 0.933304 35.5416
200.52 9.29763 16.5725 30.5417 8.00178 0.400085 20.9818 4.22437 0.723479 159.422 0.937901 37.0581
221.037 12.6284 10.6554 23.4513 9.51032 29.6476 8.42624 4.01757 5.03199 152.715 0.935396 35.723
302.202 15.151 6.44277 21.537 6.45664 22.8126 15.9853 7.52729 1.18733 166.981 0.91955 36.1089
357.606 6.56102 13.3839 18.8979 5.57684 20.6587 6.43011 11.1036 12.6424 163.336 0.918973 35.1905
239.363 7.98407 28.7806 0.187533 12.147 42.1542 5.71028 19.0926 19.3892 143.144 0.949076 37.5735
256.628 1.17727 12.7569 15.6398 7.68404 33.9737 5.68286 26.4783 27.0626 141.197 0.944889 37.3972
215.747 8.01393 9.77259 9.45707 26.3967 47.6285 2.97382 22.6613 20.4817 141.737 0.952187 36.9661
304.283 9.55296 19.1986 0.116192 12.0045 17.055 19.6035 15.6253 23.9756 144.335 0.947912 37.0325
155.849 30.2481 1.45335 10.1142 49.1847 28.8031 19.0703 4.7232 24.8538 142.587 0.956479 39.4415
145.495 2.36199 9.16456 16.1634 40.5512 38.9301 20.6597 23.0666 15.4346 135.215 0.959894 39.6737
156.657 5.47342 22.4479 15.0367 15.0282 39.2183 37.9488 33.664 17.502 148.649 0.948802 41.0438
237.499 8.30834 20.9281 22.5826 13.4956 2.10458 20.8697 21.6804 25.9592 141.953 0.947754 36.4304
266.137 18.3767 19.4646 19.8516 14.8722 3.41882 3.63237 40.1142 25.9592 141.828 0.947235 37.1102
305.446 1.87838 23.9212 23.0091 24.9359 4.1932 6.7388 14.6866 36.8237 140.654 0.948857 36.94
349.895 1.99364 7.46516 1.27722 7.95116 4.79291 1.79096 15.8476 44.5627 136.63 0.953009 35.6616
415.76 1.21121 16.0942 16.3444 3.77345 6.99341 9.42609 44.8245 14.8882 136.559 0.949474 37.9591
299.163 1.55048 7.40138 7.57524 32.8836 0.739415 11.9339 32.9925 4.17738 136.357 0.955955 35.6884
168.559 7.95506 7.35731 9.94587 10.1993 9.16042 1.88503 31.6506 0.515129 140.299 0.957703 34.5258
175.72 7.8187 5.18747 7.50622 9.99911 12.5779 2.63916 26.4407 7.72208 142.904 0.957294 32.8943
136.817 12.8932 10.1641 19.2722 30.2753 7.71542 19.9658 29.1 7.68758 144.879 0.953278 36.3753
171.703 16.836 8.4034 8.42522 2.9907 21.2164 11.9441 7.99629 3.93605 144.242 0.953898 33.1778
179.639 27.5184 16.2674 7.06609 10.2942 17.4304 21.2639 42.1007 7.55152 132.436 0.964079 37.832
177.153 25.6277 5.80978 15.5216 10.7889 10.1481 8.39738 12.9633 10.8704 136.006 0.965622 33.4365
238.837 17.7949 4.78269 20.2953 21.462 11.1841 15.2761 3.62391 5.91443 136.639 0.962308 33.8293
201.703 24.2262 7.55057 52.2492 2.72242 12.5083 26.9217 12.3605 24.7815 136.465 0.961496 38.2677
320 14.8081 13.8981 51.5376 8.69007 13.8723 30.2893 14.8412 8.14504 132.974 0.963542 39.6161
289.838 7.73149 2.61012 39.0917 16.6658 13.7082 18.3503 8.15299 18.5843 130.855 0.963543 35.9811
294.172 6.30243 22.5333 39.7927 9.09104 37.3537 6.31529 0.721228 14.4953 142.362 0.948691 37.5463
281.34 24.3909 20.7483 49.0535 3.50598 12.6983 1.45036 29.2931 45.003 138.311 0.95113 40.7493
129.569 9.17893 18.4277 19.879 25.9862 55.4226 1.49364 30.1713 22.1753 156.248 0.935104 41.6799
293.899 8.82609 14.4893 27.7143 8.81713 14.5004 7.27095 27.5603 0.903154 145.76 0.948976 36.392
147.156 24.7553 19.056 21.4535 21.0728 2.86944 21.774 12.8861 8.05455 141.481 0.95856 35.9372
177.915 29.088 1.68082 13.8758 6.80365 50.4144 1.07602 23.4148 16.4618 145.481 0.950376 38.2429
367.573 19.8705 16.7566 10.1069 3.3358 1.88376 4.36103 8.13201 18.5825 140.37 0.948933 34.4995
