116.886 29.5262 6.98277 15.6161 374.254 0.920537 54.4543
112.595 15.4286 9.70271 8.85892 358.246 0.957605 56.0235
113.798 23.7639 8.49937 6.48742 334.18 0.961285 52.2076
81.535 10.3812 11.0187 6.88263 331.543 0.969927 57.9623
99.2712 11.2295 3.85681 2.34161 341.746 0.970502 54.0148
115.673 13.1595 11.2147 27.2625 331.936 0.951555 54.261
112.873 3.04518 18.9325 25.4481 322.002 0.983992 55.1089
114.006 23.4652 12.5614 14.2186 364.681 0.920024 55.0471
115.213 20.211 4.34741 27.4859 349.907 0.933207 55.0066
96.121 15.4475 14.4386 19.0634 371.125 0.93345 55.2149
103.564 15.1212 3.30509 9.80495 362.609 0.930917 53.375
123.409 15.1273 5.08329 5.4106 316.658 0.967258 53.8357
109.988 7.93778 23.9799 27.8535 365.599 0.935894 54.4662
115.659 3.82422 17.4972 11.6986 354.343 0.955326 54.2885
96.6031 3.36325 18.7913 7.75186 378.069 0.928492 54.7829
114.583 2.92582 18.2269 22.8203 327.806 0.955025 54.454
135.277 2.61173 22.3076 39.073 316.726 0.969505 58.4614
126.315 16.7566 27.5379 13.0285 329.419 0.966696 54.9039
116.261 7.81191 33.1929 12.332 319.995 0.973673 53.7621
119.085 15.1273 11.8517 28.9926 334.459 0.954711 53.6695
125.674 23.2573 45.7962 8.48736 329.345 0.956129 56.4661
125.684 8.06575 52.1266 0.266654 326.088 0.962959 56.9025
91.6202 1.69883 28.389 35.2901 327.616 0.976353 57.8686
89.6184 11.3546 34.6401 47.802 332.379 0.95482 61.2921
123.375 12.4747 8.07206 7.4508 334.656 0.965267 52.7893
109.103 19.0809 32.0601 5.22767 333.681 0.961012 53.5089
124.127 14.1642 50.1236 1.04634 328.979 0.975389 57.9802
107.924 17.0745 6.81093 5.73066 385.701 0.924211 54.2486
107.064 42.6791 20.4178 3.38845 350.158 0.946614 54.7178
115.559 5.00169 35.5681 6.97106 333.351 0.9449 55.9741
125.571 10.1348 18.7206 3.18672 340.42 0.951314 53.2119
109.905 37.036 13.6622 39.0593 339.854 0.956612 55.7458
104.23 3.40217 10.39 4.42953 343.398 0.95064 52.0763
114.654 2.82627 6.50335 9.57955 316.018 0.973273 52.5195
114.18 2.43607 5.84826 7.35854 331.165 0.970697 51.7001
115.606 28.6841 10.0673 14.9093 342.535 0.951499 53.1359
100.741 29.7739 13.2869 29.9395 338.56 0.969442 56.2539
119.971 20.662 39.5437 19.6737 320.513 0.96932 55.7431
118.142 15.6357 3.25379 7.5776 342.515 0.953479 51.9086
113.696 7.16241 21.4025 6.0018 363.297 0.932133 52.7064
102.595 3.41454 11.002 26.861 349.635 0.950189 53.2539
101.689 2.6787 8.38548 40.4507 340.497 0.95682 54.2991
114.897 13.1625 12.4526 48.0595 353.989 0.937097 55.1032
106.191 8.56217 41.3833 1.22553 366.146 0.933156 54.8977
115.03 31.6508 9.34194 22.4869 361.615 0.930393 54.5195
110.486 13.5245 19.508 84.2436 349.539 0.944577 58.4625
111.241 14.48 22.7851 23.7914 333.089 0.962745 53.4393
109.417 9.5401 36.2711 4.92983 336.148 0.968034 53.9066
120.081 20.9585 3.97109 3.21132 322.809 0.970499 52.7138
103.376 43.0392 1.48436 9.67254 323.69 0.980347 55.5792
123.02 15.9125 16.4855 12.5048 314.75 0.977335 53.9917
118.075 13.6137 56.9251 14.4102 309.741 0.971702 58.2661
116.395 20.5769 16.7137 10.7475 327.313 0.970794 53.0032
115.928 20.039 8.76833 0.329906 326.123 0.971556 53.2099
135.745 14.1045 1.51237 17.708 312.771 0.971273 57.0829
114.367 1.82839 6.04787 4.10204 330.095 0.972958 51.9944
107.264 34.115 8.13998 11.1385 327.214 0.968461 53.5116
113.216 13.0449 15.7328 4.45065 370.398 0.920771 53.5104
127.831 14.9051 6.56989 2.3602 336.541 0.945427 54.5485
97.2245 26.2266 22.0883 0.250654 356.418 0.94104 56.1035
112.325 13.8005 13.4516 7.16722 361.585 0.940448 52.5059
122.219 0.614915 20.5306 7.82179 332.721 0.959121 53.2811
116.981 24.9272 4.96883 11.4335 341.338 0.957083 52.6968
120.19 18.2827 15.2842 13.9624 322.034 0.964627 53.6878
124.008 24.6122 18.3605 13.6008 328.502 0.964627 54.1833
131.855 8.97132 27.6031 7.18775 352.201 0.940067 55.512
101.41 24.2178 33.1575 30.229 347.276 0.942543 56.7696
113.692 46.8356 39.678 8.55806 354.955 0.949084 57.8004
112.992 17.3657 4.94374 16.5091 348.913 0.942432 52.6218
112.75 47.7973 17.8217 24.8941 353.178 0.947211 56.4057
119.712 11.149 5.70955 45.0636 364.67 0.927142 55.2611
118.135 4.38374 7.41577 34.8553 328.245 0.964797 53.3675
115.287 15.8262 9.5032 21.4096 328.245 0.952878 54.6466
114.833 19.5088 21.3516 13.2559 349.359 0.944088 53.1841
109.078 14.8231 26.5378 13.0455 352.237 0.94396 53.2717
102.626 16.3313 18.2183 11.4608 312.326 0.977839 55.0454
112.256 8.19604 17.361 0.909225 354.528 0.952869 53.4966
121.73 24.6772 14.0394 10.6138 340.562 0.95587 53.4488
125.012 34.3037 26.759 3.13994 353.702 0.940617 55.7696
103.012 37.1179 36.0395 52.3448 318.519 0.972764 59.9743
116.638 10.0114 35.2886 10.5867 346.955 0.951302 53.6981
107.132 5.84199 32.915 8.52768 370.269 0.93604 54.5469
118.987 28.9898 8.68409 19.7304 366.016 0.933867 54.7076
99.8678 10.0283 2.28906 20.2825 368.045 0.926821 54.566
102.174 19.4581 1.3913 41.923 361.988 0.942678 56.034
98.4136 63.3839 8.86062 42.385 342.268 0.955493 59.1854
114.515 20.888 17.7013 23.795 337.208 0.961601 53.7141
108.504 24.3069 6.41186 10.7146 317.951 0.980228 53.3319
113.613 5.34 26.0334 14.2282 329.528 0.965806 52.7278
106.138 10.8624 28.5586 19.8976 353.877 0.936621 54.4203
111.111 10.7155 3.69147 56.7437 358.39 0.941619 55.6515
125.176 5.83108 14.4434 9.85761 339.437 0.950488 52.882
123.247 11.0688 41.2692 10.6345 367.642 0.912858 57.2997
128.843 0.117865 17.9375 1.39537 364.818 0.931811 56.1742
109.754 3.7308 3.84462 3.60114 331.882 0.969671 51.42
109.005 3.7308 1.75776 4.15555 324.85 0.968874 51.8346
114.321 9.88597 0.440924 2.98763 311.026 0.976798 54.0167
112.83 9.54322 53.9786 10.1921 325.346 0.979963 56.5834
108.714 8.11737 32.6052 29.2497 324.006 0.968493 54.7625
126.759 8.55979 7.39973 1.23733 331.584 0.959572 53.047
122.547 7.5135 4.37074 13.4999 336.488 0.95956 52.243
114.57 10.9874 12.4825 13.081 355.23 0.937787 52.3615
114.858 14.7927 12.8556 13.2715 367.076 0.92426 53.3864
114.777 8.11231 7.28189 22.8464 358.24 0.94605 53.2523
117.684 42.9603 12.5523 13.0734 316.336 0.978952 55.3462
125.107 15.1539 23.1189 7.53807 327.95 0.978831 56.4311
121.546 2.23154 28.315 7.53807 348.825 0.934901 54.5893
98.6943 0.677869 32.6715 7.79289 353.54 0.944569 54.8954
121.969 1.05883 31.8547 8.91933 357.131 0.937426 54.3411
108.782 14.2002 31.1535 5.07209 327.674 0.948808 57.3907
129.513 22.5609 27.9054 24.228 336.542 0.951118 56.4928
118.386 19.0676 16.7179 8.17142 320.897 0.970635 53.0756
105.474 22.9529 9.47162 3.98556 326.884 0.974453 52.8612
113.871 6.76471 2.99083 29.9173 346.293 0.943262 53.2647
111.502 14.6473 4.99347 2.30767 348.181 0.948093 51.7444
113.185 13.0691 13.5622 7.09236 359.662 0.938545 52.2306
111.061 11.8177 18.6474 2.22351 344.127 0.951787 52.1489
106.879 6.18582 21.452 10.4684 345.511 0.941179 53.7831
107.327 5.14654 20.097 21.143 332.926 0.959497 53.0644
112.605 10.6762 13.3825 2.85353 352.243 0.955429 53.0227
112.193 17.8599 16.2393 19.2489 379.961 0.926209 55.0374
110.06 12.3422 20.0732 2.37687 363.73 0.937639 52.9471
110.175 12.9418 13.4441 4.74672 316.402 0.989875 54.7927
102.646 4.55278 10.6017 7.09451 314.436 0.981909 53.2387
105.378 6.76118 7.20221 5.22514 316.848 0.981696 52.4968
106.854 35.9286 11.5205 23.0017 315.954 0.976255 55.5431
106.516 5.34537 15.7714 27.4662 331.668 0.958925 53.5646
100.675 48.3171 5.60022 7.53978 328.856 0.972134 55.2592
119.815 11.733 2.1151 4.16423 319.036 0.974729 52.4255
94.98 6.87497 3.01462 12.1115 317.874 0.989527 55.8046
87.6772 23.5338 5.06721 24.5876 348.353 0.950132 57.3913
104.844 3.26189 3.60043 2.25897 349.029 0.950132 51.7564
108.252 3.26189 6.45903 2.25897 341.516 0.956209 51.3736
111.895 22.9252 10.8433 26.7751 340.232 0.95695 53.4735
115.891 5.35593 13.1753 9.63406 342.522 0.949085 51.8451
117.517 19.4587 5.17282 14.6417 351.607 0.942634 52.6367
119.74 16.8937 20.8952 34.9469 351.65 0.946991 55.3219
109.758 8.04744 9.8502 19.7948 316.162 0.970612 53.8025
119.444 14.0161 20.7435 1.16367 332.461 0.95775 53.1459
125.366 41.1079 8.2056 29.7728 353.313 0.938846 56.5827
113.61 12.9667 12.3689 2.95018 352.065 0.938319 52.4832
108.81 8.42849 12.2995 27.1503 368.341 0.935093 53.8603
122.328 58.8424 12.3329 5.55031 319.952 0.957607 58.3512
117.681 10.1808 21.2452 17.8623 321.367 0.971545 53.27
117.561 9.76402 22.8556 27.035 342.815 0.948291 53.7457
115.689 15.1523 19.9046 21.1125 339.283 0.953403 53.1805
107.38 33.0792 39.1167 6.29756 333.131 0.963455 55.2345
121.01 23.0663 6.30892 4.26547 343.098 0.958133 53.1982
115.7 17.9307 23.2638 1.26824 341.504 0.94533 53.8792
87.6985 0.770549 28.4249 6.25373 333.699 0.977173 57.8648
124.465 26.5317 1.32292 4.00966 348.208 0.952041 54.3306
122.246 25.5042 27.4704 1.47611 321.886 0.959079 56.1459
97.2223 26.3617 1.81254 1.24478 332.495 0.980585 56.4652
113.5 12.7943 19.3341 8.15562 351.891 0.938386 52.8002
114.758 7.39833 7.30787 19.6872 364.178 0.937118 52.7858
115.231 2.06922 3.70551 40.8126 360.105 0.937321 54.2795
105.172 30.5005 23.3584 5.33777 351.699 0.946994 54.0803
99.6743 46.8634 36.743 7.33006 347.978 0.94583 57.2569
101.684 22.0057 30.6208 9.49088 339.8 0.961913 54.423
103.758 7.69745 8.13849 20.1527 362.417 0.951126 54.9352
109.553 23.4364 4.67333 14.2718 389.124 0.904758 55.276
119.688 8.76411 15.6305 6.29904 334.29 0.962061 52.0623
114.11 14.7242 20.9379 8.2621 348.349 0.953358 52.8552
110.451 20.2047 31.0239 13.1794 353.212 0.943528 53.9792
110.254 6.56442 13.8844 16.2833 349.32 0.945481 52.1725
128.297 25.4153 12.4935 5.32061 327.004 0.970321 54.8296
121.933 12.8175 18.8966 1.56896 347.166 0.942774 53.2914
94.9755 3.18538 20.5289 2.18016 354.945 0.949402 54.2293
118.894 20.4828 10.0261 13.7067 357.811 0.946581 54.0318
113.673 3.07538 22.4803 33.9678 354.89 0.941168 54.2326
108.722 2.93974 5.03962 16.2911 356.633 0.937712 52.3603
114.676 10.0203 6.03277 12.2351 367.694 0.934866 52.5876
106.797 6.79783 4.14348 6.51138 355.575 0.940992 51.7636
110.987 1.16628 11.4439 11.1497 350.234 0.943087 52.2756
97.8786 3.43438 21.4641 23.9147 345.396 0.954718 54.3372
101.532 4.6688 19.9117 17.4587 321.599 0.976802 53.7337
105.257 2.39953 15.4751 12.275 306.496 0.981793 55.2788
106.868 5.57111 23.762 12.275 326.525 0.964474 53.1446
114.115 1.78304 5.75732 20.6688 319.213 0.969393 53.1443
106.285 3.76414 8.4901 17.3733 353.339 0.948799 52.2655
135.998 1.75668 9.80039 18.1833 324.435 0.96234 56.1058
110.556 6.9284 12.8547 20.1269 331.884 0.961104 52.3155
114.098 16.7848 23.8326 7.10266 340.723 0.954364 52.6826
120.382 12.9113 33.396 1.89767 340.223 0.951292 53.8506
103.22 4.82098 47.3605 47.0782 338.652 0.965729 58.1228
122.616 5.03441 45.4125 29.6152 331.009 0.966651 56.5405
118.402 2.01117 13.8886 2.36124 342.088 0.961713 52.7861
102.24 7.78066 12.7753 5.3859 354.988 0.9392 52.8244
113.048 9.08192 43.7925 4.21408 361.466 0.940122 54.7105
114.892 6.21116 26.5092 3.71966 339.392 0.953488 52.4759
121.276 3.1299 4.63273 5.60028 373.885 0.93186 53.6345
115.379 1.9459 22.6548 6.47521 304.325 0.985998 55.0189
116.905 8.95373 3.65693 6.90844 339.614 0.958858 51.4516
119.838 12.7056 4.70784 28.9314 332.166 0.955143 53.6255
116.01 25.6095 12.2701 18.3698 350.054 0.957012 55.026
123.938 14.0233 40.6073 5.474 348.405 0.947782 55.099
119.741 13.1129 40.037 12.3606 360.572 0.938722 55.2719
126.343 19.6318 57.1559 17.364 334.746 0.958414 57.6477
103.361 14.937 1.39824 19.6341 315.404 0.982789 54.2955
105.865 2.88314 4.10297 3.05011 320.296 0.976293 52.1314
115.482 8.56002 12.5486 1.46478 312.929 0.977869 53.0763
107.49 28.0161 26.1408 15.3608 323.74 0.976865 54.8647
110.952 17.0664 51.381 22.5465 341.098 0.953721 55.8211
117.099 17.3939 2.51193 13.7854 364.784 0.931325 53.0258
119.36 10.9982 6.11364 6.79348 333.703 0.967164 52.1083
118.566 7.56609 35.7535 2.05867 327.52 0.964126 53.6913
109.604 1.42059 25.4024 5.15652 352.576 0.944351 52.7904
108.642 5.26307 7.50125 7.70193 341.995 0.961563 51.5447
103.183 4.02352 57.8821 16.8698 356.221 0.945294 56.4725
125.04 11.4698 29.5621 10.3302 382.481 0.90946 55.957
122.659 20.8642 29.4521 4.57143 373.483 0.919963 55.3649
120.843 18.6007 12.6487 19.6664 416.589 0.887853 57.4799
120.852 9.518 11.986 32.7945 416.589 0.883799 57.9582
118.154 14.0296 16.4477 51.6558 410.058 0.876577 60.8346
118.755 19.2303 21.9746 44.3035 414.809 0.896081 61.2984
119.682 5.50365 32.6281 39.7925 334.859 0.967888 56.6654
119.815 2.78618 2.3385 103.925 314.141 0.971589 60.7692
124.029 16.189 2.17037 52.5702 316.134 0.975865 56.7918
119.623 64.9987 2.12159 17.705 323.431 0.976639 57.7284
112.802 27.9149 23.0015 7.75367 355.918 0.947476 54.358
114.767 12.714 15.142 22.2804 357.412 0.948101 54.1508
108.564 24.0988 13.3554 22.6587 350.427 0.943458 53.7008
115.362 8.64958 5.6935 9.21843 348.493 0.942922 51.8115
117.497 8.47089 29.6685 6.11201 342.204 0.953951 52.8787
114.193 2.29625 16.3917 2.44517 346.037 0.96482 54.2213
101.633 7.10391 26.1222 11.2455 332.908 0.958877 53.794
103.584 17.8395 13.9741 49.5038 335.041 0.956444 55.8978
106.533 2.41267 14.1825 10.8126 331.539 0.970558 52.1992
125.065 5.84825 39.9647 14.1209 326.823 0.971263 55.5356
110.575 23.6293 5.43948 7.78668 316.584 0.979463 53.0949
103.843 12.4597 1.23907 19.5737 344.57 0.955031 52.8451
109.601 9.70869 28.1089 36.3945 374.634 0.927676 56.1331
106.851 9.70869 21.6189 48.2416 365.752 0.919717 57.3515
105.401 16.7093 11.5592 33.6239 367.778 0.933737 54.7906
97.1311 27.4208 8.16364 21.7564 360.451 0.94961 56.0999
111.203 11.6191 8.79673 14.2918 336.453 0.970029 52.867
97.5199 18.0286 15.7111 6.47737 352.213 0.949273 53.6909
102.283 8.55464 23.022 29.8919 351.248 0.950099 54.4613
101.828 7.44988 16.919 16.9708 355.646 0.950378 53.5354
107.071 3.34068 9.08858 5.76448 347.391 0.950307 51.4868
103.333 2.55679 6.64742 11.0867 345.227 0.954434 51.9062
111.679 14.8146 20.4542 7.18796 333.957 0.953354 53.1362
116.392 25.2806 24.0437 4.82069 333.877 0.95975 53.3899
117.42 4.74298 5.83072 11.5211 348.192 0.941294 52.1643
112.972 31.318 19.9626 15.7138 363.664 0.923161 55.4176
112.863 11.4033 27.518 10.9279 353.547 0.943985 53.0544
98.7336 8.02955 28.827 13.9311 339.595 0.956861 54.1419
117.462 16.2665 4.30264 7.20549 341.507 0.961333 52.4393
117.941 23.943 6.87479 6.86563 326.38 0.961264 53.0343
122.044 48.902 14.4961 7.33729 321.406 0.978507 56.4441
122.1 0.899404 15.5502 1.18334 358.047 0.946009 54.2928
126.091 19.039 3.33373 19.2817 350.825 0.946138 54.2758
114.063 21.66 15.0995 11.0408 351.607 0.943833 52.7898
104.283 17.9747 18.4039 19.9294 317.238 0.98349 54.7804
100.24 58.5516 18.6652 24.1927 333.774 0.956712 58.048
104.122 28.9321 23.2648 12.7926 369.99 0.921598 55.695
103.595 11.393 7.9944 39.9566 326.368 0.968178 54.4514
105.88 14.0161 3.19908 46.8663 335.537 0.975995 57.1061
111.044 12.4487 4.586 1.8443 347.596 0.947403 51.7653
123.889 30.9245 8.8496 54.6586 335.778 0.945792 57.948
102.42 7.88553 20.8469 60.6309 369.075 0.939341 58.7275
118.565 19.4188 12.6479 6.17868 349.1 0.93544 53.7506
119.895 15.384 18.6343 4.94372 331.756 0.967866 52.9991
107.504 33.5169 23.9049 14.1793 339.51 0.962813 54.746
121.421 4.73294 44.445 14.0152 336.49 0.946017 55.6776
116.408 9.56011 21.5124 17.8229 336.201 0.949564 53.5825
128.691 2.93211 33.8358 9.74028 355.644 0.925511 56.6028
130.858 4.13619 34.9935 0.155728 366.324 0.931386 57.8654
108.198 19.7653 40.2971 2.15391 366.262 0.931631 55.1489
103.528 13.2872 26.1337 24.0844 346.278 0.951772 54.141
99.0767 50.1217 11.9842 39.5747 335.573 0.963325 57.8827
118.801 9.2792 10.1996 11.521 314.326 0.972188 53.2748
119.008 5.53228 3.21714 3.49222 332.661 0.965943 51.6544
113.24 9.54633 9.52901 2.98321 339.561 0.95474 51.4491
113.825 13.3892 3.73982 4.20321 359.642 0.938749 51.9488
89.2444 18.4691 8.06172 41.7205 358.98 0.950581 58.5449
131.331 0.355376 0.85498 9.79409 363.203 0.91868 57.6275
109.555 6.06405 0.997388 34.1192 376.203 0.929282 55.0478
107.306 6.06405 0.997388 21.9077 374.432 0.929282 53.7974
107.363 6.33258 0.997388 25.7813 373.58 0.929575 54.0346
106.199 6.59417 1.25276 17.5562 365.508 0.930782 53.192
100.84 16.2145 18.1095 21.806 372.844 0.925163 55.0454
119.587 16.6035 26.7288 22.7724 361.437 0.927282 55.056
106.24 7.92173 12.6038 21.2775 377.115 0.930385 54.2935
110.686 0.243048 11.2628 7.172 330.83 0.971334 52.7591
99.8641 34.9211 8.52883 7.66373 337.791 0.963566 54.0852
114.014 6.87977 4.76392 32.5201 338.963 0.950557 53.2284
109.877 35.8641 15.7645 37.3315 358.522 0.934214 56.1146
108.892 9.72677 20.9557 24.2754 365.322 0.928262 54.0855
107.211 2.52265 9.4055 49.9907 334.906 0.956371 54.8968
117.664 2.15479 8.50221 9.26628 342.718 0.946936 52.1035
117.664 2.15479 4.91994 4.52729 344.717 0.956287 51.7576
122.214 6.12426 23.757 4.52729 347.683 0.955219 53.8321
105.201 7.2157 26.351 18.3748 327.553 0.973673 53.6657
107.886 8.4327 17.4846 2.5114 355.647 0.947033 52.3824
107.191 10.5854 5.49593 9.01824 366.426 0.941725 52.9029
105.996 12.1413 15.842 24.4059 296.233 0.987086 59.337
116.23 4.7035 15.842 18.9414 331.614 0.96605 52.4617
127.553 28.0364 5.62329 3.75019 333.386 0.955866 54.1733
102.182 5.74312 5.19953 31.8834 335.54 0.955502 54.0538
106.987 8.60356 8.45323 26.3881 348.941 0.956028 53.2354
101.061 30.4671 10.0471 14.2966 344.1 0.956476 53.9254
114.831 43.7225 8.9656 2.11396 339.537 0.95502 54
110.573 5.79678 1.54631 7.59546 345.139 0.963007 52.5949
107.653 6.92416 2.16324 5.19401 343.987 0.959095 51.5739
123.148 9.28098 9.39454 19.0158 339.179 0.956499 52.8737
107.175 13.0757 18.1682 21.1294 348.603 0.949117 53.0704
118.538 31.8448 23.0963 3.3923 353.123 0.936784 54.5064
126.369 4.99059 24.6776 13.6578 347.475 0.933846 55.3417
113.796 8.1162 34.325 5.78693 342.843 0.941978 54.2616
109.269 14.0894 13.8699 20.3107 346.659 0.948864 52.6873
112.575 18.0757 13.1059 2.70171 345.906 0.947395 52.2929
116.561 23.1514 3.48657 4.82534 341.113 0.947891 52.7459
117.77 5.53983 36.0005 11.5439 341.235 0.967675 55.9809
112.31 12.8728 3.11968 29.6954 335.274 0.96468 53.0755
110.58 1.97903 9.39467 31.0973 313.696 0.980322 54.2082
119.805 30.4857 7.78181 6.38753 345.399 0.956505 53.8168
106.448 33.3622 33.6296 21.55 329.105 0.968181 55.8483
114.606 26.181 27.0304 22.0481 322.368 0.972587 54.8869
95.1686 12.6103 13.9385 36.4332 341.538 0.95997 55.5844
119.415 30.4454 30.8304 3.45464 338.748 0.955249 54.5919
113.407 0.206296 12.6746 24.0488 383.861 0.912188 55.5612
114.535 6.77018 6.97135 29.3768 351.052 0.933948 54.1743
112.994 22.886 14.4883 21.9956 325.209 0.967671 53.5771
112.734 10.6856 23.8112 11.3248 330.364 0.967671 52.6094
110.909 3.86859 25.2507 11.9739 319.666 0.968353 53.6628
102.13 8.66729 4.7235 53.0086 319.666 0.977836 56.0033
115.617 34.248 14.5859 68.9846 359.922 0.952389 63.1239
110.688 60.4385 8.18707 35.9248 332.181 0.966845 57.4922
103.548 13.9488 21.4274 14.4001 362.318 0.940007 53.7422
97.055 4.86317 6.01727 12.4017 348.9 0.937785 55.6186
122.066 26.8398 4.34763 7.54626 347.279 0.941511 53.5144
106.355 6.45982 7.51023 16.9289 347.249 0.941238 53.1779
118.318 4.37005 7.35396 17.6298 374.063 0.927296 53.351
102.081 41.7729 9.05647 9.15713 365.022 0.931953 55.1067
115.211 39.401 27.0228 15.1685 361.418 0.932346 55.6754
107.104 44.2734 13.5964 34.0033 328.777 0.967998 56.208
98.8384 8.06377 34.369 37.7235 355.098 0.939383 56.7122
105.715 16.9115 16.4757 13.7336 363.235 0.930618 53.6524
120.306 12.1291 20.343 8.78509 357.936 0.933125 53.2846
107.002 8.9766 19.3617 17.0986 387.509 0.909494 54.8537
110.096 3.34001 18.5602 35.0753 363.586 0.921217 56.057
113.202 3.7249 28.5224 29.4059 358.538 0.922903 56.5441
115.663 5.97145 36.2994 20.2036 362.475 0.931735 54.6011
119.83 13.3946 6.38972 0.483972 370.108 0.926328 53.6074
115.872 24.8083 14.8562 11.2906 352.366 0.930712 54.7376
103.351 23.913 34.7922 13.1988 368.362 0.933369 55.7175
112.864 27.8514 19.536 11.5351 368.02 0.936301 54.8195
102.533 18.0965 9.63353 9.36015 356.233 0.938816 53.1309
128.806 21.1956 36.718 3.76978 369.445 0.92126 56.9514
111.872 10.298 16.3403 2.98299 358.707 0.93661 52.3393
114.294 17.6445 24.7865 2.25152 363.34 0.942053 54.3879
114.03 20.6349 19.3026 23.8417 348.757 0.942918 53.8719
123.932 33.2921 15.5843 8.14268 362.823 0.939172 55.8262
103.631 17.2603 20.6024 25.0415 345.271 0.961611 54.8971
112.513 23.4678 9.2371 13.6876 337.094 0.958644 52.4911
113.419 3.19678 10.3062 22.8886 354.72 0.940942 52.5899
106.464 4.48348 2.1066 19.2353 354.422 0.94264 52.4848
104.443 10.6643 12.5481 23.0683 358.097 0.933524 53.9116
114.63 10.6643 1.37106 14.7922 352.717 0.93111 54.2481
116.334 1.5256 1.37106 12.2943 409.952 0.89476 55.7145
116.976 1.5256 4.70159 2.67338 409.177 0.89476 55.2745
116.241 2.70154 4.03413 7.03613 409.177 0.904785 55.7491
115.072 2.70154 21.8384 7.03613 390.981 0.904785 54.7642
111.244 22.5955 4.9565 6.23488 368.468 0.926188 53.1448
98.6967 72.06 3.62321 14.1453 367.864 0.930375 58.4451
113.157 28.1088 29.3903 10.8875 381.618 0.90492 56.9307
93.6954 4.63866 4.20982 22.0189 345.649 0.952237 54.4615
106.603 14.0879 3.72383 20.0827 342.446 0.961663 52.7926
104.339 10.0846 1.21188 21.8115 357.128 0.942082 53.185
108.227 2.40038 1.21188 23.2252 348.73 0.951018 52.7414
109.232 3.5773 3.68659 18.1933 349.333 0.945696 52.0835
108.863 42.7127 14.6301 18.0629 339.418 0.945374 55.8829
108.79 14.7785 30.0081 33.1644 357.556 0.935458 55.2842
106.67 47.4603 31.5601 17.2786 372.453 0.928108 57.621
100.791 5.06045 33.5419 21.4664 354.976 0.940175 55.001
102.93 3.57816 53.1602 40.4026 357.908 0.948169 58.7788
106.918 12.7773 1.82424 2.54705 396.688 0.906743 54.5005
104.847 13.6918 3.7396 6.40238 358.664 0.935845 52.6346
109.242 10.7264 3.7396 6.23605 317.532 0.981795 52.3854
123.808 7.63393 15.7337 3.37016 356.44 0.950189 54.6264
99.1454 4.5521 1.94623 3.89959 329.97 0.970759 52.5304
104.922 0.457655 11.6186 13.2413 340.906 0.965945 53.3865
115.02 4.08361 29.9015 3.31213 323.018 0.970151 53.0431
109.807 4.75313 37.5413 24.9446 346.109 0.940517 55.271
122.088 4.11654 37.0226 34.884 344.045 0.952056 56.0083
112.381 4.65174 13.7589 16.5797 358.959 0.920353 56.1345
115.541 5.52273 42.6012 34.0748 347.316 0.942376 55.7599
115.323 8.63496 23.9014 25.9551 356.625 0.936558 53.8909
107.201 16.3139 18.1367 9.82556 370.319 0.927841 53.4531
107.742 30.1458 22.8865 22.8761 351.219 0.939936 55.0558
113.01 19.9409 21.4466 44.6787 350.014 0.931236 57.1457
121.332 19.775 2.11542 23.3477 357.824 0.93598 54.0251
101.395 16.5688 24.6536 15.909 325.583 0.967682 54.4455
123.048 68.4192 3.22195 42.8884 377.448 0.912189 60.7149
110.62 36.6534 21.4312 50.5472 326.977 0.964194 57.3968
106.94 9.44399 34.5371 35.9694 382.193 0.904573 58.2567
118.262 19.2062 25.0716 21.4667 347.319 0.949296 54.2183
101.671 18.6474 15.7399 15.6101 350.298 0.955824 53.9479
107.555 21.0407 38.9662 16.8283 336.465 0.951284 55.4302
129.485 14.855 13.3635 15.1573 345.051 0.952046 54.7431
100.683 0.6593 17.8089 39.7262 347.462 0.942724 56.3378
106.665 10.4692 15.6122 29.8586 335.208 0.965448 53.5017
102.742 4.30643 20.1261 32.0229 340.939 0.950672 54.5419
101.845 16.9349 19.3253 16.0682 341.894 0.959026 53.496
95.7307 23.922 42.7867 14.5454 325.386 0.965204 57.8753
110.396 17.7877 2.4739 28.9925 332.099 0.965964 53.2966
102.715 15.1674 4.13378 2.35486 338.19 0.960412 52.1989
109.48 6.24813 14.7055 4.91625 335.81 0.965574 51.6885
100.175 25.773 1.80517 10.735 342.647 0.949994 54.169
109.286 17.0821 3.45847 3.29491 344.479 0.956411 51.8579
115.093 24.7674 4.09595 19.9828 342.868 0.962671 54.198
132.808 23.318 21.1564 50.1954 327.593 0.969113 59.9019
101.539 9.55052 19.4485 30.8225 363.801 0.935158 54.8166
109.149 23.9245 34.2876 17.3478 355.541 0.933141 55.4286
119.828 48.3776 16.4868 15.4604 335.239 0.961219 55.6385
115.72 13.5722 22.1323 2.63147 357.426 0.953475 55.3079
112.093 15.5715 13.9148 2.2651 341.957 0.959692 52.2615
108.373 20.4808 1.48605 10.9829 342.787 0.955385 52.3984
110.677 14.9397 0.922298 9.01881 341.925 0.951333 52.2726
100.991 7.98942 42.0149 13.0616 322.763 0.970894 55.3779
106.036 88.0132 21.2561 17.5727 342.686 0.964273 60.8225
104.599 70.6935 60.2382 13.3298 338.027 0.96402 61.372
114.418 3.69323 34.0598 4.7122 351.298 0.945548 53.1888
108.244 2.44932 33.7889 4.32871 356.782 0.959238 57.0864
110.602 2.64226 37.235 37.8751 327.285 0.957098 56.6234
120.07 3.45621 31.1262 15.867 313.714 0.976618 54.6306
120.237 7.27202 11.5098 4.48101 327.071 0.970647 52.0807
120.054 7.37591 15.8299 13.7299 325.157 0.964502 52.695
110.425 22.2672 9.50496 3.18249 335.522 0.957554 52.3259
100.934 22.9968 8.27953 3.37847 342.219 0.953206 53.1809
111.249 15.0067 9.81516 19.1774 345.293 0.955345 52.521
114.548 15.871 23.61 23.4704 350.894 0.947692 53.9294
114.215 4.88527 12.8093 22.9014 375.145 0.917824 53.9877
112.096 18.2187 18.0853 17.2985 315.362 0.976182 53.9362
108.802 18.4671 36.3065 8.2683 361.778 0.929006 54.8526
118.102 16.214 1.77352 52.197 356.416 0.938857 55.8125
98.2759 7.26846 0.792479 23.8963 357.306 0.941181 54.3764
103.577 4.56245 11.8128 19.0936 350.841 0.940275 53.4417
107.651 12.1841 6.70623 21.9062 363.725 0.940444 53.2604
108.229 7.98078 6.07837 14.0473 359.644 0.938899 52.0629
111.044 10.4026 10.2597 13.6435 365.032 0.93008 52.5932
113.038 11.0669 21.4565 9.2317 345.732 0.94331 52.8689
123.857 9.24275 6.45125 7.97777 334.661 0.958599 52.1939
119.645 17.6536 4.21031 29.1955 331.82 0.954638 54.0454
112.524 20.4739 15.7059 17.8477 341.028 0.952837 52.9414
113.013 26.2934 15.5518 17.8271 323.929 0.971012 53.6438
124.662 10.2491 35.2521 24.7243 366.451 0.918757 56.7073
116.658 1.24313 13.233 19.8338 327.868 0.967948 52.7314
109.236 31.786 9.13251 6.83453 345.095 0.938916 54.7985
114.739 17.8249 7.05741 4.62388 336.528 0.959449 51.7422
103.413 29.4645 9.14734 5.98442 336.141 0.968776 53.594
114.134 18.4025 7.15351 4.86978 335.333 0.961933 51.7836
104.833 4.16923 16.1919 16.3634 334.934 0.962107 52.43
106.874 30.6743 8.90868 9.2142 337.818 0.967056 53.5976
106.104 36.6949 43.4484 17.347 321.668 0.978723 57.3953
103.865 21.4077 2.55346 11.5589 325.06 0.969839 53.1143
108.627 9.39669 11.3318 11.6117 325.705 0.979969 53.0009
102.046 11.3862 11.4111 10.886 318.178 0.97779 53.2616
112.893 28.747 16.392 3.90469 310.473 0.976355 55.0992
122.651 5.98786 10.8843 10.0052 334.449 0.968541 53.1836
122.363 2.22343 3.48821 27.1182 319.131 0.963825 54.7571
122.374 5.49644 23.0811 84.6666 328.393 0.961899 59.0362
122.046 17.9671 46.3013 30.5436 332.133 0.947453 57.8866
119.613 0.15868 47.3405 34.2256 370.127 0.92247 58.5745
115.183 38.0799 19.4688 28.4674 339.919 0.945184 56.0432
104.187 28.3307 4.61472 15.8281 342.996 0.952638 53.4031
111.699 40.3538 4.0962 30.0377 347.992 0.958365 56.3741
117.961 3.74032 17.4364 34.8255 322.371 0.95847 55.7312
116.018 31.7446 18.8494 24.3562 355.991 0.954906 57.9739
120.782 56.5612 32.2941 0.887722 316.842 0.957164 61.045
120.76 5.04686 10.368 14.4552 346.146 0.960102 53.7652
103.351 6.52437 10.0923 9.44132 332.407 0.967206 51.8902
116.421 3.25559 18.1327 6.31445 325.852 0.968319 52.0766
108.824 15.13 19.0484 5.13134 339.843 0.958145 52.2244
114.925 3.09232 19.5778 3.44862 337.332 0.958725 51.9322
114.858 12.2208 20.108 12.3078 338.978 0.954181 52.4236
117.963 11.6624 7.49248 24.7739 348.125 0.954353 53.4433
103.675 9.98242 11.7232 56.2403 329.154 0.9601 56.3038
107.863 11.1121 16.3866 28.2456 350.855 0.939024 54.009
98.307 11.9789 6.51832 8.32533 318 0.9811 53.6984
109.186 13.0551 24.5975 20.2199 339.627 0.965991 54.2019
101.465 8.66256 0.569142 19.8634 334.718 0.968591 53.4773
112.43 12.8094 5.77849 10.9711 336.559 0.955712 51.7444
110.138 19.9756 40.8335 6.27899 362.759 0.945442 56.3132
110.963 0.425847 4.01848 6.49305 348.791 0.947217 52.1239
110.783 6.06917 7.18141 6.66183 332.212 0.963573 51.1933
110.783 6.06917 7.18141 6.68869 332.212 0.963573 51.1938
105.969 16.5474 16.9353 4.98186 332.212 0.963573 52.4513
105.969 16.5474 16.9353 4.98186 332.212 0.963573 52.4513
105.244 6.71923 23.9084 3.44818 352.806 0.940588 53.0863
112.423 16.585 26.7018 6.57535 346.994 0.947443 52.9667
123.168 3.05911 0.0864061 9.24574 356.286 0.940398 54.0783
95.4823 3.37681 21.1352 4.90275 354.222 0.947226 53.9807
111.171 3.60362 30.4689 25.523 354.975 0.943173 54.1565
116.754 17.0786 15.8675 15.1524 357.002 0.947657 53.9923
118.757 14.6463 14.9598 5.7074 355.555 0.92935 53.8366
111.117 14.7867 10.1496 1.61171 321.727 0.966351 53.0361
116.725 10.3492 4.30358 3.39546 354.624 0.944063 51.7804
116.725 10.3492 4.30358 3.39546 354.624 0.944063 51.7804
108.243 17.3772 2.01887 2.06418 343.073 0.955254 52.0718
109.794 29.0731 0.0316336 5.51831 337.129 0.961225 54.5918
113.082 26.3758 19.2172 4.67752 317.977 0.975196 53.7363
122.811 27.6974 9.21623 18.146 325.146 0.962426 54.3014
115.215 28.0246 4.77695 6.5359 436.962 0.866944 58.8169
104.502 3.2771 7.80188 20.0803 436.962 0.887241 59.4857
125.494 0.474245 3.79126 5.91734 396.078 0.897792 56.391
108.051 9.76896 8.559 19.6607 328.007 0.951483 55.5982
101.876 20.6468 7.22274 8.94946 321.16 0.972886 53.4763
112.245 4.13819 4.26875 5.05174 331.789 0.968419 51.2744
126.89 12.7149 0.194912 61.0446 370.857 0.91739 59.4041
106.932 26.7399 17.779 15.7331 367.049 0.943242 55.8865
105.368 26.9681 2.27446 15.064 364.166 0.945239 54.8641
110.355 29.1893 9.81868 21.7276 373.726 0.927065 54.7644
113.312 5.10442 6.30975 16.2204 319.986 0.97908 52.3877
111.035 9.06797 4.85857 6.3935 338.103 0.962046 51.2554
121.599 2.61215 24.3868 18.345 323.569 0.948061 58.3153
101.347 27.7176 11.997 30.4687 370.413 0.912173 58.9213
139.411 9.95571 13.0455 10.3091 374.346 0.912173 58.3818
122.057 0.793975 1.05676 1.7375 361.691 0.94195 54.0251
116.425 11.0324 3.69952 5.45266 340.035 0.960639 51.6657
120.294 27.5927 9.58535 56.9666 340.064 0.946481 56.9516
121.277 16.0919 1.89453 29.4835 318.114 0.970798 54.4865
113.62 13.3389 2.22878 14.7331 336.698 0.968891 52.965
101.598 11.3705 5.64557 32.7659 327.256 0.97115 53.9619
123.545 7.59931 2.8737 46.1309 330.48 0.960669 54.9595
119.351 4.49668 5.41456 5.13478 336.255 0.966594 52.1413
127.935 8.25033 8.32522 2.74361 331.923 0.964321 53.1944
116.973 22.3414 5.91123 8.89105 333.726 0.964038 52.3534
116.435 27.2153 10.2176 8.52773 353.725 0.945606 53.1491
117.279 20.2897 8.41648 2.60574 333.321 0.964753 52.3193
124.418 21.3475 11.8505 27.6423 356.762 0.94306 55.5338
111.228 39.7646 10.9841 4.34387 360.625 0.935592 54.0836
115.997 25.7129 27.6058 10.0977 355.35 0.938876 54.1522
147.186 4.52572 19.8325 1.31014 343.538 0.941474 60.6669
112.307 22.0669 0.910362 16.2886 344.833 0.966953 55.6376
107.286 32.2817 35.0002 5.57434 343.333 0.952978 54.807
112.651 17.7745 33.0706 3.11307 341.027 0.956077 53.4912
98.7987 16.7051 44.3827 9.63199 317.555 0.987259 57.614
81.1311 25.034 9.16678 21.3361 322.872 0.971038 61.3025
109.759 31.7242 10.8714 12.2325 339.239 0.954674 53.2199
99.748 15.6068 27.1295 7.50213 358.402 0.93871 54.3314
103.065 53.3396 7.65275 6.13409 342.401 0.958497 55.1688
91.6464 32.9134 9.80779 30.9623 340.712 0.954663 57.5617
94.3589 7.30578 21.6244 24.4596 354.883 0.957941 56.767
112.442 37.6012 1.46495 23.9046 354.161 0.952923 56.1485
108.625 14.5691 18.6107 23.3612 325.147 0.97504 53.6865
107.574 6.41828 17.8986 7.11725 383.149 0.904189 56.0802
101.516 43.1277 3.96312 5.19147 402.766 0.904443 57.3813
118.413 16.8291 12.0035 12.7423 344.754 0.953112 52.5677
113.556 31.4673 10.46 18.8493 342.494 0.937671 55.8671
115.195 8.92061 3.24925 12.26 338.021 0.947163 52.8769
106.034 2.85586 14.4457 27.8405 343.716 0.963372 54.0406
95.005 8.51648 12.2966 17.2143 332.067 0.966186 54.0445
108.115 21.0904 9.33268 7.40448 346.371 0.939743 53.7759
109.294 32.2193 21.0162 18.2923 311.195 0.976627 56.2455
113.773 38.0055 25.3886 46.7822 377.712 0.904149 59.9324
114.395 20.6111 9.97302 24.5693 374.55 0.914462 55.1177
111.114 24.1827 18.8766 8.32976 356.273 0.938655 53.2617
103.274 4.16467 9.95451 13.6742 334.304 0.970303 52.4533
107.624 12.1435 10.9621 13.6989 315.941 0.980527 53.0326
96.4558 9.71113 19.8923 13.6936 338.459 0.960288 53.8892
99.2 18.0084 11.3563 13.6846 343.044 0.958297 53.3004
116.072 17.9638 12.9247 13.9269 351.112 0.9405 52.8151
104.541 20.4103 2.41832 6.67773 373.266 0.934061 53.7739
104.541 20.4103 2.41832 6.67773 373.266 0.934061 53.7739
124.877 5.86544 0.322217 3.99971 349.831 0.949047 53.5436
102.653 3.77618 13.0473 20.6799 327.39 0.974621 53.1771
118.171 51.8251 8.74986 10.5737 338.271 0.968232 56.8096
120.16 9.88569 10.7922 33.6886 339.639 0.952763 53.637
92.864 18.7198 6.38713 7.95892 333.824 0.962833 54.5922
100.36 2.92614 7.6489 6.13123 324.331 0.966619 53.3436
100.36 2.92614 7.6489 6.13123 324.331 0.966619 53.3436
104.58 8.91253 30.2763 15.2993 309.304 0.976316 56.5528
113.62 2.27563 19.4567 7.58302 306.082 0.976937 55.419
129.16 5.80168 2.15648 13.9714 356.165 0.927606 55.097
103.267 15.2064 14.9733 6.15741 360.451 0.947487 53.5207
102.435 9.85354 21.8545 18.5787 348.759 0.95121 53.4292
102.677 7.50497 9.102 2.58938 347.233 0.953599 51.9378
106.604 21.7199 0.904584 3.4453 341.002 0.950295 53.2656
98.4472 6.74029 20.1352 5.26053 348.096 0.95215 53.1377
120.133 15.2274 9.99458 8.37121 373.507 0.921494 53.4236
134.368 7.34504 13.0477 2.77775 321.671 0.97611 55.9053
104.708 2.35481 6.0703 26.8905 349.437 0.952722 53.0255
116.452 15.1089 3.74442 30.0866 357.192 0.934915 53.7297
110.551 1.23175 11.9624 30.6222 345.478 0.948833 53.3453
109.387 17.6432 28.0153 2.05728 327.431 0.963949 53.6335
120.052 6.38488 24.8254 8.83589 316.416 0.974373 53.4776
109.43 5.49505 12.4195 8.83589 337.565 0.955014 51.7343
122.682 3.11662 10.1843 4.8618 372.971 0.930568 53.7031
111.932 2.02588 8.36737 5.28311 367.329 0.92998 52.2453
126.059 0.921227 9.3088 15.7776 311.601 0.972553 55.0364
122.196 13.0378 10.8356 7.47232 321.512 0.976571 53.0059
120.3 16.9896 18.9164 7.47232 321.417 0.965536 53.5511
122.899 13.5582 13.9433 6.36637 316.581 0.979387 53.4771
123.63 5.78685 4.78322 7.36458 349.342 0.949795 52.4471
99.6493 18.4032 10.2672 5.48896 360.421 0.939129 53.3638
102.59 23.3987 22.2146 3.40126 401.111 0.897454 56.969
109.594 7.14232 14.5532 20.7616 388.229 0.900418 56.2597
114.695 9.58385 10.6756 4.25397 351.169 0.945819 51.625
113.604 0.357465 4.14955 1.47473 336.933 0.950825 53.3134
126.016 20.8667 15.9924 21.4179 355.039 0.942479 55.2466
110.055 10.5888 32.3006 55.614 313.705 0.977399 57.8486
96.4189 7.04021 65.7158 41.8908 359.267 0.925846 61.5234
120.935 12.5163 48.3403 11.0686 358.091 0.930573 55.7285
102.182 19.8649 11.4547 22.2535 353.575 0.943982 53.813
115.281 1.20188 17.727 31.9606 341.819 0.953333 53.7584
109.706 5.12527 9.21109 8.61429 348.103 0.945564 51.6545
110.919 25.0669 51.4206 10.0792 330.588 0.960453 55.7787
100.234 12.3236 41.5083 5.83671 336.281 0.963951 54.7056
96.7809 14.4606 23.8134 14.4224 324.217 0.972272 54.9376
115.166 32.129 38.176 8.14678 314.871 0.976575 56.0334
111.127 10.8374 140.976 9.76757 319.166 0.976575 63.5329
115.15 43.623 4.56994 3.78409 338.366 0.962008 54.0986
108.123 23.2537 3.77939 2.37998 324.827 0.970631 52.6381
115.113 9.29463 6.71589 3.88265 365.673 0.950391 55.7545
103.659 21.2203 32.2308 5.96686 362.786 0.939966 54.765
117.112 5.57517 14.523 26.2632 323.153 0.971397 53.1592
119.811 18.1508 6.36201 3.13789 323.993 0.963982 52.8136
123.271 17.4951 11.0416 4.0434 334.145 0.958816 52.7115
125.786 26.0094 4.47945 0.680285 319.157 0.96918 54.7316
123.424 7.24092 29.7675 22.0675 367.711 0.919929 55.6801
115.341 1.74116 26.1258 20.9901 369.974 0.926639 54.4056
110.111 8.12632 38.1475 14.5818 337.027 0.957946 53.6851
114.714 9.33585 10.7564 11.3656 355.05 0.946954 52.2141
115.055 24.6966 0.262325 2.95902 360.89 0.933307 54.0235
117.333 25.6838 3.72685 9.98263 363.752 0.934609 53.3269
124.959 23.6944 3.20919 2.67039 315.154 0.979125 54.2828
113.926 21.7675 2.90821 28.6801 343.834 0.950835 53.4881
109.171 8.33257 5.12285 5.92753 349.164 0.95928 52.4214
100.782 11.7808 9.99975 0.15019 353.892 0.948145 53.7691
103.9 8.46456 4.11592 19.245 371.778 0.919665 54.5482
122.183 1.66777 0.842719 4.81134 363.517 0.930592 53.3505
120.548 22.4039 6.40103 23.1902 384.038 0.920372 55.9652
108.808 30.7789 9.61529 6.50092 339.642 0.95624 52.833
106.369 16.5714 6.22738 7.39219 328.281 0.965004 52.2274
122.441 28.9532 14.8055 8.57223 328.912 0.951906 55.2048
110.687 82.8461 3.71661 3.57294 323.399 0.950213 61.813
92.309 47.8644 49.6936 14.1505 343.231 0.963066 60.6359
108.953 29.9424 28.3651 21.2794 344.818 0.947269 54.9908
107.989 11.3964 6.27249 48.2404 351.616 0.933918 55.9285
102.875 12.7625 6.07367 48.2404 337.787 0.958055 54.9396
108.864 10.3886 12.1507 20.7643 349.612 0.950475 52.5329
108.394 0.475659 19.9875 40.8216 309.907 0.985644 57.0452
109.071 6.18117 38.0588 3.83739 348.061 0.947007 53.4649
116.348 17.7834 18.4592 10.6982 343.87 0.953751 52.7184
115.068 24.1949 28.4875 21.6178 345.712 0.949579 54.5213
120.375 23.0992 31.056 21.4535 354.265 0.93304 55.566
109.689 7.94341 20.7126 3.63512 320.448 0.977869 52.6575
107.677 8.44723 11.5971 10.5278 324.572 0.973303 51.9798
114.283 23.0528 5.14715 7.2628 344.331 0.956963 52.4381
118.12 29.0789 18.7401 21.2389 346.079 0.951354 54.5078
110.175 18.8475 3.68776 0.213159 356.626 0.939167 53.3924
136.824 28.3578 11.646 4.9555 373.682 0.919337 58.1813
128.491 44.3771 5.85327 1.60686 375.114 0.919337 57.2006
105.991 14.6077 23.4707 15.3227 376.793 0.919493 54.6138
115.118 24.0113 37.6248 17.2992 380.954 0.924083 57.4284
105.757 29.7419 28.2148 18.3314 350.139 0.939404 55.4747
126.621 2.00553 5.87772 17.3095 341.77 0.950566 53.3102
119.96 7.80072 15.5358 8.07723 344.302 0.946806 52.2735
119.382 13.3079 35.7924 10.6102 319.807 0.973326 54.3683
112.19 31.2254 2.65482 27.8635 361.79 0.934719 54.6786
114.831 16.1102 0.13692 16.2447 348.955 0.952423 53.8441
104.374 25.1545 5.47162 8.60474 359.31 0.93699 53.2391
108.516 6.99075 3.8818 20.7111 345.992 0.953207 52.063
115.562 11.3038 4.07008 33.5569 351.582 0.95088 53.9154
111.718 15.0112 8.69743 17.1866 332.267 0.964515 52.1534
123.981 4.40664 24.543 4.10171 349.189 0.947508 53.4369
111.276 4.23018 56.2877 3.87887 351.267 0.942683 55.0401
113.44 3.31423 19.4962 8.87594 332.177 0.96077 52.0558
106.089 9.45582 8.66768 17.4125 355.409 0.948447 52.5885
106.751 34.583 45.2647 46.6524 344.048 0.951554 58.7919
99.7263 9.10739 1.32713 58.0914 323.145 0.984984 58.3858
113.864 10.0678 29.3421 15.7431 351.978 0.952252 54.1806
107.272 24.2594 12.3669 26.1363 358.271 0.945771 54.589
104.417 15.0249 9.29781 26.3833 316.906 0.981137 54.2763
119.927 3.12255 15.2294 33.3463 367.335 0.932851 54.9446
120.742 9.82261 13.759 20.3462 311.256 0.981831 54.181
115.697 62.994 8.74408 23.1434 323.571 0.958263 57.9788
115.661 29.9098 10.4974 14.3536 361.487 0.937618 53.8884
102.595 31.6854 3.93832 13.2496 318.09 0.965097 56.7353
108.617 21.149 16.2385 22.8209 336.203 0.950035 54.4831
125.445 10.6444 2.21644 12.6529 346.869 0.942412 53.2464
112.667 8.71138 37.6382 48.9969 346.94 0.947454 56.4487
108.683 87.1862 25.2863 5.49034 341.235 0.957809 58.9608
122.196 28.3008 30.185 5.98739 331.364 0.951433 55.5686
94.1454 8.8471 6.08655 12.3066 351.268 0.948848 53.7443
100.367 8.35645 13.2306 12.7261 352.552 0.938188 53.9518
108.296 10.4828 1.6506 8.1069 371.377 0.920442 53.6929
109.563 4.41346 8.08844 8.05681 358.511 0.939208 51.7043
109.454 4.75577 4.35226 8.08624 382.138 0.908372 54.5943
109.962 2.00092 0.543126 4.73311 382.138 0.908372 55.5872
113.668 22.4506 25.1441 28.236 364.858 0.932787 55.3065
101.56 43.451 23.7591 7.66153 361.36 0.936453 55.9434
115.302 0.614417 25.6688 3.5309 345.382 0.953432 53.1214
120.516 66.8182 8.83035 5.2557 345.295 0.939689 56.8909
114.191 53.455 9.25686 10.383 322.522 0.973407 55.2652
119.738 18.2043 9.54053 13.6898 327.286 0.97637 53.9223
118.087 4.1184 10.6825 10.6043 323.466 0.968278 52.0233
114.431 26.4037 3.78045 10.7959 321.787 0.967976 53.2215
125.861 4.76282 2.63685 37.0218 336.301 0.954575 54.5506
105.227 13.1224 2.61809 30.0503 331.104 0.970564 53.5523
123.963 27.4855 4.31691 29.9874 331.019 0.962172 54.9093
129.774 9.80005 9.00181 28.0719 331.496 0.956627 54.8499
114.77 69.7522 47.2431 30.2761 325.751 0.95479 61.5278
112.519 31.1983 4.79202 78.9058 339.212 0.959182 58.6801
117.419 26.42 21.0563 19.4213 374.898 0.922165 55.3288
112.413 16.8712 16.2755 70.3115 362.89 0.933211 57.7637
107.934 33.0164 11.7851 38.7283 388.64 0.914709 57.6735
110.609 17.6271 15.8852 38.7283 364.959 0.933657 55.1275
106.358 26.6696 7.42508 30.3151 335.979 0.963353 54.1425
115.279 13.7778 1.83575 15.8235 330.891 0.968638 52.4039
104.372 9.93897 18.1453 4.18695 348.328 0.952907 52.3364
106.481 1.09092 1.19736 18.409 324.238 0.978929 53.4681
104.643 4.86682 31.4801 13.5915 336.463 0.960986 53.3633
106.238 18.1987 2.28012 1.54779 350.278 0.952844 52.573
104.672 22.4664 32.3046 9.66681 374.012 0.925492 55.3
108.89 35.0834 23.1189 7.08452 362.132 0.928506 55.062
110.504 3.62175 23.856 3.3837 365.738 0.928821 53.1963
113.263 12.6375 11.3527 6.32582 419.079 0.884705 56.089
123.598 15.4209 12.1444 13.5376 388.488 0.924263 57.8817
120.916 4.91557 9.06502 14.6613 362.338 0.939091 53.1006
128.227 22.4537 22.9735 16.1977 309.429 0.982379 56.7022
125.947 13.4267 1.80245 15.448 333.191 0.959489 53.3572
116.309 11.7867 8.81873 15.5346 323.708 0.96374 52.7847
113.27 12.964 4.74203 17.0387 351.25 0.954165 52.9283
112.526 19.6041 3.12316 7.56181 342.95 0.957754 52.0701
122.92 7.21941 27.4984 11.9403 336.712 0.95616 53.4378
124.382 9.42078 12.6229 8.90413 318.009 0.962573 54.5588
119.361 15.282 16.3272 36.7208 330.655 0.971241 55.3902
113.948 46.3892 14.1013 1.01446 343.465 0.941334 55.8634
120.478 31.1166 1.80984 15.0894 341.069 0.951143 53.8242
108.447 27.2467 6.81738 2.54633 342.816 0.951827 52.6896
102.8 14.9615 10.2977 4.42586 344.007 0.964265 53.0556
119.138 4.34915 2.24416 8.02832 349.958 0.948702 51.881
112.906 6.96207 6.80046 4.62117 360.502 0.935119 51.7879
109.926 6.81351 17.9613 12.99 337.81 0.959078 51.9971
99.6962 5.2834 4.96655 30.8073 350.667 0.959574 54.8705
124.279 14.4251 18.7455 3.64264 340.791 0.94606 53.6104
126.202 10.265 3.20552 20.018 334.587 0.958568 53.3896
128.294 12.8045 31.7688 24.5281 343.673 0.956279 56.9438
110.631 16.1285 7.16557 5.47065 352.075 0.942746 51.9432
115.835 14.3801 2.30153 4.75402 368.995 0.922803 53.1976
111.898 2.10417 4.01268 6.58088 366.642 0.930575 52.1802
107.443 23.8211 1.27959 12.2376 372.228 0.930575 53.9203
101.783 41.375 0.943774 11.5658 329.496 0.964431 55.2154
103.039 2.23419 4.06899 4.22872 343.498 0.957789 51.778
102.242 25.7022 4.19644 3.36324 344.831 0.957441 52.9985
106.102 4.00467 9.52402 22.0554 344.538 0.961039 52.9205
120.206 4.59412 3.88556 19.2327 341.726 0.948217 52.5431
108.972 3.93796 20.1847 20.0859 349.387 0.948458 52.7988
115.392 5.00939 10.4241 18.8521 363.266 0.936046 52.6963
112.229 5.27582 33.6495 19.5985 338.882 0.958343 53.6036
106.454 4.38144 29.9874 26.0467 330.837 0.969378 54.1988
100.867 30.1584 8.17778 17.7435 322.213 0.973243 54.6869
113.739 21.8806 23.0679 3.47339 325.226 0.972805 53.3516
108.47 27.7446 27.7269 32.7685 335.717 0.958968 55.5047
116.809 23.865 31.8268 23.5771 344.646 0.944886 55.0983
103.608 30.7559 5.53101 16.283 333.553 0.974647 54.8703
106.65 9.46373 4.43348 12.988 349.177 0.955519 52.1352
115.48 37.7844 4.41353 5.73784 333.837 0.960372 53.316
114.625 5.92263 5.68818 14.4188 326.858 0.973972 52.0434
122.42 27.8984 14.1837 21.1922 346.279 0.949512 54.5678
131.985 29.2212 7.56298 3.88354 391.909 0.916696 59.6234
130.456 40.655 33.1847 5.14592 311.004 0.963802 60.4167
100.76 9.07099 47.0686 5.95254 349.261 0.958927 55.959
103.669 10.8859 33.6499 8.81399 344.406 0.955762 53.6323
102.271 13.0446 15.0701 35.9421 358.249 0.942593 54.8144
110.713 25.7569 11.6297 34.5738 347.472 0.950876 54.5109
103.313 14.8366 15.9106 87.1083 364.101 0.925716 59.8318
111.284 10.5841 8.87224 53.0231 342.635 0.949763 54.8389
111.376 7.62705 2.69792 5.91813 345.679 0.950938 51.3019
118.028 10.1744 2.80962 10.8698 359.468 0.946759 53.2488
124.185 11.8073 3.5741 12.9948 379.071 0.908135 55.316
117.625 38.0165 7.90373 14.8699 374.148 0.933048 56.5183
116.877 0.057096 4.6734 5.09929 360.319 0.942964 53.8656
117.324 4.47416 1.29163 2.13312 330.57 0.958391 52.3378
87.1294 5.68558 7.61107 3.0181 328.631 0.97757 55.7794
122.616 4.85215 55.4289 39.071 334.34 0.957939 57.7195
125.823 12.06 23.0533 19.2169 350.089 0.940439 54.5181
113.061 24.0477 16.8629 12.4545 346.961 0.935189 54.9737
109.943 16.9743 6.5881 35.3396 347.881 0.955687 54.2344
121.686 6.91163 14.5938 7.38555 349.655 0.942507 52.4317
119.713 1.31213 8.81459 6.11691 355.945 0.942781 52.3368
116.521 13.2404 2.35204 23.8063 365.846 0.933665 53.5421
112.614 1.19965 15.0747 4.29772 357.872 0.945169 52.5209
117.146 18.4169 18.4052 4.02398 356.107 0.941239 52.9481
107.203 57.4722 8.19949 6.05963 357.294 0.953839 57.5774
113.273 16.9331 7.48371 24.7048 333.577 0.959252 52.8296
103.813 18.0083 5.59209 18.3237 319.035 0.975317 53.6297
118.676 21.5857 10.2926 2.36888 319.035 0.98075 53.645
112.987 6.55657 10.5135 1.91093 318.899 0.986152 53.6168
112.117 5.72595 12.2192 1.50332 340.724 0.953146 51.7332
116.58 11.8828 18.7641 8.95807 330.2 0.974254 53.4176
108.426 7.58353 15.624 17.4484 366.665 0.925237 53.6262
101.63 2.41298 3.48957 39.1014 317.007 0.975622 55.4594
115.247 22.89 3.48957 39.1014 385.509 0.908679 56.4277
113.132 28.3516 4.09394 37.5545 352.919 0.935559 55.3007
99.4529 2.88543 13.8548 33.2374 335.031 0.962194 54.3531
114.006 25.5201 32.2748 11.8519 323.687 0.96598 54.6515
103.052 6.01489 29.9614 45.3123 322.234 0.966381 57.005
121.054 1.5035 13.4004 2.43788 361.978 0.934228 52.9814
107.105 4.7557 18.3501 20.3902 354.778 0.925529 56.4912
107.494 12.8379 7.80335 11.1405 331.629 0.959748 52.2214
107.452 17.7026 1.59275 9.98498 362.467 0.936951 52.7576
104.579 21.9218 10.6437 7.14177 357.49 0.94489 52.9451
122.202 37.4674 10.0198 14.0236 334.762 0.963392 54.733
122.202 4.44381 10.0198 14.0236 325.935 0.963392 52.5932
118.74 6.32287 59.146 13.1113 323.507 0.966588 55.9323
121.968 4.51924 57.318 10.7895 319.158 0.977587 56.5731
106.835 15.055 4.64404 18.8917 355.665 0.954165 54.0023
115.238 21.3468 15.378 19.2432 341.864 0.95611 53.2343
110.011 9.08708 22.536 8.85626 344.523 0.947938 52.4936
129.594 9.42192 32.9943 18.2837 356.453 0.931154 56.2106
121.624 31.0349 3.68787 21.9569 345.888 0.953058 54.6698
116.485 14.6104 4.50068 25.1039 338.67 0.959344 52.8255
119.657 19.8827 25.4472 36.913 346.571 0.942047 55.6468
132.257 28.9469 36.476 55.6873 337.374 0.945988 60.9728
117.929 25.3963 22.5774 65.3218 357.485 0.93227 58.3389
126.547 17.4935 0.265764 12.5986 336.616 0.959984 54.5475
127.091 7.85728 8.78226 31.7749 352.235 0.930936 55.5562
129.844 25.2145 6.76597 12.6946 338.195 0.953553 54.6739
107.368 67.5568 1.89577 22.0576 313.989 0.981044 58.3337
110.643 51.5209 1.01076 15.7117 368.901 0.93081 56.2032
101.073 9.34055 1.96128 23.5687 350.333 0.944858 53.6004
112.472 6.92713 39.7836 9.97488 345.465 0.933804 56.3431
102.535 1.43254 10.4594 26.2263 348.921 0.949608 53.4311
117.685 9.01343 13.1187 14.976 358.558 0.934493 52.6858
100.273 2.24953 21.6003 1.3598 359.354 0.939388 53.8191
118.798 19.7035 27.5378 21.4802 359.664 0.933426 54.814
121.792 23.1792 14.6908 14.7555 372.721 0.924465 54.7216
126.022 17.4909 45.7154 11.1612 356.898 0.932435 56.4485
124.143 43.3257 6.49202 3.73384 322.746 0.969233 54.9944
94.3207 16.7058 32.8901 9.05275 409.26 0.916506 62.9493
99.1097 14.2265 9.55315 2.20772 321.847 0.980008 53.5822
106.236 28.5623 4.05686 5.52173 331.043 0.98321 56.3944
109.697 26.0776 4.05686 15.3449 340.825 0.956208 52.7422
132.292 56.7426 4.88327 1.53012 333.603 0.949687 58.273
99.3055 14.0126 15.2858 6.72091 348.705 0.942492 54.0571
125.848 23.9111 20.2857 30.7554 335.086 0.951023 55.9155
135.457 37.0445 12.9524 2.76924 357.973 0.924386 58.3799
115.627 59.097 35.9782 13.376 357.941 0.92201 59.165
115.036 74.3128 26.4011 12.9206 366.791 0.933919 59.4522
114.33 2.98776 1.49496 40.9759 367.881 0.927747 54.7891
124.132 10.4696 8.03845 20.49 370.368 0.927166 54.2082
99.125 14.2682 17.9059 10.4961 362.924 0.948105 54.8916
92.589 15.2565 23.8782 22.0695 383.389 0.923346 57.6516
113.65 18.6413 21.6374 13.8955 375.887 0.926215 54.4811
112.824 7.55007 20.516 23.5666 376.361 0.926709 54.5335
108.013 7.55007 25.2499 27.8343 373.78 0.927431 54.9376
114.451 14.9897 23.4631 3.14925 334.736 0.952867 53.239
113.77 24.0245 34.071 20.4738 338.274 0.958087 54.7768
108.89 20.2306 17.7838 27.735 333.415 0.969543 54.3862
107.046 5.6092 13.4018 10.8604 355.714 0.933993 53.1094
110.472 16.635 52.5147 5.61941 368.615 0.929567 55.9262
108.954 5.79273 36.4283 4.80906 394.519 0.922108 58.2129
107.864 2.58069 21.7297 30.3217 355.858 0.922146 58.0644
129.058 4.9839 5.1767 18.163 384.408 0.910969 55.6092
119.552 3.87782 12.1615 34.87 342.172 0.94748 53.8323
106.064 4.46813 9.94934 24.5236 344.735 0.958542 52.8171
110.032 0.533739 14.7643 57.4144 351.321 0.930629 58.1188
109.472 21.565 3.99418 1.73484 368.335 0.930921 53.0793
141.605 21.437 8.79492 20.3345 348.878 0.939487 58.9663
109.688 57.9919 22.7112 37.5805 358.521 0.929258 58.6973
127.619 12.2479 26.1163 4.00592 388.144 0.905616 56.4057
120.991 1.13523 4.29113 4.72525 335.908 0.967891 52.9571
112.392 3.67362 5.10132 5.10731 325.31 0.970409 51.357
109.208 1.9481 0.879225 9.78845 386.266 0.916937 53.8391
102.005 0.676385 16.0064 4.37246 325.306 0.969978 53.2893
125.298 5.40433 4.22254 21.8831 332.483 0.958638 53.1987
104.113 10.0499 9.46183 3.76719 352.813 0.950855 52.0788
101.429 6.05174 17.6545 8.61679 353.895 0.947912 52.717
109.352 1.52567 13.2524 9.41638 344.152 0.947543 52.3063
112.694 13.717 4.63994 18.4424 347.808 0.957776 53.0328
125.08 4.59347 14.5904 6.61672 330.733 0.967268 52.9844
108.053 5.85217 19.8663 17.7512 333.99 0.961216 52.5522
108.182 9.71243 41.7168 4.1187 382.812 0.916639 55.4799
110.093 9.60525 4.50137 4.89682 361.899 0.939692 51.8318
110.093 9.60525 4.50137 4.89682 361.899 0.939692 51.8318
120.444 2.94584 8.25954 7.06452 336.182 0.946918 53.2513
117.473 8.00758 6.54378 16.1322 346.415 0.957148 52.6422
121.99 12.0477 6.54378 8.38611 319.25 0.970851 52.6445
114.73 14.3599 17.8371 15.5436 340.712 0.950593 52.7139
102.252 1.67219 10.8046 12.8121 359.016 0.932676 53.8753
104.718 4.75416 17.7548 31.5279 348.412 0.945633 53.9294
119.112 6.13487 9.70827 11.8456 353.779 0.937432 52.3411
115.492 11.3076 3.58244 3.61491 341.422 0.933163 56.7805
97.2351 4.20406 17.6302 9.23756 321.901 0.975293 53.9194
112.03 5.58045 3.23129 15.1876 369.599 0.930408 52.5142
101.993 6.9392 32.2037 25.0445 317.012 0.975713 55.7437
121.953 18.9531 8.99764 24.9473 315.792 0.970938 54.6413
113.025 7.53561 4.9851 26.5187 338.261 0.968309 53.6233
106.438 2.30144 16.8671 26.2015 313.817 0.977801 54.6273
111.166 36.8874 22.7135 25.2195 322.673 0.964099 56.1524
119.023 19.9179 4.05371 40.7521 329.432 0.959783 54.7514
120.353 25.2427 3.02179 12.6135 330.643 0.960867 53.108
115.031 24.6862 63.19 28.5442 336.679 0.951213 58.0021
120.071 18.2973 35.3907 40.8964 341.985 0.949915 56.4896
119.798 35.1251 34.2179 23.3882 318.279 0.956829 59.3363
94.2576 10.9485 19.3819 11.9501 335.946 0.9592 54.6984
112.73 3.5275 3.36537 18.4246 326.132 0.958904 53.353
105.254 4.18576 29.5919 12.4464 336.222 0.954276 53.694
107.956 6.69081 3.67742 13.3255 337.363 0.954057 52.0466
103.565 11.8735 8.12677 10.1444 343.443 0.956584 51.9743
124.819 19.8486 11.2118 4.25951 321.831 0.96053 54.4697
108.097 11.9939 5.81454 17.1078 324.86 0.969543 52.3246
102.325 20.8903 13.5471 2.77705 349.239 0.954372 53.1512
107.211 8.96996 50.2401 7.21492 348.072 0.951069 54.6772
106.946 0.65599 4.8295 18.1344 363.721 0.928322 53.9528
116.794 7.41138 4.79995 4.75823 313.372 0.977453 52.4845
120.032 0.786141 1.18107 2.73474 312.41 0.976134 53.8638
109.738 24.6418 5.33692 8.56083 335.83 0.961953 52.2666
98.9565 59.863 2.75386 14.3944 365.636 0.947622 59.2917
114.527 1.55405 12.1197 30.2315 357.212 0.945733 54.0259
115.048 23.5616 3.70069 10.3277 350.276 0.943158 52.6004
102.69 7.40591 25.5847 16.0354 347.991 0.958945 54.093
104.145 4.29219 20.479 9.58574 329.405 0.971577 52.6242
104.746 11.994 0.387411 4.81231 332.411 0.962384 52.7505
101.725 13.0464 5.23246 9.75995 328.218 0.97038 52.394
127.482 17.6925 6.12813 18.6458 314.816 0.973145 54.7601
115.711 20.6633 39.9215 0.738123 359.543 0.932355 55.4361
138.422 24.6362 44.6448 8.62902 362.13 0.925876 60.4096
118.845 28.6001 49.7525 8.90796 410.762 0.882382 59.967
115.294 27.1835 7.32366 2.07773 358.253 0.930957 53.7356
125.116 17.3822 8.7852 11.2867 336.678 0.953037 53.1798
122.287 4.41068 19.3843 10.5839 332.138 0.971661 53.9783
123.705 12.8088 18.5759 10.0173 306.737 0.982337 54.9517
125.389 8.30909 12.6485 37.8425 335.185 0.937471 58.2804
125.356 17.9097 15.0579 1.1155 402.524 0.904514 57.385
125.357 14.1683 4.59897 15.6831 380.249 0.907599 55.5827
125.362 3.6704 12.7177 21.8116 388.933 0.91521 56.223
123.945 6.04661 22.9652 23.3693 382.676 0.898747 57.9536
118.132 18.1413 30.3115 19.9355 328.334 0.973325 55.1639
106.299 21.3975 7.07125 6.54594 326.839 0.97593 52.7811
104.177 27.2245 35.9899 11.8039 322.347 0.968831 55.7452
113.697 26.5486 15.6213 15.6159 317.759 0.974559 53.9831
104.639 2.69979 3.63285 13.6089 334.706 0.96342 51.8942
120.791 18.5992 6.07819 19.4629 328.659 0.963015 53.07
130.76 9.20885 9.3333 11.3517 318.492 0.966468 54.6045
118.327 10.3547 24.5514 13.1896 315.819 0.969625 54.2791
107.701 1.27224 3.75063 13.1611 339.527 0.959284 51.8324
115.739 17.3888 1.15402 27.9159 362.252 0.927228 54.6071
119.035 10.6623 6.84889 20.0211 323.965 0.955479 54.8042
129.012 9.80095 3.44948 2.53793 310.012 0.979817 54.5496
109.342 3.52168 18.6232 22.6427 347.329 0.950857 52.8371
97.8253 34.1746 17.2265 2.02575 374.97 0.913515 58.2133
113.194 13.2002 4.31908 6.21792 322.584 0.966264 52.3121
101.648 12.9917 3.78011 6.13402 327.493 0.972644 52.361
102.806 8.08325 30.7866 1.96096 327.143 0.980498 54.8812
113.281 40.6153 6.82287 12.4845 329.488 0.964905 53.8286
105.537 66.9984 31.9029 39.7223 336.266 0.957206 59.8917
107.75 3.63482 1.58484 35.9709 335.099 0.970795 54.33
110.269 22.6179 42.3097 24.3444 343.089 0.958737 56.1511
116.668 21.808 12.918 52.0453 366.993 0.928706 56.6383
107.607 18.0462 38.7651 4.53375 365.268 0.922423 55.8478
110.723 5.8426 33.1377 18.6442 348.051 0.950396 53.6518
107.909 30.2005 15.8615 18.8247 351.821 0.95163 54.4675
102.075 19.4185 7.17818 12.8523 350.978 0.943504 53.2286
121.298 4.79437 8.34929 9.49307 352.06 0.935006 52.9042
130.392 10.8353 4.05329 2.48566 351.945 0.939831 53.9975
113.877 15.4653 2.68938 4.52112 350.822 0.941025 52.2015
133.178 13.2969 26.5055 1.68623 375.088 0.920519 57.3446
98.4379 18.9616 8.85822 19.7751 344.602 0.954441 53.801
113.877 7.05578 16.9279 5.97843 346.993 0.95701 52.3635
123.274 9.0106 9.10816 27.6719 319.863 0.977992 54.3382
106.435 3.23166 20.7075 42.8714 313.844 0.979608 56.0242
119.934 7.61389 34.9183 37.5084 333.853 0.956497 55.5561
116.701 4.98938 5.14405 38.7122 328.459 0.958751 54.0509
118.558 37.7036 8.19315 10.7526 327.736 0.965753 53.8443
103.698 2.839 21.154 7.20083 339.272 0.972936 54.5536
127.083 2.86427 31.1416 1.42283 356.501 0.939175 55.0914
102.842 22.281 26.0287 11.2289 355.002 0.929587 56.3358
114.58 10.4935 53.0517 0.950784 332.096 0.958455 55.2965
104.259 5.10348 13.8496 4.37438 301.821 0.987471 55.962
120.604 4.3993 38.4198 12.3522 371.949 0.912672 56.3198
104.382 3.80899 79.5694 6.84076 351.185 0.944518 57.4255
110.562 3.15119 29.0051 12.5241 334.074 0.963944 52.8642
114.159 3.74815 29.9832 42.0295 328.182 0.962659 55.3033
95.9363 49.5565 27.6521 10.376 352.959 0.956545 58.6218
94.5285 20.8043 10.979 36.5928 353.674 0.949834 56.3826
102.07 28.9571 21.0204 12.5078 333.889 0.961637 54.3172
121.273 25.0215 19.7322 34.0781 324.136 0.970653 55.6653
120.53 7.30779 8.09528 26.1653 356.093 0.932646 53.6775
110.78 8.26037 8.61429 14.6777 384.587 0.912171 53.7103
119.258 6.95435 15.3823 18.7999 347.393 0.961478 54.9991
114.755 11.027 9.51578 13.079 349.525 0.943063 52.0587
105.212 6.59371 15.6324 27.4237 328.731 0.968048 53.2952
111.584 6.22428 9.8322 13.3689 316.373 0.97357 52.7176
114.135 11.8364 4.80558 22.7023 325.622 0.95825 53.8756
106.797 12.9294 11.5654 10.0167 368.141 0.936323 52.9254
105.074 39.0523 15.6153 36.9845 358.723 0.932942 56.774
106.961 5.58165 1.85938 39.8345 346.721 0.949184 53.8545
111.843 5.94561 1.85938 25.1671 340.902 0.958088 52.4506
109.817 3.25167 6.30233 34.2118 330.792 0.961657 53.2391
128.989 3.30164 5.87028 26.4765 345.26 0.951153 54.6393
100.436 4.58791 5.87028 4.76467 358.863 0.951153 53.0636
112.961 9.02129 5.64718 5.12416 325.956 0.963022 51.9741
112.991 15.1031 8.08122 10.4232 338.197 0.957418 51.7023
120.38 22.046 7.13098 9.68944 339.921 0.945556 53.423
120.056 35.4868 12.5679 28.159 355.819 0.936212 55.4747
