45.6821 4.11369 27.6871 15.1805 392.753 0.958666 58.3685
52.3884 0.526129 12.7325 18.7573 396.45 0.952365 58.4324
50.4148 0.526129 17.7348 5.4361 404.887 0.948553 58.6627
51.4381 4.29395 16.0782 1.8439 417.955 0.935073 58.423
51.4381 10.6051 0.934717 1.8439 419.6 0.933613 58.5988
51.4381 10.9995 5.36567 1.8439 419.6 0.933613 58.1778
49.375 24.1002 8.17025 10.6732 424.117 0.929295 59.1978
40.4571 14.7301 54.2878 5.47896 418.798 0.938957 63.3005
44.1018 14.9236 35.3152 15.3641 397.931 0.950031 59.4231
40.0225 14.2932 14.1013 4.97378 386.253 0.96568 57.7322
40.2861 0.814541 14.8478 13.0799 387.561 0.967189 58.8909
45.9903 16.5892 12.1374 26.4719 385.013 0.962392 58.0889
42.566 4.15383 22.6242 18.4303 374.064 0.973916 58.1155
39.5858 10.1903 18.7018 36.6635 411.234 0.939984 60.9961
44.9167 8.74603 11.4451 22.6881 422.114 0.930152 59.3043
47.7982 2.05157 8.87449 12.3014 391.829 0.963308 58.4728
47.3643 6.65894 39.1563 12.6887 371.879 0.976478 59.1162
57.6793 10.4502 9.53932 16.8971 353.889 0.981939 61.337
56.4125 0.420006 10.4037 0.478679 353.682 0.986629 60.9961
44.1737 3.71618 18.7241 12.2646 397.646 0.952979 57.5073
48.5933 5.56054 22.1392 8.24749 434.666 0.925603 60.5233
43.0796 5.36705 20.894 4.27395 414.61 0.933066 60.1226
50.156 7.35065 15.5913 44.7429 390.482 0.951964 60.0606
51.101 1.05597 12.6423 21.988 380.803 0.96397 57.8796
47.3698 18.9022 0.54335 18.9553 379.265 0.972712 59.2032
52.6878 65.0128 2.49134 1.18165 421.893 0.93394 64.3426
44.1586 18.7738 0.498321 18.734 364.582 0.984317 59.318
49.2115 18.7738 2.83721 3.50456 389.348 0.959766 57.0067
59.992 28.6879 0.478909 7.91098 386.281 0.957153 60.6912
61.306 19.1034 1.17577 6.38609 397.894 0.950146 60.6694
57.9582 26.0184 8.93735 1.0137 371.453 0.97403 59.9155
52.4561 16.8745 6.75738 0.478866 370.579 0.970053 58.6438
49.4198 16.5199 6.84262 15.4194 398.818 0.945511 58.3205
55.2916 14.7948 20.8217 17.3653 365.838 0.978056 59.2976
48.5417 15.9402 22.827 17.7826 411.033 0.939714 59.1316
47.8125 63.2895 25.7678 8.93381 408.952 0.94643 64.7626
51.3197 53.964 7.92813 13.5139 366.912 0.979265 60.9058
52.916 40.7114 7.7378 3.70162 371.826 0.975845 59.7042
46.6022 6.63074 9.83615 3.96409 367.469 0.98109 56.9183
50.4488 5.43731 13.3676 7.812 377.763 0.970654 56.8152
44.721 31.6529 7.83982 5.3438 400.681 0.948138 58.3841
45.7387 16.3096 0.199584 13.8044 394.541 0.947196 61.0355
48.0114 16.1821 8.91991 5.99709 416.464 0.938972 58.2985
44.2759 40.6195 22.1579 7.25593 403.668 0.943325 60.3817
46.6407 39.2453 4.64492 2.58911 392.59 0.959705 59.1761
45.3573 38.4205 14.2987 8.59849 397.261 0.947922 59.6178
58.2245 36.4755 6.92812 14.768 371.885 0.973805 60.9548
45.2147 42.9017 14.5325 2.62565 416.919 0.935267 60.4702
46.2308 34.3115 5.5534 11.6856 427.223 0.927994 60.2079
42.1711 28.3925 4.29736 11.2263 410.787 0.943107 59.0593
52.7917 16.5911 3.50791 8.27617 406.303 0.940345 58.163
56.1566 15.0834 0.126572 7.52792 406.303 0.940345 59.9209
41.4181 8.73926 13.7418 14.8022 408.671 0.946383 58.4991
39.1291 4.13131 12.6061 9.87706 369.47 0.978271 57.8827
63.3094 14.7103 2.03051 10.2263 400.458 0.946964 61.2334
44.2164 15.3311 18.6265 10.5383 395.937 0.953358 57.7393
48.0777 17.946 11.5162 14.9364 383.713 0.967208 57.953
51.8018 12.2553 14.2867 4.58083 389.088 0.955161 57.3595
51.0614 40.7806 10.8229 10.5226 377.223 0.964603 59.36
56.9246 36.2457 16.2634 4.57297 365.53 0.983521 62.5658
46.9748 46.1265 0.982696 32.988 416.182 0.936862 62.6617
52.4436 46.1265 0.982696 41.3506 424.223 0.926915 64.0479
52.4436 31.5795 0.982696 21.7055 424.223 0.921616 62.524
53.4021 29.7411 10.2716 31.3781 431.176 0.923301 62.5203
45.1071 14.6725 10.9302 30.7222 379.993 0.969147 58.4391
48.3251 10.6236 1.30284 14.7375 353.332 0.985965 60.1319
46.5201 27.369 5.91365 24.9535 363.506 0.98125 59.2714
46.5201 27.369 1.47249 5.47878 363.506 0.98125 58.442
50.6466 39.351 1.81658 7.09643 369.12 0.976326 59.0427
49.9821 73.11 11.458 10.8491 398.656 0.952654 63.1819
43.3965 53.1533 21.4006 36.1627 414.418 0.936411 63.8647
41.4994 16.1809 21.6918 21.5274 403.403 0.941321 61.0665
46.7705 27.9918 15.6602 16.1929 397.244 0.953195 58.8345
56.2694 8.40878 15.4277 11.2059 369.896 0.969044 58.876
48.8273 11.9374 21.7956 11.5493 366.839 0.970939 59.9459
50.6308 11.4142 6.98589 11.5473 375.189 0.969395 56.7572
51.8831 5.84185 19.6303 11.6175 397.413 0.948573 57.7857
49.2766 19.8661 5.41228 11.4763 411.207 0.943843 58.7741
39.4698 10.3197 27.4894 9.45949 396.216 0.956228 58.9304
51.1358 14.3853 23.1624 10.0813 382.183 0.960097 58.2313
52.3842 18.9406 1.38742 2.68005 381.213 0.966047 57.5482
43.3288 8.62898 1.38742 37.6915 383.222 0.969475 59.6266
46.3296 12.9695 43.1472 15.586 376.593 0.964429 60.3761
43.1337 6.93686 24.8134 1.54276 376.707 0.965868 59.0308
46.8309 2.05734 17.2084 32.6083 380.308 0.96202 59.2867
48.8164 10.8191 24.5238 18.4738 392.983 0.954634 58.1813
50.5215 4.98031 16.8534 24.5693 436.711 0.92338 61.694
48.5515 3.52167 12.9841 4.52514 421.772 0.931649 58.1276
50.0963 2.01705 6.52251 1.77343 413.588 0.933301 59.1703
45.803 10.0742 5.32643 1.77343 379.408 0.974282 57.8889
42.459 7.87867 4.84239 6.34849 364.786 0.983592 57.2917
41.1032 19.6557 1.72526 3.81413 364.786 0.983592 58.4135
43.6483 19.0156 3.94462 3.81413 429.496 0.928777 59.2931
39.8749 13.659 3.48912 26.178 433.706 0.923164 61.2679
42.6185 16.4614 2.88727 27.0321 432.571 0.927121 61.1549
42.8271 24.0143 4.89281 21.5104 400.489 0.952119 58.8846
45.824 26.8333 14.6891 11.7236 392.015 0.959793 58.6007
44.2388 38.9363 5.85231 7.35063 387.205 0.960542 58.511
52.3768 42.5126 4.29016 12.5785 386.069 0.960601 59.3407
41.0506 2.86671 4.29016 6.81497 385.214 0.963213 56.9364
46.9626 30.3671 8.9965 24.0192 383.991 0.958995 59.2955
46.2201 8.51911 2.57442 27.785 396.804 0.951921 57.9291
57.115 1.97996 8.83044 20.4508 390.952 0.953818 58.6736
45.8073 29.7268 11.9822 19.2471 415.362 0.934691 59.8513
54.6061 20.2054 46.0509 31.0164 388.161 0.95134 62.5834
42.3041 16.1891 14.1827 38.563 407.966 0.942406 60.3925
42.9543 4.32479 8.41604 29.6243 398.655 0.948862 58.7354
54.5272 37.5149 30.2289 9.11587 372.451 0.968668 60.797
55.1497 8.34083 40.3026 14.2685 365.559 0.972846 60.8158
44.4193 10.2215 29.699 0.275136 377.183 0.96787 59.0942
51.0407 9.13273 13.5438 9.28516 376.957 0.96204 58.6559
38.5885 3.31303 2.88871 29.5722 359.045 0.986001 60.6485
34.7569 9.33811 8.08162 2.96082 399.43 0.956426 59.1857
48.057 1.80618 14.687 5.43804 398.615 0.949909 57.1307
56.6931 3.12499 10.8844 9.73563 392.212 0.951093 58.2096
47.999 3.60205 10.8762 11.2117 374.528 0.975287 57.0389
46.8788 0.604107 8.37394 7.07911 367.485 0.983186 58.1715
46.9171 4.79644 4.80607 6.46147 388.26 0.957455 56.5892
49.8437 7.81631 3.5847 2.55588 391.756 0.95514 56.5981
49.6489 16.1449 2.82905 4.77928 383.707 0.966414 57.0747
47.0829 17.8076 7.02646 4.55555 385.09 0.963528 56.7054
43.4141 17.3398 12.3502 7.84492 389.504 0.962388 57.4989
49.4886 12.7089 3.94644 20.7635 397.341 0.956342 58.6881
39.9933 1.45148 1.88836 15.0573 397.002 0.953917 58.1708
45.7131 5.19307 17.7506 8.85434 385.807 0.954943 59.2857
48.5817 10.6646 21.9063 8.32025 388.985 0.956043 57.5455
53.7953 14.5721 16.2654 7.5606 374.206 0.965071 58.7016
46.2377 14.5195 13.3058 0.630779 379.778 0.965863 57.5412
59.5907 31.9946 2.02675 7.06443 378.699 0.961253 60.518
59.5907 31.9946 2.02675 11.2258 378.699 0.961253 60.6502
51.7331 25.5234 6.70277 8.44793 356.064 0.983691 59.668
37.3625 18.3044 14.2008 25.4745 423.727 0.929453 61.9875
45.1226 11.4019 32.5921 9.87503 396.21 0.954143 58.554
54.3077 6.02723 11.1234 4.97657 386.102 0.95337 58.8585
36.4856 5.02165 32.8155 2.82558 375.566 0.97561 59.8215
49.0557 4.84655 24.4616 4.92237 368.78 0.97561 57.5215
54.0959 24.9207 32.7966 8.42368 371.32 0.97561 60.4103
50.7363 27.1438 8.28573 4.44484 388.899 0.96008 57.8263
49.4699 26.412 14.3612 13.6702 379.578 0.96008 59.557
36.657 3.31413 21.5611 16.921 368.055 0.982205 59.8366
52.7806 0.554399 5.14674 25.6514 373.753 0.972155 58.4853
36.8559 1.54776 19.4815 4.70599 434.896 0.92636 61.606
50.2251 14.9387 9.08847 0.818843 393.483 0.950298 58.2669
45.9389 5.30197 3.5322 16.2821 384.987 0.961703 56.7637
45.9755 5.36175 9.05624 7.45404 381.421 0.966507 56.2059
54.2859 5.83655 5.87958 8.36908 379.315 0.965534 56.8516
44.3061 8.80569 4.34043 21.4645 367.611 0.976906 57.7686
50.4143 7.29136 4.34043 1.9137 367.611 0.981224 57.423
44.7129 2.19734 7.27484 14.0923 380.711 0.965921 56.8123
50.4036 0.476374 4.75929 9.26155 373.354 0.972401 57.1422
48.354 21.1601 6.88481 49.1577 375.823 0.965877 60.5182
48.0767 43.6398 12.6275 51.8492 371.752 0.968601 62.9638
46.838 33.6252 26.4463 35.3196 375.192 0.969332 61.0973
49.6218 43.9263 20.3225 23.0087 375.342 0.972545 61.0822
49.9622 18.2684 16.8808 3.70078 374.356 0.965776 58.6284
48.6857 13.513 8.02128 5.54449 371.043 0.97507 56.6628
54.5497 2.05726 10.3882 27.2155 363.805 0.975946 59.4457
38.023 2.05726 9.96142 2.83043 378.082 0.970562 57.8848
51.4056 44.8112 8.12493 2.83043 410.413 0.935956 60.3905
49.6567 35.3256 10.5266 1.62774 374.641 0.964017 60.4292
46.8422 43.4352 38.8752 13.8864 377.886 0.962906 61.9629
50.0836 10.3699 23.3967 13.7231 384.84 0.956572 58.6545
49.5641 21.1416 16.3517 2.94796 385.151 0.957646 58.2115
53.7111 11.4996 32.6991 10.2826 373.714 0.968718 58.8939
60.6866 7.64044 6.16331 11.7742 371.299 0.976221 60.4181
58.4714 16.1485 22.9044 9.89419 374.154 0.971609 60.0134
34.6174 0.999404 5.68858 23.2425 374.269 0.97696 60.0823
36.3652 18.4646 1.4242 24.2653 372.69 0.974548 60.2812
41.622 18.0387 63.7691 10.3741 371.149 0.975046 61.9393
58.8697 13.5247 1.73117 10.1739 360.362 0.98474 60.2574
46.3444 8.93737 3.0481 5.85941 359.344 0.98523 57.5711
40.5096 6.73555 3.0481 7.58669 385.621 0.966867 57.064
42.8071 4.05788 10.285 6.62589 385.696 0.966867 56.9371
50.2524 2.88612 35.5692 7.45707 378.876 0.966867 58.2518
51.0366 7.57764 7.67152 18.9464 375.148 0.972266 57.2569
47.996 17.6945 6.72097 7.65716 391.576 0.960655 57.4656
46.704 6.09184 5.96187 13.4195 386.882 0.963809 56.6493
50.7239 7.80905 15.2759 18.4194 407.14 0.942673 58.138
50.4111 16.7018 10.1139 7.25411 406.357 0.938933 58.5346
41.5881 18.6692 13.1141 8.80577 399.572 0.95442 58.3203
46.3915 7.36733 21.2574 17.9646 407.165 0.940381 58.7809
44.5288 4.30262 34.983 1.99828 398.622 0.948439 59.0701
43.9638 19.6469 43.0626 2.70531 400.591 0.955517 61.9327
54.7396 49.0933 31.325 20.4162 394.026 0.951708 62.7576
52.2791 24.1874 11.9666 35.835 380.119 0.955794 62.4061
49.7928 13.8696 4.19381 21.4426 380.043 0.973382 59.6366
51.9871 7.5858 5.43946 4.52566 374.551 0.972344 56.5808
40.2908 11.7007 14.3697 7.12746 374.896 0.970766 57.9348
43.7601 22.7364 52.1908 7.92108 376.065 0.971829 60.7583
43.5663 15.4801 20.4132 14.6424 376.041 0.969081 58.1517
44.2885 14.2346 14.222 5.35375 379.765 0.966483 57.0624
43.4875 14.1963 9.29304 9.9494 378.847 0.970383 56.9273
47.4129 10.7589 7.32876 8.30131 390.412 0.955302 56.8188
53.146 24.8954 6.81407 3.94534 397.79 0.951156 58.1182
37.7299 24.8954 6.81407 7.84678 397.79 0.951156 59.4515
57.9114 30.8421 21.4183 21.5958 360.025 0.990238 66.0255
44.056 22.7819 4.48993 55.8935 382.974 0.959148 61.7494
49.2797 33.8236 10.9665 6.10825 383.914 0.958786 58.6802
43.9066 30.2769 2.64614 18.9849 382.699 0.965371 58.5186
45.8513 33.3254 13.0313 7.22429 382.699 0.965635 58.2165
50.938 14.9222 4.63893 11.2568 394.173 0.951385 57.3164
49.2887 2.00252 9.93585 13.5264 387.037 0.962277 56.905
49.4846 10.9743 13.2464 3.95854 393.814 0.957764 57.2668
45.6751 10.3289 15.1382 20.0916 397.743 0.952303 57.7998
47.5049 6.35388 12.7758 12.8557 395.635 0.953497 56.9055
46.365 5.39139 8.78259 12.8557 398.458 0.953497 56.9593
46.296 1.43655 4.20658 10.1963 377.18 0.965478 57.6112
46.5994 29.0636 4.83431 10.7537 387.307 0.963794 58.1383
56.1651 39.8297 8.32318 2.03391 375.521 0.96586 59.9688
38.8262 27.5585 11.5962 17.8247 394.311 0.959149 59.7757
46.2461 34.8363 8.24321 16.0564 395.375 0.946409 60.5764
45.0917 55.1341 13.0442 12.8675 407.309 0.939539 61.3232
47.5444 63.6748 9.02687 14.2151 415.33 0.933936 62.0362
50.8751 37.585 17.092 15.3882 407.989 0.937926 60.3455
45.7073 6.89226 15.6729 15.7159 389.544 0.960996 57.2835
44.9433 7.72387 4.58841 16.1377 390.777 0.963428 57.8023
40.9399 18.3283 3.68372 11.2512 390.777 0.960857 57.6796
44.0914 1.49353 20.4978 50.7258 390.739 0.956597 60.6798
48.7019 9.01926 2.31705 39.9275 390.739 0.956182 58.7629
45.9401 3.80338 6.60879 7.5805 395.655 0.951842 56.7768
48.7651 23.8939 6.1467 29.9877 388.065 0.958032 58.7097
47.6098 11.0014 5.62583 38.5463 369.775 0.97337 58.9155
45.344 43.5799 22.8823 27.1426 410.572 0.943227 62.8431
52.2013 35.6385 49.1039 28.0889 363.249 0.97631 63.7354
60.5624 25.9269 13.9732 1.969 426.48 0.924674 62.2637
60.5624 21.2481 15.9495 5.92309 400.58 0.946602 60.5911
42.0518 34.8973 30.0017 6.42685 426.572 0.930716 62.366
46.4952 34.0615 22.2778 1.30511 368.279 0.975317 59.6568
50.6326 18.8349 32.7586 11.3777 392.401 0.945012 62.1948
38.3289 30.9883 20.2232 20.8946 382.976 0.965658 60.4412
49.3749 11.3914 13.9256 7.97505 382.999 0.968787 57.7842
48.0967 13.2248 5.63245 15.329 379.345 0.965297 56.999
49.2267 12.9034 8.24047 11.4188 400.326 0.951059 57.2943
48.3566 18.6072 4.67345 10.5309 408.166 0.942821 57.7068
55.4845 34.0904 13.8968 6.91658 412.917 0.932372 60.6655
46.6764 19.2599 46.9625 6.25767 412.437 0.941244 61.3729
50.8304 23.5665 26.7451 7.33535 407.277 0.940086 59.3776
47.3963 23.9263 24.4743 14.8656 388.177 0.961314 58.892
51.5181 21.5171 13.3973 5.15585 380.432 0.964602 57.4957
50.6917 11.4138 6.15466 6.71907 381.37 0.962006 56.8699
49.1834 5.8461 13.5915 5.3403 389.376 0.958175 56.5335
48.1705 3.22174 2.10271 10.7054 395.073 0.958919 57.5821
43.1731 44.5037 25.1056 28.718 375.442 0.972096 61.6951
47.1913 57.33 29.4448 16.8215 369.66 0.981859 64.1885
47.7751 57.33 39.6557 10.5975 380.982 0.96222 62.3828
50.0845 30.115 5.5247 47.6828 375.558 0.967536 60.7679
51.3904 18.3855 1.51889 61.656 375.558 0.967536 61.4622
52.153 14.8665 4.31067 41.9214 380.829 0.964703 59.3224
52.153 14.8504 4.31067 38.3201 380.829 0.964703 59.0123
56.6953 12.0522 7.66705 1.81251 396.505 0.944969 59.3907
41.1262 11.056 8.12452 25.0473 411.578 0.946635 60.1799
43.8017 14.1286 7.64319 6.68742 415.783 0.939818 58.0769
53.3101 13.124 11.1251 15.2005 395.076 0.950578 57.8192
44.7678 8.21149 13.2187 17.5706 396.546 0.950342 57.8044
57.0764 21.2054 6.85516 17.9138 399.151 0.947701 59.3538
56.4185 26.8407 20.3307 7.34387 398.979 0.951862 60.8133
53.9536 21.5244 19.376 59.4963 386.976 0.960908 63.1843
38.2659 5.08526 7.2456 51.9836 407.321 0.944087 61.6161
54.7872 25.2044 10.1254 23.349 395.695 0.954228 60.1672
53.68 21.4107 1.05427 2.53788 400.027 0.947708 58.4369
54.0342 20.5986 3.10714 0.37613 367.793 0.966758 62.4551
43.0255 15.0085 28.5086 18.996 368.096 0.972376 60.7006
43.7023 19.3589 19.4996 18.2905 372.241 0.972466 58.6611
38.7887 44.4714 7.25223 6.93819 372.151 0.978679 60.3851
48.0975 8.91548 44.6092 13.66 376.026 0.967652 59.3578
52.2093 26.6642 1.78925 18.0282 402.152 0.945025 59.0195
45.4815 20.5877 16.8302 18.2438 368.208 0.982103 59.3149
48.188 1.64233 30.4396 11.7884 361.187 0.977332 60.5396
53.4899 19.3603 3.8137 5.84789 407.043 0.943541 58.1628
51.4179 17.0288 10.7142 17.0284 358.648 0.981806 59.1351
45.6602 6.93615 13.2652 24.5656 402.129 0.947763 58.0807
48.359 4.28762 14.3845 22.4966 389.157 0.953087 58.6952
48.9737 12.9449 29.5064 4.98138 394.083 0.953673 58.0738
53.5974 43.178 21.03 17.7166 371.55 0.969894 60.887
54.5046 26.4227 11.4831 5.59614 383.46 0.966444 59.3167
54.712 4.64577 19.0361 21.4629 371.835 0.971726 58.543
42.5809 28.1216 0.813423 7.991 404.596 0.949585 59.148
35.4539 13.32 26.3663 2.5234 386.993 0.965346 59.8813
44.4028 15.9618 51.9313 8.34234 410.995 0.941267 61.29
49.4543 23.8816 1.65961 12.3901 386.976 0.962503 57.9036
39.7654 1.92084 3.3076 5.26255 381.248 0.964631 58.0345
41.4073 15.5887 12.5481 10.9863 383.978 0.958808 59.294
43.4649 3.98794 4.55257 19.6065 374.58 0.972716 57.132
43.6095 8.89401 2.92283 22.1448 389.215 0.96223 57.583
39.1127 4.31297 4.6142 7.25394 387.328 0.96223 57.2799
48.4408 4.31297 11.8475 9.23561 389.939 0.955046 56.9954
49.7444 13.3252 27.4272 9.96121 373.88 0.969243 58.1523
53.3013 14.6209 1.57629 3.21743 371.726 0.97583 57.7967
37.37 10.2325 1.11844 14.0072 371.896 0.979089 58.7734
50.8997 17.5712 20.7153 17.1973 371.398 0.968161 59.3188
40.8153 13.2183 16.4379 12.6828 355.104 0.983952 62.1262
58.0887 10.3485 2.22146 22.0691 372.068 0.975606 60.1341
45.1762 1.72307 3.72683 22.0691 372.04 0.972926 57.6286
46.5446 10.1188 23.7792 6.41006 376.844 0.971008 57.3226
47.3039 6.44843 11.8969 4.4187 393.715 0.958382 56.8489
65.0278 1.64753 42.1424 8.05425 386.228 0.955692 63.5739
40.495 3.38673 15.1092 8.69463 398.974 0.951101 57.8994
52.2912 20.603 14.4876 14.8808 389.323 0.958648 58.2402
51.0204 7.25156 1.06209 7.39405 402.238 0.940867 59.2884
54.5932 7.90975 15.1601 17.4889 394.881 0.949609 58.2923
51.9877 11.3607 11.4717 6.56024 364.63 0.979369 57.3809
51.9877 11.3607 11.4717 6.56024 364.63 0.979369 57.3809
53.3262 13.5466 8.39754 7.47778 362.854 0.983878 58.2824
43.4058 7.01169 4.98408 23.2625 380.956 0.966232 57.3659
46.3335 3.2173 33.3632 22.5503 378.722 0.9707 59.2116
47.7653 1.4734 9.17579 12.599 378.673 0.96931 56.7358
44.8151 5.67935 27.5425 17.1725 387.788 0.960657 58.0911
51.2041 32.9958 37.4703 12.315 385.944 0.958751 60.4181
53.2027 35.3594 11.7926 0.218601 392.499 0.948573 61.1324
41.4977 34.6502 21.7029 34.8458 403.156 0.946637 61.8175
44.1528 10.7615 4.10824 10.3349 398.482 0.944963 59.4202
47.3213 29.5504 1.26105 20.9052 402.048 0.942856 60.0265
46.4261 35.8837 2.18017 8.35772 387.216 0.958944 58.4165
57.426 5.43069 9.97495 19.6843 387.421 0.958466 58.5515
46.9888 29.9652 20.9569 28.9734 382.017 0.955944 62.2544
55.3437 17.1119 9.8256 35.6518 381.741 0.965476 60.1456
43.6833 4.97615 28.4686 71.3583 385.955 0.967917 64.9378
44.5469 9.82874 12.6203 79.9824 382.109 0.964746 62.4465
48.6634 0.401148 12.9567 48.0573 388.785 0.958898 60.3412
43.0955 12.7253 10.9061 37.7839 387.522 0.958436 59.2282
53.2533 50.1885 4.98317 11.134 390.845 0.952277 60.2669
56.1571 5.93209 11.6159 15.3479 387.784 0.960066 58.2217
55.6505 0.505735 12.2288 4.75682 378.704 0.970424 58.881
51.3743 2.74434 12.4363 0.627223 377.157 0.966687 57.4794
41.7954 21.6004 18.6878 0.619549 383.118 0.972038 60.2846
44.564 1.74114 15.9414 21.778 392.712 0.960508 58.5718
38.517 27.6673 22.2575 9.17211 388.908 0.960257 59.6588
43.8501 9.21618 14.3069 27.4411 396.736 0.950034 58.709
47.7663 11.3109 0.793668 15.6314 385.352 0.957643 58.2604
54.0431 1.88793 4.34014 14.5598 401.874 0.945101 57.9417
48.1402 36.8144 9.14814 7.52642 408.445 0.942458 59.1034
52.7943 28.5863 7.91013 14.214 388.159 0.956748 58.4011
50.9292 3.03405 6.38861 26.9984 385.396 0.958231 57.9697
57.6342 33.2955 9.89569 5.48657 385.325 0.956161 59.8146
48.6175 14.6824 40.7519 8.63761 392.59 0.956691 59.3308
42.3618 11.2435 22.2485 1.69441 386.647 0.963053 57.7929
52.2487 2.75732 21.1962 1.50877 385.536 0.95754 58.1156
50.8274 10.2372 31.1386 0.914184 355.026 0.982796 61.42
40.7557 25.508 14.9052 20.0903 370.927 0.983624 61.4594
42.7652 21.6253 6.58352 20.0903 370.927 0.983624 60.6886
46.5391 13.951 23.8486 0.0764013 389.9 0.962966 60.0064
48.2009 10.8761 10.6277 14.1288 390.944 0.957792 56.9076
59.1041 0.758226 30.1334 44.6515 383.277 0.959013 62.9009
43.5977 6.77457 8.40089 4.26687 406.811 0.950352 58.0033
44.2217 5.92061 13.1839 3.15364 388.108 0.957749 57.2079
44.2217 19.3459 22.3769 33.0572 392.538 0.957749 59.9657
42.6554 7.57013 25.1579 67.0148 389.947 0.953622 62.8793
48.2745 8.57109 81.7575 3.85749 368.069 0.96859 64.4918
52.4853 7.04203 42.5126 34.1088 375.906 0.977608 64.9689
48.1476 9.79457 7.86007 25.299 378.858 0.963184 58.1931
47.3841 9.79457 11.2711 25.299 383.205 0.963184 57.5401
39.1524 23.2985 14.2792 22.2109 376.531 0.970302 59.52
40.9542 13.5973 7.55981 9.76954 377.973 0.967333 57.7683
42.1783 15.6522 28.3178 8.21452 378.936 0.96893 58.3585
53.1075 12.8968 4.22514 40.075 398.548 0.953112 60.6126
44.163 44.2497 4.87617 34.7058 397.016 0.950579 61.0921
44.0516 53.9459 3.08754 32.634 398.527 0.948822 61.8782
47.2739 1.06345 4.31869 22.1302 370.114 0.974959 57.6647
38.8698 23.1762 6.18322 12.2007 373.506 0.973624 58.6499
47.689 17.7116 33.8724 3.21744 379.532 0.967436 58.5337
50.8056 16.8425 17.3419 5.45328 396.309 0.950401 57.6795
53.7167 17.5061 6.88053 5.3746 405.741 0.947775 58.8636
53.2228 16.7509 5.39928 6.82266 399.175 0.943946 58.5646
42.2934 51.2945 4.21642 0.26826 405.13 0.945121 61.3959
42.8641 11.7678 16.3231 19.7811 404.439 0.94305 59.1082
42.8649 15.4877 15.1085 14.2241 369.949 0.977471 57.8923
45.8199 37.54 14.1676 5.57742 388.547 0.961398 58.8069
50.6463 16.4817 18.0212 10.2505 380.837 0.963653 57.5459
44.4838 24.0899 17.4314 21.7324 374.236 0.967945 59.5598
34.3309 29.9904 12.6628 1.11762 373.687 0.975965 60.9395
40.5136 3.02006 6.72367 19.3333 370.548 0.980207 58.1254
48.8936 26.1862 2.93823 16.925 366.876 0.98171 58.9644
52.1776 10.9413 16.9639 44.5824 376.661 0.962262 60.8533
44.9522 10.5571 26.3619 40.266 381.602 0.95743 62.1199
42.2276 11.341 28.6655 15.7246 400.387 0.950267 58.9978
48.2319 12.8184 49.8401 18.6349 406.778 0.944657 61.4274
42.7897 5.31285 29.5398 19.641 390.942 0.954278 59.3371
50.2764 7.32475 12.3807 14.9793 391.693 0.956593 57.0549
48.5911 14.7548 2.87561 29.9286 372.392 0.971506 58.3037
44.4449 42.7881 5.99807 3.24601 366.975 0.978238 59.3255
51.7063 21.2076 4.19592 3.24601 369.74 0.974034 57.5176
50.6083 18.9162 3.96561 16.7809 371.373 0.976418 57.958
44.793 19.6485 5.20397 1.97858 375.854 0.972107 57.1055
44.5966 15.6072 25.3028 10.1993 376.629 0.972408 58.1055
47.0383 10.4142 35.5797 8.82873 393.208 0.961474 60.3477
50.4359 9.866 20.1989 24.1257 392.844 0.953687 58.3383
62.2546 31.3596 13.8914 10.1186 386.271 0.957075 61.5831
55.3474 8.89956 6.91157 11.0705 393.757 0.953366 57.5259
51.8189 7.99002 6.17713 25.6649 387.191 0.953638 58.9042
41.4488 5.67519 44.6055 36.2979 386.598 0.962841 61.4791
56.5337 4.35178 20.2326 14.4894 370.005 0.972219 58.6903
56.7325 4.25534 34.8623 13.998 359.594 0.98025 60.7383
43.4731 4.21964 48.5906 1.76835 375.12 0.972682 59.6554
45.0351 4.29479 43.6919 5.05023 414.635 0.936592 60.0971
50.2403 4.44355 0.780061 25.2405 369.746 0.972385 58.4743
47.4913 4.1363 26.7364 17.7951 372.114 0.971392 58.2857
51.3897 4.07249 1.62056 10.2847 353.858 0.989304 58.9408
50.4119 26.2323 2.06088 48.5753 380.801 0.971842 63.1002
32.2643 38.4971 36.8055 25.0389 382.504 0.965804 64.9802
51.443 3.05761 23.352 26.1855 378.029 0.966111 58.6059
51.1187 13.5556 10.5427 11.4703 378.063 0.97142 57.6096
51.0107 11.9834 8.02056 24.0224 377.592 0.970015 57.8214
50.9972 15.7706 3.81919 17.0065 373.59 0.979488 60.147
41.2626 1.15477 3.13937 2.71863 373.26 0.981264 58.7939
37.5453 12.0606 5.91365 15.7264 371.75 0.984836 60.9932
47.4126 17.8381 11.5106 12.1593 363.759 0.980518 57.8679
60.3439 14.5002 6.88429 28.8826 373.313 0.975594 62.6613
52.9513 1.7033 42.3494 16.921 357.655 0.987547 61.6388
52.9513 1.7033 42.3494 16.921 357.655 0.987547 61.6388
57.6909 21.2554 26.6579 12.1961 365.116 0.978617 60.6622
55.3298 7.00802 52.9568 14.1488 358.364 0.987874 63.1269
50.7174 30.4666 5.18614 12.4695 367.995 0.978225 58.5321
50.9639 10.4707 2.30083 41.4577 364.672 0.979652 59.5883
47.205 1.96616 7.12624 7.23023 374.787 0.966756 57.6698
50.286 3.15683 2.07116 25.0874 433.111 0.924954 60.3187
54.2631 6.43317 6.25575 16.3527 402.962 0.942227 58.2846
51.9245 11.265 8.81236 30.0652 409.694 0.938049 59.1715
45.608 16.1805 8.95548 21.6406 408.819 0.94697 59.3498
46.4004 34.2792 8.08714 14.573 404.005 0.94697 59.0276
48.5718 26.3815 38.1748 11.2798 409.464 0.939165 60.5845
52.7111 2.14598 57.0811 20.5172 420.786 0.927871 62.8854
55.5431 5.29822 57.0811 25.9022 400.109 0.945568 62.5756
56.376 7.62691 21.6699 34.0443 400.03 0.944534 60.5005
57.048 19.8742 32.9903 11.047 392.119 0.946952 61.3343
53.5578 20.684 6.23348 15.8483 391.425 0.949262 59.323
61.9359 1.17606 21.2264 6.65087 401.211 0.94843 61.6636
53.8119 34.3608 20.6735 6.50894 403.789 0.946928 60.5127
49.7529 3.97878 33.2014 27.516 379.949 0.966204 59.2692
49.8988 14.0961 14.9864 7.08437 379.972 0.965709 56.9528
57.2987 14.5145 5.58576 14.9525 408.088 0.936209 59.6994
49.4721 55.5005 27.8827 13.8169 405.052 0.943932 62.2808
50.1484 84.971 26.3634 5.94862 424.404 0.918747 66.2318
38.5027 60.5297 19.9259 7.96808 432.157 0.918965 65.228
41.3612 49.3933 3.12392 42.5442 395.677 0.952311 62.5618
49.0968 10.8371 3.07308 15.4047 377.894 0.969308 56.8085
47.2741 8.88856 3.73093 12.7364 355.896 0.989826 58.5952
51.1747 8.17628 5.96326 13.3414 420.013 0.931792 58.2248
48.0058 6.29959 37.1237 9.79434 417.026 0.931792 59.9928
45.4653 17.7711 24.2424 12.2961 362.955 0.982255 58.8816
53.4199 37.6029 25.0877 15.448 366.212 0.96835 63.2589
54.1875 23.9976 24.7367 23.2232 365.562 0.977993 60.4102
52.0146 8.92742 17.9034 28.0916 364.031 0.980079 59.0849
53.517 24.6228 21.9444 41.3683 355.284 0.980199 64.1698
60.232 56.9866 7.60582 8.93046 356.688 0.980438 64.0794
42.642 33.2364 9.2192 29.9482 370.387 0.977388 60.0965
48.2829 29.3319 9.85988 31.4986 369.871 0.979012 60.2412
46.3317 9.42197 11.6269 37.335 371.003 0.976629 58.8654
47.576 28.36 51.3611 29.9907 369.315 0.977006 62.7444
50.1722 8.84474 36.6387 9.13821 362.136 0.976113 60.4865
42.1917 7.7684 21.5695 10.0063 375.676 0.978735 59.3491
48.6314 15.3264 7.16344 2.34399 380.802 0.966485 56.6545
58.3923 19.0826 15.9062 18.7754 383.204 0.958585 59.7859
55.3111 19.8248 3.23249 10.2683 416.374 0.934475 59.2049
55.7372 19.4789 11.6645 14.8374 416.374 0.934475 59.8009
53.6896 0.841124 20.0037 3.16152 368.972 0.977819 58.5505
53.4932 2.38754 51.9973 17.8527 381.284 0.961291 60.7448
45.9648 11.2111 20.2612 2.93271 379.156 0.965965 57.3413
43.1297 4.04344 14.4172 0.499004 407.619 0.948626 58.7117
50.0522 3.43199 10.3508 17.5569 390.853 0.956641 57.0657
40.6733 6.72488 20.5941 18.0462 396.526 0.955994 58.5817
46.3118 5.96412 17.5037 13.846 412.512 0.943222 58.7083
43.8227 7.84835 15.7241 6.16267 408.586 0.949961 59.2636
42.1195 11.0732 4.97534 9.66489 397.075 0.950038 57.9018
40.3615 10.0966 10.3252 15.7994 396.451 0.956361 57.9311
38.1862 7.6917 14.6953 7.09055 397.393 0.948624 59.9723
48.2283 17.0547 17.5278 5.9121 392.145 0.954559 57.4325
46.8054 19.5961 7.54148 12.9084 378.447 0.966959 57.211
46.8911 3.61974 39.6167 5.96977 373.276 0.980068 60.823
46.8825 37.6502 7.72949 5.86177 385.611 0.960628 58.2963
46.8657 38.6767 1.1608 10.3119 378.634 0.969271 58.8464
54.7766 18.3574 1.6144 29.6926 375.098 0.975668 61.3921
61.7559 20.7378 35.6997 11.7968 380.15 0.959155 62.2945
53.8669 20.7378 34.1127 15.004 386.63 0.954299 60.2579
48.4665 25.4724 36.6008 15.2453 382.101 0.958841 60.5025
49.2072 9.28144 77.4088 1.94814 391.282 0.950696 62.608
64.462 25.7173 7.24404 42.0184 389.644 0.944822 65.8767
50.2694 12.9575 16.2974 2.34926 387.654 0.955579 57.8133
49.528 2.69825 34.8225 5.13344 388.535 0.95977 58.2552
45.5572 10.2758 30.7718 9.59022 385.978 0.959521 58.184
57.129 7.79236 2.51055 23.859 380.092 0.961632 58.8791
47.612 8.99108 25.1872 7.49813 403.984 0.950794 58.9671
50.2811 5.02911 13.8345 24.5622 401.901 0.950794 58.8399
38.5644 34.3751 14.1926 0.973824 408.242 0.945656 60.6979
48.8331 8.28882 11.8862 2.31373 366.088 0.972725 58.8213
44.6534 4.24517 7.22351 3.78776 387.698 0.95752 57.1179
44.642 61.4313 21.4745 6.10756 399.68 0.949209 61.5828
47.4632 45.997 7.70094 12.5745 399.68 0.949209 59.5992
58.7745 9.66859 33.2666 42.5784 376.14 0.963983 62.5062
39.2187 3.45084 9.69788 8.7631 383.118 0.962237 58.4188
38.8547 5.20226 15.7781 6.02893 387.305 0.961018 57.9493
39.4807 16.1957 9.20312 8.20662 403.011 0.951247 58.3001
42.9508 17.3299 8.24533 33.5781 388.169 0.955337 59.9074
48.9606 19.0474 29.854 3.75816 403.818 0.939595 60.194
39.855 1.72525 38.5619 22.3447 391.337 0.961974 60.932
40.0082 3.14872 14.1352 4.68468 376.823 0.966791 58.776
45.7701 6.52373 12.9819 13.9245 365.936 0.98137 57.3889
39.9248 2.1399 5.10602 5.8756 369.281 0.977648 57.5316
43.1945 3.05615 6.43492 9.2274 377.605 0.965908 57.6304
47.5741 12.7762 5.08968 11.3717 379.938 0.967342 56.531
48.1968 8.31399 36.2849 16.881 388.273 0.957923 58.7722
56.9911 3.82022 4.00593 21.1849 408.231 0.945233 60.2889
50.5557 4.46026 86.8257 3.25333 359.897 0.978044 64.6266
49.6014 45.4096 48.4092 17.9458 359.897 0.978816 64.2856
48.9916 12.9519 42.367 4.9247 410.942 0.931741 61.9221
49.2849 2.24059 49.5432 5.59107 390.055 0.959917 59.9447
39.0118 10.5662 23.3789 9.21735 373.339 0.968501 60.5244
42.7724 3.58951 22.6465 9.27804 368.885 0.981278 58.223
49.5891 3.88135 24.7019 12.973 387.025 0.956638 58.0325
47.0816 4.86246 5.36878 16.4331 382.564 0.965888 56.5816
55.0314 4.4752 7.15868 9.87996 379.446 0.962552 57.4771
45.029 2.12275 2.78844 13.545 422.418 0.934996 58.6312
45.8094 9.65328 6.38073 10.6921 360.562 0.987131 57.8695
44.6791 4.89302 23.224 27.4061 360.562 0.984079 59.6625
52.7637 7.66697 5.93244 27.4061 359.939 0.984079 58.9743
42.6632 26.227 22.3156 23.9496 368.2 0.976335 60.1107
42.2554 6.44123 6.92382 27.4309 368.2 0.977878 58.2617
58.1856 9.6771 3.63382 26.3983 367.754 0.976159 59.6268
48.451 8.95521 3.41077 9.97086 370.636 0.976159 56.5865
48.0884 1.58493 3.84802 6.02241 398.626 0.956193 57.6387
45.7898 10.0766 0.996288 6.50043 395.831 0.961567 59.185
55.509 31.4196 2.93867 5.2132 384.347 0.955884 59.6479
45.2956 29.1741 11.0398 21.5709 383.806 0.965991 58.8604
59.7277 1.54725 7.68401 7.23223 372.858 0.973752 59.4042
57.6344 0.348868 21.5816 7.45083 404.168 0.944433 60.1046
46.2425 13.364 2.7593 47.6097 382.134 0.968239 59.9891
45.725 17.1434 2.20119 35.1884 391.478 0.956646 58.861
46.6976 5.5247 14.282 9.11394 385.991 0.959878 56.7897
45.625 6.49319 19.0595 6.86319 409.547 0.943523 57.8086
45.5927 6.43938 12.8563 3.42495 409.547 0.939018 58.0742
45.3377 6.4893 37.203 8.01599 369.633 0.982314 60.0746
45.3377 7.92119 41.3435 2.52253 369.633 0.982314 60.5075
48.9945 26.8919 13.8866 4.3373 359.064 0.982314 59.2738
48.1083 21.7861 9.75382 10.6594 364.636 0.982314 58.0626
42.3737 30.5899 11.2863 14.6648 398.942 0.957168 60.391
37.3523 30.5899 11.2863 14.6648 398.942 0.955564 60.3543
37.3523 24.1736 11.2863 14.6648 394.182 0.955564 59.537
38.0616 26.0655 34.6488 5.77914 418.658 0.934011 62.0776
49.1069 10.7254 46.8152 1.10599 402.335 0.944863 60.1693
52.2047 4.95278 13.0594 45.844 420.549 0.929831 61.1599
53.7854 23.3885 9.70685 35.6616 390.276 0.954447 59.8769
53.4883 25.2758 7.91133 15.61 439.128 0.912954 61.4635
54.2887 28.9516 7.82496 13.9761 439.953 0.908982 62.9269
52.5655 38.0846 8.49049 15.1586 378.265 0.971565 60.341
47.0665 20.0704 14.1016 2.83648 375.053 0.974371 57.6688
47.6555 10.0923 5.94587 3.76398 375.053 0.97122 56.2999
39.4621 8.59261 11.8337 7.0063 381.004 0.969505 57.3254
37.3234 2.36518 1.76945 6.25183 378.884 0.979595 60.7351
44.8039 27.7978 15.7697 6.35396 384.543 0.964756 58.0321
42.5138 46.6834 24.2499 4.232 387.329 0.965909 61.4513
41.8272 40.1428 18.3596 7.03468 385.052 0.967706 60.2667
44.748 38.0869 16.7339 5.67623 406.443 0.940614 60.0342
45.8245 36.0981 27.2129 1.56666 391.798 0.957558 59.8484
44.8323 6.36032 8.60719 16.6871 372.543 0.973548 56.9603
51.5647 39.2179 13.9147 18.5691 398.256 0.948052 59.9262
46.5769 37.2655 15.8518 19.0223 390.752 0.955062 59.496
43.3317 21.8976 17.6588 24.1844 391.183 0.958541 59.0052
37.1853 10.2561 11.7525 47.2012 386.135 0.965682 61.1077
45.1121 9.45685 39.8952 36.8933 384.36 0.962866 60.6751
47.2223 0.404334 50.9563 12.4951 378.787 0.967276 60.4053
54.9532 4.01411 20.8985 11.2853 389.723 0.957608 58.1574
47.1856 6.59891 45.5446 19.922 381.047 0.968075 60.0138
39.7887 6.69627 24.6037 21.3874 407.606 0.944681 59.7533
47.5324 18.5465 24.5088 4.86112 377.697 0.973846 58.9459
55.493 65.358 19.5489 0.572313 369.958 0.973117 63.2096
47.7754 54.0398 32.1833 1.64817 378.844 0.974231 63.9626
45.9617 14.1062 15.7434 8.07924 377.684 0.968799 56.9946
48.8677 16.8059 10.6116 7.93759 372.224 0.973764 56.9883
45.4034 1.82398 7.3722 15.0621 376.135 0.971106 56.8138
46.624 13.9429 2.30392 2.50004 377.102 0.969088 56.7363
37.8639 21.5502 6.23776 19.5279 386.561 0.966468 59.2829
40.5775 18.2715 15.0691 1.17859 383.194 0.967041 58.1466
41.5054 29.9557 12.2338 16.3889 381.759 0.964453 59.0128
48.1165 23.3962 31.0776 18.1376 388.371 0.957514 59.3533
47.0737 21.6721 2.86577 20.6493 385.477 0.962463 57.8186
47.369 2.33727 18.4384 5.31842 405.367 0.943991 57.6546
43.5062 4.03678 22.5822 5.22008 396.741 0.95232 57.6561
44.5334 3.85317 41.7083 9.09194 436.184 0.922689 61.9668
40.6681 3.93515 8.60756 15.8362 415.114 0.939053 58.6291
44.7226 2.623 15.4416 26.5064 415.141 0.936279 59.3272
45.2912 10.1523 42.6982 3.34672 414.958 0.934446 60.3833
45.6198 0.825117 45.0121 0.868186 412.475 0.936426 61.3209
58.074 9.50758 53.8518 10.3384 409.718 0.934915 62.4909
57.6257 1.35709 25.4654 14.5663 414.447 0.935849 60.7777
49.6529 23.4538 12.5939 19.7869 410.01 0.93701 59.3546
54.7243 1.5025 6.14239 24.2001 377.639 0.968907 58.3875
48.1578 17.4291 2.9154 27.6348 409.304 0.942854 59.0609
49.3782 18.7538 3.69997 19.1425 406.095 0.943032 58.2332
55.1637 11.9588 13.5485 15.9127 418.099 0.929578 59.6447
43.2628 12.4995 4.76161 12.5157 379.833 0.967438 56.8994
44.2932 6.55969 5.88392 5.92037 382.078 0.966375 56.2135
44.6077 2.60343 17.494 12.6148 379.397 0.967289 57.1801
41.7193 4.7596 14.1102 7.26308 368.528 0.976184 57.7123
48.5673 24.8917 5.48944 26.6375 361.333 0.980069 59.7274
51.749 25.7985 13.0002 20.7314 367.491 0.975814 58.9976
45.7623 16.9513 19.241 23.8614 378.97 0.966947 58.3915
59.7276 22.2805 62.9111 15.1657 388.177 0.948237 64.8681
52.8772 34.0354 44.9603 14.427 391.715 0.947598 62.5117
52.2423 2.92182 2.68255 12.5403 359.251 0.984716 58.034
53.5291 10.9065 0.970797 7.10604 358.415 0.985821 58.636
55.2206 15.1461 10.7195 1.36221 408.886 0.94678 60.6131
58.1538 13.7361 4.28513 8.46467 406.46 0.94347 59.1164
40.0347 51.7468 5.27477 1.00763 400.164 0.947284 61.5697
58.1056 68.5139 0.297007 4.8961 377.701 0.962589 63.7261
55.0735 68.5139 0.297007 22.2323 377.701 0.962589 63.8454
41.8355 0.405384 26.4391 10.589 386.581 0.965043 58.9577
41.7422 31.6768 15.778 4.54409 364.985 0.98073 59.3982
42.9919 17.706 5.09448 19.0047 367.233 0.981648 58.2982
42.9383 4.62768 34.6981 8.48691 364.087 0.984366 59.326
39.1448 11.9464 17.3755 17.4228 376.687 0.978868 60.4035
43.2446 10.253 2.70825 50.1997 377.772 0.974707 60.8896
41.9616 6.82582 4.79353 26.8363 369.756 0.973875 58.7386
48.3512 3.64899 8.46885 17.4951 369.762 0.973793 57.2061
47.2986 2.89613 5.22148 16.8899 370.686 0.973261 57.1165
45.0648 21.4955 3.42009 5.72911 380.02 0.970876 57.3984
40.2324 14.9549 2.96384 5.74444 399.529 0.956715 58.3437
56.1888 5.01267 3.90718 0.301641 399.654 0.950319 58.7668
41.8126 3.01303 20.2888 24.8685 392.93 0.960139 59.081
43.8574 0.219745 56.1486 13.1623 385.731 0.965611 61.9794
46.0833 4.8489 66.1378 3.75788 371.995 0.970099 61.3146
57.0428 7.08039 16.8102 22.3301 359.12 0.980238 60.1714
43.3641 14.952 4.0514 26.7059 377.126 0.969395 58.0619
42.3763 27.8777 3.7231 45.5444 378.305 0.963634 61.72
50.5233 24.0654 3.8727 5.4885 375.317 0.973953 57.9135
54.7732 41.8853 1.75297 6.13406 371.974 0.973943 59.982
38.1302 35.5193 4.0644 4.89598 417.253 0.943861 62.1802
39.8183 28.325 0.825826 17.1808 405.309 0.946075 60.0689
44.4504 28.325 0.825826 20.2269 405.309 0.94359 59.6706
44.4504 28.325 0.825826 21.4243 405.309 0.944333 59.6463
47.8106 10.1831 3.92618 15.646 427.984 0.929166 58.9719
51.1352 2.5762 4.80107 16.231 403.132 0.948123 57.5692
47.5118 13.3676 13.4391 31.2947 375.524 0.970585 58.3593
47.014 10.3705 2.78883 16.2397 376.007 0.964557 58.5341
46.3155 5.02261 1.80514 47.988 381 0.968155 59.5
40.143 28.1716 3.95432 4.44029 382.848 0.967972 58.2521
37.757 28.8928 4.19397 13.7686 384.556 0.968105 59.4219
42.0731 6.40162 17.737 6.74003 401.737 0.951015 57.6644
53.193 9.23087 43.8616 37.9817 376.449 0.96731 61.525
55.5398 2.94215 23.5753 45.5905 381.096 0.96589 61.5051
48.57 11.0839 22.0724 29.4472 378.417 0.969079 58.7839
47.1901 3.00726 4.56809 19.6124 396.091 0.959928 59.0123
52.5549 20.1663 30.0957 32.1655 397.17 0.952738 61.5614
54.7344 10.1149 29.9119 47.2608 389.9 0.949067 62.4051
48.8064 18.1494 16.145 26.9515 381.174 0.964596 58.457
43.6856 14.7292 14.6002 30.4777 401.725 0.944283 59.8156
44.7667 11.253 30.7076 19.8282 398.071 0.946746 59.7825
54.2926 10.68 38.9959 5.35972 417.145 0.929528 60.8284
56.9632 4.36846 69.702 5.92055 351.585 0.986954 64.8298
56.3468 14.523 43.7273 13.7157 377.04 0.963418 60.8124
53.365 18.8971 38.3124 10.8256 387.11 0.956536 59.7178
41.7275 6.22001 21.3073 4.54318 383.109 0.958219 60.1075
44.0643 4.84779 20.9238 1.55738 393.849 0.959654 57.9911
46.4966 22.1763 50.9809 6.2388 389.547 0.954717 60.5756
47.4147 5.78365 9.09184 6.6387 378.445 0.975627 58.2695
42.7263 19.6075 15.9299 20.2551 361.638 0.983648 59.459
54.927 23.8491 16.9122 14.6102 413.913 0.941083 61.7491
50.7654 12.3989 23.1972 6.23572 386.681 0.961151 57.5906
45.3058 10.9541 40.4941 9.8785 387.052 0.957894 59.1268
50.8693 0.96473 6.29867 11.7519 391.745 0.957274 57.1
46.2176 10.373 2.43422 14.8267 385.639 0.963157 56.7673
38.2017 10.7425 28.3609 14.4167 389.266 0.959526 59.444
51.5551 20.9862 25.0278 12.2734 359.859 0.983461 59.6286
51.5551 20.9862 25.0278 12.2734 358.109 0.984427 59.8796
52.5464 38.9579 25.8405 6.75103 390.381 0.956315 60.0916
58.4973 6.27654 27.9414 2.99381 385.573 0.955134 59.8172
52.6205 10.1378 42.3504 2.99381 380.098 0.963875 59.2115
45.6759 10.7349 28.5129 2.82612 396.366 0.953516 58.0461
48.9375 10.1848 29.6072 6.95798 394.86 0.951286 58.1227
50.6559 16.4615 7.39827 9.33106 406.274 0.946706 58.0181
44.6016 15.4784 14.9826 4.59485 399.427 0.954503 57.9381
52.5584 12.4762 5.07044 44.8784 363.422 0.98186 60.372
52.5584 10.858 13.2067 50.1966 363.991 0.979068 60.7592
47.9222 2.16369 24.2816 26.3454 374.456 0.965553 59.91
52.0567 45.8074 18.7983 39.4538 374.84 0.969002 62.2391
46.4843 28.6139 5.39381 18.5735 376.587 0.971005 58.1997
39.3118 48.0982 4.57219 36.1147 383.042 0.969584 62.7555
44.3195 38.963 1.81996 19.5726 382.446 0.968102 59.7003
47.845 2.3079 24.3381 7.5329 384.476 0.961096 57.4558
52.4422 6.01326 13.2514 0.603322 394.941 0.957226 58.407
33.8801 6.37275 5.8447 11.2505 394.324 0.956524 59.56
57.0703 19.7359 8.24838 24.6423 389.739 0.954843 59.459
46.9453 21.9405 8.18582 10.1943 391.014 0.950794 59.1077
47.341 19.3575 16.9225 11.4204 386.84 0.963271 57.8352
41.2553 1.70485 4.95067 25.5199 390.774 0.954951 59.1044
45.3915 8.94835 4.80599 12.813 384.121 0.960651 57.0839
48.1939 12.6373 5.47338 12.6146 391.626 0.958831 56.9233
47.1346 16.1742 17.1511 3.19525 370.019 0.970963 58.4643
51.2348 5.38503 13.8558 14.4596 368.325 0.974382 57.4651
54.968 6.15368 6.51462 16.1077 364.644 0.982519 58.7356
48.0994 3.11064 0.542121 22.3573 412.452 0.941938 59.0532
48.0994 3.11064 7.47932 7.32013 412.452 0.941938 57.4367
46.7233 3.21194 0.333741 6.10736 388.612 0.958272 57.3432
40.2259 6.65933 8.84083 11.4333 393.056 0.957677 57.3234
45.6687 2.48375 10.3929 13.7272 412.604 0.942963 58.1495
54.2357 3.0882 1.71064 14.4574 355.14 0.98296 59.9009
55.4097 0.872083 15.4754 28.9038 369.598 0.97035 59.9847
55.2449 13.2731 9.60658 24.6109 377.176 0.965157 58.6096
52.4467 23.7052 12.8093 15.7804 390.31 0.95191 58.9177
46.8579 8.99591 5.43826 19.3533 397.909 0.95446 57.536
54.812 13.1124 39.5951 12.064 398.108 0.948301 60.1123
49.0682 4.90368 61.4612 16.1988 410.504 0.94455 63.7095
49.1746 6.36058 38.8099 32.0537 397.614 0.949681 60.4052
53.0651 13.3563 19.0311 28.7722 394.124 0.953634 59.3222
48.3813 16.2628 16.4382 30.7574 358.531 0.981859 60.4771
41.5343 17.2081 23.1244 3.33303 372.927 0.977673 58.6271
44.7105 21.3713 15.6969 5.12953 372.927 0.981477 60.0925
42.6074 25.3607 14.03 7.61791 367.945 0.981477 58.6567
63.2899 7.81446 14.1048 22.1774 367.945 0.974378 61.5907
50.9041 2.6133 3.21666 14.6671 376.001 0.968737 56.8748
56.6853 7.82333 10.9184 6.59269 380.761 0.96335 57.6008
62.1462 16.5878 11.6785 7.70351 380.57 0.96257 60.1393
55.7484 3.59419 10.9419 10.3605 377.553 0.969144 57.7126
38.7854 16.0456 10.2807 7.98646 375.483 0.969759 58.6265
47.5523 24.525 14.9587 12.836 360.82 0.981037 59.1909
49.1682 20.8904 19.4346 5.70746 363.334 0.980226 58.4037
45.4731 21.4508 16.4649 4.07179 362.175 0.987555 59.368
42.1589 13.6079 7.36844 18.6518 379.687 0.96417 58.4178
52.7753 15.0123 20.3641 23.5632 430.201 0.923468 61.0447
49.5906 11.579 17.125 27.5709 430.201 0.92906 62.0149
46.2268 4.27562 0.876546 35.5314 429.037 0.925946 60.8172
45.5769 12.1781 16.6864 20.9559 404.41 0.941908 59.0351
50.41 6.82675 3.1581 19.0104 406.321 0.945227 57.7785
50.31 6.82675 17.7161 20.311 406.321 0.945227 58.5376
52.0283 6.66279 14.4021 19.4877 409.033 0.939606 58.4082
46.6935 6.66279 15.3713 14.6493 409.033 0.937286 58.9367
55.0244 2.14269 10.9921 25.9946 419.812 0.935673 61.0357
45.1674 21.1745 10.3326 25.4251 417.497 0.935673 59.7122
47.1022 46.8327 15.1268 10.6825 413.188 0.932825 61.2927
49.3259 22.1647 9.5281 33.0718 371.9 0.966426 60.7019
46.803 11.1193 3.79455 1.15866 419.529 0.933995 58.2028
48.8073 4.64164 0.732146 11.6382 381.994 0.963987 56.94
42.3875 8.20556 5.48166 77.1512 385.967 0.965179 62.6743
57.7806 18.9193 26.061 55.8716 412.183 0.929287 64.6622
35.4544 2.65911 4.34919 60.938 382.734 0.970757 62.8992
55.919 2.45078 10.4758 6.43751 411.44 0.931383 60.5898
51.0705 11.6412 2.96822 3.54751 386.877 0.964192 57.2297
48.6354 3.38087 50.8424 21.2646 388.625 0.959067 60.4131
41.2349 3.12834 24.3433 6.72025 393.586 0.949575 60.4571
39.0824 2.16411 30.4601 19.3784 401.663 0.948002 60.2582
45.4768 10.1969 4.15425 17.8896 382.312 0.965563 56.8605
48.5777 0.965349 23.2721 1.37721 374.271 0.975039 58.2978
49.3565 8.02343 62.3552 8.64537 365.325 0.974592 61.6275
46.6142 52.3136 59.768 0.746807 366.277 0.982286 65.3186
45.3069 60.32 38.3513 1.08148 355.859 0.992911 66.3078
50.6418 23.8824 8.71844 9.84882 367.215 0.973957 58.3097
37.4436 35.7568 13.6607 11.5061 393.961 0.952843 60.9712
49.8122 29.0869 28.7896 10.9183 375.732 0.976717 61.6167
41.8286 24.0796 5.11979 5.48498 388.981 0.955784 58.8002
50.7912 12.5185 29.0763 22.1144 379.431 0.96321 59.0455
42.7135 1.61631 35.2958 39.1009 382.471 0.968222 61.2517
41.3736 19.6747 1.86394 12.5773 385.702 0.968798 58.7881
41.2441 14.0004 5.33942 53.0372 382.642 0.966515 60.4569
35.9417 52.3712 19.5663 60.5026 386.924 0.962171 66.245
50.5243 40.302 40.6989 3.36529 384.7 0.962593 61.2292
52.0342 1.23183 13.3483 14.6915 387.932 0.962115 57.9721
43.4153 13.2731 5.97066 4.32527 390.743 0.963703 57.5534
38.8663 21.109 9.12921 3.16589 387.088 0.964251 58.1483
53.2343 9.84022 5.81943 2.85469 384.978 0.963144 56.9253
46.3417 17.5826 20.7863 4.50481 398.83 0.949127 57.9592
45.982 13.6552 28.8287 10.9586 368.248 0.977246 58.3897
50.7945 13.8547 28.0125 16.7812 367.16 0.974427 59.0838
41.7972 17.3376 2.08833 18.3821 417.585 0.93809 59.3702
45.4077 6.41225 23.8933 21.068 398.636 0.949266 58.4931
43.1266 11.3477 29.5234 22.6949 364.364 0.975894 61.0445
48.9819 6.02426 5.04763 24.8758 362.097 0.985986 58.7438
46.8793 39.2957 22.7509 33.0294 377.097 0.968048 61.0494
37.724 13.1836 2.21533 10.7183 390.323 0.959495 58.3185
37.724 13.1836 28.3938 2.44826 390.605 0.959495 59.3979
41.061 8.45481 28.2871 16.7738 421.262 0.935965 60.7181
47.5379 14.3228 24.5232 38.8606 383.552 0.967177 60.6798
47.3351 35.5356 4.0305 38.0269 380.799 0.968482 60.6567
46.9863 3.32719 23.2871 23.2513 362.441 0.977697 59.8808
46.9144 3.1664 27.1392 3.41986 367.771 0.972963 58.9299
47.0437 7.29657 32.4927 12.2751 381.78 0.961243 58.6255
47.0621 14.0361 16.4315 5.60219 388.215 0.958793 57.0294
47.089 0.289944 10.7833 13.5404 374.995 0.966326 58.9065
47.1138 19.3856 27.7931 10.441 390.002 0.958288 58.3794
46.9847 2.53462 17.2476 9.15536 372.255 0.981173 59.1919
46.243 4.93792 20.1385 16.7804 383.203 0.968957 58.2802
45.0923 4.53042 4.18127 7.92426 405.129 0.947033 56.8886
47.8237 5.67582 7.59959 10.1724 402.799 0.947033 56.8423
44.0525 1.49727 9.79886 13.9346 400.789 0.946881 58.0612
38.0274 33.3801 5.55125 37.8829 421.349 0.933157 63.0066
38.0274 15.8184 1.0067 12.6669 412.445 0.935505 61.9648
42.6358 6.57956 7.05859 2.47705 403.688 0.947588 57.2501
43.4105 11.6535 4.88296 2.47705 408.036 0.940969 58.2277
43.5905 0.398206 0.58776 2.47705 389.127 0.96412 58.2619
42.2821 13.3311 6.72461 37.8349 382.485 0.964397 58.9963
50.4291 4.80932 12.6883 2.98871 381.608 0.964666 56.5363
43.1204 2.52331 25.9764 4.58763 404.259 0.948667 58.3502
43.1204 2.52331 25.9764 4.58763 404.259 0.948667 58.3502
41.1623 4.70029 33.0132 1.39349 404.259 0.948117 59.3554
62.2611 4.70029 12.8724 19.7802 401.45 0.943761 60.8843
61.9225 16.646 26.3593 13.0951 400.963 0.940517 62.0127
57.3755 16.646 24.3683 20.1468 404.193 0.940517 60.5764
55.826 30.6095 18.5284 27.8924 392.933 0.950977 60.8612
55.826 30.6095 16.1329 27.8924 392.933 0.947836 61.1758
49.1922 24.2547 13.9324 25.4469 405.49 0.945722 59.6373
47.6419 29.1893 37.8479 9.96042 383.788 0.959987 59.9629
40.3403 12.6863 26.0626 5.43794 379.46 0.970329 58.3035
46.412 1.48033 26.9828 1.30895 373.848 0.967652 59.2166
50.2912 17.0431 25.2816 1.60273 378.202 0.96355 58.7465
49.7345 17.122 20.3102 33.8863 391.559 0.956089 59.5164
48.3221 13.9278 6.58615 24.7592 377.004 0.970634 57.6562
50.9334 11.9299 0.666753 19.8536 378.791 0.966225 57.8428
31.0114 9.4442 5.5507 23.2388 391.119 0.970602 64.2741
38.9652 20.7061 14.5412 11.3124 391.496 0.964975 60.0201
35.8585 12.5389 10.6674 6.81908 376.907 0.973589 58.5456
39.4248 16.2572 9.41576 10.9138 410.887 0.942546 58.8149
50.6091 17.9143 23.509 9.4753 400.976 0.939561 60.7872
53.8629 17.9143 18.4236 15.3477 411.318 0.939561 59.5637
50.5727 20.0393 4.40518 11.8534 404.113 0.947195 57.9705
47.7415 15.6091 6.3975 11.5924 407.023 0.945235 57.5867
37.1907 21.9355 2.29347 32.8386 365.599 0.985362 61.5056
53.9437 11.1505 16.247 25.9464 379.778 0.96341 58.6277
54.4622 4.08558 11.7204 33.9751 389.479 0.955 59.0084
46.4096 8.25342 5.68475 12.8228 386.782 0.968278 58.3722
37.7626 7.49232 9.42659 1.42688 387.186 0.967791 58.4276
49.3601 20.8643 17.001 39.6402 381.192 0.962495 59.8438
42.3205 10.6112 17.639 4.72106 399.327 0.957776 59.0798
41.6077 16.0566 2.69789 5.5152 393.239 0.953432 58.1361
44.6055 7.15328 2.69789 24.2833 387.524 0.959704 57.5241
52.007 23.123 1.49585 5.98172 355.807 0.991621 60.6945
43.7829 10.12 30.2255 2.01745 369.68 0.977067 58.3892
41.2103 1.52593 17.7066 4.6464 399.622 0.951282 57.9849
50.4779 5.43881 7.87165 12.1577 377.211 0.964734 57.2298
49.8068 22.9164 5.09797 12.2021 375.09 0.971035 57.4255
51.5023 16.5881 12.4783 15.595 404.25 0.942134 58.3878
50.9278 1.78154 15.8956 32.1535 387.676 0.959143 58.6854
52.6596 6.16259 15.7566 19.5434 386.924 0.950864 60.4608
45.2001 28.4072 22.1513 5.6333 402.51 0.943761 59.4916
45.9193 18.1326 9.40928 25.4891 395.631 0.95137 58.3807
46.7521 34.8221 8.53451 18.5169 386.49 0.961157 58.7083
42.6687 24.167 8.53451 12.8214 390.789 0.961157 58.1427
35.2823 12.5881 14.8069 2.74664 401.731 0.947856 60.4186
39.9501 26.8502 10.2729 36.2881 393.449 0.958692 60.7476
40.6192 25.946 10.2974 32.3221 375.927 0.97454 60.1202
45.9353 25.946 0.0557156 26.4994 364.251 0.987547 62.9376
43.5379 27.4396 17.8377 31.2883 362.779 0.985401 61.0644
47.3863 6.39647 23.6107 25.7399 387.289 0.954686 59.407
55.0593 10.0096 42.9739 38.6312 382.32 0.958404 62.0106
52.974 1.26564 22.1184 16.0926 405.237 0.946407 59.3565
56.4647 1.72573 7.65069 15.7952 393.84 0.952345 58.2352
53.9449 1.72573 13.6372 17.4695 385.133 0.954691 59.2631
53.9449 1.72573 9.40464 18.1646 385.133 0.962877 57.8939
42.9617 41.6651 0.521955 8.6632 385.564 0.969225 61.1741
50.0607 26.0555 1.84893 18.1805 401.603 0.944872 58.882
50.7287 3.14209 3.97976 9.49491 397.625 0.952555 56.8007
46.7452 21.0815 3.15733 21.1728 432.371 0.920274 60.6395
45.278 11.1009 20.3988 18.61 434.763 0.925471 61.1938
47.2257 17.1688 20.3988 33.3094 413.284 0.936127 60.3522
52.2532 18.2494 17.2001 1.49661 426.946 0.92635 59.8474
49.1122 26.7293 21.1486 7.17921 404.88 0.946695 59.1438
41.9753 24.2114 21.2374 7.17921 430.918 0.923236 61.0213
41.9753 25.3208 16.7054 9.37425 415.749 0.937592 59.5597
45.8247 25.3208 17.7226 9.37425 398.262 0.954746 58.8931
43.8036 12.2942 15.4936 21.1273 378.511 0.968821 57.7879
43.6153 9.36724 12.7612 12.0609 379.979 0.972978 57.852
44.0256 39.2006 11.7034 9.85383 372.229 0.973178 59.0642
42.1018 70.1153 2.54018 13.0011 425.673 0.925715 63.7503
42.6746 25.2647 2.54018 10.2569 425.673 0.925715 60.6521
50.7286 3.09811 16.5959 18.2505 395.813 0.947521 58.5971
51.298 20.3899 13.4707 20.5378 403.449 0.941344 59.2228
41.9988 44.3118 6.65851 19.0232 366.297 0.98026 60.4589
41.2683 23.4241 15.5893 19.2413 368.843 0.98026 59.3092
53.516 11.4222 8.40456 6.03221 377.214 0.970233 57.1673
54.3176 4.56784 29.7519 17.3556 377.937 0.956746 62.3329
53.7522 9.67916 13.598 26.4774 384.05 0.963392 58.6184
42.2224 8.78959 16.004 10.1742 384.196 0.965733 57.1797
47.7789 2.47389 0.808237 19.3312 368.355 0.981041 58.3067
47.7214 6.60271 9.91978 22.9392 361.704 0.988183 59.4579
41.2476 2.8644 13.4188 40.8211 361.704 0.988183 61.1873
44.645 3.07705 14.9227 97.3767 370.165 0.974898 64.3094
53.7317 6.39805 7.52424 14.4324 393.31 0.957345 57.8738
45.5677 29.1112 9.11861 4.84069 378.615 0.97205 58.1322
38.0208 28.1458 13.8433 17.0483 397.695 0.953451 59.9422
42.4039 16.0873 13.0882 18.394 404.955 0.948509 58.6845
48.4672 10.8075 13.0686 17.8453 396.899 0.946215 58.7577
45.2818 1.04533 23.1086 45.0895 399.161 0.942288 62.8385
57.4118 2.7932 35.7228 29.5689 383.975 0.957269 61.2205
57.0132 21.0374 68.0927 24.1819 377.673 0.963187 64.0901
36.4262 68.6371 7.72964 22.5974 373.234 0.977483 64.0403
34.4988 46.4162 7.72964 7.7542 371.482 0.977483 61.7905
48.2118 43.0485 3.54891 25.7142 363.48 0.973532 62.688
44.6517 10.0077 2.02273 20.2759 388.953 0.965077 58.3604
41.8909 12.3716 18.0674 18.512 407.943 0.948184 59.5852
42.1579 5.3592 26.8535 6.28872 392.073 0.958184 57.8972
39.4459 2.88884 33.7358 4.36364 385.035 0.96502 58.9033
43.0378 5.74184 21.7346 8.74341 387.88 0.959237 57.5675
52.9225 6.1068 7.40825 11.8034 387.437 0.958147 56.8798
47.269 4.10631 41.4535 29.6365 387.057 0.957809 60.1494
54.8041 31.6821 2.55583 18.3003 387.079 0.954987 59.6405
47.7042 6.687 9.1224 7.66559 387.808 0.960648 56.268
57.4128 4.38074 8.887 6.35373 381.641 0.965657 58.0004
52.3291 26.2759 3.28927 6.15242 428.231 0.926785 59.8298
56.6034 34.286 20.2403 5.98834 373.316 0.972032 60.3555
43.376 10.4204 1.9707 6.2255 374.317 0.969229 57.6437
43.376 4.91827 1.9707 6.24777 410.98 0.94687 58.1832
47.9662 0.0997771 4.68156 7.57865 401.867 0.947848 58.183
55.3832 14.9313 3.53319 31.4006 407.127 0.947681 62.0759
54.4287 18.129 3.55387 8.24445 383.489 0.962587 57.5388
51.5577 12.309 8.50807 10.6784 370.727 0.976167 57.2077
56.501 7.91143 47.5353 10.5848 409.61 0.939688 61.6963
43.6237 1.86594 57.7741 35.8098 396.361 0.949449 62.7774
48.0984 5.03968 3.3945 19.8121 382.933 0.96396 56.8493
48.168 6.90861 7.63832 2.89371 380.483 0.964117 56.5381
57.3674 1.63677 10.876 4.05517 380.612 0.962442 58.0691
56.1613 0.31602 13.3478 19.7862 384.999 0.96306 59.6541
48.0264 28.4694 8.68355 19.1118 394.397 0.952165 58.5007
48.7727 12.0602 3.8231 9.77708 403.19 0.943277 57.6926
50.4164 19.5142 13.1163 20.0006 381.846 0.960563 58.4024
48.1581 26.4305 4.93612 3.85949 385.928 0.963923 57.5527
55.0073 24.7198 7.99711 4.41139 397.828 0.95231 58.8736
46.3428 0.593461 6.68393 24.1594 381.675 0.962253 58.3898
46.0831 10.905 8.68002 24.1549 383.573 0.966235 57.6007
40.4423 4.87113 4.37554 22.1498 391.106 0.958528 57.8805
43.7133 9.25161 42.9597 24.6563 398.347 0.948477 60.5847
47.3671 10.5208 42.9597 13.6549 398.938 0.955107 61.0317
43.1532 13.0401 48.1737 5.36607 395.692 0.953422 59.9247
42.2743 53.0042 31.1385 9.55933 384.03 0.957893 62.6394
52.3972 13.6489 39.4238 21.5354 374.205 0.967483 60.1199
49.992 4.96739 37.0595 2.95957 365.334 0.98613 61.1705
57.2768 5.00379 10.36 2.69121 388.817 0.958935 58.0482
51.7172 3.1704 18.8956 7.76654 367.246 0.971911 58.6393
47.4411 7.37195 12.6559 2.81246 359.76 0.984997 57.6798
46.2454 8.34161 16.3179 6.12249 376.877 0.971967 56.7971
45.1303 13.6479 27.1184 20.9523 406.031 0.940472 59.8572
52.3525 23.2796 21.4737 9.20553 372.525 0.974973 58.9759
50.2038 28.8138 8.9227 8.14312 365.577 0.981191 58.5357
46.412 22.2518 12.5116 1.04404 395.606 0.95889 59.0407
48.6095 25.1926 10.7805 5.16681 390.762 0.962194 58.6362
41.8641 47.7726 10.7805 5.16681 383.864 0.962194 59.8633
44.8943 78.805 17.368 20.9246 384.728 0.956511 63.9003
34.2286 20.3436 17.1033 1.71755 390.895 0.961652 60.276
42.2058 21.7061 0.844026 7.74719 406.945 0.945331 58.6323
52.1283 17.8379 3.52758 34.9807 399.99 0.946906 59.3871
41.2111 9.20636 13.8123 22.2669 408.156 0.938454 60.3943
43.7587 8.69934 5.15138 20.4359 386.15 0.96959 59.1473
39.3735 13.7008 2.62352 12.149 390.92 0.963662 58.2855
36.7299 3.40186 4.4577 3.90975 379.779 0.966334 58.9123
38.9009 26.8682 6.26628 11.2767 403.855 0.950069 59.2594
44.8234 16.119 1.21645 19.5015 409.453 0.940985 58.7331
54.7326 3.09648 5.26964 9.78924 376.777 0.964567 57.601
50.6458 9.88762 4.02389 2.78138 382.449 0.966806 56.6753
49.5416 12.1515 4.68765 4.95827 389.715 0.961188 56.8123
48.4014 11.2028 12.6016 30.2816 387.94 0.956737 58.3512
58.9594 7.94214 31.0905 11.3761 399.602 0.946109 60.3504
53.7905 16.1233 23.1466 3.08999 401.052 0.948248 58.8112
55.1869 6.79851 20.7526 23.403 383.516 0.955009 60.1783
54.5706 3.51219 11.7417 45.4019 380.483 0.972161 63.0366
42.3425 15.6023 19.6553 38.7648 391.111 0.959814 60.2072
62.6659 17.4567 13.6804 55.4691 381.326 0.970423 69.2372
50.553 12.1746 3.69666 25.7381 386.742 0.959999 57.6975
57.1495 19.9172 10.8797 16.2161 365.364 0.981507 60.3692
54.7704 12.1012 7.0241 15.6199 362.425 0.981122 58.3719
49.0592 22.7478 7.30872 9.04694 415.867 0.938549 58.7341
47.3363 11.1693 7.96547 9.89076 387.613 0.954308 58.1907
45.855 26.7531 1.94984 38.0983 423.025 0.931306 61.5992
58.0579 9.58226 7.14962 31.5545 408.022 0.935377 60.8873
50.1348 15.3905 5.27562 23.2329 417.797 0.93637 59.2985
49.3768 5.66116 2.98769 24.5675 409.666 0.936673 59.1008
52.4027 9.81192 5.88016 108.826 399.844 0.940922 65.7997
34.2558 32.1566 7.84864 41.1969 400.271 0.95418 63.4734
59.8087 50.2753 7.19001 31.1336 385.552 0.951666 63.9806
54.2172 66.5742 8.27388 57.4691 378.113 0.952636 69.1487
39.5738 23.8811 11.6848 10.6457 408.09 0.942426 59.5012
47.1289 28.9104 4.89102 18.1545 416.397 0.935695 59.4022
46.1884 33.7455 20.4536 22.3911 397.878 0.94514 60.9071
49.7202 41.3892 19.1773 56.2011 367.591 0.975777 63.3701
51.5162 33.4802 14.4686 88.4484 383.412 0.960682 65.1902
55.7111 69.3437 13.3449 38.4077 403.078 0.933506 66.5271
51.9957 48.8279 15.0882 47.4222 417.883 0.933991 65.1831
58.0626 10.1279 8.58203 0.131749 393.187 0.947517 60.7444
60.5084 4.21766 8.58203 3.65173 389.856 0.953898 58.9109
53.2886 1.836 8.58203 1.39465 397.41 0.953898 57.8389
46.5362 7.09976 15.1019 7.93546 357.825 0.990726 59.075
50.9046 25.7671 15.2373 17.4124 408.847 0.941136 59.3252
47.1755 16.3348 19.672 17.93 417.871 0.937286 59.7912
56.1759 24.0332 23.338 18.8442 377.118 0.965286 59.9552
47.7646 1.89592 13.3653 2.03688 382.911 0.966366 56.8084
59.4258 3.60521 12.9075 38.2833 375.432 0.965552 60.8127
54.5495 20.2613 7.86877 6.6714 372.384 0.96972 57.9343
50.7073 12.8833 9.0733 6.77159 382.834 0.962016 56.7411
42.0507 19.3672 9.05691 4.46534 416.08 0.936043 58.8312
41.4509 22.2282 8.42972 0.0904666 415.29 0.939044 60.3467
44.079 3.99967 19.9889 3.54578 376.121 0.976249 57.9837
42.3143 6.49971 41.2513 19.5374 360.99 0.979248 62.0555
43.2179 18.0248 33.8241 27.8456 374.18 0.971574 60.2106
50.3379 12.0025 7.18389 34.6218 420.884 0.931913 60.0432
45.876 8.53413 19.1585 3.20453 420.751 0.934997 58.657
47.985 17.3214 49.176 12.7105 368.138 0.977879 60.4648
58.7369 22.4718 53.8544 2.08926 362.212 0.97724 63.3288
51.6706 42.2456 65.7333 4.67217 366.229 0.979337 64.2506
55.3519 44.2931 32.9965 2.58933 406.378 0.939262 62.2421
36.5756 29.2432 13.086 17.1637 365.141 0.986445 61.4728
44.0713 36.5369 18.9018 8.55928 371.639 0.975654 59.2297
54.7139 32.7248 13.3029 22.5057 369.484 0.97038 60.4002
54.2131 27.4857 3.73522 7.78699 353.794 0.983705 60.9413
50.1284 22.0075 9.88777 11.4043 404.108 0.947328 58.2339
50.3058 32.7641 20.8801 3.45053 387.62 0.962016 59.2863
50.3782 12.0339 15.2524 6.87173 396.662 0.952771 57.2384
