3004.73 9.54225 49.8627 6.16726 21.6025 56.0935 11.6931 17.4869 0.0759184 12.6779
3329.5 12.4002 24.9165 1.73153 19.0814 41.0701 24.9097 17.8323 0.0344326 12.9738
3121.02 10.7779 21.4432 38.9544 11.1781 28.4329 24.971 31.3036 0.000887146 8.86204
3146.17 4.61273 29.5666 26.3427 4.62604 7.1594 2.14904 12.9006 0.000887146 4.46468
3140.07 5.73771 29.5666 21.2972 4.86385 8.46028 9.60915 5.02219 0.000887146 3.83416
3026.66 5.09402 31.4904 22.5202 7.61383 8.91877 1.36922 1.92667 0.0825829 8.4015
3091.78 13.4439 10.3889 31.1207 37.0543 6.98496 5.57769 37.1681 0.0402649 9.30218
3158.58 7.22956 11.9048 26.4073 3.80149 34.5978 20.1092 11.3506 0.0414683 7.51466
3095.31 5.37033 35.8613 17.1376 1.8488 23.3142 3.93948 0.486413 0.0470964 7.84092
3221.06 39.8672 14.387 1.2815 8.46424 12.9245 6.66213 14.226 0.260806 10.7583
3185.62 11.4233 5.07367 4.21999 55.3333 16.1661 28.2827 1.31239 0.128186 10.65
3167.9 10.0887 10.1073 18.3797 5.67048 29.6502 6.04304 0.184625 0.146381 8.48311
3172 18.5006 22.1344 33.6702 7.37329 15.2951 0.707283 13.2756 0.0153806 7.54499
3033.75 14.1835 15.7397 40.7697 17.8918 8.878 34.3346 10.4485 0.0734568 9.71451
3100.38 8.97182 3.53634 30.916 15.0676 6.76451 12.3943 3.69691 0.115015 7.5851
3120.35 5.72459 26.8264 9.15732 46.5137 34.655 17.1676 9.56753 0.053228 10.3077
3092.66 35.2207 40.4328 1.92916 6.02389 2.46356 5.87331 1.41022 0.123242 9.73478
3091.09 13.2713 37.8956 4.27519 6.77016 37.8056 7.21584 2.14791 0.0648425 8.30918
3130.27 14.022 27.7988 4.44709 13.5947 12.0737 14.2724 40.4796 0.0384291 8.35374
3281.37 7.16407 7.27388 4.77157 21.1037 1.48178 10.1189 40.2868 0.00691948 6.66545
3271.34 6.25217 8.16022 13.6746 37.6829 7.64712 9.95079 19.8978 0.0152847 6.53141
2987.54 20.8921 28.7762 6.03992 16.3484 4.68562 8.90784 8.94306 0.0119267 6.99272
2993.86 18.4815 34.2155 11.5845 13.0434 2.1642 15.4654 14.7697 0.0350064 8.20747
3055.83 74.09 8.37884 11.8848 12.8681 9.64639 10.8086 2.72592 0.0501046 10.625
3126.98 4.34063 59.1716 18.8138 5.78342 10.9183 6.23772 22.2673 0.11904 10.5137
3314.57 10.9969 9.17303 11.4194 3.2041 12.5635 13.4117 13.1823 0.0596158 6.37727
3226.28 11.7058 5.61072 8.94177 29.6752 4.47094 13.6837 3.15548 0.0231225 5.16227
3310.95 5.89905 11.7227 17.4139 1.5449 21.8867 4.29448 32.1626 0.0243503 7.61207
2962.54 29.8471 26.4731 23.6881 34.7042 20.0662 4.56026 9.81808 0.000789178 7.78524
3085.6 11.1622 33.1761 14.0114 29.9514 5.93563 4.7453 5.93438 0.0744749 7.33098
3244.8 17.5169 5.94681 11.6192 17.916 1.78162 34.8564 11.9422 0.0618505 7.92256
3164.31 16.8844 12.0309 8.32672 6.67009 3.48423 12.2834 43.6826 0.0505336 8.2175
3042.77 48.0027 26.8703 7.47447 44.5071 21.468 9.55378 18.907 0.00165091 11.1965
3095.24 48.8082 28.0437 2.63707 30.9158 10.2229 9.43131 22.7729 0.00165091 9.93029
3168.24 16.3438 25.3161 13.4849 9.79704 14.007 9.57586 16.4719 0.00212876 4.68897
2946.64 24.7497 7.78962 21.2536 26.9397 29.6633 9.35156 2.30038 0.00737088 8.91627
3076.52 14.9323 21.6233 15.8972 28.0432 14.1101 14.9535 5.14257 0.0869309 7.66883
3065.27 8.42935 22.8282 4.11096 22.1129 26.7567 2.19941 10.4592 0.0743155 8.2475
3058.94 5.88617 24.2411 7.05724 22.1324 8.27847 6.59539 15.0425 0.0466993 7.35669
3062.52 26.7338 45.5619 6.69214 9.32491 2.78557 7.4166 17.2906 0.0628457 8.5584
3085.93 11.9872 40.0546 9.80987 11.3908 12.7347 28.4832 6.37387 0.0213642 7.10342
2977.23 9.34245 4.99498 60.975 9.66785 9.1203 16.0944 6.78795 0.0352901 9.54098
3156.49 4.78502 25.8172 19.7658 9.92714 10.7691 4.11901 17.761 0.10505 7.07814
3236.67 11.3058 5.79962 3.488 10.0627 55.5936 18.3902 4.46039 0.0306115 8.18027
3329.76 10.7843 6.31811 6.09507 14.8724 30.9893 7.35702 10.3371 0.0075317 5.97049
3255.5 6.08142 15.5141 8.81425 12.1102 65.8474 14.4566 6.81199 0.0026214 8.33726
3287.88 5.77724 21.3898 3.93089 30.0413 10.2373 24.6313 16.7481 0.0146046 7.66772
3045.18 1.63748 38.1491 33.4315 9.64298 29.6179 33.6612 5.70322 0.0249675 10.3434
3147.57 6.49423 26.7344 30.6765 7.14087 1.38153 29.4568 20.5774 0.0120447 7.659
3094.15 1.75462 20.1575 21.3089 1.29205 10.663 4.20593 25.6483 0.00778209 7.3708
3148.08 30.2151 14.1279 10.3025 9.87214 9.28632 8.2374 7.27375 0.0977533 6.73676
3058.63 19.8725 15.5748 2.18734 15.6049 4.3568 9.46594 5.7883 0.0450787 7.21334
3141.43 16.9934 23.2358 2.02219 43.2459 30.1923 1.16993 8.01225 0.294635 12.44
3183.53 10.6369 4.53847 17.6974 29.5748 4.04539 20.2911 6.49854 0.001251 4.47363
3155.89 32.3215 6.67188 15.2333 6.95218 31.6754 65.9515 14.044 0.0660823 12.8769
3080.86 33.0295 0.734593 7.10087 27.7453 32.911 48.3077 24.6424 0.00405963 11.6372
3176.32 21.1963 0.734593 12.4109 21.0184 32.7789 14.422 38.1806 0.0154234 9.3858
3243.47 5.13365 0.734593 25.3503 10.354 33.9445 9.08024 4.03527 0.0473841 7.28217
3097.93 12.7067 35.1162 15.0539 8.93523 3.08714 22.1775 8.17996 0.0319442 6.69959
3078.3 20.2816 15.5574 5.93826 38.6015 6.20898 18.0161 10.2744 0.0292669 7.15546
3085.1 36.9435 3.71681 14.4113 46.564 5.54862 3.18951 37.0003 0.00401771 9.22302
3289.04 10.7634 4.31237 16.8117 20.1857 16.9542 6.93926 20.6485 0.000545276 4.9096
3154.12 2.82341 47.2119 4.60204 12.8938 39.1478 4.2562 23.894 0.0103228 8.81083
2993.98 9.39799 44.9865 7.5378 10.2426 41.327 2.84191 24.1436 0.112436 11.5315
3046.19 42.6391 36.3654 6.06109 14.8103 31.6185 8.16493 31.6416 0.236624 14.0973
3193.98 4.00858 16.9221 0.448854 30.7869 10.3875 7.26325 25.5049 0.0691146 8.24491
3114.47 20.078 17.5224 4.64249 19.3167 19.5751 5.01147 33.0379 0.000862094 6.01433
3067.41 6.57548 46.4678 7.57485 8.21784 42.6599 7.07927 24.0438 0.0366776 9.6081
3057.49 10.7784 42.963 7.48095 15.9908 23.3877 4.8114 16.8528 0.112602 9.00499
3044.84 28.3095 24.7476 11.4783 4.75988 49.1677 5.13951 19.2958 0.00194503 7.99162
3295.74 3.33059 4.41296 19.3421 13.4012 19.0516 6.142 4.91455 0.00963028 4.59207
3331.12 7.96222 4.30872 19.6702 4.0126 4.56261 10.1039 9.49723 0.14075 7.27094
3228.82 8.31315 12.1522 1.39026 11.6462 14.9226 15.5791 8.66556 0.283968 8.60707
3200.69 2.14766 15.7975 1.39026 11.8445 5.32805 11.8117 17.3612 0.105735 7.51292
3402.12 3.07053 2.25342 20.1114 2.64311 10.2855 1.91891 11.5068 0.0370461 7.30955
3384.03 3.65657 9.79266 6.05347 15.0287 9.6982 17.7269 10.4575 0.00500926 5.65414
3225.32 8.0384 28.7712 22.2111 2.57009 37.1672 9.96246 15.3724 0.163985 10.9156
3080.26 17.8218 19.3438 21.2131 4.76566 40.4147 17.7567 12.5057 0.0283981 8.17188
3134.48 31.2192 20.2434 9.7064 3.39943 12.5258 9.67793 8.2675 0.026759 6.07075
3145.07 10.6099 19.2168 5.14676 19.0912 60.1937 5.14859 55.9199 0.00861355 11.7085
3164.91 1.11732 33.3999 9.28814 23.117 26.5213 6.0428 29.629 0.00555487 7.73252
3372.06 0.399206 8.3113 6.14558 18.2147 15.7849 14.4126 22.4333 0.00253273 6.7369
3002.23 5.09698 15.6926 15.1142 47.3628 5.21934 17.1314 17.1232 0.00227104 8.5256
3050.19 64.4682 15.968 10.3783 15.7597 7.93151 11.0464 19.6053 0.00208776 8.87548
3090.2 6.03578 31.9563 16.8309 6.78652 12.5476 11.9992 17.6896 0.0017331 5.17132
3112.07 16.5926 25.0723 15.7043 2.51242 22.7912 6.41225 13.1678 0.0332665 6.50101
3129.45 29.9563 18.7346 2.16371 29.8841 11.1101 15.5329 7.01327 0.056117 7.88384
3148.17 29.6748 1.87984 14.6989 5.41456 24.324 25.7567 15.5469 0.0142224 7.42754
3056.72 42.4193 40.3081 2.43506 24.4296 16.0793 20.7099 6.91039 0.12882 12.2793
3287.31 2.70538 21.4866 27.7905 33.1391 33.1871 14.8901 1.28911 0.110859 14.203
3141.71 34.3362 0.962649 2.00363 8.98961 24.0452 8.58592 24.8917 0.137668 10.2015
3043.1 21.4925 26.6798 8.07368 37.8204 19.7509 6.29934 15.4613 0.0447999 8.54438
3096.77 4.47988 1.75346 3.52251 66.2714 15.7646 1.02392 32.9983 0.157749 13.1993
3292.78 6.24681 4.77235 24.9794 7.76196 6.12126 12.0208 5.12278 0.0476692 5.56593
3108.38 15.2035 8.14407 10.4516 30.6944 7.54084 13.011 5.62093 0.0589698 6.5156
3124.12 23.0777 10.3085 15.2061 12.848 3.8324 10.9111 5.62093 0.0276068 5.22497
3215.33 17.8616 16.8435 17.5283 14.7403 6.65613 13.6555 21.3435 0.0503516 7.15831
3123.45 20.2623 20.8258 22.9837 5.87214 5.91233 6.91692 14.396 0.0215321 5.65679
3230.67 24.3899 14.67 16.263 5.48222 19.483 2.38908 28.8009 0.195302 10.3325
3239.51 14.6863 11.9823 23.2424 8.78266 7.21786 24.0206 12.6976 0.182163 8.7731
3244.73 6.05592 29.2109 14.0465 37.9763 10.4494 7.24707 6.23128 0.227185 11.2576
3109.9 11.6484 28.4482 16.6062 37.2244 24.7658 9.78435 4.00486 0.0908289 9.35531
3114.69 11.951 16.8046 45.0076 22.0468 6.97281 3.37465 4.85928 0.0120422 6.59565
3128.32 7.70441 1.55785 34.9229 36.863 0.394307 24.1892 11.2811 0.0471518 9.59645
3125.86 4.16559 14.3682 36.7359 26.1261 16.0846 8.60786 12.1478 0.0222929 6.89235
3168.92 5.35747 7.90857 54.6522 9.74843 2.0189 9.25029 11.4358 0.0309318 7.1088
3144.34 4.35285 9.1084 46.9177 20.0023 4.94999 33.8977 2.63911 0.0517628 8.87901
2987.29 31.7401 3.40918 59.6557 5.66559 9.75137 2.19848 11.2788 0.121745 10.7569
3067.74 35.2258 8.06011 14.0832 2.94002 8.95187 4.50772 17.7684 0.0194184 6.62183
3205.69 8.99752 12.2824 16.8967 0.840868 2.06732 12.1135 6.46055 0.0225361 5.34753
3262.83 8.12426 13.8944 15.3902 3.75881 18.3903 13.0316 35.6456 0.00121757 5.85492
3158.71 7.57967 13.313 11.6507 3.24828 29.8587 8.70924 9.41521 0.00121757 4.38401
3129.74 4.9832 11.0587 14.6672 4.88041 24.3879 23.2151 31.3505 0.000570372 6.80789
3158.11 7.2585 26.5477 6.34893 1.27948 1.29315 18.1849 17.9566 0.0444469 7.51081
3116.05 11.4625 6.52582 33.7276 6.48438 8.60779 7.86935 24.9401 0.00576274 5.72219
3203.56 31.4388 2.63654 32.1982 1.44767 2.5717 10.657 3.12978 0.0177541 7.28837
3250.8 8.81437 9.44352 10.4045 10.4356 2.1224 8.6475 19.3448 0.0666355 5.96762
3274.97 20.9488 6.56428 3.38522 8.28788 12.3434 18.7097 5.6748 0.0134009 5.38563
3061.35 23.9091 20.9469 0.891034 16.6555 7.08618 2.44863 4.49712 0.0221729 6.70586
3193.97 3.82116 16.052 35.0384 12.0467 4.03271 11.1658 16.6354 0.0908206 7.42346
3060.18 8.1287 24.7297 58.606 28.9978 5.06475 2.68297 15.9775 0.191109 12.6037
3100.36 19.0158 19.452 6.53501 2.33365 22.7451 17.0817 15.648 0.0184493 6.80544
3056.27 12.1108 40.0112 3.04334 17.6239 19.9519 13.9364 31.3249 0.0631535 9.65749
3009.9 6.05975 30.2159 22.0881 9.68541 24.7674 2.81643 6.34812 0.0291052 7.76956
2981.62 24.7948 49.1455 24.3396 2.57868 8.28234 6.15834 2.43096 0.0332847 8.62248
2979.87 22.2908 27.7306 6.65759 18.4327 20.2352 43.2941 12.1962 0.0169619 10.1024
3182.72 9.89744 27.2272 9.41268 5.35763 11.2155 53.5247 26.7151 0.00224175 8.32022
3081.94 13.6893 3.32319 1.73941 21.0603 11.2208 2.34593 4.99426 0.0532657 8.31919
3153.61 19.4351 5.39124 23.1963 24.0455 19.846 1.54302 46.0479 0.0106495 8.76066
3136.06 11.5136 1.31515 20.6721 21.5632 40.295 29.0006 7.14177 0.197097 11.3408
3201.61 46.092 5.22309 9.87319 21.2593 25.1228 9.99306 9.63545 0.363505 13.0169
3124.69 21.7192 4.00634 3.79929 21.8281 19.479 11.3218 12.608 0.0767044 7.48403
3095.66 4.05916 1.09527 10.8653 15.6485 66.2053 18.8848 16.2613 0.133834 13.0738
3124.9 1.28368 33.1361 33.9728 11.9394 40.519 6.90876 24.4473 0.0062395 9.58267
3098.37 4.32566 30.3915 21.93 12.5965 14.5127 29.9965 81.9064 0.00302804 12.4687
3059.94 24.698 16.9779 0.273264 17.6183 45.6496 34.5078 24.7046 0.00376409 11.2651
3041.78 14.7798 25.8034 3.13052 19.4563 42.4718 3.01542 16.8483 0.0416974 9.23337
2930.95 22.1115 31.6323 30.9415 20.8414 14.7638 9.28511 6.94762 0.0909504 10.0984
2998.16 6.15085 67.281 21.4462 8.34176 42.2664 1.74483 11.9177 0.00258444 10.42
2921.43 10.1645 45.6107 31.9506 6.90509 25.9587 3.51125 5.31286 0.0153044 9.43117
2915.94 17.2051 21.9271 47.8267 29.1972 6.33696 12.1006 14.812 0.00409278 9.46231
2943.02 37.1976 32.0079 15.914 28.4961 3.88367 28.5482 20.0712 0.214629 13.5303
2857.16 46.4515 18.9694 24.0327 5.15248 11.9803 19.1568 4.24775 0.140044 13.0209
3064.56 19.0138 9.5283 23.8505 26.9875 28.1854 17.0655 7.61903 0.166761 9.9213
3022.12 15.4529 10.3149 21.6596 42.1925 27.7917 15.2188 19.7578 0.139638 11.5209
3026.72 26.5386 31.9589 22.0071 9.53334 14.2308 21.6752 12.4508 0.200893 10.6189
3194.19 5.91633 12.2063 35.2758 11.423 13.9371 19.4793 9.54772 0.0164752 5.99197
3225.83 14.8285 19.7745 15.1084 33.9928 11.3511 18.5838 19.2331 0.0020786 7.4674
3247.17 28.0451 0.417856 0.420827 5.47853 7.52806 3.77879 13.2876 0.322587 11.3422
3081.05 22.4067 13.5892 20.57 5.89454 8.02293 49.054 20.8376 0.029935 9.30099
2996.16 13.1093 13.7768 65.5213 11.241 25.7213 22.6228 14.3182 0.0121097 10.4712
3236.94 11.5016 6.17164 25.7217 10.2394 13.801 4.8436 11.5382 0.0761654 6.22557
3107.11 13.7513 28.6284 34.396 8.64841 21.1521 26.0658 12.4901 0.154358 10.715
3149.69 10.8251 13.068 25.0119 11.2164 24.5811 19.2792 6.19413 0.179143 8.50342
3290.4 4.69158 6.55675 25.8819 6.28393 15.5208 9.55424 4.39859 0.186717 7.74934
3198.43 18.2315 19.0698 46.1371 5.82579 14.6725 8.6345 0.521569 0.0455643 9.91642
2790.62 6.64511 26.0406 51.2069 29.3498 21.5604 13.8598 13.5565 0.105739 17.1438
3012.42 8.11133 17.3315 25.2091 44.918 38.6573 5.39493 5.54353 0.202216 12.4085
3082.78 9.1787 35.4267 20.2038 49.8238 14.0106 2.51648 11.432 0.0801941 10.6598
3032.71 17.1602 4.81687 21.6258 51.3926 19.1662 5.5449 15.3072 0.367594 12.9494
3020.06 7.9754 10.8564 34.1736 19.694 7.0891 20.1246 43.531 0.247996 13.1925
3032.59 19.0095 17.7239 31.151 15.4038 17.9738 14.0537 22.5113 0.0679909 8.93167
2979.08 21.2274 51.4106 22.6048 3.60262 10.0543 8.35462 18.2873 0.100564 10.2523
3004.05 10.5479 42.9143 29.684 20.4122 4.47905 8.81633 25.4605 0.0145642 8.70147
3036.51 30.561 17.3987 25.9582 5.75529 19.3262 4.65107 13.0958 0.000814503 5.54461
3048.69 37.1736 21.3062 1.2167 19.2666 15.1984 3.75843 14.6028 0.00617715 6.86794
3020.02 14.1191 25.3273 18.8352 18.0513 36.7445 17.5695 26.7932 0.00938463 9.20837
3197.07 18.0568 5.71091 3.83392 9.43363 11.4911 15.5427 50.6234 0.0332331 8.6814
3118.57 16.5783 19.2544 39.109 1.77069 4.99887 2.90956 10.8838 0.0400574 7.00899
3225.73 1.4007 6.3086 11.7144 2.96702 12.9348 14.7233 6.01404 0.0175514 5.1703
3215.7 4.18369 19.6161 3.86395 25.5806 23.5525 17.6998 1.28524 0.13415 8.47408
3188.22 9.40633 11.1902 10.643 24.5907 8.04063 12.6627 6.6108 0.000105365 2.91621
3268.68 18.6287 12.1792 5.42895 5.20983 11.5924 7.16556 25.9635 0.0104669 5.75204
3178.17 32.5096 12.5551 10.878 24.7994 14.1887 3.76467 39.3058 0.184996 11.5358
3054.57 52.0895 1.14063 1.75939 4.57632 20.6274 22.1486 24.4826 0.0678474 11.3565
3080.96 47.9114 1.14063 4.15006 3.39267 24.1846 29.335 26.329 0.0136074 10.1904
2984.97 34.1762 4.99306 13.4678 37.5969 45.9689 6.98704 7.60374 0.00701926 9.71231
3040.17 28.4584 29.226 18.0837 22.3711 23.0703 30.4534 10.7375 0.0186798 9.4834
3037.89 23.7511 25.8913 18.2588 26.5842 41.7642 10.6082 14.3179 0.104139 11.2075
3066.69 14.5345 8.43545 23.0221 18.576 33.0391 21.5678 18.6759 0.116308 10.0643
3031.92 15.4792 17.3356 25.5859 33.993 39.4615 10.0883 1.67084 0.0464675 9.9958
3350.44 15.1896 1.21241 13.5243 7.17803 6.33427 11.635 6.19881 0.13782 8.0738
3258.18 4.57048 17.4777 5.30454 5.39213 10.1674 30.903 3.82744 0.0757758 6.86321
3263.18 1.86517 16.6226 5.04263 35.5829 31.5986 1.61509 20.8688 0.132287 10.5599
2955.09 10.1451 15.23 25.0457 49.6061 11.1314 9.55886 8.46593 0.149322 11.5641
2957.76 18.8186 18.973 50.2207 11.2912 3.25425 47.5435 26.5186 0.123618 14.1
3066.65 6.03299 35.5207 6.23774 15.513 13.981 9.10314 39.0951 0.201065 11.0602
3003.56 5.91034 17.1456 58.3409 29.2286 12.7656 21.001 23.2648 0.119375 12.7499
2986.35 26.3297 42.4564 44.1348 6.1032 10.3871 23.9218 39.9547 0.0443013 13.5582
3064.57 16.2126 33.621 15.4409 1.24226 7.69866 14.7848 5.378 0.0496164 7.28002
3075.86 25.2356 29.4982 16.9099 1.98439 14.2738 2.02946 12.8258 0.0301497 7.07971
3219.57 5.12379 31.1854 16.2161 9.23445 13.1199 2.06433 17.3963 0.0292013 6.45415
3040.03 19.0188 10.1575 5.26934 21.1609 6.46839 7.25234 28.8973 0.0118168 7.90421
3225.38 7.14579 10.1494 24.8331 3.34985 6.28894 12.8402 12.8764 0.0261616 5.13318
3041.72 32.9807 18.4693 10.9291 28.307 3.72589 15.7307 6.27228 0.0154176 6.77385
2992.68 42.2263 15.3606 8.30965 28.4826 27.2105 16.2102 5.69144 0.0160376 8.6003
3048.09 16.6185 28.4102 8.61134 35.3563 29.4846 14.0465 1.80691 0.00647866 7.76252
2918.69 39.28 20.0076 4.95275 18.9543 11.1488 33.5042 2.31231 0.0122041 10.0104
3068.48 22.9408 15.5335 0.861925 5.55223 12.9262 50.4929 6.9514 0.0312494 10.0066
3230.6 29.0807 14.3213 20.6057 1.97659 9.61596 5.47586 3.99326 0.0578125 7.66074
3303.19 16.4181 6.89647 20.4859 14.8851 1.01183 8.75199 16.3255 0.0618498 7.93419
3260.23 14.8076 13.1332 4.37289 8.48356 9.30037 11.7532 38.7572 0.00284698 6.0008
3278.8 27.2037 12.338 2.5043 1.39969 16.0856 3.95585 36.4306 0.0645607 9.85436
3187.95 28.783 29.9167 17.5183 5.2754 51.0038 3.06925 1.14149 0.320523 15.2643
3179.78 21.9301 35.185 8.08893 5.0207 13.1851 7.93961 24.6342 0.0169533 7.49421
3227.22 2.02672 11.5514 3.50064 36.0727 11.7446 10.0225 29.3242 0.000957282 5.82935
3274.42 9.58448 7.45453 11.4013 20.8112 11.3223 7.53919 13.4577 0.000337475 3.44471
3114.88 13.9367 39.6639 15.227 18.8013 7.69838 24.3908 15.9672 0.001787 6.73859
3119.12 15.5942 31.1868 7.55301 13.78 9.90403 2.35094 17.3314 0.00318531 4.98212
3067.53 9.82502 39.9108 25.2893 15.4575 16.6285 5.68263 15.822 0.00849954 6.8686
3067.24 3.2509 18.8857 17.4917 8.25303 5.16655 9.63953 18.1767 0.116065 8.81589
3064.39 14.2534 17.455 27.0506 15.1815 12.1879 4.03015 26.9231 0.163233 9.34209
3074.65 0.645852 53.4584 35.385 2.74973 19.6666 17.8508 13.9089 0.0528667 11.1962
3030.07 17.7624 10.6617 6.52739 27.8689 13.7924 18.2843 4.14719 0.0215514 7.51783
3074.23 31.5574 0.176622 0.609922 21.0583 28.2521 28.0034 5.28175 0.00164762 9.43709
3178.34 32.1485 8.09572 0.925274 7.7738 18.4214 11.6889 15.3276 0.0107551 6.39311
3211.99 21.2866 6.29636 35.3424 4.4642 46.8484 31.149 22.2178 0.0109476 11.7785
3177.01 16.4081 7.80043 16.0846 10.6721 8.35376 70.2977 6.30107 2.62813e-05 7.23627
3206.73 7.72727 5.53994 15.2988 14.4403 15.9678 29.8056 18.9419 0.155908 8.62424
3149.32 16.6045 9.51089 12.9166 15.2491 12.5136 31.7191 1.49809 0.0602676 7.25163
3116.84 12.0542 23.2273 5.93211 40.6245 17.0331 7.65275 0.570602 0.187946 9.75989
3258.33 11.8866 9.3789 4.99529 21.533 7.09966 0.636619 16.3061 0.0259732 5.80763
3258.33 13.1463 9.3789 4.99529 16.7604 4.604 0.636619 17.0246 0.023366 5.66336
3162.16 2.46454 16.268 10.9624 2.48938 17.4612 6.37315 3.50104 0.0243437 5.52274
3093.59 4.69802 30.3459 32.0195 4.85224 16.8506 6.65491 5.20697 0.00738923 5.6548
3080.65 26.3464 23.3038 7.29382 2.87744 5.56975 18.4728 36.4919 0.00397996 7.5706
3122.18 10.8823 27.3465 6.7934 17.5423 6.51593 27.2273 8.95476 0.00223838 5.17154
3206.71 10.3439 2.83259 14.2939 17.5043 4.11672 7.91903 9.57732 0.00256492 3.59715
3113.38 21.5527 20.7839 13.1607 26.0415 13.581 25.9647 0.89227 0.000250304 5.91257
3106.35 4.89088 19.3429 6.92949 20.1933 8.99002 26.9898 45.6409 0.000250304 7.90396
3127.15 3.25992 45.5272 16.2048 2.16892 15.35 13.7552 46.7795 0.00259134 8.81178
3150.4 6.31361 23.3087 6.9331 3.86132 25.9579 9.21666 61.5458 0.0577697 10.7262
3120.75 6.31361 31.3517 4.29089 7.52185 35.5431 10.3374 27.2026 0.0577697 8.80172
3068.97 9.00859 38.5766 13.6895 8.56052 64.1455 11.9626 19.0507 0.108762 12.3738
3104.4 9.00859 38.5766 13.6895 10.858 91.5895 2.45882 19.0507 0.112368 15.9128
3093.73 32.7227 5.41594 8.62018 23.1115 12.0424 17.321 2.38065 0.254849 9.87836
2996.48 44.3085 8.60184 21.2929 14.8899 12.1998 10.1598 3.4063 0.0323305 7.55229
2991.72 57.4645 5.74653 22.9723 10.1888 22.6524 29.2844 4.65025 0.0195391 9.87721
2985.18 13.3044 7.17921 11.5699 34.0299 2.41584 4.07162 17.1694 0.0195391 9.66275
3126.62 19.2409 10.3404 7.6103 7.25084 26.3905 11.2936 19.2739 0.0195391 6.32563
3219.56 9.9741 12.7012 4.04166 2.97339 8.4899 7.19249 28.9881 0.200655 8.61388
3113.85 14.1711 44.3455 1.04778 14.5995 1.5911 15.4864 3.05041 0.0639605 8.24253
3183.92 12.9889 15.9378 18.6164 9.95524 7.59911 6.37582 8.3003 0.0160523 4.29311
3203.84 28.3054 9.1437 1.06778 6.61226 43.3348 5.73211 2.26451 0.0347154 8.15205
3158.02 5.64481 22.6556 9.14777 7.32457 78.1174 19.8987 10.1407 0.260963 13.9394
3222.06 13.6557 1.85656 17.4861 2.98325 15.266 19.114 27.9004 0.415447 11.4916
3308.12 7.25543 7.91512 5.9757 6.63695 18.5489 34.3682 56.94 0.0560217 11.1682
3114.23 8.89211 5.35647 26.6456 13.5688 7.77108 37.629 10.6971 0.0855891 8.57343
3130.33 20.9002 2.16327 50.0594 6.35274 2.44548 11.3361 13.9381 0.163796 9.65565
2909.5 63.5256 1.68595 23.7341 14.2003 46.2527 7.87377 18.4244 0.0926816 13.9953
3160.92 28.8894 4.2831 24.9632 4.86796 28.9749 4.95714 4.09366 0.105897 8.227
3083.9 26.8744 22.1165 2.64154 9.85922 22.2296 5.96468 3.74371 0.000257025 4.58832
3031.8 22.8945 25.0512 13.0642 30.6438 3.17046 22.9365 2.3671 0.0264251 7.82569
3020.54 25.2445 12.6509 17.315 2.64117 7.95537 4.15547 5.47874 0.0622002 7.8783
3217.38 1.70006 9.69845 13.7774 4.17294 11.0111 15.9794 26.4899 0.0305578 6.57027
3287.9 5.75908 4.26707 11.0721 33.3328 13.9986 12.8927 6.29247 0.0271387 6.10539
3164.02 6.0476 9.5375 4.68615 48.8224 8.2429 10.5974 32.7981 0.0124291 7.68027
3112.25 33.9403 10.5779 3.5936 5.41871 5.56572 1.98214 30.0991 0.023273 7.55054
3094.38 59.3247 9.74983 6.38242 15.6056 20.9519 8.08267 20.9752 0.00105181 8.38598
2923.15 72.2571 24.4372 2.94136 13.9066 21.0355 4.6101 9.02554 0.00105181 9.18984
3024 32.3039 29.0355 17.2566 16.2482 21.5656 6.57838 24.3062 0.0152404 8.36231
3014.92 55.2291 16.66 31.306 6.61094 13.4727 7.21021 5.91773 0.0188643 8.92877
3081.01 30.7251 6.7391 23.9272 42.1833 6.18604 9.30428 5.42413 0.00689537 7.04979
2868.09 56.0141 7.58931 3.82526 25.2179 54.5856 31.8403 5.42413 0.00268754 13.5098
3046.25 18.3837 0.38494 47.6668 12.9574 43.3762 9.61316 5.1846 0.00172655 9.02641
3084.53 3.95738 12.5516 46.5742 3.81646 6.78925 11.9244 13.0208 0.0571692 7.65863
3154.71 13.3545 30.6204 16.42 22.5805 44.6426 4.18732 20.8656 0.075668 11.1966
3185.88 13.9616 28.4152 2.76129 16.9188 30.0673 9.90214 6.67098 0.00399918 5.88936
3192.42 39.8722 12.3172 1.49392 17.0822 28.1844 18.802 12.7649 0.0689397 10.3915
3156.31 26.9618 1.52191 16.7955 19.0418 16.1913 12.2908 20.3117 0.154738 9.12898
3148.41 0.348709 18.8038 2.18679 30.9853 25.5793 41.51 15.1557 0.0931964 11.6862
3262.41 4.37324 18.4732 13.8092 18.9702 12.6803 33.9578 5.06315 0.13683 9.01756
3263.36 11.8377 7.89097 15.7463 3.92405 6.13311 25.6417 2.74573 0.0916788 6.83491
3110.68 21.7213 41.5532 21.6656 14.7987 16.4776 10.051 10.2444 0.261267 11.6907
3180.89 15.2847 23.6577 49.5199 20.4737 21.8655 16.9133 4.74032 0.21071 14.854
3294.08 7.40548 15.1928 8.00935 3.92674 15.6231 8.07617 11.5707 0.171256 7.33968
3224 3.57062 21.6664 2.52951 5.09534 12.8656 3.71071 10.4887 0.0751101 6.12202
3293.49 16.8993 29.1071 26.9943 5.76731 8.67721 0.925022 11.5845 0.112102 11.8028
3066.73 2.84973 5.32324 55.6682 6.45158 12.6863 14.1425 22.1623 0.449442 13.1732
3011 68.6707 19.176 31.1394 7.78754 7.2887 16.3856 37.6428 0.101975 15.1337
3104.62 28.1042 51.4983 5.73332 14.586 4.03509 11.4986 20.1352 0.0134372 9.17815
3134.57 22.3343 9.82603 33.4971 15.6418 1.06774 38.6809 8.18231 0.00212343 7.41807
3006.15 38.9394 4.85547 83.1982 21.9459 4.44572 4.02288 5.14068 0.0034952 12.7222
3153.4 11.3677 27.1309 16.9837 18.8571 6.09213 38.5608 6.47594 0.0114357 7.08417
3100.28 19.0821 6.34794 17.9757 39.3459 0.717139 8.95267 7.53051 0.0242353 6.9913
3140.49 9.12649 9.35517 8.11161 49.2317 0.148219 0.84633 15.4047 0.236943 11.3627
3200.59 23.2248 9.93872 3.0807 44.5734 17.192 13.544 9.09686 0.482744 13.3487
3238.76 29.5788 22.3507 4.0981 3.88891 0.935826 21.0783 3.47759 0.306215 11.312
3282.74 3.13774 23.1029 14.8057 9.90595 10.957 11.1033 1.85044 0.0577506 6.49018
3162.67 45.2796 12.0432 6.89118 2.20892 18.648 16.8369 1.69698 0.101577 9.44384
3117.38 12.3486 19.9095 2.34909 10.5758 16.4654 51.7061 29.9531 0.0725559 11.2018
3050.08 7.93941 9.81914 28.415 12.2363 3.92468 16.5615 34.7387 0.183277 11.1728
3044.95 23.745 17.3959 28.3559 12.0283 18.4774 32.5207 15.3216 0.373751 12.9624
3024.43 71.7602 28.0784 34.8118 16.9818 1.70293 1.79883 9.18472 0.260493 17.1454
3290.15 4.27097 7.22926 5.40142 19.8194 31.9456 36.8567 1.33474 0.00266891 7.22716
3345.68 7.13169 0.868453 24.8694 6.87887 8.62487 2.09511 4.70336 0.140202 8.22268
3187.87 7.12052 21.5431 15.0498 15.7693 34.6962 17.0206 9.96227 0.413064 11.8484
3187.87 19.2716 17.1162 6.05697 1.85435 26.4876 23.7653 1.45108 0.126385 8.78265
3066.59 19.2716 26.6094 8.47562 1.62917 26.9622 27.8869 1.07269 0.0216801 8.34949
3118.04 2.66792 19.3397 8.74583 3.61189 74.1046 18.3208 19.4146 0.0140225 10.8368
3094.53 5.1757 25.6367 23.9397 5.4756 41.9783 14.7092 5.86501 0.0391621 8.16732
3303.18 3.78113 10.8367 8.57869 6.30163 40.1419 3.07648 2.43135 0.0153642 6.09264
3227.31 6.68436 10.6211 11.0492 9.28503 31.0724 1.09526 3.58809 0.0480201 6.08408
3190.48 3.87867 14.5346 14.3284 33.1447 20.87 16.6154 8.95833 0.025052 6.63495
3031.32 9.81422 63.1508 10.5902 16.6727 9.04796 5.55243 5.61859 0.04798 8.43666
2995.79 21.188 23.1642 30.6666 1.63312 20.3386 7.97938 4.56997 0.0989671 9.20909
3124.94 23.1086 9.49273 29.6094 26.495 4.56792 11.8209 5.23045 0.356973 10.7305
3202.37 16.4965 13.6921 13.0824 12.0896 15.3663 28.0351 3.87421 0.364938 10.3193
3189.97 4.14636 12.3187 7.16976 30.6368 9.24322 7.76646 2.11445 0.079114 6.19902
3193.98 5.91194 12.8951 11.4192 27.9066 7.80588 44.714 12.5617 0.251894 10.7478
3209.52 7.15324 21.4273 13.2575 6.80133 5.57645 4.42476 19.1642 0.115126 6.74766
3140.77 7.87542 13.34 39.5466 7.53673 12.3048 12.6519 40.7663 0.0204804 8.17131
3146.03 12.8443 14.1215 29.6714 6.31922 19.855 23.1986 6.2851 0.0174481 6.22211
3269.01 5.10243 23.167 1.5563 9.44352 10.5885 20.2538 13.5876 0.00604657 5.34141
3269.01 3.50432 9.05839 6.51155 9.44352 8.83052 19.798 3.5762 0.0125204 4.36163
3220.13 9.19653 1.93385 2.35443 41.0553 24.1228 12.542 4.6178 0.000127134 5.28359
3179.73 14.1721 30.8477 5.66827 10.6471 33.1108 11.1809 2.01571 0.000127134 5.22243
3188.49 20.0632 32.7988 1.10259 18.3865 20.5027 4.94872 0.809108 0.0412005 8.41658
3145.46 19.9445 49.0434 4.33057 11.2813 1.65601 8.89302 3.54604 0.103407 9.12194
3087.33 24.2243 16.1938 35.2548 8.23863 17.484 34.3615 1.42162 0.153996 10.8445
3110.89 5.24349 13.684 9.11347 27.8603 21.7717 41.2978 4.30255 0.0239847 8.41936
3233.58 9.24056 1.08951 16.2878 16.9099 7.52244 6.29703 13.61 0.0679476 6.11189
3110.41 7.82981 7.39076 37.1384 15.5333 31.9619 0.758959 3.00572 0.071628 8.4508
3163.27 1.2371 12.4848 19.1541 9.04993 1.96496 2.03881 22.6437 0.0274679 6.78864
3147.49 16.4058 14.2546 14.5197 13.2068 22.9427 13.0479 22.9985 0.0587574 7.30532
3085.2 7.31337 41.301 12.2511 17.9937 34.4224 27.0788 15.6014 0.294761 13.0486
3095.66 16.1372 15.4348 16.7437 15.0346 60.8751 15.515 38.3095 0.0803027 12.696
3096.28 6.04427 36.7898 27.7906 6.23138 26.4558 16.2657 8.4634 0.0172046 7.44886
3288.46 4.7007 42.032 3.53161 7.12526 18.7098 2.19902 4.46824 0.0225997 7.80501
3186.18 2.43507 29.975 10.7615 9.54094 4.99789 24.0217 4.53684 0.00451481 4.9615
3274.31 2.57153 13.5197 8.37998 8.64643 4.99789 51.8007 3.88623 0.0173219 7.22347
3185.94 11.5644 17.242 3.54831 8.5713 3.10108 31.5568 7.64083 0.00175878 4.89568
3191.64 24.5049 2.19652 20.4416 3.84468 3.30245 14.4287 2.39218 0.00175878 4.59792
3184.83 2.64107 45.0704 4.89845 17.0268 46.6736 26.3336 6.04129 5.21135e-05 8.91029
2995.06 8.67413 33.9878 2.67037 7.54505 51.2336 4.1304 6.49762 5.21135e-05 8.08499
3110.23 32.7117 8.86738 7.39451 20.5889 1.29071 4.20335 14.7449 0.00344506 5.43373
2990.76 22.5684 3.60151 21.8569 9.64808 49.1204 34.0427 7.82983 0.0394324 11.9283
3110.01 7.33462 20.6507 41.776 5.56205 12.224 31.2576 13.7676 0.201692 10.6153
3057.56 38.2818 5.4299 25.0419 35.7408 38.257 5.6132 13.3108 0.0497703 11.2791
3179.44 33.9981 23.5326 15.8878 7.13549 11.1665 3.93282 15.4446 0.108619 9.23455
3079.75 17.7413 15.2414 10.855 12.7386 5.96704 6.36297 10.7706 0.0459102 6.15319
2892.72 42.1666 31.9167 35.9366 9.80212 17.8925 14.2362 9.59186 0.0542724 11.1328
3035.64 10.6791 31.0831 7.76104 12.8029 16.8422 14.712 10.8265 0.0855635 8.22406
3036.28 21.8346 27.178 34.6096 24.355 1.2062 26.4525 8.11018 0.0924027 10.6083
3268.96 17.2995 27.9041 12.8087 9.6638 12.6382 5.51133 10.1526 0.256456 10.3711
3172.96 19.5167 14.429 2.26797 51.3733 6.33952 18.0514 2.09748 0.110013 9.661
3140.7 5.07062 26.8279 2.42012 31.6818 18.3718 21.957 5.49533 0.0449275 7.67468
3030.27 9.60157 11.3973 4.42801 29.9523 19.5595 49.4554 18.2037 0.0367415 11.8396
3159.54 2.4389 14.5139 28.5741 22.6331 20.6391 35.2861 5.19113 0.12513 9.88222
3223.02 11.5385 10.0026 26.8933 2.73541 24.0374 13.1892 7.04342 0.196868 8.59796
3166.27 26.4809 8.92398 12.7645 12.7432 37.1102 4.48207 13.6312 0.170099 9.3262
2807.46 28.1794 54.1699 32.0144 11.3844 32.9521 29.0778 4.9441 0.00557312 13.5834
3011.88 10.5251 34.5036 30.8048 5.79955 16.6052 25.2401 8.29125 0.03909 8.68228
3074.2 26.1192 8.99016 27.1453 24.6066 13.1718 21.5063 24.3217 0.0661008 9.34054
3092.7 11.4519 7.02352 15.1706 17.0832 8.20277 11.2113 22.6902 0.0122227 6.31909
3201.76 0.0716379 9.91074 15.3045 20.2867 30.4059 3.3725 4.6937 0.00352804 6.42095
3117.08 14.6464 25.3223 8.93195 7.05717 38.8394 16.2191 13.9757 0.076536 8.49517
2837.86 11.3172 61.0549 4.45392 4.33275 39.8414 14.0825 16.368 0.161679 16.256
3076.7 4.62653 46.9753 4.41243 2.61154 5.38309 6.36774 39.3407 0.141552 10.9634
3059.87 53.9442 23.4427 1.61629 9.45442 9.52723 25.1762 1.9979 0.113671 10.8751
3071.47 10.5132 24.8702 3.6575 11.5221 30.8056 16.0996 18.7983 0.140866 9.78577
3103.42 21.553 38.7398 3.92637 6.71952 18.2556 21.449 7.33862 0.0978279 8.72091
3007.37 19.5454 40.4499 18.0982 2.12929 8.59253 20.2988 7.27689 0.00307316 6.7711
3073.59 3.85385 37.5243 5.70061 21.3639 5.90902 48.1016 8.15683 0.0141861 8.82209
3177.39 11.4624 13.631 11.4613 22.9265 9.39004 6.10361 9.1273 0.00569683 3.91452
3136.42 14.0736 6.43852 20.1061 36.3738 10.5569 23.1749 7.45225 0.00454893 6.00549
3119.71 23.9658 28.2144 41.9798 12.6316 6.34489 16.9604 3.72234 0.0517856 9.95417
2996.73 50.4332 19.2672 27.9223 20.2959 19.5776 16.1553 21.4788 0.00316646 10.0091
3277.84 2.96818 9.19158 18.0956 26.0012 26.2222 53.7415 17.352 0.0417643 11.5743
3300.24 4.33468 6.62205 10.2987 8.83213 45.0388 49.7128 4.26748 0.144901 12.1258
3080.97 6.04115 15.7529 30.7312 35.5369 10.4018 13.4421 11.6459 0.0363813 7.66558
3151 7.22355 7.12734 5.32913 26.2901 3.38115 3.22102 4.30704 0.0595025 6.24793
3298.01 2.67324 17.0467 9.24472 4.53189 25.5753 5.43293 1.55952 8.26668e-05 3.82752
3290.91 2.67324 18.2724 14.2833 30.6207 25.5753 5.54809 8.02952 8.26668e-05 5.96041
3356.68 0.997176 0.971771 7.72726 37.0076 8.11874 21.1116 9.07614 0.00894304 7.60097
3145.83 14.7528 1.48493 8.28527 53.8373 18.4089 21.1078 45.19 0.0957552 12.7445
3150.23 10.5217 8.06115 4.9779 17.5729 20.3163 16.3864 35.0664 0.0433662 8.18405
3188.28 7.37043 5.63533 34.0153 20.5439 6.96408 6.25455 23.2997 0.0737732 7.41124
3132.67 9.71493 6.70917 35.1107 10.5713 6.96408 13.4901 14.0844 0.162895 7.97108
3185.23 28.855 19.4886 10.3198 6.54496 13.5856 26.7141 2.91863 0.0666547 8.11
2898.52 52.5506 3.89997 11.6199 14.0756 21.5197 8.26917 9.81086 0.0836478 11.5832
2920.73 20.4853 37.8541 9.89807 4.02185 50.8641 12.7578 11.7687 0.15348 13.4277
2955.49 51.9976 33.0092 9.62232 4.19279 17.2964 6.16991 4.82674 0.135429 10.7116
2879.54 45.3622 29.7321 8.72431 33.2315 18.2288 18.3837 21.4002 0.0895277 13.0354
2878.97 38.9365 57.688 3.20513 16.4709 48.2672 30.0265 26.0151 0.0155513 15.6175
2923.45 6.46506 54.1094 8.58027 26.3015 33.8106 19.308 7.05827 0.00786456 10.727
2995.75 13.5462 35.1518 26.3343 20.9702 45.5479 13.6496 1.84277 0.0438556 10.9685
3166 5.87351 21.2152 26.0922 38.5957 17.9103 26.6127 4.6618 0.0146057 8.80967
3120.38 21.5368 15.9721 6.46585 12.4042 2.42991 32.0026 13.7256 0.00353102 6.01428
3182.02 4.94197 1.24974 33.2844 19.943 19.3712 2.21566 0.587443 0.00631666 6.22675
3113.68 24.208 17.5156 29.2009 4.4422 19.8582 30.1823 7.22809 0.000292487 6.28619
2899.61 5.04201 63.2673 38.9064 13.8378 10.6918 20.893 1.31826 0.0256296 11.9298
2899.61 3.26784 11.0212 59.2794 14.3516 32.3387 21.2083 1.90406 0.0346731 13.7956
3174.01 11.1395 6.13643 12.2994 27.1814 32.4002 20.8685 14.01 0.110678 8.91295
3143.08 4.88504 12.6312 10.5146 19.3659 2.94313 36.9091 3.16738 0.469919 11.8855
3164.02 27.9017 6.31505 17.4693 1.67479 23.623 49.6505 7.48492 0.000372211 7.72855
3115.39 8.92594 7.64402 32.4202 25.3066 2.71402 39.9827 3.26261 0.000372211 6.49802
3099.55 10.4468 7.64402 28.1578 23.8985 15.8992 48.5381 11.0514 0.00626884 8.40613
2963.96 27.8055 56.5367 0.771507 24.0123 26.4836 14.6895 8.07711 0.00976853 10.523
3084.71 10.7712 28.7844 5.4274 21.482 67.8153 12.5048 14.0795 0.00464648 9.94263
3090.63 10.5975 25.7417 29.9973 8.03925 43.4001 35.1935 27.6664 0.00788767 10.8899
3092.89 20.0499 28.9359 14.2947 22.3892 7.31673 14.7064 24.0761 0.00678067 6.75721
3156.16 8.58487 31.3889 16.3372 39.5648 6.46 3.92082 18.1718 0.00533283 7.14696
3156.27 28.6806 1.73702 13.9457 39.0206 14.2786 8.54786 10.3567 0.00341025 6.55268
3219.98 24.4721 8.11223 25.5231 13.3345 14.8915 14.8624 19.7601 0.00867492 7.10504
3328.35 3.93339 1.43625 18.9098 8.19308 15.1393 9.36062 3.98663 0.150639 7.51365
3328.35 3.93339 3.67649 21.5726 8.19308 26.0258 9.82975 1.84939 0.00209062 5.19609
3237.09 3.77764 7.74389 9.36913 40.4522 35.3311 12.5321 4.57969 0.052208 8.51531
3240.97 0.307932 0.400104 10.0832 16.3964 32.3775 14.5482 0.370976 0.0517714 9.36851
3305.05 6.59249 18.9367 8.75121 38.7365 30.8114 27.8747 1.89001 0.0294564 11.6635
2976.58 8.52021 7.76527 56.6609 10.9504 12.2519 16.8889 17.1122 0.0258782 9.76451
3019.95 8.36915 15.3318 44.794 4.97459 25.0239 10.9934 30.9543 0.0514578 10.2151
3110.37 20.0965 29.6572 9.52869 7.26191 16.7731 20.3289 42.0687 0.0823333 10.158
3127.01 1.04978 35.6382 0.44487 9.18247 28.792 17.0935 31.9734 0.000977791 8.69663
3087.03 5.03758 9.40359 17.8633 25.3695 22.4908 3.95993 21.4997 0.0136972 7.1029
3080.15 37.6821 6.14791 16.241 4.67042 24.2646 30.6274 3.39544 0.0767571 9.22084
3084.27 13.2583 8.05144 33.1461 7.818 24.7259 33.718 7.00037 0.00758265 7.36546
2982.74 19.0744 9.65542 27.9496 26.9887 1.18771 28.9232 25.4031 0.0185124 10.4649
3168.47 10.1641 31.8832 4.65874 7.84559 1.97059 17.6022 9.34269 0.0131025 5.45109
3099.58 5.152 34.809 21.8528 13.3389 7.82434 13.6815 18.8246 0.120707 8.43555
3092.53 20.9751 15.3336 11.7139 13.9137 2.82001 7.41346 32.8637 0.375545 11.6332
3164.85 20.3348 19.6021 20.6054 14.9707 20.7607 10.8769 39.4451 0.0417597 9.34763
3146.46 13.3143 16.4977 41.1655 10.5408 11.1753 6.63083 17.2443 0.0159502 6.55269
3233.27 10.9783 20.346 39.7849 11.1668 37.3669 12.1412 46.0155 0.0347945 13.911
3027.83 19.0992 29.3588 2.44209 14.9093 22.7293 12.4531 20.4413 0.0900023 9.5048
3189.32 0.399392 33.0845 14.7709 22.1899 2.64607 8.1577 1.20072 0.099269 8.49237
3096.77 10.1927 21.9051 33.6127 6.55336 13.1163 0.387113 9.0929 0.178321 9.10457
3069.15 5.97131 6.65773 28.4427 30.4919 30.4967 19.4374 9.80007 0.0872138 9.74282
3158.49 4.86281 2.31169 46.8887 19.9279 21.4102 13.7686 5.2464 0.0136361 7.16961
3214 8.26145 2.62854 28.7842 18.5823 14.233 14.424 8.70293 0.000128332 3.96943
3194.59 2.7052 16.2011 8.74328 24.0954 13.561 5.72561 24.4998 0.00134277 4.75402
3237.2 8.81739 3.2862 11.1372 31.252 13.7161 4.96272 9.56955 0.144168 7.30538
3095.68 36.8276 5.52963 28.517 1.91786 9.53789 5.30186 9.65699 0.10402 8.22468
3273.71 18.9132 5.41388 6.99085 13.3563 3.62178 17.1465 31.6771 0.0926704 8.39859
3261.06 0.77084 24.4681 7.8139 4.51037 3.90376 7.52372 28.7528 0.0872527 8.00957
3136.16 6.42022 27.9857 1.07197 15.3999 20.6442 0.582487 27.7811 0.125123 9.86768
3016 32.4468 9.79909 37.0302 18.0033 0.94003 5.02635 19.5887 0.0207947 8.34367
3101.27 24.0428 15.8519 14.9784 37.8564 13.3761 10.6701 7.19789 0.0217467 6.99909
3156.04 11.1181 45.3326 10.0521 6.35016 10.3109 31.339 6.04428 0.0122786 7.39859
3021.7 10.4651 67.7819 15.2131 4.84138 9.20059 14.3923 15.1353 0.000370217 7.40216
3180.43 13.6652 26.9192 13.8779 14.0599 5.2074 28.7144 8.8091 0.0408201 7.07708
3072.79 4.02014 28.3093 13.5451 31.1788 0.838411 6.17845 33.2564 0.0878924 10.0128
3265.15 2.16418 23.2178 16.7876 15.4271 33.0463 11.3319 22.4831 0.250852 11.9942
3304.49 1.18317 7.22653 17.7548 3.13909 10.1686 12.9305 20.0298 0.156786 8.08749
3126.95 8.2267 18.6498 7.56424 41.5938 26.3847 8.64224 7.73064 0.197422 9.64502
3134.76 14.4479 17.3743 34.5267 11.3523 15.0978 19.9809 10.3552 0.101889 8.324
3110.59 16.3738 2.46809 36.1452 7.09748 18.7446 1.29478 29.4398 0.0127364 7.61423
3117.13 22.101 7.00229 6.2952 31.7616 9.0694 12.7605 22.8247 0.0148883 6.59543
3191.15 7.48651 15.9705 6.21314 29.6477 9.56295 8.62552 9.98731 0.0148883 4.81563
3090.98 16.5633 33.6905 2.78237 21.0667 21.3952 3.57375 21.8052 0.0493648 8.19227
3059.58 2.10084 22.078 8.31451 7.73224 7.16053 59.0368 8.17333 0.243606 13.2255
3294.97 3.80244 8.02796 32.3775 21.1673 15.2758 7.80318 5.7765 0.209412 9.94661
3292.54 9.98719 10.4215 2.07595 38.3169 4.23059 14.6224 26.0968 0.022022 7.97263
3108.71 7.13537 10.0898 16.54 30.7343 2.35342 52.4653 19.1624 0.0489472 10.3023
3327.14 5.71247 6.68516 24.051 9.15809 10.1568 43.6632 19.01 0.0113324 8.4744
3282.17 8.03093 19.709 41.1099 1.954 13.3124 18.3458 19.94 0.00585948 9.13726
3249.84 12.9174 16.9987 41.0556 0.48267 16.7529 10.5792 17.1605 0.0189048 9.26935
3072.87 8.13849 13.3804 31.6316 14.7309 1.4624 18.2736 16.3882 0.016329 7.0347
3192.09 26.1593 15.538 21.924 5.75741 33.2459 7.02197 1.96199 0.0137233 7.53013
3077.1 55.6875 4.33623 4.85043 8.88692 28.7931 5.55334 20.6283 0.000343712 7.36169
3136.28 18.0454 6.15149 4.26457 22.7522 27.5558 18.1648 31.1528 0.00225241 7.15701
3117.71 18.2281 5.88335 36.447 17.8871 25.5484 10.0223 34.0229 0.178667 11.3038
3408.29 6.43913 18.8381 34.8469 10.4187 16.7941 13.7651 18.2114 0.0924124 15.3756
3116 5.6986 22.0415 8.99664 16.9147 16.3534 15.3997 23.4209 0.0213973 6.70054
3079.4 3.04676 41.4132 17.4914 11.7164 23.2241 26.5427 6.49615 0.0333595 8.35214
3089.15 17.2348 37.7924 12.2509 10.8792 12.0257 22.2962 23.2083 0.225001 10.7299
3274.88 19.8327 13.3944 3.17286 9.90503 9.33748 5.00368 9.92218 0.335861 9.27706
3259.05 21.0192 9.74292 7.85719 22.3464 11.3639 7.52741 13.0955 0.207087 8.73379
3235.81 9.50607 3.33762 5.07741 8.54464 33.8598 11.5881 5.30536 0.110588 7.20909
3073.06 9.74153 33.0491 6.53587 25.2229 21.8808 2.73704 6.93081 0.0182504 6.51979
3092.19 17.25 17.7112 9.10158 6.85882 23.8556 6.80051 44.4623 0.111586 10.1569
3134.72 10.5549 16.197 8.4223 15.756 47.8172 6.9112 54.0079 0.158615 12.7452
3097.83 20.6208 57.5817 5.84311 4.7369 41.0413 6.58385 47.4534 0.060098 14.3468
3253.75 14.4974 12.4412 18.3894 31.4291 16.1876 14.7408 15.4438 0.0157821 7.90214
3125.84 7.53172 3.63813 11.5183 10.2676 7.64518 4.02744 14.4694 0.0800656 7.41475
3155.27 8.33303 3.09613 21.2625 17.1173 27.7612 8.37651 17.6715 0.00823926 5.88666
3218.86 6.37388 13.4724 26.5101 8.825 26.3368 7.8499 31.0226 0.00182198 6.16728
3183.65 4.35879 19.174 20.3489 21.9309 3.90078 12.2792 9.43323 0.000367914 3.76001
3188.73 3.78924 13.9449 14.5986 23.6647 42.7106 5.2297 5.92228 3.1128e-05 5.00772
3260.84 4.60852 4.2565 9.55395 11.518 20.2182 30.1783 0.915201 0.00248251 5.334
3206.37 30.6428 26.4318 7.54231 1.47809 14.212 2.48382 5.2893 0.00152479 6.25638
3241.38 13.2316 23.0195 18.713 5.12528 14.4459 2.41801 6.34523 0.0110588 5.46358
3037.27 47.5368 16.2821 18.138 15.8437 3.91039 10.4832 12.534 0.019821 7.57925
2868.13 89.6654 11.3467 3.39323 17.5662 49.4142 29.5312 7.38412 0.018327 15.5747
3023.7 25.3847 14.6762 17.4629 17.4847 20.3071 43.6402 8.79297 0.00381279 8.30033
3184.35 15.1874 19.9105 13.2064 17.5005 9.36197 7.83719 31.682 0.00473598 5.84231
3143.29 14.7398 21.3567 6.11099 11.1579 16.8349 5.72735 28.4212 0.018301 6.24614
3072.81 35.4674 2.50005 10.5795 14.6763 49.4999 11.7917 4.5565 0.010597 8.32255
3165.81 30.2774 13.2223 9.51256 20.756 3.7063 6.80329 31.4377 0.000322115 5.83871
3272.1 12.6542 9.93582 6.55888 22.0476 7.5161 4.58061 3.28911 0.0020394 3.68156
3288.15 2.81697 10.3351 16.6874 25.7015 13.9027 12.8368 6.71972 0.0113129 5.50875
3046.26 15.0424 28.4777 21.7015 36.5906 1.72797 3.0694 15.7132 0.00732176 7.31995
3124.2 5.76774 16.8881 49.8628 5.38903 12.5756 28.5412 2.25814 0.00732176 7.32143
3084.59 13.5222 4.2879 51.3115 6.66069 17.2525 34.3531 12.4464 0.00068579 7.47684
3168.45 33.0576 5.27161 27.6538 29.4045 19.8269 42.8096 5.25576 0.00800976 11.2319
3087.65 3.27993 15.189 52.05 14.0373 26.6089 35.6087 31.5832 0.00363491 10.8554
3080.51 12.1728 14.5452 23.828 12.2919 17.518 63.1067 13.8669 0.000489849 8.69064
3288.66 9.55987 8.63628 21.5401 1.85878 14.2551 8.63529 8.8166 0.001667 4.1981
3227.97 2.89949 0.344639 3.59242 56.9246 14.5244 8.93197 16.8268 0.0051076 7.99588
3069.66 30.6963 12.8394 2.44277 12.8402 11.0915 19.7821 13.1077 0.00486075 6.18818
3253.79 12.8898 2.81971 16.8316 15.3398 29.7811 6.45473 10.2213 0.00482679 5.2811
3363.32 11.6659 3.60841 6.04398 11.5057 4.15481 4.88816 1.97059 0.00483071 4.70569
3110.42 4.21762 19.145 17.4292 27.0867 17.0819 11.6616 5.813 0.00481946 5.23254
3054.28 27.9189 39.7716 17.0614 26.0837 6.94328 26.7731 21.139 0.00483771 9.5555
3004.21 13.6581 39.3449 22.54 23.5206 14.151 23.8887 14.0461 0.00516891 8.14243
3023.99 18.6733 14.458 14.9234 27.8291 11.5244 21.1498 7.91277 0.230941 10.3601
3250.86 13.3094 5.21942 7.41885 31.4356 11.5483 37.6602 10.9865 0.138216 9.65026
3084.42 13.8714 6.68885 38.5249 31.9935 13.8319 21.2257 8.90456 0.0302633 8.24311
3188.64 8.00761 6.27265 18.1207 7.25616 36.4273 3.83408 2.83465 0.025041 5.81939
3139.52 7.31969 2.09794 22.3896 28.7821 32.9375 26.72 3.62416 0.0926962 9.67808
3101.38 27.0954 9.78511 7.4646 15.6385 11.0907 21.6521 11.1508 0.00309828 5.25071
3274.22 36.3584 6.02438 1.31862 26.8094 18.6697 4.59528 36.9026 0.00281104 10.5265
3230.42 3.31562 13.1548 15.559 49.2035 7.88731 1.80112 4.82887 0.00812618 6.5445
3233.22 9.59529 30.3342 18.2968 10.9889 14.0031 25.851 1.8415 0.0258573 7.87381
3116.81 3.2502 16.3672 12.1999 32.9917 21.3504 6.06654 13.6406 0.000705555 5.21807
2848.21 21.9727 16.0518 20.2669 44.7563 18.5602 9.8007 2.27642 0.000705555 11.1557
3125.52 10.9632 9.69832 43.167 14.1676 25.8022 3.43835 43.3418 0.0193423 9.5258
3269.41 17.8603 4.68735 6.11315 9.20204 1.15502 6.18187 8.36639 0.268817 8.43121
3035.79 26.2236 9.47638 62.3662 13.9567 9.59848 2.25316 8.80256 0.107154 10.4455
2884.32 23.2849 61.8617 33.0904 24.6088 22.0599 1.82022 43.0356 0.104257 16.8577
2947.72 16.571 30.7253 32.3804 37.6303 24.7417 4.77715 35.7238 0.00951423 11.7201
3000.11 24.4417 30.2356 6.85681 11.0191 11.2947 8.60659 42.8552 0.00951423 8.98413
3048.92 8.06451 16.4503 9.63918 8.16324 33.3527 39.3681 21.1625 0.0304518 10.6724
3004.81 21.6111 14.0011 27.9691 2.0598 44.6834 21.3135 42.8479 0.257178 15.4392
3136.1 10.4905 19.4388 13.7562 12.117 35.52 9.55423 2.11531 0.0629556 7.14542
3245.41 17.9773 18.2758 9.09345 2.79764 8.5987 9.26571 3.90373 0.00568322 4.4421
3324.68 2.77517 21.3699 0.783499 7.28539 8.67445 7.15633 12.9447 7.87032e-05 4.17318
3326.71 2.77517 13.6662 0.783499 2.13212 18.348 7.15633 17.1089 7.87032e-05 4.62295
3341.13 3.5364 11.2911 13.4735 1.24028 9.4486 8.43835 26.6921 0.122758 8.45928
3157.32 6.40245 18.0537 10.0704 7.3271 2.18585 51.2338 14.8845 0.167027 10.3149
3159.48 52.3947 4.07189 23.7229 7.3853 29.1537 8.71492 24.3042 0.261865 13.9131
3044.58 28.6507 10.5687 25.1056 22.3205 17.3894 10.0459 34.0683 0.250632 11.957
3047.01 22.8152 31.9381 0.606551 14.6624 31.7728 6.86728 20.9365 0.103027 10.4752
3022.87 29.7378 24.3169 15.7429 9.97274 38.5647 6.86728 4.09093 0.0392234 8.38255
2814.64 23.5964 28.944 38.457 8.83075 20.3949 6.10329 16.657 0.0148344 12.5069
3189.37 13.7576 28.6069 4.16261 11.8423 11.565 17.9206 15.2197 0.00666809 5.45468
3175.87 13.2321 27.2953 15.9071 1.87669 3.38107 50.1594 8.96045 0.0492318 9.16939
3075.6 5.87643 24.0297 16.0509 12.8947 29.6097 30.1074 20.4609 0.00194794 7.61602
3057.64 12.5473 13.6409 34.0438 30.8051 23.0867 17.4793 4.80359 0.130176 9.94468
2956.73 14.571 17.6166 69.2983 4.63891 27.4752 27.9579 63.6829 0.0921654 17.6521
3267.91 6.68019 21.3735 31.9482 3.2142 24.7368 23.9932 23.3738 0.0122832 9.50894
3372.63 6.22365 9.1376 11.1156 6.83847 25.6391 8.80695 7.61426 0.0182721 6.48106
3189.04 15.4079 12.0869 3.30499 7.11287 25.5815 8.06002 6.10436 0.0209017 5.16359
3188.21 3.90947 5.77785 15.4896 28.6935 35.9223 1.47036 29.1686 0.0120988 8.00026
2934.57 29.8654 12.6436 85.4194 5.72995 14.4792 24.3542 38.6939 0.00822461 14.8036
3196.83 26.8396 11.8462 18.0384 18.6864 2.30023 20.0686 3.31256 0.0938858 8.21896
3183.94 25.9711 13.5439 7.29836 7.45253 1.81045 11.5822 3.31256 0.0675951 6.35801
3156.71 7.47619 63.0558 19.0875 8.67543 0.83581 7.9741 8.64291 0.0194492 9.66581
3047.18 13.736 20.5956 18.3258 30.5097 2.75897 17.9057 17.6005 0.0220712 7.56842
3179.8 6.50769 9.54536 28.4721 27.114 0.292564 21.6867 29.8278 0.0429259 9.3092
3172.56 31.4551 12.7203 2.86382 1.70386 12.256 5.6189 5.98402 0.0559058 6.70499
3132.2 20.49 9.01082 19.4798 7.52597 17.9274 15.475 46.6871 0.0259134 8.63491
3220.13 9.9159 20.3283 21.416 3.5052 2.89528 9.95473 13.6575 0.0483513 6.11576
3260.77 8.03819 29.5464 6.41336 13.4432 4.73106 7.42365 9.48436 0.142188 7.62753
3245.78 1.54828 12.5281 6.13632 25.7456 23.2635 2.64884 8.91185 0.129112 7.62083
3080.05 5.33137 10.2133 25.2259 2.19502 5.21759 1.71378 22.633 0.203631 10.5638
3050.15 9.6315 6.38117 57.7657 4.50139 19.6864 19.4089 45.3268 0.141047 13.0493
2982.4 33.9633 1.53246 24.7064 7.23901 12.31 24.0475 4.587 0.0223861 9.02002
3005.28 2.76065 40.0059 41.3136 7.36532 3.26491 36.3063 7.79173 0.00524129 9.24622
3249.27 13.0991 13.2798 33.1396 46.9548 1.02757 48.4504 22.5269 0.0182833 15.393
2851.77 43.2828 2.32066 39.2365 22.7412 22.9325 33.633 24.0226 0.0204126 14.4544
3071.55 45.4833 11.5175 40.6921 29.0252 9.30465 13.8488 53.1013 0.00560969 14.0738
3122.35 38.7381 10.5187 22.574 4.49258 6.04965 14.9986 70.0676 0.013814 11.5186
3120.47 34.3152 10.7807 13.34 15.6509 4.42601 3.5752 32.6543 0.00680078 6.77819
3073.78 35.9894 14.972 3.3221 2.52064 23.825 21.5955 33.352 0.0206549 9.4739
3095.77 45.4795 6.98886 15.6047 17.667 10.8686 13.2582 30.6015 0.0138562 8.40828
3014.94 11.7652 48.2339 9.85459 30.1681 18.481 18.326 22.2872 0.000594779 8.20755
3169.89 11.2403 8.12525 10.8974 14.6169 13.4244 9.97935 25.6283 0.0294577 5.98065
3216.28 7.87126 4.81587 2.84499 21.0137 49.4319 11.0754 2.89292 0.16454 9.53565
3172.18 8.72323 5.36301 23.5466 17.2655 30.1308 14.1309 15.5633 0.358052 10.7392
3220.97 8.57196 0.719035 15.8825 4.39964 32.8794 1.07671 20.001 0.130195 9.10417
3197.84 5.40462 0.640333 10.2604 9.72479 10.3742 3.67449 38.4995 0.22869 10.5115
3288.16 9.99974 3.25494 17.3175 10.3819 0.73958 23.3607 21.4802 0.239532 9.96963
3175.06 11.1258 0.629216 45.0355 1.79199 9.5302 20.9709 7.34718 0.00996789 6.93538
3238.37 7.60045 2.10437 17.4371 17.4064 4.72473 12.5117 4.00997 0.0801948 5.96026
3199.5 12.6443 1.04107 7.74728 34.4925 29.9793 8.21065 5.08294 0.0451817 7.52475
2994.84 41.8239 11.5346 5.89662 33.245 18.3936 6.8981 94.4023 0.000192708 13.6677
2957.52 60.4927 10.0519 8.95711 24.2464 30.4933 5.532 44.2635 0.000192708 10.7103
3031.24 20.2464 3.38785 7.50816 60.9344 26.8446 16.0254 43.4864 0.000192708 11.1897
3075.41 31.2165 9.77564 27.7186 3.42472 24.0951 25.6303 39.3164 0.000192708 8.52903
3164.1 40.4803 3.66511 7.37704 11.8222 18.7543 31.7716 4.76979 0.000192708 6.41273
3113.99 16.8462 24.9851 7.37704 5.10029 23.4296 25.9992 4.16576 0.000245266 5.06991
3163.67 5.01465 28.1937 34.1491 12.5825 12.4693 32.0828 12.48 0.00465874 7.58349
2976.01 3.53943 37.5863 36.4608 11.6924 12.5845 13.3732 5.06245 0.0838831 9.66838
3041.84 4.55661 41.7407 31.414 11.0207 1.98375 2.98615 6.78824 0.0451202 7.86726
3041.84 28.7014 15.3428 26.8023 11.0286 1.98375 9.89423 12.9286 0.0840705 8.05591
3235.19 9.13253 0.312592 9.75242 12.0404 26.0185 27.8718 4.93291 0.0181438 7.08976
3321.32 11.0111 21.2501 20.827 1.8779 16.5109 7.95612 4.93291 0.0181438 7.54922
3218.57 10.5484 1.90997 13.128 1.8779 4.57493 4.29981 22.6148 0.00867876 5.5239
3246.12 5.6568 17.3266 3.52236 16.2363 9.65364 27.757 4.85548 0.00142213 4.44021
3152.89 33.0214 11.3992 16.0403 7.27294 16.3755 6.05555 12.8966 0.000344218 4.57192
3242 9.66652 4.5678 2.87777 11.0376 17.0545 20.172 5.95073 0.220553 8.05183
3257.38 7.25818 13.4383 22.8687 0.842347 15.8041 84.1311 34.0811 0.0160619 13.7913
3229.96 2.94581 12.2382 26.6861 9.73489 9.01884 74.1264 27.6348 0.00697208 10.8632
3112.96 25.0816 5.32033 13.5921 8.44331 12.1154 36.9433 23.4472 0.0200552 8.07745
3126.38 19.4666 14.0172 3.73258 8.47705 5.81752 61.7664 15.4405 0.15041 11.4228
3061.1 15.7589 19.0005 24.1155 8.2609 43.8729 24.3423 16.0955 0.145499 11.1923
3214.42 5.41324 13.6766 8.43362 8.38915 16.2397 32.9496 16.0761 0.406148 10.8239
3377.08 3.75932 12.0691 6.16636 8.38349 32.3044 5.5377 7.23699 0.190676 9.70761
3275.44 21.2376 5.94191 13.9858 8.29837 33.9283 8.21791 6.62483 0.168141 9.2972
3028.46 30.6941 24.0482 31.8757 8.42254 2.79025 9.9097 6.87176 0.30557 11.0912
3088.07 28.9197 3.13508 43.4368 8.58183 9.57826 6.55017 10.9991 0.156844 9.16187
3090.02 11.6207 9.61439 48.9321 15.0863 33.1277 12.4903 9.48496 0.0887398 9.80106
3006.75 14.8699 10.1724 52.2261 0.742256 53.9805 9.30162 2.32381 0.0633625 12.1304
3082.67 16.8126 5.98951 28.6255 42.877 19.0968 8.61586 6.31681 0.150153 9.86372
3184.6 6.16083 24.5561 1.26926 18.3994 5.22919 6.91384 10.5449 0.37093 9.77803
3181.12 18.6321 1.29549 6.16527 12.9927 5.58424 9.10022 11.7719 0.192314 8.1085
3111.87 31.7856 21.1169 1.55973 8.48097 0.123165 2.54763 9.95422 0.118882 9.67253
3185.23 3.40038 33.8416 4.37198 5.36349 19.8518 19.1991 18.9626 0.00120708 5.56869
3172.19 11.7798 25.3148 7.59898 5.47128 6.69595 9.82248 5.78513 0.0322632 4.97267
3055.9 19.0587 26.7297 15.9978 7.04498 40.3803 9.32541 26.6122 0.000583664 7.32907
3134.7 6.08994 15.2655 6.2045 19.49 5.70901 5.8615 11.4527 0.000807872 3.8774
2981.12 26.3365 10.8978 34.2064 27.2341 7.04548 3.89865 3.45011 0.046596 8.31844
3043.31 17.9642 51.1452 40.3336 11.8007 47.5157 0.818187 6.81113 0.0621585 15.3136
3124.02 12.8492 33.6133 23.2686 19.1178 34.2821 4.39437 20.2789 0.00257829 8.15292
3078.96 4.72175 23.8709 11.3679 15.8179 26.8023 12.776 15.9546 0.127822 8.85659
3175.43 23.0573 31.2255 6.45402 5.79184 12.9756 9.78707 20.9267 0.0466459 7.60817
3213.14 16.2013 24.3826 20.6747 14.3904 5.54971 9.76401 19.3611 0.00334925 6.00609
3224.35 10.0564 8.46411 7.30892 17.885 15.1104 0.114365 17.5744 0.00674165 5.74375
3012.16 12.3713 22.9784 11.8111 30.8015 25.256 9.24655 13.9393 0.0580925 8.90129
3067.55 2.63351 19.4818 50.7653 14.3596 9.16395 5.71744 3.67994 0.0523337 7.87339
2983.43 20.7438 34.7916 27.9074 18.756 13.123 26.5089 7.16203 0.0390216 9.36762
3249.74 20.6248 6.32086 7.86585 24.8294 17.1835 25.0872 23.6808 0.00243603 7.09236
3174.71 23.85 23.5505 4.78279 20.7689 20.1441 4.79826 73.7254 0.00243603 10.9632
3075.51 32.4928 37.8226 16.3392 15.786 12.7221 3.05317 22.7876 0.0433846 9.59622
3074.72 5.64024 0.945636 22.5801 68.3561 6.60853 2.34943 3.09534 0.0433394 10.1739
3008.98 17.3337 8.84183 48.5215 3.2694 3.04717 23.158 4.51879 0.0150161 8.12625
3104.54 11.2333 42.2334 40.6381 14.2095 13.0032 10.7344 21.7889 0.0736022 11.3005
3284.68 3.0336 1.94279 2.13287 24.8219 8.49165 9.28939 25.5068 0.0965059 7.89281
3134.68 2.24991 30.008 2.65577 22.6324 14.4296 7.46291 12.0393 0.0188957 6.14521
3117.98 2.23702 31.0765 2.54894 46.5606 9.55781 5.79798 10.1029 0.00600125 6.77289
3198.66 11.9337 22.6114 3.42955 12.1667 5.40876 18.3967 42.5785 0.132356 9.70701
3025.97 14.2104 37.7201 2.87458 9.90272 18.3711 18.587 18.8877 0.0673532 9.23688
3059.39 26.2055 2.13072 12.0398 4.16149 37.6593 26.0146 12.6687 0.0109261 8.82299
3023.4 36.9665 6.70821 10.903 6.21643 22.0909 38.5094 13.3661 0.00486218 8.5259
3124.27 20.8822 8.41978 0.506097 9.36306 8.02761 38.3298 17.7751 0.0288748 8.96753
3133.89 27.149 36.5193 0.848293 8.26474 32.7565 15.2749 37.6674 0.0427666 11.7628
3057.89 3.35853 6.89103 1.04532 11.1869 23.7692 12.9585 50.7465 0.132915 15.0728
3202.26 3.96777 32.5688 1.32461 25.7949 1.87696 3.79524 17.0374 0.0970086 8.28052
3255.94 5.31919 19.979 1.54327 29.6347 16.6522 9.83198 7.93558 0.182716 8.78415
3208.35 14.9397 17.0882 10.5568 35.237 7.70585 12.9455 18.2755 0.0182472 6.89609
3004.12 23.2896 18.3436 10.1787 20.078 13.0877 1.43541 6.08868 0.0375997 7.54449
3079.69 14.4855 17.9923 19.7858 27.4508 27.8188 19.1979 5.78544 0.0105223 7.11009
3058.47 27.8624 1.4237 60.9943 14.327 15.7762 19.618 19.1704 0.0114449 10.2949
3275.22 4.97311 9.45882 10.1147 6.78904 7.96294 8.25637 6.13118 0.02025 3.96558
3284.63 3.03528 6.46157 8.6841 4.08421 21.5869 21.0497 15.1461 0.00735941 5.28832
3191.29 8.88245 25.041 36.8812 1.76767 16.5084 30.4525 11.4166 0.175079 11.3018
3263.94 17.2514 4.8889 13.4099 26.4256 9.74771 9.57944 22.3283 0.0915172 8.12196
3230.33 8.94164 2.67658 24.1365 30.7614 6.27094 5.84547 1.73272 0.0548818 6.60738
3167.1 1.44898 68.0629 6.12765 5.53341 10.0606 5.84547 3.77666 0.00450663 7.72955
3110.37 10.2782 37.3184 28.3394 6.33936 8.43711 9.14453 3.547 0.00450663 5.49175
3056.1 8.6551 10.0066 39.1636 14.2043 12.9143 1.30878 4.44964 0.119863 8.39541
3078.2 8.91687 20.9334 32.1918 18.3158 14.9991 21.9139 10.9748 0.290483 10.7022
2992.53 8.79805 45.8522 28.0235 16.1244 1.06089 15.2486 12.1867 0.00570722 7.99897
3006.9 12.2816 33.9043 31.6642 15.2876 3.12648 18.1441 11.9239 0.00150361 6.69772
3029.68 22.9761 32.6623 20.6769 32.6863 16.0047 7.9431 11.7427 0.0297237 8.66426
3171.05 9.23109 18.3242 19.0677 11.1168 11.5239 5.41931 3.41561 0.106374 6.13857
3140.31 20.6423 24.0545 9.53909 5.63216 27.802 9.12838 15.5026 0.00402796 5.61987
3121.92 10.0854 12.9223 19.1144 4.81935 23.2957 9.0855 11.4489 0.00402796 4.79295
3190.53 21.6502 4.51625 45.8603 2.23113 11.4417 1.88823 6.12773 0.0013699 6.01512
3079.68 46.2826 14.2641 23.7063 9.12227 11.7897 14.9193 23.7676 0.00281333 7.91296
3090.36 14.8012 5.84957 17.8896 5.70674 15.3903 17.3214 5.09557 0.00266273 5.20287
3045.82 2.05048 9.59148 29.709 30.9183 12.6897 10.7238 6.10244 0.02691 7.89599
2996.54 18.2223 3.2026 21.2683 23.4465 8.83174 10.1768 7.34474 0.0266803 8.29456
3180.83 20.6024 11.9396 5.86069 19.9625 11.412 9.45068 12.16 0.0532263 5.95845
3123.5 46.363 1.6985 5.92723 3.9531 20.1197 12.8041 48.9689 0.0257318 10.6996
3111.91 22.1112 22.2112 8.46885 10.7535 32.0343 2.64028 5.11402 0.00672993 5.69027
3149.82 33.1552 8.14984 8.5471 8.76253 2.62565 11.2597 18.955 0.0697006 7.27994
3168.93 8.83145 36.1268 9.49478 6.33116 12.8327 14.8271 44.5665 0.0166127 8.30492
3201.89 8.96616 46.9257 10.139 13.7081 11.4862 12.9983 22.5011 0.113962 10.2585
3124.5 17.1607 6.19307 12.5284 2.48251 13.094 4.75295 6.20301 0.209766 8.4434
3201.89 30.7957 16.1503 12.781 25.2238 18.3231 6.03718 8.94462 0.135236 9.85019
3225.2 5.85487 1.0396 9.90804 33.5032 2.052 24.5026 17.3173 0.0083982 6.70338
3245.48 3.17003 6.15644 5.46695 29.0012 41.4641 2.7849 2.81135 0.0083982 6.50765
3268.15 2.53239 7.76541 14.9307 44.8922 36.587 7.09394 13.6883 0.0083982 8.92415
3149.74 11.0265 1.03242 17.8011 35.7166 52.6376 3.26863 3.88852 0.0155999 9.27361
3174.73 10.0874 12.7782 31.6 3.40706 34.909 10.326 13.7434 0.002453 5.9879
3199.31 3.35192 9.53078 15.3493 7.63652 39.1661 2.74488 2.84843 0.0312179 6.24514
3228.22 7.78531 15.1386 9.14348 40.6288 26.0857 3.86999 3.76607 0.102428 8.79092
3137.78 16.7232 2.644 33.3539 24.9226 5.45533 7.81776 11.3812 0.0969465 7.69563
2971.58 23.0263 11.0154 27.8568 10.8017 2.49945 14.6734 14.5057 0.106441 10.2492
3296.57 11.4819 13.0115 7.43291 7.19506 9.56664 24.3452 21.9695 0.0137565 6.27297
3129.58 7.03196 14.9325 10.2124 12.7178 9.39259 3.88227 15.4051 0.0601311 6.21862
3189.11 7.5035 24.7417 6.41242 32.8737 15.1458 14.7983 5.4299 0.00523748 5.53855
3198.28 10.7105 2.5973 5.48549 45.064 11.9966 10.7749 6.40026 0.00814638 5.65513
3109.39 4.38722 34.5679 41.0126 20.2166 17.7321 11.2425 3.33782 0.000187643 6.95145
3127.84 24.3028 18.6194 23.5479 15.7196 15.5592 9.16125 16.8196 0.0116572 6.45721
3036.28 10.3179 23.199 16.313 37.8988 2.83945 1.60736 40.0103 0.165967 11.8554
3022.3 7.54396 13.6811 13.9272 24.575 4.57986 37.5454 14.3402 0.0527174 10.3066
3100.15 10.7066 27.5477 18.1848 48.3885 19.8578 8.62847 12.7141 0.0133833 8.66159
3223.42 9.61456 20.9171 10.0999 29.0094 20.1037 4.72217 12.4822 0.00835568 5.95955
3033.27 26.5404 25.3089 25.0073 21.1524 6.77478 5.09302 30.3856 0.0995133 9.89638
3000.97 34.2846 19.2282 39.7656 12.1839 5.8811 13.3311 42.0067 0.319484 14.4135
3007.01 19.0703 23.4244 18.4717 23.8297 24.342 9.96882 44.1802 0.0201622 10.2363
3131.3 9.02968 42.1384 6.85986 6.8689 21.4257 30.5245 16.0749 0.0822433 9.36143
2976.82 15.044 40.4439 10.0034 2.28915 22.0221 13.0591 18.7483 0.0908429 10.4415
3056.03 28.4904 25.3725 10.5546 11.3147 21.6378 11.129 9.31621 0.0502789 7.34917
3042.91 27.2336 2.14424 26.8195 23.2486 16.7094 57.2029 3.90871 0.0199983 10.844
3008.01 4.99502 11.9319 7.83152 52.7281 35.1339 54.9556 0.882247 0.0199983 14.4714
2970.7 0.771318 5.66463 79.2998 18.5182 42.6043 10.8583 15.4275 0.000412831 12.7895
3059.61 17.5164 8.10166 19.1267 8.29209 28.9014 15.1013 27.04 0.0176507 8.15614
3269.56 10.2766 22.2984 13.4987 5.76785 12.5964 1.53829 8.0613 0.110431 7.26235
3156.38 6.53789 28.9896 6.12938 1.03022 22.2265 14.1844 7.44687 0.0302432 6.48869
3168.87 15.1684 9.65175 49.7859 27.3084 3.16989 2.52839 8.63973 0.313167 12.266
3092.76 5.25791 40.2905 11.8483 18.0433 5.74736 3.27171 10.4337 0.0561552 6.84747
3146.79 3.01657 25.7062 37.9527 3.57522 20.3251 5.96528 9.01833 0.0468088 7.36303
3103.43 5.70372 17.3352 36.8389 5.57511 9.46705 25.1931 60.6343 0.134946 12.7489
3049.62 5.6475 33.7617 15.5366 12.1968 51.7557 23.3751 22.136 0.0439856 11.2426
3035.82 2.89373 5.62 27.635 50.8493 35.0396 40.1184 5.24193 0.103144 14.2008
3076.82 24.1584 7.50814 6.55548 5.73134 46.5373 50.6152 13.0448 0.0416341 11.6699
3073.71 15.1486 8.07774 5.70348 4.58866 38.5172 11.1265 14.8879 0.170895 10.4537
3068.83 5.42289 8.46215 6.15894 8.91683 50.9463 8.72601 42.2938 0.17932 13.6216
3139.14 2.28704 9.49763 10.8891 22.8136 10.8978 17.3361 50.2486 0.30696 12.3667
3151 26.1178 19.0143 26.9732 19.4853 15.859 16.36 28.5654 0.14579 11.481
3192.57 36.1488 23.5096 20.6001 7.02627 34.0032 12.1198 3.81989 0.334835 14.1774
3102.5 7.98549 3.71281 48.9528 5.72903 17.8218 16.0849 17.6154 0.141139 9.51434
2955.39 6.32862 62.7588 19.9931 35.5492 13.6442 15.5617 36.808 0.0912431 14.2922
3106.59 4.34221 42.9062 18.6959 6.46361 21.7549 13.8004 19.2632 0.0209484 7.61134
3106.04 7.37062 56.2838 9.89905 25.1103 5.27371 17.7307 8.99159 0.00434396 7.58026
3323.18 3.82044 13.777 3.30552 15.6291 4.23468 8.39501 21.0735 0.162343 8.03456
3353.56 7.52126 5.07575 29.1668 4.0159 7.34187 9.73279 19.2784 0.348792 11.5422
3235.67 5.3631 4.35169 14.2694 34.1876 1.77638 5.59973 12.7674 0.224296 8.52245
3168.3 7.65937 12.9403 21.2657 48.365 2.05676 10.6848 26.7836 0.334667 12.5087
3321.4 13.7262 4.99534 20.5177 27.9572 17.5438 9.74443 6.06822 0.0649729 9.12762
3252.88 6.07268 7.18254 8.4348 26.1088 4.20636 13.2306 39.4263 0.0742515 8.23544
3022.53 23.3604 52.2576 20.5809 15.2146 4.61007 13.002 12.3636 0.00710038 8.25145
3239.72 22.7251 4.6843 23.9772 8.2888 2.53311 11.3336 3.74541 0.00852076 5.2882
3159.25 7.98747 6.04952 38.581 23.3166 4.06621 26.6316 10.331 0.0742998 8.27246
3143.91 9.4066 14.1494 17.8999 14.739 1.02067 5.25502 5.67749 0.0111791 4.66558
3064.31 10.7265 13.5352 29.0474 2.36465 40.3096 17.5555 2.60687 0.137037 10.0877
3268.77 18.4693 1.7348 9.87235 34.721 8.80393 3.10834 3.06902 0.0719105 7.62591
3142.3 0.539756 39.1051 2.5168 0.69457 29.7193 0.111966 3.39894 0.0482748 10.2616
3157.08 31.7275 5.41556 17.6268 35.3472 8.45094 29.014 10.0327 0.0295213 9.02405
3115.69 31.1971 7.97241 10.9567 23.941 27.3762 10.7667 17.8868 0.0707445 8.55547
2959.78 29.5204 24.4735 22.944 17.8142 5.96533 2.85804 56.8286 0.0254963 11.574
3241.91 17.9336 11.4364 45.7374 9.67393 11.3619 13.5489 2.91549 0.0242386 8.95333
3015.34 30.21 4.84977 48.0486 40.28 10.443 4.48519 14.6202 0.0161376 10.0119
3078.18 39.3538 4.84977 56.8999 11.4211 0.297885 2.89853 26.5879 0.0223108 11.6974
2901.4 54.8248 17.011 16.0217 11.4211 8.30764 22.1698 15.3695 0.0620443 10.8964
2901.4 26.4615 40.6406 20.1731 3.68381 2.69397 27.7019 3.54151 0.00408636 9.44606
3069.61 19.0509 48.8456 32.9295 11.6098 5.86239 5.39436 2.94045 0.00408636 8.08557
3280.13 1.21541 17.6421 15.7158 21.7274 2.63475 13.3424 6.74104 0.0330991 6.31301
3202.78 9.09502 13.5022 2.01351 34.1019 12.3345 7.05479 12.2269 0.140397 7.71243
3086.89 28.6788 34.1623 8.77324 23.0398 5.96348 11.524 24.9108 0.0287265 8.49458
3181.18 27.1248 11.1267 6.30189 8.40981 11.9013 8.24483 0.29298 0.0860947 7.23651
3192.15 12.7953 6.31296 18.4607 8.5799 20.5798 20.6824 35.2929 0.0044458 6.6615
3198.73 7.23756 4.76545 18.652 41.7879 1.74773 30.0717 69.3202 0.0493458 13.3408
3168.42 0.951952 3.57092 34.7624 21.4078 16.0913 16.6243 29.477 0.245826 11.3665
3365.02 2.95874 9.68 7.88754 46.3179 18.4893 12.6662 16.7625 0.0257572 10.3925
3265.95 10.9906 12.8774 1.60715 13.5389 16.9176 91.37 12.9552 0.0160101 12.3338
3148.99 21.8721 6.32145 19.4753 1.89835 13.0591 8.81846 8.81528 0.0173329 5.25102
3339.9 13.1592 6.00627 6.16635 7.55948 16.2655 20.3707 14.6684 0.00630719 5.86376
3260.31 1.70952 7.41697 15.1792 3.29996 15.5516 5.92997 5.35841 0.012248 4.31528
3215.06 0.500844 14.3654 28.1499 2.27137 25.0122 14.5151 10.6608 0.017031 6.83203
3269.68 11.5373 12.6994 8.79982 3.43282 4.96323 21.6829 18.3113 0.0401048 6.3111
3148.71 0.128333 4.22218 58.1472 20.3739 4.85922 7.01676 1.73402 0.0477042 9.43561
3202.28 7.09524 28.6369 8.67168 0.783455 33.0303 12.3347 7.77646 0.0511802 7.62755
3245.55 3.8898 4.93383 11.4671 34.5561 23.8067 10.591 2.69206 0.206968 8.97862
3186.88 39.6288 10.8849 2.448 18.8473 21.2499 40.6823 6.00131 0.4968 15.1613
3051.93 22.9635 11.165 12.8557 31.2518 7.43069 64.469 2.49374 0.126745 12.4022
3049.97 28.6517 7.36688 16.8353 47.4788 1.93897 21.3759 13.6811 0.619316 16.0341
3070.45 14.9274 11.7855 25.7602 34.1876 20.6434 15.046 13.0691 0.111074 9.32654
3124.87 9.72542 24.1242 19.4513 30.5622 22.8662 10.4973 10.5836 0.104678 8.69501
3225.31 22.8582 19.1572 17.861 9.60136 21.3197 31.5343 8.68632 0.0953429 10.2
2970 12.5232 30.2639 23.7849 13.5699 4.66871 20.971 21.9501 0.0572323 9.95981
2977.22 30.2982 36.1229 7.10346 24.1151 25.6622 17.6559 11.5815 0.045559 9.83826
3013.66 65.0789 3.72536 9.71881 9.21791 21.5708 31.2046 11.719 0.0543053 11.063
3089.98 42.9075 27.5421 11.6363 3.33934 23.6476 16.3821 8.20263 0.0317118 9.03661
3016.89 21.7353 19.1604 14.0723 23.4728 7.31727 9.27666 17.8282 0.0517155 7.86241
2987.88 51.8954 20.121 13.3357 6.12559 12.8607 1.05756 5.92225 0.0466182 8.62299
3019.52 40.0597 48.2041 20.7184 8.06862 36.8681 1.04074 6.73666 0.0492654 13.0509
3052.5 3.19852 24.1793 0.594033 75.5647 6.15276 2.09576 13.5234 0.0531305 11.5776
3042.32 26.2518 22.64 19.7518 27.126 9.6545 3.65635 8.53792 0.0509969 7.5119
3042.04 32.049 51.9135 13.6599 13.1213 10.0471 13.8737 7.68601 0.0506016 9.94892
3042.61 16.7271 33.8769 29.07 12.6453 8.48229 2.75559 11.462 0.00110148 5.58581
2919.58 11.4318 36.3204 46.2363 30.7224 3.93013 31.8901 20.7049 0.00032396 11.1361
3201.22 21.2532 19.6609 15.0118 12.857 4.15756 3.20951 27.7848 0.00461027 6.05975
3030.83 26.1445 18.0753 23.7185 13.0303 3.38306 13.7324 29.2418 0.0754681 9.16395
3073.81 24.2512 12.1488 5.04591 13.0767 45.5233 18.3636 16.5514 0.155667 10.8188
3088.3 10.9849 36.6423 13.8462 21.3299 6.92389 9.24071 25.6662 0.024188 7.29457
3079.23 22.7887 23.3891 17.3012 6.74655 5.26627 7.16366 67.3622 0.000770093 8.97193
3275.92 5.81338 22.733 27.2656 24.6026 10.5762 8.71443 31.986 0.000770093 8.38772
2987.23 15.5671 3.4375 40.8133 12.3884 13.0917 9.5527 34.4774 0.0421953 10.709
3067.47 13.9136 29.6334 4.24029 7.87344 24.2055 49.5405 53.7003 0.0188716 12.9038
3061.8 11.3017 12.1807 8.58126 41.2244 47.8191 4.58307 8.05749 0.0351858 9.56027
3006.97 26.0337 4.71518 5.3498 38.3064 34.2894 7.05336 1.66162 0.0934218 10.7359
3142.56 12.5251 19.8976 9.17746 10.4904 7.97872 40.4108 13.3263 0.0551395 7.79304
3098.17 17.1802 0.610728 39.9301 9.13167 4.03731 14.4254 20.9088 0.0257962 7.95586
3253.29 40.8862 20.9908 24.0119 2.67539 35.7723 10.6793 18.2979 0.143929 16.7094
3035.4 19.9876 19.4805 36.6151 7.44154 21.385 3.75801 16.4971 0.0607536 8.39051
3028.32 11.2776 31.6509 5.20448 21.0385 13.14 1.61183 22.6246 0.074766 9.05913
3099.61 27.8462 44.6152 1.659 12.8266 5.79302 5.87805 12.9178 0.112504 9.38159
3187.33 33.705 14.2444 7.35387 14.9156 7.03684 1.9295 8.41797 0.193103 8.68088
2927.46 23.1455 33.5636 37.3616 30.8137 12.6659 30.3746 6.66451 0.0595612 12.2226
3103.72 0.619276 52.4474 4.11508 11.8485 11.3443 8.89724 14.0059 0.143756 9.58333
3020.8 12.1313 29.7489 11.1673 20.4717 9.68982 5.94836 29.0933 0.138268 9.9492
3173.38 1.06077 8.72675 9.59261 18.4775 2.14718 41.9013 25.2703 0.204104 11.3143
3232.88 7.30722 8.64807 40.2105 9.13676 12.2824 49.6523 3.51001 0.104277 10.7925
3057.44 19.4043 5.02642 14.9013 5.89914 22.1856 49.9834 23.0239 0.102471 12.0975
3050.63 17.8584 4.63053 16.9332 5.68465 42.6304 20.5959 25.0379 0.0328387 10.1838
3133.87 9.53537 7.50502 39.1873 10.4584 27.3657 4.76282 6.14985 0.00695304 5.65947
3239.21 9.69492 10.1012 10.4267 9.43521 22.6001 22.5127 26.5394 0.0107766 6.35944
3181.13 7.84325 14.1033 7.04303 26.1131 12.7189 28.9208 37.6111 0.00316093 7.37449
3217.47 5.01399 4.4905 22.895 23.9712 16.8798 21.6129 36.8932 0.00446871 7.45185
3256.43 9.31854 0.475774 6.5738 17.9187 10.0031 16.62 16.7796 0.00446871 5.32761
3306.62 9.16075 9.73123 12.2984 24.7272 32.886 21.2609 1.94948 0.172617 11.1507
3326.46 4.74964 2.73344 19.8393 1.64131 27.9473 17.7279 4.60884 0.16612 9.14889
3248.59 8.9794 5.2723 0.332299 5.22656 30.8325 15.0904 21.3262 0.07052 8.6037
3122.25 36.3755 18.5425 0.0509882 39.8585 39.7221 23.3944 22.7005 0.0398971 15.1197
3249.77 1.00456 12.5449 2.74396 39.2883 29.2822 29.8306 17.4199 0.067363 10.7068
3194.65 11.9355 14.8914 6.3766 19.2266 24.5483 40.6488 20.8335 0.0730098 9.56687
3241.95 1.66266 5.6369 7.6292 44.8116 26.4441 2.303 14.4216 0.0461192 8.27144
2953.76 47.3792 9.11399 2.8405 12.898 35.4653 9.37674 2.48633 0.00693356 8.85364
3097.67 7.72876 12.6985 10.2383 13.7263 15.9945 10.937 3.88254 0.00738799 5.1602
3099.31 12.6063 4.35562 22.9377 11.6502 30.6682 3.05096 9.87205 0.0198318 6.48022
3253.72 27.3641 14.3484 7.68759 1.95356 38.4717 7.40757 5.99837 0.00396541 7.39513
3090.52 28.7136 4.8871 25.6116 9.41447 48.5935 10.4672 28.1153 0.0150965 9.64039
3035.83 43.5904 3.53483 16.9538 17.7462 18.7884 8.60917 16.2557 0.0301059 7.97984
3210.69 8.77233 11.0729 42.2918 18.8229 5.46948 22.7158 5.69687 0.0143616 7.23483
3220.33 3.08665 7.85784 17.4685 18.5633 30.9267 11.0009 25.008 0.0143927 6.76814
3057.75 13.5736 21.0062 27.5284 24.7702 3.17776 41.8644 19.0609 0.0398566 9.88496
3097.69 14.157 3.91392 37.9013 27.7669 3.15181 26.6586 12.9319 0.0468949 8.62362
3166.05 14.1289 5.04262 43.1207 5.85938 4.59066 24.0331 48.1886 0.182962 12.219
3196.22 9.25074 3.41259 55.1075 10.9145 2.33001 32.2556 35.1801 0.155693 12.9298
3099.28 4.02886 7.97514 39.5151 24.7572 3.81506 15.2423 29.0638 0.0894604 9.50106
3162.55 6.68964 10.2422 27.5048 16.9559 21.3013 22.7012 38.1951 0.00878242 8.08793
3136.07 3.29243 13.9263 8.63518 27.8199 23.9255 4.16496 32.3717 0.0901882 9.018
3167.51 13.8424 23.4735 3.26257 7.2796 6.45092 7.91058 49.5013 0.0577152 8.89972
3002.88 26.8283 20.0082 6.16537 35.9668 16.9154 4.52065 38.9861 0.022959 9.95819
3121.21 32.6026 14.8375 20.6725 9.54004 5.51475 7.96158 25.2472 0.00133257 5.76867
3080.21 15.1957 9.92633 19.3048 12.1326 7.82141 7.65726 20.1853 0.00513635 5.4321
3021.03 36.53 10.8061 13.721 0.63519 5.10376 17.3706 7.17874 0.00977324 7.45508
3321.54 11.375 23.0573 12.5148 1.88713 0.651961 7.39182 5.08302 0.00861027 6.58323
3171.94 24.5561 26.6672 13.3559 16.455 28.4932 20.6815 7.74952 0.00863903 8.28396
3085.17 28.1508 25.2097 30.1202 11.6687 44.8685 24.11 2.57939 0.0088706 10.8504
3297.61 6.10752 5.01753 20.7547 0.0629474 16.9876 13.8152 12.0501 0.00539617 6.48637
3068.84 20.6991 5.24382 14.0393 23.5122 1.61531 0.686088 10.1995 0.00148772 5.87536
3048.94 25.1127 11.935 6.1014 33.2384 32.4015 26.0269 2.91595 0.00356925 8.02454
3067.68 13.5809 19.1053 34.0492 32.9517 4.09202 15.5815 12.6582 0.00477005 6.96355
3082 32.1129 1.80364 11.7829 14.9419 20.26 9.86988 13.1461 0.0179425 6.74602
3154.89 13.308 9.05798 12.0878 6.5443 21.2128 1.9447 38.1744 0.0837084 8.5894
3053.76 51.3736 26.803 12.1844 15.0392 44.857 0.35213 10.251 0.146615 14.3071
3048 2.52622 15.8666 5.65956 17.7312 9.85554 2.27312 4.57149 0.253858 11.1683
3094.27 25.4886 22.2171 2.91276 6.59056 30.439 5.9065 5.8112 0.362061 11.0977
3187.05 33.4251 6.71694 21.9641 48.1377 19.6276 5.2917 31.1245 0.0273098 13.126
3241.44 12.9799 12.3005 5.68495 3.58551 16.6423 6.40741 28.7258 0.133053 7.93756
3355.76 1.62508 19.6654 15.7721 12.3756 16.6298 3.48946 5.91594 0.248359 10.6353
3124.13 2.37394 45.3604 6.8033 29.8881 37.0248 11.4296 14.1487 0.244696 12.9626
3067.66 7.65518 38.6571 10.8941 44.1505 12.5134 1.2631 42.8304 0.15675 12.9697
2991.73 5.04928 35.7928 14.1249 23.523 18.6261 1.36923 23.5243 0.207982 11.8085
2955.33 1.16818 38.2243 59.4904 24.5347 17.8547 2.5617 8.05421 0.377736 15.7286
3012.69 15.2966 13.2205 40.7695 3.33135 37.6655 1.13643 29.3349 0.0951912 11.7322
2923.22 39.2391 5.07161 39.4123 10.9507 34.6125 28.1496 12.5915 0.223388 14.7358
3001.59 0.0573947 12.7802 51.3176 8.27494 34.5181 36.1847 0.963197 0.00959553 13.316
3180.92 4.11571 3.68184 55.1555 21.1229 21.9745 33.6464 2.52656 0.0539031 11.1611
3115.68 11.9633 1.92278 30.9452 7.66541 52.9992 23.4759 6.6499 0.0148863 9.15863
3193.76 9.35511 7.15551 28.2719 0.772754 18.9907 16.1407 1.13308 0.0689608 7.41058
3254.54 10.0664 9.15135 22.089 4.28388 38.8966 7.62691 2.48365 0.0689608 7.72622
3329.96 11.8713 1.96542 15.2106 14.7371 6.08913 11.1744 1.04666 0.00104638 4.69157
3288.67 5.089 1.96542 7.77035 14.1458 2.30463 4.9097 0.629531 0.00104638 3.87732
3123.28 3.40903 15.6532 38.7124 10.7595 11.7741 19.7815 2.03428 0.00104638 5.21549
2875.65 49.339 21.6557 22.5498 13.4845 8.87003 5.12453 3.57583 0.00104638 7.77699
3108.16 27.0557 18.7452 0.890231 22.9091 15.7394 18.4748 6.27066 0.0113219 6.71893
3141.49 5.58366 20.019 37.3159 18.3201 21.7771 4.06416 35.4194 0.0113219 8.46403
3157.72 6.94223 32.4868 5.06527 19.639 23.7036 2.56557 8.44097 0.0369682 6.55203
3254.36 3.42388 42.5234 10.1906 8.76964 3.49459 21.0851 3.34989 0.0383818 7.96993
3144.82 3.09523 70.7595 4.09132 21.5588 7.25053 14.3235 7.22889 0.0140505 9.68958
3177.2 10.8411 46.7347 2.84326 5.12886 11.8288 7.10234 7.88865 0.0376402 6.91685
3060.39 21.6664 32.613 1.5541 7.93824 4.442 3.19405 5.03612 0.0744794 7.71799
3059.92 13.2396 2.84582 47.1079 15.963 35.3541 8.34991 10.9009 0.0609987 9.54159
3041.46 13.9238 6.81633 18.8262 38.6902 30.1962 18.0299 8.8854 0.0774617 9.87919
3220.41 23.5006 9.17626 18.0734 24.0598 54.4443 19.7539 17.0923 0.0282107 12.4178
3205.76 15.8653 7.20152 14.1353 23.226 49.5635 5.33246 16.8357 0.0631496 9.50224
3161.3 18.1789 3.00703 16.9685 19.068 28.2682 7.62138 16.0075 0.00097614 5.13081
3175.37 27.8839 9.87464 33.2115 3.46724 15.1798 0.553239 15.2377 0.00097614 6.54458
3167.74 14.5783 0.875738 15.0753 10.5526 29.9958 5.97297 7.67175 0.0164252 5.94887
3129.16 26.5823 2.99698 11.2912 17.91 49.8493 6.52217 9.54288 0.00699612 7.46632
3135.06 12.2374 3.57064 8.18382 17.1689 29.9659 4.94731 17.8897 0.0205159 6.63607
3112.47 0.754981 46.1437 6.37895 11.6147 12.9424 13.2944 12.6186 0.00833289 6.60816
3105.54 7.09674 44.3621 25.0135 3.87328 11.3099 4.99402 0.133656 0.0343965 8.25749
3107.9 18.8653 17.0769 20.3204 18.6382 8.5763 5.08505 17.7112 0.0823905 7.12639
3106.65 26.3884 26.8216 3.39426 8.87873 5.04025 7.88892 18.0552 0.022935 6.37833
3182.53 26.4964 7.82233 24.5826 25.3657 15.3498 1.25093 8.4919 9.70989e-06 5.36581
3113.05 28.1971 15.1789 13.452 30.5582 1.217 11.119 59.7813 9.70989e-06 8.8552
3013.7 33.075 5.79145 10.2612 6.28108 4.69667 26.024 10.4601 0.0267921 8.56662
2947.21 35.1857 43.6423 10.6949 5.19654 10.1187 15.1365 6.23507 0.14597 10.6596
3047.74 30.9564 21.62 22.6536 9.39115 8.56895 5.86963 10.7882 0.0471074 7.00333
3057.43 41.1225 31.8521 11.0479 10.9887 22.6354 8.27732 11.6269 0.0789031 9.57204
3218.3 4.77407 21.7522 15.2029 6.76942 20.4257 12.5525 15.9427 0.0454595 6.29504
3270.68 2.62602 12.0673 9.52857 10.4484 51.8446 12.9348 25.9982 0.0379831 9.21435
2948.97 38.7838 30.1273 14.5278 31.9885 19.8252 18.1166 27.3233 0.022408 11.1969
3003.3 24.5691 14.0812 45.4 22.8671 8.89543 10.3068 5.96161 0.0516157 8.70258
3264.85 9.41354 22.6432 2.48008 10.7151 5.0717 16.915 17.8918 0.0565833 6.84848
3183.84 4.44253 5.05488 8.18668 38.6006 10.4845 9.66397 18.3858 0.130436 7.99098
3221.76 9.75314 6.80591 9.75006 14.5528 5.51652 10.4532 25.0069 0.400763 9.79987
3165.05 3.29061 3.02298 11.4774 36.3885 16.9588 20.8956 10.8398 0.23938 9.76231
3216.56 9.80517 13.1941 15.9947 8.17431 55.7035 3.89394 5.12001 0.0197143 7.54003
3086.32 20.6604 11.7489 10.6904 27.021 13.6876 20.9745 26.0986 0.00301779 6.7024
3055.32 39.6652 5.1231 18.3742 26.678 6.17041 17.5972 27.4926 0.058509 9.5324
3095.41 6.0849 15.2324 11.2576 37.5716 30.828 14.1216 20.2268 0.1075 9.87886
3110.37 5.27628 45.7809 10.113 15.7092 4.54378 5.33784 44.6607 0.0733393 9.91412
3104.93 30.2653 9.10776 15.2772 6.8073 21.1698 9.84027 18.8615 0.00231083 5.43941
2988.87 17.5263 41.9573 54.3342 2.96379 38.1753 2.59292 6.36481 0.037465 12.5937
3137.3 9.46982 18.1997 2.4769 31.837 25.12 19.0462 35.112 0.0340657 9.35717
3247.91 9.26362 27.3361 10.2251 17.3388 36.3614 17.5432 2.49951 0.0068361 7.94948
3199.27 10.9492 51.2235 19.5564 4.6301 2.62555 10.5697 29.5089 0.342019 14.0358
3174.78 43.3347 6.32267 20.0157 12.3941 9.72855 15.4695 21.992 0.366543 12.5094
3003.78 40.4667 20.5205 29.1442 9.70615 8.61451 13.725 15.2388 0.0952118 9.55507
3117.86 1.29252 6.9838 26.861 34.5297 18.8468 0.676051 9.67772 0.0233869 7.81207
3175.72 8.70372 17.425 19.4904 22.9172 16.4998 10.4277 10.2624 0.0233869 5.70088
3324.91 1.00995 10.7654 13.2307 31.5821 20.2712 9.431 44.5423 0.20495 13.3481
3200.45 6.64999 5.97063 11.3001 8.82699 5.64759 1.76212 5.81308 0.0539375 5.30645
3259.88 4.5603 29.3192 2.83541 18.2179 0.579916 9.48498 25.9175 0.0101797 7.08321
3268.21 11.7674 24.9593 4.88093 17.3989 1.1155 2.65589 6.59298 0.00940624 5.62203
3168.77 7.39247 25.8547 5.49997 19.6041 24.5759 3.64232 4.95422 0.00188674 4.45963
3255.71 4.0802 20.627 2.05519 14.4128 10.3284 40.0754 9.17333 0.00465165 6.32908
3225.12 14.5458 0.722617 1.63403 14.7663 14.1268 11.4341 3.39243 0.191229 8.41539
3168.91 3.35293 17.9061 8.84224 16.9529 14.6474 2.06844 17.3793 0.0474308 6.17842
3004.86 14.8557 50.3526 2.66283 26.8217 12.7486 25.1494 16.4314 0.0623573 10.451
2986.85 67.8601 34.4553 13.283 35.165 7.07868 16.3354 20.855 0.12673 16.4247
3314.84 1.64475 1.33302 22.7508 29.8353 8.46413 8.31356 5.63468 0.184911 9.33796
3093.68 8.12089 9.06219 30.0205 17.9164 6.8275 40.2301 10.5498 0.0272033 8.03526
3105.37 25.8707 5.33385 39.4102 4.42765 7.99772 14.5398 3.04829 0.0253209 6.61077
3057.3 14.9746 26.6578 1.41636 2.74647 4.07893 16.1784 8.56667 0.0973186 9.24482
3178.25 9.21021 8.12005 11.4371 57.0031 44.3665 3.01147 12.3361 0.00563875 9.82836
3227.61 14.7647 10.2137 4.87977 42.6445 15.0299 13.9194 14.4607 0.0356689 7.71591
3103.81 9.58887 23.2408 30.1278 15.9316 12.9835 17.6362 44.3188 0.074496 10.2856
3120.52 21.9996 44.0331 16.5185 6.26847 10.9402 27.8354 30.4182 0.0220751 10.3559
2881.77 14.3085 31.4222 40.9147 5.15489 26.3189 15.3663 24.0457 0.0186478 12.1308
3046.59 45.3 2.15833 24.0466 11.3947 0.635382 12.7042 31.9985 0.0147612 9.42869
3071.47 23.1937 14.5725 70.8696 4.28532 9.03518 7.5929 23.5799 0.0372118 11.1602
3301.58 14.5579 22.3791 25.0568 12.092 12.23 7.5929 36.1867 0.0839486 11.9834
3023.73 7.25509 43.8275 0.596277 15.6298 7.36363 9.73074 28.4141 0.00604083 8.65815
3195.05 14.968 35.9132 22.1872 13.2703 8.64247 12.8276 0.255069 0.00924377 8.18119
3107.1 6.00576 40.4201 18.7916 38.3742 3.04291 28.6514 4.4215 0.0113189 8.93141
2956.37 5.69266 35.157 25.6061 47.1361 4.01965 10.1917 10.6323 0.0111136 9.51876
3168.03 2.80876 37.2906 27.0229 25.3805 3.32451 5.03552 2.28674 0.0110539 7.22676
3232.48 3.76174 3.27342 8.58432 29.3119 7.35996 34.8284 4.29604 0.00589194 5.91487
3218.94 23.5181 31.7573 3.36162 25.4881 8.44393 16.9716 18.3435 0.0296453 9.54903
3131.58 8.5763 10.4909 26.4906 21.0429 20.8446 28.6346 26.9314 0.0033023 7.43263
3224.3 11.9191 6.90494 12.8047 28.5837 1.89418 11.1328 37.8117 0.0570048 8.28132
3166.34 6.96228 16.4139 4.26829 32.7741 3.14457 18.0788 2.75914 0.0347831 6.2163
2992.26 16.8237 38.2451 14.8018 39.9192 4.81735 15.4028 31.6461 0.034354 10.6036
3235.16 3.2546 5.88174 12.3087 1.35369 97.5942 5.4789 1.15848 0.0133475 11.8918
3037.31 26.6006 23.2384 12.677 15.961 32.7605 19.0654 1.27781 6.76466e-05 6.38433
3125.3 9.44754 40.8095 10.3755 15.5868 42.467 12.8131 12.1025 0.00212173 7.7057
3159.63 10.2599 4.88342 44.2441 25.3279 13.5369 12.8669 23.3974 5.82943e-05 6.33624
3065.21 29.1166 2.14822 31.2803 18.9747 9.45097 19.3199 0.836391 0.00766339 7.1189
3225.16 9.98095 20.2375 7.90889 10.8598 18.3985 25.6569 6.72863 0.000675352 4.48703
3243.82 12.1055 1.0914 11.6714 19.2454 14.7029 8.77661 41.8498 0.00676748 7.09152
3198.79 17.9793 1.05417 21.1664 16.7391 25.3605 4.68249 20.6126 0.001809 5.91223
3137.1 16.7449 19.784 23.0298 7.49544 22.1861 3.71769 6.6064 0.0156853 5.48354
3059.65 4.00014 65.6591 22.0598 1.11224 4.40881 3.84186 5.66286 0.0430363 9.18675
3078.05 2.39914 39.6926 7.46554 14.4062 19.753 19.4384 23.7242 0.00830091 7.71676
3184.77 19.5217 3.71781 33.6714 27.0552 5.16451 27.271 9.71988 0.0113428 7.74996
3224.11 1.19562 10.7388 26.5145 27.6153 4.52061 14.6973 57.2596 0.0055873 9.419
3135.03 1.66695 13.1553 6.29645 62.5235 5.17328 18.6761 2.8623 0.00446501 7.52518
3255.83 12.2168 16.7987 6.43441 16.266 1.37437 6.72558 10.4849 0.0383764 5.63316
3156.81 8.67358 6.76003 9.04729 14.7003 14.1337 6.8317 1.93441 0.033285 5.27533
3206.06 2.14878 21.6751 9.25287 1.10416 7.19818 22.2559 42.5883 0.0171101 8.4681
3250.76 5.77102 24.388 16.9652 10.4448 4.31191 6.19947 41.3774 0.0682824 8.65797
3261.83 12.9465 30.283 15.7001 3.60832 0.90256 0.960063 19.0336 0.110391 9.68857
3077.93 5.65069 35.7638 8.95811 1.41404 17.9589 6.78072 18.9676 0.0201199 7.26805
3187.27 3.41812 3.4457 22.3177 51.58 5.23045 7.18381 8.36848 0.0568637 7.86129
3211.51 8.09852 5.86205 17.3509 22.4495 9.16814 3.98036 7.78125 0.0841713 5.82336
3219.54 18.149 5.77925 10.5895 19.5563 10.6281 4.09931 27.8748 0.133042 8.00806
2999.67 27.7967 14.5103 5.20685 17.8245 17.709 2.37114 4.18821 0.157738 9.96544
3169.51 1.54296 21.566 22.0111 25.6054 6.94081 8.97695 5.64493 0.0514536 6.4786
3038.42 21.2768 27.5107 27.689 2.84862 45.6431 7.91632 22.3984 0.0216346 9.86579
3219.77 9.97601 10.3748 20.692 11.3076 14.1206 20.0098 32.7061 0.00221755 5.95208
3078.46 15.8851 49.4428 21.5857 3.29477 11.8563 9.86785 4.26705 0.0715319 8.58457
3189.7 17.016 1.5835 5.29918 25.7421 0.210815 37.9024 6.47501 0.0210243 8.46945
3146.23 2.30359 2.03922 28.029 10.5901 6.47418 38.9704 16.827 0.000441399 6.86193
3152.27 4.95886 3.86444 63.2359 16.9235 6.9967 42.1616 7.64085 0.00957342 9.81905
3106.91 4.93775 26.2079 24.7159 10.6283 1.68865 4.85909 14.1226 0.0582407 6.87727
3145.97 2.69773 57.8333 8.40638 16.7061 5.50897 6.44284 3.5889 0.147162 9.52161
2973.48 30.5798 38.1735 30.7059 25.3748 3.49352 9.08787 10.9536 0.187653 11.9188
3211.5 11.6186 33.5556 33.5713 17.4018 7.97203 2.60597 20.0283 0.00401414 8.85908
3249.51 4.90227 0.410693 3.87628 7.59741 26.3158 10.5632 11.0078 0.00882481 5.91499
3172.96 10.6841 19.302 11.1371 11.7786 36.5006 9.68728 4.48229 0.0378718 6.47166
3203.6 3.83496 15.5905 15.1288 1.1105 26.6025 25.1566 4.39029 0.0824826 7.84886
3242.37 6.29232 18.2552 12.7495 18.3863 9.35295 10.3883 22.6365 0.0696605 6.84524
3306.9 10.1064 5.77076 1.18635 23.6392 24.9859 26.5544 19.0342 0.12721 10.206
3264.41 6.32893 23.6374 10.4296 10.8596 6.92276 40.8856 12.62 0.0128785 7.1718
3088.88 21.2852 16.7988 30.901 11.8866 21.5396 18.7834 7.92761 0.017973 7.0065
3179.88 20.0541 7.58704 14.8479 10.9148 10.7216 22.5748 31.7209 0.00970606 6.63922
3259.62 4.07313 7.88357 16.9711 6.22975 11.2011 29.416 45.0287 0.0469145 9.03063
3233.81 6.75886 21.8037 17.8605 5.5522 12.7026 18.5699 3.9787 0.0935895 6.87506
3142.66 4.55047 16.4531 11.115 28.413 13.1153 54.3727 6.41984 0.0207359 8.7357
3047.89 25.1705 20.9962 16.1183 41.1318 8.93886 23.4359 1.78827 0.0258304 8.69403
3228.4 17.5618 16.7963 5.12519 20.399 0.550704 3.03296 5.36046 0.0177391 5.73936
3080.15 17.7004 12.8614 6.51553 14.9875 11.6246 2.78607 1.96551 0.00855077 5.31276
3113.44 20.0381 11.5063 17.4928 21.6908 47.285 2.24058 27.0341 0.0193141 9.27895
3063.64 33.6799 17.5339 19.7279 11.478 22.1254 9.98 2.01807 0.000281174 5.3072
2909.46 22.5449 15.6348 33.637 11.5485 7.674 13.5777 35.5438 0.000218763 9.79298
2913.49 20.3695 3.60968 90.1642 15.4917 3.34887 14.9022 30.9954 0.00684431 13.3401
3130.36 11.1342 13.4559 68.5102 0.991843 27.4164 13.5172 22.199 0.00180834 10.3672
3058.59 23.2967 7.51145 48.0036 6.15858 31.0431 16.582 21.5952 0.0357146 9.88319
3271.28 17.3936 1.21944 12.7328 9.60756 21.9235 32.4149 29.0423 0.0109869 8.51953
3220.22 10.4239 7.43002 18.2646 5.96139 29.4939 19.2978 37.5327 0.023038 8.16445
