4019.6 18.1885 1.80692 6.23576 10.6542 26.0968 9.09274 11.5958 0.133592 7.32183
3930.88 22.7026 2.47846 1.38885 4.18087 43.2654 16.471 8.8937 0.124469 10.296
3928.13 28.0425 5.6069 13.5549 14.9473 9.28038 9.72756 2.05389 0.143116 7.45593
3864.1 17.5989 9.5698 34.7412 1.32189 21.2034 38.6536 13.7451 0.0545448 12.175
3669.58 24.5437 3.43352 46.4158 1.25137 18.3161 27.5102 2.23516 0.0163253 17.2205
4063.34 11.2519 7.60959 11.4662 20.2215 4.60499 18.4847 0.308064 0.0301711 6.75593
4069.37 4.21464 7.62137 7.87597 9.69343 12.415 1.64353 14.8645 0.0738165 4.49103
4134.75 0.486294 5.79865 12.4454 17.3895 3.57644 9.07534 4.96519 0.0662915 6.21965
3955.59 8.84539 5.29923 30.262 29.2996 1.10245 25.9836 10.2788 0.109204 10.9826
3842.35 8.30319 1.02842 34.8819 14.17 3.75888 15.5823 1.6834 0.0469978 9.98704
3907.03 8.94371 17.8652 51.086 12.1345 7.80897 3.59886 8.49759 0.0201885 10.3328
4046.4 7.5465 9.5819 13.3994 6.06144 12.5391 4.78376 17.3098 0.025943 3.97281
3983.65 7.10714 5.14955 5.18679 21.7891 13.4048 9.1096 13.9201 0.0309212 4.90209
3972.13 8.1576 1.37633 33.8799 5.25649 1.92463 0.924749 10.336 0.218181 8.44564
3982.5 16.4556 0.102995 1.85006 7.66536 24.7323 4.76443 18.8844 0.141209 8.88215
3974.81 18.9982 0.826144 11.111 8.58878 23.687 14.7073 25.2493 0.000188206 5.27806
4034.37 13.772 7.62949 11.4149 4.03585 22.939 10.4115 16.697 0.00734876 4.63732
3984.03 27.4208 1.04134 7.37987 8.14587 26.3603 10.5751 15.9025 0.035029 7.11054
3953.15 12.5525 8.0517 4.81621 10.1264 31.4968 6.49099 16.1114 0.0781555 7.07685
3927.61 2.08646 6.00005 33.9571 25.7127 11.3279 12.3924 1.68698 0.0246326 8.4505
4075.22 3.71102 12.5473 1.85979 14.2427 19.7635 8.02709 6.5509 0.0246326 4.61565
4024.99 7.48122 9.18576 3.2826 16.1959 17.4133 10.6483 7.64769 0.0226264 4.10404
3981.61 10.4619 15.1435 22.1314 10.9553 2.42419 12.0687 17.1889 0.00463497 4.9206
4019.08 6.98476 4.79379 10.143 10.5886 28.7186 7.02408 13.9766 0.0130972 4.69638
4006.03 8.43756 3.40083 19.7077 16.6597 11.906 6.1921 21.5147 0.0106471 4.9332
3937.51 29.4093 1.74454 1.18228 12.1016 0.689634 12.7637 4.10999 0.01163 5.42683
4023.7 8.1525 8.66763 4.51207 5.59456 2.0276 2.62265 24.4204 0.00834746 3.18856
3891.04 14.9545 11.4085 15.8708 6.01738 11.4195 6.68184 1.7109 0.00780802 4.60096
4009.3 19.2077 5.52761 15.7672 18.5325 10.4068 3.65641 4.20896 0.000979585 4.13466
3825.37 31.6555 2.33038 21.1373 31.4265 6.96073 15.9306 20.6302 0.00520693 9.73339
3905.42 35.141 2.44815 18.8299 17.9111 1.10123 18.0206 4.63152 0.00377003 6.87175
3993.69 11.3502 13.5524 7.15988 7.19638 8.01059 7.57299 18.7041 0.0219075 3.71033
4037.1 0.189089 4.99308 16.3681 1.73541 13.9423 49.6795 10.7007 0.00460662 7.88941
4003.21 11.0146 3.64275 7.485 19.4661 5.96049 6.17241 26.4286 0.00842134 4.14342
3915.88 20.3987 13.4551 2.27873 5.15564 19.4813 16.8416 11.0419 0.0440202 6.4603
3947.05 23.8274 7.79807 2.9436 12.1865 7.18302 4.42757 20.3349 0.381323 9.49935
4091.81 4.0511 5.6141 12.3766 3.18691 25.0304 16.4329 19.1212 0.201513 8.88072
4108.15 20.3944 1.84679 1.11603 7.91532 1.42142 2.74701 16.5128 0.0363219 5.53116
3997.73 14.8742 3.69378 7.95388 1.67133 1.07174 17.2091 14.1769 0.00823074 3.84821
4056.95 9.02338 6.19074 2.7735 17.0897 3.54349 13.5994 24.8771 0.010173 4.08937
3958.17 27.5821 6.2513 10.0897 3.39925 1.62996 25.8385 14.0783 0.0354245 6.23642
4119.81 2.19791 11.8235 2.8059 3.06814 12.8805 9.49829 15.0384 0.17399 6.39702
4073.05 1.65859 8.99772 8.75875 17.8145 6.43451 4.84361 5.72076 0.0833279 4.74845
4047.94 3.29222 2.81439 10.3197 33.541 8.14295 10.2088 2.04281 0.0278987 5.86403
3993.45 10.8284 3.0965 12.8378 16.6313 25.5949 4.24539 8.97947 0.0702477 6.45442
3902.72 21.2478 7.18232 11.968 11.8113 3.68515 11.3401 4.95941 0.0579136 5.66871
3992.98 12.7955 6.79545 12.722 14.3391 4.20874 5.58683 5.17463 0.0510679 4.07243
3952.77 5.05525 19.9599 21.4609 0.528936 5.34554 3.44178 5.2006 0.0022912 4.00177
4011.5 6.92648 20.9787 2.33236 6.77943 20.0812 3.91829 5.72459 0.00968308 3.80524
3877.17 4.71581 28.4604 2.58941 25.5151 9.54595 20.1627 18.5477 0.00301197 7.71722
3921.62 12.9079 24.2766 3.67942 23.5802 2.63425 2.27889 18.0094 0.00229123 5.23881
3924.52 6.6438 16.9472 2.80325 11.4884 10.5428 8.44972 5.1529 0.00365692 3.85805
4029.97 16.0084 7.57456 1.51659 2.3464 32.6651 8.17999 19.248 0.108584 7.80092
3929.04 28.3958 6.75583 5.82848 6.61586 7.74264 23.7523 15.6335 0.191434 8.45163
3929.04 30.988 7.44952 14.207 7.58225 9.65064 17.3863 12.3636 0.100954 7.54691
4004.45 1.71663 16.4919 12.501 12.3537 13.274 8.72668 3.96638 0.0245135 4.45198
4032.93 2.63046 6.73204 22.3735 1.17326 19.1325 16.5546 19.0943 0.0105801 5.68676
4047.33 4.70678 7.67174 17.214 2.6118 10.1611 2.65979 17.5174 0.00492005 2.97882
4006.78 22.1633 5.23347 21.0986 11.4721 7.45682 4.85377 14.7813 0.012269 5.66725
3998.36 27.6127 6.93073 10.4732 9.00724 2.19428 10.9795 27.1886 0.00369599 5.27986
3977.1 41.8686 2.51058 6.68743 6.00803 6.53058 12.9823 29.9647 0.00493798 7.01894
3972.39 15.0137 6.77759 5.12438 21.3546 8.32806 2.37598 32.4054 0.00870126 5.33119
3932.36 34.7554 3.49173 32.6263 8.54028 7.84705 3.42912 10.1897 0.0174452 8.4066
3948.36 2.85028 11.7341 11.7183 2.25062 5.96012 0.422644 41.4269 0.0175667 7.67441
3883.3 10.5745 10.9728 25.7076 12.1456 8.2486 9.54887 7.78965 0.0142341 5.71572
4053.68 6.69467 7.72699 7.34678 18.9268 7.63347 32.8847 4.81689 0.026358 5.97012
4040.59 8.41296 6.76415 10.2219 5.98365 6.76529 29.0889 28.5361 0.0806204 6.90833
4076.26 18.7893 4.32383 2.87731 2.5188 20.1202 35.3789 9.68029 0.0261655 7.6033
3992.01 0.152725 3.72801 0.82338 21.022 11.8348 15.5812 9.5618 0.108741 8.53003
4018.9 9.9309 15.8552 7.74839 6.00706 9.36733 9.48661 5.26858 0.0888325 4.60427
4064.69 4.89386 4.34536 8.43595 12.8475 10.2768 2.72443 1.25705 0.00859486 2.55084
4010.26 15.5587 13.4321 16.7461 10.1258 8.81971 28.1155 2.8259 0.0239078 7.13756
4036 3.34134 21.7002 5.22235 5.44152 2.11957 19.5735 4.42355 0.00392009 3.25067
4034.58 2.83661 5.65425 11.0527 5.41453 21.5836 19.5328 6.987 0.0935698 5.93216
4009.17 13.8727 6.68373 14.0794 8.03956 3.84383 6.86058 3.98064 0.108698 4.70783
3942.91 17.6342 8.26468 19.4712 9.84348 4.47036 8.37316 2.56149 0.256446 7.61806
4052.09 8.39163 5.02248 4.42824 12.794 5.97639 14.4876 18.4024 0.144778 5.70528
3870.85 26.1461 1.09586 23.5492 0.837343 5.51789 18.5742 2.29786 0.0400177 8.10753
3892.63 27.1149 12.0411 15.8314 42.5654 8.39847 11.5528 12.7497 0.00309266 10.0529
3990.51 16.3545 16.3627 12.0976 32.5707 4.7306 4.10028 12.8844 0.0230664 8.03791
3952.35 26.9411 3.78504 13.3976 2.03113 9.31755 3.9512 15.1242 0.0186242 4.68093
3975.59 14.8535 0.656994 15.4562 8.24065 4.1975 3.60918 1.46289 0.0144846 4.04031
4001.42 18.4423 6.88155 1.98299 5.74109 3.54631 7.91235 22.2461 0.0182022 3.96005
3920.2 17.9844 22.5397 3.08852 5.05468 3.57383 8.63793 4.40725 0.0142781 4.24846
3965.96 27.0518 15.8604 3.80402 1.58399 3.57477 2.19678 30.6589 0.0273557 6.44069
3867.17 47.207 1.19012 7.03283 0.980768 3.57418 13.7162 17.7253 0.0749907 9.01957
3811.63 28.9667 23.9218 2.99975 18.0813 3.57393 11.6142 16.079 0.191396 11.0437
4000.73 15.9578 11.0826 13.0598 20.3997 3.57477 4.83188 2.38313 0.225357 7.75007
4036.73 5.57743 4.08197 9.79199 6.80598 2.97217 10.7895 37.4986 0.0726347 5.88147
4051.34 12.5775 13.3656 19.0444 20.8822 3.23944 9.68787 28.0073 0.229759 12.0599
4018.46 12.104 3.9638 13.4212 15.2993 10.1561 7.29818 13.0208 0.430836 9.10067
4012.81 0.946437 7.23356 15.7586 8.95439 6.80917 15.4097 5.2183 0.409531 8.60343
4038.63 13.2087 1.39332 3.98871 9.35697 1.68588 5.90585 13.6435 0.0748858 4.50665
4076.76 9.45694 8.40435 1.06133 4.15415 9.58106 21.0984 48.2969 0.000815024 5.6507
4036.22 17.3513 3.49631 17.4162 1.15952 9.52494 10.5183 17.2351 0.0207175 5.02243
4025.57 13.9363 7.90159 11.8207 13.6222 9.71789 11.8318 20.7517 0.0207175 5.05953
3926.13 14.043 1.41916 13.7213 4.61006 1.35178 16.0648 11.1872 0.0229645 5.90451
3914.55 43.3125 7.64841 22.9787 2.75063 23.8692 17.0174 22.5398 0.000973315 10.8056
3876.88 24.6707 5.32095 28.8721 2.7981 7.47241 14.8211 19.4325 0.002311 6.20147
3885.99 27.4797 3.00022 31.7687 8.72186 16.6257 30.8921 9.35351 0.00670314 9.34587
3924.11 15.531 3.71667 25.6518 4.66072 16.9256 36.9105 5.09764 0.010099 7.65255
4119.58 7.33519 5.23616 37.2411 12.7349 15.6821 9.41087 31.2973 0.00794999 13.349
4040.39 4.84974 2.54691 7.21026 0.813611 16.4607 15.3618 34.243 0.139287 7.89291
3979.88 11.0015 1.70589 14.7234 8.96176 10.4043 3.1112 9.52689 0.21047 6.59787
4044.14 6.04036 4.4384 45.5565 2.51814 10.5759 7.3384 5.73982 0.053182 8.90802
3931.69 7.18218 15.096 14.3722 14.2014 11.3648 15.0402 10.2984 0.0101496 4.84823
4021.79 15.6124 12.6844 0.684291 17.5522 9.15767 31.3241 32.1293 0.12804 10.7109
4088.67 4.14912 14.3942 8.70031 0.997344 29.1947 5.78155 24.439 0.261171 10.6277
4016.77 16.6735 17.9885 6.98911 10.604 0.679205 17.8307 10.6665 0.152028 7.81095
4077.69 6.67569 20.3917 8.75881 9.12626 0.679205 29.2921 48.1263 0.0312263 10.5316
4029.35 1.40864 24.2011 1.76295 10.0144 13.9349 42.4527 30.5823 0.0205804 9.76149
4080.48 2.01727 17.6893 0.785564 1.59456 7.34865 14.5037 19.888 0.00285508 3.89648
4087.47 9.40435 0.659237 2.53536 13.4312 7.36987 6.48013 27.289 0.000811479 3.30328
4030.01 12.3447 3.08553 4.85903 7.77995 4.63663 0.968493 23.0638 0.00598586 3.21878
3998.64 15.3356 6.3739 9.504 4.33331 1.16348 9.13957 22.7789 4.28689e-05 2.32072
4119.12 4.48275 1.72069 10.356 9.56986 10.9365 25.9784 20.5974 0.0153724 5.71371
4025.52 4.18391 7.97784 13.6238 10.4215 5.51843 22.1082 10.2264 0.0155687 3.87834
4015.06 10.601 0.0978665 11.6673 14.084 4.29865 22.0933 13.9777 0.0144093 5.72095
3890.95 15.2971 15.6548 17.0313 4.20358 4.20822 32.1552 3.61615 0.0188027 6.66464
4043.19 8.83699 12.3054 2.98723 3.97195 1.49452 8.77452 13.2611 0.171646 5.50116
3945.02 19.5565 7.88238 8.55515 3.96664 4.26031 1.81205 26.4627 0.0429037 5.65029
4073.13 5.87283 1.68869 2.10637 15.1316 2.33484 1.06721 10.8081 0.0021355 2.41717
4073.32 11.3877 10.0951 2.19378 10.4396 2.55209 0.484098 10.8081 0.0021355 2.82306
4053.41 20.5092 0.46919 3.15653 12.7691 5.60538 5.94526 17.6754 0.0105574 4.3881
4012.8 13.5958 1.6813 4.26163 18.0476 2.27808 2.83205 48.4135 0.0180041 6.69819
4008.99 12.7217 7.8682 2.23805 12.1422 6.38468 5.31637 0.461505 0.0350087 4.03048
4004.79 16.2257 6.83253 8.10896 16.7272 8.72743 41.3037 9.66623 0.0247156 7.42686
4098.69 0.419528 17.5133 4.9422 7.17665 3.44451 8.09933 8.56799 0.0133052 3.78461
3919.39 8.86445 17.231 5.86319 15.3502 5.87592 7.96012 24.1733 0.000510726 4.16944
3931.38 16.0858 7.90336 5.31958 1.56237 27.2054 7.29042 24.3796 0.0367106 7.00624
3917.97 17.5639 6.61092 3.76738 2.43462 9.13889 2.76864 0.302029 0.0283849 6.08761
4020.91 15.3942 10.3862 5.33436 0.903291 3.11605 3.24848 12.4649 0.00888432 3.01334
4052.53 15.817 6.41332 10.7343 3.47958 3.15233 28.9787 10.4519 0.0391032 5.58864
3966.47 17.0072 9.70017 2.85533 4.06996 3.57658 9.62077 17.0068 0.0289881 4.29203
3996.2 11.2762 6.73889 19.2762 2.71908 3.78391 13.5343 10.2981 0.022228 3.89642
3864.07 23.4293 7.10051 22.0375 6.05153 25.1932 5.74749 18.3326 0.0119705 7.37044
4122.92 7.71873 2.93055 2.6707 2.51786 17.1822 13.5294 9.85832 0.0133803 3.64503
3976.47 13.4436 14.0063 3.91 10.7645 6.41591 3.75568 3.23063 0.0305852 3.56822
4033.74 14.5083 6.78379 0.830361 13.1159 14.7507 8.12945 17.8193 0.200582 7.37836
3832.64 17.0215 7.66686 5.92985 12.3797 21.9487 8.15514 5.64988 0.177624 10.854
3880.35 34.6874 6.42222 6.03014 10.3222 24.7067 12.4952 5.47947 0.0679195 7.97679
3939.33 8.08555 3.84794 19.778 8.0257 6.45138 3.60899 5.51753 0.00126859 3.02843
3895.42 9.53473 24.6853 16.1157 12.0505 31.3934 3.41973 6.70909 0.0231298 8.00115
3814.2 21.4136 16.9375 0.604458 55.4766 0.378431 22.227 7.90365 0.0201725 13.5529
4013.99 3.59019 26.1022 8.74164 25.865 16.5396 18.8261 1.8488 0.0186155 9.05983
4079.25 5.98273 5.5777 14.6178 1.99764 0.338023 12.5637 8.55395 0.0699704 5.05819
3971.77 4.53838 3.26812 32.3866 20.5837 5.52256 12.5637 2.07881 0.137152 8.43209
3886.02 9.5061 0.558225 18.2723 21.2793 3.08216 20.5027 2.07881 0.106462 9.82952
3887.4 10.0473 14.0888 10.3152 4.69749 24.8558 13.9421 13.0371 0.0559657 7.63975
3893.22 7.00527 10.5783 31.8178 11.0107 4.78246 15.9869 4.40131 0.133281 8.31456
3903.87 10.1549 19.0585 31.0627 11.5336 2.50293 8.72663 5.63069 0.113764 8.1818
3977.24 8.85132 4.72664 19.0959 11.1402 9.10149 8.46666 5.90065 0.133765 5.71299
4107.48 10.0027 0.482018 32.6657 1.77825 20.2415 2.39111 20.7798 0.147798 12.32
3969.82 10.1306 3.00153 22.213 20.349 20.2415 7.29753 30.371 0.0976845 9.47671
3940.39 10.397 10.1072 29.4759 21.4168 3.99699 10.0211 7.56686 0.0339436 6.9805
3943.37 18.287 3.93832 12.6914 14.7251 0.360783 7.52524 2.59031 0.00256628 3.99885
3919.05 18.955 3.67591 7.45981 16.1808 5.75748 10.5859 6.00507 0.0077663 4.15653
3937.92 23.6017 2.8454 3.14628 23.7297 11.203 44.4224 2.58705 0.00338589 8.09437
3949.87 26.8641 4.01307 7.84359 25.3976 5.33098 27.2188 2.31753 0.0311548 7.6485
3914.02 32.3937 24.3133 19.6858 3.66292 36.3542 25.9743 9.66959 0.126767 16.7537
4089.53 3.28249 2.41092 2.05215 8.17681 16.3629 32.6586 6.1426 0.209191 8.13579
4083.14 3.28249 6.00252 1.05657 18.627 4.74138 26.1446 6.67316 0.0356065 5.23224
4034.87 9.2372 8.24079 10.5017 3.96088 1.88823 14.6172 1.34291 0.00360658 2.41179
3811.01 45.6319 18.1552 11.0031 6.21453 4.1053 1.91516 6.31891 0.0125644 7.22815
3895.44 51.5491 16.6755 21.9104 2.15588 6.92696 0.370797 3.76154 0.0329681 12.1425
4007.33 12.6807 2.2661 10.5531 3.48866 1.59261 15.4275 6.61228 0.0198097 3.53596
3969.97 10.0932 5.21122 10.9081 1.43266 8.82271 19.2276 3.31915 0.0136438 4.03667
3996.64 4.06554 16.4182 4.30498 23.5687 18.3456 5.04377 19.5775 0.0171012 5.87732
3948.92 2.28712 10.0219 14.9554 10.5008 48.3928 4.81869 23.5575 0.0612179 10.346
3990.46 13.6289 3.47309 0.687667 3.67186 16.0101 26.9417 6.99732 0.0796208 6.80863
4033.64 15.2748 9.93794 14.324 2.72583 6.43558 3.98165 13.1242 0.123013 5.68632
4045.71 22.535 6.69794 3.33902 3.65376 1.16199 17.5154 9.59436 0.010683 4.14235
4022.41 14.7496 6.31807 3.19353 3.73014 11.6725 30.3254 4.27671 0.0410972 5.20749
3989.58 18.3331 4.06773 13.6815 0.792716 13.8108 22.5762 24.2914 0.03438 6.84348
3927.54 5.4012 2.11252 23.2073 17.3173 11.5723 14.4699 31.4118 0.02762 8.13282
3917.16 1.24768 30.3573 1.74785 16.734 58.3729 4.60715 26.9585 0.0237935 13.7804
3763.39 18.0509 37.3475 7.73006 1.10928 23.0575 0.383769 31.1259 0.0248952 12.8197
3959.85 12.9594 27.4475 8.06224 4.62411 3.64957 6.99889 38.6202 0.0384902 7.18951
4083.33 0.717117 28.8134 5.77163 7.07658 15.0875 5.84299 11.7376 0.0353708 7.1694
4028.94 15.3278 19.9001 6.34141 7.88238 6.83498 10.5985 3.90877 0.0380821 5.10711
3980.64 2.32568 13.2735 14.3971 2.98485 36.7251 9.02608 1.06315 0.0234926 6.79533
3911.46 3.55033 12.4923 10.9009 2.61898 17.9561 15.2381 12.9042 0.0773203 7.62274
3943.99 10.7181 3.86283 19.9133 2.99885 19.0469 19.4515 4.53576 0.156478 7.8378
4036.54 12.3636 7.01162 21.5643 2.98336 8.83195 17.2159 14.5076 0.156477 7.57061
3884.6 20.5978 5.68992 40.7076 4.68362 5.20555 8.98372 13.656 0.0794708 8.59998
3946.01 21.7708 13.2268 4.69421 5.66269 37.7988 8.72803 2.26815 0.0238859 7.13606
3872.47 35.9461 18.1034 1.8188 8.02941 1.42746 5.84727 2.18032 0.00719872 5.66753
4022.83 11.4744 17.8065 0.624938 11.7042 18.8687 0.504063 4.83821 0.00127396 4.43857
4022.83 11.4744 12.5533 2.5822 11.18 16.9811 4.89723 2.98247 0.000854179 2.4557
3940.72 10.8729 21.6675 19.3832 3.28908 10.1687 21.7803 5.80076 0.0107326 5.69631
3942.93 13.1672 0.145652 6.47383 25.7323 5.18176 48.4562 40.9358 0.0124996 12.1445
3958.55 26.0215 12.06 11.5411 18.6082 4.63722 22.7812 42.0693 0.0143572 9.51367
4012.79 5.21349 9.57103 19.8244 4.45931 15.1024 21.407 26.7247 0.00720725 5.74457
4109.23 6.73873 4.48472 9.79785 12.8461 6.35833 0.88625 9.90623 0.0171855 3.69079
4198.62 3.86743 13.2338 5.5836 10.3145 1.97627 5.16554 35.698 0.00841509 8.13897
4069.69 2.71549 2.05496 13.2329 1.61802 16.3495 5.17468 36.3597 0.0526457 6.30272
4068.82 7.11451 13.1904 1.95631 1.75392 18.8457 4.98227 25.8525 0.0950908 6.39977
4048.58 2.06768 17.5592 2.14793 3.7287 26.1629 8.41181 20.6028 0.186275 8.21741
3917.98 23.7675 6.88769 7.4979 10.6602 18.7115 14.4222 17.7219 0.0297146 6.33435
4047.69 8.1424 6.67827 0.210816 17.4297 1.66867 16.4115 5.78334 0.0297146 4.92465
4070.75 22.0976 6.91731 0.652123 10.0176 4.81972 2.19128 6.97363 0.0938853 5.95576
4156.45 2.5376 7.34781 2.74272 15.9514 5.5298 14.3549 3.37628 0.115778 6.53625
4096.89 6.41492 9.36875 0.858838 13.7989 8.79463 1.56248 15.6253 0.170615 6.57779
4043.4 11.3535 6.85875 0.379489 21.9677 13.6229 24.1104 8.33637 0.154757 8.79349
4099.6 1.70636 3.86086 7.98702 6.11888 14.0014 9.8247 9.20473 0.280649 6.73276
3985.3 16.0388 17.0588 3.14651 6.29485 2.37437 3.85238 36.1327 0.105203 7.16631
3934.06 20.1999 5.43658 7.20938 7.9136 10.2307 11.8635 14.7711 0.287066 8.35382
3982.79 0.826698 11.5079 13.9994 7.40804 6.2172 26.4696 10.6444 0.262558 8.61366
4134.47 14.8563 5.45259 8.10301 10.908 1.78991 4.59193 26.7263 0.110585 8.05612
3902.15 9.68087 17.5484 9.41617 9.13256 11.604 10.8706 10.7707 0.00507457 4.39058
4087.59 7.61147 2.03192 8.24103 3.47132 11.7161 11.1847 7.48328 0.0104392 2.5146
4064.59 1.14108 0.874532 15.5612 3.53875 30.0214 1.32096 2.41039 0.0538386 6.52763
4091.49 3.97766 0.645149 13.9379 25.5876 22.4751 7.72594 1.50776 0.110669 9.50667
4015.8 8.58726 5.60021 21.5512 12.4129 19.2662 3.58283 4.37799 0.359022 9.30379
4026.23 16.9525 4.2233 19.5758 3.8835 38.4473 5.07612 11.5583 0.0127442 7.92555
4136 0.853914 4.22356 9.8772 12.8138 24.1459 13.1395 13.9343 0.0134565 6.511
4022.43 11.6185 6.05251 4.45786 15.6887 10.3399 0.911782 18.0067 0.0346911 4.55688
4025.41 1.66937 1.5314 9.44469 13.4667 8.48525 4.1228 20.696 0.0980853 5.80738
4030.67 7.46954 9.7171 6.92908 14.3698 1.59527 4.87389 21.337 0.00707315 3.2299
4069.9 12.0441 12.1548 10.6742 13.1559 22.3387 10.6637 2.75256 0.00290339 6.00728
4003.32 5.31571 18.2295 1.15941 28.7158 0.802676 25.7704 14.4555 0.00631913 6.87507
4159.11 1.21666 4.86531 2.12975 13.1304 2.22302 28.8147 1.5551 0.0035209 4.87977
3985.26 6.9182 30.5955 8.06699 5.54213 0.889648 10.3479 28.6262 0.00369899 5.5507
4024.36 7.42242 8.51441 5.74174 1.94292 2.87352 0.256619 57.2161 0.0116813 7.27838
4014.45 5.53811 7.76689 13.4067 24.7536 5.40659 6.3918 18.4181 0.0102491 4.51762
4106.17 4.96286 5.37567 20.0543 13.7098 9.65583 8.788 7.44425 0.0519454 6.32121
4084.96 3.8378 6.92315 7.26453 5.27736 8.87832 0.39584 22.4402 0.010526 3.58109
4044.49 3.8378 7.40502 11.9031 5.00412 11.4669 1.22915 22.646 0.00703721 3.3154
3815.78 16.3624 10.0224 50.627 2.0023 16.3622 12.3505 20.8588 0.0530137 11.9285
3961.86 11.1039 14.1618 16.8865 19.0135 5.99716 23.2827 45.1615 0.0512339 9.97566
3957.58 16.394 10.7292 20.8406 17.559 6.41463 6.27382 0.765977 0.0176818 5.79208
3928.67 15.4704 12.6322 14.9842 2.43561 10.8735 0.808571 11.5713 0.0550886 5.79645
4056.09 6.92151 14.9863 7.35513 2.39539 10.4053 5.08261 7.19201 0.028876 3.30756
4085.72 19.5345 10.2629 5.63386 2.4351 7.49276 25.2721 2.2113 0.179005 8.46999
3970.62 3.8979 15.0764 3.84625 2.28333 2.92718 21.8472 3.25211 0.0265878 4.88746
4065.07 15.4288 5.60148 18.994 1.83471 25.8372 20.7569 19.0755 0.026069 9.13331
4104.32 11.0302 24.7363 2.87904 4.13383 12.0217 3.6191 39.7926 0.0111268 8.66652
4046.34 3.05645 11.0937 9.28725 2.76339 4.14699 7.53566 21.8075 0.0233099 3.54138
4021.6 12.5328 10.5508 18.9224 4.36553 10.3077 11.3466 11.1336 0.0346703 5.02487
3985.22 6.88675 4.45324 0.33598 5.06127 1.48462 4.7825 25.885 0.0146445 6.12452
4068.97 5.00294 9.06221 2.82438 7.28703 16.7 2.79379 17.8609 0.0836796 4.88947
4047.51 11.915 7.88922 20.0584 1.91379 0.672228 1.45545 6.41018 0.0252522 4.75091
4056.57 7.09075 9.85914 4.28241 7.21097 3.79285 5.64616 7.17456 0.0447697 2.87004
4030.72 7.33193 13.2486 2.20373 3.11761 12.3504 18.0695 3.21982 0.104142 5.24176
4026.95 5.48316 28.2654 13.2401 7.45508 15.2313 3.65338 11.4958 0.0136654 6.22105
3940.07 19.0926 4.98409 5.81761 12.0185 5.44184 6.45729 21.6648 0.136639 6.83553
3965.94 21.2486 10.7431 6.74391 7.56133 2.76066 34.4974 13.3534 0.0284922 6.30502
4078.19 0.740076 4.37251 7.77863 10.1742 17.4856 28.6071 5.61728 0.0286306 5.76341
4098.43 0.577268 2.53283 7.18034 3.06925 15.1527 40.8404 7.47943 0.0105197 6.0445
4163.18 4.57722 2.38248 1.57355 2.09256 3.39457 4.34398 28.3584 0.0110076 4.08367
4101.93 10.4456 4.94261 3.95474 2.00197 4.18111 13.0697 38.106 0.0235672 5.2791
3989.51 29.6394 7.06795 11.0683 1.17784 2.15171 11.6825 39.3304 0.00249741 6.41578
3929.8 29.6373 1.64998 13.3245 4.82661 14.7148 7.83265 18.6808 0.00164691 4.68814
3958.41 25.027 16.1234 5.59884 6.51562 2.56102 6.42111 21.4031 0.00715801 4.55252
3966.71 7.3608 13.0782 14.6739 3.90946 10.7867 29.7884 19.8117 0.0232216 6.19414
3983.52 19.0641 16.3064 20.3454 2.81562 2.91314 29.411 37.7527 0.0019077 8.51723
3887.52 0.508156 14.5757 35.2935 3.4643 6.52096 6.26713 6.54125 0.157658 9.39231
3875.39 22.9048 6.09028 12.4868 2.5248 2.12835 5.44212 6.80159 0.111499 7.66076
3890.1 23.989 19.4169 9.81552 1.18192 12.1235 6.3777 23.9874 0.0595991 7.54597
3889.23 5.10912 9.39996 22.8085 24.0598 3.24441 1.73497 8.90466 0.111157 8.3814
3854.53 53.4857 10.4846 3.10961 14.4233 4.82944 4.95344 10.1629 0.000249712 6.14979
3825.72 37.4658 7.34587 6.22458 4.74398 0.420803 8.27731 18.1281 0.0025258 7.04939
4003.03 3.82931 20.3487 2.09485 2.03412 23.3156 3.26672 25.2858 0.0176163 5.65518
4000.69 10.8337 23.9196 0.935687 6.07764 7.45092 4.72713 11.8838 0.0148085 4.06666
3996.82 1.36137 18.152 13.6106 24.7985 17.4498 7.60703 0.380577 0.027694 7.83614
4009.17 25.6244 7.94297 5.78297 15.0474 21.7909 4.01675 8.97055 0.00615612 5.77263
3882.05 24.5132 3.0621 18.8003 8.71194 5.9646 11.7454 7.34454 0.00618293 4.95422
3929.81 20.4146 5.89173 20.7073 12.6967 6.79296 2.08817 9.233 0.00117921 3.76454
4087.36 0.973436 5.37816 4.55413 5.07321 6.73171 1.43859 34.5809 0.0338359 5.03547
3994.43 2.83553 4.60952 17.6617 28.9647 6.76389 31.6871 29.6449 0.121676 11.1197
3983.22 2.28221 19.7671 8.3096 15.6766 6.78266 17.0679 18.0194 0.0893432 6.73834
4112.12 5.52029 5.79648 13.9968 23.2337 12.7325 14.5702 9.80809 0.00922156 6.89396
3997.04 5.95603 2.89635 13.1771 2.03982 20.6257 33.6424 8.8677 0.0306103 6.59089
3994.11 30.2839 2.68732 28.4155 5.06242 5.01596 9.53496 21.095 0.00596285 7.76585
4025.27 17.3023 4.27761 8.77629 1.93068 4.59213 32.749 9.91987 0.00781615 4.55376
3935.83 19.5647 22.6602 11.761 16.5799 20.8184 29.0352 57.9864 0.0198022 14.1071
4006.53 6.41133 20.0943 14.8767 4.5915 5.58 6.23762 17.5631 0.0199886 4.35007
4119.47 4.89955 3.42831 20.6688 2.55046 3.25698 7.97791 15.3139 0.0463012 5.23271
4046.75 6.50625 0.400067 7.05713 10.4519 0.43524 10.1091 3.97543 0.0268938 4.27426
4009.2 5.74937 3.06203 21.0233 11.8959 10.5907 6.04312 6.12687 0.0138419 3.58174
4100.05 5.8033 9.6174 0.852014 18.4818 6.97245 22.9086 13.9173 0.00574348 5.06922
3986.63 13.188 9.60513 17.9239 15.2867 4.12394 11.1292 11.005 0.00200197 3.64019
4025.31 4.67674 6.03363 16.076 4.75552 2.3386 7.45385 8.8048 0.0153124 2.71224
4041.3 6.49269 4.07097 14.5488 2.02998 4.24698 16.9303 10.3326 0.00179964 2.26772
3968.65 5.95938 6.45165 8.87567 5.62534 1.6295 3.52591 13.7269 0.00179964 3.04331
3969.95 5.01218 14.4229 4.41754 3.42097 16.271 7.69538 19.6563 0.0354288 5.04543
3975.08 16.426 5.19354 8.34989 13.4744 0.887794 21.5695 7.19782 0.0208052 4.75521
4074.46 2.49817 0.462784 9.55277 15.4134 2.76973 28.3558 24.4078 0.101849 8.0233
4053.06 3.30576 10.8752 11.5141 24.6111 3.2125 17.0932 15.0759 0.0175524 5.72397
4000.34 11.4234 5.32975 6.38903 9.05425 7.20337 1.68872 4.6364 0.0666726 3.89479
4004.05 3.81797 25.191 6.6376 4.96779 5.37721 6.85013 2.28955 0.0866573 4.9555
4008.14 10.3235 2.37562 23.4424 20.2264 4.04254 6.01156 4.22687 0.0201258 5.0244
3975.51 6.08991 4.04569 19.5594 9.34452 14.3025 4.01079 4.22687 0.0153132 3.814
4053.7 24.3531 6.24823 19.5583 9.5588 5.81008 0.354164 6.21632 0.039961 8.05434
3990.39 4.30889 22.3571 22.3196 10.4551 7.59044 2.20626 21.7468 0.0922582 7.91511
4086.81 2.2371 6.33044 6.77863 16.4308 25.3644 19.2618 5.96395 0.00643102 5.55997
3905.69 8.70763 5.28377 8.43797 9.73129 16.9934 12.4915 8.82132 0.00443513 5.23144
4000.3 13.2619 7.74965 9.56305 15.1372 10.2593 12.7397 6.92023 8.04092e-05 2.15599
3982.69 18.5718 3.43636 9.66949 1.92179 9.94783 7.16446 5.88845 0.0859705 4.79987
4043.73 15.9656 11.3521 1.42362 8.19498 7.48728 6.63476 21.0691 0.0273432 4.49531
4029.32 13.7466 5.87257 18.2611 6.34981 0.954987 2.49189 12.0432 0.16315 6.3856
4067.48 7.66246 5.78256 10.729 4.12238 4.72071 5.27982 18.3986 0.0367924 3.4175
4136.55 0.192116 8.48617 10.4958 3.18851 3.67167 8.58611 14.4054 0.0080034 4.03502
4103.76 3.91489 8.8397 9.8717 6.37745 5.61669 8.34842 6.09327 0.0697834 3.93742
4095.36 13.4251 0.851668 20.6786 6.29957 1.43499 9.23643 4.98509 0.2142 8.08441
4045.78 13.2174 11.5694 8.52316 12.5194 21.0771 9.58537 9.99997 0.0316633 6.03184
3947.12 17.428 0.358867 15.8656 11.2152 12.6727 3.69762 19.9405 0.109244 7.69208
3978.92 6.98389 17.1318 4.87781 5.25986 4.76102 10.2527 3.73193 0.00114419 1.95348
3978.85 4.3589 4.24034 10.7657 4.80785 16.118 9.7616 5.51343 0.0183059 3.85403
4133.56 5.79125 2.37223 0.154332 4.02033 3.61835 25.5768 20.2906 0.135619 7.77408
3979.15 7.66449 11.6217 8.0699 0.706583 10.3135 11.867 32.2241 0.111039 7.33275
4019.25 13.5313 25.9635 10.3509 2.51691 1.75906 7.29037 25.1032 0.0813337 7.71687
3935.27 11.8098 11.1797 15.6223 9.03981 1.68184 8.93251 25.8661 0.0241981 5.55631
3997.34 1.25455 12.7314 22.6594 22.512 4.13438 6.56077 22.0842 0.0963428 8.21337
4024.37 12.0713 6.56718 4.66455 13.0972 2.73327 5.20725 27.1233 0.0466623 4.75459
4004.79 15.974 7.61574 5.47857 5.92104 17.8589 1.63973 2.79818 0.00602599 3.00062
3889.34 22.808 10.8308 17.9699 5.32688 19.4045 17.2348 2.57603 0.0222304 6.70683
3984.66 7.54314 27.8627 17.1761 6.82728 4.53843 14.247 5.177 0.0163597 5.6953
4027.25 30.0229 6.50116 3.32844 9.54308 22.5909 2.9721 2.75525 0.0121999 6.30672
3983.89 20.1731 4.53379 5.95315 7.62216 17.9148 23.979 15.223 0.00285558 4.70201
3982.07 16.6957 22.4483 2.24815 2.91316 24.9318 32.5216 19.8263 0.00119596 7.86289
4009.59 25.0671 4.09275 1.01442 6.15796 10.519 30.3343 11.2488 0.00851018 5.57519
3929.6 21.9736 5.30324 18.1677 2.25378 24.751 8.32577 10.2143 0.148783 8.16854
4023.84 17.6333 2.34793 19.3792 8.24302 22.8474 3.40688 3.39925 0.0335925 6.31186
4001.84 7.06892 6.46434 17.5778 5.28289 8.0575 29.0899 8.2204 0.00244327 3.79597
3962.61 44.9477 3.64262 13.6413 3.7024 10.6201 11.5936 21.0214 0.000959639 7.37773
3836.51 30.9176 8.35951 21.4996 3.59407 4.41113 26.7008 16.3186 0.00715117 7.67081
3835.83 38.7597 4.89798 15.0775 3.9063 3.45223 9.54768 22.8172 0.000759068 6.07828
3834.67 37.6246 6.87166 2.12443 6.18151 13.2156 18.8172 5.05163 0.000759068 6.00402
3902.45 29.8328 8.56591 27.3781 7.68356 19.9857 0.875578 3.25318 0.0258052 8.40236
3954.78 13.4123 3.91114 4.19032 9.82705 24.5321 19.3846 5.0316 0.576931 11.9388
3962.85 35.4459 4.04979 1.44757 12.5168 5.67367 16.2104 7.0052 0.136232 7.5363
3995.27 13.5592 4.03927 5.91102 7.90088 10.7884 4.81453 8.34967 0.0527203 3.76795
4010.31 6.99362 5.85531 1.69818 10.9006 29.2022 5.15735 36.0867 0.0648976 7.73144
4140.22 5.21358 2.47543 1.06546 4.71977 8.99835 4.2874 24.0767 0.0343237 4.36377
4005.72 4.06943 1.84089 8.81906 6.2541 8.99625 13.817 13.4036 0.0494142 4.61415
4010.61 17.1392 12.4323 11.4683 5.86423 1.76468 8.19145 10.1115 0.261093 7.09479
3899.55 19.3265 9.51712 7.00824 9.04149 6.40201 19.6694 9.28881 0.0334564 5.71348
4009.76 16.0737 9.27804 11.1909 10.4725 2.83991 9.15141 2.35528 0.0804632 4.85903
4089.44 13.4025 3.48737 13.3463 8.60967 12.9569 10.1362 17.0995 0.0151244 5.13138
4131.98 4.13925 0.621821 5.47506 11.8344 21.5848 14.8139 1.74015 0.0759771 6.85846
3955.49 20.7211 17.2537 0.152704 8.45491 13.1449 9.60373 18.1004 0.0202555 6.33926
3957.6 8.01397 2.10952 2.31399 17.478 11.6565 9.45104 18.2375 0.00660406 5.07378
4158.01 4.7248 5.41746 6.81315 11.3309 1.80603 13.9889 18.8289 0.00137575 3.86597
4053.66 5.58447 9.79752 2.81808 3.72126 3.22169 2.81942 29.9573 0.00118682 2.69866
4105.61 2.23793 4.80814 1.65874 14.312 10.5972 2.87678 32.7943 0.0030079 4.00528
4106 8.84313 5.89425 23.8574 7.61277 7.90947 7.01502 10.423 0.00861858 5.57219
3958.51 12.5113 8.56116 6.06595 15.9544 8.83845 22.0766 31.7563 0.000356919 4.92505
4039.13 8.66543 9.93591 8.30557 7.78586 11.1152 18.8462 66.641 0.0556863 9.45288
4067.9 0.63843 10.4456 10.5369 7.55706 3.17268 1.40786 21.142 0.0420597 4.78318
4057.51 12.7801 10.4222 17.0264 4.98048 22.609 18.0407 9.63915 0.00355267 6.44454
4151.29 2.50343 7.30548 6.2728 8.75485 4.94747 17.7007 8.17802 0.00168552 3.05943
4090.64 11.052 11.3544 14.9335 11.9047 9.65795 1.34538 12.8624 0.00653335 5.57283
3949.58 10.21 27.7839 15.2504 11.6829 2.61042 18.9108 19.4039 0.0150097 6.9594
4030.96 1.5677 19.1324 5.31412 4.54169 4.59086 24.4935 8.49888 0.00712735 3.78866
4047.17 13.2189 16.1583 5.10184 2.13648 5.54868 8.76821 4.63364 0.0270924 3.68587
3969.43 3.61724 18.3821 3.77246 15.4889 16.1211 26.2256 9.67602 0.21001 8.99394
3955.27 4.14611 4.59879 11.4585 17.6868 17.6663 5.76945 12.0257 0.280991 8.449
4112.78 5.29777 5.31236 11.4585 13.0738 22.4559 7.16647 18.7793 0.0880103 7.72411
3928.16 4.20323 18.5819 16.1561 3.73226 0.135187 19.8993 16.0424 0.0188997 7.00525
3925.82 24.2236 4.32455 18.2519 23.3131 15.6599 2.37859 33.0564 0.0420586 9.37895
3977.98 6.85157 27.2097 16.9712 2.95344 24.9732 29.0523 3.11527 0.00626979 8.64045
4092.9 8.82186 2.49571 5.65297 0.326538 2.18392 8.40799 17.2041 0.0132753 3.62094
4068.59 10.2778 2.14652 3.25352 5.05281 12.2209 6.28186 7.56484 0.00421461 1.82922
4046.65 10.5872 3.62456 5.16308 6.19923 30.064 2.77661 21.0403 0.0260963 5.36628
4176.14 4.0088 4.84867 6.36397 5.8682 12.2196 10.3447 34.0555 0.0177004 6.28497
4115.72 1.89139 5.73707 10.4599 3.21998 9.01045 6.88382 45.0765 0.245633 9.24692
4094.67 3.2665 2.46002 17.46 11.5637 5.96757 7.33285 48.1285 0.0853962 8.23948
4047.19 1.49317 4.43535 14.4868 3.62311 17.1447 6.77796 31.4137 0.105062 6.81959
4010.84 10.489 3.30802 5.59935 16.6728 14.1588 18.7162 26.1782 0.174784 8.21264
3893.17 15.4977 32.105 5.71173 2.7046 20.575 17.143 9.87428 0.131545 9.13208
3963.91 14.5211 16.7552 16.5429 2.24314 4.98013 8.7697 3.39833 0.227846 7.14634
4007.23 17.5351 14.6084 19.3779 1.14427 13.4249 1.31655 22.189 0.05442 7.80425
3921.63 15.6332 5.56407 6.69072 11.2521 11.7569 12.8833 10.48 0.0248125 5.02521
3792.42 15.343 45.4083 5.82811 22.2443 9.08273 13.9074 24.0627 0.0114107 10.6882
3871.13 3.87291 36.9378 9.13335 23.3755 21.9302 0.928751 3.84359 0.0149287 8.99367
4170.06 1.84555 23.6065 5.08305 1.33104 13.213 13.1924 2.91753 0.0227192 8.52112
4048.14 3.24771 15.5047 13.1389 3.41056 2.67286 6.91006 3.36913 0.106505 4.81325
4034.38 4.18092 13.536 7.57622 15.4693 1.78834 6.69642 9.57279 0.0802542 4.64823
4003.04 1.55958 12.8628 0.68741 26.9574 5.29444 58.7563 3.94402 0.0117981 9.96918
4088.77 1.99409 7.58286 2.47995 2.48144 6.01426 16.5026 5.36147 0.113092 4.63523
4155.65 4.82622 0.917797 1.31454 0.688225 17.1276 5.61045 2.33633 0.101976 6.0419
3973.43 22.8653 4.2334 7.01457 5.38846 4.85016 5.81438 1.45188 0.0906122 4.9581
3993.87 11.5011 2.06146 5.76523 14.5623 8.62032 13.7205 10.5282 0.0667858 4.93308
3950.14 7.47186 2.3335 23.3146 24.3301 3.79366 4.11756 19.5997 0.0628033 7.19665
4004.6 0.883928 5.29681 21.3457 32.8213 15.1679 2.58675 14.0891 0.0199639 7.90604
3854.07 8.59369 24.8242 6.00658 24.2796 25.6263 8.95481 8.2565 0.0192183 8.63014
3983.69 16.4342 6.8786 8.6324 14.347 5.1953 25.4003 45.1198 0.150974 10.0179
4025 16.5354 3.72151 1.84691 26.6136 5.28756 2.42454 10.0617 0.21225 7.47597
4050.97 17.9165 5.58668 1.00535 11.6924 6.67716 13.6421 8.02648 0.0233758 4.13916
4100.25 9.3441 8.10891 19.2087 12.2287 3.98344 6.09646 7.99678 0.192067 8.17844
4091.34 1.65124 1.29033 2.18018 18.5465 3.04512 4.36441 3.68205 0.206292 6.18926
4064.85 8.22737 2.24037 7.37314 15.4177 2.70837 3.98171 3.75876 0.301791 6.56411
4107.86 1.44491 6.65392 3.50197 9.98215 5.42996 0.984866 23.1049 0.343579 8.23228
4117.47 0.473253 0.837329 10.4782 10.8728 5.97527 2.9241 18.8089 0.0073701 3.91559
3957.37 31.524 1.60442 0.6992 2.7907 1.57286 8.16608 30.3683 0.00328738 5.97037
4117.43 3.5756 5.61764 10.1734 3.57982 10.8982 6.7031 20.3948 0.0141407 3.51721
4159.18 7.62566 3.48457 4.9058 3.3066 22.5713 27.5814 13.8583 0.00664955 6.83936
4060.25 11.4693 8.52613 10.6662 5.81532 8.80904 11.7133 1.70734 0.00555534 2.88075
4068.35 7.57287 10.362 13.9522 6.16233 2.83385 8.15421 1.80042 0.010037 3.01359
4029.72 15.2432 13.1423 10.4342 7.5814 18.7234 8.09689 10.3812 0.374454 9.46525
3960.72 32.4474 4.73127 10.3348 26.5692 2.49141 8.11516 7.52088 0.0764359 8.04339
3942.39 20.4899 14.9319 19.5405 5.36887 1.78832 9.97823 12.4368 0.186415 7.85278
3924.51 17.8832 8.54075 19.2784 5.19903 2.32599 8.77601 31.0231 0.0376802 6.57432
3980.42 11.807 4.20769 20.8571 8.14516 3.96739 16.2123 31.5704 0.00153362 4.71388
3972.8 4.14213 7.32677 16.569 6.29572 6.51331 26.1982 7.64719 0.00153362 3.6066
4082.98 11.7761 13.1973 10.9647 3.76445 28.2602 9.84796 11.1233 0.0179082 7.23658
3984.33 3.37497 14.5224 2.97779 19.3483 5.23921 8.31313 4.18752 0.0247877 4.03797
4078.28 2.57328 25.2016 2.81363 9.53356 2.4953 7.57981 7.30345 0.0100867 4.11707
3809.21 26.3376 32.3107 0.907232 8.60078 6.8619 26.5483 4.16129 0.0122435 8.79633
3965.11 13.5676 8.63671 16.4635 0.890196 3.31466 29.3974 28.3808 0.000143438 5.25426
4082.78 6.36773 4.02102 9.06143 3.22485 1.88738 16.3329 17.9237 0.00199457 2.44834
4085.61 5.30678 1.60276 4.6969 3.60404 22.0051 5.39647 28.6612 0.000233215 3.17689
3963.14 11.742 12.2226 11.7786 27.8048 22.9731 15.9406 20.6205 0.00487571 8.12789
3925.19 4.49624 13.5556 28.0357 7.47075 14.4688 12.2846 2.99631 0.00362781 5.07739
4021.42 33.4142 8.89142 10.0103 5.82933 10.9571 45.6611 5.57999 0.00164861 10.1048
3954.8 10.9859 7.43402 26.2108 18.6883 20.9048 4.22589 2.43628 0.00010045 5.24594
4025.74 17.1605 4.03687 1.86608 26.9504 4.6607 3.06245 6.2877 0.0512119 5.36568
4095.02 10.2646 2.22116 10.287 15.9159 11.9856 5.14919 2.67648 0.0297485 4.70204
4119.1 22.7361 5.70705 5.04734 7.02117 1.40723 19.1313 7.34968 0.0243567 6.89424
4019.82 19.9706 9.06739 4.24808 8.52312 18.3776 4.5181 6.6108 0.00211248 3.21988
3936.77 9.16567 13.5002 22.4631 3.48886 10.367 12.8774 3.57739 0.00502062 4.08546
3924.09 9.45384 13.947 32.8816 2.40374 11.6532 5.36842 13.7142 0.00635117 5.59296
4039.87 9.1919 9.76706 10.0085 14.7146 0.861829 3.9138 13.5347 0.0861928 5.24338
4004.85 5.7353 1.16608 2.74246 16.4135 26.8753 9.09543 5.10794 0.116909 7.0792
3939.6 9.45243 6.35607 5.35856 18.6564 0.729431 5.11151 5.43471 0.136072 6.96094
4065.06 9.67425 6.69157 5.63888 15.8983 2.40066 6.33763 26.2164 0.133252 6.29383
3963.24 7.66921 1.89006 18.0367 9.81917 2.40066 40.5819 21.2604 0.000745864 6.23659
3972.65 9.96315 6.15035 15.7415 8.44887 18.0742 12.0724 11.1797 0.00135275 3.33807
4240.98 1.60435 4.13753 0.709504 11.7545 2.7445 3.66646 1.06702 0.0303494 6.95249
4028.07 7.79729 15.7372 9.18006 0.433688 6.19502 11.1872 0.123474 0.0164147 4.99127
3995.34 16.2455 24.5612 1.644 0.653015 4.21003 2.07938 16.9188 0.0231584 5.61675
4028.41 18.1552 12.4289 1.72757 6.13941 3.18584 4.45362 16.3335 0.00436984 3.09781
4021.06 1.89088 27.5098 2.56577 5.15409 9.01663 5.97624 15.9636 0.000224964 2.88666
4047.27 2.41797 13.7403 19.3976 3.60316 16.9281 9.67608 14.4315 0.00106448 4.00102
4061.2 8.36711 1.79613 34.2334 5.25021 8.37193 15.8334 18.6288 0.00667629 6.86183
3940.48 28.0433 4.86211 2.41618 0.598281 18.879 3.62319 5.35107 0.0224178 5.46877
4024.2 36.485 4.42508 1.77863 15.8386 9.85012 2.8064 8.18663 0.016501 6.86219
4016.34 7.87315 9.09828 2.40806 16.2122 3.4015 21.7437 12.8475 0.0140437 4.09971
4036.09 6.24524 15.3826 9.80693 22.3896 5.26953 2.67885 3.29761 0.0946568 6.11765
3830.44 10.8614 27.8037 5.68212 30.5991 4.47302 18.4502 7.95466 0.119574 10.584
3947.18 9.91946 15.0327 3.98288 31.3883 6.71309 15.6624 31.7879 0.157613 10.0721
4121.88 8.26126 2.61275 9.95049 6.89564 3.94465 29.9448 28.4206 0.0320446 6.92393
3969.16 17.9029 11.1708 4.60996 5.04818 21.6318 4.58847 11.9224 0.057003 5.30322
4026.19 6.30717 12.825 9.91763 13.8971 36.9162 8.56241 15.2924 0.086285 9.01366
3905.04 24.0827 1.44674 15.6378 13.9449 14.9889 1.50639 2.52932 0.0186988 6.033
3976.71 3.78469 9.10093 5.50091 14.7326 1.00341 12.3001 18.0383 3.03292e-05 2.96244
4027.17 12.0322 25.2445 9.20012 14.7084 8.49872 15.1685 9.17514 0.00833245 6.669
3855.21 22.8256 18.5443 6.20447 3.18945 12.7828 18.3292 28.9047 0.00750666 7.4538
3903.12 28.0553 22.2516 3.62361 6.42712 9.08913 18.429 10.0958 0.00982209 5.85108
4091.31 10.1176 11.4662 10.0413 7.23866 3.57832 21.8078 3.90537 0.000108857 3.21288
4091.31 4.77262 11.4662 10.0334 5.04648 6.54602 21.8078 5.24379 0.000108857 2.36343
4152.45 5.20095 3.09923 11.9733 21.3886 4.94286 9.57639 9.28664 0.000108857 4.43708
3930.57 9.52566 12.5295 11.6469 14.9145 15.115 0.901592 2.6439 0.000108857 3.39593
3958.27 11.0984 26.6819 11.7153 6.53024 17.4414 12.8529 0.120962 0.0571873 8.19518
3957.02 28.6454 3.8011 11.7129 10.3719 5.37486 9.00675 15.0743 0.00396555 4.05185
3948.15 4.63878 12.2773 18.974 6.43088 7.95162 15.9493 14.2993 0.0690661 5.95769
4076.2 17.8305 11.4284 0.824654 2.6202 2.98185 18.5612 1.62638 0.0841016 6.33852
3877.78 2.38723 11.5088 17.9641 21.3454 9.73285 2.22428 4.46308 0.13022 8.88462
3998.4 12.1107 8.12243 13.3962 12.6041 1.92021 0.466788 3.57285 0.175226 6.51806
3967.19 3.77089 33.1527 13.391 13.3469 12.942 9.73843 4.32571 0.140004 8.77289
3905.42 8.96255 20.3928 13.7331 5.74191 5.37378 32.043 16.6188 0.0249203 7.12258
3870.19 27.5837 25.1278 14.9424 6.95558 8.10006 13.5443 12.4888 0.0434833 7.88075
3900.08 16.2935 11.377 10.7389 17.0156 16.7619 11.3233 4.27161 0.0542495 6.57862
3833.91 11.4902 11.3997 10.697 43.3952 28.9465 13.3634 4.46216 0.0132146 11.7611
4034.61 14.8625 12.4483 1.97827 8.76572 17.1969 8.85757 14.9248 0.0172509 4.56861
4007.8 20.9288 12.5122 5.446 1.76871 10.0358 22.8535 6.36914 0.0424822 5.65321
3883.61 31.0717 7.18093 4.09759 25.9069 23.5364 1.34959 4.02374 0.00628947 7.3132
3926.05 24.5679 5.11379 10.1444 15.505 23.7509 13.3067 1.7502 0.00628947 6.02256
3901.56 11.3994 10.8126 9.43032 19.7668 9.67484 27.0582 7.26928 0.0738041 7.85109
4111.34 12.8027 6.36327 11.5711 1.96605 19.4232 11.0227 2.84241 0.00952959 5.36746
4112.14 5.06475 0.62445 12.7292 10.0356 11.3534 18.0039 0.448211 0.00952959 5.13529
4067.24 11.9205 5.52808 18.0048 6.4571 2.09499 3.77122 18.7992 5.37291e-05 2.65657
3978.83 11.3063 14.464 9.16898 11.6284 10.7049 2.71173 41.258 0.0109388 5.82144
3988.39 11.4916 22.6543 6.8215 27.249 13.4866 0.886304 39.4915 0.00759004 9.2255
4087.97 6.98134 13.6624 0.108656 4.68098 26.4221 6.34102 44.0481 0.00301387 7.85451
4117.46 23.8812 11.2305 4.16802 8.2682 7.12713 4.31576 5.30439 0.034744 7.58396
4043.6 5.51224 8.45775 9.47539 7.74374 3.11179 2.21044 24.9343 0.211323 6.45333
4093.27 22.2264 3.9202 6.3386 6.81185 12.5934 2.78176 13.5121 0.0317489 5.74524
4028.98 5.72813 16.8641 12.6802 13.3615 15.6804 5.11374 16.4851 0.0660612 6.41668
4033.48 6.02662 2.80231 20.1213 2.16048 16.6823 0.370378 24.3967 0.152611 7.96125
4016.84 6.63094 4.04663 11.7155 5.33326 7.93094 0.819089 6.00006 0.160548 5.32938
4040.93 7.36461 1.14521 15.83 3.40639 27.3106 6.42194 7.51971 0.137082 6.85288
4034.34 1.82127 1.04673 13.9837 15.8744 4.24615 5.95036 9.67964 0.0254982 4.02251
4074.36 8.26873 4.0225 8.3409 12.0886 0.267252 8.55634 1.58315 0.00373043 2.95561
4031.01 13.7397 9.44917 2.85255 28.0611 11.5825 1.62418 7.42792 0.0358026 5.97521
4096.22 16.2394 1.85829 3.56782 13.9283 21.1783 9.79281 1.72592 0.00175164 4.88613
4164.98 2.04877 4.92975 0.562625 12.5728 7.53221 5.6808 10.5369 0.00128868 3.00958
4147.7 2.08527 4.79687 15.752 3.19237 11.0656 7.81705 7.70504 0.0480062 5.19158
4120.55 3.6543 2.54635 12.1609 23.8855 2.9102 3.10535 17.2001 0.0512343 6.3162
4121.23 15.7095 4.49556 5.49558 4.44115 19.5689 15.9496 19.0678 0.00265522 5.74664
4031.75 8.13665 3.67095 12.9718 15.6424 1.48058 3.94154 38.861 0.00419797 4.83184
4038.91 7.9517 5.72182 14.1914 17.5888 2.47212 25.9787 6.07846 0.0054321 4.50299
4111.88 2.486 11.0311 2.85573 8.53007 5.54515 24.5496 6.07846 0.0054321 3.49052
3991.08 3.39391 10.128 4.64484 7.6912 7.76297 26.4267 5.72004 0.0072464 3.77891
4046.42 4.69618 10.2005 16.0373 3.35177 7.15332 48.6308 25.1774 0.0168741 8.16528
3966.71 6.04413 6.08874 29.5427 4.78993 13.2887 41.8343 46.2216 0.0252206 11.2709
4002.16 8.19244 22.915 2.419 12.075 4.7297 12.8245 15.3037 0.0222699 4.668
3947.85 11.0003 5.93052 20.3587 0.73145 3.0491 10.6535 10.6503 0.185285 7.4089
3940.77 7.75832 16.8201 9.51936 12.1248 18.5621 16.6588 1.70959 0.214999 8.36933
3960.15 4.37719 4.41014 7.26405 8.46744 14.0483 30.6146 10.4484 0.540649 11.6329
3984.6 26.9562 21.2393 5.01369 2.50002 13.3145 42.2741 5.07945 0.0769529 10.959
3979.04 3.30349 16.2645 1.98082 7.94261 11.63 31.0368 18.6408 0.102407 7.79367
3990.86 3.8748 25.3433 1.53202 5.49849 2.49836 5.675 16.4469 0.072017 5.48671
4158.7 3.85025 3.68192 0.7157 2.67043 3.85773 10.3311 36.3942 0.0417144 5.99071
4043.02 10.5219 19.7397 4.21717 6.57822 14.1892 10.4963 0.145174 0.0564803 6.56591
3941.02 8.31887 10.4847 20.555 13.2026 16.755 10.1542 51.1703 0.308513 13.0276
3995.98 3.03991 4.56982 10.4344 16.2996 14.4655 3.98808 23.2733 0.0345032 5.31777
3948 2.15863 3.01113 2.72596 20.0048 24.6867 9.80425 31.294 0.0221106 8.71174
4029.41 5.22237 17.7201 7.72922 14.4596 7.43589 21.3472 20.436 0.0384125 6.19368
3909.39 8.2606 32.3378 5.66651 1.38325 4.98483 22.5217 13.2361 0.00744902 5.92627
3943.26 10.5042 21.5857 20.9597 8.85386 9.76875 8.51978 9.74412 0.00774439 5.04304
4028.59 2.7567 16.693 22.896 7.79321 16.3529 3.02312 1.04591 0.117656 7.85933
3919.53 24.7751 11.5753 2.77384 5.64648 22.4102 21.8471 17.634 0.303974 10.958
3933.81 31.9179 6.86096 6.60531 9.00568 19.5765 32.9488 23.1117 0.0770045 10.1699
3936.03 38.0681 9.81978 2.45235 3.99974 9.33178 16.8176 21.1311 0.0362259 7.14389
3960.58 47.1406 19.699 5.64723 4.12606 3.40176 7.68552 20.1071 0.13556 11.281
3903.32 27.5797 32.4941 11.8998 2.87218 0.998209 5.43641 57.8432 0.142742 13.4281
3995.25 10.9425 21.9071 10.3424 16.9912 6.92922 5.29406 26.2771 0.171968 8.80688
4051.26 0.647594 7.55258 0.236081 4.34544 17.6733 5.19935 5.99033 0.0410533 5.14162
4120.06 7.98877 2.14838 6.96479 9.06463 19.1255 4.7952 2.61067 0.0299957 4.44624
4109.36 3.71698 3.2712 7.8704 3.01433 7.15352 4.82172 5.24298 0.0192573 2.20444
4061.16 9.03856 2.68781 9.15817 4.71744 2.68878 9.37943 12.4197 0.018155 2.6611
4059.03 6.55759 2.75366 18.9604 13.0251 2.37384 25.341 30.7607 0.0249388 7.05032
4020.12 15.8184 2.3818 18.7081 7.87486 6.27796 25.5236 10.2317 0.0401142 6.04264
3881.93 31.7922 17.1254 15.3767 8.84573 7.02146 8.90526 31.9887 0.0304194 8.3363
3947.01 25.9932 11.1675 29.1772 6.69416 1.1928 4.64383 7.09956 0.0527365 7.76081
3817.79 17.552 12.7571 32.5108 6.64389 3.66922 8.67059 15.4833 0.0454208 8.70592
3899.64 15.2455 36.432 4.06367 1.66104 11.8286 17.3646 10.6791 0.0139894 6.72181
3959.34 6.6027 4.10524 9.71759 3.13758 23.2839 6.77633 10.2568 0.0607389 5.78679
3961.79 3.10264 31.1827 11.2937 13.8265 11.8384 16.9006 26.8292 0.0531049 8.74492
3962.79 7.87091 51.7088 0.166288 16.154 4.13771 12.8344 4.05436 0.150144 12.4449
3855.5 16.6522 25.2663 7.9747 1.45311 7.16166 7.49296 11.0622 0.0798981 7.6111
3942.59 29.4734 5.2873 0.660126 33.5127 7.38264 26.4717 4.88433 0.00692929 8.37446
3973.32 3.05759 12.8634 9.62901 1.30605 6.05183 26.1538 5.12935 0.0430241 5.5412
3954.25 9.91515 1.29011 39.3132 6.84815 10.2616 20.2361 1.86083 0.0283547 7.68522
3863.85 10.7043 23.2317 0.372895 10.2081 3.85229 16.7852 2.38392 0.0837373 9.062
3881.1 4.2336 34.732 4.37794 8.05145 9.20232 9.05954 2.49012 0.0526246 6.8604
3916.64 1.61604 45.0365 5.5013 1.51304 16.7383 28.933 4.74899 0.194075 11.5531
4044.73 7.92447 2.59956 10.9852 11.5977 5.07812 1.3951 6.38674 0.0624266 3.86394
3921.22 5.16289 14.484 14.1439 8.5697 6.12652 11.1475 3.94513 0.111678 6.24406
4013.51 23.0419 5.15457 3.96894 27.1365 7.02766 5.1914 13.944 0.0290277 6.15658
4012.42 7.61906 2.59017 8.61816 40.1557 10.6835 5.18629 40.4121 0.00761867 8.22473
3994.92 14.8358 12.4855 18.9633 9.36191 11.9349 23.6956 4.52705 0.0206096 6.5218
3902.48 5.72543 20.2203 2.21415 5.13702 11.342 2.78318 1.05858 0.0505226 6.8377
4003.56 17.1877 6.34223 2.09674 25.6448 11.1946 12.6301 96.515 0.0135805 12.7393
3870.2 22.9342 5.3829 16.9194 1.18155 12.6178 19.0137 12.421 0.0277612 7.29075
3935.15 14.2628 5.93946 14.3008 5.97156 1.92456 22.5623 15.6155 0.00300893 4.47918
4182.08 9.2442 1.98173 9.47269 18.4754 16.2387 21.1978 17.1688 0.00921457 10.1599
4129.82 5.73318 1.99569 1.99319 49.3269 7.4933 2.04107 11.323 0.00187901 8.50325
4007.56 4.01015 15.8363 3.53378 11.4359 17.5178 5.48828 12.3617 0.00187901 2.90786
4004.54 1.6499 14.6065 16.344 1.45468 8.54598 10.9424 11.7587 0.00187901 3.13628
4043.4 3.43669 10.2403 9.11631 12.3434 15.9157 8.56687 2.64866 0.0318989 4.01325
4116.88 5.22634 2.7519 1.91871 5.71024 3.25096 19.5234 21.8821 0.00250923 3.07849
4114.79 2.153 7.41173 13.8603 12.8486 14.2949 9.36889 3.94303 0.0377988 5.54896
4025.87 7.135 6.16744 27.6891 0.845722 22.6552 18.5704 6.70615 0.0443279 7.70869
3916.17 26.2026 8.58261 1.21043 21.4821 1.2929 25.2069 0.952863 0.0147169 7.18606
3889.92 20.2229 7.90391 2.99221 24.6201 3.21348 3.14378 1.30371 0.00668942 5.5137
3902.11 20.0127 18.6759 1.40302 18.1224 2.64983 15.3559 19.436 0.0267917 6.91535
3881.5 5.2058 38.967 9.66217 5.26424 5.82026 6.45789 8.3098 0.0350098 6.40411
3988.53 7.70134 16.7164 3.70278 15.9643 16.6533 9.55528 17.2437 0.0766971 6.25699
4067.07 10.562 7.06333 4.8675 8.43002 12.823 6.24611 1.0222 0.0234796 3.37611
3933.69 14.325 15.9675 1.36779 1.01734 32.507 16.3768 19.0805 0.0253264 7.9923
3941.1 22.1765 19.4124 1.17824 2.03535 15.0524 14.8715 13.2405 0.00412528 5.11876
3940.09 16.6492 18.0188 9.64963 3.77532 17.1861 15.0847 66.1767 0.00412528 9.15044
3888.32 16.2537 17.8814 15.7329 5.45031 16.6124 14.6811 38.373 0.0225163 8.39882
3858.65 25.4525 19.1628 6.8591 12.3601 8.2669 9.05931 14.8956 0.00144878 5.05645
3959.92 4.05818 19.4395 7.16009 15.9773 8.2669 25.2584 2.29457 0.207649 8.34921
3974.26 10.3873 1.02807 6.6967 12.2443 8.44054 32.2071 27.5874 0.142018 9.25605
3893.63 42.4812 5.62688 5.21699 1.33173 1.01146 23.9352 8.25286 0.0352261 7.58146
3888.63 33.2448 6.70909 3.49403 6.10901 7.19689 31.8388 2.52336 0.0167792 6.7099
4000.38 13.3951 24.0912 3.1805 3.19749 8.33966 17.575 7.60518 0.0111457 4.48496
3788.85 41.968 18.2623 17.3353 30.3264 4.95687 6.2288 5.92633 0.000266669 9.12272
3743.33 35.8132 18.2623 20.8178 24.093 2.9663 6.2288 11.0838 0.000369916 8.89113
3938.66 5.15549 41.8617 23.0972 10.937 1.48817 9.34786 3.35804 0.00381347 8.2702
3946.54 14.9977 8.92072 4.89927 14.5369 2.24374 18.7314 5.73423 0.00746109 3.96533
3960.31 5.22358 15.9985 13.861 2.23817 31.9105 29.2764 14.4419 0.0195767 8.26098
4046.19 9.35981 19.7313 14.0486 7.76837 5.92698 16.4653 24.8217 0.00303929 5.81894
4008.24 9.41374 15.5611 18.2917 4.8118 10.4533 14.0809 10.7851 0.0486609 5.61905
4014.04 7.25224 11.2279 8.58063 10.6955 14.5301 8.79931 14.8027 0.0222749 3.87829
4022.86 21.8267 15.5744 11.2085 3.4952 8.34246 8.19794 4.70816 0.00232541 4.24459
4044.9 5.66414 14.7612 9.96149 1.55863 14.6222 7.39442 3.38706 0.00223015 2.54055
4098.87 12.9564 7.57238 2.26205 6.68294 13.0075 2.89856 9.71342 0.0502019 4.46613
3978.07 5.09178 5.02754 15.4941 8.71557 3.88544 12.9313 23.2983 0.0367005 5.13257
3973.89 19.5344 5.5423 4.95551 6.97837 15.1604 4.45306 3.80401 0.0551876 4.40726
3993 10.6934 7.17911 13.6809 5.59411 10.5688 22.3577 9.27035 0.0615581 5.22348
4029.11 6.00405 10.238 1.33983 29.2403 27.3105 2.19756 3.57118 0.00918529 6.52578
4100.32 7.86059 1.52128 0.80176 3.4875 8.70226 24.8993 13.346 0.0104132 4.15675
4008.62 3.20594 6.25197 1.16248 1.565 5.14717 23.9056 20.9912 0.0196507 5.74834
3807.02 44.2429 4.59061 6.16842 26.7113 24.455 4.83919 9.46577 0.0412309 10.4876
4042 3.52119 3.31915 9.3396 21.4733 6.56938 14.9436 0.580321 0.034441 4.98138
3924.16 3.14385 7.89273 7.61473 27.3157 5.24687 11.4779 5.41108 0.121874 7.63776
4051.19 7.84457 7.61792 7.20851 7.3739 9.96511 14.763 2.97702 0.00255528 1.9665
4100.92 6.84833 7.73987 7.94307 21.7928 3.76125 13.6692 2.99403 0.017487 4.92342
3995.55 13.0527 11.2049 9.90018 1.51949 3.15782 34.1521 5.44995 0.00241572 4.20023
4168.33 9.90626 2.68774 6.64825 8.33947 6.45117 15.5865 10.3159 0.00373858 4.49125
4065.82 4.33151 21.0417 7.43954 3.51406 7.00266 18.1942 11.0732 0.000384862 3.13225
3986.68 7.69756 22.0691 11.249 10.5422 3.84762 5.79956 4.62576 0.00869718 3.42636
4023.35 3.0911 12.2436 17.741 13.9995 14.2464 19.8636 5.62696 0.00869718 5.27008
3993.77 0.402831 6.43233 2.0126 9.86809 8.06256 21.3323 7.17762 0.00903648 5.06276
4056.01 4.08533 9.00949 7.56411 1.03466 3.78928 16.4467 29.5876 0.00739724 4.09259
4079.07 6.59196 7.95209 17.7308 16.2933 5.35819 1.38832 53.2981 0.00988599 8.11546
4065.32 2.81298 10.4526 13.6112 8.55296 18.827 16.6332 7.81634 0.000754962 3.69114
4147.08 8.96897 12.7364 10.4436 3.61815 5.94351 2.36271 9.28965 0.00306852 4.63634
4005.01 15.6193 12.4504 6.71202 2.51206 10.3887 5.96872 9.26475 0.0106786 2.93895
4012.62 3.74024 12.6785 16.7432 12.3621 6.7359 12.8736 17.9249 0.0494642 5.42238
3885.61 17.8313 18.3436 3.34484 9.59903 11.7726 11.491 16.0747 0.0406248 6.47204
3994.35 6.06734 3.77323 15.034 22.4232 29.7479 5.0709 58.9833 0.0110378 10.4021
3903.12 9.41578 9.13496 17.3972 14.9726 23.7941 14.7578 29.1713 0.00267814 7.36416
3932.88 26.4176 11.6606 2.96723 33.0883 12.0843 25.0445 20.4763 0.000948377 8.7116
3920.79 21.6183 10.8614 2.91767 21.5472 9.77011 18.0657 23.2028 0.000808614 5.58736
4005.69 10.4522 4.28192 5.51983 31.1308 10.1334 2.99241 13.9581 0.00249834 4.1657
3974.02 4.69734 49.3164 5.45452 21.6226 10.4187 13.7491 15.4641 0.00349131 10.5939
3819.41 7.59631 37.9869 7.19677 7.86069 21.5257 1.16606 8.99687 0.00987122 8.24549
4070.27 8.6259 11.5218 0.186568 13.266 9.93977 32.123 1.54354 0.0155025 6.72374
4049.28 1.13315 10.0595 5.4517 19.3749 14.4158 1.44271 14.2819 0.0119822 4.36997
4032.56 1.05851 8.58461 7.00969 18.9186 12.0695 5.43391 12.5506 0.00538884 3.40698
4048.7 5.52697 6.44315 3.56254 4.78593 28.6029 12.3886 15.2458 0.0123599 4.38479
4028.1 2.97709 3.67604 15.4181 20.7556 51.81 17.8345 24.0527 0.00206201 11.6523
3970.14 24.038 7.14574 13.4394 15.7959 5.6933 1.89571 18.1558 0.10184 7.016
4031.78 8.75645 4.863 13.6732 1.26157 9.27719 2.38533 2.61717 0.0510406 3.85409
4058.38 9.66319 0.579982 6.71789 8.81036 1.97174 17.8008 11.3785 0.0616868 4.86221
4064.59 6.86482 10.929 16.6513 16.6814 4.40699 21.1674 7.69827 0.186069 8.80609
4066.14 1.00337 8.94714 7.07514 4.63148 9.39598 0.833149 8.0068 0.0372009 3.63223
4103.2 11.5189 4.96282 5.98582 1.32472 4.8722 16.1289 0.994689 0.0475192 4.55598
4039.81 21.326 13.3894 4.43992 10.1015 14.2452 16.2737 6.51167 0.0734039 7.2346
4020.89 7.27206 6.38391 8.69212 6.97848 1.38397 30.5445 20.6321 0.0364745 5.61675
4042.12 5.24816 7.52181 24.4259 4.24743 11.3626 5.10663 9.55135 0.0417092 4.77055
4021.3 1.13034 12.9831 13.7672 2.37506 4.76394 14.7376 0.886448 0.149183 6.31279
4023.06 0.527278 3.30559 13.637 24.089 5.94885 15.1464 7.11662 0.00202701 4.23621
4059.92 8.63148 10.918 2.43675 11.0825 10.2554 10.1385 3.83735 0.00769115 2.64653
4035.06 3.08587 17.7022 3.26778 7.71031 22.8819 17.4639 1.18436 0.00471935 4.64491
4034.51 2.05836 6.89765 6.80277 8.90429 4.09449 16.134 5.77553 0.00364739 2.16911
4048.42 7.86182 5.38215 1.03019 22.9395 7.44856 13.5501 13.6801 0.0170252 4.45425
4062.41 2.4991 16.6339 6.27727 8.98246 8.27213 8.3956 2.49873 0.0349037 3.74312
4006.24 12.3755 9.80656 4.86612 13.4299 0.78088 1.64676 3.30418 0.0209535 3.6505
3950.86 7.67278 2.43633 37.007 15.4143 7.22433 13.9246 12.5938 0.0177125 6.93232
4020.45 13.9045 5.6461 5.62989 14.2257 4.79946 39.375 13.1442 0.0196392 6.14036
3948.46 40.7987 5.89574 5.22319 31.8785 3.21415 4.66886 25.6962 0.475801 14.4657
3901.47 50.7354 4.80378 12.6358 12.186 4.73883 5.16857 3.24063 0.13656 9.15263
3819.85 32.3422 18.3851 28.2551 9.94201 6.60093 6.02412 4.59599 0.0649925 9.271
4044.18 10.1004 4.12817 20.6547 15.0773 9.53571 15.2489 8.1806 0.0721873 6.62998
4072.42 3.89235 6.25394 13.7253 14.6606 14.5064 7.93576 54.6167 0.0723195 9.1873
3856.5 14.8043 12.7298 30.6643 16.6091 13.0501 4.08608 11.7303 0.231432 10.6498
3919.49 18.1325 9.53635 16.9713 18.1043 9.03526 3.9632 7.01117 0.0908679 6.56542
4073.47 13.214 7.4414 2.62103 5.3051 1.96602 11.5886 5.16523 0.126798 4.82095
3938.72 10.1877 18.9422 2.85434 2.10477 4.50584 10.1647 10.0599 0.0599978 5.40272
4034.78 11.2651 11.2086 9.2136 5.80496 9.77926 16.5371 11.9227 0.0642919 4.90525
3851.46 18.8428 10.4176 8.50003 17.1245 4.15543 4.77818 14.5485 0.166839 9.21702
3987.51 7.74902 3.06992 21.0003 8.8819 4.50192 7.72973 19.9216 0.14177 6.38766
3990.04 6.81003 5.37886 13.0471 4.14153 8.12515 34.5339 8.70585 0.0918567 6.5515
3960.94 19.3196 8.52862 0.803923 11.0652 7.40317 22.5601 26.5861 0.0218557 6.43513
3895.13 11.7332 7.8616 11.9567 30.5169 3.47337 9.60791 14.0316 0.00322918 5.75181
4041.03 2.48687 29.2503 0.213226 3.84087 5.12566 9.33917 21.4206 0.0200273 6.06538
4109.49 8.84178 14.3151 7.66931 1.70837 5.22872 6.40176 11.7806 0.162483 6.45406
3918.06 17.1435 15.7137 16.694 2.42856 5.96457 3.62266 26.3629 0.0273219 6.02439
3871.65 25.3115 5.12309 19.2646 33.3358 5.13935 1.8472 15.8775 0.040226 8.92913
4015.37 10.1384 4.28588 10.2844 12.0704 12.2662 4.11008 2.5195 0.0616823 4.12434
4158.44 5.79919 3.53565 1.26992 6.22543 14.1658 3.08938 5.85522 0.0568912 4.59885
4008.36 18.4352 5.46577 1.88945 4.45078 11.0806 12.5889 45.615 0.0714277 7.55222
3971.88 17.2969 1.43465 6.85577 16.4761 2.19538 12.2641 14.6741 0.0712509 5.85365
3932.78 11.0394 16.9301 10.1675 10.0308 16.3735 11.591 2.39857 0.0906814 6.28815
3901.19 16.5982 15.2483 21.8664 1.82503 21.0465 0.232112 1.50108 0.0733752 8.57943
3867.11 15.6512 32.907 0.807448 4.96104 21.715 20.2243 49.3526 0.087709 12.9437
3887.36 15.255 28.7903 3.78913 13.149 3.73796 5.85004 15.7919 0.0130451 5.65808
3957.75 15.4658 5.99746 9.86503 19.0119 2.19067 18.5226 15.0407 0.0311599 5.56421
4076.22 9.74133 4.69601 3.69024 23.411 6.94481 3.24507 21.7914 0.000948225 3.53072
4025.59 9.397 9.3046 4.37369 15.6943 6.77295 9.8743 4.66681 0.086191 4.42383
3957.84 10.118 17.9347 4.41385 13.7453 2.55474 12.2309 4.66681 0.086191 5.37201
4056.25 18.6703 5.46417 4.80459 4.16337 0.403027 12.6845 5.14225 0.0767687 5.14216
3968.42 4.28619 18.7157 7.85278 9.94816 18.0939 1.38745 17.5471 0.0265479 5.28479
3935.2 4.19338 26.356 3.79277 21.5474 19.965 2.11712 24.3214 0.0354227 8.00277
3974.71 3.42987 20.3281 9.59574 8.80439 14.5328 4.76536 24.3323 0.0124421 4.86764
3986.6 9.4922 2.56759 12.4509 1.57974 8.29315 1.70538 21.3186 0.0287664 4.86483
4042.39 4.5829 22.5614 4.41054 3.36679 3.03463 1.60969 28.882 0.00389826 4.11894
4077.33 10.4677 13.6268 4.55213 5.42843 5.39301 4.18783 8.25872 0.000531495 1.65456
4003.58 4.95329 20.0022 2.13244 4.3506 8.29199 11.134 6.68818 0.0434308 4.02973
3967.47 6.15595 10.3626 2.13244 12.0576 5.25474 29.1947 4.67431 0.010103 4.77133
3928.26 11.6425 26.3242 4.30806 35.0977 5.33374 24.1977 3.83577 0.526363 14.3015
4000.4 25.4696 16.4434 1.46967 5.26167 1.65934 16.6565 13.5372 0.24862 8.68669
3948.86 26.2883 19.983 2.37738 10.9798 5.66997 16.9176 9.62416 0.00132735 4.74757
3815.22 29.185 28.3464 1.16747 14.2772 8.65468 23.398 7.49348 0.000249358 7.3336
3860.3 24.1849 25.0199 1.3993 1.82121 9.42327 18.485 7.49348 0.000249358 5.42132
4006.18 6.31621 6.25458 14.0762 4.37355 9.11736 15.2344 8.79389 0.0230608 3.44927
3873.79 16.3651 22.9915 19.6788 7.87684 17.8743 7.2144 6.69723 0.000913745 5.45764
3787.89 25.4815 28.4718 13.4841 17.438 16.1121 7.51932 6.10951 0.00494408 8.33811
3888.49 10.5156 13.3949 8.75427 31.0008 18.5322 12.6223 4.05049 0.120521 9.38868
4003.07 16.3898 12.8084 3.33378 10.803 4.19555 2.90315 14.971 0.0111061 3.36049
3959.88 17.8488 11.9777 3.66378 6.59001 8.15513 6.3397 18.2478 0.150114 6.2733
4132.53 4.55877 11.5563 3.08484 5.97577 7.0824 13.936 26.1419 0.0792282 6.29641
4007.39 5.98624 10.839 4.83745 5.20025 2.18646 13.8036 5.81502 0.154788 5.24157
4024.17 5.61677 6.05699 10.0471 4.57254 14.227 13.5735 9.28637 0.0815167 4.51607
3898.2 22.6945 11.0545 13.0373 5.07136 1.58125 11.8166 0.534291 0.179315 8.31361
3955.16 9.86322 18.1197 6.26963 9.35847 5.5788 8.36931 16.4532 0.115456 5.82228
4102.93 4.36779 12.1027 8.48089 1.7752 8.63671 5.88225 31.6641 0.0447856 5.5498
3958.11 13.7096 3.8523 17.6885 6.92522 12.1233 13.7626 0.509546 0.0106419 4.5991
4023.43 5.2159 19.1117 8.89114 3.60121 27.8759 1.67492 4.9423 0.0134447 4.97932
4025.34 8.48123 23.5336 3.661 8.88744 15.1499 3.05719 2.599 0.11935 6.36145
3838.62 16.8314 23.6165 18.4863 4.01087 7.455 6.15137 43.917 0.0139352 8.97089
3986.02 12.5316 15.3718 17.7615 4.10529 9.7822 19.2253 3.09694 0.255412 8.33766
3971.65 4.59863 6.1731 26.5241 2.41724 41.6006 28.2708 1.265 0.0261738 10.4693
4030.05 6.7262 9.93136 5.9654 0.766015 23.1229 27.1334 0.566291 0.0115727 5.91715
4020.18 5.95044 19.2665 3.91323 17.7526 9.01901 27.3208 8.53883 0.0377364 6.48753
4071.29 9.34429 5.36139 6.22124 13.1211 11.2874 7.85398 48.4599 0.134749 8.47321
4017.37 14.6856 0.442698 4.15244 28.3021 5.96251 3.49069 7.53495 0.024034 5.23534
4009.01 14.2303 2.74096 2.63071 32.239 8.75571 1.01519 0.0144445 0.0877056 9.17515
3999.64 13.0875 3.65799 0.23865 3.11957 3.60976 18.1962 17.662 0.131257 7.42721
3923.4 9.33029 14.7367 7.63337 13.4491 3.60012 27.7115 9.47704 0.349282 9.94061
3849.41 22.6159 30.0045 13.6317 23.5297 8.60339 15.5674 11.6989 0.018118 9.42635
4044.68 15.6866 13.9914 2.25389 21.3371 12.2872 18.8489 18.7088 0.0579427 8.5084
4054.36 6.91413 9.4567 0.871609 19.3442 12.9659 17.6333 2.26237 0.047495 5.7423
3952.38 11.2551 7.68209 7.85053 15.6853 15.9783 16.7502 11.7495 0.0978284 6.63871
3924.53 7.86195 2.09929 14.8107 6.48001 21.0502 6.14755 10.2085 0.189564 8.30862
3995.13 4.90579 6.38312 9.24665 17.314 21.1876 1.18998 9.44695 0.0027583 3.79836
4071.51 11.7891 3.19841 10.0455 7.53678 9.86703 0.904767 24.6633 0.00234662 3.46766
4023.99 6.65641 6.50605 14.6638 16.4316 7.85048 0.904767 32.1503 0.0630249 6.62447
4125.04 0.134206 6.05423 8.07348 12.0438 16.2549 3.9431 3.00548 0.0575605 5.99647
4052.57 0.253293 2.10438 15.8833 12.9559 22.0145 6.89738 15.0996 0.178681 8.59328
4041.34 17.9428 12.4034 9.53038 9.74563 24.0191 2.97981 35.7353 0.0578582 9.42475
4002.4 5.5109 18.5144 2.20011 23.6945 12.4951 5.01476 3.40515 0.0296643 5.19578
4076.32 9.43323 7.13804 6.83121 19.266 9.68358 0.903295 4.72963 0.0267724 4.54962
4097.03 22.0529 6.08177 4.57516 4.06983 8.68232 0.888008 2.91252 0.035718 5.42952
3958.21 18.3282 26.7665 6.41576 5.41221 10.2706 6.97056 15.0839 0.0570562 6.38069
3942.51 32.869 13.4805 7.35568 1.84958 11.7994 0.538217 23.4161 0.0323154 7.31839
3976.98 4.78259 12.4592 7.78258 4.31758 4.38181 8.97204 10.5024 0.0926789 4.81385
3985.89 2.37948 8.43685 4.68729 21.0449 5.7511 6.93441 5.93493 0.0507523 4.67157
4009.25 3.74858 20.4099 2.86593 11.5287 5.52406 45.1225 7.70689 0.184532 9.57374
4068.38 1.77138 21.8201 8.31217 1.43537 1.49398 10.2089 15.2578 0.0844585 6.05543
3987.71 1.56657 12.7075 18.2207 2.50002 1.90344 6.97915 9.79762 0.0913147 5.49859
3973.68 37.3681 1.26907 16.9674 4.07175 2.47975 8.1144 18.8479 0.0474077 7.55595
4085.98 5.79061 1.26907 6.60947 14.0566 8.65138 0.718003 20.7743 0.00240796 3.26576
3953.71 3.15921 21.8062 10.2171 9.96473 4.63148 2.73039 20.0379 0.00240796 3.841
3973.69 7.18561 7.20006 4.675 13.5023 2.77896 3.59507 17.8723 8.56848e-05 2.37876
3991.11 32.6711 11.3364 3.96987 15.7365 2.04725 14.076 22.2851 0.00571021 6.9023
4149.75 5.51513 3.10676 26.5402 3.21137 3.45046 12.4796 7.09509 0.0031365 5.84674
3964.91 16.9054 4.72269 20.9363 4.49169 1.47529 1.71294 8.64726 0.0950946 5.82104
4026.14 8.66912 9.30367 0.902382 11.9752 3.19539 2.63446 7.04271 0.00795009 2.60713
4044.46 3.90913 2.50407 5.57589 24.4455 9.15811 2.89523 15.9566 0.0440812 4.86384
4031.42 3.49435 9.71587 0.369622 22.4342 2.1303 2.27452 11.9997 0.0152536 4.50483
4011.24 13.2193 6.8942 3.93833 10.2049 17.6869 3.94201 29.5636 0.0254581 5.1281
4152.01 14.7333 1.32461 5.63181 9.46562 20.7295 4.45141 6.96079 0.0377428 7.10811
3957.66 18.8832 1.51832 17.2385 16.0119 5.51602 9.74897 9.97457 0.0495735 5.66913
4002.96 5.85473 3.36808 38.2267 7.02182 27.9889 11.0975 3.30886 0.0544226 9.39514
4012.83 15.4887 7.95413 25.9435 5.88872 9.39908 7.81701 6.0156 0.00953889 4.9289
4018.39 16.1541 0.714237 4.66535 0.572014 2.54123 6.06892 6.80522 0.152721 6.41133
3979.31 16.0727 7.43651 19.0091 8.85956 1.21647 1.41888 6.76563 0.0297769 4.62474
3903.01 28.58 7.62901 20.288 6.6394 7.19901 5.73832 3.73923 0.000601597 3.83026
3911.27 9.86262 19.9231 18.0303 16.5113 7.95204 16.7096 8.72643 0.0327532 6.62939
4051.94 22.6598 6.30445 3.99493 1.06943 9.36035 15.0146 23.6702 0.155037 7.71039
4094.12 9.28968 2.80371 3.13545 20.4627 1.63069 10.3334 9.71285 0.141047 6.09554
4060.79 9.82782 8.68488 15.5421 1.78997 25.9607 0.645838 11.5395 0.100581 7.64381
4009.54 9.91474 23.5395 24.5669 4.95005 12.1491 18.2168 3.45218 0.099626 9.88845
3979.08 10.9362 8.16268 21.9369 20.5861 3.76972 16.6915 2.63666 0.169032 8.23695
4063.77 8.13774 8.15826 4.156 6.32092 13.4513 5.22596 16.1687 0.284404 6.72593
4106.95 5.11113 2.62996 14.3157 3.51067 7.60338 4.0569 2.63667 0.00186635 1.87426
4023.25 11.2494 10.2745 3.70259 5.27868 6.94629 1.0286 0.292745 0.0704832 4.89094
3907.39 14.352 3.32519 16.8882 2.03173 7.42231 3.34511 1.54884 0.0851996 6.88692
3977.86 9.5376 38.3697 7.10799 2.31787 5.93053 15.8077 9.91026 0.026369 6.81756
4059.01 14.6011 10.3507 8.58307 2.56753 9.6441 3.17999 25.0432 0.00372433 3.79228
3911.42 13.2843 15.6064 14.9061 1.36728 10.4785 10.3444 24.7309 0.033615 6.48884
4009.71 0.662534 4.58148 7.99439 9.08606 9.31444 16.0354 19.6654 0.311824 8.54682
3972.15 20.7156 4.0609 18.2625 10.9148 9.93257 23.6624 7.00216 0.132846 7.88571
4053.85 28.8365 8.13353 8.67188 1.62626 7.3359 20.7142 5.14594 0.158988 8.71368
3968.74 18.1954 3.10281 11.2706 5.78954 10.7946 16.0194 11.7823 0.0403091 4.83555
3886.85 1.39911 11.6158 22.8851 2.96468 10.3687 28.8537 11.2635 0.0218275 8.4293
4089.15 5.21109 5.11846 4.90854 17.1262 8.8188 15.6656 34.7073 0.101024 7.39377
4009.86 0.47747 5.40423 9.48361 4.14543 16.9777 1.05963 11.2824 0.0483648 5.444
3926.06 21.3135 23.2018 7.40546 1.09691 19.2627 21.6927 20.5095 0.067781 9.01646
3959.12 12.3509 22.4534 1.61172 14.4646 5.01241 2.10976 9.09062 0.0104815 4.16281
3941.61 28.566 14.9417 14.9673 5.01205 16.712 16.7593 8.17786 0.0173055 7.15061
4039.66 20.1976 10.186 6.85541 0.813406 3.09826 9.16321 1.28551 0.00763388 3.79613
3896.89 19.9639 17.3448 4.86887 13.4043 3.72747 17.7524 19.0702 0.0817324 7.47864
3965.43 19.0384 6.22848 5.51456 20.8872 12.6663 12.7303 16.2796 0.145433 7.58644
4111.95 19.8127 10.8 5.9965 3.43536 11.0103 1.73225 7.02342 0.0267053 6.23894
3988.58 16.2006 29.6754 0.144637 7.20872 10.8564 32.8528 7.24223 0.0101897 8.7485
3988.78 5.88027 4.74355 14.1952 6.92592 5.46614 18.7779 7.63754 0.00697618 3.14972
4080.36 2.8061 2.13494 16.1341 7.71303 4.64296 9.81421 8.57627 0.00179591 2.01166
3983.16 23.0508 0.875998 29.9771 6.03 10.4001 7.68384 10.4885 0.0145331 6.6179
3880.5 14.2214 9.91791 4.29031 52.6969 5.29976 24.5762 33.0457 0.0123101 12.0154
3921.58 12.4427 7.47989 12.3855 38.4381 1.62284 18.5674 13.443 0.0342105 8.34028
3949.88 16.3845 1.34008 12.3841 38.1677 2.26677 15.7886 8.2532 0.0980803 8.98759
3888.09 13.105 12.8482 10.6334 23.9729 28.3315 0.329842 14.338 0.192267 11.3667
3887.97 4.86118 15.3016 40.1384 9.0927 27.0511 0.31188 43.1023 0.0209175 12.7598
3867.54 6.83106 30.2041 12.8971 18.3926 38.8584 10.9251 27.0294 0.0187684 11.9153
3848.99 17.8065 15.1044 16.1018 15.7428 9.94999 12.6915 3.15609 0.00125109 5.47558
3869.11 21.954 12.9794 27.9295 19.6634 12.6153 14.128 18.6473 0.00125109 8.12476
3891.41 13.9846 13.3509 17.3146 9.90269 10.009 3.48942 8.35042 0.00125109 3.88883
4002.37 12.73 3.59287 16.2971 1.98995 8.87442 3.21264 14.7485 0.00056265 2.28922
4023.64 4.47544 6.62541 7.39353 8.70738 10.9728 13.132 6.81323 0.0557292 3.78926
3969.43 6.02802 3.69646 12.7676 10.9616 22.9894 10.3145 6.67575 0.138796 6.79157
3894.41 13.3822 22.4074 15.0086 8.34702 25.7324 8.95853 5.5179 0.155242 8.98708
4017.6 10.2688 3.31109 11.7155 5.22734 11.0299 36.5398 4.7928 0.00685521 4.69986
3978.78 3.19791 15.7835 13.8423 10.1232 28.7077 15.8949 36.3784 0.0406785 9.14337
4074.68 14.5982 2.58124 15.4456 8.78712 8.41932 11.775 4.64126 0.0338259 4.9242
3941.32 3.85773 8.03759 28.7745 3.77434 14.1133 5.18769 3.87321 0.0133246 4.83144
3976.88 3.44022 13.7875 22.6552 1.45917 19.2524 32.7542 2.89669 0.000230928 5.92601
4006.36 1.9416 12.6532 24.1714 0.588755 4.59809 4.44774 3.87729 0.011361 4.1852
4178.88 7.90825 1.47132 9.27396 2.89353 1.30291 11.3768 3.9283 0.00101937 3.54114
3977.54 7.66797 8.11571 19.4449 9.22929 4.87595 15.6458 1.99009 0.00101937 2.85861
4012.08 1.86474 7.2115 6.01953 27.4791 5.35436 7.38133 5.17614 0.222742 7.03498
4009.65 0.160934 8.28129 13.1639 20.8118 25.774 23.0327 22.4733 0.0147717 9.31735
4000.48 1.30284 1.94975 20.1693 19.4772 11.7782 6.68792 4.07164 0.14473 7.12185
4119.7 3.84905 6.6301 9.45604 4.09627 11.9229 5.38272 4.73295 0.0689582 4.12001
4041.85 3.84928 5.3407 15.1592 9.55494 5.0829 23.7304 25.7303 0.254314 8.73237
4019.1 21.9838 13.4222 6.18598 2.36058 4.42562 11.2264 28.8618 0.00655176 5.07743
4087.68 2.23344 0.332711 12.9235 3.8643 14.8989 19.7864 13.1152 0.00181456 4.03029
4008.5 4.78388 17.3844 8.76404 3.64451 13.237 33.3967 8.48112 0.000433231 4.17084
3966.4 15.1875 5.15803 16.3352 7.22299 11.7323 6.58328 3.86293 3.12966e-05 1.82468
3986.85 15.2186 8.0877 21.5485 11.0191 4.19129 23.3895 16.1576 1.16405e-06 4.09678
4005.11 3.12553 11.1712 4.65368 10.5398 2.2356 23.7581 7.40031 0.0029121 3.17023
3961.1 9.67571 7.06847 3.6701 0.606862 5.35723 17.9623 12.6972 0.00381459 4.42831
3829.23 22.8122 21.1865 18.2634 27.3707 5.36488 5.185 13.4087 0.00395308 7.86907
3984.08 15.6474 5.48067 7.49595 31.3906 18.0306 1.64411 2.73213 0.00146085 5.36858
3999.76 20.7344 4.75566 4.66671 6.74661 0.315379 0.773207 13.1293 0.00277483 3.74398
4047.32 6.1041 4.37552 4.87396 3.70907 15.3714 9.83102 8.42229 0.0915094 4.23325
4044.62 11.8308 3.59117 6.1847 11.3285 0.702108 8.30784 6.52968 0.152106 5.31256
4088.44 1.98674 13.4571 0.435858 20.8773 1.18977 1.09663 6.50718 0.0799911 6.4031
4034.66 14.5003 1.148 2.09185 14.8238 15.8164 5.98854 6.53008 0.0719521 5.19285
3979.91 5.71552 15.1771 1.1495 1.61128 10.497 9.0436 6.52652 0.0201598 4.12175
4122.81 15.1245 1.98275 10.5842 13.0603 6.67444 1.47674 5.91499 0.0103017 5.00142
4015.38 15.8747 19.9566 3.51183 7.61391 6.90419 0.630177 9.70579 0.00295277 3.70611
3983.08 33.7119 11.9779 0.478896 2.8649 15.8488 3.61858 15.8118 0.0406966 7.23298
4050.3 4.87821 13.2557 8.15918 16.5381 16.9721 1.04189 4.61095 0.00864546 4.24898
4072.73 1.50972 6.903 0.525501 26.3184 6.58707 1.68461 7.67853 0.0164452 4.63134
4039.25 14.6241 4.91727 0.82707 14.1417 7.69835 28.5796 48.2482 0.00127788 7.19634
4026.35 6.19212 16.325 11.7948 8.08907 4.38834 7.96614 7.62964 0.0848072 4.61087
3931.68 9.75381 4.03076 15.4023 7.50171 2.84784 23.697 7.05146 0.0562783 6.23312
3968.04 23.6119 1.6331 26.3491 5.71964 4.21645 18.911 2.83824 0.00345893 5.38381
4042.02 12.995 0.0899907 5.60434 9.1351 8.87413 4.08277 5.39469 0.035851 4.49069
4116.56 6.9959 5.34739 4.18397 7.81337 6.55613 7.9717 4.36125 0.189979 5.17778
4158.33 5.86736 0.70547 2.20685 17.0827 12.9938 2.66649 3.56718 0.0611413 6.01763
3978.05 13.1168 6.42083 15.5431 16.7314 4.16535 13.4412 7.42264 0.217321 7.19262
4046.86 12.0655 3.3199 13.4465 44.5997 9.72681 16.0905 6.27099 0.200913 13.1636
3966.86 9.93178 2.81747 11.6791 11.2627 21.5237 0.504327 5.51469 0.0451051 5.7548
4056.01 20.6726 4.88273 11.6811 4.85118 12.8081 2.76393 10.257 0.0142881 4.44533
3980.69 6.4341 5.27016 5.03654 28.5118 9.77068 2.70732 35.8218 0.0142881 6.43384
3980.79 13.0761 5.47015 14.3778 6.39432 14.3718 18.6408 22.1015 0.0218812 5.38935
4091.89 17.3146 0.540272 1.40755 14.8918 0.898992 16.3852 11.1283 0.0155637 5.57701
3903.99 10.1469 21.1501 8.66857 10.718 2.02982 24.6351 21.9704 0.0472423 7.55221
3981.1 13.4898 26.1637 4.46297 0.10945 0.37527 5.65541 29.4322 0.00170867 6.61608
4062.12 2.90442 10.3932 4.15558 11.0814 0.901315 12.4817 28.9528 0.00859526 4.18621
3946.9 5.54001 11.313 3.49759 7.10689 13.6271 1.58302 50.2288 0.00519041 7.20253
4011.28 5.28973 11.4545 16.4811 3.08538 16.2519 4.05852 13.2448 0.139972 6.05465
4067.25 6.63367 7.26777 4.18572 0.956482 26.8686 27.1938 16.7128 0.00768327 5.92683
4074.83 7.18433 4.4695 19.9757 10.4574 17.0922 19.7678 15.1383 0.022933 6.86384
4037.15 14.5622 2.82226 11.3542 14.8685 22.0813 35.6977 4.48648 0.0297184 8.66127
3969.26 1.57827 10.4462 8.73675 4.57263 19.6601 39.886 12.7504 0.0532212 8.27913
4054.31 0.863699 1.7009 1.93344 1.75092 6.12688 26.4548 29.1153 0.0189443 6.49023
4094.32 11.4225 3.30448 21.3935 1.80753 3.79553 16.7952 12.4675 0.145253 7.68817
3936.46 11.3682 11.0712 23.9581 6.11079 3.56522 4.42574 40.8307 0.125804 8.70106
3944.39 2.81069 15.3221 21.7614 23.6776 1.98261 8.19246 4.03894 0.031524 6.33369
3937.44 17.1831 10.6139 1.46787 13.5451 19.3636 2.64468 23.3614 0.0220084 6.17455
3830.65 20.6275 13.0892 11.4255 4.81006 19.8716 10.6174 8.04694 0.0334124 7.7159
3918.85 21.7707 1.35406 16.1493 15.1725 6.41798 1.48742 5.74413 0.0288541 5.61146
3972.45 16.2948 13.8242 9.83682 6.5552 9.428 4.4089 41.869 0.0708043 7.24644
3900.58 5.08675 13.1137 12.8251 13.5526 5.71618 4.61982 15.6194 0.000497542 4.28971
4095.5 3.27408 3.54812 11.6986 24.7896 6.88474 16.6343 20.8953 0.0861412 7.82327
3973.89 12.1984 13.1637 25.7121 1.19148 10.0625 16.8935 79.9409 0.106491 13.7763
3934.28 5.79335 10.3979 13.1336 16.6303 19.9885 17.7552 25.9975 0.140664 9.39716
3916.73 4.6131 20.3964 4.28192 12.8364 15.2551 4.52872 9.08055 0.13309 7.1783
3961.77 3.94011 7.30884 28.3713 3.01066 12.588 22.6066 1.27669 0.0248348 6.28788
4020.73 17.139 23.4116 7.71851 5.93584 7.11611 34.7586 5.95069 0.240589 10.9857
4026.19 12.5206 15.2056 26.5916 5.03814 6.933 35.8409 21.5177 0.0841715 11.7018
4008.4 7.88012 10.6723 17.5222 1.66598 9.67575 23.43 5.11242 0.0229954 4.81076
3951.11 18.8788 7.3838 2.13575 39.5648 6.93888 10.7474 7.74498 0.153029 9.03971
4056.7 8.31588 6.45763 7.50937 18.5016 3.29579 14.9703 13.9266 0.112922 5.85641
4031.03 19.7801 6.13195 4.08559 14.8378 3.29579 18.9382 16.5265 0.167125 7.37871
4053.8 21.3784 2.48178 6.33851 6.59546 14.8147 19.348 35.0514 0.224036 10.2461
4024.27 6.12674 1.03191 7.7256 46.7098 15.0265 20.134 7.3807 0.0885416 10.949
3941.51 25.8446 3.38707 16.1143 1.92429 17.1742 20.0256 43.1343 0.00495504 8.07205
3965.59 4.31809 22.1969 2.29725 17.2964 2.94241 27.3466 12.1997 0.0115778 5.78023
3929.83 11.5402 22.8264 26.8525 6.01999 4.00477 3.70181 14.6205 0.0181802 6.22856
3921.63 14.7497 9.53683 38.176 3.29458 15.1972 24.8159 23.501 0.0614341 10.7114
3868.77 41.1457 3.22606 16.9298 2.75645 15.2597 12.8224 36.8685 0.581508 16.9831
3857.07 48.3159 3.96628 31.2016 6.63957 10.8112 11.9336 40.1597 0.238838 15.1762
3870.79 0.0899729 3.52139 11.0516 36.2987 11.3753 10.8032 30.9461 0.104234 14.1976
3992.93 6.13075 5.0437 3.27056 12.0519 10.625 18.976 29.1011 0.139986 7.56979
3903.91 8.34363 5.71429 1.73272 14.9731 9.79526 24.2212 24.0022 0.0299171 8.75476
3969.22 9.67521 14.2752 3.08075 11.7225 9.91578 23.7308 2.52787 0.0229078 4.85797
4044.26 7.80009 32.7135 8.36872 5.43624 5.67831 41.9155 18.4902 0.0315447 11.031
3996.37 6.18653 15.5218 7.55657 12.4375 11.4359 50.9885 18.1569 0.141045 10.8307
4072.09 3.92683 10.9016 7.67979 6.87705 0.907689 54.5111 19.7196 0.0132798 7.90555
3996.95 2.55213 23.2284 7.12496 21.2691 2.08839 29.0644 24.13 0.0171959 7.81548
4030.11 17.5796 5.11389 0.186127 7.3363 0.580206 6.71942 7.55913 0.0576852 5.41535
4007.26 16.3632 11.3233 4.07394 8.07621 5.11411 23.6447 18.8545 0.153812 7.13691
4059.29 7.32966 17.3608 1.11119 10.407 14.9576 19.9467 27.7719 0.0502687 7.55217
4085.2 3.30805 4.45161 1.12944 5.66985 5.49039 15.8893 19.514 0.0829401 4.9567
4045.51 10.8638 2.02402 11.2095 9.72981 9.62343 16.2294 3.52891 0.0540311 4.46689
3962.26 0.377534 28.595 17.7122 20.9332 15.0834 9.88382 3.98463 0.0873676 9.96659
3952.98 7.0086 13.966 21.9763 2.59623 10 24.9287 1.85151 0.0109969 5.44733
3950.11 25.177 15.23 24.9432 3.5399 9.47527 10.6254 1.05791 0.122098 9.05917
3906.9 4.78345 2.21168 12.6556 21.422 23.4353 21.8014 16.0537 0.0420165 9.51767
4144.96 3.5494 3.6717 18.6978 2.87052 4.51166 6.84815 17.6785 0.0185205 4.84735
4055.72 5.83765 5.86826 24.2727 22.3048 9.34222 21.9212 3.61459 0.0185205 7.93048
4084.95 13.3545 13.6718 19.6295 26.5825 0.737187 12.7053 21.4902 0.0196696 12.0949
4066.09 8.85754 18.5931 13.4458 10.7421 3.55672 15.4388 5.14458 0.0196696 5.8524
4016.04 9.0933 13.0971 17.0933 8.32225 18.8423 8.76205 13.7099 0.00332726 4.50298
3845.55 17.2676 3.62611 2.82111 5.59235 45.2631 3.53101 14.3951 0.0357914 11.1701
3911.31 16.7104 4.48467 26.7773 2.53455 7.64043 1.02092 1.332 0.0217861 5.81852
3930.97 21.0836 5.85872 5.77804 10.2669 6.03122 29.4911 11.0522 0.000322255 4.12268
3893.7 23.9384 6.25902 8.47247 9.64402 21.7131 6.63635 13.9465 0.000245055 4.33443
3895.24 10.071 6.99776 35.0827 16.34 4.91954 2.06997 0.616057 0.00526467 6.49031
3916.11 17.316 17.7905 2.74857 20.3346 11.3883 28.6728 5.03102 0.00334103 6.28957
3967.64 17.6195 1.72311 3.22037 25.1185 21.5388 1.90263 3.64426 0.00468911 5.30445
3907.23 17.1761 1.24144 7.37322 15.9436 14.4008 12.5721 4.34655 0.0161528 5.92455
3955.5 17.2139 11.1167 8.46072 7.50162 3.18672 34.9218 4.77662 0.00590107 4.88854
3978.21 14.7759 4.02339 9.67829 6.50566 3.39966 8.85683 9.53486 0.0194401 3.22334
3931.4 17.3688 14.7442 5.10949 10.6352 16.5811 45.7156 11.0738 0.0243138 8.61717
3985.75 34.5612 5.12471 1.45724 20.8447 25.0403 5.67826 5.14862 0.0439625 9.01839
4034.59 4.49158 17.7541 5.38 3.99141 8.50305 22.7182 60.3831 0.00337896 7.37834
3995.97 16.4338 7.93889 4.50394 19.1486 17.6316 13.1855 29.2696 0.0624215 7.69685
3999.1 11.4474 18.447 6.37709 10.9793 30.7357 11.6939 12.0071 0.115891 8.7119
4078.3 10.5791 13.1476 8.26643 0.89626 17.762 9.67651 18.2141 0.292386 9.26334
4004.58 10.5791 12.5975 8.26643 16.9564 5.54354 0.0785582 18.0588 0.00538471 4.96829
3923.15 13.1167 17.7985 15.9432 1.96353 29.9983 3.76258 19.6114 0.00514124 6.44858
3957.66 25.524 3.15409 5.19544 1.56693 43.1576 39.4369 12.2094 0.00885262 10.6539
3866.55 28.2356 11.1199 1.35712 0.681191 15.4979 4.03735 16.2197 0.00885262 6.92055
4001.28 10.5831 19.1817 12.9501 3.57387 20.4456 9.37815 12.6513 0.0972765 7.03024
3939.72 22.6623 23.0894 21.3983 7.97634 8.09734 8.33617 9.7658 0.136691 9.30659
3937.4 15.2074 23.2248 17.0308 0.404112 7.4279 11.973 11.8218 0.0857723 7.53416
3955.73 33.4471 32.7945 3.08205 7.81951 7.37348 2.71705 4.64182 0.0611391 9.805
3854.93 23.7354 38.1717 2.89378 9.91947 10.3035 11.1677 11.4868 0.0023882 6.79735
4038.29 16.0772 1.41302 1.65853 27.6235 9.76665 4.19812 4.84908 0.0345034 5.53203
4138.91 3.05772 4.125 11.0053 4.21023 9.62531 4.8285 18.7935 0.026641 4.08229
3928.08 2.85841 39.7586 1.01978 10.5813 10.1414 2.1167 21.4823 0.00873779 6.67409
3846.44 13.6701 29.3473 8.77503 7.72069 20.0406 17.1907 17.9846 0.0276758 8.48211
3953.44 26.8757 1.67431 4.19629 18.9145 9.83409 21.9177 15.8029 0.0866201 7.93428
3937.28 30.8971 13.9274 3.08963 8.8433 4.05167 6.56878 6.54831 0.0327285 5.02768
3958.11 11.5483 4.25014 5.1733 15.0467 1.05196 6.69772 23.2123 0.0396063 5.79743
4074 8.94596 1.04641 11.4432 25.7252 9.31461 16.828 21.7212 0.0396063 7.65203
4001.64 16.9337 3.62805 10.5618 12.9481 6.27401 19.8141 12.147 0.0198079 4.53882
3978.56 38.7455 0.870974 2.12194 12.1427 6.54617 20.8913 8.25672 0.0256703 7.10307
3988.73 30.2213 7.85199 4.59059 1.6987 4.94891 30.1078 9.16113 0.0370657 6.60272
4053.73 16.8695 9.31434 6.29803 29.3235 13.1755 11.7292 15.7426 0.0127522 8.058
4043.27 14.8535 3.72668 5.85454 19.8529 9.31662 14.3357 9.98382 0.00484633 3.88128
4043.35 13.9704 1.74075 4.61393 10.4154 3.37864 6.88481 5.86226 0.00216901 1.7305
3987.57 15.4177 5.51798 6.79435 4.31228 7.81822 2.61781 6.25185 0.00385619 2.06994
3857.89 29.4037 2.96387 18.4842 4.3199 6.0083 9.49883 10.4907 0.00305394 5.26335
3956.6 1.62644 11.0793 12.2431 29.1784 11.0614 5.13967 7.48038 0.0507208 6.51598
4000.39 6.10105 5.69796 8.93735 18.9521 11.1336 8.94397 7.53358 0.018144 3.63538
4029.8 5.39559 21.391 47.3537 0.856388 10.1605 8.15439 20.9608 0.0359537 13.9126
3894.6 7.69647 4.82172 15.7987 19.8198 5.33127 13.2518 19.9419 0.0293873 7.2975
3922.22 26.9716 6.34415 12.1698 2.89687 24.7586 13.9441 22.6176 0.0109949 6.77988
3971.08 13.0984 7.591 17.4668 1.83196 6.29813 26.0983 4.81552 0.00291529 3.96044
4025.03 5.60336 10.5768 28.7407 10.803 3.34684 12.1384 15.5415 0.153924 8.27684
3919.24 9.54724 16.4606 1.48033 3.59052 7.52206 3.82265 20.9781 0.00514524 5.17589
3914.35 14.5549 10.1833 3.93701 3.59052 7.78909 1.99482 48.4121 0.00859622 7.54605
3905.99 0.726189 3.92734 20.729 11.5309 30.4587 1.39858 12.8396 0.0861165 10.0418
4076.24 11.5693 10.684 9.57727 7.11833 4.40253 5.17686 6.16856 0.0369455 3.79385
4032.24 2.2142 16.5691 5.35108 9.42963 6.61884 12.432 41.0273 0.0458821 6.46374
3980.54 6.96452 10.5987 10.5343 26.0482 8.91074 7.79685 35.6467 0.0233254 6.85252
4091.45 2.78062 4.81414 1.60452 12.8075 16.8903 15.0247 1.36758 0.00171462 3.12947
4091.45 1.74149 7.43778 1.60452 2.79141 16.8903 8.04705 13.2562 0.00171462 2.4003
4094.78 1.74149 2.17882 0.945549 11.186 23.7113 8.04705 5.05975 0.00171462 3.29056
3958.86 14.3944 12.08 5.35381 15.2446 21.5591 11.1329 7.96596 0.0181628 5.13288
4121.52 7.69428 5.12388 5.55925 12.9556 21.2011 1.46157 11.0212 0.0592518 6.18149
3975.16 6.19924 7.61129 3.85981 3.75173 23.1338 7.92234 6.06915 0.0239823 4.40783
4033.95 9.90952 9.82515 0.823447 7.13883 12.6806 5.41561 0.408257 0.0157657 3.77212
4071.01 11.2967 2.77792 11.1464 2.25608 18.2362 5.08619 0.440756 0.00545537 3.68376
4020.96 21.8338 7.83432 9.64509 8.10675 22.6923 14.4874 1.58565 0.00556196 5.77804
3979.15 27.8741 5.84378 1.96973 10.9298 19.0159 16.1891 19.3508 0.0298368 6.81887
4090.15 7.70604 7.83712 3.44008 14.1613 9.24251 13.5563 6.99125 0.0219098 3.74272
3969.86 21.1239 2.83444 7.84557 3.16166 8.80168 1.72767 30.3474 0.0181688 5.2463
3850.66 33.9563 8.92468 12.0364 7.70558 13.4432 5.51604 5.34116 6.84795e-05 4.18114
3923.07 16.0309 13.4459 22.1288 3.73283 7.30155 17.6512 2.44922 6.84795e-05 3.68114
3969.28 8.59029 12.1885 16.3025 17.2826 3.96645 6.61232 7.0989 6.84795e-05 2.36563
4012.78 7.37578 24.6172 8.72901 30.7416 16.3532 0.0823265 11.7062 0.0211765 10.4282
3878.5 7.14777 5.91465 12.4019 16.3888 17.3813 19.7037 9.72007 0.0480934 8.48011
3896.74 27.5991 3.18067 12.3511 3.92424 21.7916 21.2336 8.89495 0.0106238 6.4904
3880.72 3.15957 17.7202 14.7713 6.22548 31.3221 29.8189 5.19227 0.00309126 8.50346
3910.46 9.8441 11.7624 14.5089 15.6846 9.39737 22.3231 12.843 0.00276668 5.25519
4086.85 12.2403 16.3508 20.2273 4.97933 3.33604 18.1541 21.9306 0.000664142 7.48224
4054.97 7.20569 7.54338 2.98046 6.85816 10.6299 5.3692 9.47205 0.0010966 1.18832
4002 13.8505 4.71287 2.75909 4.90626 9.86511 2.95736 4.31158 0.00102948 1.65156
4049.6 4.95276 19.2566 5.76682 1.13933 10.5172 15.2636 8.6916 0.00104049 2.86032
3797.26 17.2257 42.7855 6.0896 23.1999 6.43039 2.28291 10.3174 0.00894514 8.87288
3909.17 18.7454 8.97572 6.0514 7.31587 8.48992 12.1763 1.44515 0.00683845 4.18388
3922.9 6.71954 19.2951 2.21883 4.54755 27.9645 2.22367 18.9617 0.00127889 5.48606
3860.9 9.38851 59.1018 4.55523 2.37642 23.5083 13.0702 23.1563 0.0787192 12.876
3907.7 18.9386 7.59045 7.55872 4.33697 19.1519 48.8969 22.6424 0.0377143 10.1701
3969.17 22.7539 9.17782 16.9181 4.14227 1.11921 41.3779 12.9593 0.0866173 9.28202
3979.4 9.795 12.8502 34.7325 4.83435 3.44146 31.737 6.21222 0.0243181 8.37448
3879.62 4.53182 21.4827 28.7982 10.7398 2.6888 27.8598 15.7405 0.0125779 8.35484
3862.1 30.5517 22.6602 24.229 3.33049 3.77502 10.9686 13.3488 0.00752717 7.62705
3815.03 26.2169 30.0286 2.45865 5.39581 14.8054 20.2574 11.4914 0.00110705 7.2881
3768.36 43.6529 5.48247 5.6213 5.16387 16.7917 3.63068 11.1973 0.00603214 8.39083
3947.57 5.91922 13.5518 7.58737 16.5092 3.66134 12.8435 7.62089 0.0106477 3.95008
3980.08 12.9422 19.2269 6.22611 11.7549 5.43007 12.1708 6.95224 0.0106477 3.67757
4044.24 29.8561 12.9346 1.75773 1.94936 3.43953 16.629 7.27154 0.0253171 6.61947
3921.72 13.1377 9.91587 33.8695 5.79758 18.7518 2.8919 12.3737 0.0181865 6.88996
3970.98 5.68351 16.6336 4.89084 5.40055 16.3722 9.92033 38.9321 0.0548782 7.04738
3963.51 1.86555 9.07521 8.87261 0.469578 0.459413 15.7411 10.1217 0.111744 8.15354
3852.66 16.7731 22.066 19.3517 14.9515 0.202513 22.3721 24.6631 0.170637 12.2439
4008.37 9.83135 10.017 15.1862 29.1029 6.02069 15.6789 41.8308 0.0739495 10.4391
3990.22 10.0064 4.63886 7.50269 9.65409 16.5582 34.6381 13.5519 0.211694 9.00172
4038.86 9.00052 1.36709 4.1443 4.59102 1.64474 23.2135 16.5265 0.211694 7.26339
3983.29 26.6988 17.2044 6.61165 2.49097 4.17165 16.1511 10.0416 0.051311 6.28203
4086.76 16.4815 11.7525 0.728434 4.97846 4.17165 12.2214 5.46016 0.0538801 5.23762
4095.05 3.51655 18.351 2.66124 8.23743 8.59176 6.15823 18.4482 0.03345 4.7634
3999.63 14.8673 4.85357 17.0752 31.502 8.44318 11.9919 12.5814 0.0418674 8.01164
