-6.52463 2.78598 12.0403 10.0059 27.1694 24.3 9.62488 10.276 27.2911 9.64538 0.0585314 7.44159
98.6649 4.59029 1.00839 0.998512 4.44531 25.461 15.5824 6.90447 29.9621 0.268219 0.00546168 6.77917
87.4457 1.37846 25.6702 6.42395 14.8377 22.9898 4.06673 8.08948 7.41636 22.4211 0.00546168 6.42025
-31.6169 8.59101 11.2206 0.337543 28.8992 14.8036 13.6931 3.12391 32.5088 0.881981 0.177843 10.1336
23.8837 12.0874 2.78652 2.91715 28.2512 30.7556 16.712 1.80363 19.398 14.0179 0.0846083 8.79784
1.98704 23.157 1.4605 8.18879 6.14048 26.5186 19.7028 15.6322 2.80958 14.8949 0.0221242 6.26195
83.9993 18.1778 1.02841 4.48974 8.42994 12.0982 21.4408 16.7778 9.3898 8.29361 0.0382334 6.25716
74.236 11.4551 6.86759 2.58106 14.6076 14.0506 19.7474 6.01757 28.9535 18.2852 0.0159127 6.09038
-3.29098 6.50987 11.2588 13.4496 11.9541 2.29499 23.0955 15.5125 12.756 7.09076 0.0102552 4.12671
23.6224 4.87616 2.70696 25.9945 3.16409 8.20542 36.7998 10.7746 2.23753 28.7124 0.0254384 7.19572
50.269 16.0283 10.9224 1.46698 6.09642 9.44134 19.5627 6.5105 29.3624 11.9418 0.00868628 5.33475
65.0306 8.22857 9.77956 14.1532 7.99129 10.7685 14.5208 13.6607 7.24235 24.5046 0.0391774 5.18995
0.39837 0.642917 21.7856 10.699 31.8826 20.7575 4.85258 18.6512 4.62461 26.0519 0.00547345 7.73235
53.6884 4.43903 7.60507 18.566 5.27171 16.274 12.5123 1.86908 16.419 30.2125 0.0151664 5.3699
96.3814 8.21128 9.40572 14.4795 16.4309 13.5794 7.95597 8.59229 4.27916 11.0095 0.029152 5.13084
33.4316 4.23768 10.5362 10.858 4.41984 39.7977 10.783 3.73216 1.9466 14.0943 0.0206939 5.20527
91.7761 4.20989 5.03122 13.5026 10.394 2.04951 7.31289 4.87411 17.9787 9.7753 0.00945853 3.64614
69.5467 3.26595 1.16871 2.71755 17.0077 14.0792 8.93248 27.4229 1.33054 46.5274 0.0875267 9.61258
106.95 10.9358 8.49294 2.05112 17.2917 9.35869 15.7084 12.4919 19.9986 14.8259 0.13425 8.15106
48.111 8.31062 8.15934 24.2692 5.69262 3.89967 11.6605 15.2154 33.0152 7.09885 0.0464386 6.31192
-65.2931 1.71861 27.7227 18.1557 7.06185 8.83132 14.2629 17.8016 7.32118 5.59326 0.114898 7.31874
0.410134 18.0964 16.1188 19.9173 8.64173 9.20229 25.0146 14.9611 3.39057 64.1819 0.112307 12.6365
29.9908 2.37373 4.30219 0.474476 4.49333 5.11021 58.4064 28.7153 8.42988 7.62157 0.202927 12.3181
-9.25875 3.22534 3.18687 33.198 16.9787 15.1136 3.20847 23.1298 15.0914 5.78536 0.011423 5.87839
20.6933 14.3982 20.2879 22.2974 4.76105 9.15659 29.8454 5.76206 1.99825 4.51977 0.0704615 8.18685
25.8977 5.85532 4.52514 5.47837 16.0771 16.1719 35.9529 11.986 4.02587 13.3999 0.0737048 6.73012
-6.28011 8.23253 6.71294 22.2187 18.5416 14.5852 24.4543 3.69756 15.2341 11.1679 0.0167093 5.52149
-58.1023 14.7633 38.7831 9.15744 11.6031 9.03147 23.8263 3.55168 55.1757 3.91668 0.028501 11.0932
87.4949 15.6192 1.25364 15.5688 10.8147 13.2364 26.4877 3.31437 18.2967 10.9647 0.0480482 7.99366
98.6663 3.97599 1.25364 12.3411 14.4084 4.90731 10.2577 4.36615 4.47568 7.66648 0.0140119 3.4709
35.9285 9.27127 14.0173 8.43674 16.2512 7.85242 1.65997 8.63676 18.0051 3.32217 0.00730063 3.43336
-8.91792 15.4864 6.20848 3.12482 22.5406 8.25977 6.04759 8.35989 2.96764 25.8668 0.268877 8.72074
-44.41 14.1707 13.1601 14.8678 20.0873 7.41821 6.20084 4.02411 5.18757 11.9567 0.00752808 3.60426
-12.1291 15.1643 22.1486 14.4348 10.8741 2.50327 4.85372 3.74134 11.2238 15.5386 0.0540766 5.68066
-60.8545 36.9523 20.6126 7.43913 13.0482 2.28975 28.5663 7.5932 18.908 37.2111 0.00388669 9.90784
97.9649 5.52744 14.8551 13.7251 8.76059 1.28043 18.2255 9.29788 13.9491 13.4603 0.00996305 4.92869
-5.68572 1.55542 1.11062 9.94313 28.9683 3.09021 13.5424 33.1832 30.0158 4.93847 0.00317308 7.96287
7.72723 3.6782 21.6362 12.2267 23.9765 0.356353 14.341 7.62486 12.2656 8.04371 0.0013298 4.23251
55.7266 6.38472 13.9192 12.8906 17.3207 10.6274 10.0752 7.59952 0.614391 25.2236 0.0296355 5.66744
-55.7853 22.6954 12.4678 15.0675 7.38734 10.2573 8.07218 36.9733 18.2142 10.6295 0.0138485 6.3987
-16.8078 14.3226 8.83473 18.2275 9.48547 3.2822 23.9066 2.57751 4.20609 16.766 0.0413705 5.31183
-2.14087 2.07271 4.47709 12.7159 14.8077 9.33881 17.4661 12.7628 12.0122 26.1078 0.203157 8.509
-1.79262 19.7502 4.38579 8.61596 15.7121 37.6827 23.5725 2.49375 4.79816 12.5811 0.146863 9.66381
42.8378 16.4385 3.04639 3.73312 3.85888 31.3126 26.0643 12.9711 17.1663 27.0888 0.0844946 9.42182
-31.765 12.8567 6.94241 4.11705 3.60868 26.9977 0.758554 42.5408 5.66626 13.9097 0.122703 9.74352
-46.1359 20.2206 5.73975 5.50664 15.6187 24.8206 6.26383 30.1602 26.1672 4.80166 0.00555957 6.44644
-25.2979 7.01422 11.9279 39.7159 8.08523 6.45915 11.9843 1.30874 12.7403 5.22692 0.069137 6.47246
11.5823 3.91366 12.8674 23.2641 9.99714 3.53266 31.0515 1.30874 10.2472 1.50335 0.10119 6.93091
-5.77553 5.0086 10.4112 31.0964 23.9762 3.89404 37.723 12.2903 11.5716 15.6938 0.112464 11.3213
-32.1994 4.50698 4.01421 4.85596 32.7471 10.8331 19.9724 9.70045 4.27001 4.84155 0.000612758 4.36893
-65.877 15.1392 8.92355 20.2421 3.58884 36.6517 20.6085 22.5494 6.49105 19.3932 0.0610365 9.38316
-21.52 12.9031 18.6184 7.23607 10.2474 10.7266 19.709 13.1321 9.36202 34.9705 0.00544614 5.35895
-49.2066 24.3851 7.25595 13.4508 7.71392 23.7048 4.52756 25.3336 19.2348 17.7808 0.000466159 5.24072
-31.2506 29.5217 14.8816 5.46756 4.38087 2.15734 9.57557 17.1299 35.7191 16.9764 0.000138422 5.94943
-9.85298 9.64146 8.19986 13.9009 23.0353 20.6529 11.616 8.77417 4.49199 5.85311 0.000490455 2.84493
-34.9779 22.623 14.6571 5.01275 14.3608 10.702 19.3032 12.7665 8.85749 4.95701 0.00225811 3.55103
-54.6249 3.80245 19.8542 13.3384 29.0501 9.68472 0.412219 34.1405 9.86202 9.39347 0.0115402 7.42182
-52.6677 14.1718 2.45223 6.08805 36.0071 4.54899 9.51897 8.98645 7.74128 6.56296 0.0791038 6.75943
25.173 11.5198 3.21497 15.6645 16.0117 24.1241 2.95676 8.36276 23.4206 12.5506 0.0816254 6.68494
-45.2746 7.88439 6.65762 2.58588 38.4226 30.8644 8.31143 2.58816 12.0687 5.79365 0.331573 10.5835
-8.47859 14.3664 5.26552 4.59482 19.0048 28.1335 1.39649 41.1393 28.087 14.0548 0.430834 14.5883
27.9994 19.898 2.98129 5.53642 23.8342 24.7619 2.4184 15.2801 19.1492 12.3263 0.390422 11.2271
1.28986 22.6968 1.11505 19.3279 5.6681 15.7479 2.80774 18.8232 19.0894 3.53813 0.0179402 5.71935
-19.8982 1.04156 1.40241 26.2067 11.3602 7.39345 4.27656 12.6437 3.01364 5.66482 0.0312761 6.75997
-64.8373 4.28417 2.4219 35.9015 7.10439 19.1949 3.59987 21.998 2.7131 15.7268 0.001645 6.36276
3.02747 13.1479 5.83101 7.39472 23.0637 8.88137 3.51975 17.0038 12.713 9.65052 0.000709825 2.84909
10.1883 11.8033 19.7706 3.73915 15.2071 13.2877 12.6147 19.642 3.67822 2.92983 0.0226198 4.58428
47.442 7.10957 13.6768 0.776321 6.51316 29.4484 13.9347 12.5748 4.80146 1.2198 0.0188804 5.08405
40.9931 5.20244 9.29189 13.5326 4.73126 7.64937 17.0654 2.91454 26.3536 1.79428 0.0153183 4.43845
66.2544 12.1237 10.1707 6.2902 1.35146 14.5829 27.9716 28.3016 28.5233 2.66985 0.0274676 8.60458
12.9348 4.75678 12.2825 13.2255 0.973123 8.44361 26.4927 7.9342 4.71392 25.5121 0.00268324 4.75698
116.315 2.54488 6.35183 2.44705 25.2356 3.10911 35.4343 3.66016 2.74123 14.9092 0.0107377 6.2528
102.791 8.16739 0.793549 8.27482 30.3131 7.09641 28.8871 17.4075 19.5095 18.9287 0.00470331 9.00286
87.0512 4.8961 12.5013 2.5439 27.6621 3.5942 11.712 11.1021 24.8627 8.56635 0.00201287 4.57401
56.3322 3.08402 15.4228 1.7413 26.5603 1.93345 18.126 12.2384 7.24255 17.5528 0.00087914 4.0523
16.5264 2.87956 15.7624 9.42133 15.9991 3.39714 4.81787 17.8567 13.4495 8.27326 0.172824 6.58941
-21.0424 20.1301 7.00889 0.953216 8.77481 25.7313 5.78285 13.2651 0.406237 4.71298 0.0666419 6.84592
-18.7326 6.14319 31.7147 4.5227 5.47703 6.4592 37.0306 12.2995 0.632481 7.73571 0.0948445 7.91294
-56.4085 16.0032 6.82959 6.52517 4.16441 13.897 17.0643 3.88497 4.65093 4.81653 0.0126438 5.3726
74.7418 2.26184 7.19533 11.6547 8.23775 3.36895 12.6335 10.4991 1.93175 4.0124 0.00694929 2.98088
25.0108 10.7835 14.4177 7.19295 15.6533 8.19045 2.30485 11.0972 4.30542 37.4805 0.122521 7.47306
73.0963 10.7316 3.80322 21.9094 14.8795 3.39404 11.0968 0.867176 6.10307 24.0579 0.0499 6.51999
9.08803 4.65252 9.0668 12.8334 16.0088 12.2161 14.829 5.17285 21.1208 73.8274 0.022155 9.73438
-58.1524 30.3587 7.24977 12.2846 6.97681 21.7927 3.95374 3.75161 31.5398 45.0895 0.0264229 9.32643
42.4523 19.1921 12.595 11.0572 8.9517 15.1854 19.1027 1.39293 24.2345 52.1247 0.00903196 9.73412
-45.6777 2.82449 16.2695 21.8829 2.70023 16.0134 15.8483 16.2447 3.80998 10.7785 0.0349577 5.98422
67.5813 1.97285 12.3402 8.52215 3.95665 5.45095 41.832 15.5062 23.4711 7.15898 0.0113724 6.4097
114.983 11.3341 2.2876 4.4021 4.14736 26.5842 5.30764 24.0555 10.9406 10.0579 0.00969545 5.65177
7.69737 9.00307 3.83795 5.42608 16.4144 16.0991 13.0655 13.0751 9.81947 1.58505 0.085456 5.52834
6.52885 18.5322 6.67257 4.64999 13.9782 10.4831 6.50037 5.51622 6.71821 3.02731 0.0667526 4.67344
-35.6546 7.32277 7.62593 16.2708 30.3331 14.5553 10.8341 12.4654 2.04973 7.12836 0.0229221 5.19213
90.9775 8.3058 4.95436 0.624284 34.9808 16.232 3.38082 2.14384 13.9893 3.8164 0.00702758 5.70959
-40.5224 13.1416 7.03296 12.3406 39.9218 3.66759 1.48657 1.64206 30.8437 35.0202 0.237091 12.0095
48.1892 4.46302 3.67963 24.0339 9.96455 8.49917 3.45061 20.4994 7.62861 30.8643 0.073097 6.72428
33.1517 18.4965 5.52603 9.13257 7.51223 6.40241 29.1242 0.332124 3.79853 35.3387 0.00626982 6.63329
18.6929 19.7514 6.22576 26.6039 20.7221 11.968 10.2255 4.93716 4.80996 25.5922 0.0618364 8.66433
-26.9763 13.5384 38.1317 5.70985 20.2874 3.71849 3.30554 4.60138 5.96064 3.53319 0.139276 7.85641
-40.1715 19.9451 18.4866 6.07856 30.0812 19.3593 12.24 22.6079 4.2773 7.19812 0.0850594 9.13475
-44.2305 8.46348 19.3884 8.94102 13.4891 3.8901 14.7019 20.1096 7.93691 27.1451 0.0586451 6.89887
-26.5073 15.4384 6.92239 21.5862 30.5214 7.44502 11.0754 7.90811 12.2596 10.8873 0.0324153 5.9242
-64.2231 15.8235 33.5858 7.0359 6.9877 8.83857 13.6094 2.92692 27.9091 14.4689 0.070987 7.58213
-57.0467 11.3006 30.8211 5.11575 7.38262 37.2856 39.5083 15.74 0.901007 11.3152 0.0447341 12.4767
-31.4227 7.95978 25.0798 9.76734 13.5841 14.3444 10.786 12.5637 20.3382 15.3898 0.00557601 4.66286
-53.6448 5.07138 23.0291 6.28506 9.68041 16.9744 10.5172 16.4551 12.5573 3.1939 0.000849446 3.8692
-5.10123 9.96154 6.91123 10.1268 13.9642 7.13774 10.7928 7.82295 67.1544 3.88649 0.00212919 7.03447
15.7003 7.38509 12.3593 27.5553 4.83282 9.82727 9.02416 13.8726 38.6942 4.12762 0.0503005 7.01424
-21.7018 7.92137 23.7777 11.3495 1.93679 25.2953 19.9582 10.7737 4.80042 9.71035 0.0695838 6.4242
51.7768 2.28058 11.0415 3.43345 20.7294 18.7426 23.6535 3.56069 9.52787 3.72027 0.00699024 4.18721
44.1603 5.96791 4.99373 14.0657 18.9487 6.91519 6.80646 12.7772 23.5452 7.53064 0.0571308 5.06399
132.857 5.63077 14.9527 11.4177 4.81206 6.00919 9.84681 16.6235 45.9563 9.55531 0.0018707 7.36978
-51.5881 3.60907 16.1952 13.9259 6.86597 22.9772 5.79935 13.2367 17.6414 20.3405 0.0105766 6.09029
-0.842074 8.0666 16.3706 25.169 4.43044 2.48177 0.929535 31.8858 13.7409 4.90483 0.0107841 5.74164
-33.6872 10.3689 15.0494 20.8998 8.78012 24.1066 23.0998 18.2255 9.44167 19.0668 0.010682 6.94514
20.1758 4.11758 11.3922 8.82409 7.45435 38.1523 9.69636 19.9922 26.4067 1.18678 0.0107111 6.68948
53.7971 4.01905 6.96396 9.04677 3.35622 8.95227 0.752589 25.0147 10.7918 15.1122 0.0114979 5.25636
94.1027 8.36574 11.0382 2.06336 19.8941 0.374677 25.6385 29.7012 6.83116 20.0062 0.0034246 7.66303
50.369 2.53833 1.49401 2.57579 19.6635 19.3272 19.3435 16.9422 15.0759 15.7943 0.0126276 5.8776
-40.0145 6.84725 17.5818 9.49198 8.73811 9.8705 16.7903 13.8915 2.18479 13.9217 0.0145898 4.67596
-20.5421 26.4507 17.7791 9.13946 6.55694 3.84445 24.4106 20.4963 13.4382 16.7293 0.083242 8.264
49.3959 6.60718 17.7881 3.97838 1.06911 25.5593 0.202877 24.6825 10.4166 15.8195 0.0751857 8.14515
15.5411 1.95968 16.5808 3.30132 5.93715 18.2828 7.66362 16.2532 30.4407 14.7651 0.0144271 6.03473
64.8589 6.12235 3.44854 14.8272 11.7829 15.2341 5.20516 8.02205 45.927 7.32401 0.00115968 4.77295
88.8274 1.0385 2.45297 27.7951 22.9939 23.1442 8.16744 2.24064 22.5147 19.3552 0.00115968 8.04176
-11.7479 3.62141 1.86927 22.3149 23.9839 14.5617 0.772464 9.50325 21.8713 21.9799 0.00115968 6.03688
9.62871 9.47221 16.2443 6.17276 9.54875 6.4846 32.8069 37.8532 5.82908 17.1984 0.0150132 7.42006
-74.6276 23.8804 16.8918 10.2638 15.8448 0.79928 25.6161 3.72394 28.1003 1.93227 0.0150132 6.98717
-1.48243 18.6446 15.6728 6.67494 13.342 7.40377 22.3481 1.84117 3.26503 13.6752 0.000223229 3.18785
-28.1142 18.9314 1.07346 4.06618 22.3765 1.82835 34.0425 8.92421 4.11572 15.4536 0.0290339 6.99968
37.8489 18.3395 3.96633 13.3317 17.1459 8.59088 13.0812 44.6941 3.71001 9.96321 0.0312982 8.17337
-19.2651 18.8112 8.67165 4.06438 4.69079 1.81328 19.2914 24.1941 10.4452 12.6762 0.0215627 5.97453
2.28781 10.3443 2.63259 12.3976 37.6236 1.77215 14.6618 16.5128 17.1294 45.9572 0.00914438 8.64231
-66.7806 9.73867 49.6193 7.27499 11.1135 11.6655 2.60138 2.5723 10.5403 8.96915 0.038989 7.24298
62.4606 7.73897 25.297 6.66062 14.495 5.31241 7.60388 14.3411 40.6616 18.5583 0.00865464 7.55686
-66.638 16.4134 3.44718 10.7931 9.72055 25.4904 29.7686 27.2984 54.8709 1.1904 0.00162207 11.3582
-59.3345 19.7781 13.4186 14.7681 16.7713 11.9803 10.8835 38.1177 0.615729 19.7516 0.00679976 7.31501
33.0338 15.2048 12.6763 25.2004 10.0371 10.0084 12.1778 45.6824 3.47626 13.7579 0.0389531 10.5961
31.1549 23.9652 1.78603 13.1551 16.1212 8.37057 1.11884 59.4454 1.50695 11.3588 0.425183 14.7125
36.758 8.66035 4.44709 18.2935 5.98268 25.1933 3.17054 16.4304 1.87183 4.0046 0.446696 9.5154
28.5654 1.63746 6.22274 18.7076 19.0105 21.3714 9.72944 24.3888 3.54383 7.64111 0.166453 7.9662
14.0175 17.6853 4.98251 16.1414 7.53732 12.956 22.1901 9.88704 19.3792 3.69503 0.496812 10.5647
-7.77942 25.8828 1.21677 16.3969 14.6223 18.1158 1.64611 11.3269 30.3202 8.72744 0.303461 10.6063
18.5629 16.2514 4.6094 9.37209 6.74246 27.2026 5.78804 5.42384 2.70937 29.7052 0.0963509 6.9183
77.2928 8.76522 11.6375 12.6931 1.94914 4.49507 14.1793 2.36921 16.8455 6.55303 0.030143 4.66632
66.1854 1.63968 4.93523 13.1961 11.1975 4.29521 6.48391 8.28178 6.53951 19.6292 0.0298612 4.64249
59.4354 5.8773 11.0661 14.9639 12.5292 4.48095 5.74254 9.85959 9.96372 19.6664 0.0298612 4.25861
-1.09141 10.6726 14.3242 3.78269 28.176 7.43424 23.5323 14.6389 6.65695 8.68403 0.0344428 5.63397
86.6994 14.3493 0.43295 3.38053 6.17125 5.91662 14.6033 8.46428 3.57612 4.47351 0.00760069 4.33627
52.2459 10.0581 15.6101 9.20167 17.3757 12.1241 2.93669 23.0317 5.83603 5.77813 0.0674583 5.86992
9.92988 6.20655 3.00921 11.5958 37.7271 5.62209 15.3832 20.6279 19.7206 13.063 0.0717263 7.86414
-39.4895 5.71713 13.772 17.4066 9.70303 3.21496 33.5353 26.1431 9.63689 9.63122 0.0188429 6.59316
-36.3622 5.54301 7.08828 31.4912 7.03634 0.421801 7.72188 7.24962 27.9824 2.94638 0.0999196 8.47986
-4.54059 6.71246 16.2652 47.0268 5.36864 6.97225 13.2894 5.01188 2.84337 9.82072 0.0392482 7.47559
19.1458 15.3713 1.73978 30.9562 0.0720733 11.3531 5.17673 6.85036 14.2372 13.8311 0.00673879 6.21749
43.8799 12.3414 19.0152 7.41942 5.02866 28.2738 16.5904 14.8799 41.7853 27.7981 0.0193489 10.784
23.7827 1.36457 3.43468 6.42604 30.0907 27.1415 10.2219 0.161469 41.7433 11.6037 0.175671 11.7822
11.3907 3.81797 16.2037 6.94929 21.6046 23.4803 8.05486 6.94498 15.4769 2.61937 0.129624 6.5932
-9.67565 25.1915 4.5373 4.4561 5.51831 3.04289 22.1854 4.711 5.7263 2.55705 0.158861 7.39353
-46.3992 11.0284 12.1091 8.22886 0.98202 44.5027 10.1313 4.09315 34.5256 29.0208 0.0486397 10.1827
-13.9389 29.5525 4.13887 14.168 4.69827 1.30279 24.2804 22.6182 19.6052 34.4817 0.0264616 9.23999
-13.5017 16.1714 6.52649 7.96806 3.98453 23.8536 33.5009 8.55245 19.173 35.6825 0.000181748 6.60373
-41.8097 10.2937 10.5623 20.1781 23.1404 23.4043 15.4863 12.6536 7.03253 5.98747 0.0101806 5.72634
-3.06066 14.7428 13.8771 2.33625 13.8684 28.1189 29.3985 6.67634 7.5127 10.0589 0.0413445 7.0641
27.3064 17.3673 2.19298 7.91051 29.1495 10.0774 5.22433 40.566 7.42167 1.26726 0.0419805 8.09558
-9.96664 24.0327 3.23519 9.33504 5.69123 10.0479 47.0293 13.1086 6.27005 10.2507 0.0495851 7.76298
6.75228 16.7628 1.70326 9.06553 22.145 9.68598 3.87967 42.959 4.13481 14.1683 0.0225215 6.83985
-14.3079 16.1181 2.47167 8.40668 32.909 5.63823 5.33566 15.8895 7.66714 10.7694 0.015869 4.72254
-33.4614 12.2933 13.9243 13.9491 1.33616 12.3479 1.88933 12.2932 18.1161 3.78303 0.029355 5.79129
-73.5815 23.4132 2.68627 4.44649 24.5549 23.4674 1.54894 18.4326 22.5119 5.88504 0.00238993 6.19081
-8.8151 14.7063 2.80532 24.4425 0.537236 16.6006 18.1119 33.8693 3.25592 20.3498 0.0158854 7.78026
26.2315 5.55551 3.49975 16.4602 16.2645 6.90833 3.7039 22.2203 8.4453 23.3753 0.019411 5.08584
-33.928 17.1999 6.09229 17.0042 12.873 17.1692 3.42375 11.8074 5.9076 14.4623 0.0845254 5.75076
-71.243 22.0888 13.0118 11.5659 12.5822 12.2746 6.82662 14.8746 19.4824 14.3204 0.0454981 6.02404
-52.8446 20.1449 11.3411 5.39978 7.22258 9.53524 19.3201 14.1613 0.299607 30.1398 0.00329917 6.23415
94.9207 6.02317 15.0526 15.2723 10.609 7.408 28.209 16.2929 10.1995 9.4911 0.0183969 7.07861
102.592 8.45217 8.01334 1.84121 1.95417 8.04012 3.90795 18.5843 2.84999 8.48264 9.87481e-05 3.03755
69.6749 6.40115 6.0771 2.39791 7.98152 6.29354 14.2417 10.1381 33.5363 6.19868 0.000341253 3.71622
55.2418 11.7649 5.79235 26.3939 5.38567 7.42171 13.5096 7.29248 25.3229 5.27723 0.0581734 6.17036
-53.8854 10.2262 15.9288 22.9908 6.10069 2.60603 5.87233 1.29697 11.0786 4.8726 0.122475 7.39382
-45.1869 14.4679 11.6188 3.44636 24.4826 15.8266 9.99389 3.65105 23.3856 2.24784 0.0122307 5.13907
27.4467 21.4435 7.78567 24.6204 7.23647 9.75358 32.856 5.47899 19.6603 8.81417 0.00636966 8.08666
-40.1849 15.1822 4.19357 16.7424 29.0542 3.3491 29.5704 4.39798 1.62859 6.34361 0.0115567 5.63845
-52.0525 12.757 21.6192 24.5896 14.9748 7.7869 11.5624 14.6111 13.4732 5.78901 0.0326235 5.97495
-48.6608 16.5534 7.05107 16.2303 18.6625 5.40736 18.7404 26.6347 25.9744 27.5397 0.064092 9.18845
-5.75135 11.0002 24.8878 16.9273 12.0655 5.12734 14.9982 14.6424 4.95917 14.6936 0.0121193 5.00829
-10.3824 9.02078 33.254 25.8742 1.01291 4.26787 16.1964 12.1301 25.4309 4.86388 0.0506469 9.00626
-57.1972 11.8788 11.5643 32.9071 7.71171 1.69993 12.7777 24.4848 5.96659 15.3516 0.00353734 5.32831
24.845 7.22156 21.8083 3.94128 17.4247 2.18324 21.3167 18.7023 6.83107 12.9251 0.000165249 3.53134
-48.4117 21.3807 26.2135 16.3297 1.59662 13.6185 18.5807 7.24926 5.95498 21.4451 0.0041865 6.01355
41.8966 5.25384 9.88794 4.93971 5.22182 7.92843 40.3985 22.7421 20.0068 29.8561 0.0372141 8.64735
-54.9633 14.1582 5.33491 10.5981 31.9144 19.1229 4.64034 6.33252 21.5771 36.4846 0.0615627 8.93948
41.562 1.59428 9.82393 3.54187 33.6667 14.8418 4.86091 13.5485 16.6208 7.62319 0.016139 5.1062
135.12 10.9752 18.9 2.88935 34.0986 6.52758 5.09831 6.53226 35.2202 24.8502 0.00636731 13.2027
-15.6323 13.8805 9.44893 27.8988 4.00287 15.9018 25.0246 57.335 7.84331 11.3266 0.00228004 11.1217
3.64899 4.16861 14.81 16.3232 11.6054 13.6901 33.9328 0.97301 8.17664 67.9864 0.00717112 9.93631
59.5297 12.2619 4.86895 4.39653 0.486513 26.986 9.16323 1.80845 8.35746 9.26721 0.0189392 5.10956
85.4106 0.391057 9.44226 4.80476 9.7088 11.0179 8.12346 28.4159 2.66636 29.6317 0.0226859 6.52931
-56.1059 14.7475 14.8173 2.98739 13.0372 36.7491 10.4658 7.93624 11.516 2.6465 0.0289421 5.95709
-49.85 14.316 8.03078 5.31452 20.347 6.78127 13.6165 10.0307 26.1369 14.001 0.0445658 6.65553
-32.508 14.4167 46.5797 3.64043 12.7192 1.36285 13.8272 10.9175 2.23394 0.989388 0.12716 9.63195
-51.5513 11.9234 3.50302 4.469 51.1938 6.56399 29.4606 20.2657 4.25494 3.23394 0.0586169 9.87461
-8.80772 5.58014 29.1457 32.7123 5.7619 16.2467 2.12652 15.1492 1.01454 4.72344 0.065711 8.74691
-58.482 17.3109 20.7143 30.2627 2.69209 17.8883 4.85017 4.08099 3.15684 21.7829 0.125389 8.47003
-49.6878 16.8812 48.943 4.38925 9.58172 4.08673 12.0134 16.7199 27.6101 3.61867 0.0526623 10.0571
-40.7836 6.6 21.8502 3.41292 21.3278 5.72082 3.95036 2.33015 0.638297 7.53493 0.096681 7.36059
-10.283 5.56818 19.2722 9.6003 18.286 15.7923 7.26416 1.19306 9.01959 5.96869 0.0179216 4.08121
62.9132 6.33741 14.9043 9.27943 3.20168 12.5028 22.1644 8.50754 12.0123 10.7656 0.0653956 5.22352
-46.11 17.7 6.50164 20.7326 2.84528 25.9217 4.24589 7.27744 2.59398 2.9377 0.089882 6.2446
-1.99333 23.9456 3.43599 28.0751 13.2754 15.3563 8.44032 14.4069 8.84801 8.45333 0.0418246 7.13056
-64.0637 8.21965 14.9627 2.66575 53.5841 15.0601 3.82115 29.5913 0.625139 10.0676 0.00013292 8.08932
-17.7307 13.2364 7.40192 20.2231 7.94309 12.0995 14.4066 14.7868 8.68684 25.0929 0.0626993 6.05647
67.455 2.583 24.594 9.9615 1.33849 14.6118 22.0351 5.29935 4.86856 4.73021 0.235258 8.36259
69.2128 8.00455 0.0265087 5.08749 23.8646 2.49627 19.6994 24.4415 14.7205 22.5778 0.00918749 8.1488
-13.785 17.4112 21.2121 5.32945 6.99259 13.4877 7.17912 4.18376 2.434 3.31226 0.0394365 4.53242
36.2903 8.33451 17.1591 14.8666 0.76349 3.83897 4.37421 27.6153 14.8961 19.8266 0.0868097 7.55817
18.1565 13.1496 14.6849 3.54205 6.81048 20.1625 1.97716 21.9115 19.6565 14.2258 0.0260971 5.71808
19.1729 5.80657 28.7383 7.04171 14.5581 13.7189 5.94261 17.0599 19.787 37.564 0.0037362 6.85147
14.9479 14.1006 7.07491 2.464 4.39172 12.2463 14.3263 8.97236 18.3903 22.4714 0.0104528 5.19331
13.1091 15.1524 18.001 5.67209 10.6545 22.6624 6.5795 9.47269 16.1679 13.9166 0.0382026 5.53164
35.1065 3.31868 28.5886 2.44769 8.20163 6.13026 15.4927 9.72332 23.7638 32.3965 0.0183946 6.83368
67.3722 3.34559 2.30666 3.556 14.7805 9.68741 21.6406 26.0231 1.9563 3.92599 0.0276532 5.32758
111.549 1.83757 1.8699 15.0808 22.1433 4.25919 3.69121 9.1364 25.347 4.50296 0.0757127 6.57923
-31 2.40773 9.63358 50.904 11.1655 5.55855 6.13458 14.0379 4.7957 14.9686 0.0139938 6.66014
-47.9643 15.2193 20.23 22.4283 13.4438 7.50928 15.9872 39.5992 15.9386 9.21813 0.516183 14.5097
4.23694 11.6169 22.9352 20.2218 9.07902 7.29517 10.1326 4.52389 12.1055 17.9383 0.337727 9.24098
41.9093 9.00704 5.79339 11.0353 32.816 8.17625 17.2556 12.1969 6.01202 17.9197 0.159085 8.06532
-5.20206 2.65543 16.1944 26.5347 4.65901 44.0133 9.21376 6.40171 7.86331 26.2328 0.0232976 8.78077
-42.631 25.2464 5.42242 17.497 25.4573 14.7821 17.2552 5.98976 58.1926 2.28348 0.42635 15.8816
41.5484 0.703338 19.9266 19.8955 10.5546 10.2718 16.2612 19.3626 17.2178 18.8195 0.128315 9.0609
-5.56537 22.244 8.59098 17.5726 0.610952 10.557 12.4867 9.0811 28.2108 19.3024 0.371652 11.0253
171.5 4.96524 11.7063 4.63242 20.9818 6.13196 10.3669 20.1279 21.1565 21.5784 0.123317 11.9256
31.2141 8.8295 8.02542 10.7212 36.2713 11.9519 6.10571 6.60991 21.9407 0.07409 0.0901091 8.68317
28.2045 16.673 0.321101 1.13938 29.2267 1.95092 15.8661 36.1513 6.38878 22.4924 0.0941779 10.409
122.673 0.565779 27.5166 5.00988 8.28644 16.5278 9.61717 7.52702 11.473 55.9252 0.0342831 11.2753
64.9303 3.87458 10.6061 12.6967 5.59497 15.5022 13.7324 16.0851 25.9872 50.1858 0.0312036 8.49625
-1.89042 29.9622 11.9145 10.9481 13.2737 4.20448 9.31483 27.6206 15.2269 40.1324 0.177434 11.6534
-74.4334 30.9703 12.5953 2.37403 10.7028 3.70242 4.5511 30.6396 19.7187 22.4734 0.15097 10.1646
-40.822 32.4628 18.6176 2.37403 4.35774 32.5995 2.24561 22.0977 28.345 18.2154 0.0823426 11.2551
-61.6173 21.0177 15.8693 3.61661 14.2682 20.8204 5.8489 22.8259 29.5115 22.5576 0.328127 11.8705
32.5446 7.97518 15.8238 14.7754 15.7631 7.67011 10.8632 19.9918 24.6111 22.4311 0.214922 9.50724
-21.1901 23.3467 20.2869 15.1405 25.4997 21.8242 4.84364 7.33483 7.26897 18.4767 0.263014 12.2125
-30.028 4.11412 13.476 4.36556 1.91167 29.8258 3.81653 14.1951 7.26897 20.276 0.196141 9.37352
-52.6181 14.4847 5.35511 10.0056 37.6016 14.5282 9.09648 7.91682 18.6854 26.158 0.111989 8.83952
1.40936 18.3093 26.0921 7.91149 1.8391 6.12532 19.8903 20.3607 14.4888 2.92014 0.0511125 7.16267
-12.7159 1.9038 13.0314 50.8368 6.85344 6.94519 17.2091 16.6896 20.0182 28.0715 0.0696366 11.383
-68.2355 6.40035 20.9586 33.412 5.55909 6.2504 4.04877 22.0229 26.9301 6.66976 0.0813866 8.30317
-70.3874 6.62448 16.6207 21.2731 4.59514 26.0738 5.6095 3.20355 17.7234 19.173 0.0471505 7.26443
36.8832 13.1737 12.3838 10.5684 8.94459 19.6978 4.92559 10.6666 15.8604 1.14343 0.0674454 5.51975
9.21093 7.56646 2.98338 24.6749 13.612 8.77673 41.3054 13.9781 13.2875 7.45868 0.0487035 7.95798
88.1669 6.11869 11.1128 13.3546 5.58869 18.7381 5.81957 15.4859 30.6171 8.15999 0.0215249 5.83202
9.60073 6.2206 5.3284 21.3493 9.63307 14.6918 13.6377 26.7733 22.6513 8.15999 0.00920519 5.34738
28.3304 6.11595 1.08229 3.63863 15.8848 42.8028 2.16057 8.27445 2.28984 4.79575 0.0442 6.49945
85.942 6.09049 3.57941 6.22773 3.63393 32.848 6.84465 8.82631 13.387 6.42171 0.0220505 4.44067
49.6865 15.3925 1.53217 17.0339 3.06016 10.0607 5.19841 9.6532 0.949764 3.51537 0.0126019 4.24668
-4.05064 34.0461 4.83226 5.32558 16.1981 4.85401 14.5357 6.92853 8.92051 6.86405 0.0197813 5.31378
-17.4094 2.92246 8.85413 12.2783 15.9364 31.0955 13.0375 15.4048 6.43985 18.7932 0.224817 8.86461
38.2282 7.67222 0.0549104 5.5481 18.7924 8.71535 17.5566 52.8879 11.2965 34.682 0.191608 14.1245
111.383 27.3921 0.390111 8.84388 10.1353 5.85337 3.90933 12.0391 6.40596 20.1662 0.233357 10.9559
-9.69661 31.8283 1.61959 22.4105 8.93678 5.40359 5.79759 12.425 5.95967 16.398 0.138859 7.92968
79.0484 2.60683 2.02497 7.66461 13.0618 7.5415 37.8391 27.1551 2.16634 35.1876 0.00975227 8.24825
102.148 3.33367 3.54925 7.27476 7.08711 14.1516 31.1936 13.3155 2.17234 9.75196 0.0303559 5.28791
140.973 5.85396 2.5952 5.63248 13.0824 1.85696 9.83469 7.04975 12.6106 1.42558 0.0951425 6.16006
76.2679 6.96066 5.78314 3.44755 1.5359 8.73929 28.9205 4.42844 7.66296 15.857 0.0697169 6.02569
147.303 6.34026 5.20617 8.31458 3.2302 4.22463 5.44885 1.79554 7.54446 23.9834 0.120432 7.5224
-66.2249 12.1992 3.27 20.6394 4.18145 46.3355 5.99117 10.8712 17.493 40.7587 0.00601112 9.16078
9.11309 7.76049 5.89959 8.26697 27.1635 35.1285 16.6085 4.29328 11.2655 37.2837 0.2079 11.7846
17.8159 5.02735 4.17702 13.8864 16.8573 32.2952 1.62583 0.0190824 8.27395 4.19145 0.310532 10.766
54.4134 2.10381 6.883 12.3272 7.57058 16.0484 36.3033 3.58562 14.9247 15.1056 0.0832127 7.05047
49.1577 3.74659 2.66917 23.9109 4.38978 7.92953 25.7931 17.3425 7.43635 30.2016 0.065349 7.3515
-44.3115 29.119 11.1312 10.8263 2.70128 13.9231 2.42213 11.9239 42.1514 10.5753 0.0729009 8.50838
-40.2879 2.97844 13.8354 13.8035 10.9888 1.20843 25.1876 6.43137 15.8458 6.01303 0.220501 8.82542
-54.3844 8.81941 16.8402 9.80505 4.49892 10.3067 14.9837 4.701 42.0774 20.1734 0.233822 10.7515
-58.1501 0.743009 38.5929 7.83447 20.2038 2.04417 13.7777 17.9799 14.1172 2.62008 0.0788371 8.36964
-70.9601 17.3341 29.6993 29.3698 13.5654 2.93496 13.3905 21.995 3.47998 3.34857 0.0103725 8.07327
-36.9963 16.0081 17.875 11.8494 15.0982 4.79068 18.4629 14.4279 30.4409 26.8277 0.000404462 5.86012
-55.8389 18.821 29.2733 3.97614 2.06878 4.26299 24.8425 8.42931 17.8996 50.8204 0.0520199 10.238
-53.9557 13.1236 15.6434 17.7844 15.795 4.41829 5.76016 12.2456 15.2091 55.6667 0.00233856 7.36541
48.3511 13.6896 1.59314 8.86187 13.0787 6.2416 3.98379 4.14673 40.645 21.0588 0.00233856 5.84115
-74.6159 18.7771 8.67444 9.8324 18.8455 9.68007 20.7208 12.2486 3.92315 17.968 0.00480515 4.76842
-59.2644 26.5983 16.1935 13.4401 17.4778 1.7525 22.8122 9.11148 1.4995 10.9026 0.00278145 5.21685
8.44116 9.80246 2.21016 10.465 14.2177 23.1474 34.4885 5.04474 5.02977 19.9685 0.0125114 6.19235
-64.7954 2.97614 25.6233 19.7791 23.639 20.0983 14.4035 14.4488 20.9063 18.7478 0.00572957 8.28936
-71.7768 4.13811 23.4467 11.6591 24.7763 8.71437 0.54415 26.8105 27.8138 40.3712 0.000634955 9.36778
-52.2317 15.5145 1.90477 23.3864 21.9326 8.56884 8.17796 12.1426 11.4865 26.9203 0.00762679 5.84479
-54.5579 15.3224 9.84425 21.4709 10.5963 28.2196 3.36321 1.28059 10.8754 22.6767 0.0468941 7.00295
-64.4647 25.2725 11.201 13.543 0.55445 37.0837 2.53789 15.901 23.4601 28.1668 0.053997 10.0476
13.8365 2.89805 18.9254 19.1206 6.81947 15.0964 4.55455 10.2941 10.3528 5.2697 0.189099 6.45413
-60.9739 5.28438 32.0764 20.6579 4.01951 13.7073 14.9855 7.39427 4.33545 3.51805 0.0713483 6.36598
-18.1327 15.3833 8.70036 4.06359 3.83378 23.0256 17.2523 27.1381 4.02495 31.2049 0.4451 12.1303
32.2704 9.84738 4.92019 6.71879 13.3857 24.0687 21.7077 7.9437 5.59155 14.0002 0.372541 8.97148
22.9718 17.5613 1.83264 3.97799 20.3783 3.25268 22.0517 8.55117 5.12141 16.7148 0.0937369 6.53116
-8.35008 10.2154 3.41619 13.3509 20.3677 24.6987 12.7831 9.53525 17.6601 5.24562 0.0100503 4.75762
1.06841 9.17659 11.4988 1.78588 22.0609 22.4537 38.1703 16.047 1.54394 6.01689 0.0364346 8.53253
-37.3576 9.90177 22.2609 6.36459 14.5366 26.9171 22.5985 7.10623 10.7837 57.5653 0.0276874 10.1336
-32.4102 18.814 6.33417 8.06662 6.42851 39.7211 9.30898 10.3168 2.1159 56.2764 0.00391048 8.32665
-42.396 18.3314 11.0281 9.31762 5.02263 62.9268 3.054 4.97963 5.81865 27.0928 0.00947322 8.91706
24.613 2.96985 2.54837 23.6015 13.969 25.1502 22.6327 18.6491 9.47162 4.5747 0.0315827 7.14825
-11.8367 4.24919 3.8333 20.6431 11.2052 12.2279 17.5185 6.39263 17.1927 44.421 0.0145734 7.39603
47.7118 2.92805 6.95373 21.9815 5.66977 14.2615 5.08921 3.08493 51.0234 12.6393 0.0173679 6.82015
44.579 3.32132 18.0849 10.0091 10.152 7.00143 5.23444 3.2594 30.9334 31.5698 0.0138178 6.19379
-70.3795 24.3202 25.1241 12.5508 6.65747 16.4904 2.01128 9.5103 7.96259 14.3274 0.00535194 4.93891
17.8788 1.14329 21.0409 1.92649 28.871 5.31809 1.23515 11.6558 44.5891 25.1733 0.128326 10.969
33.419 7.7257 18.7926 9.60893 13.7648 17.3028 2.72639 22.7294 0.106789 26.4859 0.0861791 8.73647
-23.7996 18.7068 2.89353 21.7295 1.97734 13.4832 11.0112 20.4232 34.1598 19.2796 0.12494 9.39354
-31.2754 8.68822 10.5207 20.9529 12.3339 6.69867 23.594 1.14856 11.5566 7.17547 0.117332 6.56001
11.4194 2.44194 5.75407 18.305 12.2496 19.4819 21.6817 3.14196 8.77091 4.93733 0.0220137 4.5615
102.199 6.81543 4.54944 44.9874 1.44635 21.3772 6.08899 14.4545 18.6671 5.85036 0.0220632 11.1822
71.8429 15.2078 13.3474 3.90624 2.93515 13.092 1.71683 9.9414 22.3123 31.0682 0.0142825 6.78123
-47.504 23.9758 9.52046 4.3617 13.3655 26.8873 5.31618 16.0275 39.7843 28.8184 0.00160147 7.7765
-48.6196 10.3731 7.04341 13.8153 14.2632 46.9972 5.07423 41.7608 11.8864 71.635 0.00340394 14.6453
-30.7155 5.57328 4.28995 12.9003 12.4888 54.563 10.9778 11.1558 17.0442 23.3404 0.0103556 8.83593
16.3544 3.27686 14.7083 11.5076 18.6069 22.1187 8.16316 31.4267 49.9793 2.22047 0.0021956 9.054
97.8056 3.68158 12.2127 3.83853 11.6853 13.2582 2.72286 23.2669 19.5285 8.92849 0.0100096 4.6131
-36.9071 14.1592 17.3619 24.9623 8.67831 1.53602 12.9269 10.6373 4.05076 3.50496 0.0107137 4.27827
-74.1963 5.82747 6.38979 12.9298 24.4035 19.0482 2.42037 17.0908 5.60848 7.02811 0.000105941 4.91572
123.288 3.45955 2.53176 26.3382 1.60415 11.0735 11.5531 21.5713 15.8988 11.3143 0.00552692 5.93787
23.7115 6.92585 5.57735 6.35344 9.5995 33.95 4.83735 7.03472 21.254 3.8501 0.000175008 3.11659
-56.3978 21.2079 31.2754 8.58388 12.2408 5.41633 4.82224 23.276 21.5141 8.2819 0.0163334 6.73085
6.09126 11.1729 13.7348 19.3266 19.0116 6.43445 1.23488 14.2377 14.5888 10.2474 0.0021841 3.917
-21.3154 2.99385 15.0695 5.94649 16.6634 20.8079 3.70409 8.16946 2.02466 3.28234 0.00174893 3.64683
-36.174 21.1371 9.5314 3.55115 16.5799 13.452 8.46429 7.27771 4.4635 10.8251 0.000306381 2.59687
-27.0486 26.5381 4.76696 3.55115 19.9088 2.11397 11.8501 22.7805 9.33556 4.83669 0.00155804 4.20883
-28.4636 18.5822 3.97934 16.7663 6.76108 11.723 4.82552 16.8583 4.43838 18.6161 0.0147635 4.70003
89.4996 4.85472 11.6027 13.216 6.02099 2.72511 19.3232 9.33199 3.08115 14.4361 0.114896 5.95303
-23.0421 5.16678 19.2478 10.2707 6.63384 2.72319 17.523 4.19902 2.25591 14.7905 0.0125282 4.94178
40.848 6.54799 5.44542 16.6321 7.888 3.93168 29.7373 26.4066 13.8214 29.4672 0.00465875 6.41504
-15.3637 2.95595 5.28795 44.9999 10.5356 3.49175 10.101 29.2767 13.379 1.33453 0.0180586 7.30609
-14.0912 7.57992 4.22613 37.1919 11.9017 2.50665 11.8939 21.2451 6.11623 15.7529 0.113952 7.5034
-26.6534 7.03655 17.7805 9.60749 29.6031 13.6617 8.25698 1.59054 5.73878 13.4459 0.315457 8.78291
-36.3665 18.9372 20.3674 3.60521 2.94542 34.845 16.9197 14.4244 16.8681 37.4674 0.00166846 8.08324
-64.2254 17.8578 24.0945 3.53312 5.74199 12.6905 32.2604 4.28871 16.2643 31.3824 0.00166846 6.57531
-70.1134 15.3769 4.76019 17.3666 17.0091 17.9204 6.13298 20.2458 2.66463 25.1918 0.00166846 5.38652
-2.54353 15.5275 11.5289 3.69778 22.6977 7.63786 14.4919 35.7512 34.5621 0.300192 0.143523 11.3308
68.0785 10.0354 14.7115 2.05429 11.3487 3.93309 11.0762 4.28054 28.6431 3.9092 0.227363 7.92832
3.27562 5.32846 5.16827 15.15 17.5842 7.63386 25.5602 3.13104 1.00973 36.2816 0.134851 8.61312
-57.8871 11.32 24.0017 18.1576 1.38168 8.42078 18.0689 15.4157 18.3227 8.64101 0.0289801 6.16221
36.1666 8.61043 13.8696 4.88537 6.6129 28.969 22.1318 14.9669 1.41645 7.02733 0.0353119 5.9708
-25.8246 9.12305 10.5364 10.1181 30.9091 11.3512 18.5975 15.0947 5.80749 3.02987 0.00853876 4.67712
-42.3541 14.5379 13.8284 5.1995 3.34941 29.4481 0.533492 14.1796 31.7955 2.524 0.00514937 6.61928
78.9293 4.27121 0.528632 2.73673 9.65216 34.8463 14.4075 2.24484 10.6743 2.02364 0.000499234 4.32665
41.4548 11.7446 5.85481 6.07447 17.7114 1.87738 26.3467 22.7369 21.1614 16.2238 0.00143241 5.40458
72.539 13.3336 2.83671 5.72198 18.6726 3.35294 3.47762 23.8676 11.5536 22.6122 0.0166724 5.62119
66.3718 18.3664 2.11116 6.82742 14.7752 10.2703 19.6623 4.22355 15.6324 25.2735 0.0221724 6.34621
12.0626 6.62136 11.4121 1.92185 10.0918 19.2737 3.13931 9.3092 27.6218 4.96649 0.0864301 6.62103
-16.1481 21.3592 10.1649 13.2472 3.53285 10.463 31.4448 22.8134 22.2541 12.5003 0.00224863 6.5066
28.5317 21.6905 9.57459 5.05039 34.8291 6.24071 33.4681 13.3364 9.62277 30.2425 0.0119668 11.49
-65.2836 28.889 8.59383 33.7464 3.63002 0.844333 25.1065 12.0302 23.1346 17.3069 0.108555 10.5635
-19.5382 22.611 17.4991 7.77613 2.16584 14.4067 36.1068 1.74043 29.9302 7.73868 0.104906 9.65177
-17.7099 2.98185 6.95079 13.5926 30.0427 6.96363 29.8462 2.17761 5.16609 2.03022 0.0946506 7.22505
-25.7152 3.99277 24.8759 12.3654 1.60305 4.75579 26.8341 11.4277 7.5693 5.33071 0.0875266 6.51432
-16.3239 22.1929 27.3206 13.1895 5.82886 11.2994 13.1048 11.5464 0.91625 10.7089 0.0176409 6.6442
2.27283 6.48113 11.8879 30.4702 0.898569 12.821 4.4398 12.0596 33.9827 14.4251 0.0164359 6.66872
-39.0377 13.3346 0.385528 9.85081 31.819 4.41834 10.2013 14.8274 17.9328 10.544 0.0121796 6.38254
8.2468 12.1766 6.42478 21.2224 18.2333 4.4333 2.16547 13.2156 8.15017 6.34606 0.0207734 4.06465
64.9473 2.78867 16.0021 11.3053 6.65354 12.7666 13.2922 24.9761 8.77922 9.38789 0.0208701 4.62812
-63.7959 21.7785 8.61376 17.56 9.58235 19.3237 8.75039 12.2599 15.4588 33.4985 0.0213273 6.75851
-50.8699 12.443 15.5288 14.002 7.4802 5.66116 17.0997 21.9416 11.2222 43.0663 0.0018175 6.47624
53.4823 13.7599 5.1011 23.9073 4.27819 9.00215 5.32314 2.95336 8.36209 37.2243 0.011492 5.8919
-23.0552 18.7812 1.80513 29.914 8.21642 8.02869 7.73625 18.7555 20.6739 21.0833 0.0400807 7.10854
-70.1352 29.2572 4.85487 33.3384 7.3004 9.53672 9.00857 27.3736 18.2204 11.7831 0.0565453 8.67404
-9.29901 17.006 18.1679 26.7402 6.52123 3.04269 4.62593 28.8134 18.6038 19.1864 0.0217133 7.82496
-55.6696 18.005 3.89849 17.0783 12.5111 12.8982 24.5203 8.00843 23.1938 12.7366 0.00382041 5.23935
33.9902 23.3551 1.77133 6.65826 8.99545 4.25188 5.81054 17.6532 6.32429 19.3174 0.0572401 6.23281
72.0595 10.409 4.36257 3.99515 19.9252 9.25407 8.79906 4.71042 5.42862 22.8257 0.107766 6.00648
78.0498 6.24736 4.48351 3.48292 7.53147 0.258842 10.8408 20.0802 4.92069 12.9347 0.0278888 5.92837
-4.14085 23.6901 4.763 2.97175 21.2466 0.842105 8.50596 42.3001 11.8878 50.7995 0.0128332 10.4793
-11.4283 5.99997 11.2092 7.74875 24.4945 10.4431 1.80547 8.15073 18.9953 16.5087 0.000541221 3.8285
21.3034 3.10856 13.9632 3.37051 35.9202 3.12363 9.41706 2.36208 11.6462 29.6203 0.00474615 5.53801
-39.8462 5.69127 20.9252 0.552104 27.0906 7.99989 2.59743 39.1551 7.34356 37.8021 0.00403762 8.84326
38.3516 10.4297 6.02206 7.44666 29.359 12.0185 5.61337 3.00002 3.89797 2.50986 0.13857 5.97161
47.8552 2.82033 7.58688 10.712 31.0216 17.9792 9.51885 19.469 1.38652 8.96169 0.27321 9.5262
22.8594 3.66816 9.12881 10.712 2.13171 8.89074 7.32879 20.701 5.38094 5.42544 0.0364236 5.00798
40.7565 4.19354 20.7281 10.1443 0.743977 3.72687 3.14615 0.575705 12.4314 15.8505 0.05669 7.29114
59.2862 4.02854 12.8794 1.96046 5.61335 23.5529 5.21289 10.4699 26.1921 3.00355 0.0957892 6.39616
-22.6087 10.1571 12.2942 16.6637 5.25921 25.7414 6.16674 19.7192 16.2256 6.90297 0.299174 8.68978
-63.2464 7.15144 13.1468 9.37445 11.5573 76.7868 5.69474 9.4994 6.72977 9.24286 0.0617821 12.0908
-63.9422 4.05815 9.01499 15.1213 6.53156 32.4308 2.98054 14.0564 5.39755 14.3146 0.245656 9.64476
-58.8162 15.6632 4.19045 41.2122 8.9711 18.0366 6.80185 1.96524 12.0863 10.1715 0.00293279 5.26789
8.41826 4.12296 13.2619 3.77416 10.7078 17.3601 14.7889 13.1571 32.0486 14.9867 0.00756912 5.46037
2.33064 4.26586 15.8603 2.21163 3.77015 5.30906 21.809 25.4869 35.7288 28.6309 0.0127523 8.84599
-28.7913 17.6295 24.7609 15.7626 21.2497 1.2822 7.29905 9.68506 35.941 17.8302 0.0427641 9.18308
-51.9095 19.5175 9.83246 46.57 14.8636 6.63152 10.7135 5.97218 34.8785 7.75126 0.00532724 9.29108
10.448 6.20859 2.03196 6.78167 32.3685 14.9451 6.90187 5.94403 39.5038 15.747 0.0275379 7.36843
-66.2213 16.7063 4.50721 3.13431 37.8315 1.98532 6.24681 12.2644 32.6843 14.3104 0.0423696 8.70015
-7.93959 16.3251 3.06728 11.9361 9.61235 3.30291 5.62948 7.13068 13.5047 25.508 0.0963 7.43224
-65.2498 5.22905 8.94965 36.6199 10.5577 2.40401 9.01573 4.88406 4.23558 26.2481 0.00366824 6.18563
64.5484 8.55234 10.2522 14.1731 2.60581 3.88683 7.7864 15.2997 11.9716 15.1248 0.00401063 3.43104
52.7863 17.9144 1.89543 4.63161 4.52769 23.7405 11.7111 6.113 17.2216 13.1592 0.0295153 5.46457
13.3596 1.41438 8.25908 10.1547 22.858 12.7602 3.47551 5.44891 13.2877 40.6887 0.191383 9.23498
-25.1065 29.9161 14.1382 9.26514 3.09152 15.1709 19.8342 8.79763 20.3125 4.80794 0.00310153 5.4032
-10.9926 20.7638 9.52689 1.28679 8.03025 15.6107 14.4259 5.15604 13.6674 14.3325 0.00538728 4.27051
-14.5288 13.2719 22.7072 6.77168 10.3381 11.7981 14.3395 10.0531 22.152 10.4548 0.00114635 3.66045
-21.5399 10.3832 9.42556 29.9132 6.59907 10.4851 6.50336 17.2858 3.82005 12.9167 0.00114635 3.28407
-33.7577 1.37924 20.5935 19.9939 13.4866 19.1553 9.95099 14.502 24.5421 11.8759 0.00543459 5.97946
3.23934 9.19016 6.31379 23.958 15.9807 12.8417 22.0393 15.3172 9.03171 11.1203 0.0235937 5.61728
5.07498 3.12344 13.313 11.473 15.3013 11.236 14.1108 25.5456 19.2522 5.53356 0.00906299 4.751
33.5512 10.1586 7.52898 4.09952 33.3194 10.2756 1.57856 11.1499 11.0257 7.23582 0.0351103 4.98914
35.6286 6.6999 1.1838 11.875 6.8705 8.14291 1.66639 5.15236 28.0473 1.54537 0.0285474 6.63984
43.6669 5.52085 12.3197 24.0312 10.4848 1.35607 47.8844 10.6683 59.2783 29.7219 0.00779726 14.5407
81.5817 2.26017 8.41831 28.5139 2.52063 15.6676 4.44747 7.30611 22.629 0.433448 0.00418931 5.30202
145.497 1.25786 2.05866 8.00344 18.5863 8.61754 7.87731 6.36314 5.33583 10.8078 0.0106516 4.09691
134.402 1.13245 3.25413 3.24073 21.0594 3.40035 3.55302 3.05608 18.8365 6.44071 0.0152991 5.03757
-41.2504 16.5578 13.9215 8.20089 14.4774 19.1998 12.2609 17.7935 23.0604 10.3325 0.00019384 4.06255
-17.893 7.31115 15.0753 16.1246 4.33022 22.7592 15.09 1.62222 10.0398 8.82498 0.00019384 2.88193
-8.32626 10.2988 4.96183 7.47461 47.1351 14.8914 17.1866 12.284 9.63529 8.91704 0.00019384 5.75831
-13.7617 9.65046 18.0784 14.228 11.8964 20.889 1.42093 2.17445 11.8109 6.45505 0.00846744 4.05287
92.8681 9.8798 7.40153 10.8703 12.9808 18.9754 26.7003 14.3153 49.4846 8.43161 0.00300328 10.1565
27.1762 11.9166 34.1941 11.4527 20.0696 7.27355 10.2709 5.35957 53.7304 4.10043 0.0469878 12.7328
77.1106 2.75501 19.203 14.32 11.3116 16.022 2.57052 13.0112 8.79094 4.56506 0.00641445 4.10986
-52.0334 5.96038 21.3948 20.012 22.3629 23.8393 5.88537 14.0639 18.8019 4.04943 0.0515224 7.83297
-11.3356 0.99918 21.4068 19.9612 16.4957 32.5212 7.43093 12.2453 7.32206 21.2476 0.0781459 9.29424
1.8002 1.88069 21.4621 11.212 15.612 16.2483 3.0088 13.7608 7.7404 21.58 0.0288514 5.45046
-21.8018 14.0397 21.6245 2.91163 38.6689 12.8091 12.6174 8.91901 24.9551 5.22204 0.0734153 9.28356
6.60184 10.9859 21.1429 18.1039 15.413 14.5153 2.65881 1.78385 21.9881 19.9493 0.0853063 8.01161
-23.7772 19.3367 7.1079 29.3222 3.76239 14.3585 6.47779 13.8436 18.1523 11.2767 0.0598199 6.43298
-42.8314 1.7768 4.62397 18.5759 8.51053 6.49902 14.5014 15.2757 48.1243 48.1078 0.034274 12.9735
30.1951 0.822256 13.5605 12.6261 18.8906 1.63961 23.3825 3.44189 26.2387 31.8198 0.0179857 7.59389
-61.599 15.9988 10.0734 25.1449 14.8166 11.1734 0.959113 10.983 22.9369 1.30734 0.0632712 7.11888
-60.1628 16.9485 32.4079 11.4776 5.91501 8.04051 3.67031 8.56154 42.1303 25.6551 0.155223 10.6083
-45.918 24.2111 0.985456 26.5429 16.2792 22.3281 11.7518 11.9742 23.048 19.8592 0.28442 12.2169
-17.5003 31.9196 2.15945 9.80993 18.9521 14.2308 17.3494 8.57431 9.63762 9.88987 0.212164 8.62732
6.69269 10.7479 7.7692 10.5185 11.2533 9.69827 19.574 8.14304 36.4397 10.9331 0.0321901 5.89934
-19.5164 15.7946 20.0036 23.3925 5.59146 28.549 6.70639 6.20048 48.4557 7.61125 0.110953 11.6883
-55.7605 48.5977 10.3295 13.6492 4.24026 5.93222 9.41113 3.9337 11.076 6.6051 0.0401506 7.7997
-18.5137 4.76515 21.998 35.4354 3.91937 3.20082 16.8149 3.81007 14.8939 42.604 0.279133 12.038
-21.6249 0.12127 28.051 23.9441 16.0574 7.07609 5.21333 22.7525 9.91273 42.5969 0.144092 12.2017
-28.7408 4.62445 2.8636 11.1832 24.6089 6.38582 3.58613 22.4731 12.4035 0.372191 0.0105741 6.62692
69.351 4.94093 7.16361 10.7183 17.5339 5.5344 1.83308 13.4526 21.6299 0.372191 0.017272 4.98891
-34.4082 17.3375 8.11175 5.64916 5.84259 8.86178 8.28787 32.032 27.2215 16.2766 0.0694083 8.22063
48.4937 24.9405 3.79085 15.7182 19.4483 8.20518 17.9628 9.38009 44.6185 19.5524 0.053259 11.9836
83.8795 9.21241 6.52246 17.1904 3.92497 3.97169 18.6186 11.8536 18.8843 23.0076 0.0152186 5.50962
108.9 4.79579 1.45452 2.64017 23.7456 13.3156 18.0592 15.3054 2.5131 48.7925 0.0454915 9.19664
-20.9082 18.8469 8.28142 11.9422 21.7913 13.098 5.22245 3.96363 32.9735 7.26359 0.00142315 4.47179
96.1876 2.38053 4.44815 4.04305 14.7666 24.4159 2.32972 3.96363 18.2601 7.75919 0.00142315 3.43755
-6.64983 1.43731 11.3317 18.6985 21.5771 30.0034 17.8993 5.03875 15.4402 11.3036 0.01622 7.1406
-15.6872 3.16825 8.5556 19.054 31.442 24.7917 9.42162 34.7791 35.0123 27.1753 0.014415 12.8249
58.6892 10.8944 1.14019 18.3122 9.67508 17.1698 9.19789 15.5363 2.31796 18.0702 0.014415 4.89318
53.3882 9.92276 9.89918 22.8343 0.897618 4.05157 18.0995 17.5801 6.47106 5.33737 0.106385 6.60778
67.5223 9.50553 8.57345 0.102753 3.8956 3.53484 55.1194 15.4991 6.04414 6.71729 0.0603884 9.46563
77.1859 9.77792 7.04804 6.59875 4.37732 6.45408 7.40341 26.3789 5.97139 2.19758 0.0076245 3.5705
90.4705 17.1935 11.1019 5.72988 3.75741 5.9866 5.24263 28.7252 5.20613 8.47918 0.00866433 5.2264
102.891 0.825341 10.813 19.0073 4.48343 8.35312 5.53384 30.0618 1.67915 6.6975 0.0214838 5.57921
115.932 3.12581 9.56844 15.296 5.35915 30.3949 6.53412 16.4608 1.15425 5.84695 0.0219553 6.49362
-70.7593 24.7962 7.31036 16.2852 5.83109 6.27503 30.5225 4.12568 19.7946 16.0248 0.0169234 6.25415
-34.8621 31.5076 4.98287 14.548 1.61586 14.9382 34.2067 3.57865 7.42873 5.14227 0.0132847 6.37417
5.84187 33.7063 4.15274 6.8054 9.93899 10.0728 57.7644 0.51065 4.83237 14.8024 0.000629053 10.3843
2.29877 14.8813 9.64239 13.3362 10.817 17.4772 1.87859 1.40742 42.6413 1.35986 0.0136324 6.5063
-23.3628 24.4274 9.53379 10.0829 14.3068 21.3583 2.37528 4.78698 16.5246 10.9453 0.0199621 5.1844
-29.5772 27.4257 16.4006 5.21067 41.1772 1.8808 2.36099 6.96538 27.7137 38.2071 0.142247 13.0707
-58.6709 20.357 19.0515 3.19896 47.5336 5.66259 2.32223 6.88393 8.4331 27.7944 0.0405846 8.90019
-32.879 25.1467 2.08549 33.7147 6.98118 3.51201 21.7546 8.20247 6.3748 36.2706 0.00323356 7.26124
-58.3306 25.2823 0.743199 34.3021 14.3302 6.17476 15.3316 5.28001 5.87957 26.0703 0.0149571 7.28715
11.039 19.3883 12.3348 11.2738 8.4898 13.2878 7.31571 15.3771 11.1468 8.23443 0.0473035 4.87465
5.61175 15.6468 11.3952 6.3533 8.60751 9.12829 4.87187 33.7389 18.4452 8.06552 0.0402415 5.86572
-61.2181 17.6934 7.76204 23.131 9.34746 7.17999 12.3525 12.0303 32.0485 11.5804 0.00173929 5.00757
149.521 7.41151 6.72493 14.9578 10.7083 4.03879 5.62405 8.81152 6.67009 11.0613 0.00460462 4.53366
-55.8977 9.79959 5.17252 24.3037 23.7263 31.6824 4.32053 4.23825 16.0462 7.68681 0.0222256 6.87611
41.3626 3.94734 19.0088 25.6764 23.0648 13.8228 6.52513 1.1269 20.2311 7.92024 0.00750714 7.39492
94.0881 1.54731 12.7222 2.25364 4.95627 17.0854 3.82098 1.45212 39.5297 2.01314 0.00490472 5.83348
28.2388 7.84878 6.08435 3.32651 25.3753 21.5755 8.22906 7.11856 11.2712 24.0615 0.00425629 4.44304
11.6188 10.3442 10.983 5.75479 26.0182 17.9823 5.68528 62.96 5.33208 27.0861 0.0398852 12.0159
-60.7786 12.9604 9.53427 9.78197 35.7995 13.4559 4.57723 33.4321 18.8337 6.98033 0.0134632 7.46734
-27.2448 8.31804 1.98131 17.1615 24.6745 8.50686 6.77777 19.3096 7.45129 9.61724 0.0418362 5.66052
-5.19854 4.19868 0.529958 30.639 1.16537 16.2261 19.9073 35.8637 29.1476 14.1177 0.0179053 10.1629
-2.27194 14.5178 10.6625 5.17326 2.94714 14.3818 19.1175 1.17248 34.7138 0.690561 0.0348402 7.14414
-38.0352 18.5263 21.2853 9.75645 5.0592 15.1826 10.6601 1.42409 55.8241 2.79501 0.121737 9.93746
-35.3512 7.22913 15.1603 28.4856 7.51238 18.4352 6.10622 7.28303 30.4283 22.5451 0.170448 9.27682
-64.2735 10.5746 20.138 14.4493 8.72848 22.2602 16.0647 6.4548 2.66458 19.1301 0.0849868 6.83619
30.4692 21.2838 5.07328 8.22808 32.2907 9.22053 7.99836 23.4687 12.3299 29.7613 0.0245427 8.91175
82.8126 9.77728 26.4462 3.36308 14.6057 2.43978 5.802 10.9561 1.71781 4.82629 0.0190663 5.77239
36.5369 15.2391 8.04122 6.42496 3.88175 27.4507 25.5069 17.3638 14.9249 7.64637 0.0276393 6.77372
-4.18111 11.7323 5.11581 16.3849 16.6719 19.8623 9.04534 8.62448 6.01046 0.661971 0.0309095 4.66671
125.429 10.623 2.99869 9.70517 3.83083 20.4852 11.3201 7.61575 6.75221 4.96286 0.0449803 5.39844
-55.0375 15.4132 15.7958 4.54749 9.47915 23.959 10.3971 9.45394 12.1088 16.5479 0.00698749 4.5735
-24.146 23.0342 14.7867 32.0312 9.94624 4.72478 6.91549 9.00143 3.6915 15.1418 0.0028899 5.6816
-0.14578 1.26118 12.1225 20.4217 22.1188 3.92455 30.1081 18.1502 21.7145 13.7756 0.000297148 6.32051
-71.4185 12.3928 6.29576 25.9633 15.1284 7.27566 27.4969 29.4145 21.5836 20.1941 0.000297148 7.514
-68.5389 16.9415 5.10799 23.8878 21.1527 1.9119 25.0343 3.33956 18.3958 15.4315 0.00339782 5.90169
-53.8443 12.6458 9.97358 20.1501 13.5977 13.4336 10.2373 10.6079 17.7151 14.1095 0.000541891 3.59464
81.8902 2.49334 23.7527 5.18504 11.7136 19.4788 4.43425 7.01506 4.17977 15.5981 0.000685585 3.68392
3.72271 7.09763 19.9931 7.10533 25.6435 3.7159 20.1944 6.50015 1.85723 18.8507 0.000953953 4.00276
-2.60031 18.1847 11.0789 9.38658 19.098 18.8388 5.62248 7.60049 9.23116 16.1072 0.0001014 2.97779
98.5825 1.9007 16.543 13.9483 23.179 7.12354 3.7854 10.1538 3.92131 19.7357 0.018098 6.0369
-14.4793 8.10819 21.1694 2.63735 8.47927 6.18318 4.58392 12.6679 21.9281 11.3403 0.0220163 5.46749
3.28725 10.3581 9.04058 18.7929 10.5255 19.0672 8.38117 18.1355 5.54949 7.39871 0.0283462 4.30769
18.939 12.942 5.34961 6.42926 9.78394 17.8128 7.04822 7.10051 1.68992 6.37515 0.354991 8.01895
110.489 13.7823 4.70394 3.45375 4.81901 20.0214 0.712399 6.90652 39.9242 4.7796 0.157045 9.45838
-1.60329 11.119 4.78414 3.83889 13.5593 6.31854 19.0277 27.0455 65.6512 8.87059 0.100297 11.6676
102.4 9.94904 5.63422 3.84144 2.06043 16.1807 12.5814 3.53309 33.0309 2.53211 0.00902826 5.31366
46.152 11.9013 11.5066 6.32148 10.713 9.33127 23.7864 9.41889 0.500303 11.7354 0.194519 7.35839
28.5009 3.69953 10.4916 14.682 13.9117 26.7838 23.679 4.65959 11.2284 1.66469 0.123393 7.59791
24.2265 12.1005 18.1115 12.3617 11.0454 21.455 6.68694 4.77088 21.044 15.6571 0.0766061 6.86673
-27.2898 19.7686 10.2135 11.7745 31.5015 10.5594 18.0805 10.7891 13.1164 10.4046 0.0105593 6.15829
-33.8505 21.4761 9.49138 7.24968 21.66 9.31218 27.3881 8.78569 26.5954 9.17235 0.00359581 5.75105
59.6129 9.79593 7.78007 3.47813 15.0186 6.28092 20.7796 16.119 8.93228 10.0833 0.00523243 3.39667
13.3498 3.41834 2.02983 8.76332 15.7899 16.8507 16.983 27.7444 2.24985 4.44153 0.00326288 4.71909
36.5813 21.2731 13.4065 0.622724 4.70837 1.78245 14.7878 19.8378 55.029 5.77938 0.0764634 10.8024
33.3965 10.3748 4.60548 18.2337 8.82083 21.9486 15.9438 16.1588 8.83786 20.0889 0.0953019 6.98909
16.292 18.6317 10.9371 5.64481 6.49235 13.6708 24.9546 21.9013 13.8925 6.9946 0.389336 10.0754
39.3488 2.93443 27.2989 3.04661 7.39413 4.05961 30.3558 9.14362 49.7255 19.461 0.0763714 10.51
90.5573 0.705043 9.68836 13.6189 5.88376 20.7512 3.50184 17.0943 42.6078 17.5764 0.0271 8.01458
23.2977 3.8005 10.5808 2.90923 12.864 21.4808 22.4369 9.69381 2.53749 6.4549 0.00259844 3.43001
-7.87426 16.4827 8.7042 2.51129 6.21567 21.3192 20.4336 28.2481 5.90945 28.903 0.00259844 6.192
-10.6452 6.70772 13.1266 3.58146 26.3005 21.3677 6.22989 33.019 11.4986 21.6983 0.0030077 6.40775
-23.976 10.0812 17.6374 4.91872 18.3666 21.3732 35.3694 13.8892 10.4601 20.9385 0.00489916 7.41547
-26.4407 12.4746 15.8861 14.4599 30.0532 21.3587 10.5003 13.7963 20.2 13.6433 0.0731584 9.31834
-12.6924 7.57616 16.7234 19.824 3.344 24.0659 5.86421 18.1548 7.69897 23.2224 0.199492 8.40177
-60.5902 10.2281 31.7971 38.5027 2.1438 12.4313 6.30932 12.9827 12.8924 44.9333 0.0831162 12.353
-71.5553 15.7476 12.4278 30.1261 1.51686 15.3413 7.40659 1.45207 44.0497 34.8276 0.146429 12.0898
-73.9764 20.263 15.3198 17.1957 7.3828 21.7864 11.9716 7.02809 13.4976 29.9838 0.194457 9.23714
-73.2451 13.1663 25.0365 14.9522 3.28008 20.6694 11.4462 13.8102 7.18761 5.7866 0.0526403 5.89177
-59.0978 11.0154 39.6019 8.77196 14.6543 10.5772 10.348 7.32651 12.9891 9.07414 0.0117412 5.50728
2.00583 3.20834 34.2977 9.21302 8.54004 12.4782 23.9615 5.14176 13.1747 1.833 0.074212 7.0656
7.0217 8.6645 37.6755 3.95532 1.73848 3.60755 19.1069 10.0136 23.3449 6.86313 0.101682 8.06599
-23.5195 4.70807 24.7039 8.02085 15.6495 3.62856 15.0394 14.7897 5.63983 5.28558 0.0781919 5.48324
-23.9645 16.286 26.4984 24.0228 5.46711 23.4565 9.96474 1.61614 4.90978 20.1428 0.0385318 8.68421
-36.5104 5.25795 5.55341 2.87026 17.4457 18.5622 19.6812 17.1951 15.0541 10.235 0.000160504 5.08197
19.3444 3.27128 25.4654 6.92652 6.07987 14.269 9.01207 23.8401 18.3695 4.00599 0.00212174 4.01065
-56.5016 20.9391 18.0317 19.0882 8.89348 23.8683 6.85854 6.54182 16.9262 9.12588 0.000982604 4.56819
15.3757 19.551 27.3313 8.03392 11.2563 9.61086 2.02986 12.2256 3.40415 7.40721 0.00742227 5.41068
4.45968 17.0932 9.40592 1.59472 17.7763 14.8679 7.80505 20.1577 4.0475 13.4737 0.010793 4.42033
-9.71387 50.1658 3.48001 7.38504 3.60753 11.8833 17.1549 19.1589 6.06927 38.3041 0.0184414 11.9043
-11.5849 23.1799 7.45556 6.19145 14.1943 26.0649 6.24346 5.22189 2.21018 5.28892 0.00522236 3.81552
66.6667 13.0155 5.80595 5.34324 17.43 12.3647 5.46769 12.7209 7.88163 3.55058 0.0129293 3.40034
79.7436 10.8844 5.5 12.3052 10.1602 6.18572 10.0488 8.19527 5.7883 0.77487 0.000173605 2.05947
128.38 11.9979 1.83166 3.915 7.05998 2.41705 6.94274 43.8029 1.2425 9.73837 0.00343964 6.50071
-10.2916 16.5835 6.37158 8.70657 17.7216 4.98391 9.00709 22.0242 19.7486 10.7601 0.00386922 4.12041
-53.7813 13.8257 11.1919 10.254 23.2082 11.4504 3.5298 4.29706 21.0414 2.2811 0.00121747 3.91255
-63.0576 25.201 9.87021 9.38156 33.9168 23.111 5.01959 3.86048 15.7474 6.46637 0.00015278 5.33817
-43.9925 7.01151 17.3258 3.17664 0.617757 27.5274 17.8065 7.88519 14.8991 12.3537 0.0126818 6.63149
69.5107 1.15316 19.207 15.0261 1.72674 19.8845 4.47591 3.79103 56.6708 17.0984 0.0316438 9.40827
-32.4138 10.3602 15.8046 22.8957 6.14358 13.5124 28.077 7.79928 2.94748 2.85047 0.00273738 4.20497
-50.7624 11.7521 16.5765 14.0324 9.0973 6.75245 23.5977 26.1069 2.94748 8.60256 0.000297173 3.92595
-3.94791 12.77 8.48392 17.4379 8.62692 9.78676 2.7124 5.98369 8.44204 9.53415 0.110571 5.44197
111.914 6.9865 15.1162 2.76786 4.16701 20.8302 12.7368 8.26062 49.5522 6.80922 0.257411 11.8773
5.30651 23.858 11.8452 16.5745 3.12574 15.4229 17.8475 16.611 2.25101 4.22804 0.3865 10.0702
-40.6734 16.5057 2.50527 7.60428 33.2891 5.11932 17.4406 29.5443 13.678 4.19646 0.261735 10.1765
-70.7726 20.6812 4.11581 2.05532 41.0255 4.73756 17.9789 26.6444 13.2552 1.57581 0.283538 11.577
-66.7178 21.878 5.80459 16.9509 1.49255 5.68574 29.2598 10.2142 15.8325 13.456 0.437912 11.824
-74.4875 32.8793 3.65688 12.9542 18.844 3.04473 0.656596 42.6529 9.11589 31.3452 0.0224933 9.74923
-47.5799 37.9322 9.983 16.9819 13.5882 13.7866 2.51507 16.2384 27.6628 7.21138 0.141767 10.1901
-42.7904 11.1447 0.509846 18.3096 10.6225 7.99815 27.9038 29.5802 13.3767 27.6875 0.0946892 10.4487
-12.733 9.86083 6.9303 7.00813 23.1956 43.8423 9.22836 13.285 9.80843 17.9218 0.0589683 8.59037
26.8777 2.60823 5.28269 4.98711 20.5027 30.1887 5.35663 20.7765 11.0628 1.30716 0.299611 9.15904
-27.9115 5.06071 11.8044 12.0262 26.7038 28.4095 7.6365 3.56715 11.6194 7.76351 0.275165 8.80769
75.0582 9.65492 17.3263 3.45645 2.1953 4.71893 1.89294 33.907 0.817819 5.64743 0.0346379 6.52568
40.8388 9.14702 6.2335 12.5221 16.6454 13.6619 11.1174 12.4664 3.74417 43.0626 0.28575 9.70169
2.40196 4.54535 15.5461 3.85513 11.8736 11.0211 8.04821 4.83595 18.159 29.0116 0.161214 8.00993
28.9402 7.39393 9.98032 16.8489 8.2053 20.6076 3.40742 3.82151 15.177 7.38261 0.0959073 5.30582
5.64262 1.39461 11.586 12.1923 32.1604 17.7749 3.89977 11.2845 30.5253 3.43119 0.017978 6.71406
59.1438 5.25923 15.1818 2.1736 21.7535 22.1407 0.543744 31.7195 49.9061 11.6939 0.0324119 11.5723
-63.605 22.4935 10.7988 6.09239 20.5005 11.5291 4.86782 18.2622 8.58651 36.6236 0.0217423 6.90049
43.2849 21.0354 6.00224 5.16675 14.3213 12.5222 4.85295 11.4478 4.00246 7.8146 0.0120135 3.81295
50.9844 10.1535 4.12342 16.5653 16.3204 10.3707 2.17758 19.5805 16.7301 12.8886 0.0974621 6.40563
-28.1333 8.26742 7.81461 30.1597 20.7752 5.44718 4.2263 27.8271 5.65353 2.22355 0.00524666 5.03724
-26.8394 14.3542 7.60515 2.89688 16.255 1.27837 14.7188 18.6569 7.08561 5.92367 0.0272757 5.64758
44.6694 7.80927 9.46027 12.9716 12.1174 3.76921 12.3294 17.3663 10.9419 6.59786 0.0496539 4.2787
88.7618 13.6009 7.59647 27.0433 10.7562 3.1642 10.8862 18.8337 11.7921 7.45061 0.0849962 8.66569
-67.2097 16.3216 7.57206 20.1634 23.8143 4.27511 2.12334 18.5742 11.2016 14.0615 0.243757 9.00211
-36.2772 0.117424 8.67277 31.1974 21.6301 1.45925 18.6808 41.0663 8.59405 14.5143 0.000397011 9.09374
-25.9896 13.0137 11.7498 13.676 10.0532 23.9783 15.7174 14.684 18.4544 2.6553 0.00114561 4.09974
6.26311 7.46765 13.5351 5.41773 14.2702 18.9885 24.7413 12.7945 19.3932 8.6804 0.00114561 4.15291
32.8352 1.94648 11.9757 21.7934 17.6987 11.3772 41.7545 12.9781 9.644 10.2865 0.00323635 7.7394
53.6329 2.73931 10.9645 2.07234 23.8385 0.410291 1.27972 4.69204 55.1598 8.0092 0.00103249 7.67744
101.788 11.3468 16.0362 3.38044 15.3596 24.1518 0.956517 1.25843 18.3981 5.65967 0.00271816 6.63438
18.2386 6.80628 8.02348 12.8876 3.06935 27.6053 11.0901 20.355 18.0817 1.48924 0.00122682 4.10959
23.947 2.80088 2.03152 15.3275 9.1447 28.0223 6.52311 44.2614 6.44004 2.7248 0.00320052 6.27722
41.5095 7.20546 14.4832 9.40164 25.9174 10.6591 10.4631 7.65262 11.6857 6.57399 0.0816281 5.62158
25.3418 7.31134 2.13759 8.71716 38.8177 11.3837 6.92609 4.97413 2.9132 13.4507 0.00980352 4.55129
-33.9747 25.6664 2.23146 17.1955 4.71499 20.0937 5.69568 6.46271 24.5912 15.4087 0.0449721 6.66281
14.7209 10.3657 3.05657 23.2313 9.38924 23.6967 26.2245 12.555 11.509 9.35829 0.0535746 7.29686
18.2506 6.95922 10.2221 18.3654 18.7992 11.019 3.90169 41.3413 14.0027 54.3657 0.109231 12.1405
12.7418 4.69821 2.92864 11.4569 10.7891 3.53096 45.4732 28.3456 24.6415 2.28976 0.0520218 9.5275
-5.75782 15.9281 16.8308 25.0813 25.7273 7.75284 3.71646 8.37352 13.3949 3.02049 0.00140938 5.91301
46.7584 18.6798 1.30321 11.2455 25.3128 5.70879 6.27903 4.28381 5.391 10.7848 0.00140938 3.68351
-62.0142 19.0116 14.3352 16.2512 16.5241 10.3048 3.95467 8.41197 2.11756 17.292 0.00328857 4.02399
-60.6641 20.5298 0.431952 43.1965 5.96768 16.4967 3.57051 9.80786 13.8406 17.0365 0.01084 7.33274
-20.945 10.5513 14.9102 30.1999 0.605542 2.59443 15.8417 10.4222 34.0191 16.8784 0.0777861 8.88913
-44.3389 10.6832 16.0837 11.9034 6.87678 19.1821 18.2189 3.24143 36.231 37.2872 0.0718008 9.57683
-11.6545 4.39327 25.1097 15.1378 4.83181 12.3528 22.4271 3.36055 12.7854 33.9963 0.0492865 7.35739
-53.1981 25.0646 20.9727 6.27956 8.23856 14.7911 14.3528 2.99293 39.3504 12.7429 0.0157503 7.14466
-74.0281 10.8037 3.51417 24.1092 15.945 16.3102 27.5101 3.04877 22.4026 20.9666 0.0109547 7.67466
44.5434 12.4518 6.85698 22.7188 12.2403 7.45088 3.39174 3.05387 9.53953 13.4704 0.0280152 4.55147
8.50711 1.61529 9.54862 17.5864 18.2614 17.7275 1.17063 14.0163 3.07921 24.8942 0.0893297 7.23344
-4.75626 28.7666 5.31494 9.57887 8.28254 20.2192 12.6063 11.6367 2.43451 8.46427 0.00788874 4.62481
-32.8874 14.8391 6.63454 2.88131 3.38539 21.059 18.4015 23.3673 10.8786 10.0169 0.00981673 5.68933
7.15664 3.82506 12.41 14.6336 7.96242 33.5004 3.3503 26.5685 2.74657 36.4053 0.00548837 7.07707
-15.217 11.0616 6.62485 9.51402 12.9142 16.2093 13.5068 16.75 14.3738 29.8134 0.0023511 4.8431
-48.3338 12.1678 25.6253 10.3633 8.12267 5.80926 14.539 27.7426 22.2128 41.7077 0.00230454 7.71166
20.0702 1.89493 34.7522 2.99373 16.9554 6.42176 24.904 2.13172 9.16934 15.6635 0.0200817 6.54198
74.9541 4.24775 5.50974 13.5013 36.5053 1.94808 4.32389 30.7552 13.0078 20.082 0.0383115 8.44604
42.0394 4.86707 12.5573 10.2601 15.9276 5.07374 3.74422 32.9659 13.5715 28.9895 0.0301974 6.58961
90.0965 8.14912 0.785053 2.31844 20.1439 1.20044 7.69971 13.8555 21.645 2.9334 0.00884712 5.33191
-19.2422 26.0587 2.10988 3.83408 34.1734 25.7481 0.174651 14.4969 13.0744 0.83535 0.00113372 7.89752
-17.1512 36.3185 5.128 8.17935 1.81973 38.2933 0.559095 16.7006 16.4719 2.74687 0.00275606 8.22223
7.32725 24.6658 13.0798 8.45012 2.17434 6.01334 2.24712 16.9969 23.2201 1.39358 0.0493066 6.83493
-15.1872 11.3476 19.219 20.2372 2.69006 9.65299 2.80763 15.5085 25.9368 4.44203 0.0410212 5.97729
64.9876 1.18295 15.2333 12.7654 7.31658 15.4864 15.1631 11.5575 5.95837 3.92926 0.0331978 4.3281
-36.3895 8.05281 16.4797 19.7079 4.0749 21.5153 3.59632 4.32405 46.0638 5.31932 0.0354313 7.45858
16.1557 9.0981 16.564 6.8837 4.0749 23.1008 5.73675 7.31877 59.6906 9.1352 0.127919 9.63646
68.2083 12.7726 14.1383 3.91703 4.0749 26.3 15.6874 19.5838 37.2125 6.34959 0.117466 10.4146
-8.73023 12.9002 6.17181 10.647 0.470547 35.8192 6.45948 4.43255 4.77669 12.4573 0.117466 7.32176
-11.2653 8.51257 3.52398 20.6179 28.1404 8.47192 7.23597 3.18759 13.6992 2.55547 0.156204 6.86272
10.0544 13.1492 7.36709 1.88961 22.8939 14.2716 18.8737 9.73839 1.69989 6.83751 0.104743 6.16422
-3.98481 5.53953 13.5117 19.8708 23.893 11.6478 3.96183 11.7163 17.0377 8.44296 0.140217 6.96259
34.5394 6.99262 8.25509 13.3355 23.8544 3.52094 9.34226 5.8073 20.5012 6.67567 0.507186 9.95824
-38.1822 4.33576 16.0207 17.8603 10.1073 11.9002 14.1139 1.65494 1.25148 2.05564 0.0462173 5.70978
-22.7885 11.7268 32.9862 22.5948 6.31001 15.9816 12.9103 0.603529 5.34493 4.31491 0.00193975 6.26474
28.5577 4.29923 23.0798 9.82793 32.7036 3.9013 0.132322 2.48116 0.467655 27.6225 0.00193975 7.59178
-30.6859 11.1567 16.8367 14.7981 21.1303 7.21225 4.08209 32.436 35.7327 15.7761 0.00447708 7.45521
-59.5749 1.2739 21.9221 3.81019 35.2587 2.8189 13.8754 2.84544 18.9068 25.3685 0.00676177 7.84744
-45.4203 11.655 7.54528 3.01722 26.553 1.18934 7.62532 23.3506 6.43516 9.27751 0.00784162 5.82398
76.5128 9.40534 4.69619 2.43629 12.6533 3.08973 21.4264 19.7473 17.6322 12.6658 0.0349689 5.72499
-41.707 13.7587 17.189 6.26288 5.63479 26.4519 20.6541 32.4164 3.83644 15.509 0.0349689 7.71792
1.91334 8.45971 7.744 9.94392 8.97226 21.9457 4.57051 5.30875 15.7411 36.3929 0.289424 9.43604
-7.50087 15.8387 4.33039 3.0371 33.9376 12.8823 1.08114 20.6517 17.3926 21.7662 0.105267 8.68169
-2.57396 19.8544 3.33549 7.60327 25.186 12.8133 2.39225 14.4979 9.2065 18.8992 0.0766179 6.4715
26.1528 0.483193 22.402 0.0730985 1.60953 9.67019 1.62996 15.9138 14.2137 23.47 0.0388967 10.0033
25.6691 7.22952 0.912715 9.33092 15.0058 43.9665 11.8348 12.6153 17.8757 9.17195 0.000167624 5.66694
29.5889 3.27141 7.67068 18.6676 5.86163 21.2336 10.6096 10.1373 20.3568 17.3149 0.0139887 4.70975
34.1745 1.95687 14.3421 18.988 2.08915 19.7704 29.2027 18.5623 11.1444 32.7332 0.30224 12.6576
150.669 6.2462 11.8128 5.23173 9.46414 16.1234 13.4615 6.58408 2.48424 29.3697 0.0432436 7.88351
142.29 2.08073 8.38704 11.7004 10.1771 9.3125 16.633 14.8524 6.19882 16.89 0.0328214 5.98665
127.1 1.05305 3.21581 10.8562 22.4633 8.88203 3.91167 9.8638 35.635 18.6468 0.021808 7.22722
77.2367 1.79695 6.07555 8.9328 33.2528 1.96248 4.46042 7.75336 2.35833 6.27385 0.107378 6.10273
8.67196 1.24847 16.6313 11.1364 16.2114 22.3447 9.17758 13.7334 3.28238 17.5048 0.0939911 6.60379
25.557 6.46674 13.7192 13.3284 7.65033 12.4388 25.6842 5.31112 4.41195 8.35758 0.410788 8.66918
31.5267 7.63962 25.8229 15.1961 13.5554 6.86945 15.7305 24.6872 12.8922 6.28206 0.0955231 8.55183
4.9587 5.00629 30.3562 3.55156 1.14839 29.5003 13.4363 20.0465 13.37 9.24274 0.0828493 8.15501
-53.2269 22.8568 11.2277 1.60314 25.6698 31.5741 12.2598 4.75708 11.5343 10.8106 0.100038 8.43782
-54.2792 12.483 24.183 2.93638 19.9136 22.1242 10.1571 10.1873 13.762 18.4944 0.126154 7.96565
-65.9992 35.7844 13.1248 1.94006 11.4145 18.5634 10.364 9.62095 29.588 27.802 0.0636556 9.37799
33.9507 9.18411 1.72776 26.505 4.26125 32.1887 16.7433 4.07021 13.7186 29.8199 0.0345787 8.32313
-39.2447 17.1733 7.85107 15.5642 10.8624 28.5285 11.2249 9.03218 7.28775 7.29278 0.0572548 5.53195
-73.9845 46.5124 6.23965 15.5601 11.4586 2.46355 27.2468 4.84979 1.99318 9.34436 0.0921837 9.07315
-72.7005 30.7251 9.32344 12.4137 4.74736 13.0818 28.6945 19.5664 3.82034 1.11922 0.00358329 5.71782
56.9236 2.14673 8.34733 18.3173 8.43437 10.9661 9.68724 44.8427 9.40969 0.258673 0.0017211 6.05322
59.429 10.612 0.945981 4.20897 0.253511 6.05994 27.0401 38.999 14.3165 4.24928 0.0932807 9.8078
-10.6178 27.7337 11.9195 20.2564 6.5727 1.11055 12.5869 32.0299 2.66994 22.4077 0.0347667 8.81772
38.1455 11.9174 2.22886 23.1046 7.46795 11.8783 18.9234 22.4727 13.1711 12.1168 0.0315477 6.15938
19.8179 7.58054 15.1306 19.4779 18.7467 3.20349 12.6379 22.2881 11.1214 10.9229 0.0100505 5.00169
-42.1972 7.4732 25.0859 3.05978 10.0281 5.09534 26.5614 9.42305 13.1409 5.80735 0.160247 7.43519
-2.73457 6.58525 19.4141 26.5696 4.4621 18.2724 21.568 1.189 12.3171 10.7248 0.0099154 5.91511
25.7477 13.7202 19.0411 19.9149 24.1717 5.51185 9.5256 0.561205 12.6768 28.252 0.212252 11.5808
69.7237 34.1441 0.56084 5.74535 29.7204 23.3582 6.82975 7.83982 3.89266 12.1479 0.21551 14.5437
46.7261 7.66466 10.1772 10.0644 23.3196 4.3389 8.12344 7.28546 20.5345 9.20427 0.315463 8.03963
70.217 3.49106 15.2113 5.25081 21.8014 4.3389 4.9738 7.3273 9.89068 8.73265 0.315463 7.66111
167.194 5.41877 0.916729 8.3138 36.0071 0.350229 9.40219 4.97953 12.212 13.5363 0.0519501 9.96751
120.139 1.69853 6.23549 6.81413 8.65352 6.28919 24.0492 4.87804 19.6064 8.41851 0.032137 5.01218
-13.2502 8.20691 8.69642 14.72 16.6339 2.36379 43.2461 7.07595 14.0223 41.0734 0.0157522 8.48909
-58.8584 25.2765 10.6934 3.32644 43.9411 5.0856 0.573644 2.66641 12.3054 2.82253 0.000728357 5.68272
0.855167 3.62916 9.93527 4.3049 5.75875 32.2498 15.2366 26.6329 27.6217 3.66787 0.00511401 6.66113
17.2882 10.0017 14.1143 14.0625 23.4316 0.646395 10.5793 13.8894 35.3487 2.84221 0.00833207 6.36527
-18.6994 10.0017 15.9168 5.26027 27.8748 10.6842 9.16107 15.1536 9.30814 5.79367 0.0715663 5.4706
72.2523 9.6889 0.989698 11.089 5.96338 14.2789 19.7481 11.2122 21.2789 69.1907 0.00334945 9.16973
7.28375 4.27075 3.15039 16.8335 10.9604 11.9182 25.7072 13.4529 33.2464 21.9136 0.00556335 6.66281
18.6569 16.6022 1.0309 13.9723 8.1764 10.3969 14.3591 14.9502 9.25581 5.40582 0.0036199 3.36767
-11.9328 10.1086 12.4602 2.60105 18.0347 10.219 4.75786 18.9372 3.76686 7.26631 0.0368448 4.76742
25.0073 12.9417 19.8928 3.83455 7.70615 9.85171 10.2065 36.3437 9.76488 11.2379 0.19402 8.41858
76.2347 0.663856 22.9337 6.83994 12.9997 1.98714 13.1567 30.815 6.78927 15.0861 0.00838814 6.10234
46.6751 8.02255 9.09335 0.179512 12.5708 0.998572 12.543 0.102006 18.5356 30.6343 0.236304 12.3834
11.8082 5.04642 6.74142 30.7752 2.9633 8.26303 53.5084 4.76349 28.6494 19.7416 0.299217 14.6208
4.03696 0.363952 11.508 17.2917 4.89454 3.06562 41.1011 1.21013 8.29846 41.0802 0.213919 11.8015
-8.05302 3.56739 3.13695 19.6856 13.4532 13.477 17.9767 12.8661 7.87498 33.7583 0.125837 8.22997
31.8312 4.66221 10.4752 14.6266 11.7695 13.0075 8.84478 5.22867 21.7284 9.10256 0.0792366 5.0978
56.6906 6.1439 27.0833 18.8601 3.60847 13.9715 2.69487 6.73049 24.8713 8.91387 0.0557018 7.64952
63.0502 7.84013 10.071 12.8343 10.363 8.31574 2.29491 2.45344 25.2503 4.78991 0.0428704 4.99196
22.3925 17.255 2.78879 19.137 10.9354 5.00302 19.6664 9.3396 24.8975 19.8539 0.268895 9.45984
134.663 11.4764 6.97168 8.45861 1.3165 10.9767 20.9041 16.7211 15.0511 3.33206 0.131157 8.68009
88.0928 1.42732 3.6343 13.0069 2.23753 25.4916 37.1962 3.97795 20.7158 9.23947 0.138549 9.58431
57.8739 6.92578 4.17942 6.42889 6.85354 8.89863 48.1849 4.91304 15.0922 8.05033 0.0239998 6.01101
24.2578 16.3422 4.89322 7.38761 1.80321 4.16925 9.43173 4.94103 35.9525 9.50594 0.0512697 7.16864
0.407905 12.89 12.9321 10.1456 5.38592 3.37383 12.4307 9.56934 11.5167 12.3256 0.0284826 4.34537
24.2362 2.4181 4.35496 38.9403 5.74986 2.17 10.7731 5.89373 12.6331 9.67191 0.0585638 5.88741
-42.2508 19.3368 3.3744 45.9145 6.5076 2.56061 8.45418 9.52537 24.0491 14.534 0.0995743 8.92114
-69.5249 13.5616 14.8562 19.1034 8.04788 7.46563 3.21001 33.7302 4.70174 5.47359 0.0908413 7.12112
45.1066 0.735747 10.8943 23.0249 0.623426 10.3654 19.8034 36.3847 5.02452 6.04802 0.00364345 6.30939
-53.4925 4.76363 26.9903 8.61489 0.730067 7.14042 7.16493 32.4244 5.3286 5.90154 0.00388455 6.09602
57.9221 3.86138 26.2299 13.8112 9.93394 8.14262 3.07338 7.21458 0.943952 10.9584 0.000737194 3.61167
8.79414 2.94789 19.9296 6.84852 40.9353 7.00403 2.09827 7.54625 5.41549 2.26479 0.00714873 4.92153
-74.3207 3.32635 12.9022 0.700809 17.9386 23.035 5.52388 13.1008 27.27 8.99049 0.0154206 9.24603
35.7758 8.51446 5.7268 9.93861 7.69265 26.6377 9.08765 18.3606 19.0969 14.9301 0.31609 8.99713
-10.6389 6.21218 10.6295 3.90378 6.69788 13.8783 4.55995 17.1994 17.5532 1.35088 0.297949 9.24998
44.2553 22.0468 3.39153 2.47652 2.19858 11.4959 8.13095 16.8659 8.29957 1.38154 0.105064 6.77697
90.2603 5.53553 5.21444 4.63345 6.5208 29.0096 8.17586 17.1441 14.5173 6.94314 0.183694 7.18782
44.8268 12.6189 4.33553 23.8866 4.2312 24.1565 4.39301 1.23876 2.74014 8.05028 0.0706583 6.06487
18.8741 3.80914 19.1345 24.2079 14.0256 3.75287 1.81814 18.5679 12.4967 13.4491 0.075917 6.6757
-16.0272 11.9843 14.6148 3.72509 23.5081 4.01237 11.8983 9.27586 18.3549 24.7152 0.230259 8.60453
45.5032 3.63768 2.90583 11.8469 23.0843 0.613878 23.9848 1.46 24.3657 44.9458 0.0189265 9.01224
57.8412 3.50019 3.85665 16.262 26.9118 1.02527 3.34249 17.0862 5.07785 32.1256 0.0322289 6.772
-5.99031 7.13375 24.6417 24.169 23.2186 3.0735 8.05901 9.80082 5.01948 24.8549 0.186596 9.79029
41.0008 3.88682 10.8106 6.32847 39.9677 5.34819 2.04729 12.4103 25.0405 15.2872 0.162315 8.77193
-52.0122 33.9254 5.93045 19.3409 20.4839 15.0078 8.93891 10.0588 21.7106 26.7191 0.184381 11.1276
-24.6456 2.44871 4.91555 5.22454 24.365 17.1059 30.8079 13.4459 9.95592 18.1888 0.109802 8.89318
-55.3793 11.907 25.0152 8.39637 7.94484 21.459 9.14631 2.33661 20.0271 12.0583 0.0620082 6.37596
-63.1381 22.6884 29.1307 4.40652 9.51532 14.2919 1.82902 50.1561 22.1322 25.6342 0.0557321 11.9832
-58.4295 18.9551 16.2824 22.8767 39.7633 7.86409 4.38365 21.5293 29.0689 25.9845 0.0152345 12.284
-66.8757 10.744 9.88463 11.7153 27.114 7.82265 7.55842 14.228 3.88122 48.3373 0.064441 9.10986
-34.8836 2.29854 34.5312 15.2642 10.2418 8.07936 5.70384 9.69254 31.0648 6.50062 0.0166479 6.22344
39.4265 3.25058 4.36658 18.2894 30.5174 2.6497 12.9314 2.51729 30.4753 2.41335 0.0154803 5.98556
-14.1718 24.2441 7.68096 9.93275 8.43069 12.5175 7.01798 15.2411 16.094 22.7566 0.000221459 3.76526
47.1811 6.18333 7.5689 17.7595 9.15553 22.4235 23.3456 15.5914 9.70077 11.1263 0.00292206 4.81873
87.615 4.96654 10.7252 5.6397 2.95256 2.17719 6.96157 2.69461 21.4054 12.599 0.00789022 4.75904
5.24674 25.3972 9.27638 7.01982 6.79658 13.1258 9.62687 16.2002 3.59137 9.0182 0.010968 4.06538
-57.6746 17.8086 30.0549 6.99673 12.1606 14.8996 11.5957 18.8832 18.5032 9.68871 0.150875 8.57553
-44.4544 18.7592 23.108 4.39981 11.368 8.26761 8.56598 14.9033 39.1934 9.57436 0.0102673 6.25873
55.6897 9.19879 19.8993 9.31943 14.6345 9.29668 12.7502 10.1463 49.2038 13.9285 0.000395534 6.7879
4.81681 22.8178 16.0981 5.62768 3.74736 7.92912 16.5792 61.5667 3.89195 20.089 0.116724 12.1897
-27.8356 25.1744 18.738 0.991954 28.9364 2.36679 6.18067 7.7209 13.638 0.268721 0.159594 9.33942
-54.6012 11.1162 5.25063 10.7661 28.0638 14.7267 35.2155 8.37858 1.35362 10.2639 0.159164 9.26181
50.0948 1.56747 14.4719 13.6834 9.21929 0.755918 5.47668 10.4388 3.66895 3.54174 0.224117 7.3652
63.9106 0.412423 7.77593 2.10959 17.8722 4.27908 20.7001 33.224 6.3544 11.8298 0.490434 11.9743
17.224 14.2872 1.20463 3.84639 10.7645 14.1191 22.2301 26.9437 8.14532 8.38368 0.149571 7.80289
-18.1671 18.3341 6.29876 6.0812 12.7139 8.59524 20.3351 37.5691 8.32905 21.5132 0.0663985 7.95449
-71.9189 9.00921 7.12858 27.4629 46.8446 38.1743 0.793933 13.7738 6.14793 3.47759 0.0214516 13.6178
-23.3766 18.9002 15.4059 2.18191 26.3031 23.3824 1.61119 38.5271 17.7548 19.4613 0.0193734 10.0597
-36.2531 0.394431 8.27158 16.1176 23.3329 16.8328 4.98695 17.2234 14.9735 3.62715 0.00216208 5.65069
-40.0201 9.40068 14.653 8.34697 1.20788 31.6175 14.7584 8.83279 22.539 12.4399 0.00513973 5.73771
-51.4484 22.6638 12.883 7.03152 14.2257 14.659 14.8637 3.58729 23.4785 8.07141 0.00200589 4.11706
-68.4396 33.6562 16.1134 0.447095 2.27904 17.8535 17.5734 27.239 38.8002 12.495 0.00797981 10.063
-23.6829 16.0416 39.6484 3.42422 2.22099 7.91957 13.5239 16.7726 7.96388 12.6981 0.00476732 5.84165
45.2727 6.71694 20.5602 7.77698 3.15305 10.0715 15.4512 16.0301 16.4498 8.83301 0.0319305 4.82329
34.3276 4.6083 8.64257 4.84227 23.5368 7.25588 27.3181 12.7445 1.02227 3.78236 0.0931465 6.24608
16.4272 7.53857 34.2772 5.82199 10.4126 3.81306 9.78214 12.703 6.63978 7.58174 0.0104884 4.29521
89.9271 3.31367 26.061 6.95453 12.6732 8.49344 4.7738 13.0765 42.3111 28.0733 0.00576395 8.49129
-57.3646 9.67412 21.8697 11.7385 26.4556 3.67316 8.19827 12.5451 27.3894 37.7369 0.0911562 9.66234
-42.9863 9.64964 7.65924 9.42617 29.1206 4.58816 3.75409 29.225 29.8823 14.9623 0.0447613 8.2063
-42.9863 8.01225 20.8813 6.74695 26.2736 5.25943 18.961 52.6478 8.27836 3.3188 0.11218 10.9602
-43.662 39.6833 6.88419 9.11011 2.14257 6.96898 15.8439 13.9123 5.13461 0.433687 0.00325681 5.64076
-19.4461 21.4602 12.5204 0.558866 28.373 8.90886 1.10047 10.3856 12.8277 0.845415 0.0194865 6.34171
67.8137 8.99971 5.11363 17.8826 18.6454 5.56236 13.2995 7.31802 12.182 12.0027 0.00140887 3.17774
-10.5179 16.1757 8.96237 5.02806 21.1699 6.54018 17.8003 6.2812 31.7952 3.74186 0.00283158 4.47416
28.9701 14.212 22.0165 3.4389 9.36876 1.30439 20.122 1.01467 32.0578 51.9943 0.00628691 9.67062
46.3103 2.24181 17.3327 1.14987 9.62259 39.6001 1.65023 0.94219 10.979 44.4994 0.00263841 8.01208
49.7968 6.89533 14.8661 11.2387 1.02283 23.1924 15.8714 0.827928 3.45112 42.4111 0.00174508 6.41664
33.011 14.3715 5.85945 10.6262 8.60752 35.4375 6.70782 3.65423 16.447 16.7985 0.0307407 6.0178
3.14708 16.3772 9.43709 19.0141 10.9104 3.22163 14.9878 19.6577 0.435735 39.9411 0.0504617 8.33891
8.98403 14.9729 12.3608 11.7489 27.8828 3.50449 2.94248 27.2615 0.91948 69.839 0.0512311 11.9565
0.0496264 2.49499 6.90694 21.479 20.9762 4.13546 19.1885 7.27837 7.95832 39.6634 0.0245959 6.96742
31.6901 10.0359 5.61079 22.9006 18.4976 0.145223 25.6996 11.2782 10.1369 3.13771 0.0387753 7.06792
62.5932 10.5946 6.00376 18.8019 4.76208 2.1542 7.03352 5.30171 53.603 19.4301 0.239026 10.7249
64.4945 4.76869 12.342 11.8609 8.31592 6.64031 7.04356 4.59903 29.5317 28.5728 0.479953 11.0697
37.6581 7.59028 9.93763 12.9978 3.03527 4.99076 21.6848 1.83906 5.69147 30.3528 0.355732 9.51442
-7.77391 21.8203 14.55 21.1444 3.34268 6.16344 24.5077 10.0158 21.7146 14.5656 0.335895 10.8347
-73.8853 23.1068 4.44494 9.79068 7.50434 28.9093 14.5739 7.76909 12.7703 7.81073 0.262532 9.07667
-15.8762 6.57188 23.2756 6.26317 4.49145 21.8878 32.7645 11.915 31.7709 6.84895 0.356483 12.1701
28.5063 2.31532 15.3595 13.9372 2.84 13.9509 33.3396 16.9157 30.5144 9.84631 0.631441 15.5725
22.9091 4.03633 1.83437 19.3604 16.3911 3.17613 31.1688 13.3873 2.83926 5.82628 0.281711 8.63027
32.3191 8.59024 9.18939 16.9772 17.2294 3.64725 15.3814 7.44984 9.47788 24.0131 0.0339277 5.0892
-63.4919 18.5351 1.28122 7.42203 3.68892 48.7939 0.824982 6.11422 7.44535 30.2229 0.0128526 8.93339
-25.2555 19.3865 3.97061 0.519969 18.2194 34.7711 10.9391 8.60946 23.6187 36.5618 0.00287708 8.40225
-46.7317 19.5567 14.4979 1.6385 18.6644 6.67743 13.3715 17.3781 19.303 6.86394 0.0130542 5.21799
-14.9434 6.15282 11.8973 15.693 16.2717 14.9943 21.9489 9.02049 33.8526 44.8627 0.00851981 8.6955
10.1523 10.8846 11.0714 7.58103 5.23617 2.65321 31.8797 18.8233 16.4332 8.10194 0.0363492 5.85344
4.63371 5.58392 4.11324 26.2689 5.61488 28.2495 19.8699 2.51099 0.311722 11.7485 0.00261435 5.40944
-54.8764 7.39775 12.4495 6.09821 31.1398 11.373 20.1441 3.35803 1.26026 10.3086 0.00302849 4.89565
-68.4919 13.6224 4.92942 1.7448 29.8452 22.5612 9.83618 10.802 7.44471 4.636 0.00570823 5.54966
-57.8977 17.9162 4.66224 4.70958 17.9072 21.035 12.037 1.28644 5.49891 9.1853 0.0202297 5.48615
-8.61706 22.525 0.698713 11.9409 20.8122 6.89523 3.15097 25.509 49.8315 23.9357 0.0621202 11.1214
-25.4794 16.9595 2.57804 11.0467 20.4277 11.057 5.06724 30.405 37.5385 40.7118 0.220354 13.0535
-15.0148 19.6585 8.38529 9.57182 7.18845 13.1857 10.9724 24.7568 54.8261 15.4087 0.26103 12.1902
19.9324 9.70834 23.6597 24.367 1.54796 17.2685 10.2455 11.4526 23.6976 21.3197 0.261759 11.6789
31.9667 10.1938 15.5971 16.858 6.22512 5.36031 8.04825 9.22737 18.2097 0.449397 0.157786 6.92691
18.8338 7.87638 16.8958 10.7341 2.23215 12.4078 16.7491 19.3708 13.8712 2.42919 0.250537 7.74796
60.5566 9.96529 27.9992 2.32467 1.52047 7.54165 17.7529 23.3136 12.5795 9.4041 0.00393268 5.88879
60.5566 10.8042 23.6353 9.81991 1.23212 3.43016 27.4048 23.3136 6.09048 11.559 0.0154428 7.19886
12.8487 6.32608 19.332 4.42219 12.1638 7.93063 18.99 13.909 9.53668 34.4953 0.0154428 5.64252
2.78905 2.5193 26.4186 16.9505 14.7266 10.0725 9.93009 3.69657 11.9141 27.0172 0.0954916 7.43704
0.435679 5.49864 29.9482 13.7223 14.7266 5.95988 43.4811 11.2304 11.9141 1.3538 0.0954916 10.867
-11.1237 1.05434 29.9482 5.22893 3.29989 16.7649 23.3182 11.9946 21.3972 17.8912 0.0906716 8.37826
15.4854 15.7121 5.10033 9.21142 7.51862 3.59015 27.3804 7.26033 8.06396 7.34975 0.294785 7.76044
50.916 2.25788 11.1476 25.1589 10.8995 17.4798 7.2714 9.18784 12.9903 22.7361 0.172636 8.16751
-14.1454 6.85918 3.92028 34.2941 6.44132 13.1935 10.1025 26.9345 10.8644 27.071 0.0668962 7.98977
75.8408 13.0695 2.10801 18.2407 6.05143 17.9942 6.40642 0.944843 9.80163 5.73926 0.0810949 5.99983
66.4496 1.97702 7.29149 16.0753 4.03953 37.3 12.9725 0.659202 8.79045 15.7764 0.247447 9.58797
85.5641 4.11483 1.73436 10.1296 21.8742 21.9995 6.38721 10.3928 7.79831 9.14521 0.233087 7.69522
17.3587 6.35017 3.15956 11.989 24.14 16.5387 23.9542 13.5589 15.0456 20.9095 0.217579 9.48302
66.7437 3.96502 7.65895 9.65867 42.2724 1.2762 3.21867 16.1074 6.91501 0.689739 0.00138628 5.19516
53.7968 4.4819 18.7914 11.1347 34.983 11.6794 2.90311 16.3876 8.74632 4.6263 0.00138628 5.80895
31.6792 8.57916 10.5526 18.5578 6.38115 20.5967 2.86737 1.28954 3.00163 25.6288 0.00372687 4.42311
-9.48075 9.30752 14.6504 16.8008 14.4746 14.8229 3.74291 10.665 2.50438 30.8716 0.0317131 5.75794
49.8878 0.975419 29.4471 4.2318 5.0539 6.79278 16.4233 2.61933 3.5405 10.5747 0.00649522 4.20663
29.4084 4.99377 18.7617 3.58226 15.0796 7.7472 13.9538 9.34083 39.7396 9.22465 0.00401943 4.99459
58.1813 2.20722 18.0796 3.58226 23.2491 1.34146 16.2376 7.02306 4.5891 21.7293 0.0553314 6.18056
61.3351 15.9954 28.578 8.17703 5.69515 1.08599 9.15905 6.80623 2.17348 41.4818 0.164947 11.3316
18.657 16.9865 12.9716 1.48987 29.9553 22.558 4.14936 2.98332 52.1779 9.39044 0.0642832 10.9949
-70.3466 13.9885 11.8189 5.35909 19.5906 23.7813 13.9178 3.49264 14.8302 6.09764 0.0431601 6.08535
3.01885 21.4358 14.4172 7.6277 19.6124 11.8922 29.1817 1.06111 73.216 9.39954 0.163123 15.9665
26.8412 19.662 4.41286 13.6742 13.2634 8.15174 39.3496 13.1522 46.2588 6.22409 0.128753 12.6377
56.9658 12.4679 7.80397 9.55163 9.80082 12.2842 4.61287 12.8015 11.1135 9.48846 0.0580044 4.41931
39.9959 18.9841 12.7146 7.84124 2.52069 23.6541 5.29142 17.4376 0.710887 12.7616 0.106091 7.49182
143.69 14.7485 8.39744 1.28071 8.74563 9.36533 12.1539 6.92523 28.5488 45.2608 0.113221 12.1092
-7.65011 15.6863 7.45247 10.2288 1.18515 5.87683 8.67988 7.06837 2.0936 77.5127 0.0509115 11.662
-39.0261 6.72314 15.242 7.26968 11.8458 16.1622 6.33922 18.2918 9.57886 34.6993 0.174334 8.89795
47.5518 3.51935 21.0288 0.212251 26.8906 18.8127 4.76316 1.98191 19.3859 20.0809 0.126809 9.51456
53.4307 0.334073 34.0227 7.25701 4.65053 9.59968 3.73115 3.70737 23.7055 26.9391 0.0233108 7.76837
78.2245 1.17824 1.68325 4.36037 3.91224 29.4854 2.25609 17.0141 21.3018 34.088 0.00859039 7.58932
44.898 8.09137 8.38927 13.7861 17.2233 13.662 3.82578 7.67241 12.9353 20.995 0.0207359 4.40662
86.0543 2.75507 8.25984 26.7308 3.11928 14.333 3.82578 15.0055 7.46988 16.19 0.0415373 5.65451
72.723 1.86963 10.2785 24.5692 5.59107 9.36346 3.80892 11.4705 8.41203 12.9363 0.0745017 5.36889
78.4113 7.10554 5.45619 2.35447 3.40284 12.2053 3.32239 9.14561 18.7635 11.0546 0.10267 6.42165
-32.1918 12.5669 8.69006 4.68343 7.91101 17.6225 28.266 34.7722 17.4797 17.1827 0.0635231 9.08854
18.5034 9.19785 14.1152 28.9675 8.23853 1.27922 5.63545 6.49459 4.00199 17.0663 0.0307029 5.32399
25.527 3.05299 24.7477 17.2463 16.818 2.25704 11.8964 5.14768 39.9637 10.9979 0.0889201 8.70968
52.6576 4.27997 6.98024 12.5488 18.3459 7.59676 18.4324 5.7048 43.7407 5.90656 0.0577623 7.01021
8.38783 2.33615 1.13125 10.7805 22.67 8.61667 24.6346 9.68074 18.0753 14.0425 0.197096 8.67385
-28.1845 11.1428 20.8372 12.2401 40.2608 14.1907 28.9422 6.55634 15.3595 17.8219 0.269328 15.2974
25.1462 4.37771 14.1142 3.62186 20.3333 20.5137 17.9398 12.0297 13.5437 34.6314 0.264479 10.387
58.5233 3.06129 5.51331 14.6235 1.20332 8.67538 8.72077 11.7609 35.2548 18.6664 0.224139 9.10702
24.6007 12.1254 15.8784 9.92722 22.7265 2.66579 10.6247 1.58706 11.122 14.2625 0.149133 7.00328
31.2143 19.9589 28.1138 6.62203 22.0248 29.337 4.75671 14.4934 13.6881 7.65469 0.14734 14.8787
-23.2028 16.1982 4.77542 2.66052 2.98694 39.0534 5.48678 23.3655 4.7624 7.55442 0.103602 7.7688
1.84768 9.31142 5.43553 21.497 11.0747 13.9368 0.510943 31.0959 5.59934 9.33606 0.0609109 6.52351
-43.6088 16.113 20.6506 9.08993 15.7612 11.2998 11.0999 15.9031 3.42279 9.2108 0.00104108 3.1718
91.0304 6.82394 1.45428 8.82568 22.955 6.65935 8.57854 15.5317 3.448 8.3567 0.00945857 3.71555
35.9743 33.6176 7.34561 1.56965 20.699 4.4727 6.30054 11.3638 12.5988 21.0115 0.0833835 9.07155
-67.5828 23.7597 5.49247 18.0352 34.6001 11.6963 11.8789 5.43137 55.1765 29.5551 0.505192 18.7553
-62.2342 36.7212 5.58594 16.8806 26.4282 4.86593 14.5116 20.5581 10.0365 11.671 0.0811435 9.32791
-72.7227 6.81901 19.0771 10.7003 12.8945 17.9872 2.57535 33.8159 17.8303 9.22798 0.161879 9.29082
-55.7229 5.42488 41.5792 6.12649 15.4076 7.27467 6.17497 5.49125 13.3669 17.3559 0.206967 8.62481
-12.5094 8.48216 27.2346 4.20892 24.0587 6.76618 12.8283 26.4834 6.17716 13.8791 0.249574 9.50004
-45.4407 7.90119 32.2023 13.4525 15.1978 24.5554 9.86077 8.87931 23.6019 17.5475 0.119196 9.80926
0.804392 6.8772 19.6047 7.96278 9.06847 4.74957 12.124 2.29279 14.2339 24.9883 0.0883081 6.56862
57.4595 18.23 6.93867 6.91813 21.3805 35.3927 11.7249 1.09957 26.7486 17.2394 0.0320816 11.0331
-62.7224 16.0444 40.5092 16.7369 18.8054 18.8429 4.72034 6.81615 23.6258 10.2021 0.239775 13.1761
53.9715 23.6857 4.89788 24.706 8.31231 19.1737 5.56327 20.2892 26.3057 4.92987 0.0889335 11.2902
148.092 3.49937 10.5222 7.90082 9.40286 13.4944 8.16754 8.79596 27.3586 3.3613 0.312689 10.1708
84.5683 3.2239 0.835142 15.7835 9.37891 3.61801 6.05989 41.6774 35.0735 11.3432 0.0254186 8.42552
83.4959 10.0332 15.119 4.5181 8.43163 5.98656 3.57931 33.3086 12.4957 27.446 0.00117953 5.56146
99.3259 3.67225 5.1769 21.9476 13.974 17.2319 13.4585 26.8852 5.7155 4.47983 0.0525094 7.91003
-0.710419 13.3572 12.545 0.547446 6.24848 20.3238 15.3447 18.4263 13.783 3.60969 0.000764804 4.0462
58.9119 9.39445 16.2806 7.96501 13.6356 17.7642 9.67797 14.0676 2.80176 13.9959 0.0144146 4.6735
-27.3381 24.6388 1.95321 10.0212 22.7043 20.2766 16.682 3.56177 8.47549 3.54341 0.015553 5.44177
-66.3098 0.823226 13.8002 36.9678 15.9114 0.831486 18.2828 13.2913 18.3799 21.7483 0.056779 9.8403
-54.0877 2.16548 30.7621 2.31919 1.20142 0.290862 20.2085 6.58336 11.8504 14.9191 0.00127267 8.30424
-51.5981 6.23525 41.1446 12.3123 12.7463 0.760165 19.5039 10.5717 5.81134 25.2822 0.109327 9.29722
29.7569 2.14123 4.13442 21.7518 12.3062 8.06952 5.00498 15.2708 5.77682 38.7052 0.174378 8.44612
-47.5023 9.62161 1.12544 31.7306 26.4003 0.812965 33.0342 1.98138 23.0795 1.83221 0.0416749 9.83447
-37.5574 13.6657 14.4826 8.76616 31.0425 5.15887 25.7782 24.6436 2.25135 8.50106 0.00905869 6.64829
-30.3285 18.9091 15.3116 2.24854 23.5877 11.4859 21.8684 21.7752 2.50252 3.76426 0.134368 8.16944
-68.8671 4.45192 17.1846 13.8393 23.8757 13.967 8.77761 17.7309 15.4915 5.43068 0.159716 8.02482
32.1629 4.51033 3.19521 12.6534 22.5868 23.0705 15.0557 6.80617 23.9626 14.0105 0.0135953 5.76284
92.0222 8.58964 12.6268 6.48972 3.56985 12.7769 14.2589 20.9837 6.65202 37.7301 0.00017127 5.04734
14.9514 6.1659 10.0477 23.3555 9.19265 28.0137 5.73142 11.6534 1.29919 2.27938 0.0595835 5.93402
33.6855 7.02365 17.1011 11.2209 13.8027 21.8069 6.54344 10.7079 20.8643 10.2977 0.00190355 3.99721
17.1433 1.62417 6.41969 8.17154 19.0823 5.31117 6.51132 23.7896 5.0306 12.835 0.053445 5.87004
112.888 1.21857 0.667407 10.4486 8.92177 12.3802 16.1411 9.18676 5.33206 1.78601 0.136748 6.50174
138.242 3.18684 7.60773 19.9521 6.25979 8.56287 17.9466 3.40814 7.33109 9.6481 0.12639 7.39254
-10.7809 17.5222 5.57006 26.8381 4.05607 14.5012 13.5904 35.861 12.794 3.16091 0.0129207 6.84381
-20.3908 1.85129 25.2234 31.7196 16.2187 4.00375 30.4486 0.706723 21.3437 9.127 0.00732958 9.03422
15.502 6.38317 5.4148 3.87635 37.4181 12.4718 31.1984 11.3016 6.59121 3.93008 0.1289 8.56666
-59.6255 14.0354 7.22575 5.94925 28.5935 6.88395 29.4955 2.93759 38.8001 25.2263 0.114925 10.892
83.6148 10.7981 1.49684 4.18655 9.61347 36.2254 14.555 9.41054 9.78893 15.03 0.122625 8.11421
109.346 0.681577 2.93642 6.56194 23.8767 9.51288 24.927 5.02507 25.8196 22.5372 0.0183316 7.43488
69.8517 0.681577 27.7417 19.0695 8.85592 8.0873 5.32336 33.2996 13.3336 15.9296 0.0164907 8.78765
80.2309 1.34514 14.9324 15.3462 10.5105 2.76699 3.27217 8.66995 8.38389 6.43708 0.0136532 3.70825
-4.32181 10.3914 6.22823 29.2658 4.55419 33.5054 9.46021 15.8012 8.72495 23.2805 0.0079674 6.80408
-44.4734 5.86358 6.48713 4.34238 23.5674 47.5242 3.72886 18.4454 9.3296 16.5808 0.00819016 7.86162
78.6078 14.1521 3.91794 6.41143 5.34282 36.6812 2.77989 16.0662 10.6649 30.915 0.0334542 7.94155
29.277 10.24 1.40101 7.15228 24.6767 21.279 7.91746 19.7536 8.6787 7.86666 0.125538 6.96926
-19.9454 15.2351 21.0777 6.77883 8.6498 7.79522 7.14964 12.777 3.14349 12.8293 0.126628 5.99963
41.7351 8.94413 25.0759 5.11731 12.5571 11.4382 7.75707 1.60659 32.2158 25.0872 0.00245576 6.11029
29.7148 12.28 13.8551 6.15118 9.03989 22.5159 1.3266 9.61265 23.0621 21.0682 0.119728 7.53644
-15.0666 17.3434 5.40118 16.489 29.158 7.68131 0.668702 21.3516 2.282 3.07719 0.00746589 5.34279
-70.2932 17.2134 21.1667 10.2194 12.3259 23.0009 23.3963 26.388 8.85358 12.4494 0.015189 7.79245
-64.4008 17.4535 2.94402 14.2265 5.01716 22.8329 39.599 19.6395 1.31392 46.7584 0.0489837 11.7728
-2.27728 12.5554 13.9609 11.0191 2.17033 9.53313 15.1715 14.9108 17.8662 16.8353 0.184564 7.51852
-37.2997 13.0486 22.508 5.23888 4.36646 16.3418 19.3168 5.83481 22.3556 74.8722 0.13938 12.803
2.02903 6.49046 15.414 2.85961 12.1816 19.4757 25.5618 19.5515 8.80109 13.6785 0.189552 8.24409
-7.32286 6.18465 1.37429 1.71275 27.8557 10.5714 8.62778 21.0422 3.24782 24.4059 0.300043 10.4161
-38.9373 10.9452 12.5131 5.52706 10.0446 35.8514 36.228 2.63022 8.41951 29.5194 0.0729861 10.0043
6.44152 1.26119 10.7031 7.58207 5.03659 24.1275 36.2904 6.76702 10.8121 16.9875 0.003809 5.82708
60.2346 5.27349 10.3739 16.8217 9.21585 17.2285 15.7726 24.6985 20.5314 5.58557 0.0073489 5.59342
40.8067 6.57733 17.8936 17.3508 2.05625 5.23771 17.8243 11.0601 21.5259 2.54518 0.00159408 3.8207
21.7945 14.7153 13.1585 23.1052 18.99 3.30509 22.2808 5.28404 4.31481 7.76905 0.0381778 6.80287
10.061 9.95566 19.3694 15.7081 7.31975 5.8333 2.15274 22.7647 12.3188 21.871 0.121349 7.27888
4.06825 20.4948 3.62349 11.3092 13.67 24.0189 13.7739 22.8173 11.9512 19.5485 0.251112 10.0861
82.6099 14.8327 5.23292 4.35804 27.9873 3.56067 6.84015 5.49013 13.7249 27.0653 0.221138 9.11354
47.1239 16.2475 2.974 3.78993 7.30921 3.74647 14.9381 9.6424 19.0554 44.5486 0.21822 10.199
5.52038 7.17736 47.3457 3.78035 8.58636 8.8569 0.930475 2.42384 26.3474 0.62321 0.0233621 8.68445
29.0036 15.4845 4.08805 3.9042 24.1675 11.2383 4.20083 7.63671 2.60182 6.36358 0.00965405 3.46945
-31.2955 19.7409 4.31551 3.59198 23.9035 14.018 13.2559 29.0959 9.16791 18.5158 0.00742699 6.00198
-74.032 33.4965 2.61438 1.21727 29.7543 14.7789 11.7218 2.2793 21.4442 19.0991 0.0158856 7.74603
-69.3888 30.923 5.15494 1.21727 8.0639 15.4575 19.1136 20.3024 4.59069 25.821 0.0349252 7.81101
-56.4124 30.9226 3.05281 15.8873 12.5492 0.406013 32.3954 35.8697 2.63919 4.5329 0.0161519 9.15923
87.8188 0.94181 4.24981 3.44342 0.419617 6.17983 14.3484 17.12 17.7797 1.056 0.0516552 7.66814
78.7581 1.49281 23.5305 1.53208 9.19505 7.21998 9.76149 5.02494 20.9634 0.926971 0.00640924 4.69533
13.9913 3.8508 10.7384 3.91815 11.1992 30.4359 13.2806 10.3332 4.98575 2.17204 0.00246647 3.42381
61.4297 15.4275 15.5421 7.61434 22.1564 27.6224 18.7854 4.43695 9.64799 0.288189 0.0778848 11.8903
-45.7884 5.71822 32.6784 5.32483 7.75657 10.5276 21.6625 4.06431 17.4397 2.49466 0.0245832 5.5579
-34.9885 13.0089 32.8062 8.33842 2.61616 8.14254 18.1154 7.11555 7.66409 6.27136 0.369669 9.22061
-24.4005 13.7559 3.49109 28.2038 10.6349 15.4011 19.2697 4.63227 18.1695 9.7314 0.186153 8.05027
-60.7755 13.6999 3.85131 38.9754 2.31234 10.6406 9.20159 15.9532 53.3065 15.1491 0.000795141 8.33411
22.0314 17.8292 0.699715 27.4036 15.7514 10.0464 7.04182 11.592 71.4708 3.83619 0.000795141 10.1438
60.1624 8.48755 8.25566 20.1869 17.3806 12.1743 15.5903 14.8072 2.79135 16.27 0.102258 7.50228
-17.1524 36.5033 6.09194 12.3323 0.453589 5.41163 22.9336 14.983 5.42913 11.5401 0.137897 8.93462
33.7341 13.9328 6.93262 22.0101 9.5363 6.86491 30.6643 2.05854 3.88856 13.6353 0.00312031 4.75501
62.0768 0.504226 17.5024 13.383 10.2722 3.48342 10.5525 6.56097 12.6028 17.7058 0.00139255 3.65438
42.5996 8.78592 27.5112 9.92261 8.1395 3.88145 23.5238 18.1548 9.63777 29.8297 0.0174726 7.69337
66.1412 4.71123 5.38299 18.0958 5.1683 11.0518 2.74653 33.9173 27.4207 7.13355 0.00865699 5.63514
-3.21248 6.71106 5.03083 14.9569 26.46 9.27231 16.1351 14.5342 18.3066 1.83885 0.0141629 5.00633
-1.19985 5.07688 12.303 35.6819 7.51575 0.31865 23.9276 16.651 7.89498 18.3677 0.0222185 7.45326
-21.3527 8.72474 3.97476 10.0026 9.85801 22.8032 25.6384 18.9789 20.8376 6.84363 0.0212481 6.4834
-35.8738 11.2097 26.1548 14.8187 5.1645 14.4846 26.386 13.8529 18.9213 12.2284 0.189602 9.39439
-69.9085 0.760984 19.6638 2.89803 12.5892 41.2632 18.3385 11.3727 11.1038 7.42614 0.199754 10.859
24.7556 12.1323 20.2017 1.52421 1.97514 35.7684 9.76586 11.9223 1.01665 28.6857 0.215571 10.4648
-58.602 26.7688 13.8553 7.37899 5.31876 22.8902 10.7981 17.7607 36.195 25.8809 0.0364548 8.99488
-3.51595 15.2447 30.4222 12.318 4.40625 17.9298 10.9784 23.8299 50.4655 11.0048 0.0675619 12.6223
107.83 1.72876 4.92721 2.3407 24.784 8.44739 8.94594 6.89254 6.33383 4.51123 0.0117116 3.58319
41.9736 5.13823 5.67885 15.1363 13.8721 19.1709 4.97728 2.42609 13.2205 25.8356 0.031011 5.24612
-39.2773 2.44159 6.43504 18.3896 16.0172 22.3082 11.9746 22.5955 6.85664 11.9192 0.00721817 5.67283
-69.388 25.8998 14.8338 10.2039 18.8642 16.7486 6.78158 35.47 5.41155 21.9326 0.0205127 8.00314
-24.8011 13.6022 16.4226 7.09818 19.2546 20.0688 19.7382 1.98042 3.01132 23.1705 0.0390841 6.53385
-20.0081 12.2972 17.6867 8.24183 24.3317 2.70883 0.279935 5.83219 3.52102 9.79602 0.0563171 6.30044
55.7493 7.38329 17.8075 6.28046 1.6762 16.7026 19.7876 5.13826 51.4207 16.648 0.0671707 9.31867
-52.4713 2.89441 18.4336 6.10634 21.7366 35.715 16.2607 7.63506 16.111 17.6118 0.0263566 8.08607
-41.0983 2.7721 17.0737 3.06035 20.4118 22.4562 4.97367 8.27956 15.7246 24.8278 0.0589877 7.72929
-48.4797 23.1251 7.43043 2.6736 8.76913 19.5058 53.5375 5.49712 5.25808 8.74411 0.0408366 8.61856
50.0323 4.69597 4.04818 2.46817 16.096 20.1206 18.0618 64.4434 14.7505 7.97398 0.0101378 10.4689
-69.4158 7.348 23.5302 2.41993 7.70777 2.27307 14.1922 6.01041 7.651 11.2364 0.0196987 7.20432
7.43608 7.95619 13.4139 2.50806 3.9658 13.1469 30.6006 26.7709 21.6447 28.3689 0.0533367 9.02926
-60.8156 12.9041 19.3639 2.82735 18.3507 0.881221 35.3224 29.6035 29.1844 31.1755 0.0138898 11.1393
-53.8129 2.58739 27.5577 2.74223 7.91236 41.2954 8.61873 30.3784 20.5202 2.36541 0.00701165 8.73412
-63.6382 23.5644 40.7246 14.5308 4.75702 38.895 21.3287 10.587 9.6693 7.38111 0.00391817 14.6931
60.7552 22.9715 17.403 2.8773 3.7964 14.8863 7.6228 32.2019 6.44426 13.4767 0.00431136 7.45901
21.2935 12.0352 9.92005 8.00636 4.93912 25.5455 2.9233 7.39861 1.98073 9.95567 0.00397108 3.14132
38.8409 14.4658 9.26424 2.94546 17.081 16.1397 12.0386 27.5427 3.03621 8.05674 0.00384365 4.49353
-38.321 8.77349 9.39042 34.3428 0.628108 13.3684 18.6195 24.0861 14.2583 17.2995 0.000465018 6.14307
-47.3402 8.23817 19.4664 6.16444 2.51453 10.0973 16.2636 7.86569 17.5642 13.8383 0.00770355 5.48087
-54.958 4.04013 14.8572 6.67464 14.348 21.4761 13.9974 8.97003 21.9197 27.0301 0.0668762 8.41342
-9.6403 15.1369 17.9946 8.98182 20.2749 4.61594 13.3091 8.16703 5.28837 39.7758 0.321784 10.2507
29.1475 10.1792 9.84844 12.6263 12.7457 7.84913 3.82977 39.2502 4.6469 25.0274 0.240678 9.26426
53.4347 4.53051 16.9863 6.29233 1.37656 6.21617 18.0126 30.8453 67.3394 24.3585 0.0123947 11.4905
54.354 4.53977 10.5488 4.64546 5.63366 5.74 8.8508 35.6274 25.6322 23.5646 0.0540685 7.73768
-69.0192 18.4724 10.2903 18.6986 21.9346 3.94159 6.9311 18.6881 0.788003 30.3168 0.129058 8.97244
-5.45929 8.68287 11.1768 37.8562 0.699788 3.28602 6.95813 38.0944 0.788003 16.6466 0.10536 9.81137
-70.2387 33.5336 4.12489 3.00602 26.342 6.40356 3.50695 2.67147 9.25358 10.2793 0.13188 8.01175
-56.4722 15.0519 4.48208 2.39927 40.4772 4.46311 18.4952 18.1048 17.6703 16.1815 0.0439078 8.2173
-70.7608 1.54673 39.9538 2.73036 12.7809 10.39 28.4911 0.796466 17.6703 12.8674 0.0159487 8.06248
-15.242 3.17758 25.2535 2.25651 14.5181 2.73542 12.6184 15.0177 7.35205 15.097 0.042456 5.90346
-37.0371 4.47562 23.9505 3.22781 20.268 4.11016 12.9656 12.9566 3.88391 2.08444 0.00750763 4.41841
35.4411 7.01218 15.1796 5.11542 13.1528 3.89111 37.3519 7.4889 7.54656 2.3724 0.0277389 5.07523
-27.3608 33.0045 3.65744 5.59191 14.0141 7.67511 10.8457 6.82328 16.2147 7.80317 0.160308 7.29349
42.2993 29.4859 0.127465 8.38603 6.51574 8.24102 18.0371 4.2305 1.74032 17.8257 0.0391775 7.87055
20.991 18.1998 2.02801 16.3171 2.10496 33.3088 16.5669 3.85702 8.72985 30.3803 0.0807361 8.71033
-26.7487 11.7582 3.49522 26.7758 1.19474 27.1852 26.894 3.70138 29.1164 55.0089 0.168802 14.2071
-6.89891 7.18055 36.6697 25.7242 1.77881 7.00832 20.5247 2.20286 6.04399 26.56 0.0324931 9.27462
16.4565 34.5494 14.0652 18.2771 1.5595 11.2491 12.3823 12.1751 14.6385 24.4037 0.00205502 9.46769
16.4233 6.63421 16.9176 23.0637 2.12909 6.11011 11.6471 16.1279 21.1142 4.46157 0.0106338 4.58898
6.10891 17.7005 2.49837 12.1903 18.4517 8.29611 17.8959 3.69508 14.6274 2.01378 0.0106338 4.14199
1.35597 18.5071 2.3723 14.9278 17.9117 10.8589 34.9282 6.60753 13.1467 3.60472 0.00259896 5.40717
-61.7376 32.4556 6.4086 12.3118 18.8341 16.281 13.9905 6.9025 3.68561 23.5172 0.00812455 5.95686
88.0409 2.79575 5.17129 8.05084 20.3448 17.0099 16.1657 22.6662 7.8707 3.25057 0.0687127 6.44902
33.6135 11.4363 19.9058 8.50845 13.4793 12.0022 28.2822 10.3279 4.80744 5.92225 0.0570111 6.685
31.6245 13.1886 7.77088 2.74152 8.95251 24.9783 0.512635 11.4289 8.21699 9.17737 0.109123 6.44555
-8.53054 1.3615 17.4545 8.38964 5.5268 5.36647 22.6213 1.67878 9.04142 12.5601 0.0310884 6.05727
29.6551 3.25263 28.2453 18.8036 5.0776 21.8227 17.3904 3.29844 7.94116 14.4437 0.0394934 7.381
23.7286 3.33797 10.763 3.16258 25.321 14.2699 4.68571 1.17251 2.51461 27.844 0.00126045 4.68302
163.31 4.95694 11.9218 2.3449 6.39091 6.99771 25.0847 10.7897 14.1539 5.69846 0.0419623 7.18137
20.6111 20.4385 8.57502 21.6035 14.3173 21.8546 7.69765 10.3515 5.53859 17.5127 0.0302464 7.45749
-74.3378 33.9191 16.3066 9.78685 7.86553 11.8631 7.86108 25.955 21.2992 9.12353 0.100806 8.40571
21.0781 3.2632 11.2453 12.2373 9.55426 23.8521 8.3372 27.1202 12.4323 6.16862 0.00902538 4.52216
-15.7969 20.307 12.0022 7.27415 8.30082 31.9742 3.46439 28.9316 17.8253 9.8092 0.0292029 7.37611
-45.7455 14.6933 4.69941 7.05494 22.0272 12.3143 1.43918 26.5077 19.6005 16.7987 0.00943049 6.47587
-34.5261 12.4207 3.07732 11.7131 26.8721 14.1088 4.73168 11.7648 26.1017 22.254 0.0145396 6.45617
90.3554 2.42683 0.790239 9.64375 29.1884 3.88643 17.0869 2.83492 4.88326 9.79788 0.0144681 4.7838
91.6026 12.2624 0.169578 5.38977 19.3049 2.08002 17.9622 3.88116 11.979 11.2407 0.0146375 5.76641
-36.0024 20.9107 0.91799 24.895 3.44407 8.27064 23.541 13.8774 5.55577 0.382947 0.0178312 6.29348
17.4467 4.55906 4.94281 37.3585 4.42957 13.7468 14.6438 3.46284 17.9758 6.40075 0.00485123 4.49862
-16.967 21.4809 3.29471 32.2917 1.19597 21.8744 6.19788 9.10672 5.56326 4.29136 0.025152 5.98355
-14.9705 15.49 4.02528 15.9953 8.10668 21.3371 24.7435 11.894 32.4348 35.4796 0.00135092 7.73403
32.2395 19.6122 3.92459 19.8277 3.60358 12.6514 15.9241 18.8199 7.77927 33.6781 0.0108198 6.7306
-2.62531 15.1435 15.5029 10.797 6.04749 4.18516 21.3711 5.97902 6.4297 22.9725 0.0922624 6.23696
-55.6108 26.3152 6.24412 14.1501 11.8594 17.5532 13.8672 5.5133 22.8387 24.5199 0.0207875 6.53807
-36.9736 23.0913 1.34836 29.0367 4.03646 21.595 2.317 1.00856 5.90063 11.7032 0.0246396 6.38975
-8.10542 23.0913 1.51206 11.5854 20.4145 20.2709 7.63753 4.67012 28.0329 22.7954 0.0595672 8.17621
-62.3471 19.747 7.61463 13.6333 36.2601 5.05221 6.49164 1.82984 31.6017 26.7756 0.036775 8.66395
-42.4473 19.5732 17.3154 1.765 25.1003 2.41775 15.6689 44.6096 17.6422 15.6737 0.0146354 9.15908
63.3145 12.0168 13.2468 3.92488 17.5777 13.7702 29.514 20.0155 25.3678 19.186 0.00596318 8.9107
-69.0678 4.96221 12.4383 27.1246 10.9446 14.3886 12.3465 26.6055 4.89266 4.57355 0.00596318 5.47768
68.0165 6.18991 17.6061 6.22221 20.3788 5.15058 10.3832 3.66994 8.16591 2.75419 0.00417296 3.08398
-9.33607 8.46834 19.4451 10.5138 2.28729 3.67072 2.50207 32.4815 6.32738 1.17754 0.181452 8.31066
-21.1017 11.1294 3.54732 15.8793 6.02769 22.2127 5.34672 28.4931 0.443339 2.51995 0.105351 7.58613
128.494 2.03952 17.8103 6.1975 16.1688 4.05756 13.8439 0.311203 15.9661 12.0257 0.00407048 5.84873
-38.2326 19.0805 1.93628 17.0878 17.0611 6.35509 7.71997 20.4015 0.121745 18.1776 0.00689589 6.19128
-20.8808 20.8049 1.24797 23.6146 17.2348 7.4676 1.53526 12.4981 16.3492 11.4972 0.0225146 5.84625
-15.3018 17.1126 7.44114 20.2896 6.0772 3.77187 10.9555 9.90045 6.8499 13.1516 0.135607 6.15429
12.9445 4.29923 15.3422 11.4518 20.5623 37.7561 9.98621 14.0517 24.9028 0.667216 0.158955 11.4579
30.2654 10.2309 12.1618 20.0132 0.915309 9.93034 1.84316 25.2818 23.4589 19.8982 0.178315 9.25559
-51.3787 6.40922 21.4263 12.8887 8.90465 24.0279 21.7097 23.469 4.08123 6.14963 0.248146 9.4637
-35.0487 6.59368 2.65646 1.00749 18.4879 15.4793 27.3817 43.0691 5.39154 8.31206 0.196865 11.8229
-64.3319 5.11604 32.5522 9.16378 9.12819 0.309136 19.0721 22.527 5.44569 24.5634 0.207628 10.5521
-60.9991 27.3664 4.83487 22.8997 2.42068 12.4516 9.33042 4.91961 4.21406 30.2955 0.116135 8.25121
-53.8172 29.3382 1.56887 17.6867 6.61582 24.5226 1.39848 19.1197 13.0024 4.03547 0.110772 8.04175
-62.7774 57.373 9.44831 12.9689 9.38923 13.3303 1.8412 9.4969 3.2296 41.6305 0.318196 14.0943
-4.87955 9.28811 14.7548 12.7845 10.0339 14.7724 2.65446 18.823 4.57861 39.7686 0.0967057 7.7065
-47.13 24.2512 28.3947 2.67093 25.8628 18.9578 0.586303 4.50576 2.63164 10.7089 0.0633304 8.98437
-1.42594 18.5452 3.04718 8.79911 16.2828 20.3801 18.1706 1.2613 10.3869 47.7875 0.00288006 7.06458
-22.8748 13.8826 11.3464 14.058 11.4735 8.37224 8.28612 14.9405 10.6918 10.5064 0.0499139 4.59164
15.9688 10.2737 16.7005 6.8514 24.1729 12.4687 26.4818 21.7311 10.2475 5.47722 0.0108911 6.84493
-31.5024 9.35218 2.06788 4.48083 30.4833 22.1954 21.9531 4.05675 3.91748 13.2923 0.0477708 7.09742
