355.677 34.5658 7.58897 34.0019 21.503 2.22257 18.0475 1.85075 0.0833094 3.46973 0.060845 11.0228
319.869 20.7791 41.7057 8.56533 7.29548 1.78514 29.2998 9.0771 11.9651 7.39035 0.00376177 7.91835
385.31 10.473 47.7314 25.1344 5.61518 24.0155 15.044 12.0673 8.75026 7.39469 0.0462995 10.4796
210.072 34.3987 26.8809 19.1827 19.0651 34.8513 39.582 7.98603 7.90799 14.9969 0.080595 13.7581
295.436 11.6559 28.2526 8.78981 2.75682 20.203 3.71363 8.54109 3.65983 11.2436 0.0337719 7.55082
531.288 11.4351 24.4904 37.8136 12.6101 14.9204 7.30518 4.20829 1.69375 15.0104 0.0424535 10.4583
341.007 11.6308 28.0965 13.0388 22.0067 16.2163 7.14445 23.857 28.652 15.3082 0.00234947 8.484
408.721 38.5375 12.6096 9.02107 45.9473 18.4253 2.26099 56.1987 29.0487 2.19052 0.0145977 14.6966
341.287 0.114583 11.5503 9.56747 16.576 19.8187 4.66858 9.2695 5.15844 6.34539 0.0234291 10.1165
265.2 29.5838 24.9251 1.10344 5.13491 29.1627 20.3481 5.43809 9.94961 6.98793 0.00356721 7.9864
29.5873 60.2796 31.4209 9.17996 5.11388 24.9364 3.0074 11.3106 20.8349 14.4827 0.209488 17.3878
499.151 13.4738 13.1435 78.514 1.16973 9.16892 17.198 34.0021 3.28728 15.5286 0.0202934 13.1272
478.145 17.1507 9.71724 11.1061 8.00004 18.4577 6.4298 49.3568 11.7549 14.6441 0.0192945 8.96819
149.773 26.3633 55.2702 10.5362 15.2172 29.595 27.3879 67.8544 9.10805 8.8766 0.00685949 15.4369
182.974 23.6352 56.742 8.2549 22.7091 66.9408 12.1716 8.83339 4.91539 12.8074 0.0135494 13.3491
278.385 21.1613 21.3769 2.68 6.3266 60.4018 9.73423 11.5335 14.1675 20.8065 0.00111306 10.1711
375.62 16.4664 30.3351 38.5617 17.1418 5.57263 73.9889 19.4295 25.071 12.8894 0.00111306 13.908
396.778 4.86167 14.2115 29.2711 5.26402 35.755 73.9889 31.2947 2.65778 17.9497 0.0754125 16.3822
203.478 19.3642 41.6084 20.6154 22.9108 5.84648 0.235566 4.45985 1.98118 10.553 0.013638 9.63939
331.482 24.7346 37.6669 10.7993 32.4776 10.9279 21.3695 5.67192 13.6205 8.73745 0.142995 11.6425
347.405 19.489 36.9528 24.1076 9.15499 10.5897 17.2657 21.0317 20.4499 19.0469 0.029695 10.4272
439.636 46.0406 0.978041 27.3165 11.333 26.1041 12.3412 1.64653 26.8789 4.732 0.114883 13.1944
452.395 26.2118 17.197 4.84319 14.1201 24.0357 41.5761 6.37635 8.60236 4.66544 0.130729 11.4011
467.562 10.3327 31.2942 1.47056 49.612 11.9288 46.2737 6.37635 22.3434 2.33455 0.306085 16.9217
301.331 34.6263 4.62235 28.9367 38.1465 35.0118 15.4199 9.03684 29.2198 33.9673 0.206352 17.4434
268.694 3.35836 9.06659 11.2963 45.1371 9.27791 1.63356 3.26205 7.9344 7.1231 0.121604 14.4783
398.036 21.903 5.60035 51.5375 18.8926 11.5862 11.7963 4.17639 8.58898 19.0028 0.364645 13.4444
373.361 24.4865 9.17275 11.4033 5.18315 12.3308 12.4482 1.86823 7.56606 2.35906 0.0101477 5.56054
458.227 7.50477 10.1748 22.3305 1.71262 44.0821 8.58677 7.54507 2.60052 16.2168 0.0177234 8.21211
313.816 16.7829 17.4793 87.68 4.19837 10.2592 11.4137 46.1941 12.0056 26.6218 0.100117 16.8707
390.854 5.89578 10.8754 54.4089 4.21159 17.3238 12.7645 13.3306 27.4093 16.7739 0.204945 13.0183
409.67 36.048 15.6639 6.09372 4.39352 12.8003 10.5547 6.42995 9.58996 10.1393 0.155737 9.18757
415.733 21.3308 6.99906 35.169 4.40033 5.0164 37.1688 52.5002 5.79076 5.18186 0.0592139 12.4579
504.076 7.95775 13.2411 0.999692 4.27138 21.0594 7.19639 42.681 13.8339 31.7799 0.0735496 11.4176
377.298 6.90144 24.3691 4.02184 5.85688 22.8449 3.39145 2.15216 8.96407 8.16806 0.0107684 5.92809
311.172 4.00855 38.1689 3.53631 7.11884 12.8086 3.43504 13.5446 20.7161 13.7165 0.037142 8.5002
356.201 4.31324 58.3664 4.89695 20.0527 4.67304 17.777 6.96527 2.78504 1.92289 0.0420979 9.77397
363.634 6.43789 47.2296 2.18056 4.0485 3.09774 0.487143 14.52 11.3003 3.193 0.0468313 8.89738
457.017 9.34168 47.2709 10.5258 6.0831 15.0693 47.8364 10.5162 25.7858 26.2104 0.00257522 13.806
431.122 10.3361 14.6141 14.4647 32.8843 3.02347 12.2087 11.004 20.107 6.20294 0.0649189 8.33336
308.711 32.6858 7.44067 51.7291 21.3138 13.4081 21.4097 3.67437 15.1311 13.612 0.120662 12.766
424.503 13.6836 5.81324 22.3531 23.5767 11.1424 38.1941 7.22816 16.7857 20.8991 0.0274719 9.92912
538.034 2.90757 13.5465 14.844 5.07696 7.12464 14.4747 5.37994 12.1515 25.0416 0.0279136 7.08268
479.768 6.00896 1.95463 19.3849 10.175 5.81812 17.1385 11.9617 19.1743 13.4943 0.0677421 8.16056
474.849 7.31386 15.8565 7.41227 30.5123 11.1372 11.8494 12.7552 37.0146 5.19502 0.182926 10.9348
382.863 24.613 11.1822 18.1582 34.5574 18.5555 30.7145 6.10504 10.7551 31.0097 0.166546 13.1706
341.156 7.81293 5.76887 35.5761 61.2947 15.5374 18.4635 7.11823 10.6305 11.0524 0.23231 14.9367
447.659 50.5064 6.47152 30.2521 5.49966 10.2549 48.8146 3.69798 26.5903 3.52824 0.344204 17.7798
581.531 12.6474 10.0782 8.15117 11.9966 6.79737 2.83935 6.65909 13.9163 14.1526 0.196517 9.50153
292.387 3.18065 29.1693 18.4661 7.24127 2.47147 5.68796 27.0535 20.4116 5.02401 0.423062 14.2769
257.595 22.7412 29.8146 25.8312 14.8892 17.5442 14.4927 9.80824 14.2628 8.16854 0.163028 11.1833
539.993 11.687 5.62899 3.30288 40.3506 7.49695 7.03086 16.0431 17.3461 17.1484 0.101193 9.78434
341.35 12.164 22.1951 10.4374 8.56068 5.01543 2.43181 11.0191 10.4637 16.1726 0.088793 7.87583
439.571 7.11484 21.0902 24.2237 15.4998 12.1432 13.3799 4.74055 1.94734 16.254 0.0541394 7.73164
357.366 10.795 21.0073 50.3982 17.4726 6.46986 21.7248 20.595 15.9171 17.9273 0.0333726 11.1509
317.629 19.9595 20.9494 10.4894 28.214 39.6769 22.3478 11.471 12.5685 17.5923 0.00147334 9.4395
260.826 36.8091 19.5694 11.4902 1.17894 37.5836 12.0496 18.4494 11.2687 3.60865 0.033564 10.2447
242.344 36.7333 51.7887 20.0101 18.6971 16.6765 5.62488 15.2646 27.651 14.5109 0.0336758 13.3716
281.265 27.8318 36.3749 44.5782 68.4504 14.6888 31.8119 15.8733 7.97631 9.29409 0.0276766 16.1839
402.635 29.3996 14.9026 2.45711 14.3376 1.14662 5.63956 23.5689 7.08644 16.4345 0.337503 11.9828
412.711 33.0517 2.81515 15.7005 1.65835 36.13 3.14938 27.4045 8.90222 5.21953 0.0324024 9.59374
566.034 7.65846 1.3821 12.7246 9.1554 20.5942 39.2248 8.88678 8.063 5.13481 0.0750685 9.20196
547.199 1.02959 17.6068 3.51092 16.6996 16.7293 6.33411 8.46274 14.8495 6.19338 0.0462729 7.52938
336.193 4.34931 32.5246 5.97323 8.37719 7.78377 4.33777 5.4816 0.59845 18.0934 0.00428021 6.33456
240.971 19.2979 30.5223 7.31964 10.2755 22.0061 9.06368 8.38749 5.92875 1.74099 0.0520034 8.70681
532.139 3.49015 9.29891 20.0215 4.97503 19.9727 2.04208 19.2881 28.2299 8.64585 0.0695212 9.02909
478.828 18.4372 21.8336 22.5558 35.0054 15.5266 9.11887 0.157799 20.1467 4.09966 0.0229443 11.077
573.225 14.5626 33.714 21.1493 39.5278 18.9693 21.2072 1.55158 57.7402 12.5221 0.00642573 19.3531
354.361 15.2159 19.0976 11.7402 38.6288 2.88332 36.5043 34.4608 40.0929 19.4756 0.0898871 15.4231
413.045 19.5712 2.30618 19.4835 53.2996 2.83976 24.6201 11.1068 49.1053 6.02107 0.00244144 11.9553
524.158 4.21656 0.419021 21.025 36.2226 12.4104 40.3945 2.13511 31.3622 17.39 0.0450125 13.0366
522.461 7.77949 28.5586 37.8111 22.0033 20.6695 5.53836 29.6793 10.0328 13.8697 0.00356791 11.0599
458.723 21.0888 15.1349 8.49108 19.1911 10.7901 10.132 11.1548 16.5444 7.80558 0.00436563 6.00785
465.599 3.67757 16.267 15.1948 3.46486 7.7806 27.3964 8.81749 12.9467 27.6945 0.0289417 8.21225
500.486 13.917 5.7778 14.1092 6.40724 0.843965 7.02784 11.0957 7.0551 9.24378 0.0637849 6.54041
461.734 12.3956 0.778674 3.54031 12.2141 15.5169 13.1641 19.4388 34.8212 13.7466 0.0876573 10.4621
523.945 16.6763 25.5195 1.53434 25.219 4.22328 29.692 16.6865 17.8462 6.98122 0.0303903 11.6824
436.252 15.9328 16.2656 4.90757 44.706 35.3349 8.82482 6.39962 10.2821 14.1876 0.0137475 9.0528
440.068 7.99131 8.77871 6.62767 20.0092 0.140301 2.67912 18.1362 14.8739 8.58931 0.0194985 7.5771
437.453 3.02917 14.8224 6.82804 3.61881 22.7577 21.1519 16.1766 1.76656 6.30214 0.0200662 7.07356
355.581 30.6207 16.7111 40.8398 3.32088 28.3497 13.1431 24.0193 11.9717 5.64159 0.0145149 10.0714
536.722 13.9938 10.155 8.81797 6.32498 22.5826 10.1595 33.5817 15.286 61.0732 0.0476505 13.2804
246.786 26.8884 19.8546 4.50297 1.11097 23.5263 28.6095 37.6184 3.07229 29.013 0.00537646 12.2583
304.211 36.1721 14.8439 14.0782 4.69489 23.8393 31.0875 13.7654 7.91275 6.81303 0.106018 10.6636
317.82 30.8029 26.0817 11.8076 12.9549 19.6863 28.4009 24.9504 4.80857 8.34427 0.0708441 10.6263
342.724 16.7191 23.3691 15.7963 9.05308 5.47321 46.8077 21.0607 11.5829 25.4986 0.0272012 10.8764
263.34 18.7822 54.903 7.28136 13.3455 55.5236 5.5831 2.22686 2.77515 20.5962 0.00127454 10.9437
312.393 19.5982 44.5801 3.65194 8.7749 62.6198 5.5831 8.50328 3.72827 32.0883 0.00931929 12.2135
286.362 2.87096 53.2303 15.0333 3.19149 13.85 15.3196 18.5205 14.3699 4.01329 0.00251307 7.98329
235.47 10.4358 58.2394 15.2545 45.5242 8.10541 9.67597 16.7419 22.0412 2.47777 0.00251307 10.5579
221.256 24.8472 49.8614 2.93785 4.59354 6.93504 8.07951 8.44053 19.175 1.79317 0.00857488 8.22721
280.649 19.2472 9.77206 20.845 45.5964 4.80579 7.88728 6.61464 18.9029 4.68365 0.029169 10.7796
353.82 9.59456 5.16531 34.3724 19.1559 9.62271 35.6222 15.5659 10.8069 35.5475 0.0923268 13.9987
405.931 12.7698 13.8273 26.3733 18.9022 21.1816 5.23942 2.06246 10.9738 39.298 0.0446183 10.0546
555.951 2.61488 8.04117 15.0611 18.319 28.0292 8.25901 26.7845 12.9962 22.5221 0.009553 8.62101
543.705 9.6401 6.65596 7.72784 18.3463 7.76467 12.7988 19.7146 1.0717 14.9852 0.0435804 7.39647
377.416 10.0214 3.75549 13.2339 16.2528 4.88388 19.5635 16.2036 15.9979 4.22393 0.0141801 7.93039
397.47 10.7373 8.2242 57.3424 18.7194 31.4691 11.4258 13.8852 53.6367 0.453738 0.0083377 14.3355
418.226 20.3327 20.2403 22.2854 1.3871 6.01059 5.86644 23.2559 22.4682 18.2677 0.0129328 8.61514
397.508 4.88538 5.20474 30.6525 4.08136 6.01059 7.43393 18.0299 31.7214 12.2471 0.085294 10.7053
362.417 16.5294 20.2976 12.6886 2.62338 14.5603 10.1082 11.0546 13.751 8.80222 0.0421515 7.01627
644.022 15.5562 0.724697 35.7845 5.13878 15.1077 30.8246 6.53211 31.8154 1.73029 0.0189778 13.0895
644.022 2.65131 3.00416 22.3955 14.8584 7.44094 13.7792 1.37536 1.4666 15.9699 0.249531 11.8355
515.616 17.1704 11.991 55.0825 52.0356 6.65971 10.4243 10.9374 11.3197 24.1339 0.040695 13.9038
195.976 7.97774 56.5648 2.9166 5.76253 17.5715 25.3473 26.7644 2.26269 0.603653 0.013132 11.0497
221.679 20.0558 24.2157 17.008 19.3159 0.93708 43.7783 7.52646 10.3492 18.3881 0.0125508 11.89
231.964 1.62754 79.591 2.83747 30.5723 3.99681 18.3091 19.918 18.9371 21.3553 0.0745398 14.8164
146.416 12.8651 54.5713 2.80076 17.013 11.5838 4.7269 75.5755 9.94059 14.692 0.0454577 15.6221
346.277 11.844 45.8568 2.28225 7.0576 34.7694 19.9061 38.6667 6.02839 5.71177 0.0120193 10.9701
559.645 7.08719 15.3113 16.1129 29.4591 38.9421 6.10755 25.9514 50.9944 13.4494 0.069759 15.0587
491.314 2.37505 10.3242 15.9635 15.7099 22.5792 18.8559 38.3397 0.875409 17.87 0.0992382 11.2352
494.912 10.87 4.42403 43.1821 2.50976 9.94554 5.10027 5.91376 1.19673 0.521668 0.078901 8.83122
470.836 20.2505 4.96992 2.79971 4.87421 22.1951 44.7015 17.0256 2.23593 2.30852 0.0521508 9.74585
226.672 35.683 7.60788 8.36113 22.9593 7.61745 14.1072 7.26207 6.57101 10.5382 0.062763 10.1603
213.458 36.0904 16.702 5.52203 14.9448 8.97107 2.52346 47.5878 4.32478 20.6691 0.0725084 12.7979
335.456 14.4941 33.4684 12.7771 17.7805 19.8009 4.20323 16.3918 7.58892 17.5893 0.104267 9.58584
431.336 17.61 19.1345 4.10431 14.4576 4.64285 10.2926 32.1039 14.3237 18.8883 0.133569 10.1251
302.665 18.2483 35.55 4.5591 18.8135 23.1991 28.5604 3.58717 21.5691 22.2708 0.274926 14.1297
345.159 21.2512 25.9971 0.96177 5.20406 11.2219 17.2387 13.7022 10.8182 6.11101 0.0560624 8.09724
289.653 33.3485 21.6335 16.8668 28.654 7.20539 14.2131 8.87371 11.5533 12.3485 0.0109583 8.07261
446.399 1.68853 30.9836 8.67868 43.0957 10.0632 1.16765 10.7889 13.1544 11.992 0.00507111 8.20259
279.232 12.6103 53.0732 27.9098 46.5787 12.5309 10.5746 20.2697 7.80669 4.80279 0.000946579 10.3459
227.576 12.4886 59.8363 6.63658 14.1048 20.2594 46.5385 8.61528 4.97474 1.11644 0.00593141 10.9398
210.064 16.4707 49.5454 11.813 20.714 7.2426 14.3497 16.1387 7.15448 23.1547 0.531749 16.8962
484.188 27.2115 16.9625 1.40462 31.7283 30.7219 11.8969 0.69983 6.99075 12.9761 0.361084 14.8055
458.123 12.428 37.2258 10.7575 16.1202 9.27496 37.7992 8.15174 18.0132 27.7672 0.0157538 11.842
441.193 13.4546 19.2281 11.291 12.9837 10.752 28.2775 18.0551 5.76722 14.7961 0.069597 8.62159
409.577 9.81178 5.15605 11.1695 12.8289 16.8576 16.1037 21.6044 5.80084 30.1001 0.0496037 9.37663
303.995 36.9292 6.87169 11.7526 12.7988 59.9277 41.4802 5.48974 5.33993 22.165 0.0832454 14.6674
392.807 32.2389 7.70309 15.7699 13.7604 72.2971 14.0411 4.56448 12.6533 8.5332 0.0653709 12.2735
409.056 19.8275 4.84455 4.11983 28.9903 17.1632 19.0628 14.0725 32.4937 14.1436 0.112351 11.3169
521.751 3.86517 4.9846 5.55457 12.7305 9.66971 18.4055 21.6335 15.1657 6.72888 0.0122282 6.19516
550.486 7.5011 10.4358 5.83356 22.5647 29.3741 6.81889 16.9716 3.66642 0.620229 0.0669611 8.87857
609.939 9.39211 1.29499 33.6378 73.166 20.501 15.0318 24.2998 9.43542 7.41491 0.0795296 15.7832
618.381 3.23363 2.28658 25.4101 15.7995 9.70831 22.446 23.2357 16.6113 12.9493 0.0285552 9.55376
467.67 3.73681 5.93145 15.5762 19.3917 8.53687 14.0289 8.10962 3.55679 12.4003 0.0152915 5.93901
564.848 5.4288 22.6483 32.7558 7.51574 9.68876 11.4094 8.89716 7.06169 27.0194 0.0419612 10.3322
401.362 2.61413 29.2178 13.3759 30.2228 6.58892 14.2055 16.0006 25.6909 22.1807 0.00335068 8.7577
435.91 2.38988 11.7298 10.3813 6.72574 21.5257 14.3796 22.5302 12.2148 21.5119 0.00090364 6.85833
430.66 15.6811 8.28639 13.1414 26.1404 11.1977 41.7606 11.4601 9.94659 9.98469 0.00933544 8.13385
352.059 7.42561 1.4531 18.2838 15.9785 12.0558 9.66798 10.7056 4.7861 15.5963 0.0054018 8.6987
289.048 54.5228 20.2403 28.3791 2.79561 11.4222 16.375 13.6794 10.8853 3.26417 0.00453869 9.56776
440.325 8.70272 12.0284 31.4972 71.6011 2.6789 14.6892 29.7021 5.8064 13.4584 0.110104 13.9259
69.0385 44.1461 36.5759 14.8734 38.6742 31.4356 11.255 21.3751 8.77012 12.4313 0.00933506 13.961
182.727 47.4484 20.2726 16.5095 10.9098 49.2344 13.3772 25.306 56.9309 11.8056 0.0446822 17.0711
147.352 9.7384 54.2728 36.2986 12.2875 11.9971 28.1645 10.2544 18.0066 11.0067 0.361911 16.7908
200.658 7.08824 49.0671 40.2133 8.45932 65.2724 12.231 17.3751 21.2041 9.56986 0.338359 18.8673
336.631 18.497 11.0772 5.77213 9.58399 66.245 3.15698 13.8636 19.2616 15.2255 0.095858 12.8129
417.878 36.4988 12.5601 8.7291 9.00789 14.6255 2.88832 15.3242 12.2868 7.71898 0.0123944 7.22465
332.057 28.5944 12.4777 15.9749 46.8168 5.92431 15.2786 30.0012 39.5071 8.81005 0.0305802 12.7647
476.329 20.2137 10.7065 8.2794 12.1239 0.660775 10.9274 19.3588 22.9193 15.2747 0.0212624 8.13085
445.18 9.63564 30.5698 14.6598 16.6824 14.4955 12.8636 4.80432 23.7873 16.6095 0.0177486 8.43561
434.893 11.9201 27.5813 10.8789 5.90088 29.5369 2.77003 31.5203 23.606 7.59655 0.114693 11.249
447.021 26.3901 2.77431 2.10708 4.28113 40.0372 3.05444 0.567132 59.1228 4.15824 0.218195 15.1807
458.419 10.365 9.49116 3.80676 19.7892 26.1276 21.4504 20.9614 18.7353 17.446 0.249606 11.9725
448.9 10.704 5.05521 21.4564 43.6736 8.31142 49.4698 16.9858 31.7767 31.1247 0.47101 19.2099
361.257 16.6842 14.7679 22.7246 14.7389 9.27637 39.8893 2.33707 0.23351 41.7159 0.117983 13.7817
423.737 16.0815 20.5565 33.8833 21.0996 3.13289 73.634 27.4132 33.457 15.424 0.0555893 16.8125
222.789 4.67818 26.3097 12.271 17.3951 7.06706 31.602 32.5654 7.30598 8.21872 0.0395713 13.5393
354.076 30.6277 29.4236 12.6153 27.8025 5.83703 17.6759 36.3036 9.40005 12.0612 0.0296988 11.1294
210.519 11.0291 34.3703 11.2977 37.8538 57.1852 5.56605 18.7159 1.0639 9.51372 0.0284514 14.2948
214.297 17.2287 43.2565 10.4462 21.1235 30.9934 33.2495 18.8758 8.08549 28.0432 0.0206764 12.9615
260.821 47.704 11.4759 24.78 16.2622 7.90202 50.9373 9.32829 23.9219 36.2699 0.0122522 13.9989
432.604 12.5322 18.0489 26.2182 18.9132 3.65074 24.9365 11.3295 7.84779 4.05947 0.0409368 7.93718
337.081 0.0683791 30.9666 18.9274 0.661816 28.8017 28.2212 14.2644 23.3275 12.1487 0.0191037 13.0366
359.085 0.481711 27.4081 21.4815 8.51691 15.4694 27.2907 7.80058 3.88377 11.0262 0.103011 10.3779
322.991 4.97475 37.6103 20.34 3.00804 4.88192 7.60405 19.4832 4.63902 16.5658 0.0495923 8.53308
416.52 7.72432 33.6789 16.3332 2.66166 6.06463 8.30464 15.0145 9.25107 5.88351 0.00933715 6.15417
324.204 6.10417 46.1909 36.7929 2.94199 3.1953 25.8603 8.47508 32.1196 13.1437 0.0262505 11.5062
301.815 13.505 33.2531 7.29815 19.6417 28.123 4.15971 3.03577 36.983 33.2729 0.045179 12.2874
352.582 20.1048 35.6845 6.88832 39.1868 6.66068 12.0906 10.938 5.91083 26.8124 0.0272247 10.0119
317.628 33.7316 21.9119 1.96646 32.2296 9.22742 31.04 17.5891 9.84362 5.62793 0.00132938 8.6583
522.041 5.27509 12.0325 17.3163 32.7904 24.7902 18.7561 9.7704 2.42011 21.5281 0.00297394 8.00843
453.173 23.6509 2.94093 15.5262 22.5085 32.6551 40.0506 10.8277 6.41359 3.4746 0.0405498 10.4564
365.297 16.238 17.0767 13.0044 17.9436 21.8582 7.30981 8.87625 7.57433 1.32664 0.00669904 6.1277
548.747 5.04165 7.97521 2.37416 9.4212 11.1237 9.07386 8.64089 2.33028 2.06368 0.050405 5.96502
512.366 25.1139 6.14418 11.2891 14.7066 4.40777 0.670981 30.2971 10.6965 5.72787 0.0250446 8.51041
443.479 15.915 5.49886 3.68575 20.2448 6.26183 21.4948 2.18098 10.7959 8.22933 0.0299217 6.63955
356.744 12.1721 18.07 33.833 11.7525 5.85047 7.22253 39.7146 19.5693 5.98816 0.0543735 10.3978
398.334 27.1557 29.0542 3.61889 12.9995 9.79282 13.2649 28.2238 15.9265 8.44953 0.000323629 7.87185
420.765 5.02329 42.4246 1.29345 5.40711 6.2458 2.48874 74.362 17.6237 5.457 0.000323629 11.2838
237.256 17.3371 31.7945 12.7045 33.6995 2.05061 10.2111 16.5238 16.5562 4.77275 0.0877116 11.0704
104.45 22.7648 83.2826 11.9998 31.4108 9.33833 21.0404 18.8648 4.51432 6.29856 0.0852369 14.7128
193.352 32.7163 24.0975 21.9286 6.83351 4.71392 19.8981 5.92423 43.0167 20.0814 0.00375735 11.495
169.014 31.954 33.4728 60.831 7.56109 18.2084 22.0346 1.31582 17.9326 32.1803 0.0299609 15.3997
276.609 19.4148 36.5247 29.6661 30.9443 15.7854 12.7265 9.05466 12.5112 51.9474 0.00576565 12.431
486.3 6.07911 17.316 31.4944 11.2924 10.4164 17.7608 26.0954 11.8149 16.8646 0.0232376 8.71692
376.62 7.91418 21.8321 14.2807 25.6764 9.55978 36.5942 51.2333 16.9629 32.0715 0.0247711 13.8373
402.876 32.6353 3.72984 8.21533 11.9328 3.51375 25.0988 35.0909 21.4698 53.5358 0.0471182 13.8
188.249 52.8844 19.2171 15.2844 2.89721 49.8428 17.9727 71.2774 43.978 9.68638 0.0555391 20.233
145.296 65.9031 20.3215 1.82013 13.2424 9.92148 7.29087 26.9383 0.192958 9.49357 0.350932 17.8204
165.628 52.7495 25.2464 20.0731 19.4685 6.85184 13.1564 37.3004 2.4807 16.1448 0.0709226 13.1854
246.117 40.9631 40.5719 16.487 6.68765 4.59068 12.7803 29.0752 17.0944 74.6667 0.150492 18.4929
434.242 23.1827 12.4205 19.281 0.288173 10.5701 3.38111 46.1247 8.74993 31.2328 0.166102 13.6076
504.029 2.84765 8.46175 3.00377 24.0887 28.1017 7.83254 34.9099 2.94734 8.92409 0.484058 13.8494
461.516 26.308 2.49207 21.6283 14.7681 18.8928 4.94733 1.63872 6.43773 0.569199 0.257046 10.9176
536.65 10.7537 3.39632 25.8894 11.2048 14.4921 6.11042 4.0056 4.63506 2.74096 0.201465 8.74279
527.661 7.11644 2.69619 10.3567 39.7142 13.3967 24.3717 7.03675 7.56484 5.61116 0.163973 9.94433
351.01 16.882 7.09266 20.2406 2.87339 2.34255 12.1933 2.68491 3.35944 11.0794 0.0240297 7.17445
341.715 4.57691 19.9919 42.4389 15.7335 15.7825 13.104 12.6481 10.7944 5.34984 0.427124 13.1897
254.27 18.523 15.2977 37.9763 3.81944 7.28854 24.8208 52.3162 4.93077 5.35951 0.513408 18.5484
367.713 32.7424 17.5995 38.2841 23.6182 18.6932 1.61537 24.3068 26.5773 9.87811 0.102195 13.3266
336.054 27.2288 8.02233 23.9118 65.425 19.0015 4.89805 40.5873 16.9164 0.518163 0.250762 17.3431
402.475 7.04744 8.66359 8.863 29.631 53.3982 10.9222 10.7888 23.159 9.24445 0.0626985 11.6957
596.524 3.06077 8.75631 9.29703 24.2302 64.1444 7.1402 7.62939 19.7511 9.76191 0.0397428 11.6017
507.518 3.06077 17.5251 25.5117 35.839 16.433 14.3993 6.4707 19.6903 5.56333 0.0406407 9.40458
446.822 5.03666 30.3438 16.0428 69.937 22.3658 17.6105 1.88202 26.4092 12.2687 0.0395769 13.7489
476.541 5.03666 30.4785 5.58816 56.593 21.3621 14.4292 11.6364 27.5628 17.2065 0.0373878 12.7343
377.057 16.3333 41.703 5.424 32.2155 4.3181 1.18881 39.5138 7.79556 9.42942 0.0290379 11.2588
338.87 15.7453 7.32865 12.1796 3.83155 17.9339 7.70185 20.441 10.006 25.0122 0.00552333 8.11255
340.947 22.855 5.98233 13.6718 15.6511 31.7243 4.08112 45.2845 7.73587 15.9995 0.00119322 9.57551
395.56 41.3157 8.42378 29.7512 3.12371 6.92354 4.89689 22.2394 14.9994 9.52361 0.000143993 7.26264
230.415 42.0929 7.64296 25.8845 13.7452 9.93499 8.76456 7.18449 21.2168 6.58953 0.0205853 9.41695
448.976 52.0177 0.0438961 31.9173 14.0198 1.03605 2.70241 39.9894 12.693 2.54269 0.00623721 14.317
192.047 64.0679 6.57142 28.5843 12.6726 47.9305 0.36089 12.6951 20.2948 15.2394 0.00880643 13.7826
338.736 1.84212 25.4826 5.60672 21.5178 3.31911 12.4933 27.1995 10.1013 13.2739 0.00932695 8.46154
441.094 8.63559 17.8454 3.77276 62.7662 1.82333 14.4696 6.2192 3.56794 8.50965 0.0181342 8.70951
427.042 6.15019 17.2067 44.936 21.8904 5.94299 12.2955 6.2192 14.56 17.9675 0.000719165 7.36064
413.254 6.88382 17.6451 23.2915 16.3676 13.4633 56.0329 3.53793 15.2403 13.6696 0.039155 10.8816
354.608 8.432 28.7366 10.1453 36.0978 17.5678 16.3795 1.14213 2.01632 22.0894 0.0483211 10.0254
290.67 26.965 30.3374 15.7889 20.8809 5.75327 3.54192 51.679 18.1308 8.8642 0.00111028 9.80259
316.365 18.0423 22.3546 8.28311 42.6429 13.9793 10.5252 0.624073 5.19347 4.54395 0.00173685 7.44861
361.48 7.75602 22.7288 14.2555 23.0964 23.018 1.79886 4.61629 24.0186 3.40116 0.0865758 9.58658
316.736 5.05188 42.1572 13.0632 15.7313 11.8653 8.73382 18.0742 3.13303 6.27325 0.033821 7.81938
248.937 7.40713 43.8814 7.88643 11.9791 4.26445 44.0871 17.2352 19.8065 9.7282 0.0431977 11.613
550.979 6.78896 22.5484 20.8615 31.0612 5.60079 14.2893 3.28545 7.05908 16.3683 0.0446661 9.85085
525.273 5.72364 15.7844 24.637 35.9819 21.2399 18.0454 30.1753 6.82322 24.0216 0.0741543 12.4827
481.752 10.6116 4.2004 49.0502 26.2534 12.2901 65.0126 38.0149 8.64027 41.8919 0.0925681 18.7138
492.816 13.3694 4.11084 6.49856 6.64189 20.2527 40.1459 5.0922 1.65634 16.774 0.0279803 8.31396
474.946 18.2102 2.01148 10.6558 32.0819 10.0219 12.3574 5.93185 2.7537 3.91033 0.000998468 5.2851
400.782 30.0488 4.32146 17.2094 25.902 11.972 37.7426 14.1078 1.12325 13.6335 0.00815036 9.25736
437.526 21.4385 2.34871 4.7896 23.9257 24.899 55.3262 2.23731 33.7835 12.5757 0.00893811 12.0481
492.565 23.4148 4.97896 4.87337 2.33866 19.744 59.2209 1.07601 1.44099 10.0832 0.0278985 10.823
441.303 32.6858 4.25623 8.69574 29.6571 24.8304 2.62008 7.97087 7.87395 10.574 0.0281574 8.31419
457.209 26.1386 6.98533 27.7085 45.1815 5.86146 40.4212 11.4636 40.5409 29.7753 0.0284428 15.3652
564.133 2.2694 4.11821 22.1709 34.6394 0.919448 16.875 6.97234 27.9734 41.206 0.0115188 11.4556
563.184 6.10397 4.13544 46.2188 12.975 17.9114 15.6467 16.3305 24.9932 3.38709 0.00684206 9.09436
473.453 5.37437 5.15637 24.3996 18.0834 25.855 17.2923 28.5743 8.01023 2.79848 0.00018233 7.03117
469.389 2.38966 6.08024 18.9957 11.3963 7.59368 6.88157 2.44938 10.7408 5.1177 0.000566958 4.30151
543.924 16.6617 16.5634 31.7147 1.72662 30.193 6.67727 14.4698 4.0618 8.44649 0.000566958 8.50817
346.391 18.9035 15.8382 7.5179 20.0598 3.40725 32.9207 53.3255 6.7226 9.15958 7.73405e-05 9.16137
405.255 16.4381 8.39607 12.2879 35.2014 15.4176 9.89316 29.7862 53.2698 3.66967 0.00751827 11.3093
451.751 4.41725 14.8879 44.536 3.81334 38.9633 13.6064 26.6338 30.8745 18.0556 0.0133445 12.2567
530.88 12.401 18.1528 16.1441 10.9889 3.63059 20.9284 9.17025 34.9866 3.86981 0.0137978 8.94926
458.373 6.34187 13.5006 12.9497 17.955 5.99895 16.4502 10.0781 14.1444 32.8346 0.024895 7.93322
351.364 9.4762 41.7236 6.69193 12.4986 16.3507 11.1743 4.08867 5.24034 1.33342 0.00419997 6.25389
448.452 4.50826 1.15356 8.46031 1.73018 15.7112 36.9998 56.0905 18.0363 36.5084 0.0122317 14.4558
527.636 19.8939 3.65863 19.9864 6.63095 8.64377 10.4111 23.8301 25.3171 38.2173 0.0780316 11.6589
350.99 4.20238 28.5203 55.7464 22.0134 9.17043 7.24458 6.93212 21.9289 37.4745 0.203668 14.8028
380.435 20.2279 12.5376 12.6371 12.5173 5.06422 9.45473 1.80071 10.3682 39.0223 0.338742 12.356
600.533 2.95111 5.02701 3.94722 17.1008 12.0961 8.60002 10.9213 3.88744 36.8312 0.166112 10.3302
482.746 23.0634 19.628 10.6375 12.2801 20.9625 19.6783 19.6458 3.67403 35.1169 0.0149011 10.7432
567.489 18.0265 13.1085 18.7268 21.8294 13.0913 2.07976 25.4642 4.66197 13.9333 0.0149011 9.76745
502.452 5.43412 20.83 10.1351 29.2191 34.0914 14.4247 29.052 10.0471 12.6708 0.00463729 9.29033
510.686 6.24367 3.22679 6.41139 30.6879 25.4033 17.8712 31.2589 18.5332 0.90028 0.0467153 10.4645
420.649 4.43338 21.0625 6.45986 44.7011 31.086 14.0711 22.5247 9.43654 0.126938 0.00283631 10.0755
280.958 12.628 29.9139 39.2766 20.535 0.802178 37.5278 8.66802 21.4231 7.59978 0.17836 14.2204
267.319 5.45538 42.8865 70.688 43.9626 30.6676 2.64952 0.918995 11.4147 10.62 0.040944 15.9379
211.756 5.27307 93.2603 6.32537 1.32033 12.3838 11.1723 12.3487 13.3529 17.0384 0.040944 13.7169
36.469 6.71885 97.5495 11.0542 34.2006 14.4526 27.2743 10.5796 3.22469 0.236715 0.005075 14.6298
35.3252 6.29149 102.214 1.91949 8.99748 16.6167 5.92298 15.0505 18.6261 21.0895 0.00732437 13.4849
135.685 8.51654 94.9799 2.51601 39.1524 38.0806 7.23499 10.6433 6.45898 40.3146 0.0362989 17.8041
233.24 11.7174 76.1302 12.526 26.9723 26.8689 7.33882 15.9033 7.25198 10.3651 0.0375753 12.8763
471.047 14.0912 19.1188 22.862 55.0273 2.04379 4.63945 8.68703 1.99417 7.74987 0.00756314 8.83539
427.88 12.8505 10.0414 20.4755 12.1773 5.4436 11.6532 12.951 1.6608 15.164 0.467015 11.6593
466.438 19.7182 8.0637 11.0085 4.11213 11.4803 7.77483 15.3232 0.832597 9.66599 0.120088 7.85269
387.808 32.3579 18.9584 7.49948 13.4489 11.3955 10.2753 19.4217 5.93275 3.68923 0.30696 10.9342
407.609 19.1214 4.52723 5.44692 13.1658 22.686 6.94155 16.5348 10.1569 1.61656 0.337428 11.034
412.515 16.7461 4.04226 23.7902 17.3551 18.5643 3.35121 4.16466 13.3623 11.9046 0.374304 11.4574
397.007 9.49309 12.7869 16.3725 10.3718 19.1311 7.22931 5.4827 2.30688 3.51917 0.0132416 5.67323
483.955 4.47005 1.48081 9.25111 13.349 18.9081 27.2115 6.05157 13.0745 7.96656 0.0089279 6.91492
244.349 44.3827 39.7014 1.3936 15.8882 26.5744 17.3431 3.65843 11.5612 3.90311 0.0241895 11.2405
371.076 5.96485 5.70725 10.3852 9.14771 9.66434 36.0176 2.04538 5.23898 19.6391 0.00382072 8.58004
414.557 22.6119 31.7484 24.0094 21.112 9.63329 5.8391 5.16797 4.08197 2.64663 0.652314 15.8651
528.964 7.4166 8.46517 23.3467 2.73277 8.08316 8.44941 5.85324 5.34572 17.4538 0.290565 9.67303
364.401 34.3983 12.9642 24.1433 4.53962 13.2119 13.346 1.64888 22.5733 18.6805 0.0686231 9.98536
355.893 8.32331 45.6517 21.7105 29.1499 7.26073 3.33212 9.45689 15.342 15.7104 0.124925 11.2205
450.553 31.7481 1.51596 20.356 33.9474 7.22119 1.3038 14.979 0.513986 0.966254 0.0127385 9.32581
462.207 36.1638 3.38567 1.04471 55.3297 14.4139 27.4344 2.11852 17.7008 1.67995 0.0215433 12.3566
372.916 26.6649 5.51 16.0682 8.20292 7.33851 38.0173 15.2801 9.87649 0.336166 0.0138865 8.82642
494.067 14.9269 9.85925 1.50739 12.209 29.9856 24.2324 13.8028 14.7785 12.405 0.396244 12.9247
479.776 1.48268 8.9486 11.0117 12.5758 52.2428 11.3233 7.08831 18.2647 22.7969 0.0699706 10.934
237.301 11.7143 21.7811 10.9759 19.4605 39.7576 11.169 1.93088 36.3861 20.4044 0.125282 15.7431
467.99 0.868784 4.61101 9.75696 34.1727 6.72881 16.3245 52.1008 35.1756 2.06231 0.00475781 12.0355
325.285 11.7421 34.5772 0.971464 20.7511 9.51691 16.406 83.5564 5.89849 13.4706 0.262231 17.0945
335.813 13.8122 46.5258 5.79219 8.16012 14.5727 8.57421 83.5564 5.70157 20.4883 0.411916 18.565
323.746 45.5644 16.2963 12.6341 11.4492 15.3482 18.1869 28.8932 12.0943 13.6208 0.211552 12.7132
277.828 23.2705 36.5224 3.39213 15.5352 37.4691 7.89463 30.1829 19.7613 24.1886 0.183305 14.6067
236.16 16.578 40.8227 32.2848 14.9598 61.5504 66.6007 11.7342 11.4632 20.027 0.00629984 17.3049
210.652 28.5741 44.0213 33.2583 15.155 29.4819 17.0101 21.442 8.40473 1.93213 0.0066188 11.2713
259.513 21.5335 4.11929 15.3157 8.88619 29.5814 8.15795 5.66977 37.0507 9.11223 0.074362 13.6596
150.528 70.3491 27.8681 2.17493 12.5311 37.3683 20.4186 31.8059 3.22445 4.35051 0.102652 15.7005
322.399 46.4171 5.14372 1.4759 14.5678 46.3183 25.9564 12.1853 49.2923 6.38723 0.0504335 14.8263
346.096 20.9141 22.7895 5.56939 28.1896 2.91269 39.5982 19.4685 8.14393 26.2024 0.00158111 9.51815
238.364 31.537 20.5863 11.1818 25.3445 10.0333 9.98025 17.4054 3.13258 14.9146 0.019502 8.83937
344.275 44.9578 3.9126 7.00419 9.49397 23.7556 5.41057 26.8934 31.8986 15.069 0.0056284 9.84686
329.444 14.2636 14.3924 17.499 0.0351534 13.2444 23.6615 11.2658 7.99453 9.32344 0.00764264 9.22096
330.255 18.2939 30.0479 29.4678 3.24098 15.4051 8.67502 14.5639 76.8965 0.623544 0.000460379 12.5112
257.908 23.3698 27.8601 27.2891 3.71265 11.8769 21.2115 43.1139 65.7764 1.02211 0.00076777 14.6028
182.335 13.8269 39.5571 28.3877 9.6062 3.55668 31.5552 7.07704 57.2136 9.66084 0.0012444 13.6453
226.322 18.9926 65.3706 14.3856 10.9216 1.70881 5.6468 6.94308 31.0678 49.7934 0.00103607 12.9971
347.512 27.1624 29.4793 6.37466 2.42425 0.372763 3.18756 1.6327 26.7854 25.0629 4.81342e-05 8.35352
422.839 10.6339 6.00307 32.5561 10.2511 9.9059 2.83018 28.9496 24.6085 53.0519 0.00548471 11.6797
328.902 3.58229 12.6958 10.9259 32.0454 9.38062 7.96613 16.658 8.0771 12.9585 0.0331629 9.79158
477.662 4.36353 18.9851 10.1514 35.0166 3.25694 6.94683 15.881 13.4285 8.61668 0.00906983 6.69272
335.16 3.75771 19.8049 39.1131 46.7599 10.4648 5.57309 7.92054 4.51144 11.6755 0.313058 13.382
405.204 4.88273 26.9097 17.1473 6.63178 6.50824 4.90153 4.91852 1.47651 3.59355 0.163252 8.00133
390.757 6.13399 29.5977 31.853 6.63178 15.8201 24.6007 1.60907 8.56709 26.4769 0.245062 12.6022
383.375 4.49576 17.0912 14.9659 3.53283 8.4828 10.5807 20.6913 7.51172 6.79858 0.0161982 6.47492
453.676 1.56024 27.3808 2.8734 2.79982 16.5262 7.8036 13.4683 6.80549 15.3339 0.0264587 7.08471
399.504 11.323 30.708 0.378719 45.2064 63.1544 18.9699 19.3946 5.78101 15.2283 0.0476738 15.0423
268.215 34.5806 28.5084 17.54 22.5281 45.0195 37.3767 35.2533 5.78101 28.8037 0.0871827 16.9996
556.871 4.15704 3.58413 16.8828 31.807 3.71414 5.62138 31.814 3.03674 47.0178 0.131698 12.8588
572.213 3.20501 5.89841 17.7711 5.53038 2.82693 11.4255 3.38736 6.35967 16.6532 0.0212042 5.98382
451.446 3.65024 14.7978 23.4115 8.79469 26.7326 30.3323 5.39344 0.922335 18.1114 0.0502454 9.65032
377.978 20.3204 13.6333 18.6074 9.34492 35.266 24.6689 11.0736 15.3755 20.796 0.00172372 8.49493
441.281 24.8818 13.8133 37.9028 1.3879 25.1266 10.7102 2.69146 8.19849 15.577 0.00172372 8.04736
555.117 11.5008 2.52176 36.751 5.32186 3.52032 17.9785 16.0568 23.4539 4.06613 0.0669584 9.67732
431.943 0.968941 16.7954 29.4687 7.66494 24.1893 17.166 9.91698 11.0044 6.6172 0.00576322 7.46425
442.824 8.4477 18.0568 50.6429 41.6451 5.37171 15.9402 16.391 9.91433 3.35775 0.00162438 9.26989
187.971 33.0702 19.4435 24.4043 26.059 6.72734 38.3318 64.0361 5.81948 28.674 0.00162438 16.2497
291.621 19.2769 42.5449 11.3403 22.0083 5.04156 13.1338 6.03663 5.77224 1.03716 0.221273 10.9685
339.12 23.2479 39.4965 16.9057 15.4242 0.505026 24.0098 20.9214 4.87576 8.16515 0.279913 13.6086
390.569 10.6198 23.6751 6.61555 1.73486 2.71436 23.8771 3.18948 4.21123 20.0098 0.0395485 7.72067
336.165 7.06626 49.9 9.67574 12.7335 2.76291 18.7574 4.16663 13.1465 17.2552 0.171016 10.9231
215.054 14.9321 62.3028 7.43753 13.9557 6.82408 7.15403 3.6433 5.52189 31.6584 0.153368 12.1489
436.4 23.2095 26.9314 7.29862 24.212 13.1323 17.6481 10.1243 4.71273 17.4998 0.171431 11.2737
337.511 37.2045 26.6512 24.0996 18.5716 33.9521 34.105 10.4535 0.767364 5.0797 0.116118 14.1259
413.882 15.2543 7.01455 1.9769 20.1976 12.5976 31.3258 5.86718 46.4869 7.27175 0.154887 12.5172
415.329 19.8235 7.48843 41.5754 32.0216 18.2873 4.5691 22.7836 18.4671 2.53605 0.0444092 10.8179
416.872 41.4845 6.05117 3.28472 23.2958 11.4764 16.5272 10.131 11.1274 12.4486 0.0374726 8.88426
447.919 25.7087 8.1753 5.99785 20.6907 4.52537 3.09007 3.56478 25.0411 5.54569 0.0230532 7.038
495.437 18.4406 10.7216 16.4349 51.4992 15.0672 14.8297 6.99995 16.6147 12.3087 0.126139 11.6834
534.411 19.2693 8.99185 8.67434 17.0401 2.4461 12.3816 7.89084 3.31192 21.3383 0.00724674 6.7958
489.829 19.5339 2.26128 38.8422 12.3351 6.96507 22.9984 0.755389 15.6878 5.25802 0.00747594 8.20734
439.203 18.7124 2.39832 10.656 34.9113 12.2925 33.7379 5.5418 8.28685 7.8615 0.00719236 7.87281
449.244 7.27767 13.6114 19.0941 30.089 8.10229 32.0076 27.9613 19.0823 9.15631 0.012018 9.49478
403.795 15.625 19.2325 2.01969 49.246 20.1618 2.90542 4.47444 18.0361 22.4958 0.0414703 10.4694
424.318 14.9647 8.06401 3.90917 45.488 23.3258 25.9239 19.2342 6.94318 22.3171 0.12495 12.3214
454.3 10.6029 3.22824 34.3744 52.6448 7.64761 17.9266 7.58351 11.3835 8.71675 0.0123097 9.52304
418.782 26.598 22.8274 19.2101 0.887091 36.7635 3.86348 29.8897 30.2866 7.26684 0.0533476 13.0452
489.343 6.72888 7.83308 33.1848 26.749 12.4021 23.0225 35.774 2.51028 8.25677 0.0232137 9.88719
502.119 12.6678 18.0989 9.29879 26.6191 20.9831 4.38081 23.7689 6.7351 2.01581 0.0251681 8.309
443.733 14.0501 11.5146 56.7536 26.6431 6.50507 4.15122 20.8771 4.82569 14.4983 0.162133 12.1234
424.233 11.9719 13.3821 54.9831 29.5284 8.77374 4.31489 4.59794 22.9145 50.107 0.1486 15.1222
682.995 8.02207 9.44736 27.2406 50.6404 8.16532 5.87139 23.1961 20.3621 33.0305 0.0299709 16.5466
302.616 23.4624 8.73304 35.2472 10.0492 29.9634 3.22811 25.4199 5.94715 63.0369 0.0115969 14.3447
339.845 51.6693 9.2501 3.31473 33.403 2.94979 21.3887 6.86674 1.98859 6.15759 0.0627239 10.4287
296.161 45.2126 14.4986 15.1929 11.5098 1.18304 18.4227 52.7316 2.48294 5.68786 0.197955 14.113
446.714 19.8048 8.82956 14.4079 9.4438 52.2446 20.0915 24.9197 0.468745 7.25609 0.155403 12.72
439.69 11.5743 17.4175 21.1087 10.3211 67.9316 33.8051 18.2968 32.216 17.8819 0.0584185 15.3166
384.88 9.77597 19.0434 17.947 22.9058 29.7811 2.83703 16.0204 6.17877 19.0342 0.00985126 8.07902
296.81 24.7692 19.4343 5.66593 6.52249 4.56079 12.8465 1.39721 5.97107 26.5313 0.119882 9.7901
377.548 13.9783 37.0236 29.7698 24.5989 3.50079 7.32428 55.9814 5.92446 21.8583 0.117244 14.5825
194.739 17.6631 54.8921 28.2398 5.48972 18.0539 3.36084 14.7818 5.77505 43.4357 0.000164233 10.6112
456.055 4.14847 3.36487 36.8019 10.097 25.8728 22.0701 15.3282 6.51547 24.273 0.0548971 10.7288
449.035 21.7026 31.4161 6.30872 3.83254 27.891 31.4748 13.1925 36.095 21.3949 0.0184684 13.5514
300.264 11.138 34.651 15.2332 10.636 20.3738 2.72725 40.2 21.0638 26.905 0.000804393 10.1134
304.191 49.5734 2.36159 23.7833 12.2997 8.59852 12.1176 5.72309 46.4052 14.8816 0.000804393 10.0021
266.455 44.2142 8.00044 17.2165 7.00343 9.30892 16.8046 9.52262 6.47937 10.9263 0.0255986 8.01204
126.7 50.3539 23.5227 15.1933 17.1594 2.66658 14.8313 25.5768 1.21066 1.66159 0.000263392 9.7251
283.25 19.1746 34.3641 18.3626 18.4937 0.642687 12.6425 19.2379 1.21066 0.447768 0.000263392 8.0018
314.805 18.7577 33.2213 9.16043 21.2665 1.20503 70.0732 24.1982 3.06792 6.30916 0.00166791 11.6279
362.557 3.50727 25.8973 64.9859 40.2638 3.16242 21.5909 18.0544 3.94758 8.93541 0.00247808 11.7727
369.639 15.1545 13.9993 27.8248 19.3943 2.6023 14.1502 4.04204 14.3995 9.89696 0.00620234 6.81772
477.199 6.77971 4.79387 23.746 15.7162 5.11547 11.115 12.4768 23.9431 0.299002 0.00620234 7.22951
474.773 7.04866 4.08456 14.4426 14.1937 6.75208 9.85315 15.6567 1.80583 8.51025 0.00707882 5.14911
443.381 30.4959 7.0061 31.6868 22.7655 17.183 23.9082 15.2933 15.8228 20.3046 0.0280137 10.9619
490.942 24.1031 6.75571 24.271 21.8895 15.8369 10.6587 18.3395 3.84151 5.82305 0.0330646 8.32374
435.86 26.4067 11.2335 6.6077 21.9502 12.8781 7.94383 62.1177 29.2356 3.59742 0.00424675 11.0192
442.541 16.2735 20.1828 4.36364 22.2198 1.71942 0.692787 40.1707 58.9872 5.28026 0.00311761 12.0964
309.687 7.96732 32.3891 13.5444 20.673 19.3151 5.95828 71.5512 9.93994 19.0678 0.0199329 12.995
270.612 7.82548 65.7888 19.6828 1.03768 54.1901 6.65672 60.5443 0.244048 3.18318 0.0922189 18.7867
249.67 1.64823 42.3424 19.6166 3.50711 103.296 6.91787 25.4589 9.56051 8.71747 0.0158311 16.6238
486.568 21.8437 11.9642 34.0984 22.2112 2.25579 0.471292 4.32255 4.10898 14.1113 0.0663318 10.0204
459.323 3.76418 15.3828 20.4819 7.75153 11.8531 18.0965 7.0585 5.01226 8.26044 0.197586 8.5297
395.589 27.068 8.61653 18.3121 18.6708 6.70653 2.6975 2.33785 9.03079 8.34763 0.188408 9.00698
418.203 21.0796 16.0221 17.6587 9.64576 7.74081 0.31417 3.07422 45.2257 10.3143 0.210208 12.3895
481.011 23.3245 2.30944 20.3202 3.14495 11.9419 11.2749 19.7279 43.8494 5.91869 0.106344 11.2054
388.054 30.8303 23.7349 46.4258 5.90259 17.2301 14.8803 14.2579 15.8446 4.55617 0.0822871 11.9914
337.973 14.1843 44.4812 26.1649 33.8775 11.1098 5.26315 9.18587 21.1016 7.32953 0.092372 11.6266
450.668 18.9268 19.9044 10.5062 9.13266 28.0809 4.81283 5.44206 30.4366 0.677156 0.266411 12.1781
565.553 2.73819 4.18803 7.83598 9.63899 23.1805 4.59762 32.4304 15.5469 5.99679 0.194187 10.2324
462.341 1.10582 17.067 3.91455 12.448 9.15291 7.82624 9.64743 22.1146 3.09913 0.0892179 7.83071
426.983 13.375 26.0601 20.3924 15.5706 6.81592 6.14226 48.2834 24.0982 2.19035 0.0810805 11.6415
493.218 7.65156 12.3244 46.3624 34.1021 0.751349 4.22066 45.0103 24.467 10.6222 3.88507e-05 10.9421
459.46 22.9512 14.2697 49.5534 6.02711 7.54766 10.4301 16.0274 20.1318 1.54619 3.88507e-05 7.76772
556.538 8.74489 5.31989 13.7755 5.56462 13.895 10.4918 18.7287 15.8479 6.75958 0.0293611 6.63136
174.323 68.9349 16.1955 14.6893 18.0224 21.2699 7.89267 7.62232 4.51641 5.66748 0.000663713 8.62475
281.837 64.3418 1.96593 15.9331 14.1908 29.0799 5.90341 9.17433 24.8757 0.364538 0.064358 12.8044
294.431 28.5592 3.70321 20.8599 17.7833 15.2835 11.6497 2.34435 14.8726 21.2647 0.0161795 9.5878
365.143 42.6168 4.76436 28.2068 12.7208 7.24406 21.951 47.8667 29.9563 14.0952 0.00739681 12.4571
395.706 26.6556 15.9344 6.70869 5.31888 10.4755 12.9444 14.2845 12.4258 14.4357 0.00864428 6.25371
178.924 59.4566 7.44624 31.8496 16.6422 18.3231 27.2663 27.3581 2.1183 13.1921 0.0294062 13.4284
229.99 21.8622 38.1526 24.5252 10.3064 1.20222 12.751 8.10782 38.5463 30.2048 0.0136973 12.0316
110.63 46.0123 46.3805 30.3419 1.87899 32.0442 32.4011 23.9623 3.56291 2.46045 0.0234094 14.8279
97.1984 84.9839 2.3657 2.20893 11.4138 19.0651 16.9125 42.1011 23.5591 5.93911 0.0496683 16.0574
158.225 71.5571 26.8656 8.80565 43.6567 27.62 11.2017 40.7001 19.7453 12.8827 0.0861289 17.9709
470.633 22.7529 14.3587 38.1157 8.35692 15.4593 5.94684 26.3735 1.72644 46.2007 0.292242 16.0317
463.177 11.737 17.0075 24.4704 1.64829 31.209 11.1767 33.2138 18.9459 37.4473 0.0185013 11.9316
461.188 2.18693 11.0979 12.4112 35.1533 17.0253 26.7969 1.62506 5.52876 11.4476 0.0170648 8.33466
478.524 10.7719 7.29099 3.6409 3.59774 28.5603 39.7758 17.4945 41.1032 11.6127 0.138527 13.1155
562.643 1.53494 2.33415 7.42573 15.775 19.5614 2.93581 1.02034 22.8221 13.4587 0.00617652 7.00375
398.56 9.35077 23.095 9.22172 74.702 17.1733 6.74262 29.6308 31.2513 21.8758 0.00617652 13.3422
378.724 6.58455 29.528 3.02854 15.9032 13.8718 6.67294 47.0133 12.1334 28.6926 0.00617652 9.79917
368.148 17.5879 18.0245 5.42644 11.6035 6.65583 16.5355 29.2117 4.29712 16.8924 0.0312133 7.90905
527.822 12.8939 5.25556 23.3336 11.6781 2.03132 11.0604 10.9672 5.93838 5.21078 0.0227146 6.04592
428.153 9.11762 5.5135 33.1519 12.38 41.8944 12.2128 10.9672 2.77301 14.4545 0.148966 11.1732
412.197 10.1111 6.6907 9.16294 5.21198 41.0202 16.0245 7.95104 6.13223 6.52214 0.0418467 8.09012
473.563 9.29507 8.29528 4.5616 4.56192 45.194 8.39651 54.4797 9.70757 7.97191 0.0335249 10.8233
423.174 17.2993 7.94291 22.5184 1.269 41.8538 26.1334 37.2743 19.2334 14.8111 0.00817006 11.6768
440.283 26.0263 2.53064 14.3974 18.2672 32.1799 9.80709 29.7421 16.118 1.55823 0.00718528 8.98276
284.4 37.8365 20.0626 14.0782 21.0464 10.7071 2.51749 5.377 22.155 4.54862 0.0232812 8.39615
328.729 17.0097 34.7104 20.1371 10.3365 8.40184 13.8243 65.2831 26.0528 0.67819 0.0410937 13.6107
349.67 26.246 13.9221 3.2851 8.96196 12.1362 4.54165 30.485 18.5212 62.7242 0.0791943 13.5826
535.347 0.649699 16.6231 12.1618 7.43987 65.7621 35.2105 2.32074 20.1669 61.104 0.0228904 17.0221
432.6 14.8555 27.9458 7.21692 6.55709 10.1156 25.9506 2.82836 0.71447 15.3159 0.000663903 6.62705
468.553 25.6011 21.3895 6.24667 15.5925 5.18441 31.4389 29.178 2.98372 2.81133 0.10207 11.7009
307.579 41.4675 17.2126 15.1724 14.3968 12.0658 5.24086 41.6828 19.8587 7.93634 0.213758 13.2302
263.854 22.7089 6.84551 15.3118 9.60406 15.1061 8.91434 10.6876 36.3681 19.195 0.118053 13.3953
369.253 28.9789 15.5855 13.9702 19.8384 18.5416 31.5313 11.381 32.0584 20.711 0.256728 14.3521
384.985 0.369746 33.7392 5.53555 15.4579 53.1767 17.6155 2.27278 28.4751 27.5393 0.238175 16.2825
327.419 7.14276 32.9852 26.8134 3.47273 3.92005 2.63336 13.3746 25.5141 6.07909 0.0801166 9.51508
263.185 40.7025 18.1067 28.6709 19.3784 30.6124 13.5028 14.4086 2.67791 26.8164 0.0191541 11.4322
308.744 30.4342 10.9102 10.5863 3.72257 23.7634 16.3645 8.7508 2.78995 20.3849 0.0012628 6.99386
455.181 27.6867 38.5219 20.9901 7.46167 11.599 16.4528 16.2589 5.98126 27.9453 0.0577893 14.7187
31.2044 32.514 83.8503 3.81212 8.64939 9.76913 21.3559 4.8869 5.64439 7.76085 0.107347 14.0398
384.328 3.4511 40.7458 5.15246 27.6329 12.5287 13.0685 12.1164 10.7443 7.7172 0.14428 10.0033
571.712 4.94325 1.65584 23.3706 16.3536 3.83522 1.81519 6.76409 10.6535 4.72691 0.128424 8.24916
508.494 6.86466 10.345 21.025 39.5042 44.8643 14.1209 10.4148 18.8368 8.6846 0.171361 13.0274
470.759 19.5051 9.69753 20.1777 24.5319 27.0486 4.3746 12.8275 14.606 8.87704 0.42883 13.2101
482.725 13.7233 4.95012 21.2116 3.70088 20.0659 19.9979 5.23054 13.1013 26.2267 0.388811 12.4951
425.155 7.62979 30.0016 11.2125 2.59838 0.840404 32.7135 8.97808 3.87704 44.7141 0.201072 13.376
376.843 21.4379 21.1876 43.1712 3.90628 5.69567 18.0183 7.12741 14.919 11.2624 0.462332 14.0888
383.085 24.6442 23.3618 15.4539 8.96581 4.95441 21.8818 7.74274 18.6402 13.7148 0.00935534 7.50812
339.998 20.4492 26.0533 22.4694 10.8086 10.2756 36.005 8.68101 6.04322 14.0287 0.115718 10.4707
336.906 8.56692 5.77424 24.7704 5.01788 19.3884 6.65502 19.2978 5.07544 13.4699 0.0163119 9.24042
503.232 11.2898 17.8193 45.9656 20.6441 50.198 2.86103 26.239 8.60581 11.3915 0.0593181 13.796
405.891 8.51353 5.41809 34.0155 21.9174 19.0275 1.98784 11.6322 4.86048 5.81259 0.0360814 8.49204
229.608 22.2607 15.2052 9.16408 16.3179 17.4832 2.3531 13.7858 6.0504 10.2422 0.0562471 10.279
320.595 13.5174 27.6307 13.7864 4.82376 11.1902 0.370977 3.69948 5.85672 7.53942 0.0288495 7.16268
495.475 1.48503 21.2668 20.7484 10.6802 16.6972 13.1227 17.2315 15.9835 23.1194 0.0191949 8.60332
284.483 3.0623 41.7407 31.398 1.46442 60.6234 9.6019 10.6592 51.3775 25.3608 0.0072245 16.2021
356.928 2.51177 32.017 3.89993 6.73223 21.3725 2.86019 25.1723 2.29248 37.0088 0.00856625 9.4735
265.028 35.7411 20.2319 32.2933 13.7089 9.21674 14.8974 7.75098 27.5362 48.5621 0.0376737 13.3893
360.608 32.2049 32.3121 18.4796 30.7892 28.5285 7.11385 17.8059 6.83316 23.5985 0.00731482 11.6578
193.276 38.1562 21.7192 24.2769 18.8303 22.49 19.2205 21.6418 0.704622 22.2496 0.00478744 11.6365
381.84 38.1562 18.2148 10.6726 10.5339 9.74658 11.2312 63.3132 22.1736 22.7463 0.0116153 13.0295
454.164 17.7507 7.18969 11.7313 9.56021 9.6588 3.08005 45.2296 30.3216 18.1579 0.00587485 9.12004
554.112 0.426879 4.86971 70.4673 4.30314 19.3005 30.6462 19.7943 11.2797 22.7485 0.0132749 13.278
567.452 14.1819 6.96241 3.0948 4.10799 21.8596 58.0881 69.414 24.5333 22.3788 0.0256863 17.2014
298.699 23.7526 23.8644 7.40995 5.56388 14.6128 10.2153 28.656 11.1387 33.1183 0.0301473 9.97851
460.651 17.0266 2.33028 15.8231 12.3104 29.8028 16.5623 17.2417 3.39816 3.8416 0.0174168 7.41816
460.24 19.7286 4.1709 4.47389 19.3241 19.5215 33.8856 1.45161 21.4335 4.33918 0.0278874 8.93833
534.973 9.83545 25.004 12.3112 6.78363 26.7964 19.8614 10.5663 14.9112 9.57553 0.0659593 10.3763
384.087 22.4217 5.04533 12.7617 7.31929 27.5453 22.0201 4.72519 11.6019 20.0177 0.0700909 9.39774
332.978 18.2874 22.0289 11.4194 4.02365 76.0246 12.7672 1.15815 3.58556 15.0085 0.132323 13.4704
275.02 13.3741 25.1055 20.7811 3.69542 15.6061 3.95263 16.1564 6.12831 3.01072 0.109492 9.58122
345.015 22.0539 47.6459 21.2397 3.03076 15.6383 9.02627 7.99652 5.40824 19.0292 0.0668723 11.0999
449.671 20.4788 8.93804 30.8417 7.49325 10.4793 48.1472 28.29 12.8504 12.0294 0.0231708 10.9728
398.495 4.39249 31.9518 28.4732 40.757 5.74778 65.9522 4.36859 19.0505 15.9705 0.0397572 14.6058
442.967 27.9606 9.40898 19.4253 34.3749 9.7448 24.0426 26.0283 20.1112 14.8316 0.0309592 11.1745
242.347 21.6898 17.7839 3.6746 2.84427 8.57016 28.2349 2.58492 34.009 1.46423 0.0117625 10.881
329.233 52.1309 13.9505 6.0913 30.06 6.17642 47.226 24.0766 6.54429 26.5474 0.010481 13.4112
279.985 41.8597 25.0521 14.0827 15.6568 6.41619 1.81781 19.2381 6.54431 14.5293 0.0548833 9.57525
424.687 4.0796 9.32531 11.5041 18.6663 29.5688 21.0862 5.29067 7.57563 8.13202 0.0409932 8.1841
429.089 33.4408 12.4451 15.7289 25.6822 8.32765 23.6882 14.0225 2.86451 11.4598 0.0223531 9.01997
442.083 27.2552 17.9215 8.95348 19.9825 11.7923 24.4019 8.53159 9.47513 12.2654 0.00292332 7.40588
374.764 32.0952 20.8426 0.827059 18.1811 26.466 13.5969 31.205 4.52449 16.9814 0.0179361 10.5493
349.724 41.7988 14.1009 7.81553 4.31077 39.5537 21.0271 26.4966 4.57293 27.6324 0.083587 13.0157
268.83 37.4694 19.4522 17.2111 53.5803 31.6384 8.20171 15.8895 7.87292 33.5091 0.049486 14.2687
360.749 29.5388 17.868 17.8137 24.3155 37.8691 19.6258 22.0833 3.89288 68.1838 0.351537 19.4861
422.051 4.8937 6.47336 22.3356 35.6432 39.9531 51.6181 11.6901 5.5011 38.1555 0.180724 17.1663
441.104 1.05516 29.1442 21.756 35.7038 22.5714 44.6272 13.7987 8.03276 47.9205 0.0721154 16.0213
527.658 0.653897 5.28223 9.96025 13.2739 17.1046 29.0004 13.0102 9.70342 13.4731 0.0682597 8.86814
535.054 20.3454 5.29024 14.783 18.9204 9.62813 31.058 10.7875 8.23212 32.8089 0.0697964 10.9592
490.332 7.28618 14.9147 33.3744 17.9354 10.2048 4.3778 13.7346 10.3494 20.6517 0.0494194 8.49051
167.534 30.7239 86.7561 6.4861 7.07011 2.939 5.67642 14.4656 20.4059 18.3956 0.0541687 16.0645
203.852 38.3509 43.5587 12.1211 12.2724 36.3154 14.3658 13.8943 25.4282 6.43615 0.0708814 13.1168
285.916 2.16551 15.9683 15.2219 7.78476 17.1937 0.662621 9.11973 15.9308 5.6883 0.00284267 9.77385
461.434 2.9641 32.1255 13.5608 8.11579 26.6866 31.7004 3.99596 2.22236 14.831 0.00284267 8.24159
569.577 3.78098 23.0682 9.23778 22.1496 44.6566 5.04377 3.25614 3.46566 1.87992 0.001706 8.87736
330.083 11.8868 35.1507 12.4222 10.009 19.9101 27.7981 1.99672 17.3329 12.6089 0.0253202 9.01073
372.186 10.225 26.2706 4.4942 11.2732 38.133 4.63117 27.8456 2.22562 7.24775 0.057881 9.42753
295.67 17.2488 32.4496 2.84911 6.16181 9.19626 6.83237 48.7876 6.45147 7.60572 0.0133635 8.89563
440.93 0.603259 24.9009 15.6553 4.64766 8.83641 8.16173 7.38607 3.11319 9.43212 0.0027351 5.27412
390.631 23.6625 13.6258 14.4758 28.2999 23.7585 6.15179 22.7942 12.5336 13.4722 0.000166557 7.01927
434.187 11.103 22.7877 1.94956 43.6108 30.8474 4.69848 3.67961 20.3828 19.6169 0.000166557 8.56682
460.266 11.9428 29.8095 1.73239 21.8722 39.2328 14.7109 3.62471 5.59441 8.89478 0.00107263 8.21217
435.119 14.0184 7.58489 1.69205 8.86245 2.48691 23.1635 6.68534 11.4437 7.07168 0.0233005 6.29637
421.152 8.92429 32.7709 10.8112 48.6432 29.692 21.7438 9.28763 1.08064 9.50324 0.0220009 11.0883
359.242 12.2919 33.8391 1.20536 6.72646 43.4757 6.93587 22.02 13.1726 15.6117 0.0168336 9.83068
270.688 29.4481 24.8592 10.7562 18.4308 49.8868 21.8573 30.8043 2.71016 35.393 0.052526 14.8642
387.288 30.0244 3.65895 15.3259 7.28458 33.1029 1.72177 25.3896 6.5376 42.8196 0.396056 15.986
359.708 23.4121 12.1279 39.9273 19.5091 25.6271 5.39441 13.8328 6.02178 3.17233 0.0931229 10.2047
378.997 10.734 15.4632 44.4553 9.19725 3.07371 22.0362 2.73749 3.02277 21.9428 0.102713 10.4622
408.28 38.3179 1.0709 5.20491 1.8204 24.3083 14.8571 1.75469 31.9338 13.9493 0.0661446 11.1507
256.193 33.8222 1.57048 13.5386 13.1948 17.0993 3.30232 4.47425 30.209 20.0256 0.0433198 12.0898
164.351 58.4897 0.362003 22.2672 12.5031 29.3275 15.601 11.5684 19.3635 0.909858 0.0033671 12.8953
244.913 21.5803 31.381 15.5591 14.784 1.63971 7.89792 36.1983 36.9218 6.41178 0.00270776 10.5307
401.514 8.71767 26.195 5.90284 18.3916 17.5746 5.55875 29.221 51.6756 6.77968 0.00392243 9.92868
401.487 15.4413 42.4789 30.3569 9.0988 3.38159 9.30597 14.1515 12.74 8.76929 0.0273862 9.78554
362.953 18.0921 25.6491 22.5858 1.25422 2.18921 9.79799 34.596 30.8 16.0361 0.0471224 11.3361
447.402 11.2241 17.067 28.8299 2.87148 3.64987 8.57117 1.66101 48.5536 37.0911 0.148957 13.6522
528.47 0.0812796 8.43039 31.868 7.77937 2.86241 9.54599 23.7174 6.02535 11.4649 0.011675 8.3255
549.758 3.48565 4.03868 40.029 2.99339 15.2985 13.6427 12.9618 4.89689 10.1691 0.011675 7.12727
548.788 3.1266 10.5508 3.27993 18.9989 2.19499 5.39947 19.1107 13.7682 3.51454 0.011675 6.05454
327.325 3.22199 44.887 7.7085 5.19211 8.92519 25.7058 14.6464 14.8624 12.2808 0.00291031 7.60576
404.133 9.25548 17.1936 5.74226 8.93306 20.2361 6.07639 8.79677 15.0025 7.38343 0.00291031 4.97638
457.791 11.7288 15.785 4.25319 25.3738 1.14174 23.6971 12.3429 6.70889 44.3249 0.0678633 10.9455
515.397 5.85707 13.2097 8.15089 8.14516 26.4786 2.90939 6.1621 3.69167 26.3456 0.153841 9.1693
518.382 2.1801 13.7933 23.9703 17.6467 32.0057 6.46435 24.8779 4.97942 20.8145 0.162019 11.6287
297.471 13.022 46.6201 31.8912 34.627 34.5984 13.8541 6.86191 17.6798 12.0963 0.0278823 12.5454
584.951 7.80936 9.95043 26.1249 16.6487 32.0347 15.3438 7.90924 2.79916 15.3887 0.0988988 10.8405
203.674 37.3574 34.013 1.89087 12.0417 31.691 22.617 10.7412 23.882 36.6703 0.00902198 12.9743
162.674 39.7225 50.779 6.09475 28.6049 30.0803 28.6392 20.7707 15.846 10.2216 0.000340211 12.4598
149.707 28.305 61.9162 8.37356 26.7601 58.7152 18.1496 19.0334 11.1684 10.8962 0.000340211 13.5323
62.883 45.5 51.0916 6.60809 24.5923 27.4725 18.2705 12.7741 14.855 6.95668 0.000340211 11.4247
181.321 28.5734 52.2376 6.9104 8.30518 24.4669 44.4133 20.5593 2.52623 16.2027 0.00454885 12.1574
455.461 19.1052 4.54622 5.05727 33.1707 23.8433 69.3006 3.39303 20.9807 21.9015 0.0299005 13.7731
487.875 23.3235 23.7369 4.98501 22.3789 33.8764 16.6884 2.70964 1.73956 27.2022 0.00362095 11.0943
203.705 41.0396 20.9535 10.9503 7.34664 3.21797 12.2167 5.21037 12.3431 27.3083 0.00837516 8.81204
106.617 59.6098 12.6563 1.45612 10.7848 21.5102 16.5089 4.34719 23.9786 27.3568 0.00837516 13.0144
253.532 38.0807 21.7664 16.712 18.1611 25.6572 12.7231 5.85109 41.3244 4.94272 0.0118277 10.7966
502.641 8.75281 14.9626 12.8138 15.3539 2.33732 38.9761 3.60305 2.91274 2.34962 0.0113982 7.24894
464.313 20.7524 16.6211 14.9708 11.4873 9.34686 24.6637 9.6583 7.34911 16.2223 0.000951807 6.33912
309.634 16.7795 32.5066 14.2176 8.89235 2.83532 3.60446 8.11311 12.9567 37.6718 0.121894 10.691
277.191 43.366 17.9352 14.0976 8.40086 9.55977 5.77262 7.87657 14.254 7.37175 0.00300604 6.39806
396.167 21.3546 8.44219 36.1764 10.3298 15.5102 6.18695 1.31204 8.26305 10.1126 0.0505082 8.0706
383.596 20.0051 2.80801 1.76267 18.9558 19.5564 3.17997 62.2498 7.23054 14.4175 0.0327071 11.7472
415.352 7.56042 18.3879 3.9398 11.1311 2.2797 1.11277 17.386 12.8962 15.5973 0.0250327 6.88469
413.285 28.3048 12.8295 4.76099 8.47026 8.69428 2.7569 35.594 22.5943 26.4334 0.00111174 8.45926
534.723 6.71558 11.4517 11.2932 7.02239 18.2551 45.9484 10.7618 3.62609 11.0314 0.00135238 7.11745
476.825 14.6102 2.40691 12.227 11.1135 24.8 19.8774 6.08319 24.8176 5.80079 0.189256 10.2277
518.804 14.1831 10.2935 7.39381 11.5772 5.14756 15.1379 14.4945 16.5147 12.0621 0.093193 7.96597
547.459 15.7837 13.3876 14.1493 17.674 16.3703 13.4438 5.50123 15.1907 36.4675 0.217859 12.8466
382.737 13.293 4.43089 13.9703 52.0409 35.7053 6.40606 16.2831 13.07 6.51427 0.331705 14.3629
234.478 44.4235 6.27724 2.72897 11.3627 4.02945 7.14764 17.548 12.2309 11.0962 0.0156411 8.47896
-38.6345 108.125 15.5542 14.0227 13.829 4.08996 5.92554 17.2141 8.64397 11.6235 0.00507426 13.1999
428.07 35.7266 8.06675 4.72857 7.58965 18.0855 7.03919 16.447 22.7114 3.55855 0.0129065 7.71616
436.298 5.14344 25.2804 13.4288 12.752 20.765 3.46106 17.8106 9.71625 22.5283 0.00622783 7.03124
346.157 36.8402 12.38 16.7011 5.8796 19.1694 16.9627 16.8436 4.00842 16.9473 0.0226332 8.36721
399.045 40.9277 5.79258 16.7011 20.583 8.87206 8.59354 9.19155 10.006 13.6232 0.0623946 8.70419
411.881 13.6072 13.4247 20.8493 8.84074 16.2511 1.63403 2.08354 2.58231 33.3542 0.0245787 8.09732
281.949 45.086 13.8747 22.4694 2.41708 17.2852 9.16062 11.4022 5.03429 0.741416 0.0777234 9.81713
365.605 26.1077 17.9334 6.29606 10.8668 17.6499 7.81458 15.332 28.4144 21.0087 0.0458251 9.35236
321.54 5.97199 33.2124 22.2678 13.0713 2.73664 0.547653 10.3778 3.56215 29.2261 0.0429416 9.69868
382.468 32.1422 38.399 5.68999 6.90494 4.81161 5.45698 15.1441 4.8815 54.1989 0.054744 13.9044
408.985 30.4932 13.2185 6.11112 36.2062 5.17408 29.1503 10.5796 15.3403 10.6625 0.0112897 8.97884
258.749 31.8168 27.8734 30.3932 38.1492 6.86107 9.39641 6.46376 12.1026 12.1868 0.169697 12.4512
477.92 6.02586 4.09104 27.0117 16.8912 11.7234 68.4789 7.58294 17.3578 16.24 0.200438 14.2188
549.127 2.86952 10.5141 7.02612 7.76552 51.4806 19.9501 5.80348 22.5626 5.04206 0.4658 14.6949
510.047 13.3918 6.45497 9.52769 24.4325 20.644 21.8901 28.1975 15.3247 16.2437 0.0639439 10.1573
435.726 14.0207 7.72957 12.7251 10.7348 19.1403 1.74342 27.1453 25.1299 6.51218 0.0497763 8.67557
378.009 21.1153 22.9095 5.90847 10.9646 2.01025 4.11698 2.86144 8.46808 2.09704 0.00207555 4.89127
427.368 17.2197 13.4185 37.0631 11.4431 3.29814 5.78732 6.35582 9.71182 3.71477 0.00207555 5.51831
459.32 7.12864 15.8487 16.2913 11.3449 2.50936 7.12544 21.1045 19.279 40.293 0.0927561 10.4702
502.196 13.019 4.44369 18.8318 7.64029 2.9516 25.4814 1.59679 5.13818 4.39727 0.150013 8.49292
229.916 44.4914 7.28343 15.8552 23.0238 4.27517 6.42529 2.42008 19.9052 15.4666 0.0243546 9.81489
358.078 29.4221 9.27202 13.9485 32.7721 7.047 11.5609 6.28305 4.59718 5.27978 0.0560787 7.90672
382.58 29.326 6.67116 45.2014 25.8845 18.5262 15.7802 1.319 10.4305 10.4229 0.0585253 10.8629
429.363 15.9461 6.11519 23.1254 16.9079 66.4857 11.1269 15.3962 6.4587 7.76438 0.479737 15.7752
475.368 6.59096 1.0379 32.1895 22.6954 16.2262 12.1624 25.6946 4.28923 3.29308 0.479737 13.8767
485.146 7.08402 13.1625 6.27803 6.70924 25.7005 6.30373 16.1962 4.28923 19.6056 0.216457 9.43939
401.01 15.0022 4.7643 24.4894 21.9468 11.805 4.39092 3.36444 31.5024 45.7023 0.00308121 10.377
311.219 35.3359 19.3308 29.9928 6.62533 10.4447 13.5323 6.10705 15.1982 31.0343 0.025764 9.89941
380.852 25.4588 18.6292 3.29041 16.7284 11.2016 14.3793 6.10705 8.56487 30.1782 0.019255 7.94644
399.38 41.6131 11.9307 9.63711 4.17515 6.40018 19.1199 7.44039 8.72685 6.32969 0.00713336 6.99184
542.02 3.13348 5.51128 29.7398 19.1739 19.1582 19.7778 2.5378 4.8358 24.286 0.0164526 8.44156
501.419 8.87943 5.62803 33.1627 27.3704 12.3446 3.01291 19.1646 1.11459 10.6613 0.027727 8.32073
448.242 19.1157 7.19936 16.0822 18.1713 0.430742 3.01291 19.9876 1.3917 2.17356 0.156862 9.63156
512.164 0.875568 18.2445 5.76129 23.0817 2.02965 19.4342 37.0891 30.1906 5.93827 0.10821 12.0982
486.021 2.22635 18.7967 27.5085 24.0327 22.2277 13.7709 66.0016 10.5911 4.53973 0.0563896 13.3025
488.536 16.2369 24.3471 35.9787 2.98774 32.2866 17.2321 13.588 16.0023 5.23118 0.44361 16.6371
383.98 6.25344 14.755 1.50611 12.8725 9.9264 5.26642 4.10145 10.0146 10.5853 0.204745 9.02063
527.838 9.52797 2.45103 11.8307 39.2512 12.9479 5.35723 17.2649 11.7042 15.3756 0.112181 9.58443
617.341 12.1969 7.01401 15.6052 9.3927 35.9644 6.66418 25.8991 10.3319 6.12458 0.276569 13.5285
428.999 12.0577 21.7494 19.9911 3.4105 24.2783 13.0088 33.3133 7.76352 1.79512 0.119138 10.3666
515.862 4.57003 9.25081 16.0748 27.9261 37.0472 53.171 25.3849 35.774 3.71494 0.0695367 15.2303
445.972 31.4128 12.4139 2.98438 22.1501 33.6575 31.499 33.2686 20.1202 14.1728 0.00818058 12.4527
131.751 51.1327 28.045 4.46217 21.5619 2.63965 3.35948 14.3242 8.2349 18.9273 0.00298573 9.42775
383.877 21.0117 1.24561 22.6471 19.9087 1.19707 4.24946 48.2578 10.0987 19.5467 0.0235064 11.3041
541.499 4.82481 0.818547 25.9801 54.9549 13.0369 3.9375 20.8674 34.7069 8.73562 0.0601817 12.9051
384.217 15.2067 4.03376 17.1584 16.5761 20.0566 8.33265 23.0377 19.5283 8.85487 0.0460475 9.18531
337.419 20.2971 6.72898 31.3683 12.8884 9.12061 17.2326 25.1745 26.3826 2.99427 0.202853 12.6705
364.274 22.4833 17.2417 23.8467 3.89636 9.431 42.6933 10.9549 6.81254 29.2318 0.133389 12.1336
489.929 19.1876 2.24684 21.5314 14.2117 18.8851 9.29425 28.5777 5.47736 7.44856 0.0160596 7.60674
433.085 4.46406 19.5609 24.3086 4.83913 13.7674 7.73535 10.8992 49.0716 1.78873 0.00681427 8.76867
521.68 1.31823 4.18408 3.3877 7.30273 7.51047 4.18978 2.08088 8.62803 11.3082 0.00602775 4.77673
307.562 7.87926 36.7346 22.8605 45.12 5.59503 6.432 7.82215 15.494 5.24229 0.0267289 9.51362
467.765 14.5752 11.4081 5.41286 2.77048 9.78495 5.11963 20.4375 23.9732 3.32118 0.00444723 5.82481
466.426 7.20075 31.9452 0.894338 23.7684 14.0194 37.8094 2.5217 27.0327 15.8501 0.0392007 12.0572
361.943 4.1305 5.67785 12.7315 17.7749 6.04513 5.33283 10.4944 16.8898 8.02145 0.0433987 8.86655
545.224 17.7166 11.8637 1.59168 6.18944 21.575 53.5442 3.98638 12.9055 10.1114 0.0544102 11.6096
481.11 14.5229 23.4001 2.65125 8.13088 7.70408 37.3977 13.2033 9.60442 2.74289 0.121072 10.1982
400.409 19.161 34.6181 23.4895 31.0189 7.71288 21.5048 19.7436 3.88179 13.1031 0.125265 12.5355
366.633 14.3753 26.6016 15.6154 16.2077 10.8696 25.4264 15.051 1.64511 5.29316 0.08245 8.93638
316.673 13.1293 18.4857 30.4604 17.3379 5.94508 8.64801 3.95025 3.43345 15.9138 0.00787065 7.40888
476.234 0.932864 6.77414 7.95691 19.9672 21.8891 4.93729 9.41811 16.2198 12.2962 0.0295631 7.55868
379.401 6.60409 29.0148 31.6443 14.7826 36.7637 2.08357 2.13741 13.0831 17.584 0.00229353 8.71569
357.542 35.5137 11.1532 1.09064 12.4241 6.63843 16.0324 6.43947 12.2343 33.6902 0.0147815 8.70431
407.385 29.5982 10.5742 36.7296 5.75771 11.5268 6.09305 10.7883 1.26492 6.32515 0.0169021 7.42449
324.032 22.6968 10.8427 16.991 20.3954 16.1384 10.7052 8.36121 14.5243 11.1357 0.38893 12.5223
484.836 35.6398 3.67207 27.8453 1.53715 23.291 11.1157 51.4456 16.0206 39.4565 0.622504 22.0158
481.876 11.8169 17.1047 19.154 6.75044 33.7712 0.515115 36.19 24.2563 27.639 0.205109 14.8858
466.76 19.6455 16.0688 15.5643 26.5964 15.4043 5.11375 22.5599 7.41805 17.1734 0.735539 17.3499
456.367 24.6407 13.0053 17.8747 15.8721 19.7772 7.81147 10.1737 18.3286 21.4864 0.185499 11.077
345.74 27.5941 28.0793 6.52072 15.6503 2.12882 49.2376 12.9395 2.97242 8.89905 0.133422 11.9661
365.311 23.007 14.4437 6.10137 1.29212 6.87093 30.9449 12.9395 3.54844 0.936569 0.127473 9.73719
578.224 7.57352 5.59684 28.1104 4.76647 4.25955 7.34333 14.8219 3.99813 6.06856 0.441268 11.948
215.835 53.0051 7.88234 7.51124 2.70666 8.73474 0.0673107 16.2013 12.6239 2.61779 0.14746 12.9584
493.187 13.7874 14.3157 2.68424 3.38563 13.8546 25.931 19.1638 23.1605 20.9732 0.27555 12.3311
519.839 5.78697 12.3988 0.911902 4.46625 26.568 16.4005 6.9562 4.79924 39.0349 0.00246306 7.92203
651.299 2.0964 12.3988 1.51884 6.46796 12.1577 16.5812 10.4182 5.20439 9.95917 0.00511955 7.53852
515.006 1.74801 3.9111 19.7781 5.21671 35.3599 5.4547 8.15999 5.04126 5.45874 0.00319149 6.02576
414.304 11.5073 1.06536 29.799 2.54759 8.74035 46.9209 14.4932 5.0068 18.3562 0.00494144 10.114
507.229 6.84525 15.6621 7.76973 2.54759 4.84955 53.5897 14.4932 5.0068 14.2869 0.00132255 7.7217
464.408 14.2536 24.4021 7.76973 5.49717 6.16255 1.30022 16.7641 2.80218 1.8507 0.0186716 6.67219
442.618 12.6742 16.4514 12.4823 7.50097 4.80463 20.2719 16.4578 2.57838 1.51461 0.113792 8.02381
396.216 8.75671 36.3128 17.4128 13.6693 25.36 2.92406 15.4522 1.23049 41.201 0.0225137 10.7867
403.259 9.04005 23.8288 37.3796 2.48331 44.4369 1.75587 1.868 48.3195 22.2729 0.101614 15.125
518.962 13.8814 28.4812 14.6524 2.48331 53.6111 20.1586 17.3825 48.7206 33.9133 0.0227759 17.702
436.906 11.0574 17.0981 13.8319 31.6321 0.686069 14.5396 19.1172 16.5821 28.0092 0.000549217 8.19755
331.551 24.6348 33.074 1.22913 26.2217 12.3007 9.47862 18.0082 1.56456 19.7427 0.0096114 9.02585
469.338 10.8252 11.1328 24.382 3.13483 27.7076 6.2448 48.4806 2.33353 2.30084 0.0516593 10.2973
328.648 5.13031 10.748 11.7507 27.5298 0.42262 10.1737 17.4352 56.2224 1.77573 0.0317696 14.1013
374.731 23.131 21.8952 14.3974 25.691 6.7844 8.76892 19.9724 0.0921071 1.99005 0.0705943 10.07
364.667 24.8803 35.8035 14.3568 41.6758 4.44715 10.6731 6.49045 16.8231 0.705864 0.00430228 9.79177
540.741 16.8568 11.8756 12.8943 13.0894 6.93283 5.38463 2.8657 10.3182 6.33961 0.00856545 5.89474
432.864 14.0415 11.7722 8.04941 47.0122 29.7504 6.57277 8.427 12.1133 13.5124 0.0250898 8.96813
443.796 6.56454 16.6768 5.93954 6.23217 17.4337 13.1016 1.01729 4.01443 12.3984 0.00937845 5.51264
509.81 1.64359 6.93358 1.72821 2.79657 14.2488 7.2354 7.63215 0.86694 13.4107 0.00660729 5.60869
584.141 11.9684 3.6756 2.98125 10.1694 6.37733 8.5891 6.70904 19.7794 14.0338 0.0399383 7.18076
513.853 14.5861 4.87244 9.22598 18.3735 3.3778 12.1007 5.6451 21.6492 4.77702 0.0065785 5.62821
579.826 7.38657 7.31827 10.6681 28.8895 19.9205 9.80096 44.9246 7.21104 5.31702 0.0563269 10.4792
493.286 17.0561 4.0664 7.1902 49.8232 7.64617 13.1785 7.67696 2.67038 4.76113 0.0326928 7.94868
415.429 20.278 19.1879 9.33057 33.6216 8.20296 6.4045 16.6065 7.85302 7.09145 0.0608009 8.14965
431.256 12.9283 26.5262 0.43871 20.6798 14.9145 9.35569 20.4996 12.2805 2.67679 0.120222 10.0242
432.706 4.58761 10.9642 2.52772 23.2475 11.6082 3.94775 5.65957 33.537 2.85081 0.076009 8.9026
529.513 14.2978 1.34498 13.0935 21.6554 14.5291 17.2181 4.40089 22.7131 19.1193 0.0974072 9.83514
311.826 19.4205 31.6525 8.25078 18.1128 24.5107 43.7636 13.2664 17.5351 14.1061 0.0585053 11.9274
473.197 3.18762 21.4028 7.80336 18.4832 17.8536 33.289 21.4133 0.714443 11.2227 0.0350851 9.48617
515.314 15.8638 10.7136 2.91789 10.0243 11.6832 9.52528 35.337 5.83272 36.6035 0.0226581 9.55988
439.379 15.8638 5.81071 8.2904 5.09327 11.6832 13.9458 57.1413 6.08443 32.7137 0.0142941 10.3438
528.396 18.1375 1.6794 7.60216 1.71253 16.8573 1.71307 7.21819 2.30154 18.38 0.061655 7.88577
475.099 13.9186 6.10258 8.62544 27.0141 11.8055 4.99723 45.668 40.5172 2.57388 0.00960512 10.3696
426.634 14.3865 4.75859 1.23957 31.1349 6.88103 5.02939 7.96391 28.5697 18.1406 0.0125973 8.20916
621.399 3.94833 10.0333 11.5408 11.8176 1.68334 43.1397 20.7155 12.6251 12.4426 0.0213811 10.2804
668.178 3.9587 4.72538 11.7904 6.98353 15.9487 7.64482 15.8672 9.3116 2.543 0.00463259 6.92535
387.045 5.37244 17.7595 2.89741 0.79795 55.0779 0.627999 4.35916 8.90488 20.6081 0.0855964 11.8951
375.034 8.4782 31.5094 5.42279 26.5082 22.4424 9.90282 12.5316 16.4636 15.7468 0.180731 10.8827
164.747 21.2221 73.9355 7.57529 30.4395 5.77276 2.40769 29.0497 19.9507 4.90305 0.372283 17.3434
181.739 9.71574 71.117 24.2757 24.3609 12.3534 25.8316 35.3986 14.9298 4.69616 0.265603 17.0818
376.151 12.6256 20.2881 36.0833 16.4156 10.4979 21.4418 14.8048 12.1053 18.9301 0.0890885 10.3971
394.488 11.4659 7.16025 13.2345 8.89342 9.68858 17.6277 15.144 3.72643 13.2849 0.111046 8.33833
426.524 13.37 7.65173 19.123 7.52062 14.1476 50.8157 5.18683 4.63621 23.0877 0.268668 12.7204
386.895 19.6645 9.74191 8.33303 43.9389 9.27624 27.7312 1.4071 8.09575 79.84 0.111816 16.4722
242.567 4.65812 24.2889 40.4099 30.495 3.45555 25.7149 3.31494 13.5225 5.44639 0.151733 14.363
354.232 10.1582 21.0374 3.07583 15.9362 19.729 6.53566 5.02036 12.202 7.84861 0.0517113 7.37003
358.025 2.02383 34.8569 9.22038 27.1093 8.09004 6.74823 8.09019 5.75041 9.57949 0.0082708 6.55463
245.459 29.8757 17.1254 27.5644 30.2841 17.666 10.4979 10.7381 14.244 5.72825 0.0425488 10.5715
313.167 15.6547 26.2849 26.2331 9.59377 21.8193 14.241 5.5212 6.55136 7.25583 0.179622 10.1037
309.459 11.642 32.8108 20.2356 23.6213 9.50708 31.3147 12.9616 15.4272 1.77132 0.0839503 10.854
396.96 7.80179 28.2165 4.20378 10.9653 6.70314 4.85525 21.2751 18.3711 14.1299 0.00314457 6.16433
322.623 18.1456 16.8653 16.3121 5.74725 37.4498 5.5985 17.1063 22.4314 14.0251 0.00707035 8.9926
331.846 19.3518 22.7032 17.2496 25.7583 18.9356 8.35868 26.8425 22.571 9.28346 0.0341839 9.96024
340.31 32.2349 20.4666 31.273 7.96186 32.8721 18.4324 16.0365 13.6726 33.3675 0.0646184 13.0134
452.742 11.993 17.8377 23.0515 46.7351 8.07811 28.8681 8.48737 6.81309 17.7391 0.0124128 9.65353
202.51 14.3929 52.8785 15.854 50.8405 34.2911 9.98579 8.54671 0.634228 7.17223 0.00237031 11.7817
83.9432 67.6127 36.1105 1.93339 70.0408 29.1478 2.4147 10.2899 44.0822 14.033 0.0534441 20.0105
156.717 42.3173 40.9995 12.0184 34.1248 5.96465 12.8394 4.5691 14.9896 29.4816 0.0331757 12.4713
214.633 43.1486 32.4113 3.1462 21.7684 9.27228 8.15327 6.6841 14.8527 9.81824 0.125274 10.9368
359.355 0.869816 35.3223 1.73086 17.6166 12.8358 9.98304 4.37941 6.5668 2.88892 0.015006 7.15981
540.758 10.9099 15.2707 9.28533 22.3253 13.1801 3.99412 1.18782 1.77192 4.64333 0.00630366 6.31681
507.911 5.6124 21.2922 16.6046 18.8018 32.4406 7.15883 3.04525 13.2951 25.4079 0.0153672 8.96866
375.032 7.6463 20.4118 38.4765 22.1196 25.9432 25.2239 16.2254 3.07885 23.6065 0.00478705 10.3645
499.118 21.5388 11.7345 1.69215 37.9385 13.4448 8.37782 1.92846 36.7932 1.65388 0.000857906 9.11992
440.08 22.4664 8.8275 29.6499 24.4651 12.5125 15.094 4.28502 30.2402 12.2393 0.0233083 9.3683
453.632 6.464 4.03644 28.4665 14.6517 9.05269 12.0982 3.87783 23.0046 25.4812 0.0355181 8.92511
392.92 1.56089 40.4535 16.8126 30.0582 1.01406 4.16917 3.86593 24.1001 13.877 0.011244 9.35617
434.056 2.04678 20.8014 18.1935 8.05763 12.0951 6.60274 4.29416 8.53517 3.83193 0.0271699 5.92773
413.032 1.60403 30.2049 10.2196 24.3654 11.5572 14.7517 3.70735 54.0101 31.7446 0.0775632 13.5431
274.471 4.36034 44.3199 6.04605 1.28671 11.1489 9.57698 3.42158 54.5351 16.3978 0.160575 13.975
310.927 34.05 29.0842 7.33402 10.6431 6.16019 27.5451 3.20064 44.8261 12.2399 0.0317909 11.5527
97.1711 31.0464 76.0857 12.5966 26.0974 18.7057 28.7887 11.7827 20.731 13.0083 0.00311263 13.9488
70.33 16.5825 70.9655 9.0373 31.5646 7.68092 22.0008 7.24866 19.1428 11.3673 0.00300593 11.8962
312.025 26.5525 53.1321 28.22 50.1434 5.40315 40.4157 3.78801 21.0089 5.1086 0.00300593 15.4653
421.664 12.8164 42.6859 27.8069 33.8626 3.9031 33.3938 11.8088 3.05154 7.49191 0.0154097 12.0232
446.352 4.656 17.6992 13.7586 36.9943 8.59297 4.88735 11.8469 6.73307 21.6508 0.0134629 7.34395
490.711 5.93519 12.7519 1.56651 15.4173 10.7745 9.12522 1.33535 9.21312 7.15384 0.0330736 5.99375
250.284 45.3091 18.7563 25.324 39.3492 4.85027 17.1855 2.02111 5.48593 1.27459 0.103401 12.1323
493.397 4.78669 17.2939 13.027 29.4752 37.9249 10.7938 20.5677 16.175 1.98553 0.0108394 9.08989
465.436 4.23853 23.4182 11.4503 15.4483 19.2393 16.3751 12.0084 1.1228 16.4311 0.0552644 8.32033
465.633 6.57552 16.831 1.88316 5.63836 4.12008 9.92015 13.4692 11.7295 10.1057 0.0167572 5.48941
566.93 11.7701 16.5054 9.01459 22.0341 16.5588 7.58532 9.19371 18.1134 3.55123 0.0274909 8.52897
407.812 52.4516 9.51499 14.2839 28.7135 60.2602 11.6129 1.95869 3.64006 3.57159 0.00862308 13.6191
407.465 14.999 11.0826 7.08985 31.8056 50.2324 12.1258 6.21074 3.43902 32.6443 0.0227554 10.8907
455.564 25.8995 18.0494 8.9401 32.7967 36.9762 20.0258 8.34077 5.20994 12.2623 0.054228 11.3244
419.825 23.7914 26.2289 7.86825 31.6166 6.65588 11.7331 33.1493 77.6632 10.5411 0.397498 19.9276
179.861 30.2526 28.0461 10.2092 0.55261 33.0751 9.9691 28.0577 29.8991 9.79816 0.610137 22.7058
457.582 10.5223 10.5159 5.21937 5.47257 14.3502 7.44673 11.7312 47.9902 24.5899 0.0967053 10.6789
515.017 4.32608 3.531 80.4795 2.44156 11.9684 27.1481 12.9045 67.4082 4.96048 0.0989032 17.5592
314.639 28.8811 12.4915 7.3617 1.82814 13.979 1.33779 19.119 7.10079 40.7131 0.0862376 11.2628
332.587 7.34362 53.2535 16.1582 6.30123 25.9028 22.421 23.0332 12.1535 52.8362 0.0780695 15.2711
346.898 1.47697 48.5333 26.3021 16.0141 15.8576 5.35864 24.2133 14.8293 36.0467 0.106412 13.5983
337.086 1.81914 22.7777 4.81598 8.96076 2.66217 34.0824 7.18437 25.0557 7.31756 0.0512905 10.4589
406.525 7.98736 2.88628 13.3207 11.2016 30.5824 5.39751 35.595 6.08376 9.93333 0.168735 11.4797
386.61 16.1076 30.9841 13.8763 18.7803 7.40443 19.1437 36.2926 3.84714 9.73686 0.172767 11.5565
337.569 10.6202 45.085 39.0762 16.733 15.907 13.2889 4.98671 7.64478 11.8395 0.000580295 8.09464
367.583 29.3312 21.7484 6.16676 45.2957 19.1124 18.8397 23.0946 37.0889 2.5236 0.000580295 11.1762
537.335 3.33243 0.822243 5.24099 6.93828 6.07767 3.03576 16.809 30.3285 9.80466 0.0172685 7.30431
445.649 34.4548 0.571977 3.96855 1.56997 6.04208 6.48308 6.06714 46.0879 11.7508 0.0913254 11.3778
579.118 20.1348 2.8239 11.651 8.59406 7.55577 60.0442 16.4318 19.7334 4.59408 0.147127 13.6479
433.794 2.45846 31.9476 5.17228 14.817 15.6568 23.3757 28.6223 12.9938 7.91884 0.0107453 8.4481
417.686 12.8438 27.5877 31.6134 13.229 12.0321 2.84306 6.26989 5.31339 9.15971 0.0288948 7.44582
489.562 3.48727 18.2532 9.1344 7.23658 15.4085 1.26058 20.0042 18.2316 23.7275 0.30317 11.6065
434.278 6.13343 32.449 11.8084 7.60831 0.666588 13.5596 6.1761 27.2537 1.22525 0.152119 10.4968
546.597 13.7603 31.5339 13.359 31.6326 8.19985 3.11157 23.6984 3.94661 25.3153 0.0288108 13.3875
529.508 12.4316 5.435 17.5159 35.1696 16.5415 15.3618 2.97163 22.8115 2.30047 0.0727583 9.69318
413.73 19.1033 6.47536 11.0569 1.14446 51.5582 9.29482 6.14632 30.9535 21.1087 0.0332969 11.1904
503.576 19.164 7.51732 5.40011 28.1741 24.0566 15.1395 11.9616 19.417 17.128 0.0281971 9.10144
302.507 9.61124 26.0266 12.2363 20.8612 6.2764 76.4322 1.9595 7.24801 17.7001 0.00202157 11.8389
319.136 18.4323 8.96936 56.4972 33.2289 0.953314 52.3765 17.4563 9.03394 27.2274 0.00172586 15.1301
551.347 2.62472 4.97512 5.38143 6.22431 47.2095 20.25 27.6639 5.12639 0.588575 0.183187 12.1873
332.981 25.5849 1.1775 46.0772 4.71126 0.686491 12.1474 9.18546 2.34509 4.45304 0.0351807 10.2311
278.365 44.4131 23.1869 14.1335 6.89119 12.2652 7.3295 13.4177 9.4203 35.9322 0.100052 11.4903
508.734 6.35567 12.7873 27.2574 15.1218 39.5085 11.3182 9.22568 26.4108 20.5248 0.132396 12.1626
490.124 8.07042 14.1653 34.8504 24.1905 13.9489 8.47673 14.4369 20.0402 48.0663 0.0434078 12.0733
355.991 25.4739 13.1047 31.6841 29.1101 21.5274 41.6097 9.70619 4.38559 33.4893 0.0936866 14.1368
507.313 21.3511 4.32505 29.4989 29.5711 4.50686 32.4428 15.4547 18.5947 17.6443 0.178198 13.4552
472.943 4.42011 17.0774 37.0433 44.0325 7.20576 3.74481 28.7985 10.5887 34.2101 0.0359566 12.4168
334.247 32.6633 22.2692 22.2175 2.6068 23.1601 45.7352 15.3154 8.84973 23.5716 0.126754 13.8589
319.475 44.001 32.7301 12.7839 23.8986 23.349 29.2135 7.23443 8.83005 23.6149 0.0641921 14.0505
565.861 4.93715 6.23218 45.282 10.8629 23.349 27.0527 5.71593 7.3487 4.99715 0.0181503 9.03109
491.173 4.93715 18.0473 55.3105 5.11568 49.2112 22.1381 7.48874 14.3517 12.5885 0.00101013 10.8863
398.932 16.8124 23.4704 35.9909 5.11568 15.6812 16.5505 10.6693 14.6702 2.39692 0.00101013 6.94725
240.406 14.4136 34.2914 24.1578 16.1256 4.30505 4.46853 6.36759 8.84884 8.49524 0.000893677 6.74681
357.586 6.3848 42.9648 17.2265 33.9752 2.10396 10.5673 12.833 28.3318 11.3767 0.000893677 8.83386
515.903 19.756 17.649 17.5085 28.8093 6.13623 7.83452 10.3505 22.7391 18.0663 0.000893677 8.60145
595.591 7.80942 4.77084 10.3782 20.943 40.1953 0.873293 16.2957 16.0062 19.113 0.00527774 9.35623
383.552 6.58378 22.2092 4.26304 16.2917 8.13473 0.492369 3.67793 8.78877 21.2948 0.106143 8.82969
401.098 12.7111 17.1968 9.05277 8.05793 11.9184 24.5937 2.33962 1.07053 52.2664 0.0429219 10.6207
552.146 12.1732 17.1968 16.7767 20.816 15.5595 5.88388 4.16234 6.18402 27.2037 0.000988367 7.60156
621.327 6.09181 8.02488 8.87996 8.49033 6.42741 3.39968 9.55971 4.02374 15.3557 0.0778964 7.69241
581.028 5.62519 6.83508 18.2794 17.77 4.61604 3.35905 13.6652 7.31792 18.697 0.0569274 7.68408
617.624 17.9547 12.4401 3.63928 30.9386 6.44274 24.9275 17.0707 29.3233 16.417 0.010026 13.0975
473.67 17.5215 9.82544 3.92384 1.62068 10.0725 4.30614 5.37843 24.7283 18.3337 0.099384 8.49908
459.824 8.04931 21.8508 18.7165 9.25411 18.3941 16.3666 19.0658 8.09164 25.0506 0.00761611 7.67785
452.647 1.98146 20.5894 20.0497 10.7743 9.79586 23.121 6.03755 31.7687 10.3243 0.00246779 7.45149
477.424 6.06784 23.679 21.8089 47.3395 14.3725 8.84096 4.74301 22.2935 8.22498 0.0237905 9.76007
280.722 50.1121 7.26302 8.69633 50.3645 2.87838 38.9545 1.83019 22.2012 7.89064 0.0434023 13.3662
273.536 18.4262 35.1642 52.9205 42.0882 8.60496 11.4218 7.71377 4.14786 4.95705 0.040636 11.8797
315.113 32.6998 32.4124 18.3054 30.0152 3.90051 10.7011 6.9678 6.5692 22.5976 0.201823 12.4725
347.876 3.74856 25.9249 15.3721 3.60157 0.735704 10.9818 2.38222 16.3039 27.4249 0.174895 11.2536
423.862 0.912314 25.4139 29.7763 17.0796 20.1041 8.06035 5.49289 19.325 1.34479 0.110181 10.3237
558.01 14.5534 4.66339 12.7576 16.5272 4.11392 19.9894 2.2817 35.0965 0.761566 0.180622 11.5268
529.699 8.81357 3.34853 16.6898 8.69356 26.4474 2.08145 26.1002 36.5635 28.6099 0.202696 13.4821
278.512 39.5877 12.3492 12.2189 30.1085 4.39472 8.11424 22.0791 7.72491 17.7085 0.0464561 9.84499
402.676 47.3871 5.33128 4.41188 11.6793 10.3531 58.9126 31.1397 1.98068 25.2069 0.127224 15.6065
310.28 23.5479 1.16818 23.6598 11.6599 4.18115 24.9458 28.0576 9.48395 5.7478 0.136637 12.7339
515.024 4.1655 3.24921 4.67988 61.0083 4.42514 18.7084 28.6911 4.61638 22.9316 0.544834 17.0327
369.353 10.2255 43.1373 4.7501 20.2017 2.24334 42.5347 16.7186 2.04033 38.1794 0.124345 14.2741
223.069 16.4468 56.6494 4.89711 1.98455 3.25848 20.9879 23.0981 7.14178 19.0313 0.216024 13.2971
251.479 13.0683 48.9 4.23596 18.3882 5.22677 13.7744 21.8631 6.46803 21.581 0.21043 12.3059
332.604 4.33586 33.3452 9.17427 34.0323 1.45456 2.92909 21.3786 6.61711 8.84915 0.132413 10.4478
212.573 15.16 43.6512 30.4602 5.23694 16.8239 2.92909 20.2608 1.65831 9.65475 0.0101147 9.43462
496.3 9.48718 6.85787 7.82673 14.248 23.946 7.82584 37.3293 8.26772 2.408 0.0322984 7.9549
449.09 11.1237 6.51889 61.8618 19.8788 5.49916 16.2319 2.85078 6.39973 12.8262 0.0424087 9.78192
370.326 2.89907 35.0532 48.0444 0.941658 24.8837 2.92696 7.11962 7.21643 11.0098 0.0068331 9.21522
446.19 19.2313 16.3378 13.596 0.912465 22.6035 6.28896 31.0172 23.1147 8.16674 0.00524346 8.48623
497.067 8.29865 20.885 31.4818 4.95906 19.646 6.77361 17.5702 27.7149 12.978 0.00452113 8.51545
382.229 13.8918 18.1703 25.0943 9.00838 19.6455 14.4965 8.53429 9.61722 16.1746 0.00579504 6.68097
476.493 20.5141 17.7346 0.414969 29.2854 12.5921 41.2481 13.0504 38.8746 15.3274 0.0916959 14.7203
263.004 10.5883 19.2986 37.4352 24.6617 34.6223 39.1589 25.9837 23.5597 9.49281 0.284474 18.4033
456.569 8.21573 29.3988 34.4167 26.2603 12.3725 32.9108 2.72636 15.9993 11.5729 0.12075 12.7898
401.266 31.2073 23.5829 1.21012 8.01713 8.58327 41.0915 45.7229 13.0368 20.0653 0.322649 16.7548
405.823 25.9414 10.3613 16.364 10.7956 23.8643 1.72481 39.9168 22.7734 3.70985 0.13136 11.7522
579.276 10.6857 2.78165 2.28775 14.4691 27.6468 0.0648979 9.20918 18.0357 28.3966 0.0411531 11.053
461.36 10.9614 11.9972 15.4308 6.72228 55.1357 0.464218 0.229177 14.5831 18.9398 0.0751733 12.0135
410.317 7.50659 20.1879 29.2525 0.908814 40.0615 11.7524 17.3093 6.12782 33.4006 0.208737 13.6644
248.144 26.8654 13.1098 22.5133 26.3043 23.5332 0.576371 10.1017 29.4978 38.3295 0.0119368 13.7582
406.185 11.6195 14.2032 24.7814 9.82144 6.71091 5.6288 18.3528 6.31416 30.8364 0.027313 7.97263
406.185 10.8225 26.0699 29.3547 26.7915 9.45368 7.09556 11.0134 6.31416 15.8317 0.027313 8.11477
471.433 17.2102 11.748 20.3453 18.7832 5.91325 3.85707 23.0264 11.0346 12.7895 0.00037707 5.69596
601.643 0.901136 8.45766 34.139 2.07332 8.09251 18.3983 9.93716 10.5034 6.75809 0.0401536 8.72124
569.095 0.879613 10.8037 31.2721 22.2425 11.9841 9.85552 24.4253 21.5524 3.18737 0.0612159 10.5282
457.578 25.8039 3.86537 6.50963 19.3417 8.06775 24.4146 17.5337 11.6791 2.93343 0.0346247 7.8569
568.442 26.7501 3.52634 25.8166 6.82694 28.1073 18.4739 1.98179 9.63555 7.66471 0.0303349 10.5872
393.444 4.798 6.27415 42.4874 3.43577 23.0654 22.1535 6.92189 28.9324 40.6686 0.0635597 14.1849
331.216 49.3153 5.77956 10.1653 59.9719 41.9532 79.3746 3.45492 8.69227 6.34617 0.351921 22.4648
228.485 54.2408 7.4779 12.8496 51.832 17.5169 4.47003 2.73079 9.75068 9.10771 0.102829 12.7155
498.536 37.1223 10.1858 18.9125 23.9257 9.9158 6.91656 23.5018 22.7672 8.32625 0.098719 12.8934
577.65 8.94753 1.43014 6.03486 6.95504 9.68871 17.9239 29.1234 12.4812 17.3675 0.150307 10.0915
543.655 3.58491 10.8193 5.78586 5.49488 15.9932 6.66821 36.133 20.9165 5.78896 0.00979147 7.34162
413.9 8.33579 26.5392 5.78586 9.99864 32.7311 12.5778 12.5795 29.287 9.72178 0.0239914 8.82609
481.514 4.72927 7.45602 18.0276 1.2426 22.364 27.2392 26.9884 7.65147 25.8349 0.0427663 10.2571
450.211 8.17948 7.69408 39.8518 4.67778 12.1686 3.32545 16.3413 6.0709 5.41313 0.0366532 7.31052
542.981 7.25679 6.01257 9.40625 21.2233 24.2627 9.29892 25.2407 5.76155 15.2913 0.110343 9.27833
341.588 25.0813 15.8263 5.51107 9.71298 18.3181 0.633846 22.7376 29.4214 3.43631 0.179114 11.68
341.542 28.7911 18.9026 5.23038 4.93296 34.2751 10.6979 44.1165 31.1744 7.68337 0.145372 13.8185
338.851 31.638 5.95685 10.7824 23.9734 15.4532 12.4555 33.3854 57.5028 13.5946 0.209814 16.139
376.01 27.7113 26.2677 31.1063 15.833 3.173 13.2089 34.207 19.6779 7.34556 0.0567234 11.7058
438.307 5.29613 7.54236 2.42436 2.65815 25.3111 10.5735 9.11326 16.4962 32.9803 0.0679857 9.75009
375.743 42.1752 13.2421 15.2549 18.8594 26.6945 9.84914 6.75751 13.4587 6.67397 0.0673658 9.93317
361.947 22.1006 10.4166 1.3588 7.76305 17.5108 36.4057 6.31267 33.6796 16.7479 0.0413142 11.0082
416.217 14.0211 9.89328 33.7115 1.97373 13.2912 12.0641 6.31267 24.2785 25.6279 0.0232623 9.07251
357.893 4.88413 30.8249 7.50396 2.60915 6.86967 12.6084 9.76109 3.26947 29.8762 0.0105405 7.25575
281.497 47.5528 2.59843 17.6657 2.62985 3.87031 5.75816 15.253 6.7622 1.06063 0.00989202 7.81071
345.045 49.2266 6.25064 12.2184 3.25696 80.753 2.95514 19.9127 19.1178 29.2827 0.0198146 15.2531
341.73 10.0781 36.5896 15.9144 13.3492 41.3053 51.3896 14.4605 8.8177 0.757406 0.0690914 13.5846
317.795 17.1962 21.0251 2.7584 19.5049 8.69124 15.6259 24.3529 25.3121 5.39471 0.0852265 10.3128
419.831 28.1751 12.8963 7.22037 28.9398 10.6951 1.29799 60.6557 8.91095 23.8117 0.0253741 12.2937
409.829 2.90946 7.75821 18.5481 8.35579 15.8052 1.85242 32.4562 7.16839 1.08787 0.0134902 8.37006
489.045 2.66653 11.0381 12.7549 15.2485 10.2659 17.3022 2.57696 7.1159 2.48263 0.0507011 6.51483
499.189 6.89126 19.4636 30.0689 26.6948 4.15069 3.01288 5.06679 5.66303 2.0551 0.00132668 6.08877
499.189 16.6183 10.9792 7.5101 25.3848 18.6683 0.923641 5.25106 9.71732 1.14659 0.00314629 6.33664
497.805 31.2872 5.29894 14.1062 16.3661 11.5879 11.6561 7.70259 14.1396 12.4128 0.00314629 7.02592
358.686 27.299 1.99825 19.3354 7.18621 5.77172 15.7334 20.6585 3.14188 19.129 0.00742516 7.71506
296.768 19.402 27.2688 16.4425 6.53163 2.96012 10.8262 16.1931 3.14188 15.8089 0.00803655 6.87873
115.796 53.4148 26.3975 30.7306 10.9394 73.1655 14.4846 18.1757 18.0423 3.60135 0.00717288 15.8024
407.302 36.2551 15.7766 19.1872 20.0847 0.238333 23.8808 16.6826 14.9019 10.3864 0.111763 12.4078
434.088 38.5377 12.7017 15.7777 22.3157 38.3451 20.0713 13.3415 6.60948 2.23468 0.0231737 11.27
392.588 7.88514 15.8109 21.8908 8.19053 17.6827 28.3898 12.0607 23.772 27.291 0.0231737 10.0666
344.917 12.9671 51.0356 9.45389 52.8409 32.4943 16.9706 4.08422 2.4055 2.11011 0.00891014 12.2262
325.863 8.74291 33.908 15.5343 12.1445 18.8242 3.18051 0.134399 9.23719 8.21377 0.0626663 9.17965
233.172 3.34629 31.0394 0.90884 37.0325 15.91 27.8902 3.72679 21.5838 12.1839 0.083932 14.7999
573.21 3.85986 26.5401 2.51904 23.482 19.4094 8.0723 0.7755 18.5374 15.1015 0.146654 12.6124
517.712 11.9998 6.51821 4.09152 11.7981 12.8135 4.9345 11.9634 0.612295 7.51248 0.288899 9.30126
470.635 11.8628 4.34185 6.03711 16.1225 22.7107 17.6338 6.51463 1.93764 28.4079 0.125281 9.56568
496.509 14.6443 3.54076 9.81283 3.49877 16.2609 22.483 33.0519 1.9252 24.4061 0.0265928 9.11327
444.098 14.477 10.19 27.9121 18.1903 55.0152 5.27693 38.9866 3.62531 14.8591 0.0269712 12.0456
470.837 17.0321 13.3631 39.7258 26.0306 11.4205 16.4236 5.64805 13.6019 6.50991 0.0219305 8.75938
453.709 20.2684 8.647 20.1553 1.53176 4.74796 3.05335 1.82243 11.8904 30.6259 0.0507607 8.51439
224.576 24.182 32.1782 29.2992 4.63672 2.35619 12.2333 5.57096 13.5028 13.4743 0.00696858 8.40918
156.241 31.1604 57.5 6.64694 33.215 24.3172 5.70361 14.6307 11.5704 15.7325 0.0400827 12.5826
267.31 18.0931 40.8569 5.11659 18.9355 34.1094 7.29374 12.2347 3.88132 2.902 0.00654349 8.19176
639.068 6.88582 3.67362 16.7814 21.4463 11.758 6.39038 23.6077 7.23744 4.24491 0.0200425 8.1468
369.048 21.5833 11.2509 16.4098 15.4048 29.0451 8.4199 8.67098 9.28634 0.286131 0.109643 9.7377
277.138 41.1098 43.3489 15.9428 24.7117 14.4569 18.0724 11.3253 2.71561 3.6049 0.038864 12.0596
179.749 53.3037 24.5297 15.4383 46.8552 9.25866 10.8808 8.62377 9.72587 4.97043 0.00314548 10.013
411.166 21.9072 19.1234 15.7179 38.6562 10.8468 11.8121 20.7812 41.6118 9.00584 0.00796338 10.6365
383.012 31.4801 17.5898 9.3202 34.6167 21.8254 33.7703 20.5524 44.0084 19.0895 0.00870588 13.7209
264.328 25.4952 33.0455 2.94437 14.5281 8.50292 20.4322 26.7308 10.2391 18.409 0.118081 11.4557
247.256 28.5046 36.1213 30.7327 8.21689 26.9253 29.8482 16.2607 10.0712 14.9431 0.102655 13.14
502.227 23.3375 19.5314 9.56057 10.5336 9.36058 30.1346 38.9342 22.1262 7.81818 0.132883 13.7173
443.194 7.27876 28.3591 24.8442 19.9301 8.30037 6.28223 11.1003 20.6838 8.45416 0.0278932 8.02522
521.152 4.37483 7.94886 11.1114 13.5999 17.5082 9.75179 12.845 9.39437 19.9765 0.0863179 7.69505
392.3 2.48731 31.0424 25.8423 40.4957 17.576 10.3384 18.6451 61.3439 3.9675 0.135355 15.7823
471.48 11.1057 14.6584 25.3804 26.6077 20.7604 2.28058 5.67047 39.533 8.13018 0.0779685 10.8703
513.414 10.0515 10.2564 18.6677 6.6562 26.436 78.2133 7.21101 41.3138 8.00967 0.0675646 15.243
479.753 30.7932 8.37973 37.4256 0.632985 48.9041 23.1096 8.52238 0.771609 1.08559 0.111604 15.0345
371.316 15.8559 30.1278 32.7452 11.7387 70.6734 16.3564 9.92019 19.3841 7.25574 0.135476 15.0451
474.925 11.0191 12.5634 46.2064 13.9482 29.6913 29.8046 19.5997 16.6972 15.8066 0.129321 13.5145
446.094 5.11897 18.0067 7.29926 51.1459 36.0359 20.6382 17.3972 10.4207 22.6589 0.119004 13.2589
154.315 11.2148 54.0037 2.92173 50.495 4.88244 19.1677 41.9304 27.5723 1.03557 0.00291844 14.8542
323.816 4.02039 47.753 50.7401 24.0017 12.1054 25.7489 16.6735 3.13338 11.1344 0.0620967 12.9696
420.382 21.5263 14.8945 11.3003 36.9604 9.47136 10.9694 28.8309 31.6306 5.38687 0.0623375 11.0145
403.682 28.0376 8.06435 3.51228 26.8886 14.5724 5.58536 27.1813 23.862 12.9648 0.0445283 9.65622
485.841 8.47415 8.77732 5.50318 12.5628 2.19605 9.95801 21.2647 13.0389 19.9146 0.118403 8.40136
464.833 36.6279 3.69097 8.03937 5.20818 2.8466 12.9275 15.8898 3.34854 5.12074 0.0062484 6.5754
413.381 9.39337 15.6871 3.12371 8.57044 1.43578 4.45939 15.1995 6.57745 1.3886 0.0118936 5.48685
435.335 19.8597 24.0476 0.402633 3.20581 0.956555 20.4374 15.9394 26.4783 63.3364 0.0496349 15.0237
328.381 17.7944 9.3805 3.93148 39.8163 1.6301 18.894 10.6378 28.4245 43.4146 0.0147317 12.7757
576.566 16.3919 6.71255 6.57248 11.633 35.0102 2.41863 39.6535 15.624 10.3164 0.00533595 10.002
450.466 26.2126 6.8565 7.03977 9.07751 10.7475 13.6825 13.9943 10.6736 3.35341 0.621479 13.3745
356.197 33.8595 6.48776 6.65191 13.7903 3.60705 26.9108 39.7869 6.9222 6.54063 0.0477221 9.96171
314.7 16.0424 27.4381 14.013 14.169 3.74931 23.3209 25.3924 13.3679 5.48339 0.0427449 9.05877
402.533 11.7324 10.5655 5.0899 27.1173 39.064 9.43885 2.53489 4.15388 0.546888 0.0017507 7.35956
432.36 1.9549 3.65247 1.96103 5.07968 58.2746 7.70922 24.5529 0.799769 3.86354 0.00924331 10.6415
567.686 7.6869 1.57621 25.1239 14.9238 26.1264 26.4894 16.5778 13.3373 22.9918 0.0164684 9.93107
546.813 19.2368 3.41855 16.2495 11.8044 24.5169 13.4141 57.4353 24.8462 1.63363 0.0031562 11.3867
506.628 16.2996 5.44324 18.7079 19.5218 17.3653 0.155411 31.9121 10.4859 0.401012 0.0761404 11.1538
530.581 24.9823 7.34508 2.7285 7.1466 2.44243 41.6516 11.3773 9.37909 0.599063 0.0759073 10.8097
363.945 35.6426 8.39521 23.2318 13.8532 13.7938 21.0324 50.9567 5.79837 1.57098 0.00584782 10.2837
452.818 23.6129 19.0735 19.613 1.93825 24.922 3.39359 5.60824 0.899608 33.9866 0.0137239 9.8267
566.348 2.76662 12.3366 15.344 5.7842 20.7019 13.0556 7.39143 37.7173 1.46423 0.0860986 10.1371
475.958 19.3493 10.7492 12.1274 20.4333 17.1048 15.0591 7.55015 3.75855 5.42613 0.0194656 6.46366
307.524 66.4193 9.8955 21.2951 13.1245 22.8036 80.6803 6.30294 0.277138 3.40009 0.0105421 16.9284
332.667 37.4037 12.379 8.00234 12.5401 24.6321 49.5857 38.6618 15.8009 1.37891 0.0148865 12.7168
314.729 28.1287 5.1719 36.6986 5.04651 11.5189 26.128 0.845966 6.01991 7.40245 0.0359447 9.90183
306.86 18.009 29.8904 57.4986 19.9068 40.5722 7.66454 17.9636 6.16433 18.0056 0.0958901 14.3175
153.191 64.8923 43.329 17.9752 27.1051 38.4156 22.7045 3.13115 5.84761 11.1203 0.142746 17.415
181.202 77.8664 11.0799 15.7572 20.4438 3.80689 20.3579 4.57531 8.34723 12.588 0.163455 13.4808
255.963 36.6622 30.0632 16.6574 48.7726 3.80689 6.04951 17.4191 19.6676 21.3571 0.0607063 12.9194
218.258 59.8149 21.1856 42.3155 0.0870097 7.66793 27.5204 13.8937 64.2938 16.4233 0.0702322 19.6659
320.752 35.974 25.3064 9.5308 16.9312 14.4301 20.0843 16.9664 73.3738 23.801 0.106701 16.6411
198.71 23.6207 30.6217 83.4558 1.92716 16.0852 19.2266 28.9023 16.9086 18.0821 0.0872527 17.2824
148.05 21.8477 40.0175 37.8463 9.96643 7.30807 30.5336 11.0465 18.4616 8.07069 0.046225 13.1088
313.772 29.1222 26.9493 1.33663 32.2475 39.8034 24.926 11.0889 14.7287 17.7877 0.0597283 13.0132
376.864 18.0396 20.2951 12.1107 2.29983 16.6962 26.8129 7.42508 4.3918 3.75363 0.0530071 7.81026
414.665 20.9344 25.2134 52.0655 7.03994 7.59554 23.3648 1.45807 5.68049 2.56604 0.0120002 9.66178
304.992 25.2752 16.8761 1.64289 12.3751 2.57756 21.2758 23.9408 3.47831 2.75682 0.00743891 7.65112
373.536 19.113 34.5358 24.1048 54.3304 9.74835 10.8979 33.7819 8.36106 5.8488 6.39662e-05 10.4467
319.872 10.91 37.4851 26.9437 39.5196 22.2066 4.30734 9.10699 9.66716 5.9307 6.39662e-05 7.81039
513.562 15.0916 5.82423 19.9174 36.9688 47.6193 16.6598 52.7306 19.0456 3.806 0.0515087 15.0691
361.101 10.7236 18.7704 20.6609 1.12597 15.8338 12.4974 8.07782 5.77498 0.790556 0.0496711 8.00237
376.452 16.1658 12.211 23.2998 7.54563 17.59 8.52444 13.0751 17.2641 7.47212 0.0233537 7.17458
386.979 10.3235 4.19634 19.9071 2.77896 1.55038 7.13691 6.72447 7.52156 15.4726 0.0737023 8.28371
341.984 54.3273 8.57906 2.08599 12.4535 9.7306 7.61624 9.3462 8.20871 8.78275 0.0541156 8.77706
370.088 36.1418 13.2866 26.7026 19.2145 12.3164 3.9834 4.42641 7.50709 40.2716 0.0397887 10.5817
349.971 22.1729 7.81981 45.5886 10.8134 11.2749 14.9134 7.95663 2.86865 18.0113 0.043398 9.45963
452.06 12.8368 13.2695 31.3469 13.1641 10.4561 14.5381 68.9446 2.47604 23.965 0.260503 15.6765
461.759 11.1096 20.1026 61.0319 9.68978 11.4765 14.3283 68.9446 26.9005 39.7003 0.42865 23.6368
431.92 0.347558 13.9837 51.4682 23.2252 2.94745 10.0913 61.5579 4.97059 8.61921 0.295299 16.6856
326.03 11.8532 11.7 59.8476 41.5641 64.8445 21.7305 10.3612 4.97059 34.1314 0.290497 20.7496
528.31 1.15468 25.6026 18.1588 9.24283 52.4086 8.51719 17.2913 25.6115 24.9048 0.177282 15.3705
342.142 17.567 18.9292 33.1272 25.2887 24.7437 13.3983 15.3389 14.1653 36.7616 0.0739394 12.7478
379.185 20.6198 10.3208 43.6719 2.41726 15.2327 8.12196 24.6608 16.6659 37.3673 0.0489052 12.0155
462.855 12.7667 23.4844 33.2161 16.4587 28.1735 7.67067 4.58358 6.8127 9.26589 0.0480724 9.28082
481.362 18.7483 3.078 56.019 20.2348 4.62718 6.18803 15.3895 9.75714 16.3203 0.0076459 8.91918
481.362 19.3909 3.078 2.43506 4.21457 18.4608 27.0727 18.8767 31.7557 1.5268 0.0704975 10.4121
600.393 18.7208 2.02372 6.43234 4.90782 16.5532 0.715535 23.2855 9.05563 27.5665 0.00661403 9.39932
244.301 13.7732 38.7227 17.6963 22.4958 12.3347 32.8607 7.56841 3.76365 41.873 0.00205683 11.1501
431.712 11.1186 4.95037 5.90348 24.2676 1.95594 12.4583 31.4135 13.4315 44.3861 0.00622556 9.9954
366.146 11.5849 19.5877 4.47796 22.031 14.7852 13.6838 10.6985 13.9675 5.6805 0.00640998 6.20173
468.176 22.5272 15.2056 13.6576 31.5309 13.6258 18.5245 57.8979 5.48252 3.87864 0.00531856 11.0975
492.261 1.27411 4.30416 1.91804 40.5659 23.6331 32.307 6.5228 12.3333 25.2838 0.00471491 10.2749
434.288 2.31265 29.7262 7.20384 25.2021 43.2394 28.6054 7.83993 20.2278 12.5135 0.0099595 10.6188
334.035 8.32788 13.6423 18.3441 23.5227 7.70657 17.7362 18.4477 15.0381 4.00313 0.0718484 9.93871
299.702 4.12313 15.1419 14.9265 20.2369 27.0373 28.0465 21.9345 24.1682 6.82761 0.293824 15.7382
503.389 24.0053 8.6206 31.1073 12.1511 19.4933 7.90923 12.3619 17.8865 5.80147 0.152409 10.9118
204.151 18.1406 47.527 10.8486 0.544454 13.3422 1.00167 11.0071 9.18069 3.76538 0.0994374 10.7534
223.64 23.9255 46.1721 0.219893 7.2361 5.59721 8.95751 0.95259 42.9335 10.0652 0.0238493 11.9712
285.635 13.5783 26.736 4.23277 22.8943 19.712 4.91825 20.7999 68.2379 7.38056 0.237717 16.4902
286.6 14.1239 30.9033 7.66869 36.1054 12.7858 0.795169 24.3135 15.0935 8.06295 0.173222 12.3116
252.713 15.111 28.4779 7.79857 2.50112 14.8751 10.5978 11.9058 19.5427 9.07962 0.0355874 8.95588
393.042 1.62032 25.838 1.01524 8.60975 2.62968 44.5547 9.41243 20.3364 9.76827 0.00218103 8.7824
386.97 28.9022 21.6859 16.6987 4.63574 15.8783 4.0685 13.4379 19.6766 20.5321 0.0092549 8.22149
453.253 9.65642 14.3693 9.95886 24.146 43.2591 29.8129 8.40989 0.0425903 24.7591 0.013438 11.8633
175.234 19.3999 61.545 22.6037 35.6003 23.793 6.0636 8.40989 42.8859 10.9709 0.0290008 14.5475
188.815 18.1383 65.215 15.8414 22.8579 19.8052 7.72407 1.19575 6.14681 1.00211 0.0130414 10.5276
205.175 13.424 47.5866 19.6135 7.74106 2.36854 7.18633 45.2743 10.5252 4.92566 0.0105081 10.4339
218.047 19.0195 20.8441 2.62475 38.438 1.49642 11.5052 17.3259 6.48094 10.0375 0.0518802 11.8553
386.113 3.6247 22.7771 8.71222 36.3456 13.7628 5.58222 6.97229 5.82852 16.2184 0.025984 7.74194
538.775 5.35332 1.56736 56.7544 24.6505 2.47049 12.8207 9.25696 16.9471 7.07064 0.00385731 8.85745
536.703 11.7294 9.6802 22.8775 7.24527 29.9171 17.4758 15.3451 13.2936 17.1526 0.00737002 8.18489
572.198 37.4685 7.58638 18.7176 0.846712 15.8477 10.2997 35.5719 9.84917 7.1305 0.0356037 14.3914
442.872 41.199 1.3699 21.2941 8.73302 5.76023 8.77018 17.9906 8.53039 12.1558 0.263486 11.6727
387.055 21.8426 4.14734 2.92963 20.0858 9.12821 5.96195 40.5185 7.47825 11.2788 0.0573919 9.33794
672.818 14.5588 11.9625 10.0668 19.8925 15.8833 14.8774 3.97464 9.05663 22.8757 0.0198235 12.5788
316.971 11.9565 6.8884 13.6837 11.1861 41.0878 19.6246 31.8118 5.80172 2.58772 0.0637477 12.7495
340.241 21.7413 36.6085 13.0334 14.7813 53.6991 38.8553 66.0363 7.68075 14.1156 0.0316678 17.6376
485.459 13.3784 17.5321 11.1899 41.2888 23.757 9.42047 20.3498 5.2687 8.3825 0.0557864 9.82475
441.093 13.2769 10.5289 64.5648 2.14958 47.4898 4.72747 8.12347 5.30462 3.25163 0.00554595 10.3661
362.002 25.0513 13.5927 17.4387 18.5961 44.9798 18.7319 3.64487 7.01049 2.99733 0.0011339 7.89034
312.227 21.0269 21.4828 11.9297 13.6641 21.8405 27.1323 35.6703 5.78799 11.6307 0.0215014 10.0773
279.695 25.1133 8.92639 17.2339 3.40813 14.2043 20.9667 10.5484 23.0539 12.9764 5.72392e-05 7.88952
288.354 35.9374 22.7733 18.2002 28.2854 2.46341 1.91646 6.05043 20.332 9.4701 5.72392e-05 7.19717
292.812 10.0718 30.4162 14.7674 45.4773 7.66364 9.12878 57.3843 21.58 10.2172 0.00346926 12.5019
431.699 34.4351 28.251 7.30462 59.3859 8.66731 3.92801 13.0477 16.097 22.8385 0.0130365 14.1102
282.768 13.2727 27.7295 28.3277 49.1406 17.2058 15.7626 41.0397 28.2137 9.30205 0.131476 16.2539
409.011 14.2435 15.2658 27.35 29.3738 10.3528 22.028 15.0981 44.0418 9.2859 0.0779378 12.2006
572.981 19.0231 15.882 4.31494 28.7301 12.1592 21.2397 7.64018 8.97616 14.6516 0.0418042 10.9733
424.834 22.2271 5.82999 21.8198 6.91982 21.7719 13.2287 15.84 11.9918 26.8863 0.0125375 8.13971
349.755 32.3025 16.7901 26.2171 6.85234 21.5146 2.32361 19.0401 7.94206 1.99171 0.0507915 9.05682
217.441 10.8268 12.58 47.4667 16.3097 32.1491 21.6159 15.8835 9.89543 11.954 0.0541171 16.4197
331.888 14.3127 24.4126 92.9558 18.2896 5.78311 19.7509 5.59752 3.72391 25.8731 0.0762803 14.82
385.98 7.37687 14.0862 38.5 6.61095 8.37056 5.11082 14.9208 2.85721 16.4924 0.022209 7.76525
558.181 9.56734 11.8038 23.7636 9.64645 18.8198 20.6996 9.95945 15.6444 4.89983 0.072862 9.16923
522.199 7.13196 10.0366 5.19223 25.1943 32.6827 5.34566 11.1664 23.326 2.2564 0.0547217 8.90167
409.373 7.08704 18.9493 17.6446 5.42107 79.1259 23.0884 0.343122 18.0288 2.08865 0.00898855 12.4741
255.744 20.0885 13.8814 11.3103 10.7914 12.7723 9.88123 25.5511 13.5635 7.69312 0.0229357 9.49657
235.098 41.0673 24.1567 13.8489 34.9427 7.32028 10.0492 9.90195 3.88839 1.53544 0.0392059 9.61387
275.16 9.66926 56.3224 1.61598 26.0115 14.0609 6.36485 9.11521 1.71561 3.89767 0.0166728 8.77296
292.02 6.04048 46.356 13.815 5.19428 9.87363 16.6029 9.63257 1.48396 7.50811 0.0118765 7.26728
514.843 8.40572 5.6995 9.16725 9.72015 39.9254 17.062 5.59557 3.85994 9.04835 0.00425361 6.20599
522.844 3.32609 14.8094 33.0587 10.4173 25.9691 12.6277 8.22137 4.80517 10.9816 0.0351271 8.12352
363.443 7.12036 19.7278 31.147 13.241 20.0333 4.87242 22.8771 6.26237 27.1052 0.0504932 10.188
353.775 17.2905 8.51006 13.4814 3.67919 31.2699 12.9736 10.6011 19.9254 12.6453 0.0546894 9.41618
342.905 34.4002 20.6033 20.7503 5.20018 21.8007 10.35 6.26982 1.67247 6.68315 0.0189671 7.76102
386.545 9.53904 8.69811 36.6518 4.44292 8.42965 13.81 10.4154 13.8323 8.04411 0.236448 10.2751
469.996 5.44828 8.77161 35.3216 1.68949 10.8847 78.8318 10.86 46.0078 8.24554 0.14183 16.8904
353.806 4.50086 20.814 28.2851 2.09088 18.1115 31.8062 6.62368 24.1691 21.7637 0.0759728 12.0271
450.125 2.66167 14.2828 20.1003 4.85331 23.8894 49.9544 19.7199 6.697 31.1938 0.0539066 12.3523
596.531 19.7215 19.1327 44.0103 2.9142 18.3027 22.5185 1.94888 25.0717 18.7315 0.00180478 14.4829
502.218 1.57935 5.01044 39.1865 41.303 24.4976 4.68062 23.0703 15.7723 13.0474 0.0190777 11.1993
504.93 4.32008 2.87185 19.2619 64.6221 31.5513 1.84684 38.3526 7.3096 5.45419 0.0678581 13.6612
602.582 0.740255 4.46865 15.5429 17.0834 34.3835 10.1321 26.9492 4.25143 12.661 0.0737401 10.5721
517.578 1.53051 6.63127 27.0053 14.9111 22.9465 3.1443 4.86832 16.6225 3.31468 0.048479 7.97902
297.805 32.971 26.4337 5.16519 7.7188 4.20988 34.7247 27.2839 16.7258 3.68547 0.0385981 10.4934
363.485 20.0684 42.6314 19.9664 21.6817 12.097 14.1116 5.72855 6.39346 6.65715 0.027713 9.3626
519.505 9.07137 5.08161 17.7795 13.4223 13.0871 8.3718 10.9063 51.8933 5.4194 0.02578 9.03724
457.966 1.85555 14.6088 19.0294 6.97273 15.5492 6.22333 19.4782 20.0765 3.87438 0.20226 9.70379
469.838 10.2713 13.2386 0.820151 11.9631 6.84789 1.97492 2.30701 1.37137 9.70292 0.139531 7.94868
515.971 15.1656 4.78628 15.9113 16.3833 50.3365 6.56467 2.80889 9.77119 1.96004 0.0571724 9.43331
487.362 19.8191 23.5877 9.86333 8.2769 53.9394 12.3925 18.9749 7.31449 1.66046 0.000584888 9.82303
457.04 24.8386 21.1313 49.0124 10.0047 46.549 7.85524 33.3912 16.3395 14.3793 0.000584888 13.3004
223.678 48.6068 7.39001 10.8909 8.95608 17.378 12.939 18.7704 10.5289 19.4043 0.011749 9.3705
440.948 11.4615 26.8615 22.2495 25.0848 34.0729 29.5763 9.34433 3.77288 12.2928 0.0198692 10.3997
446.104 3.82523 31.5347 21.284 21.3314 42.8203 39.6388 16.4264 4.04443 22.1436 0.000615936 11.4155
447.798 9.91788 23.6026 34.5192 53.1491 16.5694 22.4881 4.1758 1.60682 18.6089 0.0127062 11.5273
460.246 10.0664 27.4145 7.61439 8.835 1.38749 36.0471 3.31604 15.0583 21.2161 0.0161146 9.06316
491.189 10.0853 4.25318 26.4492 17.8866 8.99658 17.7921 25.0592 7.40673 31.8318 0.0488403 9.84529
245.642 30.4824 39.458 13.9503 36.494 1.03952 26.1335 9.20456 19.4558 22.5969 0.00940931 11.9031
200.16 33.3587 45.0726 11.0706 6.92444 7.375 8.66184 15.7472 8.163 4.91026 0.109688 10.1909
436.298 17.592 17.9419 8.25846 5.2728 23.9031 2.72485 20.9616 14.478 8.28948 0.000238445 5.60355
312.459 3.85304 30.084 13.388 2.61706 1.46365 10.3599 8.47936 19.6125 6.56407 0.00243471 6.93947
253.294 47.3906 1.51811 15.3095 2.11593 18.8758 7.88043 0.647838 15.3234 5.52461 0.0063993 9.06658
335.056 32.8464 8.59664 5.86453 27.7842 15.8489 4.0718 4.12588 16.6092 5.45484 0.015519 7.34253
418.065 21.1054 7.03396 43.212 31.2329 21.0002 5.06179 5.99202 6.58308 9.38186 0.0992902 10.4318
