68.3918 2.67807 12.6447 3.93992 10.3083 11.3097 20.6461 3.6906 14.3518 1.7918 0.102556 5.38871
68.8806 1.49784 12.0327 2.3745 3.75199 8.15473 32.8752 8.3356 16.4524 10.7591 0.191107 7.63005
-64.005 12.4235 27.4459 13.751 22.3856 14.7821 5.80649 6.98767 16.8149 31.4475 0.222599 10.2975
-49.0869 17.0192 8.89361 32.7173 2.70754 7.88943 18.4697 3.59781 6.10438 54.049 0.0306303 8.96038
90.8519 9.26056 0.50283 15.5152 3.10131 20.2415 13.3697 10.1736 1.17172 20.6278 0.0124811 5.13
15.9994 10.8136 22.8558 14.9621 26.7414 2.0954 16.3091 6.60121 3.66811 22.9856 0.00371171 6.30576
136.599 2.18276 11.1513 2.36353 6.489 15.4856 13.7877 24.5029 5.72388 10.0296 0.00207899 3.55881
104.346 6.45664 0.542838 9.40134 20.8959 11.5351 10.517 2.97806 15.1885 8.07612 0.00275847 3.29923
11.3047 27.7587 5.83813 3.52224 29.7379 7.35246 6.94971 12.2302 25.4919 21.0934 0.02004 7.34449
-13.4964 18.1169 8.65141 8.27891 9.60143 23.1478 8.054 6.78307 32.7616 18.4577 0.0339515 6.46827
1.97739 14.5993 4.29296 12.019 9.5712 6.27946 18.9916 30.5129 17.7461 5.50106 0.0328494 5.88522
126.701 5.79423 1.00134 9.98047 11.3341 5.10622 16.9726 14.8813 19.7004 11.758 0.0411815 5.11169
116.148 2.13945 1.91521 9.10058 10.6458 4.73892 6.43537 0.846141 56.6422 36.0171 0.0238893 9.70508
-40.412 29.6458 9.05761 4.28634 4.23541 13.0983 14.9424 13.0897 42.7991 15.1097 0.00534045 6.91528
-26.4246 18.0143 10.6221 8.01001 13.7631 8.20616 15.3353 19.146 51.7472 7.35526 0.0215472 7.85266
42.0508 1.93432 11.1607 7.5072 12.9003 26.6278 21.4162 11.5436 7.47018 26.377 0.0271791 6.45515
51.9048 4.5897 10.5384 6.92512 16.5475 21.5036 9.23577 4.40389 8.56791 27.8648 0.0367022 5.20622
-21.8477 16.9927 6.30761 15.0288 30.774 6.40153 34.7466 1.07245 7.2958 24.0657 0.00610111 7.89267
-20.5728 21.1229 11.134 20.1525 7.7889 8.71459 4.51994 6.62956 7.01026 2.4775 0.0124533 3.6774
-2.8861 22.2408 9.31458 13.4996 0.630456 14.3157 20.1316 22.0787 11.4418 12.7204 0.00143882 5.14035
54.9478 10.2706 8.46914 11.5732 9.41149 8.37841 12.9937 28.6266 46.3474 7.32729 0.0082779 7.01276
64.9299 3.16184 7.88794 12.3311 7.22207 3.93295 13.8701 26.1198 2.03283 19.0924 0.0155084 4.53855
7.97557 8.5932 10.3244 3.04029 14.4265 7.28135 12.1485 37.6132 17.2312 13.1749 0.00861133 5.67685
-72.1932 13.6629 23.0829 9.39288 5.02659 28.1188 20.8642 6.66948 23.419 39.4767 0.00204318 7.89589
43.0177 1.75201 18.843 5.44249 18.292 27.8897 11.4041 13.2731 7.24936 0.512352 0.00801708 5.65067
69.1893 8.44288 4.63286 10.875 8.19966 20.9678 13.7386 14.2389 8.60137 33.2789 0.0579954 6.30622
-56.9563 12.8812 17.2448 7.6673 1.49868 17.6268 9.35612 3.52372 30.4181 8.90664 0.011787 6.60182
-51.0598 9.25107 16.8885 1.88008 28.3117 8.98002 13.1297 4.19783 31.581 15.0523 0.011787 6.69742
-39.7646 23.0812 11.0574 14.0805 15.4031 11.806 12.2966 5.83841 31.145 40.1432 0.166271 10.5499
-8.40022 10.2187 3.81975 14.7067 3.53531 33.5663 26.6542 5.8514 5.88076 25.0138 0.0793585 8.12223
21.6957 13.953 4.87508 20.1259 10.6267 24.5424 3.09862 1.39681 6.37407 7.48194 0.0590716 5.35546
-17.2178 7.58126 13.0334 8.73682 12.8651 21.1203 9.99865 0.709615 10.6194 8.52403 0.0609361 5.65343
15.2733 8.90507 29.1742 5.60404 15.5599 13.1616 7.09697 3.0659 9.50549 28.2496 0.159504 8.0775
-45.2713 10.2972 27.0031 3.99219 8.74181 21.4471 4.06742 10.8064 10.8594 14.4512 0.00936086 4.63572
18.8905 7.02536 17.7785 18.4112 11.9024 25.493 9.16704 11.5544 8.27156 11.4852 0.0229927 5.61273
-17.8396 19.5946 5.02011 17.3532 33.0005 14.9057 7.43752 12.2062 7.14727 11.4852 0.0107319 6.03092
55.5198 0.630954 20.6332 18.1763 1.9023 10.1204 10.1817 15.6168 6.55871 26.2531 0.202142 8.68574
-16.7898 6.62053 0.744314 44.878 3.00735 14.3971 29.03 13.4464 38.0416 4.41249 0.0667077 11.8541
12.1283 7.09725 4.16612 22.3141 13.3541 7.33246 6.34298 16.7768 25.6528 6.97083 0.0573552 5.77715
99.3066 8.01041 10.2195 6.40956 10.5196 6.19255 16.7077 24.5922 2.24265 21.7656 0.0191623 5.00795
126.658 7.79377 17.0933 13.7 13.577 3.53674 6.77292 5.12849 6.03943 4.53842 0.000785842 3.25574
-21.9171 4.92996 36.2686 6.09979 21.0073 7.29499 5.71587 11.1089 17.9403 15.6252 0.0598977 6.87271
4.65712 1.93242 24.437 6.59354 12.9266 5.9953 7.43685 19.8836 27.7475 9.29122 0.0970717 7.14229
-14.9617 14.1074 16.9651 12.6163 10.1631 6.3502 14.7386 17.62 32.1169 10.6286 0.0370147 6.37011
-9.38933 23.2275 25.0926 14.2754 0.205541 3.41907 1.8611 13.5104 5.26036 4.79132 0.00261469 5.70062
-62.4292 15.1062 6.52735 14.331 5.10486 27.7488 2.36228 20.6054 0.427833 12.553 0.00656807 6.20118
49.1337 19.7902 9.92185 5.60587 16.4338 12.3943 14.3246 9.75641 4.67247 4.57977 8.90349e-05 2.47404
100.173 2.86168 6.5123 25.6885 18.3564 12.6512 9.75733 2.09836 8.62604 4.13306 0.0142015 4.86459
6.89129 17.0259 14.8134 6.20047 3.05386 29.8783 11.4898 13.1484 40.9527 8.21743 0.0458777 8.2941
-52.909 1.33594 3.658 7.51956 16.8598 36.1995 1.18688 17.1595 17.9931 15.2818 0.147307 11.0897
-20.391 4.47299 24.1854 4.53718 26.2731 12.9706 8.92286 6.60435 14.299 17.7895 0.17598 7.77343
-8.68442 6.67237 27.8307 20.7719 11.4461 4.7273 4.02528 8.44921 23.8771 64.6412 0.203385 12.808
-62.0555 6.24187 40.1116 16.5596 10.7455 0.583389 26.381 10.3616 39.7888 16.4696 0.12538 12.3289
-68.1692 2.7275 39.7542 2.51319 5.6953 2.58354 33.1564 7.66332 8.12498 10.1612 0.198091 9.43033
-26.9039 5.30642 12.1166 5.37658 11.0453 21.688 29.0676 31.6351 21.4245 1.06469 0.000848532 7.33445
107.252 3.57588 9.1254 5.21306 7.86275 19.7257 6.56855 13.5336 21.7928 4.16576 0.081579 5.17555
-67.4527 23.8141 29.6001 4.53516 13.6236 8.41429 3.08993 12.1659 16.0149 20.4675 0.0431182 7.0282
75.7591 2.03376 37.4227 0.489942 13.7362 7.29216 17.5306 14.6783 5.03587 17.204 0.0378531 8.62345
45.2891 13.3655 10.1609 9.73838 0.568194 15.3412 4.10283 8.16568 14.7905 16.4202 0.24481 8.04551
-34.5235 11.1708 8.99384 12.2769 20.901 18.7259 22.1622 6.57588 9.09561 4.40094 0.0556126 5.78638
4.57061 24.0375 8.31518 11.6888 3.40189 14.5683 13.4022 2.60597 47.0455 19.4085 0.118614 9.47338
-40.0621 0.236659 20.8689 5.4963 29.5769 11.3406 11.4349 8.39713 10.0683 7.92795 0.122671 7.99149
46.2439 4.83529 1.46483 9.20059 22.9874 17.1996 8.10914 11.7185 27.5673 13.5871 0.0279393 5.85971
-58.701 23.4941 0.750457 15.9026 6.73639 14.6693 8.96889 8.33864 27.5397 13.2673 0.0187737 6.90533
-5.95417 11.1492 31.4943 1.62747 1.24206 8.25938 5.27895 19.6488 7.54303 25.935 0.0022114 5.69212
-24.4206 9.55729 10.0457 6.26351 20.503 4.04628 24.535 17.4715 21.0073 9.53344 0.00223236 4.75271
-1.57892 3.31814 18.5178 4.42263 20.7795 16.5018 23.7032 18.3534 3.10506 74.0208 0.00204813 10.1631
-0.078281 13.0614 17.1179 1.83948 20.1516 2.55748 23.741 13.275 4.30555 41.3829 0.00193484 6.30996
126.988 4.15553 7.65412 11.7547 2.29908 28.6725 23.9732 8.21445 36.907 57.2087 0.00376915 11.8916
-37.4747 9.7919 21.2947 44.2293 5.3241 24.9279 12.0109 7.48611 13.7772 10.941 0.0127089 9.8986
-17.2766 17.4731 18.9727 11.914 19.7823 28.7066 21.1287 9.13576 6.00001 10.9386 0.0158902 9.02189
14.6788 12.3099 18.9727 1.87675 11.4258 23.0651 13.4811 3.66595 12.4255 5.74504 0.0285174 4.79505
10.9234 7.43966 5.43492 1.78687 18.6218 47.9773 4.07338 4.24374 11.8498 16.2125 0.00104889 5.56266
29.6253 14.6877 23.2798 11.282 6.26001 16.9873 0.155123 15.6335 13.6974 21.3714 0.00807886 6.78091
15.2588 11.2092 31.9462 1.28831 12.8998 8.18954 6.82387 24.1333 12.2253 4.11622 0.00449515 5.13839
-20.7439 19.4419 5.84783 19.4573 2.68392 22.2118 20.298 2.27586 15.8414 5.02899 0.00598826 4.75919
-71.3153 15.1825 18.5866 17.2516 2.59564 30.5459 13.4949 9.1502 14.3443 9.44915 0.00538408 5.31941
31.2228 8.21433 14.228 19.4572 2.53421 30.0211 6.2886 0.56118 7.64239 16.4247 0.000389216 4.24485
63.2419 4.50856 18.4435 18.6303 2.64082 4.28231 32.0758 2.10292 6.78106 5.77834 0.0158074 5.0762
-66.9153 9.06741 5.60289 29.0895 12.9253 13.5923 30.9098 14.4542 1.06719 8.29666 0.00864072 6.57824
-24.6508 23.6273 12.105 0.556172 5.26657 19.5992 8.67557 10.3158 6.44954 7.09011 0.0111741 4.69159
87.1782 7.02013 4.53788 9.25672 5.06179 6.58186 30.5494 9.32214 13.6981 8.37672 0.00529392 3.22809
-33.8637 20.079 6.68503 22.5912 4.80528 5.11834 33.6766 7.48659 14.855 8.59189 0.00529392 5.04776
51.9669 7.63523 1.76004 12.4693 5.96553 39.9583 17.9321 4.47561 14.4218 3.21762 0.0190604 5.96925
-8.65139 18.1575 7.11548 20.791 13.9498 6.81055 19.7613 6.26098 7.02971 8.67269 0.0340804 4.68802
-27.6422 5.38234 18.7481 19.6654 19.1597 23.3815 19.7011 0.957642 5.83326 2.65855 0.00560881 5.95651
47.2365 3.05468 5.37006 8.7912 10.9169 3.62775 42.767 15.4692 9.77869 12.8964 0.00526822 5.11293
45.6871 16.2982 4.55561 32.1018 4.76951 8.39234 18.2544 6.03665 10.9155 7.21737 0.131887 7.39749
-0.960553 10.6156 1.90843 4.26036 8.32072 5.20845 11.6613 26.4918 8.53227 2.98912 0.0375857 6.74427
62.0141 14.8673 9.83661 25.0971 15.2464 0.983331 5.76958 31.7642 7.60129 11.153 0.157563 9.91438
29.294 9.69446 3.141 21.5268 13.9323 10.7794 0.282607 38.224 22.4051 17.8803 0.0620093 9.21177
77.7999 4.0861 2.55924 22.5101 7.0613 6.25138 15.322 8.22559 4.22658 35.48 0.176881 7.74407
-5.40057 4.57101 13.3564 17.926 5.11868 32.7842 21.2675 11.1789 22.5186 29.8416 0.186298 11.3698
70.2306 9.82954 7.43536 10.3235 13.2823 11.4779 5.38518 25.8709 12.7559 50.9664 0.0552986 8.32894
42.0656 0.619699 3.28167 13.5317 0.960961 18.3603 20.2201 15.4955 16.9491 32.3213 0.134629 9.71853
46.1121 16.0491 1.6182 19.5055 4.64455 3.94457 5.29249 7.00588 14.4631 4.30809 0.120947 6.13267
-51.6546 38.3983 9.43858 34.0825 23.5741 12.5224 5.64583 11.5191 13.7963 7.30109 0.69031 16.1149
-26.9249 28.5776 18.2615 27.9444 19.3235 32.1663 2.37561 1.01726 13.4596 9.77252 0.812156 18.928
117.797 44.1077 6.78015 2.07953 18.2849 35.002 16.075 25.0843 13.6356 3.40039 0.845758 23.2044
62.4505 11.838 6.53161 15.2673 12.1376 16.0507 22.9419 6.53234 22.8592 5.61073 0.433402 11.0037
-20.0013 9.32211 11.3864 22.9375 10.2862 19.12 26.214 17.6921 12.0539 9.65906 0.0806586 8.13465
-32.1127 9.47536 37.1897 5.48487 9.80226 1.9888 6.08156 9.25664 26.7231 10.0573 0.011275 5.81106
-59.9302 20.9041 11.8154 7.29189 23.7711 6.07295 4.70259 2.69689 76.7332 21.8595 0.00897472 10.6645
78.9075 15.5524 11.0173 9.1722 7.3247 10.8187 16.6497 5.95813 10.4156 7.33717 0.0961472 5.29294
-71.9384 31.2853 10.667 15.1959 4.02171 3.39305 5.58928 2.61512 2.26261 5.84277 0.107982 7.92637
32.1202 7.76858 19.4789 20.5245 9.7566 1.18381 4.11645 5.77903 1.07069 14.2293 0.205737 7.83173
37.7105 5.77284 20.5076 37.5392 3.30233 6.36004 4.73476 10.3167 21.7672 24.7961 0.087627 9.38597
28.7668 9.82752 26.1408 4.2547 22.8194 4.72702 3.02393 28.1975 5.54964 48.4109 0.0650426 10.0944
-61.1537 17.946 22.88 5.03778 4.03721 16.448 13.4286 20.3576 11.9402 30.1554 0.0885057 8.24839
-68.1289 29.2378 23.8015 14.8914 3.40619 14.8464 20.6742 27.7239 2.95654 12.1197 0.0803792 10.0272
-31.2317 8.49169 22.7246 10.1847 17.0142 12.5345 9.64667 19.5305 17.5633 2.30503 0.014911 4.9986
6.99833 1.2819 4.26231 15.4655 26.2054 13.0473 11.7844 0.622136 16.8297 1.32085 0.014911 5.99117
78.8599 6.24315 18.0528 15.9061 21.7597 13.6643 2.89758 2.90884 10.38 23.89 0.00165291 5.4497
-42.9407 22.2137 9.87133 11.8156 13.4222 8.83999 6.36193 3.13721 0.782566 3.96849 0.00899088 4.2652
34.2586 26.4197 6.67029 22.3693 13.6655 16.0647 1.88584 0.59195 5.68758 40.4011 0.00545537 8.69205
-73.2552 33.9484 1.95671 15.0718 22.9098 8.1242 7.49291 2.58305 6.94029 7.66361 0.0858383 6.93143
24.3477 31.033 10.0021 7.62118 17.4655 12.7583 10.944 4.3355 30.0373 4.88015 0.134625 9.14703
77.0814 4.41933 9.25577 11.3173 18.8024 8.93366 5.49585 30.8326 29.4869 15.7097 0.0822946 8.12276
19.0174 4.30031 17.8114 5.5002 17.942 8.97005 7.46102 9.43011 15.599 12.8029 0.109214 5.69209
11.8634 8.59499 9.9986 26.57 7.03004 5.35986 14.0624 23.8616 2.69227 3.10366 0.0160295 4.46492
-59.76 7.17999 20.4435 25.5671 15.922 9.92706 11.3242 8.90221 7.89107 2.46586 0.0240922 4.97214
-32.9425 10.512 0.711065 34.5824 14.8615 12.1994 17.7832 7.31112 34.0652 1.62819 0.131602 9.958
-59.2001 37.4695 14.9527 4.62791 24.1418 9.6819 11.1789 7.87073 17.0735 9.96207 0.130977 8.65858
-33.8759 19.5477 22.9274 21.0609 8.07444 6.93257 8.279 6.74071 16.9066 26.5254 0.0673147 7.52751
9.03848 9.27671 10.0756 4.4138 15.2412 22.9365 7.77625 6.7445 15.4257 1.57258 0.0637844 5.18639
-62.3571 2.52009 31.1583 13.3835 25.877 6.02304 3.2692 9.51039 20.4274 11.9499 0.0345361 6.78597
-58.2239 1.48906 18.7971 13.5087 20.0298 2.01173 9.84882 6.54107 22.7643 10.6937 0.0123404 6.82794
-5.72652 18.7628 4.12415 16.804 29.7226 2.43584 14.0783 13.7748 34.2913 5.35639 0.015007 7.28137
77.4073 7.70866 13.6543 6.54148 13.4002 2.1561 3.28244 17.4474 17.2154 23.6193 0.0156268 4.95241
24.833 4.62724 5.46813 15.446 7.51814 5.9092 10.1727 17.0278 17.568 13.9142 0.0154004 4.59983
9.69068 2.57726 15.5966 10.1791 12.4513 15.7025 24.428 26.4238 5.20884 11.6726 0.00719903 5.43759
84.8177 3.60853 19.7394 7.55745 8.60842 6.94678 18.0944 18.7335 5.63445 6.97194 0.0265143 4.3696
-3.11514 10.5533 1.8018 18.1374 5.0264 18.7492 8.01526 24.446 3.53226 15.1352 0.0475827 6.0209
-9.27038 6.39151 24.4281 12.8361 19.5113 14.3005 5.80429 24.4491 17.2336 28.075 0.0879669 9.07475
26.2937 2.97478 3.42351 33.6187 2.83518 26.3184 6.17102 24.4451 10.3757 9.43886 0.209398 9.3933
11.0239 8.37861 1.41451 34.8759 4.14216 35.1778 0.530163 22.4 5.3082 13.7385 0.0123103 8.1432
85.7268 6.68164 24.3943 22.6567 9.92604 5.16647 6.9604 5.90448 2.27107 11.1254 0.0123103 5.80195
86.1613 0.363247 25.4822 17.4809 7.3149 2.96909 7.11881 9.56982 2.90782 8.0755 0.0123103 4.95116
-64.3536 25.2681 24.7416 5.82513 6.4172 17.9222 8.01015 20.0348 18.6841 35.3662 0.0374316 8.6718
41.8172 2.97996 24.3396 4.4486 9.43984 3.28627 1.66545 24.099 5.82212 14.6187 0.0523599 5.92917
38.2381 4.63384 23.8567 3.82601 0.573371 29.1765 13.5082 6.70561 26.9133 14.452 0.010997 6.56539
147.224 3.40279 10.1358 7.74761 17.2565 14.8314 8.3899 8.76694 12.1812 21.5215 0.0206114 5.35092
-62.0312 6.14435 6.38335 10.6353 36.1582 16.3588 11.0507 31.8561 12.5297 20.7569 0.00783451 8.24117
-69.6671 11.4662 10.3853 23.7762 18.3509 6.76654 7.95628 13.0418 3.78607 21.1328 0.00653267 5.03369
-11.4112 14.9059 14.3768 3.84078 10.2045 3.54447 17.3154 5.29405 16.5266 26.545 0.00585056 5.17766
-64.4772 19.5805 21.1672 6.87007 14.6009 6.25194 9.59022 10.6105 29.3655 2.6698 0.0228303 5.82872
-37.7811 25.7242 16.5979 6.95431 17.0335 4.86259 6.81287 28.4844 12.8409 4.20878 0.0731594 6.87466
-15.9478 12.5375 2.62502 14.4256 20.428 4.06621 10.7605 25.1188 7.23575 1.8331 0.00269728 4.10297
36.4992 15.8305 1.45428 7.58341 11.0082 18.2077 24.7319 14.6525 7.50466 3.08239 0.0482012 5.65747
36.3185 23.3603 7.96208 41.8769 6.7029 15.1057 3.17409 17.572 0.943707 4.93503 0.199398 12.9634
-63.4237 15.8142 1.55447 23.8108 5.09416 17.4747 7.7585 12.4884 27.5077 4.66624 0.275185 10.165
46.0079 12.1652 5.06892 18.9251 7.01165 8.67759 23.096 11.2963 11.6135 20.1168 0.23484 7.99036
31.8295 11.4267 5.76167 32.983 2.26018 4.52112 7.59908 4.59771 6.18386 19.1484 0.0415006 5.44152
4.79605 1.67414 14.6171 42.3176 9.37471 2.74532 6.24935 21.1706 23.1769 18.3157 0.00510247 7.29693
-17.7971 4.91663 16.7668 19.5228 2.35963 26.0526 0.86471 30.3224 19.6445 13.3057 0.00510247 6.77911
60.7674 11.3013 9.55954 15.373 4.33656 19.7928 0.558488 18.8058 4.03682 7.95864 0.0994624 6.16046
-34.1811 22.9502 21.283 4.97543 30.3887 7.03541 17.0296 16.4472 1.91678 20.1584 0.00526114 7.51837
-22.8727 4.18705 29.6415 19.8268 0.339446 30.5737 16.0087 24.1172 14.8069 4.46458 0.0287342 10.1509
3.61861 4.07728 19.4801 18.3079 0.339446 30.5737 3.43315 8.95254 18.1008 12.8337 0.019862 6.47288
23.1094 3.17178 26.581 0.174121 8.63193 1.95384 4.63389 15.4419 73.6597 5.3044 0.00285832 10.4006
-29.6878 7.35316 39.6263 10.9064 5.01311 3.96777 13.0674 25.9536 32.0225 3.27951 0.0287036 8.26068
-29.5825 16.7837 20.7599 12.9614 5.1157 9.71705 19.1518 18.4204 2.4524 3.16424 0.023569 4.98543
-9.44875 17.0698 12.1519 25.3131 5.82602 4.05324 7.65559 8.09066 9.82375 4.56191 0.0217688 4.10454
55.9212 12.6487 45.1105 4.87272 20.2043 1.088 5.97746 4.68462 12.386 11.4485 0.356462 13.6839
28.8195 10.355 19.5198 14.7261 19.9148 9.88323 1.7062 20.7229 19.5588 5.82736 0.095805 7.70957
38.8217 10.6127 5.40891 15.2705 9.63368 4.93626 25.1346 23.9008 1.11437 4.26868 0.0640585 5.93341
-62.3667 44.462 7.92479 6.20149 5.9354 7.49557 8.96531 44.8763 5.89575 8.82172 0.177314 10.2857
-48.1068 31.7818 2.49679 2.53692 15.9341 13.1414 18.7581 11.7718 3.7588 4.37987 0.0686283 6.43163
-26.7054 31.3963 8.33531 9.36821 21.5562 6.59355 17.714 5.65783 7.84614 6.52022 0.0932859 6.61556
60.9216 25.9466 7.89825 6.73739 7.01541 14.6968 18.5538 8.11691 13.485 3.95489 0.085499 6.69459
-32.9617 26.9104 21.9499 5.64226 21.1547 8.14545 10.363 7.19352 15.8492 3.31179 0.0860102 7.19338
31.3886 31.6814 13.8131 0.988173 12.4016 7.48693 4.54071 12.3477 20.2322 2.51983 0.0179353 6.44752
-62.6623 23.3764 12.9417 14.0918 0.952011 32.9879 11.582 15.3996 5.26127 15.0579 0.0095792 6.26533
36.9326 8.5912 6.04485 10.2254 13.2423 15.4343 12.7213 3.708 7.43912 40.1583 0.0152284 5.36686
-29.4061 19.9228 14.9223 15.7613 16.6527 0.513269 4.34524 8.96423 15.7978 20.9141 0.0281426 6.45757
-55.821 20.4973 14.2955 15.1954 0.998328 23.1624 7.25084 11.1112 10.8472 39.217 0.0350763 7.95854
-55.821 21.9359 16.9986 16.4081 5.51292 35.1788 9.57184 13.4615 0.857377 25.451 0.0025876 7.3161
-41.4297 18.199 12.6148 9.31648 6.30884 18.8906 8.59801 14.4773 2.00894 34.7453 0.0025876 5.26855
-29.2438 3.62668 8.20413 15.75 17.255 17.7106 5.882 14.862 5.38631 10.5499 0.000965748 3.61308
39.63 7.50959 23.9242 15.5569 22.1787 10.3285 21.4516 14.0163 31.7237 10.7123 0.000965748 9.41011
24.5575 7.77293 23.4081 6.43358 17.1292 8.04062 7.7367 12.3164 10.9804 9.5486 0.000965748 2.63763
-26.4865 13.7672 19.8942 13.9982 13.9354 1.29722 30.3721 11.6904 3.42149 9.58042 0.000965748 4.47038
-35.6582 4.42931 6.21986 9.69056 23.7053 10.3217 13.6392 2.27977 11.7544 1.65102 0.000965748 4.61291
6.95797 16.8177 12.3965 13.5932 18.7258 9.73511 15.7785 10.2837 6.46093 2.48604 0.00785286 3.93749
-46.3556 27.8011 9.11967 6.70892 28.3798 24.8325 9.86056 6.3207 13.2209 1.30024 0.0166445 7.00886
-9.57115 6.08727 4.8971 13.8612 7.25699 14.4475 7.8674 23.8146 29.954 7.39209 0.0176039 6.19493
17.3783 7.26945 5.32245 5.4183 11.2185 45.7014 5.01836 19.7124 3.16063 7.71073 0.0376056 6.44195
-31.2498 12.7535 6.23555 28.5189 10.6512 17.5785 32.6179 19.4967 7.20202 6.52718 0.0562954 9.06171
-39.4709 12.5107 12.6229 1.42244 5.24273 19.3694 49.0225 9.99617 12.5277 8.88324 0.110117 9.45244
-39.8675 8.30216 16.8894 15.7537 3.40087 31.3385 37.8881 15.7883 2.78194 11.569 0.0219491 9.1251
-66.6446 10.8989 13.4381 24.8209 13.7747 6.18914 10.6355 30.2174 25.9455 11.803 0.00295887 6.32286
-65.5186 15.7094 10.2889 12.8887 4.04689 41.9183 16.2044 4.08021 14.8121 6.95195 0.00370733 5.63255
-40.8053 15.2166 12.0226 10.0993 10.8302 9.61275 2.97191 31.252 7.2801 14.9331 0.000711644 4.1531
44.9936 8.58732 7.94298 5.7084 41.0234 14.6197 2.16193 16.8165 3.77262 38.1683 0.0295866 8.49375
-18.6253 18.4932 3.72907 3.57724 1.1034 29.8002 9.5021 3.02672 7.69602 13.0013 0.0403198 6.68376
91.7231 15.6207 21.323 9.4971 10.5186 1.81348 11.2332 25.4195 9.30824 30.5534 0.0172844 8.88374
-3.02821 1.08172 5.50299 21.2448 5.00956 44.95 10.8736 8.04151 13.1973 10.7389 0.0242145 7.12418
-29.7744 22.7996 31.7058 0.81927 10.1772 3.1573 9.40168 30.6458 13.3725 3.6939 0.00991443 7.17554
16.9349 3.24257 9.88673 13.5731 8.51599 2.35154 14.8293 7.59878 20.8082 6.50872 0.00603432 4.28078
29.7596 6.71295 7.52767 25.6932 26.1533 6.67314 3.46034 5.55742 10.1765 10.6591 0.139951 6.70922
-60.5051 2.4016 2.42686 30.3945 18.4345 10.1838 11.4066 27.9366 10.0138 19.5195 0.0825001 9.2152
-61.5926 18.8139 9.10012 45.7829 3.66304 8.79793 5.10976 25.6784 4.60821 13.1381 0.0566315 8.21768
-12.8532 18.3763 16.4156 2.30199 29.0351 20.3536 7.64097 13.7792 7.39834 24.7622 0.0181263 7.22355
11.6753 28.3612 3.08526 11.954 19.0215 16.3949 7.90793 3.57554 30.4334 0.889504 0.0898508 8.44644
-61.5251 8.27398 29.7453 13.6776 9.7016 10.0615 16.6134 10.6873 9.92915 29.3797 0.0356639 6.67066
21.4029 16.1824 6.40837 5.62273 16.1582 3.66019 34.6096 7.49417 5.86711 15.1986 0.370504 9.40233
0.0483202 9.37581 6.76856 16.0515 2.60346 35.6814 6.24927 16.0465 6.22782 3.80173 0.201435 7.57868
-67.2682 16.4509 11.1502 1.87737 26.7211 29.3979 10.7473 5.85685 11.9634 0.846111 0.0610216 7.55127
-41.1066 16.9822 6.21983 4.46228 35.8788 20.4214 5.97673 27.4194 12.2419 5.16997 0.379035 11.5846
36.8451 23.1583 4.0188 1.52657 3.88569 11.0964 5.46352 37.8444 9.65619 7.44577 0.0111672 5.54415
145.433 4.28187 4.65615 6.01719 3.57131 4.76172 5.46352 11.2446 16.9323 3.18096 0.00516087 2.87618
40.9749 3.78493 20.8748 12.658 6.74602 9.9948 25.4143 6.03119 12.6469 14.1992 0.00483246 4.02819
26.6125 12.7246 25.085 2.16046 4.50556 4.93348 4.83337 12.6248 38.7747 11.9371 0.00213318 5.58228
-0.478355 13.5769 19.4085 0.785122 2.25807 24.3468 43.601 7.87612 2.97555 13.2622 0.00137231 7.25518
-51.2397 30.0616 12.3359 8.18209 8.67241 14.6177 8.76335 6.0828 12.252 4.68462 0.129128 6.44225
-61.4209 33.927 10.632 3.01502 5.23479 10.6357 11.8376 0.131197 20.7021 2.56093 0.0641319 8.4472
-4.84103 23.6654 1.34075 9.50154 13.3503 4.54194 16.7269 12.7221 6.92582 5.54802 0.0736825 5.61778
-13.5167 14.9974 14.9065 4.6649 27.6829 8.55243 26.5677 7.9115 41.1656 14.9984 0.0463522 9.59968
-53.5128 15.6848 11.6213 4.97928 20.7241 10.4254 24.3719 15.651 11.6857 16.0295 0.0210363 5.89567
64.4054 7.43277 6.3234 2.37806 24.5037 19.4234 9.74711 14.2308 0.258239 9.28801 0.00315553 4.32466
47.8506 12.7732 1.9164 15.9702 1.77527 9.08462 5.58245 22.6161 14.2616 4.41873 0.00424518 3.8227
81.4354 18.0577 3.7423 5.11501 4.7889 12.6202 11.3712 18.4456 9.40379 15.1603 0.00579161 3.59897
107.224 8.58281 2.28218 5.8771 5.11364 20.1256 1.47294 16.552 7.49556 6.93017 0.00114421 2.53142
120.481 4.79835 4.59542 2.46378 3.26975 21.8504 1.44573 20.4156 14.2162 10.0122 0.0262961 4.81423
89.2298 8.36139 8.47448 5.12293 0.174592 35.3318 1.85792 21.0078 16.3825 68.2851 0.110897 13.4963
69.2471 5.22014 9.35003 13.638 3.72548 35.1191 5.35738 22.0285 12.2302 5.97805 0.029528 6.00887
19.0295 5.14538 15.3962 8.79748 12.001 10.4308 18.1456 7.83993 12.3501 25.592 0.0642103 5.72189
46.5756 10.8478 10.3693 11.0539 10.5256 7.18641 21.0801 9.14026 6.91895 5.16876 0.0310819 3.56556
68.381 12.1154 12.9243 14.0658 31.9876 2.45437 2.21403 6.51696 5.3611 24.0243 0.114459 8.39867
35.0067 14.238 2.27976 15.6146 32.6051 3.8551 12.2542 12.0466 22.8421 22.6563 0.0206886 7.28544
36.9658 5.24063 2.86395 22.9574 32.213 0.896598 12.8724 7.28257 3.06823 30.8925 0.0450903 7.6306
69.8068 9.09471 6.87922 20.8324 28.8937 16.2583 0.537291 6.91085 3.22359 7.69928 0.000195929 4.92722
81.3744 7.9315 17.5062 11.4969 13.7572 2.86906 9.82405 8.47217 3.46304 6.44934 0.000415047 2.11195
73.8666 2.72521 10.6903 10.6705 24.2646 10.3107 4.72538 10.5246 6.87393 15.7697 0.00104184 2.67752
118.891 11.3139 4.70174 8.41102 21.545 3.12613 4.61388 2.0172 7.55051 20.1517 0.00723671 4.00778
-65.6423 8.07034 30.8378 5.27278 20.7357 1.69869 8.66355 27.7103 18.1719 35.1232 0.087906 10.0165
-65.9778 9.92474 21.3887 18.7356 24.1484 4.12536 8.56187 29.7869 23.1406 11.7542 0.0211567 7.72634
-61.2032 10.7871 8.46652 20.8429 29.0109 7.15739 7.56496 0.14532 14.4286 11.1286 0.0169083 6.71973
-43.7093 11.3894 22.9768 14.2795 19.7871 1.56862 26.9782 4.73297 61.1373 14.4744 0.0548909 11.6713
-74.4518 11.9205 23.4134 16.735 28.1924 1.39401 20.103 14.8436 32.2098 3.39351 0.0328592 9.05152
-12.787 8.81158 4.61844 26.4925 8.76215 9.12798 0.453102 42.7679 19.5219 37.6619 0.0424344 10.514
-60.5152 2.74835 2.06795 25.5232 17.7804 21.9775 8.49863 9.29364 12.3315 14.2752 0.0202298 7.09302
-38.9956 5.19417 10.042 6.59179 23.282 22.2748 23.8043 6.60879 11.8929 10.5164 0.0759038 7.07486
11.0994 14.5063 41.6456 14.3988 14.2836 18.2698 7.49896 7.44255 13.0426 6.2594 0.00107972 9.97639
-37.3954 15.902 3.69188 6.60556 38.7424 5.24503 8.23861 7.38702 39.445 7.7761 0.000157801 5.59978
109.613 7.7512 0.661276 2.34036 18.3935 0.774557 13.8517 12.7824 38.5193 13.7969 0.000281555 5.59462
93.3883 1.9698 14.6519 0.731708 28.4367 9.7809 8.31985 5.34934 25.7097 9.33698 0.00299587 4.8815
13.9614 4.27779 3.14177 17.6427 17.0536 12.4786 9.0537 21.2938 17.8138 9.58439 0.00299587 4.1107
147.28 4.43228 2.72109 15.9338 3.47021 11.0527 1.91355 18.3365 7.01803 14.7952 0.021757 4.27891
-35.2385 8.43391 6.49194 35.4744 3.77085 13.9388 4.12777 15.8197 5.53362 16.0499 0.000825216 4.11612
-21.0244 8.34825 9.24039 16.0575 17.9866 10.0017 44.8133 22.1869 15.1523 6.50012 0.000825216 7.89414
-11.8395 12.5886 11.8222 2.31917 14.5461 14.0901 8.87912 9.35307 4.35203 25.5611 0.00775793 4.68316
48.6159 9.93801 5.85116 4.49015 14.3537 26.1457 8.1813 42.2786 8.25435 27.407 0.0622876 9.38304
46.1321 9.90373 5.29545 9.15063 16.4202 25.429 1.61766 5.67606 9.27062 51.2207 0.2686 10.6438
106.963 10.2943 4.57558 17.724 15.0414 8.86651 10.6801 4.11693 61.8557 9.7035 0.265869 12.7381
43.5985 19.6496 7.87836 4.31618 2.32628 25.3447 15.3646 8.01991 29.6667 8.49434 0.137366 7.99931
88.0541 1.41371 3.73859 10.5993 6.63666 22.209 21.6068 8.08987 19.7673 11.9351 0.0421133 5.60423
-56.9119 25.402 4.65839 9.00412 12.2384 26.1845 23.6158 11.2221 13.6715 6.98597 0.0549154 7.1495
-46.7551 23.4799 2.13017 10.5201 17.5913 19.89 31.5475 8.30763 4.37585 18.5256 0.0313426 7.52654
35.6058 8.51992 0.536859 21.4893 17.0071 20.9752 20.5117 3.77317 16.5951 13.1198 0.00720038 6.13815
-37.1581 5.30727 2.24277 20.0285 48.4203 7.90261 8.53347 10.7236 0.498188 4.37496 0.0139349 7.28013
0.451809 8.77771 15.4708 2.7526 37.165 7.61543 7.24096 7.7844 15.7212 0.973731 0.0147865 5.17241
-47.1513 7.41244 3.96199 19.0071 2.98169 21.2583 35.2391 11.9271 40.1579 2.11987 0.0153697 9.19671
-64.6093 2.52601 11.7315 20.9971 2.87704 10.3127 7.57255 32.9127 8.93775 14.9244 0.0153732 7.72799
-33.4584 6.35344 6.96981 13.7136 39.8313 7.06708 5.99691 1.32206 6.83929 2.55971 0.0151672 5.36755
2.27649 1.05409 24.2658 11.3403 29.4526 15.384 8.18644 6.37596 25.3037 5.34708 0.0115544 6.57488
69.9232 8.17054 1.46549 31.8058 11.9581 3.98803 8.45277 7.6602 0.669439 3.30911 0.0020349 3.74568
68.1048 14.9451 2.45039 5.11992 2.64858 19.138 10.7918 45.3094 41.9919 6.59249 2.73828e-05 7.97247
114.956 6.51357 8.45532 11.6581 6.42287 16.7923 12.5574 1.31631 13.2519 4.24921 2.73828e-05 1.85167
134.34 5.15442 16.1545 2.56131 7.94466 11.4696 3.08356 4.73279 22.7434 28.5249 0.000152947 4.16481
-6.18478 6.31422 10.2513 6.62166 25.876 13.3406 20.189 3.37128 24.0811 3.35293 0.00253301 4.41807
121.209 9.28773 9.25904 4.08844 30.0052 9.82855 12.3912 4.16868 17.922 7.678 0.0019999 5.00244
38.3292 4.54214 2.57889 11.3468 34.0373 2.45921 13.8343 4.03607 7.39381 19.5516 0.00725529 4.62087
35.1853 9.22645 3.52693 3.02825 11.5782 9.96142 16.813 4.60445 6.84642 30.9111 0.000221515 4.03872
84.7447 21.7821 3.20993 4.17278 17.7108 4.22934 3.89738 13.4126 14.0103 9.53944 0.00707267 4.0357
182.316 7.36363 3.20172 6.90672 12.0128 5.67176 5.90462 14.2309 0.691214 44.8101 0.0499631 7.80075
111.166 1.27873 6.41121 12.9814 2.64663 26.8103 3.53031 20.0188 1.24433 18.8588 0.0376903 5.98974
77.2201 5.62201 15.881 18.1358 2.70474 3.15786 7.97869 12.2573 26.9641 5.83058 0.135606 6.8174
-12.0823 21.5695 10.6412 10.1009 19.3376 9.84354 17.6039 5.33171 7.81528 10.1962 0.00794825 3.93905
0.00938873 22.5655 3.68169 22.0269 3.45036 3.8538 14.7533 5.51625 33.4547 6.26175 0.0172089 5.86335
15.3529 10.1017 3.18969 16.0793 10.5034 1.80638 27.92 3.21039 0.285976 6.3941 0.0172089 5.40921
98.5684 8.10601 3.2682 10.406 10.836 11.7986 17.8946 20.4349 17.2709 13.2931 0.0131372 4.6868
9.57759 32.0447 25.8441 4.3615 6.64521 1.6241 23.9391 18.7273 41.9396 14.2838 0.0780729 13.8805
-55.8076 34.1221 3.11057 2.35676 10.5032 2.43929 18.5663 17.4583 2.0499 25.9193 0.0039858 6.5463
-55.8076 26.5089 9.89758 17.4748 15.8122 2.98223 30.1736 3.66806 1.90731 13.2881 0.0039858 5.46296
-33.8855 30.0981 3.43142 2.83043 13.635 3.1081 8.47542 47.086 6.09404 4.35467 0.00709566 6.61029
207.493 9.5238 2.11558 2.69747 0.881845 2.96168 1.44557 10.9289 14.4136 34.3645 0.000867155 6.31555
30.1103 12.0597 3.04756 21.6617 13.799 27.0418 11.1856 7.54248 23.032 14.5459 0.020083 6.72849
-8.43069 1.83473 9.12208 19.8792 14.0812 21.7083 6.87618 5.92907 7.68292 6.70965 0.280468 7.74033
-53.6972 12.0842 16.4726 28.0297 5.96625 23.0344 16.9745 17.9839 16.0985 17.4496 0.0156765 7.68319
7.0006 2.07645 23.9477 29.1483 5.13046 23.1159 9.45665 13.6614 1.74882 7.21404 0.0683267 7.91691
40.6727 4.45817 12.9256 21.9136 2.2419 22.8743 1.38177 1.62487 17.5114 9.11018 0.0575426 6.12278
-15.0386 4.49826 15.007 15.6948 4.22076 26.5132 12.5076 16.1782 4.0188 19.6277 0.00720063 4.85188
-45.1057 21.9092 7.51517 4.4549 7.17857 8.92903 25.0998 12.5086 50.3656 2.5123 0.0391324 8.71276
25.7724 5.65481 19.4997 3.62517 23.3888 3.30628 21.5208 28.1613 13.0858 23.1025 0.00128251 6.23053
-21.3259 16.635 20.9279 2.85078 4.00499 2.6328 6.90988 23.687 5.85302 17.5248 0.00319807 5.01574
-52.9035 28.0189 13.3357 3.31877 35.7002 9.07515 2.53947 5.74233 5.37725 11.2079 0.00613904 5.28039
-71.5811 24.2164 15.7754 3.18377 12.2432 13.6141 12.6421 7.65334 35.7249 6.83999 0.0750349 7.70237
14.809 16.9259 18.7045 5.03477 7.85229 17.4675 17.7654 27.0289 32.6516 8.10897 0.0905308 9.88282
-19.2054 5.46306 42.3154 4.10299 6.87359 21.9859 5.81623 8.24139 7.0487 39.9572 0.150446 10.0662
58.0432 2.37556 8.52948 4.29845 6.03032 22.4589 22.9315 12.1115 4.3541 33.251 0.0457676 6.61817
88.156 7.7313 14.0702 3.63169 3.23018 22.9301 13.205 7.86773 9.19396 3.56324 0.091451 5.17826
18.418 15.6484 17.6736 8.59424 1.82302 22.5796 0.820561 14.1891 23.6791 3.80848 0.244967 9.0374
29.6248 14.4454 8.78344 13.9885 9.59668 14.4148 9.49074 8.3224 6.28316 5.51464 0.0406986 3.6628
-57.2215 8.55093 18.9927 0.759295 29.1035 7.05516 19.1981 3.82048 5.20022 13.9687 0.037521 6.68419
29.2 6.16914 7.20793 4.99616 51.236 1.39074 4.23819 10.5421 19.5468 34.8558 0.00513284 7.72363
2.91596 2.79027 13.3141 3.73445 11.6256 12.5423 2.03298 8.77466 53.3679 13.6373 0.00513284 7.97043
57.7267 3.48133 7.84829 13.9635 14.6305 23.2808 6.65163 4.05427 51.4654 23.1892 0.0734518 9.28638
101.545 19.6606 6.33964 7.63996 8.02469 5.47244 9.89372 21.0298 23.0518 24.7994 0.00342704 5.81032
152.314 2.62138 7.39077 17.6601 2.44005 5.18621 9.40219 14.073 18.1534 29.909 0.0295377 6.18873
178.678 8.92819 11.7824 2.71626 2.74715 5.56976 11.8108 30.4668 0.655544 4.68983 0.115025 8.27505
108.788 15.8838 3.11274 12.6111 12.8767 16.3997 6.91602 11.6796 18.09 10.5582 0.0182785 5.42387
51.2741 12.2362 1.68007 8.42571 5.86951 21.3894 14.5707 8.19761 21.5081 0.467567 0.00324262 4.2296
45.2166 7.83548 0.659276 8.24688 41.8907 0.98542 15.0416 6.76429 10.4207 1.47749 0.00774715 5.66397
95.325 8.58665 1.31578 7.857 20.8404 18.1566 17.0897 18.3074 26.3592 16.2132 0.0191243 7.59622
104.623 10.8208 23.0175 2.74056 14.7862 4.27879 5.15399 13.6589 20.1696 15.5566 0.0261055 6.53477
106.215 8.99926 2.46848 3.52965 4.67178 30.904 11.5075 10.2788 8.69134 7.91141 0.0163017 4.02278
96.0018 6.90439 7.48122 3.07756 10.1871 17.7769 7.71821 10.727 10.1734 5.14263 0.036587 3.43602
57.8222 11.5727 5.39742 14.7101 2.55965 22.9147 12.0872 19.9245 19.4712 5.4406 0.370904 9.73315
-31.4099 5.79953 41.413 7.34911 1.42196 25.053 23.9191 2.69272 30.6763 8.69135 0.362896 13.5846
-48.9895 23.3148 7.3422 10.722 5.39921 7.93949 41.7176 18.5735 18.4294 1.85955 0.372801 11.7879
-49.6922 26.0681 8.72651 10.2916 5.19515 13.1449 28.9227 2.71757 24.6413 37.9351 0.0457597 9.01428
-38.6438 10.1109 27.4663 5.6224 11.0082 9.05222 33.2528 10.5765 3.05943 10.467 0.0201427 5.68716
-54.8734 6.963 20.0177 8.81997 44.574 6.19025 4.08257 5.76378 25.973 1.54684 0.0307838 7.42208
29.3416 27.065 6.79231 2.25664 44.3973 9.93684 3.27642 4.99529 2.47614 10.2666 0.0372175 8.34072
-29.6549 24.3977 14.5185 12.572 16.0055 7.94253 9.10017 23.4152 15.8953 0.919977 0.0207873 6.23019
-29.3428 18.4679 28.5677 2.33497 20.3894 7.93664 3.775 2.78232 4.54964 30.3774 0.00688419 6.13592
84.6987 7.82143 11.4551 9.82133 8.78681 3.70699 13.2422 23.5665 2.31914 16.7736 0.0548416 5.13331
45.6117 10.5061 11.0881 5.91169 13.7686 8.39944 6.52578 12.8607 20.9144 26.6774 0.137407 6.97642
137.352 16.3044 4.26984 8.44593 1.57636 3.91588 29.11 10.0718 20.3511 12.4156 0.187997 9.10181
121.634 1.38321 13.4868 4.16347 3.97726 4.16011 34.0229 10.336 4.85198 13.4381 0.0199432 4.95249
126.476 5.62654 1.13677 4.82425 7.70861 4.67328 14.5824 9.19997 7.6224 10.4943 0.178521 5.90405
90.2213 1.14767 8.55834 7.265 10.0079 13.8832 16.0607 3.26077 30.2402 14.6957 0.085291 6.45036
61.873 13.4298 8.09016 15.5078 8.87781 16.9248 11.435 11.3751 6.04063 11.237 0.0172711 3.94548
15.0231 5.32974 7.42718 11.8544 9.71543 21.1305 3.61063 7.50753 4.81278 2.15829 0.0081084 3.36913
-21.1705 15.335 24.3666 5.46598 21.2562 17.4076 10.9197 5.53606 13.397 11.7994 0.0097252 5.2127
-44.1569 4.1325 21.1794 14.8525 32.1227 13.7495 2.76006 5.97435 9.18367 24.5907 0.0892991 7.89144
75.0998 16.7602 6.76556 9.2181 33.0509 5.79776 6.357 25.5705 5.99592 21.1542 0.0493399 8.78493
54.2926 20.6858 3.86302 15.9402 21.2516 1.46073 2.84349 29.1753 1.15542 15.6482 0.165027 9.27898
63.9705 8.5772 2.42989 29.2001 24.1658 3.19636 2.89936 21.1253 9.32269 17.915 0.150118 8.98263
13.0708 9.6446 12.6543 21.624 32.5454 13.6223 2.8916 3.39655 3.90726 12.6778 0.0594095 7.18742
-68.6448 15.2929 6.60196 28.2264 56.7013 12.0746 3.14608 4.67792 23.3449 12.9585 0.00892042 11.6368
-68.6448 26.9022 9.96035 29.3689 12.0741 9.37414 2.97966 5.92405 37.0749 12.1617 0.0120054 7.25751
-2.85366 17.1086 13.7845 23.5813 13.9231 3.19702 18.8774 15.6823 5.71355 9.50675 0.0155923 5.61253
-65.4856 18.3964 17.0706 31.8387 9.69828 3.49336 25.7769 5.81248 7.25372 37.6419 0.0277847 8.77419
-8.57015 3.97681 13.7291 19.4096 7.86132 12.1177 30.8873 14.1757 26.7972 15.5465 0.00164963 6.01052
124.225 4.72211 9.01738 2.88985 11.8048 15.3911 26.1163 8.21441 1.41786 15.5378 0.00164963 3.98432
83.9276 5.04859 3.42057 18.7661 9.00467 7.12512 61.5815 6.52181 4.0708 12.8837 0.00588964 9.22811
87.375 4.06996 1.84422 5.88405 13.2204 42.4155 15.6616 12.322 12.1092 4.34354 0.000658326 5.49925
89.4829 2.56395 12.8599 23.7762 20.3376 1.51863 0.33425 7.47872 13.7651 5.42276 0.000647774 4.56135
63.4643 23.9379 12.2456 0.819123 3.31549 3.1187 26.8971 13.2198 3.8035 5.80394 0.00798473 5.38611
-23.3325 9.74027 10.2006 3.40756 34.2443 3.49768 5.73839 14.6863 14.6117 0.927311 0.00967009 5.20608
-49.6535 9.10141 0.959755 8.01837 38.49 6.9766 3.89551 29.3714 7.3246 14.3071 0.00368785 6.92683
-29.8362 26.9443 7.04914 12.5328 5.44138 12.8233 12.1224 8.62296 11.8444 38.1436 0.00557242 5.75636
-1.56517 14.9013 5.61875 16.0178 3.17608 2.83098 15.1596 24.7874 15.3997 29.0215 0.0608422 7.59155
-28.3072 13.891 23.9955 20.4663 6.97587 6.37402 16.7201 11.0006 18.3818 0.631877 0.0116207 5.66308
-29.6796 9.88969 21.8491 27.7571 4.52759 11.5111 2.55255 13.3922 17.9411 3.04176 0.0128505 5.13392
47.7009 5.98619 34.6432 20.0442 3.76781 12.124 6.01918 6.09282 21.7974 11.017 0.015272 7.31547
10.4301 3.18321 16.3423 5.18536 14.2022 13.2029 9.32908 1.62648 10.6545 15.8662 0.327315 8.52933
-46.5732 4.93578 18.8474 2.84231 22.8163 16.8715 17.0575 7.85864 17.1031 4.30749 0.219618 8.36098
22.7982 1.52001 27.5266 10.9934 19.7209 14.1933 12.6768 11.4355 9.05527 8.8335 0.189826 8.37868
-26.9889 7.31715 31.1441 13.6008 4.54601 8.85312 17.7489 14.4646 7.36893 9.94169 0.00618429 4.22704
39.4781 10.6576 2.55712 8.50681 8.29061 24.3386 3.61115 16.3666 2.02427 9.63865 0.0163843 4.01464
65.9541 5.84488 2.9709 6.71415 3.61744 46.4011 19.4749 24.9992 23.8147 11.2857 0.0122741 9.57936
16.7468 14.4313 1.82014 6.90343 4.44895 18.5752 25.8906 41.3876 33.4073 18.0021 0.0814724 11.9231
-70.8392 12.3705 15.3777 7.38631 17.7249 19.4085 14.217 28.5067 8.89289 28.0938 0.0248691 7.71834
-42.1818 12.4257 21.8909 7.54641 16.5368 12.0691 17.4181 12.8545 6.6122 7.38513 0.052543 5.26095
24.0368 11.8508 12.9177 6.95754 11.0048 9.8516 24.5929 2.48547 4.08843 6.81708 0.0149701 3.50977
-17.1229 7.43731 7.60955 3.37877 22.5252 18.6725 12.4403 5.53495 13.2869 20.2728 0.00307537 4.65711
-48.066 10.8706 15.3586 8.36614 12.5364 14.4905 5.32885 31.2529 2.59246 9.24453 0.0910996 6.76496
-0.791628 2.13149 13.0713 14.7853 18.1974 13.6504 4.53067 26.4482 5.61634 32.0419 0.0409858 7.12533
39.386 9.81672 14.8523 25.3501 5.65759 2.10361 3.23607 3.2787 5.02714 19.0261 0.0511727 5.73954
33.5335 4.44557 5.01909 7.65851 18.3219 11.2428 8.66633 12.3819 4.16716 5.72422 0.022503 3.59232
-3.06082 5.12436 23.6916 15.4876 16.298 6.94619 6.73895 29.7156 3.53271 22.4898 0.0209021 6.29569
-53.9934 4.77909 39.4152 2.25066 27.504 13.6659 13.0908 21.8145 18.8296 9.1634 0.029502 9.01864
109.458 3.82518 17.4469 5.17754 9.35222 18.824 20.3013 13.9043 1.65399 8.84229 0.0152948 5.4482
16.0839 11.3748 5.42616 1.77029 6.74252 15.159 28.3307 12.6483 7.82335 19.1487 0.0675571 6.48511
-36.0092 11.1009 4.7801 13.1474 8.5198 4.96821 0.338997 15.1992 4.79486 11.786 0.0122014 7.62507
-12.135 10.9677 40.3059 2.27999 11.0011 9.80953 4.3646 14.7991 11.5779 26.2764 0.0114213 6.65679
22.2368 9.00561 30.8438 2.64186 14.7085 2.54207 7.60683 2.99994 44.5396 11.1332 0.0113875 7.03852
84.1939 1.2603 37.2503 0.820757 36.5638 6.02877 5.50853 4.92229 18.5682 16.4453 0.0121923 10.7552
58.41 2.05673 8.10752 13.8996 2.72129 32.3564 17.7495 16.7872 15.7039 35.32 0.0145878 7.85575
-14.6767 9.80678 5.24872 6.69115 16.8122 20.3061 12.3939 4.9771 35.8487 52.1402 0.0269351 9.77084
5.30434 16.3892 9.02596 3.25678 5.60173 25.6356 3.20874 2.14754 12.0745 13.6992 0.0507701 5.79825
-2.33486 7.07321 10.5835 10.0015 4.42581 6.85049 55.836 2.49934 12.8027 3.76652 0.00679354 6.12207
180.059 6.56709 3.14787 4.72199 11.2863 1.50222 28.274 17.337 4.58668 26.9266 0.0803741 8.29998
-13.6326 12.0452 7.24947 2.39312 15.1467 10.459 25.3465 20.851 3.41456 4.66675 0.261348 8.38886
-11.8627 15.2172 0.551066 14.137 17.1846 18.1165 12.9102 14.5272 6.40934 9.75505 0.119762 6.99274
-41.7528 17.7077 11.478 14.1829 28.2434 11.2115 9.89853 10.282 5.7201 14.1985 0.226175 8.08601
-68.9318 34.636 9.09858 13.6862 30.8915 11.1439 4.53782 3.26458 21.8828 16.9184 0.436506 12.4333
-71.6886 17.402 1.29802 21.7135 25.9813 10.3714 25.359 24.0697 21.3417 13.8298 0.525033 15.5636
66.1821 27.1474 5.48169 0.546734 13.8518 12.1779 7.94905 11.32 8.30404 14.3624 0.0305495 5.92321
150.8 14.5124 5.03197 2.38202 1.95224 4.74862 7.32093 5.54261 27.119 19.6815 0.0335073 6.30022
43.7812 16.289 13.411 6.11063 16.4795 8.92647 25.3982 15.7011 7.79371 21.4373 0.0815636 7.82473
71.7257 10.0572 14.3943 8.50077 7.51982 6.57879 17.8362 16.149 23.5423 8.11645 0.104775 6.4046
-3.76238 7.03842 20.7386 9.9831 10.8071 14.7441 3.40699 27.755 15.7484 10.1454 0.0389652 5.69945
-36.4445 17.38 13.9669 8.18683 1.88728 23.2372 20.8758 10.2154 1.53986 5.20389 0.0220402 5.16434
29.5434 12.6675 4.61369 37.7926 6.93443 21.2799 2.27932 18.2683 12.5981 4.25148 0.0337897 7.56483
57.1105 3.06663 41.5491 9.01323 5.25802 12.2261 11.6477 7.51666 4.51317 28.4962 0.00194755 6.86149
-26.4818 27.0659 12.2503 16.7793 12.9149 2.06006 19.1946 17.6949 15.428 19.1525 0.016299 6.95868
-49.1155 8.07897 16.9448 11.2868 8.86715 8.74244 10.7849 5.25054 20.3517 4.40733 0.0212242 5.34889
-38.0707 15.531 33.6718 11.1152 8.28702 4.5984 2.63057 13.7224 11.8131 20.158 0.0035588 5.1461
-21.2565 21.989 23.5393 4.17186 7.43387 5.19797 16.7206 11.9006 1.85423 23.0988 0.0321591 6.11877
-70.0836 15.1237 30.9931 7.64254 8.89424 7.09838 18.3577 6.19812 1.85423 9.02828 0.0233837 5.08386
82.1277 13.2588 11.2537 4.00118 9.85348 2.42488 30.2221 6.21167 13.5529 5.73661 0.0214674 4.70852
67.0181 11.09 5.42293 20.8012 18.4402 5.30255 23.4852 17.6887 2.42161 15.2573 0.00524733 5.98358
17.2612 1.22717 3.48676 16.3121 15.8789 4.86258 23.0836 23.051 3.50995 15.9752 0.062932 6.89157
131.39 4.98786 6.05928 30.3515 0.842093 14.9806 0.214429 4.37945 16.4568 15.1114 0.0831602 8.64106
127.546 5.82516 14.9963 10.1128 10.1444 18.244 8.34071 6.98373 3.74387 19.8961 0.120535 7.0868
231.215 2.17773 8.39003 0.0399342 6.52892 14.0277 2.3386 13.195 20.7367 36.2514 0.293987 13.8243
190.603 4.34891 1.6791 3.56437 5.30655 12.6258 3.94138 9.14253 43.4313 4.41022 0.266736 9.38638
114.604 1.79994 5.40471 3.72107 11.1738 22.2877 6.73067 5.74564 28.2219 9.94244 0.309534 8.43622
91.7992 8.53472 6.96609 5.25172 2.59244 19.0552 8.17652 7.11462 12.5111 54.2272 0.2079 9.57036
57.499 9.81986 12.5526 3.18496 14.7495 21.3654 2.70683 7.44185 24.2333 30.6831 0.100792 7.77319
78.7426 16.7572 13.2051 0.415164 10.1416 0.764122 5.29595 10.4581 23.3656 8.92972 0.0166255 6.01034
40.5795 14.0363 4.83826 30.1676 17.4949 14.5971 8.64574 13.7837 3.68764 2.9055 0.0370694 6.89358
-36.8912 39.982 5.00364 20.5972 7.61144 17.3679 5.14886 18.5197 10.1171 34.1251 0.127765 10.7802
-63.538 24.5972 8.9133 25.965 7.29478 8.02046 12.3963 5.53151 12.1896 42.2454 0.240759 10.5103
55.843 25.0406 8.77474 15.6157 9.92083 5.98739 10.2924 10.4554 6.8309 41.4637 0.173209 9.66266
-17.98 16.0547 13.1998 9.6302 12.9769 9.88033 18.1676 16.3692 4.52231 9.31025 0.110827 5.83016
-19.0516 4.44321 9.67693 25.1876 14.5549 9.99718 10.53 21.7633 17.0467 52.3753 0.00682368 8.19627
12.4061 29.6573 7.9109 18.4963 14.0753 1.47108 9.88658 11.2051 2.39322 6.14697 0.0239561 5.78333
-42.8925 21.1853 12.7517 26.6875 12.7172 15.6249 10.6001 4.1112 24.1727 16.6244 0.0329347 7.39939
-45.5698 32.2529 6.27234 17.5964 13.6224 3.31114 17.11 2.88423 6.81957 7.57485 0.000690636 3.72423
27.0219 19.2306 5.58085 18.5509 12.3761 13.1705 5.3301 6.70199 49.3075 0.850106 0.00688718 6.97299
53.9591 13.8988 2.77143 10.5191 13.0683 13.2489 24.417 7.08869 8.24237 7.15655 0.00835393 3.59843
-29.0266 16.8861 19.1442 4.42066 13.1465 10.5991 25.2475 13.7995 7.88195 63.5368 0.0135333 9.24001
-47.2144 10.4611 8.73477 15.278 21.366 14.7966 12.6776 29.8573 8.83195 26.7736 0.221174 10.2019
93.9132 7.74223 12.3002 4.49038 15.6283 10.5837 13.5125 30.2218 11.0141 2.96095 0.24465 8.84137
87.6743 8.97966 5.62219 19.1373 14.3601 12.1476 4.23486 7.71311 7.02107 0.572403 0.137744 6.14412
125.322 4.8555 5.62219 10.4901 12.6443 7.9528 5.99636 9.02903 15.2356 1.62384 0.137744 5.25336
87.3681 13.0157 12.0082 4.80393 2.11383 12.5924 11.1595 12.7988 4.32391 15.54 0.0724823 5.08806
-41.3258 23.2843 11.7022 6.90432 2.68051 10.772 5.21774 10.3947 19.1785 7.7872 0.0233562 5.55444
-67.5114 42.8503 13.2615 14.7071 6.30279 13.3395 5.00327 27.0937 3.77279 36.7753 0.00500158 9.05123
-45.9452 13.6922 16.4816 7.13962 14.4179 19.1494 3.2746 23.3505 6.45276 23.5799 0.25595 9.16678
-23.3693 5.77219 19.8876 5.71985 17.447 3.69516 6.21876 22.5297 2.93546 10.6561 0.145263 7.06182
-24.8864 8.93145 17.5109 19.7458 16.8851 24.2425 8.16088 20.4936 18.5121 6.04966 0.104521 8.74316
29.6673 7.74714 9.64897 4.52547 4.30497 28.2448 7.60387 9.57677 40.4878 5.07795 0.0955751 7.45187
-32.279 40.5999 1.96349 6.72153 14.9563 10.956 6.54402 4.22572 52.5678 26.2898 0.0980967 11.425
-56.889 38.3423 3.33848 20.2703 14.8284 10.9841 3.48753 9.84871 3.93982 10.3017 0.204445 8.48343
16.3539 15.0397 5.71718 7.34733 26.63 18.5769 21.6133 16.028 17.65 5.81978 0.216866 10.048
2.2411 1.25345 17.8227 5.3365 24.7833 14.9138 20.7097 20.8939 34.7839 10.1381 0.141568 10.858
9.69918 24.3938 5.17366 25.0251 4.7324 4.70771 17.2135 13.0327 14.7006 6.18941 0.00298714 4.50883
-70.4577 7.63632 24.7734 13.5628 3.71776 24.7397 26.2336 13.6134 20.7657 14.1986 0.00395409 6.76607
-11.5106 11.0731 14.1929 2.84152 4.43931 20.3575 20.6258 11.9732 11.0487 35.0005 0.00493807 5.87759
37.5789 5.88512 11.1362 17.5164 13.7709 12.6364 6.45894 0.580293 14.6495 33.6165 0.0122098 5.76702
132.223 20.5701 8.54428 10.8571 12.777 3.5337 6.83016 10.6955 3.64384 7.81933 0.0381984 6.2764
-65.503 10.835 2.84903 12.0701 23.1401 6.76905 9.76161 20.4252 17.9545 6.32504 0.193945 9.18201
134.812 14.6029 3.23264 22.1643 17.6218 20.4776 6.0826 19.9091 18.8796 5.63753 0.0225634 11.5663
74.9397 1.0587 31.4294 11.416 1.00939 20.8804 0.380981 40.5424 7.12805 7.10802 0.0101188 9.75184
-58.4367 3.65632 31.6053 1.5099 4.12883 23.6448 22.7961 41.2262 13.2602 4.32454 0.0802306 10.8454
-32.2683 1.41828 26.2706 19.6311 2.14405 4.30468 18.7964 13.4074 5.68281 22.0651 0.0751325 7.51194
-53.8488 15.8385 14.0006 19.2605 5.51178 5.82282 22.5228 18.0846 18.9372 32.9636 0.30442 11.2189
-73.8214 21.6213 11.8474 29.1613 5.78199 6.64605 27.2696 16.299 26.6845 14.8913 0.0771413 9.50471
-69.3243 21.0523 13.3376 15.3801 9.28505 2.0177 14.1318 14.6477 2.436 36.8302 0.317187 11.2336
109.854 7.39027 13.4049 3.54373 3.12076 35.0146 7.37293 27.5813 23.0424 29.8182 0.100598 11.7074
80.5829 4.9975 1.89189 10.8839 4.06848 9.79178 8.83547 39.7055 23.533 19.8883 0.441668 12.0124
124.573 7.97286 0.585665 16.7278 2.88534 3.35121 6.73655 24.066 14.8384 32.3282 0.0768704 7.88678
-44.6524 6.95947 6.50122 17.1692 19.3234 19.6473 4.72118 33.4011 14.0464 42.8943 0.00709205 8.74471
74.0038 5.61839 1.52385 22.0294 5.19908 2.05531 8.09822 26.5239 33.7456 57.8648 0.00237123 9.42519
73.7221 11.6695 21.1067 2.40824 5.19723 23.2678 10.4009 5.81861 2.70931 33.8787 0.00112429 5.39315
15.6817 10.7546 4.84829 22.8665 10.7246 11.6365 3.77184 28.6742 2.07051 4.0748 0.0432979 5.30375
69.1819 10.538 9.45662 24.0238 8.51705 5.74479 24.914 20.8075 9.63679 8.05231 0.0202417 6.77239
9.71884 12.5245 19.6587 11.3757 8.1275 23.8458 4.83332 10.321 24.6104 2.88594 0.0334778 5.80006
1.28039 15.2377 7.0928 5.19824 1.65675 45.0651 18.5452 11.6504 2.73672 19.8884 0.0209135 7.3695
74.8334 9.01725 14.9877 9.86399 6.45289 9.16216 22.0672 3.4198 5.4942 33.9896 0.00574778 4.82634
44.1649 16.9085 12.3856 8.24955 15.6581 13.6853 27.4982 20.9335 5.18516 8.87487 0.0115087 7.25121
-72.6877 5.70853 18.2399 16.9942 2.51169 7.50487 16.749 15.8208 5.69722 19.5142 0.0773603 7.91428
-57.5983 21.9563 6.1939 2.29668 9.61206 0.799821 38.978 18.08 16.1528 16.7975 0.0780346 9.54211
76.1494 22.3276 4.7274 9.83084 16.26 1.096 11.3987 8.41288 16.658 16.4975 0.0576456 6.47963
-52.3816 13.3551 18.3978 28.7165 17.7163 22.3776 8.91241 3.94118 4.30199 17.2178 0.154703 9.34357
46.3541 0.623768 4.20727 14.8934 15.3823 18.4227 5.63852 23.7893 3.43193 12.494 0.159776 7.35948
45.6604 16.5038 3.96983 30.4431 1.37456 8.02267 11.2795 41.9325 16.8977 5.26702 0.0711164 10.0526
7.83388 10.6861 15.0681 1.39482 10.9978 4.60775 14.9295 28.1155 21.718 6.2962 0.144586 7.81554
-58.0157 23.5029 15.809 35.6937 0.615808 4.74814 17.1872 1.7867 16.7745 8.43014 0.0353944 7.90083
-45.6305 14.2685 11.6919 21.9123 23.9235 6.9476 5.58397 28.6467 9.28797 5.67663 0.177308 8.39026
109.225 7.54823 8.74717 2.74875 12.8708 6.97627 4.85814 8.65152 11.3114 5.50678 0.018368 2.9582
99.4282 4.95677 2.26068 12.9199 11.4981 6.36465 35.735 36.5314 26.685 9.87998 0.00512553 9.54892
21.6741 26.6219 1.58447 16.8048 4.6305 10.7659 1.01736 14.4027 23.6388 14.6917 0.00291233 5.45542
48.9612 4.83477 16.2609 7.56515 9.60122 20.1612 0.351057 7.86296 5.04997 48.8938 0.0127407 7.13983
31.9386 7.78449 20.6333 5.8684 10.0637 17.8053 1.3031 6.15688 5.04997 43.6528 0.0209446 6.58878
147.563 10.8694 5.24178 12.6519 4.47217 30.2823 3.10706 18.6589 8.34395 33.3867 0.0151825 8.55126
32.3564 7.78419 18.2518 24.341 4.43482 5.33707 7.78612 23.288 0.468676 7.06619 0.0625828 6.37386
31.1144 7.70423 7.09698 23.2811 4.97429 1.22684 13.9985 3.46053 3.71948 28.1805 0.0195821 5.60643
-4.89919 9.01005 3.85697 45.2669 1.71736 7.2021 1.63351 6.42054 23.8323 18.2049 0.0884226 8.43992
-22.8885 5.96256 2.13994 42.4758 9.29626 11.9859 1.36227 11.3143 21.5914 25.186 0.000724819 6.30347
-39.8305 15.7786 2.50003 18.7572 5.85539 19.7475 10.3505 15.07 11.1867 28.8719 0.138035 8.4487
-62.4116 3.01772 2.45295 26.4443 31.3427 37.0338 8.73762 8.09465 8.21287 42.6546 0.0200734 11.6562
91.3329 2.75807 2.37918 17.847 5.35809 2.89297 11.7908 11.0186 25.4387 0.357381 0.0288976 5.65612
70.7151 9.4957 17.6929 12.0922 1.54474 28.0606 14.8754 5.11193 22.7079 17.8648 0.115907 9.19475
33.0122 5.68653 7.88125 10.3005 13.5717 8.90642 1.66369 4.59467 22.7486 47.0569 0.118063 9.37483
96.0312 7.24309 14.515 13.5791 0.676984 9.13152 23.6355 9.01155 17.1754 6.12196 0.00318952 4.42188
18.4244 10.5882 3.84164 24.4211 2.49374 10.2326 17.1786 6.22938 35.0049 11.7565 0.0604907 6.89488
2.13217 7.82617 8.37484 10.716 36.9748 22.5675 9.19492 6.54776 2.31295 3.84381 0.00875187 5.40878
31.3021 2.12298 17.4519 2.22749 40.9443 10.4267 2.42428 2.69529 5.22305 29.4166 0.0986913 8.46311
92.4849 11.6887 3.33989 4.62248 43.5271 3.92578 5.91471 9.17504 12.4605 21.9069 0.0856426 8.16994
-64.5444 7.45345 27.6896 12.9822 17.4448 6.30561 8.42559 9.77761 1.61508 62.01 0.0894278 10.5088
-62.3596 14.17 12.5752 40.1466 5.50398 11.8552 1.66179 3.9403 28.9746 67.2114 0.107017 13.3717
-7.573 2.12102 2.3626 48.861 13.4877 6.08397 4.39373 7.3437 25.9444 8.09611 0.174764 9.37037
138.876 8.84108 1.12803 21.3587 1.67917 2.26235 13.5687 27.1612 19.4681 9.67576 0.124089 8.70981
147.7 10.0174 7.16185 28.3413 1.55081 17.3416 7.90099 14.8073 32.0741 3.71003 0.0266954 10.5574
57.2105 12.8337 10.3455 23.828 2.33787 21.8001 8.14601 8.89992 1.61536 13.3929 0.0208657 5.52855
77.9242 14.0706 2.55266 5.33076 4.64101 23.9872 11.5363 9.12934 8.94674 19.2979 0.0920627 5.8013
79.9712 2.21711 9.13344 2.41736 9.51085 11.5994 16.0515 21.6578 3.13264 4.51672 0.0689959 4.92692
143.412 6.60871 7.94773 4.41133 20.6132 6.77048 15.5219 3.06342 7.46236 4.84484 0.0580771 4.8701
-33.256 26.6261 15.1215 11.3263 10.4137 14.6506 4.51433 10.2471 5.11067 14.8292 0.0775261 5.96232
-44.0338 3.6768 15.9303 21.4189 17.5395 18.5876 5.3536 0.452562 6.54405 11.4838 0.0124237 5.51708
-59.1276 4.60143 14.6025 29.1235 5.18378 9.54063 14.1503 31.8863 56.4911 4.21961 0.0167836 10.605
0.563316 16.476 11.8308 9.60855 20.3284 0.651336 25.1982 7.04578 31.9044 37.5722 0.219421 12.0685
18.854 7.69154 12.2729 5.06901 23.0078 6.19556 6.82116 20.8138 11.9815 13.3139 0.331331 8.30107
-17.3246 20.7479 29.3857 5.85243 7.07998 1.80725 7.53487 7.83929 4.36383 2.45678 0.00738026 4.47728
-20.1064 15.3075 31.523 9.4924 6.40006 3.68417 21.5219 10.0212 3.06655 21.802 0.183892 8.58921
-48.2617 5.94813 28.2586 3.68781 5.63275 24.0415 10.4478 3.60471 24.6119 10.1818 0.139528 8.02955
-20.2195 6.13223 25.0077 8.15419 4.74846 41.7481 5.23298 4.07272 12.9051 25.6514 0.148628 9.11866
-43.9448 18.5897 10.7048 4.95206 4.20177 33.5216 18.9613 7.94455 3.79292 16.4069 0.0996372 7.34509
-48.7532 7.48904 13.1023 11.6824 16.1888 23.3595 2.99899 11.2667 4.80759 36.8836 0.00620977 6.29051
-39.9029 44.9505 6.62811 33.6169 9.42292 2.88441 2.51023 9.79947 15.5888 14.4336 0.0172481 9.92092
47.4304 2.65437 9.28799 41.4529 1.11061 3.08781 8.84529 2.05451 7.15656 2.16643 0.0188114 5.46562
63.4912 2.24971 21.7657 39.4157 13.7553 2.13703 4.49101 1.20373 11.204 9.90597 0.0674443 9.43351
212.215 1.5207 1.66889 28.8288 15.049 0.892752 0.460772 8.70705 13.3798 3.23453 0.123296 10.8121
33.5048 1.12038 2.37248 11.148 27.2297 2.33377 49.8775 5.81662 6.7725 4.18881 0.0954999 9.29202
90.3638 7.67508 9.73039 3.06799 10.5213 5.51559 38.482 3.61107 18.955 6.12397 0.0941538 6.78519
80.7676 0.460181 13.1197 4.28872 7.93649 12.549 35.5245 3.33746 27.5487 8.93849 0.0719727 7.82013
118.119 1.77629 10.7379 2.14072 10.5808 10.9537 2.0259 24.294 8.86783 20.3282 0.00484595 4.19467
67.4234 3.62786 21.3871 1.02896 10.7078 3.21617 19.7062 22.716 11.6843 41.0622 0.00654425 7.10109
125.913 1.14875 7.06355 11.5537 4.86852 2.14822 36.1448 30.4685 10.2593 35.0821 0.00405023 8.5162
23.4704 6.70973 0.685917 11.5994 23.3363 2.51422 36.1302 12.3497 5.60179 13.0202 0.0047926 5.68446
-55.3804 9.27381 21.8645 11.781 12.227 10.9846 27.6886 9.74127 2.715 28.4355 0.000493998 4.99298
7.32975 1.30126 22.1864 13.6554 5.74906 9.98195 31.0967 14.1326 17.3942 30.3953 0.00647052 7.07292
171.887 4.09429 19.1818 14.4324 3.26926 1.28324 22.6818 12.4096 12.6861 31.413 0.00353409 8.78815
-71.6396 10.4761 20.6028 19.4419 30.5636 19.214 1.08794 6.16808 45.0975 10.0127 0.00696813 9.19366
-71.6396 15.8271 18.9434 13.0255 24.1136 22.9173 1.08794 6.16808 45.0975 17.2372 0.0151279 9.13444
-40.1878 13.7251 19.6946 11.6951 24.8187 18.8225 3.98992 26.2067 7.84256 16.8017 0.0385098 7.69096
-39.7265 24.606 10.0561 16.2265 10.0639 22.1665 7.11328 9.64938 0.989567 31.5635 0.000625181 5.31337
1.9178 34.0507 8.90827 14.0128 10.0639 19.1891 8.53093 6.53562 4.20139 4.38471 0.000583595 4.78276
-29.6002 8.24957 6.2012 31.6797 9.11346 6.61885 4.77801 6.7011 19.9854 2.81766 0.0156999 5.00737
-24.9563 17.7358 2.13922 11.1799 21.8553 21.7821 13.382 7.40425 33.8274 7.24899 0.0789339 8.07774
-1.68009 36.6748 2.1399 8.73295 13.6797 4.87927 14.1824 7.46734 5.18997 12.9732 0.0913609 6.67833
178.072 26.9967 5.73533 9.38349 3.99544 2.42434 26.2149 6.68285 3.86979 16.9522 0.0185133 11.012
173.166 22.0583 2.29381 9.11385 6.72732 0.3476 17.7763 10.3779 13.4509 6.97741 0.0112035 7.75224
185.887 8.88036 2.41328 3.06259 0.991859 4.87969 21.0301 9.71976 15.2376 3.31245 0.00184031 3.88259
51.2298 7.22722 2.06324 9.83157 11.6887 11.4768 49.3199 8.30033 8.85804 16.2999 0.0425642 7.69164
59.5894 4.8282 3.09259 23.7284 13.3181 3.4533 32.2514 16.3345 1.50178 3.43531 0.00941521 5.52152
90.2634 4.52375 8.57999 6.5446 5.45458 5.24617 1.11715 22.5773 20.0064 5.15206 0.0152934 4.57871
80.3196 4.61508 0.669287 5.83717 2.68989 5.45632 18.5598 25.1512 7.41467 5.08885 0.000744189 3.87651
63.0169 15.0164 7.73647 19.804 8.70639 3.94074 9.53123 9.93059 1.54328 25.3098 0.000838748 3.67391
-11.3832 11.7891 17.5137 4.71598 11.6263 16.0457 26.2394 5.94554 9.94494 15.4676 0.0165177 4.84927
128.242 6.06132 5.03602 14.3989 6.99595 15.8002 13.4954 7.50102 21.4449 4.03403 0.0123457 4.07271
-6.64009 1.46511 7.19517 56.2363 7.50475 15.3741 0.688329 8.33574 14.9718 22.3297 0.0117187 8.76529
-51.6544 26.818 10.1738 25.6125 16.6829 14.2584 10.5008 5.90709 23.6942 22.6768 0.00701537 7.53106
-57.0373 34.6035 7.83312 6.11295 14.8532 13.2614 25.7539 10.6085 9.55349 26.2018 0.000479601 5.9018
-22.8236 24.8377 20.6584 10.2528 12.2234 7.34603 2.22822 13.4196 1.73504 31.4762 0.00113939 5.48689
-3.26784 12.1835 8.97324 20.4041 15.8146 33.1538 7.65491 14.8431 9.20116 25.2079 0.0187874 7.8237
-73.8958 7.46492 20.1043 33.8496 6.20164 6.68451 7.27488 41.059 14.9349 4.7673 0.436771 12.6263
-71.1185 2.80057 19.9069 14.5899 11.9588 11.1553 5.37519 38.882 9.68619 7.63662 0.28413 10.089
-3.66776 18.6057 32.508 1.83972 2.66651 1.92148 26.7272 23.6852 5.82241 11.9663 0.0259262 8.02027
-64.2418 56.4423 1.95459 1.42045 1.58613 6.03956 28.0658 24.8718 3.58441 7.28906 0.0326424 9.93657
-53.2437 53.0644 2.59562 17.5628 1.13328 4.54848 29.0311 0.393991 7.7473 5.28429 0.0163948 9.66881
88.4471 8.38955 13.9377 9.18235 3.42361 6.27704 25.7344 9.44538 8.54508 1.33413 0.0202181 4.18588
0.519059 27.549 9.99532 21.9279 6.73441 10.0883 18.2282 11.323 26.7219 27.7518 0.0270798 9.21228
-3.83043 5.64383 0.768684 10.5765 20.3403 9.55715 7.50418 10.9852 9.05796 16.1016 0.024339 6.13772
-62.5976 18.59 13.52 20.8695 7.25811 5.40096 6.3357 13.7231 10.0813 57.2272 0.0154982 8.40908
-3.79994 4.65318 16.8969 20.2252 8.48631 24.0654 5.02432 5.67098 30.946 48.9008 0.00703728 8.36559
43.3607 4.32841 16.3535 7.50153 13.3108 16.0958 16.0932 3.03251 49.2958 11.7354 0.028613 7.33718
7.612 16.1803 1.72568 12.476 15.3281 24.4821 38.7391 12.4519 14.5407 20.3916 0.0232467 10.1282
115.098 4.68521 10.6939 17.8111 8.31988 3.41452 20.2228 22.1975 7.76344 25.4597 0.0330774 6.93533
-24.4943 9.60716 11.9006 17.2162 10.4603 1.29356 14.2653 11.3447 38.7411 6.77637 0.0755892 7.6559
-4.32701 6.74835 11.2949 16.1764 2.18947 0.690496 5.04326 13.5175 28.1004 14.1953 0.0282304 7.89315
16.9348 22.6819 7.77602 11.3079 13.1974 7.10619 18.3947 5.5915 18.7333 3.57906 0.127059 6.45549
117.208 0.890388 4.72897 25.2414 7.10794 9.72043 21.0876 4.02494 4.05034 22.3607 0.0475085 6.37601
56.4215 1.99884 2.92657 25.0829 5.55367 6.62546 22.1582 8.90164 1.36845 22.6042 0.077464 6.51578
131.327 7.46128 11.6787 16.0788 4.81069 13.0376 12.0095 14.796 5.43292 10.5384 0.183595 7.67017
135.451 4.69938 10.1056 7.2011 2.02421 11.1849 9.95023 11.7261 4.20045 4.40848 0.00859175 2.59087
89.2257 16.5953 7.91846 5.99448 6.39547 37.9833 13.0088 3.12222 3.77569 2.99738 0.00379617 5.72382
107.367 8.72077 6.35997 6.59492 1.26337 2.07596 8.68895 7.58112 7.60776 19.3275 0.00544016 4.05316
-30.3025 27.6145 9.23484 5.04968 8.56965 22.7067 27.8638 0.257509 0.457238 4.93107 0.001025 6.1257
-49.2335 36.2836 7.52263 0.719989 24.1465 4.14995 17.0967 10.3731 12.8745 9.57096 0.00820043 6.02987
26.1936 17.7929 8.53821 6.7578 15.4438 6.34527 5.22186 4.52384 10.6906 5.6403 0.0806179 4.78681
30.8587 8.88838 10.8636 22.0827 3.67497 4.36684 8.96609 31.3774 28.0927 5.20552 0.0604023 7.09082
131.389 2.79849 9.13617 9.57122 5.46184 10.4429 18.8816 13.7273 5.50344 35.826 0.0666126 6.62707
56.4457 5.72292 4.73585 24.8509 2.4808 9.6342 25.4412 33.4567 6.10096 0.429807 0.0844098 8.8045
-30.7809 11.3571 4.73585 14.4054 0.329099 3.0234 13.1554 45.8317 32.8803 17.6467 0.0459995 11.4198
-51.4264 6.14672 9.99394 28.084 18.0714 22.3118 16.4235 27.7898 5.36276 9.94984 0.0021226 7.06565
5.09734 15.5949 5.74409 0.452636 37.807 14.9078 5.84947 24.1949 5.43775 7.44317 0.0389791 7.34444
61.1643 17.5493 4.65366 6.27233 9.80834 13.838 23.926 12.3034 5.61917 23.29 0.0859723 6.6491
0.0392264 8.38852 7.82232 6.02901 13.104 15.2756 25.4483 11.6069 6.46803 37.5932 0.0362681 6.87174
2.59109 18.4922 6.03131 20.1029 0.993891 11.666 28.7349 18.0264 7.68367 1.703 0.000298194 4.63861
140.615 7.18663 6.46002 4.50393 0.688113 4.01419 15.0826 1.14056 18.3739 8.5437 0.00325434 4.04629
115.953 7.70166 2.82065 19.8228 1.25224 4.34404 13.0805 4.22501 4.93038 8.77181 0.0454406 4.45946
138.037 1.12264 13.4754 22.8359 5.82647 1.85013 7.04982 2.90946 3.30381 15.8392 0.0459647 5.91013
41.6789 19.5262 1.51634 12.4631 11.6553 6.99251 5.58442 25.5104 3.77948 14.717 0.0840824 6.10867
-14.2695 6.61986 7.65914 26.4718 2.33952 45.9024 4.04741 20.1883 3.80089 4.82224 0.0422382 8.06709
-31.0309 11.0455 8.33955 4.23685 27.9122 23.7846 3.06266 21.5865 3.75198 7.34925 0.0945756 7.04695
65.9746 5.8108 6.69476 17.466 23.866 22.7077 0.596529 12.8093 3.5386 13.2017 0.0727712 7.2718
73.7393 4.34369 20.9835 13.2841 9.17139 0.768944 23.2238 10.8541 2.04453 4.83903 0.00118607 3.86816
28.6319 8.27532 9.82494 5.04114 7.01313 37.9591 6.85693 23.4387 4.75044 13.2206 0.0322177 5.94232
38.7305 8.24457 15.8269 4.1714 0.833331 37.1948 3.71542 16.9007 15.8752 36.2765 0.240381 11.1899
-36.4366 8.45577 11.6207 20.6826 13.417 22.1198 5.28457 6.59246 6.97795 41.0999 0.0545255 7.58514
42.8163 5.95947 20.8994 7.62762 4.14479 10.1843 11.0693 3.44823 3.34932 25.2382 0.0127556 4.337
56.7919 8.4193 2.73533 9.9029 8.24231 15.0329 15.591 18.5063 14.803 4.86332 0.0223913 4.01684
32.5621 7.57957 13.4698 7.09399 5.07563 21.1288 28.1459 26.5727 5.35078 26.215 0.0347465 7.92112
127.317 7.46782 17.5001 2.75544 9.5806 12.8337 1.11508 12.2818 12.8641 18.9776 0.0585008 6.25891
51.8019 1.89376 12.3221 0.250505 15.8178 23.861 18.9451 12.7325 17.8379 30.4072 0.0288356 8.23405
31.035 11.1278 22.8171 18.5835 23.1372 12.8421 6.00669 11.1486 30.4855 0.0397073 0.0376238 11.4828
-59.2134 3.49823 44.8595 22.832 3.67249 8.84643 4.17199 19.4137 35.1165 26.3999 0.286525 13.9192
-11.045 31.0992 1.08081 21.6577 14.0101 8.80335 1.17607 23.1629 13.1001 12.0254 0.123229 8.89636
8.94291 10.0516 2.96019 16.8461 2.92139 9.12103 24.5497 19.9386 13.3395 4.33315 0.000578307 3.62315
-29.8329 1.31881 45.3591 10.5674 5.87819 19.4023 1.32072 3.16022 15.0876 21.0005 0.000578307 6.20927
118.197 16.0651 14.3609 5.34946 3.45496 10.1141 3.41244 2.2564 40.2561 3.82245 0.000578307 5.35946
94.9643 19.0776 5.019 8.27385 9.82756 6.31498 3.65779 0.572988 20.8091 0.890159 0.0215277 5.48744
-27.7027 16.3508 21.8259 18.0953 21.2907 13.3895 3.55439 15.0952 108.363 4.30248 0.0434903 18.1029
-12.3808 21.5676 10.4652 14.3602 25.148 13.55 15.35 14.2044 29.2728 0.70102 0.0714834 9.94526
-52.8858 15.7499 9.16253 4.02069 20.8741 14.6845 7.92348 25.7009 39.9898 13.7599 0.0267191 8.33765
-13.8484 8.64434 12.2302 4.69656 21.6706 24.9752 9.6492 8.24854 24.9972 9.7912 0.0017827 4.47251
-10.2069 6.88675 25.052 17.0868 13.0239 6.52005 17.9473 0.874207 8.94898 7.17633 0.00085464 3.56785
21.9257 17.4332 11.7138 13.9561 15.5781 10.7932 20.3613 9.48811 8.06039 11.1018 0.0118013 4.81312
10.2001 18.6337 7.04221 7.65405 13.14 27.7767 23.6941 5.48172 13.9332 13.1109 0.0423696 6.9698
-22.3222 13.8501 13.9368 12.5103 13.1168 22.932 27.3492 6.74248 5.61972 23.079 0.0150331 6.60263
67.2449 7.22819 1.38849 5.13289 24.7157 23.4442 19.1261 7.62527 5.61972 15.4879 0.0311599 5.99736
74.9563 4.99006 4.00509 5.66327 17.3636 22.054 1.35458 6.31675 18.5097 5.62978 0.089546 5.58136
92.279 5.75965 6.04762 7.88874 12.8498 4.83705 10.0618 9.75088 2.92164 3.61616 0.0930724 4.19178
38.3162 9.06256 16.6362 1.84106 0.38297 11.4986 8.05934 28.76 8.85191 9.92692 0.0495164 6.4458
-49.912 4.49022 17.7106 6.20493 47.7015 7.80555 6.00897 10.8294 12.3255 2.24465 0.0381386 6.85754
186.995 5.10729 10.5985 7.89555 21.9271 1.56739 8.3049 9.2713 7.59131 4.60547 0.0313136 6.09509
19.4197 4.43176 10.647 5.79298 21.3999 15.3169 4.71329 8.32103 0.870033 3.45885 0.0526877 4.93323
22.6355 4.94602 14.0421 12.0796 3.78125 20.9333 12.5459 7.89981 3.56946 6.96515 0.047985 4.23016
-64.0288 9.04475 29.2347 24.0238 6.60475 27.2817 4.14324 11.3645 16.6926 9.68505 0.115348 8.68357
-11.7117 17.1203 12.507 2.38174 22.8569 19.0735 12.5687 15.4061 9.90521 5.0165 0.132743 7.09831
19.9895 11.4495 18.2954 19.2508 2.22135 2.61439 21.0314 10.1064 15.2359 15.6628 0.182048 7.90466
45.7849 1.18487 14.984 21.0885 6.2411 5.15444 11.8939 8.72603 42.4395 8.25866 0.095226 7.74492
-20.4286 5.50444 17.1403 1.27944 25.5203 11.8233 22.8752 13.678 15.589 7.41092 0.108259 7.5885
158.007 8.65598 8.91837 1.84131 0.588647 4.07377 17.0183 3.0008 19.7549 11.6153 0.252862 8.50763
126.158 7.37845 5.66287 0.243863 19.5163 20.1336 28.6866 5.75142 5.09717 6.19341 0.0605626 8.1618
70.1367 3.28363 16.0319 5.0527 3.86195 4.82186 13.7497 12.1687 8.38781 11.9704 0.00741448 3.17959
100.709 6.91668 21.9039 10.3461 4.82459 10.5854 15.2474 1.27134 4.31685 17.5654 0.0207871 5.30377
47.7245 17.9538 14.8709 7.49346 9.99978 6.15039 4.96707 29.1979 9.34565 13.7676 0.0050822 4.50901
-32.511 44.4045 1.55149 17.2394 4.26678 4.89955 8.98023 27.1218 16.5112 24.4779 0.080048 10.0764
-59.2467 30.2891 0.831075 34.2708 4.9227 2.09169 4.88086 26.3051 12.246 3.43359 0.0604921 8.27855
-56.7977 31.8378 3.21484 31.1417 7.66046 2.07644 10.0201 26.2326 23.3274 7.48815 0.0143489 7.75063
-56.2226 27.5548 4.84599 12.4158 21.5123 7.31441 1.01081 36.9667 24.7776 16.7139 0.0214143 8.66653
56.6436 4.93171 10.9801 1.5725 29.5851 12.2161 41.7598 11.4776 3.6909 9.56475 0.12354 10.6628
-16.0367 1.72248 8.16097 4.23715 12.5131 40.9385 1.24138 6.26539 12.3932 23.625 0.129881 9.42548
39.9564 8.60089 1.9492 10.829 10.4885 13.7108 8.93884 30.9007 27.9066 28.0668 0.131911 9.29654
15.4327 7.36772 7.48297 24.6129 11.4599 12.2106 10.7313 37.7124 19.2022 36.3981 0.022689 9.29724
-13.1816 7.94458 7.25322 33.7993 7.70008 17.8049 9.44645 9.53091 4.71744 11.6932 0.0201856 4.72582
15.2207 15.079 10.257 15.778 12.5312 16.9557 8.37325 21.9073 3.36333 24.6069 0.00143712 4.62161
-1.12679 39.3416 7.12966 13.3786 7.94694 2.28128 1.00794 9.32569 8.16776 35.023 0.268702 11.1703
59.0129 1.7711 11.0838 17.5919 11.5289 26.351 7.33308 11.8034 7.83915 3.41833 0.094337 6.07798
157.806 17.5934 4.19756 6.8628 5.77948 10.2015 12.8586 11.2489 14.4225 12.3555 5.50779e-05 3.86725
16.5188 10.1338 5.3651 3.51156 6.85157 40.8153 5.75002 5.86213 15.1599 18.1316 0.00859729 5.12323
66.5617 13.155 4.56381 13.3991 11.0623 4.68735 8.16408 5.11085 10.9648 6.4781 0.0440672 3.73704
55.2732 8.41347 4.67131 11.6558 13.5523 4.77491 11.3721 1.8424 8.15564 3.55036 0.10937 5.07275
62.5362 12.142 8.38848 28.3523 0.577459 4.6467 43.8452 4.78884 22.1189 3.40361 0.0180138 9.67501
57.9131 23.0848 5.75704 7.22516 16.17 5.42168 16.8018 9.44339 11.7854 0.415293 0.386207 9.56872
-40.1578 11.8958 37.7184 15.4748 9.98308 5.33318 13.0569 3.43099 6.13767 14.2499 0.0355978 6.27003
15.8974 11.1623 5.74245 2.71182 28.6052 9.2991 3.28402 3.40383 3.32748 28.9903 0.0229944 5.97991
-43.9554 24.1213 27.178 7.73151 17.9223 3.95343 15.5136 4.87644 1.49615 10.2369 0.110548 7.55983
-12.7178 7.89446 15.8385 10.9669 12.5574 13.5792 2.0297 6.80145 5.72118 57.5576 0.0952267 9.38911
28.0892 14.593 6.98855 4.54201 18.6059 21.5607 2.05383 0.774316 25.8134 29.6586 0.0271505 7.34499
62.8872 19.9802 6.25165 5.1982 2.8612 18.7932 9.65468 19.4247 16.0788 31.7837 0.0271505 6.74134
81.8727 4.36845 10.1231 31.2108 13.7665 7.5338 8.16303 12.6103 0.896463 8.69146 0.131208 7.76207
174.37 2.10795 0.572339 11.5837 8.61201 13.5257 12.8503 15.9331 22.6905 5.85941 0.000630058 4.27899
174.37 0.800249 0.0689581 5.67162 10.3508 13.5257 2.38051 11.3478 11.7366 7.08284 0.022321 5.53453
138.494 2.38746 16.1871 7.51304 5.90958 10.0444 12.1429 9.3849 4.16102 27.7456 0.0303603 5.25638
114.136 3.49972 14.4498 0.613958 8.38136 3.68659 13.8612 11.1415 9.87794 24.0878 0.172317 7.39796
53.2084 4.53844 19.0563 8.66824 10.2029 6.44113 19.245 5.89689 0.85238 18.916 0.197111 7.18473
103.381 0.808607 3.10567 9.76333 16.1929 11.2896 10.8408 21.4054 4.15617 0.506509 0.12076 6.52201
103.179 8.14266 5.02799 12.9892 5.99418 2.8373 4.37977 40.5598 19.0219 6.59679 0.303195 9.38247
106.525 2.47127 4.97443 13.4672 19.174 5.21198 13.3917 8.38703 0.351594 8.35449 0.153333 6.41359
235.272 3.30436 1.33081 4.57575 4.77161 0.922509 3.71733 26.3985 10.4408 21.6361 0.00298899 5.74519
72.0984 2.56511 10.254 22.4139 11.4347 7.98683 15.6409 12.4247 2.12551 6.3664 0.0529722 4.87404
189.646 8.12051 4.64677 21.3801 6.47468 2.377 1.59749 14.7535 2.12029 3.29229 0.0606389 6.92959
104.918 11.2195 6.10962 22.7118 4.60163 2.87868 37.2276 1.23765 8.03138 23.7141 0.095188 9.49324
-62.8868 6.95236 31.5558 16.7144 6.23423 11.4996 22.1283 13.3123 8.39343 10.9341 0.161479 7.93519
-27.8507 3.24615 11.5472 14.548 18.9403 28.9086 12.245 6.13884 20.7862 7.24648 0.0813779 7.2058
-38.5963 4.99186 8.0203 8.05762 22.4634 43.6229 0.580822 14.5271 4.31851 7.56935 0.0457783 7.94333
95.4725 5.47148 5.10174 6.28768 15.6991 33.4043 10.4025 28.867 6.84338 21.0969 0.0498981 8.94117
-32.426 15.5134 19.3364 6.49006 1.34034 30.3364 6.20024 16.1335 31.985 1.02102 0.0381064 7.83663
108.85 7.84716 6.51425 13.8377 2.64979 18.5482 1.61486 3.53837 26.6681 20.9294 0.134572 7.55807
68.6936 4.94861 0.806662 6.62798 6.00226 24.5989 3.14415 6.64798 6.61803 19.1206 0.00340532 4.25614
-25.9825 31.4738 13.3099 13.6346 4.58104 6.24037 4.01566 11.3668 12.9273 4.34485 0.016177 4.7992
-3.39529 8.52187 25.2105 1.10828 2.12001 29.6866 4.64021 47.4334 20.5478 3.56435 0.0190497 9.67407
-31.6889 10.1461 18.3554 12.805 4.03901 40.345 7.63177 20.393 10.7814 5.53773 0.0276499 6.83455
64.4816 7.16304 20.6442 13.7778 4.13976 16.5269 0.682209 43.4514 1.87001 15.0494 0.0237579 8.42048
143.169 7.52801 16.9399 5.16593 11.1467 0.692522 1.50996 2.97405 10.4175 1.2474 0.0657414 6.44169
-62.7582 5.16874 20.2532 11.064 13.2792 3.67331 8.92492 4.67144 18.8648 29.7269 0.0154464 7.6978
92.1705 7.28544 7.13533 3.80798 25.6469 11.9157 6.91869 17.3738 13.1847 15.3356 0.0266766 4.95945
-6.39329 6.45064 3.70993 1.8599 32.5027 41.457 0.883661 16.7208 7.65049 3.28352 0.140368 10.0085
87.1097 12.2956 11.838 4.94008 8.60219 21.1153 4.33995 10.2476 10.7556 4.74855 0.0111933 3.40235
84.8808 10.9077 19.8775 2.95226 1.45139 0.962025 4.90851 10.7593 18.6869 10.8852 0.0111933 5.30835
7.69116 3.78623 13.211 5.44971 20.7901 10.8807 17.5629 6.83871 85.075 12.0201 0.262711 14.7138
25.8699 1.60271 9.36598 14.0748 2.49125 3.04793 34.7624 21.2779 3.89814 36.084 0.138412 9.74513
18.4905 6.78984 25.4254 4.91032 6.49554 7.74407 4.37988 3.14507 12.0732 6.27887 0.0983278 5.7641
44.0994 4.14571 4.06417 8.01582 6.99878 31.7452 16.453 19.2158 36.1493 55.0243 0.000156609 9.35978
44.3352 4.36917 7.68497 1.68459 8.00945 23.915 28.9083 1.5829 15.8617 51.5936 0.0240538 9.01652
31.5864 3.0189 0.930593 26.125 9.14904 13.9166 12.284 15.5536 7.83299 7.8592 0.00151248 3.52788
-7.82031 17.9036 8.65955 34.103 2.31907 14.5825 24.0965 5.74735 8.37328 11.3936 0.0203454 6.92047
-30.705 27.7304 0.865125 13.2414 9.99682 3.3314 7.23983 9.57173 27.2407 8.00295 0.000574941 4.90729
38.6827 23.5601 8.17743 11.7546 13.012 9.89805 18.7261 7.595 34.4618 5.47193 0.0920827 8.38065
113.018 11.732 20.9681 0.159647 2.34191 21.9135 22.4672 4.0816 5.2834 11.6699 0.0960907 9.53063
132.26 7.2039 10.2762 6.08228 0.80087 9.95729 7.37208 25.3486 14.3616 17.1522 0.33401 9.30079
208.862 10.3595 1.55068 6.84446 0.80087 7.48476 12.3634 21.6089 12.3732 29.1094 0.128689 9.67256
121.24 2.85368 1.67376 2.15544 2.54494 23.3289 25.2819 4.8248 18.585 12.5305 0.114946 7.20217
54.6211 13.3736 15.2724 13.746 2.26431 8.21195 15.7206 14.669 28.1538 11.4725 0.0488137 6.54998
2.74843 24.4647 12.5815 18.9822 5.42012 3.20052 8.89423 21.2576 24.5829 17.3504 0.0080216 6.33486
37.5103 16.1032 30.4493 18.1661 4.28813 3.20052 3.62779 7.49734 28.2237 17.3504 0.0080216 7.7549
3.06615 20.1876 2.88668 7.23583 17.0598 15.164 17.4234 1.30776 25.5263 21.07 0.00595479 5.75429
-40.9955 13.7623 0.469496 9.8607 38.3118 5.19065 19.6312 15.6483 16.4917 13.5382 0.0433883 8.30246
-52.6453 18.7798 15.5715 4.8362 10.4943 11.3571 7.09602 5.83279 2.94307 12.535 7.06325e-06 2.82044
-47.9649 1.9675 16.0239 13.5571 14.8135 21.2094 18.2836 3.23938 4.57555 48.4173 7.06325e-06 6.50046
60.094 6.75276 2.31842 19.4105 11.2214 27.2112 3.18099 4.28769 11.2638 5.84995 7.06325e-06 2.18971
10.7362 15.5028 2.08456 10.4743 8.07548 14.0686 2.57216 38.9106 26.8311 22.6904 0.101148 9.47184
3.39534 14.0206 1.76818 26.9225 12.5201 0.322052 2.1787 29.677 4.94689 47.3817 0.35303 13.6358
89.8779 22.5744 1.48572 38.6149 5.89489 0.322052 1.78916 36.6634 17.6972 18.918 0.182091 15.9857
62.1119 10.9731 9.28007 4.59579 13.5922 5.76488 13.5819 21.8694 11.2357 18.0169 0.102773 5.94151
81.7928 12.7869 3.74264 11.4929 19.7834 0.647786 12.5854 23.0957 16.7359 29.3141 0.249406 10.5212
10.4915 31.5503 12.2188 12.4657 12.1083 2.77538 7.40125 7.69439 5.04954 26.816 0.138272 8.22217
35.1096 8.58392 6.42184 10.9045 24.2055 12.167 8.95501 16.001 1.10165 14.699 0.0926823 5.94376
99.3077 9.60452 5.4637 16.1938 9.95034 23.8033 4.59509 10.4453 25.9027 14.4737 0.0289588 6.36321
-5.13593 15.4943 14.6109 5.75136 9.35684 12.4831 9.07373 4.28819 21.239 10.9431 0.0549717 5.24488
-71.7891 20.5995 3.61483 3.094 16.4487 31.3447 14.9665 17.0853 6.3157 13.0336 0.0117629 6.40911
-11.736 13.65 20.1891 3.75993 1.61262 17.094 6.01134 18.0204 39.8688 12.9446 0.318899 10.9996
-36.1128 19.9195 14.6147 17.852 13.6107 5.05101 11.5947 10.9174 9.09803 20.5192 0.00294748 4.08385
-74.3489 11.5307 6.62293 12.1203 31.5885 3.57806 9.02625 14.5131 25.2691 9.69061 0.0106931 6.53123
-55.3728 11.8489 33.0519 15.0784 17.2896 9.64558 10.5833 15.7367 30.8788 16.4539 0.0129006 8.02183
51.2511 10.1736 11.1132 19.3521 18.8274 12.0918 1.23984 13.0682 4.75132 14.7959 0.0586797 5.94771
-8.11174 19.2286 10.6842 12.7778 10.3047 7.73697 1.97061 0.815494 2.40579 17.433 0.00900508 5.07398
5.21307 26.1451 17.234 1.29594 12.4158 5.18255 13.9908 10.3706 22.5624 15.5013 0.00683987 5.70028
16.3145 23.8147 10.3486 1.29594 9.92214 29.72 17.0066 7.89825 12.6639 11.0631 0.00140318 5.3248
-42.0465 22.0722 6.732 8.11744 6.47919 23.9296 6.38146 11.1307 7.77018 4.75992 0.00107279 3.09957
-23.7004 24.522 9.59061 1.39668 4.11227 2.27389 57.5284 9.44591 13.6178 8.08608 0.035069 8.78459
1.239 5.67995 31.4158 18.8687 2.86123 3.53677 23.7631 1.61259 10.0939 7.95736 0.203281 8.49505
-14.3823 2.10268 20.3784 20.2065 20.055 12.6881 10.0895 4.66586 1.34507 16.9325 0.15361 7.65695
-17.592 4.72019 8.223 5.56923 39.7078 19.6882 44.644 3.18485 4.93818 3.63325 0.0653888 11.4468
-63.8954 5.74589 7.97736 20.1113 3.49731 25.0104 27.1458 3.22006 8.51328 12.0191 0.00156068 5.46301
-31.5151 17.1535 13.0378 19.1087 20.7772 24.2524 11.7648 2.92106 11.9559 35.0435 0.00304237 7.51634
-12.9436 8.09777 10.8461 10.8146 13.0357 46.8734 21.511 9.65835 2.42113 2.30992 0.00159065 7.17296
12.1455 24.8187 5.65086 26.588 4.25553 46.8734 9.7036 10.0788 5.01455 7.03634 0.00159065 10.5839
43.605 14.8708 12.6833 4.40261 7.64657 26.7146 13.171 17.4313 0.131675 8.23163 0.0196786 6.28396
76.7273 9.48122 12.9232 2.18662 7.0545 3.5261 8.04419 17.7064 38.6495 18.3284 0.118367 8.09355
-20.0549 22.1153 16.6583 2.28839 12.961 17.1059 7.49708 16.32 26.9291 3.61821 0.0605816 6.88137
117.177 8.04769 8.14476 2.44501 13.747 19.852 1.30922 17.0641 24.4475 8.66765 0.0439583 6.09586
71.4567 8.30956 19.7774 2.51883 9.09098 17.3529 6.31795 21.6571 31.3208 13.7901 0.000662763 5.28279
97.2917 6.45555 7.15067 2.52292 7.89664 1.2218 12.8872 16.0909 17.1721 5.75154 0.174747 6.60098
11.792 5.70435 40.9006 1.88606 5.07354 8.11193 7.40323 26.4284 35.0393 35.4038 0.068192 11.4032
-6.28292 13.4946 28.5642 2.67573 9.38367 13.8602 14.9836 16.6324 37.4463 0.885241 0.00831601 7.43138
1.24607 6.20748 22.269 0.626047 12.431 16.5283 8.44796 14.0702 17.0776 4.32606 0.00973904 4.64886
86.6631 1.47505 16.1007 6.92991 15.2949 15.6442 22.8397 3.43397 8.64079 20.7221 0.00204384 4.55205
71.9112 9.28365 8.47357 2.59158 9.48444 17.9125 8.88225 2.83388 1.86284 8.93345 0.38149 8.07996
-17.7362 4.9811 17.9139 5.55966 5.38417 5.62996 11.2082 12.8288 18.9615 16.8878 0.0404038 6.71249
19.013 4.76466 18.454 3.10815 6.09024 8.4434 18.9392 3.55196 15.6609 19.9188 0.094289 6.60718
-47.3387 6.0185 10.3221 3.73003 25.3246 37.8356 24.0972 3.16856 15.3129 1.31943 0.0131389 8.12911
-66.3151 22.9267 15.0628 5.87604 29.7962 8.42114 20.4805 0.488842 7.96661 14.2193 0.0602188 7.58193
-26.3816 10.0646 4.0717 11.1689 9.83632 6.88165 44.0212 5.05242 80.4343 1.91155 0.054274 13.429
66.3724 21.0554 11.409 14.4053 7.78622 6.51932 20.3862 3.77148 8.8462 7.59402 0.666311 12.1455
36.7869 0.362747 13.4301 7.43363 19.0062 12.2998 23.4538 14.6763 22.677 11.5908 0.191793 9.28165
43.3603 0.328359 10.1855 15.6062 20.0468 10.877 17.2875 8.51874 27.0143 8.47811 0.0637838 7.13992
-42.9925 4.74177 23.4775 3.89123 24.8138 19.3453 10.6614 18.0305 20.9752 9.80626 0.0514345 7.33579
13.8535 22.3871 11.0575 0.758099 20.7656 7.21544 4.83528 40.1459 5.17978 1.07245 0.0393138 7.74047
-2.73981 12.2281 6.61966 8.82821 21.288 6.00364 38.7146 11.5014 2.56981 3.17664 0.409309 10.3599
27.9545 18.4937 11.119 3.30042 25.6727 3.53907 3.0356 41.5388 14.6825 6.73708 0.0632763 8.29639
141.892 0.60729 12.4495 21.234 8.16788 2.02138 2.42504 10.4492 4.4697 12.2229 0.112387 6.90213
73.8874 10.501 1.70969 12.1257 15.1259 0.971797 7.61113 14.7202 8.28174 16.1597 0.0177891 4.39904
25.0804 33.2283 16.2696 1.10499 19.3635 6.94804 8.4855 2.99544 3.06436 1.91976 0.0454373 7.49928
-4.85184 33.5293 9.96221 8.05938 20.1089 1.05139 7.52088 1.05603 19.5959 16.1151 0.0310211 7.42504
14.3532 14.6195 21.9153 13.3767 13.7577 17.7345 7.71977 5.9505 5.6395 0.129141 0.0612597 7.17563
84.7985 17.0788 27.7125 11.5939 14.389 1.78116 12.848 4.87408 6.05935 9.69596 0.00521956 7.75648
1.28708 19.7847 13.7584 1.68905 17.7253 2.07947 25.5143 7.45838 9.4559 7.7347 0.00802437 4.51825
93.58 18.2955 10.7587 6.7531 11.6244 13.8726 23.4717 9.2277 7.79178 1.24654 0.0389808 7.1125
5.09698 11.7399 22.2348 2.66697 13.8062 5.08388 10.3707 15.2129 11.015 21.16 0.0540679 5.78897
-47.1933 15.3305 20.2842 4.17886 18.3063 3.65948 13.2907 10.8915 10.7507 24.8142 0.0172831 5.61109
30.8857 9.30713 13.1207 2.65137 15.1188 7.07347 6.15406 62.2416 20.6652 12.6534 0.00275379 8.32568
77.8571 9.37451 7.25137 12.6737 23.8811 8.02533 1.74588 39.5143 9.89839 10.9719 0.00481183 6.32204
43.9981 8.05471 6.50308 5.85268 20.4806 14.7078 30.1074 7.8304 22.6421 25.3805 0.000229723 5.50212
113.427 8.13819 4.64757 11.4207 8.56284 10.3791 0.178078 8.78037 2.67647 20.8263 0.00886203 4.55304
22.5468 6.29514 11.6567 7.09113 15.9633 24.4445 19.8399 1.7214 16.9585 15.3945 0.000269054 3.92537
-32.9216 4.11771 15.6864 4.88824 33.6144 5.65798 13.3335 16.3394 10.6447 4.14644 0.0214095 5.36656
-18.8432 13.9128 13.2537 28.9102 19.0114 4.58975 1.81716 22.2314 2.60215 0.948143 0.0019548 5.23537
199.45 6.04397 2.63834 3.40622 9.89827 3.28651 25.4064 12.5139 3.77116 6.66394 0.0321443 5.37728
104.862 5.56639 9.97668 2.62202 11.0845 12.9893 12.9751 40.5055 7.07934 4.13427 0.0253128 6.06256
98.9284 7.53972 12.8313 10.612 18.3921 8.03208 7.57944 5.15478 17.4884 2.87504 0.225835 7.16312
93.1383 1.03355 8.62086 2.89858 16.813 3.43773 9.58502 12.4435 33.1016 7.57335 0.0654831 6.34078
66.2152 12.659 5.47451 18.2793 7.1789 21.9971 24.4914 16.9159 17.4188 8.09123 0.0422242 8.33307
56.7575 15.5954 2.80088 14.0883 1.66486 16.5738 33.5092 3.63149 15.7218 7.61666 0.00863213 5.51096
95.9623 9.41031 16.3708 16.5328 6.99877 17.7714 20.7402 3.41695 3.62093 23.8565 0.00863213 7.04788
40.748 12.786 0.790623 11.1953 14.2881 28.1201 2.12974 21.1567 7.84778 14.3102 0.146675 7.95145
8.82407 4.85733 4.67531 11.3124 22.4331 14.1909 17.9413 6.09725 6.00361 12.975 0.0197977 4.346
113.943 2.55888 11.6125 7.65416 22.4331 13.426 13.5627 7.30568 18.7384 5.94941 0.00280953 4.17173
35.6817 12.8571 10.8189 18.6141 7.62355 5.58736 12.5758 11.9405 10.3524 9.72455 0.00210309 2.55766
-11.7605 10.2908 10.6709 18.0519 21.3275 32.8837 6.08086 6.89864 2.44712 40.3572 0.0971196 10.0052
22.8504 8.65326 3.18016 9.79201 32.4461 2.30224 4.34794 2.41794 4.3545 19.0831 0.00829844 4.83349
2.5667 9.67945 15.1228 15.1532 11.0102 4.59746 40.469 4.90947 10.098 11.4837 0.00374779 4.97991
-64.6737 28.5536 29.8604 14.0649 11.8243 1.06764 3.14769 15.3612 7.07174 18.3621 0.0934632 8.79531
-62.8268 27.713 29.9865 17.2764 6.71501 7.03358 0.995838 21.4993 5.59342 14.1644 0.593037 13.7817
-69.6616 37.8846 11.441 29.9808 2.16834 14.1732 28.0117 25.8863 3.19581 5.50469 0.375893 14.8774
-71.3852 5.95549 13.5135 15.5775 10.7766 19.7167 24.885 17.3321 5.09671 27.0176 0.215547 10.0036
6.74182 14.4945 8.89816 13.2316 5.64254 5.92994 33.7772 3.03458 27.5531 10.3005 0.0317961 6.18123
-5.03386 9.44112 12.3822 20.945 2.72903 30.0882 27.4355 7.56042 19.2562 5.95266 0.144103 9.66693
-50.7484 28.4398 15.2467 13.6273 3.08539 8.68117 12.4866 12.8935 13.7774 25.3265 0.044428 6.79201
95.4757 2.61616 6.0781 1.76025 4.8582 14.1701 8.59245 11.5269 8.4805 21.5147 0.254625 7.57802
71.1669 28.3783 6.93719 3.81603 15.9916 3.31872 17.0434 13.5904 12.9062 14.9441 0.000539487 5.3141
-1.1147 28.8332 4.14181 12.1433 8.64714 10.2 7.91021 22.1367 35.4924 9.20505 0.000539487 5.48921
26.7053 15.1956 11.4796 18.4001 14.0465 10.6908 5.24547 9.95853 28.5907 4.74333 0.00860766 4.77093
89.6377 4.82314 9.57594 8.11517 17.7102 11.0726 16.5987 19.1758 15.4922 4.38714 0.0302331 5.01881
0.941596 5.59141 6.06034 17.9518 2.13173 17.0368 8.30264 15.1008 15.3314 1.98985 0.00354157 4.12245
-52.7897 8.11122 33.8394 6.37569 31.9915 9.03926 10.0564 18.3177 14.2638 27.2608 0.12075 10.4578
-52.7897 1.14994 0.596788 23.9011 39.2079 0.0839736 12.1859 6.83462 20.0424 23.8888 0.432884 15.1567
-56.406 8.30225 34.0296 5.38165 15.7777 14.5301 7.33556 5.72992 20.8355 19.2355 0.19507 8.71765
-56.4203 40.1509 7.54402 7.28183 30.4191 3.98096 14.3015 10.514 41.2504 19.8399 0.0128091 10.439
-45.2998 11.7783 9.61998 6.00548 16.2013 11.2997 8.98543 8.2866 29.5051 7.69831 0.0236614 6.1146
5.70007 15.4207 14.356 4.15045 15.7366 27.7796 9.32098 8.33669 29.9386 2.0999 0.00377287 5.56255
-41.3474 11.6122 17.897 4.04815 3.51093 38.89 11.489 1.94642 21.7896 4.12081 0.0069656 5.73414
3.26113 17.6141 5.61987 3.6069 6.74831 17.5417 26.2992 12.7 22.5298 7.40538 0.0267172 5.74856
107.784 17.875 1.41373 28.3535 2.54956 22.8571 2.92094 3.64875 6.90422 4.84558 0.0298814 7.44469
-41.4719 4.52945 25.3177 1.4268 16.6075 9.64288 14.1434 8.38794 7.48594 15.4688 0.0220213 5.59646
-18.8302 20.9823 17.705 12.7478 18.7538 1.40968 8.85025 7.96775 7.14756 38.9354 0.00378957 6.13719
53.3151 3.66602 17.8662 9.84174 23.5111 19.6098 8.53318 2.14111 8.17211 14.2881 0.00522006 4.52565
60.1018 13.7629 4.31054 28.7924 9.97097 19.7212 5.26978 5.95629 6.31358 1.74369 0.00364161 4.53599
11.5875 19.8867 9.43857 0.888931 14.6991 14.7194 27.5058 2.41754 27.0412 16.9636 0.00767693 6.67565
-72.3055 20.0547 6.61494 13.3832 25.4826 19.2387 3.53084 1.58909 15.914 27.7598 0.00556903 6.50226
-60.1651 7.1594 20.4699 16.5231 9.3591 44.9234 11.2761 10.1296 12.2744 6.91712 0.000520671 6.14371
28.6401 9.73445 35.291 10.7969 1.93805 12.495 11.1699 5.90581 16.7384 20.8638 0.00579267 6.21319
-39.0831 11.9925 26.3899 3.61531 18.7446 10.8318 23.8602 4.55417 15.3031 1.98689 0.00576675 4.98003
77.3841 28.8546 11.6266 5.39052 13.3825 4.873 2.44118 14.9581 37.9361 25.2344 0.0059187 9.14376
56.7198 17.6111 0.399854 7.95709 1.40717 39.1842 3.49703 24.7516 14.9525 38.7327 0.0171002 9.9335
36.6254 7.49911 6.89494 1.53972 33.2974 20.4455 0.651051 31.8031 4.08079 50.5338 0.0043531 9.78018
25.4558 10.3321 8.36491 18.734 3.40752 9.94035 8.01064 1.52344 9.48074 21.2201 0.00704841 4.17098
44.1712 0.0457561 23.8315 12.9645 7.01069 17.0455 3.98819 4.12521 4.55201 29.3724 0.00239983 6.1134
125.073 22.2607 2.53493 6.72728 1.15607 9.39893 3.97429 26.8359 7.29335 3.75534 0.00170554 4.72529
-53.2398 26.0152 15.2335 6.57096 11.8684 23.4172 12.137 7.35346 56.9185 5.4356 0.00779121 8.64321
-62.5454 37.2466 12.7248 17.5069 14.9412 4.02543 7.68968 30.4187 17.977 12.1134 0.0575043 9.44691
-59.6995 31.4305 9.29775 16.8506 5.52735 6.38013 7.6098 5.07869 12.0748 12.9075 0.133219 7.22758
-30.1926 38.3703 0.551628 20.1439 10.685 47.0092 6.8114 0.895857 42.216 4.20696 0.152311 17.186
-29.3497 30.3949 8.62982 10.7868 8.9796 46.9624 5.99095 5.86619 6.61831 7.26472 0.391192 11.7634
-49.2029 13.8654 28.9745 13.1034 2.4641 17.7716 14.9054 6.27353 16.4029 5.08615 0.187603 7.94483
-51.1565 10.6242 19.7367 12.9178 6.05435 5.72249 20.0969 20.2568 4.84771 15.0085 0.000309715 3.67839
-55.1789 10.1575 1.04117 10.6164 32.3565 12.9273 9.56464 5.75319 18.338 17.9114 0.0993968 8.69175
24.721 13.8201 22.202 13.066 13.0723 10.4961 5.1422 14.9097 7.56936 16.3973 0.0814245 6.4373
-69.7116 13.5301 9.81991 9.47207 18.3779 29.2121 8.10249 24.477 18.3015 17.3281 0.233932 10.4819
-62.8696 24.2001 11.5333 19.262 8.47969 4.18326 8.99669 19.1289 7.46231 5.21449 0.127079 6.68487
-41.8777 8.62242 11.7076 5.69778 37.9041 2.05932 16.7156 19.629 1.37979 4.5169 0.0311265 6.50923
-74.5654 39.4995 16.4953 32.1001 8.09342 9.26604 20.3294 17.4666 2.23137 6.57663 0.142466 13.0251
30.9088 25.9775 20.8892 1.96896 13.2474 23.9992 6.2888 3.13114 3.97357 1.54293 0.179626 9.26933
28.9753 17.0529 7.51159 1.87081 25.3894 20.6118 8.79636 11.5982 0.559189 9.04143 0.0998925 7.09163
-23.5081 23.3751 2.22003 9.04411 39.0958 11.9265 9.54178 13.8584 0.530397 29.4923 0.00630435 7.913
56.4649 2.95786 0.516821 6.92916 48.4622 14.9707 7.04558 29.094 5.67428 68.6571 0.0744488 15.3668
62.5709 5.09888 15.6197 2.15008 6.65683 3.93095 5.83551 1.13215 4.68848 13.258 0.0203434 5.30374
97.9678 17.1004 14.7937 17.0378 8.92753 14.0735 10.4247 5.59923 3.92608 6.3802 0.160585 8.61895
-19.5523 14.1692 4.86373 34.9334 6.13272 0.37643 15.0576 13.0887 7.21461 7.52973 0.135782 7.63655
-60.353 26.3328 21.659 2.32945 17.8168 7.53307 8.70212 4.86202 11.2237 38.8601 0.0137059 7.12096
22.5816 7.87078 8.22088 4.1393 32.5118 6.8301 12.2948 10.2828 1.46407 15.1592 0.0423792 5.21754
-5.5263 7.43174 8.8173 13.5981 18.1616 2.70837 10.4937 42.1923 12.1954 1.08205 0.0276588 6.77422
-42.4964 7.95995 12.4018 14.8163 6.46696 9.81797 36.2551 22.9621 20.9477 18.2843 0.0266806 8.06156
-14.9958 14.7455 31.5963 14.539 4.12419 5.43835 8.79599 14.3976 27.0812 11.2944 0.0888675 7.92778
22.6855 3.33021 8.93758 17.6909 13.3027 13.4436 4.98464 25.0081 2.44743 28.4566 0.0594172 6.60282
-66.4 20.3943 17.3279 19.5103 3.87266 2.10895 9.09288 9.11238 10.1763 10.815 0.0372857 5.79668
-34.9712 10.525 24.4066 19.5365 15.0654 13.9819 7.17914 2.16931 14.8851 5.59368 0.00328652 4.19611
5.69844 10.8661 4.15716 19.0004 26.3773 21.9588 2.78804 19.7424 4.49738 11.9075 0.117142 7.91721
23.2622 14.4518 3.55494 18.6787 11.5654 16.4515 12.9765 9.68592 17.5144 1.82741 0.0263667 4.77826
32.4017 24.4676 3.18758 9.25519 10.988 15.5702 13.8318 14.0003 9.59614 27.2291 0.3522 10.0071
114.263 1.83101 2.38509 17.6345 7.5596 7.48401 12.4596 15.3251 45.5184 5.13745 0.0452907 7.08505
174.743 2.03926 3.01992 12.4106 6.88004 16.5205 21.8303 11.9717 9.42974 3.69487 0.141437 7.73775
120.601 4.7385 3.55925 3.97344 18.3431 5.42592 15.6901 14.2952 7.19112 14.7791 0.0734417 4.87864
-11.7544 4.79296 6.46275 7.92391 22.5098 30.5021 2.38488 13.9242 12.0997 54.8417 0.0144651 9.0076
-33.2751 8.7204 12.1447 15.2303 19.2536 5.77313 12.7134 28.7644 17.2111 7.76691 0.0995817 7.21214
-6.78987 16.1599 5.69484 8.41807 6.93093 12.8281 6.77096 33.339 10.3834 13.1324 0.175063 7.68815
-66.5769 12.7554 10.1911 19.9144 26.2522 7.77032 13.036 21.1607 30.5464 8.31692 0.0132098 7.18895
-55.1629 12.0489 4.85844 17.771 25.5501 5.66847 17.0321 20.9912 15.5545 20.0239 0.0196282 6.80937
-58.2989 17.7199 6.78274 27.2848 5.63208 11.7267 5.2906 31.5697 9.91166 21.3314 0.0392966 7.21015
-65.7735 21.6765 5.41968 2.61419 24.1163 38.0419 4.69905 29.9423 2.71065 7.10205 0.00113241 7.21064
-35.6323 28.7182 8.11201 8.83321 5.76656 19.9157 1.87951 17.8767 1.19574 14.0039 0.0141063 5.38753
88.6035 16.6509 1.47001 3.76868 2.96706 12.6037 13.0692 7.30822 19.3627 41.157 0.036883 7.36261
-4.99938 19.2812 7.32622 5.38062 22.4055 15.026 2.49669 15.8461 20.8862 5.1752 0.0596125 6.01522
-21.8518 19.2193 2.67292 18.7933 9.80652 13.1586 10.3232 7.88824 1.8285 19.9652 0.0490384 5.719
46.2056 16.7918 3.54045 15.6824 11.0513 22.712 10.9836 1.24436 17.5276 7.42417 0.0910735 6.57369
-63.9697 34.035 7.88358 9.86881 30.8139 1.6385 7.63471 9.50588 3.14201 1.22577 0.0956609 7.59206
-4.97689 25.427 7.14257 9.58532 34.4434 3.25554 8.5878 10.7584 11.5775 5.18895 0.0993684 7.21951
75.8557 16.2739 4.56312 5.163 23.2226 11.7896 14.7156 2.36054 15.754 4.85685 0.00984425 4.38325
74.0195 6.13834 21.169 1.91891 22.4616 9.84258 8.98848 22.3338 11.718 5.6293 0.0142315 5.54484
155.595 1.9347 8.05253 8.64942 11.0021 5.21139 16.7057 15.4699 10.3901 16.2005 0.060119 5.45407
50.21 4.76146 1.06239 5.81989 2.71994 23.475 23.6764 12.0021 15.4302 6.10493 0.134585 7.27954
70.631 1.12655 33.976 0.702118 7.28745 8.79414 3.11989 0.325307 14.2068 12.2507 0.145801 9.10903
92.5797 8.84892 21.1727 10.9083 8.86181 8.8883 3.31928 5.08816 19.3909 4.23975 0.106733 6.31907
19.9042 7.08063 6.0178 23.1003 2.18239 18.9173 17.9865 13.556 24.1261 14.1489 0.164814 8.25785
40.2156 16.7056 5.93736 23.4267 13.8727 10.529 5.16034 15.0411 9.70333 7.50335 0.00527112 4.00496
-19.841 14.1157 36.2595 0.649476 5.2773 8.41939 3.32343 19.3436 7.85234 12.4499 0.0413455 6.7494
46.1093 9.19995 12.9682 9.6722 7.70867 17.5739 9.52261 6.50422 7.5148 16.1849 0.12706 5.3676
94.6387 14.8277 17.8414 10.3473 10.5693 5.14541 6.84244 3.37104 23.8976 7.84026 0.00779374 5.04331
155.04 2.60273 13.9681 8.26498 3.67669 11.1229 9.41084 3.06297 1.85845 4.25192 0.0547214 4.585
-21.2933 4.45222 41.7625 5.72564 9.66984 4.23961 9.58326 26.4075 12.1842 2.93218 0.446925 11.1359
89.3143 9.77862 9.58933 8.97979 26.0725 9.28211 10.0883 12.1354 4.36788 9.45667 0.00780999 4.10947
23.9207 11.5532 11.4109 9.97914 8.09746 30.7962 0.568899 5.46472 17.9938 12.9037 0.0151549 5.21391
81.3498 10.5599 14.9644 4.99209 8.41068 2.89336 23.4509 16.2216 14.9175 3.62657 0.00634332 4.07284
6.51804 23.1515 5.55667 7.84148 11.101 10.1065 6.98353 6.51661 4.74728 4.5109 0.00577788 2.83218
27.7723 13.1888 15.4096 11.4057 3.66294 7.70692 14.4802 6.51661 22.815 6.34904 0.0738284 5.34185
-24.8933 17.3848 18.619 18.2009 3.78644 3.65987 31.0834 22.7762 40.8967 28.8745 0.0608774 12.2732
-60.1491 17.268 54.1962 17.1399 3.73371 2.13771 7.69313 23.6979 23.6206 23.8448 0.00358163 12.09
-48.5498 13.3875 26.2732 20.4112 9.42782 2.63708 7.4538 28.5166 8.07971 20.6034 0.00358163 5.79321
9.28864 20.5858 14.8687 5.82038 23.8056 1.78862 9.15249 30.5167 4.74567 35.7878 0.152899 10.4232
17.673 10.4707 6.01945 2.7687 31.3509 1.46704 12.0402 58.4291 2.97566 18.7318 0.132502 11.8759
134.252 2.01024 8.53233 5.65691 7.72874 8.58704 6.17365 49.2368 5.55044 25.0783 0.107441 8.8731
-39.7941 7.09209 10.1151 10.3368 32.1885 5.94811 4.16448 22.4533 8.80979 1.91418 0.381839 9.75035
-6.49051 3.94163 3.64244 33.6435 15.2672 5.81586 2.72753 22.5966 10.0638 12.8634 0.163774 7.86751
94.1261 6.97628 5.71604 0.984323 16.8227 8.97906 6.79418 2.34829 9.48904 1.83663 0.0832335 5.18318
-19.4909 3.51552 19.707 9.20077 3.86722 16.004 50.1247 15.8968 5.74115 4.30221 0.0751219 9.05295
64.2402 11.2412 21.7905 7.25192 2.12238 7.64821 11.8707 32.9743 2.69977 3.91373 0.0774592 6.9161
92.3169 10.7582 14.8849 9.68149 0.0165627 1.85833 38.8479 9.60189 2.88923 6.90744 0.0675992 9.27609
42.6427 14.5035 12.2305 4.37632 9.26208 30.3108 3.81658 23.4345 8.32144 18.344 0.0385818 6.6124
-71.6891 18.3007 7.40929 9.91781 9.50934 18.1075 39.3957 22.9868 12.6404 5.13683 0.0572078 8.85913
10.885 23.5296 12.7069 21.7077 9.48049 10.3419 4.25058 8.24944 27.7898 9.42831 0.000476674 4.98108
2.39757 9.99313 4.39975 18.2427 1.49289 23.7418 4.17665 11.9377 9.76119 6.54773 0.279046 8.10226
12.5656 10.0568 1.72756 4.16832 33.556 32.7078 4.19594 7.18159 39.6858 19.2346 0.13638 11.5315
-55.081 16.9716 9.85872 6.43501 38.9235 6.16996 17.8909 17.4206 65.6448 0.782753 0.0102957 12.016
-4.74983 13.6287 25.1644 11.5853 18.0406 22.1523 17.347 0.353226 14.6918 15.459 0.0293625 9.02111
-20.443 14.7947 11.5232 7.25716 16.9014 17.0389 14.419 1.81071 78.3115 7.00102 0.0345431 10.6997
-19.2864 3.99204 13.4837 0.414597 21.3751 11.7171 5.77492 26.5588 28.7745 31.4193 0.0787001 10.5438
27.2817 14.4302 13.7526 2.10292 12.356 11.7289 0.758689 6.36342 26.3255 2.39775 0.0271074 5.69842
51.5222 19.1956 9.87658 13.4126 3.27418 8.03954 11.7217 15.3582 12.5973 6.78975 0.203991 6.83461
0.923965 14.9831 9.47939 3.4616 31.4259 24.5927 12.1135 8.22667 12.1087 1.22038 0.0201496 6.47468
-52.7718 42.6443 9.18803 5.84574 20.2052 3.63391 5.11282 9.9337 12.4886 11.5781 0.32222 9.98786
-3.78055 17.3708 21.4547 11.1379 4.0326 6.07447 3.68518 11.398 10.6331 16.0418 0.151391 6.93044
60.8478 3.75809 15.7952 7.96713 22.1689 2.73032 15.6005 21.2966 18.5352 16.7473 0.0654834 6.98526
37.0404 9.46552 1.51158 4.19578 32.2505 29.1151 13.3859 19.1461 15.3248 23.8099 0.034791 9.6148
14.5299 8.41709 6.04806 6.54077 12.7436 40.7359 4.79997 12.3244 15.1306 7.49055 0.0274751 5.59372
-9.84093 15.0164 4.88325 3.71517 14.3459 26.7936 2.89515 3.10547 16.0357 40.6007 0.00724118 6.97826
-5.58563 12.4437 9.78698 11.3138 10.9961 20.6007 10.1535 0.802475 7.8244 25.2945 0.0183996 5.27698
73.2309 13.0353 5.30422 10.3525 4.76316 44.2321 7.73544 5.92262 7.76441 1.8796 0.0235216 6.19583
-3.23918 6.47855 7.79799 11.3965 1.95292 15.447 28.3882 2.99012 8.72434 23.9737 0.0292354 6.32585
-21.4139 30.0889 8.5934 6.4802 7.42189 14.3511 18.9653 2.53482 8.8462 14.083 0.00197063 3.9249
62.9912 6.49162 23.3902 11.6146 9.23899 7.34548 33.0306 2.18611 7.14614 2.67147 0.00488812 5.42644
-12.7405 17.8293 5.45091 3.20771 13.8365 24.3043 15.5162 6.74278 7.30799 18.2556 0.00537485 4.30229
35.6236 10.5631 5.10395 1.85021 35.2799 13.8886 18.3178 7.33341 7.61579 15.1609 0.00452715 4.95704
60.0519 6.26275 2.75767 11.801 21.4816 12.0761 2.87654 8.01614 3.75292 0.298118 0.0191127 4.29522
48.2565 2.0429 2.86657 16.6887 16.0685 2.78691 10.011 16.2823 19.7916 29.0179 0.0958664 7.66479
86.9605 2.06328 6.96207 17.354 0.498048 21.2963 4.6635 21.238 3.25904 34.3044 0.0243758 6.90468
5.66436 10.6602 5.09875 6.98612 15.61 18.3007 22.1749 22.2552 1.05005 11.9515 0.00684688 5.04429
67.1408 2.29805 13.6474 1.86103 33.2343 13.48 8.66747 6.30118 28.2111 21.2729 0.0352189 7.45756
-25.9235 13.496 14.342 6.41792 41.2532 8.03875 15.4717 13.3108 26.1853 36.4215 0.00334749 9.06445
-58.6133 22.2287 21.6885 3.38428 12.9403 17.5524 18.0488 8.41659 10.1655 29.4753 0.0158576 6.6006
-26.9138 15.7907 10.1818 4.31381 36.299 12.5157 31.2477 1.79311 5.73669 7.80681 0.0141876 7.11711
16.3519 13.2993 12.6938 4.02584 14.1785 17.5904 32.8938 2.56637 3.71855 21.9314 0.0176359 6.20842
-6.78583 19.8498 8.43737 37.2881 6.21613 6.74485 12.2466 2.11642 9.79749 19.0143 0.0185625 6.37259
59.6811 10.9495 9.53337 3.39708 35.9195 12.398 3.20419 6.35821 16.4516 0.285714 0.0423584 6.75806
-41.8471 6.0609 11.7636 11.8625 15.2392 14.1138 11.548 2.3731 27.538 10.4907 0.0222264 6.09522
29.5778 2.07149 8.33457 14.0786 18.906 5.24479 25.6696 2.5595 26.9953 31.4253 0.145069 9.28393
-72.0945 8.14888 30.7952 7.83792 19.7983 14.6669 1.59561 9.29383 9.52127 34.2152 0.00717865 6.64319
49.9296 7.77788 4.58122 10.7045 10.0142 24.0366 8.01747 5.51249 20.6207 16.8702 0.0222977 4.54628
18.3962 12.0806 12.1675 5.4017 4.59737 15.3988 1.36499 14.4901 22.3207 8.66002 0.00960499 4.61643
-25.2975 13.3122 10.3357 5.20682 16.0089 14.6313 4.17755 9.74383 8.19224 10.6003 0.0129079 4.08253
-11.6519 8.44889 33.3712 5.71754 10.4264 25.0438 2.60811 1.02499 10.6861 8.88302 0.0271133 5.97703
3.05393 1.97724 30.2271 18.7401 17.0714 0.768048 12.9792 13.7832 47.9745 20.2652 0.134398 12.5307
-70.7141 0.908459 31.7975 22.157 18.2122 4.70032 18.2075 30.3584 31.8679 15.0402 0.11029 12.7262
-9.00996 13.3157 22.738 12.301 14.4194 2.96606 10.722 15.4273 8.58867 7.13 0.0508487 5.11361
24.9505 20.1454 12.4941 16.5857 5.31257 8.4665 19.8416 9.3752 8.28471 2.83438 0.209605 7.30277
76.0884 13.9675 5.71029 13.5753 0.522012 1.87389 1.94491 18.5881 13.0296 0.287563 0.1311 8.27804
39.4852 36.6653 4.05899 9.38374 7.33319 6.03887 11.0686 14.7232 23.4356 1.14267 0.143303 8.8135
85.904 41.4831 4.11218 6.49165 6.66922 3.62758 8.80509 4.46462 14.7302 12.692 0.452081 11.2303
52.9316 10.0647 18.7658 7.30062 10.7925 16.0607 2.83482 12.0669 13.3414 7.54436 0.280234 7.50607
120.767 7.30923 16.2637 5.77094 7.91869 7.4097 22.8914 1.22797 29.6265 15.551 0.143066 8.7591
33.5676 5.99522 16.5111 14.8876 19.1578 3.65833 2.9907 5.44325 4.88925 12.7231 0.199678 6.66789
-1.40344 6.61118 10.7064 38.5527 6.9318 3.30165 3.14589 11.11 17.1316 9.49011 0.208852 7.99497
64.3769 15.6627 5.46429 16.3418 1.59494 13.9041 16.3066 8.95424 0.591882 13.1179 0.0408918 5.46247
7.26196 9.60991 10.2388 26.3758 2.82478 31.5765 18.8833 7.80238 11.1243 40.6124 0.00101048 7.91032
-9.99716 9.03215 20.7929 1.8185 14.6775 25.9055 2.72511 1.19338 17.6206 10.7986 0.0656314 6.73161
5.33147 16.0821 11.7605 2.7867 11.7065 15.8217 3.4746 11.3406 10.2102 11.5763 0.0616571 5.11279
45.6649 15.6184 2.06369 11.7782 16.3601 2.28229 3.81513 20.5964 8.70007 13.8293 0.00972358 4.17789
-70.0082 8.68694 7.27038 7.3324 12.8321 17.0618 19.8401 5.96957 17.0502 30.4266 0.0312364 8.52068
105.007 4.37464 10.2928 10.3807 12.6751 15.0275 13.1393 0.965388 14.7399 10.4172 0.0127451 3.94173
56.1615 4.72249 3.99726 12.7375 16.8123 9.00642 3.59537 10.4678 17.5918 2.84349 0.0118582 3.4563
100.432 1.28101 12.5338 9.69108 23.3027 14.1341 1.47333 15.4485 14.7265 3.98588 0.00875857 4.75304
29.1484 5.59789 6.59646 4.79685 26.2678 11.0011 30.0934 2.52109 10.0995 12.7968 0.00558976 4.5969
89.1646 18.5397 10.2954 13.174 8.56612 8.83416 12.6297 27.5944 10.4215 4.43821 0.0056063 6.09831
4.47526 17.5385 7.85652 5.09239 9.16781 20.1225 1.30393 43.0596 8.48783 1.55507 0.00631314 5.98201
70.5268 6.00034 10.5266 1.96894 8.72354 26.1101 3.18846 36.3679 11.639 14.5333 0.00491832 5.54834
41.2598 2.0883 7.03514 14.3196 19.432 20.456 8.97944 11.6117 9.48222 3.70866 0.00935941 3.66345
45.2678 1.82934 0.384528 10.6251 25.9232 17.0746 17.2615 25.7235 3.18602 8.7857 0.0304788 7.26599
57.0543 1.45703 1.44367 4.22826 9.83624 49.0456 14.9136 2.54103 8.63837 9.28146 0.0143249 6.51347
110.579 3.59302 2.50131 21.4957 5.92422 25.9349 3.68529 9.51657 12.7564 17.1044 0.00531342 4.4404
-19.5838 5.22523 2.21337 16.4871 10.9804 2.87141 18.5975 19.384 21.0466 17.2977 0.00618636 6.60822
90.0512 7.98386 9.09851 10.2327 23.6297 7.06094 11.4385 18.0136 13.8625 53.6265 0.00241345 7.53764
-62.4439 21.4429 4.41551 9.93203 24.9547 2.3437 30.7695 6.02119 5.67413 24.6066 0.000784468 5.55547
51.9191 7.97624 0.904715 8.38758 9.23469 9.05824 25.802 21.0923 4.56336 0.925275 0.0212624 5.12014
100.883 2.43641 13.7718 4.22116 7.41194 1.47934 32.4223 1.74264 14.1266 5.87539 0.014681 4.66271
53.6628 3.22024 20.1418 8.16275 1.04624 16.6319 13.8139 15.1314 17.4102 11.7109 0.170648 7.41337
70.7302 5.81209 9.69869 13.0002 7.94335 13.3425 15.4417 20.441 18.7147 1.13755 0.132605 6.8319
-10.3401 4.78014 14.3779 9.56302 11.3487 35.3672 19.9298 26.8525 13.4964 5.38728 0.0265257 8.35992
69.9242 3.59643 14.1155 3.90793 0.0955344 20.2426 3.16934 16.4336 12.9934 11.326 0.235105 8.81578
50.9157 2.75831 4.24352 13.1224 0.224306 31.4812 5.89132 10.3436 6.23917 43.7989 0.0855302 9.30046
31.5149 2.54217 13.5626 1.07407 2.84888 34.5787 8.89128 15.2324 17.0467 36.2006 0.0962884 9.32446
-1.30969 5.29515 10.6388 9.04985 11.3393 5.28307 7.9223 12.9715 39.9749 57.6901 0.104627 11.7845
-73.1735 7.361 25.8988 10.9316 14.3042 11.2266 10.1262 10.2173 41.2975 12.7756 0.121955 8.98177
3.31757 21.1238 24.3921 7.45612 7.78968 20.0261 7.1293 1.66807 12.5278 7.406 0.0821011 6.84637
-13.744 35.0125 2.76436 9.33892 3.57342 16.9595 20.2759 11.087 2.55961 1.97007 0.0832732 6.96337
142.905 0.559544 2.00585 14.2038 11.6865 21.8088 4.92955 2.51126 0.804286 9.04543 0.16584 7.42764
10.0271 7.6957 6.20958 10.3622 24.5991 6.67831 8.23648 19.4219 2.53598 17.0731 0.10768 6.205
28.2024 6.21301 12.4234 33.5233 12.0247 2.24966 10.3097 8.92944 4.22933 17.5187 0.0651277 6.22142
-55.0617 15.8031 12.0206 16.2688 14.2765 14.7606 20.502 7.20253 4.52627 19.3735 0.333873 9.31165
-13.2676 20.0034 9.48645 3.73729 9.87 15.2669 24.8739 29.1168 10.2052 23.503 0.153817 9.54165
-23.6272 14.2915 19.3965 11.8492 0.0999159 2.45877 22.0678 13.7864 28.2284 15.3786 0.0283025 8.23179
37.656 18.7479 2.96548 28.4707 11.2353 10.4975 20.9735 7.35487 6.66734 36.3714 0.0514894 9.04973
