7635.68 13.0311 5.5206 18.721 34.1087 8.32078 20.6405 0.664082 0.250229 10.562
7791.39 6.68382 11.1606 17.4358 6.83299 9.9046 10.7566 57.596 0.135503 9.36105
7747.05 1.5411 7.85725 12.603 14.4883 14.2199 10.4634 15.1411 0.0209614 4.64646
7616.41 15.5653 40.4061 4.82917 8.10977 2.24057 38.3545 21.7432 0.0209614 9.27388
8043.33 21.6168 6.28179 18.7971 3.53659 6.48901 22.2082 15.4257 0.150394 9.07838
7796.52 15.8397 0.882354 21.1515 9.02664 4.62564 1.32425 16.3932 0.152957 7.11697
7763.38 13.9322 10.5144 19.4883 3.71019 7.04712 10.2344 2.90741 0.196538 6.49069
7928.31 28.9729 18.8337 11.7965 8.60455 1.85854 23.1321 6.0514 0.082997 8.2237
8012.83 9.61357 3.93347 10.8336 3.20446 2.25664 20.3748 33.2481 0.082997 6.80576
8068.47 3.83727 5.26076 1.11831 8.29957 30.6225 8.71747 16.3188 0.0343961 6.12538
8020.87 0.955687 4.40693 6.22568 6.47579 11.6171 8.43357 19.0984 0.00324925 2.73496
7739.71 21.7319 24.3709 3.82637 2.95653 2.75433 2.01817 3.91343 0.0887576 6.09511
7723.65 18.4168 21.5885 5.36133 4.63624 10.9303 14.1931 9.12761 0.0697288 5.74839
7975.38 21.4654 28.5308 7.12888 2.93972 3.81916 21.6704 13.5154 0.00741604 6.68748
7697.88 15.9552 10.8151 5.5099 2.46407 10.1348 1.72072 26.1717 0.00575052 4.94157
7835.93 9.4538 21.7707 3.18883 1.49426 6.63382 2.22446 15.8031 0.00925716 3.58867
7775.97 23.6715 20.12 18.3108 1.0034 2.64791 2.22446 19.3253 0.0025812 5.04884
7851.18 9.30489 8.03855 1.45815 5.59715 12.5351 5.4776 23.8176 0.0263553 4.12808
7788.13 16.8145 7.52687 27.1157 9.34481 17.6331 5.6412 7.36396 0.0212431 4.98859
7788.43 3.13897 7.70911 11.1539 15.3845 6.74661 31.922 3.57438 0.0254353 5.0351
7938.39 15.5254 8.36119 10.6367 6.08655 3.53614 0.441507 6.29428 0.0103512 3.22602
7787.64 8.11365 13.8295 1.5904 36.6007 2.43573 4.55392 27.9165 0.0242878 6.64237
7745.29 8.34174 21.7606 2.11892 42.0949 15.1554 1.79919 21.586 0.00201435 6.6629
8082.39 5.00353 14.6754 10.1725 20.3775 2.37359 14.1283 19.4392 0.13856 8.76205
7586.31 16.8122 15.7946 29.0007 12.5332 16.6623 17.9143 23.6864 0.512417 14.0581
7442.66 49.8343 20.0455 18.3407 9.23416 23.6448 18.6671 23.6054 0.0481784 12.4132
7702.77 22.3725 14.2639 1.04879 11.877 22.0735 4.81589 18.1308 0.0261758 6.31416
8019.85 28.3149 5.18077 3.14885 11.2168 17.0322 9.50626 25.2778 0.239856 10.1275
7801.35 17.7581 0.415137 14.1525 0.398886 18.6283 10.3965 29.1688 0.0794463 8.42034
8110.67 9.06467 0.415137 2.40617 3.49969 7.2812 20.278 22.5428 0.100821 7.31921
7689.77 7.84786 4.6514 13.2508 3.93374 33.0821 31.0588 15.4007 0.067767 8.48993
7632.78 10.431 6.27138 9.23215 18.9383 19.4903 14.3182 14.0349 0.044702 6.71499
7884.86 14.9444 3.91334 3.01858 14.9647 5.99862 6.20371 5.56769 0.062175 3.88707
7885.47 21.4374 28.1691 1.77396 15.0926 8.92278 11.209 13.8237 0.0694109 7.45266
7636.79 13.6275 18.2142 8.57772 32.6325 8.57306 10.0361 24.1801 0.0190438 7.06801
7598.8 26.9868 39.2955 2.27561 7.54069 3.9117 6.41798 1.08514 0.0137964 6.95407
7691.81 26.3408 35.1252 3.41654 10.2789 20.19 6.81022 10.2171 0.0107546 6.54778
7759.19 14.9215 24.1161 3.41654 11.9263 14.4009 7.87435 34.0892 0.0405487 6.95449
7882.19 1.02928 17.9469 3.60456 19.1161 11.616 16.1985 7.33596 0.0577865 5.55133
7805.09 17.7939 17.2909 5.04084 2.52009 13.8269 9.92519 15.1178 0.120309 6.16917
7718.06 0.881466 11.144 4.84494 2.52009 9.62208 1.3871 13.0812 0.138147 7.25038
7791.28 7.21775 17.8897 2.64705 6.94835 23.0821 4.58081 19.0977 0.139571 6.77128
7965.83 3.7642 22.6834 16.493 17.2285 14.0733 21.0004 24.8856 0.143908 10.3426
7783.07 3.49675 9.68314 19.2851 7.749 6.27377 22.6946 27.4797 0.161017 7.86559
7826.44 6.99189 10.7694 8.98877 4.06064 6.28926 4.67819 3.01075 0.0115396 2.23033
8062.7 2.91605 3.7166 11.0238 12.9127 8.57046 6.11832 0.282464 0.0457235 5.06243
7735.95 0.694436 24.1455 17.403 6.96838 11.7315 16.6522 3.28844 0.0752556 6.63368
7661.55 3.46526 11.1755 8.0848 10.7197 19.207 3.40467 2.07545 0.0388583 5.55878
7671.46 4.00209 15.2775 9.34792 26.5132 6.60675 3.74369 0.847348 0.0125193 5.0991
7742.68 33.3318 11.0884 3.61823 13.6886 6.43942 11.7009 9.56524 0.000703575 3.65331
7776.26 10.5491 13.9366 12.1777 17.1382 5.63269 30.4999 22.7327 0.0792532 7.4948
7877.37 1.78259 2.21766 9.68206 21.0412 6.19788 23.8636 20.703 0.0151344 5.15041
8001.27 2.76388 9.37914 7.15828 25.3189 5.29027 5.20134 4.57643 0.00414008 3.18394
7985.85 11.5495 9.10228 11.3323 7.41824 20.4441 0.964804 8.33276 0.0788883 5.80172
7808.72 6.26033 25.7655 4.25289 18.6955 24.71 12.3636 12.6501 0.0439613 6.61542
7905.91 10.1084 13.8957 10.7387 6.78447 9.38441 12.85 19.1339 0.0342226 4.39327
7828.34 1.82709 15.5644 28.2283 19.1497 12.6904 29.527 27.3943 0.048839 9.36677
7731.7 8.86545 23.078 33.9519 14.4155 4.64413 8.6989 19.5616 0.015012 6.45786
7793.28 12.2863 4.51061 24.3394 6.63756 37.7726 2.09191 24.0108 0.115319 8.98067
7716.18 38.4374 4.77815 9.4065 5.2928 5.01287 28.5373 12.8243 0.0612584 7.49014
7769.95 6.98898 6.01583 0.838255 33.1862 8.40993 6.96998 7.95593 0.00160246 3.74634
8023.46 10.6531 8.1691 11.5868 9.99278 1.77549 7.13148 20.2882 0.0535745 5.14874
7918.53 28.1101 22.9805 13.0129 6.11166 5.86858 9.29891 8.81422 0.0293903 6.45518
7782.62 17.8193 22.2489 14.6386 4.89482 3.29866 0.154726 7.31041 0.00569634 4.76116
7761 4.52347 34.8463 15.2027 16.7347 9.57869 14.694 1.19383 0.00569634 5.5045
7815.11 6.55318 28.1634 19.3601 19.4531 11.9775 10.0115 7.36264 0.00569634 5.23935
7746.36 3.46547 7.18975 13.163 46.5657 8.15041 29.994 32.9363 0.0331642 9.84703
7630.73 9.85865 14.0953 4.25055 7.70341 13.3914 24.964 33.4652 0.000641653 6.47001
7795.48 18.4313 9.14554 2.34188 28.4745 30.7345 37.2123 13.8237 0.00272528 8.42007
7845.64 4.75322 3.61211 13.5774 36.7335 30.2918 10.0095 29.7001 0.00900554 8.10341
7890.7 0.25162 16.4452 9.78134 13.6169 12.905 25.0753 30.3245 0.0028834 6.36101
7653.09 5.44231 6.42785 15.4961 41.5507 15.1879 23.4345 16.1432 0.0427195 8.64542
8050.09 10.0882 6.74061 4.96969 35.6818 11.9619 56.5055 12.9845 0.0240309 12.1457
7801.93 13.0711 3.97401 3.6688 17.2377 8.84906 35.2639 15.1861 0.0420874 6.33901
7979.18 15.8265 3.25212 2.0972 16.2726 1.0133 9.51264 16.4193 0.0811834 5.73315
7824.97 5.63393 26.7318 13.7862 28.7711 5.14001 31.0467 26.1729 0.0732927 10.0215
7736.42 15.573 24.7312 2.59457 12.5996 1.61766 18.7064 6.16796 0.0209142 5.26722
7747.81 46.3399 23.6912 12.4994 6.30631 3.61195 17.2847 19.5201 0.0531161 9.20833
7648.35 26.8687 21.3008 33.471 15.608 8.71957 10.172 3.54626 0.00585317 6.85601
7735.98 16.9575 25.8899 9.93388 7.81502 0.0683098 9.81885 4.83433 0.0220247 6.12599
7837.02 2.9229 26.9762 10.4832 3.84736 4.07451 11.248 8.96284 0.129508 5.83656
7731.58 17.8614 14.831 24.6658 8.47896 3.86804 8.36526 44.4185 0.0938381 8.92773
7609.6 6.2725 42.3039 8.83795 15.9736 9.65897 14.3937 26.0298 0.175704 10.3679
7764.97 12.4939 22.6839 15.0214 13.5107 8.82481 19.4737 40.8751 0.0800472 8.94349
7757.71 6.08485 3.93913 20.9332 2.9642 17.3615 19.366 3.54293 0.276454 8.19291
7772.89 0.565972 10.3009 0.581477 16.3635 30.7278 20.8903 6.54265 0.320891 10.7889
7764.15 8.93418 1.17604 1.37522 3.13738 22.8516 20.8136 29.0599 0.281217 10.4279
7925.03 13.3609 7.08783 2.5038 1.09022 46.3999 21.1294 15.0966 0.0414534 8.37891
7898.44 20.335 5.88632 22.6659 4.00988 17.6774 1.29668 2.55586 0.0417849 5.81967
7875.94 11.6173 12.8664 4.6428 12.9296 9.83084 3.48654 22.2584 0.00229144 2.94883
7569.73 18.3576 26.6459 37.986 12.3456 5.98956 18.7127 10.8775 0.043052 8.96871
7498.57 17.3116 6.13153 59.6235 21.7671 12.3631 10.4571 9.04552 0.00414545 9.04237
7763.58 7.38426 9.49538 13.1555 5.46741 11.4138 15.6598 3.87167 0.176714 6.07509
7670.69 16.9571 15.6002 11.5346 14.0694 27.0889 28.8169 4.3628 0.149159 9.34236
7765.46 17.6003 7.86956 15.3805 5.30145 5.57755 8.84749 7.49126 0.122285 5.38137
7971.65 16.0729 37.5381 7.64813 2.48582 7.84537 10.0575 4.26061 0.590658 12.5579
7647.34 42.5722 35.184 2.5099 4.20076 10.4802 6.04003 18.2725 0.343085 12.3376
8023.27 42.4301 15.3627 3.76578 2.39452 6.36772 8.20002 0.160246 0.32446 11.9925
7831.06 28.7852 6.49583 1.5921 15.4137 5.93112 1.66419 16.4982 0.0399524 5.53117
7869.94 30.4431 9.87433 17.916 5.76135 1.10652 4.86801 8.50944 0.034605 5.58061
7620.69 11.9774 25.911 6.76262 31.9652 30.9514 2.55978 5.71653 0.0599677 8.86167
7914.71 2.48659 14.6262 2.48975 16.1248 6.11634 8.51158 29.5008 0.0610144 5.70669
7953.86 6.67584 18.1552 3.19912 2.04561 3.75787 18.8092 12.4151 0.118302 5.73749
8026.23 21.4467 11.2144 4.61927 14.3856 6.19338 6.615 10.1561 0.0133801 4.81549
7884.2 11.9098 22.9378 11.6463 27.7517 4.87414 1.97687 16.7857 0.0496912 7.12047
7760.65 13.7577 14.7599 15.7185 19.6206 13.1617 9.64373 21.5204 0.154823 7.87251
7994.63 26.8546 3.55636 6.59774 11.2377 11.6233 7.37918 15.4932 0.133357 7.19171
8061.14 1.33702 8.93062 15.7008 19.6057 18.2182 7.71295 19.4424 0.133148 9.05798
7587.25 22.0593 23.6089 21.6561 66.1131 12.3189 7.8631 16.417 0.0478557 13.1736
7706.64 10.5774 38.2535 2.54045 11.4332 5.68398 22.6073 33.7317 0.260155 11.3771
7714.03 32.1614 4.53773 19.6398 10.3237 2.19559 9.63206 24.2221 0.0263967 6.59068
7882.25 20.6755 9.56668 20.2336 12.6491 12.136 9.2674 29.9723 0.0395888 7.16388
7922.78 9.82512 2.88711 4.2025 14.7764 0.646169 15.9597 11.0921 0.0147449 3.70235
7878.83 8.01516 1.98718 27.5183 14.683 11.6758 4.468 21.4849 0.0841658 6.67289
7762.86 16.8345 7.60216 26.7568 18.691 12.043 7.56253 4.8313 0.0336616 5.59666
7718.99 50.8209 11.4183 9.82265 4.79355 1.83326 2.0895 7.49343 0.23652 9.50254
7720.23 44.6613 17.772 0.00877157 5.69918 15.8518 6.71223 13.6996 0.0168631 9.21349
7788.21 14.5205 11.2089 0.788174 17.6512 15.8805 3.10798 33.2972 0.0203662 6.34493
7879.33 19.1231 4.77792 39.6984 5.60898 13.5847 1.49591 5.27226 0.113077 8.18274
7879.54 43.4113 6.4175 3.69661 0.78153 0.379155 12.3749 4.72379 0.0862889 7.87557
7894.61 28.3093 6.60427 4.92923 2.52914 2.66653 6.37842 17.6987 0.167125 6.62819
7676.85 33.5788 6.10674 22.7768 4.6266 9.16565 5.12931 14.3162 0.191532 8.5566
7689.09 30.1147 9.01462 5.87431 5.51186 21.0198 6.57679 6.53615 0.00104106 3.87875
7721.41 31.4688 6.58318 2.15425 13.9152 37.4708 4.15144 1.20554 0.0266405 7.42561
7704.4 53.7371 12.0938 2.90325 14.7526 17.8714 6.35214 13.2156 0.012974 7.65347
7750.83 15.6508 4.90211 34.2668 11.4138 2.65232 5.19111 26.6368 0.0426453 6.83537
7948.88 25.4715 3.25246 8.61278 16.6341 13.7615 6.61585 32.9332 0.00530145 6.18209
7860.54 18.2922 51.2288 5.86443 7.07978 25.3933 3.54099 39.9016 0.0205445 11.7929
7593.9 15.2467 69.3264 2.35174 10.0045 37.067 4.52704 13.6685 0.0363393 11.941
7529.6 14.6883 17.1677 6.07626 9.7955 32.066 11.8982 21.9684 0.135027 10.6913
7882.68 15.4917 8.6118 1.71016 6.78323 16.3734 14.1987 12.7414 0.0424855 4.61423
7943.15 22.8482 7.03216 6.6487 4.44144 15.6777 36.7424 15.5215 0.0588098 7.78904
7749.85 16.0846 2.94077 19.6709 4.2895 7.41844 20.5914 8.49728 0.138906 6.72579
7757.09 32.6221 7.47053 1.27284 4.0564 25.4137 2.4998 12.3632 0.120405 7.79147
7914.67 27.5962 4.2556 9.956 6.74545 7.5474 22.949 10.0883 0.246927 8.25984
7855.8 8.4411 8.75599 10.5934 21.2654 3.41726 8.62942 3.67324 0.129202 5.30583
7815.19 11.9728 15.5883 4.11165 26.0706 16.7733 15.8568 10.7237 0.00362272 4.65562
7666.06 4.8292 18.0628 6.86902 23.5398 14.1575 11.6899 25.7039 0.0727837 7.65724
8047.45 16.3967 0.129863 3.05637 15.265 14.3154 8.77902 13.2176 0.120884 7.98057
7789.58 11.3311 3.30757 8.28963 3.74522 14.0438 60.7311 16.1867 0.107837 9.66204
7805.83 3.40644 1.14913 35.4009 7.50386 13.7595 67.3905 18.2519 0.0586798 11.9554
7547.95 17.9139 3.82354 36.6729 7.18452 15.7165 5.92642 9.95473 0.0238196 7.4815
7463.89 43.8075 9.7285 6.90534 28.1019 47.7152 17.9057 11.8505 0.0123042 12.266
7735.33 36.3381 1.83974 1.29786 8.7255 6.23661 45.1622 20.9458 0.0120116 8.55608
7872.08 5.19438 22.7346 5.08961 2.99182 18.1696 11.9806 8.75939 0.000639846 2.69473
7906.59 9.27097 5.70591 12.9986 21.1597 21.6019 11.4345 2.56319 0.0287781 5.28691
7921.32 11.9942 5.54358 5.63233 8.71501 16.1372 4.02704 6.2676 0.019052 2.8658
8017.67 8.50856 6.56385 4.17123 17.5916 1.67252 9.42335 7.57932 0.0196083 3.5376
7990.3 1.79103 1.04072 7.96249 10.164 12.9086 2.56136 10.1138 0.00663089 2.77484
7957.58 8.02978 9.20224 6.65432 5.18724 17.6573 6.68125 12.5685 0.0407687 3.81749
7810.05 31.1274 1.30076 14.0553 2.45235 1.33734 9.44779 7.72895 0.0160389 4.84066
7942.98 7.84456 2.35928 10.5858 12.2095 18.962 5.28218 17.4729 0.0247957 4.24302
7713.1 10.2618 6.13996 2.46785 9.9681 26.3344 35.0548 13.0825 0.0899562 8.33876
7970.82 4.29171 27.4637 12.4641 19.5583 2.88715 2.39283 13.0814 0.0273677 6.27434
7837.54 5.92546 20.3392 7.4668 17.4422 4.83925 2.39283 7.28233 0.00278251 2.66849
7594.03 15.0689 6.00882 4.37241 24.9062 18.3366 15.5113 16.5599 0.00198825 6.17469
7768.85 14.0598 29.4085 17.4252 21.8721 10.6789 31.7849 2.07365 0.0215748 8.42176
7746.33 10.3348 3.70622 9.34023 26.0727 3.93507 16.2184 9.52267 0.0654719 5.69366
7793.27 1.0392 2.01031 13.7973 2.24 1.35647 26.5438 7.92284 0.0190033 5.45265
7671.41 32.7998 17.6703 12.8455 3.58192 16.1337 6.2132 0.847373 0.0596543 7.1513
7401.52 18.5113 5.44001 39.1418 12.9254 25.2316 14.2735 28.182 0.00320343 11.2842
7584.33 17.8252 10.3251 54.5845 13.1229 28.0916 16.8934 15.8597 0.0375212 10.993
7611.14 15.9283 23.0389 24.8959 15.0609 29.9839 26.6258 22.6668 0.0866024 11.3955
7746.04 21.5411 20.4841 24.0582 11.9912 16.5894 12.6643 12.8314 0.0404914 7.31704
7863.4 29.689 11.1449 11.635 9.3539 8.11158 6.87016 29.9157 0.00143999 4.97147
7667.95 15.5398 34.8878 0.969848 11.3248 15.7046 10.394 5.58345 0.0287896 6.55685
7663.9 15.9897 26.6337 1.05372 16.7746 33.2268 9.25878 9.60839 0.0541608 8.33423
7593.67 10.1619 10.4805 15.346 11.0794 32.5627 9.34968 48.5062 0.06048 10.7462
7799.79 14.642 4.67538 0.283461 16.5138 33.2539 13.0235 5.64156 0.0677936 7.42204
7872.68 24.3115 4.02245 25.1189 13.1852 14.1947 19.2661 3.54551 0.0427044 7.20971
7702.69 15.7969 1.82846 16.326 32.6441 41.1467 1.8508 16.5027 0.0590441 9.98175
7871.33 23.4542 10.6157 1.38405 1.7915 16.4258 19.4168 7.28354 0.0134721 4.863
7854.23 9.14155 8.63336 7.75602 9.06491 5.11149 0.265335 25.6115 0.0498489 5.35663
7864.27 6.57875 10.7936 20.6982 8.19919 16.4069 3.32799 9.23984 0.13988 5.9379
7853.73 8.53515 4.75875 9.69142 14.1365 43.1304 13.0945 9.79918 0.439012 11.3831
7748.65 8.13849 6.99371 33.1685 25.9019 19.555 17.6055 34.0346 0.0458737 9.78402
7669.69 0.35492 31.0155 5.78083 18.9793 10.8074 5.88817 11.3159 0.105214 8.04359
7714.47 6.76373 33.5266 22.0099 11.8877 9.55847 2.93833 5.76819 0.00603497 4.92509
7822.11 7.32237 18.3793 8.298 11.1075 20.4987 6.40787 3.52872 0.0513079 4.71453
7854.08 10.9423 4.34989 10.2284 7.30359 1.22776 14.7559 4.81768 0.00553299 2.49336
7941.38 28.0295 2.78213 4.45244 3.26906 27.0401 10.1939 2.35226 0.0408808 6.23215
8049.64 6.90561 16.9466 1.52253 7.76403 38.1746 8.16406 33.4701 0.0234233 9.14369
7831.6 4.67294 19.4211 11.3741 20.3177 31.0056 7.20156 29.5244 0.0223125 7.62585
7866.61 15.0111 10.5266 4.60145 15.0877 13.3812 7.64447 6.56045 0.0383321 4.0212
7863.61 10.5276 18.7708 7.89378 3.4303 14.3071 5.22599 3.99392 0.0421138 3.95993
7769.1 14.7394 21.0065 10.5203 4.12195 8.56019 3.31773 14.1614 0.0248865 4.29476
7841.47 11.1237 18.2941 12.023 4.84566 3.96242 12.7813 21.3629 0.0100757 3.95074
7962.34 12.8595 9.92503 11.7234 8.20395 3.42986 7.51154 13.247 0.209318 6.23817
7932.48 12.3129 6.64307 5.40476 35.9544 15.736 29.5605 1.79512 0.188252 10.496
7713.93 47.4047 8.61608 3.93275 6.99071 8.22695 10.4705 10.9568 0.109594 7.61085
7725.19 5.69889 5.63887 22.8568 21.2335 15.3271 15.0937 0.263172 0.0212652 6.29078
7824.69 12.0401 6.47267 20.9883 12.708 32.5983 9.53647 11.8644 0.167105 8.40882
7944.27 4.86328 4.62543 16.9213 10.9559 5.01841 19.2038 10.1973 0.00887227 3.31606
7863.31 5.37231 1.57023 16.2769 12.1246 8.42541 14.6795 0.463146 0.0250428 4.42493
7820.68 19.3435 12.8191 1.71259 19.6792 10.4089 29.6114 3.04572 0.0607024 6.9482
7861.45 23.6232 8.83886 2.60636 15.2405 4.59498 14.794 12.9734 0.0469563 5.19686
7776.63 19.6652 28.1472 1.18183 7.66936 16.7785 7.1454 22.2222 0.0277008 6.5475
7745.79 5.60008 2.79413 16.7406 4.12531 11.0571 30.7012 5.98131 0.128821 7.09124
7680.36 5.7699 8.04781 22.2436 15.7554 6.49369 7.04779 3.10173 0.173768 6.95135
7676.5 3.84902 6.75488 18.3932 0.190956 12.5661 17.3857 4.15605 0.104826 7.93812
7573.1 8.72722 36.2344 7.8911 19.7049 16.6738 4.78451 8.19757 0.303519 10.7183
7804.38 14.5713 18.8475 23.4126 13.4146 10.7545 12.4421 25.5571 0.240826 9.76189
7928.74 8.31642 11.7925 26.1665 11.2968 6.96459 11.6981 9.11023 0.0114566 4.46266
7921.9 6.2386 11.5092 16.6547 17.3591 0.566449 7.29651 13.1657 0.0109481 4.24714
7944.46 28.1043 16.3627 16.9508 9.03745 5.81376 13.9188 8.26305 0.0180862 6.56753
7960.55 14.2066 3.61579 2.93747 7.29612 4.47001 38.3946 8.52105 0.0175398 4.9907
7949.52 0.778737 18.8551 11.3417 6.03997 4.59684 31.5836 7.59227 0.0414477 6.06277
7868.99 1.98826 5.40782 4.52158 8.86121 23.4405 15.2993 22.1131 0.00316147 3.90237
7917.59 4.40858 1.79422 27.5332 7.1838 1.38299 7.34626 27.539 0.0224465 5.41298
7804.44 10.3842 1.81619 2.9199 24.1656 30.5388 8.48585 14.2941 0.0127295 5.63096
7814.78 3.61088 2.21189 9.58712 26.9342 17.7754 35.141 0.727937 0.293578 10.7569
8142.55 11.2927 2.60943 5.61675 6.0577 23.2863 9.04835 1.58203 0.151629 8.09659
7965.29 10.6474 10.45 6.25054 1.20867 9.91108 11.7071 6.35592 0.0270006 3.41117
7916.25 10.7287 1.2368 12.2294 3.39892 1.94452 20.2848 10.8134 0.0657944 4.97039
7638.16 10.7242 36.5147 19.5843 3.4776 18.2537 21.8955 24.215 0.025789 8.66786
7783.99 10.7089 31.7741 3.08187 2.1645 2.39058 1.81133 13.8148 0.0233315 5.03154
7688.67 0.837481 8.53883 16.6311 3.80528 0.3912 31.1843 1.91746 0.0120628 7.11964
7904.13 13.2856 16.8283 15.0896 12.6523 1.92641 24.2974 11.8262 0.00398032 4.83
7799.09 16.3025 36.233 14.7641 2.28355 20.5751 13.1608 13.9403 0.00189339 6.25234
7731.02 16.0685 50.4356 12.1298 1.37115 38.2608 24.0614 18.5044 0.0167301 11.7569
7873.26 15.8744 8.08578 7.18511 0.948384 10.1601 15.7762 7.05844 0.0156876 3.52873
8015.39 4.85723 10.5668 1.24385 15.2699 1.80666 10.7913 5.57309 0.0275706 3.87006
7805.88 27.8566 9.75458 27.7156 4.82942 9.61409 8.80339 14.3244 0.0469507 6.59106
8043.86 4.38452 6.03249 3.39573 4.91439 9.27812 8.84905 13.9191 0.0192135 2.89234
7881.27 21.1557 6.03249 48.446 14.6419 5.52906 3.86271 13.5907 0.0870131 9.82278
7860.7 2.80384 7.06634 64.8382 13.2612 5.00851 3.75056 44.2816 0.0127678 10.8932
8019.83 12.6463 11.501 12.5631 7.36771 9.80099 4.80148 7.34978 0.0930802 5.43785
8006.26 10.2222 9.48065 12.7485 3.32038 7.80247 29.6384 35.0299 0.00406512 6.16502
8037.25 10.7616 6.89728 9.93342 3.90817 5.41593 4.21748 33.3821 0.0287772 5.06951
7765.63 11.2071 10.1215 36.3487 11.9271 20.4183 10.7661 16.9382 0.0591896 7.67361
7529.68 11.1361 9.24894 30.6394 5.91858 36.1386 5.39727 8.42187 0.143578 10.3587
7503.24 3.29791 39.8147 28.4345 2.53849 15.088 6.98556 10.1775 0.100417 10.1924
7687.11 4.65221 38.845 3.83052 18.8887 21.551 6.52713 18.4033 0.222875 10.0697
7534.03 9.69008 76.6265 0.814464 9.46192 28.6456 17.8981 3.86607 0.252722 15.0481
7422.79 31.1703 28.1076 14.9825 11.5504 17.5316 8.96429 44.1129 0.100469 13.7079
7744.53 27.5415 13.0309 10.3945 10.8558 14.3036 7.16141 38.5492 0.160788 9.32964
7482.74 30.9262 23.5245 6.31958 18.1744 10.4755 31.9178 4.28028 0.103324 11.1559
7534.03 40.5742 42.0879 26.237 37.7553 16.8559 15.6921 8.41393 0.0294195 14.4865
7699.63 16.0987 8.84797 24.5737 16.0925 17.0671 19.4 34.0521 0.00446603 7.21819
7956.37 8.65163 4.65375 3.31638 4.3498 7.38521 24.2649 18.5765 0.00542062 3.28314
7939.51 1.97398 7.82787 13.2143 5.80904 16.7072 27.0639 16.5994 0.0185014 5.15027
7917.75 12.5494 3.12692 15.2011 15.8574 28.1566 3.66929 1.37589 0.0171942 5.49291
7780.16 15.3478 9.71312 10.8518 18.1345 11.1744 8.30422 2.11415 0.129733 5.93583
7896.38 12.282 15.2752 31.7036 21.5267 14.0144 5.41546 6.31885 0.163802 9.62453
8011.79 17.7499 2.94496 8.75541 1.57868 26.8012 6.73713 9.23028 0.146154 7.39781
7908.67 1.89967 3.37811 9.17694 1.95328 22.6892 13.3666 16.7895 0.145092 6.5005
7760.67 2.21028 15.2639 7.19733 48.2151 19.4471 12.1654 26.356 0.100528 10.2838
7507.98 6.87094 24.0853 13.0301 27.3107 17.9313 17.4966 40.4673 0.185707 13.302
7516.79 40.7628 49.476 16.416 24.1302 8.63652 2.79565 10.4674 0.0844203 12.4344
7513.83 36.2365 36.2408 2.12233 15.0048 6.59738 7.41227 4.68315 0.00229341 7.28268
7897.3 29.6971 42.1707 1.53244 4.05392 40.2816 25.999 12.897 0.030007 14.2322
7920.34 13.4868 15.8468 0.816157 5.97376 27.8994 8.80219 15.0566 0.0456084 6.28124
7754.28 6.15578 28.1507 1.25256 14.112 20.5444 2.2412 15.3037 0.00728705 5.22443
7828.22 12.5661 27.0791 14.882 24.6108 5.82083 5.3772 10.2627 0.00866162 5.50879
7925.18 6.01684 3.15965 20.0001 13.5221 12.8161 32.0456 19.1308 0.000385924 4.90691
7963.22 6.46193 17.1112 8.11096 12.918 16.589 24.684 18.1096 0.000572081 4.74758
8042.44 11.5681 3.88089 3.27791 19.7719 16.3359 13.7671 4.56497 0.000111339 3.4173
7682.51 23.1065 2.71952 4.01812 20.3225 16.335 1.32508 16.2375 0.00140995 4.92684
7658.29 23.7803 0.475914 4.73867 14.7942 14.4912 1.44145 3.92174 0.000980736 4.95665
7648.17 11.3186 9.02492 1.89523 8.06584 32.1069 24.1872 6.72526 0.000494292 5.56222
7686.42 38.4063 14.3069 13.1143 16.7856 13.1865 25.2418 2.6048 0.000113883 6.04216
7656.43 3.64476 16.8798 30.6106 10.4162 20.1649 1.88166 38.6433 0.00493731 7.68949
7649.51 5.16896 21.1489 15.6361 4.4215 10.2125 7.23354 31.0922 0.0177204 6.44569
8103.41 3.21883 14.7775 9.58083 11.6574 10.8398 35.9646 0.933818 0.0193648 7.98242
7765.02 16.7265 29.3214 5.20048 8.05176 10.2041 6.17712 14.9728 0.0248792 5.05699
7690.13 27.3458 46.8986 1.10383 11.6242 2.80119 8.45921 17.0525 0.0260156 8.36925
7721.17 11.3764 23.9724 6.84899 12.7138 18.2646 2.15867 6.08217 0.0259322 4.96928
7945.18 14.1996 37.955 15.7197 7.98366 8.77402 0.59719 6.21956 0.0262755 7.99075
7712.81 12.6433 12.6895 3.40092 9.30647 4.01648 4.87899 8.11755 0.0733582 5.00544
7939.56 7.52086 13.4308 2.27044 3.8433 18.4684 31.2497 8.61714 0.0218638 5.28185
7733.55 7.16271 24.6636 4.48053 3.56004 3.95849 20.6312 4.76696 0.179723 7.13758
7839.15 3.91773 5.87023 9.177 6.46211 1.08502 6.21233 7.09944 0.00339692 1.96939
7825.26 11.2774 3.43028 13.7422 7.07847 4.93975 7.62627 42.8409 0.0222244 5.58171
7824.87 7.75925 15.3754 26.8649 4.87597 8.63619 8.67449 42.2156 0.0616137 7.72037
7829.51 13.9152 28.9796 3.86911 50.0791 1.47622 34.2888 17.756 0.126701 13.7074
7829.56 24.7803 20.1836 2.73338 28.1186 2.26993 16.9227 27.423 0.100667 9.61652
7831.1 11.2047 18.506 18.7651 18.3925 7.79293 6.68305 13.8606 0.0412574 5.57726
8003.92 10.3702 38.0659 9.23538 12.663 9.34357 1.09075 11.7659 0.0367135 8.43365
7731.67 18.5808 21.0511 4.71571 2.45458 5.79926 14.7901 19.8552 0.0290677 5.5615
7982.61 24.1744 4.65922 10.0128 1.45898 12.7988 19.3573 17.7783 0.018781 5.89952
7850.38 14.8463 15.2991 9.90012 18.6925 15.0218 18.2927 7.77962 0.00188244 4.19527
7686.24 17.5714 33.0547 6.44629 15.9508 4.32846 23.7751 4.95872 0.00390479 5.62598
8009.75 1.04939 26.3368 0.516071 23.5609 5.56768 33.3588 21.2461 0.0112457 9.30344
7617.73 4.02556 5.35738 24.6883 27.3686 8.35647 10.7287 29.7668 0.101733 9.31601
7631.43 8.27656 32.6601 1.99973 2.68134 22.2123 34.4157 14.9217 0.0563806 9.46997
7916.48 9.93783 1.0029 8.8232 3.24158 8.20006 30.9799 6.3385 0.0726665 5.57746
7770.86 3.60424 27.7936 13.1248 12.1408 10.57 16.4243 15.8778 0.00222083 4.35045
7786.02 6.57164 17.9163 14.7718 9.68404 39.787 8.07871 26.9762 0.0138884 7.23607
7740.47 0.901477 4.07288 24.1595 24.0743 0.251883 17.4997 19.5544 0.0195155 7.53354
7792.03 11.3862 2.71528 13.1142 28.7983 16.2112 5.17935 16.8278 0.123215 7.24728
7759.66 24.1801 34.8686 1.7134 7.34743 1.34852 12.2474 7.48762 0.100151 7.67878
8013.62 35.2348 14.1328 11.4255 3.25517 3.21572 2.74076 30.0202 0.0500485 9.06414
7981.67 21.9612 5.43618 4.36857 11.8142 14.4983 12.8201 8.20526 0.0113185 4.38451
7710.69 27.6271 16.3555 3.66871 6.60692 1.28853 12.0389 4.17376 0.00427305 4.19321
8019.07 43.0076 2.31205 7.08349 4.7962 7.3593 13.0449 9.74142 0.00427305 6.43692
7770.47 16.0218 27.9536 14.3545 3.51363 12.0637 5.17852 40.3779 0.0220274 7.3314
7710.35 2.83508 22.2743 26.0639 16.7712 6.00041 17.9664 5.896 0.0789567 7.10728
7870.31 34.3245 3.35764 7.32964 6.96396 17.4167 13.7737 12.1834 0.0567405 6.46216
7873.1 32.0497 3.82762 10.7704 14.2319 19.0815 7.61957 12.68 0.0205844 6.03269
7810.61 20.6266 0.516523 3.31749 7.98145 32.659 6.24229 7.3821 0.0297877 5.94354
7707.74 8.22672 2.65472 8.81554 1.23308 18.5824 12.0028 14.2984 0.121786 7.18071
7820.02 3.8363 13.1243 15.7218 2.97256 28.8754 42.9328 3.35017 0.293096 11.1834
7464.53 39.0424 3.31161 43.4252 23.2963 7.39089 21.0156 25.7344 0.0189974 12.095
7701.78 35.3701 11.595 9.6584 29.3067 7.07423 51.4962 5.49498 0.0467188 10.9647
7682.6 19.4278 3.26245 12.0244 18.4643 14.143 50.1177 20.3486 0.0149629 8.89362
7961.58 17.3694 7.43737 6.74716 6.38702 12.7985 41.4777 15.5321 0.0529011 7.55088
7798.01 9.20992 9.85393 27.6382 12.2661 50.3542 0.615444 21.8677 0.00718857 9.16895
7825.44 1.1342 26.1363 9.00496 5.66555 30.9631 4.74243 19.8103 0.00863582 5.85595
7856.1 9.77249 12.0619 7.19367 1.23484 2.76829 5.44389 12.9647 0.252274 6.47224
7926.97 14.5703 9.08444 5.56642 13.8783 3.70624 3.53615 21.2099 0.0635713 4.889
7988.29 7.00393 7.75644 3.66773 13.5353 6.87005 8.10276 12.0947 0.0468984 3.67755
7829.27 18.1288 10.362 4.56738 1.80361 28.8355 5.97846 15.4681 0.0121363 4.76612
7615.85 20.2729 15.4148 1.2765 30.2438 19.3138 4.95739 1.85733 0.0779011 8.40962
7777.86 15.3642 2.58856 6.77768 30.4258 20.7535 3.82629 0.992036 0.0434741 6.33744
7944.9 28.1497 4.13225 0.807153 24.0083 4.50913 0.0850096 5.51061 0.0109407 6.76122
7627.89 4.90417 13.0984 11.0313 16.2298 4.50913 14.1903 11.5543 0.0224953 5.63398
7611.73 14.455 7.20416 15.0096 6.84447 4.01362 15.0517 5.9683 0.0201843 5.52286
7691.44 11.4196 9.43666 14.8992 14.4805 9.94859 16.4976 5.9683 0.00756012 4.05073
7591.59 42.0101 13.012 6.94429 4.73953 17.3247 16.9844 21.5357 0.0117267 7.75974
7779.12 6.0405 11.8472 10.5929 11.7531 9.13944 11.5439 18.8963 0.0117267 3.67124
7696.77 14.5283 10.1208 10.8961 13.2143 12.5981 13.8947 12.4313 0.00218048 3.64576
7901.08 36.6945 7.30018 9.16767 11.6466 13.5438 5.32059 1.33175 0.0969487 7.39877
7812.91 8.91405 6.64643 11.4065 2.38772 15.4953 46.8568 14.1401 0.0841574 7.93441
7872.01 8.66336 10.608 6.03369 4.46426 9.75393 21.316 27.1429 0.0783958 5.89978
7727.86 14.3357 37.6556 11.1119 10.5542 33.8393 34.0807 17.1956 0.120882 12.3636
7604.15 17.1972 27.2519 4.69996 28.0057 13.5753 17.5386 3.91325 0.0153849 7.11579
7655.32 28.0952 27.2017 7.21792 14.3942 9.36483 19.4186 4.47275 0.046324 7.28305
7924.01 17.4683 40.4767 0.462712 31.3208 14.1289 3.05481 6.28507 0.0751473 11.7435
7716.38 16.3544 18.2232 5.4929 25.1117 3.05483 39.2644 4.01495 0.138917 9.27276
7750.25 16.9033 9.7316 15.8894 21.9911 4.96119 12.6082 53.5406 0.0507279 9.09176
7792.44 49.7952 20.3081 8.69279 20.762 8.40131 4.09038 9.62629 0.0345569 9.04744
8163.2 39.7152 5.29933 7.12411 1.67671 7.15046 4.63175 6.07945 0.0691252 9.987
7688.02 30.8089 28.4469 18.4465 2.83046 11.9349 21.7402 15.9733 0.0128959 7.78249
7567.66 30.8089 55.3203 12.8732 1.87267 5.19239 21.5822 22.0815 0.031877 11.0626
7542.05 1.20845 24.3845 37.3916 1.2236 30.6911 11.8209 5.02028 0.171045 11.8752
7659.71 13.5471 27.9426 26.0737 14.8071 5.05182 20.5257 2.62615 0.399718 11.5807
7709.04 36.5293 12.5364 13.1191 13.3499 1.88259 29.6529 2.14 0.0643512 8.31336
7904.96 26.3486 11.1294 7.03881 12.3967 11.8524 32.4287 13.093 0.145896 9.07243
7792.64 32.8111 9.62455 12.1228 6.6251 19.654 21.6719 7.70006 0.114767 8.05029
7620.91 8.10731 6.86021 7.9922 0.813886 9.55954 26.8487 12.1162 0.210685 9.9613
7572.81 5.05443 9.58972 35.2876 0.479652 12.489 5.53591 7.20622 0.0684685 8.51479
7898.51 3.03481 12.6811 25.3144 3.61924 44.3797 4.983 47.864 0.0859996 11.8744
7753.75 35.6883 5.2878 9.97046 3.25212 58.5637 20.8274 44.0542 0.0481645 13.8411
7849.33 38.0237 2.34452 9.2156 2.99677 17.271 20.1619 14.4643 0.000899191 5.37148
7926.69 18.3727 3.30159 29.2154 19.9565 7.16102 3.60813 12.3526 0.0387793 6.94159
7776.95 17.6612 11.0282 14.9346 20.9413 6.84645 2.22798 30.0106 0.177997 8.50653
7619.61 10.1547 36.9458 32.9075 11.3362 12.4573 0.606881 31.1788 0.0762023 10.8301
7593.38 21.8936 18.6298 20.1373 31.7149 6.99256 5.78032 26.3088 0.341047 12.5215
7805.9 9.23599 17.4124 21.4651 8.23543 6.10835 2.90533 17.2663 0.248563 7.63917
7895.27 12.0162 8.88298 21.2776 8.081 58.6029 24.7204 19.4301 0.231632 14.8142
7544.7 11.0723 39.7948 3.3076 8.081 27.8579 12.6359 4.08718 0.43585 13.3162
7511.55 11.9172 28.6526 13.4488 46.8823 0.269953 9.25008 8.35016 0.111182 11.651
7577.7 32.2999 31.2773 9.31852 4.59645 5.73216 10.5867 4.3574 0.0836879 8.17102
7646.75 18.3172 28.4195 7.5531 1.71393 1.90414 11.3643 2.86757 0.119911 7.70197
7838.65 25.7124 3.71539 0.898727 0.738222 0.145009 10.0577 11.2013 0.137633 8.09465
7598.39 3.52413 15.4933 15.4503 18.7247 43.7538 1.44897 8.88345 0.337292 12.1303
7737 19.6088 10.98 19.8978 7.37926 19.3752 10.2709 10.9997 0.154494 7.38341
7594.02 34.0783 11.0669 13.9981 5.38727 15.9165 8.14569 3.33206 0.12991 8.2928
7605.69 25.008 24.2476 39.0358 1.95026 20.2371 4.07028 22.4182 0.19798 12.0614
7898.91 11.1434 9.52274 2.17152 6.08591 33.0039 8.76142 41.3902 0.275572 10.7672
7899.51 6.03143 11.5444 2.51501 0.906935 23.81 3.68102 26.2814 0.140156 7.20725
7959.92 4.31173 8.09241 4.80629 19.441 2.22972 3.19902 27.309 0.170358 6.83922
7968.93 6.34067 8.76567 9.41713 20.1637 18.8799 10.9444 20.9133 0.0368439 6.01744
7772.23 8.36354 2.31246 22.4393 6.86431 41.2626 63.3394 15.2334 0.00407324 10.959
7846.44 21.0506 19.9965 11.0756 37.4008 44.7058 5.73218 7.53565 0.021547 12.0383
7486.96 16.2879 59.0236 18.7429 23.3614 7.78404 4.91694 7.64489 0.0512943 10.6677
7511.75 10.5196 22.5489 3.03661 15.0238 25.905 3.662 15.6838 0.0605541 9.39858
7607.04 11.0149 24.9455 16.1081 27.5041 13.7845 6.21442 10.8306 0.0065747 6.13024
7853.87 19.8256 7.28057 5.65736 15.0186 23.4629 3.25883 12.7941 0.0704039 5.93929
7630.3 13.8137 1.20167 25.7303 3.6842 21.1979 11.2008 7.83523 0.0617577 7.50296
7573.04 20.665 8.88592 16.1057 9.82297 16.2074 30.6626 3.27551 0.0260008 7.74038
7939.02 37.8047 3.83532 6.72919 7.25869 30.3074 20.7492 18.3755 0.000552679 7.69823
7714.5 22.9444 2.21883 21.9831 15.9549 5.53701 5.98706 37.1962 0.0151506 7.00159
7851.68 5.75187 18.9012 3.54815 6.1996 6.33928 14.2219 18.0458 0.0479645 4.5231
7935.5 9.43298 2.06013 11.259 4.38001 6.95204 8.553 5.09878 0.00711057 1.9624
7971.16 1.08156 6.12725 16.2667 4.63532 7.06148 19.5272 3.65196 0.00146292 2.64728
7851.97 5.22321 4.67203 14.7001 14.6011 10.0067 10.0514 27.1879 0.035801 4.96262
7684.23 7.7748 14.5996 8.09061 21.5667 19.3566 8.62313 6.91051 0.00155433 3.87673
7710.57 3.38226 9.45175 31.1657 0.204681 10.7504 3.02711 4.76883 0.0712833 7.00082
7805.12 5.26977 11.4011 8.42363 5.69657 3.24337 18.6138 2.18506 0.00610297 2.81175
7761.08 11.2279 3.94013 40.3138 8.61269 8.73663 22.4727 0.711202 0.00327044 5.72823
7606.68 40.8179 5.82423 26.5409 14.9827 7.02826 22.5724 5.01868 0.393653 12.7779
7773.33 63.6001 13.4332 9.97405 24.5841 14.5381 21.1299 3.28599 0.297104 14.7182
7552.85 51.7976 13.4821 7.87655 37.0698 2.83006 25.0948 8.3671 0.225111 13.4758
7908.32 10.7108 0.675704 14.3018 0.236968 3.47931 25.5282 1.41206 0.216625 8.57608
7663.59 1.17345 27.0039 9.48242 7.86246 8.93391 3.10336 12.6501 0.0650024 6.51404
7738.74 11.6625 30.6136 21.3581 8.37932 11.3242 34.4715 14.6483 0.00616149 7.27901
7771.1 2.49045 13.797 8.3533 6.54922 6.20283 30.6282 2.38185 0.00105414 3.52845
7743.89 4.72869 13.234 26.4141 10.4167 9.44229 15.6757 18.8339 0.0453656 6.03074
7761.24 23.5067 14.4211 18.3656 27.356 26.4598 5.93348 7.86834 0.0431465 8.40115
7744.24 3.49713 12.2705 7.40201 30.0097 12.2096 36.9953 11.6068 0.029443 7.36155
7768.14 20.9461 10.601 0.144712 14.9986 8.89732 1.78492 40.8202 0.6389 15.2899
7789.73 29.7357 2.77236 9.68927 19.6305 6.95421 2.21768 1.18913 0.131854 7.0772
7731.44 24.2194 2.65936 9.06095 10.6417 14.4568 7.94816 8.63377 0.0623319 5.43256
7668.83 41.6544 34.3324 1.61736 2.11913 12.2607 22.9546 7.71345 0.174978 11.1606
7962.76 4.0789 16.9984 0.805103 12.9638 7.06681 25.4989 6.18761 0.00484053 4.15881
7857.66 30.0933 16.0951 6.9096 2.19671 4.77103 10.766 1.64455 0.025699 5.01328
7981.23 3.75672 13.8137 10.8293 4.69328 7.49848 56.5936 9.08516 0.242775 10.7811
7900.37 42.4971 15.3048 9.19734 20.591 2.76253 9.1118 12.7595 0.102838 9.73062
7617.32 7.32301 14.3091 11.8336 5.76635 17.5295 4.84404 11.1987 0.0808671 6.75862
7757.19 15.8846 46.8373 3.34242 10.5444 56.897 9.36592 5.22208 0.0558269 12.5335
7679.48 35.8825 29.325 5.68502 6.52956 16.2539 2.49115 8.1579 0.17957 9.21221
7713.65 35.5385 16.3492 15.5058 1.56354 27.6615 6.82981 26.9966 0.119656 10.2782
7841.9 42.3884 22.7304 3.26546 15.3233 5.86934 21.3886 40.5374 0.00198937 9.73395
7595.58 71.6428 3.75216 9.51132 21.334 4.10105 20.4047 2.32095 0.0162231 10.0063
7924.33 7.50318 12.0673 5.68141 8.83895 0.0185698 9.29096 3.59718 0.0109732 4.43424
7843.35 15.8572 20.5894 12.9594 7.39328 4.47984 17.2894 3.10663 0.219479 7.37134
7756.52 39.5204 42.6193 5.27665 5.94944 5.744 19.6986 18.0752 0.00467765 8.81216
7760.03 0.87391 31.0483 16.3044 17.5021 5.47261 7.44834 29.7304 0.081242 8.34899
7769.41 12.9759 8.31389 41.4163 3.10172 10.7348 10.0789 16.0757 0.0656297 7.08524
7587.8 17.6527 28.6412 3.17846 1.45717 11.5878 19.663 14.4786 0.173813 10.0257
7673.13 17.3373 10.1082 27.1143 15.861 16.874 6.43564 13.8637 0.00524664 5.35628
7550.79 6.98345 14.9434 6.29709 9.21952 19.0142 13.0647 9.91087 0.0524421 7.81359
8007.52 5.15525 5.57407 0.792373 4.63563 21.9167 9.36005 5.36699 0.00774609 3.21586
7905.57 4.43036 23.9695 5.40437 2.18775 2.75177 4.41567 6.1124 0.0255025 3.45923
7992.13 11.7683 17.0917 5.84878 5.69061 2.75177 4.41567 3.56389 0.111107 5.02651
7960.71 12.7379 10.363 3.38933 13.0049 5.73224 5.91611 3.56389 0.16411 5.33731
7618.39 16.4317 4.50515 3.76157 7.80785 12.7938 4.51785 14.3414 0.0140705 5.66156
7847.92 17.6148 9.43206 3.47754 6.43967 8.76733 21.9221 6.60549 0.00676504 3.24594
7794.32 16.4559 14.7127 8.477 4.69461 12.779 9.84684 4.49695 0.0410317 4.13634
7794.32 18.101 10.3825 8.477 4.69461 12.779 5.46193 16.1626 0.0148496 3.65573
7657.28 14.8995 48.3955 3.93889 6.00975 31.1153 30.3672 4.23615 0.0148496 9.5256
7305.85 11.6657 66.4738 18.897 16.8338 8.42574 36.6351 6.70243 0.0234382 14.2924
7601.93 20.0559 77.9094 29.5701 20.8807 1.69079 24.8444 6.19795 0.00947484 14.8174
7667.91 8.7507 26.5944 12.6717 5.85245 15.075 14.6703 5.97403 0.10426 6.86114
7709.61 13.3664 8.5361 1.45204 17.7165 14.8528 1.8296 7.36978 0.148185 6.97133
7862.32 14.3001 1.08047 19.6755 13.51 8.72716 15.4845 6.81552 0.114128 6.28763
7945.99 15.3802 40.0515 1.65392 8.09835 3.144 23.7053 1.36238 0.0662123 9.00477
7742.21 11.1574 27.9777 8.22228 9.30087 1.19588 13.4079 24.8108 0.0862016 7.25481
7829.93 16.8025 19.5086 20.6768 12.0987 0.893202 16.0487 18.9931 0.0280936 6.6864
7924.45 8.86802 7.45956 8.03738 10.3968 4.63729 43.1832 0.476695 0.0529191 6.81214
7925.51 1.65878 5.36342 33.2372 4.13538 5.71169 27.5328 1.51404 0.0152151 5.83118
7693.06 13.2833 16.1274 9.92448 5.17282 12.5891 23.7147 17.4251 0.000732702 4.32601
8040.61 3.56172 11.9055 4.19974 7.16488 6.34348 12.2874 17.6605 0.000732702 2.33872
7695.34 10.2292 12.1332 14.298 11.7828 4.88622 2.48591 28.3465 0.0420147 6.06043
7943.18 3.91704 2.30135 7.84061 9.59718 11.5627 22.5585 31.9459 0.0236201 5.44074
7833.93 5.15526 9.586 9.99297 15.2749 6.67394 4.59569 21.4587 0.0473997 4.41036
7830.52 4.32804 26.8062 7.97793 7.76691 11.2615 32.3651 3.54591 0.0855803 6.96816
7901.92 5.85969 26.42 5.85474 1.67071 6.66545 3.08025 4.74441 0.0252399 3.76584
7707.65 8.55041 6.26884 10.7756 59.4755 0.98931 14.9903 9.26749 0.0432321 8.67462
7661.28 33.2327 6.31857 12.0826 35.3201 31.8205 23.0532 10.1472 0.0139435 9.99019
7720.97 4.5291 4.74663 10.5948 21.9456 30.8435 22.1746 14.1031 0.012267 6.52073
7657.99 2.79329 6.49631 7.26844 16.2831 37.4899 10.2865 10.4485 0.0483408 7.3619
7626.37 1.33073 5.55465 11.3052 17.1322 8.87428 16.9719 4.91728 0.0200294 6.18973
7848.17 14.3812 13.5628 13.1416 19.1584 2.93273 8.22658 27.5229 0.0765617 6.67347
7889.93 7.00454 5.82238 1.26225 6.41113 8.40163 10.4966 4.67628 0.0633983 3.62739
7745.29 14.7188 35.4414 6.76188 21.0768 4.83346 37.8407 18.127 0.206542 11.6323
7716.1 31.2157 6.28375 7.34705 2.68895 20.1833 17.2144 2.99692 0.034936 6.09787
7902.57 4.72826 8.72186 9.50273 9.63543 18.0854 12.0017 26.6831 0.101235 6.20027
7771.95 5.32296 14.771 5.63407 15.4173 12.2772 37.3581 45.3026 0.0431085 9.23347
7679.71 15.2346 1.53562 32.2733 10.6528 4.64711 13.6769 12.4127 0.0195221 5.94357
7636.53 17.5861 23.3686 32.2733 1.66333 4.53158 3.59469 28.2931 0.059619 8.72247
7558.55 17.1218 51.8145 10.3048 23.2076 4.72054 7.13339 36.1285 0.0116878 10.047
7879.03 8.61386 33.9556 5.32063 3.51858 3.93929 33.4015 15.004 0.438082 11.8126
7844.22 21.1293 21.1667 8.4532 10.0479 9.35874 4.65504 15.1018 0.0305396 5.10187
7772.77 17.2697 18.2177 18.1872 14.3087 24.0486 0.401921 0.734389 0.00188737 6.04176
7672.58 33.2839 12.9112 12.4186 20.4071 5.06652 9.81586 3.76786 0.00188737 4.77091
7672.58 34.7102 7.05537 19.0111 20.4071 17.4261 23.0469 12.5811 0.00188737 7.02616
7994.08 15.7771 8.6775 11.9404 23.5158 24.4592 21.5829 20.4289 0.020339 9.15001
7909.16 22.6318 4.15407 13.8516 15.6833 14.9213 13.4586 10.46 0.16897 7.76978
7733.54 19.3096 10.1037 16.913 8.41258 11.3683 1.17799 35.0954 0.0155264 6.26678
7828.35 17.0739 3.91551 7.4893 1.83313 13.2729 3.09773 8.09862 0.00113197 2.12493
7760.37 5.31661 7.33274 27.2906 2.89074 6.83457 7.32253 24.0445 0.0775918 6.19825
7777.99 20.5546 10.8857 48.307 3.3938 5.91885 1.01682 20.5377 0.0372213 8.42629
7866.06 6.7794 9.83078 24.5714 7.10226 6.47555 15.4804 13.2311 0.0100321 3.81777
7976.37 10.207 19.7863 3.06994 4.25594 4.84011 6.2819 12.9028 0.000525644 2.157
7957.52 7.56187 5.41846 19.8099 8.61094 4.40286 16.5559 7.10851 0.000525644 2.32169
7706.36 9.18149 12.5758 6.1122 42.3043 1.52764 23.1572 9.68442 0.0117817 6.66558
7751.37 7.887 6.6185 14.1701 14.3403 5.59437 52.8142 11.1993 0.0597342 8.05819
7595.27 15.2123 14.3149 24.2956 8.69823 2.06341 9.93569 19.7176 0.0478894 7.38051
7831.21 23.0978 28.3854 11.3056 2.80139 16.3541 9.93569 0.478246 0.00375849 5.84367
7586.46 24.256 24.8673 8.48134 5.04959 10.2249 7.79676 23.0561 0.047131 7.69825
7775.89 8.41106 16.9928 15.248 19.065 3.24583 11.7984 2.48583 0.0895791 5.75187
7704.21 27.9877 7.8278 10.6316 1.97164 3.65354 3.76848 24.1133 0.282752 9.38013
8072.58 7.95252 1.48313 2.6329 1.81053 2.60035 6.06975 8.60291 0.212191 5.89709
7949.31 12.3644 4.68486 10.8993 21.9032 4.84619 6.78526 29.6819 0.0863683 6.72989
7911.89 10.4943 7.43302 9.1272 3.54352 7.62525 28.9145 5.11701 0.0494717 4.65555
7495.46 9.77738 47.801 14.2289 3.31473 7.56342 23.7162 43.4208 0.123801 13.4626
7767.39 22.2648 13.7581 10.3161 3.96821 7.3517 31.6598 47.174 0.0754858 9.74886
7756.05 27.9521 9.49283 3.281 6.06959 3.70908 12.205 15.1857 0.105704 6.26907
7562.98 35.1095 11.2186 14.8146 29.9919 33.4254 13.4514 3.46088 0.0264595 9.96158
7681.16 36.733 8.329 14.6738 30.9879 3.63386 17.1069 13.9328 0.0910402 9.2465
7789.31 17.908 2.27278 28.2603 3.95049 19.1909 5.12806 61.286 0.104716 11.0787
7953.05 7.58609 6.68841 32.5717 12.3325 18.8528 9.03658 81.6809 0.020727 12.5346
7559.17 23.2742 42.3227 3.21422 21.635 20.383 7.94193 7.65222 0.0146777 8.40259
7786.91 3.14386 35.0193 2.82698 3.29485 26.1062 16.4724 5.47762 0.0395878 6.67784
7772.88 9.39273 4.54431 20.6687 4.49792 16.4033 15.3033 17.8981 0.0745939 6.03857
7488.7 29.2231 24.0777 2.50091 47.8855 25.5511 16.4756 7.07532 0.031101 11.802
7724.93 21.6212 15.0675 38.0949 2.39166 4.94191 16.4489 4.05599 0.204162 9.34106
7927.94 6.62916 1.32259 13.0102 7.85316 2.33382 4.30777 13.7444 0.00558648 2.42057
7861.31 7.36644 6.71942 1.71247 18.4819 27.6148 5.58454 7.29877 0.00335012 3.5851
7765.23 3.41257 6.12184 8.37151 11.7264 15.566 13.0667 18.4642 0.0723668 5.54028
7871.18 3.61446 4.0308 33.0531 4.39992 2.82122 30.974 12.9288 0.000606757 4.60353
7844.29 4.63304 8.98315 12.6314 10.9958 2.41707 2.10894 16.6893 0.00251343 2.45979
7928.96 14.2318 6.88927 6.43408 32.8174 1.39201 29.6644 24.8845 0.00609001 7.37031
7666.34 15.4851 5.50204 11.9002 24.1337 3.22076 2.68213 6.59721 0.00957102 4.56809
7887.39 12.9132 9.53444 10.5931 27.8944 5.04226 9.33905 1.78371 0.01595 4.52876
7592.45 15.6183 12.9315 27.208 12.26 15.969 9.78208 21.3071 0.00970684 6.72267
7717.4 13.0284 9.96513 23.2674 10.556 15.1029 12.6835 0.941509 0.0327267 5.58408
7992.43 2.46803 15.7132 18.0415 9.2059 8.32775 3.00666 21.0975 0.0277924 5.27567
7990.68 10.7022 9.33203 22.5301 13.476 2.8798 11.1675 4.85457 0.0196537 4.94344
7780.53 10.2601 3.27117 13.7243 34.2211 22.2483 14.8795 14.937 0.00794183 6.25462
7676.8 23.8272 7.98301 19.3604 1.02844 2.13355 11.4995 26.303 0.00480163 6.02198
8043.97 8.63785 4.78096 3.26911 8.03216 0.300857 13.66 0.722422 0.0107245 3.98065
8082.15 13.9548 5.09886 5.29722 6.08171 2.06213 20.7058 10.9845 0.0260379 4.82967
7793.71 5.15716 2.93947 46.0333 6.19991 10.8238 8.61466 5.62215 0.00556541 4.76467
7858.67 12.5193 2.25011 12.4432 13.0484 1.16796 19.0556 4.92087 0.00628436 3.43579
7988.16 2.3396 12.8474 0.398177 7.66622 7.48335 17.6481 2.70743 0.0203025 4.12589
7826.84 2.63853 17.7599 10.7666 12.9996 6.44633 4.78718 2.36058 0.0344812 3.77977
7917.9 3.37822 27.2109 4.44067 12.9996 1.43987 3.31232 0.418149 0.0192462 4.88932
7874.87 4.11613 5.41983 2.19555 17.6193 3.63021 20.5269 13.3791 0.0652345 5.00903
8174.41 1.40972 2.91714 5.65986 5.84902 10.48 15.7698 25.0336 0.115025 7.78414
7800.85 2.71052 6.19645 2.92232 27.5491 12.2813 22.3404 7.81578 0.0536414 5.90299
8029.02 5.59012 24.1383 3.70098 16.5662 16.4068 32.524 39.3693 0.0180665 10.5091
7792.01 2.93461 11.8979 2.5417 12.4978 36.314 24.3705 25.9917 0.0288282 7.86096
7648.81 8.72165 34.0294 14.2703 18.8189 2.30236 17.6482 17.3963 0.0112346 6.71815
7747.56 10.9608 11.9861 2.09296 54.6366 15.7886 22.7823 17.3963 0.012757 8.96338
7836.08 11.1912 21.122 8.18324 35.1235 17.6851 12.3584 3.98138 0.00903926 6.52672
7708.82 1.18373 22.2569 18.3205 20.209 1.93295 16.1395 2.38194 0.0151408 5.84188
7868.1 10.3551 7.60333 4.70686 13.2344 9.24189 7.52959 8.45855 0.041154 3.31895
7701.46 3.964 4.39734 1.13822 6.21504 12.566 22.528 8.28916 0.00642337 5.08872
7847.91 6.22385 1.19936 48.9943 3.86666 3.94886 29.6787 2.99497 0.301154 11.3101
7961.65 0.723448 4.29455 15.941 1.38039 26.6035 14.2214 12.0282 0.370993 10.0807
7876.29 9.81998 9.56033 8.35725 13.1025 7.77896 17.8932 20.458 0.229271 7.25598
7967.42 3.41586 4.94757 8.041 13.1921 9.47177 27.4131 27.5637 0.102874 7.15297
8077.54 9.08956 14.1183 1.1921 7.65197 9.61319 7.01289 18.8823 0.0785442 6.12757
8044.83 8.69212 3.44411 5.06927 8.91651 11.0189 7.74571 1.94589 0.000643051 1.75266
7817.25 7.73563 23.3999 2.61078 20.8831 9.06181 3.41359 6.2858 0.000643051 2.8677
7888.24 22.2951 0.676566 14.3651 9.91503 13.789 15.4605 6.38891 0.100479 6.67678
7928.26 12.0953 3.76448 3.66211 11.2846 8.87657 5.85002 6.49601 0.151788 4.77881
7656.11 26.5105 7.94066 24.2398 8.03837 3.71829 12.9909 13.9838 0.0450572 6.56603
7611.35 1.86637 17.568 7.62582 10.3369 10.9277 5.71716 4.08871 0.118729 7.42937
7619.92 9.1326 37.1366 4.41681 23.0771 5.97973 15.5465 16.8046 0.0479475 7.9241
7660.99 16.0224 3.21397 7.99927 57.9054 10.6988 13.1192 14.5242 0.0908089 9.83118
7801.49 9.35509 4.64562 4.17395 3.20546 23.6543 15.1941 5.01069 0.174438 6.46376
7840.37 6.15033 19.7368 9.52683 11.8843 19.6704 0.754251 3.22331 0.0191768 4.54361
7916.84 7.4402 16.2603 18.331 4.73454 2.3589 5.45888 7.35493 0.00347031 2.62706
7707.3 12.8387 16.9607 21.4125 1.58753 0.63967 20.6015 2.58727 0.00979717 5.62449
7992.89 11.0628 22.4126 23.4283 1.81946 6.23077 25.7796 21.8111 0.019766 8.35424
7931.37 6.43721 12.1659 2.88874 7.37836 0.941272 10.7445 4.91093 0.372617 7.37284
7802.36 3.5704 18.4003 21.2522 19.9898 9.80337 11.6463 25.4263 0.383414 10.8349
7900.48 6.30296 1.19025 30.3475 13.9444 9.78639 28.0076 17.4871 0.13938 9.06593
7978.05 7.23896 9.95369 19.3137 9.04185 4.30767 45.6242 14.8996 0.00651356 6.75661
7543.52 23.5219 47.2963 17.1946 15.4918 24.2509 22.9721 17.6406 0.0702847 12.3471
7657.4 27.1008 13.5249 32.0931 15.2461 19.2211 9.73337 10.1108 0.0689951 8.67924
7728.04 9.97266 30.8671 39.6658 2.31191 14.7342 1.30025 10.1108 0.0158962 7.5494
7696.21 16.1872 13.3675 12.0911 3.80261 20.287 11.8893 6.65095 0.0235682 4.94884
7725.98 3.62299 6.9026 4.68741 8.83732 19.1495 43.1587 1.94042 0.00211914 5.72621
7987.77 5.77965 5.6084 10.0452 6.59279 26.8467 32.8344 6.9986 0.0345017 6.58864
8050.07 12.4839 18.1778 3.15733 12.2197 5.7634 23.0837 23.4067 0.241129 10.2064
7811.78 4.15358 1.57476 5.62681 19.5621 10.6024 6.96463 30.4082 0.0557971 6.00797
7924.01 4.32347 8.16547 10.6603 11.5172 9.48429 1.45564 10.4387 0.204901 5.79534
8063.75 1.62591 4.14609 3.06794 13.3716 14.9495 10.6911 0.245048 0.126116 6.82711
7931.38 5.28448 10.7608 0.298967 30.4305 10.9135 8.38605 12.6714 0.199477 8.34436
7774.55 8.69325 8.6909 18.8817 18.5934 15.7694 13.6399 5.36278 0.168021 7.00183
7842.59 9.60636 6.66056 19.3437 2.83182 20.0237 14.5877 4.14761 0.0947436 5.71332
7870.78 20.6606 7.36396 4.22862 5.38016 15.0687 58.2918 40.6637 0.0163938 10.2498
7709.81 17.2035 4.66534 4.06844 12.8444 8.84552 1.37745 1.97518 0.0687036 5.545
7933.45 11.4344 6.51183 7.76378 6.31403 5.68765 26.9175 6.33091 0.0489759 4.44635
7933.45 33.4026 6.51183 1.86368 2.34043 1.77899 32.0274 12.6326 0.0587981 7.69024
7530.23 11.3154 9.4097 25.4129 19.2469 19.0675 21.3412 54.9509 0.00698701 11.2639
7788.18 1.91009 9.93076 13.1453 20.7765 20.2262 28.8762 16.2804 0.0154061 6.48125
7863.26 9.85537 14.5517 9.38274 26.0411 20.6306 7.38569 13.0894 0.00655676 5.02731
7712.94 2.50834 8.96972 8.42661 17.6151 19.5887 14.1371 16.3304 0.0113704 5.08409
7721.86 12.0712 6.0307 10.981 19.3705 6.94517 46.0737 45.2878 0.0150364 9.54923
7718.68 4.00321 4.74135 10.8136 26.6384 6.69153 7.67736 20.4586 0.0151982 5.04551
7732.24 17.6586 1.04022 7.39342 21.8989 4.32965 26.4467 17.6351 0.00837699 5.93896
7988.05 10.5515 8.35549 19.8128 17.4436 9.69715 25.173 2.20714 0.051526 7.3199
7905.01 10.7588 11.5167 22.8859 39.053 8.77223 22.1726 15.2807 0.0777892 10.4648
7787.26 14.789 3.33659 0.677733 25.6993 1.83639 22.3719 19.4329 0.0186833 6.39944
7839.88 9.96869 4.99957 2.3027 2.0884 23.4201 12.0494 8.06401 0.0164878 3.82527
7828.2 16.4383 8.21475 30.0884 1.19421 27.1579 3.55154 41.5154 0.0390145 9.37981
7729.98 34.943 4.0529 15.9113 10.1605 5.63433 1.88381 17.2179 0.668778 13.6282
7961.31 1.49117 10.7968 6.68543 11.4404 13.547 1.79032 11.5302 0.0434197 4.15363
7838.18 31.4863 8.65772 20.783 11.6943 4.34646 5.18669 15.7827 0.0553175 6.64676
7621.26 2.74065 7.92944 44.0235 20.3328 26.5108 15.6895 17.4096 0.128947 10.9977
7437.84 3.80114 17.2137 64.1157 13.8292 18.5633 11.7793 9.58133 0.0863954 12.2489
7765.25 11.3717 20.1442 4.99185 18.9638 17.4324 0.534431 7.15033 0.292272 8.87285
7614.97 10.3324 45.5608 11.0691 3.47025 15.7673 24.9929 21.7958 0.0847701 10.029
7771.74 18.8543 12.6703 8.46941 17.0093 15.7586 21.4206 18.8649 0.412794 10.8777
7760.87 5.21994 16.6435 3.15577 8.30639 15.7853 21.3584 5.8479 0.196499 7.13994
7584.93 20.4119 31.3251 5.71061 10.327 3.27357 2.85138 18.6098 0.129504 8.89957
8079.26 5.26365 5.13682 1.2237 9.63477 19.9978 14.4897 73.0205 0.105806 11.8777
7773.92 3.93752 10.17 1.71846 9.85388 38.1804 17.5052 21.6402 0.0242373 6.94384
8045.37 5.5032 12.0804 10.924 13.09 8.62814 17.5482 7.31848 0.00399785 3.93169
7839.75 8.46535 3.22534 11.1199 3.95628 14.8007 16.799 8.15733 0.22349 6.44536
7729.12 9.81044 10.8472 44.906 16.0493 13.7328 18.213 9.31892 0.0206352 7.44993
7815.35 5.26094 12.6053 31.5544 11.8895 2.36598 14.075 9.14245 0.00611938 4.32449
7830.82 5.76393 2.86518 17.1061 9.46482 8.99486 31.6795 8.66583 0.233952 7.86141
7949.19 13.2213 1.35534 0.250839 10.5379 3.02003 41.5711 2.67316 0.00816647 6.10676
7727.23 16.4921 29.1696 9.50254 5.153 25.3023 21.7224 20.0193 0.00796138 6.98155
7840.61 19.761 23.509 0.896822 8.19178 21.1774 7.89592 27.3411 0.0584003 7.81851
7812.1 17.0759 1.3453 29.2624 13.5621 17.1468 4.31151 58.897 0.0526684 10.5422
7712.9 16.0759 0.773141 12.1461 23.7006 12.7748 7.86346 3.73525 0.0421806 5.89122
7739.33 18.9516 17.6463 7.42532 17.7017 4.0997 14.8914 17.9048 0.00757876 4.78283
7789.9 1.62944 28.9871 14.082 15.8546 27.6186 14.7631 16.7874 0.0155835 7.2979
7841.11 4.31911 24.0619 14.3632 12.7904 7.67459 14.468 13.151 0.00350561 3.84787
7793.98 0.564529 34.3005 19.6948 18.0281 21.9995 13.7267 9.81751 0.00448961 7.35827
7845.84 12.9848 1.67906 1.24486 15.8528 21.8344 11.3256 9.21876 0.0268443 4.90377
7913.32 20.4735 4.74832 4.83583 18.2595 19.4975 10.162 18.9785 0.0166206 5.4586
7823.05 22.6345 11.0973 18.8648 15.8866 13.4288 23.1215 8.85707 0.0180311 6.39592
7875.96 23.7138 8.53986 3.22593 15.9339 31.6346 5.91557 1.79635 0.0338588 6.58646
7456.34 25.4973 25.9311 38.265 15.8294 3.097 11.106 17.0118 0.115875 11.7716
7763.68 26.8669 22.7964 23.9483 14.9274 2.60091 4.37679 28.4078 0.135321 9.91359
7394.65 48.9154 24.9723 34.112 13.7652 12.2719 0.785827 20.8838 0.111204 14.2562
7645.53 17.3304 23.9333 17.5741 13.0485 7.24209 25.8279 2.29696 0.0420392 7.24782
7916.34 11.4269 1.79879 15.21 36.1592 12.4216 4.95612 5.18969 0.0491119 6.77476
7502.02 16.7348 34.8101 13.7692 14.8132 10.2941 35.8433 23.0464 0.0139579 10.2354
7723.91 12.6207 31.2034 11.1468 18.8433 17.2107 18.822 66.6547 0.0347342 11.9548
7790.21 12.622 25.3337 5.26501 6.71824 6.05379 62.5546 19.6901 0.00700637 8.57383
7883.58 2.56859 19.1454 2.31518 6.29948 5.20051 14.5243 70.5629 0.00114615 7.30674
8288.27 5.47936 3.01978 14.0848 7.29446 6.10161 18.2451 17.6655 0.0485193 9.66692
7960.11 2.483 0.226139 26.3662 18.2643 10.6651 6.83284 35.0051 0.00816664 7.31925
7921.12 11.1315 7.25215 13.1837 16.9601 19.0138 8.44016 1.39419 0.00869788 4.20226
7990.26 9.7056 7.70791 12.3281 3.88531 1.9938 12.7372 26.0424 0.00572439 3.76883
7692.5 3.86556 5.27425 4.71492 39.4356 19.3206 12.7094 3.59617 0.0111604 5.9822
7868.02 5.65693 5.18891 17.0786 17.0102 4.78957 30.1127 0.106984 0.0500341 7.03848
7568.42 25.4664 8.73114 58.5402 6.0798 17.4572 5.82467 4.40842 0.0879019 10.3498
7898.4 4.967 16.0742 4.18218 3.88888 5.77057 9.24371 9.22255 0.0860468 4.05684
7663.87 18.3819 13.8358 8.07356 8.19271 24.3343 10.9304 8.28649 0.0617242 6.35781
7711.6 19.4909 17.1683 8.47951 2.80266 9.6057 24.9936 11.0286 0.0503864 6.24128
7920.43 21.7601 13.1721 31.4767 8.82795 15.6846 6.46492 23.4293 0.0550657 9.18212
7606.65 36.625 51.137 11.4778 4.23122 22.2423 6.78808 9.35706 0.0243053 10.0714
7878.19 19.8756 12.9074 6.16727 8.7989 17.8476 1.64115 5.56231 0.0244254 4.35962
7934.58 23.4172 12.2918 11.6556 9.3594 16.5545 14.8513 5.55327 0.0595182 6.56012
7671.97 21.0165 7.75746 8.05066 23.8319 4.47308 22.8086 6.88658 0.246503 9.06078
7791.54 4.65452 12.2292 6.52193 20.6484 13.3512 10.8532 26.6095 0.0404813 5.70437
7920.1 2.48163 5.23524 2.71904 12.5347 1.59031 24.4264 10.3343 0.156085 6.20347
7719 4.14351 15.7961 9.41729 19.6249 14.5547 11.7699 4.79384 0.303284 8.26866
7848.68 15.0837 3.30255 12.8546 19.586 12.4089 14.5771 4.33059 0.0153307 4.21689
7901.19 3.26242 16.8271 10.2312 19.1307 4.25402 19.681 17.1297 0.00271096 4.07723
7769.52 26.8824 8.32582 31.421 4.05971 16.8955 1.77989 13.7229 0.00305875 5.63981
7560.36 30.6405 10.474 6.80097 7.32521 1.06877 24.0355 14.5687 0.0191716 8.01704
7821.89 19.0935 9.88935 12.4728 8.74538 2.29626 9.01696 26.5116 0.0351626 5.23015
7769.44 3.87398 4.37312 4.70916 32.1471 36.892 18.8826 5.23471 0.160358 9.49338
7837.44 17.4025 3.66137 1.77765 20.875 6.45596 0.448802 15.5567 0.0214652 5.01241
7820.79 6.18965 22.3644 0.836228 10.0471 2.77636 1.63721 11.0161 0.0315887 4.55583
7999.73 5.89867 13.7744 3.30387 17.9867 4.26817 3.12803 10.1492 0.0615156 4.65953
7770.72 3.37226 2.29655 8.25907 7.88352 7.7131 13.8361 10.7726 0.0579683 4.68725
7684.53 4.5809 10.7811 11.5618 6.37099 5.60556 9.81929 12.3218 0.00579403 3.73563
7690.32 15.3507 14.7197 12.9762 8.05612 23.2174 6.67608 10.4115 0.00312113 4.12862
7714.62 19.6179 3.15508 22.2867 19.6512 27.2985 13.2646 1.67656 0.0182776 6.90117
7879.76 2.12463 1.68991 11.5226 14.8438 28.1231 24.8466 47.994 0.0217237 9.07855
7942.61 11.9703 5.42743 9.20284 15.9706 28.6212 10.4306 19.1285 0.22561 9.01427
7768.64 31.0805 16.5007 14.6369 13.4763 22.0225 0.617769 44.1719 0.258688 13.1771
7411.59 4.05527 63.2595 19.1225 22.2269 1.30067 9.22896 13.2253 0.238584 14.5343
7590.82 10.8796 45.2104 3.14629 8.78171 6.01938 17.2188 12.2105 0.11082 8.943
7858.82 2.18074 28.2975 11.1619 25.0521 15.3323 9.4957 5.56137 0.22307 9.15542
7845.34 35.8957 11.7644 17.635 28.7516 0.493862 4.11486 6.30929 0.0392084 8.90427
7999.55 17.0337 0.853932 1.34615 12.2229 2.00949 13.8072 11.202 0.00102511 3.29124
7917.03 37.5009 1.89678 13.556 10.5082 10.7837 0.169335 0.784586 0.0496137 8.28998
8036.56 22.2367 14.8006 12.6289 16.921 0.712473 2.24406 3.06372 0.013011 6.93024
7856.54 2.84309 9.18549 12.03 19.4881 4.03099 2.74994 7.40693 0.0811878 4.58536
7855.66 2.34734 7.77189 17.082 13.2145 24.0372 16.0595 8.41734 0.237532 8.08181
7953.34 3.24427 5.67544 13.6724 0.936649 19.947 17.9582 1.79071 0.123813 6.44773
8025.96 7.09389 8.03582 4.22143 1.24805 21.4984 31.2105 19.3794 0.13501 8.56599
7688.63 4.84903 5.9151 5.72388 18.3785 20.0436 7.58706 9.27016 0.407844 9.48359
8044.06 32.1174 5.62199 1.60269 20.8182 1.78015 6.14664 22.7634 0.310943 11.5064
7891.58 6.78732 2.18176 22.6498 7.63848 6.99692 5.3191 0.590247 0.401043 8.52616
7995.2 5.23914 10.6923 17.9919 0.560864 0.187374 6.00994 5.11041 0.144779 6.99486
7457.03 13.8883 40.1343 6.86717 30.3324 42.0687 6.04179 3.26782 0.115238 12.9742
7537.42 0.551493 35.4655 11.0201 23.8244 11.1234 9.01517 20.1211 0.0963153 10.4989
7625.72 26.9974 46.9734 22.4533 10.9347 19.8566 4.51154 34.4554 0.0508501 12.1676
7626 11.4205 12.9487 17.9321 32.8139 18.6459 8.0133 4.52926 0.0368882 7.13043
7659.64 46.1787 10.5111 9.90337 11.6559 14.2346 19.4073 18.0603 0.0227015 7.95053
7828.09 6.83483 11.8459 0.710311 12.1215 12.3883 15.9855 4.80158 0.0628728 4.95579
7750.72 5.85317 26.9074 6.49067 11.6218 13.6947 13.8801 13.5361 7.71599e-06 2.85312
7958.39 19.6349 22.2583 4.83413 11.3059 14.1665 8.24799 6.16882 0.00314195 4.68837
7745.97 3.08273 1.85727 5.56569 23.763 7.48047 19.9734 6.53923 0.0431604 5.58869
7890.58 20.6746 5.81966 21.5192 21.1141 3.2806 10.4042 9.50858 0.00736039 5.0442
7679.63 16.2496 14.3564 35.8582 18.2202 18.4935 2.27493 22.7798 0.0103465 7.66401
7634.07 34.7456 11.6422 8.14729 1.47 5.48285 41.9033 12.7917 0.118772 10.2657
7787.9 6.8886 16.746 10.7535 20.1737 1.632 4.75422 28.292 0.0149681 5.20071
7777.02 0.619301 27.4149 14.8303 11.9056 6.53118 9.44164 23.5478 0.0817804 7.27927
7872.24 10.8089 21.8413 31.6978 3.46267 7.71343 13.7846 12.0198 0.0899899 7.6405
7836.6 10.4027 22.4005 38.7875 12.4888 9.11628 13.6446 2.22924 0.0869595 8.81227
7763.12 10.1194 8.22372 12.9611 18.6972 21.3412 3.38912 4.97082 0.0866241 5.75763
7942.23 11.6532 1.21619 12.5763 12.3904 9.29691 29.4511 1.72951 0.0133906 5.02783
7881.41 3.01937 9.95642 3.91949 6.03298 7.85045 11.5476 19.3851 0.0485144 4.00193
8001.77 7.3199 1.67466 7.19359 16.6042 15.8342 2.00276 3.31247 0.00700216 3.33151
7882.88 0.875794 14.0225 4.60739 12.9308 30.682 47.3876 3.31247 0.00834058 8.00731
7841.85 14.8046 3.19589 6.7871 5.60019 16.473 16.7842 31.8717 0.0216565 5.47156
7773.88 10.7793 7.83761 8.55083 1.63476 17.9944 19.9174 6.72777 0.0205859 4.42519
7799.55 7.20886 11.353 7.64114 14.4758 14.5957 20.0892 27.116 0.0368436 5.91556
7772.21 10.2684 3.2686 4.91965 9.23374 2.53055 34.0168 42.7375 0.0344392 8.077
7987.34 9.20094 1.85025 21.9073 11.8163 1.98266 20.2736 9.50029 0.321597 9.15759
7871.99 12.7401 5.28388 8.69142 1.67927 0.362106 17.7708 21.433 0.688867 13.1194
7840.71 19.8307 0.449096 24.7977 15.0282 10.5067 13.9404 15.0828 0.120661 8.20185
7728.11 14.1164 0.648488 25.1121 15.7571 3.50855 33.9451 13.3349 0.262413 10.6777
7920.86 1.73851 38.7661 4.49368 6.36786 5.49696 37.4013 11.3776 0.00749248 7.10319
7724.56 1.97803 19.1391 34.842 9.21426 8.45072 58.0429 13.6074 0.127417 12.0167
7766.53 19.6864 10.2237 11.5339 47.2412 10.2386 9.64702 14.9881 0.200456 10.4001
7657.32 9.8676 13.9824 10.1889 16.7485 7.88639 13.0281 24.8905 0.0826365 7.1969
7879.21 20.1804 6.02328 10.8848 12.3573 10.4521 8.12853 8.00864 0.029608 3.99041
7950.51 20.3374 6.02328 3.24557 22.4953 7.96736 6.1916 4.41541 0.00854165 3.95497
7805.58 19.7389 1.60281 1.21939 8.22943 9.99964 8.31303 22.3782 0.0413592 5.44134
7814.23 23.7506 2.35362 7.30559 4.06323 9.99964 10.4851 36.5619 0.0356164 6.24194
7679.71 21.776 28.2012 26.7858 2.62665 7.99856 18.2408 8.84889 0.0245091 7.17346
7802.42 27.9896 27.282 18.39 4.13026 10.662 14.123 14.3217 0.130525 8.99943
7702.07 26.7415 12.6501 5.67509 12.6995 1.57262 9.83111 23.8229 0.0422702 6.4836
7711.68 31.393 14.0357 15.2403 13.8707 10.7953 1.10083 44.8098 0.000650145 7.25689
8027.69 2.86189 8.37203 3.71622 6.15172 13.5572 2.87583 16.4941 0.00199953 2.30865
7942.77 11.6868 2.74468 4.28111 4.15918 13.5994 4.90638 18.6632 0.0309353 3.65797
7928.1 10.794 3.23106 4.44568 6.20225 23.2017 30.9933 16.8591 0.0505897 6.5073
7847.25 3.52073 5.95192 6.5998 5.31638 23.0245 19.2486 10.816 0.0371744 4.61329
7782.27 25.1818 11.1402 9.21907 7.54588 16.2775 20.2441 9.2554 0.0257662 5.37138
7738.27 29.0182 2.81507 15.1275 23.493 6.42941 14.4289 39.1488 0.190258 10.7899
7721.47 0.332606 20.8047 13.082 11.7533 8.54384 16.8922 17.7923 0.0568758 7.00758
7848.07 8.33336 2.32654 26.6283 12.2908 3.7827 6.83041 5.77322 0.0881929 5.20295
7877.81 2.5536 2.05218 15.8646 24.1873 2.4656 7.21089 14.1009 0.0202086 4.39699
7874.38 7.5282 8.41056 18.3532 27.8094 7.25286 11.766 18.4225 0.0240957 5.67505
7869.92 6.13037 8.98869 15.133 14.5782 13.6298 14.5726 43.499 0.00924119 6.15657
7515.34 3.3879 0.00770498 38.4351 23.0736 10.8245 15.8246 9.4548 0.0312073 12.0572
8030.91 3.3879 13.8922 1.35552 13.9468 6.78522 25.8799 7.10837 0.00374127 4.22706
7988.64 19.0355 7.74753 5.91606 9.59082 4.3617 23.1646 4.61416 0.00691105 3.99682
7977.19 6.54502 4.17234 42.3285 12.3325 6.70753 0.71263 5.54014 0.00255216 5.8497
7836.28 3.35694 10.2001 40.1883 10.5281 4.93318 8.45551 16.8692 0.00168726 4.54862
7857.01 14.6436 11.3461 7.18122 29.3886 2.6039 17.77 23.3425 0.00168726 5.12433
7738.16 23.1335 11.4523 27.6027 11.3141 6.2329 29.4065 25.3709 0.00304903 7.07908
7710.56 13.4532 4.79136 14.3669 8.71069 3.10158 22.88 37.4603 0.0229589 7.0632
7586.31 28.9506 21.435 20.5604 11.6355 12.1659 15.1244 38.4088 0.0140383 9.17674
7699.65 36.6116 10.2426 8.22103 18.0041 14.8699 0.277329 28.791 0.083579 9.59084
7651.23 31.4079 8.27245 9.04758 11.1948 12.2835 6.60063 35.8484 0.0386457 7.77077
7647.55 8.78211 22.1595 12.0145 10.5461 13.0959 15.7286 12.9454 0.0352728 6.00304
7628.25 18.3937 15.236 1.55803 9.07211 3.38476 11.4112 26.8985 0.0650058 7.94867
7678.34 4.60066 14.7514 7.45847 15.582 19.8675 14.1129 21.0948 0.00121046 4.77252
7718.68 3.27788 13.7889 3.69202 14.9659 8.30549 36.8804 18.2824 0.00593627 5.98054
7890.11 37.3097 14.6056 7.11129 2.82146 8.55967 33.5287 22.8166 0.237163 11.5756
7866.55 2.93987 19.2968 7.45057 1.16974 66.3754 3.39316 26.3123 0.169551 12.6939
7878.45 1.65902 50.7285 13.3213 2.04934 11.9209 23.2669 0.850066 0.0338493 9.32708
7882.01 2.1217 10.3567 10.9716 1.88772 11.4909 25.1844 8.85453 0.0774137 5.42188
7901.24 10.5286 17.0973 6.0608 0.793778 12.5393 27.0176 32.4877 0.107475 8.48713
7802.44 3.99703 6.61868 9.75936 11.2295 9.58916 10.492 12.331 0.158196 5.49263
7895.18 12.5091 3.46214 19.0698 8.50385 8.87763 3.81117 4.61604 0.20779 6.04462
7963.37 3.82156 12.845 7.66682 9.26636 35.357 4.65968 8.42516 0.0514363 6.05885
7669.43 3.87069 30.7255 13.3406 16.3419 24.5398 16.742 17.9828 0.00582267 6.81317
7694.48 6.81844 16.1378 19.377 7.54352 7.03739 18.1192 9.41468 0.0141513 4.60266
7706.33 5.78871 30.0838 16.6891 2.32128 8.81985 16.4321 19.289 0.0367132 6.51628
7670.04 5.7632 12.7993 19.4561 15.85 28.6861 28.5841 6.49697 0.012833 7.06227
7730.93 20.1995 9.84777 19.5677 2.56819 10.6132 9.45152 15.0377 0.0528241 5.66391
7660 11.141 11.9486 17.4897 23.0983 4.38467 6.3355 3.69795 0.00339257 4.07694
7702.12 10.1001 9.51994 13.6167 20.5779 1.66752 4.27823 0.7969 0.0566049 5.79396
7935.82 2.89937 31.858 19.4814 8.59014 2.2451 4.73906 22.1716 0.0620111 7.50553
7744.71 20.6499 31.156 11.7092 8.83017 6.1291 3.79941 18.3141 0.00567158 5.10591
7784.01 15.5219 3.71752 2.59653 28.4706 4.82919 4.28198 2.6742 0.204803 7.11202
7745.16 2.04451 4.25597 6.29535 23.2631 25.96 16.6716 15.9956 0.0974694 7.63641
7763.14 13.0783 36.3036 3.8975 12.3468 8.41464 2.68258 20.7155 0.0177295 5.82497
7801.82 15.772 22.9994 2.30946 3.96287 7.95026 5.82928 5.89424 0.0676322 4.84538
7633.07 48.2798 24.6827 6.15465 24.3444 8.97047 10.5804 13.3508 0.23944 11.8538
7774.13 32.601 10.4388 15.5338 0.763171 5.66679 10.2996 11.9174 0.0212154 5.5502
7745.16 3.69135 15.9299 7.2782 7.77784 6.40812 1.01281 2.57862 0.0178554 3.81218
7911.33 3.99027 2.48529 4.47153 5.96582 5.66228 0.586771 1.62851 0.00207085 1.96669
7910.9 11.7383 28.4988 1.13795 15.1112 8.41657 17.9218 18.4151 0.000264877 4.90265
7931.86 3.50288 36.251 3.424 6.66357 8.76914 35.2116 2.71132 0.000264877 5.55512
7877.9 3.50288 32.2976 8.40851 5.24348 6.52268 23.0843 2.71132 0.000414849 3.70416
7861.19 7.42277 29.8693 0.326861 13.0139 14.7622 30.1662 14.6438 0.012214 7.33615
7896.59 23.4585 20.2773 19.2475 1.54505 18.6195 29.7844 17.0187 0.0260402 9.28811
7852.15 21.0021 11.9682 18.7348 2.56044 7.12627 26.6125 13.9975 0.0859315 7.22147
7969.25 7.37531 3.53539 3.25224 13.7653 8.86715 10.8148 5.02892 0.0958895 4.29401
8003.64 11.1786 4.06637 22.1785 1.77863 5.68531 2.3317 5.59593 0.03854 4.48735
7769.38 4.2295 2.77521 0.452523 12.5146 7.40897 20.4881 23.9782 0.0955518 7.53364
7872.02 6.54919 12.7009 11.3925 10.3092 14.7582 12.3482 10.301 0.136558 5.63274
7841.37 1.22225 4.39274 4.95172 17.6143 1.78358 6.85996 0.17149 0.0403534 5.18149
7833.9 8.52296 34.7343 20.7981 24.6979 13.4735 13.9138 7.02503 0.0355324 8.73915
7860.14 18.4707 34.6732 9.7044 11.0769 18.2721 15.5261 7.99758 0.0459814 8.08936
7926.6 1.13384 4.09168 10.5563 7.34548 3.81413 0.658142 4.21339 0.0492091 3.87306
7606.69 1.32539 12.9426 5.82966 19.3454 4.31612 2.32143 12.9368 0.0489533 7.34894
7799.66 1.28078 8.11187 8.43318 30.1126 10.6362 20.1802 32.3644 0.0044959 6.27421
7953.42 0.0693393 6.61849 5.48167 17.9699 10.3553 0.924148 15.2509 0.0171298 5.28726
8105.31 7.4379 6.02421 5.42785 14.4519 8.84159 20.1817 6.60697 0.0220247 5.10461
7783.03 5.33266 2.55113 11.3272 11.5134 4.91453 2.36973 19.8559 0.0364836 4.50292
7917.41 15.9884 13.0459 9.97612 8.54697 16.8557 10.2127 28.7932 0.0379297 6.19296
8056.72 11.3756 4.63854 11.5828 11.4744 5.05546 8.13911 7.93029 0.00791714 3.30521
8030.92 3.62905 3.76228 3.57913 0.474514 19.8609 28.3388 16.2863 0.0210471 5.98226
7920.44 7.86567 1.08096 6.29991 7.41896 26.97 25.3905 16.0182 0.0203718 5.74138
7637.48 8.30919 38.8239 14.4839 13.4409 4.18452 26.6165 10.7217 0.0155301 7.14629
7835.41 11.1739 34.8865 22.6227 1.3439 17.7254 27.9078 1.4741 0.0127387 8.5169
7708.51 5.59809 0.428506 24.4064 21.9101 10.3513 2.60088 5.24999 0.0492964 6.50178
7732.19 20.1209 22.2654 5.99697 11.5181 11.3956 5.2524 11.0818 0.180013 7.18722
7677.16 17.0879 6.5526 20.958 8.25455 22.4878 41.5644 15.5022 0.0945665 9.78284
7783.93 18.6044 20.9048 9.7417 9.40157 45.3398 9.23831 16.8076 0.152359 10.3565
7463.26 4.37144 33.0689 10.5136 40.1836 46.4874 36.4512 10.5366 0.115841 16.0676
7655.29 19.0968 6.72184 17.6147 7.89967 4.70605 15.409 36.3898 0.112987 8.85866
7673.8 0.605522 30.7696 18.817 6.27157 10.1156 7.34072 64.0041 0.0473029 11.1366
7519.56 3.65415 8.99782 42.0662 25.8483 35.3738 5.69744 15.3161 0.0201349 10.3731
7746.88 19.9292 33.8476 24.0111 3.13307 11.9559 14.1022 24.5819 0.0321721 8.54974
7740.77 7.1211 8.50413 30.3318 18.0762 34.0422 8.53533 17.3699 0.0522126 8.35348
7808.18 16.6715 10.1291 1.8771 5.60891 1.25217 19.4855 31.8251 0.0261251 6.11873
7842.09 12.0224 5.32109 2.42128 26.3442 10.3992 1.98782 21.4532 0.0649558 5.94588
7888.78 4.90475 5.12205 11.1754 44.6417 13.7743 15.6407 12.8634 0.00724199 6.4535
7651.47 9.13153 10.4572 2.72166 11.1342 3.33054 4.63094 8.40959 0.0386838 5.45244
7772.52 8.34926 3.12101 10.2739 5.20812 9.98898 19.4493 3.19223 0.0235971 3.93496
8024.59 8.15922 0.747549 28.3201 6.14476 1.89276 12.3115 9.43949 0.0422654 6.03935
7942.86 12.2258 3.48811 26.0285 12.3433 1.50285 11.5312 8.94161 0.0416372 5.44823
7916.14 1.51918 1.57657 7.65641 9.68136 4.47901 7.2009 5.70329 0.0308649 3.02133
7945.08 22.9302 10.3074 4.72877 15.5464 5.12415 4.94 24.7518 0.0171686 5.23554
7963.08 3.73185 0.488139 6.81372 0.806551 15.5212 48.4607 15.9706 0.0045543 6.84144
7828.53 12.0101 22.6461 1.54901 10.1361 9.33281 6.86729 7.91285 0.194448 6.52209
7848.32 2.97086 5.73459 0.53763 21.9122 0.27069 5.07879 6.66657 0.329371 8.84742
7938.22 12.4458 1.1368 22.1553 13.7798 3.46055 5.93061 5.89971 0.308138 8.02076
7947.36 2.12024 4.56076 4.85207 6.02976 15.749 80.9063 2.35716 0.103186 11.2587
8170.73 2.12024 0.433091 5.19836 8.75018 22.1625 59.7131 2.63522 0.0866845 12.8896
7447.29 12.5908 18.4793 1.40965 2.12885 11.447 59.6024 9.8759 0.0842076 14.7182
7773.17 13.4201 20.6809 12.6159 2.42468 5.43002 8.02269 13.0663 0.0901464 5.52936
7728.37 17.0974 4.85969 31.7185 15.6673 4.79802 22.5434 34.2958 0.00585654 7.39187
7758.41 13.8886 2.41162 14.7299 8.57055 3.53375 7.32834 34.79 0.0150019 5.37748
7799.3 13.5555 32.3796 11.8196 14.7243 19.2653 2.38877 7.06581 0.00368792 5.34574
7753.75 21.634 0.421045 33.7135 25.9426 18.029 13.8785 49.9505 0.0356643 12.3669
7766.35 6.74698 11.0898 16.1624 0.787306 13.5477 32.57 2.21353 0.05394 6.69395
7964.66 13.8817 0.994851 8.6294 3.0563 16.5295 15.21 1.06588 0.0335161 4.83481
7882.38 10.7451 2.36297 13.9409 18.5916 6.20503 3.19012 7.10392 0.0760381 4.64645
7910.9 5.05111 2.45815 30.1811 7.25061 1.97129 1.20436 5.94725 0.0424238 4.84806
7964.86 4.8988 4.35167 23.404 6.82536 18.5799 23.1367 13.3947 0.0187061 5.76958
8067.08 20.4327 3.37063 22.7742 0.502301 31.7719 11.6023 35.6529 0.0235555 11.7403
7794.92 3.92812 24.4619 7.01977 8.76777 4.20984 4.04465 24.9415 0.0322602 4.96631
8032.34 9.28972 2.45083 7.09671 12.8627 7.23375 6.21328 17.1741 0.0745543 4.85969
7874.54 18.0123 6.55744 15.4483 0.799062 17.9234 2.04409 11.896 0.0268529 4.93749
7933.37 1.14941 24.7456 15.2096 7.70557 12.1304 13.4288 7.99278 0.0894543 6.60774
7512.51 16.5948 37.3948 18.7254 13.299 7.43877 28.8906 21.9573 0.0115763 9.50891
8009.94 25.0664 16.7442 3.91419 1.08209 2.6275 1.82473 47.5623 0.146631 10.5025
7919.11 1.17187 16.1547 17.6584 9.22352 6.0117 25.4467 16.7048 0.227936 8.73069
7605.28 13.7719 7.17942 7.98755 14.4638 5.07976 59.8407 7.77527 0.17904 11.5191
7537.84 12.4177 5.8982 8.45921 18.014 27.1964 32.1495 23.0407 0.0592875 10.8864
7953.53 6.34714 12.3339 4.64807 16.6548 47.3698 4.60472 8.63668 0.0202519 7.31689
7909.83 7.07208 10.9869 1.22152 13.1556 25.7904 6.89664 35.5097 0.00748 5.78862
8038.79 5.37368 16.4152 14.7471 6.18364 6.84043 15.7195 31.5721 0.0598024 7.38788
7961.8 7.78434 19.6435 10.4418 6.57368 34.15 12.6605 36.7028 0.00581846 8.00966
7959.64 13.8951 23.0283 7.99295 7.03901 16.4801 10.6319 7.48472 0.0303502 5.56501
8004.87 12.065 3.35478 8.0745 11.3186 8.59951 21.2867 15.2445 0.115592 6.33193
7929.45 11.9451 13.6814 5.00412 2.70171 17.0856 23.2707 8.72518 0.00122478 3.40507
7793.85 14.357 28.6782 15.3187 1.27685 12.6559 6.10724 7.42433 0.00025645 3.55753
7767.75 12.2711 35.0833 12.7984 6.75168 7.36447 9.96975 4.00459 0.00025645 3.40638
7837.21 11.4988 15.0308 10.038 4.91083 27.6359 12.7556 1.81322 0.00025645 3.27302
7979.87 1.01044 11.2531 28.3335 14.0436 9.38732 15.9496 6.69299 0.00025645 4.58539
7804.13 30.703 5.40263 9.41723 15.164 21.7213 5.79785 38.1822 0.0169397 7.62873
7815.96 18.52 7.53586 18.3664 23.8723 9.44482 5.57419 27.5132 0.0315034 6.6367
7949.87 16.3379 16.7804 8.40523 10.191 15.1136 5.5421 23.976 0.0115002 5.31235
7978.63 8.94786 8.9992 8.27001 7.27714 12.3949 6.03708 12.2875 0.102835 4.71833
7888.75 8.87891 20.1633 8.54222 7.54704 18.785 1.97952 14.4527 0.205971 7.25136
7579.02 8.58106 46.0185 15.5257 22.3072 34.4146 9.53214 46.0402 0.22339 15.7332
7641.98 11.0799 16.92 6.49347 10.4602 11.2712 6.45941 23.5727 0.207952 8.53177
7672.73 2.39721 5.62604 58.212 27.3441 19.2459 10.6174 1.92773 0.266392 12.8709
7649.23 21.2646 3.1489 18.4247 11.7702 40.2291 9.79505 1.98189 0.0378323 7.97475
7784.49 19.7646 15.2379 4.78719 0.366018 27.453 6.26635 4.49996 0.134244 7.59343
7792.39 2.52941 6.69668 10.8125 2.26264 19.7047 5.94393 3.98837 0.20935 6.45737
7823.42 22.8041 18.1826 15.3207 11.5258 7.41088 11.8163 26.33 0.0776697 7.49386
7785.96 2.76059 12.5373 17.7977 7.8994 29.6429 12.8772 47.4503 0.0976994 9.79544
7863.44 7.29596 4.90322 5.3543 3.46333 21.7458 4.50054 25.6275 0.0342101 4.69499
7751.93 20.1204 7.05092 11.0267 3.51896 12.4691 8.97779 16.6069 0.00245688 3.32606
7722.14 25.3318 17.5358 13.5282 5.74523 9.13096 3.61891 6.93025 0.00462963 3.81379
7598.67 26.3741 65.385 1.05828 6.4257 5.50076 27.6989 10.4736 0.000990615 9.53976
7719.79 18.776 41.3136 10.0599 7.87303 4.03697 51.5685 18.1056 0.00450054 9.46984
7782.39 12.6767 11.543 13.5369 19.1622 1.23029 38.1104 16.5259 0.00291967 6.02737
7651.92 8.67036 37.3248 12.6467 14.6926 4.41992 7.08856 16.856 0.00112202 4.94108
7794.63 24.8651 2.20392 1.25601 7.62808 3.97691 7.18802 23.9672 0.0148092 4.91107
7786.49 38.225 2.53517 2.13791 9.98878 3.16166 10.5598 19.227 0.00146459 4.54026
7880.78 19.5348 24.1228 7.00244 26.5788 4.73513 5.59776 11.8298 0.0735537 7.49443
7876.44 29.8953 9.96921 3.4629 26.1754 18.6527 8.70296 11.024 0.0339821 7.3565
7836.1 21.151 1.69112 11.5467 9.67561 39.9002 20.2577 3.41782 0.102255 8.84041
7974.21 11.0223 3.69359 4.15861 4.52302 1.34885 7.04776 6.97831 0.0750563 3.73552
7833.21 10.7382 7.00912 9.34464 24.6613 3.2747 30.0176 17.5151 0.0338423 6.27071
7712.49 15.6586 34.9652 2.92786 5.89986 16.5242 7.64625 22.0181 0.0614101 7.35825
7766.19 4.11052 12.0564 12.2378 19.5462 58.4951 11.9355 39.2975 0.101729 12.5928
8015.62 3.10225 14.8599 14.3722 19.5601 7.43021 6.9441 37.4493 0.110447 8.90482
7994.08 21.2605 19.6661 12.7506 8.82742 18.8347 40.6175 16.113 0.0347443 11.1072
7908.41 9.37888 5.34729 10.8352 13.1714 48.4777 13.9557 11.4129 0.00441122 6.62906
7628.39 10.0935 22.569 12.1985 32.9441 22.1694 30.7111 18.2506 0.00870455 9.01003
7788.45 23.3178 11.0485 8.05466 10.8163 1.30022 10.3094 4.48555 0.0193674 4.04443
7913.12 11.1455 2.43548 3.71966 9.20785 40.1392 6.00923 6.99046 0.00803619 4.6927
7706.95 11.7729 14.7492 2.35979 1.87749 1.73457 5.72782 17.0656 0.0125552 4.90009
7797.66 3.02073 13.0308 27.3524 7.79649 15.4779 9.89102 24.8351 0.0655789 6.73472
7903.96 3.02073 2.8604 6.60451 10.3316 10.281 16.5371 23.6623 0.0222614 4.15654
7639.22 37.9389 4.34832 15.3218 8.87532 8.51336 24.6748 29.4834 0.0592718 9.27768
7525.86 31.0007 30.8816 7.22963 8.39959 13.4327 15.7153 4.71773 0.109276 9.54203
8144.2 13.0321 13.444 8.79905 4.38591 2.10535 14.0746 4.71773 0.147249 7.90133
7966.38 16.3803 13.4717 3.71868 36.3831 6.90287 8.24706 4.01147 0.106886 8.23269
8063.03 1.65306 11.5427 5.46731 27.6847 3.44322 6.78173 4.80428 0.108898 6.9016
7622.69 31.0393 4.63172 18.0847 13.9746 7.49213 28.3104 13.0652 0.0075589 6.86472
7621.77 27.5931 22.2386 10.5336 43.9768 20.4774 9.82359 17.3145 0.0157051 9.85426
7701.22 12.6069 18.0889 24.4182 2.79944 7.95465 21.1567 18.3169 0.00793502 5.65423
7781.6 13.4494 15.7457 32.4235 6.53462 18.5432 4.8819 22.8059 0.0127845 6.41013
7735.16 7.16304 5.71492 13.3267 10.3791 41.8586 17.013 18.7323 0.0213649 7.07156
7727.73 2.83467 10.8478 45.2874 6.7443 16.0894 11.3043 23.3785 0.0180306 7.22763
7647.17 14.2791 4.97448 23.6769 8.83291 20.7988 26.365 9.32079 0.0110781 6.44725
7800.31 9.79072 10.4242 0.0671146 0.651373 0.691249 0.730923 7.88245 0.0166778 6.41464
7903.59 6.00996 52.0928 0.533957 5.13742 12.9935 1.81367 3.75254 0.00197816 6.51112
7705.55 0.141548 31.9528 13.8151 14.2455 14.0231 7.95473 25.0783 0.0599301 8.74676
7608.28 3.15157 6.69731 15.7134 15.8955 14.0967 3.16017 2.57638 0.00930676 5.46603
7945.88 2.45776 0.580291 8.25182 18.2972 18.6436 1.85501 21.7858 0.0597827 6.29575
7846.02 5.94758 14.8332 21.0061 7.33229 3.50592 4.00716 24.6777 0.0363629 5.00416
7639.07 15.6883 15.9853 9.47857 3.69888 13.1741 11.0681 9.70939 0.0629248 6.15911
7591.3 1.22985 15.5564 31.171 4.75313 11.5889 9.84728 18.7447 0.219863 10.2066
7795.16 16.7289 6.19927 18.7168 36.722 21.4765 16.3057 10.019 0.1298 9.85912
7957.05 15.2387 11.5262 6.04444 22.1085 11.5011 8.04153 13.2048 0.0616984 6.04061
7909.67 20.3545 35.7335 3.81429 1.03324 12.1521 1.49228 14.5218 0.0753368 8.18203
7928.55 20.9631 32.5731 3.58146 15.1704 10.4354 7.91756 5.63515 0.0220525 6.95934
8064.57 21.7399 22.3395 3.57162 11.7553 10.5756 3.8599 10.8767 0.0812555 8.48907
7638.73 18.5327 24.5841 8.44664 3.18704 8.67296 8.93832 10.7003 0.0347383 5.79107
7893.26 18.1846 10.1576 3.4604 13.2503 4.79592 8.95437 0.519372 0.171548 6.37414
7892.46 12.994 2.86698 8.28304 14.3066 8.27847 13.7116 0.822984 0.0208836 3.7906
7895.98 5.32375 11.9908 10.2636 2.80995 17.4989 3.40911 15.7249 0.108452 5.25592
7906.27 1.2844 4.92853 20.09 7.00788 23.6723 7.98961 1.47746 0.0143388 4.42581
8000.83 9.91478 3.15086 0.906642 6.71951 4.74846 19.9338 28.6128 0.0117584 4.7031
7943.07 9.49125 1.25252 8.59663 1.67752 10.6784 6.50438 5.6519 0.0697271 3.97923
7923.08 8.07886 9.91983 7.97795 14.0366 0.0396039 37.8543 8.13459 0.154382 9.30929
7738.09 12.7189 7.5746 20.4212 12.3804 7.28062 36.6636 14.5926 0.205715 9.18378
7591.42 10.5837 14.8017 19.3761 20.0317 4.1343 4.58667 6.62785 0.0498844 6.53615
7717.77 3.09402 3.30665 13.6462 30.059 29.5688 4.58667 6.02144 0.00152349 5.07664
7643.91 11.9594 8.25383 38.0313 21.6727 26.0463 14.3283 3.15402 0.00548122 7.33977
7813.3 4.65296 7.90254 6.84568 20.6871 5.56475 0.585989 3.78452 0.00338061 2.86184
7825.26 12.5416 13.6157 2.71143 20.7714 6.44012 2.41548 10.1325 0.000918623 2.57145
7828.85 9.00097 18.1172 14.926 12.4633 31.1881 4.77684 0.431866 0.0867415 7.68917
7773.75 7.22701 0.938382 16.1888 8.07878 28.2227 5.99765 11.9745 0.0663883 6.14611
7795.44 15.1356 7.77727 13.2126 21.9634 15.2454 3.80645 72.3391 0.0754802 11.0089
7919.66 8.00936 10.4059 17.5674 19.0459 4.60426 9.16777 15.9324 0.0368151 5.01725
7948.69 15.528 11.5612 13.4194 15.7472 12.9653 6.51411 17.6619 0.00384477 4.5071
7907.03 9.0606 8.48671 5.53573 0.434126 3.76092 15.6225 13.582 0.0166816 3.65905
7883.97 12.1047 9.10472 3.89345 34.5693 3.35662 18.6876 54.6627 0.011154 8.83912
7825.68 7.93343 7.59237 14.4579 9.08394 13.7594 10.0365 31.829 0.00354827 4.06009
7760.84 16.4646 18.6027 18.7358 9.58582 8.94175 14.7395 51.2994 0.00205881 7.16829
7762.48 17.8165 2.43661 4.52505 10.2217 39.7082 17.1013 13.1731 0.0937164 8.10634
7765.67 5.96629 13.5003 16.4372 27.757 12.1763 9.55687 60.3964 0.00430807 8.43214
7617.82 3.39889 17.5375 18.7561 15.9782 5.05771 61.3326 53.9365 0.0434369 13.897
7740.11 66.5843 13.421 6.25163 4.83471 8.36363 24.4239 8.80535 0.0578895 10.2283
7749.81 26.4764 10.3604 3.38626 6.08576 3.89504 40.4299 11.2458 0.0589888 7.44495
7759.28 6.88825 10.7405 9.54905 12.5349 14.6444 12.5123 11.8221 0.0356151 4.38146
8081.45 5.29494 1.47479 17.1867 7.53651 6.43485 0.743286 4.26447 0.0925446 5.81004
7906.46 7.60718 9.51879 4.87297 7.682 17.6504 3.43331 13.0803 0.0185274 3.12687
7803.24 1.07921 8.22968 7.32714 6.32808 13.7197 6.1468 17.8078 0.0185274 3.91927
7643.88 13.3552 24.9944 24.45 27.4648 35.1732 6.65415 14.9387 0.00249367 8.57942
7395.99 49.07 8.53881 19.7074 36.9758 24.4457 5.89754 14.4179 0.033719 12.7291
7881.7 16.2735 6.01183 19.6492 24.9907 6.87147 5.89754 13.3561 0.00573507 4.6883
7725.06 7.10627 29.0212 3.1026 24.6037 12.1691 27.4984 14.1097 0.00654251 6.52763
7889.85 9.34381 3.70197 4.67205 18.0541 15.618 16.8151 12.9308 0.0594967 5.13896
7904.05 4.41395 15.8803 2.06003 12.4059 11.4191 6.86278 5.33732 0.153202 5.36389
7684.64 9.43457 0.787018 22.0897 2.25057 8.94966 3.07332 14.2716 0.0290263 5.9934
7859.41 6.71138 36.3272 22.7541 15.5849 6.27815 9.33884 15.4071 0.157521 9.55751
7779.13 5.54105 15.3044 9.99827 20.2449 16.5389 20.1514 24.7463 0.0151686 6.00213
7994.12 6.32089 12.2589 9.53908 16.7779 2.77577 16.9943 24.8366 0.00134784 4.23018
8074.85 14.0249 13.0728 6.70806 15.7674 6.61681 5.94538 4.93182 0.00865115 4.68336
7445.64 37.9461 23.6436 15.4941 13.2685 5.50369 11.3491 17.9102 0.113562 11.3026
7916.33 2.75325 17.8371 1.25961 8.07087 8.56003 25.7512 9.18994 0.0528349 5.34949
7822.35 2.75325 40.2574 14.4046 11.4602 29.4513 0.339518 17.1255 0.136761 11.0064
7654.82 22.7808 16.5382 4.50941 8.81165 8.6033 14.7451 8.05675 0.00874236 4.67737
7872.91 17.8079 10.5149 15.561 3.33894 35.2877 9.54286 3.42744 0.0634473 7.06915
7730.28 15.0025 3.87942 40.8074 8.16413 2.91904 8.28358 10.0357 0.0857665 6.9017
7952.51 4.84989 5.10084 17.8518 18.1299 16.7519 7.98288 31.4139 0.208426 9.11611
7704.12 11.3446 10.1354 26.8681 14.2475 15.9998 11.9656 17.4524 0.00371566 5.03039
7692.35 0.63963 11.8501 23.6203 9.69472 13.5363 11.3521 43.5125 0.00670604 7.58343
7704.65 12.3851 8.18861 7.09384 18.9138 16.6807 40.8338 54.4829 0.115243 12.3579
7816.29 5.9741 0.968368 5.59437 8.41376 18.8082 5.09669 26.7438 0.0691508 5.98957
7906.44 7.00832 24.0806 14.1694 6.74284 19.4893 5.45699 37.275 0.0134183 6.79922
7924.48 1.65225 23.3773 2.22552 13.5988 9.10299 18.746 27.4295 0.0145481 5.93229
8024.37 1.36223 26.7082 14.2926 4.04559 3.46191 16.1208 52.533 0.0460099 10.0086
7729.14 9.61491 14.0613 15.7323 12.3254 13.0679 15.3887 21.1045 0.00665668 4.69753
7872.2 17.8162 4.47878 11.8787 2.02248 15.7892 9.52219 15.3993 0.00704557 3.54883
7749.33 12.5076 14.2203 3.10091 18.3192 23.3328 23.26 15.2545 0.013763 6.07758
7871.61 1.42817 14.1972 7.42896 18.2151 17.8096 13.685 15.355 0.00023382 3.32449
7834.85 12.4274 26.7861 24.8726 2.54064 9.58533 10.9601 25.3605 0.0241048 6.97014
7887.97 24.6169 7.57866 28.321 5.02122 10.7526 14.7521 7.20698 0.0447453 6.70268
7563.06 21.6463 2.20131 18.2427 9.57122 1.7359 16.0774 13.0625 0.0485316 8.24932
7841.8 19.1373 5.39294 15.6553 14.539 5.378 9.78485 13.5164 0.0416617 4.75805
7999.63 16.7542 8.17531 17.5792 3.57086 12.2223 14.3007 5.62263 0.0726538 6.12476
7702.48 18.8071 9.11125 46.6592 4.05989 11.956 9.94791 0.181351 0.00725136 7.23931
8065.29 29.7624 5.16713 19.3795 7.39399 7.31357 0.534028 7.06466 0.0117369 7.47935
8001.7 0.96468 1.99739 20.9441 6.07884 19.3398 15.6238 17.9719 0.00268061 4.89019
7844.64 7.6468 2.42545 33.4367 9.50721 6.16242 23.3048 24.2271 0.000690155 5.09485
7753.17 8.3285 12.0459 1.15247 6.12161 7.91702 17.3965 10.5086 0.00598225 3.64871
7862.6 1.00144 5.74435 12.8092 22.5882 8.68765 20.0854 22.6289 0.0104136 5.27867
7957.74 14.3608 1.3741 6.65551 12.8798 35.2777 33.2006 4.23463 2.59894e-05 6.10046
8145.52 9.84418 2.91475 12.8208 27.3053 25.3287 2.14 47.25 0.0063535 11.9755
7860.51 8.29503 4.02654 15.3979 6.95667 25.6027 45.8137 27.999 0.00808234 8.0896
7787.58 13.1669 12.0652 9.72327 2.25442 41.3716 18.5286 5.89963 0.000566571 5.02833
7763.93 15.3347 6.16271 30.3177 5.1691 28.6509 24.076 7.44514 0.00177531 6.03629
7628.45 13.0093 4.50452 44.9025 3.65165 22.7208 16.1494 31.1891 0.0246244 9.4017
7591.4 33.6889 5.93069 7.03594 11.3817 26.6192 17.9575 8.13177 0.024514 7.61978
7610.35 40.6231 7.9942 0.728131 7.72711 19.7886 9.75418 9.05752 0.0536627 8.14764
7603.28 9.10631 13.6364 3.34573 7.24132 27.1068 6.21752 8.911 0.0525963 7.07877
7800.1 14.3669 1.75323 3.23071 10.8718 9.67369 2.28164 17.4278 0.130708 6.0255
7798.99 22.4736 16.9436 28.3012 12.915 7.30486 23.3733 3.15611 0.0577968 8.06085
7235.93 4.62545 23.0323 38.5604 32.917 35.6151 18.938 3.53253 0.0719035 17.2853
7532.27 4.22878 36.6009 31.9779 15.1065 0.62511 4.87256 5.37183 0.158007 10.7206
7634.47 4.52262 49.3616 22.0814 20.6108 5.74486 7.51619 2.83949 0.0615809 8.76062
7804.41 5.93664 6.1983 8.95419 22.9686 6.83653 21.7759 13.7561 0.0136421 4.38715
7871.43 18.1512 6.37347 7.83292 12.5095 21.2089 3.49591 5.45509 0.0616653 5.0113
7576.51 28.0901 3.48959 19.2007 13.6675 1.75796 13.0067 10.144 0.0990186 8.56671
7992.27 18.9798 0.747899 20.5468 11.5959 12.2839 13.4726 32.003 0.0338996 8.28955
7668.37 8.83458 21.6072 16.098 5.63265 22.7159 15.3308 11.0983 0.00472133 5.12864
7712.29 9.29713 15.2235 13.5166 4.08876 27.099 21.8157 10.3271 0.035598 6.34881
7750.19 10.2111 5.39832 13.1628 15.8294 6.03876 0.379765 8.60927 0.00166383 3.25153
7797.12 10.4183 10.1282 17.4889 25.5698 5.5473 5.10537 10.0916 0.0242074 4.59652
7699.3 6.16251 28.7918 5.40348 19.9574 29.5713 20.9475 18.5391 0.00326067 7.05398
7689.33 7.31973 12.9708 29.9605 11.0837 20.5517 31.6287 3.86465 0.00926304 6.84131
7733.97 26.2942 10.9635 7.36639 0.938942 30.7129 20.6115 6.18495 0.0318858 7.15624
7619.04 11.6441 24.8663 33.8173 9.65708 32.5205 26.0787 5.56385 0.0337236 9.88108
7862.93 7.31177 20.0529 4.6391 11.5033 21.6686 35.5459 11.4603 0.00992487 6.24272
7899.91 20.9516 21.0613 4.23691 21.2418 3.13654 22.3598 15.6423 0.0802785 8.21377
7880.15 12.9719 3.50275 3.19945 6.03061 25.3147 27.628 19.1094 0.0746366 7.03442
7898.72 3.74416 3.61062 9.65303 7.88176 11.1632 25.4589 7.7856 0.000517878 2.26818
7891.43 4.28959 10.9339 2.45668 11.1682 7.22992 41.9544 8.36484 0.00068684 3.93333
